#                                                                            --- full sequence --- -------------- this domain -------------   hmm coord   ali coord   env coord
# target name        accession   tlen query name           accession   qlen   E-value  score  bias   #  of  c-Evalue  i-Evalue  score  bias  from    to  from    to  from    to  acc description of target
#------------------- ---------- ----- -------------------- ---------- ----- --------- ------ ----- --- --- --------- --------- ------ ----- ----- ----- ----- ----- ----- ----- ---- ---------------------
SSPN1_8110.1         -            935 107151at33208        -            781         0 1271.7  51.5   1   3     2e-86   4.9e-83  279.7   7.4     1   166     9   183     9   201 0.93 transcript=SSPN1_8110.1 gene=SSPN1_8110
SSPN1_8110.1         -            935 107151at33208        -            781         0 1271.7  51.5   2   3  2.9e-233  7.1e-230  765.3  24.4   160   634   212   705   205   732 0.92 transcript=SSPN1_8110.1 gene=SSPN1_8110
SSPN1_8110.1         -            935 107151at33208        -            781         0 1271.7  51.5   3   3   3.2e-74   7.7e-71  239.4   3.7   622   781   737   916   726   916 0.92 transcript=SSPN1_8110.1 gene=SSPN1_8110
SSPN1_8110.2         -            866 107151at33208        -            781         0 1083.2  59.4   1   4   1.8e-86   4.3e-83  279.9   7.4     1   166     9   183     9   201 0.93 transcript=SSPN1_8110.2 gene=SSPN1_8110
SSPN1_8110.2         -            866 107151at33208        -            781         0 1083.2  59.4   2   4   1.3e-06     0.003   15.8   0.1   160   189   212   241   203   242 0.87 transcript=SSPN1_8110.2 gene=SSPN1_8110
SSPN1_8110.2         -            866 107151at33208        -            781         0 1083.2  59.4   3   4  2.8e-173  6.9e-170  566.9  28.5   257   634   240   636   239   661 0.91 transcript=SSPN1_8110.2 gene=SSPN1_8110
SSPN1_8110.2         -            866 107151at33208        -            781         0 1083.2  59.4   4   4     3e-74   7.4e-71  239.4   4.0   622   781   668   847   652   847 0.91 transcript=SSPN1_8110.2 gene=SSPN1_8110
SSPN1_8110.3         -            774 107151at33208        -            781         0 1057.8  44.0   1   3   1.5e-86   3.6e-83  280.2   7.4     1   166     9   183     9   201 0.93 transcript=SSPN1_8110.3 gene=SSPN1_8110
SSPN1_8110.3         -            774 107151at33208        -            781         0 1057.8  44.0   2   3  1.9e-233  4.6e-230  765.9  24.6   160   634   212   705   202   731 0.92 transcript=SSPN1_8110.3 gene=SSPN1_8110
SSPN1_8110.3         -            774 107151at33208        -            781         0 1057.8  44.0   3   3   5.4e-08   0.00013   20.3   0.1   622   652   737   768   725   773 0.87 transcript=SSPN1_8110.3 gene=SSPN1_8110
SSPN1_8110.4         -            773 107151at33208        -            781         0 1057.8  43.9   1   3   1.5e-86   3.5e-83  280.2   7.4     1   166     9   183     9   201 0.93 transcript=SSPN1_8110.4 gene=SSPN1_8110
SSPN1_8110.4         -            773 107151at33208        -            781         0 1057.8  43.9   2   3  1.8e-233  4.5e-230  765.9  24.5   160   634   212   705   207   731 0.92 transcript=SSPN1_8110.4 gene=SSPN1_8110
SSPN1_8110.4         -            773 107151at33208        -            781         0 1057.8  43.9   3   3   5.5e-08   0.00013   20.3   0.1   622   652   737   768   724   772 0.87 transcript=SSPN1_8110.4 gene=SSPN1_8110
SSPN1_50810.1        -            740 107151at33208        -            781   7.2e-16   57.6  14.6   1   5   1.1e-10   2.7e-07   29.2   1.9   468   580    75   186    53   209 0.89 transcript=SSPN1_50810.1 gene=SSPN1_50810
SSPN1_50810.1        -            740 107151at33208        -            781   7.2e-16   57.6  14.6   2   5    0.0024       5.8    5.0   0.1   467   509   245   289   204   296 0.81 transcript=SSPN1_50810.1 gene=SSPN1_50810
SSPN1_50810.1        -            740 107151at33208        -            781   7.2e-16   57.6  14.6   3   5    0.0013       3.3    5.8   0.0   548   586   302   340   298   357 0.93 transcript=SSPN1_50810.1 gene=SSPN1_50810
SSPN1_50810.1        -            740 107151at33208        -            781   7.2e-16   57.6  14.6   4   5   4.9e-05      0.12   10.6   0.0   465   521   365   425   354   430 0.87 transcript=SSPN1_50810.1 gene=SSPN1_50810
SSPN1_50810.1        -            740 107151at33208        -            781   7.2e-16   57.6  14.6   5   5   2.8e-05     0.068   11.4   0.1   507   597   444   537   426   544 0.81 transcript=SSPN1_50810.1 gene=SSPN1_50810
SSPN1_50810.2        -            767 107151at33208        -            781   9.5e-16   57.2  14.8   1   5   1.7e-10     4e-07   28.6   2.3   468   580   102   213    82   232 0.89 transcript=SSPN1_50810.2 gene=SSPN1_50810
SSPN1_50810.2        -            767 107151at33208        -            781   9.5e-16   57.2  14.8   2   5    0.0034       8.2    4.5   0.1   468   509   273   316   267   323 0.81 transcript=SSPN1_50810.2 gene=SSPN1_50810
SSPN1_50810.2        -            767 107151at33208        -            781   9.5e-16   57.2  14.8   3   5    0.0016       3.8    5.6   0.0   548   586   329   367   324   371 0.92 transcript=SSPN1_50810.2 gene=SSPN1_50810
SSPN1_50810.2        -            767 107151at33208        -            781   9.5e-16   57.2  14.8   4   5   5.4e-05      0.13   10.4   0.0   465   521   392   452   381   455 0.86 transcript=SSPN1_50810.2 gene=SSPN1_50810
SSPN1_50810.2        -            767 107151at33208        -            781   9.5e-16   57.2  14.8   5   5   2.8e-05     0.069   11.3   0.1   507   597   471   564   453   572 0.81 transcript=SSPN1_50810.2 gene=SSPN1_50810
SSPN1_50810.3        -            505 107151at33208        -            781   3.1e-14   52.2  10.3   1   4   6.5e-11   1.6e-07   30.0   2.1   468   580   102   213    82   238 0.89 transcript=SSPN1_50810.3 gene=SSPN1_50810
SSPN1_50810.3        -            505 107151at33208        -            781   3.1e-14   52.2  10.3   2   4    0.0013       3.2    5.8   0.1   467   510   272   317   232   328 0.81 transcript=SSPN1_50810.3 gene=SSPN1_50810
SSPN1_50810.3        -            505 107151at33208        -            781   3.1e-14   52.2  10.3   3   4   0.00074       1.8    6.7   0.0   548   586   329   367   317   383 0.92 transcript=SSPN1_50810.3 gene=SSPN1_50810
SSPN1_50810.3        -            505 107151at33208        -            781   3.1e-14   52.2  10.3   4   4     3e-05     0.073   11.3   0.0   465   521   392   452   381   456 0.86 transcript=SSPN1_50810.3 gene=SSPN1_50810
#
# Program:         hmmsearch
# Version:         3.4 (Aug 2023)
# Pipeline mode:   SEARCH
# Query file:      /users/40483456/busco_datasets/busco_downloads/lineages/metazoa_odb10/hmms/107151at33208.hmm
# Target file:     /users/40483456/protein/schistosoma_spindale.fa
# Option settings: hmmsearch --domtblout /users/40483456/busco/results_pro/schistosoma_spindale_busco/run_metazoa_odb10/hmmer_output/initial_run_results/107151at33208.out --cpu 1 /users/40483456/busco_datasets/busco_downloads/lineages/metazoa_odb10/hmms/107151at33208.hmm /users/40483456/protein/schistosoma_spindale.fa 
# Current dir:     /users/40483456
# Date:            Thu Jan 15 17:58:54 2026
# [ok]
