#                                                                            --- full sequence --- -------------- this domain -------------   hmm coord   ali coord   env coord
# target name        accession   tlen query name           accession   qlen   E-value  score  bias   #  of  c-Evalue  i-Evalue  score  bias  from    to  from    to  from    to  acc description of target
#------------------- ---------- ----- -------------------- ---------- ----- --------- ------ ----- --- --- --------- --------- ------ ----- ----- ----- ----- ----- ----- ----- ---- ---------------------
SSPN1_38600.1        -            927 129179at33208        -            579  1.7e-197  657.3   2.1   1   4  1.3e-163  1.7e-160  535.1   0.1     2   347     3   361     2   384 0.94 transcript=SSPN1_38600.1 gene=SSPN1_38600
SSPN1_38600.1        -            927 129179at33208        -            579  1.7e-197  657.3   2.1   2   4   4.7e-06    0.0061   14.9   0.0   389   427   586   624   580   659 0.86 transcript=SSPN1_38600.1 gene=SSPN1_38600
SSPN1_38600.1        -            927 129179at33208        -            579  1.7e-197  657.3   2.1   3   4   2.9e-13   3.8e-10   38.7   0.0   422   507   682   794   671   812 0.74 transcript=SSPN1_38600.1 gene=SSPN1_38600
SSPN1_38600.1        -            927 129179at33208        -            579  1.7e-197  657.3   2.1   4   4   2.1e-19   2.7e-16   59.0   0.0   511   579   856   927   850   927 0.88 transcript=SSPN1_38600.1 gene=SSPN1_38600
SSPN1_38600.2        -            927 129179at33208        -            579  1.7e-197  657.3   2.1   1   4  1.3e-163  1.7e-160  535.1   0.1     2   347     3   361     2   384 0.94 transcript=SSPN1_38600.2 gene=SSPN1_38600
SSPN1_38600.2        -            927 129179at33208        -            579  1.7e-197  657.3   2.1   2   4   4.7e-06    0.0061   14.9   0.0   389   427   586   624   580   659 0.86 transcript=SSPN1_38600.2 gene=SSPN1_38600
SSPN1_38600.2        -            927 129179at33208        -            579  1.7e-197  657.3   2.1   3   4   2.9e-13   3.8e-10   38.7   0.0   422   507   682   794   671   812 0.74 transcript=SSPN1_38600.2 gene=SSPN1_38600
SSPN1_38600.2        -            927 129179at33208        -            579  1.7e-197  657.3   2.1   4   4   2.1e-19   2.7e-16   59.0   0.0   511   579   856   927   850   927 0.88 transcript=SSPN1_38600.2 gene=SSPN1_38600
SSPN1_60600.1        -            686 129179at33208        -            579   1.7e-39  135.6   0.0   1   2   1.5e-39     2e-36  125.5   0.0    10   355    18   372    12   377 0.88 transcript=SSPN1_60600.1 gene=SSPN1_60600
SSPN1_60600.1        -            686 129179at33208        -            579   1.7e-39  135.6   0.0   2   2   0.00056      0.73    8.1   0.0   424   464   385   424   375   429 0.89 transcript=SSPN1_60600.1 gene=SSPN1_60600
SSPN1_63920.1        -            619 129179at33208        -            579   1.7e-39  135.6   0.0   1   2   2.6e-38   3.4e-35  121.4   0.0     5   358     4   367     1   379 0.81 transcript=SSPN1_63920.1 gene=SSPN1_63920
SSPN1_63920.1        -            619 129179at33208        -            579   1.7e-39  135.6   0.0   2   2   2.8e-05     0.037   12.3   0.0   428   477   379   428   370   468 0.82 transcript=SSPN1_63920.1 gene=SSPN1_63920
SSPN1_63920.2        -            619 129179at33208        -            579   1.7e-39  135.6   0.0   1   2   2.6e-38   3.4e-35  121.4   0.0     5   358     4   367     1   379 0.81 transcript=SSPN1_63920.2 gene=SSPN1_63920
SSPN1_63920.2        -            619 129179at33208        -            579   1.7e-39  135.6   0.0   2   2   2.8e-05     0.037   12.3   0.0   428   477   379   428   370   468 0.82 transcript=SSPN1_63920.2 gene=SSPN1_63920
SSPN1_63920.3        -            623 129179at33208        -            579   1.8e-39  135.6   0.0   1   2   2.7e-38   3.5e-35  121.4   0.0     5   358     4   367     1   379 0.81 transcript=SSPN1_63920.3 gene=SSPN1_63920
SSPN1_63920.3        -            623 129179at33208        -            579   1.8e-39  135.6   0.0   2   2   2.8e-05     0.036   12.4   0.0   428   477   379   428   369   468 0.82 transcript=SSPN1_63920.3 gene=SSPN1_63920
SSPN1_63920.4        -            623 129179at33208        -            579   1.8e-39  135.6   0.0   1   2   2.7e-38   3.5e-35  121.4   0.0     5   358     4   367     1   379 0.81 transcript=SSPN1_63920.4 gene=SSPN1_63920
SSPN1_63920.4        -            623 129179at33208        -            579   1.8e-39  135.6   0.0   2   2   2.8e-05     0.036   12.4   0.0   428   477   379   428   369   468 0.82 transcript=SSPN1_63920.4 gene=SSPN1_63920
SSPN1_82040.1        -           1053 129179at33208        -            579   3.2e-12   45.6   0.4   1   4    0.0018       2.4    6.3   0.1    17    38    18    39    10    49 0.86 transcript=SSPN1_82040.1 gene=SSPN1_82040
SSPN1_82040.1        -           1053 129179at33208        -            579   3.2e-12   45.6   0.4   2   4   0.00018      0.24    9.7   0.0    44    94   100   148    84   160 0.86 transcript=SSPN1_82040.1 gene=SSPN1_82040
SSPN1_82040.1        -           1053 129179at33208        -            579   3.2e-12   45.6   0.4   3   4   3.9e-09     5e-06   25.1   0.0   104   238   188   317   168   346 0.85 transcript=SSPN1_82040.1 gene=SSPN1_82040
SSPN1_82040.1        -           1053 129179at33208        -            579   3.2e-12   45.6   0.4   4   4       1.4   1.8e+03   -3.2   0.1   249   312   417   480   411   498 0.79 transcript=SSPN1_82040.1 gene=SSPN1_82040
SSPN1_82040.4        -            976 129179at33208        -            579   5.7e-10   38.1   0.0   1   3   0.00017      0.23    9.7   0.0    45    94    24    71     9    83 0.86 transcript=SSPN1_82040.4 gene=SSPN1_82040
SSPN1_82040.4        -            976 129179at33208        -            579   5.7e-10   38.1   0.0   2   3   3.4e-09   4.5e-06   25.3   0.0   104   238   111   240    91   269 0.85 transcript=SSPN1_82040.4 gene=SSPN1_82040
SSPN1_82040.4        -            976 129179at33208        -            579   5.7e-10   38.1   0.0   3   3       1.2   1.6e+03   -3.0   0.0   249   312   340   403   333   421 0.79 transcript=SSPN1_82040.4 gene=SSPN1_82040
SSPN1_82040.2        -            992 129179at33208        -            579   5.9e-10   38.1   0.0   1   3   0.00017      0.22    9.8   0.0    44    94    39    87    23    99 0.86 transcript=SSPN1_82040.2 gene=SSPN1_82040
SSPN1_82040.2        -            992 129179at33208        -            579   5.9e-10   38.1   0.0   2   3   3.5e-09   4.6e-06   25.2   0.0   104   238   127   256   107   285 0.85 transcript=SSPN1_82040.2 gene=SSPN1_82040
SSPN1_82040.2        -            992 129179at33208        -            579   5.9e-10   38.1   0.0   3   3       1.3   1.7e+03   -3.1   0.1   249   312   356   419   350   437 0.79 transcript=SSPN1_82040.2 gene=SSPN1_82040
SSPN1_82040.3        -            959 129179at33208        -            579   7.3e-10   37.8   0.0   1   3   0.00024      0.31    9.3   0.0    45    94     7    54     4    66 0.86 transcript=SSPN1_82040.3 gene=SSPN1_82040
SSPN1_82040.3        -            959 129179at33208        -            579   7.3e-10   37.8   0.0   2   3   3.4e-09   4.4e-06   25.3   0.0   104   238    94   223    74   252 0.85 transcript=SSPN1_82040.3 gene=SSPN1_82040
SSPN1_82040.3        -            959 129179at33208        -            579   7.3e-10   37.8   0.0   3   3       1.1   1.5e+03   -2.8   0.1   249   312   323   386   316   405 0.78 transcript=SSPN1_82040.3 gene=SSPN1_82040
SSPN1_82040.5        -            959 129179at33208        -            579   7.3e-10   37.8   0.0   1   3   0.00024      0.31    9.3   0.0    45    94     7    54     4    66 0.86 transcript=SSPN1_82040.5 gene=SSPN1_82040
SSPN1_82040.5        -            959 129179at33208        -            579   7.3e-10   37.8   0.0   2   3   3.4e-09   4.4e-06   25.3   0.0   104   238    94   223    74   252 0.85 transcript=SSPN1_82040.5 gene=SSPN1_82040
SSPN1_82040.5        -            959 129179at33208        -            579   7.3e-10   37.8   0.0   3   3       1.1   1.5e+03   -2.8   0.1   249   312   323   386   316   405 0.78 transcript=SSPN1_82040.5 gene=SSPN1_82040
SSPN1_82040.6        -            959 129179at33208        -            579   7.3e-10   37.8   0.0   1   3   0.00024      0.31    9.3   0.0    45    94     7    54     4    66 0.86 transcript=SSPN1_82040.6 gene=SSPN1_82040
SSPN1_82040.6        -            959 129179at33208        -            579   7.3e-10   37.8   0.0   2   3   3.4e-09   4.4e-06   25.3   0.0   104   238    94   223    74   252 0.85 transcript=SSPN1_82040.6 gene=SSPN1_82040
SSPN1_82040.6        -            959 129179at33208        -            579   7.3e-10   37.8   0.0   3   3       1.1   1.5e+03   -2.8   0.1   249   312   323   386   316   405 0.78 transcript=SSPN1_82040.6 gene=SSPN1_82040
#
# Program:         hmmsearch
# Version:         3.4 (Aug 2023)
# Pipeline mode:   SEARCH
# Query file:      /users/40483456/busco_datasets/busco_downloads/lineages/metazoa_odb10/hmms/129179at33208.hmm
# Target file:     /users/40483456/protein/schistosoma_spindale.fa
# Option settings: hmmsearch --domtblout /users/40483456/busco/results_pro/schistosoma_spindale_busco/run_metazoa_odb10/hmmer_output/initial_run_results/129179at33208.out --cpu 1 /users/40483456/busco_datasets/busco_downloads/lineages/metazoa_odb10/hmms/129179at33208.hmm /users/40483456/protein/schistosoma_spindale.fa 
# Current dir:     /users/40483456
# Date:            Thu Jan 15 17:59:10 2026
# [ok]
