#                                                                            --- full sequence --- -------------- this domain -------------   hmm coord   ali coord   env coord
# target name        accession   tlen query name           accession   qlen   E-value  score  bias   #  of  c-Evalue  i-Evalue  score  bias  from    to  from    to  from    to  acc description of target
#------------------- ---------- ----- -------------------- ---------- ----- --------- ------ ----- --- --- --------- --------- ------ ----- ----- ----- ----- ----- ----- ----- ---- ---------------------
SSPN1_14570.1        -            919 130256at33208        -            570   1.1e-94  318.0  14.0   1   6   2.8e-09   5.9e-06   25.0   4.2     1    82     6    83     6   104 0.83 transcript=SSPN1_14570.1 gene=SSPN1_14570
SSPN1_14570.1        -            919 130256at33208        -            570   1.1e-94  318.0  14.0   2   6   1.3e-08   2.7e-05   22.8   0.0    85   198   116   244   106   268 0.71 transcript=SSPN1_14570.1 gene=SSPN1_14570
SSPN1_14570.1        -            919 130256at33208        -            570   1.1e-94  318.0  14.0   3   6       0.2   4.3e+02   -1.0   0.0   218   239   310   332   302   369 0.70 transcript=SSPN1_14570.1 gene=SSPN1_14570
SSPN1_14570.1        -            919 130256at33208        -            570   1.1e-94  318.0  14.0   4   6   4.1e-14   8.7e-11   40.9   0.1   250   364   388   506   370   514 0.81 transcript=SSPN1_14570.1 gene=SSPN1_14570
SSPN1_14570.1        -            919 130256at33208        -            570   1.1e-94  318.0  14.0   5   6   4.1e-05     0.087   11.2   0.0   377   402   570   595   568   608 0.86 transcript=SSPN1_14570.1 gene=SSPN1_14570
SSPN1_14570.1        -            919 130256at33208        -            570   1.1e-94  318.0  14.0   6   6   4.3e-68     9e-65  219.1   0.1   401   570   677   866   670   866 0.89 transcript=SSPN1_14570.1 gene=SSPN1_14570
SSPN1_65660.1        -           1225 130256at33208        -            570   1.4e-17   63.3  20.0   1   5     0.049     1e+02    1.0   2.0     7    78    12    87     6    92 0.67 transcript=SSPN1_65660.1 gene=SSPN1_65660
SSPN1_65660.1        -           1225 130256at33208        -            570   1.4e-17   63.3  20.0   2   5   4.5e-05     0.095   11.1   0.0    91   140   124   179   107   218 0.79 transcript=SSPN1_65660.1 gene=SSPN1_65660
SSPN1_65660.1        -           1225 130256at33208        -            570   1.4e-17   63.3  20.0   3   5     0.014        29    2.8   0.0   201   237   294   333   282   353 0.80 transcript=SSPN1_65660.1 gene=SSPN1_65660
SSPN1_65660.1        -           1225 130256at33208        -            570   1.4e-17   63.3  20.0   4   5   9.5e-20     2e-16   59.5   0.1   396   564   847  1040   798  1045 0.78 transcript=SSPN1_65660.1 gene=SSPN1_65660
SSPN1_65660.1        -           1225 130256at33208        -            570   1.4e-17   63.3  20.0   5   5         8   1.7e+04   -9.9   7.6    20    52  1173  1205  1162  1220 0.40 transcript=SSPN1_65660.1 gene=SSPN1_65660
SSPN1_65660.2        -           1225 130256at33208        -            570   1.4e-17   63.3  20.0   1   5     0.049     1e+02    1.0   2.0     7    78    12    87     6    92 0.67 transcript=SSPN1_65660.2 gene=SSPN1_65660
SSPN1_65660.2        -           1225 130256at33208        -            570   1.4e-17   63.3  20.0   2   5   4.5e-05     0.095   11.1   0.0    91   140   124   179   107   218 0.79 transcript=SSPN1_65660.2 gene=SSPN1_65660
SSPN1_65660.2        -           1225 130256at33208        -            570   1.4e-17   63.3  20.0   3   5     0.014        29    2.8   0.0   201   237   294   333   282   353 0.80 transcript=SSPN1_65660.2 gene=SSPN1_65660
SSPN1_65660.2        -           1225 130256at33208        -            570   1.4e-17   63.3  20.0   4   5   9.5e-20     2e-16   59.5   0.1   396   564   847  1040   798  1045 0.78 transcript=SSPN1_65660.2 gene=SSPN1_65660
SSPN1_65660.2        -           1225 130256at33208        -            570   1.4e-17   63.3  20.0   5   5         8   1.7e+04   -9.9   7.6    20    52  1173  1205  1162  1220 0.40 transcript=SSPN1_65660.2 gene=SSPN1_65660
SSPN1_93450.1        -            420 130256at33208        -            570   4.1e-17   61.8   0.0   1   2   1.9e-20   4.1e-17   61.8   0.0   396   564    42   235    18   240 0.82 transcript=SSPN1_93450.1 gene=SSPN1_93450
SSPN1_93450.1        -            420 130256at33208        -            570   4.1e-17   61.8   0.0   2   2         8   1.7e+04   -7.3   7.1    19    52   367   400   352   417 0.45 transcript=SSPN1_93450.1 gene=SSPN1_93450
SSPN1_93450.2        -            420 130256at33208        -            570   4.1e-17   61.8   0.0   1   2   1.9e-20   4.1e-17   61.8   0.0   396   564    42   235    18   240 0.82 transcript=SSPN1_93450.2 gene=SSPN1_93450
SSPN1_93450.2        -            420 130256at33208        -            570   4.1e-17   61.8   0.0   2   2         8   1.7e+04   -7.3   7.1    19    52   367   400   352   417 0.45 transcript=SSPN1_93450.2 gene=SSPN1_93450
SSPN1_65660.4        -            605 130256at33208        -            570   5.6e-17   61.3   0.1   1   2   2.7e-20   5.6e-17   61.3   0.1   396   564   227   420   178   425 0.77 transcript=SSPN1_65660.4 gene=SSPN1_65660
SSPN1_65660.4        -            605 130256at33208        -            570   5.6e-17   61.3   0.1   2   2         8   1.7e+04   -8.5   7.6    19    52   552   585   539   602 0.43 transcript=SSPN1_65660.4 gene=SSPN1_65660
SSPN1_65660.3        -            860 130256at33208        -            570   1.1e-16   60.4   0.1   1   2   5.3e-20   1.1e-16   60.4   0.1   396   564   482   675   433   680 0.78 transcript=SSPN1_65660.3 gene=SSPN1_65660
SSPN1_65660.3        -            860 130256at33208        -            570   1.1e-16   60.4   0.1   2   2         8   1.7e+04   -9.8   8.1    19    52   807   840   796   856 0.41 transcript=SSPN1_65660.3 gene=SSPN1_65660
SSPN1_63430.1        -            100 130256at33208        -            570       8.5    4.6  14.8   1   1    0.0047       9.9    4.4  14.8     8    85    18    95     9    98 0.92 transcript=SSPN1_63430.1 gene=SSPN1_63430
#
# Program:         hmmsearch
# Version:         3.4 (Aug 2023)
# Pipeline mode:   SEARCH
# Query file:      /users/40483456/busco_datasets/busco_downloads/lineages/metazoa_odb10/hmms/130256at33208.hmm
# Target file:     /users/40483456/protein/schistosoma_spindale.fa
# Option settings: hmmsearch --domtblout /users/40483456/busco/results_pro/schistosoma_spindale_busco/run_metazoa_odb10/hmmer_output/initial_run_results/130256at33208.out --cpu 1 /users/40483456/busco_datasets/busco_downloads/lineages/metazoa_odb10/hmms/130256at33208.hmm /users/40483456/protein/schistosoma_spindale.fa 
# Current dir:     /users/40483456
# Date:            Thu Jan 15 17:59:11 2026
# [ok]
