#                                                                            --- full sequence --- -------------- this domain -------------   hmm coord   ali coord   env coord
# target name        accession   tlen query name           accession   qlen   E-value  score  bias   #  of  c-Evalue  i-Evalue  score  bias  from    to  from    to  from    to  acc description of target
#------------------- ---------- ----- -------------------- ---------- ----- --------- ------ ----- --- --- --------- --------- ------ ----- ----- ----- ----- ----- ----- ----- ---- ---------------------
SSPN1_16050.3        -            731 186707at33208        -            516   5.9e-52  176.7  29.3   1   4   4.3e-22   1.4e-18   66.6   3.8    11   182    12   202     4   215 0.76 transcript=SSPN1_16050.3 gene=SSPN1_16050
SSPN1_16050.3        -            731 186707at33208        -            516   5.9e-52  176.7  29.3   2   4   1.8e-17   6.2e-14   51.3   2.1   214   356   300   461   279   464 0.81 transcript=SSPN1_16050.3 gene=SSPN1_16050
SSPN1_16050.3        -            731 186707at33208        -            516   5.9e-52  176.7  29.3   3   4   1.2e-12   4.2e-09   35.4   2.4   345   411   474   543   468   559 0.85 transcript=SSPN1_16050.3 gene=SSPN1_16050
SSPN1_16050.3        -            731 186707at33208        -            516   5.9e-52  176.7  29.3   4   4   1.7e-13   5.6e-10   38.2   0.3   418   512   619   721   600   724 0.77 transcript=SSPN1_16050.3 gene=SSPN1_16050
SSPN1_16050.2        -            690 186707at33208        -            516   2.1e-51  175.0  25.9   1   4     4e-22   1.4e-18   66.7   3.9    11   182    12   202     4   215 0.76 transcript=SSPN1_16050.2 gene=SSPN1_16050
SSPN1_16050.2        -            690 186707at33208        -            516   2.1e-51  175.0  25.9   2   4   1.6e-17   5.6e-14   51.4   2.1   214   356   300   461   279   464 0.81 transcript=SSPN1_16050.2 gene=SSPN1_16050
SSPN1_16050.2        -            690 186707at33208        -            516   2.1e-51  175.0  25.9   3   4     1e-12   3.4e-09   35.7   2.3   345   411   474   543   468   560 0.85 transcript=SSPN1_16050.2 gene=SSPN1_16050
SSPN1_16050.2        -            690 186707at33208        -            516   2.1e-51  175.0  25.9   4   4   7.1e-12   2.4e-08   32.8   0.0   432   512   593   680   584   683 0.78 transcript=SSPN1_16050.2 gene=SSPN1_16050
SSPN1_16050.4        -            643 186707at33208        -            516   8.4e-42  143.2  23.6   1   3   3.9e-22   1.3e-18   66.7   4.0    11   182    12   202     4   213 0.75 transcript=SSPN1_16050.4 gene=SSPN1_16050
SSPN1_16050.4        -            643 186707at33208        -            516   8.4e-42  143.2  23.6   2   3   1.4e-17   4.9e-14   51.6   2.1   214   356   300   461   279   464 0.81 transcript=SSPN1_16050.4 gene=SSPN1_16050
SSPN1_16050.4        -            643 186707at33208        -            516   8.4e-42  143.2  23.6   3   3     1e-12   3.5e-09   35.6   2.4   345   411   474   543   468   559 0.85 transcript=SSPN1_16050.4 gene=SSPN1_16050
SSPN1_16050.1        -            698 186707at33208        -            516   1.2e-41  142.7  23.6   1   3     4e-22   1.4e-18   66.7   3.9    11   182    12   202     4   215 0.76 transcript=SSPN1_16050.1 gene=SSPN1_16050
SSPN1_16050.1        -            698 186707at33208        -            516   1.2e-41  142.7  23.6   2   3   1.7e-17   5.7e-14   51.4   2.1   214   356   300   461   279   464 0.81 transcript=SSPN1_16050.1 gene=SSPN1_16050
SSPN1_16050.1        -            698 186707at33208        -            516   1.2e-41  142.7  23.6   3   3   1.2e-12   3.9e-09   35.5   2.4   345   411   474   543   468   559 0.85 transcript=SSPN1_16050.1 gene=SSPN1_16050
SSPN1_16050.5        -            698 186707at33208        -            516   1.2e-41  142.7  23.6   1   3     4e-22   1.4e-18   66.7   3.9    11   182    12   202     4   215 0.76 transcript=SSPN1_16050.5 gene=SSPN1_16050
SSPN1_16050.5        -            698 186707at33208        -            516   1.2e-41  142.7  23.6   2   3   1.7e-17   5.7e-14   51.4   2.1   214   356   300   461   279   464 0.81 transcript=SSPN1_16050.5 gene=SSPN1_16050
SSPN1_16050.5        -            698 186707at33208        -            516   1.2e-41  142.7  23.6   3   3   1.2e-12   3.9e-09   35.5   2.4   345   411   474   543   468   559 0.85 transcript=SSPN1_16050.5 gene=SSPN1_16050
#
# Program:         hmmsearch
# Version:         3.4 (Aug 2023)
# Pipeline mode:   SEARCH
# Query file:      /users/40483456/busco_datasets/busco_downloads/lineages/metazoa_odb10/hmms/186707at33208.hmm
# Target file:     /users/40483456/protein/schistosoma_spindale.fa
# Option settings: hmmsearch --domtblout /users/40483456/busco/results_pro/schistosoma_spindale_busco/run_metazoa_odb10/hmmer_output/initial_run_results/186707at33208.out --cpu 1 /users/40483456/busco_datasets/busco_downloads/lineages/metazoa_odb10/hmms/186707at33208.hmm /users/40483456/protein/schistosoma_spindale.fa 
# Current dir:     /users/40483456
# Date:            Thu Jan 15 17:58:52 2026
# [ok]
