#                                                                            --- full sequence --- -------------- this domain -------------   hmm coord   ali coord   env coord
# target name        accession   tlen query name           accession   qlen   E-value  score  bias   #  of  c-Evalue  i-Evalue  score  bias  from    to  from    to  from    to  acc description of target
#------------------- ---------- ----- -------------------- ---------- ----- --------- ------ ----- --- --- --------- --------- ------ ----- ----- ----- ----- ----- ----- ----- ---- ---------------------
SSPN1_27100.1        -            691 196950at33208        -            623  1.1e-101  341.1  13.6   1   6   7.1e-09     7e-07   27.9   0.6   130   201     5    78     1    84 0.89 transcript=SSPN1_27100.1 gene=SSPN1_27100
SSPN1_27100.1        -            691 196950at33208        -            623  1.1e-101  341.1  13.6   2   6   6.3e-30   6.2e-28   97.5   0.0   195   284   101   191    88   206 0.91 transcript=SSPN1_27100.1 gene=SSPN1_27100
SSPN1_27100.1        -            691 196950at33208        -            623  1.1e-101  341.1  13.6   3   6   4.9e-23   4.8e-21   74.7   0.0   283   364   218   305   210   320 0.88 transcript=SSPN1_27100.1 gene=SSPN1_27100
SSPN1_27100.1        -            691 196950at33208        -            623  1.1e-101  341.1  13.6   4   6      0.18        17    3.5   0.0   435   482   326   373   322   382 0.78 transcript=SSPN1_27100.1 gene=SSPN1_27100
SSPN1_27100.1        -            691 196950at33208        -            623  1.1e-101  341.1  13.6   5   6   1.2e-14   1.2e-12   47.0   0.0   385   447   380   442   374   470 0.90 transcript=SSPN1_27100.1 gene=SSPN1_27100
SSPN1_27100.1        -            691 196950at33208        -            623  1.1e-101  341.1  13.6   6   6   4.3e-29   4.3e-27   94.7   0.0   515   608   595   690   578   691 0.91 transcript=SSPN1_27100.1 gene=SSPN1_27100
SSPN1_15330.1        -            726 196950at33208        -            623   6.2e-42  143.7   2.0   1   4   4.4e-07   4.3e-05   22.0   0.0   203   285    14    97     7   102 0.89 transcript=SSPN1_15330.1 gene=SSPN1_15330
SSPN1_15330.1        -            726 196950at33208        -            623   6.2e-42  143.7   2.0   2   4   1.3e-10   1.2e-08   33.7   0.4     4    74   103   173    98   191 0.55 transcript=SSPN1_15330.1 gene=SSPN1_15330
SSPN1_15330.1        -            726 196950at33208        -            623   6.2e-42  143.7   2.0   3   4   1.4e-14   1.3e-12   46.8   0.1   202   298   192   292   179   297 0.85 transcript=SSPN1_15330.1 gene=SSPN1_15330
SSPN1_15330.1        -            726 196950at33208        -            623   6.2e-42  143.7   2.0   4   4   6.9e-12   6.8e-10   37.9   0.0     4   285   298   379   294   394 0.51 transcript=SSPN1_15330.1 gene=SSPN1_15330
SSPN1_76160.1        -           1016 196950at33208        -            623   1.8e-23   82.7  11.2   1   4       7.3   7.2e+02   -1.8   0.5    91   131    57    97    42   110 0.77 transcript=SSPN1_76160.1 gene=SSPN1_76160
SSPN1_76160.1        -           1016 196950at33208        -            623   1.8e-23   82.7  11.2   2   4   2.4e-09   2.4e-07   29.5   0.0     3    77   467   542   465   548 0.92 transcript=SSPN1_76160.1 gene=SSPN1_76160
SSPN1_76160.1        -           1016 196950at33208        -            623   1.8e-23   82.7  11.2   3   4   1.5e-07   1.5e-05   23.6   0.0   446   527   548   627   542   634 0.77 transcript=SSPN1_76160.1 gene=SSPN1_76160
SSPN1_76160.1        -           1016 196950at33208        -            623   1.8e-23   82.7  11.2   4   4   1.1e-10   1.1e-08   33.9   0.0   203   299   745   845   714   877 0.76 transcript=SSPN1_76160.1 gene=SSPN1_76160
SSPN1_91160.4        -            569 196950at33208        -            623   6.4e-23   80.9   0.2   1   3   7.6e-06   0.00075   17.9   0.0     3    75    40   112    30   122 0.84 transcript=SSPN1_91160.4 gene=SSPN1_91160
SSPN1_91160.4        -            569 196950at33208        -            623   6.4e-23   80.9   0.2   2   3   5.7e-08   5.6e-06   24.9   0.0   203   273   168   238   164   246 0.66 transcript=SSPN1_91160.4 gene=SSPN1_91160
SSPN1_91160.4        -            569 196950at33208        -            623   6.4e-23   80.9   0.2   3   3   8.5e-11   8.4e-09   34.3   0.0   203   274   495   566   481   568 0.95 transcript=SSPN1_91160.4 gene=SSPN1_91160
SSPN1_91160.3        -            580 196950at33208        -            623   6.9e-23   80.8   0.2   1   3   7.8e-06   0.00077   17.9   0.0     3    75    39   111    29   121 0.84 transcript=SSPN1_91160.3 gene=SSPN1_91160
SSPN1_91160.3        -            580 196950at33208        -            623   6.9e-23   80.8   0.2   2   3   5.8e-08   5.7e-06   24.9   0.0   203   273   167   237   163   245 0.66 transcript=SSPN1_91160.3 gene=SSPN1_91160
SSPN1_91160.3        -            580 196950at33208        -            623   6.9e-23   80.8   0.2   3   3   8.8e-11   8.7e-09   34.2   0.0   203   274   506   577   492   579 0.95 transcript=SSPN1_91160.3 gene=SSPN1_91160
SSPN1_91160.1        -            581 196950at33208        -            623     7e-23   80.8   0.2   1   3   7.8e-06   0.00077   17.9   0.0     3    75    40   112    30   122 0.84 transcript=SSPN1_91160.1 gene=SSPN1_91160
SSPN1_91160.1        -            581 196950at33208        -            623     7e-23   80.8   0.2   2   3   5.8e-08   5.7e-06   24.9   0.0   203   273   168   238   164   246 0.66 transcript=SSPN1_91160.1 gene=SSPN1_91160
SSPN1_91160.1        -            581 196950at33208        -            623     7e-23   80.8   0.2   3   3   8.8e-11   8.7e-09   34.2   0.0   203   274   507   578   493   580 0.95 transcript=SSPN1_91160.1 gene=SSPN1_91160
SSPN1_51750.1        -            540 196950at33208        -            623   5.2e-22   77.9   0.0   1   3   2.3e-07   2.2e-05   23.0   0.0     4    78     9    84     7    88 0.90 transcript=SSPN1_51750.1 gene=SSPN1_51750
SSPN1_51750.1        -            540 196950at33208        -            623   5.2e-22   77.9   0.0   2   3   6.4e-08   6.3e-06   24.8   0.0   197   269    88   161    82   189 0.91 transcript=SSPN1_51750.1 gene=SSPN1_51750
SSPN1_51750.1        -            540 196950at33208        -            623   5.2e-22   77.9   0.0   3   3   1.5e-08   1.5e-06   26.9   0.0    12    86   394   469   366   495 0.57 transcript=SSPN1_51750.1 gene=SSPN1_51750
SSPN1_51750.2        -            540 196950at33208        -            623   5.2e-22   77.9   0.0   1   3   2.3e-07   2.2e-05   23.0   0.0     4    78     9    84     7    88 0.90 transcript=SSPN1_51750.2 gene=SSPN1_51750
SSPN1_51750.2        -            540 196950at33208        -            623   5.2e-22   77.9   0.0   2   3   6.4e-08   6.3e-06   24.8   0.0   197   269    88   161    82   189 0.91 transcript=SSPN1_51750.2 gene=SSPN1_51750
SSPN1_51750.2        -            540 196950at33208        -            623   5.2e-22   77.9   0.0   3   3   1.5e-08   1.5e-06   26.9   0.0    12    86   394   469   366   495 0.57 transcript=SSPN1_51750.2 gene=SSPN1_51750
SSPN1_91040.1        -           1048 196950at33208        -            623   2.1e-21   75.9   0.1   1   3   4.4e-08   4.4e-06   25.3   0.0   201   266   189   255   164   273 0.88 transcript=SSPN1_91040.1 gene=SSPN1_91040
SSPN1_91040.1        -           1048 196950at33208        -            623   2.1e-21   75.9   0.1   2   3     2e-08     2e-06   26.4   0.0   188   266   537   615   508   642 0.83 transcript=SSPN1_91040.1 gene=SSPN1_91040
SSPN1_91040.1        -           1048 196950at33208        -            623   2.1e-21   75.9   0.1   3   3   1.4e-06   0.00014   20.4   0.0     3    86   963  1047   961  1048 0.87 transcript=SSPN1_91040.1 gene=SSPN1_91040
SSPN1_29560.1        -            552 196950at33208        -            623   2.4e-21   75.7   0.0   1   3   2.8e-17   2.8e-15   55.7   0.0   180   274   104   199    79   208 0.87 transcript=SSPN1_29560.1 gene=SSPN1_29560
SSPN1_29560.1        -            552 196950at33208        -            623   2.4e-21   75.7   0.0   2   3   1.9e-05    0.0019   16.6   0.0   202   274   223   297   211   309 0.73 transcript=SSPN1_29560.1 gene=SSPN1_29560
SSPN1_29560.1        -            552 196950at33208        -            623   2.4e-21   75.7   0.0   3   3       4.2   4.2e+02   -1.1   0.0   220   272   480   535   456   541 0.64 transcript=SSPN1_29560.1 gene=SSPN1_29560
SSPN1_48380.1        -            522 196950at33208        -            623   6.9e-21   74.2   0.0   1   3   2.1e-15     2e-13   49.5   0.0   170   274    58   166    48   176 0.89 transcript=SSPN1_48380.1 gene=SSPN1_48380
SSPN1_48380.1        -            522 196950at33208        -            623   6.9e-21   74.2   0.0   2   3   2.7e-06   0.00027   19.4   0.0   198   272   186   262   173   271 0.65 transcript=SSPN1_48380.1 gene=SSPN1_48380
SSPN1_48380.1        -            522 196950at33208        -            623   6.9e-21   74.2   0.0   3   3      0.87        86    1.2   0.0   219   272   451   505   422   509 0.68 transcript=SSPN1_48380.1 gene=SSPN1_48380
SSPN1_83370.10       -            436 196950at33208        -            623   7.3e-19   67.5   0.0   1   3   0.00022     0.022   13.1   0.0   132   193     2    76     1    85 0.63 transcript=SSPN1_83370.10 gene=SSPN1_83370
SSPN1_83370.10       -            436 196950at33208        -            623   7.3e-19   67.5   0.0   2   3   3.6e-06   0.00035   19.0   0.0   131   198   100   178    91   195 0.76 transcript=SSPN1_83370.10 gene=SSPN1_83370
SSPN1_83370.10       -            436 196950at33208        -            623   7.3e-19   67.5   0.0   3   3   6.8e-10   6.8e-08   31.3   0.0   130   193   294   366   285   382 0.86 transcript=SSPN1_83370.10 gene=SSPN1_83370
SSPN1_83370.1        -            471 196950at33208        -            623   1.1e-18   67.0   0.0   1   3   0.00024     0.024   13.0   0.0   132   193     2    76     1    86 0.63 transcript=SSPN1_83370.1 gene=SSPN1_83370
SSPN1_83370.1        -            471 196950at33208        -            623   1.1e-18   67.0   0.0   2   3     4e-06    0.0004   18.8   0.0   131   198   100   178    91   195 0.76 transcript=SSPN1_83370.1 gene=SSPN1_83370
SSPN1_83370.1        -            471 196950at33208        -            623   1.1e-18   67.0   0.0   3   3   7.7e-10   7.6e-08   31.1   0.0   130   193   294   366   285   382 0.86 transcript=SSPN1_83370.1 gene=SSPN1_83370
SSPN1_83370.9        -            483 196950at33208        -            623   1.2e-18   66.8   0.0   1   3   0.00025     0.025   12.9   0.0   132   193     2    76     1    86 0.63 transcript=SSPN1_83370.9 gene=SSPN1_83370
SSPN1_83370.9        -            483 196950at33208        -            623   1.2e-18   66.8   0.0   2   3   4.2e-06   0.00041   18.8   0.0   131   198   100   178    91   195 0.76 transcript=SSPN1_83370.9 gene=SSPN1_83370
SSPN1_83370.9        -            483 196950at33208        -            623   1.2e-18   66.8   0.0   3   3     8e-10   7.9e-08   31.1   0.0   130   193   294   366   285   382 0.86 transcript=SSPN1_83370.9 gene=SSPN1_83370
SSPN1_84830.1        -            949 196950at33208        -            623   2.5e-18   65.7   0.3   1   2   3.2e-09   3.1e-07   29.1   0.1   446   504   647   702   641   735 0.69 transcript=SSPN1_84830.1 gene=SSPN1_84830
SSPN1_84830.1        -            949 196950at33208        -            623   2.5e-18   65.7   0.3   2   2   1.6e-10   1.5e-08   33.4   0.0   200   274   774   848   768   854 0.95 transcript=SSPN1_84830.1 gene=SSPN1_84830
SSPN1_84830.2        -            949 196950at33208        -            623   2.5e-18   65.7   0.3   1   2   3.2e-09   3.1e-07   29.1   0.1   446   504   647   702   641   735 0.69 transcript=SSPN1_84830.2 gene=SSPN1_84830
SSPN1_84830.2        -            949 196950at33208        -            623   2.5e-18   65.7   0.3   2   2   1.6e-10   1.5e-08   33.4   0.0   200   274   774   848   768   854 0.95 transcript=SSPN1_84830.2 gene=SSPN1_84830
SSPN1_84830.3        -            949 196950at33208        -            623   2.5e-18   65.7   0.3   1   2   3.2e-09   3.1e-07   29.1   0.1   446   504   647   702   641   735 0.69 transcript=SSPN1_84830.3 gene=SSPN1_84830
SSPN1_84830.3        -            949 196950at33208        -            623   2.5e-18   65.7   0.3   2   2   1.6e-10   1.5e-08   33.4   0.0   200   274   774   848   768   854 0.95 transcript=SSPN1_84830.3 gene=SSPN1_84830
SSPN1_84830.4        -            949 196950at33208        -            623   2.5e-18   65.7   0.3   1   2   3.2e-09   3.1e-07   29.1   0.1   446   504   647   702   641   735 0.69 transcript=SSPN1_84830.4 gene=SSPN1_84830
SSPN1_84830.4        -            949 196950at33208        -            623   2.5e-18   65.7   0.3   2   2   1.6e-10   1.5e-08   33.4   0.0   200   274   774   848   768   854 0.95 transcript=SSPN1_84830.4 gene=SSPN1_84830
SSPN1_77590.2        -            315 196950at33208        -            623   2.8e-18   65.6   0.1   1   2   5.9e-10   5.9e-08   31.5   0.0   439   524     6    93     3   103 0.86 transcript=SSPN1_77590.2 gene=SSPN1_77590
SSPN1_77590.2        -            315 196950at33208        -            623   2.8e-18   65.6   0.1   2   2   3.7e-10   3.6e-08   32.2   0.1     2    94   108   198   107   207 0.79 transcript=SSPN1_77590.2 gene=SSPN1_77590
SSPN1_77590.3        -            315 196950at33208        -            623   2.8e-18   65.6   0.1   1   2   5.9e-10   5.9e-08   31.5   0.0   439   524     6    93     3   103 0.86 transcript=SSPN1_77590.3 gene=SSPN1_77590
SSPN1_77590.3        -            315 196950at33208        -            623   2.8e-18   65.6   0.1   2   2   3.7e-10   3.6e-08   32.2   0.1     2    94   108   198   107   207 0.79 transcript=SSPN1_77590.3 gene=SSPN1_77590
SSPN1_77590.1        -            317 196950at33208        -            623   2.9e-18   65.5   0.1   1   2     6e-10   5.9e-08   31.5   0.0   439   524     6    93     3   103 0.86 transcript=SSPN1_77590.1 gene=SSPN1_77590
SSPN1_77590.1        -            317 196950at33208        -            623   2.9e-18   65.5   0.1   2   2   3.7e-10   3.7e-08   32.2   0.1     2    94   108   198   107   207 0.79 transcript=SSPN1_77590.1 gene=SSPN1_77590
SSPN1_77590.4        -            317 196950at33208        -            623   2.9e-18   65.5   0.1   1   2     6e-10   5.9e-08   31.5   0.0   439   524     6    93     3   103 0.86 transcript=SSPN1_77590.4 gene=SSPN1_77590
SSPN1_77590.4        -            317 196950at33208        -            623   2.9e-18   65.5   0.1   2   2   3.7e-10   3.7e-08   32.2   0.1     2    94   108   198   107   207 0.79 transcript=SSPN1_77590.4 gene=SSPN1_77590
SSPN1_1510.1         -            463 196950at33208        -            623   5.1e-18   64.7   0.1   1   2   1.3e-06   0.00013   20.4   0.0   200   265   102   167    67   189 0.80 transcript=SSPN1_1510.1 gene=SSPN1_1510
SSPN1_1510.1         -            463 196950at33208        -            623   5.1e-18   64.7   0.1   2   2   3.9e-13   3.9e-11   42.0   0.0   203   284   204   286   196   300 0.89 transcript=SSPN1_1510.1 gene=SSPN1_1510
SSPN1_91160.2        -            501 196950at33208        -            623     3e-17   62.2   0.0   1   2   4.7e-08   4.7e-06   25.2   0.0   203   273    88   158    84   166 0.66 transcript=SSPN1_91160.2 gene=SSPN1_91160
SSPN1_91160.2        -            501 196950at33208        -            623     3e-17   62.2   0.0   2   2     7e-11     7e-09   34.5   0.0   203   274   427   498   412   500 0.95 transcript=SSPN1_91160.2 gene=SSPN1_91160
SSPN1_60150.1        -            825 196950at33208        -            623   4.4e-17   61.6   0.4   1   4   7.7e-06   0.00076   17.9   0.0     4    71   105   172   102   197 0.77 transcript=SSPN1_60150.1 gene=SSPN1_60150
SSPN1_60150.1        -            825 196950at33208        -            623   4.4e-17   61.6   0.4   2   4   2.1e-05    0.0021   16.4   0.0   567   610   222   266   178   277 0.74 transcript=SSPN1_60150.1 gene=SSPN1_60150
SSPN1_60150.1        -            825 196950at33208        -            623   4.4e-17   61.6   0.4   3   4      0.02       1.9    6.7   0.0   442   473   270   301   265   305 0.78 transcript=SSPN1_60150.1 gene=SSPN1_60150
SSPN1_60150.1        -            825 196950at33208        -            623   4.4e-17   61.6   0.4   4   4   9.9e-07   9.8e-05   20.8   0.0     4    84   280   358   279   375 0.82 transcript=SSPN1_60150.1 gene=SSPN1_60150
SSPN1_72540.1        -            294 196950at33208        -            623   1.3e-16   60.0   0.2   1   2   2.5e-09   2.5e-07   29.4   0.0   444   523     8    89     6    98 0.78 transcript=SSPN1_72540.1 gene=SSPN1_72540
SSPN1_72540.1        -            294 196950at33208        -            623   1.3e-16   60.0   0.2   2   2     4e-09     4e-07   28.7   0.1     3    88   105   190   103   201 0.80 transcript=SSPN1_72540.1 gene=SSPN1_72540
SSPN1_39300.1        -            603 196950at33208        -            623   1.3e-16   60.0   0.3   1   2   1.3e-08   1.3e-06   27.1   0.0   177   249    56   126    42   137 0.84 transcript=SSPN1_39300.1 gene=SSPN1_39300
SSPN1_39300.1        -            603 196950at33208        -            623   1.3e-16   60.0   0.3   2   2   1.2e-09   1.2e-07   30.5   0.3   196   258   163   226   149   264 0.80 transcript=SSPN1_39300.1 gene=SSPN1_39300
SSPN1_83370.4        -            453 196950at33208        -            623   2.3e-16   59.2   0.0   1   3     0.045       4.5    5.4   0.0   161   195    26    60    14    70 0.83 transcript=SSPN1_83370.4 gene=SSPN1_83370
SSPN1_83370.4        -            453 196950at33208        -            623   2.3e-16   59.2   0.0   2   3   3.8e-06   0.00037   18.9   0.0   131   198    82   160    73   177 0.76 transcript=SSPN1_83370.4 gene=SSPN1_83370
SSPN1_83370.4        -            453 196950at33208        -            623   2.3e-16   59.2   0.0   3   3   7.3e-10   7.2e-08   31.2   0.0   130   193   276   348   267   364 0.86 transcript=SSPN1_83370.4 gene=SSPN1_83370
SSPN1_83370.6        -            465 196950at33208        -            623   2.6e-16   59.1   0.0   1   3     0.047       4.6    5.4   0.0   161   195    26    60    14    70 0.83 transcript=SSPN1_83370.6 gene=SSPN1_83370
SSPN1_83370.6        -            465 196950at33208        -            623   2.6e-16   59.1   0.0   2   3   3.9e-06   0.00039   18.9   0.0   131   198    82   160    73   177 0.76 transcript=SSPN1_83370.6 gene=SSPN1_83370
SSPN1_83370.6        -            465 196950at33208        -            623   2.6e-16   59.1   0.0   3   3   7.6e-10   7.5e-08   31.1   0.0   130   193   276   348   267   364 0.86 transcript=SSPN1_83370.6 gene=SSPN1_83370
SSPN1_78400.1        -            400 196950at33208        -            623   4.5e-16   58.3   0.1   1   1   6.6e-18   6.6e-16   57.8   0.1   449   601    69   222    50   244 0.81 transcript=SSPN1_78400.1 gene=SSPN1_78400
SSPN1_83370.2        -            338 196950at33208        -            623   6.7e-16   57.7   0.0   1   3   0.00014     0.014   13.7   0.0   132   194     2    77     1    86 0.64 transcript=SSPN1_83370.2 gene=SSPN1_83370
SSPN1_83370.2        -            338 196950at33208        -            623   6.7e-16   57.7   0.0   2   3   2.3e-06   0.00022   19.7   0.0   131   198   100   178    90   195 0.76 transcript=SSPN1_83370.2 gene=SSPN1_83370
SSPN1_83370.2        -            338 196950at33208        -            623   6.7e-16   57.7   0.0   3   3   1.5e-06   0.00015   20.2   0.0   130   171   294   335   285   337 0.90 transcript=SSPN1_83370.2 gene=SSPN1_83370
SSPN1_43400.1        -            822 196950at33208        -            623   6.4e-15   54.5   0.2   1   2   3.9e-08   3.8e-06   25.5   0.0     4    95   101   191    82   238 0.60 transcript=SSPN1_43400.1 gene=SSPN1_43400
SSPN1_43400.1        -            822 196950at33208        -            623   6.4e-15   54.5   0.2   2   2   1.3e-08   1.3e-06   27.0   0.1     3   102   684   784   682   816 0.82 transcript=SSPN1_43400.1 gene=SSPN1_43400
SSPN1_91040.2        -            999 196950at33208        -            623   7.4e-15   54.3   0.1   1   2   4.2e-08   4.1e-06   25.4   0.0   201   266   189   255   164   273 0.88 transcript=SSPN1_91040.2 gene=SSPN1_91040
SSPN1_91040.2        -            999 196950at33208        -            623   7.4e-15   54.3   0.1   2   2   1.9e-08   1.9e-06   26.5   0.0   188   266   537   615   508   642 0.82 transcript=SSPN1_91040.2 gene=SSPN1_91040
SSPN1_43400.3        -            808 196950at33208        -            623   7.7e-15   54.2   0.1   1   2   3.8e-08   3.7e-06   25.5   0.0     4    95   101   191    82   238 0.60 transcript=SSPN1_43400.3 gene=SSPN1_43400
SSPN1_43400.3        -            808 196950at33208        -            623   7.7e-15   54.2   0.1   2   2   1.8e-08   1.7e-06   26.6   0.0     3    99   684   781   682   798 0.84 transcript=SSPN1_43400.3 gene=SSPN1_43400
SSPN1_43400.2        -            821 196950at33208        -            623   7.8e-15   54.2   0.1   1   2   3.9e-08   3.8e-06   25.5   0.0     4    95   101   191    82   238 0.60 transcript=SSPN1_43400.2 gene=SSPN1_43400
SSPN1_43400.2        -            821 196950at33208        -            623   7.8e-15   54.2   0.1   2   2   1.8e-08   1.7e-06   26.6   0.0     3    99   684   781   682   800 0.84 transcript=SSPN1_43400.2 gene=SSPN1_43400
SSPN1_1350.3         -            810 196950at33208        -            623   1.7e-14   53.0   1.3   1   3   4.4e-10   4.4e-08   31.9   0.0     3    78    99   175    97   185 0.92 transcript=SSPN1_1350.3 gene=SSPN1_1350
SSPN1_1350.3         -            810 196950at33208        -            623   1.7e-14   53.0   1.3   2   3   5.2e-06   0.00051   18.5   0.1     4    86   186   272   183   332 0.61 transcript=SSPN1_1350.3 gene=SSPN1_1350
SSPN1_1350.3         -            810 196950at33208        -            623   1.7e-14   53.0   1.3   3   3       3.9   3.8e+02   -0.9   0.0    49    84   759   794   743   800 0.76 transcript=SSPN1_1350.3 gene=SSPN1_1350
SSPN1_16960.2        -            543 196950at33208        -            623   6.3e-14   51.2   0.1   1   1   9.8e-16   9.7e-14   50.6   0.1   450   581    11   149     4   181 0.84 transcript=SSPN1_16960.2 gene=SSPN1_16960
SSPN1_83370.5        -            320 196950at33208        -            623   1.7e-13   49.8   0.0   1   3     0.029       2.9    6.1   0.0   161   194    26    59    14    68 0.83 transcript=SSPN1_83370.5 gene=SSPN1_83370
SSPN1_83370.5        -            320 196950at33208        -            623   1.7e-13   49.8   0.0   2   3   1.9e-06   0.00019   19.9   0.0   130   198    81   160    67   177 0.77 transcript=SSPN1_83370.5 gene=SSPN1_83370
SSPN1_83370.5        -            320 196950at33208        -            623   1.7e-13   49.8   0.0   3   3   1.4e-06   0.00014   20.3   0.0   130   171   276   317   267   319 0.90 transcript=SSPN1_83370.5 gene=SSPN1_83370
SSPN1_85290.1        -            715 196950at33208        -            623   1.9e-13   49.6   0.1   1   1   2.8e-15   2.8e-13   49.1   0.1   180   331   136   286    66   300 0.84 transcript=SSPN1_85290.1 gene=SSPN1_85290
SSPN1_85290.2        -            859 196950at33208        -            623   2.4e-13   49.3   0.1   1   1   3.9e-15   3.9e-13   48.6   0.1   180   331   136   286    67   300 0.84 transcript=SSPN1_85290.2 gene=SSPN1_85290
SSPN1_66940.1        -           1346 196950at33208        -            623     1e-12   47.2   8.5   1   3   7.9e-05    0.0078   14.6   0.0   530   591   105   167   102   180 0.88 transcript=SSPN1_66940.1 gene=SSPN1_66940
SSPN1_66940.1        -           1346 196950at33208        -            623     1e-12   47.2   8.5   2   3    0.0006     0.059   11.6   0.0   568   611   227   271   211   282 0.84 transcript=SSPN1_66940.1 gene=SSPN1_66940
SSPN1_66940.1        -           1346 196950at33208        -            623     1e-12   47.2   8.5   3   3   2.3e-07   2.2e-05   22.9   0.8     4   112   284   384   278   415 0.62 transcript=SSPN1_66940.1 gene=SSPN1_66940
SSPN1_10140.1        -            324 196950at33208        -            623   1.2e-12   47.0   0.0   1   2   7.3e-10   7.2e-08   31.2   0.0   445   507   101   161    89   189 0.74 transcript=SSPN1_10140.1 gene=SSPN1_10140
SSPN1_10140.1        -            324 196950at33208        -            623   1.2e-12   47.0   0.0   2   2   0.00012     0.012   13.9   0.0     4    57   195   244   191   260 0.87 transcript=SSPN1_10140.1 gene=SSPN1_10140
SSPN1_84400.1        -            344 196950at33208        -            623   4.1e-12   45.2   0.0   1   2   7.9e-08   7.8e-06   24.5   0.0   548   608    29    90     6    98 0.66 transcript=SSPN1_84400.1 gene=SSPN1_84400
SSPN1_84400.1        -            344 196950at33208        -            623   4.1e-12   45.2   0.0   2   2   2.1e-06   0.00021   19.8   0.0   439   502    89   151    83   183 0.81 transcript=SSPN1_84400.1 gene=SSPN1_84400
SSPN1_64400.1        -            771 196950at33208        -            623   1.5e-11   43.3   0.2   1   1   3.9e-13   3.8e-11   42.0   0.2   444   592   152   303   141   307 0.79 transcript=SSPN1_64400.1 gene=SSPN1_64400
SSPN1_64400.2        -            771 196950at33208        -            623   1.5e-11   43.3   0.2   1   1   3.9e-13   3.8e-11   42.0   0.2   444   592   152   303   141   307 0.79 transcript=SSPN1_64400.2 gene=SSPN1_64400
SSPN1_64400.3        -            771 196950at33208        -            623   1.5e-11   43.3   0.2   1   1   3.9e-13   3.8e-11   42.0   0.2   444   592   152   303   141   307 0.79 transcript=SSPN1_64400.3 gene=SSPN1_64400
SSPN1_10210.2        -            446 196950at33208        -            623   1.7e-11   43.1   0.0   1   2   1.4e-08   1.4e-06   27.0   0.0   433   508    90   164    87   189 0.76 transcript=SSPN1_10210.2 gene=SSPN1_10210
SSPN1_10210.2        -            446 196950at33208        -            623   1.7e-11   43.1   0.0   2   2    0.0001      0.01   14.2   0.0     4    58   197   247   193   280 0.81 transcript=SSPN1_10210.2 gene=SSPN1_10210
SSPN1_59250.1        -            177 196950at33208        -            623   1.8e-11   43.1   0.0   1   1   2.3e-13   2.3e-11   42.8   0.0   204   279    73   149    65   172 0.83 transcript=SSPN1_59250.1 gene=SSPN1_59250
SSPN1_10210.1        -            457 196950at33208        -            623   1.9e-11   43.0   0.0   1   2   1.5e-08   1.4e-06   26.9   0.0   433   508    90   164    87   189 0.76 transcript=SSPN1_10210.1 gene=SSPN1_10210
SSPN1_10210.1        -            457 196950at33208        -            623   1.9e-11   43.0   0.0   2   2   0.00011      0.01   14.1   0.0     4    58   197   247   193   280 0.81 transcript=SSPN1_10210.1 gene=SSPN1_10210
SSPN1_10210.3        -            457 196950at33208        -            623   1.9e-11   43.0   0.0   1   2   1.5e-08   1.4e-06   26.9   0.0   433   508    90   164    87   189 0.76 transcript=SSPN1_10210.3 gene=SSPN1_10210
SSPN1_10210.3        -            457 196950at33208        -            623   1.9e-11   43.0   0.0   2   2   0.00011      0.01   14.1   0.0     4    58   197   247   193   280 0.81 transcript=SSPN1_10210.3 gene=SSPN1_10210
SSPN1_74510.1        -            661 196950at33208        -            623   8.6e-11   40.8   0.6   1   2   2.7e-09   2.6e-07   29.3   0.0     4    78   162   237   159   261 0.80 transcript=SSPN1_74510.1 gene=SSPN1_74510
SSPN1_74510.1        -            661 196950at33208        -            623   8.6e-11   40.8   0.6   2   2    0.0027      0.27    9.5   0.2   204   265   267   323   241   353 0.57 transcript=SSPN1_74510.1 gene=SSPN1_74510
SSPN1_82440.1        -            392 196950at33208        -            623   1.1e-10   40.6   3.3   1   2     4e-10   3.9e-08   32.1   0.0   199   264     6    72     2   112 0.75 transcript=SSPN1_82440.1 gene=SSPN1_82440
SSPN1_82440.1        -            392 196950at33208        -            623   1.1e-10   40.6   3.3   2   2    0.0044      0.43    8.8   0.0   448   510   172   241   149   256 0.70 transcript=SSPN1_82440.1 gene=SSPN1_82440
SSPN1_18900.1        -            986 196950at33208        -            623   1.2e-10   40.4   0.0   1   4   0.00031      0.03   12.6   0.0   530   597    11    78     2    89 0.82 transcript=SSPN1_18900.1 gene=SSPN1_18900
SSPN1_18900.1        -            986 196950at33208        -            623   1.2e-10   40.4   0.0   2   4   6.7e-05    0.0066   14.8   0.0   195   271   134   207   123   232 0.87 transcript=SSPN1_18900.1 gene=SSPN1_18900
SSPN1_18900.1        -            986 196950at33208        -            623   1.2e-10   40.4   0.0   3   4     0.015       1.5    7.0   0.0   440   526   560   646   549   688 0.82 transcript=SSPN1_18900.1 gene=SSPN1_18900
SSPN1_18900.1        -            986 196950at33208        -            623   1.2e-10   40.4   0.0   4   4       2.9   2.9e+02   -0.5   0.0   137   192   729   789   685   794 0.74 transcript=SSPN1_18900.1 gene=SSPN1_18900
SSPN1_6910.1         -            760 196950at33208        -            623   3.4e-10   38.9   0.0   1   1   5.1e-12     5e-10   38.3   0.0   203   288   226   310   217   328 0.73 transcript=SSPN1_6910.1 gene=SSPN1_6910
SSPN1_6910.3         -            760 196950at33208        -            623   3.4e-10   38.9   0.0   1   1   5.1e-12     5e-10   38.3   0.0   203   288   226   310   217   328 0.73 transcript=SSPN1_6910.3 gene=SSPN1_6910
SSPN1_50070.1        -            151 196950at33208        -            623     4e-10   38.6   0.0   1   1   4.6e-12   4.6e-10   38.4   0.0   203   279    16    93     6   115 0.90 transcript=SSPN1_50070.1 gene=SSPN1_50070
SSPN1_58730.1        -            413 196950at33208        -            623   8.7e-10   37.5   0.0   1   1   1.2e-11   1.2e-09   37.0   0.0   202   281    16    96     3   101 0.88 transcript=SSPN1_58730.1 gene=SSPN1_58730
SSPN1_85900.3        -            942 196950at33208        -            623   1.9e-09   36.4   0.3   1   1   5.3e-11   5.2e-09   34.9   0.3   442   597   196   353   188   357 0.80 transcript=SSPN1_85900.3 gene=SSPN1_85900
SSPN1_85900.1        -            955 196950at33208        -            623   1.9e-09   36.4   0.4   1   1     5e-11     5e-09   35.0   0.4   441   597   195   353   185   357 0.80 transcript=SSPN1_85900.1 gene=SSPN1_85900
SSPN1_85900.2        -            955 196950at33208        -            623   1.9e-09   36.4   0.4   1   1     5e-11     5e-09   35.0   0.4   441   597   195   353   185   357 0.80 transcript=SSPN1_85900.2 gene=SSPN1_85900
SSPN1_71210.1        -            900 196950at33208        -            623   2.2e-09   36.2   0.0   1   2     6e-09     6e-07   28.2   0.0   449   589     5   157     2   172 0.79 transcript=SSPN1_71210.1 gene=SSPN1_71210
SSPN1_71210.1        -            900 196950at33208        -            623   2.2e-09   36.2   0.0   2   2     0.039       3.9    5.7   0.0   448   519   258   328   247   340 0.84 transcript=SSPN1_71210.1 gene=SSPN1_71210
SSPN1_56690.1        -            603 196950at33208        -            623   3.6e-09   35.5   0.2   1   4    0.0021      0.21    9.8   0.0   511   578    31    96    28   139 0.68 transcript=SSPN1_56690.1 gene=SSPN1_56690
SSPN1_56690.1        -            603 196950at33208        -            623   3.6e-09   35.5   0.2   2   4      0.84        83    1.3   0.0     6    91   171   256   167   272 0.77 transcript=SSPN1_56690.1 gene=SSPN1_56690
SSPN1_56690.1        -            603 196950at33208        -            623   3.6e-09   35.5   0.2   3   4   0.00096     0.095   11.0   0.0   202   277   410   482   374   496 0.71 transcript=SSPN1_56690.1 gene=SSPN1_56690
SSPN1_56690.1        -            603 196950at33208        -            623   3.6e-09   35.5   0.2   4   4    0.0069      0.69    8.1   0.1     6    74   530   596   526   602 0.74 transcript=SSPN1_56690.1 gene=SSPN1_56690
SSPN1_56690.5        -            606 196950at33208        -            623   3.8e-09   35.4   0.3   1   4    0.0021      0.21    9.8   0.0   511   578    34    99    30   142 0.68 transcript=SSPN1_56690.5 gene=SSPN1_56690
SSPN1_56690.5        -            606 196950at33208        -            623   3.8e-09   35.4   0.3   2   4      0.84        83    1.3   0.0     6    91   174   259   170   275 0.77 transcript=SSPN1_56690.5 gene=SSPN1_56690
SSPN1_56690.5        -            606 196950at33208        -            623   3.8e-09   35.4   0.3   3   4   0.00097     0.095   11.0   0.0   202   277   413   485   377   499 0.71 transcript=SSPN1_56690.5 gene=SSPN1_56690
SSPN1_56690.5        -            606 196950at33208        -            623   3.8e-09   35.4   0.3   4   4     0.007      0.69    8.1   0.1     6    74   533   599   529   605 0.74 transcript=SSPN1_56690.5 gene=SSPN1_56690
SSPN1_4450.1         -            214 196950at33208        -            623   8.2e-09   34.3   0.0   1   1   9.6e-11   9.5e-09   34.1   0.0   200   279    84   163    26   170 0.86 transcript=SSPN1_4450.1 gene=SSPN1_4450
SSPN1_85760.2        -            155 196950at33208        -            623   9.6e-09   34.1   0.0   1   1     1e-10     1e-08   34.0   0.0   199   272    74   147    43   154 0.91 transcript=SSPN1_85760.2 gene=SSPN1_85760
SSPN1_85760.1        -            213 196950at33208        -            623     1e-08   34.0   0.0   1   1   1.2e-10   1.2e-08   33.8   0.0   199   274    74   149    44   167 0.89 transcript=SSPN1_85760.1 gene=SSPN1_85760
SSPN1_1570.1         -            348 196950at33208        -            623     1e-08   34.0   0.1   1   2   2.1e-05     0.002   16.5   0.0   450   516     6    71     2    87 0.86 transcript=SSPN1_1570.1 gene=SSPN1_1570
SSPN1_1570.1         -            348 196950at33208        -            623     1e-08   34.0   0.1   2   2   3.4e-05    0.0034   15.8   0.0   441   512    89   158    73   161 0.76 transcript=SSPN1_1570.1 gene=SSPN1_1570
SSPN1_85760.3        -            221 196950at33208        -            623   1.1e-08   33.9   0.0   1   1   1.3e-10   1.3e-08   33.6   0.0   199   274    74   149    45   167 0.89 transcript=SSPN1_85760.3 gene=SSPN1_85760
SSPN1_56690.3        -            571 196950at33208        -            623   1.3e-08   33.7   0.2   1   4    0.0083      0.82    7.9   0.0   518   578     6    64     1   107 0.64 transcript=SSPN1_56690.3 gene=SSPN1_56690
SSPN1_56690.3        -            571 196950at33208        -            623   1.3e-08   33.7   0.2   2   4      0.77        76    1.4   0.0     6    91   139   224   135   240 0.77 transcript=SSPN1_56690.3 gene=SSPN1_56690
SSPN1_56690.3        -            571 196950at33208        -            623   1.3e-08   33.7   0.2   3   4   0.00088     0.087   11.1   0.0   202   277   378   450   342   464 0.71 transcript=SSPN1_56690.3 gene=SSPN1_56690
SSPN1_56690.3        -            571 196950at33208        -            623   1.3e-08   33.7   0.2   4   4    0.0065      0.64    8.2   0.1     6    74   498   564   494   570 0.74 transcript=SSPN1_56690.3 gene=SSPN1_56690
SSPN1_18890.1        -            373 196950at33208        -            623   1.4e-08   33.5   0.0   1   2   7.7e-05    0.0076   14.6   0.0   530   599    11    80     2    90 0.82 transcript=SSPN1_18890.1 gene=SSPN1_18890
SSPN1_18890.1        -            373 196950at33208        -            623   1.4e-08   33.5   0.0   2   2   1.5e-05    0.0015   16.9   0.0   195   271   134   207   121   234 0.87 transcript=SSPN1_18890.1 gene=SSPN1_18890
SSPN1_49320.1        -            220 196950at33208        -            623   1.8e-08   33.2   1.6   1   3   3.1e-10   3.1e-08   32.4   0.0   203   273    11    82     4   105 0.92 transcript=SSPN1_49320.1 gene=SSPN1_49320
SSPN1_49320.1        -            220 196950at33208        -            623   1.8e-08   33.2   1.6   2   3       7.3   7.2e+02   -1.8   0.5    79   122   124   167   118   187 0.74 transcript=SSPN1_49320.1 gene=SSPN1_49320
SSPN1_49320.1        -            220 196950at33208        -            623   1.8e-08   33.2   1.6   3   3       7.3   7.2e+02   -1.8   0.0   195   219   194   218   180   219 0.76 transcript=SSPN1_49320.1 gene=SSPN1_49320
SSPN1_83370.3        -            293 196950at33208        -            623   2.7e-08   32.6   0.0   1   1   3.5e-10   3.4e-08   32.3   0.0   130   193   116   188   107   204 0.86 transcript=SSPN1_83370.3 gene=SSPN1_83370
SSPN1_83370.7        -            353 196950at33208        -            623   3.6e-08   32.2   0.0   1   1   4.8e-10   4.8e-08   31.8   0.0   130   193   176   248   167   264 0.86 transcript=SSPN1_83370.7 gene=SSPN1_83370
SSPN1_56690.2        -            560 196950at33208        -            623   3.8e-08   32.1   0.1   1   4    0.0019      0.19   10.0   0.0   511   578    31    96    28   139 0.68 transcript=SSPN1_56690.2 gene=SSPN1_56690
SSPN1_56690.2        -            560 196950at33208        -            623   3.8e-08   32.1   0.1   2   4      0.75        74    1.4   0.0     6    91   171   256   167   272 0.77 transcript=SSPN1_56690.2 gene=SSPN1_56690
SSPN1_56690.2        -            560 196950at33208        -            623   3.8e-08   32.1   0.1   3   4   0.00086     0.085   11.1   0.0   202   277   410   482   374   496 0.71 transcript=SSPN1_56690.2 gene=SSPN1_56690
SSPN1_56690.2        -            560 196950at33208        -            623   3.8e-08   32.1   0.1   4   4      0.11        11    4.2   0.0     6    33   530   558   526   560 0.86 transcript=SSPN1_56690.2 gene=SSPN1_56690
SSPN1_83370.8        -            365 196950at33208        -            623   3.8e-08   32.1   0.0   1   1   5.1e-10   5.1e-08   31.7   0.0   130   193   176   248   167   264 0.86 transcript=SSPN1_83370.8 gene=SSPN1_83370
SSPN1_2120.1         -            693 196950at33208        -            623   1.2e-07   30.5   0.0   1   1     2e-09     2e-07   29.7   0.0   191   294   164   268   137   320 0.80 transcript=SSPN1_2120.1 gene=SSPN1_2120
SSPN1_31240.1        -           3215 196950at33208        -            623   1.4e-07   30.2   0.1   1   3      0.02       1.9    6.7   0.0     5    58     8    61     3   110 0.66 transcript=SSPN1_31240.1 gene=SSPN1_31240
SSPN1_31240.1        -           3215 196950at33208        -            623   1.4e-07   30.2   0.1   2   3      0.96        94    1.1   0.0     9    81   176   249   170   256 0.65 transcript=SSPN1_31240.1 gene=SSPN1_31240
SSPN1_31240.1        -           3215 196950at33208        -            623   1.4e-07   30.2   0.1   3   3   2.2e-05    0.0022   16.4   0.0   443   567   264   389   258   438 0.63 transcript=SSPN1_31240.1 gene=SSPN1_31240
SSPN1_44600.1        -            536 196950at33208        -            623   1.8e-07   29.9   0.0   1   1     3e-09     3e-07   29.1   0.0   197   273   112   188   103   212 0.82 transcript=SSPN1_44600.1 gene=SSPN1_44600
SSPN1_44600.2        -            552 196950at33208        -            623   1.9e-07   29.8   0.0   1   1   3.2e-09   3.1e-07   29.1   0.0   197   273   112   188   103   212 0.82 transcript=SSPN1_44600.2 gene=SSPN1_44600
SSPN1_7980.2         -            312 196950at33208        -            623   2.3e-07   29.5   0.1   1   1   2.3e-09   2.3e-07   29.5   0.1     4    91   109   197    98   242 0.75 transcript=SSPN1_7980.2 gene=SSPN1_7980
SSPN1_62140.1        -            305 196950at33208        -            623     3e-07   29.1   0.0   1   1   4.7e-09   4.6e-07   28.5   0.0   441   514    92   163    84   179 0.79 transcript=SSPN1_62140.1 gene=SSPN1_62140
SSPN1_55000.1        -            158 196950at33208        -            623   3.2e-07   29.1   0.0   1   1   5.9e-09   5.8e-07   28.2   0.0   198   272    36   111    24   115 0.68 transcript=SSPN1_55000.1 gene=SSPN1_55000
SSPN1_84620.1        -            293 196950at33208        -            623   3.3e-07   29.0   0.0   1   1   3.8e-09   3.8e-07   28.8   0.0   131   223    74   176    10   191 0.76 transcript=SSPN1_84620.1 gene=SSPN1_84620
SSPN1_62140.2        -            316 196950at33208        -            623   3.3e-07   29.0   0.0   1   1     5e-09   4.9e-07   28.4   0.0   441   514   103   174    95   190 0.79 transcript=SSPN1_62140.2 gene=SSPN1_62140
SSPN1_62140.3        -            318 196950at33208        -            623   3.8e-07   28.8   0.0   1   1   6.1e-09     6e-07   28.1   0.0   442   514   106   176    99   192 0.79 transcript=SSPN1_62140.3 gene=SSPN1_62140
SSPN1_25100.2        -            243 196950at33208        -            623   3.8e-07   28.8   0.0   1   1   4.8e-09   4.7e-07   28.5   0.0     1    77     1    70     1    77 0.94 transcript=SSPN1_25100.2 gene=SSPN1_25100
SSPN1_25100.4        -            243 196950at33208        -            623   3.8e-07   28.8   0.0   1   1   4.8e-09   4.7e-07   28.5   0.0     1    77     1    70     1    77 0.94 transcript=SSPN1_25100.4 gene=SSPN1_25100
SSPN1_25100.5        -            243 196950at33208        -            623   3.8e-07   28.8   0.0   1   1   4.8e-09   4.7e-07   28.5   0.0     1    77     1    70     1    77 0.94 transcript=SSPN1_25100.5 gene=SSPN1_25100
SSPN1_7980.1         -            444 196950at33208        -            623   4.6e-07   28.5   0.0   1   1   4.6e-09   4.6e-07   28.5   0.0     4    91   241   329   231   370 0.75 transcript=SSPN1_7980.1 gene=SSPN1_7980
SSPN1_2810.1         -           1437 196950at33208        -            623     5e-07   28.4   3.3   1   4    0.0022      0.21    9.8   0.0   121   194   498   579   466   589 0.71 transcript=SSPN1_2810.1 gene=SSPN1_2810
SSPN1_2810.1         -           1437 196950at33208        -            623     5e-07   28.4   3.3   2   4    0.0011       0.1   10.8   0.0   130   194   608   687   583   712 0.69 transcript=SSPN1_2810.1 gene=SSPN1_2810
SSPN1_2810.1         -           1437 196950at33208        -            623     5e-07   28.4   3.3   3   4       3.6   3.6e+02   -0.8   0.1   114   194  1022  1102   978  1112 0.72 transcript=SSPN1_2810.1 gene=SSPN1_2810
SSPN1_2810.1         -           1437 196950at33208        -            623     5e-07   28.4   3.3   4   4     0.073       7.2    4.8   0.1     5    75  1361  1435  1358  1437 0.77 transcript=SSPN1_2810.1 gene=SSPN1_2810
SSPN1_25100.1        -            301 196950at33208        -            623   5.5e-07   28.3   0.0   1   1     7e-09   6.9e-07   27.9   0.0     1    77     1    70     1    77 0.94 transcript=SSPN1_25100.1 gene=SSPN1_25100
SSPN1_19920.1        -            396 196950at33208        -            623   5.6e-07   28.3   0.0   1   1   7.8e-09   7.7e-07   27.8   0.0   552   607   114   169    95   176 0.83 transcript=SSPN1_19920.1 gene=SSPN1_19920
SSPN1_25100.3        -            304 196950at33208        -            623   5.6e-07   28.2   0.0   1   1   7.1e-09     7e-07   27.9   0.0     1    77     1    70     1    77 0.94 transcript=SSPN1_25100.3 gene=SSPN1_25100
SSPN1_20900.1        -            281 196950at33208        -            623   5.8e-07   28.2   0.0   1   1   9.1e-09     9e-07   27.6   0.0   204   264   202   263   177   280 0.55 transcript=SSPN1_20900.1 gene=SSPN1_20900
SSPN1_36400.1        -            371 196950at33208        -            623   6.1e-07   28.1   0.0   1   2   5.3e-05    0.0053   15.1   0.0     1    77     1    70     1    73 0.78 transcript=SSPN1_36400.1 gene=SSPN1_36400
SSPN1_36400.1        -            371 196950at33208        -            623   6.1e-07   28.1   0.0   2   2     0.002       0.2    9.9   0.0     3   279   109   181   107   224 0.52 transcript=SSPN1_36400.1 gene=SSPN1_36400
SSPN1_43530.1        -            484 196950at33208        -            623   7.1e-07   27.9   0.0   1   1     1e-08     1e-06   27.4   0.0   202   260    12    71     3    91 0.85 transcript=SSPN1_43530.1 gene=SSPN1_43530
SSPN1_15760.13       -            144 196950at33208        -            623   2.1e-06   26.4   0.0   1   1   2.5e-08   2.5e-06   26.1   0.0     9    70    56   118    43   128 0.60 transcript=SSPN1_15760.13 gene=SSPN1_15760
SSPN1_15760.9        -            149 196950at33208        -            623   2.3e-06   26.2   0.0   1   1   2.8e-08   2.7e-06   26.0   0.0     9    70    56   118    43   128 0.60 transcript=SSPN1_15760.9 gene=SSPN1_15760
SSPN1_10490.1        -            584 196950at33208        -            623   2.7e-06   26.0   0.3   1   4       1.1   1.1e+02    0.8   0.0   194   247    35    83    22    96 0.80 transcript=SSPN1_10490.1 gene=SSPN1_10490
SSPN1_10490.1        -            584 196950at33208        -            623   2.7e-06   26.0   0.3   2   4       3.1   3.1e+02   -0.6   0.0   468   516   177   219   136   230 0.74 transcript=SSPN1_10490.1 gene=SSPN1_10490
SSPN1_10490.1        -            584 196950at33208        -            623   2.7e-06   26.0   0.3   3   4    0.0016      0.16   10.2   0.0   205   280   384   456   375   471 0.81 transcript=SSPN1_10490.1 gene=SSPN1_10490
SSPN1_10490.1        -            584 196950at33208        -            623   2.7e-06   26.0   0.3   4   4    0.0029      0.28    9.4   0.0     4    78   508   581   505   583 0.75 transcript=SSPN1_10490.1 gene=SSPN1_10490
SSPN1_15760.11       -            163 196950at33208        -            623   2.8e-06   26.0   0.0   1   1   3.5e-08   3.5e-06   25.6   0.0     9    70    75   137    62   146 0.59 transcript=SSPN1_15760.11 gene=SSPN1_15760
SSPN1_15760.12       -            170 196950at33208        -            623     3e-06   25.8   0.0   1   1   3.9e-08   3.8e-06   25.5   0.0     9    70    82   144    69   153 0.59 transcript=SSPN1_15760.12 gene=SSPN1_15760
SSPN1_15760.5        -            170 196950at33208        -            623     3e-06   25.8   0.0   1   1   3.9e-08   3.8e-06   25.5   0.0     9    70    82   144    69   153 0.59 transcript=SSPN1_15760.5 gene=SSPN1_15760
SSPN1_15760.8        -            172 196950at33208        -            623   3.1e-06   25.8   0.0   1   1   3.9e-08   3.8e-06   25.5   0.0     9    70    56   118    43   128 0.60 transcript=SSPN1_15760.8 gene=SSPN1_15760
SSPN1_15760.3        -            198 196950at33208        -            623   4.1e-06   25.4   0.0   1   1   5.4e-08   5.3e-06   25.0   0.0     9    70    82   144    69   153 0.59 transcript=SSPN1_15760.3 gene=SSPN1_15760
SSPN1_15760.2        -            198 196950at33208        -            623   4.1e-06   25.4   0.0   1   1   5.4e-08   5.3e-06   25.0   0.0     9    70    82   144    69   153 0.59 transcript=SSPN1_15760.2 gene=SSPN1_15760
SSPN1_15760.4        -            198 196950at33208        -            623   4.1e-06   25.4   0.0   1   1   5.4e-08   5.3e-06   25.0   0.0     9    70    82   144    69   153 0.59 transcript=SSPN1_15760.4 gene=SSPN1_15760
SSPN1_15760.1        -            199 196950at33208        -            623   4.2e-06   25.4   0.0   1   1   5.4e-08   5.4e-06   25.0   0.0     9    70    82   144    69   153 0.59 transcript=SSPN1_15760.1 gene=SSPN1_15760
SSPN1_7560.1         -            521 196950at33208        -            623   4.3e-06   25.3   0.0   1   2    0.0072      0.71    8.1   0.0   202   269   192   264   182   273 0.49 transcript=SSPN1_7560.1 gene=SSPN1_7560
SSPN1_7560.1         -            521 196950at33208        -            623   4.3e-06   25.3   0.0   2   2   0.00011     0.011   14.1   0.0   202   267   302   368   293   385 0.79 transcript=SSPN1_7560.1 gene=SSPN1_7560
SSPN1_7560.2         -            521 196950at33208        -            623   4.3e-06   25.3   0.0   1   2    0.0072      0.71    8.1   0.0   202   269   192   264   182   273 0.49 transcript=SSPN1_7560.2 gene=SSPN1_7560
SSPN1_7560.2         -            521 196950at33208        -            623   4.3e-06   25.3   0.0   2   2   0.00011     0.011   14.1   0.0   202   267   302   368   293   385 0.79 transcript=SSPN1_7560.2 gene=SSPN1_7560
SSPN1_7560.3         -            521 196950at33208        -            623   4.3e-06   25.3   0.0   1   2    0.0072      0.71    8.1   0.0   202   269   192   264   182   273 0.49 transcript=SSPN1_7560.3 gene=SSPN1_7560
SSPN1_7560.3         -            521 196950at33208        -            623   4.3e-06   25.3   0.0   2   2   0.00011     0.011   14.1   0.0   202   267   302   368   293   385 0.79 transcript=SSPN1_7560.3 gene=SSPN1_7560
SSPN1_56690.4        -            543 196950at33208        -            623   5.3e-06   25.0   0.0   1   3      0.72        71    1.5   0.0     6    91   111   196   107   212 0.77 transcript=SSPN1_56690.4 gene=SSPN1_56690
SSPN1_56690.4        -            543 196950at33208        -            623   5.3e-06   25.0   0.0   2   3   0.00082     0.081   11.2   0.0   202   277   350   422   313   436 0.71 transcript=SSPN1_56690.4 gene=SSPN1_56690
SSPN1_56690.4        -            543 196950at33208        -            623   5.3e-06   25.0   0.0   3   3     0.006       0.6    8.3   0.1     6    74   470   536   466   542 0.74 transcript=SSPN1_56690.4 gene=SSPN1_56690
SSPN1_59940.2        -            450 196950at33208        -            623   6.6e-06   24.7   0.0   1   1   1.3e-07   1.3e-05   23.7   0.0   548   592    12    58     9    84 0.77 transcript=SSPN1_59940.2 gene=SSPN1_59940
SSPN1_74090.1        -            537 196950at33208        -            623   7.6e-06   24.5   0.2   1   1   1.2e-07   1.2e-05   23.9   0.2     2   118   246   368   245   394 0.74 transcript=SSPN1_74090.1 gene=SSPN1_74090
SSPN1_59940.1        -            591 196950at33208        -            623   9.7e-06   24.2   0.0   1   1   1.8e-07   1.8e-05   23.3   0.0   548   592   153   199   149   225 0.77 transcript=SSPN1_59940.1 gene=SSPN1_59940
SSPN1_47600.1        -            476 196950at33208        -            623   1.1e-05   24.0   0.4   1   3     3e-06   0.00029   19.3   0.1   122   281    79   255    30   263 0.71 transcript=SSPN1_47600.1 gene=SSPN1_47600
SSPN1_47600.1        -            476 196950at33208        -            623   1.1e-05   24.0   0.4   2   3       1.8   1.7e+02    0.2   0.0   130   185   257   314   252   332 0.55 transcript=SSPN1_47600.1 gene=SSPN1_47600
SSPN1_47600.1        -            476 196950at33208        -            623   1.1e-05   24.0   0.4   3   3       1.1   1.1e+02    0.9   0.0   241   268   390   417   366   424 0.58 transcript=SSPN1_47600.1 gene=SSPN1_47600
SSPN1_38650.1        -            224 196950at33208        -            623   1.6e-05   23.5   0.0   1   2   1.4e-06   0.00014   20.3   0.0   201   270     5    73     1    82 0.59 transcript=SSPN1_38650.1 gene=SSPN1_38650
SSPN1_38650.1        -            224 196950at33208        -            623   1.6e-05   23.5   0.0   2   2      0.97        95    1.1   0.0   398   422   154   178   113   181 0.73 transcript=SSPN1_38650.1 gene=SSPN1_38650
SSPN1_38660.1        -            224 196950at33208        -            623   1.6e-05   23.5   0.0   1   2   1.4e-06   0.00014   20.3   0.0   201   270     5    73     1    82 0.59 transcript=SSPN1_38660.1 gene=SSPN1_38660
SSPN1_38660.1        -            224 196950at33208        -            623   1.6e-05   23.5   0.0   2   2      0.97        95    1.1   0.0   398   422   154   178   113   181 0.73 transcript=SSPN1_38660.1 gene=SSPN1_38660
SSPN1_78590.1        -           1253 196950at33208        -            623   1.7e-05   23.3   2.1   1   4      0.73        73    1.5   0.1   129   190   394   465   319   481 0.63 transcript=SSPN1_78590.1 gene=SSPN1_78590
SSPN1_78590.1        -           1253 196950at33208        -            623   1.7e-05   23.3   2.1   2   4   0.00013     0.013   13.8   0.0   109   193   538   638   530   652 0.68 transcript=SSPN1_78590.1 gene=SSPN1_78590
SSPN1_78590.1        -           1253 196950at33208        -            623   1.7e-05   23.3   2.1   3   4       3.7   3.6e+02   -0.9   0.0   134   198   825   889   822   905 0.69 transcript=SSPN1_78590.1 gene=SSPN1_78590
SSPN1_78590.1        -           1253 196950at33208        -            623   1.7e-05   23.3   2.1   4   4      0.13        13    3.9   0.0   121   163  1085  1126  1052  1149 0.78 transcript=SSPN1_78590.1 gene=SSPN1_78590
SSPN1_56260.1        -            157 196950at33208        -            623   2.1e-05   23.0   0.0   1   1   2.6e-07   2.5e-05   22.8   0.0   530   601     8    75     2    88 0.67 transcript=SSPN1_56260.1 gene=SSPN1_56260
SSPN1_56260.3        -            157 196950at33208        -            623   2.1e-05   23.0   0.0   1   1   2.6e-07   2.5e-05   22.8   0.0   530   601     8    75     2    88 0.67 transcript=SSPN1_56260.3 gene=SSPN1_56260
SSPN1_56260.4        -            157 196950at33208        -            623   2.1e-05   23.0   0.0   1   1   2.6e-07   2.5e-05   22.8   0.0   530   601     8    75     2    88 0.67 transcript=SSPN1_56260.4 gene=SSPN1_56260
SSPN1_56260.2        -            171 196950at33208        -            623   2.6e-05   22.8   0.0   1   1   3.1e-07   3.1e-05   22.5   0.0   530   601     8    75     2    88 0.67 transcript=SSPN1_56260.2 gene=SSPN1_56260
SSPN1_5840.1         -            620 196950at33208        -            623   3.2e-05   22.4   0.2   1   4      0.12        11    4.1   0.0   530   568    50    90    32   131 0.83 transcript=SSPN1_5840.1 gene=SSPN1_5840
SSPN1_5840.1         -            620 196950at33208        -            623   3.2e-05   22.4   0.2   2   4       0.4        39    2.3   0.0     3    85   167   249   165   273 0.74 transcript=SSPN1_5840.1 gene=SSPN1_5840
SSPN1_5840.1         -            620 196950at33208        -            623   3.2e-05   22.4   0.2   3   4    0.0031       0.3    9.3   0.0     4    76   430   499   427   564 0.74 transcript=SSPN1_5840.1 gene=SSPN1_5840
SSPN1_5840.1         -            620 196950at33208        -            623   3.2e-05   22.4   0.2   4   4       0.7        69    1.5   0.0     6    59   548   597   543   618 0.65 transcript=SSPN1_5840.1 gene=SSPN1_5840
SSPN1_40840.1        -            393 196950at33208        -            623   3.3e-05   22.4   0.0   1   1     5e-07   4.9e-05   21.8   0.0   203   292   294   387   257   391 0.82 transcript=SSPN1_40840.1 gene=SSPN1_40840
SSPN1_18850.6        -            393 196950at33208        -            623   3.7e-05   22.2   1.2   1   3     0.012       1.1    7.4   0.0   433   481   156   204    94   213 0.71 transcript=SSPN1_18850.6 gene=SSPN1_18850
SSPN1_18850.6        -            393 196950at33208        -            623   3.7e-05   22.2   1.2   2   3     0.014       1.4    7.1   0.0   522   557   163   198   150   240 0.61 transcript=SSPN1_18850.6 gene=SSPN1_18850
SSPN1_18850.6        -            393 196950at33208        -            623   3.7e-05   22.2   1.2   3   3   0.00034     0.034   12.5   0.2     5    88   265   346   260   379 0.84 transcript=SSPN1_18850.6 gene=SSPN1_18850
SSPN1_35300.1        -            994 196950at33208        -            623   3.9e-05   22.2   0.0   1   2   1.5e-06   0.00015   20.2   0.0     4   267    78   142    60   165 0.57 transcript=SSPN1_35300.1 gene=SSPN1_35300
SSPN1_35300.1        -            994 196950at33208        -            623   3.9e-05   22.2   0.0   2   2       5.2   5.2e+02   -1.4   0.0     4    32   192   220   185   223 0.70 transcript=SSPN1_35300.1 gene=SSPN1_35300
SSPN1_59160.1        -            773 196950at33208        -            623   4.4e-05   22.0   0.0   1   2       0.2        20    3.3   0.0     4    70    66   132    44   177 0.57 transcript=SSPN1_59160.1 gene=SSPN1_59160
SSPN1_59160.1        -            773 196950at33208        -            623   4.4e-05   22.0   0.0   2   2   3.7e-05    0.0037   15.6   0.0   440   515   264   336   253   346 0.81 transcript=SSPN1_59160.1 gene=SSPN1_59160
SSPN1_59160.2        -            794 196950at33208        -            623   4.8e-05   21.9   0.0   1   2       0.2        20    3.3   0.0     4    69    87   152    64   198 0.57 transcript=SSPN1_59160.2 gene=SSPN1_59160
SSPN1_59160.2        -            794 196950at33208        -            623   4.8e-05   21.9   0.0   2   2   3.9e-05    0.0038   15.6   0.0   440   515   285   357   274   367 0.81 transcript=SSPN1_59160.2 gene=SSPN1_59160
SSPN1_1350.1         -            656 196950at33208        -            623   8.3e-05   21.1   0.4   1   2   3.7e-06   0.00036   19.0   0.1     4    89    32   121    29   179 0.61 transcript=SSPN1_1350.1 gene=SSPN1_1350
SSPN1_1350.1         -            656 196950at33208        -            623   8.3e-05   21.1   0.4   2   2         3   2.9e+02   -0.5   0.0    48    84   604   640   588   646 0.76 transcript=SSPN1_1350.1 gene=SSPN1_1350
SSPN1_80950.1        -            343 196950at33208        -            623   8.4e-05   21.1   0.0   1   1   1.2e-06   0.00012   20.5   0.0   199   278    21   104    12   123 0.85 transcript=SSPN1_80950.1 gene=SSPN1_80950
SSPN1_18850.2        -            398 196950at33208        -            623   8.8e-05   21.0   4.2   1   4     0.012       1.2    7.4   0.0   433   481   156   204    93   213 0.71 transcript=SSPN1_18850.2 gene=SSPN1_18850
SSPN1_18850.2        -            398 196950at33208        -            623   8.8e-05   21.0   4.2   2   4     0.014       1.4    7.1   0.0   521   557   162   198   143   241 0.64 transcript=SSPN1_18850.2 gene=SSPN1_18850
SSPN1_18850.2        -            398 196950at33208        -            623   8.8e-05   21.0   4.2   3   4   0.00063     0.063   11.6   0.7     5    86   265   344   260   356 0.82 transcript=SSPN1_18850.2 gene=SSPN1_18850
SSPN1_18850.2        -            398 196950at33208        -            623   8.8e-05   21.0   4.2   4   4      0.44        44    2.2   0.1   430   483   335   390   333   395 0.88 transcript=SSPN1_18850.2 gene=SSPN1_18850
SSPN1_78690.1        -            922 196950at33208        -            623   0.00011   20.6   0.0   1   3    0.0004      0.04   12.2   0.0   133   192     3    69     1    85 0.81 transcript=SSPN1_78690.1 gene=SSPN1_78690
SSPN1_78690.1        -            922 196950at33208        -            623   0.00011   20.6   0.0   2   3         8   7.9e+02   -2.0   0.0   573   590   684   701   671   707 0.83 transcript=SSPN1_78690.1 gene=SSPN1_78690
SSPN1_78690.1        -            922 196950at33208        -            623   0.00011   20.6   0.0   3   3     0.053       5.3    5.2   0.0   559   604   872   916   837   922 0.62 transcript=SSPN1_78690.1 gene=SSPN1_78690
SSPN1_78690.2        -            922 196950at33208        -            623   0.00011   20.6   0.0   1   3    0.0004      0.04   12.2   0.0   133   192     3    69     1    85 0.81 transcript=SSPN1_78690.2 gene=SSPN1_78690
SSPN1_78690.2        -            922 196950at33208        -            623   0.00011   20.6   0.0   2   3         8   7.9e+02   -2.0   0.0   573   590   684   701   671   707 0.83 transcript=SSPN1_78690.2 gene=SSPN1_78690
SSPN1_78690.2        -            922 196950at33208        -            623   0.00011   20.6   0.0   3   3     0.053       5.3    5.2   0.0   559   604   872   916   837   922 0.62 transcript=SSPN1_78690.2 gene=SSPN1_78690
SSPN1_78690.3        -            922 196950at33208        -            623   0.00011   20.6   0.0   1   3    0.0004      0.04   12.2   0.0   133   192     3    69     1    85 0.81 transcript=SSPN1_78690.3 gene=SSPN1_78690
SSPN1_78690.3        -            922 196950at33208        -            623   0.00011   20.6   0.0   2   3         8   7.9e+02   -2.0   0.0   573   590   684   701   671   707 0.83 transcript=SSPN1_78690.3 gene=SSPN1_78690
SSPN1_78690.3        -            922 196950at33208        -            623   0.00011   20.6   0.0   3   3     0.053       5.3    5.2   0.0   559   604   872   916   837   922 0.62 transcript=SSPN1_78690.3 gene=SSPN1_78690
SSPN1_78690.4        -            922 196950at33208        -            623   0.00011   20.6   0.0   1   3    0.0004      0.04   12.2   0.0   133   192     3    69     1    85 0.81 transcript=SSPN1_78690.4 gene=SSPN1_78690
SSPN1_78690.4        -            922 196950at33208        -            623   0.00011   20.6   0.0   2   3         8   7.9e+02   -2.0   0.0   573   590   684   701   671   707 0.83 transcript=SSPN1_78690.4 gene=SSPN1_78690
SSPN1_78690.4        -            922 196950at33208        -            623   0.00011   20.6   0.0   3   3     0.053       5.3    5.2   0.0   559   604   872   916   837   922 0.62 transcript=SSPN1_78690.4 gene=SSPN1_78690
SSPN1_78690.5        -            922 196950at33208        -            623   0.00011   20.6   0.0   1   3    0.0004      0.04   12.2   0.0   133   192     3    69     1    85 0.81 transcript=SSPN1_78690.5 gene=SSPN1_78690
SSPN1_78690.5        -            922 196950at33208        -            623   0.00011   20.6   0.0   2   3         8   7.9e+02   -2.0   0.0   573   590   684   701   671   707 0.83 transcript=SSPN1_78690.5 gene=SSPN1_78690
SSPN1_78690.5        -            922 196950at33208        -            623   0.00011   20.6   0.0   3   3     0.053       5.3    5.2   0.0   559   604   872   916   837   922 0.62 transcript=SSPN1_78690.5 gene=SSPN1_78690
SSPN1_70550.1        -            790 196950at33208        -            623   0.00018   20.0   0.0   1   1   3.1e-06   0.00031   19.2   0.0   203   267   260   325   229   338 0.68 transcript=SSPN1_70550.1 gene=SSPN1_70550
SSPN1_49270.2        -            525 196950at33208        -            623   0.00018   19.9   0.1   1   3    0.0066      0.66    8.2   0.0     4    91     8    92     6   143 0.80 transcript=SSPN1_49270.2 gene=SSPN1_49270
SSPN1_49270.2        -            525 196950at33208        -            623   0.00018   19.9   0.1   2   3     0.054       5.4    5.2   0.0   199   228   415   446   381   460 0.72 transcript=SSPN1_49270.2 gene=SSPN1_49270
SSPN1_49270.2        -            525 196950at33208        -            623   0.00018   19.9   0.1   3   3      0.38        37    2.4   0.0   568   608   471   510   460   515 0.69 transcript=SSPN1_49270.2 gene=SSPN1_49270
SSPN1_49270.3        -            525 196950at33208        -            623   0.00018   19.9   0.1   1   3    0.0066      0.66    8.2   0.0     4    91     8    92     6   143 0.80 transcript=SSPN1_49270.3 gene=SSPN1_49270
SSPN1_49270.3        -            525 196950at33208        -            623   0.00018   19.9   0.1   2   3     0.054       5.4    5.2   0.0   199   228   415   446   381   460 0.72 transcript=SSPN1_49270.3 gene=SSPN1_49270
SSPN1_49270.3        -            525 196950at33208        -            623   0.00018   19.9   0.1   3   3      0.38        37    2.4   0.0   568   608   471   510   460   515 0.69 transcript=SSPN1_49270.3 gene=SSPN1_49270
SSPN1_11680.3        -            298 196950at33208        -            623   0.00024   19.6   0.0   1   1   3.7e-06   0.00037   18.9   0.0   201   294    10   102     3   107 0.76 transcript=SSPN1_11680.3 gene=SSPN1_11680
SSPN1_11680.2        -            301 196950at33208        -            623   0.00024   19.5   0.0   1   1   3.8e-06   0.00037   18.9   0.0   201   294    10   102     3   107 0.76 transcript=SSPN1_11680.2 gene=SSPN1_11680
SSPN1_14500.1        -            491 196950at33208        -            623   0.00049   18.5   0.1   1   2   0.00024     0.024   13.0   0.0    42    90   219   268   185   280 0.84 transcript=SSPN1_14500.1 gene=SSPN1_14500
SSPN1_14500.1        -            491 196950at33208        -            623   0.00049   18.5   0.1   2   2      0.47        47    2.1   0.0   554   600   301   346   283   356 0.81 transcript=SSPN1_14500.1 gene=SSPN1_14500
SSPN1_40840.2        -            418 196950at33208        -            623    0.0007   18.0   0.0   1   1     1e-05     0.001   17.5   0.0   203   270   294   362   258   391 0.83 transcript=SSPN1_40840.2 gene=SSPN1_40840
SSPN1_27220.1        -            581 196950at33208        -            623   0.00081   17.8   0.0   1   2    0.0013      0.13   10.5   0.0     5    72    11    80     6    92 0.77 transcript=SSPN1_27220.1 gene=SSPN1_27220
SSPN1_27220.1        -            581 196950at33208        -            623   0.00081   17.8   0.0   2   2     0.066       6.5    4.9   0.0   446   487   162   203   152   248 0.59 transcript=SSPN1_27220.1 gene=SSPN1_27220
SSPN1_59160.3        -            634 196950at33208        -            623     0.001   17.5   0.0   1   1   2.9e-05    0.0028   16.0   0.0   440   515   125   197   114   207 0.81 transcript=SSPN1_59160.3 gene=SSPN1_59160
SSPN1_6320.5         -            218 196950at33208        -            623    0.0012   17.3   0.0   1   1   1.8e-05    0.0017   16.7   0.0   362   480    20   149    10   156 0.81 transcript=SSPN1_6320.5 gene=SSPN1_6320
SSPN1_6320.7         -            218 196950at33208        -            623    0.0012   17.3   0.0   1   1   1.8e-05    0.0017   16.7   0.0   362   480    20   149    10   156 0.81 transcript=SSPN1_6320.7 gene=SSPN1_6320
SSPN1_6320.6         -            243 196950at33208        -            623    0.0015   17.0   0.0   1   1   2.1e-05    0.0021   16.5   0.0   362   480    45   174    25   181 0.82 transcript=SSPN1_6320.6 gene=SSPN1_6320
SSPN1_17530.1        -            532 196950at33208        -            623    0.0016   16.8   0.0   1   1   2.3e-05    0.0022   16.4   0.0   533   608   249   320   243   332 0.72 transcript=SSPN1_17530.1 gene=SSPN1_17530
SSPN1_36060.1        -             91 196950at33208        -            623     0.002   16.5   0.1   1   1   2.2e-05    0.0022   16.4   0.1   220   293     3    74     1    82 0.91 transcript=SSPN1_36060.1 gene=SSPN1_36060
SSPN1_49270.1        -            483 196950at33208        -            623    0.0029   16.0   0.0   1   2    0.0058      0.57    8.4   0.0     4    91     8    92     6   143 0.80 transcript=SSPN1_49270.1 gene=SSPN1_49270
SSPN1_49270.1        -            483 196950at33208        -            623    0.0029   16.0   0.0   2   2     0.047       4.7    5.4   0.0   199   228   415   446   380   460 0.72 transcript=SSPN1_49270.1 gene=SSPN1_49270
SSPN1_86790.1        -            260 196950at33208        -            623    0.0032   15.8   0.0   1   1   4.4e-05    0.0043   15.4   0.0   214   600   130   188   106   201 0.58 transcript=SSPN1_86790.1 gene=SSPN1_86790
SSPN1_6320.2         -            294 196950at33208        -            623    0.0039   15.6   0.0   1   1   3.9e-05    0.0039   15.6   0.0   362   480    20   149    10   155 0.81 transcript=SSPN1_6320.2 gene=SSPN1_6320
SSPN1_6320.4         -            294 196950at33208        -            623    0.0039   15.6   0.0   1   1   3.9e-05    0.0039   15.6   0.0   362   480    20   149    10   155 0.81 transcript=SSPN1_6320.4 gene=SSPN1_6320
SSPN1_6320.1         -            303 196950at33208        -            623     0.004   15.5   0.0   1   1     4e-05     0.004   15.5   0.0   362   480    29   158    15   164 0.81 transcript=SSPN1_6320.1 gene=SSPN1_6320
SSPN1_6320.3         -            375 196950at33208        -            623    0.0062   14.9   0.0   1   1   6.3e-05    0.0062   14.9   0.0   362   480   101   230    84   236 0.81 transcript=SSPN1_6320.3 gene=SSPN1_6320
SSPN1_1350.2         -            616 196950at33208        -            623    0.0072   14.7   0.5   1   2   0.00028     0.028   12.7   0.1    13    79     1    71     1   139 0.58 transcript=SSPN1_1350.2 gene=SSPN1_1350
SSPN1_1350.2         -            616 196950at33208        -            623    0.0072   14.7   0.5   2   2       2.7   2.7e+02   -0.4   0.0    48    84   564   600   547   606 0.75 transcript=SSPN1_1350.2 gene=SSPN1_1350
SSPN1_85040.1        -            636 196950at33208        -            623    0.0098   14.2   0.0   1   1   0.00014     0.014   13.7   0.0   202   303    18   110     5   127 0.80 transcript=SSPN1_85040.1 gene=SSPN1_85040
SSPN1_25750.1        -            279 196950at33208        -            623     0.011   14.0   0.0   1   1   0.00015     0.015   13.7   0.0     4    78    12    82     9    90 0.88 transcript=SSPN1_25750.1 gene=SSPN1_25750
SSPN1_18000.1        -            671 196950at33208        -            623     0.012   14.0   0.0   1   1   0.00017     0.017   13.4   0.0   219   263    54    98    44   127 0.80 transcript=SSPN1_18000.1 gene=SSPN1_18000
SSPN1_77210.1        -            250 196950at33208        -            623     0.017   13.5   0.0   1   1   0.00021     0.021   13.2   0.0   534   588    10    65     2    82 0.79 transcript=SSPN1_77210.1 gene=SSPN1_77210
SSPN1_30500.1        -           1230 196950at33208        -            623     0.017   13.4   0.5   1   1   0.00039     0.039   12.3   0.0   449   510   220   284   210   301 0.56 transcript=SSPN1_30500.1 gene=SSPN1_30500
SSPN1_80190.1        -            302 196950at33208        -            623      0.02   13.2   0.0   1   2    0.0021      0.21    9.8   0.0     4    63    34    95    20   134 0.60 transcript=SSPN1_80190.1 gene=SSPN1_80190
SSPN1_80190.1        -            302 196950at33208        -            623      0.02   13.2   0.0   2   2      0.94        93    1.1   0.0   449   585   227   278   220   290 0.48 transcript=SSPN1_80190.1 gene=SSPN1_80190
SSPN1_41730.4        -            373 196950at33208        -            623     0.028   12.7   0.0   1   2       0.4        40    2.3   0.0   203   233    26    56    12   107 0.80 transcript=SSPN1_41730.4 gene=SSPN1_41730
SSPN1_41730.4        -            373 196950at33208        -            623     0.028   12.7   0.0   2   2    0.0079      0.78    8.0   0.0   376   415   138   178   131   183 0.81 transcript=SSPN1_41730.4 gene=SSPN1_41730
SSPN1_41730.1        -            522 196950at33208        -            623     0.046   12.0   0.0   1   2      0.68        67    1.6   0.0   203   233    26    56    13    99 0.79 transcript=SSPN1_41730.1 gene=SSPN1_41730
SSPN1_41730.1        -            522 196950at33208        -            623     0.046   12.0   0.0   2   2     0.012       1.2    7.3   0.0   376   415   138   178   131   183 0.81 transcript=SSPN1_41730.1 gene=SSPN1_41730
SSPN1_41730.2        -            522 196950at33208        -            623     0.046   12.0   0.0   1   2      0.68        67    1.6   0.0   203   233    26    56    13    99 0.79 transcript=SSPN1_41730.2 gene=SSPN1_41730
SSPN1_41730.2        -            522 196950at33208        -            623     0.046   12.0   0.0   2   2     0.012       1.2    7.3   0.0   376   415   138   178   131   183 0.81 transcript=SSPN1_41730.2 gene=SSPN1_41730
SSPN1_41730.3        -            522 196950at33208        -            623     0.046   12.0   0.0   1   2      0.68        67    1.6   0.0   203   233    26    56    13    99 0.79 transcript=SSPN1_41730.3 gene=SSPN1_41730
SSPN1_41730.3        -            522 196950at33208        -            623     0.046   12.0   0.0   2   2     0.012       1.2    7.3   0.0   376   415   138   178   131   183 0.81 transcript=SSPN1_41730.3 gene=SSPN1_41730
SSPN1_4220.1         -            221 196950at33208        -            623      0.12   10.7   0.0   1   1    0.0017      0.17   10.1   0.0   218   273    86   141    49   159 0.83 transcript=SSPN1_4220.1 gene=SSPN1_4220
SSPN1_80720.1        -            321 196950at33208        -            623      0.14   10.4   0.0   1   1     0.002       0.2    9.9   0.0   203   274   172   237   166   260 0.86 transcript=SSPN1_80720.1 gene=SSPN1_80720
SSPN1_15760.10       -            111 196950at33208        -            623      0.16   10.2   0.0   1   1    0.0018      0.18   10.1   0.0   209   239    56    86    36    97 0.75 transcript=SSPN1_15760.10 gene=SSPN1_15760
SSPN1_15760.6        -            137 196950at33208        -            623      0.24    9.7   0.0   1   1    0.0028      0.28    9.4   0.0   209   239    82   112    62   123 0.75 transcript=SSPN1_15760.6 gene=SSPN1_15760
SSPN1_15760.7        -            137 196950at33208        -            623      0.24    9.7   0.0   1   1    0.0028      0.28    9.4   0.0   209   239    82   112    62   123 0.75 transcript=SSPN1_15760.7 gene=SSPN1_15760
#
# Program:         hmmsearch
# Version:         3.4 (Aug 2023)
# Pipeline mode:   SEARCH
# Query file:      /users/40483456/busco_datasets/busco_downloads/lineages/metazoa_odb10/hmms/196950at33208.hmm
# Target file:     /users/40483456/protein/schistosoma_spindale.fa
# Option settings: hmmsearch --domtblout /users/40483456/busco/results_pro/schistosoma_spindale_busco/run_metazoa_odb10/hmmer_output/initial_run_results/196950at33208.out --cpu 1 /users/40483456/busco_datasets/busco_downloads/lineages/metazoa_odb10/hmms/196950at33208.hmm /users/40483456/protein/schistosoma_spindale.fa 
# Current dir:     /users/40483456
# Date:            Thu Jan 15 17:58:57 2026
# [ok]
