#                                                                            --- full sequence --- -------------- this domain -------------   hmm coord   ali coord   env coord
# target name        accession   tlen query name           accession   qlen   E-value  score  bias   #  of  c-Evalue  i-Evalue  score  bias  from    to  from    to  from    to  acc description of target
#------------------- ---------- ----- -------------------- ---------- ----- --------- ------ ----- --- --- --------- --------- ------ ----- ----- ----- ----- ----- ----- ----- ---- ---------------------
SSPN1_32020.1        -            455 289928at33208        -            340   1.9e-55  188.3  35.7   1   2   5.7e-31   1.1e-27   97.1  14.9     3   151     7   180     5   201 0.79 transcript=SSPN1_32020.1 gene=SSPN1_32020
SSPN1_32020.1        -            455 289928at33208        -            340   1.9e-55  188.3  35.7   2   2     1e-29   1.9e-26   92.9  12.8   184   338   246   428   229   430 0.75 transcript=SSPN1_32020.1 gene=SSPN1_32020
SSPN1_32020.2        -            478 289928at33208        -            340   4.1e-53  180.6  36.8   1   3   7.2e-08   0.00013   21.1   0.8     3    36     7    40     5    46 0.90 transcript=SSPN1_32020.2 gene=SSPN1_32020
SSPN1_32020.2        -            478 289928at33208        -            340   4.1e-53  180.6  36.8   2   3   5.1e-25   9.6e-22   77.5   8.4    42   151    88   203    79   224 0.87 transcript=SSPN1_32020.2 gene=SSPN1_32020
SSPN1_32020.2        -            478 289928at33208        -            340   4.1e-53  180.6  36.8   3   3   1.1e-29   2.1e-26   92.8  12.8   184   338   269   451   252   453 0.75 transcript=SSPN1_32020.2 gene=SSPN1_32020
SSPN1_89390.1        -            450 289928at33208        -            340   9.5e-14   51.2  20.8   1   2   1.3e-15   2.4e-12   46.6  13.3     2   245    42   310    41   374 0.76 transcript=SSPN1_89390.1 gene=SSPN1_89390
SSPN1_89390.1        -            450 289928at33208        -            340   9.5e-14   51.2  20.8   2   2   0.00063       1.2    8.1   1.6   127   164   386   423   361   434 0.79 transcript=SSPN1_89390.1 gene=SSPN1_89390
SSPN1_89390.2        -            462 289928at33208        -            340   1.3e-13   50.7  21.2   1   2   2.1e-15     4e-12   45.8  13.9     2   245    42   310    41   374 0.76 transcript=SSPN1_89390.2 gene=SSPN1_89390
SSPN1_89390.2        -            462 289928at33208        -            340   1.3e-13   50.7  21.2   2   2   0.00051      0.96    8.4   1.4   127   165   386   424   360   447 0.81 transcript=SSPN1_89390.2 gene=SSPN1_89390
SSPN1_89390.3        -            452 289928at33208        -            340   1.6e-13   50.4  21.5   1   2   8.7e-16   1.7e-12   47.1  12.5     2   244    42   309    41   346 0.75 transcript=SSPN1_89390.3 gene=SSPN1_89390
SSPN1_89390.3        -            452 289928at33208        -            340   1.6e-13   50.4  21.5   2   2   0.00064       1.2    8.1   1.7   127   164   386   423   356   435 0.79 transcript=SSPN1_89390.3 gene=SSPN1_89390
SSPN1_88730.1        -            796 289928at33208        -            340   5.2e-13   48.8   6.2   1   3   2.8e-16   5.2e-13   48.8   6.2    43   172    58   196    25   216 0.76 transcript=SSPN1_88730.1 gene=SSPN1_88730
SSPN1_88730.1        -            796 289928at33208        -            340   5.2e-13   48.8   6.2   2   3    0.0038       7.2    5.6   0.4    77   122   243   288   231   302 0.81 transcript=SSPN1_88730.1 gene=SSPN1_88730
SSPN1_88730.1        -            796 289928at33208        -            340   5.2e-13   48.8   6.2   3   3     0.036        68    2.3   1.2   271   326   332   392   292   396 0.77 transcript=SSPN1_88730.1 gene=SSPN1_88730
SSPN1_88730.2        -            796 289928at33208        -            340   5.2e-13   48.8   6.2   1   3   2.8e-16   5.2e-13   48.8   6.2    43   172    58   196    25   216 0.76 transcript=SSPN1_88730.2 gene=SSPN1_88730
SSPN1_88730.2        -            796 289928at33208        -            340   5.2e-13   48.8   6.2   2   3    0.0038       7.2    5.6   0.4    77   122   243   288   231   302 0.81 transcript=SSPN1_88730.2 gene=SSPN1_88730
SSPN1_88730.2        -            796 289928at33208        -            340   5.2e-13   48.8   6.2   3   3     0.036        68    2.3   1.2   271   326   332   392   292   396 0.77 transcript=SSPN1_88730.2 gene=SSPN1_88730
SSPN1_64620.1        -            561 289928at33208        -            340   0.00021   20.5  24.6   1   3    0.0015       2.9    6.9   4.1     3    31    34    62    32    76 0.84 transcript=SSPN1_64620.1 gene=SSPN1_64620
SSPN1_64620.1        -            561 289928at33208        -            340   0.00021   20.5  24.6   2   3   1.8e-07   0.00034   19.8   5.2    52   280   165   402   155   429 0.72 transcript=SSPN1_64620.1 gene=SSPN1_64620
SSPN1_64620.1        -            561 289928at33208        -            340   0.00021   20.5  24.6   3   3    0.0088        17    4.4   0.8   130   162   450   482   425   497 0.76 transcript=SSPN1_64620.1 gene=SSPN1_64620
SSPN1_64620.2        -            561 289928at33208        -            340   0.00021   20.5  24.6   1   3    0.0015       2.9    6.9   4.1     3    31    34    62    32    76 0.84 transcript=SSPN1_64620.2 gene=SSPN1_64620
SSPN1_64620.2        -            561 289928at33208        -            340   0.00021   20.5  24.6   2   3   1.8e-07   0.00034   19.8   5.2    52   280   165   402   155   429 0.72 transcript=SSPN1_64620.2 gene=SSPN1_64620
SSPN1_64620.2        -            561 289928at33208        -            340   0.00021   20.5  24.6   3   3    0.0088        17    4.4   0.8   130   162   450   482   425   497 0.76 transcript=SSPN1_64620.2 gene=SSPN1_64620
#
# Program:         hmmsearch
# Version:         3.4 (Aug 2023)
# Pipeline mode:   SEARCH
# Query file:      /users/40483456/busco_datasets/busco_downloads/lineages/metazoa_odb10/hmms/289928at33208.hmm
# Target file:     /users/40483456/protein/schistosoma_spindale.fa
# Option settings: hmmsearch --domtblout /users/40483456/busco/results_pro/schistosoma_spindale_busco/run_metazoa_odb10/hmmer_output/initial_run_results/289928at33208.out --cpu 1 /users/40483456/busco_datasets/busco_downloads/lineages/metazoa_odb10/hmms/289928at33208.hmm /users/40483456/protein/schistosoma_spindale.fa 
# Current dir:     /users/40483456
# Date:            Thu Jan 15 17:58:59 2026
# [ok]
