#                                                                            --- full sequence --- -------------- this domain -------------   hmm coord   ali coord   env coord
# target name        accession   tlen query name           accession   qlen   E-value  score  bias   #  of  c-Evalue  i-Evalue  score  bias  from    to  from    to  from    to  acc description of target
#------------------- ---------- ----- -------------------- ---------- ----- --------- ------ ----- --- --- --------- --------- ------ ----- ----- ----- ----- ----- ----- ----- ---- ---------------------
SSPN1_81850.1        -            537 338191at33208        -            489  1.5e-117  393.5  17.8   1   4   7.2e-94   7.7e-91  305.3   0.1   137   310     1   174     1   185 0.96 transcript=SSPN1_81850.1 gene=SSPN1_81850
SSPN1_81850.1        -            537 338191at33208        -            489  1.5e-117  393.5  17.8   2   4     3e-12   3.2e-09   36.2   0.1   296   364   191   271   182   292 0.77 transcript=SSPN1_81850.1 gene=SSPN1_81850
SSPN1_81850.1        -            537 338191at33208        -            489  1.5e-117  393.5  17.8   3   4   8.7e-14   9.2e-11   41.2   3.5   369   447   319   407   265   433 0.80 transcript=SSPN1_81850.1 gene=SSPN1_81850
SSPN1_81850.1        -            537 338191at33208        -            489  1.5e-117  393.5  17.8   4   4   8.7e-07   0.00092   18.1   1.8   432   489   476   536   439   536 0.65 transcript=SSPN1_81850.1 gene=SSPN1_81850
SSPN1_81850.2        -            537 338191at33208        -            489  1.5e-117  393.5  17.8   1   4   7.2e-94   7.7e-91  305.3   0.1   137   310     1   174     1   185 0.96 transcript=SSPN1_81850.2 gene=SSPN1_81850
SSPN1_81850.2        -            537 338191at33208        -            489  1.5e-117  393.5  17.8   2   4     3e-12   3.2e-09   36.2   0.1   296   364   191   271   182   292 0.77 transcript=SSPN1_81850.2 gene=SSPN1_81850
SSPN1_81850.2        -            537 338191at33208        -            489  1.5e-117  393.5  17.8   3   4   8.7e-14   9.2e-11   41.2   3.5   369   447   319   407   265   433 0.80 transcript=SSPN1_81850.2 gene=SSPN1_81850
SSPN1_81850.2        -            537 338191at33208        -            489  1.5e-117  393.5  17.8   4   4   8.7e-07   0.00092   18.1   1.8   432   489   476   536   439   536 0.65 transcript=SSPN1_81850.2 gene=SSPN1_81850
SSPN1_8020.3         -            307 338191at33208        -            489   9.5e-09   34.6   0.0   1   1   1.3e-11   1.3e-08   34.1   0.0   173   285    10   120     5   151 0.77 transcript=SSPN1_8020.3 gene=SSPN1_8020
SSPN1_8020.6         -            307 338191at33208        -            489   9.5e-09   34.6   0.0   1   1   1.3e-11   1.3e-08   34.1   0.0   173   285    10   120     5   151 0.77 transcript=SSPN1_8020.6 gene=SSPN1_8020
SSPN1_8020.7         -            350 338191at33208        -            489   1.1e-08   34.4   0.0   1   1   1.6e-11   1.7e-08   33.8   0.0   173   285    66   176    59   206 0.77 transcript=SSPN1_8020.7 gene=SSPN1_8020
SSPN1_8020.1         -            363 338191at33208        -            489   1.2e-08   34.2   0.0   1   1   1.7e-11   1.8e-08   33.7   0.0   173   284    66   175    59   206 0.77 transcript=SSPN1_8020.1 gene=SSPN1_8020
SSPN1_8020.2         -            363 338191at33208        -            489   1.2e-08   34.2   0.0   1   1   1.7e-11   1.8e-08   33.7   0.0   173   284    66   175    59   206 0.77 transcript=SSPN1_8020.2 gene=SSPN1_8020
SSPN1_8020.5         -            363 338191at33208        -            489   1.2e-08   34.2   0.0   1   1   1.7e-11   1.8e-08   33.7   0.0   173   284    66   175    59   206 0.77 transcript=SSPN1_8020.5 gene=SSPN1_8020
SSPN1_29030.1        -            366 338191at33208        -            489   6.6e-08   31.8   0.0   1   2   2.2e-10   2.4e-07   30.0   0.0   173   268    67   162    62   178 0.86 transcript=SSPN1_29030.1 gene=SSPN1_29030
SSPN1_29030.1        -            366 338191at33208        -            489   6.6e-08   31.8   0.0   2   2      0.69   7.3e+02   -1.3   0.2   255   298   215   255   202   261 0.78 transcript=SSPN1_29030.1 gene=SSPN1_29030
SSPN1_20510.1        -            585 338191at33208        -            489   9.4e-06   24.7   0.0   1   1   1.4e-08   1.5e-05   24.0   0.0   149   293    53   198    37   238 0.78 transcript=SSPN1_20510.1 gene=SSPN1_20510
SSPN1_85530.1        -            522 338191at33208        -            489     5e-05   22.3   0.0   1   2       3.2   3.4e+03   -3.5   0.0   274   296   238   257   214   260 0.62 transcript=SSPN1_85530.1 gene=SSPN1_85530
SSPN1_85530.1        -            522 338191at33208        -            489     5e-05   22.3   0.0   2   2     1e-07   0.00011   21.2   0.0   170   262   308   398   290   413 0.84 transcript=SSPN1_85530.1 gene=SSPN1_85530
SSPN1_1550.1         -            524 338191at33208        -            489   0.00074   18.5   0.0   1   2      0.65   6.9e+02   -1.2   0.0   255   292    17    52     4    65 0.65 transcript=SSPN1_1550.1 gene=SSPN1_1550
SSPN1_1550.1         -            524 338191at33208        -            489   0.00074   18.5   0.0   2   2   3.1e-06    0.0033   16.3   0.0   174   210   288   324   284   330 0.89 transcript=SSPN1_1550.1 gene=SSPN1_1550
SSPN1_78580.1        -            404 338191at33208        -            489    0.0091   14.9   0.0   1   2   2.8e-05     0.029   13.2   0.0   173   227   155   210   152   224 0.86 transcript=SSPN1_78580.1 gene=SSPN1_78580
SSPN1_78580.1        -            404 338191at33208        -            489    0.0091   14.9   0.0   2   2      0.68   7.2e+02   -1.3   0.0   220   234   302   316   242   358 0.81 transcript=SSPN1_78580.1 gene=SSPN1_78580
SSPN1_78580.2        -            404 338191at33208        -            489    0.0091   14.9   0.0   1   2   2.8e-05     0.029   13.2   0.0   173   227   155   210   152   224 0.86 transcript=SSPN1_78580.2 gene=SSPN1_78580
SSPN1_78580.2        -            404 338191at33208        -            489    0.0091   14.9   0.0   2   2      0.68   7.2e+02   -1.3   0.0   220   234   302   316   242   358 0.81 transcript=SSPN1_78580.2 gene=SSPN1_78580
SSPN1_78580.3        -            404 338191at33208        -            489    0.0091   14.9   0.0   1   2   2.8e-05     0.029   13.2   0.0   173   227   155   210   152   224 0.86 transcript=SSPN1_78580.3 gene=SSPN1_78580
SSPN1_78580.3        -            404 338191at33208        -            489    0.0091   14.9   0.0   2   2      0.68   7.2e+02   -1.3   0.0   220   234   302   316   242   358 0.81 transcript=SSPN1_78580.3 gene=SSPN1_78580
SSPN1_1120.1         -            396 338191at33208        -            489     0.082   11.7   0.1   1   1   0.00016      0.17   10.7   0.1   173   202    26    55    18    57 0.89 transcript=SSPN1_1120.1 gene=SSPN1_1120
#
# Program:         hmmsearch
# Version:         3.4 (Aug 2023)
# Pipeline mode:   SEARCH
# Query file:      /users/40483456/busco_datasets/busco_downloads/lineages/metazoa_odb10/hmms/338191at33208.hmm
# Target file:     /users/40483456/protein/schistosoma_spindale.fa
# Option settings: hmmsearch --domtblout /users/40483456/busco/results_pro/schistosoma_spindale_busco/run_metazoa_odb10/hmmer_output/initial_run_results/338191at33208.out --cpu 1 /users/40483456/busco_datasets/busco_downloads/lineages/metazoa_odb10/hmms/338191at33208.hmm /users/40483456/protein/schistosoma_spindale.fa 
# Current dir:     /users/40483456
# Date:            Thu Jan 15 17:59:07 2026
# [ok]
