#                                                                            --- full sequence --- -------------- this domain -------------   hmm coord   ali coord   env coord
# target name        accession   tlen query name           accession   qlen   E-value  score  bias   #  of  c-Evalue  i-Evalue  score  bias  from    to  from    to  from    to  acc description of target
#------------------- ---------- ----- -------------------- ---------- ----- --------- ------ ----- --- --- --------- --------- ------ ----- ----- ----- ----- ----- ----- ----- ---- ---------------------
SSPN1_52200.1        -            656 382262at33208        -            147     2e-36  125.2  22.0   1   5   1.3e-18   2.2e-15   56.9   0.0     1    46    35    81    35   130 0.81 transcript=SSPN1_52200.1 gene=SSPN1_52200
SSPN1_52200.1        -            656 382262at33208        -            147     2e-36  125.2  22.0   2   5   0.00018      0.31   11.0   0.2    33    91   198   258   187   279 0.77 transcript=SSPN1_52200.1 gene=SSPN1_52200
SSPN1_52200.1        -            656 382262at33208        -            147     2e-36  125.2  22.0   3   5   8.4e-20   1.4e-16   60.8   4.0    51   130   447   538   417   544 0.69 transcript=SSPN1_52200.1 gene=SSPN1_52200
SSPN1_52200.1        -            656 382262at33208        -            147     2e-36  125.2  22.0   4   5      0.26   4.5e+02    0.8   1.1   113   129   553   570   546   577 0.71 transcript=SSPN1_52200.1 gene=SSPN1_52200
SSPN1_52200.1        -            656 382262at33208        -            147     2e-36  125.2  22.0   5   5     0.013        22    5.1   0.1   113   144   596   630   587   633 0.70 transcript=SSPN1_52200.1 gene=SSPN1_52200
SSPN1_52200.2        -            483 382262at33208        -            147   3.2e-19   69.4  21.5   1   4   0.00012       0.2   11.6   0.2    33    93    25    87    14   106 0.77 transcript=SSPN1_52200.2 gene=SSPN1_52200
SSPN1_52200.2        -            483 382262at33208        -            147   3.2e-19   69.4  21.5   2   4   4.5e-20   7.6e-17   61.7   3.9    51   130   274   365   244   375 0.70 transcript=SSPN1_52200.2 gene=SSPN1_52200
SSPN1_52200.2        -            483 382262at33208        -            147   3.2e-19   69.4  21.5   3   4      0.21   3.6e+02    1.1   1.3   113   129   380   397   373   404 0.71 transcript=SSPN1_52200.2 gene=SSPN1_52200
SSPN1_52200.2        -            483 382262at33208        -            147   3.2e-19   69.4  21.5   4   4    0.0089        15    5.6   0.1   113   144   423   457   415   460 0.69 transcript=SSPN1_52200.2 gene=SSPN1_52200
SSPN1_10530.1        -            378 382262at33208        -            147       0.1   12.6  11.7   1   2   0.00018      0.31   11.0   4.7    91   140   135   185   118   192 0.83 transcript=SSPN1_10530.1 gene=SSPN1_10530
SSPN1_10530.1        -            378 382262at33208        -            147       0.1   12.6  11.7   2   2     0.012        20    5.1   0.6    79   112   203   238   189   242 0.89 transcript=SSPN1_10530.1 gene=SSPN1_10530
SSPN1_35600.3        -            730 382262at33208        -            147       1.6    8.7   6.6   1   1    0.0033       5.6    7.0   6.6    71   141   175   244   135   247 0.66 transcript=SSPN1_35600.3 gene=SSPN1_35600
SSPN1_35600.6        -            730 382262at33208        -            147       1.6    8.7   6.6   1   1    0.0033       5.6    7.0   6.6    71   141   175   244   135   247 0.66 transcript=SSPN1_35600.6 gene=SSPN1_35600
SSPN1_35600.5        -            800 382262at33208        -            147       1.8    8.6   6.6   1   1    0.0038       6.4    6.8   6.6    71   141   175   244   135   247 0.66 transcript=SSPN1_35600.5 gene=SSPN1_35600
SSPN1_31830.5        -           1135 382262at33208        -            147       3.4    7.6   8.8   1   3   0.00041       0.7    9.9   0.1    14    51    31    68    17   131 0.67 transcript=SSPN1_31830.5 gene=SSPN1_31830
SSPN1_31830.5        -           1135 382262at33208        -            147       3.4    7.6   8.8   2   3      0.33   5.5e+02    0.5   0.4    74   103   220   248   191   288 0.59 transcript=SSPN1_31830.5 gene=SSPN1_31830
SSPN1_31830.5        -           1135 382262at33208        -            147       3.4    7.6   8.8   3   3      0.79   1.3e+03   -0.8   0.4    46    80   783   817   765   824 0.69 transcript=SSPN1_31830.5 gene=SSPN1_31830
SSPN1_31830.4        -           1144 382262at33208        -            147       3.5    7.6   8.8   1   3   0.00042      0.71    9.9   0.1    14    50    49    85    35   149 0.67 transcript=SSPN1_31830.4 gene=SSPN1_31830
SSPN1_31830.4        -           1144 382262at33208        -            147       3.5    7.6   8.8   2   3      0.33   5.6e+02    0.5   0.4    74   103   238   266   209   306 0.59 transcript=SSPN1_31830.4 gene=SSPN1_31830
SSPN1_31830.4        -           1144 382262at33208        -            147       3.5    7.6   8.8   3   3      0.79   1.3e+03   -0.8   0.4    46    80   801   835   783   842 0.69 transcript=SSPN1_31830.4 gene=SSPN1_31830
SSPN1_31830.2        -           1153 382262at33208        -            147       3.6    7.6   8.8   1   3   0.00042      0.72    9.9   0.1    14    50    49    85    35   149 0.67 transcript=SSPN1_31830.2 gene=SSPN1_31830
SSPN1_31830.2        -           1153 382262at33208        -            147       3.6    7.6   8.8   2   3      0.33   5.6e+02    0.5   0.4    74   103   238   266   209   306 0.59 transcript=SSPN1_31830.2 gene=SSPN1_31830
SSPN1_31830.2        -           1153 382262at33208        -            147       3.6    7.6   8.8   3   3       0.8   1.4e+03   -0.8   0.4    46    80   801   835   783   842 0.69 transcript=SSPN1_31830.2 gene=SSPN1_31830
SSPN1_28270.1        -            845 382262at33208        -            147         5    7.1  13.8   1   3      0.39   6.7e+02    0.2   4.1    79   111    15    49     7    68 0.63 transcript=SSPN1_28270.1 gene=SSPN1_28270
SSPN1_28270.1        -            845 382262at33208        -            147         5    7.1  13.8   2   3    0.0052       8.8    6.3   2.0    79   112    45    84    41    91 0.71 transcript=SSPN1_28270.1 gene=SSPN1_28270
SSPN1_28270.1        -            845 382262at33208        -            147         5    7.1  13.8   3   3     0.017        29    4.7   0.2    35   120   683   770   679   791 0.86 transcript=SSPN1_28270.1 gene=SSPN1_28270
#
# Program:         hmmsearch
# Version:         3.4 (Aug 2023)
# Pipeline mode:   SEARCH
# Query file:      /users/40483456/busco_datasets/busco_downloads/lineages/metazoa_odb10/hmms/382262at33208.hmm
# Target file:     /users/40483456/protein/schistosoma_spindale.fa
# Option settings: hmmsearch --domtblout /users/40483456/busco/results_pro/schistosoma_spindale_busco/run_metazoa_odb10/hmmer_output/initial_run_results/382262at33208.out --cpu 1 /users/40483456/busco_datasets/busco_downloads/lineages/metazoa_odb10/hmms/382262at33208.hmm /users/40483456/protein/schistosoma_spindale.fa 
# Current dir:     /users/40483456
# Date:            Thu Jan 15 17:59:15 2026
# [ok]
