#                                                                            --- full sequence --- -------------- this domain -------------   hmm coord   ali coord   env coord
# target name        accession   tlen query name           accession   qlen   E-value  score  bias   #  of  c-Evalue  i-Evalue  score  bias  from    to  from    to  from    to  acc description of target
#------------------- ---------- ----- -------------------- ---------- ----- --------- ------ ----- --- --- --------- --------- ------ ----- ----- ----- ----- ----- ----- ----- ---- ---------------------
SSPN1_15630.2        -            436 397019at33208        -            323    2e-146  487.3   3.4   1   3  1.1e-148  8.8e-146  485.2   0.1    14   291    38   322    19   332 0.94 transcript=SSPN1_15630.2 gene=SSPN1_15630
SSPN1_15630.2        -            436 397019at33208        -            323    2e-146  487.3   3.4   2   3      0.28   2.2e+02    0.8   0.1   287   304   355   372   337   389 0.75 transcript=SSPN1_15630.2 gene=SSPN1_15630
SSPN1_15630.2        -            436 397019at33208        -            323    2e-146  487.3   3.4   3   3      0.33   2.5e+02    0.6   0.1   301   323   414   436   377   436 0.76 transcript=SSPN1_15630.2 gene=SSPN1_15630
SSPN1_15630.1        -            342 397019at33208        -            323    1e-113  379.8   2.5   1   3  1.7e-115  1.3e-112  376.2   0.0    71   291     1   228     1   238 0.97 transcript=SSPN1_15630.1 gene=SSPN1_15630
SSPN1_15630.1        -            342 397019at33208        -            323    1e-113  379.8   2.5   2   3       0.2   1.5e+02    1.3   0.1   287   304   261   278   242   295 0.75 transcript=SSPN1_15630.1 gene=SSPN1_15630
SSPN1_15630.1        -            342 397019at33208        -            323    1e-113  379.8   2.5   3   3      0.24   1.9e+02    1.1   0.1   300   323   319   342   284   342 0.76 transcript=SSPN1_15630.1 gene=SSPN1_15630
SSPN1_27260.1        -            459 397019at33208        -            323   4.9e-15   55.6   0.1   1   1   1.1e-17   8.3e-15   54.8   0.1    32   177    13   150     4   168 0.84 transcript=SSPN1_27260.1 gene=SSPN1_27260
SSPN1_21210.3        -           1315 397019at33208        -            323   3.4e-11   42.9   0.3   1   4   4.9e-05     0.038   13.2   0.0    49   134    23   111     4   152 0.86 transcript=SSPN1_21210.3 gene=SSPN1_21210
SSPN1_21210.3        -           1315 397019at33208        -            323   3.4e-11   42.9   0.3   2   4     0.064        49    3.0   0.0    33    70   426   463   411   480 0.78 transcript=SSPN1_21210.3 gene=SSPN1_21210
SSPN1_21210.3        -           1315 397019at33208        -            323   3.4e-11   42.9   0.3   3   4   5.3e-07   0.00041   19.6   0.0    64   127   578   642   560   742 0.84 transcript=SSPN1_21210.3 gene=SSPN1_21210
SSPN1_21210.3        -           1315 397019at33208        -            323   3.4e-11   42.9   0.3   4   4      0.39     3e+02    0.4   0.0   225   250  1177  1202  1166  1248 0.73 transcript=SSPN1_21210.3 gene=SSPN1_21210
SSPN1_21210.4        -            956 397019at33208        -            323     4e-11   42.7   0.0   1   3   3.2e-05     0.025   13.8   0.0    49   134    23   111     3   153 0.86 transcript=SSPN1_21210.4 gene=SSPN1_21210
SSPN1_21210.4        -            956 397019at33208        -            323     4e-11   42.7   0.0   2   3     0.044        34    3.5   0.0    33    70   426   463   411   480 0.78 transcript=SSPN1_21210.4 gene=SSPN1_21210
SSPN1_21210.4        -            956 397019at33208        -            323     4e-11   42.7   0.0   3   3   3.6e-07   0.00028   20.2   0.0    65   127   579   642   562   741 0.83 transcript=SSPN1_21210.4 gene=SSPN1_21210
SSPN1_21210.2        -           1385 397019at33208        -            323   4.3e-11   42.6   0.3   1   4   5.2e-05      0.04   13.1   0.0    49   134    23   111     4   151 0.86 transcript=SSPN1_21210.2 gene=SSPN1_21210
SSPN1_21210.2        -           1385 397019at33208        -            323   4.3e-11   42.6   0.3   2   4     0.067        52    2.9   0.0    33    70   426   463   411   480 0.78 transcript=SSPN1_21210.2 gene=SSPN1_21210
SSPN1_21210.2        -           1385 397019at33208        -            323   4.3e-11   42.6   0.3   3   4   5.9e-07   0.00046   19.5   0.0    65   127   579   642   562   740 0.84 transcript=SSPN1_21210.2 gene=SSPN1_21210
SSPN1_21210.2        -           1385 397019at33208        -            323   4.3e-11   42.6   0.3   4   4      0.41   3.2e+02    0.3   0.0   225   250  1177  1202  1166  1248 0.73 transcript=SSPN1_21210.2 gene=SSPN1_21210
SSPN1_62740.10       -            884 397019at33208        -            323   1.2e-09   37.8   0.0   1   2   0.00031      0.24   10.5   0.0    50   145    63   159    40   171 0.87 transcript=SSPN1_62740.10 gene=SSPN1_62740
SSPN1_62740.10       -            884 397019at33208        -            323   1.2e-09   37.8   0.0   2   2   2.1e-08   1.6e-05   24.3   0.0    49   200   463   617   459   624 0.74 transcript=SSPN1_62740.10 gene=SSPN1_62740
SSPN1_62740.3        -            920 397019at33208        -            323   1.2e-09   37.8   0.0   1   2   0.00033      0.26   10.5   0.0    50   145    63   159    40   171 0.87 transcript=SSPN1_62740.3 gene=SSPN1_62740
SSPN1_62740.3        -            920 397019at33208        -            323   1.2e-09   37.8   0.0   2   2   2.2e-08   1.7e-05   24.2   0.0    49   200   463   617   459   624 0.74 transcript=SSPN1_62740.3 gene=SSPN1_62740
SSPN1_62740.7        -            920 397019at33208        -            323   1.2e-09   37.8   0.0   1   2   0.00033      0.26   10.5   0.0    50   145    63   159    40   171 0.87 transcript=SSPN1_62740.7 gene=SSPN1_62740
SSPN1_62740.7        -            920 397019at33208        -            323   1.2e-09   37.8   0.0   2   2   2.2e-08   1.7e-05   24.2   0.0    49   200   463   617   459   624 0.74 transcript=SSPN1_62740.7 gene=SSPN1_62740
SSPN1_62740.8        -            920 397019at33208        -            323   1.2e-09   37.8   0.0   1   2   0.00033      0.26   10.5   0.0    50   145    63   159    40   171 0.87 transcript=SSPN1_62740.8 gene=SSPN1_62740
SSPN1_62740.8        -            920 397019at33208        -            323   1.2e-09   37.8   0.0   2   2   2.2e-08   1.7e-05   24.2   0.0    49   200   463   617   459   624 0.74 transcript=SSPN1_62740.8 gene=SSPN1_62740
SSPN1_62740.12       -           1010 397019at33208        -            323   1.5e-09   37.5   0.0   1   2   0.00038      0.29   10.3   0.0    50   145    63   159    41   171 0.87 transcript=SSPN1_62740.12 gene=SSPN1_62740
SSPN1_62740.12       -           1010 397019at33208        -            323   1.5e-09   37.5   0.0   2   2   2.5e-08     2e-05   24.0   0.0    49   200   463   617   459   624 0.74 transcript=SSPN1_62740.12 gene=SSPN1_62740
SSPN1_62740.4        -           1010 397019at33208        -            323   1.5e-09   37.5   0.0   1   2   0.00038      0.29   10.3   0.0    50   145    63   159    41   171 0.87 transcript=SSPN1_62740.4 gene=SSPN1_62740
SSPN1_62740.4        -           1010 397019at33208        -            323   1.5e-09   37.5   0.0   2   2   2.5e-08     2e-05   24.0   0.0    49   200   463   617   459   624 0.74 transcript=SSPN1_62740.4 gene=SSPN1_62740
SSPN1_62740.9        -           1010 397019at33208        -            323   1.5e-09   37.5   0.0   1   2   0.00038      0.29   10.3   0.0    50   145    63   159    41   171 0.87 transcript=SSPN1_62740.9 gene=SSPN1_62740
SSPN1_62740.9        -           1010 397019at33208        -            323   1.5e-09   37.5   0.0   2   2   2.5e-08     2e-05   24.0   0.0    49   200   463   617   459   624 0.74 transcript=SSPN1_62740.9 gene=SSPN1_62740
SSPN1_62740.5        -           1023 397019at33208        -            323   1.7e-09   37.4   0.0   1   2   0.00042      0.32   10.1   0.0    50   145    29   125    14   137 0.87 transcript=SSPN1_62740.5 gene=SSPN1_62740
SSPN1_62740.5        -           1023 397019at33208        -            323   1.7e-09   37.4   0.0   2   2   2.6e-08     2e-05   24.0   0.0    49   200   429   583   425   590 0.74 transcript=SSPN1_62740.5 gene=SSPN1_62740
SSPN1_62740.1        -           1057 397019at33208        -            323   1.7e-09   37.3   0.0   1   2    0.0004      0.31   10.2   0.0    50   145    63   159    41   171 0.87 transcript=SSPN1_62740.1 gene=SSPN1_62740
SSPN1_62740.1        -           1057 397019at33208        -            323   1.7e-09   37.3   0.0   2   2   2.7e-08   2.1e-05   23.9   0.0    49   200   463   617   459   624 0.74 transcript=SSPN1_62740.1 gene=SSPN1_62740
SSPN1_62740.2        -           1057 397019at33208        -            323   1.7e-09   37.3   0.0   1   2    0.0004      0.31   10.2   0.0    50   145    63   159    41   171 0.87 transcript=SSPN1_62740.2 gene=SSPN1_62740
SSPN1_62740.2        -           1057 397019at33208        -            323   1.7e-09   37.3   0.0   2   2   2.7e-08   2.1e-05   23.9   0.0    49   200   463   617   459   624 0.74 transcript=SSPN1_62740.2 gene=SSPN1_62740
SSPN1_81920.1        -            772 397019at33208        -            323   4.4e-07   29.4   0.1   1   3   5.7e-10   4.4e-07   29.4   0.1    55   173     8   120     3   139 0.84 transcript=SSPN1_81920.1 gene=SSPN1_81920
SSPN1_81920.1        -            772 397019at33208        -            323   4.4e-07   29.4   0.1   2   3       3.2   2.5e+03   -2.6   0.0   228   246   440   458   433   470 0.69 transcript=SSPN1_81920.1 gene=SSPN1_81920
SSPN1_81920.1        -            772 397019at33208        -            323   4.4e-07   29.4   0.1   3   3       3.7   2.9e+03   -2.9   0.7   108   137   685   715   672   730 0.67 transcript=SSPN1_81920.1 gene=SSPN1_81920
SSPN1_21210.1        -           1252 397019at33208        -            323   8.1e-07   28.5   0.1   1   3      0.06        46    3.0   0.0    33    70   293   330   278   347 0.78 transcript=SSPN1_21210.1 gene=SSPN1_21210
SSPN1_21210.1        -           1252 397019at33208        -            323   8.1e-07   28.5   0.1   2   3   5.2e-07    0.0004   19.7   0.0    65   127   446   509   429   607 0.84 transcript=SSPN1_21210.1 gene=SSPN1_21210
SSPN1_21210.1        -           1252 397019at33208        -            323   8.1e-07   28.5   0.1   3   3      0.36   2.8e+02    0.5   0.0   225   250  1044  1069  1033  1115 0.73 transcript=SSPN1_21210.1 gene=SSPN1_21210
SSPN1_62740.11       -            807 397019at33208        -            323   3.9e-06   26.3   0.0   1   2       3.9     3e+03   -2.9   0.0   126   126   116   116    73   162 0.52 transcript=SSPN1_62740.11 gene=SSPN1_62740
SSPN1_62740.11       -            807 397019at33208        -            323   3.9e-06   26.3   0.0   2   2   1.8e-08   1.4e-05   24.5   0.0    49   200   213   367   209   374 0.74 transcript=SSPN1_62740.11 gene=SSPN1_62740
SSPN1_62740.6        -            843 397019at33208        -            323   4.3e-06   26.1   0.0   1   1   1.9e-08   1.5e-05   24.4   0.0    49   200   249   403   245   410 0.74 transcript=SSPN1_62740.6 gene=SSPN1_62740
SSPN1_56070.1        -            921 397019at33208        -            323     6e-05   22.4   0.1   1   2   2.6e-07    0.0002   20.7   0.0    54   124   517   588   508   630 0.82 transcript=SSPN1_56070.1 gene=SSPN1_56070
SSPN1_56070.1        -            921 397019at33208        -            323     6e-05   22.4   0.1   2   2       4.6   3.6e+03   -3.2   0.0   186   203   655   672   648   675 0.87 transcript=SSPN1_56070.1 gene=SSPN1_56070
SSPN1_50820.1        -            352 397019at33208        -            323    0.0015   17.8   0.0   1   1   3.1e-06    0.0024   17.1   0.0    45   141    28   125     9   140 0.89 transcript=SSPN1_50820.1 gene=SSPN1_50820
#
# Program:         hmmsearch
# Version:         3.4 (Aug 2023)
# Pipeline mode:   SEARCH
# Query file:      /users/40483456/busco_datasets/busco_downloads/lineages/metazoa_odb10/hmms/397019at33208.hmm
# Target file:     /users/40483456/protein/schistosoma_spindale.fa
# Option settings: hmmsearch --domtblout /users/40483456/busco/results_pro/schistosoma_spindale_busco/run_metazoa_odb10/hmmer_output/initial_run_results/397019at33208.out --cpu 1 /users/40483456/busco_datasets/busco_downloads/lineages/metazoa_odb10/hmms/397019at33208.hmm /users/40483456/protein/schistosoma_spindale.fa 
# Current dir:     /users/40483456
# Date:            Thu Jan 15 17:59:17 2026
# [ok]
