#                                                                            --- full sequence --- -------------- this domain -------------   hmm coord   ali coord   env coord
# target name        accession   tlen query name           accession   qlen   E-value  score  bias   #  of  c-Evalue  i-Evalue  score  bias  from    to  from    to  from    to  acc description of target
#------------------- ---------- ----- -------------------- ---------- ----- --------- ------ ----- --- --- --------- --------- ------ ----- ----- ----- ----- ----- ----- ----- ---- ---------------------
SSPN1_52710.1        -            306 465401at33208        -            212   1.6e-08   34.2   0.1   1   1   1.8e-11   2.5e-08   33.7   0.1    29   132   107   225    83   254 0.73 transcript=SSPN1_52710.1 gene=SSPN1_52710
SSPN1_28850.1        -            363 465401at33208        -            212   3.8e-08   33.0   0.1   1   2       4.7   6.7e+03   -3.7   0.0   108   150    39    55    28    73 0.56 transcript=SSPN1_28850.1 gene=SSPN1_28850
SSPN1_28850.1        -            363 465401at33208        -            212   3.8e-08   33.0   0.1   2   2   5.5e-11   7.8e-08   32.0   0.0    25   160   172   319   147   323 0.81 transcript=SSPN1_28850.1 gene=SSPN1_28850
SSPN1_2600.1         -            411 465401at33208        -            212   1.4e-07   31.2   1.1   1   1   1.8e-10   2.6e-07   30.4   1.1    27   155   213   357   189   370 0.75 transcript=SSPN1_2600.1 gene=SSPN1_2600
SSPN1_14900.1        -            354 465401at33208        -            212   5.7e-07   29.2   0.6   1   1   8.5e-10   1.2e-06   28.2   0.6    25   160   164   317   151   346 0.76 transcript=SSPN1_14900.1 gene=SSPN1_14900
SSPN1_40920.1        -            354 465401at33208        -            212   2.4e-06   27.2   0.2   1   2   1.2e-06    0.0017   17.9   0.1    41    81   140   180   103   184 0.84 transcript=SSPN1_40920.1 gene=SSPN1_40920
SSPN1_40920.1        -            354 465401at33208        -            212   2.4e-06   27.2   0.2   2   2    0.0029       4.2    6.8   0.0   114   168   202   262   192   287 0.69 transcript=SSPN1_40920.1 gene=SSPN1_40920
SSPN1_14910.1        -            475 465401at33208        -            212   4.7e-05   23.0   0.1   1   2   0.00075       1.1    8.7   0.0    13    56   269   311   261   330 0.81 transcript=SSPN1_14910.1 gene=SSPN1_14910
SSPN1_14910.1        -            475 465401at33208        -            212   4.7e-05   23.0   0.1   2   2   7.9e-05      0.11   11.9   0.0   109   156   383   430   371   436 0.91 transcript=SSPN1_14910.1 gene=SSPN1_14910
SSPN1_14920.1        -            483 465401at33208        -            212   0.00012   21.7   0.3   1   1   3.6e-07   0.00052   19.6   0.3    25   157   292   441   277   462 0.70 transcript=SSPN1_14920.1 gene=SSPN1_14920
SSPN1_28860.1        -            401 465401at33208        -            212   0.00012   21.6   0.0   1   1     2e-07   0.00028   20.4   0.0    27   196   203   389   186   398 0.69 transcript=SSPN1_28860.1 gene=SSPN1_28860
SSPN1_28860.2        -            401 465401at33208        -            212   0.00012   21.6   0.0   1   1     2e-07   0.00028   20.4   0.0    27   196   203   389   186   398 0.69 transcript=SSPN1_28860.2 gene=SSPN1_28860
SSPN1_14930.1        -            475 465401at33208        -            212   0.00031   20.3   0.2   1   1   4.8e-07   0.00068   19.2   0.2    17   162   285   449   272   467 0.65 transcript=SSPN1_14930.1 gene=SSPN1_14930
SSPN1_69720.1        -            426 465401at33208        -            212   0.00044   19.8   4.0   1   3       2.3   3.2e+03   -2.6   0.3   122   133    60    71    42   119 0.61 transcript=SSPN1_69720.1 gene=SSPN1_69720
SSPN1_69720.1        -            426 465401at33208        -            212   0.00044   19.8   4.0   2   3   1.3e-06    0.0019   17.7   0.2    45    81   223   259   207   261 0.88 transcript=SSPN1_69720.1 gene=SSPN1_69720
SSPN1_69720.1        -            426 465401at33208        -            212   0.00044   19.8   4.0   3   3     0.056        79    2.6   0.0   114   134   281   301   270   336 0.74 transcript=SSPN1_69720.1 gene=SSPN1_69720
SSPN1_67760.1        -            398 465401at33208        -            212    0.0016   17.9   5.9   1   2       1.1   1.5e+03   -1.6   0.2    54    79    26    51     2    55 0.61 transcript=SSPN1_67760.1 gene=SSPN1_67760
SSPN1_67760.1        -            398 465401at33208        -            212    0.0016   17.9   5.9   2   2   4.3e-06    0.0061   16.1   1.0    45    82   196   233   179   352 0.79 transcript=SSPN1_67760.1 gene=SSPN1_67760
#
# Program:         hmmsearch
# Version:         3.4 (Aug 2023)
# Pipeline mode:   SEARCH
# Query file:      /users/40483456/busco_datasets/busco_downloads/lineages/metazoa_odb10/hmms/465401at33208.hmm
# Target file:     /users/40483456/protein/schistosoma_spindale.fa
# Option settings: hmmsearch --domtblout /users/40483456/busco/results_pro/schistosoma_spindale_busco/run_metazoa_odb10/hmmer_output/initial_run_results/465401at33208.out --cpu 1 /users/40483456/busco_datasets/busco_downloads/lineages/metazoa_odb10/hmms/465401at33208.hmm /users/40483456/protein/schistosoma_spindale.fa 
# Current dir:     /users/40483456
# Date:            Thu Jan 15 17:59:26 2026
# [ok]
