#                                                                            --- full sequence --- -------------- this domain -------------   hmm coord   ali coord   env coord
# target name        accession   tlen query name           accession   qlen   E-value  score  bias   #  of  c-Evalue  i-Evalue  score  bias  from    to  from    to  from    to  acc description of target
#------------------- ---------- ----- -------------------- ---------- ----- --------- ------ ----- --- --- --------- --------- ------ ----- ----- ----- ----- ----- ----- ----- ---- ---------------------
SSPN1_8550.1         -            258 495329at33208        -            179   9.1e-19   67.4   0.4   1   1   2.4e-20   5.9e-17   61.5   0.4     9   115    31   159    28   172 0.83 transcript=SSPN1_8550.1 gene=SSPN1_8550
SSPN1_78500.1        -            239 495329at33208        -            179   6.2e-15   54.9   0.0   1   1   3.3e-18   7.9e-15   54.6   0.0     9   123    17   144     9   185 0.83 transcript=SSPN1_78500.1 gene=SSPN1_78500
SSPN1_78500.2        -            239 495329at33208        -            179   6.2e-15   54.9   0.0   1   1   3.3e-18   7.9e-15   54.6   0.0     9   123    17   144     9   185 0.83 transcript=SSPN1_78500.2 gene=SSPN1_78500
SSPN1_58170.1        -            239 495329at33208        -            179   1.5e-08   34.1   0.3   1   1   2.7e-11   6.5e-08   32.0   0.3     9   114    44   168    38   205 0.78 transcript=SSPN1_58170.1 gene=SSPN1_58170
SSPN1_15580.1        -            426 495329at33208        -            179     0.017   14.4   0.3   1   2   0.00041         1    8.6   0.1     4    26   154   176   151   180 0.92 transcript=SSPN1_15580.1 gene=SSPN1_15580
SSPN1_15580.1        -            426 495329at33208        -            179     0.017   14.4   0.3   2   2     0.017        42    3.3   0.0    73   100   255   282   247   285 0.85 transcript=SSPN1_15580.1 gene=SSPN1_15580
SSPN1_15580.2        -            426 495329at33208        -            179     0.017   14.4   0.3   1   2   0.00041         1    8.6   0.1     4    26   154   176   151   180 0.92 transcript=SSPN1_15580.2 gene=SSPN1_15580
SSPN1_15580.2        -            426 495329at33208        -            179     0.017   14.4   0.3   2   2     0.017        42    3.3   0.0    73   100   255   282   247   285 0.85 transcript=SSPN1_15580.2 gene=SSPN1_15580
SSPN1_15580.3        -            426 495329at33208        -            179     0.017   14.4   0.3   1   2   0.00041         1    8.6   0.1     4    26   154   176   151   180 0.92 transcript=SSPN1_15580.3 gene=SSPN1_15580
SSPN1_15580.3        -            426 495329at33208        -            179     0.017   14.4   0.3   2   2     0.017        42    3.3   0.0    73   100   255   282   247   285 0.85 transcript=SSPN1_15580.3 gene=SSPN1_15580
#
# Program:         hmmsearch
# Version:         3.4 (Aug 2023)
# Pipeline mode:   SEARCH
# Query file:      /users/40483456/busco_datasets/busco_downloads/lineages/metazoa_odb10/hmms/495329at33208.hmm
# Target file:     /users/40483456/protein/schistosoma_spindale.fa
# Option settings: hmmsearch --domtblout /users/40483456/busco/results_pro/schistosoma_spindale_busco/run_metazoa_odb10/hmmer_output/initial_run_results/495329at33208.out --cpu 1 /users/40483456/busco_datasets/busco_downloads/lineages/metazoa_odb10/hmms/495329at33208.hmm /users/40483456/protein/schistosoma_spindale.fa 
# Current dir:     /users/40483456
# Date:            Thu Jan 15 17:59:33 2026
# [ok]
