#                                                                            --- full sequence --- -------------- this domain -------------   hmm coord   ali coord   env coord
# target name        accession   tlen query name           accession   qlen   E-value  score  bias   #  of  c-Evalue  i-Evalue  score  bias  from    to  from    to  from    to  acc description of target
#------------------- ---------- ----- -------------------- ---------- ----- --------- ------ ----- --- --- --------- --------- ------ ----- ----- ----- ----- ----- ----- ----- ---- ---------------------
SSPN1_87220.1        -            302 495605at33208        -            230  1.7e-100  335.0   0.1   1   1  8.1e-104  2.3e-100  334.6   0.1     2   227    45   275    44   278 0.96 transcript=SSPN1_87220.1 gene=SSPN1_87220
SSPN1_18740.1        -            298 495605at33208        -            230   2.4e-09   36.8   0.0   1   1   1.4e-12   3.8e-09   36.1   0.0     9   199    83   270    75   290 0.80 transcript=SSPN1_18740.1 gene=SSPN1_18740
SSPN1_80440.1        -            556 495605at33208        -            230   5.7e-06   25.7   0.1   1   4      0.62   1.8e+03   -2.1   0.0     3    47    23    68    21    97 0.72 transcript=SSPN1_80440.1 gene=SSPN1_80440
SSPN1_80440.1        -            556 495605at33208        -            230   5.7e-06   25.7   0.1   2   4    0.0057        16    4.6   0.0    71    93   137   159    95   169 0.80 transcript=SSPN1_80440.1 gene=SSPN1_80440
SSPN1_80440.1        -            556 495605at33208        -            230   5.7e-06   25.7   0.1   3   4       2.6   7.5e+03   -4.1   0.1   160   175   272   287   270   291 0.80 transcript=SSPN1_80440.1 gene=SSPN1_80440
SSPN1_80440.1        -            556 495605at33208        -            230   5.7e-06   25.7   0.1   4   4   6.5e-07    0.0019   17.5   0.0   176   206   410   440   404   467 0.85 transcript=SSPN1_80440.1 gene=SSPN1_80440
SSPN1_80440.2        -            413 495605at33208        -            230   0.00017   20.9   0.0   1   3      0.34   9.8e+02   -1.2   0.0    80    93     3    16     1    24 0.83 transcript=SSPN1_80440.2 gene=SSPN1_80440
SSPN1_80440.2        -            413 495605at33208        -            230   0.00017   20.9   0.0   2   3       1.4     4e+03   -3.2   0.1   160   176   129   145   126   151 0.81 transcript=SSPN1_80440.2 gene=SSPN1_80440
SSPN1_80440.2        -            413 495605at33208        -            230   0.00017   20.9   0.0   3   3   4.3e-07    0.0012   18.1   0.0   176   206   267   297   261   328 0.85 transcript=SSPN1_80440.2 gene=SSPN1_80440
SSPN1_1680.1         -            314 495605at33208        -            230    0.0013   17.9   0.4   1   2   0.00014      0.39    9.9   0.3    64   171   138   244    83   252 0.61 transcript=SSPN1_1680.1 gene=SSPN1_1680
SSPN1_1680.1         -            314 495605at33208        -            230    0.0013   17.9   0.4   2   2    0.0028       7.9    5.6   0.0   173   199   266   292   262   310 0.82 transcript=SSPN1_1680.1 gene=SSPN1_1680
SSPN1_17010.1        -           1431 495605at33208        -            230     0.077   12.2   0.3   1   2       2.3   6.5e+03   -3.9   0.0   190   223    13    46    12    51 0.74 transcript=SSPN1_17010.1 gene=SSPN1_17010
SSPN1_17010.1        -           1431 495605at33208        -            230     0.077   12.2   0.3   2   2     6e-05      0.17   11.1   0.0    24    80   786   842   779   848 0.88 transcript=SSPN1_17010.1 gene=SSPN1_17010
#
# Program:         hmmsearch
# Version:         3.4 (Aug 2023)
# Pipeline mode:   SEARCH
# Query file:      /users/40483456/busco_datasets/busco_downloads/lineages/metazoa_odb10/hmms/495605at33208.hmm
# Target file:     /users/40483456/protein/schistosoma_spindale.fa
# Option settings: hmmsearch --domtblout /users/40483456/busco/results_pro/schistosoma_spindale_busco/run_metazoa_odb10/hmmer_output/initial_run_results/495605at33208.out --cpu 1 /users/40483456/busco_datasets/busco_downloads/lineages/metazoa_odb10/hmms/495605at33208.hmm /users/40483456/protein/schistosoma_spindale.fa 
# Current dir:     /users/40483456
# Date:            Thu Jan 15 17:59:33 2026
# [ok]
