#                                                                            --- full sequence --- -------------- this domain -------------   hmm coord   ali coord   env coord
# target name        accession   tlen query name           accession   qlen   E-value  score  bias   #  of  c-Evalue  i-Evalue  score  bias  from    to  from    to  from    to  acc description of target
#------------------- ---------- ----- -------------------- ---------- ----- --------- ------ ----- --- --- --------- --------- ------ ----- ----- ----- ----- ----- ----- ----- ---- ---------------------
SSPN1_73480.2        -            275 514121at33208        -            220   9.8e-81  270.2   4.4   1   1     5e-83   1.4e-80  269.7   4.4    17   215    42   255    13   261 0.92 transcript=SSPN1_73480.2 gene=SSPN1_73480
SSPN1_60930.1        -            586 514121at33208        -            220   6.2e-80  267.5  55.9   1   4   5.1e-25   1.4e-22   80.1   6.3     3   176    87   264    85   267 0.90 transcript=SSPN1_60930.1 gene=SSPN1_60930
SSPN1_60930.1        -            586 514121at33208        -            220   6.2e-80  267.5  55.9   2   4   1.3e-20   3.5e-18   65.7   5.3    20   178   267   430   264   431 0.91 transcript=SSPN1_60930.1 gene=SSPN1_60930
SSPN1_60930.1        -            586 514121at33208        -            220   6.2e-80  267.5  55.9   3   4     9e-29   2.5e-26   92.3   8.6    21   178   362   522   360   523 0.93 transcript=SSPN1_60930.1 gene=SSPN1_60930
SSPN1_60930.1        -            586 514121at33208        -            220   6.2e-80  267.5  55.9   4   4   1.1e-22     3e-20   72.4  11.8    33   175   423   566   422   575 0.96 transcript=SSPN1_60930.1 gene=SSPN1_60930
SSPN1_73480.1        -            281 514121at33208        -            220   2.9e-77  258.8   5.7   1   1   1.5e-79   4.2e-77  258.3   5.7    17   211    42   250    14   260 0.91 transcript=SSPN1_73480.1 gene=SSPN1_73480
SSPN1_40820.3        -           1267 514121at33208        -            220   1.6e-72  243.3  37.4   1   4   4.5e-29   1.2e-26   93.3   3.0    29   177    23   174    11   176 0.91 transcript=SSPN1_40820.3 gene=SSPN1_40820
SSPN1_40820.3        -           1267 514121at33208        -            220   1.6e-72  243.3  37.4   2   4   9.3e-26   2.5e-23   82.5   8.2    30   177   165   312   164   316 0.96 transcript=SSPN1_40820.3 gene=SSPN1_40820
SSPN1_40820.3        -           1267 514121at33208        -            220   1.6e-72  243.3  37.4   3   4   1.4e-30   3.9e-28   98.2  10.3    20   210   222   415   222   425 0.87 transcript=SSPN1_40820.3 gene=SSPN1_40820
SSPN1_40820.3        -           1267 514121at33208        -            220   1.6e-72  243.3  37.4   4   4       6.3   1.7e+03   -2.0   1.5    25    80   503   558   499   565 0.87 transcript=SSPN1_40820.3 gene=SSPN1_40820
SSPN1_40820.4        -           1267 514121at33208        -            220   1.6e-72  243.3  37.4   1   4   4.5e-29   1.2e-26   93.3   3.0    29   177    23   174    11   176 0.91 transcript=SSPN1_40820.4 gene=SSPN1_40820
SSPN1_40820.4        -           1267 514121at33208        -            220   1.6e-72  243.3  37.4   2   4   9.3e-26   2.5e-23   82.5   8.2    30   177   165   312   164   316 0.96 transcript=SSPN1_40820.4 gene=SSPN1_40820
SSPN1_40820.4        -           1267 514121at33208        -            220   1.6e-72  243.3  37.4   3   4   1.4e-30   3.9e-28   98.2  10.3    20   210   222   415   222   425 0.87 transcript=SSPN1_40820.4 gene=SSPN1_40820
SSPN1_40820.4        -           1267 514121at33208        -            220   1.6e-72  243.3  37.4   4   4       6.3   1.7e+03   -2.0   1.5    25    80   503   558   499   565 0.87 transcript=SSPN1_40820.4 gene=SSPN1_40820
SSPN1_40820.2        -           1305 514121at33208        -            220   1.9e-72  243.1  37.4   1   4   4.7e-29   1.3e-26   93.2   3.0    29   177    23   174    11   176 0.91 transcript=SSPN1_40820.2 gene=SSPN1_40820
SSPN1_40820.2        -           1305 514121at33208        -            220   1.9e-72  243.1  37.4   2   4   9.7e-26   2.6e-23   82.4   8.2    30   177   165   312   164   316 0.96 transcript=SSPN1_40820.2 gene=SSPN1_40820
SSPN1_40820.2        -           1305 514121at33208        -            220   1.9e-72  243.1  37.4   3   4   1.5e-30     4e-28   98.2  10.3    20   210   222   415   222   425 0.87 transcript=SSPN1_40820.2 gene=SSPN1_40820
SSPN1_40820.2        -           1305 514121at33208        -            220   1.9e-72  243.1  37.4   4   4       6.5   1.8e+03   -2.0   1.5    25    80   503   558   499   565 0.87 transcript=SSPN1_40820.2 gene=SSPN1_40820
SSPN1_40820.1        -           1474 514121at33208        -            220   3.7e-72  242.1  37.2   1   4   5.5e-29   1.5e-26   93.0   3.0    29   177    23   174    11   176 0.91 transcript=SSPN1_40820.1 gene=SSPN1_40820
SSPN1_40820.1        -           1474 514121at33208        -            220   3.7e-72  242.1  37.2   2   4   1.1e-25     3e-23   82.2   8.2    30   177   165   312   164   316 0.96 transcript=SSPN1_40820.1 gene=SSPN1_40820
SSPN1_40820.1        -           1474 514121at33208        -            220   3.7e-72  242.1  37.2   3   4   1.7e-30   4.5e-28   98.0  10.2    20   210   222   415   222   425 0.87 transcript=SSPN1_40820.1 gene=SSPN1_40820
SSPN1_40820.1        -           1474 514121at33208        -            220   3.7e-72  242.1  37.2   4   4       7.5     2e+03   -2.2   1.5    25    80   503   558   499   565 0.86 transcript=SSPN1_40820.1 gene=SSPN1_40820
SSPN1_40820.5        -           1480 514121at33208        -            220   3.8e-72  242.1  37.2   1   4   5.5e-29   1.5e-26   93.0   3.0    29   177    23   174    11   176 0.91 transcript=SSPN1_40820.5 gene=SSPN1_40820
SSPN1_40820.5        -           1480 514121at33208        -            220   3.8e-72  242.1  37.2   2   4   1.1e-25     3e-23   82.2   8.2    30   177   165   312   164   316 0.96 transcript=SSPN1_40820.5 gene=SSPN1_40820
SSPN1_40820.5        -           1480 514121at33208        -            220   3.8e-72  242.1  37.2   3   4   1.7e-30   4.6e-28   98.0  10.2    20   210   222   415   222   425 0.87 transcript=SSPN1_40820.5 gene=SSPN1_40820
SSPN1_40820.5        -           1480 514121at33208        -            220   3.8e-72  242.1  37.2   4   4       7.5   2.1e+03   -2.2   1.5    25    80   503   558   499   565 0.86 transcript=SSPN1_40820.5 gene=SSPN1_40820
SSPN1_37970.1        -            783 514121at33208        -            220   3.7e-61  206.2  41.1   1   5   1.1e-19   3.1e-17   62.6   2.8    31   174     5   147     2   151 0.95 transcript=SSPN1_37970.1 gene=SSPN1_37970
SSPN1_37970.1        -            783 514121at33208        -            220   3.7e-61  206.2  41.1   2   5   7.6e-10   2.1e-07   30.4   0.3    32   100   143   212   140   218 0.86 transcript=SSPN1_37970.1 gene=SSPN1_37970
SSPN1_37970.1        -            783 514121at33208        -            220   3.7e-61  206.2  41.1   3   5   2.2e-22   6.2e-20   71.4   5.2    17   176   219   383   216   384 0.91 transcript=SSPN1_37970.1 gene=SSPN1_37970
SSPN1_37970.1        -            783 514121at33208        -            220   3.7e-61  206.2  41.1   4   5   5.3e-18   1.5e-15   57.1   0.8    41   137   339   436   333   442 0.90 transcript=SSPN1_37970.1 gene=SSPN1_37970
SSPN1_37970.1        -            783 514121at33208        -            220   3.7e-61  206.2  41.1   5   5   3.8e-10     1e-07   31.4   4.9    52   152   497   596   480   601 0.83 transcript=SSPN1_37970.1 gene=SSPN1_37970
SSPN1_63470.1        -            623 514121at33208        -            220   8.5e-53  178.8  46.4   1   4   1.6e-21   4.4e-19   68.6   5.4    32   176   147   296   137   299 0.90 transcript=SSPN1_63470.1 gene=SSPN1_63470
SSPN1_63470.1        -            623 514121at33208        -            220   8.5e-53  178.8  46.4   2   4   3.9e-08   1.1e-05   24.9   0.2   139   177   282   320   280   323 0.89 transcript=SSPN1_63470.1 gene=SSPN1_63470
SSPN1_63470.1        -            623 514121at33208        -            220   8.5e-53  178.8  46.4   3   4   2.7e-13   7.3e-11   41.7  10.6    34   168   292   429   291   431 0.69 transcript=SSPN1_63470.1 gene=SSPN1_63470
SSPN1_63470.1        -            623 514121at33208        -            220   8.5e-53  178.8  46.4   4   4   5.4e-26   1.5e-23   83.2  16.3    20   175   417   576   416   581 0.93 transcript=SSPN1_63470.1 gene=SSPN1_63470
SSPN1_63470.2        -            623 514121at33208        -            220   8.5e-53  178.8  46.4   1   4   1.6e-21   4.4e-19   68.6   5.4    32   176   147   296   137   299 0.90 transcript=SSPN1_63470.2 gene=SSPN1_63470
SSPN1_63470.2        -            623 514121at33208        -            220   8.5e-53  178.8  46.4   2   4   3.9e-08   1.1e-05   24.9   0.2   139   177   282   320   280   323 0.89 transcript=SSPN1_63470.2 gene=SSPN1_63470
SSPN1_63470.2        -            623 514121at33208        -            220   8.5e-53  178.8  46.4   3   4   2.7e-13   7.3e-11   41.7  10.6    34   168   292   429   291   431 0.69 transcript=SSPN1_63470.2 gene=SSPN1_63470
SSPN1_63470.2        -            623 514121at33208        -            220   8.5e-53  178.8  46.4   4   4   5.4e-26   1.5e-23   83.2  16.3    20   175   417   576   416   581 0.93 transcript=SSPN1_63470.2 gene=SSPN1_63470
SSPN1_72660.2        -            517 514121at33208        -            220   6.4e-47  159.6  27.9   1   3   9.7e-23   2.7e-20   72.6   5.1    32   179   114   262    95   269 0.91 transcript=SSPN1_72660.2 gene=SSPN1_72660
SSPN1_72660.2        -            517 514121at33208        -            220   6.4e-47  159.6  27.9   2   3   1.4e-11   3.9e-09   36.1   0.6   117   180   268   333   261   372 0.71 transcript=SSPN1_72660.2 gene=SSPN1_72660
SSPN1_72660.2        -            517 514121at33208        -            220   6.4e-47  159.6  27.9   3   3   1.5e-18     4e-16   58.9   9.4    34   152   373   492   348   496 0.87 transcript=SSPN1_72660.2 gene=SSPN1_72660
SSPN1_74520.1        -           1395 514121at33208        -            220     4e-36  124.3  34.1   1   4   1.8e-10   4.9e-08   32.5  10.9    32   177   117   258    95   265 0.86 transcript=SSPN1_74520.1 gene=SSPN1_74520
SSPN1_74520.1        -           1395 514121at33208        -            220     4e-36  124.3  34.1   2   4   8.4e-10   2.3e-07   30.3   0.5    20    96   237   315   232   342 0.70 transcript=SSPN1_74520.1 gene=SSPN1_74520
SSPN1_74520.1        -           1395 514121at33208        -            220     4e-36  124.3  34.1   3   4   5.8e-11   1.6e-08   34.1   1.3    23   122   376   483   355   490 0.73 transcript=SSPN1_74520.1 gene=SSPN1_74520
SSPN1_74520.1        -           1395 514121at33208        -            220     4e-36  124.3  34.1   4   4   5.2e-15   1.4e-12   47.3   6.1    34   111   489   564   468   616 0.84 transcript=SSPN1_74520.1 gene=SSPN1_74520
SSPN1_29080.1        -           1387 514121at33208        -            220   3.6e-34  117.9  26.5   1   3   2.3e-13   6.4e-11   41.9   8.4    28   167    73   219    56   221 0.88 transcript=SSPN1_29080.1 gene=SSPN1_29080
SSPN1_29080.1        -           1387 514121at33208        -            220   3.6e-34  117.9  26.5   2   3   4.3e-07   0.00012   21.4   5.6    24    97   165   242   165   252 0.82 transcript=SSPN1_29080.1 gene=SSPN1_29080
SSPN1_29080.1        -           1387 514121at33208        -            220   3.6e-34  117.9  26.5   3   3   3.4e-24   9.3e-22   77.4   7.6    32   179   248   397   242   412 0.93 transcript=SSPN1_29080.1 gene=SSPN1_29080
SSPN1_72660.1        -            403 514121at33208        -            220   3.5e-30  104.9  17.6   1   3   6.7e-23   1.8e-20   73.1   5.1    32   179   114   262   100   269 0.92 transcript=SSPN1_72660.1 gene=SSPN1_72660
SSPN1_72660.1        -            403 514121at33208        -            220   3.5e-30  104.9  17.6   2   3   9.1e-12   2.5e-09   36.7   0.5   117   180   267   333   260   368 0.73 transcript=SSPN1_72660.1 gene=SSPN1_72660
SSPN1_72660.1        -            403 514121at33208        -            220   3.5e-30  104.9  17.6   3   3      0.19        53    2.9   0.6    34    55   373   394   350   401 0.62 transcript=SSPN1_72660.1 gene=SSPN1_72660
SSPN1_72660.3        -            401 514121at33208        -            220   4.6e-30  104.5  17.9   1   3   5.6e-23   1.5e-20   73.4   5.0    32   179   114   262    96   269 0.91 transcript=SSPN1_72660.3 gene=SSPN1_72660
SSPN1_72660.3        -            401 514121at33208        -            220   4.6e-30  104.5  17.9   2   3   1.1e-11   3.1e-09   36.4   0.5   117   179   268   332   261   367 0.74 transcript=SSPN1_72660.3 gene=SSPN1_72660
SSPN1_72660.3        -            401 514121at33208        -            220   4.6e-30  104.5  17.9   3   3      0.19        53    3.0   0.7    34    55   373   394   349   400 0.61 transcript=SSPN1_72660.3 gene=SSPN1_72660
SSPN1_17200.1        -            253 514121at33208        -            220   3.9e-29  101.5  15.4   1   2   2.2e-09     6e-07   28.9   1.2   111   178    19    94    10    95 0.85 transcript=SSPN1_17200.1 gene=SSPN1_17200
SSPN1_17200.1        -            253 514121at33208        -            220   3.9e-29  101.5  15.4   2   2   1.4e-24   3.9e-22   78.6   6.7    36   156    90   210    90   212 0.94 transcript=SSPN1_17200.1 gene=SSPN1_17200
SSPN1_65430.1        -            574 514121at33208        -            220   3.2e-24   85.4  14.2   1   3   1.2e-10   3.2e-08   33.1   0.7    34    99    37   102    10   104 0.92 transcript=SSPN1_65430.1 gene=SSPN1_65430
SSPN1_65430.1        -            574 514121at33208        -            220   3.2e-24   85.4  14.2   2   3   1.3e-17   3.5e-15   55.9   5.2    31   144   103   215   102   259 0.86 transcript=SSPN1_65430.1 gene=SSPN1_65430
SSPN1_65430.1        -            574 514121at33208        -            220   3.2e-24   85.4  14.2   3   3       0.8   2.2e+02    0.9   0.0   146   185   518   557   511   568 0.83 transcript=SSPN1_65430.1 gene=SSPN1_65430
SSPN1_1620.1         -            256 514121at33208        -            220   1.2e-22   80.2  16.6   1   3   0.00026      0.07   12.4   1.0    44    79    18    53     7    55 0.61 transcript=SSPN1_1620.1 gene=SSPN1_1620
SSPN1_1620.1         -            256 514121at33208        -            220   1.2e-22   80.2  16.6   2   3   1.7e-08   4.5e-06   26.1   2.4    94   174    22    99    19   105 0.71 transcript=SSPN1_1620.1 gene=SSPN1_1620
SSPN1_1620.1         -            256 514121at33208        -            220   1.2e-22   80.2  16.6   3   3   1.2e-17   3.2e-15   56.0   6.5    36   123   104   189    98   193 0.94 transcript=SSPN1_1620.1 gene=SSPN1_1620
SSPN1_11730.1        -            710 514121at33208        -            220   2.6e-22   79.2   3.7   1   2     1e-09   2.9e-07   30.0   0.4    38   100    51   113    44   116 0.92 transcript=SSPN1_11730.1 gene=SSPN1_11730
SSPN1_11730.1        -            710 514121at33208        -            220   2.6e-22   79.2   3.7   2   2   5.3e-16   1.5e-13   50.6   0.2    32   122   114   203   112   210 0.94 transcript=SSPN1_11730.1 gene=SSPN1_11730
SSPN1_48300.1        -            571 514121at33208        -            220   6.3e-18   64.8  17.1   1   2   1.3e-06   0.00036   19.8   0.3    48    98   275   325   270   326 0.78 transcript=SSPN1_48300.1 gene=SSPN1_48300
SSPN1_48300.1        -            571 514121at33208        -            220   6.3e-18   64.8  17.1   2   2   6.1e-18   1.7e-15   56.9  11.2    18   154   289   430   282   445 0.87 transcript=SSPN1_48300.1 gene=SSPN1_48300
SSPN1_87020.1        -            242 514121at33208        -            220   7.3e-18   64.6  24.5   1   2   1.6e-16   4.3e-14   52.3  12.3    30   156    26   158     9   159 0.91 transcript=SSPN1_87020.1 gene=SSPN1_87020
SSPN1_87020.1        -            242 514121at33208        -            220   7.3e-18   64.6  24.5   2   2   2.8e-08   7.6e-06   25.3   4.3    13    99   128   217   127   232 0.72 transcript=SSPN1_87020.1 gene=SSPN1_87020
SSPN1_45160.1        -            711 514121at33208        -            220   2.3e-15   56.4  13.3   1   3   3.9e-15   1.1e-12   47.7   5.7    69   179    30   145    26   151 0.86 transcript=SSPN1_45160.1 gene=SSPN1_45160
SSPN1_45160.1        -            711 514121at33208        -            220   2.3e-15   56.4  13.3   2   3   0.00015      0.04   13.2   0.1   137   179   149   191   143   229 0.67 transcript=SSPN1_45160.1 gene=SSPN1_45160
SSPN1_45160.1        -            711 514121at33208        -            220   2.3e-15   56.4  13.3   3   3       5.6   1.5e+03   -1.8   0.1     4    31   378   405   375   430 0.67 transcript=SSPN1_45160.1 gene=SSPN1_45160
SSPN1_59910.1        -           1221 514121at33208        -            220   8.8e-14   51.3  18.2   1   2   4.3e-07   0.00012   21.4   6.9    18    98     6    90     3    96 0.87 transcript=SSPN1_59910.1 gene=SSPN1_59910
SSPN1_59910.1        -           1221 514121at33208        -            220   8.8e-14   51.3  18.2   2   2   3.7e-11     1e-08   34.7   3.4    21   122   221   327   206   332 0.81 transcript=SSPN1_59910.1 gene=SSPN1_59910
SSPN1_37460.1        -            405 514121at33208        -            220   4.2e-13   49.1   6.7   1   1   2.9e-15   7.8e-13   48.2   6.7    35   172   163   300   155   312 0.86 transcript=SSPN1_37460.1 gene=SSPN1_37460
SSPN1_17960.1        -            311 514121at33208        -            220   1.3e-12   47.5  26.8   1   3    0.0011       0.3   10.3   3.0    24    99    37   112    19   121 0.62 transcript=SSPN1_17960.1 gene=SSPN1_17960
SSPN1_17960.1        -            311 514121at33208        -            220   1.3e-12   47.5  26.8   2   3   6.9e-06    0.0019   17.5   1.6    35    77   122   163   112   166 0.93 transcript=SSPN1_17960.1 gene=SSPN1_17960
SSPN1_17960.1        -            311 514121at33208        -            220   1.3e-12   47.5  26.8   3   3    0.0023      0.63    9.2   0.2    34    75   231   274   227   283 0.80 transcript=SSPN1_17960.1 gene=SSPN1_17960
SSPN1_2700.1         -            183 514121at33208        -            220   2.9e-12   46.3   3.5   1   2   2.2e-14   5.9e-12   45.3   3.0    38   107     4    71     1    82 0.92 transcript=SSPN1_2700.1 gene=SSPN1_2700
SSPN1_2700.1         -            183 514121at33208        -            220   2.9e-12   46.3   3.5   2   2       4.2   1.2e+03   -1.4   0.0   155   184   102   131    95   140 0.55 transcript=SSPN1_2700.1 gene=SSPN1_2700
SSPN1_26940.1        -           1018 514121at33208        -            220   1.3e-11   44.1   4.7   1   3     6e-13   1.6e-10   40.6   1.6    57   171   105   234    81   234 0.83 transcript=SSPN1_26940.1 gene=SSPN1_26940
SSPN1_26940.1        -           1018 514121at33208        -            220   1.3e-11   44.1   4.7   2   3   9.8e-05     0.027   13.7   0.1    37    79   190   234   185   261 0.86 transcript=SSPN1_26940.1 gene=SSPN1_26940
SSPN1_26940.1        -           1018 514121at33208        -            220   1.3e-11   44.1   4.7   3   3      0.75   2.1e+02    1.0   0.4    44    72   555   583   512   590 0.81 transcript=SSPN1_26940.1 gene=SSPN1_26940
SSPN1_72780.1        -            563 514121at33208        -            220   1.6e-11   43.9   8.5   1   1   5.9e-14   1.6e-11   43.9   8.5    69   173    39   144    37   154 0.56 transcript=SSPN1_72780.1 gene=SSPN1_72780
SSPN1_25920.1        -           1256 514121at33208        -            220   2.1e-11   43.5  15.7   1   3       1.5   4.1e+02    0.1   0.9    48   103    87   142    55   164 0.63 transcript=SSPN1_25920.1 gene=SSPN1_25920
SSPN1_25920.1        -           1256 514121at33208        -            220   2.1e-11   43.5  15.7   2   3   3.4e-07   9.2e-05   21.8   0.1    31   123   161   253   145   258 0.83 transcript=SSPN1_25920.1 gene=SSPN1_25920
SSPN1_25920.1        -           1256 514121at33208        -            220   2.1e-11   43.5  15.7   3   3   7.2e-10     2e-07   30.5   5.4    39   185   239   384   237   415 0.53 transcript=SSPN1_25920.1 gene=SSPN1_25920
SSPN1_20680.1        -            641 514121at33208        -            220   2.2e-11   43.5   4.6   1   1   5.4e-12   1.5e-09   37.5   5.0    35   120    61   145    47   147 0.50 transcript=SSPN1_20680.1 gene=SSPN1_20680
SSPN1_27970.1        -           1077 514121at33208        -            220   2.4e-11   43.3  23.8   1   2   3.1e-11   8.5e-09   35.0  13.8    34   168   643   783   628   789 0.86 transcript=SSPN1_27970.1 gene=SSPN1_27970
SSPN1_27970.1        -           1077 514121at33208        -            220   2.4e-11   43.3  23.8   2   2   0.00027     0.075   12.3   2.3    21    96   795   874   791   884 0.82 transcript=SSPN1_27970.1 gene=SSPN1_27970
SSPN1_27030.1        -            399 514121at33208        -            220     7e-11   41.8  16.6   1   2   2.7e-11   7.4e-09   35.2  10.9    12   170    72   232    63   235 0.83 transcript=SSPN1_27030.1 gene=SSPN1_27030
SSPN1_27030.1        -            399 514121at33208        -            220     7e-11   41.8  16.6   2   2    0.0017      0.46    9.7   0.3    37    75   237   277   231   282 0.85 transcript=SSPN1_27030.1 gene=SSPN1_27030
SSPN1_27970.2        -           1006 514121at33208        -            220   4.2e-10   39.2  28.1   1   2   3.8e-11     1e-08   34.7  14.3    34   168   643   783   627   789 0.86 transcript=SSPN1_27970.2 gene=SSPN1_27970
SSPN1_27970.2        -           1006 514121at33208        -            220   4.2e-10   39.2  28.1   2   2   0.00062      0.17   11.1   3.6    21    96   795   874   791   886 0.82 transcript=SSPN1_27970.2 gene=SSPN1_27970
SSPN1_75910.1        -            942 514121at33208        -            220   3.2e-09   36.4   1.4   1   1   1.3e-11   3.6e-09   36.2   0.1    27   214    83   272    65   279 0.82 transcript=SSPN1_75910.1 gene=SSPN1_75910
SSPN1_84580.4        -            278 514121at33208        -            220   2.2e-08   33.6  13.7   1   3   1.8e-07   4.9e-05   22.7   0.5   112   169    32    89    20    92 0.90 transcript=SSPN1_84580.4 gene=SSPN1_84580
SSPN1_84580.4        -            278 514121at33208        -            220   2.2e-08   33.6  13.7   2   3   4.2e-07   0.00012   21.5   9.6    39   167    74   209    74   215 0.80 transcript=SSPN1_84580.4 gene=SSPN1_84580
SSPN1_84580.4        -            278 514121at33208        -            220   2.2e-08   33.6  13.7   3   3   0.00013     0.035   13.3   1.1    21    80   151   214   136   238 0.71 transcript=SSPN1_84580.4 gene=SSPN1_84580
SSPN1_84580.2        -            278 514121at33208        -            220   2.5e-08   33.4  14.1   1   2   1.8e-07     5e-05   22.7   0.6   112   169    32    89    20    92 0.90 transcript=SSPN1_84580.2 gene=SSPN1_84580
SSPN1_84580.2        -            278 514121at33208        -            220   2.5e-08   33.4  14.1   2   2   2.8e-07   7.8e-05   22.0   9.7    39   167    74   209    73   215 0.81 transcript=SSPN1_84580.2 gene=SSPN1_84580
SSPN1_84580.3        -            278 514121at33208        -            220   2.5e-08   33.4  14.1   1   2   1.8e-07     5e-05   22.7   0.6   112   169    32    89    20    92 0.90 transcript=SSPN1_84580.3 gene=SSPN1_84580
SSPN1_84580.3        -            278 514121at33208        -            220   2.5e-08   33.4  14.1   2   2   2.8e-07   7.8e-05   22.0   9.7    39   167    74   209    73   215 0.81 transcript=SSPN1_84580.3 gene=SSPN1_84580
SSPN1_84580.5        -            278 514121at33208        -            220   2.5e-08   33.4  14.1   1   2   1.8e-07     5e-05   22.7   0.6   112   169    32    89    20    92 0.90 transcript=SSPN1_84580.5 gene=SSPN1_84580
SSPN1_84580.5        -            278 514121at33208        -            220   2.5e-08   33.4  14.1   2   2   2.8e-07   7.8e-05   22.0   9.7    39   167    74   209    73   215 0.81 transcript=SSPN1_84580.5 gene=SSPN1_84580
SSPN1_84580.1        -            275 514121at33208        -            220   3.1e-08   33.2  13.6   1   2   1.7e-07   4.7e-05   22.7   0.5   112   169    32    89    19    92 0.90 transcript=SSPN1_84580.1 gene=SSPN1_84580
SSPN1_84580.1        -            275 514121at33208        -            220   3.1e-08   33.2  13.6   2   2   3.5e-07   9.6e-05   21.7  10.0    39   167    74   209    73   214 0.81 transcript=SSPN1_84580.1 gene=SSPN1_84580
SSPN1_59100.1        -           1405 514121at33208        -            220   3.1e-07   29.9   0.8   1   1   6.1e-09   1.7e-06   27.5   0.8    65   184    47   177    27   200 0.50 transcript=SSPN1_59100.1 gene=SSPN1_59100
SSPN1_45350.1        -            297 514121at33208        -            220   6.5e-07   28.8  15.6   1   2   6.6e-09   1.8e-06   27.4  14.3    21   122    63   170    50   182 0.81 transcript=SSPN1_45350.1 gene=SSPN1_45350
SSPN1_45350.1        -            297 514121at33208        -            220   6.5e-07   28.8  15.6   2   2     0.028       7.8    5.7   0.4   142   188   145   190   143   220 0.74 transcript=SSPN1_45350.1 gene=SSPN1_45350
SSPN1_46350.1        -            638 514121at33208        -            220   6.3e-06   25.6   0.6   1   1   4.6e-08   1.3e-05   24.6   0.6    44   127   527   610   490   616 0.90 transcript=SSPN1_46350.1 gene=SSPN1_46350
SSPN1_9610.1         -            188 514121at33208        -            220   6.5e-06   25.6   5.3   1   2   2.4e-08   6.5e-06   25.6   5.3    33   123    41   128    36   144 0.84 transcript=SSPN1_9610.1 gene=SSPN1_9610
SSPN1_9610.1         -            188 514121at33208        -            220   6.5e-06   25.6   5.3   2   2       4.4   1.2e+03   -1.5   0.0    35    54   135   154   133   175 0.66 transcript=SSPN1_9610.1 gene=SSPN1_9610
SSPN1_2550.1         -            616 514121at33208        -            220   9.7e-06   25.0   1.3   1   1   6.7e-08   1.8e-05   24.1   1.3    38   121    22   108     7   128 0.81 transcript=SSPN1_2550.1 gene=SSPN1_2550
SSPN1_2550.4         -            631 514121at33208        -            220     1e-05   24.9   1.3   1   1     7e-08   1.9e-05   24.0   1.3    38   121    22   108     7   128 0.81 transcript=SSPN1_2550.4 gene=SSPN1_2550
SSPN1_90220.3        -            176 514121at33208        -            220   3.8e-05   23.0   6.1   1   2   1.1e-05    0.0031   16.8   4.7    20   117    21   120     7   121 0.84 transcript=SSPN1_90220.3 gene=SSPN1_90220
SSPN1_90220.3        -            176 514121at33208        -            220   3.8e-05   23.0   6.1   2   2   2.3e-05    0.0064   15.8   3.9    21   107    67   161    64   166 0.73 transcript=SSPN1_90220.3 gene=SSPN1_90220
SSPN1_90220.4        -            176 514121at33208        -            220   3.8e-05   23.0   6.1   1   2   1.1e-05    0.0031   16.8   4.7    20   117    21   120     7   121 0.84 transcript=SSPN1_90220.4 gene=SSPN1_90220
SSPN1_90220.4        -            176 514121at33208        -            220   3.8e-05   23.0   6.1   2   2   2.3e-05    0.0064   15.8   3.9    21   107    67   161    64   166 0.73 transcript=SSPN1_90220.4 gene=SSPN1_90220
SSPN1_6030.4         -            356 514121at33208        -            220   5.7e-05   22.5   4.5   1   1   3.7e-07    0.0001   21.7   4.5    10   119    34   146    25   163 0.76 transcript=SSPN1_6030.4 gene=SSPN1_6030
SSPN1_6030.5         -            361 514121at33208        -            220     6e-05   22.4   4.5   1   1   3.8e-07    0.0001   21.6   4.5    10   119    34   146    25   163 0.76 transcript=SSPN1_6030.5 gene=SSPN1_6030
SSPN1_6030.2         -            385 514121at33208        -            220   6.9e-05   22.2   4.5   1   1   4.3e-07   0.00012   21.4   4.5    10   119    34   146    25   163 0.76 transcript=SSPN1_6030.2 gene=SSPN1_6030
SSPN1_6030.1         -            426 514121at33208        -            220   8.3e-05   21.9   4.5   1   1   5.2e-07   0.00014   21.2   4.5    10   119    34   146    25   163 0.75 transcript=SSPN1_6030.1 gene=SSPN1_6030
SSPN1_90220.2        -            243 514121at33208        -            220   0.00011   21.5   6.0   1   2    0.0025      0.68    9.1   0.5    21    73    22    75     7    79 0.58 transcript=SSPN1_90220.2 gene=SSPN1_90220
SSPN1_90220.2        -            243 514121at33208        -            220   0.00011   21.5   6.0   2   2   4.4e-05     0.012   14.9   3.7    21   107    67   161    64   166 0.73 transcript=SSPN1_90220.2 gene=SSPN1_90220
SSPN1_90220.1        -            299 514121at33208        -            220   0.00023   20.5   6.0   1   2    0.0034      0.92    8.7   0.5    21    73    22    75     7    79 0.58 transcript=SSPN1_90220.1 gene=SSPN1_90220
SSPN1_90220.1        -            299 514121at33208        -            220   0.00023   20.5   6.0   2   2   6.8e-05     0.019   14.3   3.7    21   107    67   161    64   166 0.73 transcript=SSPN1_90220.1 gene=SSPN1_90220
SSPN1_6030.3         -            437 514121at33208        -            220   0.00049   19.4   1.7   1   2       1.3   3.7e+02    0.2   0.1    87   121    22    55    17    65 0.63 transcript=SSPN1_6030.3 gene=SSPN1_6030
SSPN1_6030.3         -            437 514121at33208        -            220   0.00049   19.4   1.7   2   2   1.8e-06   0.00049   19.4   1.7    32   119    69   157    58   174 0.87 transcript=SSPN1_6030.3 gene=SSPN1_6030
SSPN1_13730.2        -            309 514121at33208        -            220   0.00087   18.6   3.0   1   2   3.2e-06   0.00087   18.6   3.0    51   149    63   156    16   165 0.76 transcript=SSPN1_13730.2 gene=SSPN1_13730
SSPN1_13730.2        -            309 514121at33208        -            220   0.00087   18.6   3.0   2   2     0.019       5.2    6.3   5.7    41   123   119   216   114   272 0.63 transcript=SSPN1_13730.2 gene=SSPN1_13730
SSPN1_55880.1        -           1868 514121at33208        -            220    0.0031   16.8   0.1   1   1   2.1e-05    0.0058   15.9   0.1    19    73   719   775   701   799 0.81 transcript=SSPN1_55880.1 gene=SSPN1_55880
SSPN1_55880.2        -           2017 514121at33208        -            220    0.0034   16.7   0.1   1   1   2.3e-05    0.0063   15.8   0.1    19    73   923   979   905  1003 0.81 transcript=SSPN1_55880.2 gene=SSPN1_55880
SSPN1_55880.3        -           2072 514121at33208        -            220    0.0034   16.7   0.1   1   1   2.3e-05    0.0064   15.8   0.1    19    73   923   979   905  1002 0.81 transcript=SSPN1_55880.3 gene=SSPN1_55880
SSPN1_38190.1        -            730 514121at33208        -            220    0.0095   15.2   3.3   1   1   7.6e-05     0.021   14.1   3.3    40   100   112   175    82   187 0.75 transcript=SSPN1_38190.1 gene=SSPN1_38190
SSPN1_26910.1        -            335 514121at33208        -            220     0.011   15.0   0.7   1   1   6.4e-05     0.017   14.3   0.7    37   100    39   102     4   124 0.61 transcript=SSPN1_26910.1 gene=SSPN1_26910
SSPN1_47140.1        -           1254 514121at33208        -            220     0.012   14.8   0.4   1   1   0.00012     0.032   13.5   0.4    35   100   185   247   168   280 0.68 transcript=SSPN1_47140.1 gene=SSPN1_47140
#
# Program:         hmmsearch
# Version:         3.4 (Aug 2023)
# Pipeline mode:   SEARCH
# Query file:      /users/40483456/busco_datasets/busco_downloads/lineages/metazoa_odb10/hmms/514121at33208.hmm
# Target file:     /users/40483456/protein/schistosoma_spindale.fa
# Option settings: hmmsearch --domtblout /users/40483456/busco/results_pro/schistosoma_spindale_busco/run_metazoa_odb10/hmmer_output/initial_run_results/514121at33208.out --cpu 1 /users/40483456/busco_datasets/busco_downloads/lineages/metazoa_odb10/hmms/514121at33208.hmm /users/40483456/protein/schistosoma_spindale.fa 
# Current dir:     /users/40483456
# Date:            Thu Jan 15 17:59:31 2026
# [ok]
