#                                                                            --- full sequence --- -------------- this domain -------------   hmm coord   ali coord   env coord
# target name        accession   tlen query name           accession   qlen   E-value  score  bias   #  of  c-Evalue  i-Evalue  score  bias  from    to  from    to  from    to  acc description of target
#------------------- ---------- ----- -------------------- ---------- ----- --------- ------ ----- --- --- --------- --------- ------ ----- ----- ----- ----- ----- ----- ----- ---- ---------------------
SSPN1_92470.1        -            418 515425at33208        -            237   1.9e-50  171.2   1.7   1   2   4.5e-17   5.1e-14   52.0   0.0     7    53    57   103    54   116 0.90 transcript=SSPN1_92470.1 gene=SSPN1_92470
SSPN1_92470.1        -            418 515425at33208        -            237   1.9e-50  171.2   1.7   2   2   3.5e-36     4e-33  114.5   0.8    55   198   126   287   119   297 0.83 transcript=SSPN1_92470.1 gene=SSPN1_92470
SSPN1_86520.1        -            219 515425at33208        -            237   1.9e-12   46.8   0.0   1   1   1.5e-14   1.7e-11   43.7   0.0    18   179     8   179     3   198 0.77 transcript=SSPN1_86520.1 gene=SSPN1_86520
SSPN1_17490.2        -           1499 515425at33208        -            237   9.5e-07   28.2   0.7   1   6   0.00045      0.51    9.4   0.0    11    51    37    77    28    88 0.83 transcript=SSPN1_17490.2 gene=SSPN1_17490
SSPN1_17490.2        -           1499 515425at33208        -            237   9.5e-07   28.2   0.7   2   6       2.9   3.2e+03   -3.0   0.1   138   156   152   170   147   243 0.55 transcript=SSPN1_17490.2 gene=SSPN1_17490
SSPN1_17490.2        -           1499 515425at33208        -            237   9.5e-07   28.2   0.7   3   6     0.015        17    4.5   0.0    20    57   441   478   439   490 0.83 transcript=SSPN1_17490.2 gene=SSPN1_17490
SSPN1_17490.2        -           1499 515425at33208        -            237   9.5e-07   28.2   0.7   4   6       1.4   1.6e+03   -2.0   0.1   167   212   485   527   473   543 0.55 transcript=SSPN1_17490.2 gene=SSPN1_17490
SSPN1_17490.2        -           1499 515425at33208        -            237   9.5e-07   28.2   0.7   5   6      0.14   1.6e+02    1.3   0.0    20    47   921   948   919   956 0.90 transcript=SSPN1_17490.2 gene=SSPN1_17490
SSPN1_17490.2        -           1499 515425at33208        -            237   9.5e-07   28.2   0.7   6   6    0.0072       8.1    5.5   0.0    22    46  1382  1406  1378  1413 0.86 transcript=SSPN1_17490.2 gene=SSPN1_17490
SSPN1_17490.3        -           1642 515425at33208        -            237   1.1e-06   28.0   0.9   1   6   0.00049      0.56    9.3   0.0    11    51    37    77    28    88 0.83 transcript=SSPN1_17490.3 gene=SSPN1_17490
SSPN1_17490.3        -           1642 515425at33208        -            237   1.1e-06   28.0   0.9   2   6       3.3   3.7e+03   -3.2   0.1   138   156   152   170   147   242 0.57 transcript=SSPN1_17490.3 gene=SSPN1_17490
SSPN1_17490.3        -           1642 515425at33208        -            237   1.1e-06   28.0   0.9   3   6     0.015        17    4.5   0.0    20    58   441   479   439   497 0.84 transcript=SSPN1_17490.3 gene=SSPN1_17490
SSPN1_17490.3        -           1642 515425at33208        -            237   1.1e-06   28.0   0.9   4   6      0.15   1.7e+02    1.2   0.0    20    47   921   948   919   956 0.90 transcript=SSPN1_17490.3 gene=SSPN1_17490
SSPN1_17490.3        -           1642 515425at33208        -            237   1.1e-06   28.0   0.9   5   6    0.0079       8.9    5.4   0.0    22    46  1382  1406  1378  1413 0.86 transcript=SSPN1_17490.3 gene=SSPN1_17490
SSPN1_17490.3        -           1642 515425at33208        -            237   1.1e-06   28.0   0.9   6   6       2.5   2.8e+03   -2.8   0.0   138   165  1483  1510  1475  1521 0.88 transcript=SSPN1_17490.3 gene=SSPN1_17490
SSPN1_17490.1        -           2011 515425at33208        -            237   1.7e-06   27.3   0.1   1   5   0.00062       0.7    9.0   0.0    11    51    37    77    28    88 0.83 transcript=SSPN1_17490.1 gene=SSPN1_17490
SSPN1_17490.1        -           2011 515425at33208        -            237   1.7e-06   27.3   0.1   2   5     0.018        21    4.2   0.0    20    57   441   478   439   496 0.84 transcript=SSPN1_17490.1 gene=SSPN1_17490
SSPN1_17490.1        -           2011 515425at33208        -            237   1.7e-06   27.3   0.1   3   5      0.19   2.1e+02    0.9   0.0    20    47   921   948   919   956 0.90 transcript=SSPN1_17490.1 gene=SSPN1_17490
SSPN1_17490.1        -           2011 515425at33208        -            237   1.7e-06   27.3   0.1   4   5    0.0098        11    5.1   0.0    22    46  1382  1406  1378  1413 0.86 transcript=SSPN1_17490.1 gene=SSPN1_17490
SSPN1_17490.1        -           2011 515425at33208        -            237   1.7e-06   27.3   0.1   5   5       3.4   3.8e+03   -3.2   0.0   138   165  1483  1510  1476  1518 0.89 transcript=SSPN1_17490.1 gene=SSPN1_17490
SSPN1_17490.5        -           1981 515425at33208        -            237     2e-06   27.2   0.1   1   5   0.00075      0.85    8.7   0.0    11    51     7    47     3    58 0.83 transcript=SSPN1_17490.5 gene=SSPN1_17490
SSPN1_17490.5        -           1981 515425at33208        -            237     2e-06   27.2   0.1   2   5     0.018        21    4.2   0.0    20    57   411   448   409   465 0.84 transcript=SSPN1_17490.5 gene=SSPN1_17490
SSPN1_17490.5        -           1981 515425at33208        -            237     2e-06   27.2   0.1   3   5      0.19   2.1e+02    0.9   0.0    20    47   891   918   889   926 0.90 transcript=SSPN1_17490.5 gene=SSPN1_17490
SSPN1_17490.5        -           1981 515425at33208        -            237     2e-06   27.2   0.1   4   5    0.0096        11    5.1   0.0    22    46  1352  1376  1348  1383 0.86 transcript=SSPN1_17490.5 gene=SSPN1_17490
SSPN1_17490.5        -           1981 515425at33208        -            237     2e-06   27.2   0.1   5   5       3.2   3.7e+03   -3.2   0.0   138   165  1453  1480  1446  1489 0.89 transcript=SSPN1_17490.5 gene=SSPN1_17490
SSPN1_82140.1        -           5710 515425at33208        -            237   0.00051   19.3   0.2   1   4   4.4e-05      0.05   12.7   0.0    15    41    57    83    46   104 0.84 transcript=SSPN1_82140.1 gene=SSPN1_82140
SSPN1_82140.1        -           5710 515425at33208        -            237   0.00051   19.3   0.2   2   4      0.41   4.7e+02   -0.3   0.0    21    52   880   911   878   931 0.77 transcript=SSPN1_82140.1 gene=SSPN1_82140
SSPN1_82140.1        -           5710 515425at33208        -            237   0.00051   19.3   0.2   3   4       6.6   7.4e+03   -4.2   0.0    23    38  1226  1241  1223  1244 0.86 transcript=SSPN1_82140.1 gene=SSPN1_82140
SSPN1_82140.1        -           5710 515425at33208        -            237   0.00051   19.3   0.2   4   4       0.3   3.3e+02    0.2   0.0    17    43  1650  1676  1639  1687 0.84 transcript=SSPN1_82140.1 gene=SSPN1_82140
SSPN1_29390.1        -            197 515425at33208        -            237    0.0073   15.5   0.7   1   2   0.00013      0.15   11.2   0.0    15    57     7    49     1    56 0.83 transcript=SSPN1_29390.1 gene=SSPN1_29390
SSPN1_29390.1        -            197 515425at33208        -            237    0.0073   15.5   0.7   2   2     0.076        87    2.1   0.1   142   188   115   161   103   189 0.51 transcript=SSPN1_29390.1 gene=SSPN1_29390
SSPN1_47010.1        -            595 515425at33208        -            237    0.0096   15.1   0.0   1   1   1.4e-05     0.015   14.4   0.0    11    47   236   272   230   317 0.83 transcript=SSPN1_47010.1 gene=SSPN1_47010
SSPN1_63580.1        -            929 515425at33208        -            237     0.019   14.1   0.0   1   1   3.6e-05      0.04   13.0   0.0    11    47   348   384   337   422 0.82 transcript=SSPN1_63580.1 gene=SSPN1_63580
SSPN1_10080.2        -            645 515425at33208        -            237     0.048   12.8   0.1   1   2   0.00013      0.15   11.2   0.0    20    57   200   237   186   259 0.80 transcript=SSPN1_10080.2 gene=SSPN1_10080
SSPN1_10080.2        -            645 515425at33208        -            237     0.048   12.8   0.1   2   2       2.3   2.6e+03   -2.7   0.1   154   185   347   377   344   381 0.80 transcript=SSPN1_10080.2 gene=SSPN1_10080
SSPN1_2400.1         -            176 515425at33208        -            237      0.12   11.5   0.0   1   2    0.0011       1.2    8.2   0.0    21    50    14    43     2    67 0.83 transcript=SSPN1_2400.1 gene=SSPN1_2400
SSPN1_2400.1         -            176 515425at33208        -            237      0.12   11.5   0.0   2   2      0.15   1.6e+02    1.2   0.0   136   160   107   131    98   136 0.79 transcript=SSPN1_2400.1 gene=SSPN1_2400
SSPN1_29340.3        -            617 515425at33208        -            237      0.14   11.3   0.0   1   2      0.45   5.1e+02   -0.4   0.0    21    46    92   117    90   140 0.86 transcript=SSPN1_29340.3 gene=SSPN1_29340
SSPN1_29340.3        -            617 515425at33208        -            237      0.14   11.3   0.0   2   2    0.0007      0.79    8.8   0.0    11    45   395   429   389   446 0.81 transcript=SSPN1_29340.3 gene=SSPN1_29340
SSPN1_29340.1        -            690 515425at33208        -            237      0.17   11.0   0.0   1   2      0.52   5.9e+02   -0.6   0.0    21    46   165   190   163   212 0.86 transcript=SSPN1_29340.1 gene=SSPN1_29340
SSPN1_29340.1        -            690 515425at33208        -            237      0.17   11.0   0.0   2   2    0.0008      0.91    8.6   0.0    11    45   468   502   462   519 0.81 transcript=SSPN1_29340.1 gene=SSPN1_29340
SSPN1_29340.2        -            690 515425at33208        -            237      0.17   11.0   0.0   1   2      0.52   5.9e+02   -0.6   0.0    21    46   165   190   163   212 0.86 transcript=SSPN1_29340.2 gene=SSPN1_29340
SSPN1_29340.2        -            690 515425at33208        -            237      0.17   11.0   0.0   2   2    0.0008      0.91    8.6   0.0    11    45   468   502   462   519 0.81 transcript=SSPN1_29340.2 gene=SSPN1_29340
#
# Program:         hmmsearch
# Version:         3.4 (Aug 2023)
# Pipeline mode:   SEARCH
# Query file:      /users/40483456/busco_datasets/busco_downloads/lineages/metazoa_odb10/hmms/515425at33208.hmm
# Target file:     /users/40483456/protein/schistosoma_spindale.fa
# Option settings: hmmsearch --domtblout /users/40483456/busco/results_pro/schistosoma_spindale_busco/run_metazoa_odb10/hmmer_output/initial_run_results/515425at33208.out --cpu 1 /users/40483456/busco_datasets/busco_downloads/lineages/metazoa_odb10/hmms/515425at33208.hmm /users/40483456/protein/schistosoma_spindale.fa 
# Current dir:     /users/40483456
# Date:            Thu Jan 15 17:59:34 2026
# [ok]
