#                                                                            --- full sequence --- -------------- this domain -------------   hmm coord   ali coord   env coord
# target name        accession   tlen query name           accession   qlen   E-value  score  bias   #  of  c-Evalue  i-Evalue  score  bias  from    to  from    to  from    to  acc description of target
#------------------- ---------- ----- -------------------- ---------- ----- --------- ------ ----- --- --- --------- --------- ------ ----- ----- ----- ----- ----- ----- ----- ---- ---------------------
SSPN1_8550.1         -            258 566527at33208        -            188   2.1e-37  128.1   0.0   1   1   1.1e-40   2.6e-37  127.8   0.0     5   146     6   161     2   201 0.87 transcript=SSPN1_8550.1 gene=SSPN1_8550
SSPN1_58170.1        -            239 566527at33208        -            188     3e-16   59.1   0.0   1   1   1.8e-19   4.4e-16   58.6   0.0    24   185    39   210    27   213 0.85 transcript=SSPN1_58170.1 gene=SSPN1_58170
SSPN1_15580.1        -            426 566527at33208        -            188   0.00012   21.3   0.0   1   2   1.2e-07    0.0003   20.0   0.0     2    95   130   226   129   258 0.73 transcript=SSPN1_15580.1 gene=SSPN1_15580
SSPN1_15580.1        -            426 566527at33208        -            188   0.00012   21.3   0.0   2   2      0.65   1.6e+03   -1.9   0.0   104   127   258   280   247   282 0.74 transcript=SSPN1_15580.1 gene=SSPN1_15580
SSPN1_15580.2        -            426 566527at33208        -            188   0.00012   21.3   0.0   1   2   1.2e-07    0.0003   20.0   0.0     2    95   130   226   129   258 0.73 transcript=SSPN1_15580.2 gene=SSPN1_15580
SSPN1_15580.2        -            426 566527at33208        -            188   0.00012   21.3   0.0   2   2      0.65   1.6e+03   -1.9   0.0   104   127   258   280   247   282 0.74 transcript=SSPN1_15580.2 gene=SSPN1_15580
SSPN1_15580.3        -            426 566527at33208        -            188   0.00012   21.3   0.0   1   2   1.2e-07    0.0003   20.0   0.0     2    95   130   226   129   258 0.73 transcript=SSPN1_15580.3 gene=SSPN1_15580
SSPN1_15580.3        -            426 566527at33208        -            188   0.00012   21.3   0.0   2   2      0.65   1.6e+03   -1.9   0.0   104   127   258   280   247   282 0.74 transcript=SSPN1_15580.3 gene=SSPN1_15580
SSPN1_78500.1        -            239 566527at33208        -            188    0.0003   20.0   0.0   1   1   1.9e-07   0.00046   19.4   0.0    28   145    16   137     6   157 0.72 transcript=SSPN1_78500.1 gene=SSPN1_78500
SSPN1_78500.2        -            239 566527at33208        -            188    0.0003   20.0   0.0   1   1   1.9e-07   0.00046   19.4   0.0    28   145    16   137     6   157 0.72 transcript=SSPN1_78500.2 gene=SSPN1_78500
#
# Program:         hmmsearch
# Version:         3.4 (Aug 2023)
# Pipeline mode:   SEARCH
# Query file:      /users/40483456/busco_datasets/busco_downloads/lineages/metazoa_odb10/hmms/566527at33208.hmm
# Target file:     /users/40483456/protein/schistosoma_spindale.fa
# Option settings: hmmsearch --domtblout /users/40483456/busco/results_pro/schistosoma_spindale_busco/run_metazoa_odb10/hmmer_output/initial_run_results/566527at33208.out --cpu 1 /users/40483456/busco_datasets/busco_downloads/lineages/metazoa_odb10/hmms/566527at33208.hmm /users/40483456/protein/schistosoma_spindale.fa 
# Current dir:     /users/40483456
# Date:            Thu Jan 15 17:59:43 2026
# [ok]
