#                                                                            --- full sequence --- -------------- this domain -------------   hmm coord   ali coord   env coord
# target name        accession   tlen query name           accession   qlen   E-value  score  bias   #  of  c-Evalue  i-Evalue  score  bias  from    to  from    to  from    to  acc description of target
#------------------- ---------- ----- -------------------- ---------- ----- --------- ------ ----- --- --- --------- --------- ------ ----- ----- ----- ----- ----- ----- ----- ---- ---------------------
SSPN1_65240.1        -            180 583626at33208        -            139   2.7e-12   46.5   0.1   1   1   2.2e-15   6.3e-12   45.3   0.1    14   138    19   170     8   171 0.75 transcript=SSPN1_65240.1 gene=SSPN1_65240
SSPN1_65240.3        -            179 583626at33208        -            139   1.4e-11   44.2   0.2   1   1   1.2e-14   3.3e-11   43.0   0.2    14   138    19   169     8   170 0.75 transcript=SSPN1_65240.3 gene=SSPN1_65240
SSPN1_65240.2        -            210 583626at33208        -            139   2.5e-11   43.4   0.0   1   1   1.9e-14   5.3e-11   42.3   0.0    14   125    19   149     8   166 0.79 transcript=SSPN1_65240.2 gene=SSPN1_65240
SSPN1_11620.1        -            180 583626at33208        -            139    0.0012   18.5   0.5   1   2      0.26   7.4e+02   -0.3   0.0    66    93    54    81    44    95 0.79 transcript=SSPN1_11620.1 gene=SSPN1_11620
SSPN1_11620.1        -            180 583626at33208        -            139    0.0012   18.5   0.5   2   2   1.7e-06    0.0048   16.6   0.4    94   136   123   171    81   174 0.74 transcript=SSPN1_11620.1 gene=SSPN1_11620
SSPN1_6500.1         -            408 583626at33208        -            139     0.089   12.4   0.8   1   2      0.26   7.2e+02   -0.2   0.0    83   105   203   225   165   241 0.60 transcript=SSPN1_6500.1 gene=SSPN1_6500
SSPN1_6500.1         -            408 583626at33208        -            139     0.089   12.4   0.8   2   2   0.00016      0.45   10.2   0.3    17    61   317   361   297   383 0.78 transcript=SSPN1_6500.1 gene=SSPN1_6500
SSPN1_66810.1        -            665 583626at33208        -            139      0.79    9.4   2.3   1   2    0.0095        27    4.4   0.3     7    27     3    23     1    34 0.84 transcript=SSPN1_66810.1 gene=SSPN1_66810
SSPN1_66810.1        -            665 583626at33208        -            139      0.79    9.4   2.3   2   2    0.0098        28    4.4   0.1     8    23    63    78    57    90 0.90 transcript=SSPN1_66810.1 gene=SSPN1_66810
#
# Program:         hmmsearch
# Version:         3.4 (Aug 2023)
# Pipeline mode:   SEARCH
# Query file:      /users/40483456/busco_datasets/busco_downloads/lineages/metazoa_odb10/hmms/583626at33208.hmm
# Target file:     /users/40483456/protein/schistosoma_spindale.fa
# Option settings: hmmsearch --domtblout /users/40483456/busco/results_pro/schistosoma_spindale_busco/run_metazoa_odb10/hmmer_output/initial_run_results/583626at33208.out --cpu 1 /users/40483456/busco_datasets/busco_downloads/lineages/metazoa_odb10/hmms/583626at33208.hmm /users/40483456/protein/schistosoma_spindale.fa 
# Current dir:     /users/40483456
# Date:            Thu Jan 15 17:59:47 2026
# [ok]
