#                                                                            --- full sequence --- -------------- this domain -------------   hmm coord   ali coord   env coord
# target name        accession   tlen query name           accession   qlen   E-value  score  bias   #  of  c-Evalue  i-Evalue  score  bias  from    to  from    to  from    to  acc description of target
#------------------- ---------- ----- -------------------- ---------- ----- --------- ------ ----- --- --- --------- --------- ------ ----- ----- ----- ----- ----- ----- ----- ---- ---------------------
SSPN1_77200.1        -            153 587688at33208        -            101   3.3e-26   91.6   2.1   1   1   6.9e-29   4.5e-26   91.2   1.9     1    85     1    90     1   104 0.92 transcript=SSPN1_77200.1 gene=SSPN1_77200
SSPN1_54400.1        -            430 587688at33208        -            101   6.2e-06   26.5   7.7   1   3       2.6   1.7e+03   -0.5   0.0    63    76    68    81    36   105 0.69 transcript=SSPN1_54400.1 gene=SSPN1_54400
SSPN1_54400.1        -            430 587688at33208        -            101   6.2e-06   26.5   7.7   2   3   7.8e-05     0.051   14.0   0.7    22    72   249   299   238   305 0.74 transcript=SSPN1_54400.1 gene=SSPN1_54400
SSPN1_54400.1        -            430 587688at33208        -            101   6.2e-06   26.5   7.7   3   3   7.3e-05     0.048   14.1   0.0    51    74   316   339   309   352 0.91 transcript=SSPN1_54400.1 gene=SSPN1_54400
SSPN1_89890.1        -            922 587688at33208        -            101   4.5e-05   23.8  11.0   1   3     9e-05     0.059   13.8   0.2     4    42   487   524   485   534 0.85 transcript=SSPN1_89890.1 gene=SSPN1_89890
SSPN1_89890.1        -            922 587688at33208        -            101   4.5e-05   23.8  11.0   2   3     0.068        45    4.5   1.0     5    48   548   593   544   624 0.68 transcript=SSPN1_89890.1 gene=SSPN1_89890
SSPN1_89890.1        -            922 587688at33208        -            101   4.5e-05   23.8  11.0   3   3     0.001      0.67   10.4   0.2     3    71   689   753   687   768 0.77 transcript=SSPN1_89890.1 gene=SSPN1_89890
SSPN1_60190.1        -            132 587688at33208        -            101   5.2e-05   23.6   4.5   1   1   1.3e-07   8.5e-05   22.9   4.5     4    46     3    44     1    59 0.81 transcript=SSPN1_60190.1 gene=SSPN1_60190
SSPN1_90510.1        -            976 587688at33208        -            101   0.00011   22.5   4.4   1   3    0.0068       4.5    7.7   0.0     5    47   206   247   204   258 0.89 transcript=SSPN1_90510.1 gene=SSPN1_90510
SSPN1_90510.1        -            976 587688at33208        -            101   0.00011   22.5   4.4   2   3         1   6.8e+02    0.7   0.0     7    41   266   299   260   306 0.73 transcript=SSPN1_90510.1 gene=SSPN1_90510
SSPN1_90510.1        -            976 587688at33208        -            101   0.00011   22.5   4.4   3   3   0.00028      0.18   12.2   1.4     3    52   375   423   373   437 0.86 transcript=SSPN1_90510.1 gene=SSPN1_90510
SSPN1_26080.1        -            544 587688at33208        -            101   0.00049   20.5   5.4   1   2     0.096        63    4.1   0.6    45    71   435   463   414   473 0.76 transcript=SSPN1_26080.1 gene=SSPN1_26080
SSPN1_26080.1        -            544 587688at33208        -            101   0.00049   20.5   5.4   2   2   8.7e-06    0.0057   17.0   0.4    50    95   480   525   467   529 0.85 transcript=SSPN1_26080.1 gene=SSPN1_26080
SSPN1_28270.1        -            845 587688at33208        -            101   0.00075   19.9  14.5   1   3       1.5   9.9e+02    0.2   1.3    55    71     9    25     4    28 0.85 transcript=SSPN1_28270.1 gene=SSPN1_28270
SSPN1_28270.1        -            845 587688at33208        -            101   0.00075   19.9  14.5   2   3     0.001      0.68   10.4   2.5    48    71    26    49    15    55 0.88 transcript=SSPN1_28270.1 gene=SSPN1_28270
SSPN1_28270.1        -            845 587688at33208        -            101   0.00075   19.9  14.5   3   3   5.9e-05     0.039   14.4   1.7    46    72    59    84    53    98 0.86 transcript=SSPN1_28270.1 gene=SSPN1_28270
SSPN1_2430.3         -            177 587688at33208        -            101    0.0083   16.5   5.9   1   2      0.01       6.8    7.2   0.7    48    77    13    41     4    47 0.83 transcript=SSPN1_2430.3 gene=SSPN1_2430
SSPN1_2430.3         -            177 587688at33208        -            101    0.0083   16.5   5.9   2   2   0.00044      0.29   11.6   0.9    47    76    46    74    40    94 0.80 transcript=SSPN1_2430.3 gene=SSPN1_2430
SSPN1_2430.2         -            139 587688at33208        -            101      0.01   16.2   7.1   1   2     0.007       4.6    7.7   0.8    48    77    13    41     3    47 0.83 transcript=SSPN1_2430.2 gene=SSPN1_2430
SSPN1_2430.2         -            139 587688at33208        -            101      0.01   16.2   7.1   2   2   0.00025      0.16   12.4   1.2    47    75    46    73    38   103 0.71 transcript=SSPN1_2430.2 gene=SSPN1_2430
SSPN1_2430.1         -            160 587688at33208        -            101     0.013   15.9   7.1   1   2    0.0082       5.4    7.5   0.7    48    77    13    41     3    48 0.83 transcript=SSPN1_2430.1 gene=SSPN1_2430
SSPN1_2430.1         -            160 587688at33208        -            101     0.013   15.9   7.1   2   2   0.00034      0.22   11.9   1.1    47    77    46    75    39    95 0.79 transcript=SSPN1_2430.1 gene=SSPN1_2430
SSPN1_4220.1         -            221 587688at33208        -            101     0.013   15.9   4.2   1   2    0.0024       1.6    9.2   0.1    45    76    11    42     6    53 0.87 transcript=SSPN1_4220.1 gene=SSPN1_4220
SSPN1_4220.1         -            221 587688at33208        -            101     0.013   15.9   4.2   2   2     0.012       7.6    7.0   0.9    50    78   152   180   147   204 0.79 transcript=SSPN1_4220.1 gene=SSPN1_4220
SSPN1_74650.1        -            307 587688at33208        -            101     0.044   14.2  10.5   1   3      0.47     3e+02    1.9   0.6    29    57    49    81    28   109 0.61 transcript=SSPN1_74650.1 gene=SSPN1_74650
SSPN1_74650.1        -            307 587688at33208        -            101     0.044   14.2  10.5   2   3     0.001      0.68   10.4   0.5    50    72   172   196   164   202 0.80 transcript=SSPN1_74650.1 gene=SSPN1_74650
SSPN1_74650.1        -            307 587688at33208        -            101     0.044   14.2  10.5   3   3     0.012       7.7    7.0   0.1    50    76   212   238   206   261 0.74 transcript=SSPN1_74650.1 gene=SSPN1_74650
SSPN1_35600.3        -            730 587688at33208        -            101     0.069   13.6  13.3   1   3       1.8   1.2e+03    0.0   3.7    37    71   174   210   155   215 0.78 transcript=SSPN1_35600.3 gene=SSPN1_35600
SSPN1_35600.3        -            730 587688at33208        -            101     0.069   13.6  13.3   2   3   0.00013     0.086   13.3   0.2    46    94   219   266   213   272 0.86 transcript=SSPN1_35600.3 gene=SSPN1_35600
SSPN1_35600.3        -            730 587688at33208        -            101     0.069   13.6  13.3   3   3     0.038        25    5.3   0.1    52    73   707   727   697   730 0.87 transcript=SSPN1_35600.3 gene=SSPN1_35600
SSPN1_35600.6        -            730 587688at33208        -            101     0.069   13.6  13.3   1   3       1.8   1.2e+03    0.0   3.7    37    71   174   210   155   215 0.78 transcript=SSPN1_35600.6 gene=SSPN1_35600
SSPN1_35600.6        -            730 587688at33208        -            101     0.069   13.6  13.3   2   3   0.00013     0.086   13.3   0.2    46    94   219   266   213   272 0.86 transcript=SSPN1_35600.6 gene=SSPN1_35600
SSPN1_35600.6        -            730 587688at33208        -            101     0.069   13.6  13.3   3   3     0.038        25    5.3   0.1    52    73   707   727   697   730 0.87 transcript=SSPN1_35600.6 gene=SSPN1_35600
SSPN1_35600.5        -            800 587688at33208        -            101     0.096   13.1   0.2   1   3       2.4   1.6e+03   -0.4   3.9    37    71   174   210   155   214 0.78 transcript=SSPN1_35600.5 gene=SSPN1_35600
SSPN1_35600.5        -            800 587688at33208        -            101     0.096   13.1   0.2   2   3   0.00015     0.096   13.1   0.2    46    94   219   266   213   272 0.86 transcript=SSPN1_35600.5 gene=SSPN1_35600
SSPN1_35600.5        -            800 587688at33208        -            101     0.096   13.1   0.2   3   3     0.043        28    5.2   0.1    52    73   777   797   767   800 0.87 transcript=SSPN1_35600.5 gene=SSPN1_35600
SSPN1_54240.2        -            357 587688at33208        -            101      0.12   12.7   5.3   1   2    0.0001     0.067   13.6   2.1     6    36    12    42     8    74 0.79 transcript=SSPN1_54240.2 gene=SSPN1_54240
SSPN1_54240.2        -            357 587688at33208        -            101      0.12   12.7   5.3   2   2       5.8   3.8e+03   -1.7   0.1    46    57    93   104    52   112 0.54 transcript=SSPN1_54240.2 gene=SSPN1_54240
SSPN1_54240.4        -            357 587688at33208        -            101      0.12   12.7   5.3   1   2    0.0001     0.067   13.6   2.1     6    36    12    42     8    74 0.79 transcript=SSPN1_54240.4 gene=SSPN1_54240
SSPN1_54240.4        -            357 587688at33208        -            101      0.12   12.7   5.3   2   2       5.8   3.8e+03   -1.7   0.1    46    57    93   104    52   112 0.54 transcript=SSPN1_54240.4 gene=SSPN1_54240
SSPN1_54760.2        -           1556 587688at33208        -            101      0.13   12.7   0.2   1   2    0.0002      0.13   12.7   0.2    39    76    18    53     5    57 0.76 transcript=SSPN1_54760.2 gene=SSPN1_54760
SSPN1_54760.2        -           1556 587688at33208        -            101      0.13   12.7   0.2   2   2       4.2   2.8e+03   -1.2   0.5    48    72   884   909   865   921 0.55 transcript=SSPN1_54760.2 gene=SSPN1_54760
SSPN1_9430.1         -            589 587688at33208        -            101      0.28   11.6   0.1   1   3   0.00043      0.28   11.6   0.1    50    83   164   197   156   215 0.77 transcript=SSPN1_9430.1 gene=SSPN1_9430
SSPN1_9430.1         -            589 587688at33208        -            101      0.28   11.6   0.1   2   3         4   2.6e+03   -1.1   0.1    23    63   426   466   411   469 0.71 transcript=SSPN1_9430.1 gene=SSPN1_9430
SSPN1_9430.1         -            589 587688at33208        -            101      0.28   11.6   0.1   3   3       5.1   3.3e+03   -1.5   0.1    60    89   507   536   486   543 0.61 transcript=SSPN1_9430.1 gene=SSPN1_9430
SSPN1_26150.1        -            381 587688at33208        -            101       0.3   11.5   2.4   1   1   0.00038      0.25   11.8   0.2     5    40    63    97    60   130 0.71 transcript=SSPN1_26150.1 gene=SSPN1_26150
SSPN1_73690.3        -            161 587688at33208        -            101       0.7   10.3  12.5   1   3        10   6.5e+03   -2.4   0.1    30    41    11    22     2    34 0.51 transcript=SSPN1_73690.3 gene=SSPN1_73690
SSPN1_73690.3        -            161 587688at33208        -            101       0.7   10.3  12.5   2   3   0.00011      0.07   13.5   6.9     4    60    46   101    43   132 0.68 transcript=SSPN1_73690.3 gene=SSPN1_73690
SSPN1_73690.3        -            161 587688at33208        -            101       0.7   10.3  12.5   3   3       4.9   3.2e+03   -1.4   1.8    42    51   115   124    93   146 0.52 transcript=SSPN1_73690.3 gene=SSPN1_73690
SSPN1_23350.1        -            738 587688at33208        -            101      0.82   10.1  15.2   1   2    0.0022       1.4    9.3   0.3    50    75     8    33     2    35 0.87 transcript=SSPN1_23350.1 gene=SSPN1_23350
SSPN1_23350.1        -            738 587688at33208        -            101      0.82   10.1  15.2   2   2    0.0016       1.1    9.8   1.7    48    73    33    58    30    71 0.89 transcript=SSPN1_23350.1 gene=SSPN1_23350
SSPN1_73690.1        -            193 587688at33208        -            101       1.2    9.6  13.7   1   3       2.2   1.5e+03   -0.3   0.3    21    39    34    52     9    67 0.53 transcript=SSPN1_73690.1 gene=SSPN1_73690
SSPN1_73690.1        -            193 587688at33208        -            101       1.2    9.6  13.7   2   3   0.00011     0.071   13.5   6.4     4    60    78   133    75   164 0.69 transcript=SSPN1_73690.1 gene=SSPN1_73690
SSPN1_73690.1        -            193 587688at33208        -            101       1.2    9.6  13.7   3   3       5.5   3.6e+03   -1.6   1.9    40    50   145   155   119   177 0.51 transcript=SSPN1_73690.1 gene=SSPN1_73690
SSPN1_73690.2        -            193 587688at33208        -            101       1.2    9.6  13.7   1   3       2.2   1.5e+03   -0.3   0.3    21    39    34    52     9    67 0.53 transcript=SSPN1_73690.2 gene=SSPN1_73690
SSPN1_73690.2        -            193 587688at33208        -            101       1.2    9.6  13.7   2   3   0.00011     0.071   13.5   6.4     4    60    78   133    75   164 0.69 transcript=SSPN1_73690.2 gene=SSPN1_73690
SSPN1_73690.2        -            193 587688at33208        -            101       1.2    9.6  13.7   3   3       5.5   3.6e+03   -1.6   1.9    40    50   145   155   119   177 0.51 transcript=SSPN1_73690.2 gene=SSPN1_73690
SSPN1_73690.4        -            193 587688at33208        -            101       1.2    9.6  13.7   1   3       2.2   1.5e+03   -0.3   0.3    21    39    34    52     9    67 0.53 transcript=SSPN1_73690.4 gene=SSPN1_73690
SSPN1_73690.4        -            193 587688at33208        -            101       1.2    9.6  13.7   2   3   0.00011     0.071   13.5   6.4     4    60    78   133    75   164 0.69 transcript=SSPN1_73690.4 gene=SSPN1_73690
SSPN1_73690.4        -            193 587688at33208        -            101       1.2    9.6  13.7   3   3       5.5   3.6e+03   -1.6   1.9    40    50   145   155   119   177 0.51 transcript=SSPN1_73690.4 gene=SSPN1_73690
SSPN1_59070.1        -            698 587688at33208        -            101       4.6    7.7  14.3   1   3      0.53   3.5e+02    1.7   2.3    49    79   145   175   118   180 0.79 transcript=SSPN1_59070.1 gene=SSPN1_59070
SSPN1_59070.1        -            698 587688at33208        -            101       4.6    7.7  14.3   2   3      0.93   6.1e+02    0.9   0.4    48    71   172   195   169   198 0.86 transcript=SSPN1_59070.1 gene=SSPN1_59070
SSPN1_59070.1        -            698 587688at33208        -            101       4.6    7.7  14.3   3   3   0.00043      0.28   11.6   1.7    51    76   199   224   195   240 0.81 transcript=SSPN1_59070.1 gene=SSPN1_59070
#
# Program:         hmmsearch
# Version:         3.4 (Aug 2023)
# Pipeline mode:   SEARCH
# Query file:      /users/40483456/busco_datasets/busco_downloads/lineages/metazoa_odb10/hmms/587688at33208.hmm
# Target file:     /users/40483456/protein/schistosoma_spindale.fa
# Option settings: hmmsearch --domtblout /users/40483456/busco/results_pro/schistosoma_spindale_busco/run_metazoa_odb10/hmmer_output/initial_run_results/587688at33208.out --cpu 1 /users/40483456/busco_datasets/busco_downloads/lineages/metazoa_odb10/hmms/587688at33208.hmm /users/40483456/protein/schistosoma_spindale.fa 
# Current dir:     /users/40483456
# Date:            Thu Jan 15 17:59:43 2026
# [ok]
