#                                                                            --- full sequence --- -------------- this domain -------------   hmm coord   ali coord   env coord
# target name        accession   tlen query name           accession   qlen   E-value  score  bias   #  of  c-Evalue  i-Evalue  score  bias  from    to  from    to  from    to  acc description of target
#------------------- ---------- ----- -------------------- ---------- ----- --------- ------ ----- --- --- --------- --------- ------ ----- ----- ----- ----- ----- ----- ----- ---- ---------------------
SCUR1_21960.1        -            693 189414at33208        -            542   1.6e-35  123.0  33.6   1   4    0.0063        32    3.1  10.3    12    52     5    48     1    56 0.69 transcript=SCUR1_21960.1 gene=SCUR1_21960
SCUR1_21960.1        -            693 189414at33208        -            542   1.6e-35  123.0  33.6   2   4      0.18   9.2e+02   -1.7   0.2    35   100    84   145    82   175 0.60 transcript=SCUR1_21960.1 gene=SCUR1_21960
SCUR1_21960.1        -            693 189414at33208        -            542   1.6e-35  123.0  33.6   3   4   2.7e-23   1.4e-19   70.3   8.3    98   347   174   444   113   456 0.72 transcript=SCUR1_21960.1 gene=SCUR1_21960
SCUR1_21960.1        -            693 189414at33208        -            542   1.6e-35  123.0  33.6   4   4   5.1e-20   2.6e-16   59.5   0.4   395   537   527   677   519   682 0.88 transcript=SCUR1_21960.1 gene=SCUR1_21960
SCUR1_23830.1        -            777 189414at33208        -            542   9.3e-28   97.3  12.7   1   4   2.5e-21   1.3e-17   63.8   0.1    84   292    54   257    21   265 0.84 transcript=SCUR1_23830.1 gene=SCUR1_23830
SCUR1_23830.1        -            777 189414at33208        -            542   9.3e-28   97.3  12.7   2   4   5.1e-12   2.6e-08   33.1   0.0   364   426   380   442   332   444 0.93 transcript=SCUR1_23830.1 gene=SCUR1_23830
SCUR1_23830.1        -            777 189414at33208        -            542   9.3e-28   97.3  12.7   3   4    0.0017       8.5    5.0   0.0   450   511   519   582   498   604 0.76 transcript=SCUR1_23830.1 gene=SCUR1_23830
SCUR1_23830.1        -            777 189414at33208        -            542   9.3e-28   97.3  12.7   4   4      0.43   2.2e+03   -3.0   5.1     5    33   683   711   631   751 0.69 transcript=SCUR1_23830.1 gene=SCUR1_23830
SCUR1_23830.2        -            777 189414at33208        -            542   9.3e-28   97.3  12.7   1   4   2.5e-21   1.3e-17   63.8   0.1    84   292    54   257    21   265 0.84 transcript=SCUR1_23830.2 gene=SCUR1_23830
SCUR1_23830.2        -            777 189414at33208        -            542   9.3e-28   97.3  12.7   2   4   5.1e-12   2.6e-08   33.1   0.0   364   426   380   442   332   444 0.93 transcript=SCUR1_23830.2 gene=SCUR1_23830
SCUR1_23830.2        -            777 189414at33208        -            542   9.3e-28   97.3  12.7   3   4    0.0017       8.5    5.0   0.0   450   511   519   582   498   604 0.76 transcript=SCUR1_23830.2 gene=SCUR1_23830
SCUR1_23830.2        -            777 189414at33208        -            542   9.3e-28   97.3  12.7   4   4      0.43   2.2e+03   -3.0   5.1     5    33   683   711   631   751 0.69 transcript=SCUR1_23830.2 gene=SCUR1_23830
SCUR1_89160.1        -            250 189414at33208        -            542      0.63    8.7   3.4   1   1   0.00017      0.87    8.3   3.4    20   128   121   231   115   233 0.75 transcript=SCUR1_89160.1 gene=SCUR1_89160
#
# Program:         hmmsearch
# Version:         3.4 (Aug 2023)
# Pipeline mode:   SEARCH
# Query file:      /users/40483456/busco_datasets/busco_downloads/lineages/metazoa_odb10/hmms/189414at33208.hmm
# Target file:     /users/40483456/protein/schistosoma_curassoni.fa
# Option settings: hmmsearch --domtblout /users/40483456/busco/results_pro/schistosoma_curassoni_busco/run_metazoa_odb10/hmmer_output/initial_run_results/189414at33208.out --cpu 1 /users/40483456/busco_datasets/busco_downloads/lineages/metazoa_odb10/hmms/189414at33208.hmm /users/40483456/protein/schistosoma_curassoni.fa 
# Current dir:     /users/40483456
# Date:            Thu Jan 15 17:46:59 2026
# [ok]
