#                                                                            --- full sequence --- -------------- this domain -------------   hmm coord   ali coord   env coord
# target name        accession   tlen query name           accession   qlen   E-value  score  bias   #  of  c-Evalue  i-Evalue  score  bias  from    to  from    to  from    to  acc description of target
#------------------- ---------- ----- -------------------- ---------- ----- --------- ------ ----- --- --- --------- --------- ------ ----- ----- ----- ----- ----- ----- ----- ---- ---------------------
SCUR1_9820.1         -            513 274769at33208        -            383  1.4e-129  432.4   9.5   1   3   4.5e-43   1.4e-40  139.5   0.3     1   170     4   225     4   237 0.75 transcript=SCUR1_9820.1 gene=SCUR1_9820
SCUR1_9820.1         -            513 274769at33208        -            383  1.4e-129  432.4   9.5   2   3   1.2e-48   3.7e-46  157.9   0.3   180   311   261   394   244   401 0.86 transcript=SCUR1_9820.1 gene=SCUR1_9820
SCUR1_9820.1         -            513 274769at33208        -            383  1.4e-129  432.4   9.5   3   3   2.2e-41   6.8e-39  133.9   0.2   306   383   423   501   418   501 0.95 transcript=SCUR1_9820.1 gene=SCUR1_9820
SCUR1_65280.2        -            785 274769at33208        -            383   4.6e-15   55.5   0.5   1   4   6.2e-08     2e-05   23.8   0.0    83   113    94   124    73   143 0.80 transcript=SCUR1_65280.2 gene=SCUR1_65280
SCUR1_65280.2        -            785 274769at33208        -            383   4.6e-15   55.5   0.5   2   4    0.0012      0.36    9.8   0.0   111   175   256   314   243   324 0.77 transcript=SCUR1_65280.2 gene=SCUR1_65280
SCUR1_65280.2        -            785 274769at33208        -            383   4.6e-15   55.5   0.5   3   4      0.39   1.2e+02    1.4   0.0   236   303   554   619   520   635 0.78 transcript=SCUR1_65280.2 gene=SCUR1_65280
SCUR1_65280.2        -            785 274769at33208        -            383   4.6e-15   55.5   0.5   4   4   2.8e-05    0.0088   15.1   0.1   316   358   654   699   644   715 0.75 transcript=SCUR1_65280.2 gene=SCUR1_65280
SCUR1_19690.2        -           2226 274769at33208        -            383   7.1e-15   54.9   0.5   1   2   0.00012     0.038   13.0   0.1    83   114   698   729   679   782 0.72 transcript=SCUR1_19690.2 gene=SCUR1_19690
SCUR1_19690.2        -           2226 274769at33208        -            383   7.1e-15   54.9   0.5   2   2   9.4e-13     3e-10   39.7   0.1   226   371   941  1099   853  1101 0.75 transcript=SCUR1_19690.2 gene=SCUR1_19690
SCUR1_19690.3        -           2226 274769at33208        -            383   7.1e-15   54.9   0.5   1   2   0.00012     0.038   13.0   0.1    83   114   698   729   679   782 0.72 transcript=SCUR1_19690.3 gene=SCUR1_19690
SCUR1_19690.3        -           2226 274769at33208        -            383   7.1e-15   54.9   0.5   2   2   9.4e-13     3e-10   39.7   0.1   226   371   941  1099   853  1101 0.75 transcript=SCUR1_19690.3 gene=SCUR1_19690
SCUR1_19690.4        -           2226 274769at33208        -            383   7.1e-15   54.9   0.5   1   2   0.00012     0.038   13.0   0.1    83   114   698   729   679   782 0.72 transcript=SCUR1_19690.4 gene=SCUR1_19690
SCUR1_19690.4        -           2226 274769at33208        -            383   7.1e-15   54.9   0.5   2   2   9.4e-13     3e-10   39.7   0.1   226   371   941  1099   853  1101 0.75 transcript=SCUR1_19690.4 gene=SCUR1_19690
SCUR1_65280.1        -            882 274769at33208        -            383   7.9e-15   54.7   0.4   1   4   7.2e-08   2.3e-05   23.6   0.0    83   113   191   221   170   240 0.80 transcript=SCUR1_65280.1 gene=SCUR1_65280
SCUR1_65280.1        -            882 274769at33208        -            383   7.9e-15   54.7   0.4   2   4    0.0013      0.42    9.5   0.0   111   175   353   411   340   421 0.77 transcript=SCUR1_65280.1 gene=SCUR1_65280
SCUR1_65280.1        -            882 274769at33208        -            383   7.9e-15   54.7   0.4   3   4      0.46   1.5e+02    1.2   0.0   236   303   651   716   618   732 0.78 transcript=SCUR1_65280.1 gene=SCUR1_65280
SCUR1_65280.1        -            882 274769at33208        -            383   7.9e-15   54.7   0.4   4   4   3.2e-05      0.01   14.9   0.1   316   358   751   796   741   812 0.75 transcript=SCUR1_65280.1 gene=SCUR1_65280
SCUR1_19690.1        -           2539 274769at33208        -            383   9.9e-15   54.4   0.5   1   2   0.00014     0.044   12.8   0.1    83   114  1011  1042   992  1095 0.72 transcript=SCUR1_19690.1 gene=SCUR1_19690
SCUR1_19690.1        -           2539 274769at33208        -            383   9.9e-15   54.4   0.5   2   2   1.1e-12   3.5e-10   39.4   0.1   226   371  1254  1412  1166  1414 0.75 transcript=SCUR1_19690.1 gene=SCUR1_19690
SCUR1_82340.7        -            642 274769at33208        -            383   9.1e-14   51.2   0.1   1   4   1.2e-08   3.7e-06   26.2   0.0    84   111    61    88    41   122 0.88 transcript=SCUR1_82340.7 gene=SCUR1_82340
SCUR1_82340.7        -            642 274769at33208        -            383   9.1e-14   51.2   0.1   2   4      0.09        29    3.5   0.0   131   173   157   196   154   199 0.80 transcript=SCUR1_82340.7 gene=SCUR1_82340
SCUR1_82340.7        -            642 274769at33208        -            383   9.1e-14   51.2   0.1   3   4       8.8   2.8e+03   -3.0   0.0   237   257   309   329   299   339 0.85 transcript=SCUR1_82340.7 gene=SCUR1_82340
SCUR1_82340.7        -            642 274769at33208        -            383   9.1e-14   51.2   0.1   4   4   8.8e-06    0.0028   16.7   0.0   310   342   546   581   516   589 0.73 transcript=SCUR1_82340.7 gene=SCUR1_82340
SCUR1_39330.3        -           1322 274769at33208        -            383   1.7e-13   50.3   0.1   1   2   1.3e-13     4e-11   42.5   0.0    69   349    71   362    42   385 0.69 transcript=SCUR1_39330.3 gene=SCUR1_39330
SCUR1_39330.3        -           1322 274769at33208        -            383   1.7e-13   50.3   0.1   2   2     0.041        13    4.7   0.0    13    55  1213  1255  1204  1266 0.89 transcript=SCUR1_39330.3 gene=SCUR1_39330
SCUR1_39330.5        -           1322 274769at33208        -            383   1.7e-13   50.3   0.1   1   2   1.3e-13     4e-11   42.5   0.0    69   349    71   362    42   385 0.69 transcript=SCUR1_39330.5 gene=SCUR1_39330
SCUR1_39330.5        -           1322 274769at33208        -            383   1.7e-13   50.3   0.1   2   2     0.041        13    4.7   0.0    13    55  1213  1255  1204  1266 0.89 transcript=SCUR1_39330.5 gene=SCUR1_39330
SCUR1_39330.2        -           1354 274769at33208        -            383   1.8e-13   50.3   0.1   1   2   1.3e-13   4.2e-11   42.5   0.0    69   349    71   362    42   385 0.69 transcript=SCUR1_39330.2 gene=SCUR1_39330
SCUR1_39330.2        -           1354 274769at33208        -            383   1.8e-13   50.3   0.1   2   2     0.042        13    4.6   0.0    13    55  1245  1287  1236  1298 0.89 transcript=SCUR1_39330.2 gene=SCUR1_39330
SCUR1_39330.4        -           1354 274769at33208        -            383   1.8e-13   50.3   0.1   1   2   1.3e-13   4.2e-11   42.5   0.0    69   349    71   362    42   385 0.69 transcript=SCUR1_39330.4 gene=SCUR1_39330
SCUR1_39330.4        -           1354 274769at33208        -            383   1.8e-13   50.3   0.1   2   2     0.042        13    4.6   0.0    13    55  1245  1287  1236  1298 0.89 transcript=SCUR1_39330.4 gene=SCUR1_39330
SCUR1_82340.1        -            810 274769at33208        -            383   2.4e-13   49.9   0.1   1   3   1.5e-08   4.9e-06   25.8   0.0    84   111   229   256   209   290 0.88 transcript=SCUR1_82340.1 gene=SCUR1_82340
SCUR1_82340.1        -            810 274769at33208        -            383   2.4e-13   49.9   0.1   2   3      0.12        37    3.1   0.0   131   173   325   364   322   367 0.80 transcript=SCUR1_82340.1 gene=SCUR1_82340
SCUR1_82340.1        -            810 274769at33208        -            383   2.4e-13   49.9   0.1   3   3   1.2e-05    0.0037   16.3   0.0   310   342   714   749   684   757 0.73 transcript=SCUR1_82340.1 gene=SCUR1_82340
SCUR1_82340.2        -            913 274769at33208        -            383   4.2e-13   49.0   0.3   1   3   1.8e-08   5.6e-06   25.6   0.0    84   111   332   359   312   393 0.88 transcript=SCUR1_82340.2 gene=SCUR1_82340
SCUR1_82340.2        -            913 274769at33208        -            383   4.2e-13   49.0   0.3   2   3      0.14        43    2.9   0.0   131   173   428   467   425   470 0.80 transcript=SCUR1_82340.2 gene=SCUR1_82340
SCUR1_82340.2        -            913 274769at33208        -            383   4.2e-13   49.0   0.3   3   3   1.4e-05    0.0043   16.1   0.0   310   342   817   852   787   860 0.73 transcript=SCUR1_82340.2 gene=SCUR1_82340
SCUR1_82340.3        -            913 274769at33208        -            383   4.2e-13   49.0   0.3   1   3   1.8e-08   5.6e-06   25.6   0.0    84   111   332   359   312   393 0.88 transcript=SCUR1_82340.3 gene=SCUR1_82340
SCUR1_82340.3        -            913 274769at33208        -            383   4.2e-13   49.0   0.3   2   3      0.14        43    2.9   0.0   131   173   428   467   425   470 0.80 transcript=SCUR1_82340.3 gene=SCUR1_82340
SCUR1_82340.3        -            913 274769at33208        -            383   4.2e-13   49.0   0.3   3   3   1.4e-05    0.0043   16.1   0.0   310   342   817   852   787   860 0.73 transcript=SCUR1_82340.3 gene=SCUR1_82340
SCUR1_82340.4        -            913 274769at33208        -            383   4.2e-13   49.0   0.3   1   3   1.8e-08   5.6e-06   25.6   0.0    84   111   332   359   312   393 0.88 transcript=SCUR1_82340.4 gene=SCUR1_82340
SCUR1_82340.4        -            913 274769at33208        -            383   4.2e-13   49.0   0.3   2   3      0.14        43    2.9   0.0   131   173   428   467   425   470 0.80 transcript=SCUR1_82340.4 gene=SCUR1_82340
SCUR1_82340.4        -            913 274769at33208        -            383   4.2e-13   49.0   0.3   3   3   1.4e-05    0.0043   16.1   0.0   310   342   817   852   787   860 0.73 transcript=SCUR1_82340.4 gene=SCUR1_82340
SCUR1_82340.5        -            913 274769at33208        -            383   4.2e-13   49.0   0.3   1   3   1.8e-08   5.6e-06   25.6   0.0    84   111   332   359   312   393 0.88 transcript=SCUR1_82340.5 gene=SCUR1_82340
SCUR1_82340.5        -            913 274769at33208        -            383   4.2e-13   49.0   0.3   2   3      0.14        43    2.9   0.0   131   173   428   467   425   470 0.80 transcript=SCUR1_82340.5 gene=SCUR1_82340
SCUR1_82340.5        -            913 274769at33208        -            383   4.2e-13   49.0   0.3   3   3   1.4e-05    0.0043   16.1   0.0   310   342   817   852   787   860 0.73 transcript=SCUR1_82340.5 gene=SCUR1_82340
SCUR1_82340.6        -            913 274769at33208        -            383   4.2e-13   49.0   0.3   1   3   1.8e-08   5.6e-06   25.6   0.0    84   111   332   359   312   393 0.88 transcript=SCUR1_82340.6 gene=SCUR1_82340
SCUR1_82340.6        -            913 274769at33208        -            383   4.2e-13   49.0   0.3   2   3      0.14        43    2.9   0.0   131   173   428   467   425   470 0.80 transcript=SCUR1_82340.6 gene=SCUR1_82340
SCUR1_82340.6        -            913 274769at33208        -            383   4.2e-13   49.0   0.3   3   3   1.4e-05    0.0043   16.1   0.0   310   342   817   852   787   860 0.73 transcript=SCUR1_82340.6 gene=SCUR1_82340
SCUR1_66670.3        -            909 274769at33208        -            383   7.1e-13   48.3   9.0   1   3   1.8e-06   0.00057   19.0   0.2    57   112    12    66     2   150 0.60 transcript=SCUR1_66670.3 gene=SCUR1_66670
SCUR1_66670.3        -            909 274769at33208        -            383   7.1e-13   48.3   9.0   2   3    0.0032         1    8.3   1.0   183   286   189   297   174   301 0.76 transcript=SCUR1_66670.3 gene=SCUR1_66670
SCUR1_66670.3        -            909 274769at33208        -            383   7.1e-13   48.3   9.0   3   3   2.3e-08   7.3e-06   25.2   0.1   310   377   298   371   293   376 0.76 transcript=SCUR1_66670.3 gene=SCUR1_66670
SCUR1_66670.1        -           1210 274769at33208        -            383   2.1e-12   46.7   8.9   1   3   2.7e-06   0.00085   18.4   0.2    57   112    12    66     2   145 0.59 transcript=SCUR1_66670.1 gene=SCUR1_66670
SCUR1_66670.1        -           1210 274769at33208        -            383   2.1e-12   46.7   8.9   2   3     0.005       1.6    7.7   1.1   183   286   189   297   174   301 0.76 transcript=SCUR1_66670.1 gene=SCUR1_66670
SCUR1_66670.1        -           1210 274769at33208        -            383   2.1e-12   46.7   8.9   3   3   3.3e-08     1e-05   24.7   0.1   310   377   298   371   293   376 0.76 transcript=SCUR1_66670.1 gene=SCUR1_66670
SCUR1_66670.2        -            925 274769at33208        -            383   2.7e-12   46.4  11.7   1   4   1.9e-06   0.00059   18.9   0.2    57   112    12    66     2   150 0.60 transcript=SCUR1_66670.2 gene=SCUR1_66670
SCUR1_66670.2        -            925 274769at33208        -            383   2.7e-12   46.4  11.7   2   4    0.0032         1    8.3   1.0   183   286   189   297   174   301 0.76 transcript=SCUR1_66670.2 gene=SCUR1_66670
SCUR1_66670.2        -            925 274769at33208        -            383   2.7e-12   46.4  11.7   3   4   2.4e-08   7.5e-06   25.2   0.1   310   377   298   371   293   376 0.76 transcript=SCUR1_66670.2 gene=SCUR1_66670
SCUR1_66670.2        -            925 274769at33208        -            383   2.7e-12   46.4  11.7   4   4       4.9   1.5e+03   -2.2   0.0   121   161   875   915   867   918 0.78 transcript=SCUR1_66670.2 gene=SCUR1_66670
SCUR1_89060.1        -            590 274769at33208        -            383   2.9e-12   46.3   5.6   1   3   3.1e-06     0.001   18.2   0.1    83   114    76   107    50   161 0.81 transcript=SCUR1_89060.1 gene=SCUR1_89060
SCUR1_89060.1        -            590 274769at33208        -            383   2.9e-12   46.3   5.6   2   3      0.66   2.1e+02    0.7   0.0   142   172   217   247   195   266 0.74 transcript=SCUR1_89060.1 gene=SCUR1_89060
SCUR1_89060.1        -            590 274769at33208        -            383   2.9e-12   46.3   5.6   3   3   3.6e-09   1.1e-06   27.9   0.9   191   344   334   491   319   517 0.70 transcript=SCUR1_89060.1 gene=SCUR1_89060
SCUR1_85020.1        -            739 274769at33208        -            383   9.7e-12   44.6   2.6   1   4   6.4e-09     2e-06   27.0   0.1    84   109    35    60    13    65 0.84 transcript=SCUR1_85020.1 gene=SCUR1_85020
SCUR1_85020.1        -            739 274769at33208        -            383   9.7e-12   44.6   2.6   2   4       4.4   1.4e+03   -2.0   0.0   127   171   119   160   100   165 0.83 transcript=SCUR1_85020.1 gene=SCUR1_85020
SCUR1_85020.1        -            739 274769at33208        -            383   9.7e-12   44.6   2.6   3   4      0.18        56    2.6   0.0   221   285   519   584   497   589 0.73 transcript=SCUR1_85020.1 gene=SCUR1_85020
SCUR1_85020.1        -            739 274769at33208        -            383   9.7e-12   44.6   2.6   4   4   0.00023     0.074   12.0   0.1   313   353   592   631   585   651 0.82 transcript=SCUR1_85020.1 gene=SCUR1_85020
SCUR1_39330.1        -           1144 274769at33208        -            383   1.1e-11   44.4   0.0   1   1   9.6e-14     3e-11   42.9   0.0    69   349    71   362    40   385 0.69 transcript=SCUR1_39330.1 gene=SCUR1_39330
SCUR1_85240.1        -            556 274769at33208        -            383   2.8e-11   43.0   5.9   1   3   3.2e-07    0.0001   21.4   0.2    84   167   172   270   167   278 0.59 transcript=SCUR1_85240.1 gene=SCUR1_85240
SCUR1_85240.1        -            556 274769at33208        -            383   2.8e-11   43.0   5.9   2   3       2.5   7.9e+02   -1.2   0.0   253   280   448   475   437   483 0.83 transcript=SCUR1_85240.1 gene=SCUR1_85240
SCUR1_85240.1        -            556 274769at33208        -            383   2.8e-11   43.0   5.9   3   3   1.8e-07   5.7e-05   22.3   0.8   316   380   492   550   478   553 0.81 transcript=SCUR1_85240.1 gene=SCUR1_85240
SCUR1_71380.1        -           1147 274769at33208        -            383   6.5e-11   41.8   2.5   1   2   3.9e-08   1.2e-05   24.5   0.2    84   279   248   468   233   475 0.68 transcript=SCUR1_71380.1 gene=SCUR1_71380
SCUR1_71380.1        -           1147 274769at33208        -            383   6.5e-11   41.8   2.5   2   2   6.8e-06    0.0022   17.1   0.1   316   367   478   531   472   552 0.70 transcript=SCUR1_71380.1 gene=SCUR1_71380
SCUR1_71380.2        -           1412 274769at33208        -            383   8.6e-11   41.4   2.1   1   2   5.2e-08   1.6e-05   24.1   0.2    84   278   248   467   232   474 0.68 transcript=SCUR1_71380.2 gene=SCUR1_71380
SCUR1_71380.2        -           1412 274769at33208        -            383   8.6e-11   41.4   2.1   2   2   8.7e-06    0.0027   16.7   0.1   316   367   478   531   472   552 0.70 transcript=SCUR1_71380.2 gene=SCUR1_71380
SCUR1_71380.3        -           1412 274769at33208        -            383   8.6e-11   41.4   2.1   1   2   5.2e-08   1.6e-05   24.1   0.2    84   278   248   467   232   474 0.68 transcript=SCUR1_71380.3 gene=SCUR1_71380
SCUR1_71380.3        -           1412 274769at33208        -            383   8.6e-11   41.4   2.1   2   2   8.7e-06    0.0027   16.7   0.1   316   367   478   531   472   552 0.70 transcript=SCUR1_71380.3 gene=SCUR1_71380
SCUR1_71380.4        -           1412 274769at33208        -            383   8.6e-11   41.4   2.1   1   2   5.2e-08   1.6e-05   24.1   0.2    84   278   248   467   232   474 0.68 transcript=SCUR1_71380.4 gene=SCUR1_71380
SCUR1_71380.4        -           1412 274769at33208        -            383   8.6e-11   41.4   2.1   2   2   8.7e-06    0.0027   16.7   0.1   316   367   478   531   472   552 0.70 transcript=SCUR1_71380.4 gene=SCUR1_71380
SCUR1_71380.5        -           1412 274769at33208        -            383   8.6e-11   41.4   2.1   1   2   5.2e-08   1.6e-05   24.1   0.2    84   278   248   467   232   474 0.68 transcript=SCUR1_71380.5 gene=SCUR1_71380
SCUR1_71380.5        -           1412 274769at33208        -            383   8.6e-11   41.4   2.1   2   2   8.7e-06    0.0027   16.7   0.1   316   367   478   531   472   552 0.70 transcript=SCUR1_71380.5 gene=SCUR1_71380
SCUR1_71380.7        -           1412 274769at33208        -            383   8.6e-11   41.4   2.1   1   2   5.2e-08   1.6e-05   24.1   0.2    84   278   248   467   232   474 0.68 transcript=SCUR1_71380.7 gene=SCUR1_71380
SCUR1_71380.7        -           1412 274769at33208        -            383   8.6e-11   41.4   2.1   2   2   8.7e-06    0.0027   16.7   0.1   316   367   478   531   472   552 0.70 transcript=SCUR1_71380.7 gene=SCUR1_71380
SCUR1_71380.6        -           1409 274769at33208        -            383   9.1e-11   41.4   2.1   1   2   5.3e-08   1.7e-05   24.0   0.2    84   278   245   464   231   471 0.68 transcript=SCUR1_71380.6 gene=SCUR1_71380
SCUR1_71380.6        -           1409 274769at33208        -            383   9.1e-11   41.4   2.1   2   2   8.7e-06    0.0027   16.7   0.1   316   367   475   528   469   549 0.70 transcript=SCUR1_71380.6 gene=SCUR1_71380
SCUR1_89800.1        -            922 274769at33208        -            383   1.1e-10   41.1   1.3   1   3   3.5e-05     0.011   14.8   0.3    84   104   169   189   152   199 0.86 transcript=SCUR1_89800.1 gene=SCUR1_89800
SCUR1_89800.1        -            922 274769at33208        -            383   1.1e-10   41.1   1.3   2   3       4.4   1.4e+03   -2.0   0.0   235   263   369   397   298   404 0.68 transcript=SCUR1_89800.1 gene=SCUR1_89800
SCUR1_89800.1        -            922 274769at33208        -            383   1.1e-10   41.1   1.3   3   3   7.1e-08   2.3e-05   23.6   0.0   316   364   421   470   414   477 0.89 transcript=SCUR1_89800.1 gene=SCUR1_89800
SCUR1_89800.2        -            922 274769at33208        -            383   1.1e-10   41.1   1.3   1   3   3.5e-05     0.011   14.8   0.3    84   104   169   189   152   199 0.86 transcript=SCUR1_89800.2 gene=SCUR1_89800
SCUR1_89800.2        -            922 274769at33208        -            383   1.1e-10   41.1   1.3   2   3       4.4   1.4e+03   -2.0   0.0   235   263   369   397   298   404 0.68 transcript=SCUR1_89800.2 gene=SCUR1_89800
SCUR1_89800.2        -            922 274769at33208        -            383   1.1e-10   41.1   1.3   3   3   7.1e-08   2.3e-05   23.6   0.0   316   364   421   470   414   477 0.89 transcript=SCUR1_89800.2 gene=SCUR1_89800
SCUR1_89800.3        -            922 274769at33208        -            383   1.1e-10   41.1   1.3   1   3   3.5e-05     0.011   14.8   0.3    84   104   169   189   152   199 0.86 transcript=SCUR1_89800.3 gene=SCUR1_89800
SCUR1_89800.3        -            922 274769at33208        -            383   1.1e-10   41.1   1.3   2   3       4.4   1.4e+03   -2.0   0.0   235   263   369   397   298   404 0.68 transcript=SCUR1_89800.3 gene=SCUR1_89800
SCUR1_89800.3        -            922 274769at33208        -            383   1.1e-10   41.1   1.3   3   3   7.1e-08   2.3e-05   23.6   0.0   316   364   421   470   414   477 0.89 transcript=SCUR1_89800.3 gene=SCUR1_89800
SCUR1_89800.4        -            922 274769at33208        -            383   1.1e-10   41.1   1.3   1   3   3.5e-05     0.011   14.8   0.3    84   104   169   189   152   199 0.86 transcript=SCUR1_89800.4 gene=SCUR1_89800
SCUR1_89800.4        -            922 274769at33208        -            383   1.1e-10   41.1   1.3   2   3       4.4   1.4e+03   -2.0   0.0   235   263   369   397   298   404 0.68 transcript=SCUR1_89800.4 gene=SCUR1_89800
SCUR1_89800.4        -            922 274769at33208        -            383   1.1e-10   41.1   1.3   3   3   7.1e-08   2.3e-05   23.6   0.0   316   364   421   470   414   477 0.89 transcript=SCUR1_89800.4 gene=SCUR1_89800
SCUR1_89800.5        -            922 274769at33208        -            383   1.1e-10   41.1   1.3   1   3   3.5e-05     0.011   14.8   0.3    84   104   169   189   152   199 0.86 transcript=SCUR1_89800.5 gene=SCUR1_89800
SCUR1_89800.5        -            922 274769at33208        -            383   1.1e-10   41.1   1.3   2   3       4.4   1.4e+03   -2.0   0.0   235   263   369   397   298   404 0.68 transcript=SCUR1_89800.5 gene=SCUR1_89800
SCUR1_89800.5        -            922 274769at33208        -            383   1.1e-10   41.1   1.3   3   3   7.1e-08   2.3e-05   23.6   0.0   316   364   421   470   414   477 0.89 transcript=SCUR1_89800.5 gene=SCUR1_89800
SCUR1_89800.6        -            922 274769at33208        -            383   1.1e-10   41.1   1.3   1   3   3.5e-05     0.011   14.8   0.3    84   104   169   189   152   199 0.86 transcript=SCUR1_89800.6 gene=SCUR1_89800
SCUR1_89800.6        -            922 274769at33208        -            383   1.1e-10   41.1   1.3   2   3       4.4   1.4e+03   -2.0   0.0   235   263   369   397   298   404 0.68 transcript=SCUR1_89800.6 gene=SCUR1_89800
SCUR1_89800.6        -            922 274769at33208        -            383   1.1e-10   41.1   1.3   3   3   7.1e-08   2.3e-05   23.6   0.0   316   364   421   470   414   477 0.89 transcript=SCUR1_89800.6 gene=SCUR1_89800
SCUR1_89800.7        -            922 274769at33208        -            383   1.1e-10   41.1   1.3   1   3   3.5e-05     0.011   14.8   0.3    84   104   169   189   152   199 0.86 transcript=SCUR1_89800.7 gene=SCUR1_89800
SCUR1_89800.7        -            922 274769at33208        -            383   1.1e-10   41.1   1.3   2   3       4.4   1.4e+03   -2.0   0.0   235   263   369   397   298   404 0.68 transcript=SCUR1_89800.7 gene=SCUR1_89800
SCUR1_89800.7        -            922 274769at33208        -            383   1.1e-10   41.1   1.3   3   3   7.1e-08   2.3e-05   23.6   0.0   316   364   421   470   414   477 0.89 transcript=SCUR1_89800.7 gene=SCUR1_89800
SCUR1_43000.1        -            894 274769at33208        -            383   1.6e-10   40.5   2.8   1   3   4.1e-07   0.00013   21.1   0.0    77   108   534   565   512   571 0.74 transcript=SCUR1_43000.1 gene=SCUR1_43000
SCUR1_43000.1        -            894 274769at33208        -            383   1.6e-10   40.5   2.8   2   3      0.07        22    3.9   0.1   193   260   715   788   671   812 0.66 transcript=SCUR1_43000.1 gene=SCUR1_43000
SCUR1_43000.1        -            894 274769at33208        -            383   1.6e-10   40.5   2.8   3   3   6.3e-05      0.02   13.9   0.1   314   362   818   868   812   879 0.80 transcript=SCUR1_43000.1 gene=SCUR1_43000
SCUR1_53210.1        -            915 274769at33208        -            383   9.6e-09   34.7   0.4   1   2   1.2e-09   3.7e-07   29.5   0.1    84   110   260   286   236   292 0.92 transcript=SCUR1_53210.1 gene=SCUR1_53210
SCUR1_53210.1        -            915 274769at33208        -            383   9.6e-09   34.7   0.4   2   2      0.16        51    2.7   0.1   316   380   788   847   780   850 0.73 transcript=SCUR1_53210.1 gene=SCUR1_53210
SCUR1_46980.1        -            536 274769at33208        -            383   1.4e-08   34.1   6.2   1   3   1.7e-08   5.4e-06   25.7   1.5    85   112    25    52    14   132 0.85 transcript=SCUR1_46980.1 gene=SCUR1_46980
SCUR1_46980.1        -            536 274769at33208        -            383   1.4e-08   34.1   6.2   2   3         6   1.9e+03   -2.5   0.0   182   229   167   217   157   240 0.62 transcript=SCUR1_46980.1 gene=SCUR1_46980
SCUR1_46980.1        -            536 274769at33208        -            383   1.4e-08   34.1   6.2   3   3    0.0022       0.7    8.8   0.0   315   380   397   459   341   462 0.88 transcript=SCUR1_46980.1 gene=SCUR1_46980
SCUR1_53210.3        -            612 274769at33208        -            383   9.6e-08   31.4   0.1   1   2   8.4e-10   2.7e-07   30.0   0.2    84   110    96   122    88   129 0.92 transcript=SCUR1_53210.3 gene=SCUR1_53210
SCUR1_53210.3        -            612 274769at33208        -            383   9.6e-08   31.4   0.1   2   2       8.4   2.7e+03   -3.0   0.0   117   175   147   206   142   217 0.70 transcript=SCUR1_53210.3 gene=SCUR1_53210
SCUR1_53210.6        -            715 274769at33208        -            383   1.1e-07   31.2   0.1   1   1   8.7e-10   2.7e-07   29.9   0.1    84   110   205   231   180   237 0.92 transcript=SCUR1_53210.6 gene=SCUR1_53210
SCUR1_53210.2        -            776 274769at33208        -            383   1.2e-07   31.0   0.0   1   1   9.7e-10   3.1e-07   29.7   0.1    84   110   260   286   236   292 0.92 transcript=SCUR1_53210.2 gene=SCUR1_53210
SCUR1_53210.4        -            770 274769at33208        -            383   1.3e-07   31.0   0.0   1   1   9.5e-10     3e-07   29.8   0.1    84   110   260   286   235   292 0.92 transcript=SCUR1_53210.4 gene=SCUR1_53210
SCUR1_53210.5        -            770 274769at33208        -            383   1.3e-07   31.0   0.0   1   1   9.5e-10     3e-07   29.8   0.1    84   110   260   286   235   292 0.92 transcript=SCUR1_53210.5 gene=SCUR1_53210
SCUR1_51040.1        -            456 274769at33208        -            383   4.1e-07   29.3   7.4   1   6     0.042        13    4.6   0.0    11    51    12    52     2    63 0.88 transcript=SCUR1_51040.1 gene=SCUR1_51040
SCUR1_51040.1        -            456 274769at33208        -            383   4.1e-07   29.3   7.4   2   6     0.042        13    4.6   0.0    11    51    88   128    78   139 0.88 transcript=SCUR1_51040.1 gene=SCUR1_51040
SCUR1_51040.1        -            456 274769at33208        -            383   4.1e-07   29.3   7.4   3   6     0.042        13    4.6   0.0    11    51   164   204   154   215 0.88 transcript=SCUR1_51040.1 gene=SCUR1_51040
SCUR1_51040.1        -            456 274769at33208        -            383   4.1e-07   29.3   7.4   4   6     0.042        13    4.6   0.0    11    51   240   280   230   291 0.88 transcript=SCUR1_51040.1 gene=SCUR1_51040
SCUR1_51040.1        -            456 274769at33208        -            383   4.1e-07   29.3   7.4   5   6     0.042        13    4.6   0.0    11    51   316   356   306   367 0.88 transcript=SCUR1_51040.1 gene=SCUR1_51040
SCUR1_51040.1        -            456 274769at33208        -            383   4.1e-07   29.3   7.4   6   6     0.043        14    4.6   0.0    11    51   392   432   382   442 0.88 transcript=SCUR1_51040.1 gene=SCUR1_51040
SCUR1_14840.1        -           3910 274769at33208        -            383   5.6e-07   28.9   0.1   1   2   7.8e-08   2.5e-05   23.5   0.0    84   281  2518  2743  2480  2754 0.70 transcript=SCUR1_14840.1 gene=SCUR1_14840
SCUR1_14840.1        -           3910 274769at33208        -            383   5.6e-07   28.9   0.1   2   2      0.23        74    2.2   0.1   314   342  2876  2903  2843  2912 0.85 transcript=SCUR1_14840.1 gene=SCUR1_14840
SCUR1_59210.1        -            955 274769at33208        -            383   1.1e-06   27.9   1.2   1   2   5.7e-07   0.00018   20.6   0.0    71   118   517   564   506   579 0.80 transcript=SCUR1_59210.1 gene=SCUR1_59210
SCUR1_59210.1        -            955 274769at33208        -            383   1.1e-06   27.9   1.2   2   2     0.023       7.4    5.4   0.4   190   330   823   950   813   954 0.74 transcript=SCUR1_59210.1 gene=SCUR1_59210
SCUR1_44400.1        -            436 274769at33208        -            383   1.3e-06   27.7   6.8   1   2   7.3e-08   2.3e-05   23.6   1.8    84   110   123   149   108   248 0.87 transcript=SCUR1_44400.1 gene=SCUR1_44400
SCUR1_44400.1        -            436 274769at33208        -            383   1.3e-06   27.7   6.8   2   2     0.026       8.1    5.3   0.2   155   318   254   418   240   431 0.70 transcript=SCUR1_44400.1 gene=SCUR1_44400
SCUR1_44400.7        -            477 274769at33208        -            383   3.2e-06   26.4   7.5   1   2   1.1e-07   3.5e-05   23.0   2.2    84   110   164   190   149   289 0.87 transcript=SCUR1_44400.7 gene=SCUR1_44400
SCUR1_44400.7        -            477 274769at33208        -            383   3.2e-06   26.4   7.5   2   2     0.031       9.8    5.0   0.3   155   318   295   459   281   473 0.70 transcript=SCUR1_44400.7 gene=SCUR1_44400
SCUR1_39330.8        -           1186 274769at33208        -            383   3.3e-06   26.4   0.0   1   2   2.1e-06   0.00067   18.8   0.0   237   349    86   194    32   217 0.76 transcript=SCUR1_39330.8 gene=SCUR1_39330
SCUR1_39330.8        -           1186 274769at33208        -            383   3.3e-06   26.4   0.0   2   2     0.036        11    4.8   0.0    13    55  1077  1119  1068  1130 0.89 transcript=SCUR1_39330.8 gene=SCUR1_39330
SCUR1_44400.2        -            459 274769at33208        -            383   6.4e-06   25.4  11.8   1   3   9.1e-08   2.9e-05   23.3   2.0    84   110   123   149   108   248 0.87 transcript=SCUR1_44400.2 gene=SCUR1_44400
SCUR1_44400.2        -            459 274769at33208        -            383   6.4e-06   25.4  11.8   2   3      0.18        58    2.5   0.0   155   276   254   380   240   396 0.67 transcript=SCUR1_44400.2 gene=SCUR1_44400
SCUR1_44400.2        -            459 274769at33208        -            383   6.4e-06   25.4  11.8   3   3     0.053        17    4.3   0.9   312   364   395   449   389   457 0.78 transcript=SCUR1_44400.2 gene=SCUR1_44400
SCUR1_44400.4        -            472 274769at33208        -            383   6.5e-06   25.4  11.7   1   3   9.7e-08   3.1e-05   23.2   2.0    84   110   136   162   121   261 0.87 transcript=SCUR1_44400.4 gene=SCUR1_44400
SCUR1_44400.4        -            472 274769at33208        -            383   6.5e-06   25.4  11.7   2   3      0.19        59    2.5   0.0   155   276   267   393   251   409 0.67 transcript=SCUR1_44400.4 gene=SCUR1_44400
SCUR1_44400.4        -            472 274769at33208        -            383   6.5e-06   25.4  11.7   3   3     0.048        15    4.4   0.7   311   364   407   462   400   470 0.78 transcript=SCUR1_44400.4 gene=SCUR1_44400
SCUR1_44400.6        -            472 274769at33208        -            383   6.5e-06   25.4  11.7   1   3   9.7e-08   3.1e-05   23.2   2.0    84   110   136   162   121   261 0.87 transcript=SCUR1_44400.6 gene=SCUR1_44400
SCUR1_44400.6        -            472 274769at33208        -            383   6.5e-06   25.4  11.7   2   3      0.19        59    2.5   0.0   155   276   267   393   251   409 0.67 transcript=SCUR1_44400.6 gene=SCUR1_44400
SCUR1_44400.6        -            472 274769at33208        -            383   6.5e-06   25.4  11.7   3   3     0.048        15    4.4   0.7   311   364   407   462   400   470 0.78 transcript=SCUR1_44400.6 gene=SCUR1_44400
SCUR1_44400.3        -            500 274769at33208        -            383   7.7e-06   25.1  11.5   1   3   1.1e-07   3.6e-05   23.0   2.1    84   110   164   190   149   289 0.87 transcript=SCUR1_44400.3 gene=SCUR1_44400
SCUR1_44400.3        -            500 274769at33208        -            383   7.7e-06   25.1  11.5   2   3      0.21        65    2.3   0.0   155   276   295   421   279   437 0.67 transcript=SCUR1_44400.3 gene=SCUR1_44400
SCUR1_44400.3        -            500 274769at33208        -            383   7.7e-06   25.1  11.5   3   3     0.055        17    4.2   0.8   311   364   435   490   429   498 0.78 transcript=SCUR1_44400.3 gene=SCUR1_44400
SCUR1_44400.5        -            500 274769at33208        -            383   7.7e-06   25.1  11.5   1   3   1.1e-07   3.6e-05   23.0   2.1    84   110   164   190   149   289 0.87 transcript=SCUR1_44400.5 gene=SCUR1_44400
SCUR1_44400.5        -            500 274769at33208        -            383   7.7e-06   25.1  11.5   2   3      0.21        65    2.3   0.0   155   276   295   421   279   437 0.67 transcript=SCUR1_44400.5 gene=SCUR1_44400
SCUR1_44400.5        -            500 274769at33208        -            383   7.7e-06   25.1  11.5   3   3     0.055        17    4.2   0.8   311   364   435   490   429   498 0.78 transcript=SCUR1_44400.5 gene=SCUR1_44400
SCUR1_49430.1        -            305 274769at33208        -            383   1.7e-05   24.0   3.2   1   4     0.024       7.6    5.4   0.0    11    51    12    52     2    63 0.88 transcript=SCUR1_49430.1 gene=SCUR1_49430
SCUR1_49430.1        -            305 274769at33208        -            383   1.7e-05   24.0   3.2   2   4     0.022       6.9    5.5   0.0    11    51    88   128    77   139 0.87 transcript=SCUR1_49430.1 gene=SCUR1_49430
SCUR1_49430.1        -            305 274769at33208        -            383   1.7e-05   24.0   3.2   3   4     0.022       6.9    5.5   0.0    11    51   164   204   153   215 0.87 transcript=SCUR1_49430.1 gene=SCUR1_49430
SCUR1_49430.1        -            305 274769at33208        -            383   1.7e-05   24.0   3.2   4   4     0.022       6.9    5.5   0.0    11    51   240   280   229   291 0.87 transcript=SCUR1_49430.1 gene=SCUR1_49430
SCUR1_50480.1        -            618 274769at33208        -            383     3e-05   23.2   0.2   1   2   5.6e-06    0.0018   17.4   0.0    72   114    37    79    18   100 0.87 transcript=SCUR1_50480.1 gene=SCUR1_50480
SCUR1_50480.1        -            618 274769at33208        -            383     3e-05   23.2   0.2   2   2     0.097        31    3.4   0.0   316   342   413   439   399   453 0.80 transcript=SCUR1_50480.1 gene=SCUR1_50480
SCUR1_49420.1        -            229 274769at33208        -            383   0.00014   21.0   1.0   1   3     0.015       4.7    6.1   0.0    11    51    12    52     2    65 0.88 transcript=SCUR1_49420.1 gene=SCUR1_49420
SCUR1_49420.1        -            229 274769at33208        -            383   0.00014   21.0   1.0   2   3     0.014       4.3    6.2   0.0    11    51    88   128    77   141 0.87 transcript=SCUR1_49420.1 gene=SCUR1_49420
SCUR1_49420.1        -            229 274769at33208        -            383   0.00014   21.0   1.0   3   3     0.014       4.4    6.2   0.0    11    51   164   204   153   215 0.87 transcript=SCUR1_49420.1 gene=SCUR1_49420
SCUR1_39330.6        -            995 274769at33208        -            383   0.00025   20.2   0.0   1   1   1.6e-06   0.00052   19.1   0.0   237   349    86   194    32   217 0.76 transcript=SCUR1_39330.6 gene=SCUR1_39330
SCUR1_39330.7        -            995 274769at33208        -            383   0.00025   20.2   0.0   1   1   1.6e-06   0.00052   19.1   0.0   237   349    86   194    32   217 0.76 transcript=SCUR1_39330.7 gene=SCUR1_39330
SCUR1_46980.2        -            435 274769at33208        -            383       1.6    7.7   4.1   1   3         4   1.3e+03   -1.9   0.1   152   173     5    26     3    31 0.83 transcript=SCUR1_46980.2 gene=SCUR1_46980
SCUR1_46980.2        -            435 274769at33208        -            383       1.6    7.7   4.1   2   3       4.2   1.3e+03   -2.0   0.0   183   229    67   116    56   144 0.62 transcript=SCUR1_46980.2 gene=SCUR1_46980
SCUR1_46980.2        -            435 274769at33208        -            383       1.6    7.7   4.1   3   3    0.0023      0.72    8.8   0.2   316   380   297   358   288   361 0.82 transcript=SCUR1_46980.2 gene=SCUR1_46980
#
# Program:         hmmsearch
# Version:         3.4 (Aug 2023)
# Pipeline mode:   SEARCH
# Query file:      /users/40483456/busco_datasets/busco_downloads/lineages/metazoa_odb10/hmms/274769at33208.hmm
# Target file:     /users/40483456/protein/schistosoma_curassoni.fa
# Option settings: hmmsearch --domtblout /users/40483456/busco/results_pro/schistosoma_curassoni_busco/run_metazoa_odb10/hmmer_output/initial_run_results/274769at33208.out --cpu 1 /users/40483456/busco_datasets/busco_downloads/lineages/metazoa_odb10/hmms/274769at33208.hmm /users/40483456/protein/schistosoma_curassoni.fa 
# Current dir:     /users/40483456
# Date:            Thu Jan 15 17:47:16 2026
# [ok]
