#                                                                            --- full sequence --- -------------- this domain -------------   hmm coord   ali coord   env coord
# target name        accession   tlen query name           accession   qlen   E-value  score  bias   #  of  c-Evalue  i-Evalue  score  bias  from    to  from    to  from    to  acc description of target
#------------------- ---------- ----- -------------------- ---------- ----- --------- ------ ----- --- --- --------- --------- ------ ----- ----- ----- ----- ----- ----- ----- ---- ---------------------
SCUR1_42280.4        -           1507 382000at33208        -            148   9.8e-15   54.8  30.5   1   9    0.0094         6    6.8   0.1    35    63    45    76    28    86 0.62 transcript=SCUR1_42280.4 gene=SCUR1_42280
SCUR1_42280.4        -           1507 382000at33208        -            148   9.8e-15   54.8  30.5   2   9   0.00038      0.24   11.3   0.6    12    63    63   122    60   131 0.79 transcript=SCUR1_42280.4 gene=SCUR1_42280
SCUR1_42280.4        -           1507 382000at33208        -            148   9.8e-15   54.8  30.5   3   9     0.012       7.5    6.5   2.3    32    53   111   132    84   165 0.52 transcript=SCUR1_42280.4 gene=SCUR1_42280
SCUR1_42280.4        -           1507 382000at33208        -            148   9.8e-15   54.8  30.5   4   9    0.0011      0.68    9.9   0.2    11    53   131   178   126   180 0.81 transcript=SCUR1_42280.4 gene=SCUR1_42280
SCUR1_42280.4        -           1507 382000at33208        -            148   9.8e-15   54.8  30.5   5   9   2.8e-06    0.0018   18.2   0.3    12    67   178   241   175   243 0.84 transcript=SCUR1_42280.4 gene=SCUR1_42280
SCUR1_42280.4        -           1507 382000at33208        -            148   9.8e-15   54.8  30.5   6   9     0.001      0.65    9.9   0.8    32    63   226   260   222   265 0.82 transcript=SCUR1_42280.4 gene=SCUR1_42280
SCUR1_42280.4        -           1507 382000at33208        -            148   9.8e-15   54.8  30.5   7   9    0.0083       5.2    7.0   1.0    32    62   249   282   239   290 0.71 transcript=SCUR1_42280.4 gene=SCUR1_42280
SCUR1_42280.4        -           1507 382000at33208        -            148   9.8e-15   54.8  30.5   8   9   4.8e-05      0.03   14.3   2.5    12    68   270   334   262   339 0.81 transcript=SCUR1_42280.4 gene=SCUR1_42280
SCUR1_42280.4        -           1507 382000at33208        -            148   9.8e-15   54.8  30.5   9   9   0.00025      0.16   12.0   0.2    11    61   369   426   360   460 0.67 transcript=SCUR1_42280.4 gene=SCUR1_42280
SCUR1_63080.1        -            586 382000at33208        -            148   1.8e-14   53.9  38.7   1  10      0.15        97    2.9   0.1    27    65   101   143    90   146 0.76 transcript=SCUR1_63080.1 gene=SCUR1_63080
SCUR1_63080.1        -            586 382000at33208        -            148   1.8e-14   53.9  38.7   2  10   0.00014     0.091   12.7   1.3     7    61   123   185   117   191 0.80 transcript=SCUR1_63080.1 gene=SCUR1_63080
SCUR1_63080.1        -            586 382000at33208        -            148   1.8e-14   53.9  38.7   3  10    0.0015      0.98    9.4   0.6    24    66   213   261   191   267 0.67 transcript=SCUR1_63080.1 gene=SCUR1_63080
SCUR1_63080.1        -            586 382000at33208        -            148   1.8e-14   53.9  38.7   4  10   3.1e-05      0.02   14.9   1.5     6    63   214   281   209   286 0.78 transcript=SCUR1_63080.1 gene=SCUR1_63080
SCUR1_63080.1        -            586 382000at33208        -            148   1.8e-14   53.9  38.7   5  10    0.0012      0.74    9.8   2.6    32    74   270   315   259   344 0.76 transcript=SCUR1_63080.1 gene=SCUR1_63080
SCUR1_63080.1        -            586 382000at33208        -            148   1.8e-14   53.9  38.7   6  10      0.25   1.6e+02    2.2   0.1    15    62   317   374   312   388 0.61 transcript=SCUR1_63080.1 gene=SCUR1_63080
SCUR1_63080.1        -            586 382000at33208        -            148   1.8e-14   53.9  38.7   7  10    0.0038       2.4    8.1   0.1    13    63   363   422   358   427 0.71 transcript=SCUR1_63080.1 gene=SCUR1_63080
SCUR1_63080.1        -            586 382000at33208        -            148   1.8e-14   53.9  38.7   8  10   5.4e-06    0.0034   17.3   2.9     8    62   405   467   401   469 0.72 transcript=SCUR1_63080.1 gene=SCUR1_63080
SCUR1_63080.1        -            586 382000at33208        -            148   1.8e-14   53.9  38.7   9  10   1.4e-06   0.00088   19.3   2.9    11    66   431   494   425   502 0.80 transcript=SCUR1_63080.1 gene=SCUR1_63080
SCUR1_63080.1        -            586 382000at33208        -            148   1.8e-14   53.9  38.7  10  10   5.8e-05     0.037   14.0   2.5    12    68   478   543   478   567 0.76 transcript=SCUR1_63080.1 gene=SCUR1_63080
SCUR1_42280.2        -           1396 382000at33208        -            148   2.9e-14   53.3  31.4   1   9     0.012       7.5    6.5   0.1    34    63    44    76    28    81 0.71 transcript=SCUR1_42280.2 gene=SCUR1_42280
SCUR1_42280.2        -           1396 382000at33208        -            148   2.9e-14   53.3  31.4   2   9   0.00035      0.22   11.5   0.4    12    63    63   122    61   131 0.79 transcript=SCUR1_42280.2 gene=SCUR1_42280
SCUR1_42280.2        -           1396 382000at33208        -            148   2.9e-14   53.3  31.4   3   9   0.00097      0.61   10.0   0.2    11    53   131   178   126   180 0.81 transcript=SCUR1_42280.2 gene=SCUR1_42280
SCUR1_42280.2        -           1396 382000at33208        -            148   2.9e-14   53.3  31.4   4   9   2.3e-06    0.0014   18.5   0.2    12    67   178   241   173   243 0.84 transcript=SCUR1_42280.2 gene=SCUR1_42280
SCUR1_42280.2        -           1396 382000at33208        -            148   2.9e-14   53.3  31.4   5   9   0.00094      0.59   10.1   0.7    32    63   226   260   222   265 0.82 transcript=SCUR1_42280.2 gene=SCUR1_42280
SCUR1_42280.2        -           1396 382000at33208        -            148   2.9e-14   53.3  31.4   6   9    0.0088       5.6    6.9   1.3    32    62   249   282   239   290 0.71 transcript=SCUR1_42280.2 gene=SCUR1_42280
SCUR1_42280.2        -           1396 382000at33208        -            148   2.9e-14   53.3  31.4   7   9   0.00012     0.074   13.0   2.3    12    66   270   332   261   336 0.80 transcript=SCUR1_42280.2 gene=SCUR1_42280
SCUR1_42280.2        -           1396 382000at33208        -            148   2.9e-14   53.3  31.4   8   9   1.1e-05    0.0066   16.4   1.6    11    66   292   355   284   359 0.80 transcript=SCUR1_42280.2 gene=SCUR1_42280
SCUR1_42280.2        -           1396 382000at33208        -            148   2.9e-14   53.3  31.4   9   9   0.00043      0.28   11.2   0.3    11    60   338   394   332   406 0.81 transcript=SCUR1_42280.2 gene=SCUR1_42280
SCUR1_42280.3        -           1476 382000at33208        -            148   4.6e-14   52.6  31.4   1  10      0.01       6.5    6.7   0.1    34    63    44    76    27    85 0.68 transcript=SCUR1_42280.3 gene=SCUR1_42280
SCUR1_42280.3        -           1476 382000at33208        -            148   4.6e-14   52.6  31.4   2  10   0.00037      0.23   11.4   0.4    12    63    63   122    61   131 0.79 transcript=SCUR1_42280.3 gene=SCUR1_42280
SCUR1_42280.3        -           1476 382000at33208        -            148   4.6e-14   52.6  31.4   3  10    0.0054       3.4    7.6   0.5    34    64    90   123    85   149 0.50 transcript=SCUR1_42280.3 gene=SCUR1_42280
SCUR1_42280.3        -           1476 382000at33208        -            148   4.6e-14   52.6  31.4   4  10    0.0004      0.26   11.3   0.3    11    54   131   179   126   191 0.73 transcript=SCUR1_42280.3 gene=SCUR1_42280
SCUR1_42280.3        -           1476 382000at33208        -            148   4.6e-14   52.6  31.4   5  10   2.8e-06    0.0018   18.3   0.2    12    67   178   241   176   243 0.84 transcript=SCUR1_42280.3 gene=SCUR1_42280
SCUR1_42280.3        -           1476 382000at33208        -            148   4.6e-14   52.6  31.4   6  10   0.00038      0.24   11.3   1.4    26    63   219   260   216   267 0.79 transcript=SCUR1_42280.3 gene=SCUR1_42280
SCUR1_42280.3        -           1476 382000at33208        -            148   4.6e-14   52.6  31.4   7  10    0.0099       6.2    6.8   1.3    32    62   249   282   239   290 0.71 transcript=SCUR1_42280.3 gene=SCUR1_42280
SCUR1_42280.3        -           1476 382000at33208        -            148   4.6e-14   52.6  31.4   8  10   0.00011     0.071   13.1   2.1    12    66   270   332   261   337 0.80 transcript=SCUR1_42280.3 gene=SCUR1_42280
SCUR1_42280.3        -           1476 382000at33208        -            148   4.6e-14   52.6  31.4   9  10   1.4e-05    0.0091   16.0   1.9    11    66   292   355   286   358 0.79 transcript=SCUR1_42280.3 gene=SCUR1_42280
SCUR1_42280.3        -           1476 382000at33208        -            148   4.6e-14   52.6  31.4  10  10   0.00046      0.29   11.1   0.3    11    61   338   395   332   409 0.81 transcript=SCUR1_42280.3 gene=SCUR1_42280
SCUR1_42280.6        -           1497 382000at33208        -            148   5.5e-14   52.4  31.5   1  10      0.01       6.6    6.7   0.1    34    63    44    76    27    85 0.68 transcript=SCUR1_42280.6 gene=SCUR1_42280
SCUR1_42280.6        -           1497 382000at33208        -            148   5.5e-14   52.4  31.5   2  10   0.00037      0.23   11.4   0.4    12    63    63   122    61   131 0.79 transcript=SCUR1_42280.6 gene=SCUR1_42280
SCUR1_42280.6        -           1497 382000at33208        -            148   5.5e-14   52.4  31.5   3  10    0.0075       4.8    7.1   1.1    32    52   111   131    85   155 0.52 transcript=SCUR1_42280.6 gene=SCUR1_42280
SCUR1_42280.6        -           1497 382000at33208        -            148   5.5e-14   52.4  31.5   4  10    0.0011      0.67    9.9   0.3    11    54   131   179   126   181 0.81 transcript=SCUR1_42280.6 gene=SCUR1_42280
SCUR1_42280.6        -           1497 382000at33208        -            148   5.5e-14   52.4  31.5   5  10   2.9e-06    0.0018   18.2   0.2    12    67   178   241   176   243 0.84 transcript=SCUR1_42280.6 gene=SCUR1_42280
SCUR1_42280.6        -           1497 382000at33208        -            148   5.5e-14   52.4  31.5   6  10   0.00089      0.57   10.1   1.5    32    63   226   260   220   268 0.79 transcript=SCUR1_42280.6 gene=SCUR1_42280
SCUR1_42280.6        -           1497 382000at33208        -            148   5.5e-14   52.4  31.5   7  10      0.01       6.4    6.7   1.3    32    62   249   282   239   290 0.71 transcript=SCUR1_42280.6 gene=SCUR1_42280
SCUR1_42280.6        -           1497 382000at33208        -            148   5.5e-14   52.4  31.5   8  10   0.00012     0.077   12.9   2.2    12    66   270   332   261   336 0.80 transcript=SCUR1_42280.6 gene=SCUR1_42280
SCUR1_42280.6        -           1497 382000at33208        -            148   5.5e-14   52.4  31.5   9  10   1.5e-05    0.0092   15.9   1.9    11    66   292   355   286   358 0.79 transcript=SCUR1_42280.6 gene=SCUR1_42280
SCUR1_42280.6        -           1497 382000at33208        -            148   5.5e-14   52.4  31.5  10  10   0.00067      0.42   10.6   0.4    12    60   339   394   336   405 0.81 transcript=SCUR1_42280.6 gene=SCUR1_42280
SCUR1_42280.5        -           1456 382000at33208        -            148   8.2e-14   51.8  28.6   1   8    0.0002      0.13   12.2   0.1    12    63    43   102    35   111 0.79 transcript=SCUR1_42280.5 gene=SCUR1_42280
SCUR1_42280.5        -           1456 382000at33208        -            148   8.2e-14   51.8  28.6   2   8   0.00036      0.23   11.4   0.2    11    54   111   159   104   171 0.73 transcript=SCUR1_42280.5 gene=SCUR1_42280
SCUR1_42280.5        -           1456 382000at33208        -            148   8.2e-14   51.8  28.6   3   8   2.8e-06    0.0018   18.3   0.2    12    67   158   221   156   223 0.84 transcript=SCUR1_42280.5 gene=SCUR1_42280
SCUR1_42280.5        -           1456 382000at33208        -            148   8.2e-14   51.8  28.6   4   8    0.0005      0.31   11.0   1.4    27    63   200   240   197   247 0.79 transcript=SCUR1_42280.5 gene=SCUR1_42280
SCUR1_42280.5        -           1456 382000at33208        -            148   8.2e-14   51.8  28.6   5   8    0.0095         6    6.8   1.3    32    62   229   262   219   270 0.71 transcript=SCUR1_42280.5 gene=SCUR1_42280
SCUR1_42280.5        -           1456 382000at33208        -            148   8.2e-14   51.8  28.6   6   8   0.00014      0.09   12.7   2.3    12    66   250   312   242   314 0.79 transcript=SCUR1_42280.5 gene=SCUR1_42280
SCUR1_42280.5        -           1456 382000at33208        -            148   8.2e-14   51.8  28.6   7   8   1.3e-05    0.0083   16.1   2.0    11    66   272   335   264   343 0.80 transcript=SCUR1_42280.5 gene=SCUR1_42280
SCUR1_42280.5        -           1456 382000at33208        -            148   8.2e-14   51.8  28.6   8   8   0.00046      0.29   11.1   0.4    11    60   318   374   311   383 0.80 transcript=SCUR1_42280.5 gene=SCUR1_42280
SCUR1_74850.1        -            606 382000at33208        -            148   9.5e-13   48.3  40.5   1   8   6.4e-05      0.04   13.9   1.0    24    67   117   164    92   181 0.74 transcript=SCUR1_74850.1 gene=SCUR1_74850
SCUR1_74850.1        -            606 382000at33208        -            148   9.5e-13   48.3  40.5   2   8   8.4e-06    0.0053   16.7   3.3    10    82   192   270   186   297 0.72 transcript=SCUR1_74850.1 gene=SCUR1_74850
SCUR1_74850.1        -            606 382000at33208        -            148   9.5e-13   48.3  40.5   3   8    0.0073       4.6    7.2   0.2    11    72   308   378   302   381 0.77 transcript=SCUR1_74850.1 gene=SCUR1_74850
SCUR1_74850.1        -            606 382000at33208        -            148   9.5e-13   48.3  40.5   4   8    0.0007      0.45   10.5   0.8    10    60   379   438   371   444 0.66 transcript=SCUR1_74850.1 gene=SCUR1_74850
SCUR1_74850.1        -            606 382000at33208        -            148   9.5e-13   48.3  40.5   5   8   0.00017      0.11   12.5   4.1    12    63   428   487   428   496 0.75 transcript=SCUR1_74850.1 gene=SCUR1_74850
SCUR1_74850.1        -            606 382000at33208        -            148   9.5e-13   48.3  40.5   6   8   0.00011     0.067   13.1   5.4    12    64   451   511   442   519 0.75 transcript=SCUR1_74850.1 gene=SCUR1_74850
SCUR1_74850.1        -            606 382000at33208        -            148   9.5e-13   48.3  40.5   7   8    0.0022       1.4    8.9   5.7    12    54   474   521   467   541 0.64 transcript=SCUR1_74850.1 gene=SCUR1_74850
SCUR1_74850.1        -            606 382000at33208        -            148   9.5e-13   48.3  40.5   8   8    0.0086       5.5    6.9   1.4    32    59   499   529   495   598 0.62 transcript=SCUR1_74850.1 gene=SCUR1_74850
SCUR1_42280.1        -           1469 382000at33208        -            148   1.9e-12   47.4  31.3   1   9     0.014       8.8    6.3   0.1    34    63    44    76    28    80 0.71 transcript=SCUR1_42280.1 gene=SCUR1_42280
SCUR1_42280.1        -           1469 382000at33208        -            148   1.9e-12   47.4  31.3   2   9   0.00037      0.23   11.4   0.4    12    63    63   122    61   131 0.79 transcript=SCUR1_42280.1 gene=SCUR1_42280
SCUR1_42280.1        -           1469 382000at33208        -            148   1.9e-12   47.4  31.3   3   9   0.00043      0.27   11.2   0.4    11    54   131   179   127   191 0.73 transcript=SCUR1_42280.1 gene=SCUR1_42280
SCUR1_42280.1        -           1469 382000at33208        -            148   1.9e-12   47.4  31.3   4   9   3.3e-06    0.0021   18.0   0.4    12    67   178   241   176   242 0.84 transcript=SCUR1_42280.1 gene=SCUR1_42280
SCUR1_42280.1        -           1469 382000at33208        -            148   1.9e-12   47.4  31.3   5   9   0.00097      0.62   10.0   1.1    32    63   226   260   221   265 0.81 transcript=SCUR1_42280.1 gene=SCUR1_42280
SCUR1_42280.1        -           1469 382000at33208        -            148   1.9e-12   47.4  31.3   6   9     0.011         7    6.6   1.5    32    62   249   282   239   289 0.71 transcript=SCUR1_42280.1 gene=SCUR1_42280
SCUR1_42280.1        -           1469 382000at33208        -            148   1.9e-12   47.4  31.3   7   9   0.00013     0.082   12.9   2.2    12    66   270   332   262   334 0.79 transcript=SCUR1_42280.1 gene=SCUR1_42280
SCUR1_42280.1        -           1469 382000at33208        -            148   1.9e-12   47.4  31.3   8   9   3.3e-05     0.021   14.8   3.4    11    66   292   355   286   380 0.82 transcript=SCUR1_42280.1 gene=SCUR1_42280
SCUR1_42280.1        -           1469 382000at33208        -            148   1.9e-12   47.4  31.3   9   9    0.0048       3.1    7.8   1.5    15    61   319   373   318   421 0.62 transcript=SCUR1_42280.1 gene=SCUR1_42280
SCUR1_12690.1        -            253 382000at33208        -            148   2.9e-12   46.8  16.7   1   4     0.016       9.9    6.1   0.1    32    55    22    45     8    64 0.83 transcript=SCUR1_12690.1 gene=SCUR1_12690
SCUR1_12690.1        -            253 382000at33208        -            148   2.9e-12   46.8  16.7   2   4   1.2e-05    0.0074   16.3   3.1    12    60    73   129    66   134 0.77 transcript=SCUR1_12690.1 gene=SCUR1_12690
SCUR1_12690.1        -            253 382000at33208        -            148   2.9e-12   46.8  16.7   3   4   1.3e-05    0.0083   16.1   3.3    26    66   137   181   122   187 0.75 transcript=SCUR1_12690.1 gene=SCUR1_12690
SCUR1_12690.1        -            253 382000at33208        -            148   2.9e-12   46.8  16.7   4   4   9.5e-05      0.06   13.3   0.0    32    54   190   212   180   229 0.82 transcript=SCUR1_12690.1 gene=SCUR1_12690
SCUR1_33020.2        -            712 382000at33208        -            148   6.4e-10   39.2  46.5   1   9    0.0046       2.9    7.8   1.0    25    57    92   125    66   134 0.72 transcript=SCUR1_33020.2 gene=SCUR1_33020
SCUR1_33020.2        -            712 382000at33208        -            148   6.4e-10   39.2  46.5   2   9    0.0018       1.1    9.1   0.1    21    55   133   168   123   184 0.74 transcript=SCUR1_33020.2 gene=SCUR1_33020
SCUR1_33020.2        -            712 382000at33208        -            148   6.4e-10   39.2  46.5   3   9     0.013       8.2    6.4   0.4    32    55   191   214   166   220 0.83 transcript=SCUR1_33020.2 gene=SCUR1_33020
SCUR1_33020.2        -            712 382000at33208        -            148   6.4e-10   39.2  46.5   4   9    0.0042       2.7    8.0   0.7    14    60   214   269   211   284 0.72 transcript=SCUR1_33020.2 gene=SCUR1_33020
SCUR1_33020.2        -            712 382000at33208        -            148   6.4e-10   39.2  46.5   5   9     0.065        41    4.1   1.6    25    62   348   386   318   391 0.61 transcript=SCUR1_33020.2 gene=SCUR1_33020
SCUR1_33020.2        -            712 382000at33208        -            148   6.4e-10   39.2  46.5   6   9     0.019        12    5.8   2.0    24    62   367   410   343   423 0.64 transcript=SCUR1_33020.2 gene=SCUR1_33020
SCUR1_33020.2        -            712 382000at33208        -            148   6.4e-10   39.2  46.5   7   9     0.013       8.3    6.4   0.3     9    54   395   446   392   452 0.73 transcript=SCUR1_33020.2 gene=SCUR1_33020
SCUR1_33020.2        -            712 382000at33208        -            148   6.4e-10   39.2  46.5   8   9   0.00085      0.54   10.2   0.9    32    67   471   500   454   518 0.73 transcript=SCUR1_33020.2 gene=SCUR1_33020
SCUR1_33020.2        -            712 382000at33208        -            148   6.4e-10   39.2  46.5   9   9   9.5e-05      0.06   13.3   2.8    12    70   592   658   584   676 0.73 transcript=SCUR1_33020.2 gene=SCUR1_33020
SCUR1_75740.1        -            334 382000at33208        -            148   1.3e-09   38.2  10.8   1   3   7.4e-05     0.047   13.6   0.5    26    59   100   133    85   142 0.74 transcript=SCUR1_75740.1 gene=SCUR1_75740
SCUR1_75740.1        -            334 382000at33208        -            148   1.3e-09   38.2  10.8   2   3   0.00045      0.28   11.1   0.6    11    72   127   192   126   198 0.80 transcript=SCUR1_75740.1 gene=SCUR1_75740
SCUR1_75740.1        -            334 382000at33208        -            148   1.3e-09   38.2  10.8   3   3   2.4e-07   0.00015   21.7   1.3    12    68   199   263   195   268 0.84 transcript=SCUR1_75740.1 gene=SCUR1_75740
SCUR1_60610.1        -            623 382000at33208        -            148   1.3e-09   38.1  49.6   1   9   0.00075      0.48   10.4   0.8    32    61   160   192   131   196 0.68 transcript=SCUR1_60610.1 gene=SCUR1_60610
SCUR1_60610.1        -            623 382000at33208        -            148   1.3e-09   38.1  49.6   2   9      0.14        90    3.0   0.4    27    67   202   247   193   259 0.56 transcript=SCUR1_60610.1 gene=SCUR1_60610
SCUR1_60610.1        -            623 382000at33208        -            148   1.3e-09   38.1  49.6   3   9   5.5e-05     0.035   14.1   1.0    24    63   270   313   246   322 0.75 transcript=SCUR1_60610.1 gene=SCUR1_60610
SCUR1_60610.1        -            623 382000at33208        -            148   1.3e-09   38.1  49.6   4   9      0.03        19    5.2   2.1    31    67   324   363   315   385 0.71 transcript=SCUR1_60610.1 gene=SCUR1_60610
SCUR1_60610.1        -            623 382000at33208        -            148   1.3e-09   38.1  49.6   5   9      0.06        38    4.2   0.8    33    63   397   431   366   437 0.77 transcript=SCUR1_60610.1 gene=SCUR1_60610
SCUR1_60610.1        -            623 382000at33208        -            148   1.3e-09   38.1  49.6   6   9   0.00037      0.23   11.4   4.1    15    67   421   482   418   485 0.67 transcript=SCUR1_60610.1 gene=SCUR1_60610
SCUR1_60610.1        -            623 382000at33208        -            148   1.3e-09   38.1  49.6   7   9     2e-05     0.013   15.5   5.1    10    68   440   506   433   509 0.76 transcript=SCUR1_60610.1 gene=SCUR1_60610
SCUR1_60610.1        -            623 382000at33208        -            148   1.3e-09   38.1  49.6   8   9   0.00053      0.34   10.9   3.8    12    55   465   513   463   526 0.65 transcript=SCUR1_60610.1 gene=SCUR1_60610
SCUR1_60610.1        -            623 382000at33208        -            148   1.3e-09   38.1  49.6   9   9   0.00053      0.34   10.9   1.5    13    72   512   580   509   587 0.71 transcript=SCUR1_60610.1 gene=SCUR1_60610
SCUR1_33020.1        -            865 382000at33208        -            148   3.3e-09   36.9  46.2   1  10    0.0054       3.4    7.6   1.0    25    58    92   126    66   135 0.72 transcript=SCUR1_33020.1 gene=SCUR1_33020
SCUR1_33020.1        -            865 382000at33208        -            148   3.3e-09   36.9  46.2   2  10    0.0022       1.4    8.8   0.1    21    55   133   168   123   185 0.74 transcript=SCUR1_33020.1 gene=SCUR1_33020
SCUR1_33020.1        -            865 382000at33208        -            148   3.3e-09   36.9  46.2   3  10     0.022        14    5.6   0.3    32    55   191   214   181   217 0.86 transcript=SCUR1_33020.1 gene=SCUR1_33020
SCUR1_33020.1        -            865 382000at33208        -            148   3.3e-09   36.9  46.2   4  10    0.0071       4.5    7.2   0.7    14    60   214   269   212   277 0.72 transcript=SCUR1_33020.1 gene=SCUR1_33020
SCUR1_33020.1        -            865 382000at33208        -            148   3.3e-09   36.9  46.2   5  10      0.13        81    3.1   0.2    21    53   249   282   238   288 0.60 transcript=SCUR1_33020.1 gene=SCUR1_33020
SCUR1_33020.1        -            865 382000at33208        -            148   3.3e-09   36.9  46.2   6  10      0.11        68    3.4   2.6    26    63   349   387   320   400 0.61 transcript=SCUR1_33020.1 gene=SCUR1_33020
SCUR1_33020.1        -            865 382000at33208        -            148   3.3e-09   36.9  46.2   7  10     0.024        15    5.5   2.0    24    62   367   410   341   422 0.63 transcript=SCUR1_33020.1 gene=SCUR1_33020
SCUR1_33020.1        -            865 382000at33208        -            148   3.3e-09   36.9  46.2   8  10     0.014       8.6    6.3   0.3     9    54   395   446   392   464 0.75 transcript=SCUR1_33020.1 gene=SCUR1_33020
SCUR1_33020.1        -            865 382000at33208        -            148   3.3e-09   36.9  46.2   9  10    0.0011      0.71    9.8   1.0    32    69   471   502   454   520 0.73 transcript=SCUR1_33020.1 gene=SCUR1_33020
SCUR1_33020.1        -            865 382000at33208        -            148   3.3e-09   36.9  46.2  10  10   0.00012     0.078   12.9   2.8    12    70   592   658   584   676 0.73 transcript=SCUR1_33020.1 gene=SCUR1_33020
SCUR1_18900.1        -            874 382000at33208        -            148   8.6e-07   29.0   9.7   1   4   0.00029      0.18   11.7   0.7     8    62    51   113    46   117 0.72 transcript=SCUR1_18900.1 gene=SCUR1_18900
SCUR1_18900.1        -            874 382000at33208        -            148   8.6e-07   29.0   9.7   2   4    0.0018       1.2    9.1   1.4    10    54    76   125    72   137 0.64 transcript=SCUR1_18900.1 gene=SCUR1_18900
SCUR1_18900.1        -            874 382000at33208        -            148   8.6e-07   29.0   9.7   3   4    0.0016         1    9.3   2.2    12    63   101   160   101   164 0.67 transcript=SCUR1_18900.1 gene=SCUR1_18900
SCUR1_18900.1        -            874 382000at33208        -            148   8.6e-07   29.0   9.7   4   4   5.7e-05     0.036   14.0   1.2    11    83   146   226   139   257 0.75 transcript=SCUR1_18900.1 gene=SCUR1_18900
SCUR1_2670.1         -            307 382000at33208        -            148   1.1e-06   28.6  13.7   1   4   1.7e-05     0.011   15.7   0.9     6    62    33    94    29    99 0.81 transcript=SCUR1_2670.1 gene=SCUR1_2670
SCUR1_2670.1         -            307 382000at33208        -            148   1.1e-06   28.6  13.7   2   4      0.19   1.2e+02    2.6   0.0    34    49    86   101    84   112 0.75 transcript=SCUR1_2670.1 gene=SCUR1_2670
SCUR1_2670.1         -            307 382000at33208        -            148   1.1e-06   28.6  13.7   3   4   0.00016       0.1   12.5   0.8    32    63   112   146   102   152 0.81 transcript=SCUR1_2670.1 gene=SCUR1_2670
SCUR1_2670.1         -            307 382000at33208        -            148   1.1e-06   28.6  13.7   4   4     0.014       8.6    6.3   0.2    32    51   158   177   148   214 0.78 transcript=SCUR1_2670.1 gene=SCUR1_2670
SCUR1_76780.1        -           1396 382000at33208        -            148   2.5e-05   24.3  30.2   1   8    0.0016         1    9.3   0.3    27    62   122   160   102   186 0.79 transcript=SCUR1_76780.1 gene=SCUR1_76780
SCUR1_76780.1        -           1396 382000at33208        -            148   2.5e-05   24.3  30.2   2   8      0.15        93    3.0   0.4    11    54   216   261   207   277 0.63 transcript=SCUR1_76780.1 gene=SCUR1_76780
SCUR1_76780.1        -           1396 382000at33208        -            148   2.5e-05   24.3  30.2   3   8     0.041        26    4.7   0.1    32    59   285   315   268   338 0.73 transcript=SCUR1_76780.1 gene=SCUR1_76780
SCUR1_76780.1        -           1396 382000at33208        -            148   2.5e-05   24.3  30.2   4   8      0.14        92    3.0   0.2    11    61   373   428   360   441 0.64 transcript=SCUR1_76780.1 gene=SCUR1_76780
SCUR1_76780.1        -           1396 382000at33208        -            148   2.5e-05   24.3  30.2   5   8     0.003       1.9    8.4   3.3     7    63   470   532   466   532 0.64 transcript=SCUR1_76780.1 gene=SCUR1_76780
SCUR1_76780.1        -           1396 382000at33208        -            148   2.5e-05   24.3  30.2   6   8   0.00011     0.068   13.1   4.4    12    69   496   561   495   567 0.71 transcript=SCUR1_76780.1 gene=SCUR1_76780
SCUR1_76780.1        -           1396 382000at33208        -            148   2.5e-05   24.3  30.2   7   8     0.032        21    5.1   0.2    27    74   538   586   535   589 0.82 transcript=SCUR1_76780.1 gene=SCUR1_76780
SCUR1_76780.1        -           1396 382000at33208        -            148   2.5e-05   24.3  30.2   8   8      0.62   3.9e+02    0.9   0.0    17    68   562   615   558   618 0.73 transcript=SCUR1_76780.1 gene=SCUR1_76780
SCUR1_63780.1        -            574 382000at33208        -            148   3.4e-05   23.8  14.5   1   4   0.00029      0.18   11.7   0.7    20    61    60   102    38   106 0.66 transcript=SCUR1_63780.1 gene=SCUR1_63780
SCUR1_63780.1        -            574 382000at33208        -            148   3.4e-05   23.8  14.5   2   4   0.00011     0.071   13.1   2.5    12    72    91   158    89   162 0.74 transcript=SCUR1_63780.1 gene=SCUR1_63780
SCUR1_63780.1        -            574 382000at33208        -            148   3.4e-05   23.8  14.5   3   4    0.0091       5.7    6.9   0.6    32    57   161   186   153   196 0.78 transcript=SCUR1_63780.1 gene=SCUR1_63780
SCUR1_63780.1        -            574 382000at33208        -            148   3.4e-05   23.8  14.5   4   4      0.54   3.4e+02    1.1   0.0    35    61   187   216   184   230 0.69 transcript=SCUR1_63780.1 gene=SCUR1_63780
SCUR1_30130.1        -           1388 382000at33208        -            148     5e-05   23.3  33.4   1   5      0.02        13    5.7   0.7    22   112    56   144    49   152 0.70 transcript=SCUR1_30130.1 gene=SCUR1_30130
SCUR1_30130.1        -           1388 382000at33208        -            148     5e-05   23.3  33.4   2   5   0.00031       0.2   11.6   2.7     4    62   154   221   153   230 0.78 transcript=SCUR1_30130.1 gene=SCUR1_30130
SCUR1_30130.1        -           1388 382000at33208        -            148     5e-05   23.3  33.4   3   5   0.00098      0.62   10.0   4.5    10    63   231   294   224   302 0.76 transcript=SCUR1_30130.1 gene=SCUR1_30130
SCUR1_30130.1        -           1388 382000at33208        -            148     5e-05   23.3  33.4   4   5     0.026        16    5.4   0.5    32    61   306   338   300   343 0.83 transcript=SCUR1_30130.1 gene=SCUR1_30130
SCUR1_30130.1        -           1388 382000at33208        -            148     5e-05   23.3  33.4   5   5     0.003       1.9    8.4   0.8    26    63   347   388   327   401 0.68 transcript=SCUR1_30130.1 gene=SCUR1_30130
SCUR1_87520.11       -            237 382000at33208        -            148   0.00012   22.1  18.5   1   4   0.00046      0.29   11.1   0.7    14    69    17    57     2    63 0.49 transcript=SCUR1_87520.11 gene=SCUR1_87520
SCUR1_87520.11       -            237 382000at33208        -            148   0.00012   22.1  18.5   2   4    0.0015      0.97    9.4   1.5    33    69    41    80    41   105 0.57 transcript=SCUR1_87520.11 gene=SCUR1_87520
SCUR1_87520.11       -            237 382000at33208        -            148   0.00012   22.1  18.5   3   4   0.00061      0.38   10.7   2.7    11    59   111   165   105   173 0.68 transcript=SCUR1_87520.11 gene=SCUR1_87520
SCUR1_87520.11       -            237 382000at33208        -            148   0.00012   22.1  18.5   4   4    0.0015      0.96    9.4   2.7    34    59   140   165   137   212 0.52 transcript=SCUR1_87520.11 gene=SCUR1_87520
SCUR1_87750.1        -            242 382000at33208        -            148   0.00013   21.9  18.6   1   4   0.00047       0.3   11.0   0.7    14    69    17    57     2    63 0.49 transcript=SCUR1_87750.1 gene=SCUR1_87750
SCUR1_87750.1        -            242 382000at33208        -            148   0.00013   21.9  18.6   2   4    0.0016         1    9.3   1.6    33    69    41    80    41   105 0.57 transcript=SCUR1_87750.1 gene=SCUR1_87750
SCUR1_87750.1        -            242 382000at33208        -            148   0.00013   21.9  18.6   3   4   0.00034      0.22   11.5   2.2    11    59   111   165   105   177 0.68 transcript=SCUR1_87750.1 gene=SCUR1_87750
SCUR1_87750.1        -            242 382000at33208        -            148   0.00013   21.9  18.6   4   4    0.0013      0.84    9.6   2.9    16    60   140   191   136   226 0.60 transcript=SCUR1_87750.1 gene=SCUR1_87750
SCUR1_75020.1        -            566 382000at33208        -            148   0.00018   21.5   7.8   1   2     0.052        33    4.4   0.2    30    62    35    70    26    75 0.73 transcript=SCUR1_75020.1 gene=SCUR1_75020
SCUR1_75020.1        -            566 382000at33208        -            148   0.00018   21.5   7.8   2   2   2.1e-06    0.0013   18.7   5.6    12    77    58   132    51   178 0.66 transcript=SCUR1_75020.1 gene=SCUR1_75020
SCUR1_49080.2        -            139 382000at33208        -            148   0.00052   20.0   0.9   1   1   3.4e-06    0.0022   18.0   0.9    32    75    39    85     3    91 0.77 transcript=SCUR1_49080.2 gene=SCUR1_49080
SCUR1_86460.1        -            278 382000at33208        -            148   0.00084   19.3  13.7   1   3   1.7e-06    0.0011   19.0   2.2    10    63    30    90    24    98 0.76 transcript=SCUR1_86460.1 gene=SCUR1_86460
SCUR1_86460.1        -            278 382000at33208        -            148   0.00084   19.3  13.7   2   3    0.0095         6    6.8   0.8    12    61    77   132    76   137 0.82 transcript=SCUR1_86460.1 gene=SCUR1_86460
SCUR1_86460.1        -            278 382000at33208        -            148   0.00084   19.3  13.7   3   3      0.01       6.6    6.7   1.1     8    73   147   208   134   228 0.64 transcript=SCUR1_86460.1 gene=SCUR1_86460
SCUR1_49080.1        -            194 382000at33208        -            148   0.00096   19.1   1.0   1   1   6.2e-06    0.0039   17.2   0.8    32    75    94   140    53   147 0.76 transcript=SCUR1_49080.1 gene=SCUR1_49080
SCUR1_9660.1         -            581 382000at33208        -            148    0.0053   16.7   5.3   1   2     0.015       9.5    6.2   0.6    32    54    73    95    59   108 0.75 transcript=SCUR1_9660.1 gene=SCUR1_9660
SCUR1_9660.1         -            581 382000at33208        -            148    0.0053   16.7   5.3   2   2   0.00069      0.43   10.5   0.8    27    62   113   152   102   158 0.71 transcript=SCUR1_9660.1 gene=SCUR1_9660
SCUR1_33570.1        -            405 382000at33208        -            148    0.0068   16.4  13.8   1   4    0.0031         2    8.4   0.2    13    62   171   204   155   212 0.63 transcript=SCUR1_33570.1 gene=SCUR1_33570
SCUR1_33570.1        -            405 382000at33208        -            148    0.0068   16.4  13.8   2   4     0.018        11    5.9   0.2    33    61   221   252   207   258 0.75 transcript=SCUR1_33570.1 gene=SCUR1_33570
SCUR1_33570.1        -            405 382000at33208        -            148    0.0068   16.4  13.8   3   4    0.0078         5    7.1   2.8    16    58   245   295   241   304 0.65 transcript=SCUR1_33570.1 gene=SCUR1_33570
SCUR1_33570.1        -            405 382000at33208        -            148    0.0068   16.4  13.8   4   4      0.26   1.6e+02    2.2   0.1   132   143   382   393   366   395 0.84 transcript=SCUR1_33570.1 gene=SCUR1_33570
SCUR1_13860.2        -            445 382000at33208        -            148    0.0079   16.2   1.8   1   4   1.3e-05    0.0079   16.2   1.8     9    65    64   126    56   132 0.85 transcript=SCUR1_13860.2 gene=SCUR1_13860
SCUR1_13860.2        -            445 382000at33208        -            148    0.0079   16.2   1.8   2   4      0.97   6.1e+02    0.3   0.0     9    31   130   152   125   168 0.78 transcript=SCUR1_13860.2 gene=SCUR1_13860
SCUR1_13860.2        -            445 382000at33208        -            148    0.0079   16.2   1.8   3   4       3.2     2e+03   -1.4   0.0   104   123   297   316   290   322 0.86 transcript=SCUR1_13860.2 gene=SCUR1_13860
SCUR1_13860.2        -            445 382000at33208        -            148    0.0079   16.2   1.8   4   4      0.56   3.5e+02    1.1   0.2    39    94   357   410   336   421 0.78 transcript=SCUR1_13860.2 gene=SCUR1_13860
SCUR1_13860.3        -            450 382000at33208        -            148     0.008   16.1   1.8   1   4   1.3e-05     0.008   16.1   1.8     9    65    64   126    56   132 0.85 transcript=SCUR1_13860.3 gene=SCUR1_13860
SCUR1_13860.3        -            450 382000at33208        -            148     0.008   16.1   1.8   2   4      0.98   6.2e+02    0.3   0.0     9    31   130   152   125   168 0.78 transcript=SCUR1_13860.3 gene=SCUR1_13860
SCUR1_13860.3        -            450 382000at33208        -            148     0.008   16.1   1.8   3   4       3.3   2.1e+03   -1.4   0.0   104   123   297   316   290   322 0.86 transcript=SCUR1_13860.3 gene=SCUR1_13860
SCUR1_13860.3        -            450 382000at33208        -            148     0.008   16.1   1.8   4   4      0.58   3.6e+02    1.0   0.1    39    94   357   410   337   421 0.77 transcript=SCUR1_13860.3 gene=SCUR1_13860
SCUR1_46780.1        -            718 382000at33208        -            148     0.011   15.7  17.6   1   4    0.0018       1.2    9.1   4.8    13    63    53   113    42   121 0.69 transcript=SCUR1_46780.1 gene=SCUR1_46780
SCUR1_46780.1        -            718 382000at33208        -            148     0.011   15.7  17.6   2   4   0.00069      0.44   10.5   3.2    11    65    99   161    98   164 0.68 transcript=SCUR1_46780.1 gene=SCUR1_46780
SCUR1_46780.1        -            718 382000at33208        -            148     0.011   15.7  17.6   3   4   0.00015     0.094   12.7   1.2    11    54   122   170   115   187 0.67 transcript=SCUR1_46780.1 gene=SCUR1_46780
SCUR1_46780.1        -            718 382000at33208        -            148     0.011   15.7  17.6   4   4         2   1.3e+03   -0.7   0.2    58   103   376   419   364   431 0.64 transcript=SCUR1_46780.1 gene=SCUR1_46780
SCUR1_65310.1        -           1426 382000at33208        -            148     0.019   14.9   0.6   1   2       0.5   3.2e+02    1.2   0.0    27    65    94   136    72   139 0.70 transcript=SCUR1_65310.1 gene=SCUR1_65310
SCUR1_65310.1        -           1426 382000at33208        -            148     0.019   14.9   0.6   2   2   9.4e-05     0.059   13.3   0.4    11    63   120   181   116   220 0.78 transcript=SCUR1_65310.1 gene=SCUR1_65310
SCUR1_6130.2         -            403 382000at33208        -            148      0.33   10.9   4.4   1   2    0.0025       1.6    8.7   4.3     9    69    43   109    34   128 0.80 transcript=SCUR1_6130.2 gene=SCUR1_6130
SCUR1_6130.2         -            403 382000at33208        -            148      0.33   10.9   4.4   2   2       2.5   1.6e+03   -1.0   0.0    10    29   113   132   104   138 0.78 transcript=SCUR1_6130.2 gene=SCUR1_6130
SCUR1_6130.1         -            426 382000at33208        -            148      0.36   10.8   4.4   1   2    0.0029       1.8    8.5   4.3     9    69    43   109    34   125 0.80 transcript=SCUR1_6130.1 gene=SCUR1_6130
SCUR1_6130.1         -            426 382000at33208        -            148      0.36   10.8   4.4   2   2       2.9   1.9e+03   -1.3   0.0    10    30   113   133   107   139 0.78 transcript=SCUR1_6130.1 gene=SCUR1_6130
#
# Program:         hmmsearch
# Version:         3.4 (Aug 2023)
# Pipeline mode:   SEARCH
# Query file:      /users/40483456/busco_datasets/busco_downloads/lineages/metazoa_odb10/hmms/382000at33208.hmm
# Target file:     /users/40483456/protein/schistosoma_curassoni.fa
# Option settings: hmmsearch --domtblout /users/40483456/busco/results_pro/schistosoma_curassoni_busco/run_metazoa_odb10/hmmer_output/initial_run_results/382000at33208.out --cpu 1 /users/40483456/busco_datasets/busco_downloads/lineages/metazoa_odb10/hmms/382000at33208.hmm /users/40483456/protein/schistosoma_curassoni.fa 
# Current dir:     /users/40483456
# Date:            Thu Jan 15 17:47:26 2026
# [ok]
