#                                                                            --- full sequence --- -------------- this domain -------------   hmm coord   ali coord   env coord
# target name        accession   tlen query name           accession   qlen   E-value  score  bias   #  of  c-Evalue  i-Evalue  score  bias  from    to  from    to  from    to  acc description of target
#------------------- ---------- ----- -------------------- ---------- ----- --------- ------ ----- --- --- --------- --------- ------ ----- ----- ----- ----- ----- ----- ----- ---- ---------------------
SCUR1_37250.1        -            287 399092at33208        -            179   2.5e-80  268.3   0.0   1   2   6.4e-83   1.8e-79  265.4   0.0     1   163    17   192    17   201 0.91 transcript=SCUR1_37250.1 gene=SCUR1_37250
SCUR1_37250.1        -            287 399092at33208        -            179   2.5e-80  268.3   0.0   2   2      0.12   3.5e+02    0.6   0.0   163   179   221   238   211   238 0.84 transcript=SCUR1_37250.1 gene=SCUR1_37250
SCUR1_37250.2        -            305 399092at33208        -            179   2.7e-80  268.1   0.0   1   2   7.6e-83   2.2e-79  265.2   0.0     1   163    17   192    17   201 0.91 transcript=SCUR1_37250.2 gene=SCUR1_37250
SCUR1_37250.2        -            305 399092at33208        -            179   2.7e-80  268.1   0.0   2   2      0.13   3.7e+02    0.5   0.0   163   179   221   238   211   238 0.84 transcript=SCUR1_37250.2 gene=SCUR1_37250
SCUR1_37250.4        -            265 399092at33208        -            179   1.1e-72  243.3   0.1   1   2   3.5e-75     1e-71  240.2   0.0    20   163     1   152     1   161 0.93 transcript=SCUR1_37250.4 gene=SCUR1_37250
SCUR1_37250.4        -            265 399092at33208        -            179   1.1e-72  243.3   0.1   2   2      0.11   3.1e+02    0.8   0.0   163   179   181   198   171   198 0.84 transcript=SCUR1_37250.4 gene=SCUR1_37250
SCUR1_37250.6        -            265 399092at33208        -            179   1.1e-72  243.3   0.1   1   2   3.5e-75     1e-71  240.2   0.0    20   163     1   152     1   161 0.93 transcript=SCUR1_37250.6 gene=SCUR1_37250
SCUR1_37250.6        -            265 399092at33208        -            179   1.1e-72  243.3   0.1   2   2      0.11   3.1e+02    0.8   0.0   163   179   181   198   171   198 0.84 transcript=SCUR1_37250.6 gene=SCUR1_37250
SCUR1_37250.3        -            248 399092at33208        -            179   3.6e-62  209.1   0.0   1   2   1.2e-64   3.6e-61  205.8   0.0    37   163     1   135     1   145 0.92 transcript=SCUR1_37250.3 gene=SCUR1_37250
SCUR1_37250.3        -            248 399092at33208        -            179   3.6e-62  209.1   0.0   2   2     0.098   2.8e+02    0.9   0.0   163   179   164   181   153   181 0.84 transcript=SCUR1_37250.3 gene=SCUR1_37250
SCUR1_37250.5        -            248 399092at33208        -            179   3.6e-62  209.1   0.0   1   2   1.2e-64   3.6e-61  205.8   0.0    37   163     1   135     1   145 0.92 transcript=SCUR1_37250.5 gene=SCUR1_37250
SCUR1_37250.5        -            248 399092at33208        -            179   3.6e-62  209.1   0.0   2   2     0.098   2.8e+02    0.9   0.0   163   179   164   181   153   181 0.84 transcript=SCUR1_37250.5 gene=SCUR1_37250
SCUR1_37250.7        -            215 399092at33208        -            179     3e-42  144.2   0.0   1   2   1.3e-44   3.7e-41  140.6   0.0    67   163     1   102     1   112 0.92 transcript=SCUR1_37250.7 gene=SCUR1_37250
SCUR1_37250.7        -            215 399092at33208        -            179     3e-42  144.2   0.0   2   2     0.081   2.3e+02    1.2   0.0   163   179   131   148   120   148 0.84 transcript=SCUR1_37250.7 gene=SCUR1_37250
#
# Program:         hmmsearch
# Version:         3.4 (Aug 2023)
# Pipeline mode:   SEARCH
# Query file:      /users/40483456/busco_datasets/busco_downloads/lineages/metazoa_odb10/hmms/399092at33208.hmm
# Target file:     /users/40483456/protein/schistosoma_curassoni.fa
# Option settings: hmmsearch --domtblout /users/40483456/busco/results_pro/schistosoma_curassoni_busco/run_metazoa_odb10/hmmer_output/initial_run_results/399092at33208.out --cpu 1 /users/40483456/busco_datasets/busco_downloads/lineages/metazoa_odb10/hmms/399092at33208.hmm /users/40483456/protein/schistosoma_curassoni.fa 
# Current dir:     /users/40483456
# Date:            Thu Jan 15 17:47:28 2026
# [ok]
