#                                                                            --- full sequence --- -------------- this domain -------------   hmm coord   ali coord   env coord
# target name        accession   tlen query name           accession   qlen   E-value  score  bias   #  of  c-Evalue  i-Evalue  score  bias  from    to  from    to  from    to  acc description of target
#------------------- ---------- ----- -------------------- ---------- ----- --------- ------ ----- --- --- --------- --------- ------ ----- ----- ----- ----- ----- ----- ----- ---- ---------------------
SCUR1_78300.1        -            221 424646at33208        -            224     0.014   15.1   1.9   1   1   9.3e-06     0.021   14.5   1.9    78   155    46   113    35   123 0.79 transcript=SCUR1_78300.1 gene=SCUR1_78300
SCUR1_15130.1        -            207 424646at33208        -            224     0.027   14.2   7.1   1   1   1.9e-05     0.042   13.6   7.1    76   158    62   140    37   141 0.76 transcript=SCUR1_15130.1 gene=SCUR1_15130
SCUR1_52000.1        -            714 424646at33208        -            224     0.032   13.9   2.2   1   2    0.0037       8.4    6.0   0.2   171   203   178   211   176   223 0.67 transcript=SCUR1_52000.1 gene=SCUR1_52000
SCUR1_52000.1        -            714 424646at33208        -            224     0.032   13.9   2.2   2   2    0.0037       8.4    6.0   0.2   171   203   441   474   439   486 0.67 transcript=SCUR1_52000.1 gene=SCUR1_52000
SCUR1_78300.2        -            277 424646at33208        -            224     0.033   13.9   2.5   1   1   2.3e-05     0.051   13.3   2.5    78   155   102   169    92   178 0.79 transcript=SCUR1_78300.2 gene=SCUR1_78300
SCUR1_14530.1        -            465 424646at33208        -            224     0.071   12.8   9.4   1   3       2.4   5.4e+03   -3.1   0.0   144   165   213   234   202   243 0.80 transcript=SCUR1_14530.1 gene=SCUR1_14530
SCUR1_14530.1        -            465 424646at33208        -            224     0.071   12.8   9.4   2   3     0.015        33    4.1   0.4    93   152   276   330   268   339 0.74 transcript=SCUR1_14530.1 gene=SCUR1_14530
SCUR1_14530.1        -            465 424646at33208        -            224     0.071   12.8   9.4   3   3   7.4e-05      0.17   11.6   2.5    80   155   343   423   337   425 0.65 transcript=SCUR1_14530.1 gene=SCUR1_14530
SCUR1_63390.2        -            554 424646at33208        -            224      0.09   12.5   0.0   1   1   7.2e-05      0.16   11.6   0.0    53   109   168   223   161   257 0.78 transcript=SCUR1_63390.2 gene=SCUR1_63390
SCUR1_14530.2        -            451 424646at33208        -            224      0.11   12.1  10.0   1   3       2.2   4.9e+03   -3.0   0.0   143   165   198   220   187   230 0.80 transcript=SCUR1_14530.2 gene=SCUR1_14530
SCUR1_14530.2        -            451 424646at33208        -            224      0.11   12.1  10.0   2   3     0.014        32    4.1   0.4    93   152   262   316   254   325 0.74 transcript=SCUR1_14530.2 gene=SCUR1_14530
SCUR1_14530.2        -            451 424646at33208        -            224      0.11   12.1  10.0   3   3   7.3e-05      0.17   11.6   2.5    80   155   329   409   324   411 0.65 transcript=SCUR1_14530.2 gene=SCUR1_14530
SCUR1_54340.1        -            248 424646at33208        -            224       2.7    7.6   8.8   1   2     0.006        14    5.4   6.3    93   160    30   106     9   111 0.78 transcript=SCUR1_54340.1 gene=SCUR1_54340
SCUR1_54340.1        -            248 424646at33208        -            224       2.7    7.6   8.8   2   2    0.0015       3.3    7.4   7.0    92   174    68   149    49   185 0.61 transcript=SCUR1_54340.1 gene=SCUR1_54340
SCUR1_74370.1        -            380 424646at33208        -            224       9.6    5.8  30.9   1   4      0.32   7.2e+02   -0.3   0.9   119   166    62   108    36   117 0.65 transcript=SCUR1_74370.1 gene=SCUR1_74370
SCUR1_74370.1        -            380 424646at33208        -            224       9.6    5.8  30.9   2   4   0.00097       2.2    8.0   1.9    93   151   139   195   126   204 0.54 transcript=SCUR1_74370.1 gene=SCUR1_74370
SCUR1_74370.1        -            380 424646at33208        -            224       9.6    5.8  30.9   3   4     0.021        47    3.6   6.3    91   122   223   254   186   284 0.52 transcript=SCUR1_74370.1 gene=SCUR1_74370
SCUR1_74370.1        -            380 424646at33208        -            224       9.6    5.8  30.9   4   4   0.00058       1.3    8.7   1.2    90   160   289   355   280   360 0.77 transcript=SCUR1_74370.1 gene=SCUR1_74370
#
# Program:         hmmsearch
# Version:         3.4 (Aug 2023)
# Pipeline mode:   SEARCH
# Query file:      /users/40483456/busco_datasets/busco_downloads/lineages/metazoa_odb10/hmms/424646at33208.hmm
# Target file:     /users/40483456/protein/schistosoma_curassoni.fa
# Option settings: hmmsearch --domtblout /users/40483456/busco/results_pro/schistosoma_curassoni_busco/run_metazoa_odb10/hmmer_output/initial_run_results/424646at33208.out --cpu 1 /users/40483456/busco_datasets/busco_downloads/lineages/metazoa_odb10/hmms/424646at33208.hmm /users/40483456/protein/schistosoma_curassoni.fa 
# Current dir:     /users/40483456
# Date:            Thu Jan 15 17:47:39 2026
# [ok]
