#                                                                            --- full sequence --- -------------- this domain -------------   hmm coord   ali coord   env coord
# target name        accession   tlen query name           accession   qlen   E-value  score  bias   #  of  c-Evalue  i-Evalue  score  bias  from    to  from    to  from    to  acc description of target
#------------------- ---------- ----- -------------------- ---------- ----- --------- ------ ----- --- --- --------- --------- ------ ----- ----- ----- ----- ----- ----- ----- ---- ---------------------
SCUR1_76280.1        -            134 442169at33208        -            349   0.00037   19.8   0.6   1   1   4.8e-07   0.00052   19.3   0.6   168   197    49    78    44    85 0.92 transcript=SCUR1_76280.1 gene=SCUR1_76280
SCUR1_27220.1        -            381 442169at33208        -            349    0.0058   15.9   1.5   1   2     0.011        12    5.0   0.3     6    37    57    89    50   107 0.75 transcript=SCUR1_27220.1 gene=SCUR1_27220
SCUR1_27220.1        -            381 442169at33208        -            349    0.0058   15.9   1.5   2   2   0.00091      0.97    8.6   0.0   131   181   147   198   139   204 0.86 transcript=SCUR1_27220.1 gene=SCUR1_27220
SCUR1_39900.7        -            190 442169at33208        -            349     0.022   14.0  14.1   1   4     0.033        35    3.4   0.3   172   199    33    59    28    88 0.73 transcript=SCUR1_39900.7 gene=SCUR1_39900
SCUR1_39900.7        -            190 442169at33208        -            349     0.022   14.0  14.1   2   4    0.0038         4    6.5   5.5   168   205    89   125    84   139 0.86 transcript=SCUR1_39900.7 gene=SCUR1_39900
SCUR1_39900.7        -            190 442169at33208        -            349     0.022   14.0  14.1   3   4    0.0032       3.4    6.8   0.9   158   190   108   140   104   149 0.83 transcript=SCUR1_39900.7 gene=SCUR1_39900
SCUR1_39900.7        -            190 442169at33208        -            349     0.022   14.0  14.1   4   4     0.001       1.1    8.4   0.1   159   190   138   169   135   177 0.91 transcript=SCUR1_39900.7 gene=SCUR1_39900
SCUR1_39900.4        -            169 442169at33208        -            349     0.023   13.9  14.8   1   4     0.027        28    3.7   0.4   172   201    23    51    17    78 0.73 transcript=SCUR1_39900.4 gene=SCUR1_39900
SCUR1_39900.4        -            169 442169at33208        -            349     0.023   13.9  14.8   2   4    0.0018       1.9    7.6   4.2   167   205    78   115    74   117 0.88 transcript=SCUR1_39900.4 gene=SCUR1_39900
SCUR1_39900.4        -            169 442169at33208        -            349     0.023   13.9  14.8   3   4     0.002       2.2    7.4   0.3   159   190    99   130    96   139 0.83 transcript=SCUR1_39900.4 gene=SCUR1_39900
SCUR1_39900.4        -            169 442169at33208        -            349     0.023   13.9  14.8   4   4   0.00093      0.99    8.5   0.1   159   190   128   159   124   163 0.92 transcript=SCUR1_39900.4 gene=SCUR1_39900
SCUR1_39900.5        -            169 442169at33208        -            349     0.023   13.9  14.8   1   4     0.027        28    3.7   0.4   172   201    23    51    17    78 0.73 transcript=SCUR1_39900.5 gene=SCUR1_39900
SCUR1_39900.5        -            169 442169at33208        -            349     0.023   13.9  14.8   2   4    0.0018       1.9    7.6   4.2   167   205    78   115    74   117 0.88 transcript=SCUR1_39900.5 gene=SCUR1_39900
SCUR1_39900.5        -            169 442169at33208        -            349     0.023   13.9  14.8   3   4     0.002       2.2    7.4   0.3   159   190    99   130    96   139 0.83 transcript=SCUR1_39900.5 gene=SCUR1_39900
SCUR1_39900.5        -            169 442169at33208        -            349     0.023   13.9  14.8   4   4   0.00093      0.99    8.5   0.1   159   190   128   159   124   163 0.92 transcript=SCUR1_39900.5 gene=SCUR1_39900
SCUR1_39900.2        -            191 442169at33208        -            349     0.024   13.9  14.0   1   4     0.032        35    3.5   0.3   172   196    45    68    39    99 0.74 transcript=SCUR1_39900.2 gene=SCUR1_39900
SCUR1_39900.2        -            191 442169at33208        -            349     0.024   13.9  14.0   2   4    0.0014       1.5    7.9   3.9   167   205   100   137    94   145 0.88 transcript=SCUR1_39900.2 gene=SCUR1_39900
SCUR1_39900.2        -            191 442169at33208        -            349     0.024   13.9  14.0   3   4    0.0056       5.9    6.0   0.5   159   190   121   152   118   156 0.89 transcript=SCUR1_39900.2 gene=SCUR1_39900
SCUR1_39900.2        -            191 442169at33208        -            349     0.024   13.9  14.0   4   4    0.0012       1.2    8.2   0.1   159   190   150   181   147   185 0.92 transcript=SCUR1_39900.2 gene=SCUR1_39900
SCUR1_39900.8        -            179 442169at33208        -            349     0.027   13.7  14.6   1   4     0.035        37    3.4   0.4   172   191    33    52    28    85 0.74 transcript=SCUR1_39900.8 gene=SCUR1_39900
SCUR1_39900.8        -            179 442169at33208        -            349     0.027   13.7  14.6   2   4    0.0016       1.7    7.7   4.1   167   205    88   125    84   131 0.88 transcript=SCUR1_39900.8 gene=SCUR1_39900
SCUR1_39900.8        -            179 442169at33208        -            349     0.027   13.7  14.6   3   4    0.0024       2.5    7.2   0.6   158   190   108   140   105   149 0.83 transcript=SCUR1_39900.8 gene=SCUR1_39900
SCUR1_39900.8        -            179 442169at33208        -            349     0.027   13.7  14.6   4   4    0.0011       1.1    8.3   0.1   159   190   138   169   135   173 0.92 transcript=SCUR1_39900.8 gene=SCUR1_39900
SCUR1_39890.3        -            178 442169at33208        -            349      0.03   13.5   2.3   1   2      0.21   2.2e+02    0.8   0.1   172   190    52    70    45    71 0.89 transcript=SCUR1_39890.3 gene=SCUR1_39890
SCUR1_39890.3        -            178 442169at33208        -            349      0.03   13.5   2.3   2   2     6e-05     0.064   12.5   2.3   152   192    61   101    51   111 0.89 transcript=SCUR1_39890.3 gene=SCUR1_39890
SCUR1_39900.1        -            202 442169at33208        -            349     0.044   13.0  14.7   1   4     0.039        41    3.2   0.4   172   196    45    68    39    98 0.74 transcript=SCUR1_39900.1 gene=SCUR1_39900
SCUR1_39900.1        -            202 442169at33208        -            349     0.044   13.0  14.7   2   4     0.002       2.1    7.4   4.1   168   205   101   137    97   145 0.88 transcript=SCUR1_39900.1 gene=SCUR1_39900
SCUR1_39900.1        -            202 442169at33208        -            349     0.044   13.0  14.7   3   4    0.0062       6.6    5.8   0.7   159   190   121   152   118   157 0.88 transcript=SCUR1_39900.1 gene=SCUR1_39900
SCUR1_39900.1        -            202 442169at33208        -            349     0.044   13.0  14.7   4   4    0.0011       1.2    8.2   0.1   159   190   150   181   147   189 0.91 transcript=SCUR1_39900.1 gene=SCUR1_39900
SCUR1_39900.3        -            202 442169at33208        -            349     0.044   13.0  14.7   1   4     0.039        41    3.2   0.4   172   196    45    68    39    98 0.74 transcript=SCUR1_39900.3 gene=SCUR1_39900
SCUR1_39900.3        -            202 442169at33208        -            349     0.044   13.0  14.7   2   4     0.002       2.1    7.4   4.1   168   205   101   137    97   145 0.88 transcript=SCUR1_39900.3 gene=SCUR1_39900
SCUR1_39900.3        -            202 442169at33208        -            349     0.044   13.0  14.7   3   4    0.0062       6.6    5.8   0.7   159   190   121   152   118   157 0.88 transcript=SCUR1_39900.3 gene=SCUR1_39900
SCUR1_39900.3        -            202 442169at33208        -            349     0.044   13.0  14.7   4   4    0.0011       1.2    8.2   0.1   159   190   150   181   147   189 0.91 transcript=SCUR1_39900.3 gene=SCUR1_39900
SCUR1_39890.1        -            208 442169at33208        -            349     0.056   12.6   3.7   1   1   0.00012      0.13   11.4   3.7   149   192    88   131    49   140 0.83 transcript=SCUR1_39890.1 gene=SCUR1_39890
SCUR1_39890.2        -            208 442169at33208        -            349     0.056   12.6   3.7   1   1   0.00012      0.13   11.4   3.7   149   192    88   131    49   140 0.83 transcript=SCUR1_39890.2 gene=SCUR1_39890
SCUR1_8640.1         -            355 442169at33208        -            349      0.17   11.1  22.5   1   4    0.0005      0.54    9.4   0.3   119   192    28   104     8   108 0.73 transcript=SCUR1_8640.1 gene=SCUR1_8640
SCUR1_8640.1         -            355 442169at33208        -            349      0.17   11.1  22.5   2   4      0.25   2.7e+02    0.5   1.0    12   190   140   159   129   178 0.58 transcript=SCUR1_8640.1 gene=SCUR1_8640
SCUR1_8640.1         -            355 442169at33208        -            349      0.17   11.1  22.5   3   4    0.0023       2.5    7.2   0.7   163   189   226   252   210   256 0.90 transcript=SCUR1_8640.1 gene=SCUR1_8640
SCUR1_8640.1         -            355 442169at33208        -            349      0.17   11.1  22.5   4   4    0.0023       2.4    7.3   0.5   170   196   261   287   253   293 0.85 transcript=SCUR1_8640.1 gene=SCUR1_8640
SCUR1_8640.2         -            355 442169at33208        -            349      0.17   11.1  22.5   1   4    0.0005      0.54    9.4   0.3   119   192    28   104     8   108 0.73 transcript=SCUR1_8640.2 gene=SCUR1_8640
SCUR1_8640.2         -            355 442169at33208        -            349      0.17   11.1  22.5   2   4      0.25   2.7e+02    0.5   1.0    12   190   140   159   129   178 0.58 transcript=SCUR1_8640.2 gene=SCUR1_8640
SCUR1_8640.2         -            355 442169at33208        -            349      0.17   11.1  22.5   3   4    0.0023       2.5    7.2   0.7   163   189   226   252   210   256 0.90 transcript=SCUR1_8640.2 gene=SCUR1_8640
SCUR1_8640.2         -            355 442169at33208        -            349      0.17   11.1  22.5   4   4    0.0023       2.4    7.3   0.5   170   196   261   287   253   293 0.85 transcript=SCUR1_8640.2 gene=SCUR1_8640
SCUR1_79560.1        -            153 442169at33208        -            349      0.24   10.6   3.7   1   2   0.00013      0.14   11.3   1.8   170   208     4    41     3    56 0.85 transcript=SCUR1_79560.1 gene=SCUR1_79560
SCUR1_79560.1        -            153 442169at33208        -            349      0.24   10.6   3.7   2   2       1.9     2e+03   -2.3   0.0   134   147    96   109    88   121 0.67 transcript=SCUR1_79560.1 gene=SCUR1_79560
SCUR1_73020.1        -            587 442169at33208        -            349      0.45    9.6  13.6   1   3    0.0043       4.5    6.4   0.1   171   193   326   348   319   355 0.88 transcript=SCUR1_73020.1 gene=SCUR1_73020
SCUR1_73020.1        -            587 442169at33208        -            349      0.45    9.6  13.6   2   3   0.00069      0.73    9.0   0.4   172   192   355   375   350   381 0.90 transcript=SCUR1_73020.1 gene=SCUR1_73020
SCUR1_73020.1        -            587 442169at33208        -            349      0.45    9.6  13.6   3   3      0.41   4.4e+02   -0.2   3.6   173   215   384   430   379   440 0.62 transcript=SCUR1_73020.1 gene=SCUR1_73020
SCUR1_39900.6        -            134 442169at33208        -            349       2.8    7.1   7.5   1   1    0.0048       5.1    6.2   1.9   168   195   101   127    96   131 0.78 transcript=SCUR1_39900.6 gene=SCUR1_39900
SCUR1_10150.1        -            539 442169at33208        -            349       4.4    6.4  18.7   1   4     0.034        36    3.4   0.3   106   147   250   290   221   296 0.70 transcript=SCUR1_10150.1 gene=SCUR1_10150
SCUR1_10150.1        -            539 442169at33208        -            349       4.4    6.4  18.7   2   4      0.36   3.8e+02    0.0   1.3   173   194   400   421   396   451 0.64 transcript=SCUR1_10150.1 gene=SCUR1_10150
SCUR1_10150.1        -            539 442169at33208        -            349       4.4    6.4  18.7   3   4    0.0006      0.64    9.2   0.1   171   191   452   472   448   476 0.90 transcript=SCUR1_10150.1 gene=SCUR1_10150
SCUR1_10150.1        -            539 442169at33208        -            349       4.4    6.4  18.7   4   4     0.021        23    4.1   1.0   166   189   475   498   472   522 0.84 transcript=SCUR1_10150.1 gene=SCUR1_10150
SCUR1_81340.2        -            340 442169at33208        -            349       8.7    5.4  23.9   1   5      0.73   7.8e+02   -1.0   0.1   276   296   102   122    58   132 0.76 transcript=SCUR1_81340.2 gene=SCUR1_81340
SCUR1_81340.2        -            340 442169at33208        -            349       8.7    5.4  23.9   2   5    0.0011       1.2    8.3   2.8   167   191   215   239   208   246 0.87 transcript=SCUR1_81340.2 gene=SCUR1_81340
SCUR1_81340.2        -            340 442169at33208        -            349       8.7    5.4  23.9   3   5       0.7   7.5e+02   -0.9   0.0   172   190   248   266   242   274 0.85 transcript=SCUR1_81340.2 gene=SCUR1_81340
SCUR1_81340.2        -            340 442169at33208        -            349       8.7    5.4  23.9   4   5      0.01        11    5.1   1.9   170   189   274   293   260   303 0.78 transcript=SCUR1_81340.2 gene=SCUR1_81340
SCUR1_81340.2        -            340 442169at33208        -            349       8.7    5.4  23.9   5   5     0.012        13    4.8   0.7   170   190   302   322   294   326 0.90 transcript=SCUR1_81340.2 gene=SCUR1_81340
#
# Program:         hmmsearch
# Version:         3.4 (Aug 2023)
# Pipeline mode:   SEARCH
# Query file:      /users/40483456/busco_datasets/busco_downloads/lineages/metazoa_odb10/hmms/442169at33208.hmm
# Target file:     /users/40483456/protein/schistosoma_curassoni.fa
# Option settings: hmmsearch --domtblout /users/40483456/busco/results_pro/schistosoma_curassoni_busco/run_metazoa_odb10/hmmer_output/initial_run_results/442169at33208.out --cpu 1 /users/40483456/busco_datasets/busco_downloads/lineages/metazoa_odb10/hmms/442169at33208.hmm /users/40483456/protein/schistosoma_curassoni.fa 
# Current dir:     /users/40483456
# Date:            Thu Jan 15 17:47:39 2026
# [ok]
