#                                                                            --- full sequence --- -------------- this domain -------------   hmm coord   ali coord   env coord
# target name        accession   tlen query name           accession   qlen   E-value  score  bias   #  of  c-Evalue  i-Evalue  score  bias  from    to  from    to  from    to  acc description of target
#------------------- ---------- ----- -------------------- ---------- ----- --------- ------ ----- --- --- --------- --------- ------ ----- ----- ----- ----- ----- ----- ----- ---- ---------------------
SCUR1_73750.1        -            792 443305at33208        -            419   4.5e-19   68.6  10.0   1   5   1.6e-06     0.011   14.6   1.1     2    70    56   142    55   163 0.74 transcript=SCUR1_73750.1 gene=SCUR1_73750
SCUR1_73750.1        -            792 443305at33208        -            419   4.5e-19   68.6  10.0   2   5   6.1e-05      0.41    9.4   0.0    85   125   194   245   185   256 0.76 transcript=SCUR1_73750.1 gene=SCUR1_73750
SCUR1_73750.1        -            792 443305at33208        -            419   4.5e-19   68.6  10.0   3   5   2.3e-07    0.0016   17.4   0.1   172   208   366   405   356   414 0.84 transcript=SCUR1_73750.1 gene=SCUR1_73750
SCUR1_73750.1        -            792 443305at33208        -            419   4.5e-19   68.6  10.0   4   5   3.3e-08   0.00022   20.2   0.2   208   315   447   576   437   582 0.59 transcript=SCUR1_73750.1 gene=SCUR1_73750
SCUR1_73750.1        -            792 443305at33208        -            419   4.5e-19   68.6  10.0   5   5   0.00045       3.1    6.6   0.0   328   364   631   667   626   672 0.91 transcript=SCUR1_73750.1 gene=SCUR1_73750
SCUR1_73750.3        -            554 443305at33208        -            419   1.1e-13   50.8   0.7   1   3   1.5e-07     0.001   18.0   0.1   172   208   128   167   118   176 0.84 transcript=SCUR1_73750.3 gene=SCUR1_73750
SCUR1_73750.3        -            554 443305at33208        -            419   1.1e-13   50.8   0.7   2   3   1.9e-08   0.00013   21.0   0.2   209   315   210   338   202   346 0.60 transcript=SCUR1_73750.3 gene=SCUR1_73750
SCUR1_73750.3        -            554 443305at33208        -            419   1.1e-13   50.8   0.7   3   3   0.00029         2    7.2   0.0   328   364   393   429   388   434 0.91 transcript=SCUR1_73750.3 gene=SCUR1_73750
SCUR1_73750.2        -            557 443305at33208        -            419   1.1e-13   50.8   0.7   1   3   1.5e-07     0.001   18.0   0.1   172   208   131   170   121   179 0.84 transcript=SCUR1_73750.2 gene=SCUR1_73750
SCUR1_73750.2        -            557 443305at33208        -            419   1.1e-13   50.8   0.7   2   3   1.9e-08   0.00013   21.0   0.2   209   315   213   341   205   349 0.60 transcript=SCUR1_73750.2 gene=SCUR1_73750
SCUR1_73750.2        -            557 443305at33208        -            419   1.1e-13   50.8   0.7   3   3    0.0003         2    7.2   0.0   328   364   396   432   391   437 0.91 transcript=SCUR1_73750.2 gene=SCUR1_73750
#
# Program:         hmmsearch
# Version:         3.4 (Aug 2023)
# Pipeline mode:   SEARCH
# Query file:      /users/40483456/busco_datasets/busco_downloads/lineages/metazoa_odb10/hmms/443305at33208.hmm
# Target file:     /users/40483456/protein/schistosoma_curassoni.fa
# Option settings: hmmsearch --domtblout /users/40483456/busco/results_pro/schistosoma_curassoni_busco/run_metazoa_odb10/hmmer_output/initial_run_results/443305at33208.out --cpu 1 /users/40483456/busco_datasets/busco_downloads/lineages/metazoa_odb10/hmms/443305at33208.hmm /users/40483456/protein/schistosoma_curassoni.fa 
# Current dir:     /users/40483456
# Date:            Thu Jan 15 17:47:41 2026
# [ok]
