#                                                                            --- full sequence --- -------------- this domain -------------   hmm coord   ali coord   env coord
# target name        accession   tlen query name           accession   qlen   E-value  score  bias   #  of  c-Evalue  i-Evalue  score  bias  from    to  from    to  from    to  acc description of target
#------------------- ---------- ----- -------------------- ---------- ----- --------- ------ ----- --- --- --------- --------- ------ ----- ----- ----- ----- ----- ----- ----- ---- ---------------------
SCUR1_29030.1        -            641 444231at33208        -            132   0.00028   20.9   0.1   1   1   5.7e-07    0.0012   19.0   0.1    21    84   528   603   520   628 0.64 transcript=SCUR1_29030.1 gene=SCUR1_29030
SCUR1_7160.5         -            284 444231at33208        -            132   0.00095   19.2   0.0   1   2   1.5e-06    0.0031   17.6   0.0    14    42   117   145   107   164 0.77 transcript=SCUR1_7160.5 gene=SCUR1_7160
SCUR1_7160.5         -            284 444231at33208        -            132   0.00095   19.2   0.0   2   2       1.6   3.3e+03   -1.9   0.0    70    83   201   214   197   232 0.66 transcript=SCUR1_7160.5 gene=SCUR1_7160
SCUR1_7160.3         -            296 444231at33208        -            132     0.001   19.1   0.0   1   2   1.6e-06    0.0033   17.5   0.0    14    42   132   160   122   179 0.77 transcript=SCUR1_7160.3 gene=SCUR1_7160
SCUR1_7160.3         -            296 444231at33208        -            132     0.001   19.1   0.0   2   2       1.7   3.5e+03   -2.0   0.0    70    83   216   229   212   247 0.66 transcript=SCUR1_7160.3 gene=SCUR1_7160
SCUR1_7160.1         -            299 444231at33208        -            132    0.0011   19.1   0.0   1   2   1.7e-06    0.0034   17.4   0.0    14    42   132   160   122   179 0.77 transcript=SCUR1_7160.1 gene=SCUR1_7160
SCUR1_7160.1         -            299 444231at33208        -            132    0.0011   19.1   0.0   2   2       1.7   3.5e+03   -2.0   0.0    70    83   216   229   212   247 0.66 transcript=SCUR1_7160.1 gene=SCUR1_7160
SCUR1_7160.4         -            350 444231at33208        -            132    0.0014   18.7   0.0   1   2   2.1e-06    0.0042   17.1   0.0    14    42   183   211   173   230 0.77 transcript=SCUR1_7160.4 gene=SCUR1_7160
SCUR1_7160.4         -            350 444231at33208        -            132    0.0014   18.7   0.0   2   2       2.2   4.4e+03   -2.4   0.0    70    83   267   280   263   297 0.66 transcript=SCUR1_7160.4 gene=SCUR1_7160
SCUR1_60220.3        -            334 444231at33208        -            132      0.11   12.6   0.2   1   1    0.0001      0.21   11.7   0.2     3    68    56   125    54   167 0.70 transcript=SCUR1_60220.3 gene=SCUR1_60220
SCUR1_60220.2        -            359 444231at33208        -            132      0.11   12.5   0.2   1   1   0.00011      0.22   11.6   0.2     3    67    56   124    54   167 0.70 transcript=SCUR1_60220.2 gene=SCUR1_60220
SCUR1_60220.4        -            364 444231at33208        -            132      0.12   12.5   0.2   1   1   0.00011      0.23   11.5   0.2     3    67    56   124    54   167 0.70 transcript=SCUR1_60220.4 gene=SCUR1_60220
SCUR1_60220.5        -            364 444231at33208        -            132      0.12   12.5   0.2   1   1   0.00011      0.23   11.5   0.2     3    67    56   124    54   167 0.70 transcript=SCUR1_60220.5 gene=SCUR1_60220
SCUR1_92400.1        -            557 444231at33208        -            132      0.16   12.1   0.0   1   1   0.00017      0.34   10.9   0.0    11    55   239   283   229   303 0.80 transcript=SCUR1_92400.1 gene=SCUR1_92400
#
# Program:         hmmsearch
# Version:         3.4 (Aug 2023)
# Pipeline mode:   SEARCH
# Query file:      /users/40483456/busco_datasets/busco_downloads/lineages/metazoa_odb10/hmms/444231at33208.hmm
# Target file:     /users/40483456/protein/schistosoma_curassoni.fa
# Option settings: hmmsearch --domtblout /users/40483456/busco/results_pro/schistosoma_curassoni_busco/run_metazoa_odb10/hmmer_output/initial_run_results/444231at33208.out --cpu 1 /users/40483456/busco_datasets/busco_downloads/lineages/metazoa_odb10/hmms/444231at33208.hmm /users/40483456/protein/schistosoma_curassoni.fa 
# Current dir:     /users/40483456
# Date:            Thu Jan 15 17:47:25 2026
# [ok]
