#                                                                            --- full sequence --- -------------- this domain -------------   hmm coord   ali coord   env coord
# target name        accession   tlen query name           accession   qlen   E-value  score  bias   #  of  c-Evalue  i-Evalue  score  bias  from    to  from    to  from    to  acc description of target
#------------------- ---------- ----- -------------------- ---------- ----- --------- ------ ----- --- --- --------- --------- ------ ----- ----- ----- ----- ----- ----- ----- ---- ---------------------
SCUR1_55100.1        -            364 474302at33208        -            276   1.4e-10   41.0   0.4   1   2   1.1e-10   1.8e-07   30.8   0.0     3    63     2    65     1   213 0.87 transcript=SCUR1_55100.1 gene=SCUR1_55100
SCUR1_55100.1        -            364 474302at33208        -            276   1.4e-10   41.0   0.4   2   2      0.09   1.4e+02    1.7   0.1   242   275   275   312   253   319 0.56 transcript=SCUR1_55100.1 gene=SCUR1_55100
SCUR1_55100.2        -            364 474302at33208        -            276   1.4e-10   41.0   0.4   1   2   1.1e-10   1.8e-07   30.8   0.0     3    63     2    65     1   213 0.87 transcript=SCUR1_55100.2 gene=SCUR1_55100
SCUR1_55100.2        -            364 474302at33208        -            276   1.4e-10   41.0   0.4   2   2      0.09   1.4e+02    1.7   0.1   242   275   275   312   253   319 0.56 transcript=SCUR1_55100.2 gene=SCUR1_55100
SCUR1_55100.3        -            364 474302at33208        -            276   1.4e-10   41.0   0.4   1   2   1.1e-10   1.8e-07   30.8   0.0     3    63     2    65     1   213 0.87 transcript=SCUR1_55100.3 gene=SCUR1_55100
SCUR1_55100.3        -            364 474302at33208        -            276   1.4e-10   41.0   0.4   2   2      0.09   1.4e+02    1.7   0.1   242   275   275   312   253   319 0.56 transcript=SCUR1_55100.3 gene=SCUR1_55100
SCUR1_55100.4        -            364 474302at33208        -            276   1.4e-10   41.0   0.4   1   2   1.1e-10   1.8e-07   30.8   0.0     3    63     2    65     1   213 0.87 transcript=SCUR1_55100.4 gene=SCUR1_55100
SCUR1_55100.4        -            364 474302at33208        -            276   1.4e-10   41.0   0.4   2   2      0.09   1.4e+02    1.7   0.1   242   275   275   312   253   319 0.56 transcript=SCUR1_55100.4 gene=SCUR1_55100
SCUR1_66850.1        -            362 474302at33208        -            276   6.4e-09   35.6   2.6   1   3   2.1e-08   3.3e-05   23.4   0.1     3    54     2    56     1   129 0.90 transcript=SCUR1_66850.1 gene=SCUR1_66850
SCUR1_66850.1        -            362 474302at33208        -            276   6.4e-09   35.6   2.6   2   3     0.018        27    4.0   0.0   151   193   164   206   149   210 0.84 transcript=SCUR1_66850.1 gene=SCUR1_66850
SCUR1_66850.1        -            362 474302at33208        -            276   6.4e-09   35.6   2.6   3   3    0.0033       5.2    6.4   0.2   228   267   270   310   256   316 0.83 transcript=SCUR1_66850.1 gene=SCUR1_66850
SCUR1_6510.1         -            408 474302at33208        -            276   5.2e-05   22.8  10.1   1   3       0.2   3.1e+02    0.5   0.0     3    55     2    57     1    71 0.80 transcript=SCUR1_6510.1 gene=SCUR1_6510
SCUR1_6510.1         -            408 474302at33208        -            276   5.2e-05   22.8  10.1   2   3   0.00051      0.79    9.0   0.2    73   178    94   215    75   223 0.66 transcript=SCUR1_6510.1 gene=SCUR1_6510
SCUR1_6510.1         -            408 474302at33208        -            276   5.2e-05   22.8  10.1   3   3   4.5e-06    0.0069   15.8   3.0   221   269   312   366   304   382 0.70 transcript=SCUR1_6510.1 gene=SCUR1_6510
SCUR1_39850.1        -            461 474302at33208        -            276    0.0017   17.8   0.2   1   2   3.3e-05     0.051   13.0   0.0     3    49    16    68    14    96 0.87 transcript=SCUR1_39850.1 gene=SCUR1_39850
SCUR1_39850.1        -            461 474302at33208        -            276    0.0017   17.8   0.2   2   2     0.049        77    2.5   0.1   226   265   339   379   293   383 0.61 transcript=SCUR1_39850.1 gene=SCUR1_39850
SCUR1_39850.2        -            461 474302at33208        -            276    0.0017   17.8   0.2   1   2   3.3e-05     0.051   13.0   0.0     3    49    16    68    14    96 0.87 transcript=SCUR1_39850.2 gene=SCUR1_39850
SCUR1_39850.2        -            461 474302at33208        -            276    0.0017   17.8   0.2   2   2     0.049        77    2.5   0.1   226   265   339   379   293   383 0.61 transcript=SCUR1_39850.2 gene=SCUR1_39850
SCUR1_39850.3        -            461 474302at33208        -            276    0.0017   17.8   0.2   1   2   3.3e-05     0.051   13.0   0.0     3    49    16    68    14    96 0.87 transcript=SCUR1_39850.3 gene=SCUR1_39850
SCUR1_39850.3        -            461 474302at33208        -            276    0.0017   17.8   0.2   2   2     0.049        77    2.5   0.1   226   265   339   379   293   383 0.61 transcript=SCUR1_39850.3 gene=SCUR1_39850
SCUR1_36050.3        -            756 474302at33208        -            276    0.0022   17.4   0.1   1   3   1.4e-05     0.021   14.2   0.0    15    54    38    77    21    93 0.82 transcript=SCUR1_36050.3 gene=SCUR1_36050
SCUR1_36050.3        -            756 474302at33208        -            276    0.0022   17.4   0.1   2   3      0.55   8.6e+02   -0.9   0.0    81   104   127   150   116   169 0.80 transcript=SCUR1_36050.3 gene=SCUR1_36050
SCUR1_36050.3        -            756 474302at33208        -            276    0.0022   17.4   0.1   3   3         1   1.6e+03   -1.8   0.0   184   254   162   228   151   236 0.69 transcript=SCUR1_36050.3 gene=SCUR1_36050
SCUR1_36050.4        -            756 474302at33208        -            276    0.0022   17.4   0.1   1   3   1.4e-05     0.021   14.2   0.0    15    54    38    77    21    93 0.82 transcript=SCUR1_36050.4 gene=SCUR1_36050
SCUR1_36050.4        -            756 474302at33208        -            276    0.0022   17.4   0.1   2   3      0.55   8.6e+02   -0.9   0.0    81   104   127   150   116   169 0.80 transcript=SCUR1_36050.4 gene=SCUR1_36050
SCUR1_36050.4        -            756 474302at33208        -            276    0.0022   17.4   0.1   3   3         1   1.6e+03   -1.8   0.0   184   254   162   228   151   236 0.69 transcript=SCUR1_36050.4 gene=SCUR1_36050
SCUR1_36050.1        -            766 474302at33208        -            276    0.0022   17.4   0.1   1   3   1.4e-05     0.022   14.2   0.0    15    54    48    87    31   103 0.82 transcript=SCUR1_36050.1 gene=SCUR1_36050
SCUR1_36050.1        -            766 474302at33208        -            276    0.0022   17.4   0.1   2   3      0.53   8.3e+02   -0.9   0.0    81   104   137   160   128   181 0.78 transcript=SCUR1_36050.1 gene=SCUR1_36050
SCUR1_36050.1        -            766 474302at33208        -            276    0.0022   17.4   0.1   3   3         1   1.6e+03   -1.8   0.0   184   254   172   238   160   246 0.70 transcript=SCUR1_36050.1 gene=SCUR1_36050
SCUR1_36050.2        -            766 474302at33208        -            276    0.0022   17.4   0.1   1   3   1.4e-05     0.022   14.2   0.0    15    54    48    87    31   103 0.82 transcript=SCUR1_36050.2 gene=SCUR1_36050
SCUR1_36050.2        -            766 474302at33208        -            276    0.0022   17.4   0.1   2   3      0.53   8.3e+02   -0.9   0.0    81   104   137   160   128   181 0.78 transcript=SCUR1_36050.2 gene=SCUR1_36050
SCUR1_36050.2        -            766 474302at33208        -            276    0.0022   17.4   0.1   3   3         1   1.6e+03   -1.8   0.0   184   254   172   238   160   246 0.70 transcript=SCUR1_36050.2 gene=SCUR1_36050
#
# Program:         hmmsearch
# Version:         3.4 (Aug 2023)
# Pipeline mode:   SEARCH
# Query file:      /users/40483456/busco_datasets/busco_downloads/lineages/metazoa_odb10/hmms/474302at33208.hmm
# Target file:     /users/40483456/protein/schistosoma_curassoni.fa
# Option settings: hmmsearch --domtblout /users/40483456/busco/results_pro/schistosoma_curassoni_busco/run_metazoa_odb10/hmmer_output/initial_run_results/474302at33208.out --cpu 1 /users/40483456/busco_datasets/busco_downloads/lineages/metazoa_odb10/hmms/474302at33208.hmm /users/40483456/protein/schistosoma_curassoni.fa 
# Current dir:     /users/40483456
# Date:            Thu Jan 15 17:47:40 2026
# [ok]
