#                                                                            --- full sequence --- -------------- this domain -------------   hmm coord   ali coord   env coord
# target name        accession   tlen query name           accession   qlen   E-value  score  bias   #  of  c-Evalue  i-Evalue  score  bias  from    to  from    to  from    to  acc description of target
#------------------- ---------- ----- -------------------- ---------- ----- --------- ------ ----- --- --- --------- --------- ------ ----- ----- ----- ----- ----- ----- ----- ---- ---------------------
SCUR1_8860.2         -            429 483489at33208        -            285   6.9e-56  189.6   7.7   1   4     6e-35   4.1e-31  108.4   0.1    11   127     4   135     1   169 0.83 transcript=SCUR1_8860.2 gene=SCUR1_8860
SCUR1_8860.2         -            429 483489at33208        -            285   6.9e-56  189.6   7.7   2   4   2.2e-12   1.5e-08   34.3   0.1   127   177   169   220   159   228 0.85 transcript=SCUR1_8860.2 gene=SCUR1_8860
SCUR1_8860.2         -            429 483489at33208        -            285   6.9e-56  189.6   7.7   3   4   4.5e-16     3e-12   46.5   0.2   179   257   243   323   234   337 0.83 transcript=SCUR1_8860.2 gene=SCUR1_8860
SCUR1_8860.2         -            429 483489at33208        -            285   6.9e-56  189.6   7.7   4   4     0.059     4e+02    0.1   0.0   257   277   374   394   358   398 0.83 transcript=SCUR1_8860.2 gene=SCUR1_8860
SCUR1_8860.3         -            429 483489at33208        -            285   6.9e-56  189.6   7.7   1   4     6e-35   4.1e-31  108.4   0.1    11   127     4   135     1   169 0.83 transcript=SCUR1_8860.3 gene=SCUR1_8860
SCUR1_8860.3         -            429 483489at33208        -            285   6.9e-56  189.6   7.7   2   4   2.2e-12   1.5e-08   34.3   0.1   127   177   169   220   159   228 0.85 transcript=SCUR1_8860.3 gene=SCUR1_8860
SCUR1_8860.3         -            429 483489at33208        -            285   6.9e-56  189.6   7.7   3   4   4.5e-16     3e-12   46.5   0.2   179   257   243   323   234   337 0.83 transcript=SCUR1_8860.3 gene=SCUR1_8860
SCUR1_8860.3         -            429 483489at33208        -            285   6.9e-56  189.6   7.7   4   4     0.059     4e+02    0.1   0.0   257   277   374   394   358   398 0.83 transcript=SCUR1_8860.3 gene=SCUR1_8860
SCUR1_8860.1         -            302 483489at33208        -            285   1.5e-50  172.2   6.1   1   3   2.7e-35   1.8e-31  109.5   0.1    11   127     4   135     1   169 0.83 transcript=SCUR1_8860.1 gene=SCUR1_8860
SCUR1_8860.1         -            302 483489at33208        -            285   1.5e-50  172.2   6.1   2   3   1.2e-12   7.9e-09   35.2   0.1   124   177   166   220   152   228 0.85 transcript=SCUR1_8860.1 gene=SCUR1_8860
SCUR1_8860.1         -            302 483489at33208        -            285   1.5e-50  172.2   6.1   3   3   2.5e-10   1.7e-06   27.6   0.3   179   218   243   282   234   298 0.83 transcript=SCUR1_8860.1 gene=SCUR1_8860
#
# Program:         hmmsearch
# Version:         3.4 (Aug 2023)
# Pipeline mode:   SEARCH
# Query file:      /users/40483456/busco_datasets/busco_downloads/lineages/metazoa_odb10/hmms/483489at33208.hmm
# Target file:     /users/40483456/protein/schistosoma_curassoni.fa
# Option settings: hmmsearch --domtblout /users/40483456/busco/results_pro/schistosoma_curassoni_busco/run_metazoa_odb10/hmmer_output/initial_run_results/483489at33208.out --cpu 1 /users/40483456/busco_datasets/busco_downloads/lineages/metazoa_odb10/hmms/483489at33208.hmm /users/40483456/protein/schistosoma_curassoni.fa 
# Current dir:     /users/40483456
# Date:            Thu Jan 15 17:47:46 2026
# [ok]
