#                                                                            --- full sequence --- -------------- this domain -------------   hmm coord   ali coord   env coord
# target name        accession   tlen query name           accession   qlen   E-value  score  bias   #  of  c-Evalue  i-Evalue  score  bias  from    to  from    to  from    to  acc description of target
#------------------- ---------- ----- -------------------- ---------- ----- --------- ------ ----- --- --- --------- --------- ------ ----- ----- ----- ----- ----- ----- ----- ---- ---------------------
SCUR1_81290.2        -            336 488635at33208        -            241   1.9e-36  126.0   3.8   1   2   5.7e-36   2.3e-32  112.7   1.4     1   195    17   249    17   258 0.81 transcript=SCUR1_81290.2 gene=SCUR1_81290
SCUR1_81290.2        -            336 488635at33208        -            241   1.9e-36  126.0   3.8   2   2   9.1e-06     0.037   13.8   0.2   165   240   249   324   240   325 0.84 transcript=SCUR1_81290.2 gene=SCUR1_81290
SCUR1_81290.1        -            340 488635at33208        -            241   2.1e-36  126.0   3.8   1   2   5.9e-36   2.4e-32  112.7   1.4     1   195    21   253    21   262 0.81 transcript=SCUR1_81290.1 gene=SCUR1_81290
SCUR1_81290.1        -            340 488635at33208        -            241   2.1e-36  126.0   3.8   2   2   9.4e-06     0.038   13.8   0.2   165   240   253   328   244   329 0.84 transcript=SCUR1_81290.1 gene=SCUR1_81290
SCUR1_38310.10       -            861 488635at33208        -            241      0.12   12.2   0.1   1   1   4.7e-05      0.19   11.5   0.1   131   199   714   786   706   818 0.84 transcript=SCUR1_38310.10 gene=SCUR1_38310
SCUR1_38310.9        -            933 488635at33208        -            241      0.13   12.0   0.1   1   1   5.3e-05      0.21   11.3   0.1   131   199   767   839   759   871 0.84 transcript=SCUR1_38310.9 gene=SCUR1_38310
SCUR1_38310.8        -            960 488635at33208        -            241      0.13   12.0   0.1   1   1   5.5e-05      0.22   11.3   0.1   131   199   794   866   786   898 0.84 transcript=SCUR1_38310.8 gene=SCUR1_38310
#
# Program:         hmmsearch
# Version:         3.4 (Aug 2023)
# Pipeline mode:   SEARCH
# Query file:      /users/40483456/busco_datasets/busco_downloads/lineages/metazoa_odb10/hmms/488635at33208.hmm
# Target file:     /users/40483456/protein/schistosoma_curassoni.fa
# Option settings: hmmsearch --domtblout /users/40483456/busco/results_pro/schistosoma_curassoni_busco/run_metazoa_odb10/hmmer_output/initial_run_results/488635at33208.out --cpu 1 /users/40483456/busco_datasets/busco_downloads/lineages/metazoa_odb10/hmms/488635at33208.hmm /users/40483456/protein/schistosoma_curassoni.fa 
# Current dir:     /users/40483456
# Date:            Thu Jan 15 17:47:39 2026
# [ok]
