#                                                                            --- full sequence --- -------------- this domain -------------   hmm coord   ali coord   env coord
# target name        accession   tlen query name           accession   qlen   E-value  score  bias   #  of  c-Evalue  i-Evalue  score  bias  from    to  from    to  from    to  acc description of target
#------------------- ---------- ----- -------------------- ---------- ----- --------- ------ ----- --- --- --------- --------- ------ ----- ----- ----- ----- ----- ----- ----- ---- ---------------------
SCUR1_48660.1        -            595 495100at33208        -            231  8.4e-102  339.4   0.0   1   1  4.1e-104  1.3e-101  338.8   0.0    10   230   184   410   178   411 0.96 transcript=SCUR1_48660.1 gene=SCUR1_48660
SCUR1_14510.1        -            804 495100at33208        -            231   1.3e-31  109.8   0.0   1   2   2.2e-14   6.9e-12   45.2   0.0    67   216   236   373   229   386 0.86 transcript=SCUR1_14510.1 gene=SCUR1_14510
SCUR1_14510.1        -            804 495100at33208        -            231   1.3e-31  109.8   0.0   2   2   2.2e-19   6.9e-17   61.6   0.0    67   225   509   658   499   661 0.87 transcript=SCUR1_14510.1 gene=SCUR1_14510
SCUR1_12710.1        -            433 495100at33208        -            231     4e-20   72.2   0.0   1   1   2.7e-22   8.3e-20   71.1   0.0    68   227   157   304   153   308 0.88 transcript=SCUR1_12710.1 gene=SCUR1_12710
SCUR1_92900.4        -            640 495100at33208        -            231   4.3e-19   68.8   0.0   1   2   5.3e-19   1.6e-16   60.3   0.0    67   223   151   306   139   314 0.85 transcript=SCUR1_92900.4 gene=SCUR1_92900
SCUR1_92900.4        -            640 495100at33208        -            231   4.3e-19   68.8   0.0   2   2     0.033        10    5.4   0.0    69   121   438   493   427   558 0.72 transcript=SCUR1_92900.4 gene=SCUR1_92900
SCUR1_92900.5        -            640 495100at33208        -            231   4.3e-19   68.8   0.0   1   2   5.3e-19   1.6e-16   60.3   0.0    67   223   151   306   139   314 0.85 transcript=SCUR1_92900.5 gene=SCUR1_92900
SCUR1_92900.5        -            640 495100at33208        -            231   4.3e-19   68.8   0.0   2   2     0.033        10    5.4   0.0    69   121   438   493   427   558 0.72 transcript=SCUR1_92900.5 gene=SCUR1_92900
SCUR1_92900.3        -            735 495100at33208        -            231   6.6e-19   68.2   0.0   1   2   6.7e-19   2.1e-16   60.0   0.0    67   223   253   408   241   416 0.85 transcript=SCUR1_92900.3 gene=SCUR1_92900
SCUR1_92900.3        -            735 495100at33208        -            231   6.6e-19   68.2   0.0   2   2     0.042        13    5.0   0.0    69   121   540   595   531   657 0.72 transcript=SCUR1_92900.3 gene=SCUR1_92900
SCUR1_92900.2        -            728 495100at33208        -            231   6.7e-19   68.2   0.0   1   2   6.6e-19   2.1e-16   60.0   0.0    67   223   239   394   227   402 0.85 transcript=SCUR1_92900.2 gene=SCUR1_92900
SCUR1_92900.2        -            728 495100at33208        -            231   6.7e-19   68.2   0.0   2   2     0.041        13    5.1   0.0    69   121   526   581   517   643 0.72 transcript=SCUR1_92900.2 gene=SCUR1_92900
SCUR1_92900.1        -            742 495100at33208        -            231   7.1e-19   68.1   0.0   1   2   6.8e-19   2.1e-16   60.0   0.0    67   223   253   408   241   416 0.85 transcript=SCUR1_92900.1 gene=SCUR1_92900
SCUR1_92900.1        -            742 495100at33208        -            231   7.1e-19   68.1   0.0   2   2     0.042        13    5.0   0.0    69   121   540   595   531   657 0.72 transcript=SCUR1_92900.1 gene=SCUR1_92900
SCUR1_65360.14       -            473 495100at33208        -            231   1.1e-15   57.6   0.0   1   1   6.9e-18   2.2e-15   56.7   0.0    69   226   308   453   305   458 0.88 transcript=SCUR1_65360.14 gene=SCUR1_65360
SCUR1_65360.12       -            507 495100at33208        -            231   1.3e-15   57.4   0.0   1   1   7.9e-18   2.5e-15   56.5   0.0    69   226   308   453   305   458 0.88 transcript=SCUR1_65360.12 gene=SCUR1_65360
SCUR1_65360.13       -            518 495100at33208        -            231   1.3e-15   57.3   0.0   1   1   8.3e-18   2.6e-15   56.4   0.0    69   226   308   453   305   458 0.88 transcript=SCUR1_65360.13 gene=SCUR1_65360
SCUR1_65360.10       -            523 495100at33208        -            231   1.4e-15   57.3   0.0   1   1   8.4e-18   2.6e-15   56.4   0.0    69   226   324   469   321   474 0.88 transcript=SCUR1_65360.10 gene=SCUR1_65360
SCUR1_65360.8        -            534 495100at33208        -            231   1.4e-15   57.3   0.0   1   1   8.7e-18   2.7e-15   56.3   0.0    69   226   324   469   321   474 0.88 transcript=SCUR1_65360.8 gene=SCUR1_65360
SCUR1_65360.11       -            546 495100at33208        -            231   1.5e-15   57.2   0.0   1   1   9.1e-18   2.8e-15   56.3   0.0    69   226   308   453   305   458 0.88 transcript=SCUR1_65360.11 gene=SCUR1_65360
SCUR1_65360.7        -            562 495100at33208        -            231   1.6e-15   57.1   0.0   1   1   9.6e-18     3e-15   56.2   0.0    69   226   324   469   321   474 0.88 transcript=SCUR1_65360.7 gene=SCUR1_65360
SCUR1_33390.1        -            524 495100at33208        -            231   6.4e-15   55.1   0.0   1   1   4.4e-17   1.4e-14   54.1   0.0    69   225   277   428   272   432 0.82 transcript=SCUR1_33390.1 gene=SCUR1_33390
SCUR1_92660.1        -            508 495100at33208        -            231   9.2e-13   48.1   0.0   1   2   3.1e-09   9.7e-07   28.4   0.0    66   156   310   386   287   395 0.83 transcript=SCUR1_92660.1 gene=SCUR1_92660
SCUR1_92660.1        -            508 495100at33208        -            231   9.2e-13   48.1   0.0   2   2   7.8e-06    0.0024   17.2   0.0   157   225   404   473   396   477 0.89 transcript=SCUR1_92660.1 gene=SCUR1_92660
SCUR1_73050.1        -            430 495100at33208        -            231   1.1e-12   47.8   0.0   1   1   6.2e-15   1.9e-12   47.0   0.0    63   221   204   353   178   362 0.82 transcript=SCUR1_73050.1 gene=SCUR1_73050
SCUR1_92660.3        -            564 495100at33208        -            231   1.2e-12   47.7   0.0   1   1   1.3e-13   3.9e-11   42.7   0.0    67   225   297   459   288   463 0.80 transcript=SCUR1_92660.3 gene=SCUR1_92660
SCUR1_92660.2        -            578 495100at33208        -            231   1.3e-12   47.6   0.0   1   1   1.3e-13     4e-11   42.7   0.0    67   225   311   473   301   477 0.80 transcript=SCUR1_92660.2 gene=SCUR1_92660
SCUR1_19770.1        -            395 495100at33208        -            231   3.8e-11   42.8   0.0   1   1   2.4e-13   7.5e-11   41.8   0.0    69   221   176   319   167   328 0.83 transcript=SCUR1_19770.1 gene=SCUR1_19770
SCUR1_41250.1        -            415 495100at33208        -            231   4.9e-11   42.4   0.0   1   2     5e-13   1.5e-10   40.8   0.0    67   213   197   332   187   352 0.80 transcript=SCUR1_41250.1 gene=SCUR1_41250
SCUR1_41250.1        -            415 495100at33208        -            231   4.9e-11   42.4   0.0   2   2         5   1.6e+03   -1.8   0.0   191   222   345   374   335   381 0.69 transcript=SCUR1_41250.1 gene=SCUR1_41250
SCUR1_65360.2        -            443 495100at33208        -            231   7.1e-11   41.9   0.0   1   1   4.7e-13   1.5e-10   40.9   0.0    69   175   324   416   321   438 0.84 transcript=SCUR1_65360.2 gene=SCUR1_65360
SCUR1_65360.1        -            424 495100at33208        -            231   1.4e-10   40.9   0.0   1   1   9.6e-13     3e-10   39.9   0.0    69   174   324   415   321   419 0.87 transcript=SCUR1_65360.1 gene=SCUR1_65360
SCUR1_65360.9        -            424 495100at33208        -            231   1.4e-10   40.9   0.0   1   1   9.6e-13     3e-10   39.9   0.0    69   174   324   415   321   419 0.87 transcript=SCUR1_65360.9 gene=SCUR1_65360
SCUR1_51540.1        -            877 495100at33208        -            231   2.3e-10   40.2   0.0   1   2      0.62   1.9e+02    1.2   0.0    68    90   265   287   237   318 0.68 transcript=SCUR1_51540.1 gene=SCUR1_51540
SCUR1_51540.1        -            877 495100at33208        -            231   2.3e-10   40.2   0.0   2   2   2.5e-11   7.9e-09   35.2   0.0    66   222   606   751   584   758 0.86 transcript=SCUR1_51540.1 gene=SCUR1_51540
SCUR1_36810.3        -            407 495100at33208        -            231   3.8e-10   39.5   0.0   1   2       9.1   2.8e+03   -2.6   0.0   138   179   124   166   118   173 0.75 transcript=SCUR1_36810.3 gene=SCUR1_36810
SCUR1_36810.3        -            407 495100at33208        -            231   3.8e-10   39.5   0.0   2   2   3.8e-12   1.2e-09   37.9   0.0    67   221   187   332   176   342 0.78 transcript=SCUR1_36810.3 gene=SCUR1_36810
SCUR1_36810.2        -            411 495100at33208        -            231   3.9e-10   39.5   0.0   1   2       9.2   2.9e+03   -2.6   0.0   138   179   128   170   122   177 0.75 transcript=SCUR1_36810.2 gene=SCUR1_36810
SCUR1_36810.2        -            411 495100at33208        -            231   3.9e-10   39.5   0.0   2   2   3.8e-12   1.2e-09   37.9   0.0    67   221   191   336   180   346 0.78 transcript=SCUR1_36810.2 gene=SCUR1_36810
SCUR1_36810.1        -            436 495100at33208        -            231   4.7e-10   39.2   0.0   1   1   4.4e-12   1.4e-09   37.7   0.0    67   221   216   361   206   371 0.78 transcript=SCUR1_36810.1 gene=SCUR1_36810
SCUR1_17530.1        -           1442 495100at33208        -            231   1.1e-09   38.0   0.0   1   1   8.5e-12   2.6e-09   36.8   0.0    57   225  1199  1355  1141  1358 0.78 transcript=SCUR1_17530.1 gene=SCUR1_17530
SCUR1_30360.3        -            643 495100at33208        -            231   2.2e-09   37.0   0.0   1   2       0.6   1.9e+02    1.3   0.0    69    92   114   137   110   142 0.83 transcript=SCUR1_30360.3 gene=SCUR1_30360
SCUR1_30360.3        -            643 495100at33208        -            231   2.2e-09   37.0   0.0   2   2     2e-10   6.3e-08   32.3   0.0    69   214   430   566   406   581 0.83 transcript=SCUR1_30360.3 gene=SCUR1_30360
SCUR1_7970.1         -            733 495100at33208        -            231   2.4e-09   36.9   0.0   1   1   9.7e-11     3e-08   33.3   0.0    69   225   291   437   285   443 0.80 transcript=SCUR1_7970.1 gene=SCUR1_7970
SCUR1_30360.1        -            693 495100at33208        -            231   2.7e-09   36.7   0.0   1   2      0.65     2e+02    1.1   0.0    69    92   164   187   160   192 0.83 transcript=SCUR1_30360.1 gene=SCUR1_30360
SCUR1_30360.1        -            693 495100at33208        -            231   2.7e-09   36.7   0.0   2   2   2.3e-10   7.1e-08   32.1   0.0    69   214   480   616   456   631 0.83 transcript=SCUR1_30360.1 gene=SCUR1_30360
SCUR1_30360.2        -            693 495100at33208        -            231   2.7e-09   36.7   0.0   1   2      0.65     2e+02    1.1   0.0    69    92   164   187   160   192 0.83 transcript=SCUR1_30360.2 gene=SCUR1_30360
SCUR1_30360.2        -            693 495100at33208        -            231   2.7e-09   36.7   0.0   2   2   2.3e-10   7.1e-08   32.1   0.0    69   214   480   616   456   631 0.83 transcript=SCUR1_30360.2 gene=SCUR1_30360
SCUR1_85320.2        -           1621 495100at33208        -            231   2.7e-09   36.7   0.0   1   1   2.9e-11   9.1e-09   35.0   0.0    67   200   418   557   407   585 0.74 transcript=SCUR1_85320.2 gene=SCUR1_85320
SCUR1_77140.1        -            428 495100at33208        -            231   2.9e-09   36.6   0.0   1   1   2.3e-11   7.3e-09   35.3   0.0    67   221   210   355   202   364 0.82 transcript=SCUR1_77140.1 gene=SCUR1_77140
SCUR1_30990.2        -            378 495100at33208        -            231   3.4e-09   36.4   0.0   1   1   2.1e-11   6.7e-09   35.4   0.0    45   222   134   301   125   309 0.79 transcript=SCUR1_30990.2 gene=SCUR1_30990
SCUR1_79070.1        -            624 495100at33208        -            231   3.4e-09   36.4   0.0   1   2    0.0019      0.61    9.4   0.0    67    88   198   219   185   230 0.87 transcript=SCUR1_79070.1 gene=SCUR1_79070
SCUR1_79070.1        -            624 495100at33208        -            231   3.4e-09   36.4   0.0   2   2   4.8e-08   1.5e-05   24.5   0.0   136   221   253   341   232   350 0.79 transcript=SCUR1_79070.1 gene=SCUR1_79070
SCUR1_60960.1        -            746 495100at33208        -            231   3.8e-09   36.2   0.0   1   3   0.00014     0.044   13.1   0.0    69    92   318   341   312   355 0.86 transcript=SCUR1_60960.1 gene=SCUR1_60960
SCUR1_60960.1        -            746 495100at33208        -            231   3.8e-09   36.2   0.0   2   3   1.5e-05    0.0048   16.3   0.0   139   224   374   468   362   474 0.78 transcript=SCUR1_60960.1 gene=SCUR1_60960
SCUR1_60960.1        -            746 495100at33208        -            231   3.8e-09   36.2   0.0   3   3      0.34     1e+02    2.1   0.0   100   134   681   715   674   728 0.82 transcript=SCUR1_60960.1 gene=SCUR1_60960
SCUR1_30990.1        -            433 495100at33208        -            231   4.6e-09   36.0   0.0   1   1   3.1e-11   9.6e-09   34.9   0.0    46   222   190   356   181   364 0.79 transcript=SCUR1_30990.1 gene=SCUR1_30990
SCUR1_34500.1        -            500 495100at33208        -            231   3.9e-06   26.4   0.0   1   2   0.00038      0.12   11.7   0.0    67    89   260   282   249   289 0.89 transcript=SCUR1_34500.1 gene=SCUR1_34500
SCUR1_34500.1        -            500 495100at33208        -            231   3.9e-06   26.4   0.0   2   2   0.00024     0.075   12.4   0.0   128   208   307   387   299   401 0.82 transcript=SCUR1_34500.1 gene=SCUR1_34500
SCUR1_34450.1        -            443 495100at33208        -            231   0.00013   21.4   0.1   1   2   9.7e-05      0.03   13.7   0.0    65    91   237   263   222   277 0.85 transcript=SCUR1_34450.1 gene=SCUR1_34450
SCUR1_34450.1        -            443 495100at33208        -            231   0.00013   21.4   0.1   2   2     0.044        14    5.0   0.1   167   221   327   383   276   389 0.72 transcript=SCUR1_34450.1 gene=SCUR1_34450
SCUR1_94690.3        -            861 495100at33208        -            231   0.00014   21.3   0.0   1   1   1.1e-06   0.00034   20.0   0.0    67   209   378   520   371   538 0.73 transcript=SCUR1_94690.3 gene=SCUR1_94690
SCUR1_94690.2        -           1038 495100at33208        -            231   0.00019   20.8   0.0   1   1   1.4e-06   0.00043   19.7   0.0    67   210   555   698   547   716 0.73 transcript=SCUR1_94690.2 gene=SCUR1_94690
SCUR1_94690.1        -           1039 495100at33208        -            231   0.00019   20.8   0.0   1   1   1.4e-06   0.00043   19.7   0.0    67   210   555   698   547   716 0.73 transcript=SCUR1_94690.1 gene=SCUR1_94690
SCUR1_96920.1        -            705 495100at33208        -            231   0.00022   20.6   0.3   1   3      0.19        59    2.9   0.0    73    93    19    39    17    55 0.88 transcript=SCUR1_96920.1 gene=SCUR1_96920
SCUR1_96920.1        -            705 495100at33208        -            231   0.00022   20.6   0.3   2   3     0.025       7.7    5.8   0.0    68    94   295   321   263   364 0.81 transcript=SCUR1_96920.1 gene=SCUR1_96920
SCUR1_96920.1        -            705 495100at33208        -            231   0.00022   20.6   0.3   3   3    0.0068       2.1    7.6   0.0    28    93   599   665   593   675 0.83 transcript=SCUR1_96920.1 gene=SCUR1_96920
SCUR1_85320.1        -           1155 495100at33208        -            231   0.00031   20.1   0.0   1   1   2.5e-06   0.00077   18.9   0.0   112   200     8    91     4   119 0.83 transcript=SCUR1_85320.1 gene=SCUR1_85320
SCUR1_20540.1        -            362 495100at33208        -            231    0.0022   17.4   0.0   1   1   1.5e-05    0.0047   16.3   0.0    69    90    61    82    48    96 0.90 transcript=SCUR1_20540.1 gene=SCUR1_20540
SCUR1_20540.2        -            362 495100at33208        -            231    0.0022   17.4   0.0   1   1   1.5e-05    0.0047   16.3   0.0    69    90    61    82    48    96 0.90 transcript=SCUR1_20540.2 gene=SCUR1_20540
SCUR1_20540.3        -            362 495100at33208        -            231    0.0022   17.4   0.0   1   1   1.5e-05    0.0047   16.3   0.0    69    90    61    82    48    96 0.90 transcript=SCUR1_20540.3 gene=SCUR1_20540
SCUR1_20540.4        -            362 495100at33208        -            231    0.0022   17.4   0.0   1   1   1.5e-05    0.0047   16.3   0.0    69    90    61    82    48    96 0.90 transcript=SCUR1_20540.4 gene=SCUR1_20540
SCUR1_73670.4        -            349 495100at33208        -            231    0.0035   16.7   0.0   1   1   2.2e-05    0.0068   15.8   0.0    66    91    63    88    54    92 0.90 transcript=SCUR1_73670.4 gene=SCUR1_73670
SCUR1_34500.2        -            387 495100at33208        -            231    0.0042   16.5   0.0   1   2   0.00028     0.086   12.2   0.0    67    89   260   282   249   289 0.89 transcript=SCUR1_34500.2 gene=SCUR1_34500
SCUR1_34500.2        -            387 495100at33208        -            231    0.0042   16.5   0.0   2   2      0.37   1.1e+02    1.9   0.0   128   172   307   352   299   362 0.84 transcript=SCUR1_34500.2 gene=SCUR1_34500
SCUR1_34500.3        -            387 495100at33208        -            231    0.0042   16.5   0.0   1   2   0.00028     0.086   12.2   0.0    67    89   260   282   249   289 0.89 transcript=SCUR1_34500.3 gene=SCUR1_34500
SCUR1_34500.3        -            387 495100at33208        -            231    0.0042   16.5   0.0   2   2      0.37   1.1e+02    1.9   0.0   128   172   307   352   299   362 0.84 transcript=SCUR1_34500.3 gene=SCUR1_34500
SCUR1_73670.3        -            402 495100at33208        -            231    0.0044   16.4   0.0   1   1     3e-05    0.0094   15.3   0.0    67    91    10    34     6    38 0.90 transcript=SCUR1_73670.3 gene=SCUR1_73670
SCUR1_73670.2        -            456 495100at33208        -            231    0.0047   16.3   0.0   1   1     3e-05    0.0095   15.3   0.0    66    91    63    88    54    92 0.90 transcript=SCUR1_73670.2 gene=SCUR1_73670
SCUR1_73670.1        -            449 495100at33208        -            231    0.0047   16.3   0.0   1   1     3e-05    0.0093   15.3   0.0    66    91    63    88    54    92 0.90 transcript=SCUR1_73670.1 gene=SCUR1_73670
SCUR1_30360.5        -            560 495100at33208        -            231    0.0056   16.1   0.1   1   2      0.49   1.5e+02    1.5   0.0    69    92   164   187   160   193 0.83 transcript=SCUR1_30360.5 gene=SCUR1_30360
SCUR1_30360.5        -            560 495100at33208        -            231    0.0056   16.1   0.1   2   2   0.00047      0.15   11.4   0.0    69    93   480   504   456   558 0.72 transcript=SCUR1_30360.5 gene=SCUR1_30360
SCUR1_36250.2        -            424 495100at33208        -            231    0.0062   15.9   0.0   1   1   4.2e-05     0.013   14.8   0.0    67    91    26    50    22   103 0.90 transcript=SCUR1_36250.2 gene=SCUR1_36250
SCUR1_36250.1        -            391 495100at33208        -            231     0.007   15.7   0.0   1   1   3.8e-05     0.012   15.0   0.0    67    91    71    95    67   148 0.90 transcript=SCUR1_36250.1 gene=SCUR1_36250
SCUR1_36250.3        -            469 495100at33208        -            231    0.0073   15.7   0.0   1   1   4.8e-05     0.015   14.6   0.0    67    91    71    95    67   148 0.90 transcript=SCUR1_36250.3 gene=SCUR1_36250
SCUR1_65360.4        -            369 495100at33208        -            231    0.0083   15.5   0.2   1   1     6e-05     0.019   14.3   0.2    69   119   324   365   321   368 0.87 transcript=SCUR1_65360.4 gene=SCUR1_65360
SCUR1_46050.1        -            323 495100at33208        -            231     0.012   14.9   0.0   1   1   9.5e-05      0.03   13.7   0.0    69    94    39    64    17    76 0.79 transcript=SCUR1_46050.1 gene=SCUR1_46050
SCUR1_74460.1        -            924 495100at33208        -            231     0.029   13.7   0.0   1   1   0.00018     0.056   12.8   0.0    66    92   246   272   235   281 0.88 transcript=SCUR1_74460.1 gene=SCUR1_74460
SCUR1_65360.3        -            361 495100at33208        -            231      0.11   11.8   0.0   1   1   0.00067      0.21   10.9   0.0    69    89   324   344   321   361 0.79 transcript=SCUR1_65360.3 gene=SCUR1_65360
#
# Program:         hmmsearch
# Version:         3.4 (Aug 2023)
# Pipeline mode:   SEARCH
# Query file:      /users/40483456/busco_datasets/busco_downloads/lineages/metazoa_odb10/hmms/495100at33208.hmm
# Target file:     /users/40483456/protein/schistosoma_curassoni.fa
# Option settings: hmmsearch --domtblout /users/40483456/busco/results_pro/schistosoma_curassoni_busco/run_metazoa_odb10/hmmer_output/initial_run_results/495100at33208.out --cpu 1 /users/40483456/busco_datasets/busco_downloads/lineages/metazoa_odb10/hmms/495100at33208.hmm /users/40483456/protein/schistosoma_curassoni.fa 
# Current dir:     /users/40483456
# Date:            Thu Jan 15 17:47:47 2026
# [ok]
