#                                                                            --- full sequence --- -------------- this domain -------------   hmm coord   ali coord   env coord
# target name        accession   tlen query name           accession   qlen   E-value  score  bias   #  of  c-Evalue  i-Evalue  score  bias  from    to  from    to  from    to  acc description of target
#------------------- ---------- ----- -------------------- ---------- ----- --------- ------ ----- --- --- --------- --------- ------ ----- ----- ----- ----- ----- ----- ----- ---- ---------------------
SCUR1_36700.1        -            232 532930at33208        -            185   2.7e-34  118.7   8.9   1   1   1.4e-36   4.9e-33  114.6   8.9    14   184    36   230     5   231 0.81 transcript=SCUR1_36700.1 gene=SCUR1_36700
SCUR1_20140.2        -            293 532930at33208        -            185     7e-09   35.8   1.3   1   2     0.056   1.9e+02    1.9   0.3    71    97   143   169   111   186 0.65 transcript=SCUR1_20140.2 gene=SCUR1_20140
SCUR1_20140.2        -            293 532930at33208        -            185     7e-09   35.8   1.3   2   2   2.1e-11   7.2e-08   32.5   0.0    86   184   195   292   185   293 0.88 transcript=SCUR1_20140.2 gene=SCUR1_20140
SCUR1_15890.2        -            240 532930at33208        -            185   3.9e-06   26.9   0.9   1   2      0.58     2e+03   -1.5   0.1    53    76    50    73    41    92 0.56 transcript=SCUR1_15890.2 gene=SCUR1_15890
SCUR1_15890.2        -            240 532930at33208        -            185   3.9e-06   26.9   0.9   2   2   1.1e-09   3.9e-06   26.9   0.9   117   183   152   218   117   220 0.92 transcript=SCUR1_15890.2 gene=SCUR1_15890
SCUR1_68000.1        -            240 532930at33208        -            185   3.9e-06   26.9   0.9   1   2      0.58     2e+03   -1.5   0.1    53    76    50    73    41    92 0.56 transcript=SCUR1_68000.1 gene=SCUR1_68000
SCUR1_68000.1        -            240 532930at33208        -            185   3.9e-06   26.9   0.9   2   2   1.1e-09   3.9e-06   26.9   0.9   117   183   152   218   117   220 0.92 transcript=SCUR1_68000.1 gene=SCUR1_68000
SCUR1_20140.1        -            262 532930at33208        -            185    0.0058   16.6   0.1   1   3       3.4   1.1e+04   -4.0   0.1    33    42    75    84    66    91 0.48 transcript=SCUR1_20140.1 gene=SCUR1_20140
SCUR1_20140.1        -            262 532930at33208        -            185    0.0058   16.6   0.1   2   3     0.048   1.6e+02    2.1   0.3    71    97   143   169   111   187 0.65 transcript=SCUR1_20140.1 gene=SCUR1_20140
SCUR1_20140.1        -            262 532930at33208        -            185    0.0058   16.6   0.1   3   3   1.7e-06    0.0058   16.6   0.1    86   142   195   251   185   255 0.89 transcript=SCUR1_20140.1 gene=SCUR1_20140
SCUR1_36440.1        -            104 532930at33208        -            185     0.013   15.4   0.2   1   1   4.7e-06     0.016   15.1   0.2    98   183    12    97     3   100 0.76 transcript=SCUR1_36440.1 gene=SCUR1_36440
#
# Program:         hmmsearch
# Version:         3.4 (Aug 2023)
# Pipeline mode:   SEARCH
# Query file:      /users/40483456/busco_datasets/busco_downloads/lineages/metazoa_odb10/hmms/532930at33208.hmm
# Target file:     /users/40483456/protein/schistosoma_curassoni.fa
# Option settings: hmmsearch --domtblout /users/40483456/busco/results_pro/schistosoma_curassoni_busco/run_metazoa_odb10/hmmer_output/initial_run_results/532930at33208.out --cpu 1 /users/40483456/busco_datasets/busco_downloads/lineages/metazoa_odb10/hmms/532930at33208.hmm /users/40483456/protein/schistosoma_curassoni.fa 
# Current dir:     /users/40483456
# Date:            Thu Jan 15 17:47:44 2026
# [ok]
