#                                                                            --- full sequence --- -------------- this domain -------------   hmm coord   ali coord   env coord
# target name        accession   tlen query name           accession   qlen   E-value  score  bias   #  of  c-Evalue  i-Evalue  score  bias  from    to  from    to  from    to  acc description of target
#------------------- ---------- ----- -------------------- ---------- ----- --------- ------ ----- --- --- --------- --------- ------ ----- ----- ----- ----- ----- ----- ----- ---- ---------------------
SCUR1_31530.1        -            511 563426at33208        -            246   1.1e-69  234.9  16.0   1   5      0.17        83    2.8   0.2    14    36    99   121    88   150 0.72 transcript=SCUR1_31530.1 gene=SCUR1_31530
SCUR1_31530.1        -            511 563426at33208        -            246   1.1e-69  234.9  16.0   2   5   1.7e-05    0.0084   15.9   0.1    47    77   200   230   173   245 0.86 transcript=SCUR1_31530.1 gene=SCUR1_31530
SCUR1_31530.1        -            511 563426at33208        -            246   1.1e-69  234.9  16.0   3   5    0.0015      0.71    9.6   0.0    64   102   256   294   233   300 0.71 transcript=SCUR1_31530.1 gene=SCUR1_31530
SCUR1_31530.1        -            511 563426at33208        -            246   1.1e-69  234.9  16.0   4   5   1.9e-22   9.3e-20   71.4   0.9    88   146   313   371   297   384 0.83 transcript=SCUR1_31530.1 gene=SCUR1_31530
SCUR1_31530.1        -            511 563426at33208        -            246   1.1e-69  234.9  16.0   5   5   3.1e-44   1.5e-41  142.8   0.1   154   246   410   506   402   506 0.94 transcript=SCUR1_31530.1 gene=SCUR1_31530
SCUR1_31610.1        -             93 563426at33208        -            246   1.4e-37  129.8   0.5   1   1   3.2e-40   1.5e-37  129.7   0.5   163   246     1    88     1    88 0.95 transcript=SCUR1_31610.1 gene=SCUR1_31610
SCUR1_50030.1        -            522 563426at33208        -            246     3e-34  118.9   0.3   1   3    0.0098       4.7    6.9   0.0   145   231    78   166    61   171 0.70 transcript=SCUR1_50030.1 gene=SCUR1_50030
SCUR1_50030.1        -            522 563426at33208        -            246     3e-34  118.9   0.3   2   3     0.019       9.1    6.0   0.0   174   231   203   264   192   268 0.84 transcript=SCUR1_50030.1 gene=SCUR1_50030
SCUR1_50030.1        -            522 563426at33208        -            246     3e-34  118.9   0.3   3   3   8.2e-32   3.9e-29  102.1   0.4   154   245   430   521   420   522 0.96 transcript=SCUR1_50030.1 gene=SCUR1_50030
SCUR1_30600.1        -            522 563426at33208        -            246   1.4e-27   97.0   0.0   1   3   0.00018     0.087   12.6   0.0   202   231   140   169    77   174 0.66 transcript=SCUR1_30600.1 gene=SCUR1_30600
SCUR1_30600.1        -            522 563426at33208        -            246   1.4e-27   97.0   0.0   2   3       1.4   6.8e+02   -0.2   0.0   184   231   216   267   201   270 0.76 transcript=SCUR1_30600.1 gene=SCUR1_30600
SCUR1_30600.1        -            522 563426at33208        -            246   1.4e-27   97.0   0.0   3   3     4e-25   1.9e-22   80.2   0.1   157   244   428   520   424   522 0.93 transcript=SCUR1_30600.1 gene=SCUR1_30600
SCUR1_30600.2        -            522 563426at33208        -            246   1.4e-27   97.0   0.0   1   3   0.00018     0.087   12.6   0.0   202   231   140   169    77   174 0.66 transcript=SCUR1_30600.2 gene=SCUR1_30600
SCUR1_30600.2        -            522 563426at33208        -            246   1.4e-27   97.0   0.0   2   3       1.4   6.8e+02   -0.2   0.0   184   231   216   267   201   270 0.76 transcript=SCUR1_30600.2 gene=SCUR1_30600
SCUR1_30600.2        -            522 563426at33208        -            246   1.4e-27   97.0   0.0   3   3     4e-25   1.9e-22   80.2   0.1   157   244   428   520   424   522 0.93 transcript=SCUR1_30600.2 gene=SCUR1_30600
SCUR1_4320.1         -            227 563426at33208        -            246   8.8e-11   42.0   0.5   1   1   3.3e-13   1.6e-10   41.2   0.5   164   240    78   157    56   161 0.80 transcript=SCUR1_4320.1 gene=SCUR1_4320
SCUR1_7510.1         -            521 563426at33208        -            246   5.5e-09   36.1   2.9   1   2       1.8   8.6e+02   -0.5   1.2    63    92    93   122    57   127 0.67 transcript=SCUR1_7510.1 gene=SCUR1_7510
SCUR1_7510.1         -            521 563426at33208        -            246   5.5e-09   36.1   2.9   2   2   1.5e-11   7.1e-09   35.8   0.0   154   241   421   518   415   521 0.82 transcript=SCUR1_7510.1 gene=SCUR1_7510
SCUR1_7510.2         -            521 563426at33208        -            246   5.5e-09   36.1   2.9   1   2       1.8   8.6e+02   -0.5   1.2    63    92    93   122    57   127 0.67 transcript=SCUR1_7510.2 gene=SCUR1_7510
SCUR1_7510.2         -            521 563426at33208        -            246   5.5e-09   36.1   2.9   2   2   1.5e-11   7.1e-09   35.8   0.0   154   241   421   518   415   521 0.82 transcript=SCUR1_7510.2 gene=SCUR1_7510
SCUR1_1470.2         -            327 563426at33208        -            246   7.2e-07   29.2   0.0   1   3       9.1   4.4e+03   -2.8   0.0   203   216    13    26    11    44 0.80 transcript=SCUR1_1470.2 gene=SCUR1_1470
SCUR1_1470.2         -            327 563426at33208        -            246   7.2e-07   29.2   0.0   2   3       0.4   1.9e+02    1.6   0.0   203   233   112   142    87   152 0.87 transcript=SCUR1_1470.2 gene=SCUR1_1470
SCUR1_1470.2         -            327 563426at33208        -            246   7.2e-07   29.2   0.0   3   3   3.9e-08   1.9e-05   24.6   0.0   157   241   224   311   210   313 0.83 transcript=SCUR1_1470.2 gene=SCUR1_1470
SCUR1_1470.3         -            327 563426at33208        -            246   7.2e-07   29.2   0.0   1   3       9.1   4.4e+03   -2.8   0.0   203   216    13    26    11    44 0.80 transcript=SCUR1_1470.3 gene=SCUR1_1470
SCUR1_1470.3         -            327 563426at33208        -            246   7.2e-07   29.2   0.0   2   3       0.4   1.9e+02    1.6   0.0   203   233   112   142    87   152 0.87 transcript=SCUR1_1470.3 gene=SCUR1_1470
SCUR1_1470.3         -            327 563426at33208        -            246   7.2e-07   29.2   0.0   3   3   3.9e-08   1.9e-05   24.6   0.0   157   241   224   311   210   313 0.83 transcript=SCUR1_1470.3 gene=SCUR1_1470
SCUR1_1470.4         -            327 563426at33208        -            246   7.2e-07   29.2   0.0   1   3       9.1   4.4e+03   -2.8   0.0   203   216    13    26    11    44 0.80 transcript=SCUR1_1470.4 gene=SCUR1_1470
SCUR1_1470.4         -            327 563426at33208        -            246   7.2e-07   29.2   0.0   2   3       0.4   1.9e+02    1.6   0.0   203   233   112   142    87   152 0.87 transcript=SCUR1_1470.4 gene=SCUR1_1470
SCUR1_1470.4         -            327 563426at33208        -            246   7.2e-07   29.2   0.0   3   3   3.9e-08   1.9e-05   24.6   0.0   157   241   224   311   210   313 0.83 transcript=SCUR1_1470.4 gene=SCUR1_1470
SCUR1_1470.5         -            327 563426at33208        -            246   7.2e-07   29.2   0.0   1   3       9.1   4.4e+03   -2.8   0.0   203   216    13    26    11    44 0.80 transcript=SCUR1_1470.5 gene=SCUR1_1470
SCUR1_1470.5         -            327 563426at33208        -            246   7.2e-07   29.2   0.0   2   3       0.4   1.9e+02    1.6   0.0   203   233   112   142    87   152 0.87 transcript=SCUR1_1470.5 gene=SCUR1_1470
SCUR1_1470.5         -            327 563426at33208        -            246   7.2e-07   29.2   0.0   3   3   3.9e-08   1.9e-05   24.6   0.0   157   241   224   311   210   313 0.83 transcript=SCUR1_1470.5 gene=SCUR1_1470
SCUR1_1470.1         -            463 563426at33208        -            246   1.4e-05   25.0   4.8   1   3       7.7   3.7e+03   -2.6   0.0   202   216   148   162   127   179 0.76 transcript=SCUR1_1470.1 gene=SCUR1_1470
SCUR1_1470.1         -            463 563426at33208        -            246   1.4e-05   25.0   4.8   2   3      0.65   3.1e+02    0.9   0.0   203   233   248   278   224   288 0.88 transcript=SCUR1_1470.1 gene=SCUR1_1470
SCUR1_1470.1         -            463 563426at33208        -            246   1.4e-05   25.0   4.8   3   3   7.1e-08   3.4e-05   23.7   0.0   157   241   360   447   347   449 0.83 transcript=SCUR1_1470.1 gene=SCUR1_1470
SCUR1_73320.2        -            892 563426at33208        -            246   4.5e-05   23.3   0.2   1   1   9.4e-08   4.5e-05   23.3   0.2    76   132   794   854   721   872 0.72 transcript=SCUR1_73320.2 gene=SCUR1_73320
SCUR1_73320.3        -            892 563426at33208        -            246   4.5e-05   23.3   0.2   1   1   9.4e-08   4.5e-05   23.3   0.2    76   132   794   854   721   872 0.72 transcript=SCUR1_73320.3 gene=SCUR1_73320
SCUR1_82630.2        -            892 563426at33208        -            246   4.5e-05   23.3   0.2   1   1   9.4e-08   4.5e-05   23.3   0.2    76   132   794   854   721   872 0.72 transcript=SCUR1_82630.2 gene=SCUR1_82630
SCUR1_82630.3        -            892 563426at33208        -            246   4.5e-05   23.3   0.2   1   1   9.4e-08   4.5e-05   23.3   0.2    76   132   794   854   721   872 0.72 transcript=SCUR1_82630.3 gene=SCUR1_82630
SCUR1_73320.1        -            900 563426at33208        -            246   4.6e-05   23.3   0.2   1   1   9.5e-08   4.6e-05   23.3   0.2    76   132   802   862   729   880 0.72 transcript=SCUR1_73320.1 gene=SCUR1_73320
SCUR1_82630.1        -            900 563426at33208        -            246   4.6e-05   23.3   0.2   1   1   9.5e-08   4.6e-05   23.3   0.2    76   132   802   862   729   880 0.72 transcript=SCUR1_82630.1 gene=SCUR1_82630
SCUR1_45960.4        -            902 563426at33208        -            246    0.0016   18.2   0.1   1   1     6e-06    0.0029   17.4   0.1   100   139    20    59     9    68 0.89 transcript=SCUR1_45960.4 gene=SCUR1_45960
SCUR1_45960.2        -            941 563426at33208        -            246    0.0017   18.2   0.1   1   1   6.3e-06     0.003   17.3   0.1   100   139    21    60     8    69 0.89 transcript=SCUR1_45960.2 gene=SCUR1_45960
SCUR1_45960.1        -            940 563426at33208        -            246    0.0017   18.2   0.1   1   1   6.3e-06     0.003   17.3   0.1   100   139    20    59     9    68 0.89 transcript=SCUR1_45960.1 gene=SCUR1_45960
SCUR1_45960.3        -            940 563426at33208        -            246    0.0017   18.2   0.1   1   1   6.3e-06     0.003   17.3   0.1   100   139    20    59     9    68 0.89 transcript=SCUR1_45960.3 gene=SCUR1_45960
SCUR1_62730.1        -            258 563426at33208        -            246    0.0033   17.2   0.8   1   2   3.8e-05     0.018   14.8   0.0   102   129    27    54    13    66 0.84 transcript=SCUR1_62730.1 gene=SCUR1_62730
SCUR1_62730.1        -            258 563426at33208        -            246    0.0033   17.2   0.8   2   2      0.95   4.6e+02    0.4   0.1    53   112   164   219    99   223 0.52 transcript=SCUR1_62730.1 gene=SCUR1_62730
SCUR1_43260.1        -            522 563426at33208        -            246    0.0033   17.2   0.7   1   3       6.2     3e+03   -2.3   0.0   180   212    44    73    36    81 0.71 transcript=SCUR1_43260.1 gene=SCUR1_43260
SCUR1_43260.1        -            522 563426at33208        -            246    0.0033   17.2   0.7   2   3   0.00014      0.07   12.9   0.0   169   222   130   182   124   203 0.79 transcript=SCUR1_43260.1 gene=SCUR1_43260
SCUR1_43260.1        -            522 563426at33208        -            246    0.0033   17.2   0.7   3   3      0.39   1.9e+02    1.6   0.1   184   230   318   362   309   371 0.86 transcript=SCUR1_43260.1 gene=SCUR1_43260
SCUR1_43260.2        -            522 563426at33208        -            246    0.0033   17.2   0.7   1   3       6.2     3e+03   -2.3   0.0   180   212    44    73    36    81 0.71 transcript=SCUR1_43260.2 gene=SCUR1_43260
SCUR1_43260.2        -            522 563426at33208        -            246    0.0033   17.2   0.7   2   3   0.00014      0.07   12.9   0.0   169   222   130   182   124   203 0.79 transcript=SCUR1_43260.2 gene=SCUR1_43260
SCUR1_43260.2        -            522 563426at33208        -            246    0.0033   17.2   0.7   3   3      0.39   1.9e+02    1.6   0.1   184   230   318   362   309   371 0.86 transcript=SCUR1_43260.2 gene=SCUR1_43260
SCUR1_43260.3        -            522 563426at33208        -            246    0.0033   17.2   0.7   1   3       6.2     3e+03   -2.3   0.0   180   212    44    73    36    81 0.71 transcript=SCUR1_43260.3 gene=SCUR1_43260
SCUR1_43260.3        -            522 563426at33208        -            246    0.0033   17.2   0.7   2   3   0.00014      0.07   12.9   0.0   169   222   130   182   124   203 0.79 transcript=SCUR1_43260.3 gene=SCUR1_43260
SCUR1_43260.3        -            522 563426at33208        -            246    0.0033   17.2   0.7   3   3      0.39   1.9e+02    1.6   0.1   184   230   318   362   309   371 0.86 transcript=SCUR1_43260.3 gene=SCUR1_43260
SCUR1_43260.4        -            522 563426at33208        -            246    0.0033   17.2   0.7   1   3       6.2     3e+03   -2.3   0.0   180   212    44    73    36    81 0.71 transcript=SCUR1_43260.4 gene=SCUR1_43260
SCUR1_43260.4        -            522 563426at33208        -            246    0.0033   17.2   0.7   2   3   0.00014      0.07   12.9   0.0   169   222   130   182   124   203 0.79 transcript=SCUR1_43260.4 gene=SCUR1_43260
SCUR1_43260.4        -            522 563426at33208        -            246    0.0033   17.2   0.7   3   3      0.39   1.9e+02    1.6   0.1   184   230   318   362   309   371 0.86 transcript=SCUR1_43260.4 gene=SCUR1_43260
SCUR1_43260.5        -            522 563426at33208        -            246    0.0033   17.2   0.7   1   3       6.2     3e+03   -2.3   0.0   180   212    44    73    36    81 0.71 transcript=SCUR1_43260.5 gene=SCUR1_43260
SCUR1_43260.5        -            522 563426at33208        -            246    0.0033   17.2   0.7   2   3   0.00014      0.07   12.9   0.0   169   222   130   182   124   203 0.79 transcript=SCUR1_43260.5 gene=SCUR1_43260
SCUR1_43260.5        -            522 563426at33208        -            246    0.0033   17.2   0.7   3   3      0.39   1.9e+02    1.6   0.1   184   230   318   362   309   371 0.86 transcript=SCUR1_43260.5 gene=SCUR1_43260
SCUR1_65510.1        -            666 563426at33208        -            246    0.0041   16.9   0.0   1   4       9.8   4.7e+03   -2.9   0.1    17    56    14    54     6    94 0.53 transcript=SCUR1_65510.1 gene=SCUR1_65510
SCUR1_65510.1        -            666 563426at33208        -            246    0.0041   16.9   0.0   2   4       7.6   3.6e+03   -2.6   0.3    38    64   162   188   144   211 0.48 transcript=SCUR1_65510.1 gene=SCUR1_65510
SCUR1_65510.1        -            666 563426at33208        -            246    0.0041   16.9   0.0   3   4       6.8   3.3e+03   -2.4   0.2    36    77   472   512   467   561 0.56 transcript=SCUR1_65510.1 gene=SCUR1_65510
SCUR1_65510.1        -            666 563426at33208        -            246    0.0041   16.9   0.0   4   4   8.4e-06    0.0041   16.9   0.0   103   131   592   620   563   625 0.84 transcript=SCUR1_65510.1 gene=SCUR1_65510
SCUR1_58590.1        -            603 563426at33208        -            246    0.0084   15.9   0.2   1   4       5.6   2.7e+03   -2.2   0.0   152   164    50    62    40    69 0.77 transcript=SCUR1_58590.1 gene=SCUR1_58590
SCUR1_58590.1        -            603 563426at33208        -            246    0.0084   15.9   0.2   2   4      0.01       4.9    6.8   0.1   183   235   190   243   177   246 0.86 transcript=SCUR1_58590.1 gene=SCUR1_58590
SCUR1_58590.1        -            603 563426at33208        -            246    0.0084   15.9   0.2   3   4     0.071        34    4.1   0.0   184   231   434   479   431   490 0.80 transcript=SCUR1_58590.1 gene=SCUR1_58590
SCUR1_58590.1        -            603 563426at33208        -            246    0.0084   15.9   0.2   4   4       1.8   8.6e+02   -0.5   0.0   203   220   567   584   553   598 0.86 transcript=SCUR1_58590.1 gene=SCUR1_58590
SCUR1_17660.1        -            584 563426at33208        -            246     0.032   14.0   0.0   1   3       3.2   1.6e+03   -1.4   0.0   184   221   182   218   180   221 0.85 transcript=SCUR1_17660.1 gene=SCUR1_17660
SCUR1_17660.1        -            584 563426at33208        -            246     0.032   14.0   0.0   2   3      0.02       9.7    5.9   0.0   184   232   405   451   402   460 0.86 transcript=SCUR1_17660.1 gene=SCUR1_17660
SCUR1_17660.1        -            584 563426at33208        -            246     0.032   14.0   0.0   3   3     0.057        28    4.4   0.0   153   219   503   564   489   568 0.85 transcript=SCUR1_17660.1 gene=SCUR1_17660
SCUR1_52760.1        -            427 563426at33208        -            246     0.067   12.9   0.1   1   3       9.1   4.4e+03   -2.8   0.1    20    55    19    51    12    65 0.49 transcript=SCUR1_52760.1 gene=SCUR1_52760
SCUR1_52760.1        -            427 563426at33208        -            246     0.067   12.9   0.1   2   3       5.3   2.6e+03   -2.1   0.1    44    76   134   158   106   194 0.42 transcript=SCUR1_52760.1 gene=SCUR1_52760
SCUR1_52760.1        -            427 563426at33208        -            246     0.067   12.9   0.1   3   3   0.00014     0.067   12.9   0.1    99   126   344   371   340   378 0.88 transcript=SCUR1_52760.1 gene=SCUR1_52760
SCUR1_34410.1        -            287 563426at33208        -            246     0.088   12.6   0.1   1   1   0.00029      0.14   11.9   0.1   105   139    71   105     4   125 0.79 transcript=SCUR1_34410.1 gene=SCUR1_34410
SCUR1_34410.2        -            287 563426at33208        -            246     0.088   12.6   0.1   1   1   0.00029      0.14   11.9   0.1   105   139    71   105     4   125 0.79 transcript=SCUR1_34410.2 gene=SCUR1_34410
SCUR1_34410.3        -            272 563426at33208        -            246      0.11   12.3   0.2   1   1   0.00036      0.17   11.6   0.2   105   139    56    90    11   111 0.84 transcript=SCUR1_34410.3 gene=SCUR1_34410
SCUR1_5290.3         -            549 563426at33208        -            246      0.13   12.0   0.1   1   2       2.9   1.4e+03   -1.2   0.1    73   104   181   212   103   221 0.58 transcript=SCUR1_5290.3 gene=SCUR1_5290
SCUR1_5290.3         -            549 563426at33208        -            246      0.13   12.0   0.1   2   2    0.0014      0.65    9.7   0.0   176   232   482   541   479   548 0.86 transcript=SCUR1_5290.3 gene=SCUR1_5290
SCUR1_5290.2         -            538 563426at33208        -            246      0.13   12.0   0.3   1   2       3.3   1.6e+03   -1.4   0.0    73   104   170   201   105   210 0.59 transcript=SCUR1_5290.2 gene=SCUR1_5290
SCUR1_5290.2         -            538 563426at33208        -            246      0.13   12.0   0.3   2   2    0.0013      0.63    9.7   0.0   176   232   471   530   468   537 0.86 transcript=SCUR1_5290.2 gene=SCUR1_5290
SCUR1_5290.8         -            538 563426at33208        -            246      0.13   12.0   0.3   1   2       3.3   1.6e+03   -1.4   0.0    73   104   170   201   105   210 0.59 transcript=SCUR1_5290.8 gene=SCUR1_5290
SCUR1_5290.8         -            538 563426at33208        -            246      0.13   12.0   0.3   2   2    0.0013      0.63    9.7   0.0   176   232   471   530   468   537 0.86 transcript=SCUR1_5290.8 gene=SCUR1_5290
SCUR1_970.1          -            258 563426at33208        -            246      0.15   11.8   6.2   1   2   0.00039      0.19   11.5   0.1   182   234    58   113    42   121 0.84 transcript=SCUR1_970.1 gene=SCUR1_970
SCUR1_970.1          -            258 563426at33208        -            246      0.15   11.8   6.2   2   2      0.37   1.8e+02    1.7   2.6    37    84   152   199   140   236 0.77 transcript=SCUR1_970.1 gene=SCUR1_970
SCUR1_5290.7         -            544 563426at33208        -            246      0.17   11.6   0.5   1   2       3.6   1.7e+03   -1.5   0.0    74   104   171   201   108   210 0.60 transcript=SCUR1_5290.7 gene=SCUR1_5290
SCUR1_5290.7         -            544 563426at33208        -            246      0.17   11.6   0.5   2   2    0.0014      0.68    9.6   0.0   176   231   471   529   468   542 0.86 transcript=SCUR1_5290.7 gene=SCUR1_5290
SCUR1_5290.6         -            605 563426at33208        -            246      0.17   11.6   0.3   1   2       4.1     2e+03   -1.7   0.0    74   104   238   268   173   276 0.59 transcript=SCUR1_5290.6 gene=SCUR1_5290
SCUR1_5290.6         -            605 563426at33208        -            246      0.17   11.6   0.3   2   2    0.0015      0.74    9.5   0.0   176   232   538   597   535   604 0.86 transcript=SCUR1_5290.6 gene=SCUR1_5290
#
# Program:         hmmsearch
# Version:         3.4 (Aug 2023)
# Pipeline mode:   SEARCH
# Query file:      /users/40483456/busco_datasets/busco_downloads/lineages/metazoa_odb10/hmms/563426at33208.hmm
# Target file:     /users/40483456/protein/schistosoma_curassoni.fa
# Option settings: hmmsearch --domtblout /users/40483456/busco/results_pro/schistosoma_curassoni_busco/run_metazoa_odb10/hmmer_output/initial_run_results/563426at33208.out --cpu 1 /users/40483456/busco_datasets/busco_downloads/lineages/metazoa_odb10/hmms/563426at33208.hmm /users/40483456/protein/schistosoma_curassoni.fa 
# Current dir:     /users/40483456
# Date:            Thu Jan 15 17:47:53 2026
# [ok]
