#                                                                            --- full sequence --- -------------- this domain -------------   hmm coord   ali coord   env coord
# target name        accession   tlen query name           accession   qlen   E-value  score  bias   #  of  c-Evalue  i-Evalue  score  bias  from    to  from    to  from    to  acc description of target
#------------------- ---------- ----- -------------------- ---------- ----- --------- ------ ----- --- --- --------- --------- ------ ----- ----- ----- ----- ----- ----- ----- ---- ---------------------
T265_01590           -            958 108764at33208        -            513   1.2e-65  222.0   6.6   1   4     1e-16   1.7e-13   49.9   0.0     2   110   145   255   144   260 0.91 transcript=T265_01590 gene=T265_01590
T265_01590           -            958 108764at33208        -            513   1.2e-65  222.0   6.6   2   4     4e-08   6.5e-05   21.6   0.0    96   195   262   365   255   370 0.87 transcript=T265_01590 gene=T265_01590
T265_01590           -            958 108764at33208        -            513   1.2e-65  222.0   6.6   3   4     2e-14   3.3e-11   42.4   0.1   196   313   391   531   383   534 0.74 transcript=T265_01590 gene=T265_01590
T265_01590           -            958 108764at33208        -            513   1.2e-65  222.0   6.6   4   4   4.3e-34   7.1e-31  107.3   0.6   364   513   774   944   756   944 0.84 transcript=T265_01590 gene=T265_01590
T265_14212           -           1618 108764at33208        -            513   6.1e-09   34.9   0.5   1   2   2.9e-09   4.7e-06   25.4   0.2    20   113    43   138    33   148 0.89 transcript=T265_14212 gene=T265_14212
T265_14212           -           1618 108764at33208        -            513   6.1e-09   34.9   0.5   2   2   0.00078       1.3    7.5   0.0   270   310   155   194   141   201 0.86 transcript=T265_14212 gene=T265_14212
T265_13544           -            858 108764at33208        -            513   0.00021   19.9   1.9   1   4     0.002       3.3    6.1   0.0    72   111   473   513   456   539 0.82 transcript=T265_13544 gene=T265_13544
T265_13544           -            858 108764at33208        -            513   0.00021   19.9   1.9   2   4      0.44   7.2e+02   -1.6   0.0    80   109   600   629   557   637 0.57 transcript=T265_13544 gene=T265_13544
T265_13544           -            858 108764at33208        -            513   0.00021   19.9   1.9   3   4    0.0033       5.3    5.4   0.0   237   311   687   763   679   764 0.77 transcript=T265_13544 gene=T265_13544
T265_13544           -            858 108764at33208        -            513   0.00021   19.9   1.9   4   4    0.0013       2.1    6.7   0.0    28   111   754   840   749   855 0.86 transcript=T265_13544 gene=T265_13544
T265_03204           -            319 108764at33208        -            513   0.00033   19.3   8.2   1   3    0.0005      0.82    8.1   2.2    85   188    12   112     9   127 0.68 transcript=T265_03204 gene=T265_03204
T265_03204           -            319 108764at33208        -            513   0.00033   19.3   8.2   2   3      0.16   2.6e+02   -0.2   0.2    82   108    84   110    78   140 0.74 transcript=T265_03204 gene=T265_03204
T265_03204           -            319 108764at33208        -            513   0.00033   19.3   8.2   3   3   6.7e-06     0.011   14.3   0.4    21   121   149   251   128   254 0.85 transcript=T265_03204 gene=T265_03204
T265_14644           -            791 108764at33208        -            513    0.0013   17.4   0.2   1   3    0.0013       2.2    6.7   0.0    80   116   398   434   393   471 0.84 transcript=T265_14644 gene=T265_14644
T265_14644           -            791 108764at33208        -            513    0.0013   17.4   0.2   2   3     0.023        38    2.6   0.0    75   106   672   704   658   709 0.86 transcript=T265_14644 gene=T265_14644
T265_14644           -            791 108764at33208        -            513    0.0013   17.4   0.2   3   3      0.01        17    3.8   0.1    62   109   734   782   721   786 0.83 transcript=T265_14644 gene=T265_14644
T265_08808           -           1587 108764at33208        -            513    0.0047   15.5   0.9   1   1   5.8e-06    0.0096   14.5   0.9    43   111   437   507   409   529 0.77 transcript=T265_08808 gene=T265_08808
T265_01855           -            249 108764at33208        -            513     0.025   13.1   0.6   1   2   6.6e-05      0.11   11.0   0.2    87   113    10    36     5    85 0.76 transcript=T265_01855 gene=T265_01855
T265_01855           -            249 108764at33208        -            513     0.025   13.1   0.6   2   2     0.087   1.4e+02    0.7   0.1    30    78    53   102    44   120 0.57 transcript=T265_01855 gene=T265_01855
T265_04868           -           1180 108764at33208        -            513     0.094   11.2   0.2   1   4     0.014        23    3.3   0.0    85   120   124   159   120   169 0.89 transcript=T265_04868 gene=T265_04868
T265_04868           -           1180 108764at33208        -            513     0.094   11.2   0.2   2   4    0.0073        12    4.2   0.0    80   119   760   799   707   816 0.83 transcript=T265_04868 gene=T265_04868
T265_04868           -           1180 108764at33208        -            513     0.094   11.2   0.2   3   4       1.5   2.5e+03   -3.4   0.0   271   310   881   920   874   934 0.70 transcript=T265_04868 gene=T265_04868
T265_04868           -           1180 108764at33208        -            513     0.094   11.2   0.2   4   4       1.2     2e+03   -3.1   0.0   420   477  1002  1017   976  1035 0.57 transcript=T265_04868 gene=T265_04868
T265_05545           -            937 108764at33208        -            513      0.48    8.8   6.3   1   4       1.5   2.4e+03   -3.3   0.1    75   121   353   396   297   437 0.59 transcript=T265_05545 gene=T265_05545
T265_05545           -            937 108764at33208        -            513      0.48    8.8   6.3   2   4     0.015        25    3.2   0.1   133   188   594   650   505   654 0.57 transcript=T265_05545 gene=T265_05545
T265_05545           -            937 108764at33208        -            513      0.48    8.8   6.3   3   4      0.18     3e+02   -0.4   0.1    80   110   660   690   652   712 0.66 transcript=T265_05545 gene=T265_05545
T265_05545           -            937 108764at33208        -            513      0.48    8.8   6.3   4   4    0.0021       3.4    6.0   0.0   267   315   719   767   712   773 0.90 transcript=T265_05545 gene=T265_05545
T265_13695           -            775 108764at33208        -            513       9.6    4.6   9.3   1   3         2   3.3e+03   -3.8   0.0    53    90   211   250   203   256 0.54 transcript=T265_13695 gene=T265_13695
T265_13695           -            775 108764at33208        -            513       9.6    4.6   9.3   2   3    0.0016       2.6    6.4   1.5   392   489   374   465   358   478 0.71 transcript=T265_13695 gene=T265_13695
T265_13695           -            775 108764at33208        -            513       9.6    4.6   9.3   3   3     0.042        69    1.7   0.7    80   127   508   559   468   596 0.65 transcript=T265_13695 gene=T265_13695
#
# Program:         hmmsearch
# Version:         3.4 (Aug 2023)
# Pipeline mode:   SEARCH
# Query file:      /users/40483456/busco_datasets/busco_downloads/lineages/metazoa_odb10/hmms/108764at33208.hmm
# Target file:     /users/40483456/protein/opisthorchis_viverrini.fa
# Option settings: hmmsearch --domtblout /users/40483456/busco/results_pro/opisthorchis_viverrini_busco/run_metazoa_odb10/hmmer_output/initial_run_results/108764at33208.out --cpu 1 /users/40483456/busco_datasets/busco_downloads/lineages/metazoa_odb10/hmms/108764at33208.hmm /users/40483456/protein/opisthorchis_viverrini.fa 
# Current dir:     /users/40483456
# Date:            Thu Jan 15 17:44:35 2026
# [ok]
