#                                                                            --- full sequence --- -------------- this domain -------------   hmm coord   ali coord   env coord
# target name        accession   tlen query name           accession   qlen   E-value  score  bias   #  of  c-Evalue  i-Evalue  score  bias  from    to  from    to  from    to  acc description of target
#------------------- ---------- ----- -------------------- ---------- ----- --------- ------ ----- --- --- --------- --------- ------ ----- ----- ----- ----- ----- ----- ----- ---- ---------------------
T265_06404           -            906 227087at33208        -            750  1.2e-144  483.3  34.3   1   6     2e-23   1.8e-20   72.7   0.0    11   136    43   178    40   185 0.90 transcript=T265_06404 gene=T265_06404
T265_06404           -            906 227087at33208        -            750  1.2e-144  483.3  34.3   2   6   2.4e-18   2.1e-15   55.9   0.0   146   219   235   312   224   317 0.86 transcript=T265_06404 gene=T265_06404
T265_06404           -            906 227087at33208        -            750  1.2e-144  483.3  34.3   3   6   3.1e-33   2.8e-30  105.1   0.7   221   337   335   462   331   470 0.87 transcript=T265_06404 gene=T265_06404
T265_06404           -            906 227087at33208        -            750  1.2e-144  483.3  34.3   4   6   1.6e-24   1.5e-21   76.3   0.0   392   510   469   587   463   617 0.95 transcript=T265_06404 gene=T265_06404
T265_06404           -            906 227087at33208        -            750  1.2e-144  483.3  34.3   5   6   1.4e-38   1.3e-35  122.8  10.4   528   701   644   848   604   850 0.87 transcript=T265_06404 gene=T265_06404
T265_06404           -            906 227087at33208        -            750  1.2e-144  483.3  34.3   6   6   4.2e-18   3.8e-15   55.1  12.1   652   702   848   901   846   906 0.93 transcript=T265_06404 gene=T265_06404
T265_12347           -             69 227087at33208        -            750   8.1e-06   24.3   0.0   1   1     1e-08   9.1e-06   24.1   0.0   393   450     2    59     1    62 0.95 transcript=T265_12347 gene=T265_12347
T265_05436           -            694 227087at33208        -            750    0.0002   19.6   1.7   1   1   3.2e-07   0.00029   19.1   1.7   646   710   422   491   416   502 0.77 transcript=T265_05436 gene=T265_05436
T265_10644           -            812 227087at33208        -            750   0.00038   18.7   0.4   1   1     6e-07   0.00055   18.2   0.4   659   700   417   460   403   481 0.81 transcript=T265_10644 gene=T265_10644
T265_02888           -           1306 227087at33208        -            750    0.0011   17.1   1.0   1   1   1.7e-06    0.0016   16.7   1.0   639   699  1229  1294  1211  1304 0.84 transcript=T265_02888 gene=T265_02888
T265_00355           -            232 227087at33208        -            750    0.0054   14.9   2.3   1   1   7.1e-06    0.0065   14.7   2.3   658   700   169   216   134   230 0.80 transcript=T265_00355 gene=T265_00355
T265_07432           -            619 227087at33208        -            750    0.0065   14.7   1.8   1   1   1.4e-05     0.013   13.7   1.8   674   708   121   155    81   158 0.88 transcript=T265_07432 gene=T265_07432
T265_09798           -           1318 227087at33208        -            750    0.0067   14.6   1.2   1   1   1.1e-05    0.0097   14.1   1.2   631   727   246   346   239   352 0.80 transcript=T265_09798 gene=T265_09798
T265_09106           -            260 227087at33208        -            750     0.012   13.8   3.8   1   1   2.2e-05      0.02   13.1   3.8   660   723     6    70     2    79 0.73 transcript=T265_09106 gene=T265_09106
T265_14562           -            518 227087at33208        -            750     0.033   12.3   1.2   1   1   5.7e-05     0.052   11.7   1.2   672   711   285   325   259   343 0.80 transcript=T265_14562 gene=T265_14562
T265_07048           -            576 227087at33208        -            750     0.067   11.3   0.0   1   2      0.54   4.9e+02   -1.5   0.0    39   109   316   378   307   394 0.72 transcript=T265_07048 gene=T265_07048
T265_07048           -            576 227087at33208        -            750     0.067   11.3   0.0   2   2   0.00025      0.22    9.6   0.0    75   125   437   487   413   501 0.84 transcript=T265_07048 gene=T265_07048
T265_11843           -            788 227087at33208        -            750      0.11   10.6   0.4   1   1   0.00017      0.15   10.1   0.4   652   699   713   764   698   783 0.69 transcript=T265_11843 gene=T265_11843
T265_11781           -            194 227087at33208        -            750       0.2    9.7   4.4   1   1   0.00024      0.22    9.6   4.4   661   700    86   130    50   158 0.75 transcript=T265_11781 gene=T265_11781
T265_01889           -            403 227087at33208        -            750      0.21    9.7   0.0   1   1   0.00032      0.29    9.2   0.0   295   332   229   266   223   271 0.84 transcript=T265_01889 gene=T265_01889
T265_07539           -            734 227087at33208        -            750      0.25    9.4   0.5   1   1   0.00037      0.34    9.0   0.5   658   697   188   232   142   240 0.78 transcript=T265_07539 gene=T265_07539
T265_00462           -            473 227087at33208        -            750      0.35    9.0   2.7   1   2   0.00019      0.17   10.0   0.6   673   699   253   281   216   287 0.79 transcript=T265_00462 gene=T265_00462
T265_00462           -            473 227087at33208        -            750      0.35    9.0   2.7   2   2       1.7   1.5e+03   -3.1   0.1   144   181   367   402   360   407 0.77 transcript=T265_00462 gene=T265_00462
T265_02196           -            505 227087at33208        -            750       1.3    7.0  12.7   1   2   1.5e-05     0.014   13.6   2.9   672   698   224   248   202   262 0.81 transcript=T265_02196 gene=T265_02196
T265_02196           -            505 227087at33208        -            750       1.3    7.0  12.7   2   2      0.54   4.9e+02   -1.5   2.3   606   653   355   407   341   466 0.70 transcript=T265_02196 gene=T265_02196
T265_05635           -            225 227087at33208        -            750       2.5    6.1   5.7   1   1    0.0033         3    5.8   5.7   648   697   140   195    90   208 0.74 transcript=T265_05635 gene=T265_05635
#
# Program:         hmmsearch
# Version:         3.4 (Aug 2023)
# Pipeline mode:   SEARCH
# Query file:      /users/40483456/busco_datasets/busco_downloads/lineages/metazoa_odb10/hmms/227087at33208.hmm
# Target file:     /users/40483456/protein/opisthorchis_viverrini.fa
# Option settings: hmmsearch --domtblout /users/40483456/busco/results_pro/opisthorchis_viverrini_busco/run_metazoa_odb10/hmmer_output/initial_run_results/227087at33208.out --cpu 1 /users/40483456/busco_datasets/busco_downloads/lineages/metazoa_odb10/hmms/227087at33208.hmm /users/40483456/protein/opisthorchis_viverrini.fa 
# Current dir:     /users/40483456
# Date:            Thu Jan 15 17:44:36 2026
# [ok]
