#                                                                            --- full sequence --- -------------- this domain -------------   hmm coord   ali coord   env coord
# target name        accession   tlen query name           accession   qlen   E-value  score  bias   #  of  c-Evalue  i-Evalue  score  bias  from    to  from    to  from    to  acc description of target
#------------------- ---------- ----- -------------------- ---------- ----- --------- ------ ----- --- --- --------- --------- ------ ----- ----- ----- ----- ----- ----- ----- ---- ---------------------
T265_11373           -           2070 260752at33208        -            529  1.6e-101  340.2  12.9   1   5   7.7e-41   4.2e-37  127.7   0.3     8   140  1288  1423  1282  1447 0.91 transcript=T265_11373 gene=T265_11373
T265_11373           -           2070 260752at33208        -            529  1.6e-101  340.2  12.9   2   5    0.0095        52    2.0   0.1   134   173  1476  1515  1474  1544 0.58 transcript=T265_11373 gene=T265_11373
T265_11373           -           2070 260752at33208        -            529  1.6e-101  340.2  12.9   3   5   0.00012      0.63    8.3   0.0   174   208  1548  1582  1532  1589 0.88 transcript=T265_11373 gene=T265_11373
T265_11373           -           2070 260752at33208        -            529  1.6e-101  340.2  12.9   4   5   2.4e-42   1.3e-38  132.6   1.3   239   397  1655  1831  1614  1855 0.78 transcript=T265_11373 gene=T265_11373
T265_11373           -           2070 260752at33208        -            529  1.6e-101  340.2  12.9   5   5   9.1e-23     5e-19   68.0   0.0   405   524  1905  2056  1869  2064 0.62 transcript=T265_11373 gene=T265_11373
T265_14904           -            305 260752at33208        -            529      0.04   12.2   0.9   1   2      0.15   8.3e+02   -2.0   0.0   121   165    50    94    45   104 0.68 transcript=T265_14904 gene=T265_14904
T265_14904           -            305 260752at33208        -            529      0.04   12.2   0.9   2   2   1.2e-05     0.065   11.5   0.2    75   184   174   279   161   299 0.81 transcript=T265_14904 gene=T265_14904
T265_14984           -           1743 260752at33208        -            529       1.2    7.3   5.1   1   2   0.00023       1.2    7.3   3.0    59   160   827   928   821   934 0.82 transcript=T265_14984 gene=T265_14984
T265_14984           -           1743 260752at33208        -            529       1.2    7.3   5.1   2   2     0.076   4.1e+02   -1.0   0.0   415   455  1501  1541  1475  1545 0.86 transcript=T265_14984 gene=T265_14984
#
# Program:         hmmsearch
# Version:         3.4 (Aug 2023)
# Pipeline mode:   SEARCH
# Query file:      /users/40483456/busco_datasets/busco_downloads/lineages/metazoa_odb10/hmms/260752at33208.hmm
# Target file:     /users/40483456/protein/opisthorchis_viverrini.fa
# Option settings: hmmsearch --domtblout /users/40483456/busco/results_pro/opisthorchis_viverrini_busco/run_metazoa_odb10/hmmer_output/initial_run_results/260752at33208.out --cpu 1 /users/40483456/busco_datasets/busco_downloads/lineages/metazoa_odb10/hmms/260752at33208.hmm /users/40483456/protein/opisthorchis_viverrini.fa 
# Current dir:     /users/40483456
# Date:            Thu Jan 15 17:44:35 2026
# [ok]
