#                                                                            --- full sequence --- -------------- this domain -------------   hmm coord   ali coord   env coord
# target name        accession   tlen query name           accession   qlen   E-value  score  bias   #  of  c-Evalue  i-Evalue  score  bias  from    to  from    to  from    to  acc description of target
#------------------- ---------- ----- -------------------- ---------- ----- --------- ------ ----- --- --- --------- --------- ------ ----- ----- ----- ----- ----- ----- ----- ---- ---------------------
T265_00224           -            958 266469at33208        -            223   1.5e-45  155.2   0.4   1   2   4.5e-35   3.4e-32  111.6   0.3     1   124   433   573   433   588 0.84 transcript=T265_00224 gene=T265_00224
T265_00224           -            958 266469at33208        -            223   1.5e-45  155.2   0.4   2   2   1.6e-13   1.2e-10   41.1   0.0   119   188   777   857   735   869 0.80 transcript=T265_00224 gene=T265_00224
T265_07287           -            768 266469at33208        -            223   1.5e-12   47.3   1.8   1   4       2.8   2.1e+03   -2.2   0.0   135   162   183   210   180   214 0.83 transcript=T265_07287 gene=T265_07287
T265_07287           -            768 266469at33208        -            223   1.5e-12   47.3   1.8   2   4       5.9   4.4e+03   -3.2   0.0   179   215   248   282   229   286 0.75 transcript=T265_07287 gene=T265_07287
T265_07287           -            768 266469at33208        -            223   1.5e-12   47.3   1.8   3   4     0.079        59    2.9   0.0    60   115   445   507   439   519 0.72 transcript=T265_07287 gene=T265_07287
T265_07287           -            768 266469at33208        -            223   1.5e-12   47.3   1.8   4   4   1.3e-13   9.6e-11   41.4   0.5     2    62   587   645   586   655 0.92 transcript=T265_07287 gene=T265_07287
T265_09874           -            300 266469at33208        -            223     2e-11   43.6   0.0   1   1   4.3e-14   3.2e-11   43.0   0.0     2    98     7   103     6   171 0.91 transcript=T265_09874 gene=T265_09874
T265_05191           -            620 266469at33208        -            223   1.1e-10   41.2   0.2   1   2       3.4   2.6e+03   -2.5   0.0   103   112   246   255   206   257 0.77 transcript=T265_05191 gene=T265_05191
T265_05191           -            620 266469at33208        -            223   1.1e-10   41.2   0.2   2   2   4.6e-13   3.4e-10   39.6   0.0     2    61   308   365   307   377 0.91 transcript=T265_05191 gene=T265_05191
T265_03001           -           1517 266469at33208        -            223   2.3e-08   33.6   0.0   1   2       1.1   8.3e+02   -0.9   0.0    52    90   339   378   332   384 0.79 transcript=T265_03001 gene=T265_03001
T265_03001           -           1517 266469at33208        -            223   2.3e-08   33.6   0.0   2   2   1.6e-10   1.2e-07   31.3   0.0     2    61   572   629   571   636 0.93 transcript=T265_03001 gene=T265_03001
T265_14611           -            290 266469at33208        -            223   4.1e-06   26.3   0.4   1   2   4.2e-06    0.0031   16.9   0.3     6    21    52    67    48   115 0.80 transcript=T265_14611 gene=T265_14611
T265_14611           -            290 266469at33208        -            223   4.1e-06   26.3   0.4   2   2     0.003       2.2    7.5   0.0    42    63   115   136   110   145 0.83 transcript=T265_14611 gene=T265_14611
T265_05208           -            490 266469at33208        -            223   2.6e-05   23.6   0.1   1   2   6.8e-07    0.0005   19.5   0.0     2    96    64   158    63   237 0.74 transcript=T265_05208 gene=T265_05208
T265_05208           -            490 266469at33208        -            223   2.6e-05   23.6   0.1   2   2      0.12        87    2.3   0.1    96   113   235   252   199   260 0.66 transcript=T265_05208 gene=T265_05208
T265_13560           -            359 266469at33208        -            223   0.00011   21.6   0.0   1   3   4.8e-07   0.00036   19.9   0.0     4    58   158   213   156   222 0.85 transcript=T265_13560 gene=T265_13560
T265_13560           -            359 266469at33208        -            223   0.00011   21.6   0.0   2   3       8.5   6.3e+03   -3.8   0.0   103   112   296   305   294   317 0.77 transcript=T265_13560 gene=T265_13560
T265_13560           -            359 266469at33208        -            223   0.00011   21.6   0.0   3   3       4.3   3.2e+03   -2.8   0.0   127   140   340   353   338   357 0.85 transcript=T265_13560 gene=T265_13560
T265_07131           -            688 266469at33208        -            223   0.00031   20.1   0.0   1   1   9.5e-07   0.00071   19.0   0.0     6    61   174   229   170   269 0.71 transcript=T265_07131 gene=T265_07131
T265_00734           -            791 266469at33208        -            223   0.00042   19.7   0.4   1   3   2.2e-06    0.0016   17.8   0.0     2    67    92   160    91   179 0.76 transcript=T265_00734 gene=T265_00734
T265_00734           -            791 266469at33208        -            223   0.00042   19.7   0.4   2   3       4.9   3.6e+03   -3.0   0.0    48    58   193   203   185   233 0.79 transcript=T265_00734 gene=T265_00734
T265_00734           -            791 266469at33208        -            223   0.00042   19.7   0.4   3   3       8.6   6.4e+03   -3.8   0.1   134   153   692   713   667   727 0.47 transcript=T265_00734 gene=T265_00734
T265_04561           -            352 266469at33208        -            223   0.00063   19.1   0.4   1   3   1.7e-05     0.013   14.9   0.0     1    27    98   124    98   156 0.77 transcript=T265_04561 gene=T265_04561
T265_04561           -            352 266469at33208        -            223   0.00063   19.1   0.4   2   3      0.31   2.3e+02    0.9   0.3   103   157   248   302   219   319 0.63 transcript=T265_04561 gene=T265_04561
T265_04561           -            352 266469at33208        -            223   0.00063   19.1   0.4   3   3      0.45   3.4e+02    0.4   0.1    83   138   272   329   252   337 0.75 transcript=T265_04561 gene=T265_04561
T265_09876           -           1469 266469at33208        -            223   0.00079   18.8   0.1   1   1   1.9e-06    0.0014   18.0   0.1    42   134    54   146    47   162 0.87 transcript=T265_09876 gene=T265_09876
T265_13231           -            196 266469at33208        -            223     0.001   18.5   0.0   1   1   1.6e-06    0.0012   18.3   0.0     2   113    19   136    18   182 0.76 transcript=T265_13231 gene=T265_13231
T265_12727           -            737 266469at33208        -            223    0.0035   16.7   0.0   1   3       5.3     4e+03   -3.1   0.0   104   118   256   272   254   318 0.42 transcript=T265_12727 gene=T265_12727
T265_12727           -            737 266469at33208        -            223    0.0035   16.7   0.0   2   3     3e-05     0.023   14.1   0.0     3    28   326   351   325   363 0.86 transcript=T265_12727 gene=T265_12727
T265_12727           -            737 266469at33208        -            223    0.0035   16.7   0.0   3   3       1.4   1.1e+03   -1.2   0.0    51    77   509   535   504   538 0.81 transcript=T265_12727 gene=T265_12727
T265_01856           -           1513 266469at33208        -            223    0.0062   15.9   0.1   1   5     0.036        27    4.0   0.0     4    24    83   103    81   119 0.84 transcript=T265_01856 gene=T265_01856
T265_01856           -           1513 266469at33208        -            223    0.0062   15.9   0.1   2   5      0.72   5.4e+02   -0.3   0.0     2    20   351   369   351   375 0.83 transcript=T265_01856 gene=T265_01856
T265_01856           -           1513 266469at33208        -            223    0.0062   15.9   0.1   3   5         1   7.6e+02   -0.7   0.0     5    18   951   964   948   977 0.84 transcript=T265_01856 gene=T265_01856
T265_01856           -           1513 266469at33208        -            223    0.0062   15.9   0.1   4   5       0.6   4.5e+02    0.0   0.0     3    22  1181  1200  1180  1223 0.82 transcript=T265_01856 gene=T265_01856
T265_01856           -           1513 266469at33208        -            223    0.0062   15.9   0.1   5   5     0.056        41    3.4   0.0     2    19  1461  1478  1460  1491 0.85 transcript=T265_01856 gene=T265_01856
T265_05018           -            508 266469at33208        -            223     0.013   14.8   0.0   1   1   4.5e-05     0.034   13.5   0.0     5    57   155   218   152   222 0.67 transcript=T265_05018 gene=T265_05018
T265_06814           -            194 266469at33208        -            223     0.013   14.8   0.2   1   1   7.4e-05     0.055   12.8   0.2     2   111    21   134    20   182 0.82 transcript=T265_06814 gene=T265_06814
T265_00011           -            233 266469at33208        -            223     0.023   14.0   0.0   1   1   7.1e-05     0.053   12.8   0.0     3   114    48   165    46   205 0.78 transcript=T265_00011 gene=T265_00011
T265_00170           -           1171 266469at33208        -            223     0.045   13.1   0.0   1   3      0.02        15    4.9   0.0     3    23   304   323   302   333 0.80 transcript=T265_00170 gene=T265_00170
T265_00170           -           1171 266469at33208        -            223     0.045   13.1   0.0   2   3      0.13        97    2.2   0.0    20    67   458   505   452   531 0.76 transcript=T265_00170 gene=T265_00170
T265_00170           -           1171 266469at33208        -            223     0.045   13.1   0.0   3   3      0.19   1.4e+02    1.7   0.0     3    17   953   967   951   975 0.86 transcript=T265_00170 gene=T265_00170
T265_14148           -            464 266469at33208        -            223     0.052   12.9   0.0   1   1   0.00011     0.084   12.2   0.0     4    24   231   251   228   275 0.70 transcript=T265_14148 gene=T265_14148
T265_13362           -            666 266469at33208        -            223      0.14   11.5   0.2   1   3    0.0034       2.5    7.3   0.0     2    21   268   287   267   291 0.86 transcript=T265_13362 gene=T265_13362
T265_13362           -            666 266469at33208        -            223      0.14   11.5   0.2   2   3       2.2   1.7e+03   -1.9   0.0    35   111   341   420   315   439 0.62 transcript=T265_13362 gene=T265_13362
T265_13362           -            666 266469at33208        -            223      0.14   11.5   0.2   3   3      0.32   2.4e+02    0.9   0.0   134   214   467   549   446   555 0.79 transcript=T265_13362 gene=T265_13362
T265_06684           -            265 266469at33208        -            223      0.14   11.5   0.0   1   1   0.00032      0.24   10.7   0.0     1    31    98   128    98   140 0.89 transcript=T265_06684 gene=T265_06684
#
# Program:         hmmsearch
# Version:         3.4 (Aug 2023)
# Pipeline mode:   SEARCH
# Query file:      /users/40483456/busco_datasets/busco_downloads/lineages/metazoa_odb10/hmms/266469at33208.hmm
# Target file:     /users/40483456/protein/opisthorchis_viverrini.fa
# Option settings: hmmsearch --domtblout /users/40483456/busco/results_pro/opisthorchis_viverrini_busco/run_metazoa_odb10/hmmer_output/initial_run_results/266469at33208.out --cpu 1 /users/40483456/busco_datasets/busco_downloads/lineages/metazoa_odb10/hmms/266469at33208.hmm /users/40483456/protein/opisthorchis_viverrini.fa 
# Current dir:     /users/40483456
# Date:            Thu Jan 15 17:44:38 2026
# [ok]
