#                                                                            --- full sequence --- -------------- this domain -------------   hmm coord   ali coord   env coord
# target name        accession   tlen query name           accession   qlen   E-value  score  bias   #  of  c-Evalue  i-Evalue  score  bias  from    to  from    to  from    to  acc description of target
#------------------- ---------- ----- -------------------- ---------- ----- --------- ------ ----- --- --- --------- --------- ------ ----- ----- ----- ----- ----- ----- ----- ---- ---------------------
T265_07598           -            895 301572at33208        -            397  1.6e-185  616.5   8.1   1   4    0.0042        17    4.0   0.7     1    14     1    14     1    28 0.87 transcript=T265_07598 gene=T265_07598
T265_07598           -            895 301572at33208        -            397  1.6e-185  616.5   8.1   2   4  8.7e-101   3.6e-97  325.6   0.1    24   241    95   327    79   331 0.93 transcript=T265_07598 gene=T265_07598
T265_07598           -            895 301572at33208        -            397  1.6e-185  616.5   8.1   3   4   1.6e-86   6.6e-83  278.6   0.0   161   357   361   567   353   577 0.93 transcript=T265_07598 gene=T265_07598
T265_07598           -            895 301572at33208        -            397  1.6e-185  616.5   8.1   4   4   5.5e-05      0.22   10.2   0.0   352   369   588   605   582   617 0.85 transcript=T265_07598 gene=T265_07598
T265_05734           -            447 301572at33208        -            397   8.2e-32  110.4   0.9   1   2      0.13   5.2e+02   -0.9   0.1   244   270    59    85    37   109 0.64 transcript=T265_05734 gene=T265_05734
T265_05734           -            447 301572at33208        -            397   8.2e-32  110.4   0.9   2   2   4.4e-35   1.8e-31  109.3   0.1    35   263   162   404   148   438 0.80 transcript=T265_05734 gene=T265_05734
T265_07773           -            570 301572at33208        -            397   3.1e-31  108.5   0.1   1   1   1.4e-34   5.7e-31  107.6   0.1    30   293   164   442   150   452 0.81 transcript=T265_07773 gene=T265_07773
T265_01597           -            699 301572at33208        -            397   2.8e-06   26.3   5.9   1   4      0.76   3.1e+03   -3.5   0.0    41    69   242   270   237   271 0.58 transcript=T265_01597 gene=T265_01597
T265_01597           -            699 301572at33208        -            397   2.8e-06   26.3   5.9   2   4   4.5e-06     0.018   13.8   0.4   158   204   404   450   393   466 0.82 transcript=T265_01597 gene=T265_01597
T265_01597           -            699 301572at33208        -            397   2.8e-06   26.3   5.9   3   4   2.8e-05      0.11   11.1   0.0   213   239   495   521   468   531 0.87 transcript=T265_01597 gene=T265_01597
T265_01597           -            699 301572at33208        -            397   2.8e-06   26.3   5.9   4   4     0.013        53    2.4   0.1   241   294   549   602   536   609 0.84 transcript=T265_01597 gene=T265_01597
#
# Program:         hmmsearch
# Version:         3.4 (Aug 2023)
# Pipeline mode:   SEARCH
# Query file:      /users/40483456/busco_datasets/busco_downloads/lineages/metazoa_odb10/hmms/301572at33208.hmm
# Target file:     /users/40483456/protein/opisthorchis_viverrini.fa
# Option settings: hmmsearch --domtblout /users/40483456/busco/results_pro/opisthorchis_viverrini_busco/run_metazoa_odb10/hmmer_output/initial_run_results/301572at33208.out --cpu 1 /users/40483456/busco_datasets/busco_downloads/lineages/metazoa_odb10/hmms/301572at33208.hmm /users/40483456/protein/opisthorchis_viverrini.fa 
# Current dir:     /users/40483456
# Date:            Thu Jan 15 17:44:40 2026
# [ok]
