#                                                                            --- full sequence --- -------------- this domain -------------   hmm coord   ali coord   env coord
# target name        accession   tlen query name           accession   qlen   E-value  score  bias   #  of  c-Evalue  i-Evalue  score  bias  from    to  from    to  from    to  acc description of target
#------------------- ---------- ----- -------------------- ---------- ----- --------- ------ ----- --- --- --------- --------- ------ ----- ----- ----- ----- ----- ----- ----- ---- ---------------------
T265_03312           -           1182 333800at33208        -            581   7.9e-80  269.2  11.0   1   7     5e-17   8.2e-13   48.0   0.0    17   156    91   264    85   272 0.78 transcript=T265_03312 gene=T265_03312
T265_03312           -           1182 333800at33208        -            581   7.9e-80  269.2  11.0   2   7   0.00091        15    4.2   0.0   158   216   344   407   342   441 0.71 transcript=T265_03312 gene=T265_03312
T265_03312           -           1182 333800at33208        -            581   7.9e-80  269.2  11.0   3   7   7.8e-22   1.3e-17   63.8   0.1   218   306   475   563   460   573 0.91 transcript=T265_03312 gene=T265_03312
T265_03312           -           1182 333800at33208        -            581   7.9e-80  269.2  11.0   4   7   4.4e-17   7.3e-13   48.1   0.4   305   352   677   726   670   735 0.89 transcript=T265_03312 gene=T265_03312
T265_03312           -           1182 333800at33208        -            581   7.9e-80  269.2  11.0   5   7   6.6e-14   1.1e-09   37.7   0.0   386   447   927   988   896   995 0.84 transcript=T265_03312 gene=T265_03312
T265_03312           -           1182 333800at33208        -            581   7.9e-80  269.2  11.0   6   7   3.4e-17   5.6e-13   48.5   0.0   449   508  1011  1072  1005  1074 0.85 transcript=T265_03312 gene=T265_03312
T265_03312           -           1182 333800at33208        -            581   7.9e-80  269.2  11.0   7   7   3.9e-08   0.00064   18.6   0.1   507   546  1113  1153  1109  1160 0.86 transcript=T265_03312 gene=T265_03312
#
# Program:         hmmsearch
# Version:         3.4 (Aug 2023)
# Pipeline mode:   SEARCH
# Query file:      /users/40483456/busco_datasets/busco_downloads/lineages/metazoa_odb10/hmms/333800at33208.hmm
# Target file:     /users/40483456/protein/opisthorchis_viverrini.fa
# Option settings: hmmsearch --domtblout /users/40483456/busco/results_pro/opisthorchis_viverrini_busco/run_metazoa_odb10/hmmer_output/initial_run_results/333800at33208.out --cpu 1 /users/40483456/busco_datasets/busco_downloads/lineages/metazoa_odb10/hmms/333800at33208.hmm /users/40483456/protein/opisthorchis_viverrini.fa 
# Current dir:     /users/40483456
# Date:            Thu Jan 15 17:44:42 2026
# [ok]
