#                                                                            --- full sequence --- -------------- this domain -------------   hmm coord   ali coord   env coord
# target name        accession   tlen query name           accession   qlen   E-value  score  bias   #  of  c-Evalue  i-Evalue  score  bias  from    to  from    to  from    to  acc description of target
#------------------- ---------- ----- -------------------- ---------- ----- --------- ------ ----- --- --- --------- --------- ------ ----- ----- ----- ----- ----- ----- ----- ---- ---------------------
T265_15203           -            326 380583at33208        -            274  1.3e-105  352.4   0.0   1   1  1.1e-107  1.5e-105  352.2   0.0     4   274    27   316    24   316 0.92 transcript=T265_15203 gene=T265_15203
T265_10294           -            450 380583at33208        -            274   4.5e-36  124.4   6.8   1   4   7.4e-09     1e-06   28.1   0.0     4    79   101   174    98   179 0.89 transcript=T265_10294 gene=T265_10294
T265_10294           -            450 380583at33208        -            274   4.5e-36  124.4   6.8   2   4   8.4e-08   1.1e-05   24.6   0.0   154   214   180   240   176   247 0.89 transcript=T265_10294 gene=T265_10294
T265_10294           -            450 380583at33208        -            274   4.5e-36  124.4   6.8   3   4   5.1e-10   6.9e-08   31.9   0.2    10    79   255   321   249   326 0.86 transcript=T265_10294 gene=T265_10294
T265_10294           -            450 380583at33208        -            274   4.5e-36  124.4   6.8   4   4   3.1e-12   4.2e-10   39.2   0.1     2   107   331   444   330   448 0.80 transcript=T265_10294 gene=T265_10294
T265_09776           -            410 380583at33208        -            274   2.7e-32  112.0   9.2   1   5   0.00041     0.055   12.5   0.0    41    78    76   112    71   117 0.88 transcript=T265_09776 gene=T265_09776
T265_09776           -            410 380583at33208        -            274   2.7e-32  112.0   9.2   2   5   9.2e-14   1.2e-11   44.2   0.1   151   237   116   202   111   208 0.94 transcript=T265_09776 gene=T265_09776
T265_09776           -            410 380583at33208        -            274   2.7e-32  112.0   9.2   3   5   6.3e-06   0.00084   18.5   0.0     2    60   207   263   206   289 0.85 transcript=T265_09776 gene=T265_09776
T265_09776           -            410 380583at33208        -            274   2.7e-32  112.0   9.2   4   5   1.8e-09   2.4e-07   30.1   0.1    15    82   308   372   299   378 0.84 transcript=T265_09776 gene=T265_09776
T265_09776           -            410 380583at33208        -            274   2.7e-32  112.0   9.2   5   5   2.1e-09   2.8e-07   29.9   0.6     2    78   337   410   336   410 0.89 transcript=T265_09776 gene=T265_09776
T265_02802           -            703 380583at33208        -            274   4.7e-32  111.1   2.7   1   4    0.0031      0.41    9.7   0.0    45    78   360   392   348   416 0.66 transcript=T265_02802 gene=T265_02802
T265_02802           -            703 380583at33208        -            274   4.7e-32  111.1   2.7   2   4   1.7e-09   2.3e-07   30.2   0.0     4    83   415   490   411   498 0.88 transcript=T265_02802 gene=T265_02802
T265_02802           -            703 380583at33208        -            274   4.7e-32  111.1   2.7   3   4   7.8e-09     1e-06   28.0   0.2     9   100   503   595   495   600 0.76 transcript=T265_02802 gene=T265_02802
T265_02802           -            703 380583at33208        -            274   4.7e-32  111.1   2.7   4   4   1.1e-12   1.4e-10   40.7   0.0   174   253   604   683   597   698 0.92 transcript=T265_02802 gene=T265_02802
T265_11847           -            364 380583at33208        -            274   7.5e-24   84.3   0.6   1   4   3.6e-08   4.8e-06   25.8   0.1     2    79    69   144    68   150 0.88 transcript=T265_11847 gene=T265_11847
T265_11847           -            364 380583at33208        -            274   7.5e-24   84.3   0.6   2   4   0.00016     0.021   13.9   0.0    41    83   149   191   144   198 0.89 transcript=T265_11847 gene=T265_11847
T265_11847           -            364 380583at33208        -            274   7.5e-24   84.3   0.6   3   4   7.3e-06   0.00098   18.3   0.0     4    80   198   271   195   287 0.86 transcript=T265_11847 gene=T265_11847
T265_11847           -            364 380583at33208        -            274   7.5e-24   84.3   0.6   4   4   4.2e-07   5.7e-05   22.3   0.0     9    71   295   354   286   360 0.86 transcript=T265_11847 gene=T265_11847
T265_02017           -            356 380583at33208        -            274   8.3e-24   84.1  12.1   1   4   1.5e-08     2e-06   27.1   0.7     4    77    15    89    12   102 0.85 transcript=T265_02017 gene=T265_02017
T265_02017           -            356 380583at33208        -            274   8.3e-24   84.1  12.1   2   4   5.6e-11   7.6e-09   35.0   0.8     2    75   107   180   106   181 0.91 transcript=T265_02017 gene=T265_02017
T265_02017           -            356 380583at33208        -            274   8.3e-24   84.1  12.1   3   4   2.6e-10   3.5e-08   32.8   1.0     2    88   152   237   151   242 0.91 transcript=T265_02017 gene=T265_02017
T265_02017           -            356 380583at33208        -            274   8.3e-24   84.1  12.1   4   4   0.00033     0.044   12.9   0.0     2    37   248   283   247   346 0.90 transcript=T265_02017 gene=T265_02017
T265_09809           -            793 380583at33208        -            274   1.2e-22   80.3   0.1   1   4     0.071       9.5    5.2   0.0    43    78    24    58     1    65 0.59 transcript=T265_09809 gene=T265_09809
T265_09809           -            793 380583at33208        -            274   1.2e-22   80.3   0.1   2   4   1.4e-05    0.0019   17.4   0.0   144   227    50   138    49   148 0.77 transcript=T265_09809 gene=T265_09809
T265_09809           -            793 380583at33208        -            274   1.2e-22   80.3   0.1   3   4   1.8e-16   2.4e-14   53.1   0.0   154   264   149   260   132   261 0.90 transcript=T265_09809 gene=T265_09809
T265_09809           -            793 380583at33208        -            274   1.2e-22   80.3   0.1   4   4   1.7e-05    0.0023   17.1   0.0    42    86   233   277   225   312 0.72 transcript=T265_09809 gene=T265_09809
T265_15197           -            677 380583at33208        -            274   4.3e-22   78.5   4.8   1   5     2e-06   0.00027   20.1   0.0    42   110   239   312   223   319 0.74 transcript=T265_15197 gene=T265_15197
T265_15197           -            677 380583at33208        -            274   4.3e-22   78.5   4.8   2   5    0.0067       0.9    8.6   0.0   156   193   284   321   280   338 0.78 transcript=T265_15197 gene=T265_15197
T265_15197           -            677 380583at33208        -            274   4.3e-22   78.5   4.8   3   5   6.6e-05    0.0089   15.1   0.5    12    76   359   419   346   443 0.81 transcript=T265_15197 gene=T265_15197
T265_15197           -            677 380583at33208        -            274   4.3e-22   78.5   4.8   4   5   7.3e-07   9.8e-05   21.6   0.0    16    76   493   552   484   559 0.92 transcript=T265_15197 gene=T265_15197
T265_15197           -            677 380583at33208        -            274   4.3e-22   78.5   4.8   5   5   3.5e-05    0.0047   16.0   0.4     2   108   565   671   564   673 0.78 transcript=T265_15197 gene=T265_15197
T265_14327           -            318 380583at33208        -            274   1.3e-21   76.9   6.7   1   5       1.2   1.6e+02    1.2   0.2    42    76    24    61    14    72 0.72 transcript=T265_14327 gene=T265_14327
T265_14327           -            318 380583at33208        -            274   1.3e-21   76.9   6.7   2   5   1.2e-08   1.5e-06   27.5   0.0   155   255    73   174    63   177 0.92 transcript=T265_14327 gene=T265_14327
T265_14327           -            318 380583at33208        -            274   1.3e-21   76.9   6.7   3   5     0.033       4.4    6.3   0.0     6    34   164   192   160   199 0.85 transcript=T265_14327 gene=T265_14327
T265_14327           -            318 380583at33208        -            274   1.3e-21   76.9   6.7   4   5   1.5e-12     2e-10   40.2   0.6     2    80   201   277   200   282 0.88 transcript=T265_14327 gene=T265_14327
T265_14327           -            318 380583at33208        -            274   1.3e-21   76.9   6.7   5   5      0.12        16    4.5   0.0     2    31   286   315   285   318 0.93 transcript=T265_14327 gene=T265_14327
T265_02926           -            416 380583at33208        -            274   1.5e-21   76.7   7.2   1   5       3.6   4.9e+02   -0.4   0.0    45    74   113   142    99   155 0.75 transcript=T265_02926 gene=T265_02926
T265_02926           -            416 380583at33208        -            274   1.5e-21   76.7   7.2   2   5   9.1e-05     0.012   14.7   0.0    40    80   161   201   153   207 0.90 transcript=T265_02926 gene=T265_02926
T265_02926           -            416 380583at33208        -            274   1.5e-21   76.7   7.2   3   5   9.3e-06    0.0012   17.9   0.1    37    83   208   254   202   261 0.88 transcript=T265_02926 gene=T265_02926
T265_02926           -            416 380583at33208        -            274   1.5e-21   76.7   7.2   4   5   2.1e-11   2.8e-09   36.5   0.2     1    83   262   344   262   351 0.88 transcript=T265_02926 gene=T265_02926
T265_02926           -            416 380583at33208        -            274   1.5e-21   76.7   7.2   5   5     0.018       2.5    7.1   0.1    44    81   362   399   357   415 0.84 transcript=T265_02926 gene=T265_02926
T265_02742           -           1007 380583at33208        -            274     3e-20   72.4   0.9   1   3   2.5e-08   3.3e-06   26.4   0.0   161   263    17   120     7   124 0.91 transcript=T265_02742 gene=T265_02742
T265_02742           -           1007 380583at33208        -            274     3e-20   72.4   0.9   2   3   8.4e-06    0.0011   18.1   0.1    40    76   135   171   123   178 0.90 transcript=T265_02742 gene=T265_02742
T265_02742           -           1007 380583at33208        -            274     3e-20   72.4   0.9   3   3   1.2e-07   1.7e-05   24.1   0.0     2   106   184   292   183   302 0.72 transcript=T265_02742 gene=T265_02742
T265_05767           -            473 380583at33208        -            274   6.1e-20   71.4   7.2   1   5   0.00015      0.02   14.0   0.0    40    80   222   262   216   270 0.90 transcript=T265_05767 gene=T265_05767
T265_05767           -            473 380583at33208        -            274   6.1e-20   71.4   7.2   2   5   1.3e-06   0.00017   20.8   0.1    39    81   271   313   264   322 0.87 transcript=T265_05767 gene=T265_05767
T265_05767           -            473 380583at33208        -            274   6.1e-20   71.4   7.2   3   5     1e-05    0.0014   17.8   0.0   154   191   320   358   312   362 0.74 transcript=T265_05767 gene=T265_05767
T265_05767           -            473 380583at33208        -            274   6.1e-20   71.4   7.2   4   5   8.8e-10   1.2e-07   31.1   0.4     2    78   324   400   323   412 0.85 transcript=T265_05767 gene=T265_05767
T265_05767           -            473 380583at33208        -            274   6.1e-20   71.4   7.2   5   5     0.089        12    4.9   0.1    44    78   423   457   419   467 0.89 transcript=T265_05767 gene=T265_05767
T265_04541           -            370 380583at33208        -            274   4.4e-19   68.6   9.2   1   5   7.7e-05      0.01   14.9   0.2    16    79    49   112    41   126 0.83 transcript=T265_04541 gene=T265_04541
T265_04541           -            370 380583at33208        -            274   4.4e-19   68.6   9.2   2   5   8.5e-07   0.00011   21.4   0.0     6    83   126   203   121   205 0.78 transcript=T265_04541 gene=T265_04541
T265_04541           -            370 380583at33208        -            274   4.4e-19   68.6   9.2   3   5   9.5e-06    0.0013   17.9   0.1    41    80   204   243   198   247 0.93 transcript=T265_04541 gene=T265_04541
T265_04541           -            370 380583at33208        -            274   4.4e-19   68.6   9.2   4   5    0.0039      0.52    9.3   0.0    42    80   248   286   244   291 0.92 transcript=T265_04541 gene=T265_04541
T265_04541           -            370 380583at33208        -            274   4.4e-19   68.6   9.2   5   5     0.015       2.1    7.4   0.1     1    31   338   368   338   370 0.94 transcript=T265_04541 gene=T265_04541
T265_01466           -            650 380583at33208        -            274   1.8e-18   66.6   0.2   1   4    0.0099       1.3    8.0   0.0     6    45   217   256   212   262 0.70 transcript=T265_01466 gene=T265_01466
T265_01466           -            650 380583at33208        -            274   1.8e-18   66.6   0.2   2   4   4.8e-10   6.4e-08   32.0   0.0   161   238   266   344   258   346 0.92 transcript=T265_01466 gene=T265_01466
T265_01466           -            650 380583at33208        -            274   1.8e-18   66.6   0.2   3   4     4e-06   0.00054   19.1   0.0     2    83   348   433   347   469 0.78 transcript=T265_01466 gene=T265_01466
T265_01466           -            650 380583at33208        -            274   1.8e-18   66.6   0.2   4   4      0.49        66    2.4   0.0    40    75   478   512   445   520 0.59 transcript=T265_01466 gene=T265_01466
T265_10134           -            502 380583at33208        -            274   7.4e-18   64.6   5.9   1   5      0.93   1.2e+02    1.5   0.0   151   189    61    99    28   106 0.83 transcript=T265_10134 gene=T265_10134
T265_10134           -            502 380583at33208        -            274   7.4e-18   64.6   5.9   2   5   0.00018     0.024   13.7   0.0     1    43   111   153   111   173 0.84 transcript=T265_10134 gene=T265_10134
T265_10134           -            502 380583at33208        -            274   7.4e-18   64.6   5.9   3   5   0.00013     0.018   14.1   0.2   139   263   184   309   172   312 0.85 transcript=T265_10134 gene=T265_10134
T265_10134           -            502 380583at33208        -            274   7.4e-18   64.6   5.9   4   5      0.59        79    2.2   0.0    11    36   382   407   378   421 0.72 transcript=T265_10134 gene=T265_10134
T265_10134           -            502 380583at33208        -            274   7.4e-18   64.6   5.9   5   5   1.6e-09   2.2e-07   30.3   0.1     3    78   427   500   425   502 0.85 transcript=T265_10134 gene=T265_10134
T265_07849           -            456 380583at33208        -            274   3.1e-17   62.6   6.6   1   4   1.7e-05    0.0023   17.1   0.0   153   188   140   175   136   184 0.90 transcript=T265_07849 gene=T265_07849
T265_07849           -            456 380583at33208        -            274   3.1e-17   62.6   6.6   2   4   1.9e-08   2.6e-06   26.8   0.2     2    81   187   263   186   268 0.91 transcript=T265_07849 gene=T265_07849
T265_07849           -            456 380583at33208        -            274   3.1e-17   62.6   6.6   3   4   0.00026     0.035   13.2   0.9    43   201   268   314   263   385 0.52 transcript=T265_07849 gene=T265_07849
T265_07849           -            456 380583at33208        -            274   3.1e-17   62.6   6.6   4   4     0.076        10    5.1   0.0     5    35   406   436   402   444 0.83 transcript=T265_07849 gene=T265_07849
T265_10890           -            923 380583at33208        -            274   3.3e-17   62.5   2.2   1   3   5.7e-06   0.00076   18.6   0.0    10    76   636   706   630   713 0.78 transcript=T265_10890 gene=T265_10890
T265_10890           -            923 380583at33208        -            274   3.3e-17   62.5   2.2   2   3   1.8e-06   0.00024   20.3   0.0     5    79   723   794   719   800 0.87 transcript=T265_10890 gene=T265_10890
T265_10890           -            923 380583at33208        -            274   3.3e-17   62.5   2.2   3   3   2.8e-06   0.00038   19.6   0.4    12   105   814   910   803   916 0.80 transcript=T265_10890 gene=T265_10890
T265_07566           -            898 380583at33208        -            274   5.3e-17   61.8   3.7   1   4      0.17        22    4.0   0.0    49    78    56    84    26   112 0.78 transcript=T265_07566 gene=T265_07566
T265_07566           -            898 380583at33208        -            274   5.3e-17   61.8   3.7   2   4      0.32        43    3.0   0.0    52    78   123   148   111   154 0.79 transcript=T265_07566 gene=T265_07566
T265_07566           -            898 380583at33208        -            274   5.3e-17   61.8   3.7   3   4   3.1e-09   4.2e-07   29.3   0.8     2    90   161   246   160   257 0.85 transcript=T265_07566 gene=T265_07566
T265_07566           -            898 380583at33208        -            274   5.3e-17   61.8   3.7   4   4   3.2e-07   4.2e-05   22.8   0.0     5    79   257   328   253   338 0.88 transcript=T265_07566 gene=T265_07566
T265_04973           -            315 380583at33208        -            274   7.6e-17   61.3   6.0   1   4   4.7e-06   0.00062   18.9   0.0    42    79     6    43     1    48 0.92 transcript=T265_04973 gene=T265_04973
T265_04973           -            315 380583at33208        -            274   7.6e-17   61.3   6.0   2   4      0.11        15    4.6   0.1     2    34    58    90    50    98 0.50 transcript=T265_04973 gene=T265_04973
T265_04973           -            315 380583at33208        -            274   7.6e-17   61.3   6.0   3   4   1.6e-09   2.1e-07   30.3   0.7     1   109    99   212    99   221 0.76 transcript=T265_04973 gene=T265_04973
T265_04973           -            315 380583at33208        -            274   7.6e-17   61.3   6.0   4   4    0.0065      0.87    8.6   0.0     2   109   187   305   186   311 0.64 transcript=T265_04973 gene=T265_04973
T265_10945           -            493 380583at33208        -            274   8.5e-16   57.8   5.3   1   3   1.2e-09   1.6e-07   30.7   0.1    15    79   261   326   244   336 0.78 transcript=T265_10945 gene=T265_10945
T265_10945           -            493 380583at33208        -            274   8.5e-16   57.8   5.3   2   3   0.00078       0.1   11.6   0.1    45    80   339   374   329   380 0.92 transcript=T265_10945 gene=T265_10945
T265_10945           -            493 380583at33208        -            274   8.5e-16   57.8   5.3   3   3     5e-05    0.0067   15.5   0.1    41    81   392   432   384   440 0.89 transcript=T265_10945 gene=T265_10945
T265_07048           -            576 380583at33208        -            274   1.2e-15   57.3   0.1   1   2   7.2e-08   9.7e-06   24.8   0.0    14    79   294   356   280   363 0.85 transcript=T265_07048 gene=T265_07048
T265_07048           -            576 380583at33208        -            274   1.2e-15   57.3   0.1   2   2   0.00026     0.035   13.2   0.0   160   198   461   499   448   535 0.74 transcript=T265_07048 gene=T265_07048
T265_00780           -           1063 380583at33208        -            274   2.1e-15   56.6   3.2   1   5     0.017       2.3    7.2   0.0   156   220   133   205    99   212 0.58 transcript=T265_00780 gene=T265_00780
T265_00780           -           1063 380583at33208        -            274   2.1e-15   56.6   3.2   2   5   9.8e-05     0.013   14.6   0.1     5    79   236   309   233   318 0.88 transcript=T265_00780 gene=T265_00780
T265_00780           -           1063 380583at33208        -            274   2.1e-15   56.6   3.2   3   5   4.5e-06    0.0006   19.0   0.1     2    77   428   501   427   512 0.92 transcript=T265_00780 gene=T265_00780
T265_00780           -           1063 380583at33208        -            274   2.1e-15   56.6   3.2   4   5     0.026       3.4    6.7   0.0     9    79   522   594   514   651 0.65 transcript=T265_00780 gene=T265_00780
T265_00780           -           1063 380583at33208        -            274   2.1e-15   56.6   3.2   5   5      0.19        26    3.8   0.0     3    40   678   715   676   743 0.82 transcript=T265_00780 gene=T265_00780
T265_11948           -            665 380583at33208        -            274   4.8e-15   55.4   4.1   1   6    0.0012      0.16   11.1   0.0   153   218    58   128    40   130 0.85 transcript=T265_11948 gene=T265_11948
T265_11948           -            665 380583at33208        -            274   4.8e-15   55.4   4.1   2   6   0.00043     0.058   12.5   0.0     2    82   110   192   109   221 0.80 transcript=T265_11948 gene=T265_11948
T265_11948           -            665 380583at33208        -            274   4.8e-15   55.4   4.1   3   6     0.022       2.9    6.9   0.0     5    78   303   373   299   388 0.80 transcript=T265_11948 gene=T265_11948
T265_11948           -            665 380583at33208        -            274   4.8e-15   55.4   4.1   4   6     0.074       9.9    5.1   0.0     9    79   391   459   384   467 0.85 transcript=T265_11948 gene=T265_11948
T265_11948           -            665 380583at33208        -            274   4.8e-15   55.4   4.1   5   6     0.004      0.54    9.3   0.1     2    77   505   576   504   584 0.83 transcript=T265_11948 gene=T265_11948
T265_11948           -            665 380583at33208        -            274   4.8e-15   55.4   4.1   6   6    0.0013      0.17   10.9   0.0     5    77   592   661   588   665 0.84 transcript=T265_11948 gene=T265_11948
T265_12663           -           1079 380583at33208        -            274   2.4e-14   53.1   0.2   1   4      0.24        32    3.5   0.0   161   185   721   745   709   759 0.79 transcript=T265_12663 gene=T265_12663
T265_12663           -           1079 380583at33208        -            274   2.4e-14   53.1   0.2   2   4   0.00017     0.022   13.8   0.0     2    34   773   805   772   871 0.88 transcript=T265_12663 gene=T265_12663
T265_12663           -           1079 380583at33208        -            274   2.4e-14   53.1   0.2   3   4    0.0068      0.92    8.5   0.0   155   226   909   984   895   996 0.65 transcript=T265_12663 gene=T265_12663
T265_12663           -           1079 380583at33208        -            274   2.4e-14   53.1   0.2   4   4   9.7e-07   0.00013   21.2   0.0     2    75  1000  1074   999  1077 0.86 transcript=T265_12663 gene=T265_12663
T265_02688           -            441 380583at33208        -            274   4.1e-14   52.3   0.2   1   3   0.00068     0.091   11.8   0.1   155   193   112   150   105   158 0.88 transcript=T265_02688 gene=T265_02688
T265_02688           -            441 380583at33208        -            274   4.1e-14   52.3   0.2   2   3   0.00013     0.018   14.2   0.0     2    80   180   259   179   266 0.83 transcript=T265_02688 gene=T265_02688
T265_02688           -            441 380583at33208        -            274   4.1e-14   52.3   0.2   3   3   5.9e-07   7.9e-05   21.9   0.1   157   238   270   353   261   376 0.87 transcript=T265_02688 gene=T265_02688
T265_11741           -            379 380583at33208        -            274   8.3e-14   51.3  12.3   1   5   1.9e-05    0.0025   16.9   0.3     2    76    20    94    19   112 0.86 transcript=T265_11741 gene=T265_11741
T265_11741           -            379 380583at33208        -            274   8.3e-14   51.3  12.3   2   5   8.1e-05     0.011   14.9   0.1    12    53   115   154   106   163 0.84 transcript=T265_11741 gene=T265_11741
T265_11741           -            379 380583at33208        -            274   8.3e-14   51.3  12.3   3   5   0.00028     0.038   13.1   0.1    19    80   193   251   175   258 0.85 transcript=T265_11741 gene=T265_11741
T265_11741           -            379 380583at33208        -            274   8.3e-14   51.3  12.3   4   5    0.0021      0.28   10.2   0.2     8    84   264   335   258   347 0.71 transcript=T265_11741 gene=T265_11741
T265_11741           -            379 380583at33208        -            274   8.3e-14   51.3  12.3   5   5       2.2   2.9e+02    0.3   0.0   164   190   344   371   338   377 0.82 transcript=T265_11741 gene=T265_11741
T265_04343           -            726 380583at33208        -            274   1.4e-13   50.6   4.3   1   4      0.03         4    6.4   0.1    60    78   134   152    89   157 0.85 transcript=T265_04343 gene=T265_04343
T265_04343           -            726 380583at33208        -            274   1.4e-13   50.6   4.3   2   4   1.1e-08   1.5e-06   27.5   1.3    17   119   136   242   133   243 0.79 transcript=T265_04343 gene=T265_04343
T265_04343           -            726 380583at33208        -            274   1.4e-13   50.6   4.3   3   4   2.6e-09   3.5e-07   29.6   0.3     2   103   207   313   206   321 0.78 transcript=T265_04343 gene=T265_04343
T265_04343           -            726 380583at33208        -            274   1.4e-13   50.6   4.3   4   4      0.12        16    4.5   0.0     1    59   293   352   293   361 0.85 transcript=T265_04343 gene=T265_04343
T265_05076           -            335 380583at33208        -            274   2.4e-13   49.8   5.7   1   4   5.4e-05    0.0073   15.4   0.1    16    84    44   118    35   135 0.74 transcript=T265_05076 gene=T265_05076
T265_05076           -            335 380583at33208        -            274   2.4e-13   49.8   5.7   2   4    0.0083       1.1    8.3   0.2    42    81   143   192   134   214 0.67 transcript=T265_05076 gene=T265_05076
T265_05076           -            335 380583at33208        -            274   2.4e-13   49.8   5.7   3   4   3.3e-08   4.4e-06   26.0   0.0    19    79   223   283   210   289 0.91 transcript=T265_05076 gene=T265_05076
T265_05076           -            335 380583at33208        -            274   2.4e-13   49.8   5.7   4   4       7.6     1e+03   -1.5   0.0   137   153   319   335   313   335 0.67 transcript=T265_05076 gene=T265_05076
T265_10741           -            727 380583at33208        -            274   8.6e-13   48.0   1.2   1   3     0.011       1.5    7.8   0.1     2    30   405   433   401   444 0.90 transcript=T265_10741 gene=T265_10741
T265_10741           -            727 380583at33208        -            274   8.6e-13   48.0   1.2   2   3   4.2e-08   5.6e-06   25.6   0.1     4    80   450   525   445   532 0.87 transcript=T265_10741 gene=T265_10741
T265_10741           -            727 380583at33208        -            274   8.6e-13   48.0   1.2   3   3    0.0048      0.65    9.0   0.0     2    36   534   568   533   639 0.61 transcript=T265_10741 gene=T265_10741
T265_13041           -            401 380583at33208        -            274   2.7e-12   46.4   4.3   1   4   8.5e-08   1.1e-05   24.6   0.1     2    75    58   132    57   132 0.96 transcript=T265_13041 gene=T265_13041
T265_13041           -            401 380583at33208        -            274   2.7e-12   46.4   4.3   2   4   2.7e-07   3.6e-05   23.0   0.0    14    75   116   178   112   210 0.88 transcript=T265_13041 gene=T265_13041
T265_13041           -            401 380583at33208        -            274   2.7e-12   46.4   4.3   3   4      0.75     1e+02    1.8   0.2    37    75   252   293   217   297 0.62 transcript=T265_13041 gene=T265_13041
T265_13041           -            401 380583at33208        -            274   2.7e-12   46.4   4.3   4   4      0.13        17    4.3   0.0     6    49   336   381   331   395 0.79 transcript=T265_13041 gene=T265_13041
T265_01977           -            477 380583at33208        -            274     3e-12   46.2   1.9   1   3   1.1e-08   1.5e-06   27.5   0.1   161   246    98   183    93   201 0.87 transcript=T265_01977 gene=T265_01977
T265_01977           -            477 380583at33208        -            274     3e-12   46.2   1.9   2   3    0.0026      0.35    9.9   0.0   152   230   214   297   205   304 0.78 transcript=T265_01977 gene=T265_01977
T265_01977           -            477 380583at33208        -            274     3e-12   46.2   1.9   3   3      0.04       5.3    6.0   0.2     9    77   326   396   319   406 0.77 transcript=T265_01977 gene=T265_01977
T265_02349           -            405 380583at33208        -            274   3.6e-12   46.0   0.2   1   4   1.3e-05    0.0017   17.5   0.0     4    79   163   238   160   245 0.84 transcript=T265_02349 gene=T265_02349
T265_02349           -            405 380583at33208        -            274   3.6e-12   46.0   0.2   2   4   5.1e-06   0.00068   18.8   0.0   156   232   246   322   240   333 0.85 transcript=T265_02349 gene=T265_02349
T265_02349           -            405 380583at33208        -            274   3.6e-12   46.0   0.2   3   4    0.0049      0.66    9.0   0.0   158   226   290   360   289   373 0.82 transcript=T265_02349 gene=T265_02349
T265_02349           -            405 380583at33208        -            274   3.6e-12   46.0   0.2   4   4     0.043       5.8    5.9   0.1     6    76   338   405   330   405 0.77 transcript=T265_02349 gene=T265_02349
T265_10654           -            623 380583at33208        -            274   3.6e-12   45.9   1.9   1   5    0.0046      0.62    9.1   0.0    14    76   242   299   231   305 0.81 transcript=T265_10654 gene=T265_10654
T265_10654           -            623 380583at33208        -            274   3.6e-12   45.9   1.9   2   5   6.6e-06   0.00088   18.4   0.1    15    80   324   386   311   391 0.78 transcript=T265_10654 gene=T265_10654
T265_10654           -            623 380583at33208        -            274   3.6e-12   45.9   1.9   3   5   0.00023      0.03   13.4   0.0   153   217   390   450   383   466 0.80 transcript=T265_10654 gene=T265_10654
T265_10654           -            623 380583at33208        -            274   3.6e-12   45.9   1.9   4   5       0.1        14    4.7   0.1    13    78   444   513   434   548 0.67 transcript=T265_10654 gene=T265_10654
T265_10654           -            623 380583at33208        -            274   3.6e-12   45.9   1.9   5   5       1.7   2.3e+02    0.7   0.1     4    32   486   512   482   567 0.69 transcript=T265_10654 gene=T265_10654
T265_01771           -            587 380583at33208        -            274   3.7e-12   45.9   9.9   1   4   0.00012     0.016   14.3   0.1     2    58   232   286   231   298 0.85 transcript=T265_01771 gene=T265_01771
T265_01771           -            587 380583at33208        -            274   3.7e-12   45.9   9.9   2   4   5.4e-06   0.00073   18.7   0.4    15    82   320   388   313   391 0.78 transcript=T265_01771 gene=T265_01771
T265_01771           -            587 380583at33208        -            274   3.7e-12   45.9   9.9   3   4   3.8e-06    0.0005   19.2   0.2    13    76   364   422   362   428 0.88 transcript=T265_01771 gene=T265_01771
T265_01771           -            587 380583at33208        -            274   3.7e-12   45.9   9.9   4   4    0.0035      0.47    9.5   0.2    15    78   527   585   517   587 0.83 transcript=T265_01771 gene=T265_01771
T265_10381           -           1388 380583at33208        -            274   4.3e-12   45.7   8.4   1   3   2.6e-05    0.0035   16.5   1.0    15    77    76   135    62   146 0.81 transcript=T265_10381 gene=T265_10381
T265_10381           -           1388 380583at33208        -            274   4.3e-12   45.7   8.4   2   3   1.5e-06    0.0002   20.6   0.2     6    84   196   273   187   306 0.84 transcript=T265_10381 gene=T265_10381
T265_10381           -           1388 380583at33208        -            274   4.3e-12   45.7   8.4   3   3     0.001      0.14   11.2   0.1    12   108   458   555   452   630 0.76 transcript=T265_10381 gene=T265_10381
T265_08698           -            559 380583at33208        -            274     6e-12   45.2   5.1   1   4   4.7e-06   0.00063   18.9   0.0     5    83   270   347   266   360 0.80 transcript=T265_08698 gene=T265_08698
T265_08698           -            559 380583at33208        -            274     6e-12   45.2   5.1   2   4     0.014       1.9    7.5   0.2    20    77   373   427   357   432 0.72 transcript=T265_08698 gene=T265_08698
T265_08698           -            559 380583at33208        -            274     6e-12   45.2   5.1   3   4      0.24        32    3.5   0.0     8    47   446   486   440   491 0.81 transcript=T265_08698 gene=T265_08698
T265_08698           -            559 380583at33208        -            274     6e-12   45.2   5.1   4   4   0.00024     0.032   13.3   0.3     8    76   493   559   488   559 0.94 transcript=T265_08698 gene=T265_08698
T265_05839           -            622 380583at33208        -            274   8.6e-12   44.7   9.0   1   4     0.078        11    5.1   0.1    39    76   273   309   262   322 0.83 transcript=T265_05839 gene=T265_05839
T265_05839           -            622 380583at33208        -            274   8.6e-12   44.7   9.0   2   4   9.7e-05     0.013   14.6   0.3     2    76   280   351   279   356 0.86 transcript=T265_05839 gene=T265_05839
T265_05839           -            622 380583at33208        -            274   8.6e-12   44.7   9.0   3   4     7e-10   9.4e-08   31.5   1.4     2   109   393   514   392   523 0.69 transcript=T265_05839 gene=T265_05839
T265_05839           -            622 380583at33208        -            274   8.6e-12   44.7   9.0   4   4       3.6   4.8e+02   -0.4   0.0    10    27   560   577   538   621 0.41 transcript=T265_05839 gene=T265_05839
T265_01758           -           1091 380583at33208        -            274   5.9e-11   42.0  11.5   1   5     0.017       2.2    7.3   0.0    54   111   285   347   282   359 0.58 transcript=T265_01758 gene=T265_01758
T265_01758           -           1091 380583at33208        -            274   5.9e-11   42.0  11.5   2   5     0.027       3.6    6.6   1.1     3    81   558   647   556   669 0.69 transcript=T265_01758 gene=T265_01758
T265_01758           -           1091 380583at33208        -            274   5.9e-11   42.0  11.5   3   5      0.02       2.6    7.0   2.5     1    74   612   698   612   704 0.69 transcript=T265_01758 gene=T265_01758
T265_01758           -           1091 380583at33208        -            274   5.9e-11   42.0  11.5   4   5     0.057       7.6    5.5   0.2    61    79   714   732   708   739 0.82 transcript=T265_01758 gene=T265_01758
T265_01758           -           1091 380583at33208        -            274   5.9e-11   42.0  11.5   5   5   4.9e-06   0.00065   18.9   0.0   154   219   740   806   735   820 0.85 transcript=T265_01758 gene=T265_01758
T265_12595           -            835 380583at33208        -            274   8.8e-11   41.4   7.2   1   4     3e-05    0.0041   16.3   0.1    12    77   449   509   439   518 0.85 transcript=T265_12595 gene=T265_12595
T265_12595           -            835 380583at33208        -            274   8.8e-11   41.4   7.2   2   4   0.00061     0.082   12.0   0.7    16    79   493   555   480   561 0.80 transcript=T265_12595 gene=T265_12595
T265_12595           -            835 380583at33208        -            274   8.8e-11   41.4   7.2   3   4   2.5e-05    0.0034   16.5   0.1   150   223   557   626   553   634 0.84 transcript=T265_12595 gene=T265_12595
T265_12595           -            835 380583at33208        -            274   8.8e-11   41.4   7.2   4   4     0.025       3.4    6.7   0.1     7    77   610   682   604   689 0.69 transcript=T265_12595 gene=T265_12595
T265_09764           -           1099 380583at33208        -            274   1.3e-10   40.8   1.0   1   3    0.0026      0.35    9.9   0.0    41    82   399   439   363   448 0.66 transcript=T265_09764 gene=T265_09764
T265_09764           -           1099 380583at33208        -            274   1.3e-10   40.8   1.0   2   3   6.5e-05    0.0087   15.2   0.1     2    80   490   567   489   575 0.82 transcript=T265_09764 gene=T265_09764
T265_09764           -           1099 380583at33208        -            274   1.3e-10   40.8   1.0   3   3    0.0015       0.2   10.7   0.1   146   189   721   761   610   825 0.80 transcript=T265_09764 gene=T265_09764
T265_03814           -            911 380583at33208        -            274   1.9e-10   40.3   1.0   1   2     6e-06    0.0008   18.6   0.1    22    90   533   600   504   607 0.70 transcript=T265_03814 gene=T265_03814
T265_03814           -            911 380583at33208        -            274   1.9e-10   40.3   1.0   2   2   2.4e-06   0.00032   19.9   0.1   158   263   794   904   785   909 0.80 transcript=T265_03814 gene=T265_03814
T265_01805           -            592 380583at33208        -            274   2.4e-10   39.9   9.8   1   6     0.078        10    5.1   0.1    19    75   176   236   158   248 0.75 transcript=T265_01805 gene=T265_01805
T265_01805           -            592 380583at33208        -            274   2.4e-10   39.9   9.8   2   6      0.17        22    4.0   0.0    18    59   224   265   219   288 0.83 transcript=T265_01805 gene=T265_01805
T265_01805           -            592 380583at33208        -            274   2.4e-10   39.9   9.8   3   6   0.00044     0.059   12.4   0.1   172   235   315   376   288   381 0.87 transcript=T265_01805 gene=T265_01805
T265_01805           -            592 380583at33208        -            274   2.4e-10   39.9   9.8   4   6   4.6e-05    0.0062   15.6   0.2     6    79   347   413   342   418 0.80 transcript=T265_01805 gene=T265_01805
T265_01805           -            592 380583at33208        -            274   2.4e-10   39.9   9.8   5   6   4.8e-06   0.00064   18.9   0.5     2    79   383   455   382   461 0.85 transcript=T265_01805 gene=T265_01805
T265_01805           -            592 380583at33208        -            274   2.4e-10   39.9   9.8   6   6     0.099        13    4.7   0.0   157   205   467   513   456   542 0.73 transcript=T265_01805 gene=T265_01805
T265_08885           -            626 380583at33208        -            274     3e-10   39.6   4.8   1   5      0.47        63    2.5   0.0   164   213   135   189   118   212 0.71 transcript=T265_08885 gene=T265_08885
T265_08885           -            626 380583at33208        -            274     3e-10   39.6   4.8   2   5   4.8e-06   0.00064   18.9   0.1    39    81   223   265   210   278 0.86 transcript=T265_08885 gene=T265_08885
T265_08885           -            626 380583at33208        -            274     3e-10   39.6   4.8   3   5       0.8   1.1e+02    1.8   0.0    60    85   288   313   263   317 0.79 transcript=T265_08885 gene=T265_08885
T265_08885           -            626 380583at33208        -            274     3e-10   39.6   4.8   4   5     0.094        13    4.8   0.1   156   193   318   357   309   392 0.67 transcript=T265_08885 gene=T265_08885
T265_08885           -            626 380583at33208        -            274     3e-10   39.6   4.8   5   5    0.0033      0.44    9.6   0.1    29    78   400   448   381   455 0.81 transcript=T265_08885 gene=T265_08885
T265_09410           -            678 380583at33208        -            274   4.3e-10   39.1   0.1   1   3      0.63        85    2.1   0.0    45    82   209   243   201   269 0.67 transcript=T265_09410 gene=T265_09410
T265_09410           -            678 380583at33208        -            274   4.3e-10   39.1   0.1   2   3   4.4e-09   5.9e-07   28.8   0.1     2    99   389   493   388   499 0.85 transcript=T265_09410 gene=T265_09410
T265_09410           -            678 380583at33208        -            274   4.3e-10   39.1   0.1   3   3    0.0022       0.3   10.1   0.0     4    81   480   556   479   575 0.87 transcript=T265_09410 gene=T265_09410
T265_06916           -           1133 380583at33208        -            274   4.5e-10   39.1   0.0   1   5    0.0067       0.9    8.6   0.0    40   187    40    75    23    96 0.62 transcript=T265_06916 gene=T265_06916
T265_06916           -           1133 380583at33208        -            274   4.5e-10   39.1   0.0   2   5   0.00067      0.09   11.8   0.0    23    91   127   193   115   201 0.83 transcript=T265_06916 gene=T265_06916
T265_06916           -           1133 380583at33208        -            274   4.5e-10   39.1   0.0   3   5      0.28        37    3.3   0.0    52    86   209   243   195   249 0.81 transcript=T265_06916 gene=T265_06916
T265_06916           -           1133 380583at33208        -            274   4.5e-10   39.1   0.0   4   5     0.053       7.2    5.6   0.0     5    65   296   357   293   366 0.79 transcript=T265_06916 gene=T265_06916
T265_06916           -           1133 380583at33208        -            274   4.5e-10   39.1   0.0   5   5      0.76     1e+02    1.8   0.0    40   187   766   801   736   811 0.65 transcript=T265_06916 gene=T265_06916
T265_01378           -            347 380583at33208        -            274   7.7e-10   38.3   2.2   1   4      0.16        21    4.1   0.0     8    79    25   106    22   123 0.64 transcript=T265_01378 gene=T265_01378
T265_01378           -            347 380583at33208        -            274   7.7e-10   38.3   2.2   2   4    0.0087       1.2    8.2   0.1    51    82   129   160   109   177 0.73 transcript=T265_01378 gene=T265_01378
T265_01378           -            347 380583at33208        -            274   7.7e-10   38.3   2.2   3   4    0.0048      0.64    9.0   0.0     1    79   177   259   177   265 0.81 transcript=T265_01378 gene=T265_01378
T265_01378           -            347 380583at33208        -            274   7.7e-10   38.3   2.2   4   4   9.5e-06    0.0013   17.9   0.1     9    81   232   305   224   342 0.68 transcript=T265_01378 gene=T265_01378
T265_05567           -           1107 380583at33208        -            274   9.9e-10   37.9   3.5   1   5   0.00013     0.018   14.1   0.1   153   223   148   218    66   226 0.82 transcript=T265_05567 gene=T265_05567
T265_05567           -           1107 380583at33208        -            274   9.9e-10   37.9   3.5   2   5      0.36        48    2.9   0.0     3    39   276   312   274   327 0.78 transcript=T265_05567 gene=T265_05567
T265_05567           -           1107 380583at33208        -            274   9.9e-10   37.9   3.5   3   5       6.5   8.8e+02   -1.2   0.0   187   225   596   635   572   645 0.64 transcript=T265_05567 gene=T265_05567
T265_05567           -           1107 380583at33208        -            274   9.9e-10   37.9   3.5   4   5   0.00024     0.032   13.3   0.0    14    80   675   738   660   746 0.75 transcript=T265_05567 gene=T265_05567
T265_05567           -           1107 380583at33208        -            274   9.9e-10   37.9   3.5   5   5      0.29        38    3.2   0.1    22    69   765   812   746   831 0.74 transcript=T265_05567 gene=T265_05567
T265_12438           -            889 380583at33208        -            274   1.1e-09   37.8   0.3   1   2       1.6   2.2e+02    0.7   0.1   159   231    66   139    53   178 0.64 transcript=T265_12438 gene=T265_12438
T265_12438           -            889 380583at33208        -            274   1.1e-09   37.8   0.3   2   2     1e-10   1.4e-08   34.2   0.0   104   237   219   364   161   378 0.84 transcript=T265_12438 gene=T265_12438
T265_05203           -            898 380583at33208        -            274     2e-09   36.9   1.8   1   4    0.0077         1    8.4   0.1   180   255   262   344   215   356 0.74 transcript=T265_05203 gene=T265_05203
T265_05203           -            898 380583at33208        -            274     2e-09   36.9   1.8   2   4    0.0036      0.48    9.5   0.0    43   188   372   537   349   557 0.66 transcript=T265_05203 gene=T265_05203
T265_05203           -            898 380583at33208        -            274     2e-09   36.9   1.8   3   4   0.00058     0.078   12.0   0.1     5    76   618   690   610   718 0.77 transcript=T265_05203 gene=T265_05203
T265_05203           -            898 380583at33208        -            274     2e-09   36.9   1.8   4   4       0.6        81    2.2   0.0    41    80   768   807   731   815 0.73 transcript=T265_05203 gene=T265_05203
T265_05487           -            325 380583at33208        -            274   2.1e-09   36.9   0.0   1   4     0.041       5.5    6.0   0.0     3    46    21    64    19    79 0.75 transcript=T265_05487 gene=T265_05487
T265_05487           -            325 380583at33208        -            274   2.1e-09   36.9   0.0   2   4    0.0073      0.98    8.4   0.0    43    84   108   148    86   185 0.62 transcript=T265_05487 gene=T265_05487
T265_05487           -            325 380583at33208        -            274   2.1e-09   36.9   0.0   3   4      0.21        28    3.7   0.0   158   189   151   182   149   221 0.84 transcript=T265_05487 gene=T265_05487
T265_05487           -            325 380583at33208        -            274   2.1e-09   36.9   0.0   4   4     7e-05    0.0093   15.1   0.0   167   259   208   311   197   317 0.74 transcript=T265_05487 gene=T265_05487
T265_02293           -            383 380583at33208        -            274   2.6e-09   36.6   0.4   1   3    0.0085       1.1    8.2   0.1    37    83    51    96    32   151 0.73 transcript=T265_02293 gene=T265_02293
T265_02293           -            383 380583at33208        -            274   2.6e-09   36.6   0.4   2   3     0.015         2    7.4   0.0     2    79   152   228   151   231 0.86 transcript=T265_02293 gene=T265_02293
T265_02293           -            383 380583at33208        -            274   2.6e-09   36.6   0.4   3   3   2.3e-05    0.0031   16.7   0.0   153   222   234   303   230   305 0.93 transcript=T265_02293 gene=T265_02293
T265_01015           -            345 380583at33208        -            274   3.5e-09   36.1   1.1   1   3       0.5        68    2.4   0.2    45    77    49    80    44   100 0.58 transcript=T265_01015 gene=T265_01015
T265_01015           -            345 380583at33208        -            274   3.5e-09   36.1   1.1   2   3   1.9e-05    0.0025   16.9   0.1    11    95   102   182    90   189 0.79 transcript=T265_01015 gene=T265_01015
T265_01015           -            345 380583at33208        -            274   3.5e-09   36.1   1.1   3   3   0.00017     0.023   13.8   0.0   153   189   273   309   233   314 0.73 transcript=T265_01015 gene=T265_01015
T265_13295           -            165 380583at33208        -            274   1.1e-08   34.5   0.1   1   2    0.0031      0.42    9.7   0.1     2    30    10    38     2    49 0.74 transcript=T265_13295 gene=T265_13295
T265_13295           -            165 380583at33208        -            274   1.1e-08   34.5   0.1   2   2   3.2e-07   4.3e-05   22.7   0.0     3   102    53   157    51   163 0.76 transcript=T265_13295 gene=T265_13295
T265_11576           -            364 380583at33208        -            274   1.7e-08   33.9   3.2   1   4      0.29        39    3.2   0.1    58    78    49    69    24    81 0.69 transcript=T265_11576 gene=T265_11576
T265_11576           -            364 380583at33208        -            274   1.7e-08   33.9   3.2   2   4   1.3e-07   1.7e-05   24.0   0.3     3    81    83   159    81   164 0.84 transcript=T265_11576 gene=T265_11576
T265_11576           -            364 380583at33208        -            274   1.7e-08   33.9   3.2   3   4       1.5   2.1e+02    0.8   0.0    18    56   229   267   210   298 0.77 transcript=T265_11576 gene=T265_11576
T265_11576           -            364 380583at33208        -            274   1.7e-08   33.9   3.2   4   4      0.24        32    3.5   0.0   166   220   276   330   270   334 0.88 transcript=T265_11576 gene=T265_11576
T265_12527           -            695 380583at33208        -            274   2.6e-08   33.3   1.2   1   4       9.5   1.3e+03   -1.8   0.0    47    66   295   314   289   319 0.78 transcript=T265_12527 gene=T265_12527
T265_12527           -            695 380583at33208        -            274   2.6e-08   33.3   1.2   2   4      0.23        31    3.5   0.0    17    75   361   426   350   435 0.75 transcript=T265_12527 gene=T265_12527
T265_12527           -            695 380583at33208        -            274   2.6e-08   33.3   1.2   3   4   6.6e-08   8.9e-06   25.0   0.6    42    80   536   574   520   619 0.76 transcript=T265_12527 gene=T265_12527
T265_12527           -            695 380583at33208        -            274   2.6e-08   33.3   1.2   4   4       1.1   1.5e+02    1.3   0.0    48    81   584   617   573   649 0.87 transcript=T265_12527 gene=T265_12527
T265_12539           -           1226 380583at33208        -            274   3.1e-08   33.0   1.1   1   2     1e-09   1.4e-07   30.9   0.1     2   112    38   146    37   159 0.74 transcript=T265_12539 gene=T265_12539
T265_12539           -           1226 380583at33208        -            274   3.1e-08   33.0   1.1   2   2       5.5   7.4e+02   -1.0   0.1    53   107   228   286   219   292 0.76 transcript=T265_12539 gene=T265_12539
T265_06760           -            188 380583at33208        -            274   5.8e-08   32.1   0.3   1   2   2.8e-08   3.8e-06   26.2   0.0   174   258    56   141    33   146 0.91 transcript=T265_06760 gene=T265_06760
T265_06760           -            188 380583at33208        -            274   5.8e-08   32.1   0.3   2   2     0.054       7.2    5.6   0.0   157   205   123   185   120   188 0.53 transcript=T265_06760 gene=T265_06760
T265_14341           -           1305 380583at33208        -            274   5.9e-08   32.1   0.6   1   5      0.28        38    3.2   0.0    36    79   778   821   767   840 0.83 transcript=T265_14341 gene=T265_14341
T265_14341           -           1305 380583at33208        -            274   5.9e-08   32.1   0.6   2   5    0.0061      0.81    8.7   0.1    42    77   931   964   920   971 0.83 transcript=T265_14341 gene=T265_14341
T265_14341           -           1305 380583at33208        -            274   5.9e-08   32.1   0.6   3   5       0.1        14    4.7   0.0    45    79   974  1008   965  1017 0.84 transcript=T265_14341 gene=T265_14341
T265_14341           -           1305 380583at33208        -            274   5.9e-08   32.1   0.6   4   5    0.0083       1.1    8.3   0.0     8    85  1070  1150  1065  1180 0.79 transcript=T265_14341 gene=T265_14341
T265_14341           -           1305 380583at33208        -            274   5.9e-08   32.1   0.6   5   5       1.7   2.3e+02    0.7   0.0   162   200  1160  1199  1147  1202 0.74 transcript=T265_14341 gene=T265_14341
T265_11281           -           2060 380583at33208        -            274   6.6e-08   32.0   1.4   1   4   7.5e-05      0.01   15.0   0.1   157   237    19   104    10   114 0.77 transcript=T265_11281 gene=T265_11281
T265_11281           -           2060 380583at33208        -            274   6.6e-08   32.0   1.4   2   4     0.025       3.3    6.7   0.1   162   222   212   275   205   277 0.62 transcript=T265_11281 gene=T265_11281
T265_11281           -           2060 380583at33208        -            274   6.6e-08   32.0   1.4   3   4     0.041       5.5    6.0   0.1     1    26   252   277   252   288 0.89 transcript=T265_11281 gene=T265_11281
T265_11281           -           2060 380583at33208        -            274   6.6e-08   32.0   1.4   4   4     0.029       3.9    6.5   0.0     9    80   307   376   301   392 0.85 transcript=T265_11281 gene=T265_11281
T265_06242           -            323 380583at33208        -            274   1.2e-07   31.1   0.4   1   3     0.013       1.7    7.6   0.0   174   220    19    65     8    73 0.90 transcript=T265_06242 gene=T265_06242
T265_06242           -            323 380583at33208        -            274   1.2e-07   31.1   0.4   2   3   0.00069     0.093   11.8   0.0     3    81    88   165    83   196 0.86 transcript=T265_06242 gene=T265_06242
T265_06242           -            323 380583at33208        -            274   1.2e-07   31.1   0.4   3   3    0.0084       1.1    8.2   0.2   156   241   219   307   214   321 0.74 transcript=T265_06242 gene=T265_06242
T265_08544           -            860 380583at33208        -            274   1.6e-07   30.7   0.1   1   3    0.0016      0.21   10.6   0.0    41    83   107   148    87   161 0.84 transcript=T265_08544 gene=T265_08544
T265_08544           -            860 380583at33208        -            274   1.6e-07   30.7   0.1   2   3     0.043       5.8    5.9   0.1    48    81   213   245   202   255 0.73 transcript=T265_08544 gene=T265_08544
T265_08544           -            860 380583at33208        -            274   1.6e-07   30.7   0.1   3   3    0.0021      0.28   10.2   0.0    12    77   324   388   288   395 0.91 transcript=T265_08544 gene=T265_08544
T265_14820           -            507 380583at33208        -            274   2.1e-07   30.3   2.1   1   2   0.00013     0.018   14.2   0.0     4    77   253   325   250   335 0.90 transcript=T265_14820 gene=T265_14820
T265_14820           -            507 380583at33208        -            274   2.1e-07   30.3   2.1   2   2   0.00053     0.071   12.2   1.6     2    81   337   412   336   456 0.68 transcript=T265_14820 gene=T265_14820
T265_02317           -            625 380583at33208        -            274   2.3e-07   30.2   0.7   1   4   6.9e-06   0.00093   18.4   0.0   154   218    70   134    65   136 0.95 transcript=T265_02317 gene=T265_02317
T265_02317           -            625 380583at33208        -            274   2.3e-07   30.2   0.7   2   4     0.024       3.2    6.7   0.0     2    55   116   167   115   181 0.65 transcript=T265_02317 gene=T265_02317
T265_02317           -            625 380583at33208        -            274   2.3e-07   30.2   0.7   3   4     0.023       3.1    6.8   0.0     5    75   342   414   338   419 0.78 transcript=T265_02317 gene=T265_02317
T265_02317           -            625 380583at33208        -            274   2.3e-07   30.2   0.7   4   4       7.5     1e+03   -1.4   0.0    56    76   457   477   436   483 0.63 transcript=T265_02317 gene=T265_02317
T265_04491           -            362 380583at33208        -            274   2.3e-07   30.2   0.3   1   4      0.14        19    4.3   0.0    57    79    31    53    11   100 0.78 transcript=T265_04491 gene=T265_04491
T265_04491           -            362 380583at33208        -            274   2.3e-07   30.2   0.3   2   4     0.047       6.4    5.8   0.1    61    82   116   137    91   156 0.79 transcript=T265_04491 gene=T265_04491
T265_04491           -            362 380583at33208        -            274   2.3e-07   30.2   0.3   3   4       5.2     7e+02   -0.9   0.0   167   191   161   185   144   218 0.67 transcript=T265_04491 gene=T265_04491
T265_04491           -            362 380583at33208        -            274   2.3e-07   30.2   0.3   4   4   5.4e-05    0.0073   15.4   0.0   164   221   257   314   248   324 0.91 transcript=T265_04491 gene=T265_04491
T265_09592           -            609 380583at33208        -            274   3.4e-07   29.6   0.2   1   4     0.027       3.6    6.6   0.0     6    31   141   166   137   175 0.89 transcript=T265_09592 gene=T265_09592
T265_09592           -            609 380583at33208        -            274   3.4e-07   29.6   0.2   2   4      0.03         4    6.4   0.0     6    36   229   259   225   274 0.86 transcript=T265_09592 gene=T265_09592
T265_09592           -            609 380583at33208        -            274   3.4e-07   29.6   0.2   3   4    0.0012      0.17   11.0   0.0    42    80   369   407   365   424 0.92 transcript=T265_09592 gene=T265_09592
T265_09592           -            609 380583at33208        -            274   3.4e-07   29.6   0.2   4   4       3.7   4.9e+02   -0.4   0.1    59    84   428   455   412   461 0.76 transcript=T265_09592 gene=T265_09592
T265_00243           -            992 380583at33208        -            274   3.7e-07   29.5   2.1   1   2      0.14        19    4.2   0.1     4    79   674   761   672   768 0.73 transcript=T265_00243 gene=T265_00243
T265_00243           -            992 380583at33208        -            274   3.7e-07   29.5   2.1   2   2   1.5e-07     2e-05   23.8   0.1    41   111   840   915   831   974 0.67 transcript=T265_00243 gene=T265_00243
T265_11635           -            498 380583at33208        -            274   4.6e-07   29.2   0.1   1   3   2.1e-05    0.0028   16.8   0.0    42    77    83   118    66   123 0.86 transcript=T265_11635 gene=T265_11635
T265_11635           -            498 380583at33208        -            274   4.6e-07   29.2   0.1   2   3     0.013       1.7    7.7   0.0    44    79   137   172   130   180 0.90 transcript=T265_11635 gene=T265_11635
T265_11635           -            498 380583at33208        -            274   4.6e-07   29.2   0.1   3   3       2.2     3e+02    0.3   0.0     6   232   185   213   180   242 0.63 transcript=T265_11635 gene=T265_11635
T265_14759           -           1182 380583at33208        -            274     5e-07   29.1   4.3   1   3    0.0038      0.51    9.4   0.1     1    35    76   110    76   131 0.83 transcript=T265_14759 gene=T265_14759
T265_14759           -           1182 380583at33208        -            274     5e-07   29.1   4.3   2   3   0.00083      0.11   11.5   0.1     2   102   139   256   138   262 0.73 transcript=T265_14759 gene=T265_14759
T265_14759           -           1182 380583at33208        -            274     5e-07   29.1   4.3   3   3      0.01       1.4    8.0   0.1    17    72   311   364   303   376 0.81 transcript=T265_14759 gene=T265_14759
T265_15441           -            807 380583at33208        -            274   1.3e-06   27.8   0.1   1   4   0.00054     0.073   12.1   0.0   156   221   346   410   333   419 0.79 transcript=T265_15441 gene=T265_15441
T265_15441           -            807 380583at33208        -            274   1.3e-06   27.8   0.1   2   4      0.45        61    2.6   0.0   125   160   392   430   387   434 0.78 transcript=T265_15441 gene=T265_15441
T265_15441           -            807 380583at33208        -            274   1.3e-06   27.8   0.1   3   4     0.015         2    7.5   0.0    18    80   558   618   546   629 0.79 transcript=T265_15441 gene=T265_15441
T265_15441           -            807 380583at33208        -            274   1.3e-06   27.8   0.1   4   4       0.3        40    3.2   0.0    60    80   654   674   647   695 0.86 transcript=T265_15441 gene=T265_15441
T265_10694           -            958 380583at33208        -            274   1.7e-06   27.3   1.7   1   4   0.00079      0.11   11.6   0.0     2    51   595   642   594   658 0.83 transcript=T265_10694 gene=T265_10694
T265_10694           -            958 380583at33208        -            274   1.7e-06   27.3   1.7   2   4       0.4        54    2.7   0.0   173   210   685   722   676   734 0.83 transcript=T265_10694 gene=T265_10694
T265_10694           -            958 380583at33208        -            274   1.7e-06   27.3   1.7   3   4     0.006       0.8    8.7   0.1    39   114   758   833   734   862 0.65 transcript=T265_10694 gene=T265_10694
T265_10694           -            958 380583at33208        -            274   1.7e-06   27.3   1.7   4   4       2.8   3.7e+02   -0.0   0.0     6    76   807   877   804   883 0.60 transcript=T265_10694 gene=T265_10694
T265_08481           -            654 380583at33208        -            274   2.3e-06   26.9   0.4   1   2   1.9e-05    0.0026   16.9   0.1    50    82   114   147    94   169 0.76 transcript=T265_08481 gene=T265_08481
T265_08481           -            654 380583at33208        -            274   2.3e-06   26.9   0.4   2   2     0.019       2.6    7.1   0.0    45    80   200   236   193   242 0.87 transcript=T265_08481 gene=T265_08481
T265_14802           -            181 380583at33208        -            274   2.7e-06   26.7   0.0   1   1   2.5e-08   3.3e-06   26.4   0.0   154   256    50   157    24   165 0.81 transcript=T265_14802 gene=T265_14802
T265_13899           -            751 380583at33208        -            274   3.1e-06   26.5   2.8   1   2   2.2e-06   0.00029   20.0   0.0     1   104    93   214    93   220 0.72 transcript=T265_13899 gene=T265_13899
T265_13899           -            751 380583at33208        -            274   3.1e-06   26.5   2.8   2   2     0.054       7.2    5.6   0.2    80   122   229   274   217   387 0.68 transcript=T265_13899 gene=T265_13899
T265_03996           -           1346 380583at33208        -            274   3.4e-06   26.4   0.3   1   3   5.1e-07   6.8e-05   22.1   0.1     4    77   155   226   152   235 0.88 transcript=T265_03996 gene=T265_03996
T265_03996           -           1346 380583at33208        -            274   3.4e-06   26.4   0.3   2   3       4.9   6.5e+02   -0.8   0.1   170   223   259   313   247   330 0.63 transcript=T265_03996 gene=T265_03996
T265_03996           -           1346 380583at33208        -            274   3.4e-06   26.4   0.3   3   3       2.4   3.2e+02    0.2   0.0   242   268   376   402   371   407 0.69 transcript=T265_03996 gene=T265_03996
T265_07089           -           2754 380583at33208        -            274   3.5e-06   26.3   2.1   1   1   3.1e-08   4.2e-06   26.0   1.0     2   119  2616  2735  2615  2741 0.81 transcript=T265_07089 gene=T265_07089
T265_14734           -           1321 380583at33208        -            274   3.9e-06   26.2   0.4   1   1   2.5e-07   3.3e-05   23.1   0.1     8   186  1130  1317  1123  1320 0.71 transcript=T265_14734 gene=T265_14734
T265_12426           -            386 380583at33208        -            274   5.7e-06   25.6   0.1   1   2     0.014       1.9    7.5   0.1   161   217     5    62     2    82 0.83 transcript=T265_12426 gene=T265_12426
T265_12426           -            386 380583at33208        -            274   5.7e-06   25.6   0.1   2   2   3.4e-05    0.0046   16.1   0.0     2   113    93   197    92   231 0.83 transcript=T265_12426 gene=T265_12426
T265_05903           -           1244 380583at33208        -            274   6.2e-06   25.5  11.4   1   7      0.56        75    2.3   0.0    43    84   348   396   302   400 0.76 transcript=T265_05903 gene=T265_05903
T265_05903           -           1244 380583at33208        -            274   6.2e-06   25.5  11.4   2   7       0.2        27    3.7   0.1    41    77   534   575   520   597 0.57 transcript=T265_05903 gene=T265_05903
T265_05903           -           1244 380583at33208        -            274   6.2e-06   25.5  11.4   3   7      0.85   1.1e+02    1.7   0.0    38    76   612   653   605   661 0.82 transcript=T265_05903 gene=T265_05903
T265_05903           -           1244 380583at33208        -            274   6.2e-06   25.5  11.4   4   7       1.3   1.8e+02    1.0   0.1    20    79   696   771   687   780 0.54 transcript=T265_05903 gene=T265_05903
T265_05903           -           1244 380583at33208        -            274   6.2e-06   25.5  11.4   5   7       6.2   8.3e+02   -1.2   0.0   245   264   938   957   934   965 0.84 transcript=T265_05903 gene=T265_05903
T265_05903           -           1244 380583at33208        -            274   6.2e-06   25.5  11.4   6   7   3.2e-05    0.0043   16.2   0.2     2    77   982  1067   981  1075 0.73 transcript=T265_05903 gene=T265_05903
T265_05903           -           1244 380583at33208        -            274   6.2e-06   25.5  11.4   7   7       4.5   6.1e+02   -0.7   0.0   213   241  1205  1233  1193  1240 0.62 transcript=T265_05903 gene=T265_05903
T265_15813           -            194 380583at33208        -            274   6.8e-06   25.4   2.0   1   2   1.7e-05    0.0023   17.1   0.3     4    81    77   152    74   158 0.85 transcript=T265_15813 gene=T265_15813
T265_15813           -            194 380583at33208        -            274   6.8e-06   25.4   2.0   2   2     9e-05     0.012   14.7   0.1     2    78   118   194   116   194 0.96 transcript=T265_15813 gene=T265_15813
T265_03614           -            167 380583at33208        -            274   2.2e-05   23.7   0.2   1   2     8e-06    0.0011   18.2   0.0   157   230    22    97    17   131 0.82 transcript=T265_03614 gene=T265_03614
T265_03614           -            167 380583at33208        -            274   2.2e-05   23.7   0.2   2   2      0.33        44    3.0   0.0     2    30   138   166   137   167 0.83 transcript=T265_03614 gene=T265_03614
T265_13711           -            508 380583at33208        -            274   2.8e-05   23.3   1.5   1   3    0.0011      0.14   11.2   0.1    40    84   185   228   176   243 0.84 transcript=T265_13711 gene=T265_13711
T265_13711           -            508 380583at33208        -            274   2.8e-05   23.3   1.5   2   3     0.026       3.5    6.6   0.1    42    79   393   427   357   436 0.71 transcript=T265_13711 gene=T265_13711
T265_13711           -            508 380583at33208        -            274   2.8e-05   23.3   1.5   3   3      0.47        63    2.5   0.0   157   198   437   476   435   499 0.73 transcript=T265_13711 gene=T265_13711
T265_00059           -            423 380583at33208        -            274   4.9e-05   22.6   0.3   1   4       2.9   3.8e+02   -0.1   0.0   142   189    87   143    56   174 0.64 transcript=T265_00059 gene=T265_00059
T265_00059           -            423 380583at33208        -            274   4.9e-05   22.6   0.3   2   4     0.024       3.2    6.8   0.0    16    82   126   199   114   205 0.64 transcript=T265_00059 gene=T265_00059
T265_00059           -            423 380583at33208        -            274   4.9e-05   22.6   0.3   3   4    0.0047      0.63    9.1   0.2    10    81   232   302   226   322 0.86 transcript=T265_00059 gene=T265_00059
T265_00059           -            423 380583at33208        -            274   4.9e-05   22.6   0.3   4   4      0.85   1.1e+02    1.7   0.0    41    74   381   414   373   421 0.74 transcript=T265_00059 gene=T265_00059
T265_10509           -            967 380583at33208        -            274   9.5e-05   21.6   0.1   1   2      0.41        55    2.7   0.0    47    88   714   754   697   758 0.71 transcript=T265_10509 gene=T265_10509
T265_10509           -            967 380583at33208        -            274   9.5e-05   21.6   0.1   2   2   7.1e-05    0.0095   15.0   0.1   153   227   884   962   875   966 0.85 transcript=T265_10509 gene=T265_10509
T265_02516           -            374 380583at33208        -            274   9.8e-05   21.6   3.2   1   3     0.046       6.2    5.8   0.1    45   237    74   112    31   146 0.56 transcript=T265_02516 gene=T265_02516
T265_02516           -            374 380583at33208        -            274   9.8e-05   21.6   3.2   2   3    0.0003      0.04   13.0   0.3    41   103   159   226   149   233 0.74 transcript=T265_02516 gene=T265_02516
T265_02516           -            374 380583at33208        -            274   9.8e-05   21.6   3.2   3   3       1.5     2e+02    0.9   0.0    60    78   353   371   346   373 0.87 transcript=T265_02516 gene=T265_02516
T265_07277           -            561 380583at33208        -            274   0.00019   20.6   0.0   1   2   4.6e-05    0.0061   15.7   0.0    41    80   247   286   227   290 0.88 transcript=T265_07277 gene=T265_07277
T265_07277           -            561 380583at33208        -            274   0.00019   20.6   0.0   2   2      0.71        95    1.9   0.0    60    78   311   329   300   338 0.84 transcript=T265_07277 gene=T265_07277
T265_13519           -            699 380583at33208        -            274   0.00026   20.2   1.8   1   2   0.00015     0.021   13.9   0.3     4    81   111   186   108   191 0.84 transcript=T265_13519 gene=T265_13519
T265_13519           -            699 380583at33208        -            274   0.00026   20.2   1.8   2   2   0.00012     0.016   14.3   0.1     2    80   152   230   150   259 0.89 transcript=T265_13519 gene=T265_13519
T265_08061           -           1267 380583at33208        -            274   0.00028   20.1   0.1   1   1   7.3e-06   0.00098   18.3   0.1   183   263   229   314   220   322 0.86 transcript=T265_08061 gene=T265_08061
T265_16018           -            122 380583at33208        -            274     0.001   18.2   0.0   1   1     1e-05    0.0013   17.8   0.0     2    34    53    85    52    97 0.90 transcript=T265_16018 gene=T265_16018
T265_03918           -            444 380583at33208        -            274    0.0011   18.1   0.3   1   2      0.32        44    3.0   0.1   156   196   244   285   220   297 0.74 transcript=T265_03918 gene=T265_03918
T265_03918           -            444 380583at33208        -            274    0.0011   18.1   0.3   2   2   0.00013     0.018   14.2   0.1    35    87   278   330   272   335 0.87 transcript=T265_03918 gene=T265_03918
T265_01190           -            381 380583at33208        -            274    0.0015   17.7   6.5   1   2     0.042       5.6    5.9   0.1     2    33    55    86    10    97 0.65 transcript=T265_01190 gene=T265_01190
T265_01190           -            381 380583at33208        -            274    0.0015   17.7   6.5   2   2   0.00011     0.015   14.4   0.9     8    81   106   180   100   187 0.86 transcript=T265_01190 gene=T265_01190
T265_01432           -            625 380583at33208        -            274    0.0017   17.5   3.5   1   2     0.043       5.8    5.9   0.2    64    87   135   158   129   178 0.86 transcript=T265_01432 gene=T265_01432
T265_01432           -            625 380583at33208        -            274    0.0017   17.5   3.5   2   2    0.0011      0.14   11.2   0.1    19    79   306   363   300   379 0.59 transcript=T265_01432 gene=T265_01432
T265_04177           -            634 380583at33208        -            274    0.0027   16.9   2.5   1   4      0.25        34    3.4   0.1    55   190    15   160     6   190 0.54 transcript=T265_04177 gene=T265_04177
T265_04177           -            634 380583at33208        -            274    0.0027   16.9   2.5   2   4       5.4   7.2e+02   -1.0   0.0    86   102   217   233   201   238 0.76 transcript=T265_04177 gene=T265_04177
T265_04177           -            634 380583at33208        -            274    0.0027   16.9   2.5   3   4      0.37        50    2.8   0.0     6    29   267   290   262   295 0.83 transcript=T265_04177 gene=T265_04177
T265_04177           -            634 380583at33208        -            274    0.0027   16.9   2.5   4   4     0.032       4.2    6.4   0.1     9    78   405   475   400   506 0.76 transcript=T265_04177 gene=T265_04177
T265_05253           -           1861 380583at33208        -            274    0.0031   16.6   0.2   1   3    0.0011      0.15   11.1   0.1    88   123    19    54     5    73 0.78 transcript=T265_05253 gene=T265_05253
T265_05253           -           1861 380583at33208        -            274    0.0031   16.6   0.2   2   3       2.6   3.4e+02    0.1   0.0   204   264    72   137    57   146 0.58 transcript=T265_05253 gene=T265_05253
T265_05253           -           1861 380583at33208        -            274    0.0031   16.6   0.2   3   3       2.5   3.3e+02    0.1   0.0     5   106   157   264   153   318 0.69 transcript=T265_05253 gene=T265_05253
T265_13987           -            399 380583at33208        -            274     0.004   16.3   0.1   1   2       1.4   1.9e+02    0.9   0.0    12    78    11    74     2    91 0.76 transcript=T265_13987 gene=T265_13987
T265_13987           -            399 380583at33208        -            274     0.004   16.3   0.1   2   2   0.00068     0.091   11.8   0.0     6    75   312   379   309   387 0.85 transcript=T265_13987 gene=T265_13987
T265_10688           -            703 380583at33208        -            274    0.0064   15.6   0.0   1   3    0.0013      0.18   10.9   0.0    41    77   347   382   297   396 0.64 transcript=T265_10688 gene=T265_10688
T265_10688           -            703 380583at33208        -            274    0.0064   15.6   0.0   2   3         5   6.8e+02   -0.9   0.0    61    80   576   595   519   601 0.76 transcript=T265_10688 gene=T265_10688
T265_10688           -            703 380583at33208        -            274    0.0064   15.6   0.0   3   3       6.6   8.8e+02   -1.3   0.0   243   263   675   695   671   702 0.71 transcript=T265_10688 gene=T265_10688
T265_06634           -            411 380583at33208        -            274    0.0065   15.6   0.0   1   2    0.0061      0.82    8.7   0.0   165   237    23    96    15   102 0.83 transcript=T265_06634 gene=T265_06634
T265_06634           -            411 380583at33208        -            274    0.0065   15.6   0.0   2   2      0.11        15    4.6   0.0   155   189    99   133    97   145 0.75 transcript=T265_06634 gene=T265_06634
T265_14035           -            188 380583at33208        -            274    0.0065   15.6   0.0   1   3    0.0032      0.43    9.6   0.0    35    79     8    57     4    78 0.74 transcript=T265_14035 gene=T265_14035
T265_14035           -            188 380583at33208        -            274    0.0065   15.6   0.0   2   3      0.55        74    2.3   0.0    42    79    63   100    56   111 0.86 transcript=T265_14035 gene=T265_14035
T265_14035           -            188 380583at33208        -            274    0.0065   15.6   0.0   3   3       1.6   2.2e+02    0.7   0.0     9    33   129   153   118   164 0.71 transcript=T265_14035 gene=T265_14035
T265_09350           -            981 380583at33208        -            274    0.0066   15.6   1.2   1   2    0.0076         1    8.4   0.3     8    81   688   758   681   765 0.73 transcript=T265_09350 gene=T265_09350
T265_09350           -            981 380583at33208        -            274    0.0066   15.6   1.2   2   2      0.11        15    4.6   0.0   156   224   897   964   891   974 0.73 transcript=T265_09350 gene=T265_09350
T265_07639           -           2049 380583at33208        -            274     0.014   14.5   0.0   1   2   0.00052      0.07   12.2   0.0    28    82  1172  1226  1146  1233 0.85 transcript=T265_07639 gene=T265_07639
T265_07639           -           2049 380583at33208        -            274     0.014   14.5   0.0   2   2       6.2   8.4e+02   -1.2   0.0     6    33  1436  1463  1433  1499 0.70 transcript=T265_07639 gene=T265_07639
T265_06435           -            854 380583at33208        -            274     0.015   14.4   0.2   1   1   0.00033     0.044   12.9   0.1     2    78   171   252   167   265 0.75 transcript=T265_06435 gene=T265_06435
T265_10400           -            531 380583at33208        -            274     0.016   14.3   0.0   1   3    0.0056      0.76    8.8   0.0    45    80   328   363   312   375 0.89 transcript=T265_10400 gene=T265_10400
T265_10400           -            531 380583at33208        -            274     0.016   14.3   0.0   2   3       2.6   3.5e+02    0.1   0.0    43    75   395   427   384   445 0.69 transcript=T265_10400 gene=T265_10400
T265_10400           -            531 380583at33208        -            274     0.016   14.3   0.0   3   3       2.5   3.4e+02    0.1   0.0     2    27   485   511   481   520 0.58 transcript=T265_10400 gene=T265_10400
T265_12502           -            600 380583at33208        -            274     0.017   14.2   0.0   1   1   0.00023     0.031   13.3   0.0    16    80   265   326   247   334 0.78 transcript=T265_12502 gene=T265_12502
T265_05258           -            533 380583at33208        -            274     0.021   13.9   0.1   1   2       9.8   1.3e+03   -1.8   0.0    87   114    76   103    58   153 0.60 transcript=T265_05258 gene=T265_05258
T265_05258           -            533 380583at33208        -            274     0.021   13.9   0.1   2   2   0.00047     0.063   12.3   0.0   156   217   235   295   204   308 0.77 transcript=T265_05258 gene=T265_05258
T265_02269           -            570 380583at33208        -            274     0.023   13.8   1.4   1   1   0.00039     0.052   12.6   0.3    17    76   376   435   365   466 0.74 transcript=T265_02269 gene=T265_02269
T265_05745           -           1698 380583at33208        -            274     0.033   13.3   0.0   1   1    0.0021      0.28   10.2   0.0   127   188  1315  1382  1310  1403 0.48 transcript=T265_05745 gene=T265_05745
T265_15007           -            383 380583at33208        -            274     0.034   13.2   1.3   1   2    0.0015       0.2   10.7   0.7   145   220    47   122    40   141 0.87 transcript=T265_15007 gene=T265_15007
T265_15007           -            383 380583at33208        -            274     0.034   13.2   1.3   2   2       2.3   3.1e+02    0.3   0.0    60    93   163   199   146   210 0.68 transcript=T265_15007 gene=T265_15007
T265_00630           -           3231 380583at33208        -            274     0.035   13.2   0.3   1   3      0.04       5.4    6.0   0.1     9    78  2007  2086  1998  2095 0.62 transcript=T265_00630 gene=T265_00630
T265_00630           -           3231 380583at33208        -            274     0.035   13.2   0.3   2   3       1.2   1.6e+02    1.2   0.0   174   218  2141  2186  2133  2203 0.69 transcript=T265_00630 gene=T265_00630
T265_00630           -           3231 380583at33208        -            274     0.035   13.2   0.3   3   3       1.3   1.7e+02    1.1   0.0   167   201  2555  2589  2550  2592 0.83 transcript=T265_00630 gene=T265_00630
T265_11411           -            466 380583at33208        -            274     0.036   13.2   0.0   1   3       5.4   7.3e+02   -1.0   0.0    80   125    58   103    46   106 0.73 transcript=T265_11411 gene=T265_11411
T265_11411           -            466 380583at33208        -            274     0.036   13.2   0.0   2   3      0.16        22    4.0   0.0   161   188   174   201   170   211 0.88 transcript=T265_11411 gene=T265_11411
T265_11411           -            466 380583at33208        -            274     0.036   13.2   0.0   3   3     0.097        13    4.8   0.1    39    79   218   264   204   268 0.76 transcript=T265_11411 gene=T265_11411
T265_04631           -            248 380583at33208        -            274     0.037   13.1   0.0   1   4         7   9.4e+02   -1.3   0.0   201   226    14    39     9    81 0.80 transcript=T265_04631 gene=T265_04631
T265_04631           -            248 380583at33208        -            274     0.037   13.1   0.0   2   4       3.3   4.4e+02   -0.3   0.0    85   116    72   103    32   109 0.82 transcript=T265_04631 gene=T265_04631
T265_04631           -            248 380583at33208        -            274     0.037   13.1   0.0   3   4     0.011       1.5    7.8   0.0   154   233   109   189    94   195 0.83 transcript=T265_04631 gene=T265_04631
T265_04631           -            248 380583at33208        -            274     0.037   13.1   0.0   4   4       1.9   2.5e+02    0.5   0.0   156   186   208   238   198   243 0.70 transcript=T265_04631 gene=T265_04631
T265_12437           -           2060 380583at33208        -            274     0.038   13.1   0.0   1   3       0.3        41    3.1   0.0    87   133   264   316   243   343 0.46 transcript=T265_12437 gene=T265_12437
T265_12437           -           2060 380583at33208        -            274     0.038   13.1   0.0   2   3     0.052       6.9    5.7   0.0   150   188   598   636   590   664 0.75 transcript=T265_12437 gene=T265_12437
T265_12437           -           2060 380583at33208        -            274     0.038   13.1   0.0   3   3       8.2   1.1e+03   -1.6   0.0     9    37   965   993   946  1003 0.58 transcript=T265_12437 gene=T265_12437
T265_13485           -           2686 380583at33208        -            274      0.04   13.0   1.6   1   1    0.0037       0.5    9.4   0.2    41    81   858   898   804   910 0.65 transcript=T265_13485 gene=T265_13485
T265_12542           -           2682 380583at33208        -            274     0.049   12.7   0.1   1   2      0.46        61    2.5   0.0    28    84  2413  2470  2394  2499 0.60 transcript=T265_12542 gene=T265_12542
T265_12542           -           2682 380583at33208        -            274     0.049   12.7   0.1   2   2     0.013       1.8    7.6   0.0   162   216  2599  2653  2558  2664 0.85 transcript=T265_12542 gene=T265_12542
T265_01815           -           2198 380583at33208        -            274     0.058   12.5   0.0   1   1    0.0014      0.19   10.8   0.0    28    79  1919  1970  1896  1978 0.88 transcript=T265_01815 gene=T265_01815
T265_12882           -            534 380583at33208        -            274      0.06   12.4   0.0   1   2     0.018       2.5    7.1   0.0    21    77   149   208   141   214 0.82 transcript=T265_12882 gene=T265_12882
T265_12882           -            534 380583at33208        -            274      0.06   12.4   0.0   2   2      0.67        90    2.0   0.0    54    81   373   400   364   408 0.81 transcript=T265_12882 gene=T265_12882
T265_01915           -            709 380583at33208        -            274      0.06   12.4   0.0   1   4       1.2   1.6e+02    1.2   0.0    11    40   195   224   186   298 0.52 transcript=T265_01915 gene=T265_01915
T265_01915           -            709 380583at33208        -            274      0.06   12.4   0.0   2   4      0.94   1.3e+02    1.5   0.0     7    34   302   328   296   375 0.77 transcript=T265_01915 gene=T265_01915
T265_01915           -            709 380583at33208        -            274      0.06   12.4   0.0   3   4       6.1   8.2e+02   -1.1   0.0   161   186   350   375   342   384 0.82 transcript=T265_01915 gene=T265_01915
T265_01915           -            709 380583at33208        -            274      0.06   12.4   0.0   4   4       0.4        53    2.8   0.0   166   190   449   473   442   487 0.86 transcript=T265_01915 gene=T265_01915
T265_14328           -           1345 380583at33208        -            274     0.093   11.8   0.1   1   2    0.0087       1.2    8.2   0.0    48    79    83   116    71   135 0.84 transcript=T265_14328 gene=T265_14328
T265_14328           -           1345 380583at33208        -            274     0.093   11.8   0.1   2   2       7.3   9.9e+02   -1.4   0.0    48    81   180   213   167   240 0.72 transcript=T265_14328 gene=T265_14328
T265_02386           -            885 380583at33208        -            274      0.13   11.3   0.0   1   2     0.031       4.2    6.4   0.0   182   238   488   545   462   551 0.80 transcript=T265_02386 gene=T265_02386
T265_02386           -            885 380583at33208        -            274      0.13   11.3   0.0   2   2       1.4   1.9e+02    1.0   0.0   206   232   558   584   549   592 0.72 transcript=T265_02386 gene=T265_02386
T265_02025           -           1238 380583at33208        -            274      0.15   11.2   0.0   1   2     0.016       2.1    7.3   0.0    15    76    64   123    52   153 0.71 transcript=T265_02025 gene=T265_02025
T265_02025           -           1238 380583at33208        -            274      0.15   11.2   0.0   2   2       2.4   3.2e+02    0.2   0.0   161   180  1030  1049  1024  1054 0.86 transcript=T265_02025 gene=T265_02025
T265_01366           -            524 380583at33208        -            274      0.16   11.0   0.2   1   4      0.12        16    4.5   0.0   161   195    43    77    10    86 0.78 transcript=T265_01366 gene=T265_01366
T265_01366           -            524 380583at33208        -            274      0.16   11.0   0.2   2   4       2.5   3.4e+02    0.1   0.0    46    77   304   334   263   340 0.68 transcript=T265_01366 gene=T265_01366
T265_01366           -            524 380583at33208        -            274      0.16   11.0   0.2   3   4      0.83   1.1e+02    1.7   0.0    65    76   377   388   303   444 0.51 transcript=T265_01366 gene=T265_01366
T265_01366           -            524 380583at33208        -            274      0.16   11.0   0.2   4   4       1.8   2.5e+02    0.6   0.0   162   186   412   436   392   478 0.65 transcript=T265_01366 gene=T265_01366
T265_02348           -            140 380583at33208        -            274      0.19   10.8   0.0   1   1    0.0017      0.22   10.5   0.0    32    78     2    47     1    62 0.75 transcript=T265_02348 gene=T265_02348
T265_12636           -           2210 380583at33208        -            274      0.19   10.7   1.5   1   2     0.009       1.2    8.1   0.1    10    79  1888  1953  1874  1967 0.64 transcript=T265_12636 gene=T265_12636
T265_12636           -           2210 380583at33208        -            274      0.19   10.7   1.5   2   2       1.9   2.6e+02    0.5   0.0    16    80  2101  2164  2093  2204 0.65 transcript=T265_12636 gene=T265_12636
T265_09296           -           1505 380583at33208        -            274       0.2   10.7   3.8   1   2    0.0025      0.34   10.0   0.0     6    79   343   418   339   436 0.84 transcript=T265_09296 gene=T265_09296
T265_09296           -           1505 380583at33208        -            274       0.2   10.7   3.8   2   2       5.7   7.6e+02   -1.0   0.0   163   187   587   611   542   634 0.61 transcript=T265_09296 gene=T265_09296
#
# Program:         hmmsearch
# Version:         3.4 (Aug 2023)
# Pipeline mode:   SEARCH
# Query file:      /users/40483456/busco_datasets/busco_downloads/lineages/metazoa_odb10/hmms/380583at33208.hmm
# Target file:     /users/40483456/protein/opisthorchis_viverrini.fa
# Option settings: hmmsearch --domtblout /users/40483456/busco/results_pro/opisthorchis_viverrini_busco/run_metazoa_odb10/hmmer_output/initial_run_results/380583at33208.out --cpu 1 /users/40483456/busco_datasets/busco_downloads/lineages/metazoa_odb10/hmms/380583at33208.hmm /users/40483456/protein/opisthorchis_viverrini.fa 
# Current dir:     /users/40483456
# Date:            Thu Jan 15 17:44:50 2026
# [ok]
