#                                                                            --- full sequence --- -------------- this domain -------------   hmm coord   ali coord   env coord
# target name        accession   tlen query name           accession   qlen   E-value  score  bias   #  of  c-Evalue  i-Evalue  score  bias  from    to  from    to  from    to  acc description of target
#------------------- ---------- ----- -------------------- ---------- ----- --------- ------ ----- --- --- --------- --------- ------ ----- ----- ----- ----- ----- ----- ----- ---- ---------------------
T265_01425           -            619 382000at33208        -            148     3e-16   59.4  44.5   1  11    0.0082       7.1    6.3   0.1    23    66    97   144    89   150 0.78 transcript=T265_01425 gene=T265_01425
T265_01425           -            619 382000at33208        -            148     3e-16   59.4  44.5   2  11   9.1e-05     0.078   12.6   1.6    11    61   127   185   123   209 0.82 transcript=T265_01425 gene=T265_01425
T265_01425           -            619 382000at33208        -            148     3e-16   59.4  44.5   3  11   4.3e-06    0.0037   16.9   3.1    10    64   218   282   209   289 0.75 transcript=T265_01425 gene=T265_01425
T265_01425           -            619 382000at33208        -            148     3e-16   59.4  44.5   4  11    0.0023         2    8.1   2.6    11    57   267   321   261   335 0.55 transcript=T265_01425 gene=T265_01425
T265_01425           -            619 382000at33208        -            148     3e-16   59.4  44.5   5  11     0.031        27    4.4   0.2    12    53   291   338   283   351 0.57 transcript=T265_01425 gene=T265_01425
T265_01425           -            619 382000at33208        -            148     3e-16   59.4  44.5   6  11    0.0069         6    6.5   0.3    11    62   314   374   304   381 0.72 transcript=T265_01425 gene=T265_01425
T265_01425           -            619 382000at33208        -            148     3e-16   59.4  44.5   7  11    0.0043       3.7    7.2   0.2    13    49   363   405   357   433 0.61 transcript=T265_01425 gene=T265_01425
T265_01425           -            619 382000at33208        -            148     3e-16   59.4  44.5   8  11   5.7e-08   4.9e-05   23.0   4.2     5    63   435   501   431   506 0.75 transcript=T265_01425 gene=T265_01425
T265_01425           -            619 382000at33208        -            148     3e-16   59.4  44.5   9  11    0.0042       3.6    7.2   0.5    33    63   491   524   489   533 0.77 transcript=T265_01425 gene=T265_01425
T265_01425           -            619 382000at33208        -            148     3e-16   59.4  44.5  10  11   9.5e-05     0.082   12.6   1.0    12    66   511   574   502   578 0.67 transcript=T265_01425 gene=T265_01425
T265_01425           -            619 382000at33208        -            148     3e-16   59.4  44.5  11  11    0.0012         1    9.0   0.2    31    67   535   575   526   612 0.54 transcript=T265_01425 gene=T265_01425
T265_08398           -           1478 382000at33208        -            148   1.4e-12   47.5  26.4   1   6    0.0011      0.91    9.2   0.0    12    55    62   110    53   125 0.70 transcript=T265_08398 gene=T265_08398
T265_08398           -           1478 382000at33208        -            148   1.4e-12   47.5  26.4   2   6    0.0012         1    9.0   0.1    12    54   131   178   124   179 0.84 transcript=T265_08398 gene=T265_08398
T265_08398           -           1478 382000at33208        -            148   1.4e-12   47.5  26.4   3   6     1e-05    0.0086   15.7   0.2    12    64   177   237   175   241 0.77 transcript=T265_08398 gene=T265_08398
T265_08398           -           1478 382000at33208        -            148   1.4e-12   47.5  26.4   4   6   0.00064      0.55    9.9   5.7    12    63   223   282   223   287 0.70 transcript=T265_08398 gene=T265_08398
T265_08398           -           1478 382000at33208        -            148   1.4e-12   47.5  26.4   5   6    0.0079       6.8    6.3   0.1    32    65   294   330   284   337 0.68 transcript=T265_08398 gene=T265_08398
T265_08398           -           1478 382000at33208        -            148   1.4e-12   47.5  26.4   6   6   0.00063      0.55    9.9   2.4    16   104   319   414   317   420 0.71 transcript=T265_08398 gene=T265_08398
T265_04804           -            645 382000at33208        -            148   1.9e-12   47.1  54.5   1   8   2.1e-05     0.018   14.7   0.7    16    67   147   199   132   204 0.72 transcript=T265_04804 gene=T265_04804
T265_04804           -            645 382000at33208        -            148   1.9e-12   47.1  54.5   2   8     0.098        84    2.8   0.6    32    62   207   241   198   248 0.72 transcript=T265_04804 gene=T265_04804
T265_04804           -            645 382000at33208        -            148   1.9e-12   47.1  54.5   3   8   3.9e-07   0.00033   20.3   5.0     8    66   247   314   240   321 0.75 transcript=T265_04804 gene=T265_04804
T265_04804           -            645 382000at33208        -            148   1.9e-12   47.1  54.5   4   8     0.018        16    5.1   1.7    30    74   320   368   312   383 0.71 transcript=T265_04804 gene=T265_04804
T265_04804           -            645 382000at33208        -            148   1.9e-12   47.1  54.5   5   8     0.019        17    5.1   0.2    31    64   393   430   388   436 0.80 transcript=T265_04804 gene=T265_04804
T265_04804           -            645 382000at33208        -            148   1.9e-12   47.1  54.5   6   8   0.00017      0.15   11.7   0.5    31    67   441   480   433   485 0.73 transcript=T265_04804 gene=T265_04804
T265_04804           -            645 382000at33208        -            148   1.9e-12   47.1  54.5   7   8   0.00057      0.49   10.0   2.3    12    62   463   521   462   527 0.66 transcript=T265_04804 gene=T265_04804
T265_04804           -            645 382000at33208        -            148   1.9e-12   47.1  54.5   8   8    0.0022       1.9    8.1   6.7    12    72   509   578   506   607 0.71 transcript=T265_04804 gene=T265_04804
T265_09621           -            552 382000at33208        -            148   1.5e-11   44.1  32.8   1   6     0.056        49    3.6   0.3    32    63    21    59     5    67 0.73 transcript=T265_09621 gene=T265_09621
T265_09621           -            552 382000at33208        -            148   1.5e-11   44.1  32.8   2   6   0.00016      0.14   11.8   3.5    12    66    70   130    59   144 0.76 transcript=T265_09621 gene=T265_09621
T265_09621           -            552 382000at33208        -            148   1.5e-11   44.1  32.8   3   6   4.9e-05     0.042   13.5   0.2    32    76   144   189   129   190 0.89 transcript=T265_09621 gene=T265_09621
T265_09621           -            552 382000at33208        -            148   1.5e-11   44.1  32.8   4   6    0.0014       1.2    8.7   0.7    32    72   189   233   187   245 0.69 transcript=T265_09621 gene=T265_09621
T265_09621           -            552 382000at33208        -            148   1.5e-11   44.1  32.8   5   6    0.0011      0.96    9.1   3.4    12    51   392   436   365   485 0.58 transcript=T265_09621 gene=T265_09621
T265_09621           -            552 382000at33208        -            148   1.5e-11   44.1  32.8   6   6   2.9e-05     0.025   14.3   0.1    31    63   494   529   462   547 0.72 transcript=T265_09621 gene=T265_09621
T265_12619           -            893 382000at33208        -            148   1.3e-08   34.6  53.2   1  11      0.14   1.2e+02    2.3   0.0    32    55    53    76    43    84 0.89 transcript=T265_12619 gene=T265_12619
T265_12619           -            893 382000at33208        -            148   1.3e-08   34.6  53.2   2  11     6e-05     0.052   13.2   1.8     6    59    68   126    64   134 0.75 transcript=T265_12619 gene=T265_12619
T265_12619           -            893 382000at33208        -            148   1.3e-08   34.6  53.2   3  11   1.7e-05     0.015   15.0   8.4    11    82   119   198   116   207 0.82 transcript=T265_12619 gene=T265_12619
T265_12619           -            893 382000at33208        -            148   1.3e-08   34.6  53.2   4  11   0.00057      0.49   10.0   2.6    10    55   164   214   159   224 0.65 transcript=T265_12619 gene=T265_12619
T265_12619           -            893 382000at33208        -            148   1.3e-08   34.6  53.2   5  11    0.0004      0.34   10.5   3.0    31   106   213   289   204   319 0.63 transcript=T265_12619 gene=T265_12619
T265_12619           -            893 382000at33208        -            148   1.3e-08   34.6  53.2   6  11    0.0013       1.1    8.9   0.2     9    63   325   387   318   392 0.70 transcript=T265_12619 gene=T265_12619
T265_12619           -            893 382000at33208        -            148   1.3e-08   34.6  53.2   7  11      0.31   2.6e+02    1.2   1.0    33    74   401   432   368   445 0.45 transcript=T265_12619 gene=T265_12619
T265_12619           -            893 382000at33208        -            148   1.3e-08   34.6  53.2   8  11      0.17   1.5e+02    2.0   0.4    32    53   424   445   396   460 0.69 transcript=T265_12619 gene=T265_12619
T265_12619           -            893 382000at33208        -            148   1.3e-08   34.6  53.2   9  11      0.42   3.6e+02    0.7   0.2    37    60   476   502   443   514 0.70 transcript=T265_12619 gene=T265_12619
T265_12619           -            893 382000at33208        -            148   1.3e-08   34.6  53.2  10  11     0.055        47    3.6   0.3    20    63   584   630   567   636 0.68 transcript=T265_12619 gene=T265_12619
T265_12619           -            893 382000at33208        -            148   1.3e-08   34.6  53.2  11  11    0.0024       2.1    8.0   2.7    15    74   598   673   588   676 0.50 transcript=T265_12619 gene=T265_12619
T265_15276           -            123 382000at33208        -            148   2.7e-08   33.6   2.6   1   2   2.5e-06    0.0021   17.7   0.5    27    66    28    71    23    73 0.76 transcript=T265_15276 gene=T265_15276
T265_15276           -            123 382000at33208        -            148   2.7e-08   33.6   2.6   2   2   3.4e-07   0.00029   20.5   0.3    12    75    55   119    55   121 0.75 transcript=T265_15276 gene=T265_15276
T265_14500           -            325 382000at33208        -            148   1.1e-07   31.6  18.6   1   5      0.34   2.9e+02    1.0   0.1    47    60    49    62     7    79 0.61 transcript=T265_14500 gene=T265_14500
T265_14500           -            325 382000at33208        -            148   1.1e-07   31.6  18.6   2   5   0.00031      0.27   10.9   0.1    31    63    99   134    83   139 0.76 transcript=T265_14500 gene=T265_14500
T265_14500           -            325 382000at33208        -            148   1.1e-07   31.6  18.6   3   5   4.6e-05      0.04   13.6   1.2    12    62   121   179   120   181 0.74 transcript=T265_14500 gene=T265_14500
T265_14500           -            325 382000at33208        -            148   1.1e-07   31.6  18.6   4   5   4.5e-07   0.00039   20.1   2.2    11    59   166   222   161   234 0.73 transcript=T265_14500 gene=T265_14500
T265_14500           -            325 382000at33208        -            148   1.1e-07   31.6  18.6   5   5      0.12     1e+02    2.5   0.1    11    62   236   287   230   297 0.76 transcript=T265_14500 gene=T265_14500
T265_06076           -            653 382000at33208        -            148   1.2e-07   31.4  16.4   1   4    0.0011      0.95    9.1   0.3    10    62    48   102    39   113 0.70 transcript=T265_06076 gene=T265_06076
T265_06076           -            653 382000at33208        -            148   1.2e-07   31.4  16.4   2   4     6e-07   0.00052   19.7   3.2    11    62   116   174   106   180 0.80 transcript=T265_06076 gene=T265_06076
T265_06076           -            653 382000at33208        -            148   1.2e-07   31.4  16.4   3   4   0.00079      0.68    9.6   1.1    20    61   170   219   165   230 0.67 transcript=T265_06076 gene=T265_06076
T265_06076           -            653 382000at33208        -            148   1.2e-07   31.4  16.4   4   4       6.1   5.3e+03   -3.0   0.0    70    89   508   528   503   551 0.64 transcript=T265_06076 gene=T265_06076
T265_14501           -            220 382000at33208        -            148     2e-07   30.8  11.9   1   4   7.2e-05     0.062   12.9   0.2    13    54    15    58     4    64 0.78 transcript=T265_14501 gene=T265_14501
T265_14501           -            220 382000at33208        -            148     2e-07   30.8  11.9   2   4   0.00073      0.63    9.7   0.0    29    64    67   105    58   113 0.79 transcript=T265_14501 gene=T265_14501
T265_14501           -            220 382000at33208        -            148     2e-07   30.8  11.9   3   4   0.00063      0.54    9.9   1.8    11    63   114   174   107   183 0.77 transcript=T265_14501 gene=T265_14501
T265_14501           -            220 382000at33208        -            148     2e-07   30.8  11.9   4   4     0.053        46    3.6   0.1    24    54   185   216   181   218 0.77 transcript=T265_14501 gene=T265_14501
T265_04518           -           3031 382000at33208        -            148     2e-06   27.5  24.3   1   5      0.41   3.6e+02    0.8   0.2    33    60  1671  1704  1639  1709 0.53 transcript=T265_04518 gene=T265_04518
T265_04518           -           3031 382000at33208        -            148     2e-06   27.5  24.3   2   5   1.3e-05     0.011   15.4   1.5     7    62  1738  1802  1732  1810 0.76 transcript=T265_04518 gene=T265_04518
T265_04518           -           3031 382000at33208        -            148     2e-06   27.5  24.3   3   5   0.00015      0.13   11.9   2.5    10    64  1812  1876  1805  1881 0.69 transcript=T265_04518 gene=T265_04518
T265_04518           -           3031 382000at33208        -            148     2e-06   27.5  24.3   4   5    0.0013       1.1    8.9   0.8    17    61  1867  1919  1865  1923 0.67 transcript=T265_04518 gene=T265_04518
T265_04518           -           3031 382000at33208        -            148     2e-06   27.5  24.3   5   5     0.063        55    3.4   0.3    34    64  1937  1970  1911  1982 0.71 transcript=T265_04518 gene=T265_04518
T265_13591           -            256 382000at33208        -            148   0.00028   20.6  10.0   1   3     4e-06    0.0035   17.0   0.8    11    63    31    90    26    96 0.81 transcript=T265_13591 gene=T265_13591
T265_13591           -            256 382000at33208        -            148   0.00028   20.6  10.0   2   3   0.00023      0.19   11.3   1.0     9    60    74   131    70   144 0.82 transcript=T265_13591 gene=T265_13591
T265_13591           -            256 382000at33208        -            148   0.00028   20.6  10.0   3   3     0.014        12    5.5   0.4     7    50   146   193   140   237 0.63 transcript=T265_13591 gene=T265_13591
T265_13047           -            209 382000at33208        -            148   0.00044   19.9   4.7   1   3     5e-05     0.043   13.5   0.7    31    62    25    58     4    70 0.80 transcript=T265_13047 gene=T265_13047
T265_13047           -            209 382000at33208        -            148   0.00044   19.9   4.7   2   3     0.031        27    4.4   0.0    25    54    67    96    56   110 0.77 transcript=T265_13047 gene=T265_13047
T265_13047           -            209 382000at33208        -            148   0.00044   19.9   4.7   3   3      0.08        69    3.1   0.2    40    64   105   133    94   142 0.66 transcript=T265_13047 gene=T265_13047
T265_02900           -            681 382000at33208        -            148    0.0012   18.5  12.2   1   4      0.47   4.1e+02    0.6   0.1    34    60    29    55    25    72 0.70 transcript=T265_02900 gene=T265_02900
T265_02900           -            681 382000at33208        -            148    0.0012   18.5  12.2   2   4    0.0066       5.7    6.6   4.1    17    55    66   101    47   103 0.65 transcript=T265_02900 gene=T265_02900
T265_02900           -            681 382000at33208        -            148    0.0012   18.5  12.2   3   4   3.9e-06    0.0034   17.1   3.8     4    60    69   132    66   140 0.69 transcript=T265_02900 gene=T265_02900
T265_02900           -            681 382000at33208        -            148    0.0012   18.5  12.2   4   4     0.026        22    4.7   0.3    15    54   125   169   122   181 0.63 transcript=T265_02900 gene=T265_02900
T265_00562           -            124 382000at33208        -            148    0.0067   16.1   2.9   1   1   2.5e-05     0.022   14.4   2.6    13    61    19    74    15    88 0.73 transcript=T265_00562 gene=T265_00562
T265_06276           -            867 382000at33208        -            148     0.011   15.4   6.3   1   2    0.0046         4    7.1   0.6    31    54   273   296   242   313 0.71 transcript=T265_06276 gene=T265_06276
T265_06276           -            867 382000at33208        -            148     0.011   15.4   6.3   2   2   0.00079      0.68    9.6   1.2    31    66   319   357   303   359 0.73 transcript=T265_06276 gene=T265_06276
T265_14067           -            986 382000at33208        -            148     0.012   15.2   0.6   1   1   3.5e-05      0.03   14.0   0.6    29    71     9    55     4    78 0.86 transcript=T265_14067 gene=T265_14067
T265_05930           -            190 382000at33208        -            148     0.013   15.2   0.1   1   1   9.1e-05     0.078   12.6   0.1    32    62    85   118    50   141 0.75 transcript=T265_05930 gene=T265_05930
T265_10273           -            225 382000at33208        -            148     0.013   15.2   2.3   1   1   3.3e-05     0.028   14.1   2.3    12    71    63   128    52   172 0.81 transcript=T265_10273 gene=T265_10273
T265_00605           -            298 382000at33208        -            148     0.029   14.0   3.9   1   3    0.0028       2.4    7.8   0.1    22    62   188   235   178   238 0.75 transcript=T265_00605 gene=T265_00605
T265_00605           -            298 382000at33208        -            148     0.029   14.0   3.9   2   3    0.0001      0.09   12.4   1.0    26    66   218   263   197   267 0.67 transcript=T265_00605 gene=T265_00605
T265_00605           -            298 382000at33208        -            148     0.029   14.0   3.9   3   3     0.018        15    5.2   0.8    32    64   249   285   242   293 0.67 transcript=T265_00605 gene=T265_00605
#
# Program:         hmmsearch
# Version:         3.4 (Aug 2023)
# Pipeline mode:   SEARCH
# Query file:      /users/40483456/busco_datasets/busco_downloads/lineages/metazoa_odb10/hmms/382000at33208.hmm
# Target file:     /users/40483456/protein/opisthorchis_viverrini.fa
# Option settings: hmmsearch --domtblout /users/40483456/busco/results_pro/opisthorchis_viverrini_busco/run_metazoa_odb10/hmmer_output/initial_run_results/382000at33208.out --cpu 1 /users/40483456/busco_datasets/busco_downloads/lineages/metazoa_odb10/hmms/382000at33208.hmm /users/40483456/protein/opisthorchis_viverrini.fa 
# Current dir:     /users/40483456
# Date:            Thu Jan 15 17:44:50 2026
# [ok]
