#                                                                            --- full sequence --- -------------- this domain -------------   hmm coord   ali coord   env coord
# target name        accession   tlen query name           accession   qlen   E-value  score  bias   #  of  c-Evalue  i-Evalue  score  bias  from    to  from    to  from    to  acc description of target
#------------------- ---------- ----- -------------------- ---------- ----- --------- ------ ----- --- --- --------- --------- ------ ----- ----- ----- ----- ----- ----- ----- ---- ---------------------
T265_09776           -            410 435253at33208        -            329   2.5e-16   59.6   6.5   1   6   0.00053      0.22   10.4   0.0    81   115    96   130    85   137 0.80 transcript=T265_09776 gene=T265_09776
T265_09776           -            410 435253at33208        -            329   2.5e-16   59.6   6.5   2   6   0.00018     0.074   12.0   0.0    82   115   139   172   131   184 0.85 transcript=T265_09776 gene=T265_09776
T265_09776           -            410 435253at33208        -            329   2.5e-16   59.6   6.5   3   6   8.4e-05     0.035   13.1   0.0    84   112   181   211   176   215 0.87 transcript=T265_09776 gene=T265_09776
T265_09776           -            410 435253at33208        -            329   2.5e-16   59.6   6.5   4   6    0.0079       3.3    6.6   0.0    86   113   227   254   219   260 0.83 transcript=T265_09776 gene=T265_09776
T265_09776           -            410 435253at33208        -            329   2.5e-16   59.6   6.5   5   6    0.0026       1.1    8.1   0.0    83   116   310   345   303   349 0.80 transcript=T265_09776 gene=T265_09776
T265_09776           -            410 435253at33208        -            329   2.5e-16   59.6   6.5   6   6    0.0043       1.8    7.5   0.0    83   114   352   385   350   409 0.80 transcript=T265_09776 gene=T265_09776
T265_09809           -            793 435253at33208        -            329   1.2e-12   47.5   0.2   1   4     0.085        36    3.2   0.0    92   119    11    38     6    67 0.84 transcript=T265_09809 gene=T265_09809
T265_09809           -            793 435253at33208        -            329   1.2e-12   47.5   0.2   2   4   0.00011     0.045   12.7   0.0     3   114    49   159    47   163 0.64 transcript=T265_09809 gene=T265_09809
T265_09809           -            793 435253at33208        -            329   1.2e-12   47.5   0.2   3   4    0.0046         2    7.3   0.0    89   114   176   201   167   206 0.83 transcript=T265_09809 gene=T265_09809
T265_09809           -            793 435253at33208        -            329   1.2e-12   47.5   0.2   4   4   0.00012      0.05   12.6   0.0    85   128   212   264   209   277 0.75 transcript=T265_09809 gene=T265_09809
T265_07849           -            456 435253at33208        -            329   1.8e-12   46.9   3.2   1   5   0.00018     0.077   12.0   0.0    87   119   166   198   153   208 0.90 transcript=T265_07849 gene=T265_07849
T265_07849           -            456 435253at33208        -            329   1.8e-12   46.9   3.2   2   5   6.5e-05     0.027   13.4   0.1    88   112   209   233   202   238 0.90 transcript=T265_07849 gene=T265_07849
T265_07849           -            456 435253at33208        -            329   1.8e-12   46.9   3.2   3   5   0.00046      0.19   10.6   0.1    81   114   242   277   237   287 0.84 transcript=T265_07849 gene=T265_07849
T265_07849           -            456 435253at33208        -            329   1.8e-12   46.9   3.2   4   5     0.018       7.4    5.4   0.0    88   117   293   322   278   328 0.86 transcript=T265_07849 gene=T265_07849
T265_07849           -            456 435253at33208        -            329   1.8e-12   46.9   3.2   5   5      0.25   1.1e+02    1.6   0.0    89   114   335   360   325   370 0.79 transcript=T265_07849 gene=T265_07849
T265_11847           -            364 435253at33208        -            329   1.2e-10   40.9   0.2   1   4         3   1.3e+03   -1.9   0.0    84   118    85   122    82   133 0.66 transcript=T265_11847 gene=T265_11847
T265_11847           -            364 435253at33208        -            329   1.2e-10   40.9   0.2   2   4   2.4e-05      0.01   14.8   0.0    80   113   126   159   118   164 0.90 transcript=T265_11847 gene=T265_11847
T265_11847           -            364 435253at33208        -            329   1.2e-10   40.9   0.2   3   4    0.0037       1.6    7.7   0.0    52   131   170   268   164   271 0.66 transcript=T265_11847 gene=T265_11847
T265_11847           -            364 435253at33208        -            329   1.2e-10   40.9   0.2   4   4   5.1e-05     0.022   13.8   0.0    65   117   287   339   276   344 0.83 transcript=T265_11847 gene=T265_11847
T265_10294           -            450 435253at33208        -            329   1.2e-10   40.9   6.3   1   4   0.00014     0.059   12.3   0.6     3   117   121   235   119   241 0.73 transcript=T265_10294 gene=T265_10294
T265_10294           -            450 435253at33208        -            329   1.2e-10   40.9   6.3   2   4    0.0045       1.9    7.4   0.1    88   117   269   298   260   302 0.81 transcript=T265_10294 gene=T265_10294
T265_10294           -            450 435253at33208        -            329   1.2e-10   40.9   6.3   3   4    0.0016      0.67    8.9   0.0    81   126   304   348   301   369 0.81 transcript=T265_10294 gene=T265_10294
T265_10294           -            450 435253at33208        -            329   1.2e-10   40.9   6.3   4   4     0.001      0.44    9.5   0.0    75   112   388   425   370   432 0.85 transcript=T265_10294 gene=T265_10294
T265_10694           -            958 435253at33208        -            329   1.5e-09   37.3   0.0   1   3   1.2e-05    0.0049   15.9   0.0    80   128   609   657   594   686 0.74 transcript=T265_10694 gene=T265_10694
T265_10694           -            958 435253at33208        -            329   1.5e-09   37.3   0.0   2   3       1.9   8.1e+02   -1.3   0.0    89   114   693   718   690   723 0.83 transcript=T265_10694 gene=T265_10694
T265_10694           -            958 435253at33208        -            329   1.5e-09   37.3   0.0   3   3   3.9e-06    0.0016   17.5   0.1     2   112   742   849   741   881 0.76 transcript=T265_10694 gene=T265_10694
T265_12595           -            835 435253at33208        -            329   1.3e-06   27.6   1.4   1   4    0.0062       2.6    6.9   0.1    85   131   458   509   445   510 0.80 transcript=T265_12595 gene=T265_12595
T265_12595           -            835 435253at33208        -            329   1.3e-06   27.6   1.4   2   4   8.2e-05     0.034   13.1   0.0    85   135   542   597   536   598 0.73 transcript=T265_12595 gene=T265_12595
T265_12595           -            835 435253at33208        -            329   1.3e-06   27.6   1.4   3   4    0.0027       1.1    8.1   0.0    86   131   583   633   573   642 0.75 transcript=T265_12595 gene=T265_12595
T265_12595           -            835 435253at33208        -            329   1.3e-06   27.6   1.4   4   4       1.5   6.4e+02   -0.9   0.0     3    66   625   682   623   686 0.58 transcript=T265_12595 gene=T265_12595
T265_04541           -            370 435253at33208        -            329   4.1e-06   26.0   0.3   1   4      0.42   1.7e+02    0.9   0.0     1    13   100   112    70   127 0.59 transcript=T265_04541 gene=T265_04541
T265_04541           -            370 435253at33208        -            329   4.1e-06   26.0   0.3   2   4   0.00012     0.051   12.5   0.0    85   114   186   215   181   229 0.86 transcript=T265_04541 gene=T265_04541
T265_04541           -            370 435253at33208        -            329   4.1e-06   26.0   0.3   3   4    0.0077       3.2    6.6   0.0    86   114   230   258   218   288 0.72 transcript=T265_04541 gene=T265_04541
T265_04541           -            370 435253at33208        -            329   4.1e-06   26.0   0.3   4   4      0.66   2.8e+02    0.3   0.0    90   119   321   350   304   361 0.86 transcript=T265_04541 gene=T265_04541
T265_06760           -            188 435253at33208        -            329   8.7e-06   24.9   0.1   1   3      0.26   1.1e+02    1.6   0.0    86   113    60    87    58   100 0.82 transcript=T265_06760 gene=T265_06760
T265_06760           -            188 435253at33208        -            329   8.7e-06   24.9   0.1   2   3   0.00013     0.055   12.4   0.0    86   112   102   128    88   134 0.85 transcript=T265_06760 gene=T265_06760
T265_06760           -            188 435253at33208        -            329   8.7e-06   24.9   0.1   3   3    0.0043       1.8    7.5   0.0    89   113   161   185   152   187 0.90 transcript=T265_06760 gene=T265_06760
T265_01771           -            587 435253at33208        -            329   1.3e-05   24.4   9.1   1   5       3.6   1.5e+03   -2.2   0.5   255   290    59    96    56   103 0.71 transcript=T265_01771 gene=T265_01771
T265_01771           -            587 435253at33208        -            329   1.3e-05   24.4   9.1   2   5     0.029        12    4.7   0.0    86   113   250   279   243   289 0.85 transcript=T265_01771 gene=T265_01771
T265_01771           -            587 435253at33208        -            329   1.3e-05   24.4   9.1   3   5    0.0094       3.9    6.3   0.0    73   113   314   360   307   373 0.80 transcript=T265_01771 gene=T265_01771
T265_01771           -            587 435253at33208        -            329   1.3e-05   24.4   9.1   4   5    0.0026       1.1    8.1   0.0    89   130   376   422   366   430 0.74 transcript=T265_01771 gene=T265_01771
T265_01771           -            587 435253at33208        -            329   1.3e-05   24.4   9.1   5   5    0.0063       2.7    6.9   0.0    87   120   535   568   528   579 0.89 transcript=T265_01771 gene=T265_01771
T265_11741           -            379 435253at33208        -            329   1.4e-05   24.2   4.2   1   4      0.27   1.1e+02    1.5   0.1    32   109    35   108    21   120 0.51 transcript=T265_11741 gene=T265_11741
T265_11741           -            379 435253at33208        -            329   1.4e-05   24.2   4.2   2   4     0.014       5.8    5.8   0.1    87   114   126   153   114   166 0.81 transcript=T265_11741 gene=T265_11741
T265_11741           -            379 435253at33208        -            329   1.4e-05   24.2   4.2   3   4     0.006       2.5    7.0   0.0    73   114   184   224   174   230 0.83 transcript=T265_11741 gene=T265_11741
T265_11741           -            379 435253at33208        -            329   1.4e-05   24.2   4.2   4   4    0.0031       1.3    7.9   0.0    49   127   230   316   225   336 0.70 transcript=T265_11741 gene=T265_11741
T265_02802           -            703 435253at33208        -            329   3.7e-05   22.9   1.3   1   3    0.0057       2.4    7.1   0.1     3   113   435   542   433   544 0.70 transcript=T265_02802 gene=T265_02802
T265_02802           -            703 435253at33208        -            329   3.7e-05   22.9   1.3   2   3    0.0025       1.1    8.2   0.1    74   112   545   583   542   589 0.88 transcript=T265_02802 gene=T265_02802
T265_02802           -            703 435253at33208        -            329   3.7e-05   22.9   1.3   3   3     0.025        10    4.9   0.0    84   118   604   640   598   663 0.73 transcript=T265_02802 gene=T265_02802
T265_05567           -           1107 435253at33208        -            329   5.9e-05   22.2   0.1   1   4   0.00077      0.33    9.9   0.0    88   126   175   211   159   226 0.82 transcript=T265_05567 gene=T265_05567
T265_05567           -           1107 435253at33208        -            329   5.9e-05   22.2   0.1   2   4       9.7   4.1e+03   -3.6   0.0    33    49   583   599   582   602 0.85 transcript=T265_05567 gene=T265_05567
T265_05567           -           1107 435253at33208        -            329   5.9e-05   22.2   0.1   3   4     0.012       4.9    6.0   0.0    81   113   720   752   712   760 0.88 transcript=T265_05567 gene=T265_05567
T265_05567           -           1107 435253at33208        -            329   5.9e-05   22.2   0.1   4   4      0.39   1.6e+02    1.0   0.0    88   113   769   794   757   798 0.86 transcript=T265_05567 gene=T265_05567
T265_01805           -            592 435253at33208        -            329   6.5e-05   22.1   9.0   1   5     0.077        32    3.3   0.2    17   112   156   256   148   262 0.68 transcript=T265_01805 gene=T265_01805
T265_01805           -            592 435253at33208        -            329   6.5e-05   22.1   9.0   2   5    0.0064       2.7    6.9   0.0    84   136   317   376   309   381 0.74 transcript=T265_01805 gene=T265_01805
T265_01805           -            592 435253at33208        -            329   6.5e-05   22.1   9.0   3   5     0.026        11    4.9   0.3    89   130   364   410   354   412 0.78 transcript=T265_01805 gene=T265_01805
T265_01805           -            592 435253at33208        -            329   6.5e-05   22.1   9.0   4   5   0.00057      0.24   10.3   0.8    88   146   403   468   391   476 0.73 transcript=T265_01805 gene=T265_01805
T265_01805           -            592 435253at33208        -            329   6.5e-05   22.1   9.0   5   5    0.0037       1.6    7.6   0.3    82   133   439   498   430   506 0.75 transcript=T265_01805 gene=T265_01805
T265_08698           -            559 435253at33208        -            329   6.6e-05   22.0   1.6   1   4   5.6e-05     0.023   13.6   0.1    82   131   282   341   260   350 0.76 transcript=T265_08698 gene=T265_08698
T265_08698           -            559 435253at33208        -            329   6.6e-05   22.0   1.6   2   4    0.0016      0.65    8.9   0.0     3    53   333   391   331   395 0.85 transcript=T265_08698 gene=T265_08698
T265_08698           -            559 435253at33208        -            329   6.6e-05   22.0   1.6   3   4     0.057        24    3.8   0.0    86   116   375   405   365   427 0.70 transcript=T265_08698 gene=T265_08698
T265_08698           -            559 435253at33208        -            329   6.6e-05   22.0   1.6   4   4       2.9   1.2e+03   -1.8   0.1    60    82   511   533   501   539 0.69 transcript=T265_08698 gene=T265_08698
T265_02349           -            405 435253at33208        -            329    0.0001   21.4   0.0   1   3   0.00019     0.079   11.9   0.0    86   119   226   257   219   267 0.81 transcript=T265_02349 gene=T265_02349
T265_02349           -            405 435253at33208        -            329    0.0001   21.4   0.0   2   3    0.0082       3.4    6.5   0.0    89   114   271   296   262   300 0.87 transcript=T265_02349 gene=T265_02349
T265_02349           -            405 435253at33208        -            329    0.0001   21.4   0.0   3   3       4.7     2e+03   -2.6   0.0    91   113   359   381   350   386 0.79 transcript=T265_02349 gene=T265_02349
T265_10381           -           1388 435253at33208        -            329   0.00045   19.3   0.6   1   3   0.00059      0.25   10.3   0.1    84   130    79   134    77   139 0.72 transcript=T265_10381 gene=T265_10381
T265_10381           -           1388 435253at33208        -            329   0.00045   19.3   0.6   2   3     0.014       5.8    5.8   0.0    57   136   181   271   172   276 0.71 transcript=T265_10381 gene=T265_10381
T265_10381           -           1388 435253at33208        -            329   0.00045   19.3   0.6   3   3       2.5   1.1e+03   -1.7   0.0   142   199   321   383   314   388 0.81 transcript=T265_10381 gene=T265_10381
T265_01466           -            650 435253at33208        -            329   0.00048   19.2   0.3   1   1   1.5e-05    0.0065   15.5   0.3    22   131   263   378   233   390 0.61 transcript=T265_01466 gene=T265_01466
T265_02742           -           1007 435253at33208        -            329   0.00086   18.4   3.2   1   2    0.0098       4.1    6.3   0.8    84   130   114   171    35   174 0.80 transcript=T265_02742 gene=T265_02742
T265_02742           -           1007 435253at33208        -            329   0.00086   18.4   3.2   2   2   0.00061      0.26   10.2   0.0    88   115   208   235   202   261 0.79 transcript=T265_02742 gene=T265_02742
T265_01758           -           1091 435253at33208        -            329    0.0011   18.1   1.0   1   5      0.15        64    2.4   0.0    89   117   301   329   293   351 0.79 transcript=T265_01758 gene=T265_01758
T265_01758           -           1091 435253at33208        -            329    0.0011   18.1   1.0   2   5       5.2   2.2e+03   -2.7   0.0    83   126   473   516   472   518 0.89 transcript=T265_01758 gene=T265_01758
T265_01758           -           1091 435253at33208        -            329    0.0011   18.1   1.0   3   5       1.5   6.5e+02   -1.0   0.0   110   132   567   588   562   594 0.84 transcript=T265_01758 gene=T265_01758
T265_01758           -           1091 435253at33208        -            329    0.0011   18.1   1.0   4   5         7   2.9e+03   -3.1   0.1   114   131   626   643   606   678 0.66 transcript=T265_01758 gene=T265_01758
T265_01758           -           1091 435253at33208        -            329    0.0011   18.1   1.0   5   5   0.00038      0.16   10.9   0.0    81   118   759   797   749   815 0.78 transcript=T265_01758 gene=T265_01758
T265_14327           -            318 435253at33208        -            329    0.0011   18.0   0.7   1   3     0.018       7.5    5.4   0.0    88   110    98   120    85   145 0.82 transcript=T265_14327 gene=T265_14327
T265_14327           -            318 435253at33208        -            329    0.0011   18.0   0.7   2   3      0.12        52    2.7   0.1    86   118   221   254   215   264 0.78 transcript=T265_14327 gene=T265_14327
T265_14327           -            318 435253at33208        -            329    0.0011   18.0   0.7   3   3    0.0093       3.9    6.3   0.1    86   112   264   290   255   305 0.87 transcript=T265_14327 gene=T265_14327
T265_13295           -            165 435253at33208        -            329    0.0014   17.7   0.0   1   2      0.39   1.6e+02    1.0   0.0     1    25    30    54    26    88 0.71 transcript=T265_13295 gene=T265_13295
T265_13295           -            165 435253at33208        -            329    0.0014   17.7   0.0   2   2   3.1e-05     0.013   14.5   0.0    86   121   117   150   108   158 0.80 transcript=T265_13295 gene=T265_13295
T265_03904           -           1605 435253at33208        -            329    0.0015   17.6   0.2   1   1   9.2e-06    0.0039   16.2   0.2    24    67  1208  1253  1197  1269 0.78 transcript=T265_03904 gene=T265_03904
T265_00780           -           1063 435253at33208        -            329    0.0039   16.2   1.1   1   3       1.5   6.3e+02   -0.9   0.0    75   120   242   290   234   308 0.67 transcript=T265_00780 gene=T265_00780
T265_00780           -           1063 435253at33208        -            329    0.0039   16.2   1.1   2   3    0.0056       2.4    7.1   0.2    61   127   413   489   408   500 0.72 transcript=T265_00780 gene=T265_00780
T265_00780           -           1063 435253at33208        -            329    0.0039   16.2   1.1   3   3     0.026        11    4.9   0.0    93   115   543   565   535   594 0.85 transcript=T265_00780 gene=T265_00780
T265_04973           -            315 435253at33208        -            329    0.0043   16.1   8.2   1   5       1.5   6.5e+02   -1.0   0.0    84   118    27    68    19    80 0.63 transcript=T265_04973 gene=T265_04973
T265_04973           -            315 435253at33208        -            329    0.0043   16.1   8.2   2   5   0.00077      0.32    9.9   0.1    88   120    80   112    72   133 0.80 transcript=T265_04973 gene=T265_04973
T265_04973           -            315 435253at33208        -            329    0.0043   16.1   8.2   3   5     0.043        18    4.2   0.0    88   115   167   194   157   199 0.83 transcript=T265_04973 gene=T265_04973
T265_04973           -            315 435253at33208        -            329    0.0043   16.1   8.2   4   5      0.13        54    2.6   0.1    36   101   206   262   202   268 0.56 transcript=T265_04973 gene=T265_04973
T265_04973           -            315 435253at33208        -            329    0.0043   16.1   8.2   5   5       1.9   8.1e+02   -1.3   0.2    26    32   284   290   275   313 0.52 transcript=T265_04973 gene=T265_04973
T265_10654           -            623 435253at33208        -            329    0.0062   15.5   2.7   1   3   0.00052      0.22   10.5   0.4     3   131   252   383   250   387 0.73 transcript=T265_10654 gene=T265_10654
T265_10654           -            623 435253at33208        -            329    0.0062   15.5   2.7   2   3    0.0063       2.6    6.9   0.0    86   113   373   400   359   404 0.85 transcript=T265_10654 gene=T265_10654
T265_10654           -            623 435253at33208        -            329    0.0062   15.5   2.7   3   3      0.18        76    2.1   0.0    86   113   413   440   405   472 0.67 transcript=T265_10654 gene=T265_10654
T265_10741           -            727 435253at33208        -            329    0.0078   15.2   0.1   1   3      0.65   2.7e+02    0.3   0.0    87   117   470   501   414   506 0.83 transcript=T265_10741 gene=T265_10741
T265_10741           -            727 435253at33208        -            329    0.0078   15.2   0.1   2   3    0.0005      0.21   10.5   0.0    86   118   512   544   500   560 0.90 transcript=T265_10741 gene=T265_10741
T265_10741           -            727 435253at33208        -            329    0.0078   15.2   0.1   3   3       2.1   8.8e+02   -1.4   0.0     3    17   620   634   618   647 0.72 transcript=T265_10741 gene=T265_10741
T265_06242           -            323 435253at33208        -            329     0.022   13.7   0.1   1   3         4   1.7e+03   -2.3   0.0    89   117    26    54    17    58 0.80 transcript=T265_06242 gene=T265_06242
T265_06242           -            323 435253at33208        -            329     0.022   13.7   0.1   2   3      0.02       8.5    5.2   0.0    31    50   145   164   120   169 0.80 transcript=T265_06242 gene=T265_06242
T265_06242           -            323 435253at33208        -            329     0.022   13.7   0.1   3   3     0.019       8.1    5.3   0.0    86   113   286   313   247   319 0.80 transcript=T265_06242 gene=T265_06242
T265_01977           -            477 435253at33208        -            329     0.024   13.6   0.1   1   2   0.00054      0.22   10.4   0.1    70   137    99   173    95   177 0.82 transcript=T265_01977 gene=T265_01977
T265_01977           -            477 435253at33208        -            329     0.024   13.6   0.1   2   2      0.72     3e+02    0.1   0.0    33    54   238   259   236   264 0.85 transcript=T265_01977 gene=T265_01977
T265_15197           -            677 435253at33208        -            329     0.046   12.7   4.7   1   2     0.013       5.4    5.9   1.0    88   130   371   419   263   439 0.65 transcript=T265_15197 gene=T265_15197
T265_15197           -            677 435253at33208        -            329     0.046   12.7   4.7   2   2    0.0072         3    6.7   0.1    87   126   544   581   524   617 0.77 transcript=T265_15197 gene=T265_15197
T265_15007           -            383 435253at33208        -            329      0.05   12.6   0.0   1   2   0.00071       0.3   10.0   0.0    82   125    74   119    61   134 0.83 transcript=T265_15007 gene=T265_15007
T265_15007           -            383 435253at33208        -            329      0.05   12.6   0.0   2   2      0.87   3.6e+02   -0.1   0.0    43    71   156   185   154   197 0.79 transcript=T265_15007 gene=T265_15007
T265_03814           -            911 435253at33208        -            329      0.08   11.9   0.1   1   2         1   4.3e+02   -0.4   0.0    78   104   569   595   555   615 0.70 transcript=T265_03814 gene=T265_03814
T265_03814           -            911 435253at33208        -            329      0.08   11.9   0.1   2   2    0.0026       1.1    8.2   0.1    83   115   851   885   809   894 0.85 transcript=T265_03814 gene=T265_03814
T265_10890           -            923 435253at33208        -            329      0.09   11.7   0.1   1   5      0.17        71    2.2   0.0    86   109   696   720   685   753 0.79 transcript=T265_10890 gene=T265_10890
T265_10890           -            923 435253at33208        -            329      0.09   11.7   0.1   2   5       2.3   9.6e+02   -1.5   0.0    91   115   745   769   735   773 0.84 transcript=T265_10890 gene=T265_10890
T265_10890           -            923 435253at33208        -            329      0.09   11.7   0.1   3   5      0.24        99    1.7   0.0    91   130   787   833   771   834 0.75 transcript=T265_10890 gene=T265_10890
T265_10890           -            923 435253at33208        -            329      0.09   11.7   0.1   4   5     0.058        24    3.7   0.0    85   114   823   852   819   868 0.89 transcript=T265_10890 gene=T265_10890
T265_10890           -            923 435253at33208        -            329      0.09   11.7   0.1   5   5         5   2.1e+03   -2.6   0.0    88   113   869   894   852   899 0.78 transcript=T265_10890 gene=T265_10890
T265_11948           -            665 435253at33208        -            329     0.099   11.6   2.5   1   3     0.042        18    4.2   0.1    89   118    91   120    84   143 0.86 transcript=T265_11948 gene=T265_11948
T265_11948           -            665 435253at33208        -            329     0.099   11.6   2.5   2   3       3.6   1.5e+03   -2.2   0.0     7    58   368   425   365   461 0.55 transcript=T265_11948 gene=T265_11948
T265_11948           -            665 435253at33208        -            329     0.099   11.6   2.5   3   3     0.021       8.6    5.2   0.1    85   118   606   641   523   661 0.72 transcript=T265_11948 gene=T265_11948
T265_00719           -            927 435253at33208        -            329       0.1   11.6   1.4   1   2      0.31   1.3e+02    1.3   0.2    32   112   156   231   140   241 0.64 transcript=T265_00719 gene=T265_00719
T265_00719           -            927 435253at33208        -            329       0.1   11.6   1.4   2   2    0.0027       1.2    8.1   0.1    32    56   650   674   634   678 0.89 transcript=T265_00719 gene=T265_00719
T265_15203           -            326 435253at33208        -            329       0.1   11.6   0.0   1   2      0.09        38    3.1   0.0    86   115    45    76    22    86 0.82 transcript=T265_15203 gene=T265_15203
T265_15203           -            326 435253at33208        -            329       0.1   11.6   0.0   2   2     0.012       4.9    6.0   0.0     2   101    91   188    90   232 0.68 transcript=T265_15203 gene=T265_15203
T265_05839           -            622 435253at33208        -            329      0.18   10.7   1.1   1   2       1.1   4.7e+02   -0.5   0.1    80   130   294   351   280   355 0.65 transcript=T265_05839 gene=T265_05839
T265_05839           -            622 435253at33208        -            329      0.18   10.7   1.1   2   2    0.0021       0.9    8.4   0.0    36   117   412   498   406   519 0.64 transcript=T265_05839 gene=T265_05839
T265_13987           -            399 435253at33208        -            329      0.23   10.4   0.1   1   1    0.0016      0.69    8.8   0.1    45   109    52   129    47   137 0.67 transcript=T265_13987 gene=T265_13987
T265_00243           -            992 435253at33208        -            329      0.64    8.9   3.3   1   2         2   8.4e+02   -1.3   0.0    32    50   688   706   672   708 0.86 transcript=T265_00243 gene=T265_00243
T265_00243           -            992 435253at33208        -            329      0.64    8.9   3.3   2   2    0.0036       1.5    7.7   1.6    83   130   863   917   846   928 0.77 transcript=T265_00243 gene=T265_00243
#
# Program:         hmmsearch
# Version:         3.4 (Aug 2023)
# Pipeline mode:   SEARCH
# Query file:      /users/40483456/busco_datasets/busco_downloads/lineages/metazoa_odb10/hmms/435253at33208.hmm
# Target file:     /users/40483456/protein/opisthorchis_viverrini.fa
# Option settings: hmmsearch --domtblout /users/40483456/busco/results_pro/opisthorchis_viverrini_busco/run_metazoa_odb10/hmmer_output/initial_run_results/435253at33208.out --cpu 1 /users/40483456/busco_datasets/busco_downloads/lineages/metazoa_odb10/hmms/435253at33208.hmm /users/40483456/protein/opisthorchis_viverrini.fa 
# Current dir:     /users/40483456
# Date:            Thu Jan 15 17:44:53 2026
# [ok]
