#                                                                            --- full sequence --- -------------- this domain -------------   hmm coord   ali coord   env coord
# target name        accession   tlen query name           accession   qlen   E-value  score  bias   #  of  c-Evalue  i-Evalue  score  bias  from    to  from    to  from    to  acc description of target
#------------------- ---------- ----- -------------------- ---------- ----- --------- ------ ----- --- --- --------- --------- ------ ----- ----- ----- ----- ----- ----- ----- ---- ---------------------
T265_12974           -           2065 49474at33208         -           1197         0 1129.3  18.0   1  10   9.5e-66   1.6e-62  211.5   0.7     2   199     6   227     5   250 0.84 transcript=T265_12974 gene=T265_12974
T265_12974           -           2065 49474at33208         -           1197         0 1129.3  18.0   2  10   3.1e-67   5.2e-64  216.4   0.0   194   410   309   536   293   550 0.88 transcript=T265_12974 gene=T265_12974
T265_12974           -           2065 49474at33208         -           1197         0 1129.3  18.0   3  10  4.8e-139  7.9e-136  454.3   0.0   407   764   589   953   585   956 0.94 transcript=T265_12974 gene=T265_12974
T265_12974           -           2065 49474at33208         -           1197         0 1129.3  18.0   4  10      0.02        32    1.8   0.0   792   819  1065  1096  1052  1101 0.72 transcript=T265_12974 gene=T265_12974
T265_12974           -           2065 49474at33208         -           1197         0 1129.3  18.0   5  10   1.4e-13   2.2e-10   38.8   0.2   819   892  1197  1279  1193  1296 0.76 transcript=T265_12974 gene=T265_12974
T265_12974           -           2065 49474at33208         -           1197         0 1129.3  18.0   6  10   4.6e-05     0.075   10.5   0.0   893   948  1310  1368  1301  1389 0.73 transcript=T265_12974 gene=T265_12974
T265_12974           -           2065 49474at33208         -           1197         0 1129.3  18.0   7  10   9.6e-11   1.6e-07   29.3   0.0   964  1015  1501  1552  1475  1557 0.92 transcript=T265_12974 gene=T265_12974
T265_12974           -           2065 49474at33208         -           1197         0 1129.3  18.0   8  10   0.00097       1.6    6.1   0.0  1012  1040  1620  1649  1609  1658 0.82 transcript=T265_12974 gene=T265_12974
T265_12974           -           2065 49474at33208         -           1197         0 1129.3  18.0   9  10   7.8e-24   1.3e-20   72.7   0.7  1040  1100  1687  1747  1682  1756 0.96 transcript=T265_12974 gene=T265_12974
T265_12974           -           2065 49474at33208         -           1197         0 1129.3  18.0  10  10   7.2e-28   1.2e-24   86.0   0.2  1100  1196  1782  1892  1776  1893 0.85 transcript=T265_12974 gene=T265_12974
T265_10332           -           2057 49474at33208         -           1197   7.2e-46  156.3  18.8   1   7   2.6e-06    0.0043   14.6   0.2    57   190   143   278   104   297 0.79 transcript=T265_10332 gene=T265_10332
T265_10332           -           2057 49474at33208         -           1197   7.2e-46  156.3  18.8   2   7     4e-17   6.5e-14   50.5   0.2   270   384   496   611   466   619 0.88 transcript=T265_10332 gene=T265_10332
T265_10332           -           2057 49474at33208         -           1197   7.2e-46  156.3  18.8   3   7   1.4e-24   2.4e-21   75.1   0.1   414   563   704   840   690   844 0.83 transcript=T265_10332 gene=T265_10332
T265_10332           -           2057 49474at33208         -           1197   7.2e-46  156.3  18.8   4   7      0.39   6.4e+02   -2.5   0.0   564   599   881   916   876   920 0.88 transcript=T265_10332 gene=T265_10332
T265_10332           -           2057 49474at33208         -           1197   7.2e-46  156.3  18.8   5   7   0.00027      0.45    8.0   0.1   627   702   968  1048   955  1062 0.79 transcript=T265_10332 gene=T265_10332
T265_10332           -           2057 49474at33208         -           1197   7.2e-46  156.3  18.8   6   7    0.0055         9    3.6   0.0   707   746  1109  1148  1099  1156 0.89 transcript=T265_10332 gene=T265_10332
T265_10332           -           2057 49474at33208         -           1197   7.2e-46  156.3  18.8   7   7   1.5e-05     0.024   12.2   0.3   808   936  1278  1422  1268  1454 0.74 transcript=T265_10332 gene=T265_10332
T265_00345           -           1287 49474at33208         -           1197   1.2e-39  135.7   0.0   1   1   1.1e-42   1.8e-39  135.2   0.0   415   609   719   921   701   925 0.88 transcript=T265_00345 gene=T265_00345
T265_00756           -            749 49474at33208         -           1197   1.1e-30  106.0   0.0   1   1   9.2e-34   1.5e-30  105.6   0.0   412   596   361   556   343   564 0.86 transcript=T265_00756 gene=T265_00756
T265_04768           -           1451 49474at33208         -           1197   4.6e-25   87.4   0.1   1   1   3.9e-28   6.4e-25   86.9   0.1   479   601   417   537   400   544 0.93 transcript=T265_04768 gene=T265_04768
T265_04962           -            498 49474at33208         -           1197   3.8e-20   71.1   1.6   1   3   1.2e-08     2e-05   22.4   0.0   419   473    29    83    13   100 0.83 transcript=T265_04962 gene=T265_04962
T265_04962           -            498 49474at33208         -           1197   3.8e-20   71.1   1.6   2   3   3.7e-06    0.0061   14.1   0.1   534   563   210   239   192   245 0.86 transcript=T265_04962 gene=T265_04962
T265_04962           -            498 49474at33208         -           1197   3.8e-20   71.1   1.6   3   3   9.9e-12   1.6e-08   32.6   0.0   535   597   247   310   238   318 0.92 transcript=T265_04962 gene=T265_04962
T265_06116           -            971 49474at33208         -           1197   1.1e-14   53.1   0.0   1   1     9e-18   1.5e-14   52.6   0.0   418   571   472   640   435   644 0.77 transcript=T265_06116 gene=T265_06116
T265_01998           -            182 49474at33208         -           1197   1.2e-10   39.7   0.1   1   1   8.6e-14   1.4e-10   39.4   0.1   436   589     2   158     1   162 0.89 transcript=T265_01998 gene=T265_01998
T265_09082           -           1765 49474at33208         -           1197   4.3e-07   27.9  14.8   1   5   1.2e-06     0.002   15.7   1.1   308   391   296   376   280   380 0.87 transcript=T265_09082 gene=T265_09082
T265_09082           -           1765 49474at33208         -           1197   4.3e-07   27.9  14.8   2   5      0.63     1e+03   -3.2   0.0   635   717   477   566   471   576 0.68 transcript=T265_09082 gene=T265_09082
T265_09082           -           1765 49474at33208         -           1197   4.3e-07   27.9  14.8   3   5      0.27   4.4e+02   -2.0   0.1   705   739   636   670   630   678 0.87 transcript=T265_09082 gene=T265_09082
T265_09082           -           1765 49474at33208         -           1197   4.3e-07   27.9  14.8   4   5         1   1.7e+03   -3.9   0.0   826   856   780   810   770   831 0.73 transcript=T265_09082 gene=T265_09082
T265_09082           -           1765 49474at33208         -           1197   4.3e-07   27.9  14.8   5   5   4.1e-08   6.7e-05   20.6   0.6  1040  1101   983  1044   980  1049 0.93 transcript=T265_09082 gene=T265_09082
T265_12395           -             74 49474at33208         -           1197     9e-07   26.8   0.0   1   1   5.9e-10   9.7e-07   26.7   0.0   419   472    19    72    12    74 0.84 transcript=T265_12395 gene=T265_12395
#
# Program:         hmmsearch
# Version:         3.4 (Aug 2023)
# Pipeline mode:   SEARCH
# Query file:      /users/40483456/busco_datasets/busco_downloads/lineages/metazoa_odb10/hmms/49474at33208.hmm
# Target file:     /users/40483456/protein/opisthorchis_viverrini.fa
# Option settings: hmmsearch --domtblout /users/40483456/busco/results_pro/opisthorchis_viverrini_busco/run_metazoa_odb10/hmmer_output/initial_run_results/49474at33208.out --cpu 1 /users/40483456/busco_datasets/busco_downloads/lineages/metazoa_odb10/hmms/49474at33208.hmm /users/40483456/protein/opisthorchis_viverrini.fa 
# Current dir:     /users/40483456
# Date:            Thu Jan 15 17:45:02 2026
# [ok]
