#                                                                            --- full sequence --- -------------- this domain -------------   hmm coord   ali coord   env coord
# target name        accession   tlen query name           accession   qlen   E-value  score  bias   #  of  c-Evalue  i-Evalue  score  bias  from    to  from    to  from    to  acc description of target
#------------------- ---------- ----- -------------------- ---------- ----- --------- ------ ----- --- --- --------- --------- ------ ----- ----- ----- ----- ----- ----- ----- ---- ---------------------
T265_12510           -            369 573237at33208        -            237   2.2e-39  135.3   0.5   1   3   1.7e-26   3.2e-23   82.4   0.1     1    70     9    81     9    87 0.95 transcript=T265_12510 gene=T265_12510
T265_12510           -            369 573237at33208        -            237   2.2e-39  135.3   0.5   2   3   2.3e-07   0.00042   19.8   0.0    68   200    98   252    93   286 0.60 transcript=T265_12510 gene=T265_12510
T265_12510           -            369 573237at33208        -            237   2.2e-39  135.3   0.5   3   3   6.4e-10   1.2e-06   28.2   0.0   200   235   313   348   304   350 0.92 transcript=T265_12510 gene=T265_12510
T265_08487           -           1281 573237at33208        -            237   1.1e-36  126.4   0.0   1   3   8.4e-26   1.5e-22   80.2   0.0     5   141    46   200    42   224 0.86 transcript=T265_08487 gene=T265_08487
T265_08487           -           1281 573237at33208        -            237   1.1e-36  126.4   0.0   2   3   8.9e-07    0.0016   17.9   0.0   195   236   389   430   369   431 0.89 transcript=T265_08487 gene=T265_08487
T265_08487           -           1281 573237at33208        -            237   1.1e-36  126.4   0.0   3   3   1.2e-08   2.2e-05   24.0   0.0     8    92   458   557   454   579 0.78 transcript=T265_08487 gene=T265_08487
T265_07388           -           1426 573237at33208        -            237   4.7e-22   78.6   1.6   1   4   4.6e-14   8.3e-11   41.8   0.1    22    93     2    85     1    88 0.84 transcript=T265_07388 gene=T265_07388
T265_07388           -           1426 573237at33208        -            237   4.7e-22   78.6   1.6   2   4   0.00025      0.46    9.9   0.0   110   140   130   161   103   169 0.80 transcript=T265_07388 gene=T265_07388
T265_07388           -           1426 573237at33208        -            237   4.7e-22   78.6   1.6   3   4   8.4e-06     0.015   14.7   0.0   195   230   476   511   420   517 0.86 transcript=T265_07388 gene=T265_07388
T265_07388           -           1426 573237at33208        -            237   4.7e-22   78.6   1.6   4   4    0.0015       2.7    7.4   0.1    17    51   542   576   531   579 0.92 transcript=T265_07388 gene=T265_07388
T265_03830           -            674 573237at33208        -            237     4e-18   65.7   0.2   1   3   5.9e-15   1.1e-11   44.7   0.0    11   147    59   218    55   225 0.81 transcript=T265_03830 gene=T265_03830
T265_03830           -            674 573237at33208        -            237     4e-18   65.7   0.2   2   3       4.3   7.9e+03   -4.0   0.0   164   188   266   290   263   293 0.73 transcript=T265_03830 gene=T265_03830
T265_03830           -            674 573237at33208        -            237     4e-18   65.7   0.2   3   3   6.7e-07    0.0012   18.3   0.0   196   234   628   666   617   669 0.92 transcript=T265_03830 gene=T265_03830
T265_07822           -            726 573237at33208        -            237   8.1e-07   28.7   0.1   1   1   9.2e-10   1.7e-06   27.7   0.1    28   120     6   119     3   135 0.67 transcript=T265_07822 gene=T265_07822
T265_06465           -            415 573237at33208        -            237   1.1e-06   28.3   0.5   1   2   1.1e-09     2e-06   27.4   0.0     2    58    11    69    10   104 0.89 transcript=T265_06465 gene=T265_06465
T265_06465           -            415 573237at33208        -            237   1.1e-06   28.3   0.5   2   2       2.4   4.4e+03   -3.1   0.2   201   219   222   240   214   251 0.77 transcript=T265_06465 gene=T265_06465
T265_08127           -            961 573237at33208        -            237   0.00025   20.6   0.1   1   2   4.2e-07   0.00077   19.0   0.0    27   106    42   137    35   150 0.74 transcript=T265_08127 gene=T265_08127
T265_08127           -            961 573237at33208        -            237   0.00025   20.6   0.1   2   2       1.6   2.9e+03   -2.6   0.0   197   231   285   319   277   330 0.74 transcript=T265_08127 gene=T265_08127
T265_15625           -            422 573237at33208        -            237    0.0031   17.0   0.0   1   1   3.1e-06    0.0056   16.1   0.0    16    92    66   151    51   165 0.72 transcript=T265_15625 gene=T265_15625
T265_13374           -           1180 573237at33208        -            237     0.013   14.9   0.0   1   1   2.1e-05     0.038   13.4   0.0    23    61   400   438   384   446 0.86 transcript=T265_13374 gene=T265_13374
#
# Program:         hmmsearch
# Version:         3.4 (Aug 2023)
# Pipeline mode:   SEARCH
# Query file:      /users/40483456/busco_datasets/busco_downloads/lineages/metazoa_odb10/hmms/573237at33208.hmm
# Target file:     /users/40483456/protein/opisthorchis_viverrini.fa
# Option settings: hmmsearch --domtblout /users/40483456/busco/results_pro/opisthorchis_viverrini_busco/run_metazoa_odb10/hmmer_output/initial_run_results/573237at33208.out --cpu 1 /users/40483456/busco_datasets/busco_downloads/lineages/metazoa_odb10/hmms/573237at33208.hmm /users/40483456/protein/opisthorchis_viverrini.fa 
# Current dir:     /users/40483456
# Date:            Thu Jan 15 17:45:10 2026
# [ok]
