#                                                                            --- full sequence --- -------------- this domain -------------   hmm coord   ali coord   env coord
# target name        accession   tlen query name           accession   qlen   E-value  score  bias   #  of  c-Evalue  i-Evalue  score  bias  from    to  from    to  from    to  acc description of target
#------------------- ---------- ----- -------------------- ---------- ----- --------- ------ ----- --- --- --------- --------- ------ ----- ----- ----- ----- ----- ----- ----- ---- ---------------------
SHAE2_34550.2        -            923 129179at33208        -            579    3e-197  656.8   1.4   1   4  2.1e-163  4.7e-160  534.0   0.1     2   347     3   361     2   383 0.94 transcript=SHAE2_34550.2 gene=SHAE2_34550
SHAE2_34550.2        -            923 129179at33208        -            579    3e-197  656.8   1.4   2   4   4.1e-06     0.009   14.7   0.0   389   427   583   621   577   648 0.89 transcript=SHAE2_34550.2 gene=SHAE2_34550
SHAE2_34550.2        -            923 129179at33208        -            579    3e-197  656.8   1.4   3   4   1.8e-13   3.9e-10   39.0   0.0   422   507   679   791   665   823 0.75 transcript=SHAE2_34550.2 gene=SHAE2_34550
SHAE2_34550.2        -            923 129179at33208        -            579    3e-197  656.8   1.4   4   4   1.6e-19   3.5e-16   59.0   0.0   511   579   852   923   846   923 0.88 transcript=SHAE2_34550.2 gene=SHAE2_34550
SHAE2_34550.3        -            909 129179at33208        -            579  3.5e-183  610.4   2.8   1   4  1.9e-149  4.2e-146  488.0   0.2     2   347     3   347     2   369 0.93 transcript=SHAE2_34550.3 gene=SHAE2_34550
SHAE2_34550.3        -            909 129179at33208        -            579  3.5e-183  610.4   2.8   2   4     4e-06    0.0089   14.7   0.0   389   427   569   607   563   634 0.89 transcript=SHAE2_34550.3 gene=SHAE2_34550
SHAE2_34550.3        -            909 129179at33208        -            579  3.5e-183  610.4   2.8   3   4   1.7e-13   3.8e-10   39.1   0.0   422   507   665   777   651   809 0.75 transcript=SHAE2_34550.3 gene=SHAE2_34550
SHAE2_34550.3        -            909 129179at33208        -            579  3.5e-183  610.4   2.8   4   4   1.6e-19   3.4e-16   59.0   0.0   511   579   838   909   832   909 0.88 transcript=SHAE2_34550.3 gene=SHAE2_34550
SHAE2_34550.4        -            763 129179at33208        -            579  5.9e-172  573.3   0.0   1   3  1.4e-163    3e-160  534.7   0.1     2   347     3   361     2   383 0.94 transcript=SHAE2_34550.4 gene=SHAE2_34550
SHAE2_34550.4        -            763 129179at33208        -            579  5.9e-172  573.3   0.0   2   3   3.3e-06    0.0072   15.0   0.0   389   427   583   621   577   648 0.89 transcript=SHAE2_34550.4 gene=SHAE2_34550
SHAE2_34550.4        -            763 129179at33208        -            579  5.9e-172  573.3   0.0   3   3   1.3e-07   0.00028   19.7   0.0   422   462   679   718   663   728 0.86 transcript=SHAE2_34550.4 gene=SHAE2_34550
SHAE2_34550.1        -            767 129179at33208        -            579  6.7e-172  573.1   0.0   1   3  1.4e-163    3e-160  534.7   0.1     2   347     3   361     2   383 0.94 transcript=SHAE2_34550.1 gene=SHAE2_34550
SHAE2_34550.1        -            767 129179at33208        -            579  6.7e-172  573.1   0.0   2   3   3.3e-06    0.0073   15.0   0.0   389   427   583   621   577   648 0.89 transcript=SHAE2_34550.1 gene=SHAE2_34550
SHAE2_34550.1        -            767 129179at33208        -            579  6.7e-172  573.1   0.0   3   3   1.3e-07   0.00028   19.7   0.0   422   462   679   718   663   728 0.86 transcript=SHAE2_34550.1 gene=SHAE2_34550
SHAE2_64360.2        -            553 129179at33208        -            579   1.8e-39  135.9   0.0   1   2   1.8e-38     4e-35  121.5   0.0     5   358     4   367     1   379 0.81 transcript=SHAE2_64360.2 gene=SHAE2_64360
SHAE2_64360.2        -            553 129179at33208        -            579   1.8e-39  135.9   0.0   2   2   1.8e-05      0.04   12.6   0.0   428   477   379   428   369   468 0.82 transcript=SHAE2_64360.2 gene=SHAE2_64360
SHAE2_64360.1        -            604 129179at33208        -            579   2.6e-39  135.4   0.0   1   2   2.2e-38   4.9e-35  121.3   0.0     5   358     4   367     1   380 0.81 transcript=SHAE2_64360.1 gene=SHAE2_64360
SHAE2_64360.1        -            604 129179at33208        -            579   2.6e-39  135.4   0.0   2   2     2e-05     0.045   12.4   0.0   428   477   379   428   369   468 0.82 transcript=SHAE2_64360.1 gene=SHAE2_64360
SHAE2_64360.3        -            619 129179at33208        -            579   2.9e-39  135.2   0.0   1   2   2.4e-38   5.2e-35  121.2   0.0     5   358     4   367     1   380 0.81 transcript=SHAE2_64360.3 gene=SHAE2_64360
SHAE2_64360.3        -            619 129179at33208        -            579   2.9e-39  135.2   0.0   2   2   2.2e-05     0.048   12.3   0.0   428   477   379   428   370   468 0.82 transcript=SHAE2_64360.3 gene=SHAE2_64360
SHAE2_67730.1        -            686 129179at33208        -            579   7.5e-39  133.8   0.0   1   2   4.1e-39   9.1e-36  123.7   0.0    10   355    18   372    12   377 0.88 transcript=SHAE2_67730.1 gene=SHAE2_67730
SHAE2_67730.1        -            686 129179at33208        -            579   7.5e-39  133.8   0.0   2   2   0.00043      0.94    8.1   0.0   424   464   385   424   375   429 0.89 transcript=SHAE2_67730.1 gene=SHAE2_67730
SHAE2_90620.1        -           1054 129179at33208        -            579   3.4e-12   45.8   0.2   1   4   0.00099       2.2    6.9   0.1    15    38    17    40    10    50 0.87 transcript=SHAE2_90620.1 gene=SHAE2_90620
SHAE2_90620.1        -           1054 129179at33208        -            579   3.4e-12   45.8   0.2   2   4   0.00014       0.3    9.7   0.0    44    94   101   149    84   161 0.86 transcript=SHAE2_90620.1 gene=SHAE2_90620
SHAE2_90620.1        -           1054 129179at33208        -            579   3.4e-12   45.8   0.2   3   4   4.2e-09   9.3e-06   24.6   0.0   104   238   189   318   177   337 0.84 transcript=SHAE2_90620.1 gene=SHAE2_90620
SHAE2_90620.1        -           1054 129179at33208        -            579   3.4e-12   45.8   0.2   4   4      0.78   1.7e+03   -2.7   0.0   249   312   416   479   378   499 0.79 transcript=SHAE2_90620.1 gene=SHAE2_90620
SHAE2_90620.2        -           1065 129179at33208        -            579   3.5e-12   45.8   3.0   1   4   0.00065       1.4    7.5   0.2    15    39    17    41    10    63 0.79 transcript=SHAE2_90620.2 gene=SHAE2_90620
SHAE2_90620.2        -           1065 129179at33208        -            579   3.5e-12   45.8   3.0   2   4   3.2e-05     0.071   11.8   0.1    19    94    81   160    66   172 0.75 transcript=SHAE2_90620.2 gene=SHAE2_90620
SHAE2_90620.2        -           1065 129179at33208        -            579   3.5e-12   45.8   3.0   3   4   4.3e-09   9.4e-06   24.6   0.0   104   238   200   329   188   348 0.84 transcript=SHAE2_90620.2 gene=SHAE2_90620
SHAE2_90620.2        -           1065 129179at33208        -            579   3.5e-12   45.8   3.0   4   4       0.8   1.8e+03   -2.8   0.0   249   312   427   490   390   510 0.80 transcript=SHAE2_90620.2 gene=SHAE2_90620
#
# Program:         hmmsearch
# Version:         3.4 (Aug 2023)
# Pipeline mode:   SEARCH
# Query file:      /users/40483456/busco_datasets/busco_downloads/lineages/metazoa_odb10/hmms/129179at33208.hmm
# Target file:     /users/40483456/protein/schistosoma_haematobium.fa
# Option settings: hmmsearch --domtblout /users/40483456/busco/results_pro/schistosoma_haematobium_busco/run_metazoa_odb10/hmmer_output/initial_run_results/129179at33208.out --cpu 1 /users/40483456/busco_datasets/busco_downloads/lineages/metazoa_odb10/hmms/129179at33208.hmm /users/40483456/protein/schistosoma_haematobium.fa 
# Current dir:     /users/40483456
# Date:            Thu Jan 15 17:50:16 2026
# [ok]
