#                                                                            --- full sequence --- -------------- this domain -------------   hmm coord   ali coord   env coord
# target name        accession   tlen query name           accession   qlen   E-value  score  bias   #  of  c-Evalue  i-Evalue  score  bias  from    to  from    to  from    to  acc description of target
#------------------- ---------- ----- -------------------- ---------- ----- --------- ------ ----- --- --- --------- --------- ------ ----- ----- ----- ----- ----- ----- ----- ---- ---------------------
SHAE2_3720.10        -           1106 216257at33208        -            339   2.8e-10   39.9   0.3   1   2    0.0099       4.4    6.5   0.1     2    28    21    47    20    57 0.88 transcript=SHAE2_3720.10 gene=SHAE2_3720
SHAE2_3720.10        -           1106 216257at33208        -            339   2.8e-10   39.9   0.3   2   2   4.1e-10   1.8e-07   30.7   0.0   117   169   291   343   272   352 0.92 transcript=SHAE2_3720.10 gene=SHAE2_3720
SHAE2_3720.2         -           1106 216257at33208        -            339   2.8e-10   39.9   0.3   1   2    0.0099       4.4    6.5   0.1     2    28    21    47    20    57 0.88 transcript=SHAE2_3720.2 gene=SHAE2_3720
SHAE2_3720.2         -           1106 216257at33208        -            339   2.8e-10   39.9   0.3   2   2   4.1e-10   1.8e-07   30.7   0.0   117   169   291   343   272   352 0.92 transcript=SHAE2_3720.2 gene=SHAE2_3720
SHAE2_3720.7         -           1106 216257at33208        -            339   2.8e-10   39.9   0.3   1   2    0.0099       4.4    6.5   0.1     2    28    21    47    20    57 0.88 transcript=SHAE2_3720.7 gene=SHAE2_3720
SHAE2_3720.7         -           1106 216257at33208        -            339   2.8e-10   39.9   0.3   2   2   4.1e-10   1.8e-07   30.7   0.0   117   169   291   343   272   352 0.92 transcript=SHAE2_3720.7 gene=SHAE2_3720
SHAE2_3720.9         -           1106 216257at33208        -            339   2.8e-10   39.9   0.3   1   2    0.0099       4.4    6.5   0.1     2    28    21    47    20    57 0.88 transcript=SHAE2_3720.9 gene=SHAE2_3720
SHAE2_3720.9         -           1106 216257at33208        -            339   2.8e-10   39.9   0.3   2   2   4.1e-10   1.8e-07   30.7   0.0   117   169   291   343   272   352 0.92 transcript=SHAE2_3720.9 gene=SHAE2_3720
SHAE2_3720.1         -           1134 216257at33208        -            339   2.9e-10   39.9   0.2   1   2      0.01       4.5    6.4   0.1     2    28    49    75    48    85 0.88 transcript=SHAE2_3720.1 gene=SHAE2_3720
SHAE2_3720.1         -           1134 216257at33208        -            339   2.9e-10   39.9   0.2   2   2   4.2e-10   1.9e-07   30.7   0.0   117   169   319   371   300   380 0.92 transcript=SHAE2_3720.1 gene=SHAE2_3720
SHAE2_3720.11        -           1134 216257at33208        -            339   2.9e-10   39.9   0.2   1   2      0.01       4.5    6.4   0.1     2    28    49    75    48    85 0.88 transcript=SHAE2_3720.11 gene=SHAE2_3720
SHAE2_3720.11        -           1134 216257at33208        -            339   2.9e-10   39.9   0.2   2   2   4.2e-10   1.9e-07   30.7   0.0   117   169   319   371   300   380 0.92 transcript=SHAE2_3720.11 gene=SHAE2_3720
SHAE2_3720.8         -           1331 216257at33208        -            339   4.5e-10   39.3   0.3   1   2     0.012       5.3    6.2   0.1     2    28   246   272   245   282 0.88 transcript=SHAE2_3720.8 gene=SHAE2_3720
SHAE2_3720.8         -           1331 216257at33208        -            339   4.5e-10   39.3   0.3   2   2   5.1e-10   2.2e-07   30.4   0.0   117   169   516   568   497   577 0.92 transcript=SHAE2_3720.8 gene=SHAE2_3720
SHAE2_3720.14        -           1197 216257at33208        -            339   4.7e-10   39.2   0.3   1   2     0.011       4.8    6.3   0.1     2    28   321   347   320   357 0.88 transcript=SHAE2_3720.14 gene=SHAE2_3720
SHAE2_3720.14        -           1197 216257at33208        -            339   4.7e-10   39.2   0.3   2   2   4.5e-10     2e-07   30.6   0.0   117   169   591   643   572   652 0.92 transcript=SHAE2_3720.14 gene=SHAE2_3720
SHAE2_5520.7         -            830 216257at33208        -            339     5e-10   39.2   0.1   1   2     0.011       4.9    6.3   0.0     5    26    24    45    19    56 0.85 transcript=SHAE2_5520.7 gene=SHAE2_5520
SHAE2_5520.7         -            830 216257at33208        -            339     5e-10   39.2   0.1   2   2   5.2e-10   2.3e-07   30.4   0.0    99   170   230   302   221   328 0.84 transcript=SHAE2_5520.7 gene=SHAE2_5520
SHAE2_3720.3         -           1406 216257at33208        -            339   5.1e-10   39.1   0.3   1   2     0.013       5.7    6.1   0.1     2    28   321   347   320   357 0.88 transcript=SHAE2_3720.3 gene=SHAE2_3720
SHAE2_3720.3         -           1406 216257at33208        -            339   5.1e-10   39.1   0.3   2   2   5.4e-10   2.4e-07   30.3   0.0   117   169   591   643   572   652 0.92 transcript=SHAE2_3720.3 gene=SHAE2_3720
SHAE2_3720.4         -           1406 216257at33208        -            339   5.1e-10   39.1   0.3   1   2     0.013       5.7    6.1   0.1     2    28   321   347   320   357 0.88 transcript=SHAE2_3720.4 gene=SHAE2_3720
SHAE2_3720.4         -           1406 216257at33208        -            339   5.1e-10   39.1   0.3   2   2   5.4e-10   2.4e-07   30.3   0.0   117   169   591   643   572   652 0.92 transcript=SHAE2_3720.4 gene=SHAE2_3720
SHAE2_3720.6         -           1406 216257at33208        -            339   5.1e-10   39.1   0.3   1   2     0.013       5.7    6.1   0.1     2    28   321   347   320   357 0.88 transcript=SHAE2_3720.6 gene=SHAE2_3720
SHAE2_3720.6         -           1406 216257at33208        -            339   5.1e-10   39.1   0.3   2   2   5.4e-10   2.4e-07   30.3   0.0   117   169   591   643   572   652 0.92 transcript=SHAE2_3720.6 gene=SHAE2_3720
SHAE2_3720.5         -           1311 216257at33208        -            339   5.7e-10   38.9   0.3   1   2     0.012       5.3    6.2   0.1     2    28   321   347   320   357 0.88 transcript=SHAE2_3720.5 gene=SHAE2_3720
SHAE2_3720.5         -           1311 216257at33208        -            339   5.7e-10   38.9   0.3   2   2     5e-10   2.2e-07   30.4   0.0   117   169   591   643   572   652 0.92 transcript=SHAE2_3720.5 gene=SHAE2_3720
SHAE2_5520.3         -            940 216257at33208        -            339   6.9e-10   38.7   0.1   1   2     0.013       5.6    6.1   0.0     5    26   232   253   227   264 0.85 transcript=SHAE2_5520.3 gene=SHAE2_5520
SHAE2_5520.3         -            940 216257at33208        -            339   6.9e-10   38.7   0.1   2   2   6.2e-10   2.7e-07   30.1   0.0    99   170   438   510   429   535 0.84 transcript=SHAE2_5520.3 gene=SHAE2_5520
SHAE2_5520.6         -            958 216257at33208        -            339     7e-10   38.6   0.1   1   2     0.013       5.7    6.1   0.0     5    26   152   173   147   184 0.85 transcript=SHAE2_5520.6 gene=SHAE2_5520
SHAE2_5520.6         -            958 216257at33208        -            339     7e-10   38.6   0.1   2   2   6.4e-10   2.8e-07   30.1   0.0    99   170   358   430   349   455 0.84 transcript=SHAE2_5520.6 gene=SHAE2_5520
SHAE2_5520.1         -            960 216257at33208        -            339   7.1e-10   38.6   0.1   1   2     0.013       5.7    6.1   0.0     5    26   154   175   149   186 0.85 transcript=SHAE2_5520.1 gene=SHAE2_5520
SHAE2_5520.1         -            960 216257at33208        -            339   7.1e-10   38.6   0.1   2   2   6.4e-10   2.8e-07   30.1   0.0    99   170   360   432   351   457 0.84 transcript=SHAE2_5520.1 gene=SHAE2_5520
SHAE2_5520.5         -            958 216257at33208        -            339   7.3e-10   38.6   0.1   1   2     0.013       5.7    6.1   0.0     5    26   219   240   214   251 0.85 transcript=SHAE2_5520.5 gene=SHAE2_5520
SHAE2_5520.5         -            958 216257at33208        -            339   7.3e-10   38.6   0.1   2   2   6.4e-10   2.8e-07   30.1   0.0    99   170   425   497   416   522 0.84 transcript=SHAE2_5520.5 gene=SHAE2_5520
SHAE2_5520.4         -           1025 216257at33208        -            339   8.5e-10   38.4   0.1   1   2     0.014       6.1    6.0   0.0     5    26   219   240   214   251 0.85 transcript=SHAE2_5520.4 gene=SHAE2_5520
SHAE2_5520.4         -           1025 216257at33208        -            339   8.5e-10   38.4   0.1   2   2     7e-10   3.1e-07   30.0   0.0    99   170   425   497   416   522 0.84 transcript=SHAE2_5520.4 gene=SHAE2_5520
SHAE2_5520.2         -           1038 216257at33208        -            339   8.6e-10   38.4   0.1   1   2     0.014       6.2    5.9   0.0     5    26   232   253   227   264 0.85 transcript=SHAE2_5520.2 gene=SHAE2_5520
SHAE2_5520.2         -           1038 216257at33208        -            339   8.6e-10   38.4   0.1   2   2   7.1e-10   3.1e-07   30.0   0.0    99   170   438   510   429   535 0.84 transcript=SHAE2_5520.2 gene=SHAE2_5520
SHAE2_11430.2        -            942 216257at33208        -            339     2e-09   37.2   0.3   1   2      0.12        53    2.9   0.0     5    26    93   114    88   121 0.86 transcript=SHAE2_11430.2 gene=SHAE2_11430
SHAE2_11430.2        -            942 216257at33208        -            339     2e-09   37.2   0.3   2   2   1.8e-10   7.8e-08   31.9   0.0    99   170   303   375   293   391 0.84 transcript=SHAE2_11430.2 gene=SHAE2_11430
SHAE2_11430.6        -           1017 216257at33208        -            339   2.3e-09   36.9   0.3   1   2      0.13        58    2.8   0.0     5    26   195   216   190   223 0.86 transcript=SHAE2_11430.6 gene=SHAE2_11430
SHAE2_11430.6        -           1017 216257at33208        -            339   2.3e-09   36.9   0.3   2   2   1.9e-10   8.6e-08   31.8   0.0    99   170   378   450   368   466 0.84 transcript=SHAE2_11430.6 gene=SHAE2_11430
SHAE2_11430.4        -           1032 216257at33208        -            339   2.4e-09   36.9   0.3   1   2      0.13        58    2.7   0.0     5    26   183   204   178   211 0.86 transcript=SHAE2_11430.4 gene=SHAE2_11430
SHAE2_11430.4        -           1032 216257at33208        -            339   2.4e-09   36.9   0.3   2   2     2e-10   8.7e-08   31.8   0.0    99   170   393   465   383   481 0.84 transcript=SHAE2_11430.4 gene=SHAE2_11430
SHAE2_11430.9        -           1039 216257at33208        -            339   2.4e-09   36.9   0.3   1   2      0.13        59    2.7   0.0     5    26   195   216   190   223 0.86 transcript=SHAE2_11430.9 gene=SHAE2_11430
SHAE2_11430.9        -           1039 216257at33208        -            339   2.4e-09   36.9   0.3   2   2     2e-10   8.8e-08   31.8   0.0    99   170   405   477   395   493 0.84 transcript=SHAE2_11430.9 gene=SHAE2_11430
SHAE2_11430.1        -           1044 216257at33208        -            339   2.5e-09   36.9   0.3   1   2      0.13        59    2.7   0.0     5    26   195   216   190   223 0.86 transcript=SHAE2_11430.1 gene=SHAE2_11430
SHAE2_11430.1        -           1044 216257at33208        -            339   2.5e-09   36.9   0.3   2   2     2e-10   8.8e-08   31.7   0.0    99   170   405   477   395   493 0.84 transcript=SHAE2_11430.1 gene=SHAE2_11430
SHAE2_11430.5        -           1044 216257at33208        -            339   2.5e-09   36.9   0.3   1   2      0.13        59    2.7   0.0     5    26   195   216   190   223 0.86 transcript=SHAE2_11430.5 gene=SHAE2_11430
SHAE2_11430.5        -           1044 216257at33208        -            339   2.5e-09   36.9   0.3   2   2     2e-10   8.8e-08   31.7   0.0    99   170   405   477   395   493 0.84 transcript=SHAE2_11430.5 gene=SHAE2_11430
SHAE2_11430.7        -           1044 216257at33208        -            339   2.5e-09   36.9   0.3   1   2      0.13        59    2.7   0.0     5    26   195   216   190   223 0.86 transcript=SHAE2_11430.7 gene=SHAE2_11430
SHAE2_11430.7        -           1044 216257at33208        -            339   2.5e-09   36.9   0.3   2   2     2e-10   8.8e-08   31.7   0.0    99   170   405   477   395   493 0.84 transcript=SHAE2_11430.7 gene=SHAE2_11430
SHAE2_11430.8        -           1048 216257at33208        -            339   2.5e-09   36.8   0.3   1   2      0.13        59    2.7   0.0     5    26   199   220   194   227 0.86 transcript=SHAE2_11430.8 gene=SHAE2_11430
SHAE2_11430.8        -           1048 216257at33208        -            339   2.5e-09   36.8   0.3   2   2     2e-10   8.9e-08   31.7   0.0    99   170   409   481   399   497 0.84 transcript=SHAE2_11430.8 gene=SHAE2_11430
SHAE2_11430.3        -            715 216257at33208        -            339   3.1e-08   33.3   0.0   1   1   1.2e-10   5.4e-08   32.4   0.0    99   170    76   148    66   164 0.84 transcript=SHAE2_11430.3 gene=SHAE2_11430
SHAE2_3720.12        -           1099 216257at33208        -            339   5.3e-08   32.5   0.0   1   1   4.1e-10   1.8e-07   30.7   0.0   117   169   284   336   265   345 0.92 transcript=SHAE2_3720.12 gene=SHAE2_3720
SHAE2_3740.1         -           1405 216257at33208        -            339   5.5e-08   32.4   0.1   1   2     0.022       9.6    5.3   0.0     2    28   347   373   346   383 0.88 transcript=SHAE2_3740.1 gene=SHAE2_3740
SHAE2_3740.1         -           1405 216257at33208        -            339   5.5e-08   32.4   0.1   2   2   3.4e-08   1.5e-05   24.4   0.0   117   169   582   634   559   648 0.93 transcript=SHAE2_3740.1 gene=SHAE2_3740
SHAE2_3720.13        -           1009 216257at33208        -            339   5.9e-08   32.3   0.0   1   1   3.7e-10   1.6e-07   30.9   0.0   117   169   194   246   175   255 0.92 transcript=SHAE2_3720.13 gene=SHAE2_3720
SHAE2_89120.2        -           1805 216257at33208        -            339   6.5e-07   28.9   0.0   1   2   1.3e-05    0.0056   16.0   0.0   113   171   331   392   318   452 0.84 transcript=SHAE2_89120.2 gene=SHAE2_89120
SHAE2_89120.2        -           1805 216257at33208        -            339   6.5e-07   28.9   0.0   2   2   0.00082      0.36   10.0   0.0   114   167  1195  1250  1178  1259 0.82 transcript=SHAE2_89120.2 gene=SHAE2_89120
SHAE2_89120.1        -           2293 216257at33208        -            339   1.2e-06   28.0   0.0   1   2   1.7e-05    0.0076   15.5   0.0   113   170   819   879   806   923 0.82 transcript=SHAE2_89120.1 gene=SHAE2_89120
SHAE2_89120.1        -           2293 216257at33208        -            339   1.2e-06   28.0   0.0   2   2    0.0011      0.47    9.6   0.0   114   167  1683  1738  1666  1747 0.82 transcript=SHAE2_89120.1 gene=SHAE2_89120
SHAE2_51000.1        -           1421 216257at33208        -            339   0.00019   20.8   0.5   1   2   4.3e-06    0.0019   17.5   0.0   117   169   334   386   319   435 0.83 transcript=SHAE2_51000.1 gene=SHAE2_51000
SHAE2_51000.1        -           1421 216257at33208        -            339   0.00019   20.8   0.5   2   2      0.65   2.9e+02    0.5   0.1   237   289   953  1012   938  1018 0.76 transcript=SHAE2_51000.1 gene=SHAE2_51000
SHAE2_13640.1        -           2106 216257at33208        -            339    0.0026   17.1   0.0   1   2       3.3   1.4e+03   -1.8   0.0     3    19    59    75    57    82 0.89 transcript=SHAE2_13640.1 gene=SHAE2_13640
SHAE2_13640.1        -           2106 216257at33208        -            339    0.0026   17.1   0.0   2   2   2.3e-05      0.01   15.1   0.0   117   193   356   435   351   502 0.81 transcript=SHAE2_13640.1 gene=SHAE2_13640
SHAE2_13640.3        -           2106 216257at33208        -            339    0.0026   17.1   0.0   1   2       3.3   1.4e+03   -1.8   0.0     3    19    59    75    57    82 0.89 transcript=SHAE2_13640.3 gene=SHAE2_13640
SHAE2_13640.3        -           2106 216257at33208        -            339    0.0026   17.1   0.0   2   2   2.3e-05      0.01   15.1   0.0   117   193   356   435   351   502 0.81 transcript=SHAE2_13640.3 gene=SHAE2_13640
SHAE2_13640.4        -           2156 216257at33208        -            339    0.0027   17.0   0.0   1   2       4.2   1.8e+03   -2.2   0.0     3    19   154   170   153   176 0.90 transcript=SHAE2_13640.4 gene=SHAE2_13640
SHAE2_13640.4        -           2156 216257at33208        -            339    0.0027   17.0   0.0   2   2   2.4e-05      0.01   15.1   0.0   117   193   451   530   446   596 0.81 transcript=SHAE2_13640.4 gene=SHAE2_13640
SHAE2_13640.2        -           2201 216257at33208        -            339    0.0028   16.9   0.0   1   2       4.3   1.9e+03   -2.2   0.0     3    19   154   170   153   176 0.90 transcript=SHAE2_13640.2 gene=SHAE2_13640
SHAE2_13640.2        -           2201 216257at33208        -            339    0.0028   16.9   0.0   2   2   2.4e-05     0.011   15.0   0.0   117   193   451   530   446   596 0.81 transcript=SHAE2_13640.2 gene=SHAE2_13640
SHAE2_13640.5        -           2201 216257at33208        -            339    0.0028   16.9   0.0   1   2       4.3   1.9e+03   -2.2   0.0     3    19   154   170   153   176 0.90 transcript=SHAE2_13640.5 gene=SHAE2_13640
SHAE2_13640.5        -           2201 216257at33208        -            339    0.0028   16.9   0.0   2   2   2.4e-05     0.011   15.0   0.0   117   193   451   530   446   596 0.81 transcript=SHAE2_13640.5 gene=SHAE2_13640
SHAE2_61690.1        -           1135 216257at33208        -            339     0.017   14.4   0.0   1   1   8.3e-05     0.037   13.3   0.0   109   161   666   719   652   729 0.80 transcript=SHAE2_61690.1 gene=SHAE2_61690
SHAE2_67470.4        -           1017 216257at33208        -            339     0.059   12.6   0.0   1   1   0.00023       0.1   11.8   0.0   106   147   647   689   610   701 0.85 transcript=SHAE2_67470.4 gene=SHAE2_67470
SHAE2_67470.5        -           1014 216257at33208        -            339      0.06   12.6   0.0   1   1   0.00023       0.1   11.8   0.0   106   147   647   689   610   702 0.85 transcript=SHAE2_67470.5 gene=SHAE2_67470
SHAE2_67470.6        -           1060 216257at33208        -            339     0.062   12.5   0.0   1   1   0.00025      0.11   11.7   0.0   106   147   647   689   610   701 0.85 transcript=SHAE2_67470.6 gene=SHAE2_67470
SHAE2_67470.3        -           1094 216257at33208        -            339     0.065   12.5   0.0   1   1   0.00026      0.11   11.7   0.0   106   147   646   688   609   700 0.85 transcript=SHAE2_67470.3 gene=SHAE2_67470
SHAE2_67470.2        -           1095 216257at33208        -            339     0.065   12.5   0.0   1   1   0.00026      0.11   11.7   0.0   106   147   647   689   610   701 0.85 transcript=SHAE2_67470.2 gene=SHAE2_67470
SHAE2_67470.1        -           1119 216257at33208        -            339     0.067   12.4   0.0   1   1   0.00026      0.12   11.6   0.0   106   147   647   689   610   701 0.85 transcript=SHAE2_67470.1 gene=SHAE2_67470
SHAE2_67470.7        -           1129 216257at33208        -            339     0.067   12.4   0.0   1   1   0.00026      0.12   11.6   0.0   106   147   657   699   620   711 0.85 transcript=SHAE2_67470.7 gene=SHAE2_67470
SHAE2_8220.3         -            818 216257at33208        -            339     0.086   12.1   0.0   1   1   0.00038      0.17   11.1   0.0   110   173   310   370   292   379 0.77 transcript=SHAE2_8220.3 gene=SHAE2_8220
SHAE2_8220.2         -            849 216257at33208        -            339     0.091   12.0   0.0   1   1    0.0004      0.18   11.0   0.0   110   173   341   401   323   410 0.77 transcript=SHAE2_8220.2 gene=SHAE2_8220
SHAE2_8220.1         -            963 216257at33208        -            339      0.11   11.8   0.0   1   1   0.00047      0.21   10.8   0.0   110   173   455   515   437   524 0.77 transcript=SHAE2_8220.1 gene=SHAE2_8220
#
# Program:         hmmsearch
# Version:         3.4 (Aug 2023)
# Pipeline mode:   SEARCH
# Query file:      /users/40483456/busco_datasets/busco_downloads/lineages/metazoa_odb10/hmms/216257at33208.hmm
# Target file:     /users/40483456/protein/schistosoma_haematobium.fa
# Option settings: hmmsearch --domtblout /users/40483456/busco/results_pro/schistosoma_haematobium_busco/run_metazoa_odb10/hmmer_output/initial_run_results/216257at33208.out --cpu 1 /users/40483456/busco_datasets/busco_downloads/lineages/metazoa_odb10/hmms/216257at33208.hmm /users/40483456/protein/schistosoma_haematobium.fa 
# Current dir:     /users/40483456
# Date:            Thu Jan 15 17:50:13 2026
# [ok]
