#                                                                            --- full sequence --- -------------- this domain -------------   hmm coord   ali coord   env coord
# target name        accession   tlen query name           accession   qlen   E-value  score  bias   #  of  c-Evalue  i-Evalue  score  bias  from    to  from    to  from    to  acc description of target
#------------------- ---------- ----- -------------------- ---------- ----- --------- ------ ----- --- --- --------- --------- ------ ----- ----- ----- ----- ----- ----- ----- ---- ---------------------
SHAE2_97210.1        -            642 216563at33208        -            298   6.2e-27   94.7   6.6   1   3   2.4e-16   4.8e-13   49.1   0.1     3    82    32   118    31   130 0.83 transcript=SHAE2_97210.1 gene=SHAE2_97210
SHAE2_97210.1        -            642 216563at33208        -            298   6.2e-27   94.7   6.6   2   3   0.00063       1.3    8.3   0.0   144   169   387   417   376   429 0.81 transcript=SHAE2_97210.1 gene=SHAE2_97210
SHAE2_97210.1        -            642 216563at33208        -            298   6.2e-27   94.7   6.6   3   3   3.9e-11   7.7e-08   32.0   1.5   170   285   440   600   426   622 0.64 transcript=SHAE2_97210.1 gene=SHAE2_97210
SHAE2_74680.1        -            305 216563at33208        -            298     2e-16   60.3   0.0   1   2   0.00014      0.27   10.5   0.0   125   172    45   103    34   145 0.71 transcript=SHAE2_74680.1 gene=SHAE2_74680
SHAE2_74680.1        -            305 216563at33208        -            298     2e-16   60.3   0.0   2   2   6.4e-16   1.3e-12   47.7   0.0   202   293   174   281   164   287 0.82 transcript=SHAE2_74680.1 gene=SHAE2_74680
SHAE2_74680.3        -            176 216563at33208        -            298   2.5e-13   50.0   0.0   1   1   1.5e-16   3.1e-13   49.8   0.0   202   293    45   152    33   158 0.82 transcript=SHAE2_74680.3 gene=SHAE2_74680
SHAE2_74680.2        -            214 216563at33208        -            298   3.4e-13   49.6   0.0   1   1   2.7e-16   5.4e-13   48.9   0.0   202   293    83   190    72   196 0.82 transcript=SHAE2_74680.2 gene=SHAE2_74680
SHAE2_14080.1        -            129 216563at33208        -            298   1.1e-11   44.7   0.0   1   1   5.8e-15   1.2e-11   44.6   0.0    20   123     5   111     1   124 0.86 transcript=SHAE2_14080.1 gene=SHAE2_14080
SHAE2_42530.2        -            395 216563at33208        -            298   4.6e-07   29.5   0.0   1   1   3.8e-10   7.7e-07   28.8   0.0    19   106    62   155    57   185 0.80 transcript=SHAE2_42530.2 gene=SHAE2_42530
SHAE2_42530.3        -            395 216563at33208        -            298   4.6e-07   29.5   0.0   1   1   3.8e-10   7.7e-07   28.8   0.0    19   106    62   155    57   185 0.80 transcript=SHAE2_42530.3 gene=SHAE2_42530
SHAE2_42530.4        -            561 216563at33208        -            298   8.3e-07   28.6   0.0   1   1   7.1e-10   1.4e-06   27.9   0.0    19   106    62   155    57   181 0.80 transcript=SHAE2_42530.4 gene=SHAE2_42530
SHAE2_42530.1        -            575 216563at33208        -            298   8.6e-07   28.6   0.0   1   1   7.3e-10   1.5e-06   27.8   0.0    19   106    62   155    57   181 0.80 transcript=SHAE2_42530.1 gene=SHAE2_42530
SHAE2_38810.2        -            421 216563at33208        -            298   8.7e-07   28.6   0.1   1   1   7.2e-10   1.4e-06   27.9   0.1    26    92     9    81     5   106 0.88 transcript=SHAE2_38810.2 gene=SHAE2_38810
SHAE2_38810.1        -            444 216563at33208        -            298     9e-07   28.5   0.1   1   1   7.9e-10   1.6e-06   27.7   0.1    26    92     9    81     5   105 0.88 transcript=SHAE2_38810.1 gene=SHAE2_38810
#
# Program:         hmmsearch
# Version:         3.4 (Aug 2023)
# Pipeline mode:   SEARCH
# Query file:      /users/40483456/busco_datasets/busco_downloads/lineages/metazoa_odb10/hmms/216563at33208.hmm
# Target file:     /users/40483456/protein/schistosoma_haematobium.fa
# Option settings: hmmsearch --domtblout /users/40483456/busco/results_pro/schistosoma_haematobium_busco/run_metazoa_odb10/hmmer_output/initial_run_results/216563at33208.out --cpu 1 /users/40483456/busco_datasets/busco_downloads/lineages/metazoa_odb10/hmms/216563at33208.hmm /users/40483456/protein/schistosoma_haematobium.fa 
# Current dir:     /users/40483456
# Date:            Thu Jan 15 17:50:14 2026
# [ok]
