#                                                                            --- full sequence --- -------------- this domain -------------   hmm coord   ali coord   env coord
# target name        accession   tlen query name           accession   qlen   E-value  score  bias   #  of  c-Evalue  i-Evalue  score  bias  from    to  from    to  from    to  acc description of target
#------------------- ---------- ----- -------------------- ---------- ----- --------- ------ ----- --- --- --------- --------- ------ ----- ----- ----- ----- ----- ----- ----- ---- ---------------------
SHAE2_2000.3         -           1029 227453at33208        -            458   2.9e-37  129.0  10.1   1   3   2.2e-20   1.6e-16   60.6   0.8    11   218    20   261    14   274 0.75 transcript=SHAE2_2000.3 gene=SHAE2_2000
SHAE2_2000.3         -           1029 227453at33208        -            458   2.9e-37  129.0  10.1   2   3   3.2e-18   2.4e-14   53.5   1.7   205   260   319   374   314   384 0.91 transcript=SHAE2_2000.3 gene=SHAE2_2000
SHAE2_2000.3         -           1029 227453at33208        -            458   2.9e-37  129.0  10.1   3   3   9.1e-07    0.0067   15.7   0.0   254   316   432   502   424   512 0.79 transcript=SHAE2_2000.3 gene=SHAE2_2000
SHAE2_2000.2         -           1213 227453at33208        -            458   6.2e-37  127.9  10.0   1   3   2.8e-20   2.1e-16   60.2   0.8    11   218    20   261    14   274 0.75 transcript=SHAE2_2000.2 gene=SHAE2_2000
SHAE2_2000.2         -           1213 227453at33208        -            458   6.2e-37  127.9  10.0   2   3   3.9e-18   2.9e-14   53.2   1.7   205   260   319   374   314   384 0.91 transcript=SHAE2_2000.2 gene=SHAE2_2000
SHAE2_2000.2         -           1213 227453at33208        -            458   6.2e-37  127.9  10.0   3   3   1.1e-06    0.0081   15.4   0.0   254   316   432   502   424   512 0.79 transcript=SHAE2_2000.2 gene=SHAE2_2000
SHAE2_2000.1         -            962 227453at33208        -            458   1.4e-19   70.7   2.8   1   2     3e-18   2.2e-14   53.6   1.7   205   260    68   123    63   133 0.91 transcript=SHAE2_2000.1 gene=SHAE2_2000
SHAE2_2000.1         -            962 227453at33208        -            458   1.4e-19   70.7   2.8   2   2   8.4e-07    0.0061   15.8   0.0   254   316   181   251   173   261 0.79 transcript=SHAE2_2000.1 gene=SHAE2_2000
#
# Program:         hmmsearch
# Version:         3.4 (Aug 2023)
# Pipeline mode:   SEARCH
# Query file:      /users/40483456/busco_datasets/busco_downloads/lineages/metazoa_odb10/hmms/227453at33208.hmm
# Target file:     /users/40483456/protein/schistosoma_haematobium.fa
# Option settings: hmmsearch --domtblout /users/40483456/busco/results_pro/schistosoma_haematobium_busco/run_metazoa_odb10/hmmer_output/initial_run_results/227453at33208.out --cpu 1 /users/40483456/busco_datasets/busco_downloads/lineages/metazoa_odb10/hmms/227453at33208.hmm /users/40483456/protein/schistosoma_haematobium.fa 
# Current dir:     /users/40483456
# Date:            Thu Jan 15 17:49:50 2026
# [ok]
