#                                                                            --- full sequence --- -------------- this domain -------------   hmm coord   ali coord   env coord
# target name        accession   tlen query name           accession   qlen   E-value  score  bias   #  of  c-Evalue  i-Evalue  score  bias  from    to  from    to  from    to  acc description of target
#------------------- ---------- ----- -------------------- ---------- ----- --------- ------ ----- --- --- --------- --------- ------ ----- ----- ----- ----- ----- ----- ----- ---- ---------------------
SHAE2_12640.4        -            819 227979at33208        -            609    5e-173  577.2  19.1   1   3     1e-90   3.3e-88  297.1   0.1     2   264     1   269     1   279 0.96 transcript=SHAE2_12640.4 gene=SHAE2_12640
SHAE2_12640.4        -            819 227979at33208        -            609    5e-173  577.2  19.1   2   3   3.3e-11   1.1e-08   34.5   0.0   260   303   327   370   324   408 0.84 transcript=SHAE2_12640.4 gene=SHAE2_12640
SHAE2_12640.4        -            819 227979at33208        -            609    5e-173  577.2  19.1   3   3   1.3e-72   4.2e-70  237.3  13.5   337   594   486   802   466   812 0.95 transcript=SHAE2_12640.4 gene=SHAE2_12640
SHAE2_12640.2        -            943 227979at33208        -            609    1e-172  576.2  19.1   1   4   1.4e-90   4.4e-88  296.7   0.1     2   264     1   269     1   279 0.96 transcript=SHAE2_12640.2 gene=SHAE2_12640
SHAE2_12640.2        -            943 227979at33208        -            609    1e-172  576.2  19.1   2   4   3.9e-11   1.3e-08   34.2   0.0   260   303   327   370   324   408 0.84 transcript=SHAE2_12640.2 gene=SHAE2_12640
SHAE2_12640.2        -            943 227979at33208        -            609    1e-172  576.2  19.1   3   4   7.5e-11   2.4e-08   33.3   0.1   337   406   486   557   464   584 0.85 transcript=SHAE2_12640.2 gene=SHAE2_12640
SHAE2_12640.2        -            943 227979at33208        -            609    1e-172  576.2  19.1   4   4   2.4e-66   7.7e-64  216.6   8.8   396   594   600   802   583   815 0.94 transcript=SHAE2_12640.2 gene=SHAE2_12640
SHAE2_12640.3        -            943 227979at33208        -            609    1e-172  576.2  19.1   1   4   1.4e-90   4.4e-88  296.7   0.1     2   264     1   269     1   279 0.96 transcript=SHAE2_12640.3 gene=SHAE2_12640
SHAE2_12640.3        -            943 227979at33208        -            609    1e-172  576.2  19.1   2   4   3.9e-11   1.3e-08   34.2   0.0   260   303   327   370   324   408 0.84 transcript=SHAE2_12640.3 gene=SHAE2_12640
SHAE2_12640.3        -            943 227979at33208        -            609    1e-172  576.2  19.1   3   4   7.5e-11   2.4e-08   33.3   0.1   337   406   486   557   464   584 0.85 transcript=SHAE2_12640.3 gene=SHAE2_12640
SHAE2_12640.3        -            943 227979at33208        -            609    1e-172  576.2  19.1   4   4   2.4e-66   7.7e-64  216.6   8.8   396   594   600   802   583   815 0.94 transcript=SHAE2_12640.3 gene=SHAE2_12640
SHAE2_12640.6        -            943 227979at33208        -            609    1e-172  576.2  19.1   1   4   1.4e-90   4.4e-88  296.7   0.1     2   264     1   269     1   279 0.96 transcript=SHAE2_12640.6 gene=SHAE2_12640
SHAE2_12640.6        -            943 227979at33208        -            609    1e-172  576.2  19.1   2   4   3.9e-11   1.3e-08   34.2   0.0   260   303   327   370   324   408 0.84 transcript=SHAE2_12640.6 gene=SHAE2_12640
SHAE2_12640.6        -            943 227979at33208        -            609    1e-172  576.2  19.1   3   4   7.5e-11   2.4e-08   33.3   0.1   337   406   486   557   464   584 0.85 transcript=SHAE2_12640.6 gene=SHAE2_12640
SHAE2_12640.6        -            943 227979at33208        -            609    1e-172  576.2  19.1   4   4   2.4e-66   7.7e-64  216.6   8.8   396   594   600   802   583   815 0.94 transcript=SHAE2_12640.6 gene=SHAE2_12640
SHAE2_12640.5        -            941 227979at33208        -            609  1.1e-172  576.1  19.1   1   3   1.3e-90   4.4e-88  296.7   0.1     2   264     1   269     1   279 0.96 transcript=SHAE2_12640.5 gene=SHAE2_12640
SHAE2_12640.5        -            941 227979at33208        -            609  1.1e-172  576.1  19.1   2   3   3.9e-11   1.3e-08   34.2   0.0   260   303   327   370   324   408 0.84 transcript=SHAE2_12640.5 gene=SHAE2_12640
SHAE2_12640.5        -            941 227979at33208        -            609  1.1e-172  576.1  19.1   3   3   1.7e-72   5.6e-70  236.9  13.5   337   594   486   802   466   812 0.95 transcript=SHAE2_12640.5 gene=SHAE2_12640
SHAE2_12640.11       -            944 227979at33208        -            609  1.1e-172  576.1  19.1   1   3   1.4e-90   4.4e-88  296.7   0.1     2   264     1   269     1   279 0.96 transcript=SHAE2_12640.11 gene=SHAE2_12640
SHAE2_12640.11       -            944 227979at33208        -            609  1.1e-172  576.1  19.1   2   3     4e-11   1.3e-08   34.2   0.0   260   303   327   370   324   408 0.84 transcript=SHAE2_12640.11 gene=SHAE2_12640
SHAE2_12640.11       -            944 227979at33208        -            609  1.1e-172  576.1  19.1   3   3   1.7e-72   5.6e-70  236.9  13.5   337   594   486   802   466   812 0.95 transcript=SHAE2_12640.11 gene=SHAE2_12640
SHAE2_12640.8        -            944 227979at33208        -            609  1.1e-172  576.1  19.1   1   3   1.4e-90   4.4e-88  296.7   0.1     2   264     1   269     1   279 0.96 transcript=SHAE2_12640.8 gene=SHAE2_12640
SHAE2_12640.8        -            944 227979at33208        -            609  1.1e-172  576.1  19.1   2   3     4e-11   1.3e-08   34.2   0.0   260   303   327   370   324   408 0.84 transcript=SHAE2_12640.8 gene=SHAE2_12640
SHAE2_12640.8        -            944 227979at33208        -            609  1.1e-172  576.1  19.1   3   3   1.7e-72   5.6e-70  236.9  13.5   337   594   486   802   466   812 0.95 transcript=SHAE2_12640.8 gene=SHAE2_12640
SHAE2_12640.14       -            912 227979at33208        -            609  1.1e-172  576.1  19.3   1   4   1.3e-90   4.1e-88  296.8   0.1     2   264     1   269     1   279 0.96 transcript=SHAE2_12640.14 gene=SHAE2_12640
SHAE2_12640.14       -            912 227979at33208        -            609  1.1e-172  576.1  19.3   2   4   3.8e-11   1.2e-08   34.3   0.0   260   303   327   370   324   408 0.84 transcript=SHAE2_12640.14 gene=SHAE2_12640
SHAE2_12640.14       -            912 227979at33208        -            609  1.1e-172  576.1  19.3   3   4   7.6e-11   2.4e-08   33.3   0.2   336   406   485   557   456   577 0.85 transcript=SHAE2_12640.14 gene=SHAE2_12640
SHAE2_12640.14       -            912 227979at33208        -            609  1.1e-172  576.1  19.3   4   4   2.9e-66   9.3e-64  216.3   9.3   396   594   600   802   566   814 0.94 transcript=SHAE2_12640.14 gene=SHAE2_12640
SHAE2_12640.15       -            856 227979at33208        -            609  1.7e-146  489.6  20.2   1   5   1.1e-24   3.6e-22   79.0   0.0     2    83     1    83     1    86 0.95 transcript=SHAE2_12640.15 gene=SHAE2_12640
SHAE2_12640.15       -            856 227979at33208        -            609  1.7e-146  489.6  20.2   2   5   1.2e-40   3.7e-38  131.7   0.1   135   264    81   213    80   223 0.93 transcript=SHAE2_12640.15 gene=SHAE2_12640
SHAE2_12640.15       -            856 227979at33208        -            609  1.7e-146  489.6  20.2   3   5   3.5e-11   1.1e-08   34.4   0.0   260   303   271   314   268   352 0.84 transcript=SHAE2_12640.15 gene=SHAE2_12640
SHAE2_12640.15       -            856 227979at33208        -            609  1.7e-146  489.6  20.2   4   5   7.4e-11   2.4e-08   33.3   0.2   337   406   430   501   410   521 0.85 transcript=SHAE2_12640.15 gene=SHAE2_12640
SHAE2_12640.15       -            856 227979at33208        -            609  1.7e-146  489.6  20.2   5   5   2.1e-66   6.7e-64  216.8   8.9   396   594   544   746   523   758 0.94 transcript=SHAE2_12640.15 gene=SHAE2_12640
SHAE2_12640.7        -            887 227979at33208        -            609  1.7e-146  489.6  20.0   1   5   1.2e-24   3.8e-22   78.9   0.0     2    83     1    83     1    86 0.95 transcript=SHAE2_12640.7 gene=SHAE2_12640
SHAE2_12640.7        -            887 227979at33208        -            609  1.7e-146  489.6  20.0   2   5   1.2e-40   3.9e-38  131.7   0.1   135   264    81   213    80   223 0.93 transcript=SHAE2_12640.7 gene=SHAE2_12640
SHAE2_12640.7        -            887 227979at33208        -            609  1.7e-146  489.6  20.0   3   5   3.7e-11   1.2e-08   34.3   0.0   260   303   271   314   268   352 0.84 transcript=SHAE2_12640.7 gene=SHAE2_12640
SHAE2_12640.7        -            887 227979at33208        -            609  1.7e-146  489.6  20.0   4   5   6.9e-11   2.2e-08   33.4   0.1   337   406   430   501   408   528 0.85 transcript=SHAE2_12640.7 gene=SHAE2_12640
SHAE2_12640.7        -            887 227979at33208        -            609  1.7e-146  489.6  20.0   5   5   2.1e-66   6.9e-64  216.7   8.8   396   594   544   746   527   759 0.94 transcript=SHAE2_12640.7 gene=SHAE2_12640
SHAE2_12640.10       -            888 227979at33208        -            609  1.8e-146  489.5  20.0   1   4   1.2e-24   3.8e-22   78.9   0.0     2    83     1    83     1    86 0.95 transcript=SHAE2_12640.10 gene=SHAE2_12640
SHAE2_12640.10       -            888 227979at33208        -            609  1.8e-146  489.5  20.0   2   4   1.2e-40     4e-38  131.7   0.1   135   264    81   213    80   223 0.93 transcript=SHAE2_12640.10 gene=SHAE2_12640
SHAE2_12640.10       -            888 227979at33208        -            609  1.8e-146  489.5  20.0   3   4   3.7e-11   1.2e-08   34.3   0.0   260   303   271   314   268   352 0.84 transcript=SHAE2_12640.10 gene=SHAE2_12640
SHAE2_12640.10       -            888 227979at33208        -            609  1.8e-146  489.5  20.0   4   4   1.5e-72   4.9e-70  237.0  13.5   337   594   430   746   410   756 0.95 transcript=SHAE2_12640.10 gene=SHAE2_12640
SHAE2_12640.9        -            888 227979at33208        -            609  1.8e-146  489.5  20.0   1   4   1.2e-24   3.8e-22   78.9   0.0     2    83     1    83     1    86 0.95 transcript=SHAE2_12640.9 gene=SHAE2_12640
SHAE2_12640.9        -            888 227979at33208        -            609  1.8e-146  489.5  20.0   2   4   1.2e-40     4e-38  131.7   0.1   135   264    81   213    80   223 0.93 transcript=SHAE2_12640.9 gene=SHAE2_12640
SHAE2_12640.9        -            888 227979at33208        -            609  1.8e-146  489.5  20.0   3   4   3.7e-11   1.2e-08   34.3   0.0   260   303   271   314   268   352 0.84 transcript=SHAE2_12640.9 gene=SHAE2_12640
SHAE2_12640.9        -            888 227979at33208        -            609  1.8e-146  489.5  20.0   4   4   1.5e-72   4.9e-70  237.0  13.5   337   594   430   746   410   756 0.95 transcript=SHAE2_12640.9 gene=SHAE2_12640
SHAE2_12640.1        -            706 227979at33208        -            609   3.7e-84  283.7  15.2   1   3   2.8e-11   8.9e-09   34.7   0.0   260   303    90   133    87   171 0.84 transcript=SHAE2_12640.1 gene=SHAE2_12640
SHAE2_12640.1        -            706 227979at33208        -            609   3.7e-84  283.7  15.2   2   3   5.1e-11   1.6e-08   33.8   0.1   337   406   249   320   227   347 0.85 transcript=SHAE2_12640.1 gene=SHAE2_12640
SHAE2_12640.1        -            706 227979at33208        -            609   3.7e-84  283.7  15.2   3   3   1.4e-66   4.6e-64  217.3   8.8   396   594   363   565   346   578 0.94 transcript=SHAE2_12640.1 gene=SHAE2_12640
SHAE2_12640.12       -            707 227979at33208        -            609     4e-84  283.6  15.2   1   3   2.8e-11   8.9e-09   34.7   0.0   260   303    90   133    87   171 0.84 transcript=SHAE2_12640.12 gene=SHAE2_12640
SHAE2_12640.12       -            707 227979at33208        -            609     4e-84  283.6  15.2   2   3   6.1e-11     2e-08   33.6   0.1   337   406   249   320   229   335 0.85 transcript=SHAE2_12640.12 gene=SHAE2_12640
SHAE2_12640.12       -            707 227979at33208        -            609     4e-84  283.6  15.2   3   3   1.7e-66   5.3e-64  217.1   8.9   396   594   363   565   345   575 0.95 transcript=SHAE2_12640.12 gene=SHAE2_12640
SHAE2_12640.13       -            591 227979at33208        -            609   4.8e-76  256.9  16.2   1   3    0.0031      0.99    8.1   0.0   286   304     1    19     1    56 0.78 transcript=SHAE2_12640.13 gene=SHAE2_12640
SHAE2_12640.13       -            591 227979at33208        -            609   4.8e-76  256.9  16.2   2   3   4.4e-11   1.4e-08   34.0   0.2   337   406   134   205   113   223 0.85 transcript=SHAE2_12640.13 gene=SHAE2_12640
SHAE2_12640.13       -            591 227979at33208        -            609   4.8e-76  256.9  16.2   3   3   1.2e-66     4e-64  217.5   9.3   396   594   248   450   212   463 0.94 transcript=SHAE2_12640.13 gene=SHAE2_12640
SHAE2_41120.28       -            783 227979at33208        -            609     3e-06   26.4   0.2   1   3      0.08        26    3.5   0.0   250   399   245   403   207   436 0.58 transcript=SHAE2_41120.28 gene=SHAE2_41120
SHAE2_41120.28       -            783 227979at33208        -            609     3e-06   26.4   0.2   2   3   4.6e-06    0.0015   17.5   0.0     9   122   453   565   448   584 0.84 transcript=SHAE2_41120.28 gene=SHAE2_41120
SHAE2_41120.28       -            783 227979at33208        -            609     3e-06   26.4   0.2   3   3      0.45   1.5e+02    1.0   0.0   359   425   610   679   597   720 0.81 transcript=SHAE2_41120.28 gene=SHAE2_41120
SHAE2_22960.10       -            817 227979at33208        -            609   3.8e-06   26.0   0.9   1   4   2.3e-06   0.00075   18.5   0.0    62   115    60   113    42   118 0.89 transcript=SHAE2_22960.10 gene=SHAE2_22960
SHAE2_22960.10       -            817 227979at33208        -            609   3.8e-06   26.0   0.9   2   4      0.45   1.5e+02    1.0   0.1   194   243   157   204   123   230 0.71 transcript=SHAE2_22960.10 gene=SHAE2_22960
SHAE2_22960.10       -            817 227979at33208        -            609   3.8e-06   26.0   0.9   3   4      0.28        90    1.7   0.1    18    58   453   493   420   506 0.73 transcript=SHAE2_22960.10 gene=SHAE2_22960
SHAE2_22960.10       -            817 227979at33208        -            609   3.8e-06   26.0   0.9   4   4       2.2     7e+02   -1.3   0.0    60   106   604   650   593   670 0.87 transcript=SHAE2_22960.10 gene=SHAE2_22960
SHAE2_22960.9        -            880 227979at33208        -            609   4.2e-06   25.9   0.8   1   4   2.5e-06   0.00082   18.3   0.0    62   115   123   176   105   181 0.89 transcript=SHAE2_22960.9 gene=SHAE2_22960
SHAE2_22960.9        -            880 227979at33208        -            609   4.2e-06   25.9   0.8   2   4       0.5   1.6e+02    0.8   0.0   194   243   220   267   186   292 0.71 transcript=SHAE2_22960.9 gene=SHAE2_22960
SHAE2_22960.9        -            880 227979at33208        -            609   4.2e-06   25.9   0.8   3   4      0.31        99    1.5   0.1    18    58   516   556   483   569 0.73 transcript=SHAE2_22960.9 gene=SHAE2_22960
SHAE2_22960.9        -            880 227979at33208        -            609   4.2e-06   25.9   0.8   4   4       2.4   7.7e+02   -1.4   0.0    60   106   667   713   656   733 0.87 transcript=SHAE2_22960.9 gene=SHAE2_22960
SHAE2_22960.5        -            917 227979at33208        -            609   4.4e-06   25.8   0.8   1   4   2.7e-06   0.00086   18.3   0.0    62   115   160   213   142   218 0.89 transcript=SHAE2_22960.5 gene=SHAE2_22960
SHAE2_22960.5        -            917 227979at33208        -            609   4.4e-06   25.8   0.8   2   4      0.52   1.7e+02    0.8   0.0   194   243   257   304   223   329 0.71 transcript=SHAE2_22960.5 gene=SHAE2_22960
SHAE2_22960.5        -            917 227979at33208        -            609   4.4e-06   25.8   0.8   3   4      0.32     1e+02    1.5   0.1    18    58   553   593   520   606 0.73 transcript=SHAE2_22960.5 gene=SHAE2_22960
SHAE2_22960.5        -            917 227979at33208        -            609   4.4e-06   25.8   0.8   4   4       2.5   8.1e+02   -1.5   0.0    60   106   704   750   693   770 0.87 transcript=SHAE2_22960.5 gene=SHAE2_22960
SHAE2_22960.7        -           1053 227979at33208        -            609   5.1e-06   25.6   0.9   1   4   3.2e-06     0.001   18.0   0.0    62   115   312   365   294   370 0.89 transcript=SHAE2_22960.7 gene=SHAE2_22960
SHAE2_22960.7        -           1053 227979at33208        -            609   5.1e-06   25.6   0.9   2   4      0.63     2e+02    0.5   0.1   194   243   409   456   375   480 0.71 transcript=SHAE2_22960.7 gene=SHAE2_22960
SHAE2_22960.7        -           1053 227979at33208        -            609   5.1e-06   25.6   0.9   3   4      0.38   1.2e+02    1.2   0.1    18    58   705   745   672   758 0.73 transcript=SHAE2_22960.7 gene=SHAE2_22960
SHAE2_22960.7        -           1053 227979at33208        -            609   5.1e-06   25.6   0.9   4   4         3   9.8e+02   -1.7   0.0    60   106   856   902   847   922 0.87 transcript=SHAE2_22960.7 gene=SHAE2_22960
SHAE2_22960.8        -           1015 227979at33208        -            609   5.3e-06   25.6   0.9   1   4     3e-06   0.00098   18.1   0.0    62   115   258   311   240   316 0.89 transcript=SHAE2_22960.8 gene=SHAE2_22960
SHAE2_22960.8        -           1015 227979at33208        -            609   5.3e-06   25.6   0.9   2   4       0.6   1.9e+02    0.6   0.1   194   243   355   402   321   426 0.71 transcript=SHAE2_22960.8 gene=SHAE2_22960
SHAE2_22960.8        -           1015 227979at33208        -            609   5.3e-06   25.6   0.9   3   4      0.36   1.2e+02    1.3   0.1    18    58   651   691   618   704 0.73 transcript=SHAE2_22960.8 gene=SHAE2_22960
SHAE2_22960.8        -           1015 227979at33208        -            609   5.3e-06   25.6   0.9   4   4       2.9   9.4e+02   -1.7   0.0    60   106   802   848   793   868 0.87 transcript=SHAE2_22960.8 gene=SHAE2_22960
SHAE2_22960.1        -           1069 227979at33208        -            609   5.4e-06   25.5   0.9   1   4   3.2e-06     0.001   18.0   0.0    62   115   312   365   294   370 0.89 transcript=SHAE2_22960.1 gene=SHAE2_22960
SHAE2_22960.1        -           1069 227979at33208        -            609   5.4e-06   25.5   0.9   2   4      0.64   2.1e+02    0.5   0.1   194   243   409   456   375   480 0.71 transcript=SHAE2_22960.1 gene=SHAE2_22960
SHAE2_22960.1        -           1069 227979at33208        -            609   5.4e-06   25.5   0.9   3   4      0.39   1.2e+02    1.2   0.1    18    58   705   745   672   758 0.73 transcript=SHAE2_22960.1 gene=SHAE2_22960
SHAE2_22960.1        -           1069 227979at33208        -            609   5.4e-06   25.5   0.9   4   4       3.1     1e+03   -1.8   0.0    60   106   856   902   847   922 0.87 transcript=SHAE2_22960.1 gene=SHAE2_22960
SHAE2_22960.2        -           1125 227979at33208        -            609   6.1e-06   25.3   0.8   1   4   3.4e-06    0.0011   17.9   0.0    63   115   369   421   350   426 0.89 transcript=SHAE2_22960.2 gene=SHAE2_22960
SHAE2_22960.2        -           1125 227979at33208        -            609   6.1e-06   25.3   0.8   2   4      0.68   2.2e+02    0.4   0.1   194   243   465   512   431   535 0.71 transcript=SHAE2_22960.2 gene=SHAE2_22960
SHAE2_22960.2        -           1125 227979at33208        -            609   6.1e-06   25.3   0.8   3   4      0.43   1.4e+02    1.1   0.1    18    58   761   801   728   813 0.73 transcript=SHAE2_22960.2 gene=SHAE2_22960
SHAE2_22960.2        -           1125 227979at33208        -            609   6.1e-06   25.3   0.8   4   4       3.4   1.1e+03   -1.9   0.0    60   106   912   958   903   977 0.88 transcript=SHAE2_22960.2 gene=SHAE2_22960
SHAE2_41120.32       -            926 227979at33208        -            609   6.2e-06   25.3   0.2   1   3      0.11        34    3.1   0.0   251   399   389   546   350   579 0.58 transcript=SHAE2_41120.32 gene=SHAE2_41120
SHAE2_41120.32       -            926 227979at33208        -            609   6.2e-06   25.3   0.2   2   3   5.8e-06    0.0019   17.1   0.0     9   122   596   708   591   727 0.84 transcript=SHAE2_41120.32 gene=SHAE2_41120
SHAE2_41120.32       -            926 227979at33208        -            609   6.2e-06   25.3   0.2   3   3      0.58   1.9e+02    0.6   0.0   359   425   753   822   740   862 0.82 transcript=SHAE2_41120.32 gene=SHAE2_41120
SHAE2_22960.6        -           1111 227979at33208        -            609   6.9e-06   25.2   0.8   1   4   3.4e-06    0.0011   17.9   0.0    63   115   355   407   336   412 0.89 transcript=SHAE2_22960.6 gene=SHAE2_22960
SHAE2_22960.6        -           1111 227979at33208        -            609   6.9e-06   25.2   0.8   2   4      0.67   2.2e+02    0.4   0.1   194   243   451   498   417   522 0.71 transcript=SHAE2_22960.6 gene=SHAE2_22960
SHAE2_22960.6        -           1111 227979at33208        -            609   6.9e-06   25.2   0.8   3   4      0.42   1.4e+02    1.1   0.1    18    58   747   787   714   799 0.73 transcript=SHAE2_22960.6 gene=SHAE2_22960
SHAE2_22960.6        -           1111 227979at33208        -            609   6.9e-06   25.2   0.8   4   4       3.2     1e+03   -1.8   0.0    60   106   898   944   889   964 0.87 transcript=SHAE2_22960.6 gene=SHAE2_22960
SHAE2_22960.3        -            823 227979at33208        -            609     8e-06   25.0   2.2   1   4       5.3   1.7e+03   -2.6   0.0    46   408   165   210   122   233 0.60 transcript=SHAE2_22960.3 gene=SHAE2_22960
SHAE2_22960.3        -            823 227979at33208        -            609     8e-06   25.0   2.2   2   4   2.3e-06   0.00076   18.4   0.0    62   115   368   421   350   426 0.89 transcript=SHAE2_22960.3 gene=SHAE2_22960
SHAE2_22960.3        -            823 227979at33208        -            609     8e-06   25.0   2.2   3   4      0.46   1.5e+02    1.0   0.1   194   243   465   512   431   538 0.71 transcript=SHAE2_22960.3 gene=SHAE2_22960
SHAE2_22960.3        -            823 227979at33208        -            609     8e-06   25.0   2.2   4   4      0.23        73    2.0   0.1    18    61   761   805   727   819 0.71 transcript=SHAE2_22960.3 gene=SHAE2_22960
SHAE2_41120.4        -           1050 227979at33208        -            609   8.7e-06   24.9   0.2   1   3      0.13        41    2.8   0.0   251   398   389   545   350   579 0.57 transcript=SHAE2_41120.4 gene=SHAE2_41120
SHAE2_41120.4        -           1050 227979at33208        -            609   8.7e-06   24.9   0.2   2   3   6.9e-06    0.0022   16.9   0.0     9   122   596   708   591   727 0.84 transcript=SHAE2_41120.4 gene=SHAE2_41120
SHAE2_41120.4        -           1050 227979at33208        -            609   8.7e-06   24.9   0.2   3   3      0.68   2.2e+02    0.4   0.0   359   424   753   821   740   862 0.82 transcript=SHAE2_41120.4 gene=SHAE2_41120
SHAE2_41120.31       -           1037 227979at33208        -            609     1e-05   24.7   0.2   1   3      0.13        41    2.8   0.0   251   398   500   656   461   690 0.57 transcript=SHAE2_41120.31 gene=SHAE2_41120
SHAE2_41120.31       -           1037 227979at33208        -            609     1e-05   24.7   0.2   2   3   6.8e-06    0.0022   16.9   0.0     9   122   707   819   702   838 0.84 transcript=SHAE2_41120.31 gene=SHAE2_41120
SHAE2_41120.31       -           1037 227979at33208        -            609     1e-05   24.7   0.2   3   3      0.67   2.2e+02    0.4   0.0   359   424   864   932   851   973 0.82 transcript=SHAE2_41120.31 gene=SHAE2_41120
SHAE2_41120.12       -           1057 227979at33208        -            609   1.1e-05   24.5   0.2   1   3      0.13        42    2.8   0.0   251   398   574   730   535   764 0.57 transcript=SHAE2_41120.12 gene=SHAE2_41120
SHAE2_41120.12       -           1057 227979at33208        -            609   1.1e-05   24.5   0.2   2   3     7e-06    0.0023   16.9   0.0     9   122   781   893   776   912 0.84 transcript=SHAE2_41120.12 gene=SHAE2_41120
SHAE2_41120.12       -           1057 227979at33208        -            609   1.1e-05   24.5   0.2   3   3       0.7   2.3e+02    0.4   0.0   359   424   938  1006   925  1046 0.82 transcript=SHAE2_41120.12 gene=SHAE2_41120
SHAE2_41120.13       -           1057 227979at33208        -            609   1.1e-05   24.5   0.2   1   3      0.13        42    2.8   0.0   251   398   574   730   535   764 0.57 transcript=SHAE2_41120.13 gene=SHAE2_41120
SHAE2_41120.13       -           1057 227979at33208        -            609   1.1e-05   24.5   0.2   2   3     7e-06    0.0023   16.9   0.0     9   122   781   893   776   912 0.84 transcript=SHAE2_41120.13 gene=SHAE2_41120
SHAE2_41120.13       -           1057 227979at33208        -            609   1.1e-05   24.5   0.2   3   3       0.7   2.3e+02    0.4   0.0   359   424   938  1006   925  1046 0.82 transcript=SHAE2_41120.13 gene=SHAE2_41120
SHAE2_41120.30       -           1057 227979at33208        -            609   1.1e-05   24.5   0.2   1   3      0.13        42    2.8   0.0   251   398   574   730   535   764 0.57 transcript=SHAE2_41120.30 gene=SHAE2_41120
SHAE2_41120.30       -           1057 227979at33208        -            609   1.1e-05   24.5   0.2   2   3     7e-06    0.0023   16.9   0.0     9   122   781   893   776   912 0.84 transcript=SHAE2_41120.30 gene=SHAE2_41120
SHAE2_41120.30       -           1057 227979at33208        -            609   1.1e-05   24.5   0.2   3   3       0.7   2.3e+02    0.4   0.0   359   424   938  1006   925  1046 0.82 transcript=SHAE2_41120.30 gene=SHAE2_41120
SHAE2_41120.14       -           1061 227979at33208        -            609   1.2e-05   24.3   0.2   1   3      0.13        42    2.8   0.0   251   398   574   730   535   764 0.57 transcript=SHAE2_41120.14 gene=SHAE2_41120
SHAE2_41120.14       -           1061 227979at33208        -            609   1.2e-05   24.3   0.2   2   3     7e-06    0.0023   16.9   0.0     9   122   781   893   776   912 0.84 transcript=SHAE2_41120.14 gene=SHAE2_41120
SHAE2_41120.14       -           1061 227979at33208        -            609   1.2e-05   24.3   0.2   3   3      0.78   2.5e+02    0.2   0.0   359   424   938  1006   925  1045 0.84 transcript=SHAE2_41120.14 gene=SHAE2_41120
SHAE2_41120.16       -           1061 227979at33208        -            609   1.2e-05   24.3   0.2   1   3      0.13        42    2.8   0.0   251   398   574   730   535   764 0.57 transcript=SHAE2_41120.16 gene=SHAE2_41120
SHAE2_41120.16       -           1061 227979at33208        -            609   1.2e-05   24.3   0.2   2   3     7e-06    0.0023   16.9   0.0     9   122   781   893   776   912 0.84 transcript=SHAE2_41120.16 gene=SHAE2_41120
SHAE2_41120.16       -           1061 227979at33208        -            609   1.2e-05   24.3   0.2   3   3      0.78   2.5e+02    0.2   0.0   359   424   938  1006   925  1045 0.84 transcript=SHAE2_41120.16 gene=SHAE2_41120
SHAE2_41120.2        -           1061 227979at33208        -            609   1.2e-05   24.3   0.2   1   3      0.13        42    2.8   0.0   251   398   574   730   535   764 0.57 transcript=SHAE2_41120.2 gene=SHAE2_41120
SHAE2_41120.2        -           1061 227979at33208        -            609   1.2e-05   24.3   0.2   2   3     7e-06    0.0023   16.9   0.0     9   122   781   893   776   912 0.84 transcript=SHAE2_41120.2 gene=SHAE2_41120
SHAE2_41120.2        -           1061 227979at33208        -            609   1.2e-05   24.3   0.2   3   3      0.78   2.5e+02    0.2   0.0   359   424   938  1006   925  1045 0.84 transcript=SHAE2_41120.2 gene=SHAE2_41120
SHAE2_41120.3        -           1061 227979at33208        -            609   1.2e-05   24.3   0.2   1   3      0.13        42    2.8   0.0   251   398   574   730   535   764 0.57 transcript=SHAE2_41120.3 gene=SHAE2_41120
SHAE2_41120.3        -           1061 227979at33208        -            609   1.2e-05   24.3   0.2   2   3     7e-06    0.0023   16.9   0.0     9   122   781   893   776   912 0.84 transcript=SHAE2_41120.3 gene=SHAE2_41120
SHAE2_41120.3        -           1061 227979at33208        -            609   1.2e-05   24.3   0.2   3   3      0.78   2.5e+02    0.2   0.0   359   424   938  1006   925  1045 0.84 transcript=SHAE2_41120.3 gene=SHAE2_41120
SHAE2_41120.29       -           1100 227979at33208        -            609   1.2e-05   24.3   0.2   1   3      0.14        44    2.7   0.0   251   398   563   719   524   753 0.57 transcript=SHAE2_41120.29 gene=SHAE2_41120
SHAE2_41120.29       -           1100 227979at33208        -            609   1.2e-05   24.3   0.2   2   3   7.4e-06    0.0024   16.8   0.0     9   122   770   882   765   901 0.84 transcript=SHAE2_41120.29 gene=SHAE2_41120
SHAE2_41120.29       -           1100 227979at33208        -            609   1.2e-05   24.3   0.2   3   3      0.72   2.3e+02    0.3   0.0   359   424   927   995   914  1036 0.82 transcript=SHAE2_41120.29 gene=SHAE2_41120
SHAE2_41120.1        -           1111 227979at33208        -            609   1.3e-05   24.2   0.2   1   3      0.14        45    2.7   0.0   251   398   574   730   535   764 0.57 transcript=SHAE2_41120.1 gene=SHAE2_41120
SHAE2_41120.1        -           1111 227979at33208        -            609   1.3e-05   24.2   0.2   2   3   7.5e-06    0.0024   16.8   0.0     9   122   781   893   776   912 0.84 transcript=SHAE2_41120.1 gene=SHAE2_41120
SHAE2_41120.1        -           1111 227979at33208        -            609   1.3e-05   24.2   0.2   3   3      0.73   2.4e+02    0.3   0.0   359   424   938  1006   925  1047 0.82 transcript=SHAE2_41120.1 gene=SHAE2_41120
SHAE2_41120.11       -           1111 227979at33208        -            609   1.3e-05   24.2   0.2   1   3      0.14        45    2.7   0.0   251   398   574   730   535   764 0.57 transcript=SHAE2_41120.11 gene=SHAE2_41120
SHAE2_41120.11       -           1111 227979at33208        -            609   1.3e-05   24.2   0.2   2   3   7.5e-06    0.0024   16.8   0.0     9   122   781   893   776   912 0.84 transcript=SHAE2_41120.11 gene=SHAE2_41120
SHAE2_41120.11       -           1111 227979at33208        -            609   1.3e-05   24.2   0.2   3   3      0.73   2.4e+02    0.3   0.0   359   424   938  1006   925  1047 0.82 transcript=SHAE2_41120.11 gene=SHAE2_41120
SHAE2_41120.33       -           1111 227979at33208        -            609   1.3e-05   24.2   0.2   1   3      0.14        45    2.7   0.0   251   398   574   730   535   764 0.57 transcript=SHAE2_41120.33 gene=SHAE2_41120
SHAE2_41120.33       -           1111 227979at33208        -            609   1.3e-05   24.2   0.2   2   3   7.5e-06    0.0024   16.8   0.0     9   122   781   893   776   912 0.84 transcript=SHAE2_41120.33 gene=SHAE2_41120
SHAE2_41120.33       -           1111 227979at33208        -            609   1.3e-05   24.2   0.2   3   3      0.73   2.4e+02    0.3   0.0   359   424   938  1006   925  1047 0.82 transcript=SHAE2_41120.33 gene=SHAE2_41120
SHAE2_41120.35       -           1111 227979at33208        -            609   1.3e-05   24.2   0.2   1   3      0.14        45    2.7   0.0   251   398   574   730   535   764 0.57 transcript=SHAE2_41120.35 gene=SHAE2_41120
SHAE2_41120.35       -           1111 227979at33208        -            609   1.3e-05   24.2   0.2   2   3   7.5e-06    0.0024   16.8   0.0     9   122   781   893   776   912 0.84 transcript=SHAE2_41120.35 gene=SHAE2_41120
SHAE2_41120.35       -           1111 227979at33208        -            609   1.3e-05   24.2   0.2   3   3      0.73   2.4e+02    0.3   0.0   359   424   938  1006   925  1047 0.82 transcript=SHAE2_41120.35 gene=SHAE2_41120
SHAE2_41120.36       -           1111 227979at33208        -            609   1.3e-05   24.2   0.2   1   3      0.14        45    2.7   0.0   251   398   574   730   535   764 0.57 transcript=SHAE2_41120.36 gene=SHAE2_41120
SHAE2_41120.36       -           1111 227979at33208        -            609   1.3e-05   24.2   0.2   2   3   7.5e-06    0.0024   16.8   0.0     9   122   781   893   776   912 0.84 transcript=SHAE2_41120.36 gene=SHAE2_41120
SHAE2_41120.36       -           1111 227979at33208        -            609   1.3e-05   24.2   0.2   3   3      0.73   2.4e+02    0.3   0.0   359   424   938  1006   925  1047 0.82 transcript=SHAE2_41120.36 gene=SHAE2_41120
SHAE2_41120.5        -           1111 227979at33208        -            609   1.3e-05   24.2   0.2   1   3      0.14        45    2.7   0.0   251   398   574   730   535   764 0.57 transcript=SHAE2_41120.5 gene=SHAE2_41120
SHAE2_41120.5        -           1111 227979at33208        -            609   1.3e-05   24.2   0.2   2   3   7.5e-06    0.0024   16.8   0.0     9   122   781   893   776   912 0.84 transcript=SHAE2_41120.5 gene=SHAE2_41120
SHAE2_41120.5        -           1111 227979at33208        -            609   1.3e-05   24.2   0.2   3   3      0.73   2.4e+02    0.3   0.0   359   424   938  1006   925  1047 0.82 transcript=SHAE2_41120.5 gene=SHAE2_41120
SHAE2_22960.4        -            886 227979at33208        -            609   1.4e-05   24.2   2.3   1   5       5.9   1.9e+03   -2.7   0.0   250   272   126   148    89   214 0.55 transcript=SHAE2_22960.4 gene=SHAE2_22960
SHAE2_22960.4        -            886 227979at33208        -            609   1.4e-05   24.2   2.3   2   5       6.7   2.2e+03   -2.9   0.0    48   411   167   213   141   236 0.57 transcript=SHAE2_22960.4 gene=SHAE2_22960
SHAE2_22960.4        -            886 227979at33208        -            609   1.4e-05   24.2   2.3   3   5   2.6e-06   0.00083   18.3   0.0    62   115   368   421   350   426 0.89 transcript=SHAE2_22960.4 gene=SHAE2_22960
SHAE2_22960.4        -            886 227979at33208        -            609   1.4e-05   24.2   2.3   4   5       0.5   1.6e+02    0.8   0.0   194   243   465   512   431   537 0.71 transcript=SHAE2_22960.4 gene=SHAE2_22960
SHAE2_22960.4        -            886 227979at33208        -            609   1.4e-05   24.2   2.3   5   5      0.31     1e+02    1.5   0.1    18    58   761   801   728   814 0.73 transcript=SHAE2_22960.4 gene=SHAE2_22960
SHAE2_41120.22       -           1111 227979at33208        -            609   1.4e-05   24.2   0.2   1   3      0.14        45    2.7   0.0   251   398   628   784   589   818 0.57 transcript=SHAE2_41120.22 gene=SHAE2_41120
SHAE2_41120.22       -           1111 227979at33208        -            609   1.4e-05   24.2   0.2   2   3   7.5e-06    0.0024   16.8   0.0     9   122   835   947   830   966 0.84 transcript=SHAE2_41120.22 gene=SHAE2_41120
SHAE2_41120.22       -           1111 227979at33208        -            609   1.4e-05   24.2   0.2   3   3      0.74   2.4e+02    0.3   0.0   359   424   992  1060   979  1100 0.82 transcript=SHAE2_41120.22 gene=SHAE2_41120
SHAE2_41120.24       -           1115 227979at33208        -            609   1.5e-05   24.1   0.2   1   3      0.14        45    2.7   0.0   251   398   628   784   589   818 0.57 transcript=SHAE2_41120.24 gene=SHAE2_41120
SHAE2_41120.24       -           1115 227979at33208        -            609   1.5e-05   24.1   0.2   2   3   7.5e-06    0.0024   16.8   0.0     9   122   835   947   830   966 0.84 transcript=SHAE2_41120.24 gene=SHAE2_41120
SHAE2_41120.24       -           1115 227979at33208        -            609   1.5e-05   24.1   0.2   3   3      0.86   2.8e+02    0.1   0.0   359   424   992  1060   980  1099 0.84 transcript=SHAE2_41120.24 gene=SHAE2_41120
SHAE2_41120.6        -           1115 227979at33208        -            609   1.5e-05   24.1   0.2   1   3      0.14        45    2.7   0.0   251   398   628   784   589   818 0.57 transcript=SHAE2_41120.6 gene=SHAE2_41120
SHAE2_41120.6        -           1115 227979at33208        -            609   1.5e-05   24.1   0.2   2   3   7.5e-06    0.0024   16.8   0.0     9   122   835   947   830   966 0.84 transcript=SHAE2_41120.6 gene=SHAE2_41120
SHAE2_41120.6        -           1115 227979at33208        -            609   1.5e-05   24.1   0.2   3   3      0.86   2.8e+02    0.1   0.0   359   424   992  1060   980  1099 0.84 transcript=SHAE2_41120.6 gene=SHAE2_41120
SHAE2_41120.19       -           1087 227979at33208        -            609   1.5e-05   24.0   0.0   1   3      0.13        43    2.7   0.0   251   398   628   784   589   818 0.57 transcript=SHAE2_41120.19 gene=SHAE2_41120
SHAE2_41120.19       -           1087 227979at33208        -            609   1.5e-05   24.0   0.0   2   3   7.3e-06    0.0024   16.8   0.0     9   122   835   947   830   966 0.84 transcript=SHAE2_41120.19 gene=SHAE2_41120
SHAE2_41120.19       -           1087 227979at33208        -            609   1.5e-05   24.0   0.0   3   3       1.1   3.7e+02   -0.3   0.0   359   422   992  1058   980  1069 0.86 transcript=SHAE2_41120.19 gene=SHAE2_41120
SHAE2_41120.34       -           1215 227979at33208        -            609   1.5e-05   24.0   0.2   1   3      0.16        51    2.5   0.0   251   398   554   710   515   744 0.57 transcript=SHAE2_41120.34 gene=SHAE2_41120
SHAE2_41120.34       -           1215 227979at33208        -            609   1.5e-05   24.0   0.2   2   3   8.4e-06    0.0027   16.6   0.0     9   122   761   873   756   892 0.84 transcript=SHAE2_41120.34 gene=SHAE2_41120
SHAE2_41120.34       -           1215 227979at33208        -            609   1.5e-05   24.0   0.2   3   3      0.85   2.7e+02    0.1   0.0   359   424   918   986   906  1027 0.82 transcript=SHAE2_41120.34 gene=SHAE2_41120
SHAE2_41120.10       -           1165 227979at33208        -            609   1.6e-05   24.0   0.2   1   3      0.15        48    2.6   0.0   251   398   628   784   589   818 0.57 transcript=SHAE2_41120.10 gene=SHAE2_41120
SHAE2_41120.10       -           1165 227979at33208        -            609   1.6e-05   24.0   0.2   2   3     8e-06    0.0026   16.7   0.0     9   122   835   947   830   966 0.84 transcript=SHAE2_41120.10 gene=SHAE2_41120
SHAE2_41120.10       -           1165 227979at33208        -            609   1.6e-05   24.0   0.2   3   3      0.77   2.5e+02    0.2   0.0   359   424   992  1060   979  1101 0.82 transcript=SHAE2_41120.10 gene=SHAE2_41120
SHAE2_41120.18       -           1165 227979at33208        -            609   1.6e-05   24.0   0.2   1   3      0.15        48    2.6   0.0   251   398   628   784   589   818 0.57 transcript=SHAE2_41120.18 gene=SHAE2_41120
SHAE2_41120.18       -           1165 227979at33208        -            609   1.6e-05   24.0   0.2   2   3     8e-06    0.0026   16.7   0.0     9   122   835   947   830   966 0.84 transcript=SHAE2_41120.18 gene=SHAE2_41120
SHAE2_41120.18       -           1165 227979at33208        -            609   1.6e-05   24.0   0.2   3   3      0.77   2.5e+02    0.2   0.0   359   424   992  1060   979  1101 0.82 transcript=SHAE2_41120.18 gene=SHAE2_41120
SHAE2_41120.8        -           1235 227979at33208        -            609   1.7e-05   23.9   0.2   1   3      0.16        52    2.5   0.0   251   398   574   730   535   764 0.57 transcript=SHAE2_41120.8 gene=SHAE2_41120
SHAE2_41120.8        -           1235 227979at33208        -            609   1.7e-05   23.9   0.2   2   3   8.6e-06    0.0028   16.6   0.0     9   122   781   893   776   912 0.84 transcript=SHAE2_41120.8 gene=SHAE2_41120
SHAE2_41120.8        -           1235 227979at33208        -            609   1.7e-05   23.9   0.2   3   3      0.86   2.8e+02    0.1   0.0   359   424   938  1006   926  1047 0.82 transcript=SHAE2_41120.8 gene=SHAE2_41120
SHAE2_41120.9        -           1235 227979at33208        -            609   1.7e-05   23.9   0.2   1   3      0.16        52    2.5   0.0   251   398   574   730   535   764 0.57 transcript=SHAE2_41120.9 gene=SHAE2_41120
SHAE2_41120.9        -           1235 227979at33208        -            609   1.7e-05   23.9   0.2   2   3   8.6e-06    0.0028   16.6   0.0     9   122   781   893   776   912 0.84 transcript=SHAE2_41120.9 gene=SHAE2_41120
SHAE2_41120.9        -           1235 227979at33208        -            609   1.7e-05   23.9   0.2   3   3      0.86   2.8e+02    0.1   0.0   359   424   938  1006   926  1047 0.82 transcript=SHAE2_41120.9 gene=SHAE2_41120
SHAE2_41120.17       -           1241 227979at33208        -            609   1.7e-05   23.9   0.2   1   3      0.16        53    2.4   0.0   252   398   629   784   589   818 0.57 transcript=SHAE2_41120.17 gene=SHAE2_41120
SHAE2_41120.17       -           1241 227979at33208        -            609   1.7e-05   23.9   0.2   2   3   8.7e-06    0.0028   16.6   0.0     9   122   835   947   830   966 0.84 transcript=SHAE2_41120.17 gene=SHAE2_41120
SHAE2_41120.17       -           1241 227979at33208        -            609   1.7e-05   23.9   0.2   3   3      0.87   2.8e+02    0.0   0.0   359   424   992  1060   980  1101 0.82 transcript=SHAE2_41120.17 gene=SHAE2_41120
SHAE2_41120.20       -           1241 227979at33208        -            609   1.7e-05   23.9   0.2   1   3      0.16        53    2.4   0.0   252   398   629   784   589   818 0.57 transcript=SHAE2_41120.20 gene=SHAE2_41120
SHAE2_41120.20       -           1241 227979at33208        -            609   1.7e-05   23.9   0.2   2   3   8.7e-06    0.0028   16.6   0.0     9   122   835   947   830   966 0.84 transcript=SHAE2_41120.20 gene=SHAE2_41120
SHAE2_41120.20       -           1241 227979at33208        -            609   1.7e-05   23.9   0.2   3   3      0.87   2.8e+02    0.0   0.0   359   424   992  1060   980  1101 0.82 transcript=SHAE2_41120.20 gene=SHAE2_41120
SHAE2_41120.27       -           1278 227979at33208        -            609   1.9e-05   23.7   0.1   1   3      0.17        55    2.4   0.0   252   398   618   773   578   807 0.57 transcript=SHAE2_41120.27 gene=SHAE2_41120
SHAE2_41120.27       -           1278 227979at33208        -            609   1.9e-05   23.7   0.1   2   3     9e-06    0.0029   16.5   0.0     9   122   824   936   819   955 0.85 transcript=SHAE2_41120.27 gene=SHAE2_41120
SHAE2_41120.27       -           1278 227979at33208        -            609   1.9e-05   23.7   0.1   3   3       0.9   2.9e+02   -0.0   0.0   359   424   981  1049   969  1090 0.82 transcript=SHAE2_41120.27 gene=SHAE2_41120
SHAE2_41120.25       -           1278 227979at33208        -            609   1.9e-05   23.7   0.1   1   3      0.17        55    2.4   0.0   252   398   618   773   578   807 0.57 transcript=SHAE2_41120.25 gene=SHAE2_41120
SHAE2_41120.25       -           1278 227979at33208        -            609   1.9e-05   23.7   0.1   2   3     9e-06    0.0029   16.5   0.0     9   122   824   936   819   955 0.85 transcript=SHAE2_41120.25 gene=SHAE2_41120
SHAE2_41120.25       -           1278 227979at33208        -            609   1.9e-05   23.7   0.1   3   3       0.9   2.9e+02   -0.0   0.0   359   424   981  1049   969  1090 0.82 transcript=SHAE2_41120.25 gene=SHAE2_41120
SHAE2_41120.26       -           1279 227979at33208        -            609   1.9e-05   23.7   0.1   1   3      0.17        55    2.4   0.0   252   398   619   774   579   808 0.57 transcript=SHAE2_41120.26 gene=SHAE2_41120
SHAE2_41120.26       -           1279 227979at33208        -            609   1.9e-05   23.7   0.1   2   3     9e-06    0.0029   16.5   0.0     9   122   825   937   820   956 0.85 transcript=SHAE2_41120.26 gene=SHAE2_41120
SHAE2_41120.26       -           1279 227979at33208        -            609   1.9e-05   23.7   0.1   3   3       0.9   2.9e+02   -0.0   0.0   359   424   982  1050   970  1091 0.82 transcript=SHAE2_41120.26 gene=SHAE2_41120
SHAE2_41120.7        -           1289 227979at33208        -            609   1.9e-05   23.7   0.1   1   3      0.17        56    2.4   0.0   252   398   629   784   589   818 0.57 transcript=SHAE2_41120.7 gene=SHAE2_41120
SHAE2_41120.7        -           1289 227979at33208        -            609   1.9e-05   23.7   0.1   2   3   9.1e-06    0.0029   16.5   0.0     9   122   835   947   830   966 0.85 transcript=SHAE2_41120.7 gene=SHAE2_41120
SHAE2_41120.7        -           1289 227979at33208        -            609   1.9e-05   23.7   0.1   3   3      0.91     3e+02   -0.0   0.0   359   424   992  1060   980  1101 0.82 transcript=SHAE2_41120.7 gene=SHAE2_41120
SHAE2_41120.15       -            783 227979at33208        -            609   2.2e-05   23.5   0.1   1   2      0.08        26    3.5   0.0   250   399   388   546   350   579 0.58 transcript=SHAE2_41120.15 gene=SHAE2_41120
SHAE2_41120.15       -            783 227979at33208        -            609   2.2e-05   23.5   0.1   2   2   4.6e-06    0.0015   17.5   0.0     9   122   596   708   591   727 0.84 transcript=SHAE2_41120.15 gene=SHAE2_41120
SHAE2_41120.21       -           1022 227979at33208        -            609   5.1e-05   22.3   0.1   1   2      0.12        40    2.9   0.0   251   398   628   784   589   818 0.58 transcript=SHAE2_41120.21 gene=SHAE2_41120
SHAE2_41120.21       -           1022 227979at33208        -            609   5.1e-05   22.3   0.1   2   2   6.7e-06    0.0022   16.9   0.0     9   122   835   947   830   966 0.84 transcript=SHAE2_41120.21 gene=SHAE2_41120
SHAE2_41120.23       -           1059 227979at33208        -            609   0.00022   20.2   0.0   1   2     7e-06    0.0023   16.9   0.0     9   122   605   717   600   736 0.84 transcript=SHAE2_41120.23 gene=SHAE2_41120
SHAE2_41120.23       -           1059 227979at33208        -            609   0.00022   20.2   0.0   2   2      0.69   2.2e+02    0.4   0.0   359   424   762   830   749   871 0.82 transcript=SHAE2_41120.23 gene=SHAE2_41120
SHAE2_18370.4        -            777 227979at33208        -            609   0.00031   19.7   0.1   1   4    0.0065       2.1    7.1   0.0   266   335    85   154    45   215 0.65 transcript=SHAE2_18370.4 gene=SHAE2_18370
SHAE2_18370.4        -            777 227979at33208        -            609   0.00031   19.7   0.1   2   4     0.038        12    4.6   0.0    54   114   288   348   278   352 0.90 transcript=SHAE2_18370.4 gene=SHAE2_18370
SHAE2_18370.4        -            777 227979at33208        -            609   0.00031   19.7   0.1   3   4     0.042        14    4.4   0.0   204   303   319   419   303   427 0.79 transcript=SHAE2_18370.4 gene=SHAE2_18370
SHAE2_18370.4        -            777 227979at33208        -            609   0.00031   19.7   0.1   4   4      0.18        59    2.3   0.0    44    99   590   644   528   653 0.64 transcript=SHAE2_18370.4 gene=SHAE2_18370
SHAE2_18370.1        -            879 227979at33208        -            609   0.00038   19.4   0.1   1   4       9.7   3.2e+03   -3.4   0.0    29   104    25   101    15   106 0.66 transcript=SHAE2_18370.1 gene=SHAE2_18370
SHAE2_18370.1        -            879 227979at33208        -            609   0.00038   19.4   0.1   2   4    0.0076       2.5    6.8   0.0   266   328   187   246   146   317 0.64 transcript=SHAE2_18370.1 gene=SHAE2_18370
SHAE2_18370.1        -            879 227979at33208        -            609   0.00038   19.4   0.1   3   4     0.041        13    4.4   0.0    54   114   390   450   379   457 0.90 transcript=SHAE2_18370.1 gene=SHAE2_18370
SHAE2_18370.1        -            879 227979at33208        -            609   0.00038   19.4   0.1   4   4      0.21        69    2.1   0.0    44    99   692   746   630   755 0.65 transcript=SHAE2_18370.1 gene=SHAE2_18370
SHAE2_18370.2        -            879 227979at33208        -            609   0.00038   19.4   0.1   1   4       9.7   3.2e+03   -3.4   0.0    29   104    25   101    15   106 0.66 transcript=SHAE2_18370.2 gene=SHAE2_18370
SHAE2_18370.2        -            879 227979at33208        -            609   0.00038   19.4   0.1   2   4    0.0076       2.5    6.8   0.0   266   328   187   246   146   317 0.64 transcript=SHAE2_18370.2 gene=SHAE2_18370
SHAE2_18370.2        -            879 227979at33208        -            609   0.00038   19.4   0.1   3   4     0.041        13    4.4   0.0    54   114   390   450   379   457 0.90 transcript=SHAE2_18370.2 gene=SHAE2_18370
SHAE2_18370.2        -            879 227979at33208        -            609   0.00038   19.4   0.1   4   4      0.21        69    2.1   0.0    44    99   692   746   630   755 0.65 transcript=SHAE2_18370.2 gene=SHAE2_18370
SHAE2_18370.3        -            879 227979at33208        -            609   0.00038   19.4   0.1   1   4       9.7   3.2e+03   -3.4   0.0    29   104    25   101    15   106 0.66 transcript=SHAE2_18370.3 gene=SHAE2_18370
SHAE2_18370.3        -            879 227979at33208        -            609   0.00038   19.4   0.1   2   4    0.0076       2.5    6.8   0.0   266   328   187   246   146   317 0.64 transcript=SHAE2_18370.3 gene=SHAE2_18370
SHAE2_18370.3        -            879 227979at33208        -            609   0.00038   19.4   0.1   3   4     0.041        13    4.4   0.0    54   114   390   450   379   457 0.90 transcript=SHAE2_18370.3 gene=SHAE2_18370
SHAE2_18370.3        -            879 227979at33208        -            609   0.00038   19.4   0.1   4   4      0.21        69    2.1   0.0    44    99   692   746   630   755 0.65 transcript=SHAE2_18370.3 gene=SHAE2_18370
SHAE2_18370.5        -            552 227979at33208        -            609   0.00095   18.1   0.0   1   4       4.3   1.4e+03   -2.3   0.0    28   104    24   101    12   107 0.66 transcript=SHAE2_18370.5 gene=SHAE2_18370
SHAE2_18370.5        -            552 227979at33208        -            609   0.00095   18.1   0.0   2   4    0.0037       1.2    7.9   0.0   266   328   187   246   145   318 0.64 transcript=SHAE2_18370.5 gene=SHAE2_18370
SHAE2_18370.5        -            552 227979at33208        -            609   0.00095   18.1   0.0   3   4     0.023       7.6    5.2   0.0    54   114   390   450   380   455 0.90 transcript=SHAE2_18370.5 gene=SHAE2_18370
SHAE2_18370.5        -            552 227979at33208        -            609   0.00095   18.1   0.0   4   4       2.3   7.4e+02   -1.3   0.0    82   114   460   492   453   496 0.80 transcript=SHAE2_18370.5 gene=SHAE2_18370
SHAE2_86970.1        -            849 227979at33208        -            609    0.0026   16.7   2.4   1   4       1.4   4.4e+02   -0.6   0.0    84   148   117   181    33   186 0.75 transcript=SHAE2_86970.1 gene=SHAE2_86970
SHAE2_86970.1        -            849 227979at33208        -            609    0.0026   16.7   2.4   2   4       1.9     6e+02   -1.1   0.0    87   117   283   314   255   390 0.68 transcript=SHAE2_86970.1 gene=SHAE2_86970
SHAE2_86970.1        -            849 227979at33208        -            609    0.0026   16.7   2.4   3   4      0.11        36    3.0   0.1    82   147   498   561   441   566 0.63 transcript=SHAE2_86970.1 gene=SHAE2_86970
SHAE2_86970.1        -            849 227979at33208        -            609    0.0026   16.7   2.4   4   4     0.001      0.33    9.7   0.3    84   154   654   725   580   733 0.69 transcript=SHAE2_86970.1 gene=SHAE2_86970
SHAE2_41780.1        -           2054 227979at33208        -            609    0.0035   16.2   0.2   1   3       2.3   7.4e+02   -1.3   0.0    10    94   398   483   309   496 0.77 transcript=SHAE2_41780.1 gene=SHAE2_41780
SHAE2_41780.1        -           2054 227979at33208        -            609    0.0035   16.2   0.2   2   3    0.0001     0.034   13.0   0.0    16   115   879   979   873   984 0.83 transcript=SHAE2_41780.1 gene=SHAE2_41780
SHAE2_41780.1        -           2054 227979at33208        -            609    0.0035   16.2   0.2   3   3       5.8   1.9e+03   -2.7   0.0    80   109  1027  1056   995  1068 0.61 transcript=SHAE2_41780.1 gene=SHAE2_41780
#
# Program:         hmmsearch
# Version:         3.4 (Aug 2023)
# Pipeline mode:   SEARCH
# Query file:      /users/40483456/busco_datasets/busco_downloads/lineages/metazoa_odb10/hmms/227979at33208.hmm
# Target file:     /users/40483456/protein/schistosoma_haematobium.fa
# Option settings: hmmsearch --domtblout /users/40483456/busco/results_pro/schistosoma_haematobium_busco/run_metazoa_odb10/hmmer_output/initial_run_results/227979at33208.out --cpu 1 /users/40483456/busco_datasets/busco_downloads/lineages/metazoa_odb10/hmms/227979at33208.hmm /users/40483456/protein/schistosoma_haematobium.fa 
# Current dir:     /users/40483456
# Date:            Thu Jan 15 17:49:52 2026
# [ok]
