#                                                                            --- full sequence --- -------------- this domain -------------   hmm coord   ali coord   env coord
# target name        accession   tlen query name           accession   qlen   E-value  score  bias   #  of  c-Evalue  i-Evalue  score  bias  from    to  from    to  from    to  acc description of target
#------------------- ---------- ----- -------------------- ---------- ----- --------- ------ ----- --- --- --------- --------- ------ ----- ----- ----- ----- ----- ----- ----- ---- ---------------------
SHAE2_47870.1        -            528 301572at33208        -            397  1.8e-165  550.9   2.5   1   3     0.002       5.6    6.0   0.3     1    14     1    14     1    27 0.85 transcript=SHAE2_47870.1 gene=SHAE2_47870
SHAE2_47870.1        -            528 301572at33208        -            397  1.8e-165  550.9   2.5   2   3  4.7e-152  1.3e-148  495.4   0.0     7   357    82   455    78   465 0.92 transcript=SHAE2_47870.1 gene=SHAE2_47870
SHAE2_47870.1        -            528 301572at33208        -            397  1.8e-165  550.9   2.5   3   3   3.5e-16   9.5e-13   48.0   0.1   352   397   476   520   470   520 0.89 transcript=SHAE2_47870.1 gene=SHAE2_47870
SHAE2_47870.2        -            528 301572at33208        -            397  1.8e-165  550.9   2.5   1   3     0.002       5.6    6.0   0.3     1    14     1    14     1    27 0.85 transcript=SHAE2_47870.2 gene=SHAE2_47870
SHAE2_47870.2        -            528 301572at33208        -            397  1.8e-165  550.9   2.5   2   3  4.7e-152  1.3e-148  495.4   0.0     7   357    82   455    78   465 0.92 transcript=SHAE2_47870.2 gene=SHAE2_47870
SHAE2_47870.2        -            528 301572at33208        -            397  1.8e-165  550.9   2.5   3   3   3.5e-16   9.5e-13   48.0   0.1   352   397   476   520   470   520 0.89 transcript=SHAE2_47870.2 gene=SHAE2_47870
SHAE2_75500.1        -            432 301572at33208        -            397   1.3e-32  113.4   0.2   1   2       1.2   3.3e+03   -3.1   0.1   280   296    67    83    42   104 0.54 transcript=SHAE2_75500.1 gene=SHAE2_75500
SHAE2_75500.1        -            432 301572at33208        -            397   1.3e-32  113.4   0.2   2   2   4.8e-36   1.3e-32  113.4   0.2    35   289   162   429   126   431 0.83 transcript=SHAE2_75500.1 gene=SHAE2_75500
SHAE2_350.1          -            616 301572at33208        -            397   1.2e-30  107.0   0.2   1   2   4.2e-34   1.2e-30  107.0   0.2    35   294   174   448   155   460 0.76 transcript=SHAE2_350.1 gene=SHAE2_350
SHAE2_350.1          -            616 301572at33208        -            397   1.2e-30  107.0   0.2   2   2     0.096   2.6e+02    0.5   1.6   215   292   476   553   469   568 0.69 transcript=SHAE2_350.1 gene=SHAE2_350
SHAE2_7860.2         -            528 301572at33208        -            397    0.0029   16.8   4.4   1   4       1.6   4.4e+03   -3.5   0.0    38    63   189   214   179   220 0.48 transcript=SHAE2_7860.2 gene=SHAE2_7860
SHAE2_7860.2         -            528 301572at33208        -            397    0.0029   16.8   4.4   2   4      0.18     5e+02   -0.4   0.0   108   154   276   326   263   331 0.78 transcript=SHAE2_7860.2 gene=SHAE2_7860
SHAE2_7860.2         -            528 301572at33208        -            397    0.0029   16.8   4.4   3   4   9.7e-05      0.27   10.3   0.3   158   204   353   399   346   430 0.85 transcript=SHAE2_7860.2 gene=SHAE2_7860
SHAE2_7860.2         -            528 301572at33208        -            397    0.0029   16.8   4.4   4   4    0.0025       6.9    5.7   0.2   215   241   441   467   420   474 0.87 transcript=SHAE2_7860.2 gene=SHAE2_7860
SHAE2_7860.4         -            496 301572at33208        -            397     0.018   14.2  13.1   1   5       1.4   3.8e+03   -3.3   0.0    38    65    50    77    40    82 0.51 transcript=SHAE2_7860.4 gene=SHAE2_7860
SHAE2_7860.4         -            496 301572at33208        -            397     0.018   14.2  13.1   2   5      0.15   4.3e+02   -0.2   0.0   108   155   137   188   124   193 0.78 transcript=SHAE2_7860.4 gene=SHAE2_7860
SHAE2_7860.4         -            496 301572at33208        -            397     0.018   14.2  13.1   3   5   8.6e-05      0.24   10.5   0.5   158   204   214   260   206   300 0.84 transcript=SHAE2_7860.4 gene=SHAE2_7860
SHAE2_7860.4         -            496 301572at33208        -            397     0.018   14.2  13.1   4   5    0.0026         7    5.7   0.2   215   241   302   328   294   335 0.86 transcript=SHAE2_7860.4 gene=SHAE2_7860
SHAE2_7860.4         -            496 301572at33208        -            397     0.018   14.2  13.1   5   5     0.019        51    2.8   1.5   241   295   352   406   337   430 0.81 transcript=SHAE2_7860.4 gene=SHAE2_7860
SHAE2_7860.1         -            635 301572at33208        -            397     0.049   12.8  12.8   1   5       2.2   6.1e+03   -4.0   0.0    40    63   191   214   181   220 0.48 transcript=SHAE2_7860.1 gene=SHAE2_7860
SHAE2_7860.1         -            635 301572at33208        -            397     0.049   12.8  12.8   2   5      0.23   6.4e+02   -0.8   0.0   108   154   276   326   263   331 0.78 transcript=SHAE2_7860.1 gene=SHAE2_7860
SHAE2_7860.1         -            635 301572at33208        -            397     0.049   12.8  12.8   3   5   0.00012      0.33   10.0   0.4   158   204   353   399   345   439 0.84 transcript=SHAE2_7860.1 gene=SHAE2_7860
SHAE2_7860.1         -            635 301572at33208        -            397     0.049   12.8  12.8   4   5    0.0034       9.4    5.3   0.2   215   241   441   467   433   474 0.86 transcript=SHAE2_7860.1 gene=SHAE2_7860
SHAE2_7860.1         -            635 301572at33208        -            397     0.049   12.8  12.8   5   5     0.026        73    2.3   1.6   241   295   491   545   476   569 0.81 transcript=SHAE2_7860.1 gene=SHAE2_7860
SHAE2_7860.3         -            652 301572at33208        -            397     0.054   12.6  12.8   1   5       2.3   6.3e+03   -4.0   0.0    40    63   191   214   181   220 0.48 transcript=SHAE2_7860.3 gene=SHAE2_7860
SHAE2_7860.3         -            652 301572at33208        -            397     0.054   12.6  12.8   2   5      0.24   6.6e+02   -0.8   0.0   108   154   276   326   263   331 0.78 transcript=SHAE2_7860.3 gene=SHAE2_7860
SHAE2_7860.3         -            652 301572at33208        -            397     0.054   12.6  12.8   3   5   0.00012      0.34   10.0   0.5   158   204   353   399   345   439 0.84 transcript=SHAE2_7860.3 gene=SHAE2_7860
SHAE2_7860.3         -            652 301572at33208        -            397     0.054   12.6  12.8   4   5    0.0031       8.4    5.4   0.2   215   241   441   467   420   476 0.87 transcript=SHAE2_7860.3 gene=SHAE2_7860
SHAE2_7860.3         -            652 301572at33208        -            397     0.054   12.6  12.8   5   5     0.028        77    2.2   1.6   241   295   491   545   476   569 0.82 transcript=SHAE2_7860.3 gene=SHAE2_7860
#
# Program:         hmmsearch
# Version:         3.4 (Aug 2023)
# Pipeline mode:   SEARCH
# Query file:      /users/40483456/busco_datasets/busco_downloads/lineages/metazoa_odb10/hmms/301572at33208.hmm
# Target file:     /users/40483456/protein/schistosoma_haematobium.fa
# Option settings: hmmsearch --domtblout /users/40483456/busco/results_pro/schistosoma_haematobium_busco/run_metazoa_odb10/hmmer_output/initial_run_results/301572at33208.out --cpu 1 /users/40483456/busco_datasets/busco_downloads/lineages/metazoa_odb10/hmms/301572at33208.hmm /users/40483456/protein/schistosoma_haematobium.fa 
# Current dir:     /users/40483456
# Date:            Thu Jan 15 17:49:56 2026
# [ok]
