#                                                                            --- full sequence --- -------------- this domain -------------   hmm coord   ali coord   env coord
# target name        accession   tlen query name           accession   qlen   E-value  score  bias   #  of  c-Evalue  i-Evalue  score  bias  from    to  from    to  from    to  acc description of target
#------------------- ---------- ----- -------------------- ---------- ----- --------- ------ ----- --- --- --------- --------- ------ ----- ----- ----- ----- ----- ----- ----- ---- ---------------------
SHAE2_1620.1         -            444 333062at33208        -            353  6.9e-130  433.5  11.0   1   2   2.4e-16   8.7e-13   48.4   0.7     1    56     1    60     1   111 0.79 transcript=SHAE2_1620.1 gene=SHAE2_1620
SHAE2_1620.1         -            444 333062at33208        -            353  6.9e-130  433.5  11.0   2   2  1.9e-119    7e-116  387.4   6.7    62   347   106   414    70   419 0.87 transcript=SHAE2_1620.1 gene=SHAE2_1620
SHAE2_1620.4         -            450 333062at33208        -            353  7.2e-130  433.5  10.9   1   2   2.7e-16   9.9e-13   48.2   0.3     1    56     1    60     1    92 0.85 transcript=SHAE2_1620.4 gene=SHAE2_1620
SHAE2_1620.4         -            450 333062at33208        -            353  7.2e-130  433.5  10.9   2   2  1.8e-119  6.7e-116  387.5   6.5    62   347   106   414    73   419 0.88 transcript=SHAE2_1620.4 gene=SHAE2_1620
SHAE2_1620.2         -            454 333062at33208        -            353  7.3e-130  433.4  10.9   1   2   2.7e-16     1e-12   48.2   0.3     1    56     1    60     1    92 0.85 transcript=SHAE2_1620.2 gene=SHAE2_1620
SHAE2_1620.2         -            454 333062at33208        -            353  7.3e-130  433.4  10.9   2   2  1.8e-119  6.6e-116  387.5   6.4    62   347   106   414    73   419 0.88 transcript=SHAE2_1620.2 gene=SHAE2_1620
SHAE2_1620.3         -            399 333062at33208        -            353  2.9e-120  401.8  12.4   1   2   2.1e-16   7.8e-13   48.5   0.5     1    56     1    60     1   105 0.82 transcript=SHAE2_1620.3 gene=SHAE2_1620
SHAE2_1620.3         -            399 333062at33208        -            353  2.9e-120  401.8  12.4   2   2  8.2e-110    3e-106  355.8   7.9    62   325   106   391    68   396 0.87 transcript=SHAE2_1620.3 gene=SHAE2_1620
SHAE2_1620.5         -            345 333062at33208        -            353    1e-116  390.2   4.2   1   1  3.7e-120  1.4e-116  389.8   4.2    68   347    13   315     2   320 0.89 transcript=SHAE2_1620.5 gene=SHAE2_1620
SHAE2_31420.1        -            445 333062at33208        -            353   4.1e-05   23.1   0.3   1   2      0.28     1e+03   -1.2   0.3    55   100   120   166    71   221 0.70 transcript=SHAE2_31420.1 gene=SHAE2_31420
SHAE2_31420.1        -            445 333062at33208        -            353   4.1e-05   23.1   0.3   2   2   1.1e-08   4.1e-05   23.1   0.3   236   336   316   416   254   433 0.79 transcript=SHAE2_31420.1 gene=SHAE2_31420
#
# Program:         hmmsearch
# Version:         3.4 (Aug 2023)
# Pipeline mode:   SEARCH
# Query file:      /users/40483456/busco_datasets/busco_downloads/lineages/metazoa_odb10/hmms/333062at33208.hmm
# Target file:     /users/40483456/protein/schistosoma_haematobium.fa
# Option settings: hmmsearch --domtblout /users/40483456/busco/results_pro/schistosoma_haematobium_busco/run_metazoa_odb10/hmmer_output/initial_run_results/333062at33208.out --cpu 1 /users/40483456/busco_datasets/busco_downloads/lineages/metazoa_odb10/hmms/333062at33208.hmm /users/40483456/protein/schistosoma_haematobium.fa 
# Current dir:     /users/40483456
# Date:            Thu Jan 15 17:49:56 2026
# [ok]
