#                                                                            --- full sequence --- -------------- this domain -------------   hmm coord   ali coord   env coord
# target name        accession   tlen query name           accession   qlen   E-value  score  bias   #  of  c-Evalue  i-Evalue  score  bias  from    to  from    to  from    to  acc description of target
#------------------- ---------- ----- -------------------- ---------- ----- --------- ------ ----- --- --- --------- --------- ------ ----- ----- ----- ----- ----- ----- ----- ---- ---------------------
SHAE2_57180.1        -            603 367551at33208        -            388  5.6e-150  500.1   9.4   1   2  2.6e-115  5.1e-113  378.4   2.6     3   271   113   401   111   409 0.93 transcript=SHAE2_57180.1 gene=SHAE2_57180
SHAE2_57180.1        -            603 367551at33208        -            388  5.6e-150  500.1   9.4   2   2   1.2e-38   2.4e-36  126.0   0.6   268   380   425   541   403   550 0.85 transcript=SHAE2_57180.1 gene=SHAE2_57180
SHAE2_14310.1        -            568 367551at33208        -            388   1.7e-78  264.8   1.0   1   2   5.7e-50   1.1e-47  163.3   0.1    12   211    26   238    13   249 0.84 transcript=SHAE2_14310.1 gene=SHAE2_14310
SHAE2_14310.1        -            568 367551at33208        -            388   1.7e-78  264.8   1.0   2   2   9.3e-31   1.8e-28  100.1   0.1   224   337   279   397   272   454 0.84 transcript=SHAE2_14310.1 gene=SHAE2_14310
SHAE2_49380.1        -            471 367551at33208        -            388   1.5e-75  255.1   0.1   1   1     1e-77   1.9e-75  254.7   0.1    12   346    41   398    35   446 0.83 transcript=SHAE2_49380.1 gene=SHAE2_49380
SHAE2_31240.1        -            829 367551at33208        -            388   5.3e-75  253.3   0.0   1   1   4.4e-77   8.5e-75  252.6   0.0     7   336    46   386    41   398 0.91 transcript=SHAE2_31240.1 gene=SHAE2_31240
SHAE2_31280.3        -            867 367551at33208        -            388   2.2e-73  247.9   0.0   1   1   1.6e-75   3.2e-73  247.4   0.0    12   344    98   444    89   458 0.90 transcript=SHAE2_31280.3 gene=SHAE2_31280
SHAE2_31280.1        -            880 367551at33208        -            388   2.3e-73  247.9   0.0   1   1   1.7e-75   3.3e-73  247.4   0.0    12   344    98   444    89   458 0.90 transcript=SHAE2_31280.1 gene=SHAE2_31280
SHAE2_35940.1        -            527 367551at33208        -            388     7e-73  246.3   0.2   1   2       5.4     1e+03   -1.2   0.0   318   344    42    68    40    73 0.89 transcript=SHAE2_35940.1 gene=SHAE2_35940
SHAE2_35940.1        -            527 367551at33208        -            388     7e-73  246.3   0.2   2   2   6.9e-75   1.3e-72  245.4   0.2    10   363    69   433    55   450 0.85 transcript=SHAE2_35940.1 gene=SHAE2_35940
SHAE2_53430.1        -            767 367551at33208        -            388   1.1e-72  245.7   0.1   1   1   7.6e-75   1.5e-72  245.2   0.1    11   338   109   450   100   482 0.88 transcript=SHAE2_53430.1 gene=SHAE2_53430
SHAE2_53430.2        -            770 367551at33208        -            388   1.1e-72  245.7   0.1   1   1   7.7e-75   1.5e-72  245.2   0.1    11   338   112   453   103   485 0.88 transcript=SHAE2_53430.2 gene=SHAE2_53430
SHAE2_57080.10       -            453 367551at33208        -            388   1.2e-72  245.5   1.5   1   1   1.7e-74   3.2e-72  244.1   1.5     9   358    19   407    13   439 0.75 transcript=SHAE2_57080.10 gene=SHAE2_57080
SHAE2_57080.3        -            453 367551at33208        -            388   1.2e-72  245.5   1.5   1   1   1.7e-74   3.2e-72  244.1   1.5     9   358    19   407    13   439 0.75 transcript=SHAE2_57080.3 gene=SHAE2_57080
SHAE2_57080.1        -            458 367551at33208        -            388   1.3e-72  245.4   1.7   1   1   1.7e-74   3.3e-72  244.1   1.7     9   358    19   407    13   448 0.75 transcript=SHAE2_57080.1 gene=SHAE2_57080
SHAE2_57080.7        -            458 367551at33208        -            388   1.3e-72  245.4   1.7   1   1   1.7e-74   3.3e-72  244.1   1.7     9   358    19   407    13   448 0.75 transcript=SHAE2_57080.7 gene=SHAE2_57080
SHAE2_57080.8        -            458 367551at33208        -            388   1.3e-72  245.4   1.7   1   1   1.7e-74   3.3e-72  244.1   1.7     9   358    19   407    13   448 0.75 transcript=SHAE2_57080.8 gene=SHAE2_57080
SHAE2_57080.9        -            458 367551at33208        -            388   1.3e-72  245.4   1.7   1   1   1.7e-74   3.3e-72  244.1   1.7     9   358    19   407    13   448 0.75 transcript=SHAE2_57080.9 gene=SHAE2_57080
SHAE2_31280.4        -            788 367551at33208        -            388   1.3e-72  245.4   0.0   1   1   9.7e-75   1.9e-72  244.9   0.0    13   344    11   352     3   366 0.91 transcript=SHAE2_31280.4 gene=SHAE2_31280
SHAE2_31280.2        -            876 367551at33208        -            388   1.5e-72  245.2   0.0   1   1   1.1e-74   2.2e-72  244.7   0.0    12   344    98   440    89   454 0.90 transcript=SHAE2_31280.2 gene=SHAE2_31280
SHAE2_57080.11       -            438 367551at33208        -            388   1.6e-72  245.2   1.0   1   1   2.2e-74   4.3e-72  243.7   1.0     9   349    19   401    13   424 0.77 transcript=SHAE2_57080.11 gene=SHAE2_57080
SHAE2_57080.4        -            438 367551at33208        -            388   1.6e-72  245.2   1.0   1   1   2.2e-74   4.3e-72  243.7   1.0     9   349    19   401    13   424 0.77 transcript=SHAE2_57080.4 gene=SHAE2_57080
SHAE2_58160.1        -            944 367551at33208        -            388   1.8e-71  241.7   0.0   1   1   1.9e-73   3.6e-71  240.7   0.0    12   338   181   533   171   543 0.86 transcript=SHAE2_58160.1 gene=SHAE2_58160
SHAE2_34650.2        -            582 367551at33208        -            388   3.7e-71  240.6   0.0   1   1   6.6e-73   1.3e-70  238.9   0.0    11   337   194   548   185   556 0.89 transcript=SHAE2_34650.2 gene=SHAE2_34650
SHAE2_34650.3        -            582 367551at33208        -            388   3.7e-71  240.6   0.0   1   1   6.6e-73   1.3e-70  238.9   0.0    11   337   194   548   185   556 0.89 transcript=SHAE2_34650.3 gene=SHAE2_34650
SHAE2_34650.4        -            601 367551at33208        -            388   4.1e-71  240.5   0.0   1   1   7.4e-73   1.4e-70  238.7   0.0    11   337   194   548   186   556 0.89 transcript=SHAE2_34650.4 gene=SHAE2_34650
SHAE2_34650.5        -            631 367551at33208        -            388   4.8e-71  240.2   0.0   1   1   8.5e-73   1.6e-70  238.5   0.0    11   337   187   541   179   549 0.89 transcript=SHAE2_34650.5 gene=SHAE2_34650
SHAE2_34650.7        -            637 367551at33208        -            388     5e-71  240.2   0.0   1   1   8.7e-73   1.7e-70  238.5   0.0    11   337   193   547   185   555 0.89 transcript=SHAE2_34650.7 gene=SHAE2_34650
SHAE2_34650.1        -            638 367551at33208        -            388     5e-71  240.2   0.0   1   1   8.7e-73   1.7e-70  238.5   0.0    11   337   194   548   186   556 0.89 transcript=SHAE2_34650.1 gene=SHAE2_34650
SHAE2_57080.6        -            444 367551at33208        -            388   2.5e-67  228.0   1.8   1   1   2.4e-69   4.6e-67  227.2   1.8     9   359    19   394    13   434 0.77 transcript=SHAE2_57080.6 gene=SHAE2_57080
SHAE2_97250.1        -            751 367551at33208        -            388   2.8e-67  227.9   0.1   1   2   1.4e-69   2.8e-67  227.9   0.1     8   358    41   422    31   441 0.83 transcript=SHAE2_97250.1 gene=SHAE2_97250
SHAE2_97250.1        -            751 367551at33208        -            388   2.8e-67  227.9   0.1   2   2       1.8   3.5e+02    0.4   1.0   323   369   683   729   677   738 0.87 transcript=SHAE2_97250.1 gene=SHAE2_97250
SHAE2_43320.1        -           1073 367551at33208        -            388     3e-67  227.7   0.1   1   2   1.2e-32   2.3e-30  106.3   0.0    12   154   383   539   370   543 0.80 transcript=SHAE2_43320.1 gene=SHAE2_43320
SHAE2_43320.1        -           1073 367551at33208        -            388     3e-67  227.7   0.1   2   2   2.1e-36     4e-34  118.7   0.0   155   334   568   747   556   760 0.89 transcript=SHAE2_43320.1 gene=SHAE2_43320
SHAE2_68630.1        -            436 367551at33208        -            388   6.9e-67  226.6   0.3   1   1     5e-69   9.7e-67  226.1   0.3     8   327    13   354     7   372 0.85 transcript=SHAE2_68630.1 gene=SHAE2_68630
SHAE2_29880.1        -            391 367551at33208        -            388   7.6e-67  226.4   1.5   1   1   4.6e-69     9e-67  226.2   1.5    12   336    39   372    23   383 0.92 transcript=SHAE2_29880.1 gene=SHAE2_29880
SHAE2_10240.1        -            780 367551at33208        -            388   9.9e-67  226.0   0.0   1   1   7.9e-69   1.5e-66  225.4   0.0    11   340   106   452    97   483 0.86 transcript=SHAE2_10240.1 gene=SHAE2_10240
SHAE2_10240.2        -            780 367551at33208        -            388   9.9e-67  226.0   0.0   1   1   7.9e-69   1.5e-66  225.4   0.0    11   340   106   452    97   483 0.86 transcript=SHAE2_10240.2 gene=SHAE2_10240
SHAE2_10240.5        -            859 367551at33208        -            388   1.2e-66  225.7   0.0   1   1   9.9e-69   1.9e-66  225.1   0.0    11   340   185   531   176   562 0.86 transcript=SHAE2_10240.5 gene=SHAE2_10240
SHAE2_68630.2        -            622 367551at33208        -            388   1.8e-66  225.2   0.3   1   1   1.5e-68   2.9e-66  224.5   0.3     8   327   199   540   193   558 0.85 transcript=SHAE2_68630.2 gene=SHAE2_68630
SHAE2_10240.3        -           1045 367551at33208        -            388   1.8e-66  225.2   0.0   1   1   1.5e-68   2.9e-66  224.5   0.0    11   340   371   717   362   748 0.86 transcript=SHAE2_10240.3 gene=SHAE2_10240
SHAE2_10240.4        -           1078 367551at33208        -            388   1.9e-66  225.1   0.0   1   1   1.6e-68   3.1e-66  224.4   0.0    11   340   371   717   362   748 0.86 transcript=SHAE2_10240.4 gene=SHAE2_10240
SHAE2_47770.2        -            828 367551at33208        -            388     2e-66  225.0   0.0   1   1   1.4e-68   2.7e-66  224.6   0.0     4   326   293   635   290   642 0.90 transcript=SHAE2_47770.2 gene=SHAE2_47770
SHAE2_47770.1        -            840 367551at33208        -            388   2.1e-66  225.0   0.0   1   1   1.4e-68   2.8e-66  224.6   0.0     4   326   305   647   302   654 0.90 transcript=SHAE2_47770.1 gene=SHAE2_47770
SHAE2_60440.1        -            423 367551at33208        -            388   1.2e-65  222.5   1.5   1   1   7.6e-68   1.5e-65  222.2   1.5     1   338    55   406    55   415 0.92 transcript=SHAE2_60440.1 gene=SHAE2_60440
SHAE2_60440.2        -            423 367551at33208        -            388   1.2e-65  222.5   1.5   1   1   7.6e-68   1.5e-65  222.2   1.5     1   338    55   406    55   415 0.92 transcript=SHAE2_60440.2 gene=SHAE2_60440
SHAE2_57890.1        -            402 367551at33208        -            388     1e-63  216.2   0.6   1   1   6.2e-66   1.2e-63  215.9   0.6    10   336    48   383    34   392 0.92 transcript=SHAE2_57890.1 gene=SHAE2_57890
SHAE2_29880.2        -            379 367551at33208        -            388   3.3e-63  214.5   1.0   1   1     2e-65   3.9e-63  214.2   1.0    12   318    39   354    23   365 0.92 transcript=SHAE2_29880.2 gene=SHAE2_29880
SHAE2_85270.4        -            539 367551at33208        -            388   1.9e-62  212.0   2.9   1   3   2.5e-35   4.8e-33  115.1   0.0    13   155    23   182    14   185 0.84 transcript=SHAE2_85270.4 gene=SHAE2_85270
SHAE2_85270.4        -            539 367551at33208        -            388   1.9e-62  212.0   2.9   2   3    0.0033      0.64    9.4   0.1   158   196   237   274   211   287 0.84 transcript=SHAE2_85270.4 gene=SHAE2_85270
SHAE2_85270.4        -            539 367551at33208        -            388   1.9e-62  212.0   2.9   3   3   1.5e-26   2.9e-24   86.2   0.2   224   328   354   461   346   469 0.90 transcript=SHAE2_85270.4 gene=SHAE2_85270
SHAE2_85270.5        -            539 367551at33208        -            388   1.9e-62  212.0   2.9   1   3   2.5e-35   4.8e-33  115.1   0.0    13   155    23   182    14   185 0.84 transcript=SHAE2_85270.5 gene=SHAE2_85270
SHAE2_85270.5        -            539 367551at33208        -            388   1.9e-62  212.0   2.9   2   3    0.0033      0.64    9.4   0.1   158   196   237   274   211   287 0.84 transcript=SHAE2_85270.5 gene=SHAE2_85270
SHAE2_85270.5        -            539 367551at33208        -            388   1.9e-62  212.0   2.9   3   3   1.5e-26   2.9e-24   86.2   0.2   224   328   354   461   346   469 0.90 transcript=SHAE2_85270.5 gene=SHAE2_85270
SHAE2_27410.1        -            426 367551at33208        -            388   5.3e-62  210.5   2.5   1   1   3.6e-64   6.9e-62  210.1   2.5    10   349    62   416    50   424 0.85 transcript=SHAE2_27410.1 gene=SHAE2_27410
SHAE2_85270.2        -            705 367551at33208        -            388   5.7e-62  210.4   2.8   1   3   4.1e-35   7.9e-33  114.4   0.0    13   155    23   182    14   185 0.84 transcript=SHAE2_85270.2 gene=SHAE2_85270
SHAE2_85270.2        -            705 367551at33208        -            388   5.7e-62  210.4   2.8   2   3    0.0047      0.91    8.9   0.1   158   196   237   274   212   287 0.85 transcript=SHAE2_85270.2 gene=SHAE2_85270
SHAE2_85270.2        -            705 367551at33208        -            388   5.7e-62  210.4   2.8   3   3   2.3e-26   4.4e-24   85.6   0.2   224   328   354   461   346   469 0.90 transcript=SHAE2_85270.2 gene=SHAE2_85270
SHAE2_85270.3        -            705 367551at33208        -            388   5.7e-62  210.4   2.8   1   3   4.1e-35   7.9e-33  114.4   0.0    13   155    23   182    14   185 0.84 transcript=SHAE2_85270.3 gene=SHAE2_85270
SHAE2_85270.3        -            705 367551at33208        -            388   5.7e-62  210.4   2.8   2   3    0.0047      0.91    8.9   0.1   158   196   237   274   212   287 0.85 transcript=SHAE2_85270.3 gene=SHAE2_85270
SHAE2_85270.3        -            705 367551at33208        -            388   5.7e-62  210.4   2.8   3   3   2.3e-26   4.4e-24   85.6   0.2   224   328   354   461   346   469 0.90 transcript=SHAE2_85270.3 gene=SHAE2_85270
SHAE2_53220.2        -            498 367551at33208        -            388   1.7e-61  208.8   0.7   1   1   1.1e-63   2.1e-61  208.5   0.7     3   342    97   448    95   472 0.88 transcript=SHAE2_53220.2 gene=SHAE2_53220
SHAE2_4480.1         -            459 367551at33208        -            388   3.4e-61  207.8   0.1   1   1   2.9e-63   5.6e-61  207.1   0.1     4   337    27   386    24   391 0.88 transcript=SHAE2_4480.1 gene=SHAE2_4480
SHAE2_10240.6        -            660 367551at33208        -            388   5.1e-60  204.0   0.0   1   1   3.6e-62     7e-60  203.5   0.0    27   340     2   332     1   363 0.85 transcript=SHAE2_10240.6 gene=SHAE2_10240
SHAE2_53220.1        -            421 367551at33208        -            388   1.1e-59  202.9   0.6   1   1   6.2e-62   1.2e-59  202.7   0.6     3   330    82   421    80   421 0.88 transcript=SHAE2_53220.1 gene=SHAE2_53220
SHAE2_53220.3        -            427 367551at33208        -            388   1.4e-59  202.5   0.4   1   1   9.2e-62   1.8e-59  202.2   0.4     3   327    82   418    80   423 0.88 transcript=SHAE2_53220.3 gene=SHAE2_53220
SHAE2_54690.3        -            525 367551at33208        -            388   4.8e-56  190.9   0.1   1   2   7.6e-30   1.5e-27   97.1   0.0    30   254    75   332    69   336 0.75 transcript=SHAE2_54690.3 gene=SHAE2_54690
SHAE2_54690.3        -            525 367551at33208        -            388   4.8e-56  190.9   0.1   2   2   8.2e-28   1.6e-25   90.4   0.0   226   328   337   442   333   469 0.92 transcript=SHAE2_54690.3 gene=SHAE2_54690
SHAE2_54690.1        -            621 367551at33208        -            388     1e-55  189.8   0.1   1   2   1.1e-29   2.2e-27   96.5   0.0    30   254   171   428   165   432 0.75 transcript=SHAE2_54690.1 gene=SHAE2_54690
SHAE2_54690.1        -            621 367551at33208        -            388     1e-55  189.8   0.1   2   2   9.9e-28   1.9e-25   90.1   0.0   226   328   433   538   429   576 0.91 transcript=SHAE2_54690.1 gene=SHAE2_54690
SHAE2_54690.2        -            621 367551at33208        -            388     1e-55  189.8   0.1   1   2   1.1e-29   2.2e-27   96.5   0.0    30   254   171   428   165   432 0.75 transcript=SHAE2_54690.2 gene=SHAE2_54690
SHAE2_54690.2        -            621 367551at33208        -            388     1e-55  189.8   0.1   2   2   9.9e-28   1.9e-25   90.1   0.0   226   328   433   538   429   576 0.91 transcript=SHAE2_54690.2 gene=SHAE2_54690
SHAE2_14090.3        -            540 367551at33208        -            388   1.4e-55  189.3   0.0   1   1   9.9e-58   1.9e-55  188.9   0.0     7   342    25   382    19   413 0.81 transcript=SHAE2_14090.3 gene=SHAE2_14090
SHAE2_14090.1        -            623 367551at33208        -            388   2.2e-55  188.7   0.0   1   1   1.5e-57   2.9e-55  188.3   0.0     7   342    25   382    19   413 0.81 transcript=SHAE2_14090.1 gene=SHAE2_14090
SHAE2_35110.2        -            607 367551at33208        -            388   3.6e-55  188.0   0.3   1   2   1.9e-37   3.6e-35  122.1   0.3    12   201    22   240    18   296 0.83 transcript=SHAE2_35110.2 gene=SHAE2_35110
SHAE2_35110.2        -            607 367551at33208        -            388   3.6e-55  188.0   0.3   2   2     1e-18     2e-16   60.4   0.0   245   340   329   426   317   451 0.81 transcript=SHAE2_35110.2 gene=SHAE2_35110
SHAE2_35110.3        -            695 367551at33208        -            388   6.5e-55  187.2   0.3   1   2   2.5e-37   4.7e-35  121.8   0.3    12   201   110   328   105   384 0.83 transcript=SHAE2_35110.3 gene=SHAE2_35110
SHAE2_35110.3        -            695 367551at33208        -            388   6.5e-55  187.2   0.3   2   2     1e-18     2e-16   60.5   0.0   244   340   416   514   370   539 0.82 transcript=SHAE2_35110.3 gene=SHAE2_35110
SHAE2_35110.1        -            712 367551at33208        -            388   7.2e-55  187.0   0.3   1   2   2.6e-37     5e-35  121.7   0.3    12   201   127   345   122   401 0.83 transcript=SHAE2_35110.1 gene=SHAE2_35110
SHAE2_35110.1        -            712 367551at33208        -            388   7.2e-55  187.0   0.3   2   2   1.1e-18   2.1e-16   60.4   0.0   244   340   433   531   387   556 0.82 transcript=SHAE2_35110.1 gene=SHAE2_35110
SHAE2_83760.2        -            516 367551at33208        -            388   2.7e-54  185.1   3.6   1   3   1.2e-28   2.2e-26   93.2   0.1    29   144    17   147    11   158 0.81 transcript=SHAE2_83760.2 gene=SHAE2_83760
SHAE2_83760.2        -            516 367551at33208        -            388   2.7e-54  185.1   3.6   2   3      0.36        70    2.7   0.0   154   190   195   231   189   279 0.78 transcript=SHAE2_83760.2 gene=SHAE2_83760
SHAE2_83760.2        -            516 367551at33208        -            388   2.7e-54  185.1   3.6   3   3   2.6e-27   4.9e-25   88.8   0.2   212   361   306   457   291   477 0.87 transcript=SHAE2_83760.2 gene=SHAE2_83760
SHAE2_83760.5        -            516 367551at33208        -            388   2.7e-54  185.1   3.6   1   3   1.2e-28   2.2e-26   93.2   0.1    29   144    17   147    11   158 0.81 transcript=SHAE2_83760.5 gene=SHAE2_83760
SHAE2_83760.5        -            516 367551at33208        -            388   2.7e-54  185.1   3.6   2   3      0.36        70    2.7   0.0   154   190   195   231   189   279 0.78 transcript=SHAE2_83760.5 gene=SHAE2_83760
SHAE2_83760.5        -            516 367551at33208        -            388   2.7e-54  185.1   3.6   3   3   2.6e-27   4.9e-25   88.8   0.2   212   361   306   457   291   477 0.87 transcript=SHAE2_83760.5 gene=SHAE2_83760
SHAE2_83760.6        -            516 367551at33208        -            388   2.7e-54  185.1   3.6   1   3   1.2e-28   2.2e-26   93.2   0.1    29   144    17   147    11   158 0.81 transcript=SHAE2_83760.6 gene=SHAE2_83760
SHAE2_83760.6        -            516 367551at33208        -            388   2.7e-54  185.1   3.6   2   3      0.36        70    2.7   0.0   154   190   195   231   189   279 0.78 transcript=SHAE2_83760.6 gene=SHAE2_83760
SHAE2_83760.6        -            516 367551at33208        -            388   2.7e-54  185.1   3.6   3   3   2.6e-27   4.9e-25   88.8   0.2   212   361   306   457   291   477 0.87 transcript=SHAE2_83760.6 gene=SHAE2_83760
SHAE2_83760.3        -            601 367551at33208        -            388   2.8e-54  185.1   3.8   1   3   6.9e-29   1.3e-26   93.9   0.1    27   144   100   232    66   243 0.76 transcript=SHAE2_83760.3 gene=SHAE2_83760
SHAE2_83760.3        -            601 367551at33208        -            388   2.8e-54  185.1   3.8   2   3      0.44        86    2.4   0.0   154   190   280   316   274   364 0.79 transcript=SHAE2_83760.3 gene=SHAE2_83760
SHAE2_83760.3        -            601 367551at33208        -            388   2.8e-54  185.1   3.8   3   3   3.5e-27   6.7e-25   88.3   0.2   212   360   391   541   377   562 0.87 transcript=SHAE2_83760.3 gene=SHAE2_83760
SHAE2_83760.4        -            601 367551at33208        -            388   2.8e-54  185.1   3.8   1   3   6.9e-29   1.3e-26   93.9   0.1    27   144   100   232    66   243 0.76 transcript=SHAE2_83760.4 gene=SHAE2_83760
SHAE2_83760.4        -            601 367551at33208        -            388   2.8e-54  185.1   3.8   2   3      0.44        86    2.4   0.0   154   190   280   316   274   364 0.79 transcript=SHAE2_83760.4 gene=SHAE2_83760
SHAE2_83760.4        -            601 367551at33208        -            388   2.8e-54  185.1   3.8   3   3   3.5e-27   6.7e-25   88.3   0.2   212   360   391   541   377   562 0.87 transcript=SHAE2_83760.4 gene=SHAE2_83760
SHAE2_100810.1       -            628 367551at33208        -            388   3.4e-53  181.5   1.4   1   1   1.1e-54   2.1e-52  178.9   1.4     2   334    11   407    10   457 0.74 transcript=SHAE2_100810.1 gene=SHAE2_100810
SHAE2_57080.2        -            395 367551at33208        -            388   6.5e-52  177.3   1.1   1   1   9.2e-54   1.8e-51  175.8   1.1    61   359     9   345     4   385 0.72 transcript=SHAE2_57080.2 gene=SHAE2_57080
SHAE2_57080.5        -            375 367551at33208        -            388   7.2e-52  177.1   0.3   1   1   1.1e-53   2.1e-51  175.6   0.3    61   349     9   338     4   362 0.75 transcript=SHAE2_57080.5 gene=SHAE2_57080
SHAE2_96990.1        -            720 367551at33208        -            388   2.7e-50  171.9   1.0   1   4   1.8e-09   3.5e-07   30.0   0.0    10    53    20    64     6    72 0.82 transcript=SHAE2_96990.1 gene=SHAE2_96990
SHAE2_96990.1        -            720 367551at33208        -            388   2.7e-50  171.9   1.0   2   4   8.8e-20   1.7e-17   64.0   0.0    60   154   164   266   154   277 0.83 transcript=SHAE2_96990.1 gene=SHAE2_96990
SHAE2_96990.1        -            720 367551at33208        -            388   2.7e-50  171.9   1.0   3   4     0.041       7.9    5.8   0.0   146   167   312   333   300   364 0.91 transcript=SHAE2_96990.1 gene=SHAE2_96990
SHAE2_96990.1        -            720 367551at33208        -            388   2.7e-50  171.9   1.0   4   4   7.5e-21   1.4e-18   67.5   0.0   251   337   482   580   439   636 0.76 transcript=SHAE2_96990.1 gene=SHAE2_96990
SHAE2_49660.1        -            580 367551at33208        -            388   9.3e-48  163.6   0.3   1   2   7.4e-36   1.4e-33  116.9   0.5     1   279    10   313    10   318 0.82 transcript=SHAE2_49660.1 gene=SHAE2_49660
SHAE2_49660.1        -            580 367551at33208        -            388   9.3e-48  163.6   0.3   2   2   7.8e-14   1.5e-11   44.4   0.0   281   336   343   398   337   405 0.94 transcript=SHAE2_49660.1 gene=SHAE2_49660
SHAE2_59100.1        -            522 367551at33208        -            388   1.4e-46  159.7   0.0   1   1   9.6e-49   1.9e-46  159.3   0.0     1   336   142   503   142   509 0.83 transcript=SHAE2_59100.1 gene=SHAE2_59100
SHAE2_59100.5        -            508 367551at33208        -            388   1.5e-46  159.6   0.0   1   1   9.7e-49   1.9e-46  159.3   0.0     1   336   142   503   142   506 0.83 transcript=SHAE2_59100.5 gene=SHAE2_59100
SHAE2_85270.1        -            620 367551at33208        -            388   2.8e-46  158.7   2.4   1   3     3e-19   5.9e-17   62.2   0.0    13    82    23    95    14   144 0.79 transcript=SHAE2_85270.1 gene=SHAE2_85270
SHAE2_85270.1        -            620 367551at33208        -            388   2.8e-46  158.7   2.4   2   3    0.0043      0.83    9.0   0.1   158   196   152   189   134   202 0.85 transcript=SHAE2_85270.1 gene=SHAE2_85270
SHAE2_85270.1        -            620 367551at33208        -            388   2.8e-46  158.7   2.4   3   3   1.9e-26   3.6e-24   85.9   0.2   224   328   269   376   261   384 0.90 transcript=SHAE2_85270.1 gene=SHAE2_85270
SHAE2_59100.7        -            368 367551at33208        -            388   8.4e-46  157.1   0.0   1   1     6e-48   1.2e-45  156.7   0.0    13   336     5   349     2   355 0.83 transcript=SHAE2_59100.7 gene=SHAE2_59100
SHAE2_21720.4        -            734 367551at33208        -            388   5.8e-45  154.4   0.0   1   3   1.1e-10     2e-08   34.1   0.0    13    52    18    57     5    65 0.87 transcript=SHAE2_21720.4 gene=SHAE2_21720
SHAE2_21720.4        -            734 367551at33208        -            388   5.8e-45  154.4   0.0   2   3   1.4e-14   2.8e-12   46.8   0.0    61   208   283   447   273   457 0.81 transcript=SHAE2_21720.4 gene=SHAE2_21720
SHAE2_21720.4        -            734 367551at33208        -            388   5.8e-45  154.4   0.0   3   3     2e-21   3.8e-19   69.4   0.0   219   331   497   621   488   625 0.81 transcript=SHAE2_21720.4 gene=SHAE2_21720
SHAE2_21720.1        -            734 367551at33208        -            388   5.9e-45  154.4   0.0   1   3   1.1e-10     2e-08   34.1   0.0    13    52    26    65    13    73 0.87 transcript=SHAE2_21720.1 gene=SHAE2_21720
SHAE2_21720.1        -            734 367551at33208        -            388   5.9e-45  154.4   0.0   2   3   1.4e-14   2.8e-12   46.8   0.0    61   208   283   447   273   457 0.81 transcript=SHAE2_21720.1 gene=SHAE2_21720
SHAE2_21720.1        -            734 367551at33208        -            388   5.9e-45  154.4   0.0   3   3     2e-21   3.8e-19   69.4   0.0   219   331   497   621   488   625 0.81 transcript=SHAE2_21720.1 gene=SHAE2_21720
SHAE2_21720.3        -            743 367551at33208        -            388   6.1e-45  154.3   0.0   1   3   1.1e-10     2e-08   34.1   0.0    13    52    27    66    13    74 0.87 transcript=SHAE2_21720.3 gene=SHAE2_21720
SHAE2_21720.3        -            743 367551at33208        -            388   6.1e-45  154.3   0.0   2   3   1.5e-14   2.8e-12   46.8   0.0    61   208   292   456   282   466 0.81 transcript=SHAE2_21720.3 gene=SHAE2_21720
SHAE2_21720.3        -            743 367551at33208        -            388   6.1e-45  154.3   0.0   3   3     2e-21   3.9e-19   69.4   0.0   219   331   506   630   497   634 0.81 transcript=SHAE2_21720.3 gene=SHAE2_21720
SHAE2_21720.2        -            742 367551at33208        -            388   6.1e-45  154.3   0.0   1   3   1.1e-10   2.1e-08   34.1   0.0    13    52    26    65    13    73 0.87 transcript=SHAE2_21720.2 gene=SHAE2_21720
SHAE2_21720.2        -            742 367551at33208        -            388   6.1e-45  154.3   0.0   2   3   1.5e-14   2.8e-12   46.8   0.0    61   208   291   455   281   465 0.81 transcript=SHAE2_21720.2 gene=SHAE2_21720
SHAE2_21720.2        -            742 367551at33208        -            388   6.1e-45  154.3   0.0   3   3     2e-21   3.9e-19   69.4   0.0   219   331   505   629   496   633 0.81 transcript=SHAE2_21720.2 gene=SHAE2_21720
SHAE2_59100.3        -            400 367551at33208        -            388   7.9e-45  154.0   0.0   1   1   5.6e-47   1.1e-44  153.5   0.0    29   336    55   381    50   387 0.83 transcript=SHAE2_59100.3 gene=SHAE2_59100
SHAE2_59100.2        -            594 367551at33208        -            388   2.4e-44  152.3   0.0   1   1   1.9e-46   3.6e-44  151.8   0.0    29   336   249   575   244   581 0.83 transcript=SHAE2_59100.2 gene=SHAE2_59100
SHAE2_51950.1        -            749 367551at33208        -            388   1.1e-42  146.9   0.0   1   1   1.4e-44   2.7e-42  145.6   0.0    11   336    81   439    66   454 0.84 transcript=SHAE2_51950.1 gene=SHAE2_51950
SHAE2_13260.1        -            607 367551at33208        -            388   7.1e-42  144.2   0.5   1   3   3.3e-14   6.3e-12   45.6   0.1    12    55    80   123    70   128 0.93 transcript=SHAE2_13260.1 gene=SHAE2_13260
SHAE2_13260.1        -            607 367551at33208        -            388   7.1e-42  144.2   0.5   2   3   0.00016     0.032   13.7   0.0    94   147   210   267   193   271 0.78 transcript=SHAE2_13260.1 gene=SHAE2_13260
SHAE2_13260.1        -            607 367551at33208        -            388   7.1e-42  144.2   0.5   3   3   5.3e-25     1e-22   81.1   0.0   160   361   313   525   302   552 0.79 transcript=SHAE2_13260.1 gene=SHAE2_13260
SHAE2_59100.4        -            491 367551at33208        -            388   9.1e-39  134.0   0.0   1   2   1.5e-07   2.9e-05   23.7   0.0     1    80   142   229   142   230 0.83 transcript=SHAE2_59100.4 gene=SHAE2_59100
SHAE2_59100.4        -            491 367551at33208        -            388   9.1e-39  134.0   0.0   2   2   6.4e-34   1.2e-31  110.5   0.0   106   336   228   472   225   478 0.86 transcript=SHAE2_59100.4 gene=SHAE2_59100
SHAE2_34650.6        -            413 367551at33208        -            388   3.1e-36  125.6   0.0   1   1   6.9e-38   1.3e-35  123.6   0.0    11   175   194   385   185   396 0.83 transcript=SHAE2_34650.6 gene=SHAE2_34650
SHAE2_21720.6        -            479 367551at33208        -            388   8.6e-35  120.9   0.0   1   2   6.4e-15   1.2e-12   48.0   0.0    61   208    28   192    18   202 0.81 transcript=SHAE2_21720.6 gene=SHAE2_21720
SHAE2_21720.6        -            479 367551at33208        -            388   8.6e-35  120.9   0.0   2   2   9.7e-22   1.9e-19   70.4   0.0   219   331   242   366   232   370 0.81 transcript=SHAE2_21720.6 gene=SHAE2_21720
SHAE2_21720.5        -            617 367551at33208        -            388   2.4e-34  119.5   0.0   1   2   1.1e-14     2e-12   47.2   0.0    61   208   166   330   156   340 0.81 transcript=SHAE2_21720.5 gene=SHAE2_21720
SHAE2_21720.5        -            617 367551at33208        -            388   2.4e-34  119.5   0.0   2   2   1.5e-21   2.9e-19   69.8   0.0   219   331   380   504   371   508 0.81 transcript=SHAE2_21720.5 gene=SHAE2_21720
SHAE2_59100.6        -            486 367551at33208        -            388   2.7e-30  106.1   0.0   1   1   1.8e-32   3.6e-30  105.7   0.0     1   286   142   447   142   459 0.81 transcript=SHAE2_59100.6 gene=SHAE2_59100
SHAE2_14090.2        -            458 367551at33208        -            388     5e-27   95.3   0.0   1   1   3.3e-29   6.4e-27   95.0   0.0   140   342     1   217     1   249 0.75 transcript=SHAE2_14090.2 gene=SHAE2_14090
SHAE2_83760.1        -            388 367551at33208        -            388   1.7e-26   93.6   3.9   1   3         2   3.9e+02    0.2   0.1   129   144     4    19     2    29 0.82 transcript=SHAE2_83760.1 gene=SHAE2_83760
SHAE2_83760.1        -            388 367551at33208        -            388   1.7e-26   93.6   3.9   2   3      0.24        46    3.3   0.0   154   191    67   104    61   152 0.78 transcript=SHAE2_83760.1 gene=SHAE2_83760
SHAE2_83760.1        -            388 367551at33208        -            388   1.7e-26   93.6   3.9   3   3   1.4e-27   2.7e-25   89.6   0.2   212   361   178   329   163   349 0.87 transcript=SHAE2_83760.1 gene=SHAE2_83760
SHAE2_83250.1        -            659 367551at33208        -            388   8.1e-10   38.7   0.2   1   2   0.00024     0.047   13.1   0.0    10    50    89   129    80   166 0.86 transcript=SHAE2_83250.1 gene=SHAE2_83250
SHAE2_83250.1        -            659 367551at33208        -            388   8.1e-10   38.7   0.2   2   2   3.2e-07   6.2e-05   22.6   0.0   216   320   330   438   315   455 0.86 transcript=SHAE2_83250.1 gene=SHAE2_83250
SHAE2_40370.1        -           1411 367551at33208        -            388   5.7e-08   32.6   0.8   1   2   1.1e-05    0.0021   17.6   0.0    29   155   159   288   144   340 0.78 transcript=SHAE2_40370.1 gene=SHAE2_40370
SHAE2_40370.1        -           1411 367551at33208        -            388   5.7e-08   32.6   0.8   2   2   0.00025     0.047   13.1   0.1   255   339   600   688   591   697 0.81 transcript=SHAE2_40370.1 gene=SHAE2_40370
SHAE2_67470.5        -           1014 367551at33208        -            388   8.6e-08   32.0   0.1   1   1   4.4e-09   8.5e-07   28.8   0.1    18   342   390   728   378   734 0.75 transcript=SHAE2_67470.5 gene=SHAE2_67470
SHAE2_67470.4        -           1017 367551at33208        -            388     2e-07   30.8   0.1   1   1     1e-08     2e-06   27.5   0.1    18   320   390   706   378   733 0.75 transcript=SHAE2_67470.4 gene=SHAE2_67470
SHAE2_67470.6        -           1060 367551at33208        -            388   2.2e-07   30.7   0.1   1   1   1.1e-08   2.1e-06   27.4   0.1    18   320   390   706   378   733 0.75 transcript=SHAE2_67470.6 gene=SHAE2_67470
SHAE2_67470.3        -           1094 367551at33208        -            388   2.4e-07   30.6   0.1   1   1   1.2e-08   2.3e-06   27.3   0.1    18   320   389   705   377   732 0.75 transcript=SHAE2_67470.3 gene=SHAE2_67470
SHAE2_67470.2        -           1095 367551at33208        -            388   2.4e-07   30.6   0.1   1   1   1.2e-08   2.3e-06   27.3   0.1    18   320   390   706   378   733 0.75 transcript=SHAE2_67470.2 gene=SHAE2_67470
SHAE2_67470.1        -           1119 367551at33208        -            388   2.5e-07   30.5   0.1   1   1   1.2e-08   2.4e-06   27.3   0.1    18   320   390   706   378   733 0.75 transcript=SHAE2_67470.1 gene=SHAE2_67470
SHAE2_67470.7        -           1129 367551at33208        -            388   2.6e-07   30.4   0.1   1   1   1.3e-08   2.5e-06   27.2   0.1    18   319   400   715   388   741 0.75 transcript=SHAE2_67470.7 gene=SHAE2_67470
SHAE2_61690.1        -           1135 367551at33208        -            388   1.3e-05   24.9   0.0   1   3       5.9   1.1e+03   -1.3   0.0    66   141    19    94    15    99 0.69 transcript=SHAE2_61690.1 gene=SHAE2_61690
SHAE2_61690.1        -           1135 367551at33208        -            388   1.3e-05   24.9   0.0   2   3      0.88   1.7e+02    1.4   0.0    18    65   377   423   369   560 0.89 transcript=SHAE2_61690.1 gene=SHAE2_61690
SHAE2_61690.1        -           1135 367551at33208        -            388   1.3e-05   24.9   0.0   3   3   2.4e-06   0.00046   19.8   0.0   220   318   619   720   583   732 0.80 transcript=SHAE2_61690.1 gene=SHAE2_61690
SHAE2_67320.2        -           1095 367551at33208        -            388   0.00066   19.2   0.0   1   2       2.9   5.6e+02   -0.3   0.0    16    50    25    60    16    79 0.80 transcript=SHAE2_67320.2 gene=SHAE2_67320
SHAE2_67320.2        -           1095 367551at33208        -            388   0.00066   19.2   0.0   2   2   2.4e-05    0.0047   16.4   0.0   228   333   279   387   271   439 0.83 transcript=SHAE2_67320.2 gene=SHAE2_67320
SHAE2_67320.1        -           1125 367551at33208        -            388   0.00067   19.2   0.0   1   2         3   5.8e+02   -0.4   0.0    16    50    25    60    16    78 0.80 transcript=SHAE2_67320.1 gene=SHAE2_67320
SHAE2_67320.1        -           1125 367551at33208        -            388   0.00067   19.2   0.0   2   2   2.5e-05    0.0048   16.4   0.0   228   333   279   387   271   439 0.83 transcript=SHAE2_67320.1 gene=SHAE2_67320
SHAE2_36290.1        -            484 367551at33208        -            388     0.012   15.1   0.0   1   1   0.00012     0.023   14.2   0.0   215   296    22   105     2   113 0.81 transcript=SHAE2_36290.1 gene=SHAE2_36290
SHAE2_92490.8        -           1021 367551at33208        -            388     0.073   12.5   0.1   1   1   0.00062      0.12   11.8   0.1   225   335   262   376   257   409 0.81 transcript=SHAE2_92490.8 gene=SHAE2_92490
SHAE2_92490.7        -           1045 367551at33208        -            388     0.075   12.5   0.1   1   1   0.00064      0.12   11.7   0.1   225   335   300   414   295   447 0.81 transcript=SHAE2_92490.7 gene=SHAE2_92490
SHAE2_92490.10       -           1074 367551at33208        -            388     0.076   12.4   0.1   1   1   0.00068      0.13   11.7   0.1   225   335   315   429   310   461 0.81 transcript=SHAE2_92490.10 gene=SHAE2_92490
SHAE2_92490.2        -           1078 367551at33208        -            388     0.077   12.4   0.1   1   1   0.00068      0.13   11.7   0.1   225   335   371   485   366   517 0.81 transcript=SHAE2_92490.2 gene=SHAE2_92490
SHAE2_92490.9        -           1059 367551at33208        -            388     0.077   12.4   0.1   1   1   0.00066      0.13   11.7   0.1   225   335   300   414   295   446 0.81 transcript=SHAE2_92490.9 gene=SHAE2_92490
SHAE2_92490.6        -           1059 367551at33208        -            388     0.078   12.4   0.1   1   1   0.00066      0.13   11.7   0.1   225   335   300   414   295   446 0.81 transcript=SHAE2_92490.6 gene=SHAE2_92490
SHAE2_92490.11       -           1077 367551at33208        -            388     0.079   12.4   0.1   1   1   0.00068      0.13   11.7   0.1   225   335   318   432   313   464 0.81 transcript=SHAE2_92490.11 gene=SHAE2_92490
SHAE2_92490.1        -           1116 367551at33208        -            388     0.079   12.4   0.1   1   1   0.00071      0.14   11.6   0.1   225   335   371   485   366   517 0.81 transcript=SHAE2_92490.1 gene=SHAE2_92490
SHAE2_92490.4        -           1130 367551at33208        -            388     0.081   12.4   0.1   1   1   0.00073      0.14   11.6   0.1   225   335   371   485   366   517 0.81 transcript=SHAE2_92490.4 gene=SHAE2_92490
SHAE2_96250.1        -            766 367551at33208        -            388     0.099   12.1   2.9   1   2      0.59   1.1e+02    2.0   0.3   151   205   319   376   285   384 0.72 transcript=SHAE2_96250.1 gene=SHAE2_96250
SHAE2_96250.1        -            766 367551at33208        -            388     0.099   12.1   2.9   2   2    0.0023      0.45    9.9   0.1   235   297   570   631   547   651 0.79 transcript=SHAE2_96250.1 gene=SHAE2_96250
SHAE2_96250.2        -            778 367551at33208        -            388       0.1   12.0   2.9   1   2       0.6   1.2e+02    2.0   0.3   151   205   331   388   297   396 0.72 transcript=SHAE2_96250.2 gene=SHAE2_96250
SHAE2_96250.2        -            778 367551at33208        -            388       0.1   12.0   2.9   2   2    0.0024      0.46    9.9   0.1   235   297   582   643   559   663 0.79 transcript=SHAE2_96250.2 gene=SHAE2_96250
#
# Program:         hmmsearch
# Version:         3.4 (Aug 2023)
# Pipeline mode:   SEARCH
# Query file:      /users/40483456/busco_datasets/busco_downloads/lineages/metazoa_odb10/hmms/367551at33208.hmm
# Target file:     /users/40483456/protein/schistosoma_haematobium.fa
# Option settings: hmmsearch --domtblout /users/40483456/busco/results_pro/schistosoma_haematobium_busco/run_metazoa_odb10/hmmer_output/initial_run_results/367551at33208.out --cpu 1 /users/40483456/busco_datasets/busco_downloads/lineages/metazoa_odb10/hmms/367551at33208.hmm /users/40483456/protein/schistosoma_haematobium.fa 
# Current dir:     /users/40483456
# Date:            Thu Jan 15 17:50:28 2026
# [ok]
