#                                                                            --- full sequence --- -------------- this domain -------------   hmm coord   ali coord   env coord
# target name        accession   tlen query name           accession   qlen   E-value  score  bias   #  of  c-Evalue  i-Evalue  score  bias  from    to  from    to  from    to  acc description of target
#------------------- ---------- ----- -------------------- ---------- ----- --------- ------ ----- --- --- --------- --------- ------ ----- ----- ----- ----- ----- ----- ----- ---- ---------------------
SHAE2_30930.1        -            368 391896at33208        -            270  2.2e-103  345.5   0.1   1   1  8.6e-106    3e-103  345.0   0.1     1   263    25   313    25   322 0.90 transcript=SHAE2_30930.1 gene=SHAE2_30930
SHAE2_30690.2        -            412 391896at33208        -            270   9.2e-45  153.2   3.5   1   2     4e-24   1.4e-21   77.1   0.5     1   109     7   136     7   196 0.77 transcript=SHAE2_30690.2 gene=SHAE2_30690
SHAE2_30690.2        -            412 391896at33208        -            270   9.2e-45  153.2   3.5   2   2   1.1e-23   3.9e-21   75.7   0.3   136   263   201   341   175   348 0.86 transcript=SHAE2_30690.2 gene=SHAE2_30690
SHAE2_30690.1        -            401 391896at33208        -            270     4e-44  151.1   6.3   1   2     7e-24   2.5e-21   76.4   2.2     1   113     7   140     7   190 0.69 transcript=SHAE2_30690.1 gene=SHAE2_30690
SHAE2_30690.1        -            401 391896at33208        -            270     4e-44  151.1   6.3   2   2   1.1e-23   3.9e-21   75.7   0.2   136   263   190   330   181   337 0.85 transcript=SHAE2_30690.1 gene=SHAE2_30690
SHAE2_30690.6        -            401 391896at33208        -            270     4e-44  151.1   6.3   1   2     7e-24   2.5e-21   76.4   2.2     1   113     7   140     7   190 0.69 transcript=SHAE2_30690.6 gene=SHAE2_30690
SHAE2_30690.6        -            401 391896at33208        -            270     4e-44  151.1   6.3   2   2   1.1e-23   3.9e-21   75.7   0.2   136   263   190   330   181   337 0.85 transcript=SHAE2_30690.6 gene=SHAE2_30690
SHAE2_30690.5        -            299 391896at33208        -            270   6.8e-36  124.1   9.0   1   1   2.1e-35   7.6e-33  114.1   9.0     1   224     7   288     7   292 0.75 transcript=SHAE2_30690.5 gene=SHAE2_30690
SHAE2_6230.1         -            335 391896at33208        -            270     2e-32  112.8   2.8   1   3   6.5e-21   2.3e-18   66.6   0.5     1    66     5    74     5    84 0.91 transcript=SHAE2_6230.1 gene=SHAE2_6230
SHAE2_6230.1         -            335 391896at33208        -            270     2e-32  112.8   2.8   2   3       1.8   6.2e+02   -0.4   0.0   193   213   157   177   150   184 0.71 transcript=SHAE2_6230.1 gene=SHAE2_6230
SHAE2_6230.1         -            335 391896at33208        -            270     2e-32  112.8   2.8   3   3   3.7e-14   1.3e-11   44.5   0.1   149   268   193   325   185   327 0.84 transcript=SHAE2_6230.1 gene=SHAE2_6230
SHAE2_30690.4        -            360 391896at33208        -            270     1e-30  107.1   3.0   1   2   8.1e-10   2.9e-07   30.2   0.4    46   110     2    85     1   145 0.73 transcript=SHAE2_30690.4 gene=SHAE2_30690
SHAE2_30690.4        -            360 391896at33208        -            270     1e-30  107.1   3.0   2   2   9.1e-24   3.2e-21   76.0   0.2   136   263   149   289   139   296 0.85 transcript=SHAE2_30690.4 gene=SHAE2_30690
SHAE2_30690.3        -            349 391896at33208        -            270   6.2e-30  104.6   6.3   1   2   1.7e-09   5.9e-07   29.2   2.3    46   113     2    88     1   138 0.63 transcript=SHAE2_30690.3 gene=SHAE2_30690
SHAE2_30690.3        -            349 391896at33208        -            270   6.2e-30  104.6   6.3   2   2   8.2e-24   2.9e-21   76.1   0.1   136   263   138   278   130   285 0.85 transcript=SHAE2_30690.3 gene=SHAE2_30690
SHAE2_5890.1         -            313 391896at33208        -            270   3.7e-23   82.4   0.0   1   3   4.4e-14   1.6e-11   44.2   0.0     1    66     5    75     5    81 0.87 transcript=SHAE2_5890.1 gene=SHAE2_5890
SHAE2_5890.1         -            313 391896at33208        -            270   3.7e-23   82.4   0.0   2   3      0.15        52    3.2   0.0    82   109   137   164   103   171 0.68 transcript=SHAE2_5890.1 gene=SHAE2_5890
SHAE2_5890.1         -            313 391896at33208        -            270   3.7e-23   82.4   0.0   3   3   3.4e-10   1.2e-07   31.5   0.0   151   267   174   302   168   305 0.79 transcript=SHAE2_5890.1 gene=SHAE2_5890
SHAE2_65820.1        -            453 391896at33208        -            270   1.3e-21   77.3   4.9   1   2   4.8e-19   1.7e-16   60.5   2.0     1    68    37   109    37   129 0.88 transcript=SHAE2_65820.1 gene=SHAE2_65820
SHAE2_65820.1        -            453 391896at33208        -            270   1.3e-21   77.3   4.9   2   2   6.9e-06    0.0025   17.3   0.1   136   263   238   371   118   379 0.85 transcript=SHAE2_65820.1 gene=SHAE2_65820
SHAE2_65820.2        -            468 391896at33208        -            270   2.7e-21   76.2   5.4   1   2   4.7e-19   1.7e-16   60.5   2.0     1    68    37   109    37   133 0.88 transcript=SHAE2_65820.2 gene=SHAE2_65820
SHAE2_65820.2        -            468 391896at33208        -            270   2.7e-21   76.2   5.4   2   2   7.5e-06    0.0027   17.2   0.1   136   263   238   371   118   379 0.85 transcript=SHAE2_65820.2 gene=SHAE2_65820
SHAE2_65820.3        -            468 391896at33208        -            270   2.7e-21   76.2   5.4   1   2   4.7e-19   1.7e-16   60.5   2.0     1    68    37   109    37   133 0.88 transcript=SHAE2_65820.3 gene=SHAE2_65820
SHAE2_65820.3        -            468 391896at33208        -            270   2.7e-21   76.2   5.4   2   2   7.5e-06    0.0027   17.2   0.1   136   263   238   371   118   379 0.85 transcript=SHAE2_65820.3 gene=SHAE2_65820
SHAE2_65890.1        -            193 391896at33208        -            270   9.8e-18   64.6   1.6   1   1   4.1e-20   1.5e-17   64.0   1.6     1    62    29    94    29   103 0.90 transcript=SHAE2_65890.1 gene=SHAE2_65890
SHAE2_16440.1        -            285 391896at33208        -            270   4.3e-16   59.2   1.1   1   2   1.5e-18   5.5e-16   58.8   0.2     1    67     6    78     6    87 0.87 transcript=SHAE2_16440.1 gene=SHAE2_16440
SHAE2_16440.1        -            285 391896at33208        -            270   4.3e-16   59.2   1.1   2   2       9.1   3.2e+03   -2.7   0.0   156   188   241   274   236   279 0.67 transcript=SHAE2_16440.1 gene=SHAE2_16440
SHAE2_23650.1        -            971 391896at33208        -            270   8.8e-16   58.2   0.6   1   1   4.2e-18   1.5e-15   57.4   0.6     1    61    20    84    20    90 0.90 transcript=SHAE2_23650.1 gene=SHAE2_23650
SHAE2_73760.1        -            200 391896at33208        -            270   3.5e-15   56.2   0.8   1   1   1.3e-17   4.6e-15   55.8   0.8     1    63    26    93    26   100 0.90 transcript=SHAE2_73760.1 gene=SHAE2_73760
SHAE2_12260.1        -            349 391896at33208        -            270   3.3e-13   49.7   0.6   1   1   1.4e-15   4.9e-13   49.1   0.6     1    63   102   168   102   192 0.83 transcript=SHAE2_12260.1 gene=SHAE2_12260
SHAE2_36340.5        -           1127 391896at33208        -            270   1.7e-12   47.4   2.9   1   2   2.7e-14   9.4e-12   44.9   0.0     1    64   110   178   110   193 0.87 transcript=SHAE2_36340.5 gene=SHAE2_36340
SHAE2_36340.5        -           1127 391896at33208        -            270   1.7e-12   47.4   2.9   2   2      0.44   1.6e+02    1.6   1.3    15    98   925  1007   914  1021 0.79 transcript=SHAE2_36340.5 gene=SHAE2_36340
SHAE2_62830.1        -            219 391896at33208        -            270   2.4e-12   46.9   0.0   1   1   8.6e-15     3e-12   46.5   0.0     2    74    20    95    19   105 0.82 transcript=SHAE2_62830.1 gene=SHAE2_62830
SHAE2_36340.1        -           1393 391896at33208        -            270   2.6e-12   46.8   2.8   1   2   3.4e-14   1.2e-11   44.6   0.0     1    64   110   178   110   193 0.87 transcript=SHAE2_36340.1 gene=SHAE2_36340
SHAE2_36340.1        -           1393 391896at33208        -            270   2.6e-12   46.8   2.8   2   2      0.56     2e+02    1.3   1.3    15    98   925  1007   914  1020 0.79 transcript=SHAE2_36340.1 gene=SHAE2_36340
SHAE2_36340.2        -           1382 391896at33208        -            270   2.6e-12   46.8   2.8   1   2   3.4e-14   1.2e-11   44.6   0.0     1    64    36   104    36   119 0.87 transcript=SHAE2_36340.2 gene=SHAE2_36340
SHAE2_36340.2        -           1382 391896at33208        -            270   2.6e-12   46.8   2.8   2   2      0.55     2e+02    1.3   1.3    15    98   914   996   903  1009 0.79 transcript=SHAE2_36340.2 gene=SHAE2_36340
SHAE2_43110.3        -            376 391896at33208        -            270   6.8e-11   42.1   0.3   1   1   4.5e-13   1.6e-10   40.9   0.3     1    58   271   335   271   351 0.84 transcript=SHAE2_43110.3 gene=SHAE2_43110
SHAE2_43110.4        -            376 391896at33208        -            270   6.8e-11   42.1   0.3   1   1   4.5e-13   1.6e-10   40.9   0.3     1    58   271   335   271   351 0.84 transcript=SHAE2_43110.4 gene=SHAE2_43110
SHAE2_43110.2        -            289 391896at33208        -            270   6.9e-11   42.1   1.1   1   1   2.7e-13   9.6e-11   41.6   0.2     1    58   184   248   184   265 0.84 transcript=SHAE2_43110.2 gene=SHAE2_43110
SHAE2_43110.7        -            289 391896at33208        -            270   6.9e-11   42.1   1.1   1   1   2.7e-13   9.6e-11   41.6   0.2     1    58   184   248   184   265 0.84 transcript=SHAE2_43110.7 gene=SHAE2_43110
SHAE2_43110.8        -            386 391896at33208        -            270   7.3e-11   42.0   0.3   1   1   4.7e-13   1.7e-10   40.8   0.3     1    58   281   345   281   361 0.84 transcript=SHAE2_43110.8 gene=SHAE2_43110
SHAE2_43110.5        -            422 391896at33208        -            270   8.4e-11   41.8   0.3   1   1   5.4e-13   1.9e-10   40.6   0.3     1    58   317   381   317   397 0.84 transcript=SHAE2_43110.5 gene=SHAE2_43110
SHAE2_43110.6        -            422 391896at33208        -            270   8.4e-11   41.8   0.3   1   1   5.4e-13   1.9e-10   40.6   0.3     1    58   317   381   317   397 0.84 transcript=SHAE2_43110.6 gene=SHAE2_43110
SHAE2_43110.1        -            486 391896at33208        -            270   1.1e-10   41.5   0.3   1   1   6.7e-13   2.4e-10   40.3   0.3     1    58   381   445   381   461 0.84 transcript=SHAE2_43110.1 gene=SHAE2_43110
SHAE2_43110.9        -            496 391896at33208        -            270   1.1e-10   41.4   0.3   1   1   6.9e-13   2.4e-10   40.3   0.3     1    58   391   455   391   471 0.84 transcript=SHAE2_43110.9 gene=SHAE2_43110
SHAE2_95660.1        -            631 391896at33208        -            270   1.8e-10   40.8   0.1   1   1   1.3e-12   4.6e-10   39.4   0.1     1    64     4    71     4    77 0.84 transcript=SHAE2_95660.1 gene=SHAE2_95660
SHAE2_95660.2        -            631 391896at33208        -            270   1.8e-10   40.8   0.1   1   1   1.3e-12   4.6e-10   39.4   0.1     1    64     4    71     4    77 0.84 transcript=SHAE2_95660.2 gene=SHAE2_95660
SHAE2_81860.1        -            509 391896at33208        -            270     2e-10   40.6   0.3   1   1   1.1e-12   3.9e-10   39.6   0.3     1    61   405   474   405   487 0.80 transcript=SHAE2_81860.1 gene=SHAE2_81860
SHAE2_14120.1        -            222 391896at33208        -            270   2.8e-09   36.8   0.2   1   1     1e-11   3.6e-09   36.5   0.2     1    59   116   178   116   196 0.88 transcript=SHAE2_14120.1 gene=SHAE2_14120
SHAE2_37970.1        -            154 391896at33208        -            270   4.3e-09   36.2   0.2   1   1   1.7e-11     6e-09   35.7   0.2     2    60    27    87    26   100 0.85 transcript=SHAE2_37970.1 gene=SHAE2_37970
SHAE2_83490.1        -            347 391896at33208        -            270   5.2e-09   35.9   1.0   1   1     2e-11   7.2e-09   35.5   1.0     2    62    44   112    43   142 0.78 transcript=SHAE2_83490.1 gene=SHAE2_83490
SHAE2_82770.1        -            182 391896at33208        -            270   7.7e-09   35.4   0.1   1   1   2.6e-11   9.2e-09   35.1   0.1     2    61    32    95    31   133 0.85 transcript=SHAE2_82770.1 gene=SHAE2_82770
SHAE2_82770.2        -            195 391896at33208        -            270   8.5e-09   35.3   0.0   1   1   3.2e-11   1.1e-08   34.8   0.0     2    60    32    94    31   115 0.82 transcript=SHAE2_82770.2 gene=SHAE2_82770
SHAE2_82780.1        -            195 391896at33208        -            270   8.5e-09   35.3   0.0   1   1   3.2e-11   1.1e-08   34.8   0.0     2    60    32    94    31   115 0.82 transcript=SHAE2_82780.1 gene=SHAE2_82780
SHAE2_34120.1        -            289 391896at33208        -            270   1.8e-08   34.2   1.4   1   2   5.1e-11   1.8e-08   34.2   1.4    11    59    18    68     5    85 0.83 transcript=SHAE2_34120.1 gene=SHAE2_34120
SHAE2_34120.1        -            289 391896at33208        -            270   1.8e-08   34.2   1.4   2   2       9.3   3.3e+03   -2.7   0.2    18    48   109   139    98   161 0.50 transcript=SHAE2_34120.1 gene=SHAE2_34120
SHAE2_2090.2         -            243 391896at33208        -            270   7.4e-08   32.2   0.7   1   1   3.2e-10   1.1e-07   31.6   0.7     2    70    50   123    49   145 0.78 transcript=SHAE2_2090.2 gene=SHAE2_2090
SHAE2_18080.1        -            144 391896at33208        -            270   7.7e-08   32.1   0.2   1   1   2.8e-10     1e-07   31.7   0.2     1    73    15    91    15    98 0.83 transcript=SHAE2_18080.1 gene=SHAE2_18080
SHAE2_18080.2        -            157 391896at33208        -            270   8.7e-08   31.9   0.2   1   1   3.5e-10   1.3e-07   31.4   0.2     1    73    15    91    15    98 0.83 transcript=SHAE2_18080.2 gene=SHAE2_18080
SHAE2_63250.1        -            273 391896at33208        -            270   5.2e-07   29.4   0.8   1   2   1.5e-09   5.2e-07   29.4   0.8     1    60    17    83    17    98 0.83 transcript=SHAE2_63250.1 gene=SHAE2_63250
SHAE2_63250.1        -            273 391896at33208        -            270   5.2e-07   29.4   0.8   2   2       8.4     3e+03   -2.6   1.3    16    50   192   227   179   257 0.55 transcript=SHAE2_63250.1 gene=SHAE2_63250
SHAE2_63250.2        -            273 391896at33208        -            270   5.2e-07   29.4   0.8   1   2   1.5e-09   5.2e-07   29.4   0.8     1    60    17    83    17    98 0.83 transcript=SHAE2_63250.2 gene=SHAE2_63250
SHAE2_63250.2        -            273 391896at33208        -            270   5.2e-07   29.4   0.8   2   2       8.4     3e+03   -2.6   1.3    16    50   192   227   179   257 0.55 transcript=SHAE2_63250.2 gene=SHAE2_63250
SHAE2_63250.3        -            273 391896at33208        -            270   5.2e-07   29.4   0.8   1   2   1.5e-09   5.2e-07   29.4   0.8     1    60    17    83    17    98 0.83 transcript=SHAE2_63250.3 gene=SHAE2_63250
SHAE2_63250.3        -            273 391896at33208        -            270   5.2e-07   29.4   0.8   2   2       8.4     3e+03   -2.6   1.3    16    50   192   227   179   257 0.55 transcript=SHAE2_63250.3 gene=SHAE2_63250
SHAE2_63250.4        -            273 391896at33208        -            270   5.2e-07   29.4   0.8   1   2   1.5e-09   5.2e-07   29.4   0.8     1    60    17    83    17    98 0.83 transcript=SHAE2_63250.4 gene=SHAE2_63250
SHAE2_63250.4        -            273 391896at33208        -            270   5.2e-07   29.4   0.8   2   2       8.4     3e+03   -2.6   1.3    16    50   192   227   179   257 0.55 transcript=SHAE2_63250.4 gene=SHAE2_63250
SHAE2_2090.1         -            183 391896at33208        -            270   7.2e-07   28.9   1.4   1   1     2e-09   7.2e-07   28.9   1.4    11    70     2    63     1    83 0.82 transcript=SHAE2_2090.1 gene=SHAE2_2090
SHAE2_15190.1        -            662 391896at33208        -            270   5.5e-06   26.0   0.0   1   1   6.6e-08   2.3e-05   24.0   0.0     1    65    51   132    51   144 0.78 transcript=SHAE2_15190.1 gene=SHAE2_15190
SHAE2_87340.3        -            920 391896at33208        -            270   9.8e-06   25.2   0.0   1   1   6.5e-08   2.3e-05   24.0   0.0     4    61   110   168   108   183 0.86 transcript=SHAE2_87340.3 gene=SHAE2_87340
SHAE2_87340.2        -            950 391896at33208        -            270     1e-05   25.1   0.0   1   1   6.7e-08   2.4e-05   23.9   0.0     4    61   110   168   108   183 0.86 transcript=SHAE2_87340.2 gene=SHAE2_87340
SHAE2_87340.1        -            954 391896at33208        -            270     1e-05   25.1   0.0   1   1   6.8e-08   2.4e-05   23.9   0.0     4    61   110   168   108   183 0.86 transcript=SHAE2_87340.1 gene=SHAE2_87340
SHAE2_86920.1        -            360 391896at33208        -            270   8.1e-05   22.2   0.8   1   2     4e-07   0.00014   21.4   0.1    12    66    26    82    13    94 0.79 transcript=SHAE2_86920.1 gene=SHAE2_86920
SHAE2_86920.1        -            360 391896at33208        -            270   8.1e-05   22.2   0.8   2   2       5.5   1.9e+03   -2.0   0.0   185   248   164   230   127   238 0.56 transcript=SHAE2_86920.1 gene=SHAE2_86920
SHAE2_102040.1       -           1296 391896at33208        -            270   0.00014   21.4   0.0   1   1   7.2e-07   0.00026   20.6   0.0     9    52   212   254   206   259 0.87 transcript=SHAE2_102040.1 gene=SHAE2_102040
SHAE2_102190.1       -           1617 391896at33208        -            270   0.00017   21.1   0.0   1   1   9.2e-07   0.00033   20.2   0.0     9    52   772   814   766   819 0.87 transcript=SHAE2_102190.1 gene=SHAE2_102190
SHAE2_102180.1       -           2237 391896at33208        -            270   0.00025   20.6   0.0   1   1   1.3e-06   0.00047   19.7   0.0     9    52  1633  1675  1627  1680 0.87 transcript=SHAE2_102180.1 gene=SHAE2_102180
SHAE2_66770.4        -            563 391896at33208        -            270    0.0055   16.2   0.0   1   1   1.5e-05    0.0055   16.2   0.0     9    65    64   127    50   141 0.76 transcript=SHAE2_66770.4 gene=SHAE2_66770
SHAE2_66770.5        -            570 391896at33208        -            270    0.0056   16.2   0.0   1   1   1.6e-05    0.0056   16.2   0.0     9    65    64   127    50   141 0.76 transcript=SHAE2_66770.5 gene=SHAE2_66770
SHAE2_66770.1        -            585 391896at33208        -            270    0.0058   16.1   0.0   1   1   1.6e-05    0.0058   16.1   0.0     9    65    64   127    50   141 0.76 transcript=SHAE2_66770.1 gene=SHAE2_66770
SHAE2_66770.2        -            585 391896at33208        -            270    0.0058   16.1   0.0   1   1   1.6e-05    0.0058   16.1   0.0     9    65    64   127    50   141 0.76 transcript=SHAE2_66770.2 gene=SHAE2_66770
SHAE2_66770.3        -            585 391896at33208        -            270    0.0058   16.1   0.0   1   1   1.6e-05    0.0058   16.1   0.0     9    65    64   127    50   141 0.76 transcript=SHAE2_66770.3 gene=SHAE2_66770
SHAE2_101050.1       -            330 391896at33208        -            270     0.012   15.0   0.1   1   2       4.6   1.6e+03   -1.7   0.0    49    82    56    87    49   100 0.66 transcript=SHAE2_101050.1 gene=SHAE2_101050
SHAE2_101050.1       -            330 391896at33208        -            270     0.012   15.0   0.1   2   2   0.00011     0.041   13.4   0.0     2    45   267   314   266   325 0.74 transcript=SHAE2_101050.1 gene=SHAE2_101050
#
# Program:         hmmsearch
# Version:         3.4 (Aug 2023)
# Pipeline mode:   SEARCH
# Query file:      /users/40483456/busco_datasets/busco_downloads/lineages/metazoa_odb10/hmms/391896at33208.hmm
# Target file:     /users/40483456/protein/schistosoma_haematobium.fa
# Option settings: hmmsearch --domtblout /users/40483456/busco/results_pro/schistosoma_haematobium_busco/run_metazoa_odb10/hmmer_output/initial_run_results/391896at33208.out --cpu 1 /users/40483456/busco_datasets/busco_downloads/lineages/metazoa_odb10/hmms/391896at33208.hmm /users/40483456/protein/schistosoma_haematobium.fa 
# Current dir:     /users/40483456
# Date:            Thu Jan 15 17:50:27 2026
# [ok]
