#                                                                            --- full sequence --- -------------- this domain -------------   hmm coord   ali coord   env coord
# target name        accession   tlen query name           accession   qlen   E-value  score  bias   #  of  c-Evalue  i-Evalue  score  bias  from    to  from    to  from    to  acc description of target
#------------------- ---------- ----- -------------------- ---------- ----- --------- ------ ----- --- --- --------- --------- ------ ----- ----- ----- ----- ----- ----- ----- ---- ---------------------
SHAE2_67140.1        -            559 397659at33208        -            322   2.9e-15   56.5  11.7   1   4   4.2e-11   2.3e-07   30.5   0.0    11   123    37   146    25   167 0.77 transcript=SHAE2_67140.1 gene=SHAE2_67140
SHAE2_67140.1        -            559 397659at33208        -            322   2.9e-15   56.5  11.7   2   4     0.012        66    2.7   0.0   135   159   191   215   168   265 0.67 transcript=SHAE2_67140.1 gene=SHAE2_67140
SHAE2_67140.1        -            559 397659at33208        -            322   2.9e-15   56.5  11.7   3   4   9.8e-07    0.0054   16.1   0.0   192   227   362   397   347   415 0.83 transcript=SHAE2_67140.1 gene=SHAE2_67140
SHAE2_67140.1        -            559 397659at33208        -            322   2.9e-15   56.5  11.7   4   4     0.001       5.8    6.2   4.6   233   321   466   552   436   553 0.73 transcript=SHAE2_67140.1 gene=SHAE2_67140
SHAE2_67140.3        -            547 397659at33208        -            322   3.2e-15   56.3  12.1   1   4   3.8e-11   2.1e-07   30.6   0.0    11   124    37   147    25   171 0.77 transcript=SHAE2_67140.3 gene=SHAE2_67140
SHAE2_67140.3        -            547 397659at33208        -            322   3.2e-15   56.3  12.1   2   4     0.012        65    2.7   0.1   135   159   191   215   168   264 0.67 transcript=SHAE2_67140.3 gene=SHAE2_67140
SHAE2_67140.3        -            547 397659at33208        -            322   3.2e-15   56.3  12.1   3   4   9.3e-07    0.0051   16.2   0.0   192   227   350   385   334   403 0.83 transcript=SHAE2_67140.3 gene=SHAE2_67140
SHAE2_67140.3        -            547 397659at33208        -            322   3.2e-15   56.3  12.1   4   4     0.001       5.7    6.2   4.6   233   321   454   540   424   541 0.73 transcript=SHAE2_67140.3 gene=SHAE2_67140
SHAE2_67140.2        -            467 397659at33208        -            322   4.2e-15   55.9   0.5   1   3   3.1e-11   1.7e-07   30.9   0.0    11   123    37   146    25   167 0.77 transcript=SHAE2_67140.2 gene=SHAE2_67140
SHAE2_67140.2        -            467 397659at33208        -            322   4.2e-15   55.9   0.5   2   3    0.0096        53    3.0   0.1   135   159   191   215   169   265 0.67 transcript=SHAE2_67140.2 gene=SHAE2_67140
SHAE2_67140.2        -            467 397659at33208        -            322   4.2e-15   55.9   0.5   3   3   7.4e-07    0.0041   16.5   0.0   192   227   362   397   347   417 0.83 transcript=SHAE2_67140.2 gene=SHAE2_67140
SHAE2_67140.4        -            447 397659at33208        -            322   4.4e-15   55.9   0.7   1   3   2.6e-11   1.5e-07   31.2   0.0    11   125    37   148    25   171 0.77 transcript=SHAE2_67140.4 gene=SHAE2_67140
SHAE2_67140.4        -            447 397659at33208        -            322   4.4e-15   55.9   0.7   2   3    0.0092        51    3.1   0.1   135   159   191   215   169   264 0.67 transcript=SHAE2_67140.4 gene=SHAE2_67140
SHAE2_67140.4        -            447 397659at33208        -            322   4.4e-15   55.9   0.7   3   3   7.3e-07     0.004   16.6   0.0   192   227   362   397   347   415 0.83 transcript=SHAE2_67140.4 gene=SHAE2_67140
#
# Program:         hmmsearch
# Version:         3.4 (Aug 2023)
# Pipeline mode:   SEARCH
# Query file:      /users/40483456/busco_datasets/busco_downloads/lineages/metazoa_odb10/hmms/397659at33208.hmm
# Target file:     /users/40483456/protein/schistosoma_haematobium.fa
# Option settings: hmmsearch --domtblout /users/40483456/busco/results_pro/schistosoma_haematobium_busco/run_metazoa_odb10/hmmer_output/initial_run_results/397659at33208.out --cpu 1 /users/40483456/busco_datasets/busco_downloads/lineages/metazoa_odb10/hmms/397659at33208.hmm /users/40483456/protein/schistosoma_haematobium.fa 
# Current dir:     /users/40483456
# Date:            Thu Jan 15 17:50:19 2026
# [ok]
