#                                                                            --- full sequence --- -------------- this domain -------------   hmm coord   ali coord   env coord
# target name        accession   tlen query name           accession   qlen   E-value  score  bias   #  of  c-Evalue  i-Evalue  score  bias  from    to  from    to  from    to  acc description of target
#------------------- ---------- ----- -------------------- ---------- ----- --------- ------ ----- --- --- --------- --------- ------ ----- ----- ----- ----- ----- ----- ----- ---- ---------------------
SHAE2_66090.1        -            450 435253at33208        -            329   2.9e-14   53.2  10.5   1   6    0.0015      0.26   10.6   0.0    84   115   137   170   127   177 0.81 transcript=SHAE2_66090.1 gene=SHAE2_66090
SHAE2_66090.1        -            450 435253at33208        -            329   2.9e-14   53.2  10.5   2   6   0.00022     0.037   13.4   0.1    86   114   183   211   177   219 0.89 transcript=SHAE2_66090.1 gene=SHAE2_66090
SHAE2_66090.1        -            450 435253at33208        -            329   2.9e-14   53.2  10.5   3   6   1.7e-05     0.003   17.0   0.1    84   132   221   278   214   284 0.79 transcript=SHAE2_66090.1 gene=SHAE2_66090
SHAE2_66090.1        -            450 435253at33208        -            329   2.9e-14   53.2  10.5   4   6     0.079        14    5.0   0.1    86   114   267   295   258   326 0.74 transcript=SHAE2_66090.1 gene=SHAE2_66090
SHAE2_66090.1        -            450 435253at33208        -            329   2.9e-14   53.2  10.5   5   6      0.26        44    3.3   0.0    80   116   347   385   342   389 0.81 transcript=SHAE2_66090.1 gene=SHAE2_66090
SHAE2_66090.1        -            450 435253at33208        -            329   2.9e-14   53.2  10.5   6   6    0.0023      0.39   10.1   0.1    83   114   392   425   389   449 0.78 transcript=SHAE2_66090.1 gene=SHAE2_66090
SHAE2_77510.5        -            420 435253at33208        -            329   8.7e-13   48.3   4.4   1   5   0.00015     0.026   13.9   0.0    86   119   129   162   117   170 0.91 transcript=SHAE2_77510.5 gene=SHAE2_77510
SHAE2_77510.5        -            420 435253at33208        -            329   8.7e-13   48.3   4.4   2   5   0.00018     0.031   13.6   0.1    88   113   173   198   166   204 0.90 transcript=SHAE2_77510.5 gene=SHAE2_77510
SHAE2_77510.5        -            420 435253at33208        -            329   8.7e-13   48.3   4.4   3   5    0.0011       0.2   11.0   0.1    81   114   206   241   201   251 0.85 transcript=SHAE2_77510.5 gene=SHAE2_77510
SHAE2_77510.5        -            420 435253at33208        -            329   8.7e-13   48.3   4.4   4   5     0.074        13    5.1   0.0    88   118   257   287   249   294 0.84 transcript=SHAE2_77510.5 gene=SHAE2_77510
SHAE2_77510.5        -            420 435253at33208        -            329   8.7e-13   48.3   4.4   5   5      0.57        98    2.2   0.0    89   115   299   325   291   349 0.80 transcript=SHAE2_77510.5 gene=SHAE2_77510
SHAE2_77510.1        -            442 435253at33208        -            329   1.1e-12   48.0   4.3   1   5   0.00016     0.028   13.8   0.0    86   119   151   184   139   192 0.91 transcript=SHAE2_77510.1 gene=SHAE2_77510
SHAE2_77510.1        -            442 435253at33208        -            329   1.1e-12   48.0   4.3   2   5   0.00019     0.034   13.6   0.1    88   113   195   220   188   226 0.90 transcript=SHAE2_77510.1 gene=SHAE2_77510
SHAE2_77510.1        -            442 435253at33208        -            329   1.1e-12   48.0   4.3   3   5    0.0012      0.21   10.9   0.1    81   114   228   263   223   273 0.85 transcript=SHAE2_77510.1 gene=SHAE2_77510
SHAE2_77510.1        -            442 435253at33208        -            329   1.1e-12   48.0   4.3   4   5     0.079        14    5.0   0.0    88   118   279   309   271   316 0.84 transcript=SHAE2_77510.1 gene=SHAE2_77510
SHAE2_77510.1        -            442 435253at33208        -            329   1.1e-12   48.0   4.3   5   5      0.61   1.1e+02    2.1   0.0    89   115   321   347   313   371 0.80 transcript=SHAE2_77510.1 gene=SHAE2_77510
SHAE2_77510.2        -            442 435253at33208        -            329   1.1e-12   48.0   4.3   1   5   0.00016     0.028   13.8   0.0    86   119   151   184   139   192 0.91 transcript=SHAE2_77510.2 gene=SHAE2_77510
SHAE2_77510.2        -            442 435253at33208        -            329   1.1e-12   48.0   4.3   2   5   0.00019     0.034   13.6   0.1    88   113   195   220   188   226 0.90 transcript=SHAE2_77510.2 gene=SHAE2_77510
SHAE2_77510.2        -            442 435253at33208        -            329   1.1e-12   48.0   4.3   3   5    0.0012      0.21   10.9   0.1    81   114   228   263   223   273 0.85 transcript=SHAE2_77510.2 gene=SHAE2_77510
SHAE2_77510.2        -            442 435253at33208        -            329   1.1e-12   48.0   4.3   4   5     0.079        14    5.0   0.0    88   118   279   309   271   316 0.84 transcript=SHAE2_77510.2 gene=SHAE2_77510
SHAE2_77510.2        -            442 435253at33208        -            329   1.1e-12   48.0   4.3   5   5      0.61   1.1e+02    2.1   0.0    89   115   321   347   313   371 0.80 transcript=SHAE2_77510.2 gene=SHAE2_77510
SHAE2_77510.3        -            442 435253at33208        -            329   1.1e-12   48.0   4.3   1   5   0.00016     0.028   13.8   0.0    86   119   151   184   139   192 0.91 transcript=SHAE2_77510.3 gene=SHAE2_77510
SHAE2_77510.3        -            442 435253at33208        -            329   1.1e-12   48.0   4.3   2   5   0.00019     0.034   13.6   0.1    88   113   195   220   188   226 0.90 transcript=SHAE2_77510.3 gene=SHAE2_77510
SHAE2_77510.3        -            442 435253at33208        -            329   1.1e-12   48.0   4.3   3   5    0.0012      0.21   10.9   0.1    81   114   228   263   223   273 0.85 transcript=SHAE2_77510.3 gene=SHAE2_77510
SHAE2_77510.3        -            442 435253at33208        -            329   1.1e-12   48.0   4.3   4   5     0.079        14    5.0   0.0    88   118   279   309   271   316 0.84 transcript=SHAE2_77510.3 gene=SHAE2_77510
SHAE2_77510.3        -            442 435253at33208        -            329   1.1e-12   48.0   4.3   5   5      0.61   1.1e+02    2.1   0.0    89   115   321   347   313   371 0.80 transcript=SHAE2_77510.3 gene=SHAE2_77510
SHAE2_77510.4        -            442 435253at33208        -            329   1.1e-12   48.0   4.3   1   5   0.00016     0.028   13.8   0.0    86   119   151   184   139   192 0.91 transcript=SHAE2_77510.4 gene=SHAE2_77510
SHAE2_77510.4        -            442 435253at33208        -            329   1.1e-12   48.0   4.3   2   5   0.00019     0.034   13.6   0.1    88   113   195   220   188   226 0.90 transcript=SHAE2_77510.4 gene=SHAE2_77510
SHAE2_77510.4        -            442 435253at33208        -            329   1.1e-12   48.0   4.3   3   5    0.0012      0.21   10.9   0.1    81   114   228   263   223   273 0.85 transcript=SHAE2_77510.4 gene=SHAE2_77510
SHAE2_77510.4        -            442 435253at33208        -            329   1.1e-12   48.0   4.3   4   5     0.079        14    5.0   0.0    88   118   279   309   271   316 0.84 transcript=SHAE2_77510.4 gene=SHAE2_77510
SHAE2_77510.4        -            442 435253at33208        -            329   1.1e-12   48.0   4.3   5   5      0.61   1.1e+02    2.1   0.0    89   115   321   347   313   371 0.80 transcript=SHAE2_77510.4 gene=SHAE2_77510
SHAE2_77510.6        -            442 435253at33208        -            329   1.1e-12   48.0   4.3   1   5   0.00016     0.028   13.8   0.0    86   119   151   184   139   192 0.91 transcript=SHAE2_77510.6 gene=SHAE2_77510
SHAE2_77510.6        -            442 435253at33208        -            329   1.1e-12   48.0   4.3   2   5   0.00019     0.034   13.6   0.1    88   113   195   220   188   226 0.90 transcript=SHAE2_77510.6 gene=SHAE2_77510
SHAE2_77510.6        -            442 435253at33208        -            329   1.1e-12   48.0   4.3   3   5    0.0012      0.21   10.9   0.1    81   114   228   263   223   273 0.85 transcript=SHAE2_77510.6 gene=SHAE2_77510
SHAE2_77510.6        -            442 435253at33208        -            329   1.1e-12   48.0   4.3   4   5     0.079        14    5.0   0.0    88   118   279   309   271   316 0.84 transcript=SHAE2_77510.6 gene=SHAE2_77510
SHAE2_77510.6        -            442 435253at33208        -            329   1.1e-12   48.0   4.3   5   5      0.61   1.1e+02    2.1   0.0    89   115   321   347   313   371 0.80 transcript=SHAE2_77510.6 gene=SHAE2_77510
SHAE2_52660.1        -            307 435253at33208        -            329   3.2e-11   43.2   3.0   1   5    0.0014      0.24   10.7   0.2    86   136    37    94    17    96 0.81 transcript=SHAE2_52660.1 gene=SHAE2_52660
SHAE2_52660.1        -            307 435253at33208        -            329   3.2e-11   43.2   3.0   2   5    0.0023      0.39   10.0   0.0    86   112    79   105    65   107 0.85 transcript=SHAE2_52660.1 gene=SHAE2_52660
SHAE2_52660.1        -            307 435253at33208        -            329   3.2e-11   43.2   3.0   3   5    0.0024      0.41   10.0   0.0    79   114   114   149   106   173 0.78 transcript=SHAE2_52660.1 gene=SHAE2_52660
SHAE2_52660.1        -            307 435253at33208        -            329   3.2e-11   43.2   3.0   4   5      0.16        27    4.0   0.0    89   111   209   231   200   242 0.82 transcript=SHAE2_52660.1 gene=SHAE2_52660
SHAE2_52660.1        -            307 435253at33208        -            329   3.2e-11   43.2   3.0   5   5   0.00081      0.14   11.5   0.0    89   112   254   277   240   305 0.82 transcript=SHAE2_52660.1 gene=SHAE2_52660
SHAE2_52660.2        -            307 435253at33208        -            329   3.2e-11   43.2   3.0   1   5    0.0014      0.24   10.7   0.2    86   136    37    94    17    96 0.81 transcript=SHAE2_52660.2 gene=SHAE2_52660
SHAE2_52660.2        -            307 435253at33208        -            329   3.2e-11   43.2   3.0   2   5    0.0023      0.39   10.0   0.0    86   112    79   105    65   107 0.85 transcript=SHAE2_52660.2 gene=SHAE2_52660
SHAE2_52660.2        -            307 435253at33208        -            329   3.2e-11   43.2   3.0   3   5    0.0024      0.41   10.0   0.0    79   114   114   149   106   173 0.78 transcript=SHAE2_52660.2 gene=SHAE2_52660
SHAE2_52660.2        -            307 435253at33208        -            329   3.2e-11   43.2   3.0   4   5      0.16        27    4.0   0.0    89   111   209   231   200   242 0.82 transcript=SHAE2_52660.2 gene=SHAE2_52660
SHAE2_52660.2        -            307 435253at33208        -            329   3.2e-11   43.2   3.0   5   5   0.00081      0.14   11.5   0.0    89   112   254   277   240   305 0.82 transcript=SHAE2_52660.2 gene=SHAE2_52660
SHAE2_52660.3        -            307 435253at33208        -            329   3.2e-11   43.2   3.0   1   5    0.0014      0.24   10.7   0.2    86   136    37    94    17    96 0.81 transcript=SHAE2_52660.3 gene=SHAE2_52660
SHAE2_52660.3        -            307 435253at33208        -            329   3.2e-11   43.2   3.0   2   5    0.0023      0.39   10.0   0.0    86   112    79   105    65   107 0.85 transcript=SHAE2_52660.3 gene=SHAE2_52660
SHAE2_52660.3        -            307 435253at33208        -            329   3.2e-11   43.2   3.0   3   5    0.0024      0.41   10.0   0.0    79   114   114   149   106   173 0.78 transcript=SHAE2_52660.3 gene=SHAE2_52660
SHAE2_52660.3        -            307 435253at33208        -            329   3.2e-11   43.2   3.0   4   5      0.16        27    4.0   0.0    89   111   209   231   200   242 0.82 transcript=SHAE2_52660.3 gene=SHAE2_52660
SHAE2_52660.3        -            307 435253at33208        -            329   3.2e-11   43.2   3.0   5   5   0.00081      0.14   11.5   0.0    89   112   254   277   240   305 0.82 transcript=SHAE2_52660.3 gene=SHAE2_52660
SHAE2_52660.5        -            307 435253at33208        -            329   3.2e-11   43.2   3.0   1   5    0.0014      0.24   10.7   0.2    86   136    37    94    17    96 0.81 transcript=SHAE2_52660.5 gene=SHAE2_52660
SHAE2_52660.5        -            307 435253at33208        -            329   3.2e-11   43.2   3.0   2   5    0.0023      0.39   10.0   0.0    86   112    79   105    65   107 0.85 transcript=SHAE2_52660.5 gene=SHAE2_52660
SHAE2_52660.5        -            307 435253at33208        -            329   3.2e-11   43.2   3.0   3   5    0.0024      0.41   10.0   0.0    79   114   114   149   106   173 0.78 transcript=SHAE2_52660.5 gene=SHAE2_52660
SHAE2_52660.5        -            307 435253at33208        -            329   3.2e-11   43.2   3.0   4   5      0.16        27    4.0   0.0    89   111   209   231   200   242 0.82 transcript=SHAE2_52660.5 gene=SHAE2_52660
SHAE2_52660.5        -            307 435253at33208        -            329   3.2e-11   43.2   3.0   5   5   0.00081      0.14   11.5   0.0    89   112   254   277   240   305 0.82 transcript=SHAE2_52660.5 gene=SHAE2_52660
SHAE2_29430.1        -            446 435253at33208        -            329   3.8e-11   43.0   3.0   1   5       1.2     2e+02    1.1   0.0    88   113   113   138   100   150 0.84 transcript=SHAE2_29430.1 gene=SHAE2_29430
SHAE2_29430.1        -            446 435253at33208        -            329   3.8e-11   43.0   3.0   2   5    0.0011      0.19   11.1   0.2     6   117   116   227   111   232 0.62 transcript=SHAE2_29430.1 gene=SHAE2_29430
SHAE2_29430.1        -            446 435253at33208        -            329   3.8e-11   43.0   3.0   3   5     0.027       4.7    6.5   0.1    88   114   265   291   257   296 0.82 transcript=SHAE2_29430.1 gene=SHAE2_29430
SHAE2_29430.1        -            446 435253at33208        -            329   3.8e-11   43.0   3.0   4   5    0.0026      0.45    9.8   0.0    79   116   298   335   292   369 0.72 transcript=SHAE2_29430.1 gene=SHAE2_29430
SHAE2_29430.1        -            446 435253at33208        -            329   3.8e-11   43.0   3.0   5   5    0.0013      0.23   10.8   0.0    74   113   383   422   374   435 0.87 transcript=SHAE2_29430.1 gene=SHAE2_29430
SHAE2_14740.1        -            367 435253at33208        -            329   6.7e-11   42.2   0.3   1   4         7   1.2e+03   -1.4   0.0    89   119    94   125    85   132 0.77 transcript=SHAE2_14740.1 gene=SHAE2_14740
SHAE2_14740.1        -            367 435253at33208        -            329   6.7e-11   42.2   0.3   2   4   6.4e-05     0.011   15.1   0.0    80   115   128   163   123   175 0.87 transcript=SHAE2_14740.1 gene=SHAE2_14740
SHAE2_14740.1        -            367 435253at33208        -            329   6.7e-11   42.2   0.3   3   4     0.011       1.8    7.9   0.0    49   120   210   298   177   307 0.68 transcript=SHAE2_14740.1 gene=SHAE2_14740
SHAE2_14740.1        -            367 435253at33208        -            329   6.7e-11   42.2   0.3   4   4   0.00034     0.058   12.8   0.0    72   114   296   338   287   345 0.79 transcript=SHAE2_14740.1 gene=SHAE2_14740
SHAE2_14740.2        -            367 435253at33208        -            329   6.7e-11   42.2   0.3   1   4         7   1.2e+03   -1.4   0.0    89   119    94   125    85   132 0.77 transcript=SHAE2_14740.2 gene=SHAE2_14740
SHAE2_14740.2        -            367 435253at33208        -            329   6.7e-11   42.2   0.3   2   4   6.4e-05     0.011   15.1   0.0    80   115   128   163   123   175 0.87 transcript=SHAE2_14740.2 gene=SHAE2_14740
SHAE2_14740.2        -            367 435253at33208        -            329   6.7e-11   42.2   0.3   3   4     0.011       1.8    7.9   0.0    49   120   210   298   177   307 0.68 transcript=SHAE2_14740.2 gene=SHAE2_14740
SHAE2_14740.2        -            367 435253at33208        -            329   6.7e-11   42.2   0.3   4   4   0.00034     0.058   12.8   0.0    72   114   296   338   287   345 0.79 transcript=SHAE2_14740.2 gene=SHAE2_14740
SHAE2_52660.4        -            306 435253at33208        -            329   7.4e-11   42.0   3.1   1   5    0.0053       0.9    8.9   0.2    86   134    36    91    15    93 0.80 transcript=SHAE2_52660.4 gene=SHAE2_52660
SHAE2_52660.4        -            306 435253at33208        -            329   7.4e-11   42.0   3.1   2   5     0.002      0.34   10.3   0.0    86   112    78   104    63   109 0.85 transcript=SHAE2_52660.4 gene=SHAE2_52660
SHAE2_52660.4        -            306 435253at33208        -            329   7.4e-11   42.0   3.1   3   5    0.0023      0.39   10.1   0.0    77   114   111   148   104   172 0.78 transcript=SHAE2_52660.4 gene=SHAE2_52660
SHAE2_52660.4        -            306 435253at33208        -            329   7.4e-11   42.0   3.1   4   5      0.16        27    4.0   0.0    89   111   208   230   199   241 0.82 transcript=SHAE2_52660.4 gene=SHAE2_52660
SHAE2_52660.4        -            306 435253at33208        -            329   7.4e-11   42.0   3.1   5   5    0.0008      0.14   11.5   0.0    89   112   253   276   239   304 0.82 transcript=SHAE2_52660.4 gene=SHAE2_52660
SHAE2_75740.1        -            867 435253at33208        -            329   8.9e-09   35.2   1.2   1   4       1.4   2.5e+02    0.8   1.0   203   276   420   494   408   517 0.80 transcript=SHAE2_75740.1 gene=SHAE2_75740
SHAE2_75740.1        -            867 435253at33208        -            329   8.9e-09   35.2   1.2   2   4    0.0056      0.96    8.8   0.0    82   113   554   585   537   593 0.85 transcript=SHAE2_75740.1 gene=SHAE2_75740
SHAE2_75740.1        -            867 435253at33208        -            329   8.9e-09   35.2   1.2   3   4      0.29        50    3.1   0.0    89   144   603   659   600   672 0.71 transcript=SHAE2_75740.1 gene=SHAE2_75740
SHAE2_75740.1        -            867 435253at33208        -            329   8.9e-09   35.2   1.2   4   4     2e-05    0.0034   16.8   0.0     3   133   653   790   651   800 0.73 transcript=SHAE2_75740.1 gene=SHAE2_75740
SHAE2_10230.5        -            666 435253at33208        -            329   1.8e-08   34.1   0.1   1   4     0.046       7.9    5.8   0.0    88   118    36    66    28    74 0.85 transcript=SHAE2_10230.5 gene=SHAE2_10230
SHAE2_10230.5        -            666 435253at33208        -            329   1.8e-08   34.1   0.1   2   4    0.0086       1.5    8.1   0.0    89   114    79   104    72   107 0.89 transcript=SHAE2_10230.5 gene=SHAE2_10230
SHAE2_10230.5        -            666 435253at33208        -            329   1.8e-08   34.1   0.1   3   4    0.0056      0.96    8.8   0.0    89   115   121   147   113   152 0.86 transcript=SHAE2_10230.5 gene=SHAE2_10230
SHAE2_10230.5        -            666 435253at33208        -            329   1.8e-08   34.1   0.1   4   4     0.044       7.6    5.8   0.0    85   114   157   188   154   219 0.72 transcript=SHAE2_10230.5 gene=SHAE2_10230
SHAE2_10230.3        -            679 435253at33208        -            329     2e-08   34.0   0.1   1   4     0.047       8.1    5.7   0.0    88   118    36    66    28    74 0.85 transcript=SHAE2_10230.3 gene=SHAE2_10230
SHAE2_10230.3        -            679 435253at33208        -            329     2e-08   34.0   0.1   2   4    0.0088       1.5    8.1   0.0    89   114    79   104    72   107 0.89 transcript=SHAE2_10230.3 gene=SHAE2_10230
SHAE2_10230.3        -            679 435253at33208        -            329     2e-08   34.0   0.1   3   4    0.0057      0.98    8.7   0.0    89   115   121   147   113   152 0.86 transcript=SHAE2_10230.3 gene=SHAE2_10230
SHAE2_10230.3        -            679 435253at33208        -            329     2e-08   34.0   0.1   4   4     0.045       7.8    5.8   0.0    85   114   157   188   154   219 0.72 transcript=SHAE2_10230.3 gene=SHAE2_10230
SHAE2_10230.6        -            683 435253at33208        -            329   2.9e-08   33.5   1.1   1   4     0.047       8.1    5.7   0.0    88   118    36    66    28    74 0.85 transcript=SHAE2_10230.6 gene=SHAE2_10230
SHAE2_10230.6        -            683 435253at33208        -            329   2.9e-08   33.5   1.1   2   4    0.0089       1.5    8.1   0.0    89   114    79   104    72   107 0.89 transcript=SHAE2_10230.6 gene=SHAE2_10230
SHAE2_10230.6        -            683 435253at33208        -            329   2.9e-08   33.5   1.1   3   4    0.0058      0.99    8.7   0.0    89   115   121   147   113   152 0.86 transcript=SHAE2_10230.6 gene=SHAE2_10230
SHAE2_10230.6        -            683 435253at33208        -            329   2.9e-08   33.5   1.1   4   4     0.046       7.9    5.8   0.0    85   114   157   188   154   219 0.72 transcript=SHAE2_10230.6 gene=SHAE2_10230
SHAE2_10230.7        -            683 435253at33208        -            329   2.9e-08   33.5   1.1   1   4     0.047       8.1    5.7   0.0    88   118    36    66    28    74 0.85 transcript=SHAE2_10230.7 gene=SHAE2_10230
SHAE2_10230.7        -            683 435253at33208        -            329   2.9e-08   33.5   1.1   2   4    0.0089       1.5    8.1   0.0    89   114    79   104    72   107 0.89 transcript=SHAE2_10230.7 gene=SHAE2_10230
SHAE2_10230.7        -            683 435253at33208        -            329   2.9e-08   33.5   1.1   3   4    0.0058      0.99    8.7   0.0    89   115   121   147   113   152 0.86 transcript=SHAE2_10230.7 gene=SHAE2_10230
SHAE2_10230.7        -            683 435253at33208        -            329   2.9e-08   33.5   1.1   4   4     0.046       7.9    5.8   0.0    85   114   157   188   154   219 0.72 transcript=SHAE2_10230.7 gene=SHAE2_10230
SHAE2_12460.1        -            376 435253at33208        -            329   4.1e-08   33.0   0.0   1   2   1.1e-05    0.0018   17.7   0.1    85   120   192   227   106   237 0.77 transcript=SHAE2_12460.1 gene=SHAE2_12460
SHAE2_12460.1        -            376 435253at33208        -            329   4.1e-08   33.0   0.0   2   2     0.003      0.52    9.6   0.0    78   114   228   264   223   293 0.73 transcript=SHAE2_12460.1 gene=SHAE2_12460
SHAE2_10230.1        -            764 435253at33208        -            329   5.8e-08   32.5   2.2   1   5     0.054       9.2    5.5   0.0    88   118    36    66    28    74 0.85 transcript=SHAE2_10230.1 gene=SHAE2_10230
SHAE2_10230.1        -            764 435253at33208        -            329   5.8e-08   32.5   2.2   2   5      0.01       1.7    7.9   0.0    89   114    79   104    72   107 0.89 transcript=SHAE2_10230.1 gene=SHAE2_10230
SHAE2_10230.1        -            764 435253at33208        -            329   5.8e-08   32.5   2.2   3   5    0.0065       1.1    8.5   0.0    89   115   121   147   113   152 0.86 transcript=SHAE2_10230.1 gene=SHAE2_10230
SHAE2_10230.1        -            764 435253at33208        -            329   5.8e-08   32.5   2.2   4   5     0.053       9.1    5.6   0.0    85   114   157   188   154   218 0.72 transcript=SHAE2_10230.1 gene=SHAE2_10230
SHAE2_10230.1        -            764 435253at33208        -            329   5.8e-08   32.5   2.2   5   5       6.2   1.1e+03   -1.2   0.2   210   273   628   687   599   699 0.81 transcript=SHAE2_10230.1 gene=SHAE2_10230
SHAE2_10230.2        -            759 435253at33208        -            329     7e-08   32.2   1.8   1   4     0.053       9.2    5.5   0.0    88   118    36    66    28    74 0.85 transcript=SHAE2_10230.2 gene=SHAE2_10230
SHAE2_10230.2        -            759 435253at33208        -            329     7e-08   32.2   1.8   2   4      0.01       1.7    7.9   0.0    89   114    79   104    72   107 0.89 transcript=SHAE2_10230.2 gene=SHAE2_10230
SHAE2_10230.2        -            759 435253at33208        -            329     7e-08   32.2   1.8   3   4    0.0065       1.1    8.6   0.0    89   115   121   147   113   152 0.86 transcript=SHAE2_10230.2 gene=SHAE2_10230
SHAE2_10230.2        -            759 435253at33208        -            329     7e-08   32.2   1.8   4   4     0.053       9.1    5.6   0.0    85   114   157   188   154   218 0.72 transcript=SHAE2_10230.2 gene=SHAE2_10230
SHAE2_10230.4        -            759 435253at33208        -            329     7e-08   32.2   1.8   1   4     0.053       9.2    5.5   0.0    88   118    36    66    28    74 0.85 transcript=SHAE2_10230.4 gene=SHAE2_10230
SHAE2_10230.4        -            759 435253at33208        -            329     7e-08   32.2   1.8   2   4      0.01       1.7    7.9   0.0    89   114    79   104    72   107 0.89 transcript=SHAE2_10230.4 gene=SHAE2_10230
SHAE2_10230.4        -            759 435253at33208        -            329     7e-08   32.2   1.8   3   4    0.0065       1.1    8.6   0.0    89   115   121   147   113   152 0.86 transcript=SHAE2_10230.4 gene=SHAE2_10230
SHAE2_10230.4        -            759 435253at33208        -            329     7e-08   32.2   1.8   4   4     0.053       9.1    5.6   0.0    85   114   157   188   154   218 0.72 transcript=SHAE2_10230.4 gene=SHAE2_10230
SHAE2_72920.3        -            718 435253at33208        -            329   9.3e-08   31.8   0.8   1   4    0.0043      0.75    9.1   0.1    85   131   355   406   342   407 0.81 transcript=SHAE2_72920.3 gene=SHAE2_72920
SHAE2_72920.3        -            718 435253at33208        -            329   9.3e-08   31.8   0.8   2   4    0.0038      0.65    9.3   0.0    86   111   440   465   434   471 0.85 transcript=SHAE2_72920.3 gene=SHAE2_72920
SHAE2_72920.3        -            718 435253at33208        -            329   9.3e-08   31.8   0.8   3   4    0.0055      0.95    8.8   0.0    86   135   480   534   470   552 0.76 transcript=SHAE2_72920.3 gene=SHAE2_72920
SHAE2_72920.3        -            718 435253at33208        -            329   9.3e-08   31.8   0.8   4   4         2   3.4e+02    0.4   0.0     3    67   522   580   520   586 0.68 transcript=SHAE2_72920.3 gene=SHAE2_72920
SHAE2_72920.4        -            718 435253at33208        -            329   9.3e-08   31.8   0.8   1   4    0.0043      0.75    9.1   0.1    85   131   355   406   342   407 0.81 transcript=SHAE2_72920.4 gene=SHAE2_72920
SHAE2_72920.4        -            718 435253at33208        -            329   9.3e-08   31.8   0.8   2   4    0.0038      0.65    9.3   0.0    86   111   440   465   434   471 0.85 transcript=SHAE2_72920.4 gene=SHAE2_72920
SHAE2_72920.4        -            718 435253at33208        -            329   9.3e-08   31.8   0.8   3   4    0.0055      0.95    8.8   0.0    86   135   480   534   470   552 0.76 transcript=SHAE2_72920.4 gene=SHAE2_72920
SHAE2_72920.4        -            718 435253at33208        -            329   9.3e-08   31.8   0.8   4   4         2   3.4e+02    0.4   0.0     3    67   522   580   520   586 0.68 transcript=SHAE2_72920.4 gene=SHAE2_72920
SHAE2_14430.1        -           1011 435253at33208        -            329   1.7e-07   30.9   0.8   1   4      0.75   1.3e+02    1.8   0.0    25    86    78   141    64   148 0.77 transcript=SHAE2_14430.1 gene=SHAE2_14430
SHAE2_14430.1        -           1011 435253at33208        -            329   1.7e-07   30.9   0.8   2   4   4.1e-05    0.0071   15.8   0.0    84   142   166   232   121   247 0.72 transcript=SHAE2_14430.1 gene=SHAE2_14430
SHAE2_14430.1        -           1011 435253at33208        -            329   1.7e-07   30.9   0.8   3   4       0.3        51    3.1   0.0    86   113   636   663   598   668 0.86 transcript=SHAE2_14430.1 gene=SHAE2_14430
SHAE2_14430.1        -           1011 435253at33208        -            329   1.7e-07   30.9   0.8   4   4      0.15        26    4.1   0.1    88   114   680   706   664   716 0.82 transcript=SHAE2_14430.1 gene=SHAE2_14430
SHAE2_72920.2        -            861 435253at33208        -            329   1.8e-07   30.9   0.7   1   4    0.0054      0.94    8.8   0.1    85   131   498   549   485   550 0.81 transcript=SHAE2_72920.2 gene=SHAE2_72920
SHAE2_72920.2        -            861 435253at33208        -            329   1.8e-07   30.9   0.7   2   4   0.00029      0.05   13.0   0.0    86   135   583   637   577   638 0.73 transcript=SHAE2_72920.2 gene=SHAE2_72920
SHAE2_72920.2        -            861 435253at33208        -            329   1.8e-07   30.9   0.7   3   4    0.0075       1.3    8.4   0.0    86   134   623   676   612   689 0.76 transcript=SHAE2_72920.2 gene=SHAE2_72920
SHAE2_72920.2        -            861 435253at33208        -            329   1.8e-07   30.9   0.7   4   4       2.5   4.2e+02    0.1   0.0     3    67   665   723   663   729 0.68 transcript=SHAE2_72920.2 gene=SHAE2_72920
SHAE2_41690.1        -            463 435253at33208        -            329   4.5e-07   29.6   2.2   1   5     0.089        15    4.8   0.2    50   130    26   126    15   127 0.59 transcript=SHAE2_41690.1 gene=SHAE2_41690
SHAE2_41690.1        -            463 435253at33208        -            329   4.5e-07   29.6   2.2   2   5      0.15        26    4.1   0.1    85   113   116   144   103   154 0.87 transcript=SHAE2_41690.1 gene=SHAE2_41690
SHAE2_41690.1        -            463 435253at33208        -            329   4.5e-07   29.6   2.2   3   5     0.053       9.2    5.6   0.0    81   106   154   179   144   188 0.77 transcript=SHAE2_41690.1 gene=SHAE2_41690
SHAE2_41690.1        -            463 435253at33208        -            329   4.5e-07   29.6   2.2   4   5     0.019       3.2    7.0   0.0    87   114   202   229   197   233 0.89 transcript=SHAE2_41690.1 gene=SHAE2_41690
SHAE2_41690.1        -            463 435253at33208        -            329   4.5e-07   29.6   2.2   5   5      0.16        27    4.0   0.0    83   120   238   277   235   284 0.88 transcript=SHAE2_41690.1 gene=SHAE2_41690
SHAE2_72920.1        -            671 435253at33208        -            329   7.9e-07   28.8   0.2   1   3     0.004      0.69    9.3   0.1    85   131   498   549   485   550 0.81 transcript=SHAE2_72920.1 gene=SHAE2_72920
SHAE2_72920.1        -            671 435253at33208        -            329   7.9e-07   28.8   0.2   2   3   0.00021     0.036   13.4   0.0    86   135   583   637   577   638 0.73 transcript=SHAE2_72920.1 gene=SHAE2_72920
SHAE2_72920.1        -            671 435253at33208        -            329   7.9e-07   28.8   0.2   3   3     0.048       8.2    5.7   0.0    86   113   623   650   614   658 0.85 transcript=SHAE2_72920.1 gene=SHAE2_72920
SHAE2_57530.8        -            569 435253at33208        -            329   8.5e-07   28.7   2.3   1   4     0.043       7.3    5.9   0.0    86   114   205   235   178   242 0.83 transcript=SHAE2_57530.8 gene=SHAE2_57530
SHAE2_57530.8        -            569 435253at33208        -            329   8.5e-07   28.7   2.3   2   4       1.1   1.9e+02    1.2   0.0    75   113   288   332   280   345 0.66 transcript=SHAE2_57530.8 gene=SHAE2_57530
SHAE2_57530.8        -            569 435253at33208        -            329   8.5e-07   28.7   2.3   3   4     0.001      0.18   11.2   0.1    89   141   348   405   339   443 0.77 transcript=SHAE2_57530.8 gene=SHAE2_57530
SHAE2_57530.8        -            569 435253at33208        -            329   8.5e-07   28.7   2.3   4   4     0.025       4.3    6.6   0.0    87   120   517   550   508   561 0.90 transcript=SHAE2_57530.8 gene=SHAE2_57530
SHAE2_39230.1        -            371 435253at33208        -            329   8.9e-07   28.6   0.0   1   3       4.5   7.8e+02   -0.8   0.0     1    25   105   129    98   161 0.73 transcript=SHAE2_39230.1 gene=SHAE2_39230
SHAE2_39230.1        -            371 435253at33208        -            329   8.9e-07   28.6   0.0   2   3   0.00039     0.068   12.6   0.0    86   114   192   220   185   231 0.83 transcript=SHAE2_39230.1 gene=SHAE2_39230
SHAE2_39230.1        -            371 435253at33208        -            329   8.9e-07   28.6   0.0   3   3   0.00083      0.14   11.5   0.0    89   116   237   264   227   269 0.86 transcript=SHAE2_39230.1 gene=SHAE2_39230
SHAE2_31000.6        -            751 435253at33208        -            329   1.2e-06   28.1   3.6   1   3         2   3.4e+02    0.4   0.0    80    99   417   436   407   466 0.56 transcript=SHAE2_31000.6 gene=SHAE2_31000
SHAE2_31000.6        -            751 435253at33208        -            329   1.2e-06   28.1   3.6   2   3   0.00022     0.038   13.4   0.5    11   117   575   685   567   690 0.73 transcript=SHAE2_31000.6 gene=SHAE2_31000
SHAE2_31000.6        -            751 435253at33208        -            329   1.2e-06   28.1   3.6   3   3   0.00029      0.05   13.0   0.0    83   114   691   724   687   733 0.86 transcript=SHAE2_31000.6 gene=SHAE2_31000
SHAE2_31000.2        -            771 435253at33208        -            329   1.3e-06   28.0   3.6   1   3       2.1   3.5e+02    0.3   0.0    80    99   437   456   427   486 0.56 transcript=SHAE2_31000.2 gene=SHAE2_31000
SHAE2_31000.2        -            771 435253at33208        -            329   1.3e-06   28.0   3.6   2   3   0.00023      0.04   13.3   0.5    11   117   595   705   587   710 0.73 transcript=SHAE2_31000.2 gene=SHAE2_31000
SHAE2_31000.2        -            771 435253at33208        -            329   1.3e-06   28.0   3.6   3   3    0.0003     0.052   12.9   0.0    83   114   711   744   707   753 0.86 transcript=SHAE2_31000.2 gene=SHAE2_31000
SHAE2_31000.5        -            844 435253at33208        -            329   1.7e-06   27.7   3.4   1   3       2.3     4e+02    0.2   0.0    80    99   510   529   501   559 0.56 transcript=SHAE2_31000.5 gene=SHAE2_31000
SHAE2_31000.5        -            844 435253at33208        -            329   1.7e-06   27.7   3.4   2   3   0.00026     0.045   13.1   0.5    11   117   668   778   660   783 0.73 transcript=SHAE2_31000.5 gene=SHAE2_31000
SHAE2_31000.5        -            844 435253at33208        -            329   1.7e-06   27.7   3.4   3   3   0.00033     0.057   12.8   0.0    83   114   784   817   780   826 0.86 transcript=SHAE2_31000.5 gene=SHAE2_31000
SHAE2_31000.3        -            863 435253at33208        -            329   1.8e-06   27.6   3.4   1   3       2.4   4.1e+02    0.1   0.0    80    99   529   548   520   578 0.56 transcript=SHAE2_31000.3 gene=SHAE2_31000
SHAE2_31000.3        -            863 435253at33208        -            329   1.8e-06   27.6   3.4   2   3   0.00027     0.047   13.1   0.5    11   117   687   797   679   802 0.73 transcript=SHAE2_31000.3 gene=SHAE2_31000
SHAE2_31000.3        -            863 435253at33208        -            329   1.8e-06   27.6   3.4   3   3   0.00034     0.059   12.8   0.0    83   114   803   836   799   845 0.86 transcript=SHAE2_31000.3 gene=SHAE2_31000
SHAE2_71050.7        -            628 435253at33208        -            329   2.5e-06   27.1   9.3   1   6     0.061        10    5.4   0.6    21   113   119   222   114   228 0.68 transcript=SHAE2_71050.7 gene=SHAE2_71050
SHAE2_71050.7        -            628 435253at33208        -            329   2.5e-06   27.1   9.3   2   6    0.0014      0.24   10.7   0.0    70   115   338   385   327   411 0.71 transcript=SHAE2_71050.7 gene=SHAE2_71050
SHAE2_71050.7        -            628 435253at33208        -            329   2.5e-06   27.1   9.3   3   6       1.5   2.6e+02    0.8   0.0    89   117   399   427   390   431 0.83 transcript=SHAE2_71050.7 gene=SHAE2_71050
SHAE2_71050.7        -            628 435253at33208        -            329   2.5e-06   27.1   9.3   4   6   0.00092      0.16   11.3   0.4    88   133   438   490   430   512 0.77 transcript=SHAE2_71050.7 gene=SHAE2_71050
SHAE2_71050.7        -            628 435253at33208        -            329   2.5e-06   27.1   9.3   5   6      0.28        48    3.2   0.1    81   129   473   529   466   535 0.67 transcript=SHAE2_71050.7 gene=SHAE2_71050
SHAE2_71050.7        -            628 435253at33208        -            329   2.5e-06   27.1   9.3   6   6       8.1   1.4e+03   -1.6   0.0     2    18   522   538   521   541 0.85 transcript=SHAE2_71050.7 gene=SHAE2_71050
SHAE2_71050.8        -            628 435253at33208        -            329   2.5e-06   27.1   9.3   1   6     0.061        10    5.4   0.6    21   113   119   222   114   228 0.68 transcript=SHAE2_71050.8 gene=SHAE2_71050
SHAE2_71050.8        -            628 435253at33208        -            329   2.5e-06   27.1   9.3   2   6    0.0014      0.24   10.7   0.0    70   115   338   385   327   411 0.71 transcript=SHAE2_71050.8 gene=SHAE2_71050
SHAE2_71050.8        -            628 435253at33208        -            329   2.5e-06   27.1   9.3   3   6       1.5   2.6e+02    0.8   0.0    89   117   399   427   390   431 0.83 transcript=SHAE2_71050.8 gene=SHAE2_71050
SHAE2_71050.8        -            628 435253at33208        -            329   2.5e-06   27.1   9.3   4   6   0.00092      0.16   11.3   0.4    88   133   438   490   430   512 0.77 transcript=SHAE2_71050.8 gene=SHAE2_71050
SHAE2_71050.8        -            628 435253at33208        -            329   2.5e-06   27.1   9.3   5   6      0.28        48    3.2   0.1    81   129   473   529   466   535 0.67 transcript=SHAE2_71050.8 gene=SHAE2_71050
SHAE2_71050.8        -            628 435253at33208        -            329   2.5e-06   27.1   9.3   6   6       8.1   1.4e+03   -1.6   0.0     2    18   522   538   521   541 0.85 transcript=SHAE2_71050.8 gene=SHAE2_71050
SHAE2_14430.2        -            865 435253at33208        -            329   2.9e-06   26.9   1.9   1   4     5e-05    0.0087   15.5   0.0    84   142    20    86    11   101 0.72 transcript=SHAE2_14430.2 gene=SHAE2_14430
SHAE2_14430.2        -            865 435253at33208        -            329   2.9e-06   26.9   1.9   2   4       8.3   1.4e+03   -1.7   0.0    33    53   348   368   345   423 0.79 transcript=SHAE2_14430.2 gene=SHAE2_14430
SHAE2_14430.2        -            865 435253at33208        -            329   2.9e-06   26.9   1.9   3   4      0.25        43    3.4   0.0    86   113   490   517   452   522 0.86 transcript=SHAE2_14430.2 gene=SHAE2_14430
SHAE2_14430.2        -            865 435253at33208        -            329   2.9e-06   26.9   1.9   4   4      0.13        23    4.2   0.1    88   114   534   560   520   570 0.82 transcript=SHAE2_14430.2 gene=SHAE2_14430
SHAE2_65690.2        -            249 435253at33208        -            329   4.4e-06   26.3   0.2   1   4       7.4   1.3e+03   -1.5   0.0   272   287    42    57    39    65 0.84 transcript=SHAE2_65690.2 gene=SHAE2_65690
SHAE2_65690.2        -            249 435253at33208        -            329   4.4e-06   26.3   0.2   2   4   0.00023      0.04   13.3   0.0    86   121    68   103    60   110 0.86 transcript=SHAE2_65690.2 gene=SHAE2_65690
SHAE2_65690.2        -            249 435253at33208        -            329   4.4e-06   26.3   0.2   3   4    0.0059         1    8.7   0.0    91   114   117   140   108   149 0.87 transcript=SHAE2_65690.2 gene=SHAE2_65690
SHAE2_65690.2        -            249 435253at33208        -            329   4.4e-06   26.3   0.2   4   4       5.1   8.8e+02   -1.0   0.0   121   132   198   209   188   230 0.57 transcript=SHAE2_65690.2 gene=SHAE2_65690
SHAE2_54550.2        -            280 435253at33208        -            329   4.5e-06   26.3   0.0   1   4       2.6   4.4e+02    0.0   0.0     1    26    14    39    14    76 0.66 transcript=SHAE2_54550.2 gene=SHAE2_54550
SHAE2_54550.2        -            280 435253at33208        -            329   4.5e-06   26.3   0.0   2   4   0.00034     0.058   12.8   0.0    85   114   100   129    89   136 0.84 transcript=SHAE2_54550.2 gene=SHAE2_54550
SHAE2_54550.2        -            280 435253at33208        -            329   4.5e-06   26.3   0.0   3   4     0.011       1.9    7.8   0.0    89   114   146   171   135   178 0.86 transcript=SHAE2_54550.2 gene=SHAE2_54550
SHAE2_54550.2        -            280 435253at33208        -            329   4.5e-06   26.3   0.0   4   4       4.3   7.4e+02   -0.7   0.0    91   114   234   257   223   272 0.80 transcript=SHAE2_54550.2 gene=SHAE2_54550
SHAE2_71050.1        -            792 435253at33208        -            329   5.1e-06   26.1   8.7   1   5     0.085        15    4.9   0.6    21   113   283   386   278   392 0.67 transcript=SHAE2_71050.1 gene=SHAE2_71050
SHAE2_71050.1        -            792 435253at33208        -            329   5.1e-06   26.1   8.7   2   5    0.0023      0.39   10.1   0.0    70   115   502   549   492   572 0.73 transcript=SHAE2_71050.1 gene=SHAE2_71050
SHAE2_71050.1        -            792 435253at33208        -            329   5.1e-06   26.1   8.7   3   5         2   3.4e+02    0.4   0.0    89   117   563   591   555   597 0.84 transcript=SHAE2_71050.1 gene=SHAE2_71050
SHAE2_71050.1        -            792 435253at33208        -            329   5.1e-06   26.1   8.7   4   5    0.0014      0.24   10.7   0.2    88   131   602   652   594   659 0.75 transcript=SHAE2_71050.1 gene=SHAE2_71050
SHAE2_71050.1        -            792 435253at33208        -            329   5.1e-06   26.1   8.7   5   5      0.34        59    2.9   0.1    81   129   637   693   626   698 0.68 transcript=SHAE2_71050.1 gene=SHAE2_71050
SHAE2_71050.2        -            792 435253at33208        -            329   5.1e-06   26.1   8.7   1   5     0.085        15    4.9   0.6    21   113   283   386   278   392 0.67 transcript=SHAE2_71050.2 gene=SHAE2_71050
SHAE2_71050.2        -            792 435253at33208        -            329   5.1e-06   26.1   8.7   2   5    0.0023      0.39   10.1   0.0    70   115   502   549   492   572 0.73 transcript=SHAE2_71050.2 gene=SHAE2_71050
SHAE2_71050.2        -            792 435253at33208        -            329   5.1e-06   26.1   8.7   3   5         2   3.4e+02    0.4   0.0    89   117   563   591   555   597 0.84 transcript=SHAE2_71050.2 gene=SHAE2_71050
SHAE2_71050.2        -            792 435253at33208        -            329   5.1e-06   26.1   8.7   4   5    0.0014      0.24   10.7   0.2    88   131   602   652   594   659 0.75 transcript=SHAE2_71050.2 gene=SHAE2_71050
SHAE2_71050.2        -            792 435253at33208        -            329   5.1e-06   26.1   8.7   5   5      0.34        59    2.9   0.1    81   129   637   693   626   698 0.68 transcript=SHAE2_71050.2 gene=SHAE2_71050
SHAE2_71050.3        -            792 435253at33208        -            329   5.1e-06   26.1   8.7   1   5     0.085        15    4.9   0.6    21   113   283   386   278   392 0.67 transcript=SHAE2_71050.3 gene=SHAE2_71050
SHAE2_71050.3        -            792 435253at33208        -            329   5.1e-06   26.1   8.7   2   5    0.0023      0.39   10.1   0.0    70   115   502   549   492   572 0.73 transcript=SHAE2_71050.3 gene=SHAE2_71050
SHAE2_71050.3        -            792 435253at33208        -            329   5.1e-06   26.1   8.7   3   5         2   3.4e+02    0.4   0.0    89   117   563   591   555   597 0.84 transcript=SHAE2_71050.3 gene=SHAE2_71050
SHAE2_71050.3        -            792 435253at33208        -            329   5.1e-06   26.1   8.7   4   5    0.0014      0.24   10.7   0.2    88   131   602   652   594   659 0.75 transcript=SHAE2_71050.3 gene=SHAE2_71050
SHAE2_71050.3        -            792 435253at33208        -            329   5.1e-06   26.1   8.7   5   5      0.34        59    2.9   0.1    81   129   637   693   626   698 0.68 transcript=SHAE2_71050.3 gene=SHAE2_71050
SHAE2_71050.4        -            792 435253at33208        -            329   5.1e-06   26.1   8.7   1   5     0.085        15    4.9   0.6    21   113   283   386   278   392 0.67 transcript=SHAE2_71050.4 gene=SHAE2_71050
SHAE2_71050.4        -            792 435253at33208        -            329   5.1e-06   26.1   8.7   2   5    0.0023      0.39   10.1   0.0    70   115   502   549   492   572 0.73 transcript=SHAE2_71050.4 gene=SHAE2_71050
SHAE2_71050.4        -            792 435253at33208        -            329   5.1e-06   26.1   8.7   3   5         2   3.4e+02    0.4   0.0    89   117   563   591   555   597 0.84 transcript=SHAE2_71050.4 gene=SHAE2_71050
SHAE2_71050.4        -            792 435253at33208        -            329   5.1e-06   26.1   8.7   4   5    0.0014      0.24   10.7   0.2    88   131   602   652   594   659 0.75 transcript=SHAE2_71050.4 gene=SHAE2_71050
SHAE2_71050.4        -            792 435253at33208        -            329   5.1e-06   26.1   8.7   5   5      0.34        59    2.9   0.1    81   129   637   693   626   698 0.68 transcript=SHAE2_71050.4 gene=SHAE2_71050
SHAE2_71050.5        -            792 435253at33208        -            329   5.1e-06   26.1   8.7   1   5     0.085        15    4.9   0.6    21   113   283   386   278   392 0.67 transcript=SHAE2_71050.5 gene=SHAE2_71050
SHAE2_71050.5        -            792 435253at33208        -            329   5.1e-06   26.1   8.7   2   5    0.0023      0.39   10.1   0.0    70   115   502   549   492   572 0.73 transcript=SHAE2_71050.5 gene=SHAE2_71050
SHAE2_71050.5        -            792 435253at33208        -            329   5.1e-06   26.1   8.7   3   5         2   3.4e+02    0.4   0.0    89   117   563   591   555   597 0.84 transcript=SHAE2_71050.5 gene=SHAE2_71050
SHAE2_71050.5        -            792 435253at33208        -            329   5.1e-06   26.1   8.7   4   5    0.0014      0.24   10.7   0.2    88   131   602   652   594   659 0.75 transcript=SHAE2_71050.5 gene=SHAE2_71050
SHAE2_71050.5        -            792 435253at33208        -            329   5.1e-06   26.1   8.7   5   5      0.34        59    2.9   0.1    81   129   637   693   626   698 0.68 transcript=SHAE2_71050.5 gene=SHAE2_71050
SHAE2_71050.6        -            792 435253at33208        -            329   5.1e-06   26.1   8.7   1   5     0.085        15    4.9   0.6    21   113   283   386   278   392 0.67 transcript=SHAE2_71050.6 gene=SHAE2_71050
SHAE2_71050.6        -            792 435253at33208        -            329   5.1e-06   26.1   8.7   2   5    0.0023      0.39   10.1   0.0    70   115   502   549   492   572 0.73 transcript=SHAE2_71050.6 gene=SHAE2_71050
SHAE2_71050.6        -            792 435253at33208        -            329   5.1e-06   26.1   8.7   3   5         2   3.4e+02    0.4   0.0    89   117   563   591   555   597 0.84 transcript=SHAE2_71050.6 gene=SHAE2_71050
SHAE2_71050.6        -            792 435253at33208        -            329   5.1e-06   26.1   8.7   4   5    0.0014      0.24   10.7   0.2    88   131   602   652   594   659 0.75 transcript=SHAE2_71050.6 gene=SHAE2_71050
SHAE2_71050.6        -            792 435253at33208        -            329   5.1e-06   26.1   8.7   5   5      0.34        59    2.9   0.1    81   129   637   693   626   698 0.68 transcript=SHAE2_71050.6 gene=SHAE2_71050
SHAE2_65690.1        -            206 435253at33208        -            329   5.5e-06   26.0   0.1   1   3       5.8     1e+03   -1.2   0.0   272   287    42    57    40    66 0.83 transcript=SHAE2_65690.1 gene=SHAE2_65690
SHAE2_65690.1        -            206 435253at33208        -            329   5.5e-06   26.0   0.1   2   3   0.00017      0.03   13.7   0.0    86   121    68   103    60   111 0.86 transcript=SHAE2_65690.1 gene=SHAE2_65690
SHAE2_65690.1        -            206 435253at33208        -            329   5.5e-06   26.0   0.1   3   3    0.0042      0.72    9.2   0.0    91   114   117   140   106   150 0.87 transcript=SHAE2_65690.1 gene=SHAE2_65690
SHAE2_54550.1        -            340 435253at33208        -            329   9.6e-06   25.2   0.0   1   4       3.5     6e+02   -0.4   0.0     1    25    74    98    74   134 0.66 transcript=SHAE2_54550.1 gene=SHAE2_54550
SHAE2_54550.1        -            340 435253at33208        -            329   9.6e-06   25.2   0.0   2   4   0.00038     0.065   12.6   0.0    85   114   160   189   147   201 0.85 transcript=SHAE2_54550.1 gene=SHAE2_54550
SHAE2_54550.1        -            340 435253at33208        -            329   9.6e-06   25.2   0.0   3   4     0.014       2.4    7.4   0.0    89   114   206   231   195   238 0.86 transcript=SHAE2_54550.1 gene=SHAE2_54550
SHAE2_54550.1        -            340 435253at33208        -            329   9.6e-06   25.2   0.0   4   4         6     1e+03   -1.2   0.0    91   114   294   317   284   331 0.80 transcript=SHAE2_54550.1 gene=SHAE2_54550
SHAE2_2240.1         -           1306 435253at33208        -            329   1.5e-05   24.5   5.0   1   4     0.075        13    5.1   0.0    90   113    34    57    24    65 0.87 transcript=SHAE2_2240.1 gene=SHAE2_2240
SHAE2_2240.1         -           1306 435253at33208        -            329   1.5e-05   24.5   5.0   2   4      0.21        36    3.6   0.1    89   117    75   103    66   107 0.87 transcript=SHAE2_2240.1 gene=SHAE2_2240
SHAE2_2240.1         -           1306 435253at33208        -            329   1.5e-05   24.5   5.0   3   4    0.0014      0.25   10.7   0.3    84   131   110   166   107   173 0.77 transcript=SHAE2_2240.1 gene=SHAE2_2240
SHAE2_2240.1         -           1306 435253at33208        -            329   1.5e-05   24.5   5.0   4   4      0.18        31    3.8   0.0    60   132   216   300   202   310 0.62 transcript=SHAE2_2240.1 gene=SHAE2_2240
SHAE2_68130.2        -            336 435253at33208        -            329   1.6e-05   24.5   0.8   1   2      0.17        29    3.9   0.0     2    49    45   100    44   105 0.79 transcript=SHAE2_68130.2 gene=SHAE2_68130
SHAE2_68130.2        -            336 435253at33208        -            329   1.6e-05   24.5   0.8   2   2   5.4e-06   0.00092   18.7   0.7     2   114   135   252   134   264 0.87 transcript=SHAE2_68130.2 gene=SHAE2_68130
SHAE2_71460.2        -            424 435253at33208        -            329     2e-05   24.2   6.1   1   4   0.00022     0.037   13.4   0.4    19   131    28   165     8   185 0.58 transcript=SHAE2_71460.2 gene=SHAE2_71460
SHAE2_71460.2        -            424 435253at33208        -            329     2e-05   24.2   6.1   2   4       6.1     1e+03   -1.2   0.0    88   114   246   274   239   290 0.77 transcript=SHAE2_71460.2 gene=SHAE2_71460
SHAE2_71460.2        -            424 435253at33208        -            329     2e-05   24.2   6.1   3   4    0.0044      0.75    9.1   0.4    85   127   285   327   273   350 0.75 transcript=SHAE2_71460.2 gene=SHAE2_71460
SHAE2_71460.2        -            424 435253at33208        -            329     2e-05   24.2   6.1   4   4       2.5   4.4e+02    0.0   0.1    96   130   382   423   326   424 0.60 transcript=SHAE2_71460.2 gene=SHAE2_71460
SHAE2_57530.6        -            576 435253at33208        -            329   2.3e-05   24.0   7.8   1   4     0.043       7.4    5.9   0.0    86   114   212   242   185   249 0.83 transcript=SHAE2_57530.6 gene=SHAE2_57530
SHAE2_57530.6        -            576 435253at33208        -            329   2.3e-05   24.0   7.8   2   4       1.1   1.9e+02    1.2   0.0    75   113   295   339   287   352 0.66 transcript=SHAE2_57530.6 gene=SHAE2_57530
SHAE2_57530.6        -            576 435253at33208        -            329   2.3e-05   24.0   7.8   3   4    0.0011      0.18   11.2   0.1    89   141   355   412   346   450 0.77 transcript=SHAE2_57530.6 gene=SHAE2_57530
SHAE2_57530.6        -            576 435253at33208        -            329   2.3e-05   24.0   7.8   4   4     0.025       4.3    6.6   0.0    87   120   524   557   515   568 0.90 transcript=SHAE2_57530.6 gene=SHAE2_57530
SHAE2_48330.1        -            377 435253at33208        -            329   2.3e-05   23.9  12.8   1   4    0.0098       1.7    8.0   1.8    30   128    38   138    16   140 0.69 transcript=SHAE2_48330.1 gene=SHAE2_48330
SHAE2_48330.1        -            377 435253at33208        -            329   2.3e-05   23.9  12.8   2   4    0.0074       1.3    8.4   0.8    53   113    88   158    73   167 0.63 transcript=SHAE2_48330.1 gene=SHAE2_48330
SHAE2_48330.1        -            377 435253at33208        -            329   2.3e-05   23.9  12.8   3   4    0.0016      0.27   10.6   0.0    86   114   192   220   188   244 0.87 transcript=SHAE2_48330.1 gene=SHAE2_48330
SHAE2_48330.1        -            377 435253at33208        -            329   2.3e-05   23.9  12.8   4   4     0.033       5.7    6.2   0.5    38   106   256   334   243   368 0.57 transcript=SHAE2_48330.1 gene=SHAE2_48330
SHAE2_57530.4        -            587 435253at33208        -            329   2.4e-05   23.9   7.7   1   4     0.044       7.6    5.8   0.0    86   114   223   253   196   260 0.83 transcript=SHAE2_57530.4 gene=SHAE2_57530
SHAE2_57530.4        -            587 435253at33208        -            329   2.4e-05   23.9   7.7   2   4       1.1     2e+02    1.2   0.0    75   113   306   350   298   363 0.66 transcript=SHAE2_57530.4 gene=SHAE2_57530
SHAE2_57530.4        -            587 435253at33208        -            329   2.4e-05   23.9   7.7   3   4    0.0011      0.19   11.1   0.1    89   141   366   423   357   461 0.77 transcript=SHAE2_57530.4 gene=SHAE2_57530
SHAE2_57530.4        -            587 435253at33208        -            329   2.4e-05   23.9   7.7   4   4     0.026       4.4    6.6   0.0    87   120   535   568   526   579 0.90 transcript=SHAE2_57530.4 gene=SHAE2_57530
SHAE2_57530.5        -            587 435253at33208        -            329   2.4e-05   23.9   7.7   1   4     0.044       7.6    5.8   0.0    86   114   223   253   196   260 0.83 transcript=SHAE2_57530.5 gene=SHAE2_57530
SHAE2_57530.5        -            587 435253at33208        -            329   2.4e-05   23.9   7.7   2   4       1.1     2e+02    1.2   0.0    75   113   306   350   298   363 0.66 transcript=SHAE2_57530.5 gene=SHAE2_57530
SHAE2_57530.5        -            587 435253at33208        -            329   2.4e-05   23.9   7.7   3   4    0.0011      0.19   11.1   0.1    89   141   366   423   357   461 0.77 transcript=SHAE2_57530.5 gene=SHAE2_57530
SHAE2_57530.5        -            587 435253at33208        -            329   2.4e-05   23.9   7.7   4   4     0.026       4.4    6.6   0.0    87   120   535   568   526   579 0.90 transcript=SHAE2_57530.5 gene=SHAE2_57530
SHAE2_10230.8        -            770 435253at33208        -            329   2.6e-05   23.8   2.4   1   4     0.054       9.3    5.5   0.0    88   118    36    66    28    74 0.85 transcript=SHAE2_10230.8 gene=SHAE2_10230
SHAE2_10230.8        -            770 435253at33208        -            329   2.6e-05   23.8   2.4   2   4    0.0048      0.82    9.0   0.0    89   115   127   153    71   158 0.82 transcript=SHAE2_10230.8 gene=SHAE2_10230
SHAE2_10230.8        -            770 435253at33208        -            329   2.6e-05   23.8   2.4   3   4     0.054       9.2    5.5   0.0    85   114   163   194   160   224 0.72 transcript=SHAE2_10230.8 gene=SHAE2_10230
SHAE2_10230.8        -            770 435253at33208        -            329   2.6e-05   23.8   2.4   4   4       6.3   1.1e+03   -1.3   0.2   210   273   634   693   605   705 0.81 transcript=SHAE2_10230.8 gene=SHAE2_10230
SHAE2_68130.1        -            421 435253at33208        -            329   4.6e-05   23.0   2.3   1   3      0.24        41    3.4   0.0     2    49    45   100    44   104 0.79 transcript=SHAE2_68130.1 gene=SHAE2_68130
SHAE2_68130.1        -            421 435253at33208        -            329   4.6e-05   23.0   2.3   2   3   8.4e-06    0.0014   18.0   0.7     2   114   135   252   134   264 0.87 transcript=SHAE2_68130.1 gene=SHAE2_68130
SHAE2_68130.1        -            421 435253at33208        -            329   4.6e-05   23.0   2.3   3   3       9.2   1.6e+03   -1.8   0.0    82    97   396   413   388   416 0.58 transcript=SHAE2_68130.1 gene=SHAE2_68130
SHAE2_91670.1        -            448 435253at33208        -            329   5.2e-05   22.8   1.4   1   3   0.00011      0.02   14.3   0.1    83   131   172   230   148   238 0.75 transcript=SHAE2_91670.1 gene=SHAE2_91670
SHAE2_91670.1        -            448 435253at33208        -            329   5.2e-05   22.8   1.4   2   3      0.01       1.7    7.9   0.0     3    53   222   280   220   281 0.87 transcript=SHAE2_91670.1 gene=SHAE2_91670
SHAE2_91670.1        -            448 435253at33208        -            329   5.2e-05   22.8   1.4   3   3     0.067        12    5.2   0.0    81   116   259   294   254   316 0.69 transcript=SHAE2_91670.1 gene=SHAE2_91670
SHAE2_37260.1        -            689 435253at33208        -            329   7.3e-05   22.3   0.6   1   3     0.031       5.3    6.3   0.1     3   113   421   528   419   531 0.80 transcript=SHAE2_37260.1 gene=SHAE2_37260
SHAE2_37260.1        -            689 435253at33208        -            329   7.3e-05   22.3   0.6   2   3     0.019       3.2    7.0   0.0    74   112   531   569   529   575 0.88 transcript=SHAE2_37260.1 gene=SHAE2_37260
SHAE2_37260.1        -            689 435253at33208        -            329   7.3e-05   22.3   0.6   3   3     0.088        15    4.8   0.0    84   118   590   626   585   651 0.70 transcript=SHAE2_37260.1 gene=SHAE2_37260
SHAE2_37260.2        -            689 435253at33208        -            329   7.3e-05   22.3   0.6   1   3     0.031       5.3    6.3   0.1     3   113   421   528   419   531 0.80 transcript=SHAE2_37260.2 gene=SHAE2_37260
SHAE2_37260.2        -            689 435253at33208        -            329   7.3e-05   22.3   0.6   2   3     0.019       3.2    7.0   0.0    74   112   531   569   529   575 0.88 transcript=SHAE2_37260.2 gene=SHAE2_37260
SHAE2_37260.2        -            689 435253at33208        -            329   7.3e-05   22.3   0.6   3   3     0.088        15    4.8   0.0    84   118   590   626   585   651 0.70 transcript=SHAE2_37260.2 gene=SHAE2_37260
SHAE2_71460.1        -            587 435253at33208        -            329   9.5e-05   21.9   5.9   1   3   0.00036     0.062   12.7   0.3    20   131   192   328   171   351 0.58 transcript=SHAE2_71460.1 gene=SHAE2_71460
SHAE2_71460.1        -            587 435253at33208        -            329   9.5e-05   21.9   5.9   2   3    0.0071       1.2    8.4   0.3    85   127   448   490   437   507 0.75 transcript=SHAE2_71460.1 gene=SHAE2_71460
SHAE2_71460.1        -            587 435253at33208        -            329   9.5e-05   21.9   5.9   3   3       4.2   7.2e+02   -0.7   0.1    97   130   546   586   490   587 0.62 transcript=SHAE2_71460.1 gene=SHAE2_71460
SHAE2_78340.4        -            710 435253at33208        -            329    0.0001   21.9   1.2   1   3     0.048       8.3    5.7   0.0    61   118    88   155    79   180 0.69 transcript=SHAE2_78340.4 gene=SHAE2_78340
SHAE2_78340.4        -            710 435253at33208        -            329    0.0001   21.9   1.2   2   3    0.0086       1.5    8.2   0.0    93   115   218   240   208   263 0.89 transcript=SHAE2_78340.4 gene=SHAE2_78340
SHAE2_78340.4        -            710 435253at33208        -            329    0.0001   21.9   1.2   3   3      0.15        26    4.1   0.3   225   283   537   603   510   625 0.63 transcript=SHAE2_78340.4 gene=SHAE2_78340
SHAE2_91670.2        -            561 435253at33208        -            329    0.0001   21.8   1.2   1   3   0.00016     0.027   13.9   0.1    83   131   285   343   261   351 0.75 transcript=SHAE2_91670.2 gene=SHAE2_91670
SHAE2_91670.2        -            561 435253at33208        -            329    0.0001   21.8   1.2   2   3     0.011       1.8    7.9   0.0     3    53   335   393   333   400 0.87 transcript=SHAE2_91670.2 gene=SHAE2_91670
SHAE2_91670.2        -            561 435253at33208        -            329    0.0001   21.8   1.2   3   3     0.088        15    4.8   0.0    81   116   372   407   367   430 0.69 transcript=SHAE2_91670.2 gene=SHAE2_91670
SHAE2_91670.3        -            561 435253at33208        -            329    0.0001   21.8   1.2   1   3   0.00016     0.027   13.9   0.1    83   131   285   343   261   351 0.75 transcript=SHAE2_91670.3 gene=SHAE2_91670
SHAE2_91670.3        -            561 435253at33208        -            329    0.0001   21.8   1.2   2   3     0.011       1.8    7.9   0.0     3    53   335   393   333   400 0.87 transcript=SHAE2_91670.3 gene=SHAE2_91670
SHAE2_91670.3        -            561 435253at33208        -            329    0.0001   21.8   1.2   3   3     0.088        15    4.8   0.0    81   116   372   407   367   430 0.69 transcript=SHAE2_91670.3 gene=SHAE2_91670
SHAE2_78340.5        -            676 435253at33208        -            329    0.0001   21.8   1.5   1   3     0.045       7.8    5.8   0.0    61   118    56   123    47   148 0.69 transcript=SHAE2_78340.5 gene=SHAE2_78340
SHAE2_78340.5        -            676 435253at33208        -            329    0.0001   21.8   1.5   2   3    0.0081       1.4    8.2   0.0    93   115   186   208   176   233 0.89 transcript=SHAE2_78340.5 gene=SHAE2_78340
SHAE2_78340.5        -            676 435253at33208        -            329    0.0001   21.8   1.5   3   3      0.14        24    4.2   0.3   225   283   505   571   478   593 0.63 transcript=SHAE2_78340.5 gene=SHAE2_78340
SHAE2_84520.1        -            554 435253at33208        -            329    0.0003   20.3   0.5   1   2   1.8e-05    0.0031   17.0   0.2    71   138    40   114    35   119 0.82 transcript=SHAE2_84520.1 gene=SHAE2_84520
SHAE2_84520.1        -            554 435253at33208        -            329    0.0003   20.3   0.5   2   2       1.5   2.5e+02    0.8   0.0    32    60   177   205   175   240 0.72 transcript=SHAE2_84520.1 gene=SHAE2_84520
SHAE2_78340.1        -            942 435253at33208        -            329   0.00043   19.8   2.7   1   3      0.07        12    5.2   0.0    61   118   322   389   313   413 0.69 transcript=SHAE2_78340.1 gene=SHAE2_78340
SHAE2_78340.1        -            942 435253at33208        -            329   0.00043   19.8   2.7   2   3     0.012       2.1    7.6   0.0    93   115   452   474   443   492 0.89 transcript=SHAE2_78340.1 gene=SHAE2_78340
SHAE2_78340.1        -            942 435253at33208        -            329   0.00043   19.8   2.7   3   3      0.23        39    3.5   0.3   225   283   771   837   744   857 0.62 transcript=SHAE2_78340.1 gene=SHAE2_78340
SHAE2_78340.2        -            944 435253at33208        -            329   0.00043   19.8   2.7   1   3     0.071        12    5.1   0.0    61   118   322   389   313   413 0.69 transcript=SHAE2_78340.2 gene=SHAE2_78340
SHAE2_78340.2        -            944 435253at33208        -            329   0.00043   19.8   2.7   2   3     0.012       2.1    7.6   0.0    93   115   452   474   443   492 0.89 transcript=SHAE2_78340.2 gene=SHAE2_78340
SHAE2_78340.2        -            944 435253at33208        -            329   0.00043   19.8   2.7   3   3      0.23        39    3.5   0.3   225   283   771   837   744   857 0.62 transcript=SHAE2_78340.2 gene=SHAE2_78340
SHAE2_103440.1       -            933 435253at33208        -            329   0.00044   19.7   5.6   1   3    0.0077       1.3    8.3   0.1    88   141   168   227   157   237 0.73 transcript=SHAE2_103440.1 gene=SHAE2_103440
SHAE2_103440.1       -            933 435253at33208        -            329   0.00044   19.7   5.6   2   3       3.7   6.4e+02   -0.5   0.1   115   158   443   486   435   506 0.63 transcript=SHAE2_103440.1 gene=SHAE2_103440
SHAE2_103440.1       -            933 435253at33208        -            329   0.00044   19.7   5.6   3   3    0.0017      0.29   10.5   0.1     2   118   510   638   509   649 0.62 transcript=SHAE2_103440.1 gene=SHAE2_103440
SHAE2_103440.2       -            933 435253at33208        -            329   0.00044   19.7   5.6   1   3    0.0077       1.3    8.3   0.1    88   141   168   227   157   237 0.73 transcript=SHAE2_103440.2 gene=SHAE2_103440
SHAE2_103440.2       -            933 435253at33208        -            329   0.00044   19.7   5.6   2   3       3.7   6.4e+02   -0.5   0.1   115   158   443   486   435   506 0.63 transcript=SHAE2_103440.2 gene=SHAE2_103440
SHAE2_103440.2       -            933 435253at33208        -            329   0.00044   19.7   5.6   3   3    0.0017      0.29   10.5   0.1     2   118   510   638   509   649 0.62 transcript=SHAE2_103440.2 gene=SHAE2_103440
SHAE2_78340.3        -            929 435253at33208        -            329   0.00045   19.7   2.7   1   3     0.069        12    5.2   0.0    61   118   322   389   313   413 0.69 transcript=SHAE2_78340.3 gene=SHAE2_78340
SHAE2_78340.3        -            929 435253at33208        -            329   0.00045   19.7   2.7   2   3     0.012       2.1    7.7   0.0    93   115   452   474   443   492 0.89 transcript=SHAE2_78340.3 gene=SHAE2_78340
SHAE2_78340.3        -            929 435253at33208        -            329   0.00045   19.7   2.7   3   3      0.22        39    3.5   0.3   225   283   758   824   731   844 0.62 transcript=SHAE2_78340.3 gene=SHAE2_78340
SHAE2_86220.1        -            315 435253at33208        -            329   0.00085   18.8   4.4   1   5       2.3   3.9e+02    0.2   0.0    83   119    30    73    23    82 0.71 transcript=SHAE2_86220.1 gene=SHAE2_86220
SHAE2_86220.1        -            315 435253at33208        -            329   0.00085   18.8   4.4   2   5    0.0016      0.28   10.5   0.0    88   120    84   116    76   136 0.81 transcript=SHAE2_86220.1 gene=SHAE2_86220
SHAE2_86220.1        -            315 435253at33208        -            329   0.00085   18.8   4.4   3   5       2.3   3.9e+02    0.2   0.0    88   116   171   199   159   207 0.82 transcript=SHAE2_86220.1 gene=SHAE2_86220
SHAE2_86220.1        -            315 435253at33208        -            329   0.00085   18.8   4.4   4   5      0.21        35    3.6   0.5    34   101   208   266   171   271 0.68 transcript=SHAE2_86220.1 gene=SHAE2_86220
SHAE2_86220.1        -            315 435253at33208        -            329   0.00085   18.8   4.4   5   5       3.5     6e+02   -0.4   0.0    19    32   281   294   277   314 0.79 transcript=SHAE2_86220.1 gene=SHAE2_86220
SHAE2_98070.1        -           1016 435253at33208        -            329   0.00089   18.7   2.3   1   2      0.31        54    3.0   1.0    86   130   118   171    35   177 0.76 transcript=SHAE2_98070.1 gene=SHAE2_98070
SHAE2_98070.1        -           1016 435253at33208        -            329   0.00089   18.7   2.3   2   2   0.00025     0.044   13.2   0.0    88   116   208   236   201   265 0.86 transcript=SHAE2_98070.1 gene=SHAE2_98070
SHAE2_57530.3        -            626 435253at33208        -            329   0.00098   18.6   7.0   1   4     0.048       8.2    5.7   0.0    86   114   223   253   196   260 0.83 transcript=SHAE2_57530.3 gene=SHAE2_57530
SHAE2_57530.3        -            626 435253at33208        -            329   0.00098   18.6   7.0   2   4       0.3        52    3.1   0.1    75   133   306   375   298   380 0.69 transcript=SHAE2_57530.3 gene=SHAE2_57530
SHAE2_57530.3        -            626 435253at33208        -            329   0.00098   18.6   7.0   3   4      0.09        16    4.8   0.0    89   119   366   396   357   406 0.85 transcript=SHAE2_57530.3 gene=SHAE2_57530
SHAE2_57530.3        -            626 435253at33208        -            329   0.00098   18.6   7.0   4   4     0.028       4.8    6.5   0.0    87   120   574   607   565   617 0.91 transcript=SHAE2_57530.3 gene=SHAE2_57530
SHAE2_57530.7        -            626 435253at33208        -            329   0.00098   18.6   7.0   1   4     0.048       8.2    5.7   0.0    86   114   223   253   196   260 0.83 transcript=SHAE2_57530.7 gene=SHAE2_57530
SHAE2_57530.7        -            626 435253at33208        -            329   0.00098   18.6   7.0   2   4       0.3        52    3.1   0.1    75   133   306   375   298   380 0.69 transcript=SHAE2_57530.7 gene=SHAE2_57530
SHAE2_57530.7        -            626 435253at33208        -            329   0.00098   18.6   7.0   3   4      0.09        16    4.8   0.0    89   119   366   396   357   406 0.85 transcript=SHAE2_57530.7 gene=SHAE2_57530
SHAE2_57530.7        -            626 435253at33208        -            329   0.00098   18.6   7.0   4   4     0.028       4.8    6.5   0.0    87   120   574   607   565   617 0.91 transcript=SHAE2_57530.7 gene=SHAE2_57530
SHAE2_60200.1        -            514 435253at33208        -            329    0.0018   17.7   1.1   1   1   0.00014     0.025   14.0   0.7    26   115   267   355   233   385 0.55 transcript=SHAE2_60200.1 gene=SHAE2_60200
SHAE2_28210.1        -            317 435253at33208        -            329    0.0049   16.3   0.6   1   3       4.8   8.2e+02   -0.9   0.0    89   114    18    43    11    66 0.81 transcript=SHAE2_28210.1 gene=SHAE2_28210
SHAE2_28210.1        -            317 435253at33208        -            329    0.0049   16.3   0.6   2   3     0.011       1.9    7.8   0.2    31   117   137   218   116   233 0.79 transcript=SHAE2_28210.1 gene=SHAE2_28210
SHAE2_28210.1        -            317 435253at33208        -            329    0.0049   16.3   0.6   3   3     0.063        11    5.3   0.0    84   113   274   305   260   312 0.80 transcript=SHAE2_28210.1 gene=SHAE2_28210
SHAE2_37260.3        -            602 435253at33208        -            329    0.0053   16.2   0.4   1   2     0.027       4.6    6.5   0.1     3   113   421   528   419   530 0.80 transcript=SHAE2_37260.3 gene=SHAE2_37260
SHAE2_37260.3        -            602 435253at33208        -            329    0.0053   16.2   0.4   2   2     0.014       2.5    7.4   0.0    74   112   531   569   528   575 0.88 transcript=SHAE2_37260.3 gene=SHAE2_37260
SHAE2_43010.1        -            308 435253at33208        -            329    0.0075   15.7   0.5   1   3      0.14        25    4.1   0.0    88   109    89   110    72   150 0.79 transcript=SHAE2_43010.1 gene=SHAE2_43010
SHAE2_43010.1        -            308 435253at33208        -            329    0.0075   15.7   0.5   2   3      0.43        74    2.6   0.0    82   112   208   239   129   256 0.67 transcript=SHAE2_43010.1 gene=SHAE2_43010
SHAE2_43010.1        -            308 435253at33208        -            329    0.0075   15.7   0.5   3   3     0.066        11    5.2   0.1    85   112   252   281   248   298 0.83 transcript=SHAE2_43010.1 gene=SHAE2_43010
SHAE2_45400.1        -            446 435253at33208        -            329    0.0084   15.5   0.6   1   2   0.00066      0.11   11.8   0.9     3    72   120   182   118   186 0.76 transcript=SHAE2_45400.1 gene=SHAE2_45400
SHAE2_45400.1        -            446 435253at33208        -            329    0.0084   15.5   0.6   2   2       3.4   5.9e+02   -0.4   0.0    88   113   384   410   376   413 0.82 transcript=SHAE2_45400.1 gene=SHAE2_45400
SHAE2_34020.1        -            762 435253at33208        -            329     0.013   14.9   0.0   1   1   0.00024     0.042   13.2   0.0    36   123    69   150    59   175 0.70 transcript=SHAE2_34020.1 gene=SHAE2_34020
SHAE2_60220.1        -            514 435253at33208        -            329     0.019   14.4   0.2   1   1   0.00081      0.14   11.5   0.1    23   116   264   356   233   383 0.58 transcript=SHAE2_60220.1 gene=SHAE2_60220
SHAE2_13870.3        -            622 435253at33208        -            329     0.021   14.2   0.4   1   3      0.53        90    2.3   0.1    88   121   124   155   111   161 0.79 transcript=SHAE2_13870.3 gene=SHAE2_13870
SHAE2_13870.3        -            622 435253at33208        -            329     0.021   14.2   0.4   2   3    0.0062       1.1    8.6   0.0    85   115   217   249   163   289 0.79 transcript=SHAE2_13870.3 gene=SHAE2_13870
SHAE2_13870.3        -            622 435253at33208        -            329     0.021   14.2   0.4   3   3       8.6   1.5e+03   -1.7   0.0     2    57   263   323   262   326 0.72 transcript=SHAE2_13870.3 gene=SHAE2_13870
SHAE2_13870.4        -            622 435253at33208        -            329     0.021   14.2   0.4   1   3      0.53        90    2.3   0.1    88   121   124   155   111   161 0.79 transcript=SHAE2_13870.4 gene=SHAE2_13870
SHAE2_13870.4        -            622 435253at33208        -            329     0.021   14.2   0.4   2   3    0.0062       1.1    8.6   0.0    85   115   217   249   163   289 0.79 transcript=SHAE2_13870.4 gene=SHAE2_13870
SHAE2_13870.4        -            622 435253at33208        -            329     0.021   14.2   0.4   3   3       8.6   1.5e+03   -1.7   0.0     2    57   263   323   262   326 0.72 transcript=SHAE2_13870.4 gene=SHAE2_13870
SHAE2_91550.1        -            421 435253at33208        -            329     0.024   14.1   1.6   1   3      0.81   1.4e+02    1.7   0.0    83   113   192   231   183   241 0.62 transcript=SHAE2_91550.1 gene=SHAE2_91550
SHAE2_91550.1        -            421 435253at33208        -            329     0.024   14.1   1.6   2   3      0.01       1.7    7.9   0.3     3    62   249   321   247   349 0.50 transcript=SHAE2_91550.1 gene=SHAE2_91550
SHAE2_91550.1        -            421 435253at33208        -            329     0.024   14.1   1.6   3   3       1.8   3.1e+02    0.5   0.0   114   139   387   412   367   416 0.77 transcript=SHAE2_91550.1 gene=SHAE2_91550
SHAE2_53860.9        -            492 435253at33208        -            329     0.026   13.9   0.1   1   3      0.26        44    3.3   0.0    86   109   266   290   253   299 0.81 transcript=SHAE2_53860.9 gene=SHAE2_53860
SHAE2_53860.9        -            492 435253at33208        -            329     0.026   13.9   0.1   2   3       4.3   7.4e+02   -0.7   0.0    92   114   316   338   310   342 0.85 transcript=SHAE2_53860.9 gene=SHAE2_53860
SHAE2_53860.9        -            492 435253at33208        -            329     0.026   13.9   0.1   3   3     0.078        13    5.0   0.0    86   115   394   423   390   445 0.88 transcript=SHAE2_53860.9 gene=SHAE2_53860
SHAE2_54020.1        -            492 435253at33208        -            329     0.026   13.9   0.1   1   3      0.26        44    3.3   0.0    86   109   266   290   253   299 0.81 transcript=SHAE2_54020.1 gene=SHAE2_54020
SHAE2_54020.1        -            492 435253at33208        -            329     0.026   13.9   0.1   2   3       4.3   7.4e+02   -0.7   0.0    92   114   316   338   310   342 0.85 transcript=SHAE2_54020.1 gene=SHAE2_54020
SHAE2_54020.1        -            492 435253at33208        -            329     0.026   13.9   0.1   3   3     0.078        13    5.0   0.0    86   115   394   423   390   445 0.88 transcript=SHAE2_54020.1 gene=SHAE2_54020
SHAE2_57530.2        -            431 435253at33208        -            329     0.027   13.9   5.4   1   4         8   1.4e+03   -1.6   0.3   244   291    25    74    19    81 0.67 transcript=SHAE2_57530.2 gene=SHAE2_57530
SHAE2_57530.2        -            431 435253at33208        -            329     0.027   13.9   5.4   2   4     0.036       6.3    6.1   0.0    86   114   223   253   216   260 0.82 transcript=SHAE2_57530.2 gene=SHAE2_57530
SHAE2_57530.2        -            431 435253at33208        -            329     0.027   13.9   5.4   3   4      0.77   1.3e+02    1.7   0.0    75   113   306   350   297   362 0.66 transcript=SHAE2_57530.2 gene=SHAE2_57530
SHAE2_57530.2        -            431 435253at33208        -            329     0.027   13.9   5.4   4   4     0.045       7.8    5.8   0.2    88   118   365   395   312   408 0.87 transcript=SHAE2_57530.2 gene=SHAE2_57530
SHAE2_32700.4        -            671 435253at33208        -            329     0.027   13.9   0.4   1   3       4.3   7.4e+02   -0.7   0.1   213   236    67    90    47    96 0.84 transcript=SHAE2_32700.4 gene=SHAE2_32700
SHAE2_32700.4        -            671 435253at33208        -            329     0.027   13.9   0.4   2   3       9.4   1.6e+03   -1.8   0.0    87   117   405   436   404   441 0.80 transcript=SHAE2_32700.4 gene=SHAE2_32700
SHAE2_32700.4        -            671 435253at33208        -            329     0.027   13.9   0.4   3   3    0.0029      0.51    9.7   0.0    86   118   447   479   436   486 0.90 transcript=SHAE2_32700.4 gene=SHAE2_32700
SHAE2_32290.2        -            400 435253at33208        -            329     0.028   13.8   3.2   1   3   0.00059       0.1   12.0   0.1    86   141   177   239   169   258 0.73 transcript=SHAE2_32290.2 gene=SHAE2_32290
SHAE2_32290.2        -            400 435253at33208        -            329     0.028   13.8   3.2   2   3       3.1   5.4e+02   -0.3   0.0     3    27   262   286   260   290 0.86 transcript=SHAE2_32290.2 gene=SHAE2_32290
SHAE2_32290.2        -            400 435253at33208        -            329     0.028   13.8   3.2   3   3       3.6   6.1e+02   -0.4   0.0    32    52   342   362   340   380 0.83 transcript=SHAE2_32290.2 gene=SHAE2_32290
SHAE2_32290.3        -            400 435253at33208        -            329     0.028   13.8   3.2   1   3   0.00059       0.1   12.0   0.1    86   141   177   239   169   258 0.73 transcript=SHAE2_32290.3 gene=SHAE2_32290
SHAE2_32290.3        -            400 435253at33208        -            329     0.028   13.8   3.2   2   3       3.1   5.4e+02   -0.3   0.0     3    27   262   286   260   290 0.86 transcript=SHAE2_32290.3 gene=SHAE2_32290
SHAE2_32290.3        -            400 435253at33208        -            329     0.028   13.8   3.2   3   3       3.6   6.1e+02   -0.4   0.0    32    52   342   362   340   380 0.83 transcript=SHAE2_32290.3 gene=SHAE2_32290
SHAE2_32700.10       -            681 435253at33208        -            329     0.028   13.8   0.4   1   3       4.4   7.5e+02   -0.7   0.1   213   236    77   100    57   106 0.84 transcript=SHAE2_32700.10 gene=SHAE2_32700
SHAE2_32700.10       -            681 435253at33208        -            329     0.028   13.8   0.4   2   3       8.8   1.5e+03   -1.7   0.0    87   117   415   446   410   451 0.82 transcript=SHAE2_32700.10 gene=SHAE2_32700
SHAE2_32700.10       -            681 435253at33208        -            329     0.028   13.8   0.4   3   3    0.0031      0.54    9.6   0.0    86   118   457   489   447   495 0.90 transcript=SHAE2_32700.10 gene=SHAE2_32700
SHAE2_32700.3        -            693 435253at33208        -            329      0.03   13.7   0.4   1   3       4.5   7.7e+02   -0.8   0.1   213   236    89   112    69   118 0.84 transcript=SHAE2_32700.3 gene=SHAE2_32700
SHAE2_32700.3        -            693 435253at33208        -            329      0.03   13.7   0.4   2   3       8.9   1.5e+03   -1.8   0.0    87   117   427   458   422   463 0.82 transcript=SHAE2_32700.3 gene=SHAE2_32700
SHAE2_32700.3        -            693 435253at33208        -            329      0.03   13.7   0.4   3   3    0.0032      0.55    9.6   0.0    86   118   469   501   459   507 0.90 transcript=SHAE2_32700.3 gene=SHAE2_32700
SHAE2_32700.5        -            693 435253at33208        -            329      0.03   13.7   0.4   1   3       4.5   7.7e+02   -0.8   0.1   213   236    89   112    69   118 0.84 transcript=SHAE2_32700.5 gene=SHAE2_32700
SHAE2_32700.5        -            693 435253at33208        -            329      0.03   13.7   0.4   2   3       8.9   1.5e+03   -1.8   0.0    87   117   427   458   422   463 0.82 transcript=SHAE2_32700.5 gene=SHAE2_32700
SHAE2_32700.5        -            693 435253at33208        -            329      0.03   13.7   0.4   3   3    0.0032      0.55    9.6   0.0    86   118   469   501   459   507 0.90 transcript=SHAE2_32700.5 gene=SHAE2_32700
SHAE2_32700.7        -            693 435253at33208        -            329      0.03   13.7   0.4   1   3       4.5   7.7e+02   -0.8   0.1   213   236    89   112    69   118 0.84 transcript=SHAE2_32700.7 gene=SHAE2_32700
SHAE2_32700.7        -            693 435253at33208        -            329      0.03   13.7   0.4   2   3       8.9   1.5e+03   -1.8   0.0    87   117   427   458   422   463 0.82 transcript=SHAE2_32700.7 gene=SHAE2_32700
SHAE2_32700.7        -            693 435253at33208        -            329      0.03   13.7   0.4   3   3    0.0032      0.55    9.6   0.0    86   118   469   501   459   507 0.90 transcript=SHAE2_32700.7 gene=SHAE2_32700
SHAE2_32700.8        -            703 435253at33208        -            329      0.03   13.7   0.3   1   3       4.5   7.8e+02   -0.8   0.1   213   236    99   122    80   128 0.84 transcript=SHAE2_32700.8 gene=SHAE2_32700
SHAE2_32700.8        -            703 435253at33208        -            329      0.03   13.7   0.3   2   3       9.3   1.6e+03   -1.8   0.0    87   117   437   468   433   473 0.81 transcript=SHAE2_32700.8 gene=SHAE2_32700
SHAE2_32700.8        -            703 435253at33208        -            329      0.03   13.7   0.3   3   3    0.0033      0.56    9.5   0.0    86   118   479   511   469   517 0.90 transcript=SHAE2_32700.8 gene=SHAE2_32700
SHAE2_32700.9        -            703 435253at33208        -            329      0.03   13.7   0.3   1   3       4.5   7.8e+02   -0.8   0.1   213   236    99   122    80   128 0.84 transcript=SHAE2_32700.9 gene=SHAE2_32700
SHAE2_32700.9        -            703 435253at33208        -            329      0.03   13.7   0.3   2   3       9.3   1.6e+03   -1.8   0.0    87   117   437   468   433   473 0.81 transcript=SHAE2_32700.9 gene=SHAE2_32700
SHAE2_32700.9        -            703 435253at33208        -            329      0.03   13.7   0.3   3   3    0.0033      0.56    9.5   0.0    86   118   479   511   469   517 0.90 transcript=SHAE2_32700.9 gene=SHAE2_32700
SHAE2_91550.2        -            410 435253at33208        -            329     0.035   13.5   2.6   1   4      0.78   1.3e+02    1.7   0.0    83   113   192   231   183   241 0.63 transcript=SHAE2_91550.2 gene=SHAE2_91550
SHAE2_91550.2        -            410 435253at33208        -            329     0.035   13.5   2.6   2   4     0.014       2.4    7.4   0.1     2    62   248   321   247   335 0.62 transcript=SHAE2_91550.2 gene=SHAE2_91550
SHAE2_91550.2        -            410 435253at33208        -            329     0.035   13.5   2.6   3   4     0.036       6.2    6.1   0.1    86   131   293   347   285   354 0.76 transcript=SHAE2_91550.2 gene=SHAE2_91550
SHAE2_91550.2        -            410 435253at33208        -            329     0.035   13.5   2.6   4   4       1.5   2.5e+02    0.8   0.1   113   133   386   406   369   408 0.85 transcript=SHAE2_91550.2 gene=SHAE2_91550
SHAE2_53860.8        -            448 435253at33208        -            329     0.035   13.5   0.0   1   3      0.23        39    3.5   0.0    86   109   266   290   253   299 0.81 transcript=SHAE2_53860.8 gene=SHAE2_53860
SHAE2_53860.8        -            448 435253at33208        -            329     0.035   13.5   0.0   2   3       3.6   6.2e+02   -0.5   0.0    92   115   316   339   310   343 0.85 transcript=SHAE2_53860.8 gene=SHAE2_53860
SHAE2_53860.8        -            448 435253at33208        -            329     0.035   13.5   0.0   3   3     0.095        16    4.7   0.0    86   114   394   422   390   428 0.90 transcript=SHAE2_53860.8 gene=SHAE2_53860
SHAE2_32700.1        -            530 435253at33208        -            329     0.035   13.5   0.0   1   3       7.9   1.4e+03   -1.6   0.0   113   133   211   231   179   250 0.72 transcript=SHAE2_32700.1 gene=SHAE2_32700
SHAE2_32700.1        -            530 435253at33208        -            329     0.035   13.5   0.0   2   3       6.1     1e+03   -1.2   0.0    87   117   264   295   258   304 0.83 transcript=SHAE2_32700.1 gene=SHAE2_32700
SHAE2_32700.1        -            530 435253at33208        -            329     0.035   13.5   0.0   3   3    0.0022      0.38   10.1   0.0    86   118   306   338   295   345 0.90 transcript=SHAE2_32700.1 gene=SHAE2_32700
SHAE2_32700.11       -            530 435253at33208        -            329     0.035   13.5   0.0   1   3       7.9   1.4e+03   -1.6   0.0   113   133   211   231   179   250 0.72 transcript=SHAE2_32700.11 gene=SHAE2_32700
SHAE2_32700.11       -            530 435253at33208        -            329     0.035   13.5   0.0   2   3       6.1     1e+03   -1.2   0.0    87   117   264   295   258   304 0.83 transcript=SHAE2_32700.11 gene=SHAE2_32700
SHAE2_32700.11       -            530 435253at33208        -            329     0.035   13.5   0.0   3   3    0.0022      0.38   10.1   0.0    86   118   306   338   295   345 0.90 transcript=SHAE2_32700.11 gene=SHAE2_32700
SHAE2_32700.12       -            530 435253at33208        -            329     0.035   13.5   0.0   1   3       7.9   1.4e+03   -1.6   0.0   113   133   211   231   179   250 0.72 transcript=SHAE2_32700.12 gene=SHAE2_32700
SHAE2_32700.12       -            530 435253at33208        -            329     0.035   13.5   0.0   2   3       6.1     1e+03   -1.2   0.0    87   117   264   295   258   304 0.83 transcript=SHAE2_32700.12 gene=SHAE2_32700
SHAE2_32700.12       -            530 435253at33208        -            329     0.035   13.5   0.0   3   3    0.0022      0.38   10.1   0.0    86   118   306   338   295   345 0.90 transcript=SHAE2_32700.12 gene=SHAE2_32700
SHAE2_32700.2        -            758 435253at33208        -            329     0.037   13.4   0.3   1   2       5.2   8.9e+02   -1.0   0.1   213   236   154   177   136   182 0.84 transcript=SHAE2_32700.2 gene=SHAE2_32700
SHAE2_32700.2        -            758 435253at33208        -            329     0.037   13.4   0.3   2   2    0.0034      0.59    9.5   0.0    86   118   534   566   524   573 0.90 transcript=SHAE2_32700.2 gene=SHAE2_32700
SHAE2_32700.6        -            768 435253at33208        -            329     0.037   13.4   0.3   1   2       5.3     9e+02   -1.0   0.1   213   236   164   187   146   192 0.84 transcript=SHAE2_32700.6 gene=SHAE2_32700
SHAE2_32700.6        -            768 435253at33208        -            329     0.037   13.4   0.3   2   2    0.0035       0.6    9.4   0.0    86   118   544   576   534   583 0.90 transcript=SHAE2_32700.6 gene=SHAE2_32700
SHAE2_35170.1        -            702 435253at33208        -            329     0.042   13.2   1.9   1   3      0.95   1.6e+02    1.4   0.3    27    59    10    49     4    56 0.71 transcript=SHAE2_35170.1 gene=SHAE2_35170
SHAE2_35170.1        -            702 435253at33208        -            329     0.042   13.2   1.9   2   3       8.1   1.4e+03   -1.6   0.0    43    63    55    75    49    85 0.81 transcript=SHAE2_35170.1 gene=SHAE2_35170
SHAE2_35170.1        -            702 435253at33208        -            329     0.042   13.2   1.9   3   3    0.0031      0.54    9.6   0.0    23    57   468   502   454   509 0.84 transcript=SHAE2_35170.1 gene=SHAE2_35170
SHAE2_13870.1        -            873 435253at33208        -            329     0.052   12.9   0.3   1   2      0.72   1.2e+02    1.8   0.2    88   121   124   155   111   178 0.82 transcript=SHAE2_13870.1 gene=SHAE2_13870
SHAE2_13870.1        -            873 435253at33208        -            329     0.052   12.9   0.3   2   2      0.01       1.7    7.9   0.0    85   115   217   249   165   289 0.81 transcript=SHAE2_13870.1 gene=SHAE2_13870
SHAE2_13870.2        -            873 435253at33208        -            329     0.052   12.9   0.3   1   2      0.72   1.2e+02    1.8   0.2    88   121   124   155   111   178 0.82 transcript=SHAE2_13870.2 gene=SHAE2_13870
SHAE2_13870.2        -            873 435253at33208        -            329     0.052   12.9   0.3   2   2      0.01       1.7    7.9   0.0    85   115   217   249   165   289 0.81 transcript=SHAE2_13870.2 gene=SHAE2_13870
SHAE2_13870.5        -            873 435253at33208        -            329     0.052   12.9   0.3   1   2      0.72   1.2e+02    1.8   0.2    88   121   124   155   111   178 0.82 transcript=SHAE2_13870.5 gene=SHAE2_13870
SHAE2_13870.5        -            873 435253at33208        -            329     0.052   12.9   0.3   2   2      0.01       1.7    7.9   0.0    85   115   217   249   165   289 0.81 transcript=SHAE2_13870.5 gene=SHAE2_13870
SHAE2_13870.6        -            873 435253at33208        -            329     0.052   12.9   0.3   1   2      0.72   1.2e+02    1.8   0.2    88   121   124   155   111   178 0.82 transcript=SHAE2_13870.6 gene=SHAE2_13870
SHAE2_13870.6        -            873 435253at33208        -            329     0.052   12.9   0.3   2   2      0.01       1.7    7.9   0.0    85   115   217   249   165   289 0.81 transcript=SHAE2_13870.6 gene=SHAE2_13870
SHAE2_13870.7        -            820 435253at33208        -            329     0.053   12.9   0.3   1   2      0.77   1.3e+02    1.7   0.1    88   120    71   101    58   105 0.78 transcript=SHAE2_13870.7 gene=SHAE2_13870
SHAE2_13870.7        -            820 435253at33208        -            329     0.053   12.9   0.3   2   2      0.01       1.8    7.9   0.0    85   114   164   195   112   223 0.80 transcript=SHAE2_13870.7 gene=SHAE2_13870
SHAE2_35170.6        -            766 435253at33208        -            329     0.059   12.8   4.7   1   4       1.6   2.7e+02    0.7   0.2    32    56   109   135    95   147 0.77 transcript=SHAE2_35170.6 gene=SHAE2_35170
SHAE2_35170.6        -            766 435253at33208        -            329     0.059   12.8   4.7   2   4       0.9   1.5e+02    1.5   0.3    27    59   141   180   134   190 0.71 transcript=SHAE2_35170.6 gene=SHAE2_35170
SHAE2_35170.6        -            766 435253at33208        -            329     0.059   12.8   4.7   3   4       9.6   1.6e+03   -1.9   0.0    43    63   186   206   181   216 0.81 transcript=SHAE2_35170.6 gene=SHAE2_35170
SHAE2_35170.6        -            766 435253at33208        -            329     0.059   12.8   4.7   4   4    0.0035       0.6    9.4   0.0    23    57   599   633   585   640 0.84 transcript=SHAE2_35170.6 gene=SHAE2_35170
SHAE2_35170.4        -            814 435253at33208        -            329      0.07   12.5   4.9   1   4       1.9   3.2e+02    0.5   0.2    32    55   157   182   143   193 0.78 transcript=SHAE2_35170.4 gene=SHAE2_35170
SHAE2_35170.4        -            814 435253at33208        -            329      0.07   12.5   4.9   2   4       1.1   1.9e+02    1.2   0.3    33    59   202   228   184   238 0.71 transcript=SHAE2_35170.4 gene=SHAE2_35170
SHAE2_35170.4        -            814 435253at33208        -            329      0.07   12.5   4.9   3   4       9.9   1.7e+03   -1.9   0.0    43    63   234   254   228   263 0.82 transcript=SHAE2_35170.4 gene=SHAE2_35170
SHAE2_35170.4        -            814 435253at33208        -            329      0.07   12.5   4.9   4   4    0.0037      0.64    9.3   0.0    23    57   647   681   633   688 0.84 transcript=SHAE2_35170.4 gene=SHAE2_35170
SHAE2_13710.8        -            490 435253at33208        -            329     0.072   12.5   0.4   1   2    0.0055      0.94    8.8   0.0    89   129   122   167    80   185 0.75 transcript=SHAE2_13710.8 gene=SHAE2_13710
SHAE2_13710.8        -            490 435253at33208        -            329     0.072   12.5   0.4   2   2       1.4   2.3e+02    0.9   0.1    87   118   418   449   372   476 0.64 transcript=SHAE2_13710.8 gene=SHAE2_13710
SHAE2_35170.2        -            820 435253at33208        -            329     0.072   12.5   4.9   1   4       1.9   3.2e+02    0.5   0.2    32    55   157   182   143   193 0.78 transcript=SHAE2_35170.2 gene=SHAE2_35170
SHAE2_35170.2        -            820 435253at33208        -            329     0.072   12.5   4.9   2   4       1.1   1.9e+02    1.2   0.3    33    59   202   228   184   238 0.71 transcript=SHAE2_35170.2 gene=SHAE2_35170
SHAE2_35170.2        -            820 435253at33208        -            329     0.072   12.5   4.9   3   4        10   1.7e+03   -1.9   0.0    43    63   234   254   228   263 0.82 transcript=SHAE2_35170.2 gene=SHAE2_35170
SHAE2_35170.2        -            820 435253at33208        -            329     0.072   12.5   4.9   4   4    0.0038      0.65    9.3   0.0    23    57   647   681   633   688 0.84 transcript=SHAE2_35170.2 gene=SHAE2_35170
SHAE2_57530.1        -            471 435253at33208        -            329     0.076   12.4   6.7   1   4         9   1.5e+03   -1.8   0.3   245   290    26    73    19    81 0.67 transcript=SHAE2_57530.1 gene=SHAE2_57530
SHAE2_57530.1        -            471 435253at33208        -            329     0.076   12.4   6.7   2   4      0.04       6.9    6.0   0.0    86   114   223   253   215   260 0.83 transcript=SHAE2_57530.1 gene=SHAE2_57530
SHAE2_57530.1        -            471 435253at33208        -            329     0.076   12.4   6.7   3   4      0.87   1.5e+02    1.6   0.0    75   113   306   350   297   362 0.66 transcript=SHAE2_57530.1 gene=SHAE2_57530
SHAE2_57530.1        -            471 435253at33208        -            329     0.076   12.4   6.7   4   4     0.062        11    5.3   0.0    89   119   366   396   357   408 0.85 transcript=SHAE2_57530.1 gene=SHAE2_57530
SHAE2_35170.3        -            833 435253at33208        -            329     0.084   12.3   4.9   1   3       1.8     3e+02    0.6   0.2    32    56   109   135    95   147 0.77 transcript=SHAE2_35170.3 gene=SHAE2_35170
SHAE2_35170.3        -            833 435253at33208        -            329     0.084   12.3   4.9   2   3       1.1   1.9e+02    1.2   0.4    27    59   141   180   134   189 0.71 transcript=SHAE2_35170.3 gene=SHAE2_35170
SHAE2_35170.3        -            833 435253at33208        -            329     0.084   12.3   4.9   3   3    0.0038      0.66    9.3   0.0    23    57   599   633   585   640 0.84 transcript=SHAE2_35170.3 gene=SHAE2_35170
SHAE2_35170.5        -            881 435253at33208        -            329     0.086   12.2   4.9   1   3       2.1   3.7e+02    0.3   0.1    32    55   157   182   143   187 0.76 transcript=SHAE2_35170.5 gene=SHAE2_35170
SHAE2_35170.5        -            881 435253at33208        -            329     0.086   12.2   4.9   2   3       1.1   1.9e+02    1.2   0.4    27    59   189   228   182   238 0.71 transcript=SHAE2_35170.5 gene=SHAE2_35170
SHAE2_35170.5        -            881 435253at33208        -            329     0.086   12.2   4.9   3   3    0.0041       0.7    9.2   0.0    23    57   647   681   633   688 0.84 transcript=SHAE2_35170.5 gene=SHAE2_35170
SHAE2_13710.4        -            607 435253at33208        -            329      0.12   11.7   0.3   1   2    0.0075       1.3    8.3   0.0    89   129   239   284   199   301 0.76 transcript=SHAE2_13710.4 gene=SHAE2_13710
SHAE2_13710.4        -            607 435253at33208        -            329      0.12   11.7   0.3   2   2       1.9   3.2e+02    0.5   0.1    87   118   535   566   490   593 0.65 transcript=SHAE2_13710.4 gene=SHAE2_13710
SHAE2_13710.2        -            660 435253at33208        -            329      0.12   11.7   0.7   1   3    0.0084       1.5    8.2   0.0    89   129   284   329   244   346 0.76 transcript=SHAE2_13710.2 gene=SHAE2_13710
SHAE2_13710.2        -            660 435253at33208        -            329      0.12   11.7   0.7   2   3       2.2   3.8e+02    0.2   0.1    87   118   580   611   535   637 0.65 transcript=SHAE2_13710.2 gene=SHAE2_13710
SHAE2_13710.2        -            660 435253at33208        -            329      0.12   11.7   0.7   3   3       6.3   1.1e+03   -1.3   0.0     3    34   623   654   620   655 0.84 transcript=SHAE2_13710.2 gene=SHAE2_13710
SHAE2_13710.7        -            660 435253at33208        -            329      0.12   11.7   0.7   1   3    0.0084       1.5    8.2   0.0    89   129   284   329   244   346 0.76 transcript=SHAE2_13710.7 gene=SHAE2_13710
SHAE2_13710.7        -            660 435253at33208        -            329      0.12   11.7   0.7   2   3       2.2   3.8e+02    0.2   0.1    87   118   580   611   535   637 0.65 transcript=SHAE2_13710.7 gene=SHAE2_13710
SHAE2_13710.7        -            660 435253at33208        -            329      0.12   11.7   0.7   3   3       6.3   1.1e+03   -1.3   0.0     3    34   623   654   620   655 0.84 transcript=SHAE2_13710.7 gene=SHAE2_13710
SHAE2_13710.5        -            643 435253at33208        -            329      0.14   11.5   0.3   1   2    0.0082       1.4    8.2   0.0    89   129   284   329   244   346 0.76 transcript=SHAE2_13710.5 gene=SHAE2_13710
SHAE2_13710.5        -            643 435253at33208        -            329      0.14   11.5   0.3   2   2         2   3.5e+02    0.3   0.1    87   118   580   611   535   637 0.65 transcript=SHAE2_13710.5 gene=SHAE2_13710
SHAE2_13710.1        -            652 435253at33208        -            329      0.15   11.4   0.3   1   2    0.0083       1.4    8.2   0.0    89   129   284   329   244   346 0.76 transcript=SHAE2_13710.1 gene=SHAE2_13710
SHAE2_13710.1        -            652 435253at33208        -            329      0.15   11.4   0.3   2   2         2   3.5e+02    0.3   0.1    87   118   580   611   535   638 0.65 transcript=SHAE2_13710.1 gene=SHAE2_13710
SHAE2_13710.3        -            652 435253at33208        -            329      0.15   11.4   0.3   1   2    0.0083       1.4    8.2   0.0    89   129   284   329   244   346 0.76 transcript=SHAE2_13710.3 gene=SHAE2_13710
SHAE2_13710.3        -            652 435253at33208        -            329      0.15   11.4   0.3   2   2         2   3.5e+02    0.3   0.1    87   118   580   611   535   638 0.65 transcript=SHAE2_13710.3 gene=SHAE2_13710
SHAE2_16110.1        -            422 435253at33208        -            329      0.21   11.0   0.2   1   2     0.023         4    6.7   0.1    45    68    61    84    55    99 0.89 transcript=SHAE2_16110.1 gene=SHAE2_16110
SHAE2_16110.1        -            422 435253at33208        -            329      0.21   11.0   0.2   2   2       1.1   1.9e+02    1.2   0.0    89   141   329   389   323   421 0.64 transcript=SHAE2_16110.1 gene=SHAE2_16110
SHAE2_18540.2        -            321 435253at33208        -            329      0.23   10.8   0.0   1   2       6.4   1.1e+03   -1.3   0.0    85   112   102   128    92   139 0.67 transcript=SHAE2_18540.2 gene=SHAE2_18540
SHAE2_18540.2        -            321 435253at33208        -            329      0.23   10.8   0.0   2   2    0.0076       1.3    8.3   0.0     3    52   148   200   146   207 0.85 transcript=SHAE2_18540.2 gene=SHAE2_18540
SHAE2_4340.1         -            656 435253at33208        -            329      0.27   10.6   3.1   1   2     0.062        11    5.3   0.2    88   122    86   118    42   138 0.83 transcript=SHAE2_4340.1 gene=SHAE2_4340
SHAE2_4340.1         -            656 435253at33208        -            329      0.27   10.6   3.1   2   2      0.22        37    3.6   0.1    89   119   600   630   510   652 0.75 transcript=SHAE2_4340.1 gene=SHAE2_4340
SHAE2_18540.1        -            365 435253at33208        -            329      0.31   10.4   0.0   1   2       7.6   1.3e+03   -1.5   0.0    85   112   102   128    92   139 0.67 transcript=SHAE2_18540.1 gene=SHAE2_18540
SHAE2_18540.1        -            365 435253at33208        -            329      0.31   10.4   0.0   2   2     0.009       1.5    8.1   0.0     3    53   148   201   146   208 0.85 transcript=SHAE2_18540.1 gene=SHAE2_18540
#
# Program:         hmmsearch
# Version:         3.4 (Aug 2023)
# Pipeline mode:   SEARCH
# Query file:      /users/40483456/busco_datasets/busco_downloads/lineages/metazoa_odb10/hmms/435253at33208.hmm
# Target file:     /users/40483456/protein/schistosoma_haematobium.fa
# Option settings: hmmsearch --domtblout /users/40483456/busco/results_pro/schistosoma_haematobium_busco/run_metazoa_odb10/hmmer_output/initial_run_results/435253at33208.out --cpu 1 /users/40483456/busco_datasets/busco_downloads/lineages/metazoa_odb10/hmms/435253at33208.hmm /users/40483456/protein/schistosoma_haematobium.fa 
# Current dir:     /users/40483456
# Date:            Thu Jan 15 17:50:25 2026
# [ok]
