#                                                                            --- full sequence --- -------------- this domain -------------   hmm coord   ali coord   env coord
# target name        accession   tlen query name           accession   qlen   E-value  score  bias   #  of  c-Evalue  i-Evalue  score  bias  from    to  from    to  from    to  acc description of target
#------------------- ---------- ----- -------------------- ---------- ----- --------- ------ ----- --- --- --------- --------- ------ ----- ----- ----- ----- ----- ----- ----- ---- ---------------------
SHAE2_93050.2        -            574 464286at33208        -            405   5.4e-79  266.1   5.3   1   2   4.3e-77   5.3e-74  249.7   1.0    25   364   101   487    88   515 0.82 transcript=SHAE2_93050.2 gene=SHAE2_93050
SHAE2_93050.2        -            574 464286at33208        -            405   5.4e-79  266.1   5.3   2   2   9.7e-06     0.012   14.7   0.3   364   402   521   559   495   562 0.87 transcript=SHAE2_93050.2 gene=SHAE2_93050
SHAE2_93050.1        -            456 464286at33208        -            405   4.7e-73  246.5   4.5   1   2   5.8e-72   7.1e-69  232.8   0.6    98   364    73   369    70   396 0.87 transcript=SHAE2_93050.1 gene=SHAE2_93050
SHAE2_93050.1        -            456 464286at33208        -            405   4.7e-73  246.5   4.5   2   2   7.8e-06    0.0095   15.0   0.2   365   402   404   441   393   444 0.86 transcript=SHAE2_93050.1 gene=SHAE2_93050
SHAE2_10250.3        -            717 464286at33208        -            405   4.7e-09   35.8   3.4   1   4    0.0001      0.12   11.3   0.1   324   377   315   368   309   374 0.89 transcript=SHAE2_10250.3 gene=SHAE2_10250
SHAE2_10250.3        -            717 464286at33208        -            405   4.7e-09   35.8   3.4   2   4   1.8e-06    0.0022   17.1   0.0   319   377   462   520   436   533 0.86 transcript=SHAE2_10250.3 gene=SHAE2_10250
SHAE2_10250.3        -            717 464286at33208        -            405   4.7e-09   35.8   3.4   3   4      0.68   8.3e+02   -1.3   0.0   355   381   569   595   563   615 0.86 transcript=SHAE2_10250.3 gene=SHAE2_10250
SHAE2_10250.3        -            717 464286at33208        -            405   4.7e-09   35.8   3.4   4   4    0.0069       8.4    5.3   0.1   310   369   632   687   626   695 0.76 transcript=SHAE2_10250.3 gene=SHAE2_10250
SHAE2_10250.2        -            865 464286at33208        -            405   8.5e-09   34.9   3.1   1   4   0.00013      0.16   10.9   0.1   324   376   463   515   457   521 0.89 transcript=SHAE2_10250.2 gene=SHAE2_10250
SHAE2_10250.2        -            865 464286at33208        -            405   8.5e-09   34.9   3.1   2   4   2.3e-06    0.0028   16.7   0.0   319   377   610   668   584   680 0.86 transcript=SHAE2_10250.2 gene=SHAE2_10250
SHAE2_10250.2        -            865 464286at33208        -            405   8.5e-09   34.9   3.1   3   4      0.91   1.1e+03   -1.7   0.0   355   381   717   743   712   762 0.88 transcript=SHAE2_10250.2 gene=SHAE2_10250
SHAE2_10250.2        -            865 464286at33208        -            405   8.5e-09   34.9   3.1   4   4    0.0087        11    5.0   0.1   310   369   780   835   774   843 0.76 transcript=SHAE2_10250.2 gene=SHAE2_10250
SHAE2_10250.1        -            883 464286at33208        -            405   9.3e-09   34.8   3.1   1   4   0.00013      0.17   10.9   0.1   324   376   481   533   475   539 0.89 transcript=SHAE2_10250.1 gene=SHAE2_10250
SHAE2_10250.1        -            883 464286at33208        -            405   9.3e-09   34.8   3.1   2   4   2.3e-06    0.0029   16.7   0.0   319   377   628   686   602   698 0.86 transcript=SHAE2_10250.1 gene=SHAE2_10250
SHAE2_10250.1        -            883 464286at33208        -            405   9.3e-09   34.8   3.1   3   4      0.93   1.1e+03   -1.7   0.0   355   381   735   761   730   780 0.88 transcript=SHAE2_10250.1 gene=SHAE2_10250
SHAE2_10250.1        -            883 464286at33208        -            405   9.3e-09   34.8   3.1   4   4    0.0089        11    4.9   0.1   310   369   798   853   792   861 0.76 transcript=SHAE2_10250.1 gene=SHAE2_10250
SHAE2_10250.4        -            890 464286at33208        -            405   7.1e-08   31.9   5.6   1   4   0.00014      0.17   10.9   0.1   324   376   481   533   475   539 0.89 transcript=SHAE2_10250.4 gene=SHAE2_10250
SHAE2_10250.4        -            890 464286at33208        -            405   7.1e-08   31.9   5.6   2   4   2.4e-06    0.0029   16.7   0.0   319   377   628   686   602   698 0.86 transcript=SHAE2_10250.4 gene=SHAE2_10250
SHAE2_10250.4        -            890 464286at33208        -            405   7.1e-08   31.9   5.6   3   4       2.4   2.9e+03   -3.1   0.1   250   281   717   748   716   750 0.80 transcript=SHAE2_10250.4 gene=SHAE2_10250
SHAE2_10250.4        -            890 464286at33208        -            405   7.1e-08   31.9   5.6   4   4     0.009        11    4.9   0.1   310   369   805   860   799   868 0.76 transcript=SHAE2_10250.4 gene=SHAE2_10250
SHAE2_52760.3        -            904 464286at33208        -            405    0.0025   16.9   7.9   1   3    0.0036       4.5    6.2   0.5   323   376    97   150    31   156 0.85 transcript=SHAE2_52760.3 gene=SHAE2_52760
SHAE2_52760.3        -            904 464286at33208        -            405    0.0025   16.9   7.9   2   3   0.00058      0.71    8.8   1.0   288   383   157   260   147   267 0.80 transcript=SHAE2_52760.3 gene=SHAE2_52760
SHAE2_52760.3        -            904 464286at33208        -            405    0.0025   16.9   7.9   3   3     0.012        15    4.5   0.1   323   384   267   328   262   348 0.81 transcript=SHAE2_52760.3 gene=SHAE2_52760
SHAE2_34950.2        -            777 464286at33208        -            405    0.0028   16.7   1.5   1   2      0.18   2.2e+02    0.6   0.1   234   289   454   514   418   531 0.53 transcript=SHAE2_34950.2 gene=SHAE2_34950
SHAE2_34950.2        -            777 464286at33208        -            405    0.0028   16.7   1.5   2   2   7.6e-06    0.0092   15.0   0.7   322   364   527   569   487   582 0.79 transcript=SHAE2_34950.2 gene=SHAE2_34950
SHAE2_34950.3        -            795 464286at33208        -            405    0.0029   16.7   1.5   1   2      0.39   4.8e+02   -0.5   0.1   234   275   454   499   421   528 0.59 transcript=SHAE2_34950.3 gene=SHAE2_34950
SHAE2_34950.3        -            795 464286at33208        -            405    0.0029   16.7   1.5   2   2   7.8e-06    0.0095   15.0   0.7   322   364   527   569   487   582 0.79 transcript=SHAE2_34950.3 gene=SHAE2_34950
SHAE2_34950.7        -            795 464286at33208        -            405    0.0029   16.7   1.5   1   2      0.39   4.8e+02   -0.5   0.1   234   275   454   499   421   528 0.59 transcript=SHAE2_34950.7 gene=SHAE2_34950
SHAE2_34950.7        -            795 464286at33208        -            405    0.0029   16.7   1.5   2   2   7.8e-06    0.0095   15.0   0.7   322   364   527   569   487   582 0.79 transcript=SHAE2_34950.7 gene=SHAE2_34950
SHAE2_34950.8        -            795 464286at33208        -            405    0.0029   16.7   1.5   1   2      0.39   4.8e+02   -0.5   0.1   234   275   454   499   421   528 0.59 transcript=SHAE2_34950.8 gene=SHAE2_34950
SHAE2_34950.8        -            795 464286at33208        -            405    0.0029   16.7   1.5   2   2   7.8e-06    0.0095   15.0   0.7   322   364   527   569   487   582 0.79 transcript=SHAE2_34950.8 gene=SHAE2_34950
SHAE2_34950.6        -            754 464286at33208        -            405    0.0031   16.6   1.4   1   2      0.48   5.9e+02   -0.8   0.1   235   275   414   458   389   486 0.58 transcript=SHAE2_34950.6 gene=SHAE2_34950
SHAE2_34950.6        -            754 464286at33208        -            405    0.0031   16.6   1.4   2   2   7.1e-06    0.0087   15.1   0.6   322   364   486   528   447   541 0.80 transcript=SHAE2_34950.6 gene=SHAE2_34950
SHAE2_34950.1        -            605 464286at33208        -            405    0.0063   15.6   0.6   1   3       3.3     4e+03   -3.5   0.0    74    96   331   353   327   358 0.82 transcript=SHAE2_34950.1 gene=SHAE2_34950
SHAE2_34950.1        -            605 464286at33208        -            405    0.0063   15.6   0.6   2   3      0.25     3e+02    0.2   0.1   234   275   454   499   417   528 0.58 transcript=SHAE2_34950.1 gene=SHAE2_34950
SHAE2_34950.1        -            605 464286at33208        -            405    0.0063   15.6   0.6   3   3   5.2e-06    0.0063   15.6   0.6   322   364   527   569   487   582 0.79 transcript=SHAE2_34950.1 gene=SHAE2_34950
SHAE2_34950.9        -            622 464286at33208        -            405    0.0066   15.5   0.7   1   3       3.4   4.2e+03   -3.6   0.0    74    96   158   180   154   185 0.82 transcript=SHAE2_34950.9 gene=SHAE2_34950
SHAE2_34950.9        -            622 464286at33208        -            405    0.0066   15.5   0.7   2   3      0.26   3.2e+02    0.1   0.2   234   275   281   326   244   355 0.58 transcript=SHAE2_34950.9 gene=SHAE2_34950
SHAE2_34950.9        -            622 464286at33208        -            405    0.0066   15.5   0.7   3   3   5.4e-06    0.0066   15.5   0.7   322   364   354   396   314   409 0.79 transcript=SHAE2_34950.9 gene=SHAE2_34950
SHAE2_34950.5        -            625 464286at33208        -            405    0.0069   15.5   0.7   1   3       3.4   4.2e+03   -3.6   0.0    74    96   331   353   327   358 0.82 transcript=SHAE2_34950.5 gene=SHAE2_34950
SHAE2_34950.5        -            625 464286at33208        -            405    0.0069   15.5   0.7   2   3      0.35   4.3e+02   -0.3   0.1   235   275   414   458   387   486 0.58 transcript=SHAE2_34950.5 gene=SHAE2_34950
SHAE2_34950.5        -            625 464286at33208        -            405    0.0069   15.5   0.7   3   3   5.6e-06    0.0069   15.5   0.7   322   364   486   528   447   541 0.80 transcript=SHAE2_34950.5 gene=SHAE2_34950
SHAE2_52760.4        -           1009 464286at33208        -            405    0.0074   15.4  12.0   1   5      0.11   1.3e+02    1.3   0.1   279   376    49   153    37   166 0.66 transcript=SHAE2_52760.4 gene=SHAE2_52760
SHAE2_52760.4        -           1009 464286at33208        -            405    0.0074   15.4  12.0   2   5      0.31   3.8e+02   -0.2   0.1   263   321   100   163    84   191 0.62 transcript=SHAE2_52760.4 gene=SHAE2_52760
SHAE2_52760.4        -           1009 464286at33208        -            405    0.0074   15.4  12.0   3   5    0.0059       7.2    5.5   0.7   323   376   202   255   151   260 0.90 transcript=SHAE2_52760.4 gene=SHAE2_52760
SHAE2_52760.4        -           1009 464286at33208        -            405    0.0074   15.4  12.0   4   5   0.00077      0.94    8.4   1.3   288   383   262   365   252   373 0.80 transcript=SHAE2_52760.4 gene=SHAE2_52760
SHAE2_52760.4        -           1009 464286at33208        -            405    0.0074   15.4  12.0   5   5     0.013        16    4.3   0.1   323   384   372   433   365   453 0.81 transcript=SHAE2_52760.4 gene=SHAE2_52760
SHAE2_34950.4        -            682 464286at33208        -            405    0.0078   15.3   0.7   1   3       3.8   4.6e+03   -3.7   0.0    74    96   218   240   214   245 0.82 transcript=SHAE2_34950.4 gene=SHAE2_34950
SHAE2_34950.4        -            682 464286at33208        -            405    0.0078   15.3   0.7   2   3       0.3   3.7e+02   -0.1   0.2   234   275   341   386   305   415 0.58 transcript=SHAE2_34950.4 gene=SHAE2_34950
SHAE2_34950.4        -            682 464286at33208        -            405    0.0078   15.3   0.7   3   3   6.4e-06    0.0078   15.3   0.7   322   364   414   456   374   469 0.79 transcript=SHAE2_34950.4 gene=SHAE2_34950
SHAE2_52760.1        -           1063 464286at33208        -            405     0.013   14.5  12.9   1   4       0.1   1.3e+02    1.4   0.2   278   376   102   207    48   217 0.72 transcript=SHAE2_52760.1 gene=SHAE2_52760
SHAE2_52760.1        -           1063 464286at33208        -            405     0.013   14.5  12.9   2   4    0.0059       7.2    5.5   0.3   323   376   256   309   251   314 0.88 transcript=SHAE2_52760.1 gene=SHAE2_52760
SHAE2_52760.1        -           1063 464286at33208        -            405     0.013   14.5  12.9   3   4   0.00071      0.86    8.5   1.0   288   383   316   419   306   426 0.80 transcript=SHAE2_52760.1 gene=SHAE2_52760
SHAE2_52760.1        -           1063 464286at33208        -            405     0.013   14.5  12.9   4   4     0.015        18    4.2   0.1   323   384   426   487   421   507 0.81 transcript=SHAE2_52760.1 gene=SHAE2_52760
#
# Program:         hmmsearch
# Version:         3.4 (Aug 2023)
# Pipeline mode:   SEARCH
# Query file:      /users/40483456/busco_datasets/busco_downloads/lineages/metazoa_odb10/hmms/464286at33208.hmm
# Target file:     /users/40483456/protein/schistosoma_haematobium.fa
# Option settings: hmmsearch --domtblout /users/40483456/busco/results_pro/schistosoma_haematobium_busco/run_metazoa_odb10/hmmer_output/initial_run_results/464286at33208.out --cpu 1 /users/40483456/busco_datasets/busco_downloads/lineages/metazoa_odb10/hmms/464286at33208.hmm /users/40483456/protein/schistosoma_haematobium.fa 
# Current dir:     /users/40483456
# Date:            Thu Jan 15 17:50:39 2026
# [ok]
