#                                                                            --- full sequence --- -------------- this domain -------------   hmm coord   ali coord   env coord
# target name        accession   tlen query name           accession   qlen   E-value  score  bias   #  of  c-Evalue  i-Evalue  score  bias  from    to  from    to  from    to  acc description of target
#------------------- ---------- ----- -------------------- ---------- ----- --------- ------ ----- --- --- --------- --------- ------ ----- ----- ----- ----- ----- ----- ----- ---- ---------------------
SHAE2_80240.4        -            245 465651at33208        -            170   1.3e-31  109.8   6.5   1   2   9.2e-09   5.1e-05   23.2   0.3    23    57    43    77     7    85 0.77 transcript=SHAE2_80240.4 gene=SHAE2_80240
SHAE2_80240.4        -            245 465651at33208        -            170   1.3e-31  109.8   6.5   2   2   7.7e-26   4.2e-22   78.8   1.4    55   167    95   242    83   245 0.72 transcript=SHAE2_80240.4 gene=SHAE2_80240
SHAE2_80240.1        -            246 465651at33208        -            170   4.9e-31  107.9   7.3   1   2   9.2e-09   5.1e-05   23.2   0.2    23    57    43    77     7    84 0.77 transcript=SHAE2_80240.1 gene=SHAE2_80240
SHAE2_80240.1        -            246 465651at33208        -            170   4.9e-31  107.9   7.3   2   2   3.3e-25   1.8e-21   76.7   2.1    55   167    95   243    83   246 0.72 transcript=SHAE2_80240.1 gene=SHAE2_80240
SHAE2_80240.3        -            246 465651at33208        -            170   4.9e-31  107.9   7.3   1   2   9.2e-09   5.1e-05   23.2   0.2    23    57    43    77     7    84 0.77 transcript=SHAE2_80240.3 gene=SHAE2_80240
SHAE2_80240.3        -            246 465651at33208        -            170   4.9e-31  107.9   7.3   2   2   3.3e-25   1.8e-21   76.7   2.1    55   167    95   243    83   246 0.72 transcript=SHAE2_80240.3 gene=SHAE2_80240
SHAE2_80240.2        -            221 465651at33208        -            170   1.3e-29  103.2   4.8   1   1   1.7e-28   9.3e-25   87.4   4.8    23   149    43   207     7   218 0.73 transcript=SHAE2_80240.2 gene=SHAE2_80240
#
# Program:         hmmsearch
# Version:         3.4 (Aug 2023)
# Pipeline mode:   SEARCH
# Query file:      /users/40483456/busco_datasets/busco_downloads/lineages/metazoa_odb10/hmms/465651at33208.hmm
# Target file:     /users/40483456/protein/schistosoma_haematobium.fa
# Option settings: hmmsearch --domtblout /users/40483456/busco/results_pro/schistosoma_haematobium_busco/run_metazoa_odb10/hmmer_output/initial_run_results/465651at33208.out --cpu 1 /users/40483456/busco_datasets/busco_downloads/lineages/metazoa_odb10/hmms/465651at33208.hmm /users/40483456/protein/schistosoma_haematobium.fa 
# Current dir:     /users/40483456
# Date:            Thu Jan 15 17:50:42 2026
# [ok]
