#                                                                            --- full sequence --- -------------- this domain -------------   hmm coord   ali coord   env coord
# target name        accession   tlen query name           accession   qlen   E-value  score  bias   #  of  c-Evalue  i-Evalue  score  bias  from    to  from    to  from    to  acc description of target
#------------------- ---------- ----- -------------------- ---------- ----- --------- ------ ----- --- --- --------- --------- ------ ----- ----- ----- ----- ----- ----- ----- ---- ---------------------
SHAE2_86090.2        -           1980 49474at33208         -           1197         0 1160.3  41.5   1   9  1.4e-130  1.3e-127  427.5   4.7     2   411     6   452     5   468 0.86 transcript=SHAE2_86090.2 gene=SHAE2_86090
SHAE2_86090.2        -           1980 49474at33208         -           1197         0 1160.3  41.5   2   9  1.4e-152  1.4e-149  500.3   0.2   406   764   497   877   493   925 0.92 transcript=SHAE2_86090.2 gene=SHAE2_86090
SHAE2_86090.2        -           1980 49474at33208         -           1197         0 1160.3  41.5   3   9     0.013        12    3.7   0.1   774   819   987  1038   969  1041 0.72 transcript=SHAE2_86090.2 gene=SHAE2_86090
SHAE2_86090.2        -           1980 49474at33208         -           1197         0 1160.3  41.5   4   9   6.4e-14   6.2e-11   41.0   3.3   819   891  1164  1245  1160  1257 0.81 transcript=SHAE2_86090.2 gene=SHAE2_86090
SHAE2_86090.2        -           1980 49474at33208         -           1197         0 1160.3  41.5   5   9   8.2e-06    0.0078   14.2   0.0   886   943  1297  1355  1289  1404 0.80 transcript=SHAE2_86090.2 gene=SHAE2_86090
SHAE2_86090.2        -           1980 49474at33208         -           1197         0 1160.3  41.5   6   9   8.7e-12   8.4e-09   34.0   0.0   963  1013  1478  1528  1457  1539 0.90 transcript=SHAE2_86090.2 gene=SHAE2_86090
SHAE2_86090.2        -           1980 49474at33208         -           1197         0 1160.3  41.5   7   9    0.0021         2    6.2   0.0  1006  1040  1594  1629  1578  1637 0.86 transcript=SHAE2_86090.2 gene=SHAE2_86090
SHAE2_86090.2        -           1980 49474at33208         -           1197         0 1160.3  41.5   8   9   6.7e-23   6.4e-20   70.8   0.4  1039  1100  1674  1735  1667  1747 0.94 transcript=SHAE2_86090.2 gene=SHAE2_86090
SHAE2_86090.2        -           1980 49474at33208         -           1197         0 1160.3  41.5   9   9   2.3e-25   2.2e-22   79.0   0.8  1099  1196  1770  1883  1764  1884 0.84 transcript=SHAE2_86090.2 gene=SHAE2_86090
SHAE2_86090.1        -           1987 49474at33208         -           1197         0 1160.2  41.5   1   9  1.4e-130  1.3e-127  427.5   4.7     2   411     6   452     5   468 0.86 transcript=SHAE2_86090.1 gene=SHAE2_86090
SHAE2_86090.1        -           1987 49474at33208         -           1197         0 1160.2  41.5   2   9  1.4e-152  1.4e-149  500.3   0.2   406   764   497   877   493   925 0.92 transcript=SHAE2_86090.1 gene=SHAE2_86090
SHAE2_86090.1        -           1987 49474at33208         -           1197         0 1160.2  41.5   3   9     0.013        12    3.6   0.1   774   819   987  1038   969  1041 0.72 transcript=SHAE2_86090.1 gene=SHAE2_86090
SHAE2_86090.1        -           1987 49474at33208         -           1197         0 1160.2  41.5   4   9   6.5e-14   6.2e-11   41.0   3.3   819   891  1164  1245  1160  1257 0.81 transcript=SHAE2_86090.1 gene=SHAE2_86090
SHAE2_86090.1        -           1987 49474at33208         -           1197         0 1160.2  41.5   5   9   8.2e-06    0.0078   14.2   0.0   886   943  1297  1355  1289  1404 0.80 transcript=SHAE2_86090.1 gene=SHAE2_86090
SHAE2_86090.1        -           1987 49474at33208         -           1197         0 1160.2  41.5   6   9   8.8e-12   8.4e-09   34.0   0.0   963  1013  1478  1528  1457  1539 0.90 transcript=SHAE2_86090.1 gene=SHAE2_86090
SHAE2_86090.1        -           1987 49474at33208         -           1197         0 1160.2  41.5   7   9    0.0021         2    6.2   0.0  1006  1040  1594  1629  1578  1637 0.86 transcript=SHAE2_86090.1 gene=SHAE2_86090
SHAE2_86090.1        -           1987 49474at33208         -           1197         0 1160.2  41.5   8   9   6.7e-23   6.4e-20   70.8   0.4  1039  1100  1674  1735  1667  1747 0.94 transcript=SHAE2_86090.1 gene=SHAE2_86090
SHAE2_86090.1        -           1987 49474at33208         -           1197         0 1160.2  41.5   9   9   2.3e-25   2.2e-22   78.9   0.8  1099  1196  1770  1883  1764  1884 0.84 transcript=SHAE2_86090.1 gene=SHAE2_86090
SHAE2_17440.1        -           2131 49474at33208         -           1197   4.4e-60  203.8  27.0   1   5     7e-07   0.00067   17.7   1.1    73   204   145   280   126   306 0.74 transcript=SHAE2_17440.1 gene=SHAE2_17440
SHAE2_17440.1        -           2131 49474at33208         -           1197   4.4e-60  203.8  27.0   2   5   1.7e-15   1.6e-12   46.3   2.3   271   385   524   639   497   644 0.89 transcript=SHAE2_17440.1 gene=SHAE2_17440
SHAE2_17440.1        -           2131 49474at33208         -           1197   4.4e-60  203.8  27.0   3   5   1.2e-40   1.1e-37  129.6   1.4   415   699   739  1051   726  1059 0.80 transcript=SHAE2_17440.1 gene=SHAE2_17440
SHAE2_17440.1        -           2131 49474at33208         -           1197   4.4e-60  203.8  27.0   4   5    0.0021         2    6.2   0.0   707   803  1119  1216  1109  1234 0.77 transcript=SHAE2_17440.1 gene=SHAE2_17440
SHAE2_17440.1        -           2131 49474at33208         -           1197   4.4e-60  203.8  27.0   5   5   1.9e-06    0.0018   16.3   0.4   811   934  1295  1434  1281  1461 0.77 transcript=SHAE2_17440.1 gene=SHAE2_17440
SHAE2_17440.2        -           2131 49474at33208         -           1197   4.4e-60  203.8  27.0   1   5     7e-07   0.00067   17.7   1.1    73   204   145   280   126   306 0.74 transcript=SHAE2_17440.2 gene=SHAE2_17440
SHAE2_17440.2        -           2131 49474at33208         -           1197   4.4e-60  203.8  27.0   2   5   1.7e-15   1.6e-12   46.3   2.3   271   385   524   639   497   644 0.89 transcript=SHAE2_17440.2 gene=SHAE2_17440
SHAE2_17440.2        -           2131 49474at33208         -           1197   4.4e-60  203.8  27.0   3   5   1.2e-40   1.1e-37  129.6   1.4   415   699   739  1051   726  1059 0.80 transcript=SHAE2_17440.2 gene=SHAE2_17440
SHAE2_17440.2        -           2131 49474at33208         -           1197   4.4e-60  203.8  27.0   4   5    0.0021         2    6.2   0.0   707   803  1119  1216  1109  1234 0.77 transcript=SHAE2_17440.2 gene=SHAE2_17440
SHAE2_17440.2        -           2131 49474at33208         -           1197   4.4e-60  203.8  27.0   5   5   1.9e-06    0.0018   16.3   0.4   811   934  1295  1434  1281  1461 0.77 transcript=SHAE2_17440.2 gene=SHAE2_17440
SHAE2_17440.3        -           2131 49474at33208         -           1197   4.4e-60  203.8  27.0   1   5     7e-07   0.00067   17.7   1.1    73   204   145   280   126   306 0.74 transcript=SHAE2_17440.3 gene=SHAE2_17440
SHAE2_17440.3        -           2131 49474at33208         -           1197   4.4e-60  203.8  27.0   2   5   1.7e-15   1.6e-12   46.3   2.3   271   385   524   639   497   644 0.89 transcript=SHAE2_17440.3 gene=SHAE2_17440
SHAE2_17440.3        -           2131 49474at33208         -           1197   4.4e-60  203.8  27.0   3   5   1.2e-40   1.1e-37  129.6   1.4   415   699   739  1051   726  1059 0.80 transcript=SHAE2_17440.3 gene=SHAE2_17440
SHAE2_17440.3        -           2131 49474at33208         -           1197   4.4e-60  203.8  27.0   4   5    0.0021         2    6.2   0.0   707   803  1119  1216  1109  1234 0.77 transcript=SHAE2_17440.3 gene=SHAE2_17440
SHAE2_17440.3        -           2131 49474at33208         -           1197   4.4e-60  203.8  27.0   5   5   1.9e-06    0.0018   16.3   0.4   811   934  1295  1434  1281  1461 0.77 transcript=SHAE2_17440.3 gene=SHAE2_17440
SHAE2_17440.4        -           2131 49474at33208         -           1197   4.4e-60  203.8  27.0   1   5     7e-07   0.00067   17.7   1.1    73   204   145   280   126   306 0.74 transcript=SHAE2_17440.4 gene=SHAE2_17440
SHAE2_17440.4        -           2131 49474at33208         -           1197   4.4e-60  203.8  27.0   2   5   1.7e-15   1.6e-12   46.3   2.3   271   385   524   639   497   644 0.89 transcript=SHAE2_17440.4 gene=SHAE2_17440
SHAE2_17440.4        -           2131 49474at33208         -           1197   4.4e-60  203.8  27.0   3   5   1.2e-40   1.1e-37  129.6   1.4   415   699   739  1051   726  1059 0.80 transcript=SHAE2_17440.4 gene=SHAE2_17440
SHAE2_17440.4        -           2131 49474at33208         -           1197   4.4e-60  203.8  27.0   4   5    0.0021         2    6.2   0.0   707   803  1119  1216  1109  1234 0.77 transcript=SHAE2_17440.4 gene=SHAE2_17440
SHAE2_17440.4        -           2131 49474at33208         -           1197   4.4e-60  203.8  27.0   5   5   1.9e-06    0.0018   16.3   0.4   811   934  1295  1434  1281  1461 0.77 transcript=SHAE2_17440.4 gene=SHAE2_17440
SHAE2_50410.2        -            915 49474at33208         -           1197   4.7e-42  144.1   0.3   1   1   6.8e-45   6.5e-42  143.6   0.3   415   609   673   875   651   879 0.89 transcript=SHAE2_50410.2 gene=SHAE2_50410
SHAE2_50410.1        -           1068 49474at33208         -           1197     6e-42  143.8   0.3   1   1   8.8e-45   8.4e-42  143.3   0.3   415   609   594   796   572   800 0.89 transcript=SHAE2_50410.1 gene=SHAE2_50410
SHAE2_50410.3        -           1147 49474at33208         -           1197   6.7e-42  143.6   0.3   1   1   9.9e-45   9.4e-42  143.1   0.3   415   609   673   875   651   879 0.89 transcript=SHAE2_50410.3 gene=SHAE2_50410
SHAE2_89490.1        -            435 49474at33208         -           1197   6.4e-36  123.8   0.5   1   1   8.2e-39   7.8e-36  123.5   0.5   421   596    60   242    12   282 0.86 transcript=SHAE2_89490.1 gene=SHAE2_89490
SHAE2_50410.4        -            844 49474at33208         -           1197   1.3e-33  116.2   0.2   1   1   1.7e-36   1.6e-33  115.8   0.2   415   577   673   843   651   844 0.87 transcript=SHAE2_50410.4 gene=SHAE2_50410
SHAE2_31880.1        -            805 49474at33208         -           1197   3.5e-28   98.2   0.1   1   1   5.2e-31     5e-28   97.6   0.1   413   596   353   545   339   552 0.86 transcript=SHAE2_31880.1 gene=SHAE2_31880
SHAE2_96520.1        -           1763 49474at33208         -           1197   3.5e-26   91.5   0.1   1   1   5.5e-29   5.3e-26   90.9   0.1   479   601   492   612   468   625 0.90 transcript=SHAE2_96520.1 gene=SHAE2_96520
SHAE2_50700.5        -            919 49474at33208         -           1197   3.1e-13   48.7   0.0   1   1   6.8e-15   6.5e-12   44.3   0.0   416   571   583   770   565   777 0.69 transcript=SHAE2_50700.5 gene=SHAE2_50700
SHAE2_50700.4        -            993 49474at33208         -           1197   3.8e-13   48.4   0.0   1   1   7.7e-15   7.4e-12   44.1   0.0   416   571   583   770   565   777 0.69 transcript=SHAE2_50700.4 gene=SHAE2_50700
SHAE2_50700.1        -           1126 49474at33208         -           1197   5.3e-13   47.9   0.0   1   1   9.4e-15     9e-12   43.8   0.0   416   571   575   762   557   769 0.69 transcript=SHAE2_50700.1 gene=SHAE2_50700
SHAE2_50700.2        -           1134 49474at33208         -           1197   5.4e-13   47.9   0.0   1   1   9.5e-15   9.1e-12   43.8   0.0   416   571   583   770   565   777 0.69 transcript=SHAE2_50700.2 gene=SHAE2_50700
SHAE2_50700.3        -           1134 49474at33208         -           1197   5.4e-13   47.9   0.0   1   1   9.5e-15   9.1e-12   43.8   0.0   416   571   583   770   565   777 0.69 transcript=SHAE2_50700.3 gene=SHAE2_50700
SHAE2_50410.5        -            782 49474at33208         -           1197   1.6e-12   46.3   0.1   1   1   2.4e-15   2.3e-12   45.8   0.1   415   511   673   774   651   779 0.83 transcript=SHAE2_50410.5 gene=SHAE2_50410
SHAE2_77340.2        -            308 49474at33208         -           1197   1.4e-11   43.2   0.0   1   1   1.9e-14   1.8e-11   42.8   0.0   426   589   107   273    89   281 0.87 transcript=SHAE2_77340.2 gene=SHAE2_77340
SHAE2_77340.1        -            318 49474at33208         -           1197   7.6e-10   37.4   0.0   1   1     1e-12   9.9e-10   37.0   0.0   434   589   125   283   118   291 0.85 transcript=SHAE2_77340.1 gene=SHAE2_77340
SHAE2_56550.1        -           1661 49474at33208         -           1197   0.00011   20.3  25.7   1   6   5.9e-05     0.056   11.4   2.5   297   381   358   439   342   445 0.81 transcript=SHAE2_56550.1 gene=SHAE2_56550
SHAE2_56550.1        -           1661 49474at33208         -           1197   0.00011   20.3  25.7   2   6      0.37   3.5e+02   -1.2   0.2   632   705   559   633   547   646 0.77 transcript=SHAE2_56550.1 gene=SHAE2_56550
SHAE2_56550.1        -           1661 49474at33208         -           1197   0.00011   20.3  25.7   3   6     0.015        14    3.4   0.1   703   757   723   777   711   862 0.81 transcript=SHAE2_56550.1 gene=SHAE2_56550
SHAE2_56550.1        -           1661 49474at33208         -           1197   0.00011   20.3  25.7   4   6       1.8   1.8e+03   -3.5   0.0   710   744   987  1024   970  1029 0.77 transcript=SHAE2_56550.1 gene=SHAE2_56550
SHAE2_56550.1        -           1661 49474at33208         -           1197   0.00011   20.3  25.7   5   6   6.5e-06    0.0062   14.5   0.5  1040  1101  1105  1165  1101  1170 0.91 transcript=SHAE2_56550.1 gene=SHAE2_56550
SHAE2_56550.1        -           1661 49474at33208         -           1197   0.00011   20.3  25.7   6   6    0.0034       3.3    5.5   0.2  1101  1148  1194  1243  1189  1257 0.83 transcript=SHAE2_56550.1 gene=SHAE2_56550
SHAE2_56550.2        -           1982 49474at33208         -           1197   0.00029   18.9  25.7   1   6   7.2e-05     0.069   11.1   2.5   297   381   358   439   342   445 0.81 transcript=SHAE2_56550.2 gene=SHAE2_56550
SHAE2_56550.2        -           1982 49474at33208         -           1197   0.00029   18.9  25.7   2   6      0.47   4.5e+02   -1.6   0.2   633   705   560   633   548   646 0.77 transcript=SHAE2_56550.2 gene=SHAE2_56550
SHAE2_56550.2        -           1982 49474at33208         -           1197   0.00029   18.9  25.7   3   6     0.018        18    3.1   0.1   703   756   723   776   711   861 0.81 transcript=SHAE2_56550.2 gene=SHAE2_56550
SHAE2_56550.2        -           1982 49474at33208         -           1197   0.00029   18.9  25.7   4   6       2.7   2.6e+03   -4.1   0.0   710   743   987  1023   973  1027 0.77 transcript=SHAE2_56550.2 gene=SHAE2_56550
SHAE2_56550.2        -           1982 49474at33208         -           1197   0.00029   18.9  25.7   5   6   7.9e-06    0.0076   14.2   0.5  1040  1101  1105  1165  1101  1170 0.91 transcript=SHAE2_56550.2 gene=SHAE2_56550
SHAE2_56550.2        -           1982 49474at33208         -           1197   0.00029   18.9  25.7   6   6    0.0042         4    5.2   0.2  1101  1148  1194  1243  1189  1257 0.83 transcript=SHAE2_56550.2 gene=SHAE2_56550
#
# Program:         hmmsearch
# Version:         3.4 (Aug 2023)
# Pipeline mode:   SEARCH
# Query file:      /users/40483456/busco_datasets/busco_downloads/lineages/metazoa_odb10/hmms/49474at33208.hmm
# Target file:     /users/40483456/protein/schistosoma_haematobium.fa
# Option settings: hmmsearch --domtblout /users/40483456/busco/results_pro/schistosoma_haematobium_busco/run_metazoa_odb10/hmmer_output/initial_run_results/49474at33208.out --cpu 1 /users/40483456/busco_datasets/busco_downloads/lineages/metazoa_odb10/hmms/49474at33208.hmm /users/40483456/protein/schistosoma_haematobium.fa 
# Current dir:     /users/40483456
# Date:            Thu Jan 15 17:50:52 2026
# [ok]
