#                                                                            --- full sequence --- -------------- this domain -------------   hmm coord   ali coord   env coord
# target name        accession   tlen query name           accession   qlen   E-value  score  bias   #  of  c-Evalue  i-Evalue  score  bias  from    to  from    to  from    to  acc description of target
#------------------- ---------- ----- -------------------- ---------- ----- --------- ------ ----- --- --- --------- --------- ------ ----- ----- ----- ----- ----- ----- ----- ---- ---------------------
SHAE2_14190.1        -            256 504292at33208        -            182   3.9e-41  141.2   0.0   1   2   1.2e-34   5.5e-32  111.4   0.0    27   142    60   178    54   184 0.92 transcript=SHAE2_14190.1 gene=SHAE2_14190
SHAE2_14190.1        -            256 504292at33208        -            182   3.9e-41  141.2   0.0   2   2     5e-09   2.3e-06   27.9   0.0   140   182   210   252   197   252 0.90 transcript=SHAE2_14190.1 gene=SHAE2_14190
SHAE2_77570.5        -            624 504292at33208        -            182   3.5e-14   53.4   0.0   1   3   1.6e-11   7.5e-09   36.0   0.0    40   128   149   239   114   263 0.80 transcript=SHAE2_77570.5 gene=SHAE2_77570
SHAE2_77570.5        -            624 504292at33208        -            182   3.5e-14   53.4   0.0   2   3   8.8e-05      0.04   14.1   0.0    20    95   270   347   257   371 0.83 transcript=SHAE2_77570.5 gene=SHAE2_77570
SHAE2_77570.5        -            624 504292at33208        -            182   3.5e-14   53.4   0.0   3   3       5.9   2.7e+03   -1.7   0.0    45    80   524   566   486   618 0.59 transcript=SHAE2_77570.5 gene=SHAE2_77570
SHAE2_77570.10       -            793 504292at33208        -            182   3.9e-14   53.2   0.0   1   3   1.2e-11   5.4e-09   36.5   0.0    40   152   314   427   281   433 0.76 transcript=SHAE2_77570.10 gene=SHAE2_77570
SHAE2_77570.10       -            793 504292at33208        -            182   3.9e-14   53.2   0.0   2   3   0.00013      0.06   13.5   0.0    20    95   439   516   424   534 0.84 transcript=SHAE2_77570.10 gene=SHAE2_77570
SHAE2_77570.10       -            793 504292at33208        -            182   3.9e-14   53.2   0.0   3   3       9.5   4.4e+03   -2.3   0.0    46    80   694   735   658   786 0.61 transcript=SHAE2_77570.10 gene=SHAE2_77570
SHAE2_77570.1        -            796 504292at33208        -            182   3.9e-14   53.2   0.0   1   3   1.2e-11   5.4e-09   36.5   0.0    40   152   317   430   284   436 0.76 transcript=SHAE2_77570.1 gene=SHAE2_77570
SHAE2_77570.1        -            796 504292at33208        -            182   3.9e-14   53.2   0.0   2   3   0.00013     0.061   13.5   0.0    20    95   442   519   427   537 0.84 transcript=SHAE2_77570.1 gene=SHAE2_77570
SHAE2_77570.1        -            796 504292at33208        -            182   3.9e-14   53.2   0.0   3   3       9.6   4.4e+03   -2.3   0.0    46    80   697   738   661   789 0.61 transcript=SHAE2_77570.1 gene=SHAE2_77570
SHAE2_77570.3        -            786 504292at33208        -            182   4.5e-14   53.0   0.0   1   2   1.2e-11   5.4e-09   36.5   0.0    40   152   317   430   285   436 0.76 transcript=SHAE2_77570.3 gene=SHAE2_77570
SHAE2_77570.3        -            786 504292at33208        -            182   4.5e-14   53.0   0.0   2   2   0.00013     0.058   13.6   0.0    20    95   442   519   426   537 0.83 transcript=SHAE2_77570.3 gene=SHAE2_77570
SHAE2_77570.2        -            844 504292at33208        -            182   4.6e-14   53.0   0.0   1   2   1.3e-11   5.9e-09   36.3   0.0    40   152   365   478   334   485 0.76 transcript=SHAE2_77570.2 gene=SHAE2_77570
SHAE2_77570.2        -            844 504292at33208        -            182   4.6e-14   53.0   0.0   2   2   0.00014     0.065   13.4   0.0    20    95   490   567   479   590 0.83 transcript=SHAE2_77570.2 gene=SHAE2_77570
SHAE2_77570.8        -            666 504292at33208        -            182   5.2e-14   52.8   0.0   1   2   1.8e-11   8.4e-09   35.9   0.0    40   128   127   217    92   241 0.80 transcript=SHAE2_77570.8 gene=SHAE2_77570
SHAE2_77570.8        -            666 504292at33208        -            182   5.2e-14   52.8   0.0   2   2   9.6e-05     0.044   13.9   0.0    20    95   248   325   235   349 0.83 transcript=SHAE2_77570.8 gene=SHAE2_77570
SHAE2_77570.7        -            789 504292at33208        -            182   7.8e-14   52.2   0.0   1   3   2.4e-11   1.1e-08   35.5   0.0    40   128   314   404   280   428 0.80 transcript=SHAE2_77570.7 gene=SHAE2_77570
SHAE2_77570.7        -            789 504292at33208        -            182   7.8e-14   52.2   0.0   2   3   0.00012     0.055   13.6   0.0    20    95   435   512   422   539 0.83 transcript=SHAE2_77570.7 gene=SHAE2_77570
SHAE2_77570.7        -            789 504292at33208        -            182   7.8e-14   52.2   0.0   3   3       9.5   4.3e+03   -2.3   0.0    46    80   690   731   654   782 0.61 transcript=SHAE2_77570.7 gene=SHAE2_77570
SHAE2_77570.4        -            792 504292at33208        -            182   7.9e-14   52.2   0.0   1   3   2.4e-11   1.1e-08   35.5   0.0    40   128   317   407   283   431 0.80 transcript=SHAE2_77570.4 gene=SHAE2_77570
SHAE2_77570.4        -            792 504292at33208        -            182   7.9e-14   52.2   0.0   2   3   0.00012     0.056   13.6   0.0    20    95   438   515   425   542 0.83 transcript=SHAE2_77570.4 gene=SHAE2_77570
SHAE2_77570.4        -            792 504292at33208        -            182   7.9e-14   52.2   0.0   3   3       9.5   4.4e+03   -2.3   0.0    46    80   693   734   657   785 0.61 transcript=SHAE2_77570.4 gene=SHAE2_77570
SHAE2_77570.11       -            781 504292at33208        -            182     9e-14   52.0   0.0   1   2   2.4e-11   1.1e-08   35.5   0.0    40   128   317   407   283   431 0.80 transcript=SHAE2_77570.11 gene=SHAE2_77570
SHAE2_77570.11       -            781 504292at33208        -            182     9e-14   52.0   0.0   2   2   0.00012     0.055   13.6   0.0    20    95   438   515   425   542 0.83 transcript=SHAE2_77570.11 gene=SHAE2_77570
SHAE2_77570.6        -            854 504292at33208        -            182   9.9e-14   51.9   0.0   1   2   2.8e-11   1.3e-08   35.2   0.0    40   128   379   469   347   492 0.81 transcript=SHAE2_77570.6 gene=SHAE2_77570
SHAE2_77570.6        -            854 504292at33208        -            182   9.9e-14   51.9   0.0   2   2   0.00014     0.063   13.5   0.0    20    95   500   577   487   601 0.83 transcript=SHAE2_77570.6 gene=SHAE2_77570
SHAE2_77570.9        -            856 504292at33208        -            182   1.2e-13   51.7   0.0   1   2   2.8e-11   1.3e-08   35.2   0.0    40   128   317   407   285   430 0.81 transcript=SHAE2_77570.9 gene=SHAE2_77570
SHAE2_77570.9        -            856 504292at33208        -            182   1.2e-13   51.7   0.0   2   2   0.00014     0.063   13.4   0.0    20    95   438   515   425   539 0.83 transcript=SHAE2_77570.9 gene=SHAE2_77570
SHAE2_74920.7        -           2041 504292at33208        -            182   1.5e-11   44.8   0.1   1   6   0.00046      0.21   11.7   0.1    27   141     4   125     1   135 0.86 transcript=SHAE2_74920.7 gene=SHAE2_74920
SHAE2_74920.7        -           2041 504292at33208        -            182   1.5e-11   44.8   0.1   2   6      0.02       9.3    6.4   0.0    16   107   194   287   186   309 0.75 transcript=SHAE2_74920.7 gene=SHAE2_74920
SHAE2_74920.7        -           2041 504292at33208        -            182   1.5e-11   44.8   0.1   3   6   0.00047      0.22   11.7   0.0    45   115   400   472   397   482 0.87 transcript=SHAE2_74920.7 gene=SHAE2_74920
SHAE2_74920.7        -           2041 504292at33208        -            182   1.5e-11   44.8   0.1   4   6      0.46   2.1e+02    2.0   0.0    10    77  1101  1166  1097  1245 0.62 transcript=SHAE2_74920.7 gene=SHAE2_74920
SHAE2_74920.7        -           2041 504292at33208        -            182   1.5e-11   44.8   0.1   5   6       4.5     2e+03   -1.3   0.0    24    71  1274  1323  1270  1341 0.77 transcript=SHAE2_74920.7 gene=SHAE2_74920
SHAE2_74920.7        -           2041 504292at33208        -            182   1.5e-11   44.8   0.1   6   6      0.12        57    3.8   0.0    45   111  1556  1625  1523  1631 0.80 transcript=SHAE2_74920.7 gene=SHAE2_74920
SHAE2_74920.6        -           2050 504292at33208        -            182   1.6e-11   44.7   0.1   1   6   0.00046      0.21   11.7   0.1    27   141     4   125     1   135 0.86 transcript=SHAE2_74920.6 gene=SHAE2_74920
SHAE2_74920.6        -           2050 504292at33208        -            182   1.6e-11   44.7   0.1   2   6      0.02       9.4    6.4   0.0    16   107   194   287   186   309 0.75 transcript=SHAE2_74920.6 gene=SHAE2_74920
SHAE2_74920.6        -           2050 504292at33208        -            182   1.6e-11   44.7   0.1   3   6   0.00047      0.22   11.7   0.0    45   115   400   472   397   482 0.87 transcript=SHAE2_74920.6 gene=SHAE2_74920
SHAE2_74920.6        -           2050 504292at33208        -            182   1.6e-11   44.7   0.1   4   6      0.46   2.1e+02    1.9   0.0    10    77  1110  1175  1106  1254 0.62 transcript=SHAE2_74920.6 gene=SHAE2_74920
SHAE2_74920.6        -           2050 504292at33208        -            182   1.6e-11   44.7   0.1   5   6       4.6   2.1e+03   -1.3   0.0    24    71  1283  1332  1279  1349 0.77 transcript=SHAE2_74920.6 gene=SHAE2_74920
SHAE2_74920.6        -           2050 504292at33208        -            182   1.6e-11   44.7   0.1   6   6      0.12        57    3.8   0.0    45   111  1565  1634  1532  1640 0.80 transcript=SHAE2_74920.6 gene=SHAE2_74920
SHAE2_26110.1        -           1204 504292at33208        -            182   3.9e-11   43.5   1.3   1   3      0.01       4.7    7.4   0.0    44   109   281   347   268   384 0.85 transcript=SHAE2_26110.1 gene=SHAE2_26110
SHAE2_26110.1        -           1204 504292at33208        -            182   3.9e-11   43.5   1.3   2   3   0.00047      0.22   11.7   0.0    47    95   619   668   617   707 0.88 transcript=SHAE2_26110.1 gene=SHAE2_26110
SHAE2_26110.1        -           1204 504292at33208        -            182   3.9e-11   43.5   1.3   3   3   7.5e-07   0.00034   20.8   0.0    23   128   770   874   750   906 0.78 transcript=SHAE2_26110.1 gene=SHAE2_26110
SHAE2_74920.12       -           1987 504292at33208        -            182   5.5e-11   43.0   0.3   1   6   0.00045      0.21   11.8   0.1    27   141     4   125     1   135 0.86 transcript=SHAE2_74920.12 gene=SHAE2_74920
SHAE2_74920.12       -           1987 504292at33208        -            182   5.5e-11   43.0   0.3   2   6      0.02         9    6.4   0.0    16   107   194   287   186   309 0.75 transcript=SHAE2_74920.12 gene=SHAE2_74920
SHAE2_74920.12       -           1987 504292at33208        -            182   5.5e-11   43.0   0.3   3   6    0.0017      0.79    9.9   0.0    45   111   400   468   397   476 0.86 transcript=SHAE2_74920.12 gene=SHAE2_74920
SHAE2_74920.12       -           1987 504292at33208        -            182   5.5e-11   43.0   0.3   4   6      0.45     2e+02    2.0   0.0    10    77  1120  1185  1116  1264 0.62 transcript=SHAE2_74920.12 gene=SHAE2_74920
SHAE2_74920.12       -           1987 504292at33208        -            182   5.5e-11   43.0   0.3   5   6       4.3     2e+03   -1.2   0.0    24    71  1293  1342  1289  1360 0.77 transcript=SHAE2_74920.12 gene=SHAE2_74920
SHAE2_74920.12       -           1987 504292at33208        -            182   5.5e-11   43.0   0.3   6   6      0.12        55    3.9   0.0    45   111  1575  1644  1542  1650 0.80 transcript=SHAE2_74920.12 gene=SHAE2_74920
SHAE2_74920.4        -           1979 504292at33208        -            182   5.6e-11   42.9   0.3   1   6   0.00044       0.2   11.8   0.1    27   141     4   125     1   135 0.86 transcript=SHAE2_74920.4 gene=SHAE2_74920
SHAE2_74920.4        -           1979 504292at33208        -            182   5.6e-11   42.9   0.3   2   6      0.02         9    6.4   0.0    16   107   194   287   186   309 0.75 transcript=SHAE2_74920.4 gene=SHAE2_74920
SHAE2_74920.4        -           1979 504292at33208        -            182   5.6e-11   42.9   0.3   3   6    0.0017      0.79    9.9   0.0    45   111   400   468   397   476 0.86 transcript=SHAE2_74920.4 gene=SHAE2_74920
SHAE2_74920.4        -           1979 504292at33208        -            182   5.6e-11   42.9   0.3   4   6      0.46   2.1e+02    2.0   0.0    10    77  1039  1104  1036  1183 0.62 transcript=SHAE2_74920.4 gene=SHAE2_74920
SHAE2_74920.4        -           1979 504292at33208        -            182   5.6e-11   42.9   0.3   5   6       4.1   1.9e+03   -1.1   0.0    23    71  1211  1261  1207  1279 0.77 transcript=SHAE2_74920.4 gene=SHAE2_74920
SHAE2_74920.4        -           1979 504292at33208        -            182   5.6e-11   42.9   0.3   6   6      0.12        55    3.9   0.0    45   111  1494  1563  1461  1569 0.80 transcript=SHAE2_74920.4 gene=SHAE2_74920
SHAE2_74920.5        -           2035 504292at33208        -            182   6.4e-11   42.7   0.3   1   6   0.00046      0.21   11.7   0.1    27   141     4   125     1   135 0.86 transcript=SHAE2_74920.5 gene=SHAE2_74920
SHAE2_74920.5        -           2035 504292at33208        -            182   6.4e-11   42.7   0.3   2   6      0.02       9.3    6.4   0.0    16   107   194   287   186   309 0.75 transcript=SHAE2_74920.5 gene=SHAE2_74920
SHAE2_74920.5        -           2035 504292at33208        -            182   6.4e-11   42.7   0.3   3   6    0.0018      0.82    9.8   0.0    45   111   400   468   397   476 0.86 transcript=SHAE2_74920.5 gene=SHAE2_74920
SHAE2_74920.5        -           2035 504292at33208        -            182   6.4e-11   42.7   0.3   4   6      0.45   2.1e+02    2.0   0.0    10    77  1095  1160  1090  1239 0.63 transcript=SHAE2_74920.5 gene=SHAE2_74920
SHAE2_74920.5        -           2035 504292at33208        -            182   6.4e-11   42.7   0.3   5   6       4.4     2e+03   -1.3   0.0    24    71  1268  1317  1264  1335 0.77 transcript=SHAE2_74920.5 gene=SHAE2_74920
SHAE2_74920.5        -           2035 504292at33208        -            182   6.4e-11   42.7   0.3   6   6      0.12        57    3.8   0.0    45   111  1550  1619  1517  1625 0.80 transcript=SHAE2_74920.5 gene=SHAE2_74920
SHAE2_74920.11       -           2043 504292at33208        -            182   6.7e-11   42.7   0.3   1   6   0.00046      0.21   11.7   0.1    27   141     4   125     1   135 0.86 transcript=SHAE2_74920.11 gene=SHAE2_74920
SHAE2_74920.11       -           2043 504292at33208        -            182   6.7e-11   42.7   0.3   2   6      0.02       9.3    6.4   0.0    16   107   194   287   186   309 0.75 transcript=SHAE2_74920.11 gene=SHAE2_74920
SHAE2_74920.11       -           2043 504292at33208        -            182   6.7e-11   42.7   0.3   3   6    0.0018      0.82    9.8   0.0    45   111   400   468   397   476 0.86 transcript=SHAE2_74920.11 gene=SHAE2_74920
SHAE2_74920.11       -           2043 504292at33208        -            182   6.7e-11   42.7   0.3   4   6      0.46   2.1e+02    2.0   0.0    10    77  1103  1168  1099  1247 0.62 transcript=SHAE2_74920.11 gene=SHAE2_74920
SHAE2_74920.11       -           2043 504292at33208        -            182   6.7e-11   42.7   0.3   5   6       4.5     2e+03   -1.3   0.0    24    71  1276  1325  1272  1343 0.77 transcript=SHAE2_74920.11 gene=SHAE2_74920
SHAE2_74920.11       -           2043 504292at33208        -            182   6.7e-11   42.7   0.3   6   6      0.12        57    3.8   0.0    45   111  1558  1627  1525  1633 0.80 transcript=SHAE2_74920.11 gene=SHAE2_74920
SHAE2_74920.10       -           2053 504292at33208        -            182     7e-11   42.6   0.4   1   6   0.00046      0.21   11.7   0.1    27   141     4   125     1   135 0.86 transcript=SHAE2_74920.10 gene=SHAE2_74920
SHAE2_74920.10       -           2053 504292at33208        -            182     7e-11   42.6   0.4   2   6      0.02       9.4    6.4   0.0    16   107   194   287   186   309 0.75 transcript=SHAE2_74920.10 gene=SHAE2_74920
SHAE2_74920.10       -           2053 504292at33208        -            182     7e-11   42.6   0.4   3   6    0.0018      0.82    9.8   0.0    45   111   400   468   397   476 0.86 transcript=SHAE2_74920.10 gene=SHAE2_74920
SHAE2_74920.10       -           2053 504292at33208        -            182     7e-11   42.6   0.4   4   6      0.46   2.1e+02    1.9   0.0    10    77  1113  1178  1109  1257 0.62 transcript=SHAE2_74920.10 gene=SHAE2_74920
SHAE2_74920.10       -           2053 504292at33208        -            182     7e-11   42.6   0.4   5   6       4.7   2.1e+03   -1.3   0.0    24    71  1286  1335  1282  1352 0.77 transcript=SHAE2_74920.10 gene=SHAE2_74920
SHAE2_74920.10       -           2053 504292at33208        -            182     7e-11   42.6   0.4   6   6      0.12        57    3.8   0.0    45   111  1568  1637  1535  1643 0.80 transcript=SHAE2_74920.10 gene=SHAE2_74920
SHAE2_74920.3        -           2052 504292at33208        -            182     7e-11   42.6   0.4   1   6   0.00046      0.21   11.7   0.1    27   141     4   125     1   135 0.86 transcript=SHAE2_74920.3 gene=SHAE2_74920
SHAE2_74920.3        -           2052 504292at33208        -            182     7e-11   42.6   0.4   2   6      0.02       9.4    6.4   0.0    16   107   194   287   186   309 0.75 transcript=SHAE2_74920.3 gene=SHAE2_74920
SHAE2_74920.3        -           2052 504292at33208        -            182     7e-11   42.6   0.4   3   6    0.0018      0.82    9.8   0.0    45   111   400   468   397   476 0.86 transcript=SHAE2_74920.3 gene=SHAE2_74920
SHAE2_74920.3        -           2052 504292at33208        -            182     7e-11   42.6   0.4   4   6      0.46   2.1e+02    1.9   0.0    10    77  1112  1177  1108  1256 0.62 transcript=SHAE2_74920.3 gene=SHAE2_74920
SHAE2_74920.3        -           2052 504292at33208        -            182     7e-11   42.6   0.4   5   6       4.7   2.1e+03   -1.3   0.0    24    71  1285  1334  1281  1351 0.77 transcript=SHAE2_74920.3 gene=SHAE2_74920
SHAE2_74920.3        -           2052 504292at33208        -            182     7e-11   42.6   0.4   6   6      0.12        57    3.8   0.0    45   111  1567  1636  1534  1642 0.80 transcript=SHAE2_74920.3 gene=SHAE2_74920
SHAE2_74920.8        -           2060 504292at33208        -            182   7.1e-11   42.6   0.4   1   6   0.00047      0.21   11.7   0.1    27   141     4   125     1   135 0.86 transcript=SHAE2_74920.8 gene=SHAE2_74920
SHAE2_74920.8        -           2060 504292at33208        -            182   7.1e-11   42.6   0.4   2   6     0.021       9.4    6.4   0.0    16   107   194   287   186   309 0.75 transcript=SHAE2_74920.8 gene=SHAE2_74920
SHAE2_74920.8        -           2060 504292at33208        -            182   7.1e-11   42.6   0.4   3   6    0.0018      0.83    9.8   0.0    45   111   400   468   397   476 0.86 transcript=SHAE2_74920.8 gene=SHAE2_74920
SHAE2_74920.8        -           2060 504292at33208        -            182   7.1e-11   42.6   0.4   4   6      0.47   2.1e+02    1.9   0.0    10    77  1120  1185  1116  1264 0.62 transcript=SHAE2_74920.8 gene=SHAE2_74920
SHAE2_74920.8        -           2060 504292at33208        -            182   7.1e-11   42.6   0.4   5   6       4.7   2.1e+03   -1.3   0.0    24    71  1293  1342  1289  1359 0.77 transcript=SHAE2_74920.8 gene=SHAE2_74920
SHAE2_74920.8        -           2060 504292at33208        -            182   7.1e-11   42.6   0.4   6   6      0.13        57    3.8   0.0    45   111  1575  1644  1542  1650 0.80 transcript=SHAE2_74920.8 gene=SHAE2_74920
SHAE2_74920.2        -           2062 504292at33208        -            182   7.2e-11   42.6   0.4   1   6   0.00047      0.21   11.7   0.1    27   141     4   125     1   135 0.86 transcript=SHAE2_74920.2 gene=SHAE2_74920
SHAE2_74920.2        -           2062 504292at33208        -            182   7.2e-11   42.6   0.4   2   6     0.021       9.4    6.4   0.0    16   107   194   287   186   309 0.75 transcript=SHAE2_74920.2 gene=SHAE2_74920
SHAE2_74920.2        -           2062 504292at33208        -            182   7.2e-11   42.6   0.4   3   6    0.0018      0.83    9.8   0.0    45   111   400   468   397   476 0.86 transcript=SHAE2_74920.2 gene=SHAE2_74920
SHAE2_74920.2        -           2062 504292at33208        -            182   7.2e-11   42.6   0.4   4   6      0.47   2.1e+02    1.9   0.0    10    77  1122  1187  1118  1266 0.62 transcript=SHAE2_74920.2 gene=SHAE2_74920
SHAE2_74920.2        -           2062 504292at33208        -            182   7.2e-11   42.6   0.4   5   6       4.7   2.1e+03   -1.3   0.0    24    71  1295  1344  1291  1361 0.77 transcript=SHAE2_74920.2 gene=SHAE2_74920
SHAE2_74920.2        -           2062 504292at33208        -            182   7.2e-11   42.6   0.4   6   6      0.13        58    3.8   0.0    45   111  1577  1646  1544  1652 0.80 transcript=SHAE2_74920.2 gene=SHAE2_74920
SHAE2_74920.9        -           2059 504292at33208        -            182   7.2e-11   42.6   0.4   1   6   0.00047      0.21   11.7   0.1    27   141     4   125     1   135 0.86 transcript=SHAE2_74920.9 gene=SHAE2_74920
SHAE2_74920.9        -           2059 504292at33208        -            182   7.2e-11   42.6   0.4   2   6      0.02       9.4    6.4   0.0    16   107   194   287   186   309 0.75 transcript=SHAE2_74920.9 gene=SHAE2_74920
SHAE2_74920.9        -           2059 504292at33208        -            182   7.2e-11   42.6   0.4   3   6    0.0018      0.83    9.8   0.0    45   111   400   468   397   476 0.86 transcript=SHAE2_74920.9 gene=SHAE2_74920
SHAE2_74920.9        -           2059 504292at33208        -            182   7.2e-11   42.6   0.4   4   6      0.47   2.1e+02    1.9   0.0    10    77  1119  1184  1115  1263 0.62 transcript=SHAE2_74920.9 gene=SHAE2_74920
SHAE2_74920.9        -           2059 504292at33208        -            182   7.2e-11   42.6   0.4   5   6       4.7   2.1e+03   -1.3   0.0    24    71  1292  1341  1288  1358 0.77 transcript=SHAE2_74920.9 gene=SHAE2_74920
SHAE2_74920.9        -           2059 504292at33208        -            182   7.2e-11   42.6   0.4   6   6      0.13        57    3.8   0.0    45   111  1574  1643  1541  1649 0.80 transcript=SHAE2_74920.9 gene=SHAE2_74920
SHAE2_1690.1         -            412 504292at33208        -            182   3.2e-09   37.2   0.0   1   2   2.1e-08   9.6e-06   25.9   0.0    20   135   148   271   137   280 0.83 transcript=SHAE2_1690.1 gene=SHAE2_1690
SHAE2_1690.1         -            412 504292at33208        -            182   3.2e-09   37.2   0.0   2   2    0.0028       1.3    9.2   0.0    23    88   283   355   276   375 0.75 transcript=SHAE2_1690.1 gene=SHAE2_1690
SHAE2_74920.13       -           1122 504292at33208        -            182   1.3e-08   35.2   0.2   1   3   0.00022     0.099   12.8   0.1    27   141     4   125     1   135 0.86 transcript=SHAE2_74920.13 gene=SHAE2_74920
SHAE2_74920.13       -           1122 504292at33208        -            182   1.3e-08   35.2   0.2   2   3    0.0096       4.4    7.4   0.0    16   107   194   287   186   310 0.75 transcript=SHAE2_74920.13 gene=SHAE2_74920
SHAE2_74920.13       -           1122 504292at33208        -            182   1.3e-08   35.2   0.2   3   3   0.00089      0.41   10.8   0.0    45   111   400   468   397   476 0.86 transcript=SHAE2_74920.13 gene=SHAE2_74920
SHAE2_100340.1       -           1005 504292at33208        -            182   4.8e-07   30.1   0.1   1   1   2.9e-09   1.4e-06   28.7   0.1    24   144   293   425   282   438 0.77 transcript=SHAE2_100340.1 gene=SHAE2_100340
SHAE2_100340.2       -           1247 504292at33208        -            182   6.8e-07   29.6   0.1   1   1     4e-09   1.8e-06   28.2   0.1    24   144   293   425   282   438 0.77 transcript=SHAE2_100340.2 gene=SHAE2_100340
SHAE2_100340.3       -           1381 504292at33208        -            182   7.9e-07   29.4   0.1   1   1   4.6e-09   2.1e-06   28.0   0.1    24   144   293   425   282   438 0.77 transcript=SHAE2_100340.3 gene=SHAE2_100340
SHAE2_100340.4       -           1830 504292at33208        -            182   1.2e-06   28.8   0.1   1   1   6.6e-09     3e-06   27.5   0.1    24   144   742   874   731   887 0.77 transcript=SHAE2_100340.4 gene=SHAE2_100340
SHAE2_43860.1        -           2854 504292at33208        -            182   2.3e-06   27.9   0.0   1   2      0.54   2.5e+02    1.7   0.0    27    91     4    65     2    88 0.78 transcript=SHAE2_43860.1 gene=SHAE2_43860
SHAE2_43860.1        -           2854 504292at33208        -            182   2.3e-06   27.9   0.0   2   2   2.6e-07   0.00012   22.3   0.1    26   141  1804  1931  1797  1964 0.72 transcript=SHAE2_43860.1 gene=SHAE2_43860
SHAE2_10940.6        -            492 504292at33208        -            182   4.2e-06   27.0   0.0   1   1   1.5e-08   6.9e-06   26.3   0.0    15   126   168   288   164   342 0.89 transcript=SHAE2_10940.6 gene=SHAE2_10940
SHAE2_10940.5        -            633 504292at33208        -            182   6.7e-06   26.4   0.0   1   1   2.4e-08   1.1e-05   25.7   0.0    15   126   168   288   164   341 0.89 transcript=SHAE2_10940.5 gene=SHAE2_10940
SHAE2_10940.4        -            642 504292at33208        -            182   6.9e-06   26.4   0.0   1   1   2.4e-08   1.1e-05   25.7   0.0    15   126   168   288   164   341 0.89 transcript=SHAE2_10940.4 gene=SHAE2_10940
SHAE2_10940.1        -            678 504292at33208        -            182   7.5e-06   26.2   0.0   1   1   2.8e-08   1.3e-05   25.5   0.0    15   126   168   288   165   341 0.89 transcript=SHAE2_10940.1 gene=SHAE2_10940
SHAE2_22230.1        -           1764 504292at33208        -            182   7.2e-05   23.0   0.1   1   3      0.13        61    3.7   0.0    44    77   134   167   118   209 0.81 transcript=SHAE2_22230.1 gene=SHAE2_22230
SHAE2_22230.1        -           1764 504292at33208        -            182   7.2e-05   23.0   0.1   2   3    0.0094       4.3    7.5   0.0    45    92   542   598   524   602 0.74 transcript=SHAE2_22230.1 gene=SHAE2_22230
SHAE2_22230.1        -           1764 504292at33208        -            182   7.2e-05   23.0   0.1   3   3     0.011       5.2    7.2   0.0    40   116  1278  1357  1247  1367 0.81 transcript=SHAE2_22230.1 gene=SHAE2_22230
SHAE2_22230.2        -           1811 504292at33208        -            182   7.8e-05   22.9   0.1   1   3      0.14        62    3.7   0.0    44    77    77   110    61   152 0.81 transcript=SHAE2_22230.2 gene=SHAE2_22230
SHAE2_22230.2        -           1811 504292at33208        -            182   7.8e-05   22.9   0.1   2   3    0.0096       4.4    7.4   0.0    45    92   589   645   571   649 0.74 transcript=SHAE2_22230.2 gene=SHAE2_22230
SHAE2_22230.2        -           1811 504292at33208        -            182   7.8e-05   22.9   0.1   3   3     0.012       5.4    7.2   0.0    40   116  1325  1404  1295  1414 0.81 transcript=SHAE2_22230.2 gene=SHAE2_22230
SHAE2_16310.1        -            662 504292at33208        -            182    0.0022   18.2   0.0   1   1   7.6e-06    0.0035   17.5   0.0    45   126   187   275   156   284 0.84 transcript=SHAE2_16310.1 gene=SHAE2_16310
SHAE2_12130.4        -            711 504292at33208        -            182    0.0026   17.9   0.0   1   1   1.1e-05    0.0052   17.0   0.0    55   117    48   109    10   157 0.73 transcript=SHAE2_12130.4 gene=SHAE2_12130
SHAE2_12130.1        -            766 504292at33208        -            182     0.003   17.8   0.0   1   1   1.3e-05     0.006   16.8   0.0    55   117    48   109    10   156 0.73 transcript=SHAE2_12130.1 gene=SHAE2_12130
SHAE2_12130.2        -            766 504292at33208        -            182     0.003   17.8   0.0   1   1   1.3e-05     0.006   16.8   0.0    55   117    48   109    10   156 0.73 transcript=SHAE2_12130.2 gene=SHAE2_12130
SHAE2_12130.3        -            766 504292at33208        -            182     0.003   17.8   0.0   1   1   1.3e-05     0.006   16.8   0.0    55   117    48   109    10   156 0.73 transcript=SHAE2_12130.3 gene=SHAE2_12130
SHAE2_10940.3        -            486 504292at33208        -            182     0.003   17.7   0.0   1   1   1.1e-05     0.005   17.0   0.0    46   126     8    96     5   150 0.89 transcript=SHAE2_10940.3 gene=SHAE2_10940
SHAE2_98380.1        -            809 504292at33208        -            182    0.0032   17.7   0.0   1   1   1.4e-05    0.0063   16.7   0.0    35   106    42   122    26   139 0.75 transcript=SHAE2_98380.1 gene=SHAE2_98380
SHAE2_98380.2        -            809 504292at33208        -            182    0.0032   17.7   0.0   1   1   1.4e-05    0.0063   16.7   0.0    35   106    42   122    26   139 0.75 transcript=SHAE2_98380.2 gene=SHAE2_98380
SHAE2_98380.3        -           1048 504292at33208        -            182    0.0046   17.1   0.0   1   1   1.9e-05    0.0089   16.2   0.0    35   106    42   122    26   138 0.75 transcript=SHAE2_98380.3 gene=SHAE2_98380
SHAE2_98380.4        -           1064 504292at33208        -            182    0.0047   17.1   0.0   1   1     2e-05    0.0091   16.2   0.0    35   106    42   122    26   138 0.75 transcript=SHAE2_98380.4 gene=SHAE2_98380
SHAE2_26800.1        -            681 504292at33208        -            182     0.019   15.1   0.0   1   1   6.9e-05     0.031   14.4   0.0    46   101   573   628   535   658 0.84 transcript=SHAE2_26800.1 gene=SHAE2_26800
#
# Program:         hmmsearch
# Version:         3.4 (Aug 2023)
# Pipeline mode:   SEARCH
# Query file:      /users/40483456/busco_datasets/busco_downloads/lineages/metazoa_odb10/hmms/504292at33208.hmm
# Target file:     /users/40483456/protein/schistosoma_haematobium.fa
# Option settings: hmmsearch --domtblout /users/40483456/busco/results_pro/schistosoma_haematobium_busco/run_metazoa_odb10/hmmer_output/initial_run_results/504292at33208.out --cpu 1 /users/40483456/busco_datasets/busco_downloads/lineages/metazoa_odb10/hmms/504292at33208.hmm /users/40483456/protein/schistosoma_haematobium.fa 
# Current dir:     /users/40483456
# Date:            Thu Jan 15 17:50:44 2026
# [ok]
