#                                                                            --- full sequence --- -------------- this domain -------------   hmm coord   ali coord   env coord
# target name        accession   tlen query name           accession   qlen   E-value  score  bias   #  of  c-Evalue  i-Evalue  score  bias  from    to  from    to  from    to  acc description of target
#------------------- ---------- ----- -------------------- ---------- ----- --------- ------ ----- --- --- --------- --------- ------ ----- ----- ----- ----- ----- ----- ----- ---- ---------------------
SHAE2_1490.3         -            404 510174at33208        -            274   4.2e-84  282.6  13.3   1   2   1.4e-77   1.1e-74  251.6   0.3     1   157     1   165     1   175 0.89 transcript=SHAE2_1490.3 gene=SHAE2_1490
SHAE2_1490.3         -            404 510174at33208        -            274   4.2e-84  282.6  13.3   2   2   2.4e-11     2e-08   34.4   7.5   126   259   191   321   173   335 0.66 transcript=SHAE2_1490.3 gene=SHAE2_1490
SHAE2_1490.2         -            439 510174at33208        -            274   3.5e-82  276.3  17.9   1   3   1.7e-77   1.4e-74  251.3   0.9     1   159     1   167     1   212 0.88 transcript=SHAE2_1490.2 gene=SHAE2_1490
SHAE2_1490.2         -            439 510174at33208        -            274   3.5e-82  276.3  17.9   2   3   9.6e-11   7.8e-08   32.4   6.4   185   259   237   308   188   322 0.74 transcript=SHAE2_1490.2 gene=SHAE2_1490
SHAE2_1490.2         -            439 510174at33208        -            274   3.5e-82  276.3  17.9   3   3       1.9   1.5e+03   -1.3   0.3   141   195   340   395   312   421 0.61 transcript=SHAE2_1490.2 gene=SHAE2_1490
SHAE2_1490.4         -            360 510174at33208        -            274   6.2e-78  262.4   9.2   1   2   1.1e-77   8.9e-75  252.0   0.3     1   157     1   165     1   172 0.89 transcript=SHAE2_1490.4 gene=SHAE2_1490
SHAE2_1490.4         -            360 510174at33208        -            274   6.2e-78  262.4   9.2   2   2   6.5e-05     0.053   13.3   3.7   184   229   236   277   173   294 0.71 transcript=SHAE2_1490.4 gene=SHAE2_1490
SHAE2_1490.1         -            432 510174at33208        -            274   1.3e-76  258.1  16.5   1   3   1.5e-77   1.2e-74  251.5   0.4     1   158     1   166     1   181 0.89 transcript=SHAE2_1490.1 gene=SHAE2_1490
SHAE2_1490.1         -            432 510174at33208        -            274   1.3e-76  258.1  16.5   2   3   4.2e-05     0.034   13.9   5.4   128   230   193   291   174   306 0.62 transcript=SHAE2_1490.1 gene=SHAE2_1490
SHAE2_1490.1         -            432 510174at33208        -            274   1.3e-76  258.1  16.5   3   3       1.5   1.2e+03   -1.0   0.2   141   196   333   389   308   420 0.61 transcript=SHAE2_1490.1 gene=SHAE2_1490
SHAE2_12720.2        -            481 510174at33208        -            274   3.3e-39  135.3   0.1   1   1   1.4e-41   1.1e-38  133.6   0.1     9   121    14   128     5   173 0.83 transcript=SHAE2_12720.2 gene=SHAE2_12720
SHAE2_12720.3        -            372 510174at33208        -            274   6.7e-39  134.3   0.2   1   2   8.3e-42   6.7e-39  134.3   0.2     9   122    14   129     5   178 0.84 transcript=SHAE2_12720.3 gene=SHAE2_12720
SHAE2_12720.3        -            372 510174at33208        -            274   6.7e-39  134.3   0.2   2   2       2.3   1.9e+03   -1.6   0.1   135   160   273   298   210   346 0.53 transcript=SHAE2_12720.3 gene=SHAE2_12720
SHAE2_12720.1        -            532 510174at33208        -            274   1.4e-38  133.3   0.1   1   3   1.7e-41   1.4e-38  133.3   0.1     9   121    14   128     5   171 0.83 transcript=SHAE2_12720.1 gene=SHAE2_12720
SHAE2_12720.1        -            532 510174at33208        -            274   1.4e-38  133.3   0.1   2   3       3.8   3.1e+03   -2.3   0.0   135   163   273   301   223   352 0.52 transcript=SHAE2_12720.1 gene=SHAE2_12720
SHAE2_12720.1        -            532 510174at33208        -            274   1.4e-38  133.3   0.1   3   3       1.2     1e+03   -0.7   0.3   220   234   490   504   381   528 0.58 transcript=SHAE2_12720.1 gene=SHAE2_12720
SHAE2_23600.1        -            503 510174at33208        -            274   4.7e-24   85.6   0.3   1   2   1.5e-26   1.3e-23   84.2   0.0     5    90    17   102    14   159 0.93 transcript=SHAE2_23600.1 gene=SHAE2_23600
SHAE2_23600.1        -            503 510174at33208        -            274   4.7e-24   85.6   0.3   2   2       3.5   2.9e+03   -2.2   0.1   185   188   241   244   174   302 0.57 transcript=SHAE2_23600.1 gene=SHAE2_23600
SHAE2_84350.3        -           1091 510174at33208        -            274   1.5e-20   74.2   0.2   1   2     0.085        69    3.1   0.1   126   194   342   413   333   466 0.75 transcript=SHAE2_84350.3 gene=SHAE2_84350
SHAE2_84350.3        -           1091 510174at33208        -            274   1.5e-20   74.2   0.2   2   2   9.8e-22     8e-19   68.5   0.0     6    89   637   720   635   728 0.94 transcript=SHAE2_84350.3 gene=SHAE2_84350
SHAE2_84350.4        -           1249 510174at33208        -            274   2.4e-20   73.4   0.2   1   2      0.11        94    2.7   0.1   131   194   506   571   486   624 0.75 transcript=SHAE2_84350.4 gene=SHAE2_84350
SHAE2_84350.4        -           1249 510174at33208        -            274   2.4e-20   73.4   0.2   2   2   1.2e-21   9.4e-19   68.2   0.0     6    89   795   878   793   886 0.94 transcript=SHAE2_84350.4 gene=SHAE2_84350
SHAE2_84350.5        -           1017 510174at33208        -            274   3.4e-19   69.7   0.0   1   1   8.9e-22   7.3e-19   68.6   0.0     6    89   563   646   561   654 0.94 transcript=SHAE2_84350.5 gene=SHAE2_84350
SHAE2_84350.1        -           1062 510174at33208        -            274   3.4e-19   69.7   0.0   1   1   9.5e-22   7.7e-19   68.5   0.0     6    89   608   691   606   699 0.94 transcript=SHAE2_84350.1 gene=SHAE2_84350
SHAE2_84350.2        -           1220 510174at33208        -            274   4.4e-19   69.3   0.0   1   1   1.1e-21   9.2e-19   68.3   0.0     6    89   766   849   764   857 0.94 transcript=SHAE2_84350.2 gene=SHAE2_84350
SHAE2_100660.3       -           1068 510174at33208        -            274   1.5e-16   61.0   0.1   1   1   4.5e-19   3.7e-16   59.7   0.1    18    85   202   269   189   279 0.86 transcript=SHAE2_100660.3 gene=SHAE2_100660
SHAE2_100660.2       -           1426 510174at33208        -            274     2e-16   60.6   0.0   1   1   6.5e-19   5.3e-16   59.2   0.0    18    85   560   627   548   637 0.86 transcript=SHAE2_100660.2 gene=SHAE2_100660
SHAE2_100660.1       -           1439 510174at33208        -            274   2.1e-16   60.6   0.0   1   1   6.5e-19   5.3e-16   59.2   0.0    18    85   573   640   561   650 0.86 transcript=SHAE2_100660.1 gene=SHAE2_100660
SHAE2_71390.1        -           1065 510174at33208        -            274   3.1e-16   60.0   0.1   1   2       1.9   1.5e+03   -1.3   0.0   185   232    93   141    77   160 0.66 transcript=SHAE2_71390.1 gene=SHAE2_71390
SHAE2_71390.1        -           1065 510174at33208        -            274   3.1e-16   60.0   0.1   2   2   1.7e-18   1.4e-15   57.9   0.0    18    90   556   628   552   642 0.93 transcript=SHAE2_71390.1 gene=SHAE2_71390
SHAE2_70940.5        -           1201 510174at33208        -            274   6.2e-12   45.9   0.4   1   1   1.9e-14   1.6e-11   44.6   0.4    18    73     4    59     1    75 0.90 transcript=SHAE2_70940.5 gene=SHAE2_70940
SHAE2_70940.7        -           1294 510174at33208        -            274   6.9e-12   45.7   0.4   1   1   2.1e-14   1.7e-11   44.4   0.4    18    73     4    59     1    75 0.90 transcript=SHAE2_70940.7 gene=SHAE2_70940
SHAE2_70940.3        -           1323 510174at33208        -            274   1.8e-11   44.4   0.4   1   2   2.1e-14   1.8e-11   44.4   0.4    18    73     4    59     1    75 0.90 transcript=SHAE2_70940.3 gene=SHAE2_70940
SHAE2_70940.3        -           1323 510174at33208        -            274   1.8e-11   44.4   0.4   2   2       4.3   3.5e+03   -2.5   0.1   110   197   225   306   215   346 0.64 transcript=SHAE2_70940.3 gene=SHAE2_70940
SHAE2_70940.2        -           1361 510174at33208        -            274   1.8e-11   44.4   0.4   1   2   2.2e-14   1.8e-11   44.4   0.4    18    73     4    59     1    75 0.90 transcript=SHAE2_70940.2 gene=SHAE2_70940
SHAE2_70940.2        -           1361 510174at33208        -            274   1.8e-11   44.4   0.4   2   2       4.4   3.6e+03   -2.5   0.1   110   197   225   306   215   346 0.64 transcript=SHAE2_70940.2 gene=SHAE2_70940
SHAE2_70940.4        -           1454 510174at33208        -            274     2e-11   44.2   0.4   1   2   2.4e-14     2e-11   44.2   0.4    18    73     4    59     1    75 0.90 transcript=SHAE2_70940.4 gene=SHAE2_70940
SHAE2_70940.4        -           1454 510174at33208        -            274     2e-11   44.2   0.4   2   2         5   4.1e+03   -2.7   0.1   110   197   225   306   216   345 0.64 transcript=SHAE2_70940.4 gene=SHAE2_70940
SHAE2_70940.6        -           1454 510174at33208        -            274     2e-11   44.2   0.4   1   2   2.4e-14     2e-11   44.2   0.4    18    73     4    59     1    75 0.90 transcript=SHAE2_70940.6 gene=SHAE2_70940
SHAE2_70940.6        -           1454 510174at33208        -            274     2e-11   44.2   0.4   2   2         5   4.1e+03   -2.7   0.1   110   197   225   306   216   345 0.64 transcript=SHAE2_70940.6 gene=SHAE2_70940
SHAE2_70940.1        -           1480 510174at33208        -            274     2e-11   44.2   0.4   1   2   2.4e-14     2e-11   44.2   0.4    18    73     4    59     1    75 0.90 transcript=SHAE2_70940.1 gene=SHAE2_70940
SHAE2_70940.1        -           1480 510174at33208        -            274     2e-11   44.2   0.4   2   2       5.1   4.2e+03   -2.8   0.1   110   197   225   306   216   345 0.64 transcript=SHAE2_70940.1 gene=SHAE2_70940
SHAE2_50120.1        -            584 510174at33208        -            274   2.8e-09   37.2   8.7   1   1     2e-11   1.6e-08   34.7   8.7     6   152     5   143     1   283 0.63 transcript=SHAE2_50120.1 gene=SHAE2_50120
SHAE2_50120.2        -            593 510174at33208        -            274   4.2e-09   36.6   8.9   1   1   4.3e-11   3.5e-08   33.6   8.9     6   152     5   143     1   292 0.81 transcript=SHAE2_50120.2 gene=SHAE2_50120
SHAE2_53660.1        -            401 510174at33208        -            274    0.0011   18.8   0.1   1   1   2.3e-06    0.0019   18.1   0.1    17    88    18    92     5    96 0.74 transcript=SHAE2_53660.1 gene=SHAE2_53660
#
# Program:         hmmsearch
# Version:         3.4 (Aug 2023)
# Pipeline mode:   SEARCH
# Query file:      /users/40483456/busco_datasets/busco_downloads/lineages/metazoa_odb10/hmms/510174at33208.hmm
# Target file:     /users/40483456/protein/schistosoma_haematobium.fa
# Option settings: hmmsearch --domtblout /users/40483456/busco/results_pro/schistosoma_haematobium_busco/run_metazoa_odb10/hmmer_output/initial_run_results/510174at33208.out --cpu 1 /users/40483456/busco_datasets/busco_downloads/lineages/metazoa_odb10/hmms/510174at33208.hmm /users/40483456/protein/schistosoma_haematobium.fa 
# Current dir:     /users/40483456
# Date:            Thu Jan 15 17:50:50 2026
# [ok]
