#                                                                            --- full sequence --- -------------- this domain -------------   hmm coord   ali coord   env coord
# target name        accession   tlen query name           accession   qlen   E-value  score  bias   #  of  c-Evalue  i-Evalue  score  bias  from    to  from    to  from    to  acc description of target
#------------------- ---------- ----- -------------------- ---------- ----- --------- ------ ----- --- --- --------- --------- ------ ----- ----- ----- ----- ----- ----- ----- ---- ---------------------
SHAE2_76660.1        -            527 557834at33208        -            378   4.6e-51  174.4   6.9   1   2   4.6e-26   2.2e-23   83.3   1.1    23   133    88   210    85   221 0.84 transcript=SHAE2_76660.1 gene=SHAE2_76660
SHAE2_76660.1        -            527 557834at33208        -            378   4.6e-51  174.4   6.9   2   2   2.3e-29   1.1e-26   94.1   0.0   190   307   311   429   301   454 0.91 transcript=SHAE2_76660.1 gene=SHAE2_76660
SHAE2_67540.1        -            214 557834at33208        -            378   2.1e-10   40.6   2.4   1   1   5.6e-13   2.7e-10   40.2   2.4    56   107    39    89    29    95 0.90 transcript=SHAE2_67540.1 gene=SHAE2_67540
SHAE2_68940.3        -            953 557834at33208        -            378   5.7e-08   32.6   5.4   1   1   2.6e-10   1.2e-07   31.5   5.4    57   115    20    76    13    93 0.90 transcript=SHAE2_68940.3 gene=SHAE2_68940
SHAE2_68940.2        -           1113 557834at33208        -            378     9e-08   31.9   5.8   1   1   4.2e-10     2e-07   30.8   5.8    57   115    20    76    13    91 0.90 transcript=SHAE2_68940.2 gene=SHAE2_68940
SHAE2_68940.1        -           1331 557834at33208        -            378   1.5e-07   31.2   6.1   1   1   6.5e-10   3.1e-07   30.2   6.1    57   115    20    76    13    90 0.90 transcript=SHAE2_68940.1 gene=SHAE2_68940
SHAE2_4110.1         -            237 557834at33208        -            378   2.6e-07   30.4   0.5   1   1   7.5e-10   3.6e-07   29.9   0.5    57   106    59   109    49   142 0.87 transcript=SHAE2_4110.1 gene=SHAE2_4110
SHAE2_72800.1        -            827 557834at33208        -            378   5.5e-07   29.3   1.0   1   1     2e-09   9.7e-07   28.5   1.0    58   107   757   804   741   823 0.79 transcript=SHAE2_72800.1 gene=SHAE2_72800
SHAE2_72800.2        -            827 557834at33208        -            378   5.5e-07   29.3   1.0   1   1     2e-09   9.7e-07   28.5   1.0    58   107   757   804   741   823 0.79 transcript=SHAE2_72800.2 gene=SHAE2_72800
SHAE2_53230.1        -            603 557834at33208        -            378     9e-06   25.3   1.1   1   1     3e-08   1.4e-05   24.7   1.1    56   122    51   121    48   172 0.84 transcript=SHAE2_53230.1 gene=SHAE2_53230
SHAE2_95010.1        -            213 557834at33208        -            378   0.00032   20.2   0.2   1   1   9.3e-07   0.00045   19.8   0.2    55   157    80   182    54   198 0.74 transcript=SHAE2_95010.1 gene=SHAE2_95010
SHAE2_51640.1        -            202 557834at33208        -            378    0.0011   18.5   1.7   1   1     3e-06    0.0014   18.1   1.7    58   108    17    64     9   100 0.77 transcript=SHAE2_51640.1 gene=SHAE2_51640
SHAE2_51640.2        -            242 557834at33208        -            378    0.0014   18.1   1.7   1   1   4.2e-06     0.002   17.6   1.7    58   108    17    64     9   100 0.77 transcript=SHAE2_51640.2 gene=SHAE2_51640
SHAE2_82270.1        -            869 557834at33208        -            378    0.0017   17.9   5.0   1   1   5.9e-06    0.0028   17.1   5.0    67   154    28   114    14   123 0.71 transcript=SHAE2_82270.1 gene=SHAE2_82270
SHAE2_42460.15       -            462 557834at33208        -            378    0.0053   16.2   3.9   1   1   1.9e-05    0.0091   15.5   3.9    57   107   148   203   142   218 0.86 transcript=SHAE2_42460.15 gene=SHAE2_42460
SHAE2_75510.1        -            497 557834at33208        -            378    0.0057   16.1   2.8   1   1   2.1e-05      0.01   15.3   2.8    57   106    54   101    50   110 0.75 transcript=SHAE2_75510.1 gene=SHAE2_75510
SHAE2_76540.1        -            353 557834at33208        -            378    0.0089   15.5   6.6   1   1   2.7e-05     0.013   14.9   6.6    59   111    18    67    14    96 0.80 transcript=SHAE2_76540.1 gene=SHAE2_76540
SHAE2_76540.2        -            353 557834at33208        -            378    0.0089   15.5   6.6   1   1   2.7e-05     0.013   14.9   6.6    59   111    18    67    14    96 0.80 transcript=SHAE2_76540.2 gene=SHAE2_76540
SHAE2_76540.3        -            353 557834at33208        -            378    0.0089   15.5   6.6   1   1   2.7e-05     0.013   14.9   6.6    59   111    18    67    14    96 0.80 transcript=SHAE2_76540.3 gene=SHAE2_76540
SHAE2_88960.2        -            747 557834at33208        -            378     0.011   15.2   1.8   1   1   4.8e-05     0.023   14.1   1.8    50   164     5   118     2   134 0.72 transcript=SHAE2_88960.2 gene=SHAE2_88960
SHAE2_57440.4        -            536 557834at33208        -            378     0.093   12.1   5.0   1   1   0.00031      0.15   11.5   5.0    56   103   319   362   300   370 0.86 transcript=SHAE2_57440.4 gene=SHAE2_57440
SHAE2_57440.3        -            707 557834at33208        -            378      0.11   11.8   4.9   1   1    0.0004      0.19   11.1   4.9    56   103   301   344   283   352 0.86 transcript=SHAE2_57440.3 gene=SHAE2_57440
SHAE2_32670.1        -            454 557834at33208        -            378      0.18   11.2   1.2   1   1   0.00064      0.31   10.4   1.2    56   107   223   274   217   286 0.83 transcript=SHAE2_32670.1 gene=SHAE2_32670
SHAE2_4110.2         -            173 557834at33208        -            378      0.19   11.1   4.4   1   1   0.00057      0.27   10.6   4.4    72   106    10    45     2    78 0.86 transcript=SHAE2_4110.2 gene=SHAE2_4110
SHAE2_18400.1        -            687 557834at33208        -            378      0.21   11.0   3.5   1   1    0.0008      0.39   10.1   3.5    58   104   334   378   331   385 0.86 transcript=SHAE2_18400.1 gene=SHAE2_18400
SHAE2_18400.2        -            687 557834at33208        -            378      0.21   11.0   3.5   1   1    0.0008      0.39   10.1   3.5    58   104   334   378   331   385 0.86 transcript=SHAE2_18400.2 gene=SHAE2_18400
SHAE2_38760.1        -            339 557834at33208        -            378      0.22   10.9   3.5   1   1   0.00071      0.34   10.3   3.5    56    93    42    80    39   115 0.76 transcript=SHAE2_38760.1 gene=SHAE2_38760
SHAE2_11970.12       -            192 557834at33208        -            378       0.3   10.4   4.2   1   1   0.00086      0.41   10.0   4.2    57   104   143   183   101   187 0.87 transcript=SHAE2_11970.12 gene=SHAE2_11970
SHAE2_10070.1        -            299 557834at33208        -            378      0.34   10.3   4.4   1   1    0.0012      0.59    9.5   4.4    58   110    55   103    52   118 0.78 transcript=SHAE2_10070.1 gene=SHAE2_10070
SHAE2_23520.6        -            622 557834at33208        -            378      0.36   10.2   3.9   1   1    0.0014      0.65    9.3   3.9    57   108   257   309   254   323 0.74 transcript=SHAE2_23520.6 gene=SHAE2_23520
SHAE2_23520.8        -            622 557834at33208        -            378      0.36   10.2   3.9   1   1    0.0014      0.65    9.3   3.9    57   108   257   309   254   323 0.74 transcript=SHAE2_23520.8 gene=SHAE2_23520
SHAE2_23520.10       -            802 557834at33208        -            378      0.44    9.9   3.8   1   1    0.0019       0.9    8.9   3.8    57   108   257   309   254   323 0.74 transcript=SHAE2_23520.10 gene=SHAE2_23520
SHAE2_23520.7        -            802 557834at33208        -            378      0.44    9.9   3.8   1   1    0.0019       0.9    8.9   3.8    57   108   257   309   254   323 0.74 transcript=SHAE2_23520.7 gene=SHAE2_23520
SHAE2_23520.5        -            822 557834at33208        -            378      0.45    9.9   3.8   1   1    0.0019      0.93    8.8   3.8    57   108   257   309   254   323 0.74 transcript=SHAE2_23520.5 gene=SHAE2_23520
SHAE2_42460.14       -            724 557834at33208        -            378      0.49    9.8  11.6   1   2       1.6   7.8e+02   -0.8   0.8   279   309   159   190   142   222 0.61 transcript=SHAE2_42460.14 gene=SHAE2_42460
SHAE2_42460.14       -            724 557834at33208        -            378      0.49    9.8  11.6   2   2   4.1e-05      0.02   14.4   4.1    57   107   410   465   404   478 0.86 transcript=SHAE2_42460.14 gene=SHAE2_42460
SHAE2_23520.3        -            873 557834at33208        -            378       0.5    9.7   3.8   1   1    0.0021         1    8.7   3.8    57   108   257   309   254   323 0.74 transcript=SHAE2_23520.3 gene=SHAE2_23520
SHAE2_75000.2        -            461 557834at33208        -            378      0.59    9.5   8.4   1   2   0.00016     0.076   12.4   3.5    14   129   174   291   167   298 0.78 transcript=SHAE2_75000.2 gene=SHAE2_75000
SHAE2_75000.2        -            461 557834at33208        -            378      0.59    9.5   8.4   2   2       2.7   1.3e+03   -1.5   0.2   161   259   414   442   381   456 0.57 transcript=SHAE2_75000.2 gene=SHAE2_75000
SHAE2_75000.3        -            461 557834at33208        -            378      0.59    9.5   8.4   1   2   0.00016     0.076   12.4   3.5    14   129   174   291   167   298 0.78 transcript=SHAE2_75000.3 gene=SHAE2_75000
SHAE2_75000.3        -            461 557834at33208        -            378      0.59    9.5   8.4   2   2       2.7   1.3e+03   -1.5   0.2   161   259   414   442   381   456 0.57 transcript=SHAE2_75000.3 gene=SHAE2_75000
SHAE2_42460.13       -            871 557834at33208        -            378      0.87    8.9  11.9   1   2       2.2   1.1e+03   -1.2   0.9   279   309   306   337   290   368 0.61 transcript=SHAE2_42460.13 gene=SHAE2_42460
SHAE2_42460.13       -            871 557834at33208        -            378      0.87    8.9  11.9   2   2   5.7e-05     0.027   13.9   4.2    57   107   557   612   551   624 0.86 transcript=SHAE2_42460.13 gene=SHAE2_42460
SHAE2_30790.1        -            260 557834at33208        -            378      0.89    8.9   6.8   1   2   0.00044      0.21   11.0   2.4    57   105     3    48     1    74 0.77 transcript=SHAE2_30790.1 gene=SHAE2_30790
SHAE2_30790.1        -            260 557834at33208        -            378      0.89    8.9   6.8   2   2       1.2   5.8e+02   -0.4   0.1   342   373   178   209   162   247 0.77 transcript=SHAE2_30790.1 gene=SHAE2_30790
SHAE2_81750.2        -            359 557834at33208        -            378       1.5    8.2   5.0   1   1    0.0048       2.3    7.5   5.0   274   364   217   312   208   325 0.64 transcript=SHAE2_81750.2 gene=SHAE2_81750
SHAE2_81750.1        -            359 557834at33208        -            378       1.5    8.2   5.0   1   1    0.0048       2.3    7.5   5.0   274   364   217   312   208   325 0.64 transcript=SHAE2_81750.1 gene=SHAE2_81750
SHAE2_81750.3        -            370 557834at33208        -            378       1.6    8.1   5.0   1   1    0.0051       2.4    7.5   5.0   274   364   217   312   208   325 0.64 transcript=SHAE2_81750.3 gene=SHAE2_81750
SHAE2_81750.4        -            370 557834at33208        -            378       1.6    8.1   5.0   1   1    0.0051       2.4    7.5   5.0   274   364   217   312   208   325 0.64 transcript=SHAE2_81750.4 gene=SHAE2_81750
SHAE2_42460.12       -           1729 557834at33208        -            378       5.3    6.4  12.6   1   2       7.8   3.7e+03   -3.0   1.4   280   308  1165  1194  1151  1222 0.60 transcript=SHAE2_42460.12 gene=SHAE2_42460
SHAE2_42460.12       -           1729 557834at33208        -            378       5.3    6.4  12.6   2   2   0.00011     0.054   12.9   4.0    57   107  1415  1470  1409  1481 0.85 transcript=SHAE2_42460.12 gene=SHAE2_42460
SHAE2_42540.1        -           1729 557834at33208        -            378       5.3    6.4  12.6   1   2       7.8   3.7e+03   -3.0   1.4   280   308  1165  1194  1151  1222 0.60 transcript=SHAE2_42540.1 gene=SHAE2_42540
SHAE2_42540.1        -           1729 557834at33208        -            378       5.3    6.4  12.6   2   2   0.00011     0.054   12.9   4.0    57   107  1415  1470  1409  1481 0.85 transcript=SHAE2_42540.1 gene=SHAE2_42540
SHAE2_42460.11       -           1534 557834at33208        -            378       7.8    5.8  13.5   1   2       8.4     4e+03   -3.1   1.7   280   309  1165  1195  1151  1223 0.60 transcript=SHAE2_42460.11 gene=SHAE2_42460
SHAE2_42460.11       -           1534 557834at33208        -            378       7.8    5.8  13.5   2   2   0.00012     0.059   12.8   4.3    57   107  1415  1470  1409  1480 0.85 transcript=SHAE2_42460.11 gene=SHAE2_42460
#
# Program:         hmmsearch
# Version:         3.4 (Aug 2023)
# Pipeline mode:   SEARCH
# Query file:      /users/40483456/busco_datasets/busco_downloads/lineages/metazoa_odb10/hmms/557834at33208.hmm
# Target file:     /users/40483456/protein/schistosoma_haematobium.fa
# Option settings: hmmsearch --domtblout /users/40483456/busco/results_pro/schistosoma_haematobium_busco/run_metazoa_odb10/hmmer_output/initial_run_results/557834at33208.out --cpu 1 /users/40483456/busco_datasets/busco_downloads/lineages/metazoa_odb10/hmms/557834at33208.hmm /users/40483456/protein/schistosoma_haematobium.fa 
# Current dir:     /users/40483456
# Date:            Thu Jan 15 17:50:54 2026
# [ok]
