#                                                                            --- full sequence --- -------------- this domain -------------   hmm coord   ali coord   env coord
# target name        accession   tlen query name           accession   qlen   E-value  score  bias   #  of  c-Evalue  i-Evalue  score  bias  from    to  from    to  from    to  acc description of target
#------------------- ---------- ----- -------------------- ---------- ----- --------- ------ ----- --- --- --------- --------- ------ ----- ----- ----- ----- ----- ----- ----- ---- ---------------------
SHAE2_29860.1        -            365 595010at33208        -            253   3.5e-49  167.8  13.9   1   2   5.1e-12     1e-08   35.2   2.0    41   109    90   161    69   174 0.85 transcript=SHAE2_29860.1 gene=SHAE2_29860
SHAE2_29860.1        -            365 595010at33208        -            253   3.5e-49  167.8  13.9   2   2   1.2e-43   2.4e-40  138.8   3.1   115   250   215   354   207   356 0.93 transcript=SHAE2_29860.1 gene=SHAE2_29860
SHAE2_52720.1        -            394 595010at33208        -            253   1.3e-31  110.2   1.9   1   2   6.6e-35   1.3e-31  110.2   1.9   111   235    56   181    51   196 0.96 transcript=SHAE2_52720.1 gene=SHAE2_52720
SHAE2_52720.1        -            394 595010at33208        -            253   1.3e-31  110.2   1.9   2   2       1.1   2.1e+03   -1.9   0.2   140   140   348   348   298   382 0.61 transcript=SHAE2_52720.1 gene=SHAE2_52720
SHAE2_33360.2        -            742 595010at33208        -            253   1.7e-08   34.5   0.6   1   2   1.4e-10   2.7e-07   30.5   0.5    77   195   298   414   283   416 0.83 transcript=SHAE2_33360.2 gene=SHAE2_33360
SHAE2_33360.2        -            742 595010at33208        -            253   1.7e-08   34.5   0.6   2   2     0.092   1.8e+02    1.6   0.0   199   228   458   487   452   490 0.88 transcript=SHAE2_33360.2 gene=SHAE2_33360
SHAE2_33360.4        -            588 595010at33208        -            253   4.1e-08   33.2   1.4   1   2   3.7e-10   7.5e-07   29.1   1.1   118   195   183   260   113   262 0.84 transcript=SHAE2_33360.4 gene=SHAE2_33360
SHAE2_33360.4        -            588 595010at33208        -            253   4.1e-08   33.2   1.4   2   2      0.07   1.4e+02    2.0   0.0   199   228   304   333   298   336 0.88 transcript=SHAE2_33360.4 gene=SHAE2_33360
SHAE2_33360.3        -            677 595010at33208        -            253   7.7e-08   32.3   1.8   1   2     6e-10   1.2e-06   28.4   1.5   118   195   272   349   203   351 0.85 transcript=SHAE2_33360.3 gene=SHAE2_33360
SHAE2_33360.3        -            677 595010at33208        -            253   7.7e-08   32.3   1.8   2   2     0.083   1.7e+02    1.7   0.0   199   228   393   422   387   425 0.88 transcript=SHAE2_33360.3 gene=SHAE2_33360
SHAE2_33360.1        -            759 595010at33208        -            253     1e-07   32.0   1.8   1   2   7.1e-10   1.4e-06   28.2   1.5   118   195   354   431   285   433 0.85 transcript=SHAE2_33360.1 gene=SHAE2_33360
SHAE2_33360.1        -            759 595010at33208        -            253     1e-07   32.0   1.8   2   2     0.095   1.9e+02    1.6   0.0   199   228   475   504   469   507 0.88 transcript=SHAE2_33360.1 gene=SHAE2_33360
SHAE2_53290.5        -            322 595010at33208        -            253   3.5e-06   26.9   5.6   1   1   3.2e-09   6.5e-06   26.0   5.6   102   191   181   272   175   287 0.87 transcript=SHAE2_53290.5 gene=SHAE2_53290
SHAE2_53290.4        -            404 595010at33208        -            253   5.1e-06   26.4   5.6   1   1   5.1e-09     1e-05   25.4   5.6   102   191   263   354   258   369 0.86 transcript=SHAE2_53290.4 gene=SHAE2_53290
SHAE2_53290.2        -            458 595010at33208        -            253   5.6e-06   26.2   5.4   1   1   5.7e-09   1.1e-05   25.2   5.4   102   191   337   428   332   442 0.87 transcript=SHAE2_53290.2 gene=SHAE2_53290
SHAE2_53290.3        -            466 595010at33208        -            253   6.6e-06   26.0   5.6   1   1   6.4e-09   1.3e-05   25.0   5.6   102   191   325   416   320   431 0.86 transcript=SHAE2_53290.3 gene=SHAE2_53290
SHAE2_53290.1        -            478 595010at33208        -            253   6.8e-06   25.9   5.6   1   1   6.7e-09   1.3e-05   25.0   5.6   102   191   337   428   332   443 0.86 transcript=SHAE2_53290.1 gene=SHAE2_53290
#
# Program:         hmmsearch
# Version:         3.4 (Aug 2023)
# Pipeline mode:   SEARCH
# Query file:      /users/40483456/busco_datasets/busco_downloads/lineages/metazoa_odb10/hmms/595010at33208.hmm
# Target file:     /users/40483456/protein/schistosoma_haematobium.fa
# Option settings: hmmsearch --domtblout /users/40483456/busco/results_pro/schistosoma_haematobium_busco/run_metazoa_odb10/hmmer_output/initial_run_results/595010at33208.out --cpu 1 /users/40483456/busco_datasets/busco_downloads/lineages/metazoa_odb10/hmms/595010at33208.hmm /users/40483456/protein/schistosoma_haematobium.fa 
# Current dir:     /users/40483456
# Date:            Thu Jan 15 17:50:55 2026
# [ok]
