#                                                                            --- full sequence --- -------------- this domain -------------   hmm coord   ali coord   env coord
# target name        accession   tlen query name           accession   qlen   E-value  score  bias   #  of  c-Evalue  i-Evalue  score  bias  from    to  from    to  from    to  acc description of target
#------------------- ---------- ----- -------------------- ---------- ----- --------- ------ ----- --- --- --------- --------- ------ ----- ----- ----- ----- ----- ----- ----- ---- ---------------------
SHAE2_31850.1        -           2306 5951at33208          -           1958         0 4115.5  61.2   1   4   4.7e-98     8e-95  318.5   4.0     1   160     6   169     6   194 0.93 transcript=SHAE2_31850.1 gene=SHAE2_31850
SHAE2_31850.1        -           2306 5951at33208          -           1958         0 4115.5  61.2   2   4   2.5e-60   4.3e-57  193.4   2.9   152   264   210   335   202   341 0.93 transcript=SHAE2_31850.1 gene=SHAE2_31850
SHAE2_31850.1        -           2306 5951at33208          -           1958         0 4115.5  61.2   3   4  1.7e-109  2.8e-106  356.5   3.6   260   455   360   591   343   595 0.93 transcript=SHAE2_31850.1 gene=SHAE2_31850
SHAE2_31850.1        -           2306 5951at33208          -           1958         0 4115.5  61.2   4   4         0         0 3264.4  27.1   456  1958   658  2288   645  2288 0.96 transcript=SHAE2_31850.1 gene=SHAE2_31850
SHAE2_31850.5        -           2273 5951at33208          -           1958         0 4076.1  61.1   1   4   3.8e-86   6.5e-83  279.0   4.0    26   160     1   136     1   161 0.94 transcript=SHAE2_31850.5 gene=SHAE2_31850
SHAE2_31850.5        -           2273 5951at33208          -           1958         0 4076.1  61.1   2   4   2.5e-60   4.2e-57  193.4   2.9   152   264   177   302   169   308 0.93 transcript=SHAE2_31850.5 gene=SHAE2_31850
SHAE2_31850.5        -           2273 5951at33208          -           1958         0 4076.1  61.1   3   4  1.6e-109  2.8e-106  356.5   3.6   260   455   327   558   310   562 0.93 transcript=SHAE2_31850.5 gene=SHAE2_31850
SHAE2_31850.5        -           2273 5951at33208          -           1958         0 4076.1  61.1   4   4         0         0 3264.4  27.1   456  1958   625  2255   612  2255 0.96 transcript=SHAE2_31850.5 gene=SHAE2_31850
SHAE2_31850.2        -           2171 5951at33208          -           1958         0 4000.2  58.1   1   4   4.4e-98   7.4e-95  318.6   4.0     1   160     6   169     6   194 0.93 transcript=SHAE2_31850.2 gene=SHAE2_31850
SHAE2_31850.2        -           2171 5951at33208          -           1958         0 4000.2  58.1   2   4   2.4e-60     4e-57  193.5   2.9   152   264   210   335   202   341 0.93 transcript=SHAE2_31850.2 gene=SHAE2_31850
SHAE2_31850.2        -           2171 5951at33208          -           1958         0 4000.2  58.1   3   4  1.5e-109  2.6e-106  356.6   3.6   260   455   360   591   343   595 0.93 transcript=SHAE2_31850.2 gene=SHAE2_31850
SHAE2_31850.2        -           2171 5951at33208          -           1958         0 4000.2  58.1   4   4         0         0 3149.0  24.0   456  1861   658  2131   645  2164 0.96 transcript=SHAE2_31850.2 gene=SHAE2_31850
SHAE2_31850.9        -           2105 5951at33208          -           1958         0 3942.9  58.5   1   4   4.2e-98   7.1e-95  318.7   4.0     1   160     6   169     6   194 0.93 transcript=SHAE2_31850.9 gene=SHAE2_31850
SHAE2_31850.9        -           2105 5951at33208          -           1958         0 3942.9  58.5   2   4   2.3e-60   3.9e-57  193.5   2.9   152   264   210   335   202   341 0.93 transcript=SHAE2_31850.9 gene=SHAE2_31850
SHAE2_31850.9        -           2105 5951at33208          -           1958         0 3942.9  58.5   3   4  1.5e-109  2.5e-106  356.7   3.6   260   455   360   591   343   595 0.93 transcript=SHAE2_31850.9 gene=SHAE2_31850
SHAE2_31850.9        -           2105 5951at33208          -           1958         0 3942.9  58.5   4   4         0         0 3091.8  24.4   456  1834   658  2103   646  2105 0.97 transcript=SHAE2_31850.9 gene=SHAE2_31850
SHAE2_31850.10       -           2132 5951at33208          -           1958         0 3803.9  49.3   1   3   2.3e-60   3.9e-57  193.5   2.9   152   264    36   161    28   167 0.93 transcript=SHAE2_31850.10 gene=SHAE2_31850
SHAE2_31850.10       -           2132 5951at33208          -           1958         0 3803.9  49.3   2   3  1.5e-109  2.5e-106  356.6   3.6   260   455   186   417   169   421 0.93 transcript=SHAE2_31850.10 gene=SHAE2_31850
SHAE2_31850.10       -           2132 5951at33208          -           1958         0 3803.9  49.3   3   3         0         0 3264.6  27.2   456  1958   484  2114   471  2114 0.96 transcript=SHAE2_31850.10 gene=SHAE2_31850
SHAE2_31850.7        -           2100 5951at33208          -           1958         0 3803.7  49.1   1   3   2.5e-60   4.2e-57  193.4   2.7   153   264     5   129     1   135 0.94 transcript=SHAE2_31850.7 gene=SHAE2_31850
SHAE2_31850.7        -           2100 5951at33208          -           1958         0 3803.7  49.1   2   3  1.5e-109  2.5e-106  356.7   3.6   260   455   154   385   137   389 0.93 transcript=SHAE2_31850.7 gene=SHAE2_31850
SHAE2_31850.7        -           2100 5951at33208          -           1958         0 3803.7  49.1   3   3         0         0 3264.6  27.3   456  1958   452  2082   439  2082 0.96 transcript=SHAE2_31850.7 gene=SHAE2_31850
SHAE2_31850.11       -           1896 5951at33208          -           1958         0 3530.0  47.5   1   2   1.5e-83   2.6e-80  270.4  11.5   305   455     3   181     1   185 0.94 transcript=SHAE2_31850.11 gene=SHAE2_31850
SHAE2_31850.11       -           1896 5951at33208          -           1958         0 3530.0  47.5   2   2         0         0 3264.4  27.9   456  1958   248  1878   235  1878 0.96 transcript=SHAE2_31850.11 gene=SHAE2_31850
SHAE2_31850.12       -           1896 5951at33208          -           1958         0 3530.0  47.5   1   2   1.5e-83   2.6e-80  270.4  11.5   305   455     3   181     1   185 0.94 transcript=SHAE2_31850.12 gene=SHAE2_31850
SHAE2_31850.12       -           1896 5951at33208          -           1958         0 3530.0  47.5   2   2         0         0 3264.4  27.9   456  1958   248  1878   235  1878 0.96 transcript=SHAE2_31850.12 gene=SHAE2_31850
SHAE2_31850.13       -           1896 5951at33208          -           1958         0 3530.0  47.5   1   2   1.5e-83   2.6e-80  270.4  11.5   305   455     3   181     1   185 0.94 transcript=SHAE2_31850.13 gene=SHAE2_31850
SHAE2_31850.13       -           1896 5951at33208          -           1958         0 3530.0  47.5   2   2         0         0 3264.4  27.9   456  1958   248  1878   235  1878 0.96 transcript=SHAE2_31850.13 gene=SHAE2_31850
SHAE2_31850.4        -           1896 5951at33208          -           1958         0 3530.0  47.5   1   2   1.5e-83   2.6e-80  270.4  11.5   305   455     3   181     1   185 0.94 transcript=SHAE2_31850.4 gene=SHAE2_31850
SHAE2_31850.4        -           1896 5951at33208          -           1958         0 3530.0  47.5   2   2         0         0 3264.4  27.9   456  1958   248  1878   235  1878 0.96 transcript=SHAE2_31850.4 gene=SHAE2_31850
SHAE2_31850.6        -           1896 5951at33208          -           1958         0 3530.0  47.5   1   2   1.5e-83   2.6e-80  270.4  11.5   305   455     3   181     1   185 0.94 transcript=SHAE2_31850.6 gene=SHAE2_31850
SHAE2_31850.6        -           1896 5951at33208          -           1958         0 3530.0  47.5   2   2         0         0 3264.4  27.9   456  1958   248  1878   235  1878 0.96 transcript=SHAE2_31850.6 gene=SHAE2_31850
SHAE2_31850.8        -           1832 5951at33208          -           1958         0 3429.7  43.2   1   2   2.9e-53   4.9e-50  170.0   7.2   357   455     1   117     1   121 0.94 transcript=SHAE2_31850.8 gene=SHAE2_31850
SHAE2_31850.8        -           1832 5951at33208          -           1958         0 3429.7  43.2   2   2         0         0 3264.5  28.0   456  1958   184  1814   171  1814 0.96 transcript=SHAE2_31850.8 gene=SHAE2_31850
SHAE2_31850.3        -           1744 5951at33208          -           1958         0 3304.3  39.4   1   2   2.2e-15   3.7e-12   44.4   3.3   427   455     1    29     1    33 0.96 transcript=SHAE2_31850.3 gene=SHAE2_31850
SHAE2_31850.3        -           1744 5951at33208          -           1958         0 3304.3  39.4   2   2         0         0 3264.6  28.3   456  1958    96  1726    83  1726 0.96 transcript=SHAE2_31850.3 gene=SHAE2_31850
#
# Program:         hmmsearch
# Version:         3.4 (Aug 2023)
# Pipeline mode:   SEARCH
# Query file:      /users/40483456/busco_datasets/busco_downloads/lineages/metazoa_odb10/hmms/5951at33208.hmm
# Target file:     /users/40483456/protein/schistosoma_haematobium.fa
# Option settings: hmmsearch --domtblout /users/40483456/busco/results_pro/schistosoma_haematobium_busco/run_metazoa_odb10/hmmer_output/initial_run_results/5951at33208.out --cpu 1 /users/40483456/busco_datasets/busco_downloads/lineages/metazoa_odb10/hmms/5951at33208.hmm /users/40483456/protein/schistosoma_haematobium.fa 
# Current dir:     /users/40483456
# Date:            Thu Jan 15 17:50:58 2026
# [ok]
