#                                                                            --- full sequence --- -------------- this domain -------------   hmm coord   ali coord   env coord
# target name        accession   tlen query name           accession   qlen   E-value  score  bias   #  of  c-Evalue  i-Evalue  score  bias  from    to  from    to  from    to  acc description of target
#------------------- ---------- ----- -------------------- ---------- ----- --------- ------ ----- --- --- --------- --------- ------ ----- ----- ----- ----- ----- ----- ----- ---- ---------------------
SHAE2_68860.1        -            592 601875at33208        -            245   4.3e-23   82.4   3.2   1   4   7.8e-17   1.3e-14   54.6   0.0     6    95    15   114    10   133 0.80 transcript=SHAE2_68860.1 gene=SHAE2_68860
SHAE2_68860.1        -            592 601875at33208        -            245   4.3e-23   82.4   3.2   2   4   1.1e-06   0.00018   21.4   0.1    97   151   151   209   142   246 0.86 transcript=SHAE2_68860.1 gene=SHAE2_68860
SHAE2_68860.1        -            592 601875at33208        -            245   4.3e-23   82.4   3.2   3   4      0.88   1.5e+02    2.0   0.4   134   172   302   340   289   362 0.79 transcript=SHAE2_68860.1 gene=SHAE2_68860
SHAE2_68860.1        -            592 601875at33208        -            245   4.3e-23   82.4   3.2   4   4       4.7   7.8e+02   -0.4   0.0   212   240   525   553   499   558 0.73 transcript=SHAE2_68860.1 gene=SHAE2_68860
SHAE2_68860.2        -            592 601875at33208        -            245   4.3e-23   82.4   3.2   1   4   7.8e-17   1.3e-14   54.6   0.0     6    95    15   114    10   133 0.80 transcript=SHAE2_68860.2 gene=SHAE2_68860
SHAE2_68860.2        -            592 601875at33208        -            245   4.3e-23   82.4   3.2   2   4   1.1e-06   0.00018   21.4   0.1    97   151   151   209   142   246 0.86 transcript=SHAE2_68860.2 gene=SHAE2_68860
SHAE2_68860.2        -            592 601875at33208        -            245   4.3e-23   82.4   3.2   3   4      0.88   1.5e+02    2.0   0.4   134   172   302   340   289   362 0.79 transcript=SHAE2_68860.2 gene=SHAE2_68860
SHAE2_68860.2        -            592 601875at33208        -            245   4.3e-23   82.4   3.2   4   4       4.7   7.8e+02   -0.4   0.0   212   240   525   553   499   558 0.73 transcript=SHAE2_68860.2 gene=SHAE2_68860
SHAE2_68860.3        -            458 601875at33208        -            245   3.2e-22   79.5   4.6   1   3   5.2e-17   8.6e-15   55.2   0.0     6    95    15   114    10   133 0.80 transcript=SHAE2_68860.3 gene=SHAE2_68860
SHAE2_68860.3        -            458 601875at33208        -            245   3.2e-22   79.5   4.6   2   3   7.6e-07   0.00013   21.9   0.1    97   151   151   209   146   248 0.85 transcript=SHAE2_68860.3 gene=SHAE2_68860
SHAE2_68860.3        -            458 601875at33208        -            245   3.2e-22   79.5   4.6   3   3       0.7   1.2e+02    2.4   0.5   134   172   302   340   289   364 0.79 transcript=SHAE2_68860.3 gene=SHAE2_68860
SHAE2_20970.1        -            328 601875at33208        -            245   1.2e-20   74.4   0.1   1   1   1.9e-22   3.2e-20   73.0   0.1     8    80    35   109    27   150 0.84 transcript=SHAE2_20970.1 gene=SHAE2_20970
SHAE2_24570.4        -            276 601875at33208        -            245   3.8e-16   59.6   0.1   1   1   2.3e-18   3.8e-16   59.6   0.1     9    79    12    83     8    90 0.83 transcript=SHAE2_24570.4 gene=SHAE2_24570
SHAE2_24570.2        -            336 601875at33208        -            245   5.7e-16   59.0   0.1   1   2   3.4e-18   5.7e-16   59.0   0.1     9    79    12    83     8    89 0.83 transcript=SHAE2_24570.2 gene=SHAE2_24570
SHAE2_24570.2        -            336 601875at33208        -            245   5.7e-16   59.0   0.1   2   2       1.7   2.8e+02    1.1   0.0   114   138   287   311   243   321 0.74 transcript=SHAE2_24570.2 gene=SHAE2_24570
SHAE2_24570.5        -            336 601875at33208        -            245   5.7e-16   59.0   0.1   1   2   3.4e-18   5.7e-16   59.0   0.1     9    79    12    83     8    89 0.83 transcript=SHAE2_24570.5 gene=SHAE2_24570
SHAE2_24570.5        -            336 601875at33208        -            245   5.7e-16   59.0   0.1   2   2       1.7   2.8e+02    1.1   0.0   114   138   287   311   243   321 0.74 transcript=SHAE2_24570.5 gene=SHAE2_24570
SHAE2_24570.3        -            361 601875at33208        -            245   6.4e-16   58.9   0.1   1   4   3.9e-18   6.4e-16   58.9   0.1     9    79    12    83     8    89 0.83 transcript=SHAE2_24570.3 gene=SHAE2_24570
SHAE2_24570.3        -            361 601875at33208        -            245   6.4e-16   58.9   0.1   2   4       6.9   1.1e+03   -0.9   0.3   219   235   178   194   100   220 0.66 transcript=SHAE2_24570.3 gene=SHAE2_24570
SHAE2_24570.3        -            361 601875at33208        -            245   6.4e-16   58.9   0.1   3   4       2.1   3.6e+02    0.8   0.0   114   138   287   311   247   316 0.74 transcript=SHAE2_24570.3 gene=SHAE2_24570
SHAE2_24570.3        -            361 601875at33208        -            245   6.4e-16   58.9   0.1   4   4         2   3.3e+02    0.9   0.2   214   236   329   351   323   358 0.73 transcript=SHAE2_24570.3 gene=SHAE2_24570
SHAE2_24570.1        -            372 601875at33208        -            245   6.8e-16   58.8   0.1   1   4     4e-18   6.8e-16   58.8   0.1     9    79    12    83     8    89 0.83 transcript=SHAE2_24570.1 gene=SHAE2_24570
SHAE2_24570.1        -            372 601875at33208        -            245   6.8e-16   58.8   0.1   2   4       7.2   1.2e+03   -1.0   0.3   219   235   178   194   100   220 0.66 transcript=SHAE2_24570.1 gene=SHAE2_24570
SHAE2_24570.1        -            372 601875at33208        -            245   6.8e-16   58.8   0.1   3   4       2.2   3.7e+02    0.7   0.0   114   138   287   311   247   316 0.74 transcript=SHAE2_24570.1 gene=SHAE2_24570
SHAE2_24570.1        -            372 601875at33208        -            245   6.8e-16   58.8   0.1   4   4       2.1   3.5e+02    0.8   0.3   214   236   329   351   323   358 0.73 transcript=SHAE2_24570.1 gene=SHAE2_24570
SHAE2_31770.6        -            957 601875at33208        -            245   1.6e-15   57.5   0.1   1   1   4.5e-17   7.5e-15   55.4   0.0     9    81   170   242   163   282 0.84 transcript=SHAE2_31770.6 gene=SHAE2_31770
SHAE2_31770.1        -            970 601875at33208        -            245   1.7e-15   57.5   0.1   1   1   4.6e-17   7.7e-15   55.3   0.0     9    81   170   242   163   282 0.84 transcript=SHAE2_31770.1 gene=SHAE2_31770
SHAE2_49250.1        -           1111 601875at33208        -            245   8.5e-15   55.2   0.0   1   1   9.4e-17   1.6e-14   54.3   0.0     9    79   414   484   410   498 0.92 transcript=SHAE2_49250.1 gene=SHAE2_49250
SHAE2_17320.3        -            726 601875at33208        -            245   2.5e-12   47.1   5.5   1   4      0.72   1.2e+02    2.3   0.0    85   135    14    72     9    78 0.73 transcript=SHAE2_17320.3 gene=SHAE2_17320
SHAE2_17320.3        -            726 601875at33208        -            245   2.5e-12   47.1   5.5   2   4    0.0025      0.42   10.4   0.1    85   138   102   162    95   169 0.69 transcript=SHAE2_17320.3 gene=SHAE2_17320
SHAE2_17320.3        -            726 601875at33208        -            245   2.5e-12   47.1   5.5   3   4   2.5e-05    0.0042   16.9   0.7    76   138   184   253   178   292 0.70 transcript=SHAE2_17320.3 gene=SHAE2_17320
SHAE2_17320.3        -            726 601875at33208        -            245   2.5e-12   47.1   5.5   4   4   5.4e-05     0.009   15.8   0.1    84   135   296   354   275   373 0.81 transcript=SHAE2_17320.3 gene=SHAE2_17320
SHAE2_17320.1        -            681 601875at33208        -            245   1.1e-10   41.8   7.2   1   3    0.0023      0.38   10.5   0.1    85   138    57   117    50   124 0.69 transcript=SHAE2_17320.1 gene=SHAE2_17320
SHAE2_17320.1        -            681 601875at33208        -            245   1.1e-10   41.8   7.2   2   3   2.2e-05    0.0037   17.1   0.6    76   138   139   208   133   248 0.70 transcript=SHAE2_17320.1 gene=SHAE2_17320
SHAE2_17320.1        -            681 601875at33208        -            245   1.1e-10   41.8   7.2   3   3   4.8e-05     0.008   16.0   0.0    85   135   252   309   237   349 0.81 transcript=SHAE2_17320.1 gene=SHAE2_17320
SHAE2_17320.2        -            593 601875at33208        -            245   6.6e-10   39.2   7.2   1   3     0.021       3.5    7.3   0.1   114   138     5    29     2    36 0.85 transcript=SHAE2_17320.2 gene=SHAE2_17320
SHAE2_17320.2        -            593 601875at33208        -            245   6.6e-10   39.2   7.2   2   3   1.8e-05    0.0029   17.4   0.7    76   138    51   120    45   163 0.69 transcript=SHAE2_17320.2 gene=SHAE2_17320
SHAE2_17320.2        -            593 601875at33208        -            245   6.6e-10   39.2   7.2   3   3   3.6e-05    0.0059   16.4   0.1    84   135   163   221   144   261 0.81 transcript=SHAE2_17320.2 gene=SHAE2_17320
SHAE2_29990.3        -            813 601875at33208        -            245   1.8e-08   34.5   0.0   1   1   1.9e-10   3.1e-08   33.7   0.0    11    70   295   355   287   362 0.88 transcript=SHAE2_29990.3 gene=SHAE2_29990
SHAE2_29990.4        -            813 601875at33208        -            245   1.8e-08   34.5   0.0   1   1   1.9e-10   3.1e-08   33.7   0.0    11    70   295   355   287   362 0.88 transcript=SHAE2_29990.4 gene=SHAE2_29990
SHAE2_29990.22       -            854 601875at33208        -            245   1.9e-08   34.4   0.0   1   1     2e-10   3.3e-08   33.6   0.0    11    70   336   396   328   403 0.88 transcript=SHAE2_29990.22 gene=SHAE2_29990
SHAE2_29990.19       -           1021 601875at33208        -            245   2.4e-08   34.0   0.0   1   1   2.5e-10   4.1e-08   33.3   0.0    11    70   503   563   495   570 0.88 transcript=SHAE2_29990.19 gene=SHAE2_29990
SHAE2_29990.7        -           1021 601875at33208        -            245   2.4e-08   34.0   0.0   1   1   2.5e-10   4.1e-08   33.3   0.0    11    70   503   563   495   570 0.88 transcript=SHAE2_29990.7 gene=SHAE2_29990
SHAE2_29990.16       -           1043 601875at33208        -            245   2.5e-08   34.0   0.0   1   1   2.5e-10   4.2e-08   33.3   0.0    11    70   525   585   517   592 0.88 transcript=SHAE2_29990.16 gene=SHAE2_29990
SHAE2_29990.14       -           1034 601875at33208        -            245   2.5e-08   34.0   0.0   1   1   2.5e-10   4.2e-08   33.3   0.0    11    70   516   576   508   583 0.88 transcript=SHAE2_29990.14 gene=SHAE2_29990
SHAE2_29990.1        -           1045 601875at33208        -            245   2.5e-08   34.0   0.0   1   1   2.5e-10   4.2e-08   33.3   0.0    11    70   527   587   519   594 0.88 transcript=SHAE2_29990.1 gene=SHAE2_29990
SHAE2_29990.15       -           1045 601875at33208        -            245   2.5e-08   34.0   0.0   1   1   2.5e-10   4.2e-08   33.3   0.0    11    70   527   587   519   594 0.88 transcript=SHAE2_29990.15 gene=SHAE2_29990
SHAE2_29990.13       -           1035 601875at33208        -            245   2.5e-08   34.0   0.0   1   1   2.5e-10   4.2e-08   33.3   0.0    11    70   517   577   509   584 0.88 transcript=SHAE2_29990.13 gene=SHAE2_29990
SHAE2_29990.9        -           1035 601875at33208        -            245   2.5e-08   34.0   0.0   1   1   2.5e-10   4.2e-08   33.3   0.0    11    70   517   577   509   584 0.88 transcript=SHAE2_29990.9 gene=SHAE2_29990
SHAE2_29990.10       -           1046 601875at33208        -            245   2.5e-08   34.0   0.0   1   1   2.5e-10   4.2e-08   33.3   0.0    11    70   528   588   520   595 0.88 transcript=SHAE2_29990.10 gene=SHAE2_29990
SHAE2_29990.17       -           1046 601875at33208        -            245   2.5e-08   34.0   0.0   1   1   2.5e-10   4.2e-08   33.3   0.0    11    70   528   588   520   595 0.88 transcript=SHAE2_29990.17 gene=SHAE2_29990
SHAE2_29990.21       -           1046 601875at33208        -            245   2.5e-08   34.0   0.0   1   1   2.5e-10   4.2e-08   33.3   0.0    11    70   528   588   520   595 0.88 transcript=SHAE2_29990.21 gene=SHAE2_29990
SHAE2_29990.2        -           1055 601875at33208        -            245   2.5e-08   34.0   0.0   1   1   2.6e-10   4.3e-08   33.2   0.0    11    70   537   597   529   604 0.88 transcript=SHAE2_29990.2 gene=SHAE2_29990
SHAE2_29990.11       -           1056 601875at33208        -            245   2.5e-08   34.0   0.0   1   1   2.6e-10   4.3e-08   33.2   0.0    11    70   538   598   530   605 0.88 transcript=SHAE2_29990.11 gene=SHAE2_29990
SHAE2_29990.12       -           1056 601875at33208        -            245   2.5e-08   34.0   0.0   1   1   2.6e-10   4.3e-08   33.2   0.0    11    70   538   598   530   605 0.88 transcript=SHAE2_29990.12 gene=SHAE2_29990
SHAE2_29990.18       -           1056 601875at33208        -            245   2.5e-08   34.0   0.0   1   1   2.6e-10   4.3e-08   33.2   0.0    11    70   538   598   530   605 0.88 transcript=SHAE2_29990.18 gene=SHAE2_29990
SHAE2_29990.5        -           1056 601875at33208        -            245   2.5e-08   34.0   0.0   1   1   2.6e-10   4.3e-08   33.2   0.0    11    70   538   598   530   605 0.88 transcript=SHAE2_29990.5 gene=SHAE2_29990
SHAE2_29990.8        -           1056 601875at33208        -            245   2.5e-08   34.0   0.0   1   1   2.6e-10   4.3e-08   33.2   0.0    11    70   538   598   530   605 0.88 transcript=SHAE2_29990.8 gene=SHAE2_29990
SHAE2_29990.20       -           1067 601875at33208        -            245   2.5e-08   34.0   0.0   1   1   2.6e-10   4.3e-08   33.2   0.0    11    70   549   609   541   616 0.88 transcript=SHAE2_29990.20 gene=SHAE2_29990
SHAE2_29990.6        -           1067 601875at33208        -            245   2.5e-08   34.0   0.0   1   1   2.6e-10   4.3e-08   33.2   0.0    11    70   549   609   541   616 0.88 transcript=SHAE2_29990.6 gene=SHAE2_29990
SHAE2_93310.8        -            796 601875at33208        -            245     2e-07   31.1   0.2   1   2   4.6e-06   0.00076   19.3   0.0    82   135   497   557   487   569 0.82 transcript=SHAE2_93310.8 gene=SHAE2_93310
SHAE2_93310.8        -            796 601875at33208        -            245     2e-07   31.1   0.2   2   2    0.0057      0.95    9.2   0.0    84   134   624   681   616   692 0.83 transcript=SHAE2_93310.8 gene=SHAE2_93310
SHAE2_93310.3        -            948 601875at33208        -            245   3.1e-07   30.4   0.2   1   2   5.7e-06   0.00095   19.0   0.0    82   135   649   709   639   721 0.82 transcript=SHAE2_93310.3 gene=SHAE2_93310
SHAE2_93310.3        -            948 601875at33208        -            245   3.1e-07   30.4   0.2   2   2     0.007       1.2    8.9   0.0    84   134   776   833   768   844 0.83 transcript=SHAE2_93310.3 gene=SHAE2_93310
SHAE2_93310.5        -            948 601875at33208        -            245   3.1e-07   30.4   0.2   1   2   5.7e-06   0.00095   19.0   0.0    82   135   649   709   639   721 0.82 transcript=SHAE2_93310.5 gene=SHAE2_93310
SHAE2_93310.5        -            948 601875at33208        -            245   3.1e-07   30.4   0.2   2   2     0.007       1.2    8.9   0.0    84   134   776   833   768   844 0.83 transcript=SHAE2_93310.5 gene=SHAE2_93310
SHAE2_93310.6        -            948 601875at33208        -            245   3.1e-07   30.4   0.2   1   2   5.7e-06   0.00095   19.0   0.0    82   135   649   709   639   721 0.82 transcript=SHAE2_93310.6 gene=SHAE2_93310
SHAE2_93310.6        -            948 601875at33208        -            245   3.1e-07   30.4   0.2   2   2     0.007       1.2    8.9   0.0    84   134   776   833   768   844 0.83 transcript=SHAE2_93310.6 gene=SHAE2_93310
SHAE2_93310.7        -            948 601875at33208        -            245   3.1e-07   30.4   0.2   1   2   5.7e-06   0.00095   19.0   0.0    82   135   649   709   639   721 0.82 transcript=SHAE2_93310.7 gene=SHAE2_93310
SHAE2_93310.7        -            948 601875at33208        -            245   3.1e-07   30.4   0.2   2   2     0.007       1.2    8.9   0.0    84   134   776   833   768   844 0.83 transcript=SHAE2_93310.7 gene=SHAE2_93310
SHAE2_56780.3        -            523 601875at33208        -            245   7.5e-07   29.2   0.0   1   3     0.076        13    5.5   0.0    99   136    23    67     5    82 0.66 transcript=SHAE2_56780.3 gene=SHAE2_56780
SHAE2_56780.3        -            523 601875at33208        -            245   7.5e-07   29.2   0.0   2   3      0.36        60    3.3   0.0    79   133    88   150    74   160 0.72 transcript=SHAE2_56780.3 gene=SHAE2_56780
SHAE2_56780.3        -            523 601875at33208        -            245   7.5e-07   29.2   0.0   3   3   3.3e-05    0.0055   16.5   0.0    75   135   376   442   372   479 0.83 transcript=SHAE2_56780.3 gene=SHAE2_56780
SHAE2_56780.1        -            539 601875at33208        -            245   8.5e-07   29.0   0.0   1   3     0.071        12    5.6   0.0    99   137    23    67     5    86 0.66 transcript=SHAE2_56780.1 gene=SHAE2_56780
SHAE2_56780.1        -            539 601875at33208        -            245   8.5e-07   29.0   0.0   2   3      0.36        61    3.3   0.0    79   133    88   150    73   160 0.73 transcript=SHAE2_56780.1 gene=SHAE2_56780
SHAE2_56780.1        -            539 601875at33208        -            245   8.5e-07   29.0   0.0   3   3   3.5e-05    0.0058   16.5   0.0    75   135   376   442   372   479 0.83 transcript=SHAE2_56780.1 gene=SHAE2_56780
SHAE2_56780.2        -            539 601875at33208        -            245   8.5e-07   29.0   0.0   1   3     0.071        12    5.6   0.0    99   137    23    67     5    86 0.66 transcript=SHAE2_56780.2 gene=SHAE2_56780
SHAE2_56780.2        -            539 601875at33208        -            245   8.5e-07   29.0   0.0   2   3      0.36        61    3.3   0.0    79   133    88   150    73   160 0.73 transcript=SHAE2_56780.2 gene=SHAE2_56780
SHAE2_56780.2        -            539 601875at33208        -            245   8.5e-07   29.0   0.0   3   3   3.5e-05    0.0058   16.5   0.0    75   135   376   442   372   479 0.83 transcript=SHAE2_56780.2 gene=SHAE2_56780
SHAE2_56780.4        -            539 601875at33208        -            245   8.5e-07   29.0   0.0   1   3     0.071        12    5.6   0.0    99   137    23    67     5    86 0.66 transcript=SHAE2_56780.4 gene=SHAE2_56780
SHAE2_56780.4        -            539 601875at33208        -            245   8.5e-07   29.0   0.0   2   3      0.36        61    3.3   0.0    79   133    88   150    73   160 0.73 transcript=SHAE2_56780.4 gene=SHAE2_56780
SHAE2_56780.4        -            539 601875at33208        -            245   8.5e-07   29.0   0.0   3   3   3.5e-05    0.0058   16.5   0.0    75   135   376   442   372   479 0.83 transcript=SHAE2_56780.4 gene=SHAE2_56780
SHAE2_81830.1        -            662 601875at33208        -            245   1.9e-06   27.9   0.0   1   2     0.011       1.9    8.2   0.0    82   135   158   219   146   229 0.78 transcript=SHAE2_81830.1 gene=SHAE2_81830
SHAE2_81830.1        -            662 601875at33208        -            245   1.9e-06   27.9   0.0   2   2   1.8e-05     0.003   17.4   0.0    82   135   263   318   258   334 0.88 transcript=SHAE2_81830.1 gene=SHAE2_81830
SHAE2_23870.1        -            301 601875at33208        -            245     2e-06   27.8   0.0   1   1   1.2e-08     2e-06   27.8   0.0    78   152   194   278   188   285 0.78 transcript=SHAE2_23870.1 gene=SHAE2_23870
SHAE2_23870.2        -            281 601875at33208        -            245   3.1e-06   27.2   0.0   1   1   1.8e-08   3.1e-06   27.2   0.0    78   151   194   277   188   281 0.76 transcript=SHAE2_23870.2 gene=SHAE2_23870
SHAE2_100040.1       -            830 601875at33208        -            245   3.4e-06   27.0   0.1   1   2   0.00019     0.032   14.0   0.0    80   134   306   367   278   376 0.75 transcript=SHAE2_100040.1 gene=SHAE2_100040
SHAE2_100040.1       -            830 601875at33208        -            245   3.4e-06   27.0   0.1   2   2    0.0022      0.37   10.5   0.0   110   154   755   798   710   822 0.68 transcript=SHAE2_100040.1 gene=SHAE2_100040
SHAE2_32890.3        -            370 601875at33208        -            245   1.1e-05   25.3   0.1   1   2   1.6e-06   0.00027   20.8   0.1    64   136   131   210   110   214 0.72 transcript=SHAE2_32890.3 gene=SHAE2_32890
SHAE2_32890.3        -            370 601875at33208        -            245   1.1e-05   25.3   0.1   2   2      0.75   1.3e+02    2.2   0.0   113   134   285   306   245   312 0.75 transcript=SHAE2_32890.3 gene=SHAE2_32890
SHAE2_47750.5        -            757 601875at33208        -            245   1.6e-05   24.8   0.0   1   2   0.00094      0.16   11.7   0.0    80   140    94   160    86   197 0.73 transcript=SHAE2_47750.5 gene=SHAE2_47750
SHAE2_47750.5        -            757 601875at33208        -            245   1.6e-05   24.8   0.0   2   2    0.0022      0.36   10.6   0.0    84   153   672   748   659   751 0.71 transcript=SHAE2_47750.5 gene=SHAE2_47750
SHAE2_47750.6        -            764 601875at33208        -            245   1.6e-05   24.8   0.0   1   2   0.00095      0.16   11.7   0.0    80   140    94   160    86   197 0.73 transcript=SHAE2_47750.6 gene=SHAE2_47750
SHAE2_47750.6        -            764 601875at33208        -            245   1.6e-05   24.8   0.0   2   2    0.0022      0.37   10.5   0.0    84   153   679   755   666   758 0.71 transcript=SHAE2_47750.6 gene=SHAE2_47750
SHAE2_47750.1        -            765 601875at33208        -            245   1.6e-05   24.8   0.0   1   2   0.00096      0.16   11.7   0.0    80   140    94   160    86   197 0.73 transcript=SHAE2_47750.1 gene=SHAE2_47750
SHAE2_47750.1        -            765 601875at33208        -            245   1.6e-05   24.8   0.0   2   2    0.0022      0.37   10.5   0.0    84   153   680   756   667   759 0.71 transcript=SHAE2_47750.1 gene=SHAE2_47750
SHAE2_47750.2        -            760 601875at33208        -            245   1.7e-05   24.7   0.0   1   2   0.00095      0.16   11.7   0.0    80   140    94   160    86   197 0.73 transcript=SHAE2_47750.2 gene=SHAE2_47750
SHAE2_47750.2        -            760 601875at33208        -            245   1.7e-05   24.7   0.0   2   2    0.0023      0.38   10.5   0.0    84   153   680   756   667   758 0.71 transcript=SHAE2_47750.2 gene=SHAE2_47750
SHAE2_43450.2        -            346 601875at33208        -            245   1.7e-05   24.7   0.3   1   2     0.035       5.9    6.6   0.0    92   139    87   141    38   151 0.79 transcript=SHAE2_43450.2 gene=SHAE2_43450
SHAE2_43450.2        -            346 601875at33208        -            245   1.7e-05   24.7   0.3   2   2   4.2e-05     0.007   16.2   0.4    93   141   179   234   156   270 0.72 transcript=SHAE2_43450.2 gene=SHAE2_43450
SHAE2_47750.7        -            821 601875at33208        -            245   1.9e-05   24.6   0.0   1   2    0.0011      0.18   11.6   0.0    80   140    94   160    86   197 0.73 transcript=SHAE2_47750.7 gene=SHAE2_47750
SHAE2_47750.7        -            821 601875at33208        -            245   1.9e-05   24.6   0.0   2   2    0.0023      0.39   10.5   0.0    84   153   680   756   667   764 0.72 transcript=SHAE2_47750.7 gene=SHAE2_47750
SHAE2_47750.3        -            821 601875at33208        -            245   1.9e-05   24.6   0.0   1   2    0.0011      0.18   11.6   0.0    80   140    94   160    86   197 0.73 transcript=SHAE2_47750.3 gene=SHAE2_47750
SHAE2_47750.3        -            821 601875at33208        -            245   1.9e-05   24.6   0.0   2   2    0.0023      0.39   10.5   0.0    84   153   680   756   667   763 0.72 transcript=SHAE2_47750.3 gene=SHAE2_47750
SHAE2_43450.1        -            372 601875at33208        -            245   2.1e-05   24.5   0.2   1   2     0.042       6.9    6.4   0.0    92   138    87   140    39   149 0.79 transcript=SHAE2_43450.1 gene=SHAE2_43450
SHAE2_43450.1        -            372 601875at33208        -            245   2.1e-05   24.5   0.2   2   2   4.9e-05    0.0082   16.0   0.2    93   141   205   260   186   295 0.72 transcript=SHAE2_43450.1 gene=SHAE2_43450
SHAE2_32890.2        -            481 601875at33208        -            245   2.3e-05   24.3   0.1   1   2   2.5e-06   0.00042   20.2   0.1    83   136   149   210   111   214 0.72 transcript=SHAE2_32890.2 gene=SHAE2_32890
SHAE2_32890.2        -            481 601875at33208        -            245   2.3e-05   24.3   0.1   2   2       1.1   1.8e+02    1.7   0.0   113   134   285   306   246   312 0.76 transcript=SHAE2_32890.2 gene=SHAE2_32890
SHAE2_32890.1        -            576 601875at33208        -            245   3.5e-05   23.7   0.1   1   2   3.3e-06   0.00056   19.8   0.1    83   136   149   210   112   214 0.72 transcript=SHAE2_32890.1 gene=SHAE2_32890
SHAE2_32890.1        -            576 601875at33208        -            245   3.5e-05   23.7   0.1   2   2       1.4   2.3e+02    1.4   0.0   113   134   285   306   246   312 0.76 transcript=SHAE2_32890.1 gene=SHAE2_32890
SHAE2_53270.2        -            432 601875at33208        -            245     7e-05   22.7   0.1   1   2   1.9e-05    0.0032   17.3   0.0    54   135    60   152    51   158 0.79 transcript=SHAE2_53270.2 gene=SHAE2_53270
SHAE2_53270.2        -            432 601875at33208        -            245     7e-05   22.7   0.1   2   2      0.39        66    3.2   0.0    92   135   199   250   179   254 0.64 transcript=SHAE2_53270.2 gene=SHAE2_53270
SHAE2_47750.4        -            718 601875at33208        -            245   7.9e-05   22.5   0.0   1   2    0.0053      0.88    9.3   0.0    97   140     9    57     4    94 0.71 transcript=SHAE2_47750.4 gene=SHAE2_47750
SHAE2_47750.4        -            718 601875at33208        -            245   7.9e-05   22.5   0.0   2   2     0.002      0.33   10.7   0.0    84   153   577   653   564   661 0.73 transcript=SHAE2_47750.4 gene=SHAE2_47750
SHAE2_53270.1        -            522 601875at33208        -            245   8.1e-05   22.5   0.2   1   2   2.6e-05    0.0044   16.8   0.0    54   135    60   152    51   158 0.78 transcript=SHAE2_53270.1 gene=SHAE2_53270
SHAE2_53270.1        -            522 601875at33208        -            245   8.1e-05   22.5   0.2   2   2      0.53        88    2.7   0.0    93   134   200   249   180   254 0.64 transcript=SHAE2_53270.1 gene=SHAE2_53270
SHAE2_79860.1        -            294 601875at33208        -            245   0.00015   21.6   0.1   1   2      0.11        18    5.0   0.0   110   140    48    78    10    88 0.80 transcript=SHAE2_79860.1 gene=SHAE2_79860
SHAE2_79860.1        -            294 601875at33208        -            245   0.00015   21.6   0.1   2   2   0.00012      0.02   14.7   0.0    84   142   104   170    91   196 0.72 transcript=SHAE2_79860.1 gene=SHAE2_79860
SHAE2_79860.2        -            294 601875at33208        -            245   0.00015   21.6   0.1   1   2      0.11        18    5.0   0.0   110   140    48    78    10    88 0.80 transcript=SHAE2_79860.2 gene=SHAE2_79860
SHAE2_79860.2        -            294 601875at33208        -            245   0.00015   21.6   0.1   2   2   0.00012      0.02   14.7   0.0    84   142   104   170    91   196 0.72 transcript=SHAE2_79860.2 gene=SHAE2_79860
SHAE2_79860.3        -            294 601875at33208        -            245   0.00015   21.6   0.1   1   2      0.11        18    5.0   0.0   110   140    48    78    10    88 0.80 transcript=SHAE2_79860.3 gene=SHAE2_79860
SHAE2_79860.3        -            294 601875at33208        -            245   0.00015   21.6   0.1   2   2   0.00012      0.02   14.7   0.0    84   142   104   170    91   196 0.72 transcript=SHAE2_79860.3 gene=SHAE2_79860
SHAE2_62270.2        -            157 601875at33208        -            245   0.00018   21.3   0.0   1   1   1.5e-06   0.00025   20.9   0.0    85   135    11    64     4    70 0.83 transcript=SHAE2_62270.2 gene=SHAE2_62270
SHAE2_62270.3        -            157 601875at33208        -            245   0.00018   21.3   0.0   1   1   1.5e-06   0.00025   20.9   0.0    85   135    11    64     4    70 0.83 transcript=SHAE2_62270.3 gene=SHAE2_62270
SHAE2_62270.1        -            171 601875at33208        -            245   0.00022   21.1   0.0   1   1   1.8e-06   0.00029   20.7   0.0    85   135    11    64     4    70 0.83 transcript=SHAE2_62270.1 gene=SHAE2_62270
SHAE2_31770.2        -            779 601875at33208        -            245   0.00023   21.0   0.0   1   1   5.7e-06   0.00095   19.0   0.0    36    81     4    51     1    91 0.80 transcript=SHAE2_31770.2 gene=SHAE2_31770
SHAE2_31770.3        -            779 601875at33208        -            245   0.00023   21.0   0.0   1   1   5.7e-06   0.00095   19.0   0.0    36    81     4    51     1    91 0.80 transcript=SHAE2_31770.3 gene=SHAE2_31770
SHAE2_31770.4        -            779 601875at33208        -            245   0.00023   21.0   0.0   1   1   5.7e-06   0.00095   19.0   0.0    36    81     4    51     1    91 0.80 transcript=SHAE2_31770.4 gene=SHAE2_31770
SHAE2_31770.5        -            779 601875at33208        -            245   0.00023   21.0   0.0   1   1   5.7e-06   0.00095   19.0   0.0    36    81     4    51     1    91 0.80 transcript=SHAE2_31770.5 gene=SHAE2_31770
SHAE2_1870.1         -            463 601875at33208        -            245   0.00026   20.8   0.0   1   2   0.00024     0.039   13.7   0.0    81   134   101   162    98   183 0.81 transcript=SHAE2_1870.1 gene=SHAE2_1870
SHAE2_1870.1         -            463 601875at33208        -            245   0.00026   20.8   0.0   2   2      0.13        21    4.8   0.0    86   135   205   262   198   287 0.82 transcript=SHAE2_1870.1 gene=SHAE2_1870
SHAE2_92740.1        -            343 601875at33208        -            245   0.00027   20.8   0.0   1   2    0.0013      0.21   11.3   0.0    82   135    11    72     5    83 0.76 transcript=SHAE2_92740.1 gene=SHAE2_92740
SHAE2_92740.1        -            343 601875at33208        -            245   0.00027   20.8   0.0   2   2      0.02       3.4    7.4   0.0    86   135   102   160    86   166 0.76 transcript=SHAE2_92740.1 gene=SHAE2_92740
SHAE2_93310.2        -            816 601875at33208        -            245   0.00035   20.4   0.0   1   1   4.7e-06   0.00079   19.3   0.0    82   135   649   709   639   721 0.82 transcript=SHAE2_93310.2 gene=SHAE2_93310
SHAE2_93310.4        -            816 601875at33208        -            245   0.00035   20.4   0.0   1   1   4.7e-06   0.00079   19.3   0.0    82   135   649   709   639   721 0.82 transcript=SHAE2_93310.4 gene=SHAE2_93310
SHAE2_34500.1        -            224 601875at33208        -            245   0.00045   20.1   0.0   1   2   2.1e-05    0.0035   17.2   0.0    84   135     6    63     2    67 0.74 transcript=SHAE2_34500.1 gene=SHAE2_34500
SHAE2_34500.1        -            224 601875at33208        -            245   0.00045   20.1   0.0   2   2       2.1   3.5e+02    0.8   0.0    93   136   128   171   113   190 0.79 transcript=SHAE2_34500.1 gene=SHAE2_34500
SHAE2_5110.1         -            214 601875at33208        -            245   0.00045   20.1   0.0   1   1   3.4e-06   0.00058   19.7   0.0    57   147    62   162    25   166 0.74 transcript=SHAE2_5110.1 gene=SHAE2_5110
SHAE2_84690.1        -            314 601875at33208        -            245   0.00061   19.6   0.3   1   2      0.35        59    3.3   0.0   109   139    50    80     9    91 0.79 transcript=SHAE2_84690.1 gene=SHAE2_84690
SHAE2_84690.1        -            314 601875at33208        -            245   0.00061   19.6   0.3   2   2   0.00014     0.023   14.5   0.1    85   158   109   190    95   205 0.69 transcript=SHAE2_84690.1 gene=SHAE2_84690
SHAE2_84690.2        -            314 601875at33208        -            245   0.00061   19.6   0.3   1   2      0.35        59    3.3   0.0   109   139    50    80     9    91 0.79 transcript=SHAE2_84690.2 gene=SHAE2_84690
SHAE2_84690.2        -            314 601875at33208        -            245   0.00061   19.6   0.3   2   2   0.00014     0.023   14.5   0.1    85   158   109   190    95   205 0.69 transcript=SHAE2_84690.2 gene=SHAE2_84690
SHAE2_84690.3        -            314 601875at33208        -            245   0.00061   19.6   0.3   1   2      0.35        59    3.3   0.0   109   139    50    80     9    91 0.79 transcript=SHAE2_84690.3 gene=SHAE2_84690
SHAE2_84690.3        -            314 601875at33208        -            245   0.00061   19.6   0.3   2   2   0.00014     0.023   14.5   0.1    85   158   109   190    95   205 0.69 transcript=SHAE2_84690.3 gene=SHAE2_84690
SHAE2_84690.4        -            316 601875at33208        -            245   0.00062   19.6   0.3   1   2      0.36        59    3.3   0.0   109   139    50    80     9    91 0.79 transcript=SHAE2_84690.4 gene=SHAE2_84690
SHAE2_84690.4        -            316 601875at33208        -            245   0.00062   19.6   0.3   2   2   0.00014     0.023   14.5   0.1    85   158   109   190    95   205 0.69 transcript=SHAE2_84690.4 gene=SHAE2_84690
SHAE2_95630.5        -            837 601875at33208        -            245   0.00069   19.5   0.1   1   1   8.8e-06    0.0015   18.4   0.1    80   138   162   227   153   235 0.82 transcript=SHAE2_95630.5 gene=SHAE2_95630
SHAE2_95630.4        -            945 601875at33208        -            245   0.00085   19.2   0.1   1   1     1e-05    0.0017   18.2   0.1    80   138   283   348   274   356 0.82 transcript=SHAE2_95630.4 gene=SHAE2_95630
SHAE2_95630.3        -            945 601875at33208        -            245   0.00086   19.2   0.1   1   1     1e-05    0.0017   18.2   0.1    80   138   283   348   274   356 0.82 transcript=SHAE2_95630.3 gene=SHAE2_95630
SHAE2_95630.1        -            958 601875at33208        -            245   0.00086   19.1   0.1   1   1     1e-05    0.0017   18.2   0.1    80   138   283   348   274   356 0.82 transcript=SHAE2_95630.1 gene=SHAE2_95630
SHAE2_95630.2        -            958 601875at33208        -            245   0.00086   19.1   0.1   1   1     1e-05    0.0017   18.2   0.1    80   138   283   348   274   356 0.82 transcript=SHAE2_95630.2 gene=SHAE2_95630
SHAE2_95630.6        -            958 601875at33208        -            245   0.00086   19.1   0.1   1   1     1e-05    0.0017   18.2   0.1    80   138   283   348   274   356 0.82 transcript=SHAE2_95630.6 gene=SHAE2_95630
SHAE2_95630.7        -            958 601875at33208        -            245   0.00086   19.1   0.1   1   1     1e-05    0.0017   18.2   0.1    80   138   283   348   274   356 0.82 transcript=SHAE2_95630.7 gene=SHAE2_95630
SHAE2_103360.1       -            226 601875at33208        -            245     0.001   18.9   0.8   1   2      0.87   1.5e+02    2.0   0.1    83   135     6    67     3   102 0.69 transcript=SHAE2_103360.1 gene=SHAE2_103360
SHAE2_103360.1       -            226 601875at33208        -            245     0.001   18.9   0.8   2   2    0.0001     0.017   14.9   0.0    82   133   152   204   146   209 0.86 transcript=SHAE2_103360.1 gene=SHAE2_103360
SHAE2_45890.10       -            325 601875at33208        -            245    0.0012   18.7   0.0   1   2   6.3e-05      0.01   15.6   0.0    85   158    29   101    23   118 0.77 transcript=SHAE2_45890.10 gene=SHAE2_45890
SHAE2_45890.10       -            325 601875at33208        -            245    0.0012   18.7   0.0   2   2       2.2   3.7e+02    0.7   0.0    85   133   129   178   123   183 0.69 transcript=SHAE2_45890.10 gene=SHAE2_45890
SHAE2_45940.1        -            522 601875at33208        -            245    0.0013   18.6   0.1   1   2   4.1e-05    0.0069   16.2   0.0    85   149    26    91    20   115 0.83 transcript=SHAE2_45940.1 gene=SHAE2_45940
SHAE2_45940.1        -            522 601875at33208        -            245    0.0013   18.6   0.1   2   2       7.6   1.3e+03   -1.0   0.0    84   135   296   349   280   352 0.77 transcript=SHAE2_45940.1 gene=SHAE2_45940
SHAE2_45940.2        -            522 601875at33208        -            245    0.0013   18.6   0.1   1   2   4.1e-05    0.0069   16.2   0.0    85   149    26    91    20   115 0.83 transcript=SHAE2_45940.2 gene=SHAE2_45940
SHAE2_45940.2        -            522 601875at33208        -            245    0.0013   18.6   0.1   2   2       7.6   1.3e+03   -1.0   0.0    84   135   296   349   280   352 0.77 transcript=SHAE2_45940.2 gene=SHAE2_45940
SHAE2_45940.3        -            522 601875at33208        -            245    0.0013   18.6   0.1   1   2   4.1e-05    0.0069   16.2   0.0    85   149    26    91    20   115 0.83 transcript=SHAE2_45940.3 gene=SHAE2_45940
SHAE2_45940.3        -            522 601875at33208        -            245    0.0013   18.6   0.1   2   2       7.6   1.3e+03   -1.0   0.0    84   135   296   349   280   352 0.77 transcript=SHAE2_45940.3 gene=SHAE2_45940
SHAE2_14160.2        -            511 601875at33208        -            245    0.0017   18.2   0.1   1   2     0.022       3.7    7.2   0.0    87   141    14    76     9   100 0.76 transcript=SHAE2_14160.2 gene=SHAE2_14160
SHAE2_14160.2        -            511 601875at33208        -            245    0.0017   18.2   0.1   2   2    0.0085       1.4    8.6   0.0    93   138   108   158    92   215 0.70 transcript=SHAE2_14160.2 gene=SHAE2_14160
SHAE2_19870.1        -            584 601875at33208        -            245    0.0022   17.8   0.0   1   3         6     1e+03   -0.7   0.0    84   133    43    94    30    99 0.74 transcript=SHAE2_19870.1 gene=SHAE2_19870
SHAE2_19870.1        -            584 601875at33208        -            245    0.0022   17.8   0.0   2   3       1.1   1.8e+02    1.7   0.0    93   135   392   436   381   440 0.80 transcript=SHAE2_19870.1 gene=SHAE2_19870
SHAE2_19870.1        -            584 601875at33208        -            245    0.0022   17.8   0.0   3   3     0.001      0.17   11.7   0.0    80   134   502   561   492   569 0.82 transcript=SHAE2_19870.1 gene=SHAE2_19870
SHAE2_14160.1        -            543 601875at33208        -            245    0.0027   17.5   0.1   1   2     0.024       4.1    7.1   0.0    87   141    14    76     9   100 0.76 transcript=SHAE2_14160.1 gene=SHAE2_14160
SHAE2_14160.1        -            543 601875at33208        -            245    0.0027   17.5   0.1   2   2    0.0093       1.6    8.5   0.0    93   138   108   158    92   215 0.70 transcript=SHAE2_14160.1 gene=SHAE2_14160
SHAE2_45890.6        -            463 601875at33208        -            245    0.0029   17.4   0.0   1   2   0.00011     0.019   14.8   0.0    85   157    29   100    23   118 0.77 transcript=SHAE2_45890.6 gene=SHAE2_45890
SHAE2_45890.6        -            463 601875at33208        -            245    0.0029   17.4   0.0   2   2       3.8   6.3e+02   -0.0   0.0    86   133   130   178   124   183 0.68 transcript=SHAE2_45890.6 gene=SHAE2_45890
SHAE2_45890.8        -            471 601875at33208        -            245     0.003   17.4   0.0   1   2   0.00011     0.019   14.7   0.0    85   157    29   100    23   118 0.77 transcript=SHAE2_45890.8 gene=SHAE2_45890
SHAE2_45890.8        -            471 601875at33208        -            245     0.003   17.4   0.0   2   2       3.9   6.4e+02   -0.1   0.0    86   133   130   178   124   183 0.67 transcript=SHAE2_45890.8 gene=SHAE2_45890
SHAE2_19870.2        -            652 601875at33208        -            245    0.0032   17.3   0.0   1   3       7.1   1.2e+03   -0.9   0.0    84   133   111   162    98   166 0.74 transcript=SHAE2_19870.2 gene=SHAE2_19870
SHAE2_19870.2        -            652 601875at33208        -            245    0.0032   17.3   0.0   2   3       1.3   2.1e+02    1.5   0.0    93   135   460   504   449   507 0.80 transcript=SHAE2_19870.2 gene=SHAE2_19870
SHAE2_19870.2        -            652 601875at33208        -            245    0.0032   17.3   0.0   3   3    0.0012      0.19   11.5   0.0    80   134   570   629   560   637 0.82 transcript=SHAE2_19870.2 gene=SHAE2_19870
SHAE2_45890.1        -            544 601875at33208        -            245    0.0042   16.9   0.0   1   2   0.00014     0.024   14.4   0.0    85   157    29   100    23   118 0.77 transcript=SHAE2_45890.1 gene=SHAE2_45890
SHAE2_45890.1        -            544 601875at33208        -            245    0.0042   16.9   0.0   2   2       4.6   7.8e+02   -0.3   0.0    86   133   130   178   124   183 0.67 transcript=SHAE2_45890.1 gene=SHAE2_45890
SHAE2_45890.3        -            544 601875at33208        -            245    0.0042   16.9   0.0   1   2   0.00014     0.024   14.4   0.0    85   157    29   100    23   118 0.77 transcript=SHAE2_45890.3 gene=SHAE2_45890
SHAE2_45890.3        -            544 601875at33208        -            245    0.0042   16.9   0.0   2   2       4.6   7.8e+02   -0.3   0.0    86   133   130   178   124   183 0.67 transcript=SHAE2_45890.3 gene=SHAE2_45890
SHAE2_45890.4        -            544 601875at33208        -            245    0.0042   16.9   0.0   1   2   0.00014     0.024   14.4   0.0    85   157    29   100    23   118 0.77 transcript=SHAE2_45890.4 gene=SHAE2_45890
SHAE2_45890.4        -            544 601875at33208        -            245    0.0042   16.9   0.0   2   2       4.6   7.8e+02   -0.3   0.0    86   133   130   178   124   183 0.67 transcript=SHAE2_45890.4 gene=SHAE2_45890
SHAE2_45890.5        -            544 601875at33208        -            245    0.0042   16.9   0.0   1   2   0.00014     0.024   14.4   0.0    85   157    29   100    23   118 0.77 transcript=SHAE2_45890.5 gene=SHAE2_45890
SHAE2_45890.5        -            544 601875at33208        -            245    0.0042   16.9   0.0   2   2       4.6   7.8e+02   -0.3   0.0    86   133   130   178   124   183 0.67 transcript=SHAE2_45890.5 gene=SHAE2_45890
SHAE2_45890.7        -            544 601875at33208        -            245    0.0042   16.9   0.0   1   2   0.00014     0.024   14.4   0.0    85   157    29   100    23   118 0.77 transcript=SHAE2_45890.7 gene=SHAE2_45890
SHAE2_45890.7        -            544 601875at33208        -            245    0.0042   16.9   0.0   2   2       4.6   7.8e+02   -0.3   0.0    86   133   130   178   124   183 0.67 transcript=SHAE2_45890.7 gene=SHAE2_45890
SHAE2_23130.1        -            210 601875at33208        -            245    0.0059   16.4   0.0   1   1   5.1e-05    0.0086   15.9   0.0    84   133     6    63     3    76 0.80 transcript=SHAE2_23130.1 gene=SHAE2_23130
SHAE2_12410.1        -            370 601875at33208        -            245    0.0061   16.4   0.0   1   1   6.5e-05     0.011   15.6   0.0    81   136    64   127    61   136 0.79 transcript=SHAE2_12410.1 gene=SHAE2_12410
SHAE2_45890.9        -            428 601875at33208        -            245    0.0089   15.8   0.0   1   2   0.00035     0.058   13.2   0.0    85   135    29    81    23   120 0.81 transcript=SHAE2_45890.9 gene=SHAE2_45890
SHAE2_45890.9        -            428 601875at33208        -            245    0.0089   15.8   0.0   2   2       3.4   5.7e+02    0.1   0.0    86   133   132   180   126   185 0.68 transcript=SHAE2_45890.9 gene=SHAE2_45890
SHAE2_43490.1        -            450 601875at33208        -            245      0.01   15.6   0.0   1   1   8.6e-05     0.014   15.2   0.0    83   135     4    56     1    59 0.88 transcript=SHAE2_43490.1 gene=SHAE2_43490
SHAE2_37320.1        -            370 601875at33208        -            245     0.015   15.1   0.0   1   2    0.0073       1.2    8.8   0.0    86   134     4    52     1    59 0.81 transcript=SHAE2_37320.1 gene=SHAE2_37320
SHAE2_37320.1        -            370 601875at33208        -            245     0.015   15.1   0.0   2   2       0.2        34    4.1   0.0    86   136   109   162   104   190 0.81 transcript=SHAE2_37320.1 gene=SHAE2_37320
SHAE2_37320.2        -            371 601875at33208        -            245     0.015   15.1   0.0   1   2    0.0074       1.2    8.8   0.0    86   134     4    52     1    59 0.81 transcript=SHAE2_37320.2 gene=SHAE2_37320
SHAE2_37320.2        -            371 601875at33208        -            245     0.015   15.1   0.0   2   2      0.19        32    4.2   0.0    85   136   109   163   104   191 0.81 transcript=SHAE2_37320.2 gene=SHAE2_37320
SHAE2_45890.11       -            546 601875at33208        -            245     0.015   15.0   0.0   1   2    0.0005     0.084   12.6   0.0    85   135    29    81    23   120 0.81 transcript=SHAE2_45890.11 gene=SHAE2_45890
SHAE2_45890.11       -            546 601875at33208        -            245     0.015   15.0   0.0   2   2       4.7   7.8e+02   -0.4   0.0    86   133   132   180   126   185 0.67 transcript=SHAE2_45890.11 gene=SHAE2_45890
SHAE2_45890.2        -            546 601875at33208        -            245     0.015   15.0   0.0   1   2    0.0005     0.084   12.6   0.0    85   135    29    81    23   120 0.81 transcript=SHAE2_45890.2 gene=SHAE2_45890
SHAE2_45890.2        -            546 601875at33208        -            245     0.015   15.0   0.0   2   2       4.7   7.8e+02   -0.4   0.0    86   133   132   180   126   185 0.67 transcript=SHAE2_45890.2 gene=SHAE2_45890
SHAE2_85740.1        -            380 601875at33208        -            245     0.016   15.0   0.5   1   2       2.9   4.8e+02    0.3   0.0    82   135    49   110    40   127 0.66 transcript=SHAE2_85740.1 gene=SHAE2_85740
SHAE2_85740.1        -            380 601875at33208        -            245     0.016   15.0   0.5   2   2   0.00053     0.088   12.6   0.2    85   139   135   197   120   226 0.77 transcript=SHAE2_85740.1 gene=SHAE2_85740
SHAE2_14720.1        -            495 601875at33208        -            245     0.018   14.8   0.0   1   1   0.00018      0.03   14.1   0.0    84   137   213   268   208   274 0.89 transcript=SHAE2_14720.1 gene=SHAE2_14720
SHAE2_14720.2        -            530 601875at33208        -            245      0.02   14.7   0.0   1   1    0.0002     0.033   14.0   0.0    84   137   248   303   243   309 0.89 transcript=SHAE2_14720.2 gene=SHAE2_14720
SHAE2_22450.1        -            356 601875at33208        -            245     0.024   14.4   0.0   1   2      0.31        51    3.5   0.0    93   138   116   168    94   171 0.72 transcript=SHAE2_22450.1 gene=SHAE2_22450
SHAE2_22450.1        -            356 601875at33208        -            245     0.024   14.4   0.0   2   2     0.008       1.3    8.7   0.0    84   136   193   248   181   255 0.80 transcript=SHAE2_22450.1 gene=SHAE2_22450
SHAE2_100160.2       -            580 601875at33208        -            245     0.026   14.3   0.3   1   3     0.015       2.5    7.8   0.0    84   139    38   100    26   114 0.73 transcript=SHAE2_100160.2 gene=SHAE2_100160
SHAE2_100160.2       -            580 601875at33208        -            245     0.026   14.3   0.3   2   3      0.94   1.6e+02    1.9   0.0    84   135   166   224   164   239 0.73 transcript=SHAE2_100160.2 gene=SHAE2_100160
SHAE2_100160.2       -            580 601875at33208        -            245     0.026   14.3   0.3   3   3       2.7   4.5e+02    0.4   0.0    79   134   501   562   495   566 0.69 transcript=SHAE2_100160.2 gene=SHAE2_100160
SHAE2_100160.6       -            580 601875at33208        -            245     0.026   14.3   0.3   1   3     0.015       2.5    7.8   0.0    84   139    38   100    26   114 0.73 transcript=SHAE2_100160.6 gene=SHAE2_100160
SHAE2_100160.6       -            580 601875at33208        -            245     0.026   14.3   0.3   2   3      0.94   1.6e+02    1.9   0.0    84   135   166   224   164   239 0.73 transcript=SHAE2_100160.6 gene=SHAE2_100160
SHAE2_100160.6       -            580 601875at33208        -            245     0.026   14.3   0.3   3   3       2.7   4.5e+02    0.4   0.0    79   134   501   562   495   566 0.69 transcript=SHAE2_100160.6 gene=SHAE2_100160
SHAE2_100160.1       -            581 601875at33208        -            245     0.026   14.3   0.3   1   3     0.015       2.5    7.8   0.0    84   139    39   101    27   115 0.73 transcript=SHAE2_100160.1 gene=SHAE2_100160
SHAE2_100160.1       -            581 601875at33208        -            245     0.026   14.3   0.3   2   3      0.94   1.6e+02    1.9   0.0    84   135   167   225   165   240 0.73 transcript=SHAE2_100160.1 gene=SHAE2_100160
SHAE2_100160.1       -            581 601875at33208        -            245     0.026   14.3   0.3   3   3       2.7   4.6e+02    0.4   0.0    79   134   502   563   496   567 0.69 transcript=SHAE2_100160.1 gene=SHAE2_100160
SHAE2_1870.2         -            327 601875at33208        -            245     0.027   14.3   0.0   1   2     0.034       5.6    6.7   0.0   111   134     3    26     1    47 0.87 transcript=SHAE2_1870.2 gene=SHAE2_1870
SHAE2_1870.2         -            327 601875at33208        -            245     0.027   14.3   0.0   2   2     0.067        11    5.7   0.0    86   135    69   126    61   152 0.82 transcript=SHAE2_1870.2 gene=SHAE2_1870
SHAE2_1870.3         -            327 601875at33208        -            245     0.027   14.3   0.0   1   2     0.034       5.6    6.7   0.0   111   134     3    26     1    47 0.87 transcript=SHAE2_1870.3 gene=SHAE2_1870
SHAE2_1870.3         -            327 601875at33208        -            245     0.027   14.3   0.0   2   2     0.067        11    5.7   0.0    86   135    69   126    61   152 0.82 transcript=SHAE2_1870.3 gene=SHAE2_1870
SHAE2_1870.4         -            327 601875at33208        -            245     0.027   14.3   0.0   1   2     0.034       5.6    6.7   0.0   111   134     3    26     1    47 0.87 transcript=SHAE2_1870.4 gene=SHAE2_1870
SHAE2_1870.4         -            327 601875at33208        -            245     0.027   14.3   0.0   2   2     0.067        11    5.7   0.0    86   135    69   126    61   152 0.82 transcript=SHAE2_1870.4 gene=SHAE2_1870
SHAE2_1870.5         -            327 601875at33208        -            245     0.027   14.3   0.0   1   2     0.034       5.6    6.7   0.0   111   134     3    26     1    47 0.87 transcript=SHAE2_1870.5 gene=SHAE2_1870
SHAE2_1870.5         -            327 601875at33208        -            245     0.027   14.3   0.0   2   2     0.067        11    5.7   0.0    86   135    69   126    61   152 0.82 transcript=SHAE2_1870.5 gene=SHAE2_1870
SHAE2_1870.6         -            327 601875at33208        -            245     0.027   14.3   0.0   1   2     0.034       5.6    6.7   0.0   111   134     3    26     1    47 0.87 transcript=SHAE2_1870.6 gene=SHAE2_1870
SHAE2_1870.6         -            327 601875at33208        -            245     0.027   14.3   0.0   2   2     0.067        11    5.7   0.0    86   135    69   126    61   152 0.82 transcript=SHAE2_1870.6 gene=SHAE2_1870
SHAE2_13830.2        -            322 601875at33208        -            245     0.049   13.4   0.3   1   1   0.00071      0.12   12.2   0.0    82   138    43   101    33   116 0.81 transcript=SHAE2_13830.2 gene=SHAE2_13830
SHAE2_93540.1        -            623 601875at33208        -            245     0.074   12.8   0.0   1   1   0.00072      0.12   12.1   0.0    83   134    17    69     1    77 0.79 transcript=SHAE2_93540.1 gene=SHAE2_93540
SHAE2_13830.1        -            302 601875at33208        -            245     0.084   12.6   1.2   1   1   0.00067      0.11   12.2   0.0    82   138    23    81    16    96 0.81 transcript=SHAE2_13830.1 gene=SHAE2_13830
SHAE2_48760.1        -            527 601875at33208        -            245      0.12   12.1   0.1   1   1   0.00072      0.12   12.1   0.1    95   140   129   181   114   207 0.78 transcript=SHAE2_48760.1 gene=SHAE2_48760
SHAE2_32320.2        -            833 601875at33208        -            245      0.19   11.5   0.0   1   1     0.002      0.33   10.7   0.0    14    75   143   204   138   214 0.86 transcript=SHAE2_32320.2 gene=SHAE2_32320
#
# Program:         hmmsearch
# Version:         3.4 (Aug 2023)
# Pipeline mode:   SEARCH
# Query file:      /users/40483456/busco_datasets/busco_downloads/lineages/metazoa_odb10/hmms/601875at33208.hmm
# Target file:     /users/40483456/protein/schistosoma_haematobium.fa
# Option settings: hmmsearch --domtblout /users/40483456/busco/results_pro/schistosoma_haematobium_busco/run_metazoa_odb10/hmmer_output/initial_run_results/601875at33208.out --cpu 1 /users/40483456/busco_datasets/busco_downloads/lineages/metazoa_odb10/hmms/601875at33208.hmm /users/40483456/protein/schistosoma_haematobium.fa 
# Current dir:     /users/40483456
# Date:            Thu Jan 15 17:51:05 2026
# [ok]
