#                                                                            --- full sequence --- -------------- this domain -------------   hmm coord   ali coord   env coord
# target name        accession   tlen query name           accession   qlen   E-value  score  bias   #  of  c-Evalue  i-Evalue  score  bias  from    to  from    to  from    to  acc description of target
#------------------- ---------- ----- -------------------- ---------- ----- --------- ------ ----- --- --- --------- --------- ------ ----- ----- ----- ----- ----- ----- ----- ---- ---------------------
h1SMcT0011031.1      -            684 114954at33208        -            457  2.7e-130  436.0  13.3   1   4   7.2e-11   1.1e-07   31.8   0.5     1    71    26    93    26    99 0.82 transcript=h1SMcT0011031.1 gene=h1SMcG0011031
h1SMcT0011031.1      -            684 114954at33208        -            457  2.7e-130  436.0  13.3   2   4   1.8e-52   2.6e-49  169.0   0.1    56   238   135   327   131   330 0.92 transcript=h1SMcT0011031.1 gene=h1SMcG0011031
h1SMcT0011031.1      -            684 114954at33208        -            457  2.7e-130  436.0  13.3   3   4     0.088   1.3e+02    1.9   0.0   220   262   352   393   336   401 0.79 transcript=h1SMcT0011031.1 gene=h1SMcG0011031
h1SMcT0011031.1      -            684 114954at33208        -            457  2.7e-130  436.0  13.3   4   4   5.5e-73   8.1e-70  236.6   1.7   259   452   421   650   394   654 0.85 transcript=h1SMcT0011031.1 gene=h1SMcG0011031
h1SMcT0005743.1      -            441 114954at33208        -            457   1.5e-17   64.2   0.1   1   1   1.9e-20   2.7e-17   63.4   0.1   299   407   259   377   243   394 0.81 transcript=h1SMcT0005743.1 gene=h1SMcG0005743
h1SMcT0000465.1      -            352 114954at33208        -            457   7.8e-14   52.0   0.8   1   2      0.64   9.3e+02   -1.0   0.1   367   395    72    98    48   128 0.79 transcript=h1SMcT0000465.1 gene=h1SMcG0000465
h1SMcT0000465.1      -            352 114954at33208        -            457   7.8e-14   52.0   0.8   2   2   1.2e-16   1.7e-13   50.9   0.3   285   415   148   293    85   317 0.78 transcript=h1SMcT0000465.1 gene=h1SMcG0000465
h1SMcT0019991.1      -            342 114954at33208        -            457   5.7e-13   49.2   0.1   1   1   5.5e-16     8e-13   48.7   0.1   301   408   169   286   146   294 0.80 transcript=h1SMcT0019991.1 gene=h1SMcG0019991
h1SMcT0000588.7      -            334 114954at33208        -            457     6e-12   45.8   0.1   1   1   6.1e-15   8.9e-12   45.2   0.1   312   415   179   292   151   302 0.84 transcript=h1SMcT0000588.7 gene=h1SMcG0000588
h1SMcT0000590.1      -            334 114954at33208        -            457     6e-12   45.8   0.1   1   1   6.1e-15   8.9e-12   45.2   0.1   312   415   179   292   151   302 0.84 transcript=h1SMcT0000590.1 gene=h1SMcG0000590
h1SMcT0000609.1      -            335 114954at33208        -            457   2.1e-11   44.0   0.1   1   1   1.9e-14   2.8e-11   43.6   0.1   312   415   180   293   149   303 0.83 transcript=h1SMcT0000609.1 gene=h1SMcG0000609
h1SMcT0000580.1      -            184 114954at33208        -            457   3.2e-11   43.4   0.1   1   1   2.4e-14   3.5e-11   43.3   0.1   312   415    26   139     4   167 0.85 transcript=h1SMcT0000580.1 gene=h1SMcG0000580
h1SMcT0000592.1      -            334 114954at33208        -            457   5.1e-11   42.7   0.0   1   1   5.2e-14   7.6e-11   42.2   0.0   312   415   179   292   151   301 0.83 transcript=h1SMcT0000592.1 gene=h1SMcG0000592
h1SMcT0021895.1      -            636 114954at33208        -            457   1.6e-05   24.6   0.8   1   1   1.9e-08   2.7e-05   23.9   0.8   132   204   533   609   508   614 0.80 transcript=h1SMcT0021895.1 gene=h1SMcG0021895
h1SMcT0000385.2      -            135 114954at33208        -            457   0.00012   21.7   0.0   1   1   1.1e-07   0.00017   21.3   0.0   330   372    73   117    69   123 0.85 transcript=h1SMcT0000385.2 gene=h1SMcG0000385
h1SMcT0009603.1      -            708 114954at33208        -            457    0.0044   16.6   2.7   1   1   6.1e-06    0.0089   15.6   2.7   132   203   592   667   573   671 0.85 transcript=h1SMcT0009603.1 gene=h1SMcG0009603
h1SMcT0009603.2      -            650 114954at33208        -            457    0.0047   16.5   2.7   1   1   5.4e-06    0.0079   15.7   2.7   132   203   534   609   515   613 0.85 transcript=h1SMcT0009603.2 gene=h1SMcG0009603
h1SMcT0009603.3      -            650 114954at33208        -            457    0.0047   16.5   2.7   1   1   5.4e-06    0.0079   15.7   2.7   132   203   534   609   515   613 0.85 transcript=h1SMcT0009603.3 gene=h1SMcG0009603
h1SMcT0009604.1      -            650 114954at33208        -            457    0.0047   16.5   2.7   1   1   5.4e-06    0.0079   15.7   2.7   132   203   534   609   515   613 0.85 transcript=h1SMcT0009604.1 gene=h1SMcG0009604
h1SMcT0009605.1      -            650 114954at33208        -            457    0.0047   16.5   2.7   1   1   5.4e-06    0.0079   15.7   2.7   132   203   534   609   515   613 0.85 transcript=h1SMcT0009605.1 gene=h1SMcG0009605
h1SMcT0011102.1      -            660 114954at33208        -            457    0.0086   15.6   2.0   1   1   1.1e-05     0.015   14.8   2.0   125   202   558   640   528   646 0.81 transcript=h1SMcT0011102.1 gene=h1SMcG0011102
h1SMcT0003481.1      -            641 114954at33208        -            457     0.018   14.6   3.0   1   1   2.4e-05     0.036   13.6   3.0   130   202   532   608   508   612 0.84 transcript=h1SMcT0003481.1 gene=h1SMcG0003481
h1SMcT0003483.1      -            641 114954at33208        -            457     0.018   14.6   3.0   1   1   2.4e-05     0.036   13.6   3.0   130   202   532   608   508   612 0.84 transcript=h1SMcT0003483.1 gene=h1SMcG0003483
h1SMcT0020542.1      -            166 114954at33208        -            457     0.035   13.6   0.0   1   1   3.2e-05     0.047   13.2   0.0   299   332   126   159   100   164 0.77 transcript=h1SMcT0020542.1 gene=h1SMcG0020542
h1SMcT0009670.1      -            659 114954at33208        -            457     0.069   12.6   3.9   1   1   8.2e-05      0.12   11.8   3.9   130   202   547   623   530   628 0.79 transcript=h1SMcT0009670.1 gene=h1SMcG0009670
h1SMcT0017600.1      -            152 114954at33208        -            457      0.18   11.2   0.1   1   1   0.00015      0.21   11.0   0.1     7    55     5    54     2    93 0.77 transcript=h1SMcT0017600.1 gene=h1SMcG0017600
h1SMcT0016482.1      -            647 114954at33208        -            457      0.58    9.6   2.6   1   1   0.00066      0.96    8.9   2.6   130   204   533   611   517   615 0.82 transcript=h1SMcT0016482.1 gene=h1SMcG0016482
#
# Program:         hmmsearch
# Version:         3.4 (Aug 2023)
# Pipeline mode:   SEARCH
# Query file:      /users/40483456/busco_datasets/busco_downloads/lineages/metazoa_odb10/hmms/114954at33208.hmm
# Target file:     /users/40483456/protein/schmidtea_mediterranea.fa
# Option settings: hmmsearch --domtblout /users/40483456/busco/results_pro/schmidtea_mediterranea_busco/run_metazoa_odb10/hmmer_output/initial_run_results/114954at33208.out --cpu 1 /users/40483456/busco_datasets/busco_downloads/lineages/metazoa_odb10/hmms/114954at33208.hmm /users/40483456/protein/schmidtea_mediterranea.fa 
# Current dir:     /users/40483456
# Date:            Thu Jan 15 18:01:14 2026
# [ok]
