#                                                                            --- full sequence --- -------------- this domain -------------   hmm coord   ali coord   env coord
# target name        accession   tlen query name           accession   qlen   E-value  score  bias   #  of  c-Evalue  i-Evalue  score  bias  from    to  from    to  from    to  acc description of target
#------------------- ---------- ----- -------------------- ---------- ----- --------- ------ ----- --- --- --------- --------- ------ ----- ----- ----- ----- ----- ----- ----- ---- ---------------------
h1SMcT0004365.1      -            617 119252at33208        -            564  1.7e-192  641.6   2.6   1   2  3.3e-137  1.6e-133  447.0   0.3    48   395     8   393     2   408 0.86 transcript=h1SMcT0004365.1 gene=h1SMcG0004365
h1SMcT0004365.1      -            617 119252at33208        -            564  1.7e-192  641.6   2.6   2   2   9.2e-61   4.4e-57  194.6   0.1   392   563   437   616   408   617 0.90 transcript=h1SMcT0004365.1 gene=h1SMcG0004365
h1SMcT0003558.2      -            668 119252at33208        -            564  4.2e-143  478.6   8.7   1   2  9.5e-107  4.6e-103  346.4   0.8    50   380    69   433    38   442 0.86 transcript=h1SMcT0003558.2 gene=h1SMcG0003558
h1SMcT0003558.2      -            668 119252at33208        -            564  4.2e-143  478.6   8.7   2   2   4.3e-43   2.1e-39  136.3   1.6   368   555   472   666   447   668 0.87 transcript=h1SMcT0003558.2 gene=h1SMcG0003558
h1SMcT0003558.1      -            308 119252at33208        -            564   6.5e-68  230.4   0.3   1   1   1.7e-71   7.9e-68  230.1   0.3   164   380     5   239     1   256 0.89 transcript=h1SMcT0003558.1 gene=h1SMcG0003558
h1SMcT0018072.2      -            382 119252at33208        -            564   3.2e-07   30.0   0.0   1   2   3.4e-07    0.0016   17.8   0.0   223   263   131   172   118   195 0.83 transcript=h1SMcT0018072.2 gene=h1SMcG0018072
h1SMcT0018072.2      -            382 119252at33208        -            564   3.2e-07   30.0   0.0   2   2   7.6e-05      0.36   10.0   0.0   440   513   256   342   233   353 0.67 transcript=h1SMcT0018072.2 gene=h1SMcG0018072
h1SMcT0018072.1      -            444 119252at33208        -            564   4.4e-07   29.6   0.0   1   2   4.2e-07     0.002   17.5   0.0   223   263   131   172   118   195 0.84 transcript=h1SMcT0018072.1 gene=h1SMcG0018072
h1SMcT0018072.1      -            444 119252at33208        -            564   4.4e-07   29.6   0.0   2   2   8.6e-05      0.41    9.9   0.0   440   513   318   404   287   415 0.68 transcript=h1SMcT0018072.1 gene=h1SMcG0018072
h1SMcT0005676.1      -            430 119252at33208        -            564      0.13   11.5   1.1   1   1   4.1e-05      0.19   10.9   1.1   134   240   225   328   220   361 0.86 transcript=h1SMcT0005676.1 gene=h1SMcG0005676
h1SMcT0005676.3      -            458 119252at33208        -            564      0.15   11.3   1.1   1   1   4.6e-05      0.22   10.8   1.1   134   240   253   356   248   389 0.86 transcript=h1SMcT0005676.3 gene=h1SMcG0005676
#
# Program:         hmmsearch
# Version:         3.4 (Aug 2023)
# Pipeline mode:   SEARCH
# Query file:      /users/40483456/busco_datasets/busco_downloads/lineages/metazoa_odb10/hmms/119252at33208.hmm
# Target file:     /users/40483456/protein/schmidtea_mediterranea.fa
# Option settings: hmmsearch --domtblout /users/40483456/busco/results_pro/schmidtea_mediterranea_busco/run_metazoa_odb10/hmmer_output/initial_run_results/119252at33208.out --cpu 1 /users/40483456/busco_datasets/busco_downloads/lineages/metazoa_odb10/hmms/119252at33208.hmm /users/40483456/protein/schmidtea_mediterranea.fa 
# Current dir:     /users/40483456
# Date:            Thu Jan 15 18:01:17 2026
# [ok]
