#                                                                            --- full sequence --- -------------- this domain -------------   hmm coord   ali coord   env coord
# target name        accession   tlen query name           accession   qlen   E-value  score  bias   #  of  c-Evalue  i-Evalue  score  bias  from    to  from    to  from    to  acc description of target
#------------------- ---------- ----- -------------------- ---------- ----- --------- ------ ----- --- --- --------- --------- ------ ----- ----- ----- ----- ----- ----- ----- ---- ---------------------
h1SMcT0009486.1      -           3681 13816at33208         -           1537         0 1153.7  60.0   1  14   1.4e-46   1.2e-43  149.8   0.3    24   217   390   652   360   668 0.76 transcript=h1SMcT0009486.1 gene=h1SMcG0009486
h1SMcT0009486.1      -           3681 13816at33208         -           1537         0 1153.7  60.0   2  14   8.9e-13   7.8e-10   37.7   0.1   219   264   841   886   835   891 0.90 transcript=h1SMcT0009486.1 gene=h1SMcG0009486
h1SMcT0009486.1      -           3681 13816at33208         -           1537         0 1153.7  60.0   3  14   9.8e-07   0.00086   17.7   0.0   259   295   924   963   921   977 0.88 transcript=h1SMcT0009486.1 gene=h1SMcG0009486
h1SMcT0009486.1      -           3681 13816at33208         -           1537         0 1153.7  60.0   4  14   0.00068       0.6    8.3   0.0   316   367  1046  1107  1039  1113 0.69 transcript=h1SMcT0009486.1 gene=h1SMcG0009486
h1SMcT0009486.1      -           3681 13816at33208         -           1537         0 1153.7  60.0   5  14   8.9e-07   0.00079   17.8   0.1   370   429  1142  1217  1133  1247 0.67 transcript=h1SMcT0009486.1 gene=h1SMcG0009486
h1SMcT0009486.1      -           3681 13816at33208         -           1537         0 1153.7  60.0   6  14   8.3e-10   7.3e-07   27.9   0.0   432   490  1317  1376  1301  1396 0.86 transcript=h1SMcT0009486.1 gene=h1SMcG0009486
h1SMcT0009486.1      -           3681 13816at33208         -           1537         0 1153.7  60.0   7  14     5e-74   4.4e-71  240.7  17.8   491   624  1416  1549  1401  1562 0.95 transcript=h1SMcT0009486.1 gene=h1SMcG0009486
h1SMcT0009486.1      -           3681 13816at33208         -           1537         0 1153.7  60.0   8  14   3.9e-05     0.034   12.4   0.0   624   673  1585  1634  1574  1639 0.85 transcript=h1SMcT0009486.1 gene=h1SMcG0009486
h1SMcT0009486.1      -           3681 13816at33208         -           1537         0 1153.7  60.0   9  14   9.5e-16   8.4e-13   47.6   0.3   664   837  1653  1864  1644  1873 0.75 transcript=h1SMcT0009486.1 gene=h1SMcG0009486
h1SMcT0009486.1      -           3681 13816at33208         -           1537         0 1153.7  60.0  10  14     0.079        70    1.4   0.8   844   884  2267  2307  2164  2315 0.58 transcript=h1SMcT0009486.1 gene=h1SMcG0009486
h1SMcT0009486.1      -           3681 13816at33208         -           1537         0 1153.7  60.0  11  14   2.8e-11   2.5e-08   32.8   0.2   884   975  2345  2458  2336  2462 0.67 transcript=h1SMcT0009486.1 gene=h1SMcG0009486
h1SMcT0009486.1      -           3681 13816at33208         -           1537         0 1153.7  60.0  12  14   5.9e-07   0.00052   18.4   0.0   978  1035  2557  2614  2546  2622 0.88 transcript=h1SMcT0009486.1 gene=h1SMcG0009486
h1SMcT0009486.1      -           3681 13816at33208         -           1537         0 1153.7  60.0  13  14   6.1e-41   5.3e-38  131.1   0.0  1043  1212  2668  2851  2658  2866 0.87 transcript=h1SMcT0009486.1 gene=h1SMcG0009486
h1SMcT0009486.1      -           3681 13816at33208         -           1537         0 1153.7  60.0  14  14  8.1e-125  7.1e-122  409.1   0.0  1244  1537  3354  3681  3347  3681 0.87 transcript=h1SMcT0009486.1 gene=h1SMcG0009486
h1SMcT0007274.1      -            802 13816at33208         -           1537   1.1e-36  126.7   0.3   1   3       0.8   7.1e+02   -1.9   0.0   837   887    30    80    25    95 0.89 transcript=h1SMcT0007274.1 gene=h1SMcG0007274
h1SMcT0007274.1      -            802 13816at33208         -           1537   1.1e-36  126.7   0.3   2   3    0.0022       1.9    6.6   0.0  1079  1156   421   499   412   520 0.85 transcript=h1SMcT0007274.1 gene=h1SMcG0007274
h1SMcT0007274.1      -            802 13816at33208         -           1537   1.1e-36  126.7   0.3   3   3   9.3e-37   8.1e-34  117.2   0.1  1267  1530   526   794   521   800 0.83 transcript=h1SMcT0007274.1 gene=h1SMcG0007274
h1SMcT0001710.1      -           4068 13816at33208         -           1537   1.4e-28   99.8   0.1   1   1     3e-31   2.7e-28   98.9   0.1  1265  1532  3793  4061  3683  4066 0.89 transcript=h1SMcT0001710.1 gene=h1SMcG0001710
h1SMcT0003879.1      -            862 13816at33208         -           1537   4.9e-28   98.0   0.0   1   1   7.9e-31     7e-28   97.5   0.0  1260  1531   584   854   578   858 0.85 transcript=h1SMcT0003879.1 gene=h1SMcG0003879
h1SMcT0003879.3      -            862 13816at33208         -           1537   4.9e-28   98.0   0.0   1   1   7.9e-31     7e-28   97.5   0.0  1260  1531   584   854   578   858 0.85 transcript=h1SMcT0003879.3 gene=h1SMcG0003879
h1SMcT0003879.2      -            902 13816at33208         -           1537   5.4e-28   97.9   0.0   1   1   8.6e-31   7.6e-28   97.4   0.0  1260  1531   624   894   618   898 0.85 transcript=h1SMcT0003879.2 gene=h1SMcG0003879
h1SMcT0012448.2      -            879 13816at33208         -           1537   7.7e-27   94.1   0.6   1   3    0.0071       6.3    4.9   0.0    62   144    77   164    29   170 0.77 transcript=h1SMcT0012448.2 gene=h1SMcG0012448
h1SMcT0012448.2      -            879 13816at33208         -           1537   7.7e-27   94.1   0.6   2   3       2.4   2.1e+03   -3.5   0.0   110   149   183   222   178   226 0.87 transcript=h1SMcT0012448.2 gene=h1SMcG0012448
h1SMcT0012448.2      -            879 13816at33208         -           1537   7.7e-27   94.1   0.6   3   3   2.3e-27     2e-24   86.1   1.0  1269  1531   613   872   607   879 0.90 transcript=h1SMcT0012448.2 gene=h1SMcG0012448
h1SMcT0012448.5      -            998 13816at33208         -           1537   1.4e-26   93.2   0.7   1   3    0.0085       7.5    4.6   0.0    62   144    77   164    29   170 0.77 transcript=h1SMcT0012448.5 gene=h1SMcG0012448
h1SMcT0012448.5      -            998 13816at33208         -           1537   1.4e-26   93.2   0.7   2   3       3.2   2.8e+03   -3.9   0.0   110   148   183   221   179   225 0.87 transcript=h1SMcT0012448.5 gene=h1SMcG0012448
h1SMcT0012448.5      -            998 13816at33208         -           1537   1.4e-26   93.2   0.7   3   3   3.4e-27     3e-24   85.5   1.1  1270  1531   733   991   727   998 0.90 transcript=h1SMcT0012448.5 gene=h1SMcG0012448
h1SMcT0012448.3      -           1037 13816at33208         -           1537   1.7e-26   93.0   0.7   1   3    0.0089       7.9    4.6   0.0    62   144    77   164    29   170 0.77 transcript=h1SMcT0012448.3 gene=h1SMcG0012448
h1SMcT0012448.3      -           1037 13816at33208         -           1537   1.7e-26   93.0   0.7   2   3       3.4     3e+03   -4.0   0.0   110   148   183   221   179   225 0.87 transcript=h1SMcT0012448.3 gene=h1SMcG0012448
h1SMcT0012448.3      -           1037 13816at33208         -           1537   1.7e-26   93.0   0.7   3   3   3.6e-27   3.2e-24   85.4   1.1  1270  1531   772  1030   766  1037 0.90 transcript=h1SMcT0012448.3 gene=h1SMcG0012448
h1SMcT0011047.1      -           1073 13816at33208         -           1537   1.7e-25   89.6   0.4   1   4      0.29   2.5e+02   -0.4   0.0    17   144    87   122    33   138 0.64 transcript=h1SMcT0011047.1 gene=h1SMcG0011047
h1SMcT0011047.1      -           1073 13816at33208         -           1537   1.7e-25   89.6   0.4   2   4      0.11        94    1.0   0.0    13    85    83   153    71   233 0.47 transcript=h1SMcT0011047.1 gene=h1SMcG0011047
h1SMcT0011047.1      -           1073 13816at33208         -           1537   1.7e-25   89.6   0.4   3   4      0.84   7.4e+02   -2.0   0.0  1101  1154   725   781   723   795 0.77 transcript=h1SMcT0011047.1 gene=h1SMcG0011047
h1SMcT0011047.1      -           1073 13816at33208         -           1537   1.7e-25   89.6   0.4   4   4   4.8e-27   4.2e-24   85.0   0.1  1264  1531   801  1066   786  1073 0.88 transcript=h1SMcT0011047.1 gene=h1SMcG0011047
h1SMcT0018042.1      -            816 13816at33208         -           1537   8.4e-25   87.3   0.2   1   2   0.00057       0.5    8.5   0.0  1096  1156   457   519   446   547 0.81 transcript=h1SMcT0018042.1 gene=h1SMcG0018042
h1SMcT0018042.1      -            816 13816at33208         -           1537   8.4e-25   87.3   0.2   2   2   1.2e-24   1.1e-21   77.0   0.1  1267  1531   545   809   533   814 0.85 transcript=h1SMcT0018042.1 gene=h1SMcG0018042
h1SMcT0017430.1      -           5160 13816at33208         -           1537     4e-24   85.1   1.6   1   4      0.99   8.7e+02   -2.2   0.0    18    51   509   544   498   549 0.80 transcript=h1SMcT0017430.1 gene=h1SMcG0017430
h1SMcT0017430.1      -           5160 13816at33208         -           1537     4e-24   85.1   1.6   2   4    0.0022       1.9    6.6   0.0    65   143  3366  3450  3305  3464 0.72 transcript=h1SMcT0017430.1 gene=h1SMcG0017430
h1SMcT0017430.1      -           5160 13816at33208         -           1537     4e-24   85.1   1.6   3   4      0.21   1.8e+02    0.0   0.0    60    98  4428  4467  4384  4491 0.61 transcript=h1SMcT0017430.1 gene=h1SMcG0017430
h1SMcT0017430.1      -           5160 13816at33208         -           1537     4e-24   85.1   1.6   4   4   1.1e-23   9.3e-21   73.9   0.3  1246  1530  4730  5010  4713  5014 0.80 transcript=h1SMcT0017430.1 gene=h1SMcG0017430
h1SMcT0014480.1      -            497 13816at33208         -           1537   5.7e-23   81.3   0.1   1   2      0.13   1.2e+02    0.7   0.0  1103  1156   145   200   118   227 0.80 transcript=h1SMcT0014480.1 gene=h1SMcG0014480
h1SMcT0014480.1      -            497 13816at33208         -           1537   5.7e-23   81.3   0.1   2   2   3.7e-25   3.3e-22   78.7   0.0  1267  1535   226   495   205   496 0.84 transcript=h1SMcT0014480.1 gene=h1SMcG0014480
h1SMcT0014480.2      -            745 13816at33208         -           1537   2.2e-22   79.4   0.1   1   2      0.19   1.7e+02    0.2   0.0  1104  1157   394   449   367   478 0.78 transcript=h1SMcT0014480.2 gene=h1SMcG0014480
h1SMcT0014480.2      -            745 13816at33208         -           1537   2.2e-22   79.4   0.1   2   2   1.1e-24   9.3e-22   77.2   0.0  1267  1535   474   743   461   744 0.84 transcript=h1SMcT0014480.2 gene=h1SMcG0014480
h1SMcT0014480.3      -            745 13816at33208         -           1537   2.2e-22   79.4   0.1   1   2      0.19   1.7e+02    0.2   0.0  1104  1157   394   449   367   478 0.78 transcript=h1SMcT0014480.3 gene=h1SMcG0014480
h1SMcT0014480.3      -            745 13816at33208         -           1537   2.2e-22   79.4   0.1   2   2   1.1e-24   9.3e-22   77.2   0.0  1267  1535   474   743   461   744 0.84 transcript=h1SMcT0014480.3 gene=h1SMcG0014480
h1SMcT0014480.4      -            745 13816at33208         -           1537   2.2e-22   79.4   0.1   1   2      0.19   1.7e+02    0.2   0.0  1104  1157   394   449   367   478 0.78 transcript=h1SMcT0014480.4 gene=h1SMcG0014480
h1SMcT0014480.4      -            745 13816at33208         -           1537   2.2e-22   79.4   0.1   2   2   1.1e-24   9.3e-22   77.2   0.0  1267  1535   474   743   461   744 0.84 transcript=h1SMcT0014480.4 gene=h1SMcG0014480
h1SMcT0014480.5      -            745 13816at33208         -           1537   2.2e-22   79.4   0.1   1   2      0.19   1.7e+02    0.2   0.0  1104  1157   394   449   367   478 0.78 transcript=h1SMcT0014480.5 gene=h1SMcG0014480
h1SMcT0014480.5      -            745 13816at33208         -           1537   2.2e-22   79.4   0.1   2   2   1.1e-24   9.3e-22   77.2   0.0  1267  1535   474   743   461   744 0.84 transcript=h1SMcT0014480.5 gene=h1SMcG0014480
h1SMcT0014480.6      -            745 13816at33208         -           1537   2.2e-22   79.4   0.1   1   2      0.19   1.7e+02    0.2   0.0  1104  1157   394   449   367   478 0.78 transcript=h1SMcT0014480.6 gene=h1SMcG0014480
h1SMcT0014480.6      -            745 13816at33208         -           1537   2.2e-22   79.4   0.1   2   2   1.1e-24   9.3e-22   77.2   0.0  1267  1535   474   743   461   744 0.84 transcript=h1SMcT0014480.6 gene=h1SMcG0014480
h1SMcT0014480.7      -            670 13816at33208         -           1537   5.5e-22   78.0   0.1   1   1   8.2e-25   7.2e-22   77.6   0.1  1267  1535   399   668   384   669 0.84 transcript=h1SMcT0014480.7 gene=h1SMcG0014480
h1SMcT0018147.2      -            626 13816at33208         -           1537   5.5e-22   78.0   0.0   1   1   8.4e-25   7.4e-22   77.6   0.0  1267  1530   355   618   339   625 0.84 transcript=h1SMcT0018147.2 gene=h1SMcG0018147
h1SMcT0018147.1      -            707 13816at33208         -           1537   5.8e-22   77.9   0.0   1   1   1.1e-24   9.5e-22   77.2   0.0  1267  1530   436   699   418   706 0.84 transcript=h1SMcT0018147.1 gene=h1SMcG0018147
h1SMcT0012448.4      -           1018 13816at33208         -           1537   1.3e-19   70.1   0.8   1   3    0.0087       7.7    4.6   0.0    62   144    77   164    29   170 0.77 transcript=h1SMcT0012448.4 gene=h1SMcG0012448
h1SMcT0012448.4      -           1018 13816at33208         -           1537   1.3e-19   70.1   0.8   2   3       3.3   2.9e+03   -3.9   0.0   110   148   183   221   179   225 0.87 transcript=h1SMcT0012448.4 gene=h1SMcG0012448
h1SMcT0012448.4      -           1018 13816at33208         -           1537   1.3e-19   70.1   0.8   3   3   5.5e-18   4.9e-15   55.0   1.2  1270  1531   772  1011   766  1018 0.88 transcript=h1SMcT0012448.4 gene=h1SMcG0012448
h1SMcT0006850.2      -            947 13816at33208         -           1537   3.5e-19   68.7   0.1   1   1   5.8e-22   5.1e-19   68.2   0.1  1276  1530   683   939   673   944 0.79 transcript=h1SMcT0006850.2 gene=h1SMcG0006850
h1SMcT0006850.1      -           1090 13816at33208         -           1537   4.5e-19   68.4   0.1   1   1   7.5e-22   6.6e-19   67.8   0.1  1276  1530   826  1082   816  1087 0.79 transcript=h1SMcT0006850.1 gene=h1SMcG0006850
h1SMcT0018042.2      -            767 13816at33208         -           1537   1.4e-18   66.7   2.1   1   2   0.00064      0.57    8.4   0.0  1096  1156   457   519   446   544 0.84 transcript=h1SMcT0018042.2 gene=h1SMcG0018042
h1SMcT0018042.2      -            767 13816at33208         -           1537   1.4e-18   66.7   2.1   2   2   1.8e-18   1.6e-15   56.6   1.8  1267  1479   545   752   531   760 0.88 transcript=h1SMcT0018042.2 gene=h1SMcG0018042
h1SMcT0021952.1      -            691 13816at33208         -           1537   2.3e-16   59.4   0.1   1   1   3.7e-19   3.3e-16   58.9   0.1  1180  1248   603   671   588   687 0.88 transcript=h1SMcT0021952.1 gene=h1SMcG0021952
h1SMcT0013735.3      -           1027 13816at33208         -           1537   5.7e-16   58.1   1.8   1   3   2.4e-09   2.1e-06   26.4   0.2  1164  1244   127   204    92   215 0.80 transcript=h1SMcT0013735.3 gene=h1SMcG0013735
h1SMcT0013735.3      -           1027 13816at33208         -           1537   5.7e-16   58.1   1.8   2   3     0.006       5.2    5.2   0.1  1180  1243   250   313   219   319 0.84 transcript=h1SMcT0013735.3 gene=h1SMcG0013735
h1SMcT0013735.3      -           1027 13816at33208         -           1537   5.7e-16   58.1   1.8   3   3     1e-08   8.8e-06   24.3   0.0  1183  1241   961  1019   941  1025 0.88 transcript=h1SMcT0013735.3 gene=h1SMcG0013735
h1SMcT0012448.6      -            995 13816at33208         -           1537   5.9e-16   58.0   0.7   1   3    0.0084       7.4    4.7   0.0    62   144    77   164    29   170 0.77 transcript=h1SMcT0012448.6 gene=h1SMcG0012448
h1SMcT0012448.6      -            995 13816at33208         -           1537   5.9e-16   58.0   0.7   2   3       3.2   2.8e+03   -3.9   0.0   110   148   183   221   179   225 0.87 transcript=h1SMcT0012448.6 gene=h1SMcG0012448
h1SMcT0012448.6      -            995 13816at33208         -           1537   5.9e-16   58.0   0.7   3   3   1.5e-16   1.3e-13   50.2   1.1  1270  1480   772   980   766   984 0.91 transcript=h1SMcT0012448.6 gene=h1SMcG0012448
h1SMcT0013735.5      -           1029 13816at33208         -           1537   8.6e-16   57.5   2.2   1   3   2.4e-09   2.1e-06   26.4   0.2  1164  1244   127   204    92   215 0.80 transcript=h1SMcT0013735.5 gene=h1SMcG0013735
h1SMcT0013735.5      -           1029 13816at33208         -           1537   8.6e-16   57.5   2.2   2   3     0.006       5.3    5.2   0.1  1180  1243   250   313   219   319 0.84 transcript=h1SMcT0013735.5 gene=h1SMcG0013735
h1SMcT0013735.5      -           1029 13816at33208         -           1537   8.6e-16   57.5   2.2   3   3   1.1e-08   9.9e-06   24.1   0.0  1183  1241   963  1021   944  1027 0.90 transcript=h1SMcT0013735.5 gene=h1SMcG0013735
h1SMcT0012448.1      -            324 13816at33208         -           1537   8.9e-15   54.1   1.1   1   1   1.4e-17   1.2e-14   53.7   1.1  1270  1480   106   314   100   317 0.91 transcript=h1SMcT0012448.1 gene=h1SMcG0012448
h1SMcT0013735.4      -           1010 13816at33208         -           1537   1.2e-14   53.7   1.3   1   3   2.3e-09   2.1e-06   26.4   0.2  1164  1244   127   204    92   215 0.80 transcript=h1SMcT0013735.4 gene=h1SMcG0013735
h1SMcT0013735.4      -           1010 13816at33208         -           1537   1.2e-14   53.7   1.3   2   3    0.0058       5.1    5.2   0.1  1180  1243   250   313   219   319 0.84 transcript=h1SMcT0013735.4 gene=h1SMcG0013735
h1SMcT0013735.4      -           1010 13816at33208         -           1537   1.2e-14   53.7   1.3   3   3   2.9e-07   0.00026   19.4   0.0  1183  1232   961  1010   941  1010 0.90 transcript=h1SMcT0013735.4 gene=h1SMcG0013735
h1SMcT0013735.1      -           1012 13816at33208         -           1537   1.7e-14   53.2   1.6   1   3   2.3e-09   2.1e-06   26.4   0.2  1164  1244   127   204    92   215 0.80 transcript=h1SMcT0013735.1 gene=h1SMcG0013735
h1SMcT0013735.1      -           1012 13816at33208         -           1537   1.7e-14   53.2   1.6   2   3    0.0058       5.1    5.2   0.1  1180  1243   250   313   219   319 0.84 transcript=h1SMcT0013735.1 gene=h1SMcG0013735
h1SMcT0013735.1      -           1012 13816at33208         -           1537   1.7e-14   53.2   1.6   3   3   3.3e-07   0.00029   19.3   0.0  1183  1232   963  1012   944  1012 0.92 transcript=h1SMcT0013735.1 gene=h1SMcG0013735
h1SMcT0013746.1      -            607 13816at33208         -           1537   2.7e-12   45.9   0.1   1   1   4.3e-15   3.8e-12   45.4   0.1  1158  1242   512   596   504   601 0.93 transcript=h1SMcT0013746.1 gene=h1SMcG0013746
h1SMcT0017635.1      -           1107 13816at33208         -           1537   1.8e-11   43.1   1.0   1   2   1.6e-10   1.4e-07   30.3   0.2  1255  1477   794  1019   764  1043 0.77 transcript=h1SMcT0017635.1 gene=h1SMcG0017635
h1SMcT0017635.1      -           1107 13816at33208         -           1537   1.8e-11   43.1   1.0   2   2   7.6e-05     0.067   11.4   0.0  1494  1530  1063  1099  1054  1104 0.88 transcript=h1SMcT0017635.1 gene=h1SMcG0017635
h1SMcT0004358.2      -            836 13816at33208         -           1537   2.4e-09   36.1   0.0   1   1   4.1e-12   3.6e-09   35.5   0.0  1367  1533   665   832   632   834 0.79 transcript=h1SMcT0004358.2 gene=h1SMcG0004358
h1SMcT0004358.1      -           2591 13816at33208         -           1537   1.1e-08   33.9   0.0   1   1     2e-11   1.8e-08   33.2   0.0  1367  1533  2420  2587  2387  2589 0.79 transcript=h1SMcT0004358.1 gene=h1SMcG0004358
h1SMcT0013735.2      -            954 13816at33208         -           1537   2.3e-08   32.9   1.3   1   2   2.2e-09   1.9e-06   26.5   0.2  1164  1244   127   204    92   215 0.80 transcript=h1SMcT0013735.2 gene=h1SMcG0013735
h1SMcT0013735.2      -            954 13816at33208         -           1537   2.3e-08   32.9   1.3   2   2    0.0054       4.8    5.3   0.1  1180  1243   250   313   219   319 0.84 transcript=h1SMcT0013735.2 gene=h1SMcG0013735
h1SMcT0010145.1      -            606 13816at33208         -           1537     0.019   13.3   0.0   1   1   3.5e-05     0.031   12.6   0.0   111   145   299   333   292   341 0.90 transcript=h1SMcT0010145.1 gene=h1SMcG0010145
#
# Program:         hmmsearch
# Version:         3.4 (Aug 2023)
# Pipeline mode:   SEARCH
# Query file:      /users/40483456/busco_datasets/busco_downloads/lineages/metazoa_odb10/hmms/13816at33208.hmm
# Target file:     /users/40483456/protein/schmidtea_mediterranea.fa
# Option settings: hmmsearch --domtblout /users/40483456/busco/results_pro/schmidtea_mediterranea_busco/run_metazoa_odb10/hmmer_output/initial_run_results/13816at33208.out --cpu 1 /users/40483456/busco_datasets/busco_downloads/lineages/metazoa_odb10/hmms/13816at33208.hmm /users/40483456/protein/schmidtea_mediterranea.fa 
# Current dir:     /users/40483456
# Date:            Thu Jan 15 18:01:35 2026
# [ok]
