#                                                                            --- full sequence --- -------------- this domain -------------   hmm coord   ali coord   env coord
# target name        accession   tlen query name           accession   qlen   E-value  score  bias   #  of  c-Evalue  i-Evalue  score  bias  from    to  from    to  from    to  acc description of target
#------------------- ---------- ----- -------------------- ---------- ----- --------- ------ ----- --- --- --------- --------- ------ ----- ----- ----- ----- ----- ----- ----- ---- ---------------------
h1SMcT0013928.1      -            524 226941at33208        -            400  2.3e-157  525.2  35.2   1   3  1.7e-100   5.2e-97  326.5  10.1     2   203    35   243    34   247 0.95 transcript=h1SMcT0013928.1 gene=h1SMcG0013928
h1SMcT0013928.1      -            524 226941at33208        -            400  2.3e-157  525.2  35.2   2   3   3.4e-61     1e-57  197.1   9.9   203   378   265   453   261   460 0.89 transcript=h1SMcT0013928.1 gene=h1SMcG0013928
h1SMcT0013928.1      -            524 226941at33208        -            400  2.3e-157  525.2  35.2   3   3   3.9e-05      0.12   12.5   0.7   375   395   481   501   478   505 0.89 transcript=h1SMcT0013928.1 gene=h1SMcG0013928
h1SMcT0013928.3      -            524 226941at33208        -            400  2.3e-157  525.2  35.2   1   3  1.7e-100   5.2e-97  326.5  10.1     2   203    35   243    34   247 0.95 transcript=h1SMcT0013928.3 gene=h1SMcG0013928
h1SMcT0013928.3      -            524 226941at33208        -            400  2.3e-157  525.2  35.2   2   3   3.4e-61     1e-57  197.1   9.9   203   378   265   453   261   460 0.89 transcript=h1SMcT0013928.3 gene=h1SMcG0013928
h1SMcT0013928.3      -            524 226941at33208        -            400  2.3e-157  525.2  35.2   3   3   3.9e-05      0.12   12.5   0.7   375   395   481   501   478   505 0.89 transcript=h1SMcT0013928.3 gene=h1SMcG0013928
h1SMcT0013928.2      -            462 226941at33208        -            400  1.2e-142  476.8  34.7   1   3   1.3e-85   3.9e-82  277.5   9.5    30   203     1   181     1   185 0.95 transcript=h1SMcT0013928.2 gene=h1SMcG0013928
h1SMcT0013928.2      -            462 226941at33208        -            400  1.2e-142  476.8  34.7   2   3   2.5e-61   7.8e-58  197.5   9.9   203   378   203   391   199   398 0.89 transcript=h1SMcT0013928.2 gene=h1SMcG0013928
h1SMcT0013928.2      -            462 226941at33208        -            400  1.2e-142  476.8  34.7   3   3   3.4e-05       0.1   12.7   0.7   375   395   419   439   416   443 0.89 transcript=h1SMcT0013928.2 gene=h1SMcG0013928
h1SMcT0001083.1      -            312 226941at33208        -            400   8.1e-13   49.3  21.3   1   2   5.2e-16   1.6e-12   48.3  16.8     6   160     5   153     1   185 0.77 transcript=h1SMcT0001083.1 gene=h1SMcG0001083
h1SMcT0001083.1      -            312 226941at33208        -            400   8.1e-13   49.3  21.3   2   2      0.03        92    3.0   0.1   248   275   278   305   269   312 0.85 transcript=h1SMcT0001083.1 gene=h1SMcG0001083
h1SMcT0006985.1      -            437 226941at33208        -            400   7.3e-10   39.5  31.6   1   1   1.1e-11   3.2e-08   34.1  31.6     7   369     9   388     3   409 0.62 transcript=h1SMcT0006985.1 gene=h1SMcG0006985
h1SMcT0001083.3      -            400 226941at33208        -            400   2.2e-06   28.0  31.3   1   1   7.3e-09   2.2e-05   24.8  31.3    19   390     4   378     1   386 0.67 transcript=h1SMcT0001083.3 gene=h1SMcG0001083
h1SMcT0001083.2      -            371 226941at33208        -            400    0.0003   21.1  29.6   1   1     1e-06    0.0031   17.7  29.6    46   390     3   349     1   357 0.64 transcript=h1SMcT0001083.2 gene=h1SMcG0001083
h1SMcT0001844.11     -            318 226941at33208        -            400   0.00059   20.1   1.0   1   1   2.8e-07   0.00084   19.6   1.0   167   283    97   213    92   229 0.92 transcript=h1SMcT0001844.11 gene=h1SMcG0001844
h1SMcT0001844.8      -            678 226941at33208        -            400     0.049   13.8   1.2   1   1   2.7e-05     0.083   13.0   1.2   167   237    88   158    80   177 0.91 transcript=h1SMcT0001844.8 gene=h1SMcG0001844
h1SMcT0001844.6      -            612 226941at33208        -            400      0.07   13.2   1.7   1   1   3.5e-05      0.11   12.6   1.7   167   237    97   167    92   186 0.91 transcript=h1SMcT0001844.6 gene=h1SMcG0001844
h1SMcT0001844.10     -            687 226941at33208        -            400     0.075   13.2   1.7   1   1   4.1e-05      0.13   12.4   1.7   167   237    97   167    92   186 0.91 transcript=h1SMcT0001844.10 gene=h1SMcG0001844
#
# Program:         hmmsearch
# Version:         3.4 (Aug 2023)
# Pipeline mode:   SEARCH
# Query file:      /users/40483456/busco_datasets/busco_downloads/lineages/metazoa_odb10/hmms/226941at33208.hmm
# Target file:     /users/40483456/protein/schmidtea_mediterranea.fa
# Option settings: hmmsearch --domtblout /users/40483456/busco/results_pro/schmidtea_mediterranea_busco/run_metazoa_odb10/hmmer_output/initial_run_results/226941at33208.out --cpu 1 /users/40483456/busco_datasets/busco_downloads/lineages/metazoa_odb10/hmms/226941at33208.hmm /users/40483456/protein/schmidtea_mediterranea.fa 
# Current dir:     /users/40483456
# Date:            Thu Jan 15 18:01:08 2026
# [ok]
