#                                                                            --- full sequence --- -------------- this domain -------------   hmm coord   ali coord   env coord
# target name        accession   tlen query name           accession   qlen   E-value  score  bias   #  of  c-Evalue  i-Evalue  score  bias  from    to  from    to  from    to  acc description of target
#------------------- ---------- ----- -------------------- ---------- ----- --------- ------ ----- --- --- --------- --------- ------ ----- ----- ----- ----- ----- ----- ----- ---- ---------------------
h1SMcT0020479.1      -            691 235149at33208        -            464   3.7e-85  287.3  46.2   1   2   4.1e-77   2.7e-73  248.2  33.9    10   425    32   565    14   574 0.77 transcript=h1SMcT0020479.1 gene=h1SMcG0020479
h1SMcT0020479.1      -            691 235149at33208        -            464   3.7e-85  287.3  46.2   2   2   4.8e-12   3.2e-08   33.6   4.3   414   463   591   648   585   649 0.81 transcript=h1SMcT0020479.1 gene=h1SMcG0020479
h1SMcT0020479.2      -            209 235149at33208        -            464   1.2e-19   71.3   9.3   1   2   1.3e-14   8.7e-11   42.1   0.0   336   426     4   100     1   109 0.81 transcript=h1SMcT0020479.2 gene=h1SMcG0020479
h1SMcT0020479.2      -            209 235149at33208        -            464   1.2e-19   71.3   9.3   2   2   7.2e-11   4.8e-07   29.8   6.7   414   451   125   165   119   172 0.86 transcript=h1SMcT0020479.2 gene=h1SMcG0020479
h1SMcT0010529.1      -           1016 235149at33208        -            464   1.5e-05   24.9   5.7   1   5      0.34   2.3e+03   -2.1   0.0   352   399    28    75    18    98 0.78 transcript=h1SMcT0010529.1 gene=h1SMcG0010529
h1SMcT0010529.1      -           1016 235149at33208        -            464   1.5e-05   24.9   5.7   2   5     0.076   5.1e+02    0.0   0.1   173   203    82   112    44   130 0.79 transcript=h1SMcT0010529.1 gene=h1SMcG0010529
h1SMcT0010529.1      -           1016 235149at33208        -            464   1.5e-05   24.9   5.7   3   5     0.021   1.4e+02    1.9   0.0   167   210   144   184   141   198 0.82 transcript=h1SMcT0010529.1 gene=h1SMcG0010529
h1SMcT0010529.1      -           1016 235149at33208        -            464   1.5e-05   24.9   5.7   4   5   9.2e-08   0.00061   19.5   1.9    79   203   255   384   223   393 0.81 transcript=h1SMcT0010529.1 gene=h1SMcG0010529
h1SMcT0010529.1      -           1016 235149at33208        -            464   1.5e-05   24.9   5.7   5   5      0.08   5.4e+02   -0.1   0.0   170   202   419   451   408   456 0.87 transcript=h1SMcT0010529.1 gene=h1SMcG0010529
h1SMcT0012292.1      -           1043 235149at33208        -            464    0.0029   17.3   9.8   1   4     0.097   6.5e+02   -0.3   0.0   168   202    79   113    30   116 0.69 transcript=h1SMcT0012292.1 gene=h1SMcG0012292
h1SMcT0012292.1      -           1043 235149at33208        -            464    0.0029   17.3   9.8   2   4     0.044   2.9e+02    0.8   0.0   168   205   147   184   143   201 0.82 transcript=h1SMcT0012292.1 gene=h1SMcG0012292
h1SMcT0012292.1      -           1043 235149at33208        -            464    0.0029   17.3   9.8   3   4   6.4e-06     0.043   13.5   3.7    82   203   260   386   249   403 0.75 transcript=h1SMcT0012292.1 gene=h1SMcG0012292
h1SMcT0012292.1      -           1043 235149at33208        -            464    0.0029   17.3   9.8   4   4     0.018   1.2e+02    2.1   0.1   170   206   421   457   407   536 0.69 transcript=h1SMcT0012292.1 gene=h1SMcG0012292
h1SMcT0020622.2      -            328 235149at33208        -            464      0.15   11.7   0.3   1   1   3.1e-05      0.21   11.2   0.3     5    96    14   110    11   121 0.81 transcript=h1SMcT0020622.2 gene=h1SMcG0020622
#
# Program:         hmmsearch
# Version:         3.4 (Aug 2023)
# Pipeline mode:   SEARCH
# Query file:      /users/40483456/busco_datasets/busco_downloads/lineages/metazoa_odb10/hmms/235149at33208.hmm
# Target file:     /users/40483456/protein/schmidtea_mediterranea.fa
# Option settings: hmmsearch --domtblout /users/40483456/busco/results_pro/schmidtea_mediterranea_busco/run_metazoa_odb10/hmmer_output/initial_run_results/235149at33208.out --cpu 1 /users/40483456/busco_datasets/busco_downloads/lineages/metazoa_odb10/hmms/235149at33208.hmm /users/40483456/protein/schmidtea_mediterranea.fa 
# Current dir:     /users/40483456
# Date:            Thu Jan 15 18:01:15 2026
# [ok]
