#                                                                            --- full sequence --- -------------- this domain -------------   hmm coord   ali coord   env coord
# target name        accession   tlen query name           accession   qlen   E-value  score  bias   #  of  c-Evalue  i-Evalue  score  bias  from    to  from    to  from    to  acc description of target
#------------------- ---------- ----- -------------------- ---------- ----- --------- ------ ----- --- --- --------- --------- ------ ----- ----- ----- ----- ----- ----- ----- ---- ---------------------
h1SMcT0003774.2      -            890 268397at33208        -            615  9.8e-170  566.8  38.0   1   5   2.3e-82   2.6e-78  264.9  20.2    13   319    40   398    28   410 0.79 transcript=h1SMcT0003774.2 gene=h1SMcG0003774
h1SMcT0003774.2      -            890 268397at33208        -            615  9.8e-170  566.8  38.0   2   5   1.1e-06     0.013   14.8   0.0   318   351   441   475   433   484 0.83 transcript=h1SMcT0003774.2 gene=h1SMcG0003774
h1SMcT0003774.2      -            890 268397at33208        -            615  9.8e-170  566.8  38.0   3   5   3.2e-15   3.6e-11   43.1   0.1   351   407   512   568   508   575 0.93 transcript=h1SMcT0003774.2 gene=h1SMcG0003774
h1SMcT0003774.2      -            890 268397at33208        -            615  9.8e-170  566.8  38.0   4   5   2.2e-74   2.4e-70  238.5   0.8   373   598   577   811   571   816 0.88 transcript=h1SMcT0003774.2 gene=h1SMcG0003774
h1SMcT0003774.2      -            890 268397at33208        -            615  9.8e-170  566.8  38.0   5   5    0.0015        17    4.5   0.1   594   615   829   851   826   851 0.88 transcript=h1SMcT0003774.2 gene=h1SMcG0003774
h1SMcT0003774.1      -            760 268397at33208        -            615  1.4e-140  470.6  32.4   1   5   8.1e-53     9e-49  167.3  14.6   101   319     1   268     1   280 0.75 transcript=h1SMcT0003774.1 gene=h1SMcG0003774
h1SMcT0003774.1      -            760 268397at33208        -            615  1.4e-140  470.6  32.4   2   5   9.6e-07     0.011   15.1   0.0   318   351   311   345   303   354 0.83 transcript=h1SMcT0003774.1 gene=h1SMcG0003774
h1SMcT0003774.1      -            760 268397at33208        -            615  1.4e-140  470.6  32.4   3   5   2.6e-15   2.9e-11   43.4   0.1   351   407   382   438   378   445 0.93 transcript=h1SMcT0003774.1 gene=h1SMcG0003774
h1SMcT0003774.1      -            760 268397at33208        -            615  1.4e-140  470.6  32.4   4   5   1.6e-74   1.8e-70  239.0   0.8   373   598   447   681   441   686 0.88 transcript=h1SMcT0003774.1 gene=h1SMcG0003774
h1SMcT0003774.1      -            760 268397at33208        -            615  1.4e-140  470.6  32.4   5   5    0.0013        14    4.8   0.1   594   615   699   721   696   721 0.88 transcript=h1SMcT0003774.1 gene=h1SMcG0003774
h1SMcT0008789.1      -            277 268397at33208        -            615      0.63    9.3   3.1   1   3     0.013   1.4e+02    1.5   0.1   123   183    42   102    26   116 0.54 transcript=h1SMcT0008789.1 gene=h1SMcG0008789
h1SMcT0008789.1      -            277 268397at33208        -            615      0.63    9.3   3.1   2   3    0.0041        46    3.1   0.2   127   183    94   150    73   171 0.47 transcript=h1SMcT0008789.1 gene=h1SMcG0008789
h1SMcT0008789.1      -            277 268397at33208        -            615      0.63    9.3   3.1   3   3    0.0018        20    4.3   0.1   122   199   185   262   175   275 0.82 transcript=h1SMcT0008789.1 gene=h1SMcG0008789
#
# Program:         hmmsearch
# Version:         3.4 (Aug 2023)
# Pipeline mode:   SEARCH
# Query file:      /users/40483456/busco_datasets/busco_downloads/lineages/metazoa_odb10/hmms/268397at33208.hmm
# Target file:     /users/40483456/protein/schmidtea_mediterranea.fa
# Option settings: hmmsearch --domtblout /users/40483456/busco/results_pro/schmidtea_mediterranea_busco/run_metazoa_odb10/hmmer_output/initial_run_results/268397at33208.out --cpu 1 /users/40483456/busco_datasets/busco_downloads/lineages/metazoa_odb10/hmms/268397at33208.hmm /users/40483456/protein/schmidtea_mediterranea.fa 
# Current dir:     /users/40483456
# Date:            Thu Jan 15 18:01:15 2026
# [ok]
