#                                                                            --- full sequence --- -------------- this domain -------------   hmm coord   ali coord   env coord
# target name        accession   tlen query name           accession   qlen   E-value  score  bias   #  of  c-Evalue  i-Evalue  score  bias  from    to  from    to  from    to  acc description of target
#------------------- ---------- ----- -------------------- ---------- ----- --------- ------ ----- --- --- --------- --------- ------ ----- ----- ----- ----- ----- ----- ----- ---- ---------------------
h1SMcT0022755.1      -            651 280914at33208        -            518   1.4e-53  183.3  17.5   1   2   1.4e-53   3.2e-50  172.1  11.5    10   400    34   507    18   511 0.75 transcript=h1SMcT0022755.1 gene=h1SMcG0022755
h1SMcT0022755.1      -            651 280914at33208        -            518   1.4e-53  183.3  17.5   2   2   9.1e-06     0.022   14.3   0.3   408   509   538   634   522   647 0.72 transcript=h1SMcT0022755.1 gene=h1SMcG0022755
h1SMcT0020362.1      -            664 280914at33208        -            518   1.4e-53  183.2  17.7   1   2   1.2e-53   2.8e-50  172.3  11.4    10   400    47   520    30   527 0.75 transcript=h1SMcT0020362.1 gene=h1SMcG0020362
h1SMcT0020362.1      -            664 280914at33208        -            518   1.4e-53  183.2  17.7   2   2   8.7e-06     0.021   14.4   0.4   408   509   551   647   535   660 0.72 transcript=h1SMcT0020362.1 gene=h1SMcG0020362
h1SMcT0019966.2      -            654 280914at33208        -            518   7.2e-23   81.9  11.3   1   2   0.00037      0.87    9.0   0.3     7    78    25   105    21   121 0.67 transcript=h1SMcT0019966.2 gene=h1SMcG0019966
h1SMcT0019966.2      -            654 280914at33208        -            518   7.2e-23   81.9  11.3   2   2     2e-24   4.8e-21   75.9   5.5   101   401   156   488   133   507 0.78 transcript=h1SMcT0019966.2 gene=h1SMcG0019966
h1SMcT0019967.1      -            666 280914at33208        -            518   1.5e-22   80.9   8.7   1   2     4e-07   0.00096   18.8   0.4     9    78    32   111    24   130 0.71 transcript=h1SMcT0019967.1 gene=h1SMcG0019967
h1SMcT0019967.1      -            666 280914at33208        -            518   1.5e-22   80.9   8.7   2   2   2.4e-21   5.7e-18   65.8   2.5    94   258   158   357   142   503 0.80 transcript=h1SMcT0019967.1 gene=h1SMcG0019967
h1SMcT0019968.1      -            677 280914at33208        -            518   5.6e-22   79.0  11.9   1   3   1.7e-07    0.0004   20.1   0.1    10    78    42   120    34   127 0.76 transcript=h1SMcT0019968.1 gene=h1SMcG0019968
h1SMcT0019968.1      -            677 280914at33208        -            518   5.6e-22   79.0  11.9   2   3   1.3e-20   3.2e-17   63.3   4.9    94   265   167   373   152   511 0.72 transcript=h1SMcT0019968.1 gene=h1SMcG0019968
h1SMcT0019968.1      -            677 280914at33208        -            518   5.6e-22   79.0  11.9   3   3         3   7.1e+03   -3.9   0.0   419   455   560   597   537   604 0.59 transcript=h1SMcT0019968.1 gene=h1SMcG0019968
h1SMcT0019965.2      -            656 280914at33208        -            518   2.9e-16   60.1  22.9   1   2   8.6e-19   2.1e-15   57.3  22.9     9   366    31   447    24   481 0.70 transcript=h1SMcT0019965.2 gene=h1SMcG0019965
h1SMcT0019965.2      -            656 280914at33208        -            518   2.9e-16   60.1  22.9   2   2      0.33   7.9e+02   -0.7   0.0   410   492   527   617   516   640 0.61 transcript=h1SMcT0019965.2 gene=h1SMcG0019965
h1SMcT0019966.1      -            260 280914at33208        -            518   1.6e-15   57.6   4.7   1   1   8.9e-19   2.1e-15   57.3   4.7   147   353    32   255    20   259 0.72 transcript=h1SMcT0019966.1 gene=h1SMcG0019966
h1SMcT0019965.1      -            606 280914at33208        -            518     2e-15   57.3  18.3   1   3   1.9e-07   0.00045   19.9   1.1     9    78    31   107    24   169 0.66 transcript=h1SMcT0019965.1 gene=h1SMcG0019965
h1SMcT0019965.1      -            606 280914at33208        -            518     2e-15   57.3  18.3   2   3   1.1e-13   2.5e-10   40.5  10.4   149   366   166   397   162   433 0.72 transcript=h1SMcT0019965.1 gene=h1SMcG0019965
h1SMcT0019965.1      -            606 280914at33208        -            518     2e-15   57.3  18.3   3   3      0.29   6.8e+02   -0.5   0.0   409   492   476   567   465   590 0.62 transcript=h1SMcT0019965.1 gene=h1SMcG0019965
h1SMcT0011002.3      -            303 280914at33208        -            518   1.9e-14   54.1   1.1   1   2   1.2e-10   2.9e-07   30.4   0.5     7    79    35   116    30   145 0.81 transcript=h1SMcT0011002.3 gene=h1SMcG0011002
h1SMcT0011002.3      -            303 280914at33208        -            518   1.9e-14   54.1   1.1   2   2   3.4e-08   8.2e-05   22.3   0.0   148   215   228   300   219   303 0.84 transcript=h1SMcT0011002.3 gene=h1SMcG0011002
h1SMcT0019965.3      -            541 280914at33208        -            518     2e-12   47.4  11.8   1   2   1.6e-14   3.7e-11   43.3   8.3     9   211    31   283    24   289 0.73 transcript=h1SMcT0019965.3 gene=h1SMcG0019965
h1SMcT0019965.3      -            541 280914at33208        -            518     2e-12   47.4  11.8   2   2     0.007        17    4.8   0.1   327   492   340   502   286   525 0.70 transcript=h1SMcT0019965.3 gene=h1SMcG0019965
h1SMcT0019965.4      -            582 280914at33208        -            518   3.7e-12   46.6   8.0   1   2   1.5e-14   3.5e-11   43.3   8.0     9   211    31   283    24   287 0.73 transcript=h1SMcT0019965.4 gene=h1SMcG0019965
h1SMcT0019965.4      -            582 280914at33208        -            518   3.7e-12   46.6   8.0   2   2      0.27   6.6e+02   -0.4   0.0   410   492   453   543   442   566 0.61 transcript=h1SMcT0019965.4 gene=h1SMcG0019965
h1SMcT0019965.5      -            532 280914at33208        -            518   8.9e-11   42.0   5.2   1   3   1.6e-07   0.00038   20.1   1.0     9    78    31   107    24   166 0.67 transcript=h1SMcT0019965.5 gene=h1SMcG0019965
h1SMcT0019965.5      -            532 280914at33208        -            518   8.9e-11   42.0   5.2   2   3   5.5e-08   0.00013   21.7   0.2   149   211   166   233   161   237 0.87 transcript=h1SMcT0019965.5 gene=h1SMcG0019965
h1SMcT0019965.5      -            532 280914at33208        -            518   8.9e-11   42.0   5.2   3   3      0.23   5.6e+02   -0.2   0.0   409   492   402   493   391   516 0.62 transcript=h1SMcT0019965.5 gene=h1SMcG0019965
h1SMcT0011002.2      -            655 280914at33208        -            518   2.5e-10   40.5  17.2   1   3   4.7e-10   1.1e-06   28.5   0.5     7    79    35   116    30   143 0.82 transcript=h1SMcT0011002.2 gene=h1SMcG0011002
h1SMcT0011002.2      -            655 280914at33208        -            518   2.5e-10   40.5  17.2   2   3   1.1e-07   0.00026   20.7   5.0   148   398   228   495   222   505 0.73 transcript=h1SMcT0011002.2 gene=h1SMcG0011002
h1SMcT0011002.2      -            655 280914at33208        -            518   2.5e-10   40.5  17.2   3   3       3.3   7.9e+03   -4.0   0.2   485   508   610   636   607   646 0.66 transcript=h1SMcT0011002.2 gene=h1SMcG0011002
h1SMcT0011002.1      -            230 280914at33208        -            518   1.2e-07   31.7   0.5   1   1   6.8e-11   1.6e-07   31.2   0.5     7    79    35   116    30   145 0.81 transcript=h1SMcT0011002.1 gene=h1SMcG0011002
#
# Program:         hmmsearch
# Version:         3.4 (Aug 2023)
# Pipeline mode:   SEARCH
# Query file:      /users/40483456/busco_datasets/busco_downloads/lineages/metazoa_odb10/hmms/280914at33208.hmm
# Target file:     /users/40483456/protein/schmidtea_mediterranea.fa
# Option settings: hmmsearch --domtblout /users/40483456/busco/results_pro/schmidtea_mediterranea_busco/run_metazoa_odb10/hmmer_output/initial_run_results/280914at33208.out --cpu 1 /users/40483456/busco_datasets/busco_downloads/lineages/metazoa_odb10/hmms/280914at33208.hmm /users/40483456/protein/schmidtea_mediterranea.fa 
# Current dir:     /users/40483456
# Date:            Thu Jan 15 18:01:29 2026
# [ok]
