#                                                                            --- full sequence --- -------------- this domain -------------   hmm coord   ali coord   env coord
# target name        accession   tlen query name           accession   qlen   E-value  score  bias   #  of  c-Evalue  i-Evalue  score  bias  from    to  from    to  from    to  acc description of target
#------------------- ---------- ----- -------------------- ---------- ----- --------- ------ ----- --- --- --------- --------- ------ ----- ----- ----- ----- ----- ----- ----- ---- ---------------------
h1SMcT0013659.1      -            683 300303at33208        -            423     5e-32  112.4   7.1   1   2   9.1e-14   7.6e-10   39.3   3.5     2   204     9   274     8   279 0.61 transcript=h1SMcT0013659.1 gene=h1SMcG0013659
h1SMcT0013659.1      -            683 300303at33208        -            423     5e-32  112.4   7.1   2   2   4.7e-23   3.9e-19   69.9   0.1   202   386   300   530   296   536 0.75 transcript=h1SMcT0013659.1 gene=h1SMcG0013659
h1SMcT0013659.3      -            610 300303at33208        -            423   4.3e-26   92.8   1.7   1   2   8.4e-08   0.00071   19.6   0.2   155   204   146   201    12   206 0.61 transcript=h1SMcT0013659.3 gene=h1SMcG0013659
h1SMcT0013659.3      -            610 300303at33208        -            423   4.3e-26   92.8   1.7   2   2   3.7e-23   3.1e-19   70.2   0.1   202   386   227   457   223   463 0.75 transcript=h1SMcT0013659.3 gene=h1SMcG0013659
h1SMcT0013659.4      -            611 300303at33208        -            423   4.6e-26   92.7   1.7   1   2   1.2e-07   0.00097   19.2   0.2   160   204   157   202    12   207 0.69 transcript=h1SMcT0013659.4 gene=h1SMcG0013659
h1SMcT0013659.4      -            611 300303at33208        -            423   4.6e-26   92.7   1.7   2   2   3.7e-23   3.1e-19   70.2   0.1   202   386   228   458   224   464 0.75 transcript=h1SMcT0013659.4 gene=h1SMcG0013659
h1SMcT0013659.2      -            282 300303at33208        -            423   5.5e-07   29.8   0.0   1   1   9.2e-11   7.7e-07   29.4   0.0   280   387     2   130     1   135 0.78 transcript=h1SMcT0013659.2 gene=h1SMcG0013659
#
# Program:         hmmsearch
# Version:         3.4 (Aug 2023)
# Pipeline mode:   SEARCH
# Query file:      /users/40483456/busco_datasets/busco_downloads/lineages/metazoa_odb10/hmms/300303at33208.hmm
# Target file:     /users/40483456/protein/schmidtea_mediterranea.fa
# Option settings: hmmsearch --domtblout /users/40483456/busco/results_pro/schmidtea_mediterranea_busco/run_metazoa_odb10/hmmer_output/initial_run_results/300303at33208.out --cpu 1 /users/40483456/busco_datasets/busco_downloads/lineages/metazoa_odb10/hmms/300303at33208.hmm /users/40483456/protein/schmidtea_mediterranea.fa 
# Current dir:     /users/40483456
# Date:            Thu Jan 15 18:01:14 2026
# [ok]
