#                                                                            --- full sequence --- -------------- this domain -------------   hmm coord   ali coord   env coord
# target name        accession   tlen query name           accession   qlen   E-value  score  bias   #  of  c-Evalue  i-Evalue  score  bias  from    to  from    to  from    to  acc description of target
#------------------- ---------- ----- -------------------- ---------- ----- --------- ------ ----- --- --- --------- --------- ------ ----- ----- ----- ----- ----- ----- ----- ---- ---------------------
h1SMcT0014963.1      -           1509 303117at33208        -            343   4.9e-86  289.9   0.0   1   4   2.5e-21   5.1e-19   69.5   0.0    19   169   363   518   346   527 0.81 transcript=h1SMcT0014963.1 gene=h1SMcG0014963
h1SMcT0014963.1      -           1509 303117at33208        -            343   4.9e-86  289.9   0.0   2   4   1.2e-22   2.6e-20   73.8   0.0   250   319   647   716   640   737 0.90 transcript=h1SMcT0014963.1 gene=h1SMcG0014963
h1SMcT0014963.1      -           1509 303117at33208        -            343   4.9e-86  289.9   0.0   3   4   4.1e-19   8.4e-17   62.3   0.0    25   168   982  1130   975  1136 0.83 transcript=h1SMcT0014963.1 gene=h1SMcG0014963
h1SMcT0014963.1      -           1509 303117at33208        -            343   4.9e-86  289.9   0.0   4   4   5.7e-24   1.2e-21   78.2   0.0   249   319  1257  1327  1192  1344 0.82 transcript=h1SMcT0014963.1 gene=h1SMcG0014963
h1SMcT0009222.1      -            534 303117at33208        -            343   4.3e-85  286.8   7.7   1   3     5e-54     1e-51  177.0   1.0     3   172    67   263    65   273 0.81 transcript=h1SMcT0009222.1 gene=h1SMcG0009222
h1SMcT0009222.1      -            534 303117at33208        -            343   4.3e-85  286.8   7.7   2   3   8.6e-06    0.0018   18.4   0.1   169   202   293   326   288   333 0.89 transcript=h1SMcT0009222.1 gene=h1SMcG0009222
h1SMcT0009222.1      -            534 303117at33208        -            343   4.3e-85  286.8   7.7   3   3   1.4e-28   2.9e-26   93.4   0.1   218   319   371   479   364   496 0.90 transcript=h1SMcT0009222.1 gene=h1SMcG0009222
h1SMcT0009221.2      -            539 303117at33208        -            343   4.7e-85  286.7   7.8   1   3   5.1e-54     1e-51  177.0   1.0     3   172    67   263    65   274 0.81 transcript=h1SMcT0009221.2 gene=h1SMcG0009221
h1SMcT0009221.2      -            539 303117at33208        -            343   4.7e-85  286.7   7.8   2   3   8.7e-06    0.0018   18.4   0.1   169   202   293   326   288   333 0.89 transcript=h1SMcT0009221.2 gene=h1SMcG0009221
h1SMcT0009221.2      -            539 303117at33208        -            343   4.7e-85  286.7   7.8   3   3   1.4e-28   2.9e-26   93.3   0.1   218   319   371   479   364   496 0.90 transcript=h1SMcT0009221.2 gene=h1SMcG0009221
h1SMcT0002853.2      -            434 303117at33208        -            343   4.7e-64  217.6   5.3   1   2     8e-38   1.6e-35  123.8   2.1    22   225    15   235    12   244 0.84 transcript=h1SMcT0002853.2 gene=h1SMcG0002853
h1SMcT0002853.2      -            434 303117at33208        -            343   4.7e-64  217.6   5.3   2   2   2.1e-28   4.3e-26   92.8   0.1   220   321   252   359   249   371 0.87 transcript=h1SMcT0002853.2 gene=h1SMcG0002853
h1SMcT0009221.1      -            374 303117at33208        -            343     2e-63  215.6   3.7   1   3   3.7e-31   7.7e-29  101.8   0.1    81   172    11   103     3   117 0.91 transcript=h1SMcT0009221.1 gene=h1SMcG0009221
h1SMcT0009221.1      -            374 303117at33208        -            343     2e-63  215.6   3.7   2   3   5.4e-06    0.0011   19.1   0.1   169   202   133   166   128   173 0.89 transcript=h1SMcT0009221.1 gene=h1SMcG0009221
h1SMcT0009221.1      -            374 303117at33208        -            343     2e-63  215.6   3.7   3   3   7.2e-29   1.5e-26   94.3   0.1   218   319   211   319   203   337 0.90 transcript=h1SMcT0009221.1 gene=h1SMcG0009221
h1SMcT0019869.1      -            750 303117at33208        -            343   4.6e-61  207.8   1.3   1   1   3.4e-62   7.1e-60  203.9   1.3     3   318   231   599   229   610 0.77 transcript=h1SMcT0019869.1 gene=h1SMcG0019869
h1SMcT0002751.1      -            527 303117at33208        -            343   7.5e-60  203.8   0.6   1   2   5.5e-38   1.1e-35  124.3   1.4    21   210    25   218    13   258 0.79 transcript=h1SMcT0002751.1 gene=h1SMcG0002751
h1SMcT0002751.1      -            527 303117at33208        -            343   7.5e-60  203.8   0.6   2   2   4.7e-23   9.8e-21   75.2   0.0   220   318   295   399   287   415 0.81 transcript=h1SMcT0002751.1 gene=h1SMcG0002751
h1SMcT0009699.1      -            451 303117at33208        -            343   2.5e-59  202.1   2.6   1   2   4.4e-33   9.2e-31  108.2   0.1    32   216    21   225     8   237 0.81 transcript=h1SMcT0009699.1 gene=h1SMcG0009699
h1SMcT0009699.1      -            451 303117at33208        -            343   2.5e-59  202.1   2.6   2   2   3.9e-28   8.2e-26   91.9   0.4   220   338   267   389   264   392 0.85 transcript=h1SMcT0009699.1 gene=h1SMcG0009699
h1SMcT0016440.1      -            547 303117at33208        -            343     2e-56  192.5   0.1   1   2   1.3e-35   2.7e-33  116.5   0.0    23   200   132   314   116   330 0.89 transcript=h1SMcT0016440.1 gene=h1SMcG0016440
h1SMcT0016440.1      -            547 303117at33208        -            343     2e-56  192.5   0.1   2   2   1.2e-22   2.4e-20   73.9   0.0   218   318   368   474   348   483 0.82 transcript=h1SMcT0016440.1 gene=h1SMcG0016440
h1SMcT0005461.1      -            426 303117at33208        -            343     1e-54  187.0   2.1   1   2   3.9e-31   8.1e-29  101.8   0.1    21   169    17   170    11   201 0.86 transcript=h1SMcT0005461.1 gene=h1SMcG0005461
h1SMcT0005461.1      -            426 303117at33208        -            343     1e-54  187.0   2.1   2   2   5.7e-26   1.2e-23   84.8   0.2   222   325   270   379   240   392 0.88 transcript=h1SMcT0005461.1 gene=h1SMcG0005461
h1SMcT0005461.2      -            480 303117at33208        -            343   1.6e-54  186.3   2.1   1   2     5e-31     1e-28  101.4   0.1    21   169    17   170    11   201 0.86 transcript=h1SMcT0005461.2 gene=h1SMcG0005461
h1SMcT0005461.2      -            480 303117at33208        -            343   1.6e-54  186.3   2.1   2   2   7.1e-26   1.5e-23   84.5   0.2   222   325   270   379   240   392 0.88 transcript=h1SMcT0005461.2 gene=h1SMcG0005461
h1SMcT0016303.1      -            930 303117at33208        -            343   1.6e-53  183.0   0.0   1   2   1.2e-32   2.4e-30  106.8   0.0    23   169   501   656   492   694 0.84 transcript=h1SMcT0016303.1 gene=h1SMcG0016303
h1SMcT0016303.1      -            930 303117at33208        -            343   1.6e-53  183.0   0.0   2   2   1.1e-22   2.3e-20   74.0   0.0   249   325   778   854   731   869 0.81 transcript=h1SMcT0016303.1 gene=h1SMcG0016303
h1SMcT0016303.3      -            944 303117at33208        -            343   1.7e-53  182.9   0.0   1   2   1.2e-32   2.5e-30  106.7   0.0    23   169   515   670   506   708 0.84 transcript=h1SMcT0016303.3 gene=h1SMcG0016303
h1SMcT0016303.3      -            944 303117at33208        -            343   1.7e-53  182.9   0.0   2   2   1.1e-22   2.3e-20   74.0   0.0   249   325   792   868   745   883 0.81 transcript=h1SMcT0016303.3 gene=h1SMcG0016303
h1SMcT0016303.2      -            950 303117at33208        -            343   1.7e-53  182.9   0.0   1   2   1.2e-32   2.5e-30  106.7   0.0    23   169   521   676   512   714 0.84 transcript=h1SMcT0016303.2 gene=h1SMcG0016303
h1SMcT0016303.2      -            950 303117at33208        -            343   1.7e-53  182.9   0.0   2   2   1.1e-22   2.3e-20   73.9   0.0   249   325   798   874   751   889 0.81 transcript=h1SMcT0016303.2 gene=h1SMcG0016303
h1SMcT0006524.6      -            515 303117at33208        -            343     3e-52  178.8   0.0   1   2   1.2e-26   2.4e-24   87.1   0.0    27   169   171   318   161   353 0.88 transcript=h1SMcT0006524.6 gene=h1SMcG0006524
h1SMcT0006524.6      -            515 303117at33208        -            343     3e-52  178.8   0.0   2   2   2.1e-27   4.3e-25   89.5   0.0   219   319   399   505   372   512 0.86 transcript=h1SMcT0006524.6 gene=h1SMcG0006524
h1SMcT0006524.5      -            690 303117at33208        -            343   3.6e-52  178.6   0.0   1   2     2e-26     4e-24   86.3   0.0    28   169   172   318   161   356 0.88 transcript=h1SMcT0006524.5 gene=h1SMcG0006524
h1SMcT0006524.5      -            690 303117at33208        -            343   3.6e-52  178.6   0.0   2   2   1.5e-27     3e-25   90.0   0.0   219   321   399   507   374   528 0.82 transcript=h1SMcT0006524.5 gene=h1SMcG0006524
h1SMcT0021675.1      -            737 303117at33208        -            343   4.2e-52  178.3   0.4   1   1   3.4e-53   7.1e-51  174.3   0.4    22   326   257   602   254   618 0.78 transcript=h1SMcT0021675.1 gene=h1SMcG0021675
h1SMcT0003895.1      -            795 303117at33208        -            343   5.7e-52  177.9   0.1   1   1   4.9e-52     1e-49  170.5   0.1    34   318   207   541   193   565 0.75 transcript=h1SMcT0003895.1 gene=h1SMcG0003895
h1SMcT0007150.2      -            471 303117at33208        -            343     1e-51  177.1   0.1   1   3   6.8e-25   1.4e-22   81.3   0.0    37   168    26   162     9   168 0.88 transcript=h1SMcT0007150.2 gene=h1SMcG0007150
h1SMcT0007150.2      -            471 303117at33208        -            343     1e-51  177.1   0.1   2   3    0.0058       1.2    9.1   0.1   171   212   198   239   191   255 0.86 transcript=h1SMcT0007150.2 gene=h1SMcG0007150
h1SMcT0007150.2      -            471 303117at33208        -            343     1e-51  177.1   0.1   3   3   2.1e-25   4.3e-23   83.0   0.0   220   322   284   392   265   401 0.86 transcript=h1SMcT0007150.2 gene=h1SMcG0007150
h1SMcT0006517.1      -            446 303117at33208        -            343   2.1e-51  176.0   0.1   1   2   1.5e-28   3.1e-26   93.3   0.0    22   169    23   175    14   210 0.90 transcript=h1SMcT0006517.1 gene=h1SMcG0006517
h1SMcT0006517.1      -            446 303117at33208        -            343   2.1e-51  176.0   0.1   2   2     1e-24   2.1e-22   80.7   0.1   220   337   257   381   233   386 0.79 transcript=h1SMcT0006517.1 gene=h1SMcG0006517
h1SMcT0009318.4      -            963 303117at33208        -            343   2.7e-51  175.7   0.0   1   1   1.3e-52   2.8e-50  172.3   0.0    21   318   298   640   292   651 0.80 transcript=h1SMcT0009318.4 gene=h1SMcG0009318
h1SMcT0009318.3      -            964 303117at33208        -            343   2.7e-51  175.7   0.0   1   1   1.3e-52   2.8e-50  172.3   0.0    21   318   299   641   293   652 0.80 transcript=h1SMcT0009318.3 gene=h1SMcG0009318
h1SMcT0009318.2      -            993 303117at33208        -            343     3e-51  175.5   0.0   1   1   1.4e-52   2.9e-50  172.3   0.0    21   318   328   670   323   683 0.80 transcript=h1SMcT0009318.2 gene=h1SMcG0009318
h1SMcT0006518.1      -            497 303117at33208        -            343   3.2e-51  175.4   0.1   1   2   1.9e-28   3.8e-26   93.0   0.0    22   169    74   226    65   261 0.90 transcript=h1SMcT0006518.1 gene=h1SMcG0006518
h1SMcT0006518.1      -            497 303117at33208        -            343   3.2e-51  175.4   0.1   2   2   1.2e-24   2.5e-22   80.4   0.1   220   337   308   432   284   437 0.79 transcript=h1SMcT0006518.1 gene=h1SMcG0006518
h1SMcT0021054.1      -            719 303117at33208        -            343   5.3e-50  171.4   0.0   1   3   3.8e-31   7.7e-29  101.8   0.0    24   168   152   305   144   309 0.86 transcript=h1SMcT0021054.1 gene=h1SMcG0021054
h1SMcT0021054.1      -            719 303117at33208        -            343   5.3e-50  171.4   0.0   2   3     0.044       9.1    6.2   0.0   164   194   322   352   314   365 0.91 transcript=h1SMcT0021054.1 gene=h1SMcG0021054
h1SMcT0021054.1      -            719 303117at33208        -            343   5.3e-50  171.4   0.0   3   3   3.5e-18   7.3e-16   59.2   0.0   252   333   473   551   467   560 0.91 transcript=h1SMcT0021054.1 gene=h1SMcG0021054
h1SMcT0021675.2      -            615 303117at33208        -            343   1.5e-49  169.9   0.2   1   1   1.5e-50   3.1e-48  165.6   0.2    40   326   153   480   145   497 0.77 transcript=h1SMcT0021675.2 gene=h1SMcG0021675
h1SMcT0010144.2      -            548 303117at33208        -            343   1.5e-49  169.9   0.0   1   2   7.6e-28   1.6e-25   90.9   0.0    26   168   126   280   118   285 0.83 transcript=h1SMcT0010144.2 gene=h1SMcG0010144
h1SMcT0010144.2      -            548 303117at33208        -            343   1.5e-49  169.9   0.0   2   2   4.7e-23   9.7e-21   75.2   0.0   221   318   368   471   283   494 0.73 transcript=h1SMcT0010144.2 gene=h1SMcG0010144
h1SMcT0010144.3      -            548 303117at33208        -            343   1.5e-49  169.9   0.0   1   2   7.6e-28   1.6e-25   90.9   0.0    26   168   126   280   118   285 0.83 transcript=h1SMcT0010144.3 gene=h1SMcG0010144
h1SMcT0010144.3      -            548 303117at33208        -            343   1.5e-49  169.9   0.0   2   2   4.7e-23   9.7e-21   75.2   0.0   221   318   368   471   283   494 0.73 transcript=h1SMcT0010144.3 gene=h1SMcG0010144
h1SMcT0004622.2      -            635 303117at33208        -            343   3.6e-49  168.7   0.0   1   2   2.5e-29   5.3e-27   95.8   0.0    22   168    58   209    54   217 0.90 transcript=h1SMcT0004622.2 gene=h1SMcG0004622
h1SMcT0004622.2      -            635 303117at33208        -            343   3.6e-49  168.7   0.0   2   2   2.3e-21   4.8e-19   69.6   0.0   250   318   340   408   305   424 0.88 transcript=h1SMcT0004622.2 gene=h1SMcG0004622
h1SMcT0004622.1      -            642 303117at33208        -            343   3.8e-49  168.6   0.0   1   2   2.6e-29   5.4e-27   95.8   0.0    22   168    65   216    61   224 0.90 transcript=h1SMcT0004622.1 gene=h1SMcG0004622
h1SMcT0004622.1      -            642 303117at33208        -            343   3.8e-49  168.6   0.0   2   2   2.4e-21   4.9e-19   69.6   0.0   250   318   347   415   312   431 0.88 transcript=h1SMcT0004622.1 gene=h1SMcG0004622
h1SMcT0004622.3      -            642 303117at33208        -            343   3.8e-49  168.6   0.0   1   2   2.6e-29   5.4e-27   95.8   0.0    22   168    65   216    61   224 0.90 transcript=h1SMcT0004622.3 gene=h1SMcG0004622
h1SMcT0004622.3      -            642 303117at33208        -            343   3.8e-49  168.6   0.0   2   2   2.4e-21   4.9e-19   69.6   0.0   250   318   347   415   312   431 0.88 transcript=h1SMcT0004622.3 gene=h1SMcG0004622
h1SMcT0010144.4      -            487 303117at33208        -            343   4.4e-49  168.4   0.0   1   2   6.1e-28   1.3e-25   91.3   0.0    26   168   126   280   118   285 0.83 transcript=h1SMcT0010144.4 gene=h1SMcG0010144
h1SMcT0010144.4      -            487 303117at33208        -            343   4.4e-49  168.4   0.0   2   2   1.8e-22   3.8e-20   73.2   0.0   221   314   368   467   284   481 0.72 transcript=h1SMcT0010144.4 gene=h1SMcG0010144
h1SMcT0010144.5      -            487 303117at33208        -            343   4.4e-49  168.4   0.0   1   2   6.1e-28   1.3e-25   91.3   0.0    26   168   126   280   118   285 0.83 transcript=h1SMcT0010144.5 gene=h1SMcG0010144
h1SMcT0010144.5      -            487 303117at33208        -            343   4.4e-49  168.4   0.0   2   2   1.8e-22   3.8e-20   73.2   0.0   221   314   368   467   284   481 0.72 transcript=h1SMcT0010144.5 gene=h1SMcG0010144
h1SMcT0014297.2      -            602 303117at33208        -            343   4.9e-49  168.2   0.0   1   2   1.3e-25   2.7e-23   83.6   0.0    29   169   100   246    88   262 0.88 transcript=h1SMcT0014297.2 gene=h1SMcG0014297
h1SMcT0014297.2      -            602 303117at33208        -            343   4.9e-49  168.2   0.0   2   2   3.1e-25   6.5e-23   82.4   0.1   221   337   329   452   312   457 0.77 transcript=h1SMcT0014297.2 gene=h1SMcG0014297
h1SMcT0011970.1      -            762 303117at33208        -            343   5.7e-49  168.0   0.0   1   2   2.3e-27   4.9e-25   89.3   0.0    22   168   182   337   168   346 0.87 transcript=h1SMcT0011970.1 gene=h1SMcG0011970
h1SMcT0011970.1      -            762 303117at33208        -            343   5.7e-49  168.0   0.0   2   2   2.4e-23     5e-21   76.2   0.0   222   319   422   525   405   546 0.86 transcript=h1SMcT0011970.1 gene=h1SMcG0011970
h1SMcT0011970.2      -            762 303117at33208        -            343   5.7e-49  168.0   0.0   1   2   2.3e-27   4.9e-25   89.3   0.0    22   168   182   337   168   346 0.87 transcript=h1SMcT0011970.2 gene=h1SMcG0011970
h1SMcT0011970.2      -            762 303117at33208        -            343   5.7e-49  168.0   0.0   2   2   2.4e-23     5e-21   76.2   0.0   222   319   422   525   405   546 0.86 transcript=h1SMcT0011970.2 gene=h1SMcG0011970
h1SMcT0011970.4      -            762 303117at33208        -            343   5.7e-49  168.0   0.0   1   2   2.3e-27   4.9e-25   89.3   0.0    22   168   182   337   168   346 0.87 transcript=h1SMcT0011970.4 gene=h1SMcG0011970
h1SMcT0011970.4      -            762 303117at33208        -            343   5.7e-49  168.0   0.0   2   2   2.4e-23     5e-21   76.2   0.0   222   319   422   525   405   546 0.86 transcript=h1SMcT0011970.4 gene=h1SMcG0011970
h1SMcT0006523.2      -            594 303117at33208        -            343     7e-49  167.7   0.0   1   2   4.5e-27   9.4e-25   88.4   0.0    22   169   196   348   189   382 0.89 transcript=h1SMcT0006523.2 gene=h1SMcG0006523
h1SMcT0006523.2      -            594 303117at33208        -            343     7e-49  167.7   0.0   2   2   1.1e-23   2.3e-21   77.2   0.0   221   319   431   535   408   558 0.82 transcript=h1SMcT0006523.2 gene=h1SMcG0006523
h1SMcT0011970.3      -            871 303117at33208        -            343   8.7e-49  167.4   0.0   1   2   2.9e-27     6e-25   89.0   0.0    22   168   291   446   277   455 0.87 transcript=h1SMcT0011970.3 gene=h1SMcG0011970
h1SMcT0011970.3      -            871 303117at33208        -            343   8.7e-49  167.4   0.0   2   2   2.9e-23     6e-21   75.9   0.0   222   319   531   634   514   655 0.86 transcript=h1SMcT0011970.3 gene=h1SMcG0011970
h1SMcT0003836.1      -            502 303117at33208        -            343     1e-47  163.9   0.8   1   2   7.8e-29   1.6e-26   94.2   0.4     6   191    34   234    30   244 0.82 transcript=h1SMcT0003836.1 gene=h1SMcG0003836
h1SMcT0003836.1      -            502 303117at33208        -            343     1e-47  163.9   0.8   2   2   7.3e-21   1.5e-18   68.0   0.0   241   319   333   410   285   428 0.77 transcript=h1SMcT0003836.1 gene=h1SMcG0003836
h1SMcT0019235.1      -            518 303117at33208        -            343   3.2e-47  162.3   1.6   1   2   8.1e-24   1.7e-21   77.7   0.9    22   169    71   230    63   236 0.78 transcript=h1SMcT0019235.1 gene=h1SMcG0019235
h1SMcT0019235.1      -            518 303117at33208        -            343   3.2e-47  162.3   1.6   2   2   3.4e-25   7.1e-23   82.2   0.0   205   318   302   427   291   436 0.80 transcript=h1SMcT0019235.1 gene=h1SMcG0019235
h1SMcT0021680.2      -            522 303117at33208        -            343   1.2e-46  160.4   1.1   1   1     8e-48   1.7e-45  156.6   1.1    21   318    14   359     9   379 0.74 transcript=h1SMcT0021680.2 gene=h1SMcG0021680
h1SMcT0021680.3      -            554 303117at33208        -            343   1.5e-46  160.0   1.1   1   1   9.8e-48     2e-45  156.4   1.1    21   318    14   359     9   379 0.74 transcript=h1SMcT0021680.3 gene=h1SMcG0021680
h1SMcT0021680.4      -            563 303117at33208        -            343   1.7e-46  159.9   1.1   1   1     1e-47   2.1e-45  156.3   1.1    21   318    14   359     9   379 0.74 transcript=h1SMcT0021680.4 gene=h1SMcG0021680
h1SMcT0021680.1      -            587 303117at33208        -            343   1.8e-46  159.8   1.1   1   1   1.2e-47   2.5e-45  156.1   1.1    21   318    14   359     9   378 0.74 transcript=h1SMcT0021680.1 gene=h1SMcG0021680
h1SMcT0011101.1      -            793 303117at33208        -            343   4.5e-46  158.5   0.2   1   2   5.6e-25   1.2e-22   81.5   0.0    28   169   379   529   369   546 0.85 transcript=h1SMcT0011101.1 gene=h1SMcG0011101
h1SMcT0011101.1      -            793 303117at33208        -            343   4.5e-46  158.5   0.2   2   2   7.4e-23   1.5e-20   74.6   0.0   221   318   636   739   562   749 0.72 transcript=h1SMcT0011101.1 gene=h1SMcG0011101
h1SMcT0011101.2      -            793 303117at33208        -            343   4.5e-46  158.5   0.2   1   2   5.6e-25   1.2e-22   81.5   0.0    28   169   379   529   369   546 0.85 transcript=h1SMcT0011101.2 gene=h1SMcG0011101
h1SMcT0011101.2      -            793 303117at33208        -            343   4.5e-46  158.5   0.2   2   2   7.4e-23   1.5e-20   74.6   0.0   221   318   636   739   562   749 0.72 transcript=h1SMcT0011101.2 gene=h1SMcG0011101
h1SMcT0012583.1      -            505 303117at33208        -            343   1.8e-45  156.5   0.6   1   1   9.1e-46   1.9e-43  149.9   0.6    24   320    62   393    57   420 0.77 transcript=h1SMcT0012583.1 gene=h1SMcG0012583
h1SMcT0017982.1      -            520 303117at33208        -            343   3.2e-45  155.7   0.3   1   1   9.5e-45     2e-42  146.5   0.3    23   318   127   460   111   480 0.76 transcript=h1SMcT0017982.1 gene=h1SMcG0017982
h1SMcT0014836.1      -            462 303117at33208        -            343   6.2e-45  154.8   0.0   1   1   3.6e-46   7.3e-44  151.2   0.0    25   319    35   381    30   400 0.75 transcript=h1SMcT0014836.1 gene=h1SMcG0014836
h1SMcT0013799.1      -            389 303117at33208        -            343   7.9e-45  154.4   0.4   1   2   2.1e-21   4.2e-19   69.8   0.0    35   168    39   172    20   182 0.85 transcript=h1SMcT0013799.1 gene=h1SMcG0013799
h1SMcT0013799.1      -            389 303117at33208        -            343   7.9e-45  154.4   0.4   2   2   3.2e-25   6.7e-23   82.3   0.1   219   339   254   385   227   388 0.81 transcript=h1SMcT0013799.1 gene=h1SMcG0013799
h1SMcT0013799.2      -            389 303117at33208        -            343   7.9e-45  154.4   0.4   1   2   2.1e-21   4.2e-19   69.8   0.0    35   168    39   172    20   182 0.85 transcript=h1SMcT0013799.2 gene=h1SMcG0013799
h1SMcT0013799.2      -            389 303117at33208        -            343   7.9e-45  154.4   0.4   2   2   3.2e-25   6.7e-23   82.3   0.1   219   339   254   385   227   388 0.81 transcript=h1SMcT0013799.2 gene=h1SMcG0013799
h1SMcT0003222.1      -            476 303117at33208        -            343   1.5e-44  153.5   0.2   1   2   7.1e-25   1.5e-22   81.2   0.1    22   248    61   291    55   310 0.85 transcript=h1SMcT0003222.1 gene=h1SMcG0003222
h1SMcT0003222.1      -            476 303117at33208        -            343   1.5e-44  153.5   0.2   2   2     7e-22   1.4e-19   71.4   0.1   223   320   291   394   286   420 0.75 transcript=h1SMcT0003222.1 gene=h1SMcG0003222
h1SMcT0011826.2      -            630 303117at33208        -            343   7.4e-44  151.2   3.4   1   4   5.1e-06    0.0011   19.2   0.0    24    74    19    70    14    78 0.82 transcript=h1SMcT0011826.2 gene=h1SMcG0011826
h1SMcT0011826.2      -            630 303117at33208        -            343   7.4e-44  151.2   3.4   2   4   5.8e-17   1.2e-14   55.2   0.0    77   169   143   237   138   240 0.87 transcript=h1SMcT0011826.2 gene=h1SMcG0011826
h1SMcT0011826.2      -            630 303117at33208        -            343   7.4e-44  151.2   3.4   3   4       1.4     3e+02    1.3   0.2   221   261   267   306   259   329 0.55 transcript=h1SMcT0011826.2 gene=h1SMcG0011826
h1SMcT0011826.2      -            630 303117at33208        -            343   7.4e-44  151.2   3.4   4   4     2e-22   4.1e-20   73.2   0.1   221   336   353   472   326   479 0.81 transcript=h1SMcT0011826.2 gene=h1SMcG0011826
h1SMcT0011826.3      -            630 303117at33208        -            343   7.4e-44  151.2   3.4   1   4   5.1e-06    0.0011   19.2   0.0    24    74    19    70    14    78 0.82 transcript=h1SMcT0011826.3 gene=h1SMcG0011826
h1SMcT0011826.3      -            630 303117at33208        -            343   7.4e-44  151.2   3.4   2   4   5.8e-17   1.2e-14   55.2   0.0    77   169   143   237   138   240 0.87 transcript=h1SMcT0011826.3 gene=h1SMcG0011826
h1SMcT0011826.3      -            630 303117at33208        -            343   7.4e-44  151.2   3.4   3   4       1.4     3e+02    1.3   0.2   221   261   267   306   259   329 0.55 transcript=h1SMcT0011826.3 gene=h1SMcG0011826
h1SMcT0011826.3      -            630 303117at33208        -            343   7.4e-44  151.2   3.4   4   4     2e-22   4.1e-20   73.2   0.1   221   336   353   472   326   479 0.81 transcript=h1SMcT0011826.3 gene=h1SMcG0011826
h1SMcT0020664.1      -            708 303117at33208        -            343   8.4e-44  151.0   0.0   1   1   2.2e-43   4.6e-41  142.0   0.0    33   318   230   568   198   590 0.76 transcript=h1SMcT0020664.1 gene=h1SMcG0020664
h1SMcT0010309.1      -            611 303117at33208        -            343   1.3e-43  150.4   0.2   1   1   6.2e-45   1.3e-42  147.1   0.2    24   319   182   529   177   552 0.74 transcript=h1SMcT0010309.1 gene=h1SMcG0010309
h1SMcT0003041.1      -            382 303117at33208        -            343   1.8e-43  149.9   0.3   1   2   1.5e-21   3.1e-19   70.3   0.0    31   168    28   165    11   170 0.87 transcript=h1SMcT0003041.1 gene=h1SMcG0003041
h1SMcT0003041.1      -            382 303117at33208        -            343   1.8e-43  149.9   0.3   2   2   7.4e-24   1.5e-21   77.8   0.1   221   339   249   378   228   381 0.77 transcript=h1SMcT0003041.1 gene=h1SMcG0003041
h1SMcT0014963.3      -            896 303117at33208        -            343   3.8e-43  148.9   0.0   1   2   1.6e-20   3.3e-18   66.9   0.0    19   168   363   517   346   523 0.84 transcript=h1SMcT0014963.3 gene=h1SMcG0014963
h1SMcT0014963.3      -            896 303117at33208        -            343   3.8e-43  148.9   0.0   2   2   2.8e-24   5.8e-22   79.2   0.0   249   319   644   714   578   731 0.81 transcript=h1SMcT0014963.3 gene=h1SMcG0014963
h1SMcT0019998.2      -            423 303117at33208        -            343   3.8e-43  148.9   3.7   1   1   3.3e-44   6.9e-42  144.7   3.7    24   340    52   415    48   418 0.78 transcript=h1SMcT0019998.2 gene=h1SMcG0019998
h1SMcT0003030.1      -            380 303117at33208        -            343   4.1e-43  148.8   0.5   1   2   3.2e-21   6.7e-19   69.2   0.0    31   168    26   163    11   169 0.87 transcript=h1SMcT0003030.1 gene=h1SMcG0003030
h1SMcT0003030.1      -            380 303117at33208        -            343   4.1e-43  148.8   0.5   2   2   7.1e-24   1.5e-21   77.9   0.1   221   339   247   376   220   379 0.77 transcript=h1SMcT0003030.1 gene=h1SMcG0003030
h1SMcT0007150.1      -            401 303117at33208        -            343   1.5e-42  147.0   1.7   1   3   5.2e-16   1.1e-13   52.0   0.0    82   168     3    92     1    98 0.91 transcript=h1SMcT0007150.1 gene=h1SMcG0007150
h1SMcT0007150.1      -            401 303117at33208        -            343   1.5e-42  147.0   1.7   2   3    0.0046      0.95    9.5   0.1   171   212   128   169   121   185 0.86 transcript=h1SMcT0007150.1 gene=h1SMcG0007150
h1SMcT0007150.1      -            401 303117at33208        -            343   1.5e-42  147.0   1.7   3   3   1.5e-25   3.1e-23   83.4   0.0   220   322   214   322   190   331 0.87 transcript=h1SMcT0007150.1 gene=h1SMcG0007150
h1SMcT0007150.3      -            401 303117at33208        -            343   1.5e-42  147.0   1.7   1   3   5.2e-16   1.1e-13   52.0   0.0    82   168     3    92     1    98 0.91 transcript=h1SMcT0007150.3 gene=h1SMcG0007150
h1SMcT0007150.3      -            401 303117at33208        -            343   1.5e-42  147.0   1.7   2   3    0.0046      0.95    9.5   0.1   171   212   128   169   121   185 0.86 transcript=h1SMcT0007150.3 gene=h1SMcG0007150
h1SMcT0007150.3      -            401 303117at33208        -            343   1.5e-42  147.0   1.7   3   3   1.5e-25   3.1e-23   83.4   0.0   220   322   214   322   190   331 0.87 transcript=h1SMcT0007150.3 gene=h1SMcG0007150
h1SMcT0007150.4      -            401 303117at33208        -            343   1.5e-42  147.0   1.7   1   3   5.2e-16   1.1e-13   52.0   0.0    82   168     3    92     1    98 0.91 transcript=h1SMcT0007150.4 gene=h1SMcG0007150
h1SMcT0007150.4      -            401 303117at33208        -            343   1.5e-42  147.0   1.7   2   3    0.0046      0.95    9.5   0.1   171   212   128   169   121   185 0.86 transcript=h1SMcT0007150.4 gene=h1SMcG0007150
h1SMcT0007150.4      -            401 303117at33208        -            343   1.5e-42  147.0   1.7   3   3   1.5e-25   3.1e-23   83.4   0.0   220   322   214   322   190   331 0.87 transcript=h1SMcT0007150.4 gene=h1SMcG0007150
h1SMcT0010072.1      -            420 303117at33208        -            343   2.1e-42  146.5   3.8   1   1   1.9e-43   3.9e-41  142.3   3.8    26   319    52   385    46   406 0.79 transcript=h1SMcT0010072.1 gene=h1SMcG0010072
h1SMcT0006524.1      -            347 303117at33208        -            343   4.7e-41  142.0   0.0   1   1   3.4e-39     7e-37  128.3   0.0    28   319    24   337    15   344 0.73 transcript=h1SMcT0006524.1 gene=h1SMcG0006524
h1SMcT0012569.1      -            499 303117at33208        -            343   6.9e-41  141.4   0.4   1   1   2.8e-41   5.8e-39  135.1   0.4    23   331   123   464   115   473 0.76 transcript=h1SMcT0012569.1 gene=h1SMcG0012569
h1SMcT0008089.3      -            475 303117at33208        -            343   3.5e-40  139.1   7.0   1   2   1.6e-27   3.4e-25   89.9   6.2    21   273    12   309     8   311 0.73 transcript=h1SMcT0008089.3 gene=h1SMcG0008089
h1SMcT0008089.3      -            475 303117at33208        -            343   3.5e-40  139.1   7.0   2   2     1e-13   2.1e-11   44.5   0.0   273   323   332   382   318   395 0.90 transcript=h1SMcT0008089.3 gene=h1SMcG0008089
h1SMcT0006524.2      -            670 303117at33208        -            343   3.9e-40  139.0   0.0   1   2   1.9e-26   3.8e-24   86.4   0.0    28   169   172   318   161   356 0.88 transcript=h1SMcT0006524.2 gene=h1SMcG0006524
h1SMcT0006524.2      -            670 303117at33208        -            343   3.9e-40  139.0   0.0   2   2   1.8e-14   3.6e-12   47.0   0.0   279   321   445   487   381   508 0.78 transcript=h1SMcT0006524.2 gene=h1SMcG0006524
h1SMcT0008089.5      -            532 303117at33208        -            343   5.3e-40  138.5   7.0   1   2   2.3e-27   4.7e-25   89.4   6.3    21   273    12   309     8   311 0.73 transcript=h1SMcT0008089.5 gene=h1SMcG0008089
h1SMcT0008089.5      -            532 303117at33208        -            343   5.3e-40  138.5   7.0   2   2   1.2e-13   2.5e-11   44.3   0.0   273   323   332   382   318   395 0.90 transcript=h1SMcT0008089.5 gene=h1SMcG0008089
h1SMcT0012404.1      -            399 303117at33208        -            343   2.8e-39  136.1   0.3   1   2   3.4e-18     7e-16   59.2   0.0    27   169    40   182    25   190 0.88 transcript=h1SMcT0012404.1 gene=h1SMcG0012404
h1SMcT0012404.1      -            399 303117at33208        -            343   2.8e-39  136.1   0.3   2   2   4.7e-23   9.6e-21   75.2   0.1   218   338   262   393   200   397 0.84 transcript=h1SMcT0012404.1 gene=h1SMcG0012404
h1SMcT0016859.1      -            754 303117at33208        -            343   5.6e-39  135.2   0.0   1   1   6.2e-40   1.3e-37  130.7   0.0    23   318    27   370    21   377 0.78 transcript=h1SMcT0016859.1 gene=h1SMcG0016859
h1SMcT0003517.2      -            697 303117at33208        -            343   5.7e-39  135.2   2.2   1   2   1.4e-18   2.9e-16   60.5   0.0    21   146    19   149    14   183 0.76 transcript=h1SMcT0003517.2 gene=h1SMcG0003517
h1SMcT0003517.2      -            697 303117at33208        -            343   5.7e-39  135.2   2.2   2   2   5.9e-21   1.2e-18   68.3   0.7   219   335   325   445   211   453 0.67 transcript=h1SMcT0003517.2 gene=h1SMcG0003517
h1SMcT0001941.1      -            720 303117at33208        -            343   1.5e-38  133.7   0.1   1   3   2.7e-07   5.7e-05   23.4   0.0    26    76    17    67     9    89 0.83 transcript=h1SMcT0001941.1 gene=h1SMcG0001941
h1SMcT0001941.1      -            720 303117at33208        -            343   1.5e-38  133.7   0.1   2   3     9e-13   1.9e-10   41.4   0.0    82   175   282   377   277   382 0.85 transcript=h1SMcT0001941.1 gene=h1SMcG0001941
h1SMcT0001941.1      -            720 303117at33208        -            343   1.5e-38  133.7   0.1   3   3     7e-20   1.5e-17   64.8   0.0   252   323   547   618   540   629 0.93 transcript=h1SMcT0001941.1 gene=h1SMcG0001941
h1SMcT0001941.2      -            733 303117at33208        -            343   1.6e-38  133.6   0.1   1   3   2.8e-07   5.8e-05   23.3   0.0    26    76    17    67     9    89 0.83 transcript=h1SMcT0001941.2 gene=h1SMcG0001941
h1SMcT0001941.2      -            733 303117at33208        -            343   1.6e-38  133.6   0.1   2   3   9.3e-13   1.9e-10   41.3   0.0    82   175   282   377   277   382 0.85 transcript=h1SMcT0001941.2 gene=h1SMcG0001941
h1SMcT0001941.2      -            733 303117at33208        -            343   1.6e-38  133.6   0.1   3   3   7.2e-20   1.5e-17   64.7   0.0   252   323   547   618   540   629 0.93 transcript=h1SMcT0001941.2 gene=h1SMcG0001941
h1SMcT0014297.1      -            582 303117at33208        -            343   3.1e-37  129.4   0.0   1   2   1.2e-25   2.5e-23   83.7   0.0    29   169   100   246    88   266 0.88 transcript=h1SMcT0014297.1 gene=h1SMcG0014297
h1SMcT0014297.1      -            582 303117at33208        -            343   3.1e-37  129.4   0.0   2   2   2.4e-13   5.1e-11   43.3   0.0   279   337   373   432   361   437 0.78 transcript=h1SMcT0014297.1 gene=h1SMcG0014297
h1SMcT0021590.1      -            560 303117at33208        -            343   2.1e-34  120.2   1.1   1   2     1e-17   2.1e-15   57.6   0.7    22   168    26   172    14   218 0.84 transcript=h1SMcT0021590.1 gene=h1SMcG0021590
h1SMcT0021590.1      -            560 303117at33208        -            343   2.1e-34  120.2   1.1   2   2   1.4e-18   2.9e-16   60.5   0.0   218   319   261   368   246   383 0.85 transcript=h1SMcT0021590.1 gene=h1SMcG0021590
h1SMcT0002853.1      -            330 303117at33208        -            343   3.1e-33  116.3   0.1   1   1   2.6e-35   5.4e-33  115.5   0.1    22   168    15   162    12   196 0.86 transcript=h1SMcT0002853.1 gene=h1SMcG0002853
h1SMcT0006059.1      -            551 303117at33208        -            343   1.3e-32  114.2   0.0   1   2   5.9e-16   1.2e-13   51.9   0.0    21   168   107   270    97   274 0.77 transcript=h1SMcT0006059.1 gene=h1SMcG0006059
h1SMcT0006059.1      -            551 303117at33208        -            343   1.3e-32  114.2   0.0   2   2   6.5e-18   1.3e-15   58.3   0.0   250   319   397   466   358   488 0.84 transcript=h1SMcT0006059.1 gene=h1SMcG0006059
h1SMcT0006059.2      -            574 303117at33208        -            343   1.6e-32  114.0   0.0   1   2   6.4e-16   1.3e-13   51.7   0.0    21   168   130   293   120   297 0.77 transcript=h1SMcT0006059.2 gene=h1SMcG0006059
h1SMcT0006059.2      -            574 303117at33208        -            343   1.6e-32  114.0   0.0   2   2   6.9e-18   1.4e-15   58.2   0.0   250   319   420   489   382   511 0.84 transcript=h1SMcT0006059.2 gene=h1SMcG0006059
h1SMcT0006523.1      -            511 303117at33208        -            343   1.1e-31  111.1   0.0   1   2   3.4e-27     7e-25   88.8   0.0    22   169   196   348   189   383 0.89 transcript=h1SMcT0006523.1 gene=h1SMcG0006523
h1SMcT0006523.1      -            511 303117at33208        -            343   1.1e-31  111.1   0.0   2   2   2.4e-06   0.00049   20.3   0.0   221   290   431   506   407   510 0.81 transcript=h1SMcT0006523.1 gene=h1SMcG0006523
h1SMcT0006523.3      -            511 303117at33208        -            343   1.1e-31  111.1   0.0   1   2   3.4e-27     7e-25   88.8   0.0    22   169   196   348   189   383 0.89 transcript=h1SMcT0006523.3 gene=h1SMcG0006523
h1SMcT0006523.3      -            511 303117at33208        -            343   1.1e-31  111.1   0.0   2   2   2.4e-06   0.00049   20.3   0.0   221   290   431   506   407   510 0.81 transcript=h1SMcT0006523.3 gene=h1SMcG0006523
h1SMcT0007596.2      -            505 303117at33208        -            343   1.4e-31  110.9   0.1   1   2   2.7e-14   5.6e-12   46.4   0.1    24   173   133   284   125   306 0.81 transcript=h1SMcT0007596.2 gene=h1SMcG0007596
h1SMcT0007596.2      -            505 303117at33208        -            343   1.4e-31  110.9   0.1   2   2   4.5e-19   9.4e-17   62.1   0.0   189   325   337   480   292   497 0.67 transcript=h1SMcT0007596.2 gene=h1SMcG0007596
h1SMcT0010144.1      -            415 303117at33208        -            343   1.6e-31  110.7   0.0   1   2   2.1e-10   4.4e-08   33.6   0.0    26    76   126   176   118   178 0.85 transcript=h1SMcT0010144.1 gene=h1SMcG0010144
h1SMcT0010144.1      -            415 303117at33208        -            343   1.6e-31  110.7   0.0   2   2   5.5e-23   1.1e-20   75.0   0.0   223   318   237   338   218   375 0.84 transcript=h1SMcT0010144.1 gene=h1SMcG0010144
h1SMcT0006524.3      -            470 303117at33208        -            343   2.7e-31  109.9   0.0   1   2   9.8e-27     2e-24   87.3   0.0    28   169   172   318   162   353 0.88 transcript=h1SMcT0006524.3 gene=h1SMcG0006524
h1SMcT0006524.3      -            470 303117at33208        -            343   2.7e-31  109.9   0.0   2   2   2.3e-06   0.00048   20.3   0.0   219   278   399   464   372   465 0.82 transcript=h1SMcT0006524.3 gene=h1SMcG0006524
h1SMcT0006055.1      -            559 303117at33208        -            343   2.9e-30  106.5   0.1   1   2   1.8e-15   3.6e-13   50.3   0.0    19   168   128   293   118   298 0.77 transcript=h1SMcT0006055.1 gene=h1SMcG0006055
h1SMcT0006055.1      -            559 303117at33208        -            343   2.9e-30  106.5   0.1   2   2   4.2e-16   8.7e-14   52.3   0.0   240   319   407   488   379   510 0.74 transcript=h1SMcT0006055.1 gene=h1SMcG0006055
h1SMcT0014048.2      -            483 303117at33208        -            343   7.3e-30  105.2   0.2   1   2     6e-14   1.2e-11   45.3   0.0    21   169    96   243    76   253 0.82 transcript=h1SMcT0014048.2 gene=h1SMcG0014048
h1SMcT0014048.2      -            483 303117at33208        -            343   7.3e-30  105.2   0.2   2   2   8.1e-18   1.7e-15   58.0   0.1   212   318   332   444   305   463 0.80 transcript=h1SMcT0014048.2 gene=h1SMcG0014048
h1SMcT0012569.2      -            438 303117at33208        -            343   1.8e-27   97.3   0.8   1   1   8.3e-28   1.7e-25   90.8   0.8    23   285   123   420   115   424 0.75 transcript=h1SMcT0012569.2 gene=h1SMcG0012569
h1SMcT0012569.3      -            437 303117at33208        -            343   2.2e-27   97.0   0.8   1   1     1e-27   2.1e-25   90.5   0.8    23   285   123   420   115   428 0.75 transcript=h1SMcT0012569.3 gene=h1SMcG0012569
h1SMcT0006524.4      -            453 303117at33208        -            343   3.6e-26   93.1   0.0   1   2   8.9e-27   1.8e-24   87.4   0.0    28   169   172   318   162   356 0.88 transcript=h1SMcT0006524.4 gene=h1SMcG0006524
h1SMcT0006524.4      -            453 303117at33208        -            343   3.6e-26   93.1   0.0   2   2      0.34        69    3.3   0.0   219   242   399   422   372   446 0.84 transcript=h1SMcT0006524.4 gene=h1SMcG0006524
h1SMcT0016859.2      -            647 303117at33208        -            343   7.4e-24   85.4   0.1   1   1   9.2e-25   1.9e-22   80.8   0.1    97   318     4   263     1   270 0.76 transcript=h1SMcT0016859.2 gene=h1SMcG0016859
h1SMcT0016859.8      -            648 303117at33208        -            343   6.8e-23   82.3   0.0   1   2   1.1e-06   0.00023   21.4   0.0    56   110     2    66     1    83 0.71 transcript=h1SMcT0016859.8 gene=h1SMcG0016859
h1SMcT0016859.8      -            648 303117at33208        -            343   6.8e-23   82.3   0.0   2   2   1.1e-17   2.3e-15   57.6   0.0   165   318    89   264    74   271 0.73 transcript=h1SMcT0016859.8 gene=h1SMcG0016859
h1SMcT0007290.1      -            185 303117at33208        -            343     1e-22   81.7   0.0   1   1   6.1e-25   1.3e-22   81.4   0.0    23   167    32   183    24   185 0.80 transcript=h1SMcT0007290.1 gene=h1SMcG0007290
h1SMcT0003031.1      -            216 303117at33208        -            343   2.9e-22   80.2   0.1   1   1   1.8e-24   3.7e-22   79.9   0.1   220   339    82   212    57   215 0.78 transcript=h1SMcT0003031.1 gene=h1SMcG0003031
h1SMcT0009318.1      -            549 303117at33208        -            343   4.9e-22   79.5   0.0   1   1   3.8e-24   7.9e-22   78.8   0.0   221   318   123   226    99   239 0.85 transcript=h1SMcT0009318.1 gene=h1SMcG0009318
h1SMcT0016859.6      -            182 303117at33208        -            343   1.4e-21   77.9   0.0   1   1   9.3e-24   1.9e-21   77.5   0.0    22   166    26   180    21   182 0.83 transcript=h1SMcT0016859.6 gene=h1SMcG0016859
h1SMcT0011826.1      -            330 303117at33208        -            343   8.5e-21   75.4   0.0   1   1   5.9e-23   1.2e-20   74.9   0.0   221   336    53   172    29   179 0.81 transcript=h1SMcT0011826.1 gene=h1SMcG0011826
h1SMcT0019998.3      -            227 303117at33208        -            343   6.2e-20   72.6   0.3   1   1   5.1e-22     1e-19   71.8   0.3   169   340    21   219    12   222 0.73 transcript=h1SMcT0019998.3 gene=h1SMcG0019998
h1SMcT0008089.4      -            292 303117at33208        -            343   1.5e-17   64.7   3.5   1   2   0.00019      0.04   14.0   2.8   152   273     1   162     1   165 0.60 transcript=h1SMcT0008089.4 gene=h1SMcG0008089
h1SMcT0008089.4      -            292 303117at33208        -            343   1.5e-17   64.7   3.5   2   2   4.8e-14     1e-11   45.6   0.0   273   323   185   235   170   248 0.90 transcript=h1SMcT0008089.4 gene=h1SMcG0008089
h1SMcT0008089.2      -            328 303117at33208        -            343   2.4e-17   64.0   3.4   1   2   0.00025     0.052   13.6   2.8   152   273     1   162     1   165 0.60 transcript=h1SMcT0008089.2 gene=h1SMcG0008089
h1SMcT0008089.2      -            328 303117at33208        -            343   2.4e-17   64.0   3.4   2   2   5.9e-14   1.2e-11   45.3   0.0   273   323   185   235   170   248 0.90 transcript=h1SMcT0008089.2 gene=h1SMcG0008089
h1SMcT0008089.1      -            385 303117at33208        -            343     4e-17   63.3   3.4   1   2   0.00037     0.076   13.1   2.8   152   273     1   162     1   165 0.60 transcript=h1SMcT0008089.1 gene=h1SMcG0008089
h1SMcT0008089.1      -            385 303117at33208        -            343     4e-17   63.3   3.4   2   2   7.6e-14   1.6e-11   44.9   0.0   273   323   185   235   171   248 0.90 transcript=h1SMcT0008089.1 gene=h1SMcG0008089
h1SMcT0007290.2      -            127 303117at33208        -            343   4.2e-17   63.2   0.1   1   1   2.4e-19     5e-17   63.0   0.1   250   319    17    94     8   115 0.82 transcript=h1SMcT0007290.2 gene=h1SMcG0007290
h1SMcT0021590.2      -            208 303117at33208        -            343     2e-16   61.0   0.5   1   1   1.2e-18   2.5e-16   60.7   0.5    22   167    26   171    14   184 0.86 transcript=h1SMcT0021590.2 gene=h1SMcG0021590
h1SMcT0014048.1      -            245 303117at33208        -            343   2.9e-16   60.5   0.1   1   1   1.7e-18   3.6e-16   60.2   0.1   211   318    93   206    62   225 0.81 transcript=h1SMcT0014048.1 gene=h1SMcG0014048
h1SMcT0007596.1      -            440 303117at33208        -            343   3.6e-16   60.2   0.5   1   2     2e-14   4.1e-12   46.8   0.1    23   173   132   284   124   306 0.81 transcript=h1SMcT0007596.1 gene=h1SMcG0007596
h1SMcT0007596.1      -            440 303117at33208        -            343   3.6e-16   60.2   0.5   2   2    0.0012      0.24   11.4   0.1   188   277   336   426   283   438 0.65 transcript=h1SMcT0007596.1 gene=h1SMcG0007596
h1SMcT0021969.1      -           2142 303117at33208        -            343   6.6e-16   59.3   0.8   1   4   1.3e-07   2.7e-05   24.4   0.0    30   164   492   634   473   650 0.74 transcript=h1SMcT0021969.1 gene=h1SMcG0021969
h1SMcT0021969.1      -           2142 303117at33208        -            343   6.6e-16   59.3   0.8   2   4      0.53   1.1e+02    2.7   0.0   251   287   810   846   789   853 0.86 transcript=h1SMcT0021969.1 gene=h1SMcG0021969
h1SMcT0021969.1      -           2142 303117at33208        -            343   6.6e-16   59.3   0.8   3   4   1.3e-07   2.6e-05   24.5   0.0    27   137  1337  1445  1327  1475 0.76 transcript=h1SMcT0021969.1 gene=h1SMcG0021969
h1SMcT0021969.1      -           2142 303117at33208        -            343   6.6e-16   59.3   0.8   4   4       1.6   3.2e+02    1.1   0.0   243   278  1634  1669  1628  1727 0.84 transcript=h1SMcT0021969.1 gene=h1SMcG0021969
h1SMcT0014048.3      -            375 303117at33208        -            343     7e-16   59.2   0.1   1   1   4.8e-18   9.9e-16   58.7   0.1   212   318   224   336   195   355 0.80 transcript=h1SMcT0014048.3 gene=h1SMcG0014048
h1SMcT0019607.1      -            827 303117at33208        -            343   9.1e-15   55.6   0.0   1   2   1.7e-09   3.5e-07   30.6   0.0    33   167   304   439   286   446 0.77 transcript=h1SMcT0019607.1 gene=h1SMcG0019607
h1SMcT0019607.1      -            827 303117at33208        -            343   9.1e-15   55.6   0.0   2   2   6.3e-07   0.00013   22.2   0.0   252   315   720   783   713   811 0.74 transcript=h1SMcT0019607.1 gene=h1SMcG0019607
h1SMcT0019607.4      -            924 303117at33208        -            343   1.3e-14   55.1   0.0   1   2     2e-09   4.2e-07   30.4   0.0    34   167   264   398   246   405 0.77 transcript=h1SMcT0019607.4 gene=h1SMcG0019607
h1SMcT0019607.4      -            924 303117at33208        -            343   1.3e-14   55.1   0.0   2   2   7.2e-07   0.00015   22.0   0.0   252   315   679   742   672   770 0.74 transcript=h1SMcT0019607.4 gene=h1SMcG0019607
h1SMcT0019607.2      -            936 303117at33208        -            343   1.3e-14   55.0   0.0   1   2   2.1e-09   4.3e-07   30.3   0.0    34   167   276   410   258   417 0.77 transcript=h1SMcT0019607.2 gene=h1SMcG0019607
h1SMcT0019607.2      -            936 303117at33208        -            343   1.3e-14   55.0   0.0   2   2   7.4e-07   0.00015   22.0   0.0   252   315   691   754   684   782 0.74 transcript=h1SMcT0019607.2 gene=h1SMcG0019607
h1SMcT0019607.3      -            965 303117at33208        -            343   1.4e-14   54.9   0.0   1   2   2.2e-09   4.5e-07   30.3   0.0    34   167   305   439   287   446 0.77 transcript=h1SMcT0019607.3 gene=h1SMcG0019607
h1SMcT0019607.3      -            965 303117at33208        -            343   1.4e-14   54.9   0.0   2   2   7.6e-07   0.00016   21.9   0.0   252   315   720   783   713   811 0.74 transcript=h1SMcT0019607.3 gene=h1SMcG0019607
h1SMcT0016859.3      -            371 303117at33208        -            343   2.2e-14   54.3   0.0   1   1     2e-16   4.1e-14   53.4   0.0   252   318    65   131    49   138 0.91 transcript=h1SMcT0016859.3 gene=h1SMcG0016859
h1SMcT0016859.7      -            317 303117at33208        -            343   2.3e-14   54.2   0.0   1   1   2.1e-16   4.4e-14   53.3   0.0   253   318    11    76     3    83 0.93 transcript=h1SMcT0016859.7 gene=h1SMcG0016859
h1SMcT0016859.9      -            317 303117at33208        -            343   2.3e-14   54.2   0.0   1   1   2.1e-16   4.4e-14   53.3   0.0   253   318    11    76     3    83 0.93 transcript=h1SMcT0016859.9 gene=h1SMcG0016859
h1SMcT0003517.1      -            317 303117at33208        -            343   3.1e-14   53.8   0.0   1   1   2.8e-16   5.8e-14   52.9   0.0   268   335     1    65     1    73 0.83 transcript=h1SMcT0003517.1 gene=h1SMcG0003517
h1SMcT0016859.10     -            460 303117at33208        -            343   3.5e-14   53.7   0.0   1   1   3.8e-16   7.9e-14   52.5   0.0   253   318    11    76     3    83 0.93 transcript=h1SMcT0016859.10 gene=h1SMcG0016859
h1SMcT0016859.4      -            460 303117at33208        -            343   3.5e-14   53.7   0.0   1   1   3.8e-16   7.9e-14   52.5   0.0   253   318    11    76     3    83 0.93 transcript=h1SMcT0016859.4 gene=h1SMcG0016859
h1SMcT0014927.2      -            722 303117at33208        -            343   4.4e-14   53.3   0.0   1   1   3.8e-16   7.8e-14   52.5   0.0   278   338    18    78    12    83 0.90 transcript=h1SMcT0014927.2 gene=h1SMcG0014927
h1SMcT0019837.1      -           2160 303117at33208        -            343   8.2e-14   52.4   4.3   1   4   1.8e-06   0.00038   20.7   0.9    25   170   400   554   385   571 0.71 transcript=h1SMcT0019837.1 gene=h1SMcG0019837
h1SMcT0019837.1      -           2160 303117at33208        -            343   8.2e-14   52.4   4.3   2   4       0.1        22    5.0   0.0   252   288   725   761   719   792 0.87 transcript=h1SMcT0019837.1 gene=h1SMcG0019837
h1SMcT0019837.1      -           2160 303117at33208        -            343   8.2e-14   52.4   4.3   3   4   3.2e-06   0.00066   19.8   0.0    32   138  1260  1365  1245  1395 0.78 transcript=h1SMcT0019837.1 gene=h1SMcG0019837
h1SMcT0019837.1      -           2160 303117at33208        -            343   8.2e-14   52.4   4.3   4   4      0.41        85    3.1   0.0   252   288  1565  1601  1544  1657 0.69 transcript=h1SMcT0019837.1 gene=h1SMcG0019837
h1SMcT0019609.1      -           1067 303117at33208        -            343     5e-13   49.8   0.0   1   2   4.3e-09   8.9e-07   29.3   0.0    34   166   413   546   394   554 0.76 transcript=h1SMcT0019609.1 gene=h1SMcG0019609
h1SMcT0019609.1      -           1067 303117at33208        -            343     5e-13   49.8   0.0   2   2   1.3e-05    0.0027   17.8   0.0   253   315   829   891   822   920 0.76 transcript=h1SMcT0019609.1 gene=h1SMcG0019609
h1SMcT0012519.2      -           1293 303117at33208        -            343   2.5e-12   47.5   0.1   1   2   0.00085      0.18   11.9   0.0    48   168    15   140     7   163 0.82 transcript=h1SMcT0012519.2 gene=h1SMcG0012519
h1SMcT0012519.2      -           1293 303117at33208        -            343   2.5e-12   47.5   0.1   2   2   3.2e-10   6.6e-08   33.0   0.0   251   338   415   503   404   507 0.77 transcript=h1SMcT0012519.2 gene=h1SMcG0012519
h1SMcT0012519.4      -           1406 303117at33208        -            343   3.1e-12   47.2   0.1   1   2   0.00095       0.2   11.7   0.0    48   168    15   140     7   163 0.82 transcript=h1SMcT0012519.4 gene=h1SMcG0012519
h1SMcT0012519.4      -           1406 303117at33208        -            343   3.1e-12   47.2   0.1   2   2   3.5e-10   7.3e-08   32.9   0.0   251   338   415   503   404   507 0.77 transcript=h1SMcT0012519.4 gene=h1SMcG0012519
h1SMcT0012519.5      -           1419 303117at33208        -            343   3.2e-12   47.2   0.1   1   2   0.00097       0.2   11.7   0.0    48   168    15   140     7   163 0.82 transcript=h1SMcT0012519.5 gene=h1SMcG0012519
h1SMcT0012519.5      -           1419 303117at33208        -            343   3.2e-12   47.2   0.1   2   2   3.6e-10   7.4e-08   32.8   0.0   251   338   415   503   404   507 0.77 transcript=h1SMcT0012519.5 gene=h1SMcG0012519
h1SMcT0010208.2      -            627 303117at33208        -            343   2.3e-11   44.4   0.1   1   2   0.00024     0.049   13.7   0.1    30    71    73   114    62   137 0.83 transcript=h1SMcT0010208.2 gene=h1SMcG0010208
h1SMcT0010208.2      -            627 303117at33208        -            343   2.3e-11   44.4   0.1   2   2   8.2e-09   1.7e-06   28.4   0.0   212   320   296   408   259   423 0.77 transcript=h1SMcT0010208.2 gene=h1SMcG0010208
h1SMcT0019603.2      -           1141 303117at33208        -            343   7.1e-11   42.8   0.7   1   2    0.0002     0.042   13.9   0.0    36   155   461   578   438   596 0.72 transcript=h1SMcT0019603.2 gene=h1SMcG0019603
h1SMcT0019603.2      -           1141 303117at33208        -            343   7.1e-11   42.8   0.7   2   2   2.7e-08   5.7e-06   26.6   0.2   250   327   886   963   832   981 0.83 transcript=h1SMcT0019603.2 gene=h1SMcG0019603
h1SMcT0002800.2      -           1110 303117at33208        -            343   7.2e-11   42.7   0.5   1   2   3.8e-05    0.0079   16.3   0.2    35   164   405   535   390   542 0.67 transcript=h1SMcT0002800.2 gene=h1SMcG0002800
h1SMcT0002800.2      -           1110 303117at33208        -            343   7.2e-11   42.7   0.5   2   2   1.7e-07   3.5e-05   24.1   0.0   249   317   661   730   618   759 0.79 transcript=h1SMcT0002800.2 gene=h1SMcG0002800
h1SMcT0019603.1      -           1237 303117at33208        -            343   8.9e-11   42.4   0.7   1   2   0.00023     0.046   13.8   0.0    36   155   557   674   534   692 0.72 transcript=h1SMcT0019603.1 gene=h1SMcG0019603
h1SMcT0019603.1      -           1237 303117at33208        -            343   8.9e-11   42.4   0.7   2   2     3e-08   6.3e-06   26.5   0.2   250   327   982  1059   928  1077 0.83 transcript=h1SMcT0019603.1 gene=h1SMcG0019603
h1SMcT0019603.3      -           1257 303117at33208        -            343   9.4e-11   42.4   0.7   1   2   0.00023     0.047   13.7   0.0    36   155   577   694   554   712 0.72 transcript=h1SMcT0019603.3 gene=h1SMcG0019603
h1SMcT0019603.3      -           1257 303117at33208        -            343   9.4e-11   42.4   0.7   2   2   3.1e-08   6.4e-06   26.5   0.2   250   327  1002  1079   948  1097 0.83 transcript=h1SMcT0019603.3 gene=h1SMcG0019603
h1SMcT0019606.1      -           1242 303117at33208        -            343   1.5e-10   41.7   0.4   1   2   0.00049       0.1   12.7   0.0    47   155   573   679   550   698 0.72 transcript=h1SMcT0019606.1 gene=h1SMcG0019606
h1SMcT0019606.1      -           1242 303117at33208        -            343   1.5e-10   41.7   0.4   2   2   3.1e-08   6.3e-06   26.5   0.2   250   327   987  1064   933  1082 0.83 transcript=h1SMcT0019606.1 gene=h1SMcG0019606
h1SMcT0021155.1      -           1243 303117at33208        -            343     3e-10   40.7   0.3   1   2     0.003      0.61   10.1   0.0     4    99    30   129    28   199 0.68 transcript=h1SMcT0021155.1 gene=h1SMcG0021155
h1SMcT0021155.1      -           1243 303117at33208        -            343     3e-10   40.7   0.3   2   2     1e-08   2.1e-06   28.1   0.1   248   334   465   549   401   556 0.76 transcript=h1SMcT0021155.1 gene=h1SMcG0021155
h1SMcT0012519.3      -           1285 303117at33208        -            343   4.6e-10   40.1   0.2   1   2      0.15        32    4.5   0.0   128   168    19    58     7    81 0.85 transcript=h1SMcT0012519.3 gene=h1SMcG0012519
h1SMcT0012519.3      -           1285 303117at33208        -            343   4.6e-10   40.1   0.2   2   2   3.2e-10   6.5e-08   33.0   0.0   251   338   333   421   322   425 0.77 transcript=h1SMcT0012519.3 gene=h1SMcG0012519
h1SMcT0023109.2      -            857 303117at33208        -            343   3.4e-09   37.3   0.0   1   2   2.8e-06   0.00058   20.0   0.0    37    73    22    59     3   106 0.81 transcript=h1SMcT0023109.2 gene=h1SMcG0023109
h1SMcT0023109.2      -            857 303117at33208        -            343   3.4e-09   37.3   0.0   2   2   0.00014     0.029   14.4   0.0   223   311   262   356   256   380 0.81 transcript=h1SMcT0023109.2 gene=h1SMcG0023109
h1SMcT0023109.1      -            882 303117at33208        -            343   3.6e-09   37.2   0.0   1   2   2.9e-06   0.00061   20.0   0.0    37    73    22    59     3   106 0.81 transcript=h1SMcT0023109.1 gene=h1SMcG0023109
h1SMcT0023109.1      -            882 303117at33208        -            343   3.6e-09   37.2   0.0   2   2   0.00015     0.031   14.4   0.0   223   311   262   356   256   379 0.81 transcript=h1SMcT0023109.1 gene=h1SMcG0023109
h1SMcT0020884.3      -            490 303117at33208        -            343   6.5e-09   36.3   0.6   1   2   6.4e-05     0.013   15.6   0.1    48   180    23   169    12   185 0.69 transcript=h1SMcT0020884.3 gene=h1SMcG0020884
h1SMcT0020884.3      -            490 303117at33208        -            343   6.5e-09   36.3   0.6   2   2   7.8e-06    0.0016   18.6   0.0   252   313   394   455   387   488 0.79 transcript=h1SMcT0020884.3 gene=h1SMcG0020884
h1SMcT0010205.6      -            619 303117at33208        -            343     9e-09   35.8   0.6   1   3    0.0084       1.7    8.6   0.0    24    68    60   105    54   159 0.83 transcript=h1SMcT0010205.6 gene=h1SMcG0010205
h1SMcT0010205.6      -            619 303117at33208        -            343     9e-09   35.8   0.6   2   3   1.6e-07   3.2e-05   24.2   0.0   253   320   335   402   298   409 0.89 transcript=h1SMcT0010205.6 gene=h1SMcG0010205
h1SMcT0010205.6      -            619 303117at33208        -            343     9e-09   35.8   0.6   3   3       8.6   1.8e+03   -1.3   0.1   232   275   576   618   573   619 0.78 transcript=h1SMcT0010205.6 gene=h1SMcG0010205
h1SMcT0018774.2      -            816 303117at33208        -            343   9.6e-09   35.8   0.1   1   2    0.0014      0.29   11.2   0.0    39   167   128   259   108   266 0.77 transcript=h1SMcT0018774.2 gene=h1SMcG0018774
h1SMcT0018774.2      -            816 303117at33208        -            343   9.6e-09   35.8   0.1   2   2   6.5e-07   0.00013   22.1   0.0   248   312   545   608   539   636 0.84 transcript=h1SMcT0018774.2 gene=h1SMcG0018774
h1SMcT0018774.3      -            877 303117at33208        -            343   1.2e-08   35.5   0.1   1   2    0.0016      0.32   11.0   0.0    39   167   189   320   169   327 0.77 transcript=h1SMcT0018774.3 gene=h1SMcG0018774
h1SMcT0018774.3      -            877 303117at33208        -            343   1.2e-08   35.5   0.1   2   2   7.1e-07   0.00015   22.0   0.0   248   312   606   669   600   697 0.84 transcript=h1SMcT0018774.3 gene=h1SMcG0018774
h1SMcT0018774.1      -            880 303117at33208        -            343   1.2e-08   35.4   0.1   1   2    0.0016      0.33   11.0   0.0    39   167   192   323   172   330 0.77 transcript=h1SMcT0018774.1 gene=h1SMcG0018774
h1SMcT0018774.1      -            880 303117at33208        -            343   1.2e-08   35.4   0.1   2   2   7.2e-07   0.00015   22.0   0.0   248   312   609   672   603   700 0.84 transcript=h1SMcT0018774.1 gene=h1SMcG0018774
h1SMcT0018774.4      -            959 303117at33208        -            343   1.5e-08   35.1   0.1   1   2    0.0018      0.37   10.8   0.0    39   167   271   402   251   409 0.77 transcript=h1SMcT0018774.4 gene=h1SMcG0018774
h1SMcT0018774.4      -            959 303117at33208        -            343   1.5e-08   35.1   0.1   2   2     8e-07   0.00016   21.8   0.0   248   312   688   751   682   779 0.84 transcript=h1SMcT0018774.4 gene=h1SMcG0018774
h1SMcT0020884.2      -            825 303117at33208        -            343   2.3e-08   34.5   1.7   1   2   6.1e-05     0.013   15.6   0.4    22   180   262   435   249   450 0.67 transcript=h1SMcT0020884.2 gene=h1SMcG0020884
h1SMcT0020884.2      -            825 303117at33208        -            343   2.3e-08   34.5   1.7   2   2   1.6e-05    0.0034   17.5   0.0   252   313   729   790   722   823 0.79 transcript=h1SMcT0020884.2 gene=h1SMcG0020884
h1SMcT0019998.1      -            164 303117at33208        -            343   2.3e-08   34.5   0.1   1   1   1.4e-10   2.9e-08   34.2   0.1    23   101    51   131    47   148 0.82 transcript=h1SMcT0019998.1 gene=h1SMcG0019998
h1SMcT0019998.4      -            164 303117at33208        -            343   2.3e-08   34.5   0.1   1   1   1.4e-10   2.9e-08   34.2   0.1    23   101    51   131    47   148 0.82 transcript=h1SMcT0019998.4 gene=h1SMcG0019998
h1SMcT0020884.1      -            835 303117at33208        -            343   2.3e-08   34.5   1.7   1   2   6.3e-05     0.013   15.6   0.4    22   180   272   445   259   460 0.67 transcript=h1SMcT0020884.1 gene=h1SMcG0020884
h1SMcT0020884.1      -            835 303117at33208        -            343   2.3e-08   34.5   1.7   2   2   1.7e-05    0.0034   17.5   0.0   252   313   739   800   732   833 0.79 transcript=h1SMcT0020884.1 gene=h1SMcG0020884
h1SMcT0010205.4      -            734 303117at33208        -            343   2.4e-08   34.5   0.0   1   2     0.011       2.2    8.3   0.0    24    68    60   105    54   155 0.83 transcript=h1SMcT0010205.4 gene=h1SMcG0010205
h1SMcT0010205.4      -            734 303117at33208        -            343   2.4e-08   34.5   0.0   2   2     2e-07   4.1e-05   23.8   0.0   253   320   335   402   298   409 0.89 transcript=h1SMcT0010205.4 gene=h1SMcG0010205
h1SMcT0012412.1      -            482 303117at33208        -            343   7.4e-08   32.8   4.9   1   1   5.6e-10   1.2e-07   32.2   4.9    21   186    11   179     2   206 0.82 transcript=h1SMcT0012412.1 gene=h1SMcG0012412
h1SMcT0010208.1      -            424 303117at33208        -            343     1e-07   32.3   0.0   1   1   8.3e-10   1.7e-07   31.6   0.0   193   320    74   205    64   220 0.83 transcript=h1SMcT0010208.1 gene=h1SMcG0010208
h1SMcT0019841.1      -            970 303117at33208        -            343   1.8e-07   31.6   2.9   1   3   5.7e-07   0.00012   22.3   1.0    25   170   400   554   385   571 0.71 transcript=h1SMcT0019841.1 gene=h1SMcG0019841
h1SMcT0019841.1      -            970 303117at33208        -            343   1.8e-07   31.6   2.9   2   3       2.8   5.8e+02    0.3   0.0   217   246   646   675   629   691 0.81 transcript=h1SMcT0019841.1 gene=h1SMcG0019841
h1SMcT0019841.1      -            970 303117at33208        -            343   1.8e-07   31.6   2.9   3   3     0.042       8.6    6.3   0.0   252   288   725   761   719   797 0.87 transcript=h1SMcT0019841.1 gene=h1SMcG0019841
h1SMcT0019842.1      -           1189 303117at33208        -            343   2.6e-06   27.8   0.0   1   2   1.5e-06   0.00031   20.9   0.0    32   139   289   395   274   425 0.79 transcript=h1SMcT0019842.1 gene=h1SMcG0019842
h1SMcT0019842.1      -           1189 303117at33208        -            343   2.6e-06   27.8   0.0   2   2       0.2        42    4.0   0.0   252   288   594   630   573   686 0.68 transcript=h1SMcT0019842.1 gene=h1SMcG0019842
h1SMcT0010205.5      -            512 303117at33208        -            343   5.4e-06   26.7   0.1   1   2   1.2e-07   2.4e-05   24.6   0.0   253   320   228   295   190   302 0.89 transcript=h1SMcT0010205.5 gene=h1SMcG0010205
h1SMcT0010205.5      -            512 303117at33208        -            343   5.4e-06   26.7   0.1   2   2       6.8   1.4e+03   -1.0   0.1   232   275   469   511   466   512 0.78 transcript=h1SMcT0010205.5 gene=h1SMcG0010205
h1SMcT0002800.1      -            658 303117at33208        -            343   5.5e-06   26.7   0.0   1   1   8.1e-08   1.7e-05   25.1   0.0   249   317   209   278   164   307 0.79 transcript=h1SMcT0002800.1 gene=h1SMcG0002800
h1SMcT0016576.2      -           2099 303117at33208        -            343   7.1e-06   26.3   0.1   1   2     2e-05    0.0041   17.3   0.0    21   170    20   168     9   182 0.74 transcript=h1SMcT0016576.2 gene=h1SMcG0016576
h1SMcT0016576.2      -           2099 303117at33208        -            343   7.1e-06   26.3   0.1   2   2      0.04       8.2    6.4   0.0   252   310   366   428   358   452 0.74 transcript=h1SMcT0016576.2 gene=h1SMcG0016576
h1SMcT0008934.1      -            793 303117at33208        -            343   1.9e-05   24.9   0.1   1   2    0.0013      0.27   11.3   0.0    18    93    49   123    36   198 0.73 transcript=h1SMcT0008934.1 gene=h1SMcG0008934
h1SMcT0008934.1      -            793 303117at33208        -            343   1.9e-05   24.9   0.1   2   2    0.0013      0.27   11.3   0.0   250   311   384   449   364   479 0.76 transcript=h1SMcT0008934.1 gene=h1SMcG0008934
h1SMcT0008934.2      -            856 303117at33208        -            343   2.1e-05   24.7   0.1   1   2    0.0014       0.3   11.1   0.0    18    93    49   123    36   198 0.73 transcript=h1SMcT0008934.2 gene=h1SMcG0008934
h1SMcT0008934.2      -            856 303117at33208        -            343   2.1e-05   24.7   0.1   2   2    0.0014       0.3   11.1   0.0   250   311   384   449   364   479 0.76 transcript=h1SMcT0008934.2 gene=h1SMcG0008934
h1SMcT0009920.1      -           1697 303117at33208        -            343   3.6e-05   24.0   0.0   1   1   4.7e-07   9.8e-05   22.6   0.0    23   170   334   495   326   509 0.75 transcript=h1SMcT0009920.1 gene=h1SMcG0009920
h1SMcT0014963.2      -            467 303117at33208        -            343   9.1e-05   22.7   0.0   1   1   1.1e-06   0.00023   21.4   0.0    19    71   285   337   268   346 0.85 transcript=h1SMcT0014963.2 gene=h1SMcG0014963
h1SMcT0013166.2      -            968 303117at33208        -            343   0.00016   21.8   0.1   1   3   0.00014     0.028   14.5   0.0    58   173   102   214    85   224 0.81 transcript=h1SMcT0013166.2 gene=h1SMcG0013166
h1SMcT0013166.2      -            968 303117at33208        -            343   0.00016   21.8   0.1   2   3      0.44        91    2.9   0.0   262   305   444   493   425   509 0.73 transcript=h1SMcT0013166.2 gene=h1SMcG0013166
h1SMcT0013166.2      -            968 303117at33208        -            343   0.00016   21.8   0.1   3   3       4.6   9.5e+02   -0.4   0.0   127   146   518   537   497   547 0.85 transcript=h1SMcT0013166.2 gene=h1SMcG0013166
h1SMcT0013166.1      -            977 303117at33208        -            343   0.00017   21.8   0.1   1   3   0.00014     0.029   14.5   0.0    58   173   111   223    94   233 0.81 transcript=h1SMcT0013166.1 gene=h1SMcG0013166
h1SMcT0013166.1      -            977 303117at33208        -            343   0.00017   21.8   0.1   2   3      0.45        93    2.9   0.0   262   305   453   502   434   518 0.73 transcript=h1SMcT0013166.1 gene=h1SMcG0013166
h1SMcT0013166.1      -            977 303117at33208        -            343   0.00017   21.8   0.1   3   3       4.6   9.6e+02   -0.4   0.0   127   146   527   546   506   556 0.85 transcript=h1SMcT0013166.1 gene=h1SMcG0013166
h1SMcT0016121.2      -           1543 303117at33208        -            343   0.00056   20.1   0.5   1   2       1.1   2.3e+02    1.6   0.1   141   217    16    92    14   116 0.83 transcript=h1SMcT0016121.2 gene=h1SMcG0016121
h1SMcT0016121.2      -           1543 303117at33208        -            343   0.00056   20.1   0.5   2   2   5.7e-05     0.012   15.7   0.0   248   335   452   534   446   541 0.78 transcript=h1SMcT0016121.2 gene=h1SMcG0016121
h1SMcT0016121.1      -           1779 303117at33208        -            343   0.00074   19.7   0.5   1   2       1.3   2.7e+02    1.4   0.1   141   217   120   196   117   219 0.83 transcript=h1SMcT0016121.1 gene=h1SMcG0016121
h1SMcT0016121.1      -           1779 303117at33208        -            343   0.00074   19.7   0.5   2   2   6.7e-05     0.014   15.5   0.0   248   335   556   638   550   645 0.78 transcript=h1SMcT0016121.1 gene=h1SMcG0016121
h1SMcT0000674.1      -           1047 303117at33208        -            343    0.0074   16.4   0.1   1   2    0.0032      0.66   10.0   0.0    20   100   110   187    94   216 0.77 transcript=h1SMcT0000674.1 gene=h1SMcG0000674
h1SMcT0000674.1      -           1047 303117at33208        -            343    0.0074   16.4   0.1   2   2      0.26        54    3.7   0.0   259   320   456   524   448   536 0.73 transcript=h1SMcT0000674.1 gene=h1SMcG0000674
h1SMcT0011523.1      -           1014 303117at33208        -            343      0.11   12.5   1.2   1   1    0.0021      0.44   10.6   0.0    37   100   104   165    80   194 0.82 transcript=h1SMcT0011523.1 gene=h1SMcG0011523
h1SMcT0016196.3      -            503 303117at33208        -            343      0.34   10.9   0.0   1   1    0.0029      0.61   10.1   0.0    56    92   214   250   174   257 0.87 transcript=h1SMcT0016196.3 gene=h1SMcG0016196
#
# Program:         hmmsearch
# Version:         3.4 (Aug 2023)
# Pipeline mode:   SEARCH
# Query file:      /users/40483456/busco_datasets/busco_downloads/lineages/metazoa_odb10/hmms/303117at33208.hmm
# Target file:     /users/40483456/protein/schmidtea_mediterranea.fa
# Option settings: hmmsearch --domtblout /users/40483456/busco/results_pro/schmidtea_mediterranea_busco/run_metazoa_odb10/hmmer_output/initial_run_results/303117at33208.out --cpu 1 /users/40483456/busco_datasets/busco_downloads/lineages/metazoa_odb10/hmms/303117at33208.hmm /users/40483456/protein/schmidtea_mediterranea.fa 
# Current dir:     /users/40483456
# Date:            Thu Jan 15 18:01:17 2026
# [ok]
