#                                                                            --- full sequence --- -------------- this domain -------------   hmm coord   ali coord   env coord
# target name        accession   tlen query name           accession   qlen   E-value  score  bias   #  of  c-Evalue  i-Evalue  score  bias  from    to  from    to  from    to  acc description of target
#------------------- ---------- ----- -------------------- ---------- ----- --------- ------ ----- --- --- --------- --------- ------ ----- ----- ----- ----- ----- ----- ----- ---- ---------------------
h1SMcT0004192.4      -            718 395948at33208        -            416   3.1e-60  204.9  15.7   1   4   2.2e-60   6.2e-57  194.0   4.0    16   223    64   277    50   298 0.90 transcript=h1SMcT0004192.4 gene=h1SMcG0004192
h1SMcT0004192.4      -            718 395948at33208        -            416   3.1e-60  204.9  15.7   2   4   1.3e-05     0.037   13.6   0.0   261   347   355   441   335   489 0.81 transcript=h1SMcT0004192.4 gene=h1SMcG0004192
h1SMcT0004192.4      -            718 395948at33208        -            416   3.1e-60  204.9  15.7   3   4     0.015        41    3.5   0.8   332   410   608   680   592   687 0.75 transcript=h1SMcT0004192.4 gene=h1SMcG0004192
h1SMcT0004192.4      -            718 395948at33208        -            416   3.1e-60  204.9  15.7   4   4      0.55   1.5e+03   -1.7   0.0   345   380   680   716   675   718 0.68 transcript=h1SMcT0004192.4 gene=h1SMcG0004192
h1SMcT0004192.3      -            721 395948at33208        -            416   3.1e-60  204.9  15.7   1   4   2.3e-60   6.3e-57  194.0   4.0    16   223    67   280    53   301 0.90 transcript=h1SMcT0004192.3 gene=h1SMcG0004192
h1SMcT0004192.3      -            721 395948at33208        -            416   3.1e-60  204.9  15.7   2   4   1.3e-05     0.037   13.6   0.0   261   347   358   444   338   492 0.81 transcript=h1SMcT0004192.3 gene=h1SMcG0004192
h1SMcT0004192.3      -            721 395948at33208        -            416   3.1e-60  204.9  15.7   3   4     0.015        41    3.5   0.8   332   410   611   683   595   690 0.75 transcript=h1SMcT0004192.3 gene=h1SMcG0004192
h1SMcT0004192.3      -            721 395948at33208        -            416   3.1e-60  204.9  15.7   4   4      0.55   1.5e+03   -1.7   0.0   345   380   683   719   678   721 0.68 transcript=h1SMcT0004192.3 gene=h1SMcG0004192
h1SMcT0004192.2      -            677 395948at33208        -            416   4.5e-60  204.3  12.6   1   3     2e-60   5.5e-57  194.2   4.0    16   223    67   280    53   301 0.90 transcript=h1SMcT0004192.2 gene=h1SMcG0004192
h1SMcT0004192.2      -            677 395948at33208        -            416   4.5e-60  204.3  12.6   2   3   1.2e-05     0.034   13.7   0.0   261   347   358   444   337   490 0.81 transcript=h1SMcT0004192.2 gene=h1SMcG0004192
h1SMcT0004192.2      -            677 395948at33208        -            416   4.5e-60  204.3  12.6   3   3      0.14   3.9e+02    0.3   0.3   332   398   611   671   585   675 0.72 transcript=h1SMcT0004192.2 gene=h1SMcG0004192
h1SMcT0002801.1      -            528 395948at33208        -            416   8.9e-24   84.8  15.7   1   4   9.4e-24   2.6e-20   73.4   0.6   131   224    10   104     6   133 0.90 transcript=h1SMcT0002801.1 gene=h1SMcG0002801
h1SMcT0002801.1      -            528 395948at33208        -            416   8.9e-24   84.8  15.7   2   4   4.3e-06     0.012   15.2   0.0   262   353   179   270   153   308 0.82 transcript=h1SMcT0002801.1 gene=h1SMcG0002801
h1SMcT0002801.1      -            528 395948at33208        -            416   8.9e-24   84.8  15.7   3   4     0.045   1.3e+02    1.9   4.8   326   410   415   494   307   500 0.67 transcript=h1SMcT0002801.1 gene=h1SMcG0002801
h1SMcT0002801.1      -            528 395948at33208        -            416   8.9e-24   84.8  15.7   4   4      0.43   1.2e+03   -1.3   0.1   344   377   494   527   490   528 0.80 transcript=h1SMcT0002801.1 gene=h1SMcG0002801
h1SMcT0002802.1      -            142 395948at33208        -            416   2.3e-21   76.9   0.5   1   1   9.6e-25   2.7e-21   76.6   0.5    18   108    53   142    37   142 0.88 transcript=h1SMcT0002802.1 gene=h1SMcG0002802
h1SMcT0002801.2      -            189 395948at33208        -            416   2.4e-21   76.7   0.7   1   1   1.1e-24     3e-21   76.4   0.7   131   224    10   104     6   135 0.89 transcript=h1SMcT0002801.2 gene=h1SMcG0002801
h1SMcT0008552.1      -            262 395948at33208        -            416   0.00094   18.8   0.6   1   1   6.2e-07    0.0017   17.9   0.1    17    61   203   247   187   260 0.81 transcript=h1SMcT0008552.1 gene=h1SMcG0008552
h1SMcT0003288.1      -            231 395948at33208        -            416    0.0015   18.2   3.8   1   2     0.012        34    3.8   0.0    27    51     9    33     3    56 0.86 transcript=h1SMcT0003288.1 gene=h1SMcG0003288
h1SMcT0003288.1      -            231 395948at33208        -            416    0.0015   18.2   3.8   2   2     1e-05     0.029   13.9   1.8    24    62   110   149    93   186 0.83 transcript=h1SMcT0003288.1 gene=h1SMcG0003288
h1SMcT0016931.1      -            702 395948at33208        -            416     0.002   17.8   0.2   1   1   1.3e-06    0.0037   16.9   0.2    24    56   287   319   282   339 0.89 transcript=h1SMcT0016931.1 gene=h1SMcG0016931
h1SMcT0016931.3      -            702 395948at33208        -            416     0.002   17.8   0.2   1   1   1.3e-06    0.0037   16.9   0.2    24    56   287   319   282   339 0.89 transcript=h1SMcT0016931.3 gene=h1SMcG0016931
h1SMcT0016931.2      -            714 395948at33208        -            416     0.002   17.7   0.2   1   1   1.4e-06    0.0038   16.8   0.2    24    56   299   331   294   351 0.89 transcript=h1SMcT0016931.2 gene=h1SMcG0016931
h1SMcT0003288.2      -            418 395948at33208        -            416     0.029   13.9   0.6   1   3     0.024        67    2.8   0.0    28    51    10    33     3    82 0.88 transcript=h1SMcT0003288.2 gene=h1SMcG0003288
h1SMcT0003288.2      -            418 395948at33208        -            416     0.029   13.9   0.6   2   3     1e-05     0.029   13.9   0.6    24    60   110   146    93   161 0.85 transcript=h1SMcT0003288.2 gene=h1SMcG0003288
h1SMcT0003288.2      -            418 395948at33208        -            416     0.029   13.9   0.6   3   3      0.53   1.5e+03   -1.6   5.1    54   128   264   340   260   348 0.75 transcript=h1SMcT0003288.2 gene=h1SMcG0003288
#
# Program:         hmmsearch
# Version:         3.4 (Aug 2023)
# Pipeline mode:   SEARCH
# Query file:      /users/40483456/busco_datasets/busco_downloads/lineages/metazoa_odb10/hmms/395948at33208.hmm
# Target file:     /users/40483456/protein/schmidtea_mediterranea.fa
# Option settings: hmmsearch --domtblout /users/40483456/busco/results_pro/schmidtea_mediterranea_busco/run_metazoa_odb10/hmmer_output/initial_run_results/395948at33208.out --cpu 1 /users/40483456/busco_datasets/busco_downloads/lineages/metazoa_odb10/hmms/395948at33208.hmm /users/40483456/protein/schmidtea_mediterranea.fa 
# Current dir:     /users/40483456
# Date:            Thu Jan 15 18:01:30 2026
# [ok]
