#                                                                            --- full sequence --- -------------- this domain -------------   hmm coord   ali coord   env coord
# target name        accession   tlen query name           accession   qlen   E-value  score  bias   #  of  c-Evalue  i-Evalue  score  bias  from    to  from    to  from    to  acc description of target
#------------------- ---------- ----- -------------------- ---------- ----- --------- ------ ----- --- --- --------- --------- ------ ----- ----- ----- ----- ----- ----- ----- ---- ---------------------
h1SMcT0019351.3      -            662 443305at33208        -            419   2.1e-35  123.1  21.5   1   5   0.00084       2.2    7.8   5.5     1    68    54   144    54   165 0.65 transcript=h1SMcT0019351.3 gene=h1SMcG0019351
h1SMcT0019351.3      -            662 443305at33208        -            419   2.1e-35  123.1  21.5   2   5     0.028        72    2.7   0.0    86   125   188   238   182   248 0.68 transcript=h1SMcT0019351.3 gene=h1SMcG0019351
h1SMcT0019351.3      -            662 443305at33208        -            419   2.1e-35  123.1  21.5   3   5     0.054   1.4e+02    1.8   0.1   147   168   295   316   284   321 0.87 transcript=h1SMcT0019351.3 gene=h1SMcG0019351
h1SMcT0019351.3      -            662 443305at33208        -            419   2.1e-35  123.1  21.5   4   5   0.00032      0.83    9.1   0.1   175   208   354   390   342   395 0.77 transcript=h1SMcT0019351.3 gene=h1SMcG0019351
h1SMcT0019351.3      -            662 443305at33208        -            419   2.1e-35  123.1  21.5   5   5   7.9e-33     2e-29  103.4   0.6   206   404   413   633   409   642 0.85 transcript=h1SMcT0019351.3 gene=h1SMcG0019351
h1SMcT0019351.4      -            662 443305at33208        -            419   3.1e-35  122.5  21.1   1   5   0.00088       2.3    7.7   5.5     1    68    54   144    54   165 0.65 transcript=h1SMcT0019351.4 gene=h1SMcG0019351
h1SMcT0019351.4      -            662 443305at33208        -            419   3.1e-35  122.5  21.1   2   5     0.053   1.4e+02    1.8   0.0    87   125   189   238   183   248 0.68 transcript=h1SMcT0019351.4 gene=h1SMcG0019351
h1SMcT0019351.4      -            662 443305at33208        -            419   3.1e-35  122.5  21.1   3   5     0.054   1.4e+02    1.8   0.1   147   168   295   316   284   321 0.87 transcript=h1SMcT0019351.4 gene=h1SMcG0019351
h1SMcT0019351.4      -            662 443305at33208        -            419   3.1e-35  122.5  21.1   4   5   0.00032      0.83    9.1   0.1   175   208   354   390   342   395 0.77 transcript=h1SMcT0019351.4 gene=h1SMcG0019351
h1SMcT0019351.4      -            662 443305at33208        -            419   3.1e-35  122.5  21.1   5   5   7.4e-33   1.9e-29  103.5   0.6   206   404   413   633   409   642 0.85 transcript=h1SMcT0019351.4 gene=h1SMcG0019351
h1SMcT0019351.5      -            594 443305at33208        -            419   2.8e-34  119.4  17.6   1   5    0.0075        19    4.6   2.6    46    68    50    72     5    91 0.72 transcript=h1SMcT0019351.5 gene=h1SMcG0019351
h1SMcT0019351.5      -            594 443305at33208        -            419   2.8e-34  119.4  17.6   2   5     0.046   1.2e+02    2.0   0.0    87   125   117   166   111   176 0.68 transcript=h1SMcT0019351.5 gene=h1SMcG0019351
h1SMcT0019351.5      -            594 443305at33208        -            419   2.8e-34  119.4  17.6   3   5     0.048   1.2e+02    2.0   0.1   147   168   223   244   212   249 0.87 transcript=h1SMcT0019351.5 gene=h1SMcG0019351
h1SMcT0019351.5      -            594 443305at33208        -            419   2.8e-34  119.4  17.6   4   5   0.00028      0.72    9.3   0.1   175   208   282   318   270   323 0.77 transcript=h1SMcT0019351.5 gene=h1SMcG0019351
h1SMcT0019351.5      -            594 443305at33208        -            419   2.8e-34  119.4  17.6   5   5   6.9e-33   1.8e-29  103.6   0.5   206   405   341   561   337   565 0.84 transcript=h1SMcT0019351.5 gene=h1SMcG0019351
h1SMcT0019351.8      -            590 443305at33208        -            419   3.2e-34  119.2  18.2   1   5    0.0074        19    4.6   2.6    46    68    50    72     5    91 0.72 transcript=h1SMcT0019351.8 gene=h1SMcG0019351
h1SMcT0019351.8      -            590 443305at33208        -            419   3.2e-34  119.2  18.2   2   5     0.046   1.2e+02    2.1   0.0    87   125   117   166   111   176 0.68 transcript=h1SMcT0019351.8 gene=h1SMcG0019351
h1SMcT0019351.8      -            590 443305at33208        -            419   3.2e-34  119.2  18.2   3   5     0.048   1.2e+02    2.0   0.1   147   168   223   244   212   249 0.87 transcript=h1SMcT0019351.8 gene=h1SMcG0019351
h1SMcT0019351.8      -            590 443305at33208        -            419   3.2e-34  119.2  18.2   4   5   0.00028      0.72    9.3   0.1   175   208   282   318   270   323 0.77 transcript=h1SMcT0019351.8 gene=h1SMcG0019351
h1SMcT0019351.8      -            590 443305at33208        -            419   3.2e-34  119.2  18.2   5   5   6.1e-33   1.6e-29  103.8   0.7   206   404   341   561   337   570 0.85 transcript=h1SMcT0019351.8 gene=h1SMcG0019351
h1SMcT0019352.2      -            590 443305at33208        -            419   3.2e-34  119.2  18.2   1   5    0.0074        19    4.6   2.6    46    68    50    72     5    91 0.72 transcript=h1SMcT0019352.2 gene=h1SMcG0019352
h1SMcT0019352.2      -            590 443305at33208        -            419   3.2e-34  119.2  18.2   2   5     0.046   1.2e+02    2.1   0.0    87   125   117   166   111   176 0.68 transcript=h1SMcT0019352.2 gene=h1SMcG0019352
h1SMcT0019352.2      -            590 443305at33208        -            419   3.2e-34  119.2  18.2   3   5     0.048   1.2e+02    2.0   0.1   147   168   223   244   212   249 0.87 transcript=h1SMcT0019352.2 gene=h1SMcG0019352
h1SMcT0019352.2      -            590 443305at33208        -            419   3.2e-34  119.2  18.2   4   5   0.00028      0.72    9.3   0.1   175   208   282   318   270   323 0.77 transcript=h1SMcT0019352.2 gene=h1SMcG0019352
h1SMcT0019352.2      -            590 443305at33208        -            419   3.2e-34  119.2  18.2   5   5   6.1e-33   1.6e-29  103.8   0.7   206   404   341   561   337   570 0.85 transcript=h1SMcT0019352.2 gene=h1SMcG0019352
h1SMcT0019351.1      -            430 443305at33208        -            419     6e-34  118.3   6.0   1   3     0.029        75    2.7   0.0   147   168    63    84    33    89 0.89 transcript=h1SMcT0019351.1 gene=h1SMcG0019351
h1SMcT0019351.1      -            430 443305at33208        -            419     6e-34  118.3   6.0   2   3   0.00018      0.47   10.0   0.1   175   208   122   158   109   163 0.77 transcript=h1SMcT0019351.1 gene=h1SMcG0019351
h1SMcT0019351.1      -            430 443305at33208        -            419     6e-34  118.3   6.0   3   3   2.9e-33   7.6e-30  104.8   0.7   206   404   181   401   176   410 0.85 transcript=h1SMcT0019351.1 gene=h1SMcG0019351
h1SMcT0019351.7      -            222 443305at33208        -            419     2e-23   83.7   1.1   1   1   6.8e-26   1.7e-22   80.5   1.1   234   404     1   193     1   202 0.83 transcript=h1SMcT0019351.7 gene=h1SMcG0019351
h1SMcT0019351.6      -            195 443305at33208        -            419   1.8e-19   70.6   0.9   1   1   6.7e-22   1.7e-18   67.4   0.9   273   404    20   166     5   176 0.83 transcript=h1SMcT0019351.6 gene=h1SMcG0019351
h1SMcT0019352.1      -            414 443305at33208        -            419   1.1e-12   48.3  11.4   1   5    0.0044        11    5.4   2.6    46    68    50    72     5    93 0.72 transcript=h1SMcT0019352.1 gene=h1SMcG0019352
h1SMcT0019352.1      -            414 443305at33208        -            419   1.1e-12   48.3  11.4   2   5     0.028        72    2.8   0.0    87   125   117   166   110   176 0.68 transcript=h1SMcT0019352.1 gene=h1SMcG0019352
h1SMcT0019352.1      -            414 443305at33208        -            419   1.1e-12   48.3  11.4   3   5     0.031        79    2.6   0.1   147   168   223   244   210   249 0.87 transcript=h1SMcT0019352.1 gene=h1SMcG0019352
h1SMcT0019352.1      -            414 443305at33208        -            419   1.1e-12   48.3  11.4   4   5   0.00017      0.45   10.0   0.1   175   208   282   318   269   323 0.77 transcript=h1SMcT0019352.1 gene=h1SMcG0019352
h1SMcT0019352.1      -            414 443305at33208        -            419   1.1e-12   48.3  11.4   5   5   3.2e-09   8.3e-06   25.6   0.0   206   264   341   401   336   406 0.87 transcript=h1SMcT0019352.1 gene=h1SMcG0019352
h1SMcT0020451.2      -            167 443305at33208        -            419   5.7e-07   29.4   0.1   1   1   2.2e-09   5.7e-06   26.1   0.1   252   359    26   149    10   154 0.71 transcript=h1SMcT0020451.2 gene=h1SMcG0020451
h1SMcT0020451.1      -            172 443305at33208        -            419   6.1e-07   29.3   0.1   1   1   2.3e-09   5.9e-06   26.1   0.1   251   359    30   154    12   159 0.72 transcript=h1SMcT0020451.1 gene=h1SMcG0020451
h1SMcT0020451.3      -            154 443305at33208        -            419   7.4e-07   29.1   0.1   1   1   2.6e-09   6.6e-06   25.9   0.1   251   357    25   147     8   153 0.70 transcript=h1SMcT0020451.3 gene=h1SMcG0020451
h1SMcT0019351.2      -            263 443305at33208        -            419    0.0002   21.0   7.6   1   2   0.00017      0.45   10.0   5.6     1    68    54   144    54   165 0.65 transcript=h1SMcT0019351.2 gene=h1SMcG0019351
h1SMcT0019351.2      -            263 443305at33208        -            419    0.0002   21.0   7.6   2   2    0.0042        11    5.5   0.0    86   131   188   244   182   247 0.71 transcript=h1SMcT0019351.2 gene=h1SMcG0019351
#
# Program:         hmmsearch
# Version:         3.4 (Aug 2023)
# Pipeline mode:   SEARCH
# Query file:      /users/40483456/busco_datasets/busco_downloads/lineages/metazoa_odb10/hmms/443305at33208.hmm
# Target file:     /users/40483456/protein/schmidtea_mediterranea.fa
# Option settings: hmmsearch --domtblout /users/40483456/busco/results_pro/schmidtea_mediterranea_busco/run_metazoa_odb10/hmmer_output/initial_run_results/443305at33208.out --cpu 1 /users/40483456/busco_datasets/busco_downloads/lineages/metazoa_odb10/hmms/443305at33208.hmm /users/40483456/protein/schmidtea_mediterranea.fa 
# Current dir:     /users/40483456
# Date:            Thu Jan 15 18:01:52 2026
# [ok]
