#                                                                            --- full sequence --- -------------- this domain -------------   hmm coord   ali coord   env coord
# target name        accession   tlen query name           accession   qlen   E-value  score  bias   #  of  c-Evalue  i-Evalue  score  bias  from    to  from    to  from    to  acc description of target
#------------------- ---------- ----- -------------------- ---------- ----- --------- ------ ----- --- --- --------- --------- ------ ----- ----- ----- ----- ----- ----- ----- ---- ---------------------
h1SMcT0013441.1      -            145 501546at33208        -            146   6.6e-12   46.7   1.6   1   1   1.7e-14   1.9e-11   45.2   1.6    28   117     3    99     1   144 0.83 transcript=h1SMcT0013441.1 gene=h1SMcG0013441
h1SMcT0019979.22     -            342 501546at33208        -            146    0.0002   22.5   1.8   1   2   0.00092         1   10.4   0.1    47   110   117   180    71   189 0.86 transcript=h1SMcT0019979.22 gene=h1SMcG0019979
h1SMcT0019979.22     -            342 501546at33208        -            146    0.0002   22.5   1.8   2   2    0.0016       1.8    9.7   0.2    45   140   193   283   188   286 0.90 transcript=h1SMcT0019979.22 gene=h1SMcG0019979
h1SMcT0019979.12     -            419 501546at33208        -            146   0.00021   22.4   1.9   1   4       7.5   8.3e+03   -2.2   0.0    58   113    49   104     8   124 0.59 transcript=h1SMcT0019979.12 gene=h1SMcG0019979
h1SMcT0019979.12     -            419 501546at33208        -            146   0.00021   22.4   1.9   2   4      0.77   8.6e+02    1.0   0.0    48   113   116   181   104   194 0.64 transcript=h1SMcT0019979.12 gene=h1SMcG0019979
h1SMcT0019979.12     -            419 501546at33208        -            146   0.00021   22.4   1.9   3   4    0.0014       1.5    9.9   0.1    47   110   194   257   157   268 0.87 transcript=h1SMcT0019979.12 gene=h1SMcG0019979
h1SMcT0019979.12     -            419 501546at33208        -            146   0.00021   22.4   1.9   4   4    0.0024       2.6    9.1   0.2    45   140   270   360   266   363 0.90 transcript=h1SMcT0019979.12 gene=h1SMcG0019979
h1SMcT0019979.15     -            426 501546at33208        -            146   0.00025   22.2   2.4   1   4       3.3   3.7e+03   -1.1   0.0    51   111    49   109    13   136 0.59 transcript=h1SMcT0019979.15 gene=h1SMcG0019979
h1SMcT0019979.15     -            426 501546at33208        -            146   0.00025   22.2   2.4   2   4       0.8   8.9e+02    0.9   0.0    48   113   123   188   105   199 0.65 transcript=h1SMcT0019979.15 gene=h1SMcG0019979
h1SMcT0019979.15     -            426 501546at33208        -            146   0.00025   22.2   2.4   3   4    0.0014       1.5    9.9   0.1    47   110   201   264   163   274 0.87 transcript=h1SMcT0019979.15 gene=h1SMcG0019979
h1SMcT0019979.15     -            426 501546at33208        -            146   0.00025   22.2   2.4   4   4    0.0023       2.6    9.1   0.2    45   140   277   367   272   370 0.90 transcript=h1SMcT0019979.15 gene=h1SMcG0019979
h1SMcT0019979.27     -            426 501546at33208        -            146   0.00025   22.2   2.4   1   4       3.3   3.7e+03   -1.1   0.0    51   111    49   109    13   136 0.59 transcript=h1SMcT0019979.27 gene=h1SMcG0019979
h1SMcT0019979.27     -            426 501546at33208        -            146   0.00025   22.2   2.4   2   4       0.8   8.9e+02    0.9   0.0    48   113   123   188   105   199 0.65 transcript=h1SMcT0019979.27 gene=h1SMcG0019979
h1SMcT0019979.27     -            426 501546at33208        -            146   0.00025   22.2   2.4   3   4    0.0014       1.5    9.9   0.1    47   110   201   264   163   274 0.87 transcript=h1SMcT0019979.27 gene=h1SMcG0019979
h1SMcT0019979.27     -            426 501546at33208        -            146   0.00025   22.2   2.4   4   4    0.0023       2.6    9.1   0.2    45   140   277   367   272   370 0.90 transcript=h1SMcT0019979.27 gene=h1SMcG0019979
h1SMcT0019979.24     -            342 501546at33208        -            146   0.00027   22.0   0.9   1   2    0.0011       1.2   10.2   0.0    47   110   117   180    83   190 0.89 transcript=h1SMcT0019979.24 gene=h1SMcG0019979
h1SMcT0019979.24     -            342 501546at33208        -            146   0.00027   22.0   0.9   2   2    0.0016       1.8    9.6   0.2    45   140   193   283   188   286 0.90 transcript=h1SMcT0019979.24 gene=h1SMcG0019979
h1SMcT0019979.14     -            394 501546at33208        -            146    0.0004   21.5   1.5   1   3       6.2   6.9e+03   -2.0   0.0    78   104    69    95     8   121 0.61 transcript=h1SMcT0019979.14 gene=h1SMcG0019979
h1SMcT0019979.14     -            394 501546at33208        -            146    0.0004   21.5   1.5   2   3    0.0014       1.5    9.9   0.0    47   110   196   259   164   268 0.89 transcript=h1SMcT0019979.14 gene=h1SMcG0019979
h1SMcT0019979.14     -            394 501546at33208        -            146    0.0004   21.5   1.5   3   3     0.002       2.3    9.3   0.2    45   140   272   362   267   365 0.90 transcript=h1SMcT0019979.14 gene=h1SMcG0019979
h1SMcT0019979.18     -            394 501546at33208        -            146    0.0004   21.5   1.5   1   3       6.2   6.9e+03   -2.0   0.0    78   104    69    95     8   121 0.61 transcript=h1SMcT0019979.18 gene=h1SMcG0019979
h1SMcT0019979.18     -            394 501546at33208        -            146    0.0004   21.5   1.5   2   3    0.0014       1.5    9.9   0.0    47   110   196   259   164   268 0.89 transcript=h1SMcT0019979.18 gene=h1SMcG0019979
h1SMcT0019979.18     -            394 501546at33208        -            146    0.0004   21.5   1.5   3   3     0.002       2.3    9.3   0.2    45   140   272   362   267   365 0.90 transcript=h1SMcT0019979.18 gene=h1SMcG0019979
h1SMcT0019979.7      -            390 501546at33208        -            146   0.00041   21.4   1.6   1   2    0.0013       1.5    9.9   0.0    47   110   196   259   161   268 0.89 transcript=h1SMcT0019979.7 gene=h1SMcG0019979
h1SMcT0019979.7      -            390 501546at33208        -            146   0.00041   21.4   1.6   2   2     0.002       2.2    9.3   0.2    45   140   272   362   267   365 0.90 transcript=h1SMcT0019979.7 gene=h1SMcG0019979
h1SMcT0019979.31     -            399 501546at33208        -            146   0.00049   21.2   1.5   1   2    0.0014       1.5    9.9   0.0    47   110   185   248   150   258 0.89 transcript=h1SMcT0019979.31 gene=h1SMcG0019979
h1SMcT0019979.31     -            399 501546at33208        -            146   0.00049   21.2   1.5   2   2    0.0022       2.4    9.2   0.2    45   140   261   351   257   354 0.90 transcript=h1SMcT0019979.31 gene=h1SMcG0019979
h1SMcT0019979.26     -            498 501546at33208        -            146   0.00051   21.1   2.8   1   4       3.8   4.2e+03   -1.3   0.0    50   104   120   174    74   205 0.56 transcript=h1SMcT0019979.26 gene=h1SMcG0019979
h1SMcT0019979.26     -            498 501546at33208        -            146   0.00051   21.1   2.8   2   4      0.83   9.2e+02    0.8   0.1    48   113   195   260   164   278 0.70 transcript=h1SMcT0019979.26 gene=h1SMcG0019979
h1SMcT0019979.26     -            498 501546at33208        -            146   0.00051   21.1   2.8   3   4    0.0018         2    9.5   0.1    47   110   273   336   236   346 0.87 transcript=h1SMcT0019979.26 gene=h1SMcG0019979
h1SMcT0019979.26     -            498 501546at33208        -            146   0.00051   21.1   2.8   4   4     0.003       3.4    8.8   0.2    45   140   349   439   344   442 0.90 transcript=h1SMcT0019979.26 gene=h1SMcG0019979
h1SMcT0019979.28     -            410 501546at33208        -            146   0.00052   21.1   1.7   1   2    0.0014       1.6    9.8   0.0    47   110   196   259   159   268 0.89 transcript=h1SMcT0019979.28 gene=h1SMcG0019979
h1SMcT0019979.28     -            410 501546at33208        -            146   0.00052   21.1   1.7   2   2    0.0022       2.5    9.2   0.2    45   140   272   362   268   365 0.90 transcript=h1SMcT0019979.28 gene=h1SMcG0019979
h1SMcT0019979.8      -            410 501546at33208        -            146   0.00052   21.1   1.7   1   2    0.0014       1.6    9.8   0.0    47   110   196   259   159   268 0.89 transcript=h1SMcT0019979.8 gene=h1SMcG0019979
h1SMcT0019979.8      -            410 501546at33208        -            146   0.00052   21.1   1.7   2   2    0.0022       2.5    9.2   0.2    45   140   272   362   268   365 0.90 transcript=h1SMcT0019979.8 gene=h1SMcG0019979
h1SMcT0019979.9      -            410 501546at33208        -            146   0.00052   21.1   1.7   1   2    0.0014       1.6    9.8   0.0    47   110   196   259   159   268 0.89 transcript=h1SMcT0019979.9 gene=h1SMcG0019979
h1SMcT0019979.9      -            410 501546at33208        -            146   0.00052   21.1   1.7   2   2    0.0022       2.5    9.2   0.2    45   140   272   362   268   365 0.90 transcript=h1SMcT0019979.9 gene=h1SMcG0019979
h1SMcT0019979.11     -            410 501546at33208        -            146   0.00053   21.1   1.7   1   2    0.0014       1.6    9.8   0.0    47   110   196   259   159   268 0.89 transcript=h1SMcT0019979.11 gene=h1SMcG0019979
h1SMcT0019979.11     -            410 501546at33208        -            146   0.00053   21.1   1.7   2   2    0.0022       2.5    9.2   0.2    45   140   272   362   268   365 0.90 transcript=h1SMcT0019979.11 gene=h1SMcG0019979
h1SMcT0019979.21     -            498 501546at33208        -            146   0.00054   21.1   2.8   1   4       3.8   4.2e+03   -1.3   0.0    50   104   120   174    74   205 0.56 transcript=h1SMcT0019979.21 gene=h1SMcG0019979
h1SMcT0019979.21     -            498 501546at33208        -            146   0.00054   21.1   2.8   2   4      0.83   9.2e+02    0.8   0.1    48   113   195   260   164   278 0.70 transcript=h1SMcT0019979.21 gene=h1SMcG0019979
h1SMcT0019979.21     -            498 501546at33208        -            146   0.00054   21.1   2.8   3   4    0.0018         2    9.5   0.1    47   110   273   336   236   346 0.87 transcript=h1SMcT0019979.21 gene=h1SMcG0019979
h1SMcT0019979.21     -            498 501546at33208        -            146   0.00054   21.1   2.8   4   4     0.003       3.4    8.8   0.2    45   140   349   439   344   442 0.90 transcript=h1SMcT0019979.21 gene=h1SMcG0019979
h1SMcT0019979.33     -            226 501546at33208        -            146   0.00059   21.0   0.5   1   1   1.7e-06    0.0019   19.3   0.5    47   140    79   167    46   172 0.92 transcript=h1SMcT0019979.33 gene=h1SMcG0019979
h1SMcT0019979.19     -            487 501546at33208        -            146   0.00061   20.9   3.1   1   4         4   4.5e+03   -1.4   0.0    50   108   120   178    80   205 0.57 transcript=h1SMcT0019979.19 gene=h1SMcG0019979
h1SMcT0019979.19     -            487 501546at33208        -            146   0.00061   20.9   3.1   2   4      0.98   1.1e+03    0.6   0.0    48   113   195   260   179   271 0.64 transcript=h1SMcT0019979.19 gene=h1SMcG0019979
h1SMcT0019979.19     -            487 501546at33208        -            146   0.00061   20.9   3.1   3   4    0.0018         2    9.5   0.1    47   109   273   335   236   343 0.87 transcript=h1SMcT0019979.19 gene=h1SMcG0019979
h1SMcT0019979.19     -            487 501546at33208        -            146   0.00061   20.9   3.1   4   4    0.0029       3.3    8.8   0.2    45   140   349   439   344   442 0.90 transcript=h1SMcT0019979.19 gene=h1SMcG0019979
h1SMcT0019979.25     -            487 501546at33208        -            146   0.00061   20.9   3.1   1   4         4   4.5e+03   -1.4   0.0    50   108   120   178    80   205 0.57 transcript=h1SMcT0019979.25 gene=h1SMcG0019979
h1SMcT0019979.25     -            487 501546at33208        -            146   0.00061   20.9   3.1   2   4      0.98   1.1e+03    0.6   0.0    48   113   195   260   179   271 0.64 transcript=h1SMcT0019979.25 gene=h1SMcG0019979
h1SMcT0019979.25     -            487 501546at33208        -            146   0.00061   20.9   3.1   3   4    0.0018         2    9.5   0.1    47   109   273   335   236   343 0.87 transcript=h1SMcT0019979.25 gene=h1SMcG0019979
h1SMcT0019979.25     -            487 501546at33208        -            146   0.00061   20.9   3.1   4   4    0.0029       3.3    8.8   0.2    45   140   349   439   344   442 0.90 transcript=h1SMcT0019979.25 gene=h1SMcG0019979
h1SMcT0019979.30     -            421 501546at33208        -            146   0.00095   20.3   2.5   1   3       6.4   7.2e+03   -2.0   0.0    81   104    72    95     9   126 0.62 transcript=h1SMcT0019979.30 gene=h1SMcG0019979
h1SMcT0019979.30     -            421 501546at33208        -            146   0.00095   20.3   2.5   2   3    0.0015       1.7    9.7   0.0    47   110   196   259   164   269 0.89 transcript=h1SMcT0019979.30 gene=h1SMcG0019979
h1SMcT0019979.30     -            421 501546at33208        -            146   0.00095   20.3   2.5   3   3    0.0023       2.6    9.1   0.2    45   140   272   362   267   365 0.90 transcript=h1SMcT0019979.30 gene=h1SMcG0019979
h1SMcT0019979.29     -            421 501546at33208        -            146     0.001   20.2   2.5   1   3       6.4   7.2e+03   -2.0   0.0    81   104    72    95     9   126 0.62 transcript=h1SMcT0019979.29 gene=h1SMcG0019979
h1SMcT0019979.29     -            421 501546at33208        -            146     0.001   20.2   2.5   2   3    0.0015       1.7    9.7   0.0    47   110   196   259   164   269 0.89 transcript=h1SMcT0019979.29 gene=h1SMcG0019979
h1SMcT0019979.29     -            421 501546at33208        -            146     0.001   20.2   2.5   3   3    0.0023       2.6    9.1   0.2    45   140   272   362   267   365 0.90 transcript=h1SMcT0019979.29 gene=h1SMcG0019979
h1SMcT0019980.11     -            339 501546at33208        -            146     0.006   17.7   0.4   1   2     0.047        52    4.9   0.0    47   110   117   180   109   187 0.86 transcript=h1SMcT0019980.11 gene=h1SMcG0019980
h1SMcT0019980.11     -            339 501546at33208        -            146     0.006   17.7   0.4   2   2    0.0011       1.2   10.2   0.2    45   140   193   283   188   285 0.88 transcript=h1SMcT0019980.11 gene=h1SMcG0019980
h1SMcT0019980.7      -            189 501546at33208        -            146    0.0071   17.4   0.2   1   1   1.2e-05     0.013   16.6   0.2    46   140    44   133    15   136 0.93 transcript=h1SMcT0019980.7 gene=h1SMcG0019980
h1SMcT0001435.1      -            353 501546at33208        -            146    0.0079   17.3   0.5   1   1   1.8e-05      0.02   16.0   0.2    38   119   172   254   164   269 0.83 transcript=h1SMcT0001435.1 gene=h1SMcG0001435
h1SMcT0019980.12     -            400 501546at33208        -            146    0.0089   17.1   0.8   1   3       6.7   7.5e+03   -2.1   0.0    43    43   100   100    42   141 0.65 transcript=h1SMcT0019980.12 gene=h1SMcG0019980
h1SMcT0019980.12     -            400 501546at33208        -            146    0.0089   17.1   0.8   2   3     0.053        59    4.7   0.0    47   111   178   242   166   249 0.86 transcript=h1SMcT0019980.12 gene=h1SMcG0019980
h1SMcT0019980.12     -            400 501546at33208        -            146    0.0089   17.1   0.8   3   3    0.0014       1.6    9.8   0.1    45   140   254   344   247   346 0.88 transcript=h1SMcT0019980.12 gene=h1SMcG0019980
h1SMcT0019980.5      -            393 501546at33208        -            146     0.009   17.1   0.9   1   2     0.053        59    4.7   0.0    47   111   196   260   186   268 0.86 transcript=h1SMcT0019980.5 gene=h1SMcG0019980
h1SMcT0019980.5      -            393 501546at33208        -            146     0.009   17.1   0.9   2   2    0.0015       1.6    9.8   0.1    45   140   272   362   268   364 0.88 transcript=h1SMcT0019980.5 gene=h1SMcG0019980
h1SMcT0019980.6      -            396 501546at33208        -            146    0.0094   17.1   0.9   1   2     0.052        58    4.7   0.0    47   111   196   260   186   269 0.86 transcript=h1SMcT0019980.6 gene=h1SMcG0019980
h1SMcT0019980.6      -            396 501546at33208        -            146    0.0094   17.1   0.9   2   2    0.0015       1.7    9.8   0.1    45   140   272   362   268   364 0.88 transcript=h1SMcT0019980.6 gene=h1SMcG0019980
h1SMcT0019980.2      -            418 501546at33208        -            146     0.018   16.2   1.7   1   2     0.057        63    4.6   0.0    47   110   196   259   179   266 0.86 transcript=h1SMcT0019980.2 gene=h1SMcG0019980
h1SMcT0019980.2      -            418 501546at33208        -            146     0.018   16.2   1.7   2   2    0.0016       1.8    9.6   0.2    45   140   272   362   268   364 0.88 transcript=h1SMcT0019980.2 gene=h1SMcG0019980
h1SMcT0019980.4      -            418 501546at33208        -            146     0.018   16.2   1.7   1   2     0.057        63    4.6   0.0    47   110   196   259   179   266 0.86 transcript=h1SMcT0019980.4 gene=h1SMcG0019980
h1SMcT0019980.4      -            418 501546at33208        -            146     0.018   16.2   1.7   2   2    0.0016       1.8    9.6   0.2    45   140   272   362   268   364 0.88 transcript=h1SMcT0019980.4 gene=h1SMcG0019980
h1SMcT0019314.1      -            300 501546at33208        -            146      0.16   13.1   0.0   1   1   0.00028      0.32   12.1   0.0    42   114   173   247   154   261 0.87 transcript=h1SMcT0019314.1 gene=h1SMcG0019314
#
# Program:         hmmsearch
# Version:         3.4 (Aug 2023)
# Pipeline mode:   SEARCH
# Query file:      /users/40483456/busco_datasets/busco_downloads/lineages/metazoa_odb10/hmms/501546at33208.hmm
# Target file:     /users/40483456/protein/schmidtea_mediterranea.fa
# Option settings: hmmsearch --domtblout /users/40483456/busco/results_pro/schmidtea_mediterranea_busco/run_metazoa_odb10/hmmer_output/initial_run_results/501546at33208.out --cpu 1 /users/40483456/busco_datasets/busco_downloads/lineages/metazoa_odb10/hmms/501546at33208.hmm /users/40483456/protein/schmidtea_mediterranea.fa 
# Current dir:     /users/40483456
# Date:            Thu Jan 15 18:01:53 2026
# [ok]
