#                                                                            --- full sequence --- -------------- this domain -------------   hmm coord   ali coord   env coord
# target name        accession   tlen query name           accession   qlen   E-value  score  bias   #  of  c-Evalue  i-Evalue  score  bias  from    to  from    to  from    to  acc description of target
#------------------- ---------- ----- -------------------- ---------- ----- --------- ------ ----- --- --- --------- --------- ------ ----- ----- ----- ----- ----- ----- ----- ---- ---------------------
h1SMcT0004928.1      -            234 502407at33208        -            173   1.5e-57  195.2   2.9   1   2   5.2e-08   0.00029   21.7   0.1     2    38     5    49     4    66 0.82 transcript=h1SMcT0004928.1 gene=h1SMcG0004928
h1SMcT0004928.1      -            234 502407at33208        -            173   1.5e-57  195.2   2.9   2   2   1.4e-54   7.7e-51  173.3   0.6    36   173    71   224    53   224 0.89 transcript=h1SMcT0004928.1 gene=h1SMcG0004928
h1SMcT0004928.2      -            234 502407at33208        -            173   1.5e-57  195.2   2.9   1   2   5.2e-08   0.00029   21.7   0.1     2    38     5    49     4    66 0.82 transcript=h1SMcT0004928.2 gene=h1SMcG0004928
h1SMcT0004928.2      -            234 502407at33208        -            173   1.5e-57  195.2   2.9   2   2   1.4e-54   7.7e-51  173.3   0.6    36   173    71   224    53   224 0.89 transcript=h1SMcT0004928.2 gene=h1SMcG0004928
h1SMcT0015646.1      -            232 502407at33208        -            173   1.2e-51  175.9   1.7   1   2   1.5e-07   0.00081   20.2   0.1     1    36     2    45     2    51 0.91 transcript=h1SMcT0015646.1 gene=h1SMcG0015646
h1SMcT0015646.1      -            232 502407at33208        -            173   1.2e-51  175.9   1.7   2   2   4.6e-49   2.6e-45  155.3   0.4    34   162    67   201    44   222 0.86 transcript=h1SMcT0015646.1 gene=h1SMcG0015646
h1SMcT0020947.1      -            265 502407at33208        -            173     0.021   15.6   1.2   1   3      0.55     3e+03   -1.2   0.2     2    20     8    26     7    33 0.84 transcript=h1SMcT0020947.1 gene=h1SMcG0020947
h1SMcT0020947.1      -            265 502407at33208        -            173     0.021   15.6   1.2   2   3   8.7e-06     0.049   14.4   0.0    36   121    81   169    72   193 0.78 transcript=h1SMcT0020947.1 gene=h1SMcG0020947
h1SMcT0020947.1      -            265 502407at33208        -            173     0.021   15.6   1.2   3   3       3.2   1.8e+04   -3.7   0.1    90   107   244   261   237   262 0.81 transcript=h1SMcT0020947.1 gene=h1SMcG0020947
h1SMcT0005400.2      -            263 502407at33208        -            173      0.13   13.0   0.2   1   2       3.2   1.8e+04   -3.7   0.0    70    92    18    40    13    49 0.71 transcript=h1SMcT0005400.2 gene=h1SMcG0005400
h1SMcT0005400.2      -            263 502407at33208        -            173      0.13   13.0   0.2   2   2   4.2e-05      0.24   12.2   0.1    36   134    90   192    63   216 0.71 transcript=h1SMcT0005400.2 gene=h1SMcG0005400
h1SMcT0005400.4      -            263 502407at33208        -            173      0.13   13.0   0.2   1   2       3.2   1.8e+04   -3.7   0.0    70    92    18    40    13    49 0.71 transcript=h1SMcT0005400.4 gene=h1SMcG0005400
h1SMcT0005400.4      -            263 502407at33208        -            173      0.13   13.0   0.2   2   2   4.2e-05      0.24   12.2   0.1    36   134    90   192    63   216 0.71 transcript=h1SMcT0005400.4 gene=h1SMcG0005400
#
# Program:         hmmsearch
# Version:         3.4 (Aug 2023)
# Pipeline mode:   SEARCH
# Query file:      /users/40483456/busco_datasets/busco_downloads/lineages/metazoa_odb10/hmms/502407at33208.hmm
# Target file:     /users/40483456/protein/schmidtea_mediterranea.fa
# Option settings: hmmsearch --domtblout /users/40483456/busco/results_pro/schmidtea_mediterranea_busco/run_metazoa_odb10/hmmer_output/initial_run_results/502407at33208.out --cpu 1 /users/40483456/busco_datasets/busco_downloads/lineages/metazoa_odb10/hmms/502407at33208.hmm /users/40483456/protein/schmidtea_mediterranea.fa 
# Current dir:     /users/40483456
# Date:            Thu Jan 15 18:01:57 2026
# [ok]
