#                                                                            --- full sequence --- -------------- this domain -------------   hmm coord   ali coord   env coord
# target name        accession   tlen query name           accession   qlen   E-value  score  bias   #  of  c-Evalue  i-Evalue  score  bias  from    to  from    to  from    to  acc description of target
#------------------- ---------- ----- -------------------- ---------- ----- --------- ------ ----- --- --- --------- --------- ------ ----- ----- ----- ----- ----- ----- ----- ---- ---------------------
h1SMcT0008134.1      -           1427 50756at33208         -           1058    3e-285  950.2  38.3   1   3   8.4e-15   8.5e-12   44.8   9.2     4   135     9   140     6   152 0.78 transcript=h1SMcT0008134.1 gene=h1SMcG0008134
h1SMcT0008134.1      -           1427 50756at33208         -           1058    3e-285  950.2  38.3   2   3  1.1e-276  1.1e-273  911.9  10.9   135   968   292  1255   265  1287 0.81 transcript=h1SMcT0008134.1 gene=h1SMcG0008134
h1SMcT0008134.1      -           1427 50756at33208         -           1058    3e-285  950.2  38.3   3   3      0.19     2e+02    0.5   3.5   957  1043  1286  1389  1266  1406 0.68 transcript=h1SMcT0008134.1 gene=h1SMcG0008134
h1SMcT0007549.1      -            888 50756at33208         -           1058  9.8e-205  683.6  22.2   1   2  4.1e-207  4.2e-204  681.5  11.3   384   967    24   715     9   734 0.80 transcript=h1SMcT0007549.1 gene=h1SMcG0007549
h1SMcT0007549.1      -            888 50756at33208         -           1058  9.8e-205  683.6  22.2   2   2     0.053        54    2.4   3.1   964  1049   754   859   742   867 0.64 transcript=h1SMcT0007549.1 gene=h1SMcG0007549
h1SMcT0022699.1      -            905 50756at33208         -           1058  2.4e-204  682.3  21.1   1   2  1.3e-206  1.3e-203  679.8  10.6   384   967    41   732    26   756 0.80 transcript=h1SMcT0022699.1 gene=h1SMcG0022699
h1SMcT0022699.1      -            905 50756at33208         -           1058  2.4e-204  682.3  21.1   2   2     0.043        44    2.7   2.9   963  1049   770   876   744   884 0.67 transcript=h1SMcT0022699.1 gene=h1SMcG0022699
h1SMcT0007545.1      -            888 50756at33208         -           1058  6.3e-204  680.9  22.3   1   2  2.6e-206  2.7e-203  678.8  11.4   384   967    24   715     9   734 0.80 transcript=h1SMcT0007545.1 gene=h1SMcG0007545
h1SMcT0007545.1      -            888 50756at33208         -           1058  6.3e-204  680.9  22.3   2   2     0.053        54    2.4   3.1   964  1049   754   859   742   867 0.64 transcript=h1SMcT0007545.1 gene=h1SMcG0007545
h1SMcT0022929.1      -            615 50756at33208         -           1058  1.9e-128  431.0  23.6   1   2  2.4e-130  2.4e-127  427.3  13.6   593   968     1   443     1   474 0.82 transcript=h1SMcT0022929.1 gene=h1SMcG0022929
h1SMcT0022929.1      -            615 50756at33208         -           1058  1.9e-128  431.0  23.6   2   2     0.025        25    3.5   2.7   965  1049   482   586   472   594 0.64 transcript=h1SMcT0022929.1 gene=h1SMcG0022929
h1SMcT0022698.1      -            615 50756at33208         -           1058  3.7e-128  430.0  23.0   1   2  4.6e-130  4.7e-127  426.4  12.9   593   968     1   443     1   474 0.82 transcript=h1SMcT0022698.1 gene=h1SMcG0022698
h1SMcT0022698.1      -            615 50756at33208         -           1058  3.7e-128  430.0  23.0   2   2     0.025        25    3.5   2.7   965  1049   482   586   472   594 0.64 transcript=h1SMcT0022698.1 gene=h1SMcG0022698
h1SMcT0007546.1      -            580 50756at33208         -           1058    6e-120  402.9   6.6   1   2  5.9e-123    6e-120  402.9   6.6   618   967    13   407     7   423 0.85 transcript=h1SMcT0007546.1 gene=h1SMcG0007546
h1SMcT0007546.1      -            580 50756at33208         -           1058    6e-120  402.9   6.6   2   2     0.025        25    3.5   2.9   964  1049   446   551   433   559 0.65 transcript=h1SMcT0007546.1 gene=h1SMcG0007546
h1SMcT0022742.1      -            517 50756at33208         -           1058   6.5e-95  320.0   3.9   1   2   6.4e-98   6.5e-95  320.0   3.9   669   968     1   345     1   372 0.84 transcript=h1SMcT0022742.1 gene=h1SMcG0022742
h1SMcT0022742.1      -            517 50756at33208         -           1058   6.5e-95  320.0   3.9   2   2     0.019        19    3.9   2.7   965  1049   384   488   374   496 0.64 transcript=h1SMcT0022742.1 gene=h1SMcG0022742
h1SMcT0022749.1      -            517 50756at33208         -           1058   6.5e-95  320.0   3.9   1   2   6.4e-98   6.5e-95  320.0   3.9   669   968     1   345     1   372 0.84 transcript=h1SMcT0022749.1 gene=h1SMcG0022749
h1SMcT0022749.1      -            517 50756at33208         -           1058   6.5e-95  320.0   3.9   2   2     0.019        19    3.9   2.7   965  1049   384   488   374   496 0.64 transcript=h1SMcT0022749.1 gene=h1SMcG0022749
h1SMcT0007544.2      -            517 50756at33208         -           1058   3.4e-94  317.6   4.8   1   2   3.4e-97   3.4e-94  317.6   4.8   669   968     1   345     1   372 0.84 transcript=h1SMcT0007544.2 gene=h1SMcG0007544
h1SMcT0007544.2      -            517 50756at33208         -           1058   3.4e-94  317.6   4.8   2   2     0.019        19    3.9   2.7   965  1049   384   488   374   496 0.64 transcript=h1SMcT0007544.2 gene=h1SMcG0007544
h1SMcT0007547.1      -            517 50756at33208         -           1058   3.4e-94  317.6   4.8   1   2   3.4e-97   3.4e-94  317.6   4.8   669   968     1   345     1   372 0.84 transcript=h1SMcT0007547.1 gene=h1SMcG0007547
h1SMcT0007547.1      -            517 50756at33208         -           1058   3.4e-94  317.6   4.8   2   2     0.019        19    3.9   2.7   965  1049   384   488   374   496 0.64 transcript=h1SMcT0007547.1 gene=h1SMcG0007547
h1SMcT0022930.1      -            517 50756at33208         -           1058   3.4e-94  317.6   4.8   1   2   3.4e-97   3.4e-94  317.6   4.8   669   968     1   345     1   372 0.84 transcript=h1SMcT0022930.1 gene=h1SMcG0022930
h1SMcT0022930.1      -            517 50756at33208         -           1058   3.4e-94  317.6   4.8   2   2     0.019        19    3.9   2.7   965  1049   384   488   374   496 0.64 transcript=h1SMcT0022930.1 gene=h1SMcG0022930
h1SMcT0022926.1      -            512 50756at33208         -           1058   8.5e-89  299.7   5.2   1   2   8.4e-92   8.5e-89  299.7   5.2   674   967     1   339     1   354 0.83 transcript=h1SMcT0022926.1 gene=h1SMcG0022926
h1SMcT0022926.1      -            512 50756at33208         -           1058   8.5e-89  299.7   5.2   2   2     0.018        19    3.9   2.8   964  1049   378   483   360   491 0.66 transcript=h1SMcT0022926.1 gene=h1SMcG0022926
h1SMcT0007548.1      -            510 50756at33208         -           1058   8.9e-87  293.0   4.8   1   2   8.8e-90   8.9e-87  293.0   4.8   676   967     1   337     1   348 0.83 transcript=h1SMcT0007548.1 gene=h1SMcG0007548
h1SMcT0007548.1      -            510 50756at33208         -           1058   8.9e-87  293.0   4.8   2   2     0.016        16    4.1   2.8   963  1049   375   481   348   489 0.67 transcript=h1SMcT0007548.1 gene=h1SMcG0007548
h1SMcT0007543.1      -            280 50756at33208         -           1058   1.5e-84  285.6   2.5   1   1   6.6e-86   6.7e-83  280.2   2.5   482   682    18   256     5   265 0.78 transcript=h1SMcT0007543.1 gene=h1SMcG0007543
h1SMcT0023074.1      -            280 50756at33208         -           1058   1.5e-84  285.6   2.5   1   1   6.6e-86   6.7e-83  280.2   2.5   482   682    18   256     5   265 0.78 transcript=h1SMcT0023074.1 gene=h1SMcG0023074
h1SMcT0007544.1      -            313 50756at33208         -           1058   2.4e-74  251.9   5.6   1   1     3e-77     3e-74  251.6   5.6   669   917     1   290     1   303 0.83 transcript=h1SMcT0007544.1 gene=h1SMcG0007544
h1SMcT0006535.1      -           1081 50756at33208         -           1058   1.1e-73  249.7   4.8   1   2   6.1e-31   6.2e-28   98.2   0.2   358   618   320   601   263   608 0.80 transcript=h1SMcT0006535.1 gene=h1SMcG0006535
h1SMcT0006535.1      -           1081 50756at33208         -           1058   1.1e-73  249.7   4.8   2   2   2.1e-47   2.1e-44  152.7   1.0   615   925   623   954   618  1064 0.83 transcript=h1SMcT0006535.1 gene=h1SMcG0006535
h1SMcT0006580.1      -           1077 50756at33208         -           1058   1.1e-72  246.4  17.2   1   2   2.6e-30   2.6e-27   96.1   1.1   353   618   311   597   214   602 0.79 transcript=h1SMcT0006580.1 gene=h1SMcG0006580
h1SMcT0006580.1      -           1077 50756at33208         -           1058   1.1e-72  246.4  17.2   2   2   3.9e-48     4e-45  155.1   9.0   615  1003   619  1026   614  1065 0.76 transcript=h1SMcT0006580.1 gene=h1SMcG0006580
h1SMcT0008134.2      -            309 50756at33208         -           1058     2e-72  245.5   2.8   1   1   2.5e-75   2.5e-72  245.2   2.8   673   916     1   285     1   299 0.81 transcript=h1SMcT0008134.2 gene=h1SMcG0008134
h1SMcT0022744.1      -            454 50756at33208         -           1058   8.3e-70  236.8   2.8   1   2   8.2e-73   8.3e-70  236.8   2.8   722   968     8   282     1   311 0.84 transcript=h1SMcT0022744.1 gene=h1SMcG0022744
h1SMcT0022744.1      -            454 50756at33208         -           1058   8.3e-70  236.8   2.8   2   2     0.017        17    4.0   3.2   963  1049   319   425   293   433 0.67 transcript=h1SMcT0022744.1 gene=h1SMcG0022744
h1SMcT0016718.5      -           1575 50756at33208         -           1058   1.3e-43  150.1   3.7   1   2   7.4e-24   7.5e-21   74.8   1.5   337   615   723  1030   696  1037 0.73 transcript=h1SMcT0016718.5 gene=h1SMcG0016718
h1SMcT0016718.5      -           1575 50756at33208         -           1058   1.3e-43  150.1   3.7   2   2   4.9e-27   4.9e-24   85.3   0.0   617   993  1078  1495  1073  1516 0.76 transcript=h1SMcT0016718.5 gene=h1SMcG0016718
h1SMcT0016718.4      -           1576 50756at33208         -           1058   1.3e-43  150.1   3.7   1   2   7.4e-24   7.5e-21   74.7   1.5   337   615   724  1031   697  1038 0.73 transcript=h1SMcT0016718.4 gene=h1SMcG0016718
h1SMcT0016718.4      -           1576 50756at33208         -           1058   1.3e-43  150.1   3.7   2   2   4.9e-27   4.9e-24   85.3   0.0   617   993  1079  1496  1074  1517 0.76 transcript=h1SMcT0016718.4 gene=h1SMcG0016718
h1SMcT0016718.2      -            624 50756at33208         -           1058   1.8e-43  149.6   1.8   1   2   1.5e-19   1.6e-16   60.5   1.9   420   615    18   220     8   227 0.82 transcript=h1SMcT0016718.2 gene=h1SMcG0016718
h1SMcT0016718.2      -            624 50756at33208         -           1058   1.8e-43  149.6   1.8   2   2   3.8e-27   3.8e-24   85.7   0.0   617   880   268   557   263   621 0.84 transcript=h1SMcT0016718.2 gene=h1SMcG0016718
h1SMcT0022747.1      -            358 50756at33208         -           1058   3.9e-37  128.7  10.2   1   2     5e-40     5e-37  128.3   0.7   807   967    13   185     1   195 0.83 transcript=h1SMcT0022747.1 gene=h1SMcG0022747
h1SMcT0022747.1      -            358 50756at33208         -           1058   3.9e-37  128.7  10.2   2   2    0.0088       8.9    5.0   2.8   963  1049   223   329   203   337 0.66 transcript=h1SMcT0022747.1 gene=h1SMcG0022747
h1SMcT0022746.1      -            318 50756at33208         -           1058   8.7e-34  117.6   8.9   1   2   2.3e-36   2.3e-33  116.2   0.5   834   968     1   146     1   173 0.85 transcript=h1SMcT0022746.1 gene=h1SMcG0022746
h1SMcT0022746.1      -            318 50756at33208         -           1058   8.7e-34  117.6   8.9   2   2    0.0075       7.6    5.2   2.7   965  1049   185   289   175   298 0.64 transcript=h1SMcT0022746.1 gene=h1SMcG0022746
h1SMcT0022743.1      -            317 50756at33208         -           1058   4.3e-33  115.3   8.9   1   2   9.9e-36     1e-32  114.1   0.5   836   968     2   145     1   172 0.84 transcript=h1SMcT0022743.1 gene=h1SMcG0022743
h1SMcT0022743.1      -            317 50756at33208         -           1058   4.3e-33  115.3   8.9   2   2    0.0092       9.4    4.9   3.2   963  1049   182   288   153   297 0.68 transcript=h1SMcT0022743.1 gene=h1SMcG0022743
h1SMcT0007537.2      -            286 50756at33208         -           1058   2.7e-23   82.8   8.2   1   2   1.5e-25   1.5e-22   80.4   1.0   864   968     1   114     1   126 0.85 transcript=h1SMcT0007537.2 gene=h1SMcG0007537
h1SMcT0007537.2      -            286 50756at33208         -           1058   2.7e-23   82.8   8.2   2   2    0.0031       3.1    6.5   1.0   963  1049   151   257   137   265 0.68 transcript=h1SMcT0007537.2 gene=h1SMcG0007537
h1SMcT0022699.2      -            188 50756at33208         -           1058   1.1e-17   64.3   0.2   1   1   1.3e-20   1.3e-17   64.1   0.2   892  1042    13   162     8   177 0.67 transcript=h1SMcT0022699.2 gene=h1SMcG0022699
h1SMcT0007537.1      -            213 50756at33208         -           1058   4.6e-07   29.1   0.4   1   2   7.7e-08   7.8e-05   21.7   0.0   914   969     1    55     1    85 0.86 transcript=h1SMcT0007537.1 gene=h1SMcG0007537
h1SMcT0007537.1      -            213 50756at33208         -           1058   4.6e-07   29.1   0.4   2   2    0.0044       4.5    6.0   0.2   964  1042    92   187    81   202 0.69 transcript=h1SMcT0007537.1 gene=h1SMcG0007537
h1SMcT0022745.1      -            228 50756at33208         -           1058   6.2e-07   28.7   5.1   1   2   4.5e-08   4.6e-05   22.5   0.0   912   967     1    55     1    63 0.79 transcript=h1SMcT0022745.1 gene=h1SMcG0022745
h1SMcT0022745.1      -            228 50756at33208         -           1058   6.2e-07   28.7   5.1   2   2    0.0052       5.3    5.7   3.3   964  1050    94   200    83   208 0.65 transcript=h1SMcT0022745.1 gene=h1SMcG0022745
h1SMcT0022928.1      -            219 50756at33208         -           1058    0.0055   15.6   5.5   1   2   0.00027      0.27   10.0   0.0   922   968     2    47     1    75 0.79 transcript=h1SMcT0022928.1 gene=h1SMcG0022928
h1SMcT0022928.1      -            219 50756at33208         -           1058    0.0055   15.6   5.5   2   2    0.0033       3.3    6.4   3.1   963  1050    84   191    57   200 0.68 transcript=h1SMcT0022928.1 gene=h1SMcG0022928
h1SMcT0001824.1      -            123 50756at33208         -           1058     0.039   12.8   0.3   1   1   4.4e-05     0.044   12.6   0.3  1016  1055    44    83    29    86 0.87 transcript=h1SMcT0001824.1 gene=h1SMcG0001824
#
# Program:         hmmsearch
# Version:         3.4 (Aug 2023)
# Pipeline mode:   SEARCH
# Query file:      /users/40483456/busco_datasets/busco_downloads/lineages/metazoa_odb10/hmms/50756at33208.hmm
# Target file:     /users/40483456/protein/schmidtea_mediterranea.fa
# Option settings: hmmsearch --domtblout /users/40483456/busco/results_pro/schmidtea_mediterranea_busco/run_metazoa_odb10/hmmer_output/initial_run_results/50756at33208.out --cpu 1 /users/40483456/busco_datasets/busco_downloads/lineages/metazoa_odb10/hmms/50756at33208.hmm /users/40483456/protein/schmidtea_mediterranea.fa 
# Current dir:     /users/40483456
# Date:            Thu Jan 15 18:02:03 2026
# [ok]
