#                                                                            --- full sequence --- -------------- this domain -------------   hmm coord   ali coord   env coord
# target name        accession   tlen query name           accession   qlen   E-value  score  bias   #  of  c-Evalue  i-Evalue  score  bias  from    to  from    to  from    to  acc description of target
#------------------- ---------- ----- -------------------- ---------- ----- --------- ------ ----- --- --- --------- --------- ------ ----- ----- ----- ----- ----- ----- ----- ---- ---------------------
h1SMcT0020547.1      -            347 565053at33208        -            189   1.4e-44  152.9   1.3   1   3   8.3e-46   3.1e-42  145.2   0.5    12   155    90   246    81   270 0.87 transcript=h1SMcT0020547.1 gene=h1SMcG0020547
h1SMcT0020547.1      -            347 565053at33208        -            189   1.4e-44  152.9   1.3   2   3       1.7   6.2e+03   -2.5   0.0    34    44   284   294   279   296 0.83 transcript=h1SMcT0020547.1 gene=h1SMcG0020547
h1SMcT0020547.1      -            347 565053at33208        -            189   1.4e-44  152.9   1.3   3   3     0.014        51    4.3   0.0   174   189   321   336   315   336 0.90 transcript=h1SMcT0020547.1 gene=h1SMcG0020547
h1SMcT0004841.3      -            809 565053at33208        -            189     7e-13   49.5   0.0   1   1   5.8e-16   2.2e-12   47.9   0.0    16   142   106   243    92   256 0.81 transcript=h1SMcT0004841.3 gene=h1SMcG0004841
h1SMcT0004841.1      -            900 565053at33208        -            189   8.4e-13   49.2   0.0   1   1   6.9e-16   2.6e-12   47.7   0.0    16   142    80   217    66   230 0.81 transcript=h1SMcT0004841.1 gene=h1SMcG0004841
h1SMcT0004841.2      -            926 565053at33208        -            189   8.9e-13   49.2   0.0   1   1   7.2e-16   2.7e-12   47.6   0.0    16   142   106   243    92   256 0.81 transcript=h1SMcT0004841.2 gene=h1SMcG0004841
h1SMcT0007044.1      -            904 565053at33208        -            189   6.3e-06   26.8   0.0   1   1   4.3e-09   1.6e-05   25.5   0.0    19    91   783   854   776   902 0.79 transcript=h1SMcT0007044.1 gene=h1SMcG0007044
h1SMcT0007044.2      -           1016 565053at33208        -            189   7.4e-06   26.6   0.0   1   1     5e-09   1.9e-05   25.3   0.0    19    91   895   966   888  1014 0.79 transcript=h1SMcT0007044.2 gene=h1SMcG0007044
h1SMcT0014030.1      -            180 565053at33208        -            189      0.11   13.0   0.5   1   1   4.1e-05      0.15   12.5   0.5   101   178    31   107    21   111 0.90 transcript=h1SMcT0014030.1 gene=h1SMcG0014030
h1SMcT0003556.5      -            253 565053at33208        -            189       1.6    9.2   5.5   1   2   0.00021      0.77   10.2   2.1    83   163   106   186    82   211 0.88 transcript=h1SMcT0003556.5 gene=h1SMcG0003556
h1SMcT0003556.5      -            253 565053at33208        -            189       1.6    9.2   5.5   2   2      0.26   9.8e+02    0.1   0.2   103   149   193   243   187   248 0.57 transcript=h1SMcT0003556.5 gene=h1SMcG0003556
h1SMcT0014375.2      -            261 565053at33208        -            189       3.2    8.2   7.5   1   3     0.067   2.5e+02    2.1   0.2   132   179    15    62     8    72 0.75 transcript=h1SMcT0014375.2 gene=h1SMcG0014375
h1SMcT0014375.2      -            261 565053at33208        -            189       3.2    8.2   7.5   2   3      0.28     1e+03    0.0   1.3    81   130    47    99    22   134 0.58 transcript=h1SMcT0014375.2 gene=h1SMcG0014375
h1SMcT0014375.2      -            261 565053at33208        -            189       3.2    8.2   7.5   3   3   0.00068       2.5    8.5   2.5    87   176   112   203    82   212 0.74 transcript=h1SMcT0014375.2 gene=h1SMcG0014375
#
# Program:         hmmsearch
# Version:         3.4 (Aug 2023)
# Pipeline mode:   SEARCH
# Query file:      /users/40483456/busco_datasets/busco_downloads/lineages/metazoa_odb10/hmms/565053at33208.hmm
# Target file:     /users/40483456/protein/schmidtea_mediterranea.fa
# Option settings: hmmsearch --domtblout /users/40483456/busco/results_pro/schmidtea_mediterranea_busco/run_metazoa_odb10/hmmer_output/initial_run_results/565053at33208.out --cpu 1 /users/40483456/busco_datasets/busco_downloads/lineages/metazoa_odb10/hmms/565053at33208.hmm /users/40483456/protein/schmidtea_mediterranea.fa 
# Current dir:     /users/40483456
# Date:            Thu Jan 15 18:02:07 2026
# [ok]
