#                                                                            --- full sequence --- -------------- this domain -------------   hmm coord   ali coord   env coord
# target name        accession   tlen query name           accession   qlen   E-value  score  bias   #  of  c-Evalue  i-Evalue  score  bias  from    to  from    to  from    to  acc description of target
#------------------- ---------- ----- -------------------- ---------- ----- --------- ------ ----- --- --- --------- --------- ------ ----- ----- ----- ----- ----- ----- ----- ---- ---------------------
h1SMcT0003059.1      -            152 572754at33208        -            127   2.3e-37  128.4   1.7   1   1   5.7e-41   2.7e-37  128.2   1.7    10   127    29   150    11   150 0.92 transcript=h1SMcT0003059.1 gene=h1SMcG0003059
h1SMcT0017252.1      -            127 572754at33208        -            127   7.8e-26   91.2   0.1   1   1   1.8e-29   8.4e-26   91.0   0.1    10   107     5   106     2   127 0.85 transcript=h1SMcT0017252.1 gene=h1SMcG0017252
h1SMcT0021424.1      -            274 572754at33208        -            127   7.5e-16   58.9   0.8   1   2       2.3   1.1e+04   -3.1   1.9    21    46     7    30     2    38 0.55 transcript=h1SMcT0021424.1 gene=h1SMcG0021424
h1SMcT0021424.1      -            274 572754at33208        -            127   7.5e-16   58.9   0.8   2   2   1.6e-19   7.5e-16   58.9   0.8    25   114   133   223    93   234 0.85 transcript=h1SMcT0021424.1 gene=h1SMcG0021424
h1SMcT0016078.1      -            159 572754at33208        -            127   2.5e-06   28.1   0.0   1   1   7.6e-10   3.7e-06   27.6   0.0    36    93    55   112    19   143 0.87 transcript=h1SMcT0016078.1 gene=h1SMcG0016078
h1SMcT0015332.1      -            125 572754at33208        -            127    0.0016   19.1   0.3   1   1   3.6e-07    0.0017   18.9   0.3    22    92     7    81     1   124 0.85 transcript=h1SMcT0015332.1 gene=h1SMcG0015332
h1SMcT0020134.1      -            684 572754at33208        -            127     0.035   14.7   8.7   1   4      0.17   8.1e+02    0.6   1.6    21    62   254   295   248   312 0.85 transcript=h1SMcT0020134.1 gene=h1SMcG0020134
h1SMcT0020134.1      -            684 572754at33208        -            127     0.035   14.7   8.7   2   4   9.9e-06     0.047   14.3   0.0    34    96   458   527   441   536 0.77 transcript=h1SMcT0020134.1 gene=h1SMcG0020134
h1SMcT0020134.1      -            684 572754at33208        -            127     0.035   14.7   8.7   3   4     0.092   4.4e+02    1.5   0.0    22    49   545   572   540   576 0.87 transcript=h1SMcT0020134.1 gene=h1SMcG0020134
h1SMcT0020134.1      -            684 572754at33208        -            127     0.035   14.7   8.7   4   4       2.8   1.3e+04   -3.3   0.1    71    77   651   657   650   658 0.88 transcript=h1SMcT0020134.1 gene=h1SMcG0020134
h1SMcT0001021.1      -            113 572754at33208        -            127     0.099   13.2   0.1   1   1   3.1e-05      0.15   12.7   0.1    98   122    80   104    68   109 0.84 transcript=h1SMcT0001021.1 gene=h1SMcG0001021
#
# Program:         hmmsearch
# Version:         3.4 (Aug 2023)
# Pipeline mode:   SEARCH
# Query file:      /users/40483456/busco_datasets/busco_downloads/lineages/metazoa_odb10/hmms/572754at33208.hmm
# Target file:     /users/40483456/protein/schmidtea_mediterranea.fa
# Option settings: hmmsearch --domtblout /users/40483456/busco/results_pro/schmidtea_mediterranea_busco/run_metazoa_odb10/hmmer_output/initial_run_results/572754at33208.out --cpu 1 /users/40483456/busco_datasets/busco_downloads/lineages/metazoa_odb10/hmms/572754at33208.hmm /users/40483456/protein/schmidtea_mediterranea.fa 
# Current dir:     /users/40483456
# Date:            Thu Jan 15 18:02:09 2026
# [ok]
