#                                                                            --- full sequence --- -------------- this domain -------------   hmm coord   ali coord   env coord
# target name        accession   tlen query name           accession   qlen   E-value  score  bias   #  of  c-Evalue  i-Evalue  score  bias  from    to  from    to  from    to  acc description of target
#------------------- ---------- ----- -------------------- ---------- ----- --------- ------ ----- --- --- --------- --------- ------ ----- ----- ----- ----- ----- ----- ----- ---- ---------------------
KAK4469232.1         -           1063 118209at33208        -            862         0 1577.6  12.5   1   2         0         0 1310.3  10.2     1   682    34   743    34   758 0.96 hypothetical protein MN116_006805 [Schistosoma mekongi]
KAK4469232.1         -           1063 118209at33208        -            862         0 1577.6  12.5   2   2   4.1e-82   9.7e-80  267.5   0.0   674   858   805  1016   785  1023 0.82 hypothetical protein MN116_006805 [Schistosoma mekongi]
KAK4475985.1         -            885 118209at33208        -            862   6.7e-27   92.7   5.2   1   4   8.8e-10   2.1e-07   28.2   0.0    41   131   464   560   450   566 0.80 hypothetical protein MN116_001221 [Schistosoma mekongi]
KAK4475985.1         -            885 118209at33208        -            862   6.7e-27   92.7   5.2   2   4   2.9e-11   6.8e-09   33.1   0.0   228   301   572   648   563   655 0.67 hypothetical protein MN116_001221 [Schistosoma mekongi]
KAK4475985.1         -            885 118209at33208        -            862   6.7e-27   92.7   5.2   3   4   6.9e-06    0.0016   15.3   0.1   339   443   652   759   649   765 0.91 hypothetical protein MN116_001221 [Schistosoma mekongi]
KAK4475985.1         -            885 118209at33208        -            862   6.7e-27   92.7   5.2   4   4   2.4e-06   0.00056   16.9   0.2    73   162   759   850   754   855 0.87 hypothetical protein MN116_001221 [Schistosoma mekongi]
KAK4469747.1         -           1229 118209at33208        -            862     5e-22   76.6  39.9   1   6    0.0012      0.28    7.9   0.1   171   231   200   260   148   270 0.62 hypothetical protein MN116_007268 [Schistosoma mekongi]
KAK4469747.1         -           1229 118209at33208        -            862     5e-22   76.6  39.9   2   6   1.3e-10   2.9e-08   31.0   5.8    80   279   276   481   268   495 0.85 hypothetical protein MN116_007268 [Schistosoma mekongi]
KAK4469747.1         -           1229 118209at33208        -            862     5e-22   76.6  39.9   3   6   5.2e-08   1.2e-05   22.4   6.5     3   266   509   783   507   785 0.78 hypothetical protein MN116_007268 [Schistosoma mekongi]
KAK4469747.1         -           1229 118209at33208        -            862     5e-22   76.6  39.9   4   6   3.7e-06   0.00086   16.3   1.8    13   211   697   897   685   906 0.81 hypothetical protein MN116_007268 [Schistosoma mekongi]
KAK4469747.1         -           1229 118209at33208        -            862     5e-22   76.6  39.9   5   6   1.2e-06   0.00028   17.9   0.6    79   258   911  1083   901  1094 0.82 hypothetical protein MN116_007268 [Schistosoma mekongi]
KAK4469747.1         -           1229 118209at33208        -            862     5e-22   76.6  39.9   6   6   0.00045      0.11    9.3   0.1   192   258  1148  1213  1127  1223 0.74 hypothetical protein MN116_007268 [Schistosoma mekongi]
KAK4474710.1         -            319 118209at33208        -            862   1.1e-20   72.1   9.7   1   1   6.3e-23   1.5e-20   71.7   9.7   200   444     7   251     2   268 0.92 hypothetical protein MN116_001837 [Schistosoma mekongi]
KAK4469054.1         -            569 118209at33208        -            862   3.9e-17   60.4   0.1   1   2   9.6e-12   2.2e-09   34.7   0.0   168   281   224   337   159   342 0.79 hypothetical protein MN116_007517 [Schistosoma mekongi]
KAK4469054.1         -            569 118209at33208        -            862   3.9e-17   60.4   0.1   2   2   1.5e-08   3.4e-06   24.2   0.0   317   406   344   433   326   438 0.88 hypothetical protein MN116_007517 [Schistosoma mekongi]
KAK4467895.1         -            710 118209at33208        -            862   4.5e-16   56.9   2.2   1   3   2.5e-06   0.00057   16.8   0.5    71   154    72   160    35   217 0.80 hypothetical protein MN116_008506 [Schistosoma mekongi]
KAK4467895.1         -            710 118209at33208        -            862   4.5e-16   56.9   2.2   2   3   0.00093      0.22    8.3   0.1   382   438   464   520   450   531 0.85 hypothetical protein MN116_008506 [Schistosoma mekongi]
KAK4467895.1         -            710 118209at33208        -            862   4.5e-16   56.9   2.2   3   3   2.7e-11   6.3e-09   33.2   0.0   257   431   474   657   473   682 0.80 hypothetical protein MN116_008506 [Schistosoma mekongi]
KAK4470466.1         -            850 118209at33208        -            862   3.4e-15   54.0  20.5   1   3    0.0021      0.49    7.1   1.0    70   125   207   264   179   275 0.57 hypothetical protein MN116_006018 [Schistosoma mekongi]
KAK4470466.1         -            850 118209at33208        -            862   3.4e-15   54.0  20.5   2   3   1.7e-12   3.9e-10   37.2   8.8    67   346   279   564   271   588 0.72 hypothetical protein MN116_006018 [Schistosoma mekongi]
KAK4470466.1         -            850 118209at33208        -            862   3.4e-15   54.0  20.5   3   3   3.7e-06   0.00087   16.2   0.1   344   461   603   722   595   745 0.82 hypothetical protein MN116_006018 [Schistosoma mekongi]
KAK4474464.1         -            347 118209at33208        -            862   7.6e-15   52.8   2.1   1   1   4.3e-17     1e-14   52.4   2.1   331   442    79   190    13   205 0.61 hypothetical protein MN116_001616 [Schistosoma mekongi]
KAK4472499.1         -            477 118209at33208        -            862   1.7e-14   51.7   6.6   1   2    0.0013       0.3    7.8   0.0   270   362   191   283   179   297 0.84 hypothetical protein MN116_003746 [Schistosoma mekongi]
KAK4472499.1         -            477 118209at33208        -            862   1.7e-14   51.7   6.6   2   2   3.4e-14     8e-12   42.8   6.5   211   369   301   462   257   472 0.78 hypothetical protein MN116_003746 [Schistosoma mekongi]
KAK4473001.1         -            713 118209at33208        -            862   3.9e-14   50.5   4.9   1   3     0.018       4.1    4.1   0.2    59   170     7   117     2   129 0.67 hypothetical protein MN116_002727 [Schistosoma mekongi]
KAK4473001.1         -            713 118209at33208        -            862   3.9e-14   50.5   4.9   2   3   1.1e-06   0.00026   18.0   0.0   305   406   152   253   147   262 0.77 hypothetical protein MN116_002727 [Schistosoma mekongi]
KAK4473001.1         -            713 118209at33208        -            862   3.9e-14   50.5   4.9   3   3   5.5e-10   1.3e-07   28.9   0.5   210   346   274   413   268   464 0.88 hypothetical protein MN116_002727 [Schistosoma mekongi]
KAK4473663.1         -            488 118209at33208        -            862   2.2e-13   47.9   7.8   1   2   1.2e-13   2.7e-11   41.1   0.1   344   430    40   126    14   144 0.94 hypothetical protein MN116_003013 [Schistosoma mekongi]
KAK4473663.1         -            488 118209at33208        -            862   2.2e-13   47.9   7.8   2   2   0.00063      0.15    8.8   2.9    74   233   183   360   158   370 0.75 hypothetical protein MN116_003013 [Schistosoma mekongi]
KAK4471997.1         -           1645 118209at33208        -            862   7.7e-13   46.2   2.6   1   4       1.5   3.5e+02   -2.3   0.0   173   202    42    71     8    93 0.66 hypothetical protein MN116_005374 [Schistosoma mekongi]
KAK4471997.1         -           1645 118209at33208        -            862   7.7e-13   46.2   2.6   2   4   1.5e-12   3.6e-10   37.4   0.2    49   232   555   739   544   762 0.88 hypothetical protein MN116_005374 [Schistosoma mekongi]
KAK4471997.1         -           1645 118209at33208        -            862   7.7e-13   46.2   2.6   3   4     0.023       5.4    3.7   0.0   223   265  1056  1098  1030  1105 0.83 hypothetical protein MN116_005374 [Schistosoma mekongi]
KAK4471997.1         -           1645 118209at33208        -            862   7.7e-13   46.2   2.6   4   4     0.059        14    2.3   0.0   249   296  1197  1245  1182  1253 0.86 hypothetical protein MN116_005374 [Schistosoma mekongi]
KAK4474031.1         -            646 118209at33208        -            862   2.8e-12   44.3   0.6   1   2   5.1e-06    0.0012   15.8   0.0   294   363   250   327   237   335 0.86 hypothetical protein MN116_003344 [Schistosoma mekongi]
KAK4474031.1         -            646 118209at33208        -            862   2.8e-12   44.3   0.6   2   2   2.6e-09     6e-07   26.7   0.2   296   361   336   409   329   421 0.92 hypothetical protein MN116_003344 [Schistosoma mekongi]
KAK4470387.1         -            471 118209at33208        -            862   4.5e-11   40.3  10.1   1   2   2.5e-06   0.00058   16.8   4.0    62   269     9   231     4   249 0.65 hypothetical protein MN116_005947 [Schistosoma mekongi]
KAK4470387.1         -            471 118209at33208        -            862   4.5e-11   40.3  10.1   2   2     1e-08   2.4e-06   24.7   0.3   348   434   255   345   248   395 0.84 hypothetical protein MN116_005947 [Schistosoma mekongi]
KAK4470076.1         -            502 118209at33208        -            862   1.1e-09   35.7   0.1   1   1   7.6e-12   1.8e-09   35.1   0.1   340   440   138   238   132   244 0.93 hypothetical protein MN116_006540 [Schistosoma mekongi]
KAK4471737.1         -            646 118209at33208        -            862   1.7e-09   35.1   4.7   1   3       0.9   2.1e+02   -1.6   0.6   219   262    55    97    22   110 0.78 hypothetical protein MN116_005137, partial [Schistosoma mekongi]
KAK4471737.1         -            646 118209at33208        -            862   1.7e-09   35.1   4.7   2   3   8.6e-06     0.002   15.0   0.0   140   228   300   391   256   400 0.76 hypothetical protein MN116_005137, partial [Schistosoma mekongi]
KAK4471737.1         -            646 118209at33208        -            862   1.7e-09   35.1   4.7   3   3   1.9e-07   4.4e-05   20.5   0.0   224   344   421   552   401   561 0.76 hypothetical protein MN116_005137, partial [Schistosoma mekongi]
KAK4474947.1         -            800 118209at33208        -            862   2.2e-09   34.7   5.4   1   1   4.9e-11   1.2e-08   32.4   5.0    14   235   308   532   297   543 0.80 hypothetical protein MN116_002051 [Schistosoma mekongi]
KAK4467494.1         -            170 118209at33208        -            862   9.9e-09   32.6   0.3   1   1   7.6e-11   1.8e-08   31.8   0.3   346   449    11   114     3   123 0.75 hypothetical protein MN116_008975 [Schistosoma mekongi]
KAK4475950.1         -            955 118209at33208        -            862   9.6e-08   29.3   1.5   1   1   1.3e-08   3.1e-06   24.3   1.5     5   355   148   511   145   514 0.79 hypothetical protein MN116_001189 [Schistosoma mekongi]
KAK4473742.1         -            487 118209at33208        -            862   1.6e-07   28.6   1.9   1   1   9.6e-10   2.2e-07   28.1   1.9   346   449    22   124     3   132 0.89 hypothetical protein MN116_003083 [Schistosoma mekongi]
KAK4472578.1         -           1240 118209at33208        -            862   2.1e-07   28.2   0.1   1   1   1.4e-09   3.4e-07   27.5   0.1   347   430   163   246   122   272 0.69 hypothetical protein MN116_003818 [Schistosoma mekongi]
KAK4473133.1         -            918 118209at33208        -            862   4.2e-07   27.2   1.6   1   2   0.00045      0.11    9.3   0.1   370   411    92   133    22   148 0.48 hypothetical protein MN116_004317 [Schistosoma mekongi]
KAK4473133.1         -            918 118209at33208        -            862   4.2e-07   27.2   1.6   2   2   4.8e-06    0.0011   15.9   0.2   285   370   165   262   149   332 0.62 hypothetical protein MN116_004317 [Schistosoma mekongi]
KAK4471959.1         -           1469 118209at33208        -            862   4.8e-07   27.0  31.4   1   6      0.15        35    1.0   0.4    39   195    77   239    50   250 0.62 hypothetical protein MN116_005338 [Schistosoma mekongi]
KAK4471959.1         -           1469 118209at33208        -            862   4.8e-07   27.0  31.4   2   6   2.3e-05    0.0055   13.6   0.0   300   373   293   367   266   386 0.81 hypothetical protein MN116_005338 [Schistosoma mekongi]
KAK4471959.1         -           1469 118209at33208        -            862   4.8e-07   27.0  31.4   3   6      0.16        37    0.9   0.6    77   255   520   691   510   705 0.62 hypothetical protein MN116_005338 [Schistosoma mekongi]
KAK4471959.1         -           1469 118209at33208        -            862   4.8e-07   27.0  31.4   4   6   1.6e-07   3.7e-05   20.8   2.9     8   155   679   824   672   839 0.89 hypothetical protein MN116_005338 [Schistosoma mekongi]
KAK4471959.1         -           1469 118209at33208        -            862   4.8e-07   27.0  31.4   5   6       2.6     6e+02   -3.1   0.2   336   373  1098  1135  1005  1165 0.59 hypothetical protein MN116_005338 [Schistosoma mekongi]
KAK4471959.1         -           1469 118209at33208        -            862   4.8e-07   27.0  31.4   6   6    0.0011      0.26    8.0   2.6    33   137  1351  1456  1324  1466 0.79 hypothetical protein MN116_005338 [Schistosoma mekongi]
KAK4467493.1         -            139 118209at33208        -            862   6.6e-07   26.6   2.4   1   1   3.2e-09   7.4e-07   26.4   2.4    66   163     6   103     2   129 0.65 hypothetical protein MN116_008974 [Schistosoma mekongi]
KAK4476140.1         -            320 118209at33208        -            862   6.8e-07   26.5   1.4   1   1   3.8e-09     9e-07   26.1   1.4   341   442    22   127    10   157 0.74 hypothetical protein MN116_001358 [Schistosoma mekongi]
KAK4472515.1         -            796 118209at33208        -            862   7.3e-07   26.4   1.5   1   1   8.2e-09   1.9e-06   25.0   1.5    71   265   389   573   368   682 0.83 hypothetical protein MN116_003760 [Schistosoma mekongi]
KAK4475521.1         -            952 118209at33208        -            862   2.1e-06   24.9   0.2   1   1   1.3e-08   3.1e-06   24.3   0.2   245   446   284   350   251   398 0.45 hypothetical protein MN116_002567 [Schistosoma mekongi]
KAK4469555.1         -            867 118209at33208        -            862   3.2e-06   24.3   0.1   1   3      0.49   1.1e+02   -0.7   0.0    32    93   175   240   170   248 0.68 hypothetical protein MN116_007096 [Schistosoma mekongi]
KAK4469555.1         -            867 118209at33208        -            862   3.2e-06   24.3   0.1   2   3   7.2e-06    0.0017   15.3   0.0   236   315   467   548   349   570 0.82 hypothetical protein MN116_007096 [Schistosoma mekongi]
KAK4469555.1         -            867 118209at33208        -            862   3.2e-06   24.3   0.1   3   3    0.0096       2.2    4.9   0.0   307   366   753   812   702   835 0.57 hypothetical protein MN116_007096 [Schistosoma mekongi]
KAK4468194.1         -            751 118209at33208        -            862   9.6e-06   22.7   0.3   1   2   5.2e-07   0.00012   19.1   0.1   245   311   139   206    61   216 0.73 hypothetical protein MN116_008354 [Schistosoma mekongi]
KAK4468194.1         -            751 118209at33208        -            862   9.6e-06   22.7   0.3   2   2      0.11        26    1.4   0.0   156   267   269   379   233   386 0.77 hypothetical protein MN116_008354 [Schistosoma mekongi]
KAK4472093.1         -            162 118209at33208        -            862     1e-05   22.6   0.1   1   1   4.7e-08   1.1e-05   22.5   0.1    69   149    16    96     8   146 0.83 hypothetical protein MN116_005463 [Schistosoma mekongi]
KAK4469221.1         -           1138 118209at33208        -            862   1.4e-05   22.1   0.1   1   2     0.017         4    4.1   0.0    35   131   638   734   620   758 0.69 hypothetical protein MN116_006795 [Schistosoma mekongi]
KAK4469221.1         -           1138 118209at33208        -            862   1.4e-05   22.1   0.1   2   2   5.7e-06    0.0013   15.6   0.1   339   452  1014  1125   946  1129 0.78 hypothetical protein MN116_006795 [Schistosoma mekongi]
KAK4472625.1         -            245 118209at33208        -            862     3e-05   21.1   0.1   1   1   1.6e-07   3.8e-05   20.7   0.1   322   435    56   174    21   200 0.69 hypothetical protein MN116_003860 [Schistosoma mekongi]
KAK4470399.1         -            358 118209at33208        -            862   0.00011   19.2   0.3   1   1   6.3e-07   0.00015   18.8   0.3   346   434   113   199    88   245 0.84 hypothetical protein MN116_005957 [Schistosoma mekongi]
KAK4469490.1         -            758 118209at33208        -            862   0.00012   19.1   0.8   1   2   1.4e-05    0.0032   14.4   1.1   156   435    66   361    22   370 0.78 hypothetical protein MN116_007037 [Schistosoma mekongi]
KAK4469490.1         -            758 118209at33208        -            862   0.00012   19.1   0.8   2   2     0.066        15    2.2   0.0   283   363   427   506   393   510 0.76 hypothetical protein MN116_007037 [Schistosoma mekongi]
KAK4473770.1         -            401 118209at33208        -            862   0.00017   18.6   0.1   1   1   2.8e-06   0.00066   16.6   0.1   374   428   280   334   277   351 0.79 hypothetical protein MN116_003109 [Schistosoma mekongi]
KAK4475013.1         -            649 118209at33208        -            862   0.00028   17.9   0.6   1   1   8.1e-06    0.0019   15.1   0.6   233   363   313   468   308   489 0.65 hypothetical protein MN116_002111 [Schistosoma mekongi]
KAK4472512.1         -            348 118209at33208        -            862   0.00049   17.0   0.2   1   3     0.091        21    1.7   0.1   367   397   126   156    26   158 0.74 hypothetical protein MN116_003758 [Schistosoma mekongi]
KAK4472512.1         -            348 118209at33208        -            862   0.00049   17.0   0.2   2   3      0.16        38    0.9   0.0   368   397   127   156   119   170 0.80 hypothetical protein MN116_003758 [Schistosoma mekongi]
KAK4472512.1         -            348 118209at33208        -            862   0.00049   17.0   0.2   3   3   4.1e-05    0.0095   12.8   0.0   384   425   217   258   198   268 0.84 hypothetical protein MN116_003758 [Schistosoma mekongi]
KAK4474597.1         -            354 118209at33208        -            862   0.00055   16.9   0.8   1   1   3.5e-06   0.00081   16.3   0.8    66   315    60   181    44   204 0.59 hypothetical protein MN116_001736 [Schistosoma mekongi]
KAK4473011.1         -            366 118209at33208        -            862    0.0018   15.2   1.6   1   1   8.8e-06    0.0021   15.0   1.6   200   308   172   285    56   355 0.72 hypothetical protein MN116_002728 [Schistosoma mekongi]
#
# Program:         hmmsearch
# Version:         3.4 (Aug 2023)
# Pipeline mode:   SEARCH
# Query file:      /users/40483456/busco_datasets/busco_downloads/lineages/metazoa_odb10/hmms/118209at33208.hmm
# Target file:     /users/40483456/protein/s.mekongi.faa
# Option settings: hmmsearch --domtblout /users/40483456/busco/results_pro/s.mekongi_busco/run_metazoa_odb10/hmmer_output/initial_run_results/118209at33208.out --cpu 1 /users/40483456/busco_datasets/busco_downloads/lineages/metazoa_odb10/hmms/118209at33208.hmm /users/40483456/protein/s.mekongi.faa 
# Current dir:     /users/40483456
# Date:            Thu Jan 15 18:04:09 2026
# [ok]
