#                                                                            --- full sequence --- -------------- this domain -------------   hmm coord   ali coord   env coord
# target name        accession   tlen query name           accession   qlen   E-value  score  bias   #  of  c-Evalue  i-Evalue  score  bias  from    to  from    to  from    to  acc description of target
#------------------- ---------- ----- -------------------- ---------- ----- --------- ------ ----- --- --- --------- --------- ------ ----- ----- ----- ----- ----- ----- ----- ---- ---------------------
KAK4469081.1         -           1175 119591at33208        -            998  5.6e-277  920.5  43.0   1   3  6.5e-138  8.3e-136  453.2  17.7     9   366    19   407     7   408 0.91 hypothetical protein MN116_006670 [Schistosoma mekongi]
KAK4469081.1         -           1175 119591at33208        -            998  5.6e-277  920.5  43.0   2   3  1.5e-127  1.9e-125  418.9  12.6   399   930   407  1044   405  1064 0.83 hypothetical protein MN116_006670 [Schistosoma mekongi]
KAK4469081.1         -           1175 119591at33208        -            998  5.6e-277  920.5  43.0   3   3   6.4e-17   8.2e-15   52.7   0.1   937   998  1109  1171  1074  1171 0.84 hypothetical protein MN116_006670 [Schistosoma mekongi]
KAK4473798.1         -            463 119591at33208        -            998   1.7e-27   94.7   3.1   1   4   8.2e-13     1e-10   39.1   0.1    41   116     7    85     2    89 0.83 hypothetical protein MN116_003133 [Schistosoma mekongi]
KAK4473798.1         -            463 119591at33208        -            998   1.7e-27   94.7   3.1   2   4   1.4e-08   1.7e-06   25.1   1.8    16   151    64   206    64   210 0.76 hypothetical protein MN116_003133 [Schistosoma mekongi]
KAK4473798.1         -            463 119591at33208        -            998   1.7e-27   94.7   3.1   3   4    0.0011      0.14    8.9   0.0    58   107   192   243   180   243 0.89 hypothetical protein MN116_003133 [Schistosoma mekongi]
KAK4473798.1         -            463 119591at33208        -            998   1.7e-27   94.7   3.1   4   4   3.9e-10   4.9e-08   30.3   0.0    10    78   226   296   218   300 0.89 hypothetical protein MN116_003133 [Schistosoma mekongi]
KAK4472921.1         -            446 119591at33208        -            998   1.4e-24   85.1   2.4   1   4   8.7e-13   1.1e-10   39.0   0.1    13   117    97   207    78   214 0.86 hypothetical protein MN116_004126 [Schistosoma mekongi]
KAK4472921.1         -            446 119591at33208        -            998   1.4e-24   85.1   2.4   2   4    0.0025      0.32    7.7   0.0    29    77   266   315   249   316 0.82 hypothetical protein MN116_004126 [Schistosoma mekongi]
KAK4472921.1         -            446 119591at33208        -            998   1.4e-24   85.1   2.4   3   4   1.1e-08   1.4e-06   25.4   0.1    11    82   289   362   281   367 0.80 hypothetical protein MN116_004126 [Schistosoma mekongi]
KAK4472921.1         -            446 119591at33208        -            998   1.4e-24   85.1   2.4   4   4   1.8e-06   0.00023   18.1   0.0     8    75   376   445   371   446 0.88 hypothetical protein MN116_004126 [Schistosoma mekongi]
KAK4469243.1         -            307 119591at33208        -            998   9.9e-18   62.4  12.6   1   4   5.4e-06   0.00069   16.5   0.2    43    77    13    47     9    54 0.93 hypothetical protein MN116_006815 [Schistosoma mekongi]
KAK4469243.1         -            307 119591at33208        -            998   9.9e-18   62.4  12.6   2   4   1.4e-05    0.0018   15.1   0.5    43   108    55   122    46   124 0.86 hypothetical protein MN116_006815 [Schistosoma mekongi]
KAK4469243.1         -            307 119591at33208        -            998   9.9e-18   62.4  12.6   3   4   0.00015     0.019   11.8   0.0    30    77   125   173   123   186 0.89 hypothetical protein MN116_006815 [Schistosoma mekongi]
KAK4469243.1         -            307 119591at33208        -            998   9.9e-18   62.4  12.6   4   4   2.1e-08   2.7e-06   24.5   0.8    14   109   193   295   182   307 0.78 hypothetical protein MN116_006815 [Schistosoma mekongi]
KAK4471601.1         -            580 119591at33208        -            998   2.1e-17   61.3   2.3   1   4   8.5e-08   1.1e-05   22.5   0.0    44   116   142   218   129   222 0.86 hypothetical protein MN116_005014 [Schistosoma mekongi]
KAK4471601.1         -            580 119591at33208        -            998   2.1e-17   61.3   2.3   2   4     0.069       8.8    2.9   0.0    19    94   263   341   252   346 0.74 hypothetical protein MN116_005014 [Schistosoma mekongi]
KAK4471601.1         -            580 119591at33208        -            998   2.1e-17   61.3   2.3   3   4   2.5e-06   0.00032   17.7   0.1    10    76   428   496   420   499 0.86 hypothetical protein MN116_005014 [Schistosoma mekongi]
KAK4471601.1         -            580 119591at33208        -            998   2.1e-17   61.3   2.3   4   4   2.5e-05    0.0032   14.3   0.0    33    76   536   579   524   580 0.91 hypothetical protein MN116_005014 [Schistosoma mekongi]
KAK4474702.1         -            367 119591at33208        -            998   8.8e-16   55.9   0.0   1   4   1.5e-06   0.00019   18.4   0.0    43    76    67   100    46   107 0.92 hypothetical protein MN116_001830 [Schistosoma mekongi]
KAK4474702.1         -            367 119591at33208        -            998   8.8e-16   55.9   0.0   2   4   6.3e-07   8.1e-05   19.6   0.1    10    84   117   194   109   223 0.78 hypothetical protein MN116_001830 [Schistosoma mekongi]
KAK4474702.1         -            367 119591at33208        -            998   8.8e-16   55.9   0.0   3   4    0.0082       1.1    6.0   0.0     9    76   200   269   192   271 0.66 hypothetical protein MN116_001830 [Schistosoma mekongi]
KAK4474702.1         -            367 119591at33208        -            998   8.8e-16   55.9   0.0   4   4    0.0026      0.33    7.7   0.0    53   106   296   351   281   358 0.77 hypothetical protein MN116_001830 [Schistosoma mekongi]
KAK4471785.1         -            448 119591at33208        -            998   1.3e-15   55.3   3.4   1   3   1.3e-09   1.6e-07   28.6   0.1    11   108   123   224   117   231 0.85 hypothetical protein MN116_005182 [Schistosoma mekongi]
KAK4471785.1         -            448 119591at33208        -            998   1.3e-15   55.3   3.4   2   3   1.6e-07   2.1e-05   21.6   0.5    44   136   200   297   191   306 0.57 hypothetical protein MN116_005182 [Schistosoma mekongi]
KAK4471785.1         -            448 119591at33208        -            998   1.3e-15   55.3   3.4   3   3   0.00034     0.044   10.6   0.0     9    76   377   446   372   448 0.86 hypothetical protein MN116_005182 [Schistosoma mekongi]
KAK4468223.1         -            322 119591at33208        -            998   4.1e-15   53.7   0.1   1   2   2.7e-08   3.5e-06   24.2   0.5    43   152    21   137    14   144 0.80 hypothetical protein MN116_008380 [Schistosoma mekongi]
KAK4468223.1         -            322 119591at33208        -            998   4.1e-15   53.7   0.1   2   2   3.6e-09   4.7e-07   27.0   0.0     6    77   152   227   146   234 0.88 hypothetical protein MN116_008380 [Schistosoma mekongi]
KAK4474198.1         -            686 119591at33208        -            998   7.4e-14   49.5   0.1   1   4     0.011       1.4    5.6   0.0    43    76   334   367   329   370 0.93 hypothetical protein MN116_003496 [Schistosoma mekongi]
KAK4474198.1         -            686 119591at33208        -            998   7.4e-14   49.5   0.1   2   4   8.8e-06    0.0011   15.8   0.0   127   193   397   460   391   487 0.80 hypothetical protein MN116_003496 [Schistosoma mekongi]
KAK4474198.1         -            686 119591at33208        -            998   7.4e-14   49.5   0.1   3   4     0.035       4.5    3.9   0.0    44    83   517   556   510   579 0.72 hypothetical protein MN116_003496 [Schistosoma mekongi]
KAK4474198.1         -            686 119591at33208        -            998   7.4e-14   49.5   0.1   4   4   1.4e-06   0.00018   18.5   0.0    30    77   595   643   562   665 0.84 hypothetical protein MN116_003496 [Schistosoma mekongi]
KAK4468365.1         -            314 119591at33208        -            998   8.3e-14   49.4   0.3   1   3      0.33        42    0.7   0.0    44    77    11    45     7    49 0.83 hypothetical protein MN116_008157 [Schistosoma mekongi]
KAK4468365.1         -            314 119591at33208        -            998   8.3e-14   49.4   0.3   2   3   1.3e-07   1.7e-05   21.9   0.0    11   101    66   161    60   169 0.80 hypothetical protein MN116_008157 [Schistosoma mekongi]
KAK4468365.1         -            314 119591at33208        -            998   8.3e-14   49.4   0.3   3   3   5.4e-09     7e-07   26.5   0.1     9   154   149   311   144   313 0.79 hypothetical protein MN116_008157 [Schistosoma mekongi]
KAK4468616.1         -            864 119591at33208        -            998   4.1e-13   47.1   0.2   1   2     1e-06   0.00013   18.9   0.1     6    78    65   139    59   150 0.87 hypothetical protein MN116_007806 [Schistosoma mekongi]
KAK4468616.1         -            864 119591at33208        -            998   4.1e-13   47.1   0.2   2   2   7.4e-09   9.5e-07   26.0   0.0     7   117   159   272   156   276 0.79 hypothetical protein MN116_007806 [Schistosoma mekongi]
KAK4469753.1         -            514 119591at33208        -            998   2.2e-12   44.7   0.7   1   2    0.0039       0.5    7.1   0.0    48    91   214   260   206   265 0.80 hypothetical protein MN116_007274 [Schistosoma mekongi]
KAK4469753.1         -            514 119591at33208        -            998   2.2e-12   44.7   0.7   2   2   2.3e-11   2.9e-09   34.3   0.3    48   206   264   433   252   436 0.81 hypothetical protein MN116_007274 [Schistosoma mekongi]
KAK4469756.1         -            514 119591at33208        -            998   3.3e-12   44.1   0.1   1   3   0.00045     0.057   10.2   0.0    46    92   212   261   202   265 0.87 hypothetical protein MN116_007276 [Schistosoma mekongi]
KAK4469756.1         -            514 119591at33208        -            998   3.3e-12   44.1   0.1   2   3     0.017       2.2    4.9   0.0    48    77   264   293   259   302 0.91 hypothetical protein MN116_007276 [Schistosoma mekongi]
KAK4469756.1         -            514 119591at33208        -            998   3.3e-12   44.1   0.1   3   3     8e-09     1e-06   25.9   0.0     4    77   304   378   300   384 0.87 hypothetical protein MN116_007276 [Schistosoma mekongi]
KAK4471857.1         -            620 119591at33208        -            998   1.6e-11   41.8   2.1   1   5   0.00096      0.12    9.1   0.0    17    87    25    97    18   120 0.85 hypothetical protein MN116_005246 [Schistosoma mekongi]
KAK4471857.1         -            620 119591at33208        -            998   1.6e-11   41.8   2.1   2   5     0.015       1.9    5.2   0.0    46    71   186   211   181   216 0.90 hypothetical protein MN116_005246 [Schistosoma mekongi]
KAK4471857.1         -            620 119591at33208        -            998   1.6e-11   41.8   2.1   3   5   1.8e-05    0.0023   14.8   0.2    16    89   196   276   190   286 0.77 hypothetical protein MN116_005246 [Schistosoma mekongi]
KAK4471857.1         -            620 119591at33208        -            998   1.6e-11   41.8   2.1   4   5       1.8   2.3e+02   -1.7   0.0    42    94   318   374   313   378 0.75 hypothetical protein MN116_005246 [Schistosoma mekongi]
KAK4471857.1         -            620 119591at33208        -            998   1.6e-11   41.8   2.1   5   5   0.00012     0.016   12.0   0.0    50    76   550   576   501   593 0.89 hypothetical protein MN116_005246 [Schistosoma mekongi]
KAK4468859.1         -            561 119591at33208        -            998   1.1e-10   39.1   0.1   1   2   0.00036     0.046   10.5   0.0    43    98   309   365   270   369 0.74 hypothetical protein MN116_008023 [Schistosoma mekongi]
KAK4468859.1         -            561 119591at33208        -            998   1.1e-10   39.1   0.1   2   2   1.1e-09   1.4e-07   28.8   0.0     8    94   355   446   348   467 0.80 hypothetical protein MN116_008023 [Schistosoma mekongi]
KAK4468117.1         -            463 119591at33208        -            998   1.4e-10   38.7   0.1   1   1   1.6e-12     2e-10   38.2   0.1    36   104    10    80     3    91 0.85 hypothetical protein MN116_008285 [Schistosoma mekongi]
KAK4472404.1         -            742 119591at33208        -            998   1.6e-10   38.5   0.3   1   4     0.037       4.8    3.8   0.0   129   155   339   365   333   380 0.86 hypothetical protein MN116_003661 [Schistosoma mekongi]
KAK4472404.1         -            742 119591at33208        -            998   1.6e-10   38.5   0.3   2   4   4.8e-05    0.0061   13.4   0.0    32    98   394   465   388   477 0.76 hypothetical protein MN116_003661 [Schistosoma mekongi]
KAK4472404.1         -            742 119591at33208        -            998   1.6e-10   38.5   0.3   3   4      0.82   1.1e+02   -0.6   0.0    39    72   446   480   443   486 0.85 hypothetical protein MN116_003661 [Schistosoma mekongi]
KAK4472404.1         -            742 119591at33208        -            998   1.6e-10   38.5   0.3   4   4   3.4e-06   0.00044   17.2   0.2    41   107   492   560   458   572 0.73 hypothetical protein MN116_003661 [Schistosoma mekongi]
KAK4471912.1         -            352 119591at33208        -            998   4.1e-10   37.1  15.4   1   4   1.2e-05    0.0015   15.4   0.1     8    76    14    88     7    92 0.82 hypothetical protein MN116_005295 [Schistosoma mekongi]
KAK4471912.1         -            352 119591at33208        -            998   4.1e-10   37.1  15.4   2   4   3.8e-07   4.8e-05   20.4   0.4    40   108   100   173    94   175 0.80 hypothetical protein MN116_005295 [Schistosoma mekongi]
KAK4471912.1         -            352 119591at33208        -            998   4.1e-10   37.1  15.4   3   4   0.00013     0.016   12.0   3.4     9   108   154   267   147   276 0.77 hypothetical protein MN116_005295 [Schistosoma mekongi]
KAK4471912.1         -            352 119591at33208        -            998   4.1e-10   37.1  15.4   4   4      0.94   1.2e+02   -0.8   0.2    86   111   303   330   296   337 0.78 hypothetical protein MN116_005295 [Schistosoma mekongi]
KAK4475657.1         -            275 119591at33208        -            998   4.8e-10   36.9   2.5   1   3     0.012       1.5    5.5   0.1    30    78    23    73     4    75 0.81 hypothetical protein MN116_000927 [Schistosoma mekongi]
KAK4475657.1         -            275 119591at33208        -            998   4.8e-10   36.9   2.5   2   3   0.00017     0.021   11.6   0.1    44    76   109   141   102   145 0.91 hypothetical protein MN116_000927 [Schistosoma mekongi]
KAK4475657.1         -            275 119591at33208        -            998   4.8e-10   36.9   2.5   3   3   1.3e-06   0.00016   18.6   0.0    14   106   160   257   146   273 0.76 hypothetical protein MN116_000927 [Schistosoma mekongi]
KAK4470367.1         -           1060 119591at33208        -            998   5.2e-10   36.8   0.3   1   2   0.00028     0.036   10.8   0.0    25    78   115   170   102   190 0.86 hypothetical protein MN116_005929 [Schistosoma mekongi]
KAK4470367.1         -           1060 119591at33208        -            998   5.2e-10   36.8   0.3   2   2   5.3e-08   6.8e-06   23.2   0.0    86   153   459   530   443   539 0.86 hypothetical protein MN116_005929 [Schistosoma mekongi]
KAK4475872.1         -            392 119591at33208        -            998   5.7e-10   36.7   0.1   1   3     0.083        11    2.7   1.0    11    78    44   116    39   136 0.72 hypothetical protein MN116_001119 [Schistosoma mekongi]
KAK4475872.1         -            392 119591at33208        -            998   5.7e-10   36.7   0.1   2   3    0.0066      0.84    6.3   0.0    13    76   134   200   123   204 0.84 hypothetical protein MN116_001119 [Schistosoma mekongi]
KAK4475872.1         -            392 119591at33208        -            998   5.7e-10   36.7   0.1   3   3   4.4e-08   5.7e-06   23.4   0.0    21    77   284   343   274   350 0.84 hypothetical protein MN116_001119 [Schistosoma mekongi]
KAK4467942.1         -           1003 119591at33208        -            998   4.4e-09   33.7   2.0   1   4       1.3   1.7e+02   -1.3   0.0    47   117    56   129    16   135 0.68 hypothetical protein MN116_008548 [Schistosoma mekongi]
KAK4467942.1         -           1003 119591at33208        -            998   4.4e-09   33.7   2.0   2   4     0.021       2.6    4.7   0.0    44    76   138   171    93   173 0.80 hypothetical protein MN116_008548 [Schistosoma mekongi]
KAK4467942.1         -           1003 119591at33208        -            998   4.4e-09   33.7   2.0   3   4   5.1e-09   6.5e-07   26.6   0.1    10   153   144   297   139   316 0.74 hypothetical protein MN116_008548 [Schistosoma mekongi]
KAK4467942.1         -           1003 119591at33208        -            998   4.4e-09   33.7   2.0   4   4     0.031       3.9    4.1   0.1   508   568   657   720   635   765 0.79 hypothetical protein MN116_008548 [Schistosoma mekongi]
KAK4470987.1         -           1220 119591at33208        -            998     6e-09   33.3   2.2   1   2   3.5e-05    0.0045   13.9   0.0    40    77    70   107    61   111 0.94 hypothetical protein MN116_006490 [Schistosoma mekongi]
KAK4470987.1         -           1220 119591at33208        -            998     6e-09   33.3   2.2   2   2   8.5e-06    0.0011   15.9   1.1    43   143   135   257   129   259 0.64 hypothetical protein MN116_006490 [Schistosoma mekongi]
KAK4475984.1         -            760 119591at33208        -            998   6.9e-09   33.1   0.1   1   3   1.9e-05    0.0025   14.7   0.0    41   119    50   131    38   141 0.86 hypothetical protein MN116_001220 [Schistosoma mekongi]
KAK4475984.1         -            760 119591at33208        -            998   6.9e-09   33.1   0.1   2   3   0.00021     0.027   11.2   0.0    13    73   146   208   140   213 0.83 hypothetical protein MN116_001220 [Schistosoma mekongi]
KAK4475984.1         -            760 119591at33208        -            998   6.9e-09   33.1   0.1   3   3     0.059       7.6    3.2   0.0     9    40   228   259   224   265 0.86 hypothetical protein MN116_001220 [Schistosoma mekongi]
KAK4469641.1         -            340 119591at33208        -            998   2.4e-08   31.3   6.9   1   4   0.00065     0.083    9.7   0.1    43    76    50    83    39    94 0.90 hypothetical protein MN116_007173 [Schistosoma mekongi]
KAK4469641.1         -            340 119591at33208        -            998   2.4e-08   31.3   6.9   2   4     0.063       8.1    3.1   0.1   127   167    97   138    87   150 0.81 hypothetical protein MN116_007173 [Schistosoma mekongi]
KAK4469641.1         -            340 119591at33208        -            998   2.4e-08   31.3   6.9   3   4    0.0027      0.35    7.6   0.0    19    76   153   212   145   214 0.85 hypothetical protein MN116_007173 [Schistosoma mekongi]
KAK4469641.1         -            340 119591at33208        -            998   2.4e-08   31.3   6.9   4   4    0.0054      0.69    6.6   0.1    31    76   294   340   271   340 0.74 hypothetical protein MN116_007173 [Schistosoma mekongi]
KAK4474655.1         -           1010 119591at33208        -            998   2.5e-08   31.3   0.8   1   3      0.21        27    1.3   0.0    22    76   125   179   118   187 0.81 hypothetical protein MN116_001788 [Schistosoma mekongi]
KAK4474655.1         -           1010 119591at33208        -            998   2.5e-08   31.3   0.8   2   3     0.024       3.1    4.4   0.0    30    75   502   549   479   555 0.72 hypothetical protein MN116_001788 [Schistosoma mekongi]
KAK4474655.1         -           1010 119591at33208        -            998   2.5e-08   31.3   0.8   3   3   1.5e-07   1.9e-05   21.7   0.0     8   105   575   676   571   706 0.87 hypothetical protein MN116_001788 [Schistosoma mekongi]
KAK4476281.1         -            377 119591at33208        -            998     3e-08   31.0   6.6   1   4    0.0081         1    6.0   0.0    43    76    83   116    80   126 0.94 hypothetical protein MN116_001485 [Schistosoma mekongi]
KAK4476281.1         -            377 119591at33208        -            998     3e-08   31.0   6.6   2   4     0.013       1.6    5.4   0.1    42    76   170   203   145   211 0.83 hypothetical protein MN116_001485 [Schistosoma mekongi]
KAK4476281.1         -            377 119591at33208        -            998     3e-08   31.0   6.6   3   4   0.00026     0.033   11.0   0.0    43   111   212   283   205   342 0.85 hypothetical protein MN116_001485 [Schistosoma mekongi]
KAK4476281.1         -            377 119591at33208        -            998     3e-08   31.0   6.6   4   4   0.00086      0.11    9.2   0.2    44    78   343   377   310   377 0.90 hypothetical protein MN116_001485 [Schistosoma mekongi]
KAK4474281.1         -            262 119591at33208        -            998   5.5e-08   30.1   3.1   1   4   4.1e-05    0.0053   13.6   0.0    16    74    56   116    45   121 0.85 hypothetical protein MN116_000369 [Schistosoma mekongi]
KAK4474281.1         -            262 119591at33208        -            998   5.5e-08   30.1   3.1   2   4   3.2e-05    0.0041   14.0   0.2    38    78   127   167   121   186 0.82 hypothetical protein MN116_000369 [Schistosoma mekongi]
KAK4474281.1         -            262 119591at33208        -            998   5.5e-08   30.1   3.1   3   4      0.28        36    0.9   0.0    42    80   173   211   167   219 0.85 hypothetical protein MN116_000369 [Schistosoma mekongi]
KAK4474281.1         -            262 119591at33208        -            998   5.5e-08   30.1   3.1   4   4      0.59        76   -0.1   0.0   870   898   214   242   203   249 0.76 hypothetical protein MN116_000369 [Schistosoma mekongi]
KAK4473740.1         -            370 119591at33208        -            998   6.9e-08   29.8   8.8   1   4   1.1e-08   1.4e-06   25.5   1.7     6   113    11   129     7   161 0.76 hypothetical protein MN116_003081 [Schistosoma mekongi]
KAK4473740.1         -            370 119591at33208        -            998   6.9e-08   29.8   8.8   2   4       1.6     2e+02   -1.5   0.0    61    78   185   202   181   205 0.88 hypothetical protein MN116_003081 [Schistosoma mekongi]
KAK4473740.1         -            370 119591at33208        -            998   6.9e-08   29.8   8.8   3   4      0.24        30    1.2   0.0    42    77   214   253   207   256 0.80 hypothetical protein MN116_003081 [Schistosoma mekongi]
KAK4473740.1         -            370 119591at33208        -            998   6.9e-08   29.8   8.8   4   4     0.016         2    5.1   0.2    46    81   298   333   294   336 0.93 hypothetical protein MN116_003081 [Schistosoma mekongi]
KAK4475656.1         -            380 119591at33208        -            998   7.1e-08   29.7   0.6   1   2   9.9e-10   1.3e-07   28.9   0.1    16   116    28   138    23   144 0.82 hypothetical protein MN116_000926 [Schistosoma mekongi]
KAK4475656.1         -            380 119591at33208        -            998   7.1e-08   29.7   0.6   2   2       2.6   3.3e+02   -2.3   0.0   824   890   273   340   255   374 0.60 hypothetical protein MN116_000926 [Schistosoma mekongi]
KAK4470628.1         -            941 119591at33208        -            998     9e-08   29.4   0.1   1   3   7.8e-05    0.0099   12.7   0.0    10    71    98   167    93   183 0.80 hypothetical protein MN116_006164 [Schistosoma mekongi]
KAK4470628.1         -            941 119591at33208        -            998     9e-08   29.4   0.1   2   3    0.0016       0.2    8.4   0.1    30    97   319   389   291   412 0.67 hypothetical protein MN116_006164 [Schistosoma mekongi]
KAK4470628.1         -            941 119591at33208        -            998     9e-08   29.4   0.1   3   3     0.033       4.2    4.0   0.0    60   165   437   563   423   576 0.66 hypothetical protein MN116_006164 [Schistosoma mekongi]
KAK4473152.1         -            833 119591at33208        -            998   9.7e-08   29.3   1.9   1   5       0.7        90   -0.4   0.4    17   110   214   318   206   345 0.68 hypothetical protein MN116_004334 [Schistosoma mekongi]
KAK4473152.1         -            833 119591at33208        -            998   9.7e-08   29.3   1.9   2   5      0.26        33    1.1   0.3   150   208   323   379   242   385 0.75 hypothetical protein MN116_004334 [Schistosoma mekongi]
KAK4473152.1         -            833 119591at33208        -            998   9.7e-08   29.3   1.9   3   5   5.2e-05    0.0066   13.3   0.0    22   103   492   575   481   583 0.80 hypothetical protein MN116_004334 [Schistosoma mekongi]
KAK4473152.1         -            833 119591at33208        -            998   9.7e-08   29.3   1.9   4   5    0.0014      0.19    8.5   0.0   129   186   645   704   625   722 0.64 hypothetical protein MN116_004334 [Schistosoma mekongi]
KAK4473152.1         -            833 119591at33208        -            998   9.7e-08   29.3   1.9   5   5      0.49        63    0.1   0.0    43    75   796   829   784   832 0.85 hypothetical protein MN116_004334 [Schistosoma mekongi]
KAK4474021.1         -            340 119591at33208        -            998   9.8e-08   29.3   7.3   1   5    0.0019      0.24    8.1   0.1    43    76    50    83    45    93 0.91 hypothetical protein MN116_003335 [Schistosoma mekongi]
KAK4474021.1         -            340 119591at33208        -            998   9.8e-08   29.3   7.3   2   5     0.028       3.5    4.3   0.1   127   167    97   138    86   149 0.86 hypothetical protein MN116_003335 [Schistosoma mekongi]
KAK4474021.1         -            340 119591at33208        -            998   9.8e-08   29.3   7.3   3   5   0.00023     0.029   11.2   0.1    18    98   152   236   145   249 0.77 hypothetical protein MN116_003335 [Schistosoma mekongi]
KAK4474021.1         -            340 119591at33208        -            998   9.8e-08   29.3   7.3   4   5    0.0065      0.83    6.3   0.0    10    72   186   250   182   278 0.77 hypothetical protein MN116_003335 [Schistosoma mekongi]
KAK4474021.1         -            340 119591at33208        -            998   9.8e-08   29.3   7.3   5   5    0.0059      0.76    6.5   0.1    31    76   294   340   265   340 0.75 hypothetical protein MN116_003335 [Schistosoma mekongi]
KAK4470319.1         -            442 119591at33208        -            998   1.6e-07   28.6   2.6   1   2   3.6e-05    0.0047   13.8   0.1    45   124   129   211   125   217 0.67 hypothetical protein MN116_005885 [Schistosoma mekongi]
KAK4470319.1         -            442 119591at33208        -            998   1.6e-07   28.6   2.6   2   2   2.6e-05    0.0034   14.3   0.7    10   193   218   412   213   434 0.74 hypothetical protein MN116_005885 [Schistosoma mekongi]
KAK4470945.1         -            950 119591at33208        -            998   4.9e-07   27.0  12.5   1   6   0.00085      0.11    9.3   0.0    20   117    72   177    53   180 0.72 hypothetical protein MN116_006451 [Schistosoma mekongi]
KAK4470945.1         -            950 119591at33208        -            998   4.9e-07   27.0  12.5   2   6   0.00022     0.028   11.2   0.1    31    77   171   218   169   222 0.90 hypothetical protein MN116_006451 [Schistosoma mekongi]
KAK4470945.1         -            950 119591at33208        -            998   4.9e-07   27.0  12.5   3   6     0.029       3.7    4.2   0.0    46    76   426   456   419   465 0.94 hypothetical protein MN116_006451 [Schistosoma mekongi]
KAK4470945.1         -            950 119591at33208        -            998   4.9e-07   27.0  12.5   4   6       0.2        25    1.5   0.1    45    78   538   571   483   576 0.73 hypothetical protein MN116_006451 [Schistosoma mekongi]
KAK4470945.1         -            950 119591at33208        -            998   4.9e-07   27.0  12.5   5   6    0.0072      0.92    6.2   0.2    44   107   581   646   573   660 0.74 hypothetical protein MN116_006451 [Schistosoma mekongi]
KAK4470945.1         -            950 119591at33208        -            998   4.9e-07   27.0  12.5   6   6       1.8   2.3e+02   -1.7   0.2   724   768   739   783   708   800 0.77 hypothetical protein MN116_006451 [Schistosoma mekongi]
KAK4470302.1         -           1201 119591at33208        -            998   7.7e-07   26.3   0.0   1   2   0.00024     0.031   11.1   0.0    11    76  1008  1075  1002  1079 0.85 hypothetical protein MN116_005869 [Schistosoma mekongi]
KAK4470302.1         -           1201 119591at33208        -            998   7.7e-07   26.3   0.0   2   2   6.4e-05    0.0082   13.0   0.0     4    76  1084  1157  1081  1167 0.91 hypothetical protein MN116_005869 [Schistosoma mekongi]
KAK4472463.1         -            648 119591at33208        -            998   8.6e-07   26.1   5.2   1   4       2.6   3.3e+02   -2.3   0.8   882   958   127   204   101   215 0.71 hypothetical protein MN116_003713 [Schistosoma mekongi]
KAK4472463.1         -            648 119591at33208        -            998   8.6e-07   26.1   5.2   2   4    0.0082         1    6.0   0.0    41   112   250   324   246   334 0.75 hypothetical protein MN116_003713 [Schistosoma mekongi]
KAK4472463.1         -            648 119591at33208        -            998   8.6e-07   26.1   5.2   3   4     0.014       1.8    5.2   0.0    12    76   305   371   298   375 0.82 hypothetical protein MN116_003713 [Schistosoma mekongi]
KAK4472463.1         -            648 119591at33208        -            998   8.6e-07   26.1   5.2   4   4   4.4e-06   0.00056   16.8   0.0    55   117   478   543   466   562 0.65 hypothetical protein MN116_003713 [Schistosoma mekongi]
KAK4475830.1         -            454 119591at33208        -            998   1.2e-06   25.7   0.0   1   1   1.6e-08     2e-06   24.9   0.0    25   115   276   374   272   384 0.80 hypothetical protein MN116_001082 [Schistosoma mekongi]
KAK4472847.1         -            317 119591at33208        -            998   3.4e-06   24.2   0.1   1   3      0.01       1.3    5.7   0.0     6    72    36   104    30   115 0.83 hypothetical protein MN116_004060 [Schistosoma mekongi]
KAK4472847.1         -            317 119591at33208        -            998   3.4e-06   24.2   0.1   2   3   0.00094      0.12    9.1   0.1   124   210   121   210   115   238 0.80 hypothetical protein MN116_004060 [Schistosoma mekongi]
KAK4472847.1         -            317 119591at33208        -            998   3.4e-06   24.2   0.1   3   3    0.0097       1.2    5.8   0.0    10    57   261   310   255   315 0.85 hypothetical protein MN116_004060 [Schistosoma mekongi]
KAK4475104.1         -            320 119591at33208        -            998   2.5e-05   21.3   0.0   1   2     3e-05    0.0039   14.1   0.0     7   151    20   171    16   178 0.81 hypothetical protein MN116_002193 [Schistosoma mekongi]
KAK4475104.1         -            320 119591at33208        -            998   2.5e-05   21.3   0.0   2   2     0.014       1.8    5.2   0.0    13   114   200   314   191   318 0.70 hypothetical protein MN116_002193 [Schistosoma mekongi]
KAK4475101.1         -           1305 119591at33208        -            998     3e-05   21.0   1.8   1   4      0.39        50    0.5   0.0    31    78    35    83    13    87 0.84 hypothetical protein MN116_000765 [Schistosoma mekongi]
KAK4475101.1         -           1305 119591at33208        -            998     3e-05   21.0   1.8   2   4   0.00062     0.079    9.7   0.3    23   110    67   159    47   183 0.75 hypothetical protein MN116_000765 [Schistosoma mekongi]
KAK4475101.1         -           1305 119591at33208        -            998     3e-05   21.0   1.8   3   4    0.0038      0.49    7.1   0.0    13    76   226   293   218   298 0.79 hypothetical protein MN116_000765 [Schistosoma mekongi]
KAK4475101.1         -           1305 119591at33208        -            998     3e-05   21.0   1.8   4   4      0.33        42    0.7   0.1   532   571   705   744   694   766 0.75 hypothetical protein MN116_000765 [Schistosoma mekongi]
KAK4468870.1         -            421 119591at33208        -            998   3.5e-05   20.8   0.0   1   1   3.8e-07   4.8e-05   20.4   0.0    25   117   246   346   224   356 0.77 hypothetical protein MN116_008033 [Schistosoma mekongi]
KAK4471989.1         -            368 119591at33208        -            998   3.8e-05   20.7   6.2   1   4    0.0063       0.8    6.4   0.5    44    76    59    91    52   130 0.92 hypothetical protein MN116_005367 [Schistosoma mekongi]
KAK4471989.1         -            368 119591at33208        -            998   3.8e-05   20.7   6.2   2   4    0.0073      0.93    6.2   0.1    16    76   176   240   160   242 0.79 hypothetical protein MN116_005367 [Schistosoma mekongi]
KAK4471989.1         -            368 119591at33208        -            998   3.8e-05   20.7   6.2   3   4   0.00027     0.035   10.9   0.0    23    74   227   280   211   298 0.80 hypothetical protein MN116_005367 [Schistosoma mekongi]
KAK4471989.1         -            368 119591at33208        -            998   3.8e-05   20.7   6.2   4   4       0.2        26    1.4   0.0    30    75   321   367   294   368 0.79 hypothetical protein MN116_005367 [Schistosoma mekongi]
KAK4474741.1         -            739 119591at33208        -            998   5.8e-05   20.1   0.0   1   2     0.014       1.8    5.3   0.0    41    78   138   175   133   189 0.89 hypothetical protein MN116_001866 [Schistosoma mekongi]
KAK4474741.1         -            739 119591at33208        -            998   5.8e-05   20.1   0.0   2   2   0.00012     0.016   12.1   0.0    44    78   213   247   210   250 0.92 hypothetical protein MN116_001866 [Schistosoma mekongi]
KAK4475126.1         -           1406 119591at33208        -            998   6.5e-05   19.9   0.0   1   3     0.002      0.25    8.1   0.0    44    72   771   799   734   804 0.91 hypothetical protein MN116_002213 [Schistosoma mekongi]
KAK4475126.1         -           1406 119591at33208        -            998   6.5e-05   19.9   0.0   2   3     0.014       1.8    5.3   0.0    43    76   898   931   872   939 0.90 hypothetical protein MN116_002213 [Schistosoma mekongi]
KAK4475126.1         -           1406 119591at33208        -            998   6.5e-05   19.9   0.0   3   3     0.093        12    2.5   0.0    10    76   993  1065   988  1069 0.75 hypothetical protein MN116_002213 [Schistosoma mekongi]
KAK4474687.1         -           3716 119591at33208        -            998   8.1e-05   19.6   0.1   1   1     1e-06   0.00013   18.9   0.1    43   123  3367  3449  3346  3467 0.88 hypothetical protein MN116_001816 [Schistosoma mekongi]
KAK4474440.1         -            863 119591at33208        -            998   8.8e-05   19.5   3.2   1   3   2.8e-05    0.0036   14.2   0.7    24    95    75   147    54   155 0.67 hypothetical protein MN116_001595 [Schistosoma mekongi]
KAK4474440.1         -            863 119591at33208        -            998   8.8e-05   19.5   3.2   2   3       1.4   1.8e+02   -1.4   0.1    44    76   136   176   131   178 0.61 hypothetical protein MN116_001595 [Schistosoma mekongi]
KAK4474440.1         -            863 119591at33208        -            998   8.8e-05   19.5   3.2   3   3      0.03       3.8    4.2   0.0    46   107   197   259   187   269 0.58 hypothetical protein MN116_001595 [Schistosoma mekongi]
KAK4472526.1         -            616 119591at33208        -            998   0.00022   18.2   0.2   1   2    0.0036      0.46    7.2   0.1   126   154    78   106    66   113 0.85 hypothetical protein MN116_003770 [Schistosoma mekongi]
KAK4472526.1         -            616 119591at33208        -            998   0.00022   18.2   0.2   2   2   1.4e-05    0.0018   15.2   0.2    15    85    86   159    80   163 0.86 hypothetical protein MN116_003770 [Schistosoma mekongi]
KAK4474069.1         -           1136 119591at33208        -            998   0.00024   18.0   0.9   1   2     0.014       1.8    5.2   0.1    44   108   180   249   174   254 0.76 hypothetical protein MN116_002646 [Schistosoma mekongi]
KAK4474069.1         -           1136 119591at33208        -            998   0.00024   18.0   0.9   2   2   0.00021     0.028   11.2   0.1    16   115   471   581   461   584 0.78 hypothetical protein MN116_002646 [Schistosoma mekongi]
KAK4470225.1         -            355 119591at33208        -            998   0.00025   18.0   0.1   1   2   3.8e-05    0.0049   13.7   0.1    11    76    30    97    22   105 0.88 hypothetical protein MN116_005800 [Schistosoma mekongi]
KAK4470225.1         -            355 119591at33208        -            998   0.00025   18.0   0.1   2   2      0.14        18    1.9   0.0    30    75   143   189   128   201 0.75 hypothetical protein MN116_005800 [Schistosoma mekongi]
KAK4469958.1         -            429 119591at33208        -            998   0.00029   17.8   0.6   1   4      0.43        55    0.3   0.0    44    74   100   130    86   136 0.89 hypothetical protein MN116_007457 [Schistosoma mekongi]
KAK4469958.1         -            429 119591at33208        -            998   0.00029   17.8   0.6   2   4    0.0076      0.98    6.1   0.0     5    75   212   287   206   290 0.84 hypothetical protein MN116_007457 [Schistosoma mekongi]
KAK4469958.1         -            429 119591at33208        -            998   0.00029   17.8   0.6   3   4      0.27        34    1.0   0.1    16    76   268   332   264   354 0.77 hypothetical protein MN116_007457 [Schistosoma mekongi]
KAK4469958.1         -            429 119591at33208        -            998   0.00029   17.8   0.6   4   4     0.006      0.77    6.5   0.0    68   109   372   416   332   424 0.79 hypothetical protein MN116_007457 [Schistosoma mekongi]
KAK4469048.1         -            442 119591at33208        -            998    0.0003   17.7   0.1   1   2    0.0012      0.16    8.7   0.0    52   136   156   245   150   251 0.79 hypothetical protein MN116_007512 [Schistosoma mekongi]
KAK4469048.1         -            442 119591at33208        -            998    0.0003   17.7   0.1   2   2     0.005      0.64    6.7   0.0    45    76   277   308   274   319 0.94 hypothetical protein MN116_007512 [Schistosoma mekongi]
KAK4469379.1         -            608 119591at33208        -            998   0.00031   17.7   1.2   1   2    0.0018      0.23    8.2   0.2   854   901    40    87    29   130 0.88 hypothetical protein MN116_006936 [Schistosoma mekongi]
KAK4469379.1         -            608 119591at33208        -            998   0.00031   17.7   1.2   2   2    0.0017      0.21    8.3   0.0   117   153   302   338   258   353 0.70 hypothetical protein MN116_006936 [Schistosoma mekongi]
KAK4476120.1         -           1373 119591at33208        -            998   0.00038   17.4   0.0   1   1   4.7e-06    0.0006   16.8   0.0    41    76    40    75    35    98 0.92 hypothetical protein MN116_001340 [Schistosoma mekongi]
KAK4471287.1         -            386 119591at33208        -            998   0.00063   16.7   0.2   1   3    0.0052      0.67    6.7   0.0   128   231    70   176    67   189 0.81 hypothetical protein MN116_004728 [Schistosoma mekongi]
KAK4471287.1         -            386 119591at33208        -            998   0.00063   16.7   0.2   2   3    0.0032      0.41    7.4   0.0    42    76   198   232   190   238 0.92 hypothetical protein MN116_004728 [Schistosoma mekongi]
KAK4471287.1         -            386 119591at33208        -            998   0.00063   16.7   0.2   3   3       4.2   5.4e+02   -3.0   0.0    38    61   237   260   234   264 0.85 hypothetical protein MN116_004728 [Schistosoma mekongi]
KAK4472800.1         -            851 119591at33208        -            998   0.00064   16.7   5.4   1   4     0.094        12    2.5   0.1    86   125   503   542   490   548 0.76 hypothetical protein MN116_004018 [Schistosoma mekongi]
KAK4472800.1         -            851 119591at33208        -            998   0.00064   16.7   5.4   2   4       5.3   6.8e+02   -3.3   0.0    34    75   609   651   608   657 0.79 hypothetical protein MN116_004018 [Schistosoma mekongi]
KAK4472800.1         -            851 119591at33208        -            998   0.00064   16.7   5.4   3   4       5.2   6.7e+02   -3.3   0.0   781   814   658   691   644   700 0.85 hypothetical protein MN116_004018 [Schistosoma mekongi]
KAK4472800.1         -            851 119591at33208        -            998   0.00064   16.7   5.4   4   4   1.1e-05    0.0014   15.5   0.6    23   109   749   844   736   848 0.76 hypothetical protein MN116_004018 [Schistosoma mekongi]
KAK4467302.1         -            210 119591at33208        -            998   0.00071   16.5   0.1   1   1   7.2e-06   0.00093   16.1   0.1   125   203   101   177    89   188 0.69 hypothetical protein MN116_008965 [Schistosoma mekongi]
KAK4473176.1         -            499 119591at33208        -            998   0.00083   16.3   1.6   1   3       5.6   7.2e+02   -3.4   0.0   132   172   231   272   228   284 0.73 hypothetical protein MN116_004356 [Schistosoma mekongi]
KAK4473176.1         -            499 119591at33208        -            998   0.00083   16.3   1.6   2   3     0.002      0.25    8.1   1.0    47   136   313   410   307   419 0.74 hypothetical protein MN116_004356 [Schistosoma mekongi]
KAK4473176.1         -            499 119591at33208        -            998   0.00083   16.3   1.6   3   3    0.0078         1    6.1   0.0    39    76   436   473   424   478 0.88 hypothetical protein MN116_004356 [Schistosoma mekongi]
KAK4468587.1         -           1975 119591at33208        -            998   0.00086   16.2   0.0   1   2    0.0064      0.82    6.4   0.0    51    76    56    81    49    85 0.88 hypothetical protein MN116_007546 [Schistosoma mekongi]
KAK4468587.1         -           1975 119591at33208        -            998   0.00086   16.2   0.0   2   2    0.0031       0.4    7.4   0.0    31    81  1849  1900  1844  1917 0.85 hypothetical protein MN116_007546 [Schistosoma mekongi]
KAK4471457.1         -            693 119591at33208        -            998    0.0011   15.9   0.2   1   3      0.58        74   -0.1   0.1    44    84   397   436   387   445 0.84 hypothetical protein MN116_004577 [Schistosoma mekongi]
KAK4471457.1         -            693 119591at33208        -            998    0.0011   15.9   0.2   2   3   8.6e-06    0.0011   15.9   0.2    40   114   452   529   440   543 0.81 hypothetical protein MN116_004577 [Schistosoma mekongi]
KAK4471457.1         -            693 119591at33208        -            998    0.0011   15.9   0.2   3   3      0.53        68    0.0   0.1    24    75   639   692   622   693 0.66 hypothetical protein MN116_004577 [Schistosoma mekongi]
KAK4467927.1         -           2681 119591at33208        -            998    0.0018   15.2   0.0   1   2   6.6e-05    0.0085   12.9   0.0    38    84  2518  2564  2508  2579 0.83 hypothetical protein MN116_008535 [Schistosoma mekongi]
KAK4467927.1         -           2681 119591at33208        -            998    0.0018   15.2   0.0   2   2      0.23        30    1.2   0.0    41    76  2563  2598  2557  2601 0.91 hypothetical protein MN116_008535 [Schistosoma mekongi]
KAK4469312.1         -           1057 119591at33208        -            998    0.0042   14.0   0.1   1   3       2.4   3.1e+02   -2.2   0.0    46    76   492   522   486   525 0.89 hypothetical protein MN116_006876 [Schistosoma mekongi]
KAK4469312.1         -           1057 119591at33208        -            998    0.0042   14.0   0.1   2   3   0.00035     0.045   10.5   0.0    41   121   677   759   668   763 0.83 hypothetical protein MN116_006876 [Schistosoma mekongi]
KAK4469312.1         -           1057 119591at33208        -            998    0.0042   14.0   0.1   3   3      0.82   1.1e+02   -0.6   0.0    46    80   818   852   808   860 0.85 hypothetical protein MN116_006876 [Schistosoma mekongi]
KAK4471106.1         -            604 119591at33208        -            998     0.006   13.4   0.0   1   2       1.8   2.3e+02   -1.8   0.0     7    31   141   165   138   181 0.75 hypothetical protein MN116_005505 [Schistosoma mekongi]
KAK4471106.1         -            604 119591at33208        -            998     0.006   13.4   0.0   2   2   0.00015     0.019   11.8   0.0    46   108   252   321   239   363 0.55 hypothetical protein MN116_005505 [Schistosoma mekongi]
KAK4475772.1         -            373 119591at33208        -            998    0.0063   13.4   0.8   1   2   7.3e-05    0.0093   12.8   0.6    44   153    52   173    10   202 0.77 hypothetical protein MN116_001031 [Schistosoma mekongi]
KAK4475772.1         -            373 119591at33208        -            998    0.0063   13.4   0.8   2   2       6.4   8.1e+02   -3.6   0.0    11    29   208   226   204   235 0.72 hypothetical protein MN116_001031 [Schistosoma mekongi]
KAK4475753.1         -            851 119591at33208        -            998    0.0086   12.9   0.0   1   2     0.014       1.8    5.2   0.0   127   154   538   566   524   574 0.86 hypothetical protein MN116_000643 [Schistosoma mekongi]
KAK4475753.1         -            851 119591at33208        -            998    0.0086   12.9   0.0   2   2     0.014       1.7    5.3   0.0    85   200   702   822   698   830 0.84 hypothetical protein MN116_000643 [Schistosoma mekongi]
KAK4468465.1         -           2344 119591at33208        -            998      0.01   12.6   0.6   1   2     0.017       2.2    5.0   0.1    43    78   136   171   127   173 0.91 hypothetical protein MN116_007669 [Schistosoma mekongi]
KAK4468465.1         -           2344 119591at33208        -            998      0.01   12.6   0.6   2   2      0.01       1.3    5.7   0.1    60   169   342   465   332   495 0.61 hypothetical protein MN116_007669 [Schistosoma mekongi]
KAK4473492.1         -            446 119591at33208        -            998     0.011   12.6   0.6   1   3       9.5   1.2e+03   -4.1   0.0   112   136   124   149   114   153 0.79 hypothetical protein MN116_002856 [Schistosoma mekongi]
KAK4473492.1         -            446 119591at33208        -            998     0.011   12.6   0.6   2   3       1.2   1.5e+02   -1.1   0.1    44    77   187   226   177   230 0.71 hypothetical protein MN116_002856 [Schistosoma mekongi]
KAK4473492.1         -            446 119591at33208        -            998     0.011   12.6   0.6   3   3   0.00028     0.036   10.9   0.0    25    78   335   392   317   423 0.75 hypothetical protein MN116_002856 [Schistosoma mekongi]
KAK4471279.1         -            916 119591at33208        -            998     0.017   12.0   0.1   1   1   0.00023     0.029   11.1   0.1    11    76   632   699   624   702 0.83 hypothetical protein MN116_004722 [Schistosoma mekongi]
KAK4471005.1         -            567 119591at33208        -            998     0.032   11.0   0.2   1   3    0.0011      0.14    8.9   0.0    16    76    44   106    36   128 0.68 hypothetical protein MN116_006506 [Schistosoma mekongi]
KAK4471005.1         -            567 119591at33208        -            998     0.032   11.0   0.2   2   3       1.7   2.2e+02   -1.7   0.0    29    75   185   235   170   247 0.79 hypothetical protein MN116_006506 [Schistosoma mekongi]
KAK4471005.1         -            567 119591at33208        -            998     0.032   11.0   0.2   3   3         2   2.5e+02   -1.9   0.1    54   105   266   321   203   339 0.55 hypothetical protein MN116_006506 [Schistosoma mekongi]
KAK4473935.1         -            131 119591at33208        -            998     0.053   10.3   0.0   1   1   0.00045     0.058   10.2   0.0    45   108    59   128    46   131 0.64 hypothetical protein MN116_003258, partial [Schistosoma mekongi]
KAK4467671.1         -            327 119591at33208        -            998       0.1    9.4   0.5   1   2      0.49        63    0.1   0.1    44    97     6    61     3   109 0.57 hypothetical protein MN116_008610 [Schistosoma mekongi]
KAK4467671.1         -            327 119591at33208        -            998       0.1    9.4   0.5   2   2    0.0039      0.49    7.1   0.0    43    71   281   309   271   316 0.84 hypothetical protein MN116_008610 [Schistosoma mekongi]
#
# Program:         hmmsearch
# Version:         3.4 (Aug 2023)
# Pipeline mode:   SEARCH
# Query file:      /users/40483456/busco_datasets/busco_downloads/lineages/metazoa_odb10/hmms/119591at33208.hmm
# Target file:     /users/40483456/protein/s.mekongi.faa
# Option settings: hmmsearch --domtblout /users/40483456/busco/results_pro/s.mekongi_busco/run_metazoa_odb10/hmmer_output/initial_run_results/119591at33208.out --cpu 1 /users/40483456/busco_datasets/busco_downloads/lineages/metazoa_odb10/hmms/119591at33208.hmm /users/40483456/protein/s.mekongi.faa 
# Current dir:     /users/40483456
# Date:            Thu Jan 15 18:04:10 2026
# [ok]
