#                                                                            --- full sequence --- -------------- this domain -------------   hmm coord   ali coord   env coord
# target name        accession   tlen query name           accession   qlen   E-value  score  bias   #  of  c-Evalue  i-Evalue  score  bias  from    to  from    to  from    to  acc description of target
#------------------- ---------- ----- -------------------- ---------- ----- --------- ------ ----- --- --- --------- --------- ------ ----- ----- ----- ----- ----- ----- ----- ---- ---------------------
KAK4471246.1         -           1291 203698at33208        -            796  1.2e-211  703.8  12.0   1   5   0.00014      0.11    9.3   5.8    15    56    87   128    76   158 0.80 hypothetical protein MN116_004692 [Schistosoma mekongi]
KAK4471246.1         -           1291 203698at33208        -            796  1.2e-211  703.8  12.0   2   5  3.7e-118    3e-115  384.9   0.0    69   329   217   501   194   511 0.90 hypothetical protein MN116_004692 [Schistosoma mekongi]
KAK4471246.1         -           1291 203698at33208        -            796  1.2e-211  703.8  12.0   3   5   8.1e-72   6.7e-69  231.7   0.0   336   543   622   853   613   891 0.87 hypothetical protein MN116_004692 [Schistosoma mekongi]
KAK4471246.1         -           1291 203698at33208        -            796  1.2e-211  703.8  12.0   4   5   3.9e-19   3.2e-16   57.4   0.0   567   687   929  1072   924  1086 0.80 hypothetical protein MN116_004692 [Schistosoma mekongi]
KAK4471246.1         -           1291 203698at33208        -            796  1.2e-211  703.8  12.0   5   5   1.3e-07   0.00011   19.3   0.1   721   790  1188  1272  1172  1278 0.78 hypothetical protein MN116_004692 [Schistosoma mekongi]
KAK4473415.1         -           1275 203698at33208        -            796  3.3e-145  484.0   0.0   1   1  5.9e-148  4.8e-145  483.5   0.0    87   696   605  1239   575  1257 0.86 hypothetical protein MN116_002787 [Schistosoma mekongi]
KAK4474095.1         -            913 203698at33208        -            796  2.6e-143  477.8   0.0   1   1  4.3e-146  3.6e-143  477.3   0.0    80   691   250   886   187   899 0.84 hypothetical protein MN116_003402 [Schistosoma mekongi]
KAK4470196.1         -           1140 203698at33208        -            796  2.5e-139  464.6   0.0   1   1  4.4e-142  3.6e-139  464.1   0.0    60   685   469  1121   415  1132 0.83 hypothetical protein MN116_005773 [Schistosoma mekongi]
KAK4470752.1         -            747 203698at33208        -            796  1.1e-128  429.4   0.0   1   1  1.8e-131  1.5e-128  429.0   0.0    88   686    68   703    52   727 0.85 hypothetical protein MN116_006276 [Schistosoma mekongi]
KAK4472558.1         -            902 203698at33208        -            796  2.5e-103  345.5   5.3   1   5   6.1e-47     5e-44  149.4   0.0    91   232    15   169    10   201 0.86 hypothetical protein MN116_002686 [Schistosoma mekongi]
KAK4472558.1         -            902 203698at33208        -            796  2.5e-103  345.5   5.3   2   5   6.7e-56   5.5e-53  179.0   0.0   234   494   200   471   189   485 0.87 hypothetical protein MN116_002686 [Schistosoma mekongi]
KAK4472558.1         -            902 203698at33208        -            796  2.5e-103  345.5   5.3   3   5   9.1e-05     0.075    9.9   0.2   495   531   507   545   486   565 0.76 hypothetical protein MN116_002686 [Schistosoma mekongi]
KAK4472558.1         -            902 203698at33208        -            796  2.5e-103  345.5   5.3   4   5     0.011       9.2    3.0   0.1   527   651   578   709   576   729 0.77 hypothetical protein MN116_002686 [Schistosoma mekongi]
KAK4472558.1         -            902 203698at33208        -            796  2.5e-103  345.5   5.3   5   5     0.025        21    1.8   0.0   658   683   756   782   737   801 0.74 hypothetical protein MN116_002686 [Schistosoma mekongi]
KAK4472329.1         -            778 203698at33208        -            796   1.1e-99  333.4   0.0   1   2  4.3e-102   3.5e-99  331.8   0.0    87   495    49   508    37   717 0.85 hypothetical protein MN116_003593 [Schistosoma mekongi]
KAK4472329.1         -            778 203698at33208        -            796   1.1e-99  333.4   0.0   2   2       1.2     1e+03   -3.7   0.0   668   686   741   759   736   761 0.85 hypothetical protein MN116_003593 [Schistosoma mekongi]
KAK4469233.1         -           1238 203698at33208        -            796   1.7e-95  319.6   0.0   1   1   4.1e-98   3.4e-95  318.6   0.0    85   535    70   554    59   571 0.83 hypothetical protein MN116_006806 [Schistosoma mekongi]
KAK4472510.1         -           1054 203698at33208        -            796   2.2e-90  302.7   0.0   1   3   6.6e-45   5.4e-42  142.7   0.0    87   278   168   366   151   377 0.87 hypothetical protein MN116_003756 [Schistosoma mekongi]
KAK4472510.1         -           1054 203698at33208        -            796   2.2e-90  302.7   0.0   2   3   1.7e-44   1.4e-41  141.3   0.0   290   473   453   636   442   671 0.85 hypothetical protein MN116_003756 [Schistosoma mekongi]
KAK4472510.1         -           1054 203698at33208        -            796   2.2e-90  302.7   0.0   3   3   2.9e-06    0.0024   14.9   0.0   494   597   725   848   711   901 0.69 hypothetical protein MN116_003756 [Schistosoma mekongi]
KAK4472834.1         -           1291 203698at33208        -            796   2.4e-71  239.8   0.0   1   3   1.2e-36   9.8e-34  115.4   0.2    88   278   359   553   352   560 0.85 hypothetical protein MN116_004049 [Schistosoma mekongi]
KAK4472834.1         -           1291 203698at33208        -            796   2.4e-71  239.8   0.0   2   3   1.7e-38   1.4e-35  121.4   0.0   294   520   625   854   621   869 0.84 hypothetical protein MN116_004049 [Schistosoma mekongi]
KAK4472834.1         -           1291 203698at33208        -            796   2.4e-71  239.8   0.0   3   3      0.84     7e+02   -3.2   0.0   607   683   973  1054   920  1070 0.60 hypothetical protein MN116_004049 [Schistosoma mekongi]
KAK4473615.1         -           1116 203698at33208        -            796   1.7e-24   84.8   0.0   1   1   3.7e-27     3e-24   84.0   0.0   292   537   369   625   353   661 0.74 hypothetical protein MN116_002967, partial [Schistosoma mekongi]
#
# Program:         hmmsearch
# Version:         3.4 (Aug 2023)
# Pipeline mode:   SEARCH
# Query file:      /users/40483456/busco_datasets/busco_downloads/lineages/metazoa_odb10/hmms/203698at33208.hmm
# Target file:     /users/40483456/protein/s.mekongi.faa
# Option settings: hmmsearch --domtblout /users/40483456/busco/results_pro/s.mekongi_busco/run_metazoa_odb10/hmmer_output/initial_run_results/203698at33208.out --cpu 1 /users/40483456/busco_datasets/busco_downloads/lineages/metazoa_odb10/hmms/203698at33208.hmm /users/40483456/protein/s.mekongi.faa 
# Current dir:     /users/40483456
# Date:            Thu Jan 15 18:04:10 2026
# [ok]
