#                                                                            --- full sequence --- -------------- this domain -------------   hmm coord   ali coord   env coord
# target name        accession   tlen query name           accession   qlen   E-value  score  bias   #  of  c-Evalue  i-Evalue  score  bias  from    to  from    to  from    to  acc description of target
#------------------- ---------- ----- -------------------- ---------- ----- --------- ------ ----- --- --- --------- --------- ------ ----- ----- ----- ----- ----- ----- ----- ---- ---------------------
KAK4469624.1         -            917 255117at33208        -            719  3.3e-167  556.5   2.2   1   3   8.7e-47   9.9e-44  148.3   0.1   125   354   183   424    98   434 0.88 hypothetical protein MN116_007157 [Schistosoma mekongi]
KAK4469624.1         -            917 255117at33208        -            719  3.3e-167  556.5   2.2   2   3   1.2e-08   1.4e-05   22.3   0.0   343   381   489   527   474   539 0.91 hypothetical protein MN116_007157 [Schistosoma mekongi]
KAK4469624.1         -            917 255117at33208        -            719  3.3e-167  556.5   2.2   3   3  4.3e-118  4.8e-115  384.1   0.1   389   718   572   916   566   917 0.93 hypothetical protein MN116_007157 [Schistosoma mekongi]
KAK4472855.1         -           1348 255117at33208        -            719   1.8e-50  170.6  12.7   1   4   0.00063      0.71    6.7   0.0    36    95   502   560   487   565 0.79 hypothetical protein MN116_004068 [Schistosoma mekongi]
KAK4472855.1         -           1348 255117at33208        -            719   1.8e-50  170.6  12.7   2   4   1.1e-11   1.3e-08   32.3   3.4   236   376   756   928   737   936 0.76 hypothetical protein MN116_004068 [Schistosoma mekongi]
KAK4472855.1         -           1348 255117at33208        -            719   1.8e-50  170.6  12.7   3   4   8.8e-33   9.9e-30  102.0   0.7   468   605  1047  1208  1036  1231 0.75 hypothetical protein MN116_004068 [Schistosoma mekongi]
KAK4472855.1         -           1348 255117at33208        -            719   1.8e-50  170.6  12.7   4   4   1.8e-09   2.1e-06   24.9   0.0   619   694  1251  1326  1221  1344 0.82 hypothetical protein MN116_004068 [Schistosoma mekongi]
KAK4472284.1         -           1701 255117at33208        -            719   1.8e-42  144.2   4.6   1   3   1.3e-09   1.5e-06   25.4   1.6   289   374   717   806   664   813 0.83 hypothetical protein MN116_003552, partial [Schistosoma mekongi]
KAK4472284.1         -           1701 255117at33208        -            719   1.8e-42  144.2   4.6   2   3     5e-33   5.7e-30  102.8   0.0   435   601   943  1129   923  1158 0.85 hypothetical protein MN116_003552, partial [Schistosoma mekongi]
KAK4472284.1         -           1701 255117at33208        -            719   1.8e-42  144.2   4.6   3   3     6e-06    0.0068   13.3   0.0   627   717  1187  1274  1175  1276 0.86 hypothetical protein MN116_003552, partial [Schistosoma mekongi]
KAK4467941.1         -           1194 255117at33208        -            719   6.2e-39  132.5   1.0   1   2   0.00064      0.73    6.6   0.2   313   373   123   185   108   203 0.83 hypothetical protein MN116_008547 [Schistosoma mekongi]
KAK4467941.1         -           1194 255117at33208        -            719   6.2e-39  132.5   1.0   2   2   1.6e-39   1.8e-36  124.3   0.0   470   711   933  1187   929  1193 0.87 hypothetical protein MN116_008547 [Schistosoma mekongi]
KAK4474899.1         -           2935 255117at33208        -            719   1.3e-15   55.3   0.0   1   2   3.2e-05     0.036   10.9   0.0   468   525  2591  2652  2550  2661 0.78 hypothetical protein MN116_002008 [Schistosoma mekongi]
KAK4474899.1         -           2935 255117at33208        -            719   1.3e-15   55.3   0.0   2   2   1.4e-14   1.6e-11   41.8   0.0   555   652  2726  2825  2711  2836 0.79 hypothetical protein MN116_002008 [Schistosoma mekongi]
KAK4469430.1         -           1693 255117at33208        -            719   2.4e-11   41.3   0.0   1   2   4.7e-05     0.054   10.4   0.0   442   523  1153  1243  1138  1257 0.73 hypothetical protein MN116_006983 [Schistosoma mekongi]
KAK4469430.1         -           1693 255117at33208        -            719   2.4e-11   41.3   0.0   2   2   1.4e-10   1.6e-07   28.6   0.0   555   635  1321  1404  1298  1449 0.75 hypothetical protein MN116_006983 [Schistosoma mekongi]
KAK4470141.1         -           2570 255117at33208        -            719   1.2e-08   32.4   0.1   1   2   8.3e-11   9.4e-08   29.4   0.0   291   376  2170  2256  2150  2268 0.92 hypothetical protein MN116_005591 [Schistosoma mekongi]
KAK4470141.1         -           2570 255117at33208        -            719   1.2e-08   32.4   0.1   2   2     0.059        67    0.1   0.0   466   485  2494  2513  2484  2516 0.80 hypothetical protein MN116_005591 [Schistosoma mekongi]
KAK4474808.1         -           4004 255117at33208        -            719     3e-05   21.1   0.0   1   1   4.6e-08   5.3e-05   20.3   0.0   553   600  2686  2734  2679  2779 0.78 hypothetical protein MN116_001926 [Schistosoma mekongi]
#
# Program:         hmmsearch
# Version:         3.4 (Aug 2023)
# Pipeline mode:   SEARCH
# Query file:      /users/40483456/busco_datasets/busco_downloads/lineages/metazoa_odb10/hmms/255117at33208.hmm
# Target file:     /users/40483456/protein/s.mekongi.faa
# Option settings: hmmsearch --domtblout /users/40483456/busco/results_pro/s.mekongi_busco/run_metazoa_odb10/hmmer_output/initial_run_results/255117at33208.out --cpu 1 /users/40483456/busco_datasets/busco_downloads/lineages/metazoa_odb10/hmms/255117at33208.hmm /users/40483456/protein/s.mekongi.faa 
# Current dir:     /users/40483456
# Date:            Thu Jan 15 18:04:13 2026
# [ok]
