#                                                                            --- full sequence --- -------------- this domain -------------   hmm coord   ali coord   env coord
# target name        accession   tlen query name           accession   qlen   E-value  score  bias   #  of  c-Evalue  i-Evalue  score  bias  from    to  from    to  from    to  acc description of target
#------------------- ---------- ----- -------------------- ---------- ----- --------- ------ ----- --- --- --------- --------- ------ ----- ----- ----- ----- ----- ----- ----- ---- ---------------------
KAK4474376.1         -            578 266469at33208        -            223   4.7e-47  159.3   0.9   1   2   6.6e-35   1.9e-32  111.6   0.2     1   126    72   214    72   231 0.86 hypothetical protein MN116_001537 [Schistosoma mekongi]
KAK4474376.1         -            578 266469at33208        -            223   4.7e-47  159.3   0.9   2   2   8.7e-15   2.5e-12   45.8   0.0   110   188   391   480   356   489 0.83 hypothetical protein MN116_001537 [Schistosoma mekongi]
KAK4476138.1         -            363 266469at33208        -            223   5.7e-12   44.6   0.4   1   3         4   1.1e+03   -2.2   0.0    83   131     6    54     3    57 0.76 hypothetical protein MN116_001356 [Schistosoma mekongi]
KAK4476138.1         -            363 266469at33208        -            223   5.7e-12   44.6   0.4   2   3   7.6e-14   2.2e-11   42.7   0.0     2   118    63   176    62   237 0.76 hypothetical protein MN116_001356 [Schistosoma mekongi]
KAK4476138.1         -            363 266469at33208        -            223   5.7e-12   44.6   0.4   3   3       3.8   1.1e+03   -2.1   0.0    99   113   237   251   232   259 0.83 hypothetical protein MN116_001356 [Schistosoma mekongi]
KAK4473689.1         -            769 266469at33208        -            223   6.8e-12   44.3   0.3   1   4      0.52   1.5e+02    0.7   0.0    65    92   153   180   133   224 0.74 hypothetical protein MN116_003037 [Schistosoma mekongi]
KAK4473689.1         -            769 266469at33208        -            223   6.8e-12   44.3   0.3   2   4   1.2e-12   3.5e-10   38.8   0.0     2    61   385   442   384   448 0.93 hypothetical protein MN116_003037 [Schistosoma mekongi]
KAK4473689.1         -            769 266469at33208        -            223   6.8e-12   44.3   0.3   3   4       3.7   1.1e+03   -2.1   0.0    35    54   661   680   653   681 0.82 hypothetical protein MN116_003037 [Schistosoma mekongi]
KAK4473689.1         -            769 266469at33208        -            223   6.8e-12   44.3   0.3   4   4       2.2   6.3e+02   -1.3   0.0    35    54   694   713   690   758 0.73 hypothetical protein MN116_003037 [Schistosoma mekongi]
KAK4468653.1         -            664 266469at33208        -            223   9.1e-11   40.7   0.2   1   2         6   1.7e+03   -2.7   0.0   103   112   262   271   223   273 0.78 hypothetical protein MN116_007838 [Schistosoma mekongi]
KAK4468653.1         -            664 266469at33208        -            223   9.1e-11   40.7   0.2   2   2   8.7e-13   2.5e-10   39.3   0.0     2    64   324   384   323   394 0.90 hypothetical protein MN116_007838 [Schistosoma mekongi]
KAK4469921.1         -            408 266469at33208        -            223   5.1e-10   38.2   2.6   1   2      0.22        63    1.9   0.2    67   114    97   151    82   178 0.67 hypothetical protein MN116_006637 [Schistosoma mekongi]
KAK4469921.1         -            408 266469at33208        -            223   5.1e-10   38.2   2.6   2   2     1e-11   2.9e-09   35.7   0.2     1    62   228   287   228   300 0.91 hypothetical protein MN116_006637 [Schistosoma mekongi]
KAK4468009.1         -            404 266469at33208        -            223   1.1e-06   27.3   0.0   1   3   4.1e-08   1.2e-05   24.0   0.0     4    59   154   210   152   231 0.83 hypothetical protein MN116_008189 [Schistosoma mekongi]
KAK4468009.1         -            404 266469at33208        -            223   1.1e-06   27.3   0.0   2   3       1.1   3.2e+02   -0.3   0.0    97   116   290   309   260   317 0.71 hypothetical protein MN116_008189 [Schistosoma mekongi]
KAK4468009.1         -            404 266469at33208        -            223   1.1e-06   27.3   0.0   3   3       2.9   8.3e+02   -1.7   0.1    75   101   344   370   326   399 0.56 hypothetical protein MN116_008189 [Schistosoma mekongi]
KAK4472337.1         -            391 266469at33208        -            223     3e-06   25.9   1.4   1   3       1.1     3e+02   -0.3   0.0   101   113    90   102    47   123 0.70 hypothetical protein MN116_003600 [Schistosoma mekongi]
KAK4472337.1         -            391 266469at33208        -            223     3e-06   25.9   1.4   2   3   7.1e-07    0.0002   19.9   0.7     2    21   166   185   165   188 0.90 hypothetical protein MN116_003600 [Schistosoma mekongi]
KAK4472337.1         -            391 266469at33208        -            223     3e-06   25.9   1.4   3   3      0.16        46    2.4   0.0    46    63   235   252   229   260 0.84 hypothetical protein MN116_003600 [Schistosoma mekongi]
KAK4469527.1         -            186 266469at33208        -            223   4.1e-06   25.5   0.1   1   1   1.8e-08     5e-06   25.2   0.1     2   111    19   134    18   153 0.74 hypothetical protein MN116_007070 [Schistosoma mekongi]
KAK4469073.1         -            507 266469at33208        -            223   4.8e-06   25.2   2.2   1   2   4.1e-05     0.012   14.2   0.9    76   161   221   309   212   346 0.74 hypothetical protein MN116_006662 [Schistosoma mekongi]
KAK4469073.1         -            507 266469at33208        -            223   4.8e-06   25.2   2.2   2   2    0.0024      0.68    8.4   0.0    47    96   356   406   354   420 0.78 hypothetical protein MN116_006662 [Schistosoma mekongi]
KAK4472474.1         -            366 266469at33208        -            223   7.1e-06   24.7   0.2   1   2   1.3e-06   0.00036   19.1   0.0     2    89    64   151    63   171 0.82 hypothetical protein MN116_003723 [Schistosoma mekongi]
KAK4472474.1         -            366 266469at33208        -            223   7.1e-06   24.7   0.2   2   2     0.083        24    3.3   0.2    76   113   213   252   188   261 0.71 hypothetical protein MN116_003723 [Schistosoma mekongi]
KAK4468596.1         -            293 266469at33208        -            223   0.00013   20.5   0.4   1   1   9.4e-07   0.00027   19.5   0.4     2   140    77   222    76   241 0.78 hypothetical protein MN116_007547 [Schistosoma mekongi]
KAK4468052.1         -            671 266469at33208        -            223   0.00013   20.5   0.0   1   1   9.6e-07   0.00027   19.5   0.0     6    79   174   250   170   269 0.72 hypothetical protein MN116_008227 [Schistosoma mekongi]
KAK4474491.1         -            396 266469at33208        -            223   0.00074   18.1   0.4   1   1     5e-06    0.0014   17.1   0.1     1    24    22    45    22    50 0.89 hypothetical protein MN116_000711 [Schistosoma mekongi]
KAK4474036.1         -            772 266469at33208        -            223   0.00086   17.9   0.5   1   2   1.2e-05    0.0035   15.9   0.0     2    42    95   134    94   145 0.87 hypothetical protein MN116_003349 [Schistosoma mekongi]
KAK4474036.1         -            772 266469at33208        -            223   0.00086   17.9   0.5   2   2       5.3   1.5e+03   -2.5   0.1   109   160   677   730   675   744 0.70 hypothetical protein MN116_003349 [Schistosoma mekongi]
KAK4473559.1         -            178 266469at33208        -            223   0.00088   17.8   0.1   1   1   4.9e-06    0.0014   17.2   0.0     2    34    18    50    17    96 0.77 hypothetical protein MN116_002916 [Schistosoma mekongi]
KAK4471563.1         -           1436 266469at33208        -            223    0.0024   16.4   0.1   1   1   1.9e-05    0.0054   15.3   0.1    46   127    92   173    80   191 0.86 hypothetical protein MN116_004980 [Schistosoma mekongi]
KAK4474035.1         -            529 266469at33208        -            223    0.0024   16.4   1.0   1   4       3.9   1.1e+03   -2.1   0.0     6    24    59    77    57   100 0.85 hypothetical protein MN116_003348 [Schistosoma mekongi]
KAK4474035.1         -            529 266469at33208        -            223    0.0024   16.4   1.0   2   4   0.00088      0.25    9.8   0.1    49   118   143   224   139   228 0.79 hypothetical protein MN116_003348 [Schistosoma mekongi]
KAK4474035.1         -            529 266469at33208        -            223    0.0024   16.4   1.0   3   4     0.091        26    3.2   0.0   169   213   298   340   266   342 0.76 hypothetical protein MN116_003348 [Schistosoma mekongi]
KAK4474035.1         -            529 266469at33208        -            223    0.0024   16.4   1.0   4   4       3.6     1e+03   -2.0   0.0   171   193   372   394   352   402 0.60 hypothetical protein MN116_003348 [Schistosoma mekongi]
KAK4471962.1         -            319 266469at33208        -            223    0.0029   16.1   0.7   1   2    0.0012      0.35    9.3   0.0     4    24     8    28     5    34 0.87 hypothetical protein MN116_005341 [Schistosoma mekongi]
KAK4471962.1         -            319 266469at33208        -            223    0.0029   16.1   0.7   2   2      0.03       8.6    4.8   0.2   114   182   242   310   216   315 0.75 hypothetical protein MN116_005341 [Schistosoma mekongi]
KAK4473844.1         -            449 266469at33208        -            223    0.0043   15.6   0.0   1   2   5.8e-05     0.016   13.7   0.0     5    57    93   156    89   163 0.66 hypothetical protein MN116_003176, partial [Schistosoma mekongi]
KAK4473844.1         -            449 266469at33208        -            223    0.0043   15.6   0.0   2   2       2.7   7.8e+02   -1.6   0.0   182   218   309   346   307   350 0.81 hypothetical protein MN116_003176, partial [Schistosoma mekongi]
KAK4472676.1         -            498 266469at33208        -            223    0.0054   15.3   0.0   1   1     4e-05     0.011   14.2   0.0     3    57    90   154    88   160 0.65 hypothetical protein MN116_003906 [Schistosoma mekongi]
KAK4471226.1         -            718 266469at33208        -            223    0.0059   15.1   0.0   1   1   6.2e-05     0.018   13.6   0.0     4    31   286   313   283   324 0.84 hypothetical protein MN116_004674 [Schistosoma mekongi]
KAK4470247.1         -            194 266469at33208        -            223     0.017   13.7   0.0   1   2    0.0015      0.41    9.1   0.0     1    56     8    64     8    81 0.72 hypothetical protein MN116_005820 [Schistosoma mekongi]
KAK4470247.1         -            194 266469at33208        -            223     0.017   13.7   0.0   2   2      0.13        36    2.7   0.1    98   114   111   127   100   193 0.89 hypothetical protein MN116_005820 [Schistosoma mekongi]
KAK4470242.1         -            911 266469at33208        -            223      0.02   13.4   0.2   1   2      0.78   2.2e+02    0.2   0.0     5    30    86   111    83   134 0.74 hypothetical protein MN116_005815 [Schistosoma mekongi]
KAK4470242.1         -            911 266469at33208        -            223      0.02   13.4   0.2   2   2   0.00062      0.18   10.3   0.1    49   112   171   234   160   253 0.93 hypothetical protein MN116_005815 [Schistosoma mekongi]
KAK4470406.1         -            194 266469at33208        -            223     0.024   13.1   0.0   1   1   0.00016     0.047   12.2   0.0     2   112     8   124     7   177 0.72 hypothetical protein MN116_005963 [Schistosoma mekongi]
KAK4474799.1         -            471 266469at33208        -            223     0.027   13.0   0.0   1   1   0.00019     0.054   12.0   0.0     5    22   238   255   235   271 0.83 hypothetical protein MN116_000739 [Schistosoma mekongi]
KAK4468132.1         -            161 266469at33208        -            223      0.03   12.8   0.0   1   1   0.00013     0.038   12.5   0.0     2    62    10    73     9    93 0.68 hypothetical protein MN116_008298 [Schistosoma mekongi]
KAK4472495.1         -            184 266469at33208        -            223     0.031   12.7   0.3   1   1   0.00018     0.051   12.1   0.3     2   165     5   171     4   182 0.70 hypothetical protein MN116_003742 [Schistosoma mekongi]
KAK4470973.1         -           1245 266469at33208        -            223     0.036   12.5   0.0   1   2     0.043        12    4.3   0.0     3    19   384   400   382   404 0.87 hypothetical protein MN116_006477 [Schistosoma mekongi]
KAK4470973.1         -           1245 266469at33208        -            223     0.036   12.5   0.0   2   2     0.019       5.3    5.5   0.0     2    18  1029  1045  1028  1051 0.85 hypothetical protein MN116_006477 [Schistosoma mekongi]
KAK4475509.1         -            184 266469at33208        -            223     0.041   12.4   0.1   1   1   0.00019     0.053   12.0   0.1     1    31    17    47    17   112 0.92 hypothetical protein MN116_002557 [Schistosoma mekongi]
KAK4471137.1         -            184 266469at33208        -            223     0.054   12.0   0.0   1   1   0.00047      0.13   10.7   0.0     1    28    18    45    18   135 0.88 hypothetical protein MN116_005533 [Schistosoma mekongi]
KAK4468810.1         -            393 266469at33208        -            223     0.058   11.9   0.1   1   2      0.25        72    1.8   0.0   140   200     6    64     1    84 0.76 hypothetical protein MN116_007979 [Schistosoma mekongi]
KAK4468810.1         -            393 266469at33208        -            223     0.058   11.9   0.1   2   2    0.0037         1    7.8   0.1   156   196   201   242   195   245 0.86 hypothetical protein MN116_007979 [Schistosoma mekongi]
KAK4473859.1         -           1245 266469at33208        -            223     0.072   11.6   0.6   1   2      0.54   1.5e+02    0.7   0.1     3    23   245   265   244   276 0.87 hypothetical protein MN116_003190 [Schistosoma mekongi]
KAK4473859.1         -           1245 266469at33208        -            223     0.072   11.6   0.6   2   2    0.0025      0.71    8.3   0.1     2    21   985  1004   984  1007 0.90 hypothetical protein MN116_003190 [Schistosoma mekongi]
#
# Program:         hmmsearch
# Version:         3.4 (Aug 2023)
# Pipeline mode:   SEARCH
# Query file:      /users/40483456/busco_datasets/busco_downloads/lineages/metazoa_odb10/hmms/266469at33208.hmm
# Target file:     /users/40483456/protein/s.mekongi.faa
# Option settings: hmmsearch --domtblout /users/40483456/busco/results_pro/s.mekongi_busco/run_metazoa_odb10/hmmer_output/initial_run_results/266469at33208.out --cpu 1 /users/40483456/busco_datasets/busco_downloads/lineages/metazoa_odb10/hmms/266469at33208.hmm /users/40483456/protein/s.mekongi.faa 
# Current dir:     /users/40483456
# Date:            Thu Jan 15 18:04:06 2026
# [ok]
