#                                                                            --- full sequence --- -------------- this domain -------------   hmm coord   ali coord   env coord
# target name        accession   tlen query name           accession   qlen   E-value  score  bias   #  of  c-Evalue  i-Evalue  score  bias  from    to  from    to  from    to  acc description of target
#------------------- ---------- ----- -------------------- ---------- ----- --------- ------ ----- --- --- --------- --------- ------ ----- ----- ----- ----- ----- ----- ----- ---- ---------------------
KAK4467634.1         -            407 318483at33208        -            326   1.1e-83  280.2   7.0   1   2   1.1e-81     8e-79  264.2   4.0     7   310    33   373    27   376 0.79 hypothetical protein MN116_008576 [Schistosoma mekongi]
KAK4467634.1         -            407 318483at33208        -            326   1.1e-83  280.2   7.0   2   2   1.8e-05     0.014   13.7   0.1   297   326   377   406   372   406 0.91 hypothetical protein MN116_008576 [Schistosoma mekongi]
KAK4468330.1         -            480 318483at33208        -            326   4.2e-38  130.4   1.6   1   2   1.4e-28   1.1e-25   89.6   0.4     6   260    32   310    28   348 0.82 hypothetical protein MN116_008125 [Schistosoma mekongi]
KAK4468330.1         -            480 318483at33208        -            326   4.2e-38  130.4   1.6   2   2   2.2e-13   1.6e-10   39.7   0.0    11   106   376   464   370   479 0.84 hypothetical protein MN116_008125 [Schistosoma mekongi]
KAK4471329.1         -            485 318483at33208        -            326   7.7e-36  122.9   0.0   1   2   3.5e-27   2.6e-24   85.0   0.0     7   185    28   232    23   316 0.87 hypothetical protein MN116_004766 [Schistosoma mekongi]
KAK4471329.1         -            485 318483at33208        -            326   7.7e-36  122.9   0.0   2   2   3.8e-12   2.9e-09   35.6   0.0    11   116   375   476   365   481 0.87 hypothetical protein MN116_004766 [Schistosoma mekongi]
KAK4473610.1         -            416 318483at33208        -            326   8.1e-23   80.1   0.0   1   3   3.6e-12   2.7e-09   35.7   0.0     8   101    34   121    25   155 0.85 hypothetical protein MN116_002963 [Schistosoma mekongi]
KAK4473610.1         -            416 318483at33208        -            326   8.1e-23   80.1   0.0   2   3   1.5e-13   1.2e-10   40.2   0.0     9   106   160   253   150   265 0.88 hypothetical protein MN116_002963 [Schistosoma mekongi]
KAK4473610.1         -            416 318483at33208        -            326   8.1e-23   80.1   0.0   3   3      0.21   1.6e+02    0.3   0.0    71   104   338   371   303   375 0.86 hypothetical protein MN116_002963 [Schistosoma mekongi]
KAK4469807.1         -            149 318483at33208        -            326     9e-10   37.3   0.0   1   1   1.5e-12   1.1e-09   36.9   0.0    10    97    55   135    47   147 0.82 hypothetical protein MN116_007321 [Schistosoma mekongi]
KAK4467913.1         -            304 318483at33208        -            326   1.1e-07   30.4   0.0   1   1   2.8e-10   2.1e-07   29.5   0.0    14    85    29    93    15   119 0.85 hypothetical protein MN116_008522 [Schistosoma mekongi]
KAK4467615.1         -            829 318483at33208        -            326   9.7e-07   27.3   0.0   1   1   2.5e-09   1.9e-06   26.3   0.0     6    85    14    88    10    93 0.87 hypothetical protein MN116_008559 [Schistosoma mekongi]
KAK4474780.1         -            230 318483at33208        -            326   1.8e-06   26.4   0.3   1   2   1.8e-08   1.4e-05   23.5   0.0     6    85    10    84     5    89 0.84 hypothetical protein MN116_001900 [Schistosoma mekongi]
KAK4474780.1         -            230 318483at33208        -            326   1.8e-06   26.4   0.3   2   2      0.15   1.1e+02    0.8   0.1    44    92   101   152    90   213 0.62 hypothetical protein MN116_001900 [Schistosoma mekongi]
KAK4469370.1         -            272 318483at33208        -            326   1.9e-05   23.1   0.0   1   1   4.1e-08   3.1e-05   22.4   0.0    16    87   142   214   125   219 0.77 hypothetical protein MN116_006928 [Schistosoma mekongi]
KAK4469277.1         -            255 318483at33208        -            326   0.00032   19.0   0.0   1   1   7.1e-07   0.00054   18.3   0.0    17   108    38   121    20   127 0.87 hypothetical protein MN116_006845 [Schistosoma mekongi]
KAK4474152.1         -            476 318483at33208        -            326     0.023   12.9   0.0   1   1   4.6e-05     0.035   12.3   0.0   221   267   178   224   164   228 0.85 hypothetical protein MN116_003453 [Schistosoma mekongi]
KAK4472617.1         -            215 318483at33208        -            326      0.04   12.1   0.0   1   1   8.1e-05     0.061   11.5   0.0    41    88    42    89     8    93 0.84 hypothetical protein MN116_003853 [Schistosoma mekongi]
#
# Program:         hmmsearch
# Version:         3.4 (Aug 2023)
# Pipeline mode:   SEARCH
# Query file:      /users/40483456/busco_datasets/busco_downloads/lineages/metazoa_odb10/hmms/318483at33208.hmm
# Target file:     /users/40483456/protein/s.mekongi.faa
# Option settings: hmmsearch --domtblout /users/40483456/busco/results_pro/s.mekongi_busco/run_metazoa_odb10/hmmer_output/initial_run_results/318483at33208.out --cpu 1 /users/40483456/busco_datasets/busco_downloads/lineages/metazoa_odb10/hmms/318483at33208.hmm /users/40483456/protein/s.mekongi.faa 
# Current dir:     /users/40483456
# Date:            Thu Jan 15 18:04:03 2026
# [ok]
