#                                                                            --- full sequence --- -------------- this domain -------------   hmm coord   ali coord   env coord
# target name        accession   tlen query name           accession   qlen   E-value  score  bias   #  of  c-Evalue  i-Evalue  score  bias  from    to  from    to  from    to  acc description of target
#------------------- ---------- ----- -------------------- ---------- ----- --------- ------ ----- --- --- --------- --------- ------ ----- ----- ----- ----- ----- ----- ----- ---- ---------------------
KAK4472092.1         -            191 334820at33208        -            316   8.2e-22   76.7   8.0   1   1   3.2e-24   1.7e-21   75.7   7.5     8   121    11   134     7   177 0.88 hypothetical protein MN116_005462 [Schistosoma mekongi]
KAK4472499.1         -            477 334820at33208        -            316     2e-14   52.4   4.8   1   1   7.2e-17   3.8e-14   51.5   4.2    93   280   179   391   161   423 0.80 hypothetical protein MN116_003746 [Schistosoma mekongi]
KAK4469232.1         -           1063 334820at33208        -            316   3.2e-14   51.8  12.1   1   2   5.3e-09   2.8e-06   25.7   2.5   123   284    98   271    74   315 0.53 hypothetical protein MN116_006805 [Schistosoma mekongi]
KAK4469232.1         -           1063 334820at33208        -            316   3.2e-14   51.8  12.1   2   2   5.7e-09     3e-06   25.6   3.6   126   294   305   489   304   503 0.82 hypothetical protein MN116_006805 [Schistosoma mekongi]
KAK4472093.1         -            162 334820at33208        -            316   3.2e-14   51.8   0.1   1   1   6.7e-17   3.6e-14   51.6   0.1   144   224     2    91     1   127 0.84 hypothetical protein MN116_005463 [Schistosoma mekongi]
KAK4475985.1         -            885 334820at33208        -            316   2.9e-12   45.3   0.0   1   2   4.4e-05     0.024   12.8   0.0   209   261   490   542   480   555 0.86 hypothetical protein MN116_001221 [Schistosoma mekongi]
KAK4475985.1         -            885 334820at33208        -            316   2.9e-12   45.3   0.0   2   2   4.2e-10   2.2e-07   29.3   0.0   136   299   628   804   599   818 0.79 hypothetical protein MN116_001221 [Schistosoma mekongi]
KAK4469221.1         -           1138 334820at33208        -            316   4.7e-08   31.5   0.2   1   2   1.3e-06   0.00069   17.8   0.0   184   284   635   739   626   751 0.84 hypothetical protein MN116_006795 [Schistosoma mekongi]
KAK4469221.1         -           1138 334820at33208        -            316   4.7e-08   31.5   0.2   2   2    0.0002      0.11   10.6   0.5    21   128   991  1102   968  1121 0.84 hypothetical protein MN116_006795 [Schistosoma mekongi]
KAK4474710.1         -            319 334820at33208        -            316   0.00013   20.2   1.6   1   2    0.0087       4.7    5.2   0.4   193   230    16    56     3    77 0.65 hypothetical protein MN116_001837 [Schistosoma mekongi]
KAK4474710.1         -            319 334820at33208        -            316   0.00013   20.2   1.6   2   2   4.1e-05     0.022   12.9   0.0   193   308   151   272   139   276 0.84 hypothetical protein MN116_001837 [Schistosoma mekongi]
KAK4471997.1         -           1645 334820at33208        -            316   0.00056   18.1  11.7   1   5      0.19     1e+02    0.8   0.1    19    72    12    67     9    78 0.73 hypothetical protein MN116_005374 [Schistosoma mekongi]
KAK4471997.1         -           1645 334820at33208        -            316   0.00056   18.1  11.7   2   5   0.00049      0.26    9.3   0.1    34   111   566   648   563   713 0.76 hypothetical protein MN116_005374 [Schistosoma mekongi]
KAK4471997.1         -           1645 334820at33208        -            316   0.00056   18.1  11.7   3   5      0.18        99    0.9   0.0    66   101  1061  1096  1036  1110 0.60 hypothetical protein MN116_005374 [Schistosoma mekongi]
KAK4471997.1         -           1645 334820at33208        -            316   0.00056   18.1  11.7   4   5    0.0022       1.2    7.2   0.3   233   279  1200  1246  1197  1253 0.90 hypothetical protein MN116_005374 [Schistosoma mekongi]
KAK4471997.1         -           1645 334820at33208        -            316   0.00056   18.1  11.7   5   5       1.3     7e+02   -1.9   0.0   241   312  1369  1440  1362  1443 0.82 hypothetical protein MN116_005374 [Schistosoma mekongi]
KAK4469054.1         -            569 334820at33208        -            316   0.00067   17.9   0.0   1   2    0.0014      0.77    7.8   0.0   196   290   234   331   200   341 0.65 hypothetical protein MN116_007517 [Schistosoma mekongi]
KAK4469054.1         -            569 334820at33208        -            316   0.00067   17.9   0.0   2   2    0.0029       1.5    6.8   0.0    39   102   361   426   339   432 0.86 hypothetical protein MN116_007517 [Schistosoma mekongi]
KAK4475521.1         -            952 334820at33208        -            316    0.0013   17.0   0.0   1   1   4.2e-06    0.0022   16.1   0.0   137   195   288   348   279   351 0.90 hypothetical protein MN116_002567 [Schistosoma mekongi]
KAK4474464.1         -            347 334820at33208        -            316    0.0021   16.3   0.2   1   2   0.00012     0.065   11.3   0.1   136   193    97   156    63   160 0.78 hypothetical protein MN116_001616 [Schistosoma mekongi]
KAK4474464.1         -            347 334820at33208        -            316    0.0021   16.3   0.2   2   2     0.034        18    3.3   0.0    81   104   160   183   151   207 0.65 hypothetical protein MN116_001616 [Schistosoma mekongi]
KAK4469128.1         -            431 334820at33208        -            316    0.0036   15.5   0.2   1   1     1e-05    0.0055   14.9   0.2    71   193   259   382   239   397 0.81 hypothetical protein MN116_006712 [Schistosoma mekongi]
KAK4472515.1         -            796 334820at33208        -            316     0.004   15.3   4.6   1   1   3.3e-05     0.018   13.2   4.6    77   223   416   584   387   639 0.55 hypothetical protein MN116_003760 [Schistosoma mekongi]
KAK4470076.1         -            502 334820at33208        -            316     0.007   14.5   0.0   1   1   2.6e-05     0.014   13.5   0.0   128   188   136   201   120   205 0.75 hypothetical protein MN116_006540 [Schistosoma mekongi]
KAK4476140.1         -            320 334820at33208        -            316    0.0076   14.4   1.3   1   2   1.4e-05    0.0076   14.4   1.3   198   277    30   112    11   117 0.71 hypothetical protein MN116_001358 [Schistosoma mekongi]
KAK4476140.1         -            320 334820at33208        -            316    0.0076   14.4   1.3   2   2       2.9   1.6e+03   -3.1   0.1    40    75   150   185   142   187 0.60 hypothetical protein MN116_001358 [Schistosoma mekongi]
KAK4472578.1         -           1240 334820at33208        -            316     0.036   12.2   1.6   1   1    0.0003      0.16   10.0   1.5   137   210   166   245   137   249 0.55 hypothetical protein MN116_003818 [Schistosoma mekongi]
KAK4470413.1         -            950 334820at33208        -            316     0.072   11.2   3.9   1   3    0.0016      0.86    7.7   0.1   212   264    82   134    62   161 0.78 hypothetical protein MN116_005969 [Schistosoma mekongi]
KAK4470413.1         -            950 334820at33208        -            316     0.072   11.2   3.9   2   3     0.025        13    3.7   0.1    42    93   196   249   161   252 0.83 hypothetical protein MN116_005969 [Schistosoma mekongi]
KAK4470413.1         -            950 334820at33208        -            316     0.072   11.2   3.9   3   3       5.3   2.8e+03   -3.9   0.0    13    38   388   414   384   452 0.60 hypothetical protein MN116_005969 [Schistosoma mekongi]
#
# Program:         hmmsearch
# Version:         3.4 (Aug 2023)
# Pipeline mode:   SEARCH
# Query file:      /users/40483456/busco_datasets/busco_downloads/lineages/metazoa_odb10/hmms/334820at33208.hmm
# Target file:     /users/40483456/protein/s.mekongi.faa
# Option settings: hmmsearch --domtblout /users/40483456/busco/results_pro/s.mekongi_busco/run_metazoa_odb10/hmmer_output/initial_run_results/334820at33208.out --cpu 1 /users/40483456/busco_datasets/busco_downloads/lineages/metazoa_odb10/hmms/334820at33208.hmm /users/40483456/protein/s.mekongi.faa 
# Current dir:     /users/40483456
# Date:            Thu Jan 15 18:04:10 2026
# [ok]
