#                                                                            --- full sequence --- -------------- this domain -------------   hmm coord   ali coord   env coord
# target name        accession   tlen query name           accession   qlen   E-value  score  bias   #  of  c-Evalue  i-Evalue  score  bias  from    to  from    to  from    to  acc description of target
#------------------- ---------- ----- -------------------- ---------- ----- --------- ------ ----- --- --- --------- --------- ------ ----- ----- ----- ----- ----- ----- ----- ---- ---------------------
KAK4471912.1         -            352 365323at33208        -            259     2e-83  278.8  28.5   1   3   0.00038     0.029   12.9   0.4   151   190     8    47     5    55 0.82 hypothetical protein MN116_005295 [Schistosoma mekongi]
KAK4471912.1         -            352 365323at33208        -            259     2e-83  278.8  28.5   2   3   2.9e-79   2.2e-77  259.0  16.4    23   231    54   276    50   281 0.91 hypothetical protein MN116_005295 [Schistosoma mekongi]
KAK4471912.1         -            352 365323at33208        -            259     2e-83  278.8  28.5   3   3   0.00018     0.014   13.9   0.1   231   254   302   325   299   330 0.80 hypothetical protein MN116_005295 [Schistosoma mekongi]
KAK4471785.1         -            448 365323at33208        -            259   8.6e-49  165.3  10.7   1   3   1.5e-24   1.1e-22   79.7   0.1    26   142   117   232   111   236 0.96 hypothetical protein MN116_005182 [Schistosoma mekongi]
KAK4471785.1         -            448 365323at33208        -            259   8.6e-49  165.3  10.7   2   3   3.6e-13   2.7e-11   42.4   0.7    27    84   244   301   239   311 0.90 hypothetical protein MN116_005182 [Schistosoma mekongi]
KAK4471785.1         -            448 365323at33208        -            259   8.6e-49  165.3  10.7   3   3   2.1e-14   1.6e-12   46.5   0.5    81   184   344   446   325   448 0.86 hypothetical protein MN116_005182 [Schistosoma mekongi]
KAK4472921.1         -            446 365323at33208        -            259   1.5e-45  154.7   7.4   1   3   1.2e-19   9.2e-18   63.6   0.3    23   173    86   235    74   243 0.89 hypothetical protein MN116_004126 [Schistosoma mekongi]
KAK4472921.1         -            446 365323at33208        -            259   1.5e-45  154.7   7.4   2   3   2.3e-10   1.7e-08   33.2   0.2    40   100   255   315   246   320 0.92 hypothetical protein MN116_004126 [Schistosoma mekongi]
KAK4472921.1         -            446 365323at33208        -            259   1.5e-45  154.7   7.4   3   3   1.2e-18   9.2e-17   60.3   0.1    23   142   322   446   316   446 0.92 hypothetical protein MN116_004126 [Schistosoma mekongi]
KAK4474198.1         -            686 365323at33208        -            259   2.7e-42  144.0   4.9   1   3   4.1e-05    0.0031   16.0   0.0    62   102   330   370   313   385 0.72 hypothetical protein MN116_003496 [Schistosoma mekongi]
KAK4474198.1         -            686 365323at33208        -            259   2.7e-42  144.0   4.9   2   3   4.9e-24   3.7e-22   78.0   2.4    30   213   398   574   391   583 0.89 hypothetical protein MN116_003496 [Schistosoma mekongi]
KAK4474198.1         -            686 365323at33208        -            259   2.7e-42  144.0   4.9   3   3   1.2e-14   9.1e-13   47.3   0.0    37   130   580   671   576   683 0.82 hypothetical protein MN116_003496 [Schistosoma mekongi]
KAK4471601.1         -            580 365323at33208        -            259   3.3e-42  143.7   0.7   1   3   1.5e-09   1.1e-07   30.6   0.0    48   151   123   228   112   233 0.83 hypothetical protein MN116_005014 [Schistosoma mekongi]
KAK4471601.1         -            580 365323at33208        -            259   3.3e-42  143.7   0.7   2   3   1.1e-12   8.4e-11   40.8   0.1    26   185   244   411   227   419 0.82 hypothetical protein MN116_005014 [Schistosoma mekongi]
KAK4471601.1         -            580 365323at33208        -            259   3.3e-42  143.7   0.7   3   3   2.3e-21   1.7e-19   69.3   0.4    25   184   422   579   412   580 0.89 hypothetical protein MN116_005014 [Schistosoma mekongi]
KAK4469243.1         -            307 365323at33208        -            259   1.2e-37  128.8   7.2   1   3   8.1e-07   6.1e-05   21.6   0.2   151   187    12    49     3    56 0.58 hypothetical protein MN116_006815 [Schistosoma mekongi]
KAK4469243.1         -            307 365323at33208        -            259   1.2e-37  128.8   7.2   2   3   1.6e-20   1.2e-18   66.5   0.3    26   143    57   173    49   185 0.94 hypothetical protein MN116_006815 [Schistosoma mekongi]
KAK4469243.1         -            307 365323at33208        -            259   1.2e-37  128.8   7.2   3   3   6.3e-14   4.8e-12   44.9   0.1    23   142   181   304   172   307 0.88 hypothetical protein MN116_006815 [Schistosoma mekongi]
KAK4473798.1         -            463 365323at33208        -            259   3.3e-37  127.3  13.5   1   3   6.5e-15   4.9e-13   48.1   0.0    25    98    10    83     2    91 0.94 hypothetical protein MN116_003133 [Schistosoma mekongi]
KAK4473798.1         -            463 365323at33208        -            259   3.3e-37  127.3  13.5   2   3     1e-10   7.8e-09   34.4   5.1    26   142    95   210    86   219 0.85 hypothetical protein MN116_003133 [Schistosoma mekongi]
KAK4473798.1         -            463 365323at33208        -            259   3.3e-37  127.3  13.5   3   3     5e-20   3.8e-18   64.9   0.3    26   187   137   297   129   320 0.90 hypothetical protein MN116_003133 [Schistosoma mekongi]
KAK4467942.1         -           1003 365323at33208        -            259   8.1e-36  122.8   5.3   1   3   7.8e-17   5.9e-15   54.4   2.0    31   184    17   171     5   176 0.87 hypothetical protein MN116_008548 [Schistosoma mekongi]
KAK4467942.1         -           1003 365323at33208        -            259   8.1e-36  122.8   5.3   2   3   3.2e-24   2.5e-22   78.6   0.1    25   178   138   292   136   300 0.90 hypothetical protein MN116_008548 [Schistosoma mekongi]
KAK4467942.1         -           1003 365323at33208        -            259   8.1e-36  122.8   5.3   3   3      0.87        66    1.8   0.0    71    93   468   490   462   508 0.85 hypothetical protein MN116_008548 [Schistosoma mekongi]
KAK4474702.1         -            367 365323at33208        -            259     4e-32  110.7   0.1   1   2   6.9e-20   5.3e-18   64.4   0.2    64   227    65   224    54   230 0.89 hypothetical protein MN116_001830 [Schistosoma mekongi]
KAK4474702.1         -            367 365323at33208        -            259     4e-32  110.7   0.1   2   2   9.9e-14   7.5e-12   44.3   0.0    21   139   233   358   227   361 0.88 hypothetical protein MN116_001830 [Schistosoma mekongi]
KAK4470945.1         -            950 365323at33208        -            259   1.9e-31  108.5  15.4   1   3   3.5e-11   2.7e-09   35.9   0.1    67   190    99   223    64   238 0.84 hypothetical protein MN116_006451 [Schistosoma mekongi]
KAK4470945.1         -            950 365323at33208        -            259   1.9e-31  108.5  15.4   2   3   5.6e-05    0.0042   15.6   0.1    24    61   423   460   405   475 0.72 hypothetical protein MN116_006451 [Schistosoma mekongi]
KAK4470945.1         -            950 365323at33208        -            259   1.9e-31  108.5  15.4   3   3   4.1e-18   3.1e-16   58.6   5.2    23   190   483   661   481   671 0.83 hypothetical protein MN116_006451 [Schistosoma mekongi]
KAK4470319.1         -            442 365323at33208        -            259   1.3e-30  105.7   4.9   1   2     2e-12   1.5e-10   40.0   0.2   108   224   126   238   119   241 0.70 hypothetical protein MN116_005885 [Schistosoma mekongi]
KAK4470319.1         -            442 365323at33208        -            259   1.3e-30  105.7   4.9   2   2   8.8e-23   6.7e-21   73.9   1.7    26   248   213   438   206   440 0.87 hypothetical protein MN116_005885 [Schistosoma mekongi]
KAK4471501.1         -            828 365323at33208        -            259   9.9e-28   96.3   6.7   1   3      0.11       8.5    4.7   0.0   159   187   369   396   361   408 0.84 hypothetical protein MN116_004923 [Schistosoma mekongi]
KAK4471501.1         -            828 365323at33208        -            259   9.9e-28   96.3   6.7   2   3   4.1e-21   3.1e-19   68.4   3.5    52   259   441   649   415   649 0.85 hypothetical protein MN116_004923 [Schistosoma mekongi]
KAK4471501.1         -            828 365323at33208        -            259   9.9e-28   96.3   6.7   3   3   9.4e-12   7.1e-10   37.8   0.1    64   187   577   702   573   708 0.86 hypothetical protein MN116_004923 [Schistosoma mekongi]
KAK4475101.1         -           1305 365323at33208        -            259   1.3e-27   95.9   3.1   1   3   4.9e-14   3.7e-12   45.2   0.2    44   184    26   165     5   184 0.59 hypothetical protein MN116_000765 [Schistosoma mekongi]
KAK4475101.1         -           1305 365323at33208        -            259   1.3e-27   95.9   3.1   2   3   1.2e-12   9.3e-11   40.7   0.0   107   199   214   304   203   340 0.68 hypothetical protein MN116_000765 [Schistosoma mekongi]
KAK4475101.1         -           1305 365323at33208        -            259   1.3e-27   95.9   3.1   3   3    0.0089      0.67    8.4   0.0    25    91   515   578   500   588 0.80 hypothetical protein MN116_000765 [Schistosoma mekongi]
KAK4469641.1         -            340 365323at33208        -            259     9e-26   89.9   3.3   1   3   8.4e-10   6.3e-08   31.4   0.4    51   185    35   171    11   179 0.84 hypothetical protein MN116_007173 [Schistosoma mekongi]
KAK4469641.1         -            340 365323at33208        -            259     9e-26   89.9   3.3   2   3   1.5e-14   1.2e-12   46.9   0.0    32   184   100   254    94   261 0.86 hypothetical protein MN116_007173 [Schistosoma mekongi]
KAK4469641.1         -            340 365323at33208        -            259     9e-26   89.9   3.3   3   3   5.4e-08   4.1e-06   25.5   0.1    17    98   258   339   253   340 0.88 hypothetical protein MN116_007173 [Schistosoma mekongi]
KAK4476281.1         -            377 365323at33208        -            259   1.4e-25   89.2   5.2   1   2   1.9e-20   1.5e-18   66.2   0.8    58   259    75   288    24   288 0.83 hypothetical protein MN116_001485 [Schistosoma mekongi]
KAK4476281.1         -            377 365323at33208        -            259   1.4e-25   89.2   5.2   2   2   8.3e-07   6.3e-05   21.6   0.2    17   100   293   376   289   377 0.88 hypothetical protein MN116_001485 [Schistosoma mekongi]
KAK4475984.1         -            760 365323at33208        -            259     6e-25   87.2   0.0   1   2   3.6e-10   2.7e-08   32.6   0.0    40   139    26   124    19   124 0.94 hypothetical protein MN116_001220 [Schistosoma mekongi]
KAK4475984.1         -            760 365323at33208        -            259     6e-25   87.2   0.0   2   2   6.4e-19   4.8e-17   61.3   0.0    26   146    96   215    88   260 0.84 hypothetical protein MN116_001220 [Schistosoma mekongi]
KAK4474021.1         -            340 365323at33208        -            259     4e-24   84.5   1.0   1   3   7.6e-09   5.8e-07   28.2   0.1    58   185    42   171    11   179 0.83 hypothetical protein MN116_003335 [Schistosoma mekongi]
KAK4474021.1         -            340 365323at33208        -            259     4e-24   84.5   1.0   2   3   2.7e-09   2.1e-07   29.7   0.0    25   105   180   260   172   267 0.91 hypothetical protein MN116_003335 [Schistosoma mekongi]
KAK4474021.1         -            340 365323at33208        -            259     4e-24   84.5   1.0   3   3   7.9e-08     6e-06   24.9   0.1    17    98   258   339   254   340 0.90 hypothetical protein MN116_003335 [Schistosoma mekongi]
KAK4471989.1         -            368 365323at33208        -            259   6.9e-24   83.7   3.6   1   3   9.2e-06    0.0007   18.1   0.1    24    88    58   122    40   135 0.84 hypothetical protein MN116_005367 [Schistosoma mekongi]
KAK4471989.1         -            368 365323at33208        -            259   6.9e-24   83.7   3.6   2   3   2.1e-14   1.6e-12   46.4   0.2    15   150   154   290   145   302 0.92 hypothetical protein MN116_005367 [Schistosoma mekongi]
KAK4471989.1         -            368 365323at33208        -            259   6.9e-24   83.7   3.6   3   3   2.6e-06    0.0002   19.9   0.1    24    98   293   367   282   368 0.87 hypothetical protein MN116_005367 [Schistosoma mekongi]
KAK4472463.1         -            648 365323at33208        -            259   7.1e-24   83.7   6.5   1   3         7   5.3e+02   -1.1   0.0     7    55    27    75    22    95 0.70 hypothetical protein MN116_003713 [Schistosoma mekongi]
KAK4472463.1         -            648 365323at33208        -            259   7.1e-24   83.7   6.5   2   3   5.6e-17   4.2e-15   54.9   1.1    62   233   248   415   192   429 0.83 hypothetical protein MN116_003713 [Schistosoma mekongi]
KAK4472463.1         -            648 365323at33208        -            259   7.1e-24   83.7   6.5   3   3   1.9e-09   1.5e-07   30.2   0.1    25   100   465   542   440   545 0.85 hypothetical protein MN116_003713 [Schistosoma mekongi]
KAK4469753.1         -            514 365323at33208        -            259   1.9e-23   82.3   0.2   1   2   3.1e-21   2.3e-19   68.9   0.3    29   230   214   426   200   434 0.86 hypothetical protein MN116_007274 [Schistosoma mekongi]
KAK4469753.1         -            514 365323at33208        -            259   1.9e-23   82.3   0.2   2   2    0.0012     0.092   11.2   0.0    79   142   450   513   442   514 0.84 hypothetical protein MN116_007274 [Schistosoma mekongi]
KAK4472404.1         -            742 365323at33208        -            259   4.1e-23   81.2   0.1   1   2   2.7e-16   2.1e-14   52.6   0.0    27   142   410   527   388   534 0.91 hypothetical protein MN116_003661 [Schistosoma mekongi]
KAK4472404.1         -            742 365323at33208        -            259   4.1e-23   81.2   0.1   2   2   6.4e-08   4.9e-06   25.2   0.0    24    78   536   590   530   611 0.85 hypothetical protein MN116_003661 [Schistosoma mekongi]
KAK4473740.1         -            370 365323at33208        -            259   7.6e-22   77.0  18.2   1   3   5.8e-15   4.4e-13   48.3   3.9   115   246    14   162     5   167 0.74 hypothetical protein MN116_003081 [Schistosoma mekongi]
KAK4473740.1         -            370 365323at33208        -            259   7.6e-22   77.0  18.2   2   3   9.8e-07   7.4e-05   21.3   0.8   129   197   187   265   179   274 0.58 hypothetical protein MN116_003081 [Schistosoma mekongi]
KAK4473740.1         -            370 365323at33208        -            259   7.6e-22   77.0  18.2   3   3   0.00012    0.0093   14.5   0.5   148   196   291   339   283   352 0.72 hypothetical protein MN116_003081 [Schistosoma mekongi]
KAK4468223.1         -            322 365323at33208        -            259   1.2e-21   76.3   0.5   1   3   4.5e-08   3.4e-06   25.7   0.0    68   144    23   101    11   115 0.82 hypothetical protein MN116_008380 [Schistosoma mekongi]
KAK4468223.1         -            322 365323at33208        -            259   1.2e-21   76.3   0.5   2   3     0.067       5.1    5.5   0.0    35    85   118   168   109   182 0.74 hypothetical protein MN116_008380 [Schistosoma mekongi]
KAK4468223.1         -            322 365323at33208        -            259   1.2e-21   76.3   0.5   3   3   5.1e-13   3.9e-11   41.9   0.0    26   133   195   301   177   321 0.87 hypothetical protein MN116_008380 [Schistosoma mekongi]
KAK4474440.1         -            863 365323at33208        -            259   1.6e-21   76.0   9.3   1   3   5.7e-15   4.3e-13   48.3   7.8    62   228     3   174     1   178 0.78 hypothetical protein MN116_001595 [Schistosoma mekongi]
KAK4474440.1         -            863 365323at33208        -            259   1.6e-21   76.0   9.3   2   3    0.0029      0.22   10.0   0.1   123   187   157   229   150   248 0.71 hypothetical protein MN116_001595 [Schistosoma mekongi]
KAK4474440.1         -            863 365323at33208        -            259   1.6e-21   76.0   9.3   3   3     7e-08   5.3e-06   25.1   0.0    27   154   197   331   185   341 0.82 hypothetical protein MN116_001595 [Schistosoma mekongi]
KAK4470987.1         -           1220 365323at33208        -            259   4.6e-20   71.2   9.3   1   3   3.6e-10   2.7e-08   32.6   2.6    21    99    70   168    51   175 0.80 hypothetical protein MN116_006490 [Schistosoma mekongi]
KAK4470987.1         -           1220 365323at33208        -            259   4.6e-20   71.2   9.3   2   3   4.4e-07   3.3e-05   22.5   0.0    59   114   181   236   175   260 0.65 hypothetical protein MN116_006490 [Schistosoma mekongi]
KAK4470987.1         -           1220 365323at33208        -            259   4.6e-20   71.2   9.3   3   3   0.00037     0.028   12.9   0.5    28   140   240   368   223   391 0.73 hypothetical protein MN116_006490 [Schistosoma mekongi]
KAK4471638.1         -            799 365323at33208        -            259   7.2e-20   70.5  10.9   1   3      0.15        11    4.4   0.0    46    77   316   347   294   358 0.84 hypothetical protein MN116_005047 [Schistosoma mekongi]
KAK4471638.1         -            799 365323at33208        -            259   7.2e-20   70.5  10.9   2   3   0.00013    0.0099   14.4   0.0   126   166   364   405   347   436 0.63 hypothetical protein MN116_005047 [Schistosoma mekongi]
KAK4471638.1         -            799 365323at33208        -            259   7.2e-20   70.5  10.9   3   3   2.4e-17   1.8e-15   56.1   1.4    43   230   525   704   486   714 0.86 hypothetical protein MN116_005047 [Schistosoma mekongi]
KAK4471857.1         -            620 365323at33208        -            259   2.7e-19   68.7   0.9   1   5    0.0091      0.69    8.3   0.0    19    59    47    87    31   133 0.77 hypothetical protein MN116_005246 [Schistosoma mekongi]
KAK4471857.1         -            620 365323at33208        -            259   2.7e-19   68.7   0.9   2   5   6.7e-05    0.0051   15.3   0.0    55   147   172   265   137   311 0.63 hypothetical protein MN116_005246 [Schistosoma mekongi]
KAK4471857.1         -            620 365323at33208        -            259   2.7e-19   68.7   0.9   3   5    0.0041      0.31    9.5   0.1    26    82   321   379   310   403 0.83 hypothetical protein MN116_005246 [Schistosoma mekongi]
KAK4471857.1         -            620 365323at33208        -            259   2.7e-19   68.7   0.9   4   5    0.0087      0.66    8.4   0.0   102   163   483   546   475   550 0.83 hypothetical protein MN116_005246 [Schistosoma mekongi]
KAK4471857.1         -            620 365323at33208        -            259   2.7e-19   68.7   0.9   5   5   2.3e-06   0.00018   20.1   0.1    74   142   551   619   546   620 0.71 hypothetical protein MN116_005246 [Schistosoma mekongi]
KAK4469756.1         -            514 365323at33208        -            259   3.6e-19   68.2   0.0   1   2   3.8e-17   2.9e-15   55.5   0.0    20   209   205   404   194   428 0.85 hypothetical protein MN116_007276 [Schistosoma mekongi]
KAK4469756.1         -            514 365323at33208        -            259   3.6e-19   68.2   0.0   2   2    0.0017      0.13   10.7   0.0    78   142   449   513   414   514 0.87 hypothetical protein MN116_007276 [Schistosoma mekongi]
KAK4469958.1         -            429 365323at33208        -            259   6.5e-19   67.4   1.5   1   3      0.01      0.79    8.1   0.1    68   101   101   134    80   147 0.64 hypothetical protein MN116_007457 [Schistosoma mekongi]
KAK4469958.1         -            429 365323at33208        -            259   6.5e-19   67.4   1.5   2   3   0.00029     0.022   13.2   0.0   108   183   163   242   153   250 0.74 hypothetical protein MN116_007457 [Schistosoma mekongi]
KAK4469958.1         -            429 365323at33208        -            259   6.5e-19   67.4   1.5   3   3   2.5e-13   1.9e-11   42.9   0.6    20   185   251   424   243   428 0.88 hypothetical protein MN116_007457 [Schistosoma mekongi]
KAK4473430.1         -            386 365323at33208        -            259   2.5e-18   65.5   5.7   1   2   0.00031     0.024   13.1   0.2   128   188    49   112    20   132 0.59 hypothetical protein MN116_002590 [Schistosoma mekongi]
KAK4473430.1         -            386 365323at33208        -            259   2.5e-18   65.5   5.7   2   2   8.6e-14   6.5e-12   44.5   2.4    42   259   133   371   113   371 0.69 hypothetical protein MN116_002590 [Schistosoma mekongi]
KAK4474655.1         -           1010 365323at33208        -            259     7e-18   64.0   0.8   1   4   5.9e-08   4.5e-06   25.3   0.0   111   188   148   225   124   251 0.79 hypothetical protein MN116_001788 [Schistosoma mekongi]
KAK4474655.1         -           1010 365323at33208        -            259     7e-18   64.0   0.8   2   4      0.94        71    1.7   0.0    30    57   270   297   253   313 0.62 hypothetical protein MN116_001788 [Schistosoma mekongi]
KAK4474655.1         -           1010 365323at33208        -            259     7e-18   64.0   0.8   3   4       7.4   5.6e+02   -1.2   0.0    52    74   441   463   404   472 0.76 hypothetical protein MN116_001788 [Schistosoma mekongi]
KAK4474655.1         -           1010 365323at33208        -            259     7e-18   64.0   0.8   4   4     5e-09   3.8e-07   28.8   0.0    32   163   578   707   564   715 0.88 hypothetical protein MN116_001788 [Schistosoma mekongi]
KAK4469245.1         -           1802 365323at33208        -            259   1.7e-17   62.8   4.8   1   6   1.1e-05   0.00082   17.9   0.0    20   108    65   157    39   209 0.76 hypothetical protein MN116_006817 [Schistosoma mekongi]
KAK4469245.1         -           1802 365323at33208        -            259   1.7e-17   62.8   4.8   2   6      0.06       4.5    5.6   0.1   164   187   460   483   445   498 0.78 hypothetical protein MN116_006817 [Schistosoma mekongi]
KAK4469245.1         -           1802 365323at33208        -            259   1.7e-17   62.8   4.8   3   6   2.6e-08     2e-06   26.5   0.0    13   137   604   736   595   760 0.80 hypothetical protein MN116_006817 [Schistosoma mekongi]
KAK4469245.1         -           1802 365323at33208        -            259   1.7e-17   62.8   4.8   4   6       9.5   7.2e+02   -1.6   0.0   214   240   788   814   782   830 0.80 hypothetical protein MN116_006817 [Schistosoma mekongi]
KAK4469245.1         -           1802 365323at33208        -            259   1.7e-17   62.8   4.8   5   6     0.014       1.1    7.7   0.0    36   102   828   894   820   899 0.88 hypothetical protein MN116_006817 [Schistosoma mekongi]
KAK4469245.1         -           1802 365323at33208        -            259   1.7e-17   62.8   4.8   6   6       8.3   6.3e+02   -1.4   0.3     3    54  1345  1396  1343  1403 0.89 hypothetical protein MN116_006817 [Schistosoma mekongi]
KAK4468616.1         -            864 365323at33208        -            259   4.8e-17   61.3   9.6   1   3   1.1e-11   8.7e-10   37.5   0.1    24   185    18   189    11   198 0.83 hypothetical protein MN116_007806 [Schistosoma mekongi]
KAK4468616.1         -            864 365323at33208        -            259   4.8e-17   61.3   9.6   2   3   5.8e-09   4.4e-07   28.6   0.5    27   185   107   271   101   285 0.81 hypothetical protein MN116_007806 [Schistosoma mekongi]
KAK4468616.1         -            864 365323at33208        -            259   4.8e-17   61.3   9.6   3   3   1.5e-05    0.0012   17.4   0.5    27   108   200   279   191   315 0.81 hypothetical protein MN116_007806 [Schistosoma mekongi]
KAK4468365.1         -            314 365323at33208        -            259   5.6e-17   61.0   1.1   1   2   4.3e-12   3.3e-10   38.9   0.0    65   186     9   135     2   140 0.84 hypothetical protein MN116_008157 [Schistosoma mekongi]
KAK4468365.1         -            314 365323at33208        -            259   5.6e-17   61.0   1.1   2   2      0.59        45    2.4   0.1    73   100   286   313   237   314 0.81 hypothetical protein MN116_008157 [Schistosoma mekongi]
KAK4475126.1         -           1406 365323at33208        -            259     1e-16   60.2   0.0   1   3    0.0018      0.13   10.7   0.0   199   230   771   803   714   824 0.74 hypothetical protein MN116_002213 [Schistosoma mekongi]
KAK4475126.1         -           1406 365323at33208        -            259     1e-16   60.2   0.0   2   3    0.0018      0.14   10.6   0.0   148   186   894   933   879   952 0.86 hypothetical protein MN116_002213 [Schistosoma mekongi]
KAK4475126.1         -           1406 365323at33208        -            259     1e-16   60.2   0.0   3   3   1.4e-10   1.1e-08   33.9   0.0    34   138   954  1061   944  1065 0.88 hypothetical protein MN116_002213 [Schistosoma mekongi]
KAK4469909.1         -            598 365323at33208        -            259   3.4e-16   58.5  13.8   1   3     3e-05    0.0022   16.5   0.3   152   211   203   259   189   296 0.77 hypothetical protein MN116_007413 [Schistosoma mekongi]
KAK4469909.1         -            598 365323at33208        -            259   3.4e-16   58.5  13.8   2   3   7.4e-09   5.6e-07   28.3   0.7   121   229   312   418   307   420 0.72 hypothetical protein MN116_007413 [Schistosoma mekongi]
KAK4469909.1         -            598 365323at33208        -            259   3.4e-16   58.5  13.8   3   3   1.5e-05    0.0012   17.4   1.2    86   142   541   594   533   597 0.84 hypothetical protein MN116_007413 [Schistosoma mekongi]
KAK4474281.1         -            262 365323at33208        -            259   4.5e-16   58.1   1.3   1   2     1e-09   7.9e-08   31.1   0.0    23   102    42   121    22   129 0.91 hypothetical protein MN116_000369 [Schistosoma mekongi]
KAK4474281.1         -            262 365323at33208        -            259   4.5e-16   58.1   1.3   2   2     4e-08     3e-06   25.9   0.3    22   101   130   209   125   215 0.91 hypothetical protein MN116_000369 [Schistosoma mekongi]
KAK4470127.1         -           1199 365323at33208        -            259   6.4e-16   57.6   8.3   1   4     3e-06   0.00022   19.8   0.3    59   193    92   229    39   259 0.81 hypothetical protein MN116_005711 [Schistosoma mekongi]
KAK4470127.1         -           1199 365323at33208        -            259   6.4e-16   57.6   8.3   2   4      0.02       1.5    7.2   0.0    85   102   428   445   400   489 0.69 hypothetical protein MN116_005711 [Schistosoma mekongi]
KAK4470127.1         -           1199 365323at33208        -            259   6.4e-16   57.6   8.3   3   4   4.7e-08   3.5e-06   25.7   0.0    27   102   494   568   481   581 0.87 hypothetical protein MN116_005711 [Schistosoma mekongi]
KAK4470127.1         -           1199 365323at33208        -            259   6.4e-16   57.6   8.3   4   4     0.055       4.1    5.8   0.1    67   102   659   694   593   704 0.66 hypothetical protein MN116_005711 [Schistosoma mekongi]
KAK4471457.1         -            693 365323at33208        -            259   8.2e-16   57.2   7.9   1   3   3.2e-08   2.4e-06   26.2   1.1   118   202   353   447   338   455 0.78 hypothetical protein MN116_004577 [Schistosoma mekongi]
KAK4471457.1         -            693 365323at33208        -            259   8.2e-16   57.2   7.9   2   3   4.9e-09   3.7e-07   28.9   0.1    22   100   453   531   434   545 0.88 hypothetical protein MN116_004577 [Schistosoma mekongi]
KAK4471457.1         -            693 365323at33208        -            259   8.2e-16   57.2   7.9   3   3     0.056       4.2    5.7   0.2    49   183   644   692   612   693 0.52 hypothetical protein MN116_004577 [Schistosoma mekongi]
KAK4475872.1         -            392 365323at33208        -            259   1.2e-15   56.7   0.3   1   3   4.2e-06   0.00032   19.3   0.1   113   186    40   116    33   125 0.82 hypothetical protein MN116_001119 [Schistosoma mekongi]
KAK4475872.1         -            392 365323at33208        -            259   1.2e-15   56.7   0.3   2   3   6.5e-06   0.00049   18.6   0.0    74   142   130   200   124   206 0.90 hypothetical protein MN116_001119 [Schistosoma mekongi]
KAK4475872.1         -            392 365323at33208        -            259   1.2e-15   56.7   0.3   3   3   0.00015     0.011   14.2   0.0   116   186   274   344   238   356 0.78 hypothetical protein MN116_001119 [Schistosoma mekongi]
KAK4475830.1         -            454 365323at33208        -            259   1.9e-15   56.0   8.2   1   2   2.7e-07   2.1e-05   23.1   0.2   152   228   202   284   148   291 0.79 hypothetical protein MN116_001082 [Schistosoma mekongi]
KAK4475830.1         -            454 365323at33208        -            259   1.9e-15   56.0   8.2   2   2   1.7e-13   1.3e-11   43.5   3.3    24   187   252   436   249   444 0.78 hypothetical protein MN116_001082 [Schistosoma mekongi]
KAK4472800.1         -            851 365323at33208        -            259   2.6e-15   55.6   9.2   1   3   2.8e-05    0.0021   16.6   0.1   148   191   495   540   472   572 0.71 hypothetical protein MN116_004018 [Schistosoma mekongi]
KAK4472800.1         -            851 365323at33208        -            259   2.6e-15   55.6   9.2   2   3    0.0036      0.27    9.7   0.0   152   185   620   653   609   676 0.87 hypothetical protein MN116_004018 [Schistosoma mekongi]
KAK4472800.1         -            851 365323at33208        -            259   2.6e-15   55.6   9.2   3   3   4.8e-10   3.6e-08   32.2   2.1    20   141   723   850   709   851 0.78 hypothetical protein MN116_004018 [Schistosoma mekongi]
KAK4474827.1         -            484 365323at33208        -            259   5.3e-15   54.6   9.4   1   4   4.6e-10   3.5e-08   32.2   5.5   154   232     9    89     3    97 0.80 hypothetical protein MN116_001943 [Schistosoma mekongi]
KAK4474827.1         -            484 365323at33208        -            259   5.3e-15   54.6   9.4   2   4       5.4   4.1e+02   -0.8   0.0   168   189   150   171   120   195 0.64 hypothetical protein MN116_001943 [Schistosoma mekongi]
KAK4474827.1         -            484 365323at33208        -            259   5.3e-15   54.6   9.4   3   4      0.81        62    1.9   0.0   183   216   246   279   240   322 0.68 hypothetical protein MN116_001943 [Schistosoma mekongi]
KAK4474827.1         -            484 365323at33208        -            259   5.3e-15   54.6   9.4   4   4     9e-06   0.00068   18.2   0.1   151   187   338   375   330   393 0.83 hypothetical protein MN116_001943 [Schistosoma mekongi]
KAK4470628.1         -            941 365323at33208        -            259   1.1e-14   53.5   0.0   1   3     0.029       2.2    6.7   0.0    74   185    99   217    49   229 0.69 hypothetical protein MN116_006164 [Schistosoma mekongi]
KAK4470628.1         -            941 365323at33208        -            259   1.1e-14   53.5   0.0   2   3     4e-10   3.1e-08   32.4   0.1    28   141   294   408   285   435 0.87 hypothetical protein MN116_006164 [Schistosoma mekongi]
KAK4470628.1         -            941 365323at33208        -            259   1.1e-14   53.5   0.0   3   3    0.0026       0.2   10.1   0.0    35   103   431   504   417   566 0.82 hypothetical protein MN116_006164 [Schistosoma mekongi]
KAK4468859.1         -            561 365323at33208        -            259   1.2e-14   53.5   1.5   1   2   1.3e-14   9.8e-13   47.2   0.1    25   185   266   429   254   472 0.79 hypothetical protein MN116_008023 [Schistosoma mekongi]
KAK4468859.1         -            561 365323at33208        -            259   1.2e-14   53.5   1.5   2   2      0.35        27    3.1   0.1    33    81   494   542   469   561 0.74 hypothetical protein MN116_008023 [Schistosoma mekongi]
KAK4468870.1         -            421 365323at33208        -            259   1.9e-14   52.8   4.9   1   1   1.3e-13   9.8e-12   43.9   4.1    22   187   220   406   207   413 0.76 hypothetical protein MN116_008033 [Schistosoma mekongi]
KAK4469312.1         -           1057 365323at33208        -            259   3.1e-14   52.1   0.2   1   3   0.00012    0.0091   14.5   0.0    23    59   488   524   479   533 0.84 hypothetical protein MN116_006876 [Schistosoma mekongi]
KAK4469312.1         -           1057 365323at33208        -            259   3.1e-14   52.1   0.2   2   3   2.9e-07   2.2e-05   23.0   0.0    65   142   678   753   664   765 0.86 hypothetical protein MN116_006876 [Schistosoma mekongi]
KAK4469312.1         -           1057 365323at33208        -            259   3.1e-14   52.1   0.2   3   3    0.0029      0.22   10.0   0.1    41   115   881   957   855  1056 0.77 hypothetical protein MN116_006876 [Schistosoma mekongi]
KAK4473152.1         -            833 365323at33208        -            259   4.8e-14   51.5   2.6   1   4    0.0035      0.26    9.7   0.3    98   196   230   340   212   362 0.72 hypothetical protein MN116_004334 [Schistosoma mekongi]
KAK4473152.1         -            833 365323at33208        -            259   4.8e-14   51.5   2.6   2   4     0.023       1.8    7.0   0.0   151   239   513   604   393   620 0.77 hypothetical protein MN116_004334 [Schistosoma mekongi]
KAK4473152.1         -            833 365323at33208        -            259   4.8e-14   51.5   2.6   3   4   1.6e-07   1.2e-05   23.9   0.0    65   141   637   716   621   722 0.82 hypothetical protein MN116_004334 [Schistosoma mekongi]
KAK4473152.1         -            833 365323at33208        -            259   4.8e-14   51.5   2.6   4   4     0.032       2.4    6.5   0.0   116   184   758   830   736   832 0.73 hypothetical protein MN116_004334 [Schistosoma mekongi]
KAK4474741.1         -            739 365323at33208        -            259   1.2e-13   50.1   3.0   1   5         1        78    1.6   0.0   169   230    67    82     8   104 0.74 hypothetical protein MN116_001866 [Schistosoma mekongi]
KAK4474741.1         -            739 365323at33208        -            259   1.2e-13   50.1   3.0   2   5   5.7e-05    0.0043   15.6   0.0    62   100   136   174   120   181 0.80 hypothetical protein MN116_001866 [Schistosoma mekongi]
KAK4474741.1         -            739 365323at33208        -            259   1.2e-13   50.1   3.0   3   5    0.0028      0.22   10.0   0.1   110   142   213   245   203   249 0.80 hypothetical protein MN116_001866 [Schistosoma mekongi]
KAK4474741.1         -            739 365323at33208        -            259   1.2e-13   50.1   3.0   4   5   0.00017     0.013   14.0   0.0     8    66   279   337   273   346 0.87 hypothetical protein MN116_001866 [Schistosoma mekongi]
KAK4474741.1         -            739 365323at33208        -            259   1.2e-13   50.1   3.0   5   5      0.28        22    3.4   0.0    95   139   487   531   472   542 0.59 hypothetical protein MN116_001866 [Schistosoma mekongi]
KAK4473492.1         -            446 365323at33208        -            259   9.4e-13   47.2  12.9   1   2   1.8e-06   0.00014   20.4   2.0    42   143   112   226   104   238 0.77 hypothetical protein MN116_002856 [Schistosoma mekongi]
KAK4473492.1         -            446 365323at33208        -            259   9.4e-13   47.2  12.9   2   2   4.5e-05    0.0034   15.9   0.4   167   230   284   345   255   353 0.71 hypothetical protein MN116_002856 [Schistosoma mekongi]
KAK4471287.1         -            386 365323at33208        -            259   1.4e-12   46.6   7.5   1   3     0.001     0.076   11.5   0.1   169   217    38    84    18   112 0.70 hypothetical protein MN116_004728 [Schistosoma mekongi]
KAK4471287.1         -            386 365323at33208        -            259   1.4e-12   46.6   7.5   2   3   0.00018     0.013   13.9   0.4    74   172    72   171    69   189 0.78 hypothetical protein MN116_004728 [Schistosoma mekongi]
KAK4471287.1         -            386 365323at33208        -            259   1.4e-12   46.6   7.5   3   3   7.7e-08   5.9e-06   24.9   0.7    59   125   192   258   183   271 0.82 hypothetical protein MN116_004728 [Schistosoma mekongi]
KAK4473176.1         -            499 365323at33208        -            259   5.5e-12   44.7   6.3   1   2       3.9     3e+02   -0.3   0.0    91   132   202   244   189   273 0.62 hypothetical protein MN116_004356 [Schistosoma mekongi]
KAK4473176.1         -            499 365323at33208        -            259   5.5e-12   44.7   6.3   2   2   1.6e-13   1.2e-11   43.6   3.6    23   195   308   484   275   493 0.75 hypothetical protein MN116_004356 [Schistosoma mekongi]
KAK4468465.1         -           2344 365323at33208        -            259   7.1e-12   44.3   0.2   1   3   0.00025     0.019   13.4   0.1   155   226   139   212   125   232 0.54 hypothetical protein MN116_007669 [Schistosoma mekongi]
KAK4468465.1         -           2344 365323at33208        -            259   7.1e-12   44.3   0.2   2   3   4.2e-05    0.0032   16.0   0.0    32   101   333   406   330   411 0.83 hypothetical protein MN116_007669 [Schistosoma mekongi]
KAK4468465.1         -           2344 365323at33208        -            259   7.1e-12   44.3   0.2   3   3    0.0036      0.27    9.7   0.0    36   102   429   496   420   519 0.85 hypothetical protein MN116_007669 [Schistosoma mekongi]
KAK4472847.1         -            317 365323at33208        -            259   8.1e-12   44.1   0.0   1   3   8.1e-09   6.1e-07   28.2   0.0    43   220    10   185     6   193 0.84 hypothetical protein MN116_004060 [Schistosoma mekongi]
KAK4472847.1         -            317 365323at33208        -            259   8.1e-12   44.1   0.0   2   3   1.8e-05    0.0014   17.2   0.0    72   238    81   250    76   258 0.79 hypothetical protein MN116_004060 [Schistosoma mekongi]
KAK4472847.1         -            317 365323at33208        -            259   8.1e-12   44.1   0.0   3   3     0.064       4.9    5.5   0.0    32    79   262   309   252   314 0.86 hypothetical protein MN116_004060 [Schistosoma mekongi]
KAK4471005.1         -            567 365323at33208        -            259   1.7e-11   43.1   3.8   1   3   5.6e-07   4.3e-05   22.1   0.2    36   101    43   108    33   127 0.91 hypothetical protein MN116_006506 [Schistosoma mekongi]
KAK4471005.1         -            567 365323at33208        -            259   1.7e-11   43.1   3.8   2   3    0.0028      0.21   10.0   0.0    36   105   170   242   153   259 0.82 hypothetical protein MN116_006506 [Schistosoma mekongi]
KAK4471005.1         -            567 365323at33208        -            259   1.7e-11   43.1   3.8   3   3    0.0019      0.14   10.6   0.1    77   149   266   343   258   350 0.75 hypothetical protein MN116_006506 [Schistosoma mekongi]
KAK4475772.1         -            373 365323at33208        -            259   6.7e-11   41.1   4.6   1   2   1.2e-12   9.3e-11   40.7   3.2    60   188    45   179    16   194 0.83 hypothetical protein MN116_001031 [Schistosoma mekongi]
KAK4475772.1         -            373 365323at33208        -            259   6.7e-11   41.1   4.6   2   2    0.0052      0.39    9.1   0.6   115   144   148   177   124   234 0.59 hypothetical protein MN116_001031 [Schistosoma mekongi]
KAK4467927.1         -           2681 365323at33208        -            259   9.5e-11   40.6   0.1   1   1   2.5e-12   1.9e-10   39.6   0.1    24   103  2523  2602  2498  2619 0.90 hypothetical protein MN116_008535 [Schistosoma mekongi]
KAK4475085.1         -           1074 365323at33208        -            259   9.8e-11   40.6   0.5   1   3      0.36        28    3.1   0.1   171   193   494   516   364   535 0.81 hypothetical protein MN116_002177 [Schistosoma mekongi]
KAK4475085.1         -           1074 365323at33208        -            259   9.8e-11   40.6   0.5   2   3   1.5e-05    0.0011   17.5   0.0   126   193   596   666   583   674 0.82 hypothetical protein MN116_002177 [Schistosoma mekongi]
KAK4475085.1         -           1074 365323at33208        -            259   9.8e-11   40.6   0.5   3   3    0.0002     0.015   13.8   0.0    71   141   730   803   718   814 0.83 hypothetical protein MN116_002177 [Schistosoma mekongi]
KAK4470367.1         -           1060 365323at33208        -            259     1e-10   40.5   4.0   1   2   3.8e-09   2.9e-07   29.2   0.4    18   147   127   265   113   276 0.76 hypothetical protein MN116_005929 [Schistosoma mekongi]
KAK4470367.1         -           1060 365323at33208        -            259     1e-10   40.5   4.0   2   2    0.0027       0.2   10.1   0.3     9   181   441   626   434   646 0.55 hypothetical protein MN116_005929 [Schistosoma mekongi]
KAK4471106.1         -            604 365323at33208        -            259   1.3e-10   40.2   2.4   1   3      0.01      0.77    8.2   0.0    30   107    96   178    84   186 0.78 hypothetical protein MN116_005505 [Schistosoma mekongi]
KAK4471106.1         -            604 365323at33208        -            259   1.3e-10   40.2   2.4   2   3     0.012      0.94    7.9   0.2   160   186   200   227   188   238 0.70 hypothetical protein MN116_005505 [Schistosoma mekongi]
KAK4471106.1         -            604 365323at33208        -            259   1.3e-10   40.2   2.4   3   3     3e-06   0.00023   19.7   0.9    69   233   252   427   241   446 0.69 hypothetical protein MN116_005505 [Schistosoma mekongi]
KAK4469048.1         -            442 365323at33208        -            259   1.4e-10   40.1   0.1   1   2   0.00035     0.027   12.9   0.0    26   102    60   136    47   149 0.81 hypothetical protein MN116_007512 [Schistosoma mekongi]
KAK4469048.1         -            442 365323at33208        -            259   1.4e-10   40.1   0.1   2   2   7.6e-08   5.8e-06   25.0   0.0    32   234   239   354   204   368 0.49 hypothetical protein MN116_007512 [Schistosoma mekongi]
KAK4467486.1         -            486 365323at33208        -            259   1.4e-10   40.1   1.7   1   2       3.4   2.6e+02   -0.1   0.0    74   102   174   201   156   218 0.64 hypothetical protein MN116_008985 [Schistosoma mekongi]
KAK4467486.1         -            486 365323at33208        -            259   1.4e-10   40.1   1.7   2   2     2e-11   1.5e-09   36.7   0.9    65   230   226   414   208   427 0.74 hypothetical protein MN116_008985 [Schistosoma mekongi]
KAK4473774.1         -           1208 365323at33208        -            259   5.4e-10   38.2   0.1   1   2   2.3e-09   1.7e-07   30.0   0.1    26   230     9   214     7   226 0.79 hypothetical protein MN116_003112 [Schistosoma mekongi]
KAK4473774.1         -           1208 365323at33208        -            259   5.4e-10   38.2   0.1   2   2      0.12       8.9    4.7   0.0    77   132   236   291   222   302 0.88 hypothetical protein MN116_003112 [Schistosoma mekongi]
KAK4469211.1         -            672 365323at33208        -            259   6.6e-10   37.9   0.0   1   3   1.6e-05    0.0012   17.3   0.0    60   140   215   293   188   299 0.77 hypothetical protein MN116_006786 [Schistosoma mekongi]
KAK4469211.1         -            672 365323at33208        -            259   6.6e-10   37.9   0.0   2   3   0.00087     0.066   11.7   0.0    43   141   434   535   425   551 0.81 hypothetical protein MN116_006786 [Schistosoma mekongi]
KAK4469211.1         -            672 365323at33208        -            259   6.6e-10   37.9   0.0   3   3      0.12       9.2    4.6   0.0    25    57   633   666   620   669 0.84 hypothetical protein MN116_006786 [Schistosoma mekongi]
KAK4467302.1         -            210 365323at33208        -            259   1.9e-09   36.4   0.1   1   1   4.4e-11   3.3e-09   35.6   0.1    15   121    90   193    81   200 0.84 hypothetical protein MN116_008965 [Schistosoma mekongi]
KAK4473063.1         -           1463 365323at33208        -            259     3e-09   35.8   0.6   1   3   3.9e-11     3e-09   35.8   0.6    22   175   113   274   103   296 0.60 hypothetical protein MN116_004255 [Schistosoma mekongi]
KAK4473063.1         -           1463 365323at33208        -            259     3e-09   35.8   0.6   2   3   0.00011    0.0082   14.6   1.6    31   133   214   332   201   366 0.72 hypothetical protein MN116_004255 [Schistosoma mekongi]
KAK4473063.1         -           1463 365323at33208        -            259     3e-09   35.8   0.6   3   3       4.6   3.5e+02   -0.5   0.5   100   133  1046  1078   979  1102 0.77 hypothetical protein MN116_004255 [Schistosoma mekongi]
KAK4468117.1         -            463 365323at33208        -            259   5.7e-09   34.8   0.1   1   1   2.2e-10   1.7e-08   33.3   0.1    23    98    16    91     5   120 0.92 hypothetical protein MN116_008285 [Schistosoma mekongi]
KAK4475480.1         -            936 365323at33208        -            259   6.1e-09   34.7   0.1   1   3     0.075       5.7    5.3   0.0   147   188   528   571   508   582 0.67 hypothetical protein MN116_002530 [Schistosoma mekongi]
KAK4475480.1         -            936 365323at33208        -            259   6.1e-09   34.7   0.1   2   3       2.4   1.8e+02    0.4   0.0   152   189   663   701   638   716 0.70 hypothetical protein MN116_002530 [Schistosoma mekongi]
KAK4475480.1         -            936 365323at33208        -            259   6.1e-09   34.7   0.1   3   3     1e-07   7.9e-06   24.5   0.1    60   142   848   933   831   936 0.88 hypothetical protein MN116_002530 [Schistosoma mekongi]
KAK4471928.1         -            607 365323at33208        -            259   6.1e-09   34.7   3.7   1   4      0.43        33    2.8   0.4    79   157    16    92    10   130 0.58 hypothetical protein MN116_005310 [Schistosoma mekongi]
KAK4471928.1         -            607 365323at33208        -            259   6.1e-09   34.7   3.7   2   4       6.4   4.8e+02   -1.0   0.0    35    84    97   146    87   158 0.67 hypothetical protein MN116_005310 [Schistosoma mekongi]
KAK4471928.1         -            607 365323at33208        -            259   6.1e-09   34.7   3.7   3   4   2.1e-06   0.00016   20.2   0.0    75   156   183   267   135   271 0.81 hypothetical protein MN116_005310 [Schistosoma mekongi]
KAK4471928.1         -            607 365323at33208        -            259   6.1e-09   34.7   3.7   4   4    0.0024      0.18   10.2   0.1    78   138   362   424   358   432 0.76 hypothetical protein MN116_005310 [Schistosoma mekongi]
KAK4475104.1         -            320 365323at33208        -            259   9.9e-09   34.0   0.0   1   2   3.3e-08   2.5e-06   26.1   0.0    70   189    20   140     7   178 0.76 hypothetical protein MN116_002193 [Schistosoma mekongi]
KAK4475104.1         -            320 365323at33208        -            259   9.9e-09   34.0   0.0   2   2     0.052         4    5.8   0.0    28    99   239   317   213   320 0.81 hypothetical protein MN116_002193 [Schistosoma mekongi]
KAK4475962.1         -            597 365323at33208        -            259   2.3e-08   32.8   0.6   1   3   1.5e-05    0.0011   17.5   0.2   153   228   156   236   150   238 0.73 hypothetical protein MN116_001200 [Schistosoma mekongi]
KAK4475962.1         -            597 365323at33208        -            259   2.3e-08   32.8   0.6   2   3       2.9   2.2e+02    0.1   0.0   162   191   506   535   493   549 0.81 hypothetical protein MN116_001200 [Schistosoma mekongi]
KAK4475962.1         -            597 365323at33208        -            259   2.3e-08   32.8   0.6   3   3     0.015       1.1    7.6   0.0    23    60   555   592   544   596 0.72 hypothetical protein MN116_001200 [Schistosoma mekongi]
KAK4472613.1         -            772 365323at33208        -            259   3.1e-08   32.4   0.3   1   3   2.8e-06   0.00021   19.8   0.0    67   142    47   122    15   132 0.64 hypothetical protein MN116_003849 [Schistosoma mekongi]
KAK4472613.1         -            772 365323at33208        -            259   3.1e-08   32.4   0.3   2   3       2.4   1.8e+02    0.4   0.0    33   184   177   201   160   215 0.55 hypothetical protein MN116_003849 [Schistosoma mekongi]
KAK4472613.1         -            772 365323at33208        -            259   3.1e-08   32.4   0.3   3   3     0.012      0.93    7.9   0.0   121   185   282   348   234   354 0.65 hypothetical protein MN116_003849 [Schistosoma mekongi]
KAK4476120.1         -           1373 365323at33208        -            259   3.3e-08   32.3   0.0   1   1   2.7e-09     2e-07   29.7   0.0    26   147    44   168    32   178 0.83 hypothetical protein MN116_001340 [Schistosoma mekongi]
KAK4470302.1         -           1201 365323at33208        -            259   3.8e-08   32.1   0.1   1   1     1e-09   7.7e-08   31.1   0.1    35   230  1011  1198  1004  1201 0.87 hypothetical protein MN116_005869 [Schistosoma mekongi]
KAK4467671.1         -            327 365323at33208        -            259   6.7e-08   31.3   0.6   1   3   3.3e-07   2.5e-05   22.9   0.5    23   102     4    83     1    95 0.91 hypothetical protein MN116_008610 [Schistosoma mekongi]
KAK4467671.1         -            327 365323at33208        -            259   6.7e-08   31.3   0.6   2   3       1.3     1e+02    1.2   0.0   104   144   179   219    92   230 0.71 hypothetical protein MN116_008610 [Schistosoma mekongi]
KAK4467671.1         -            327 365323at33208        -            259   6.7e-08   31.3   0.6   3   3      0.37        28    3.0   0.0    66   104   281   319   266   322 0.89 hypothetical protein MN116_008610 [Schistosoma mekongi]
KAK4470070.1         -            359 365323at33208        -            259   8.8e-08   30.9   0.9   1   1   5.8e-09   4.4e-07   28.6   0.4    33   193    14   191     5   202 0.75 hypothetical protein MN116_006535 [Schistosoma mekongi]
KAK4472525.1         -            363 365323at33208        -            259   1.3e-07   30.3   0.9   1   2   1.9e-05    0.0014   17.1   0.5   114   231    18   131     6   146 0.83 hypothetical protein MN116_003769 [Schistosoma mekongi]
KAK4472525.1         -            363 365323at33208        -            259   1.3e-07   30.3   0.9   2   2    0.0016      0.12   10.8   0.0    24    90   242   311   229   317 0.84 hypothetical protein MN116_003769 [Schistosoma mekongi]
KAK4470225.1         -            355 365323at33208        -            259   1.4e-07   30.3   0.0   1   1     7e-09   5.3e-07   28.4   0.0    28   184    26   190    21   196 0.87 hypothetical protein MN116_005800 [Schistosoma mekongi]
KAK4469115.1         -            780 365323at33208        -            259   1.4e-07   30.2  11.5   1   5     0.091       6.9    5.0   0.2   153   185    10    42     5    49 0.86 hypothetical protein MN116_006700 [Schistosoma mekongi]
KAK4469115.1         -            780 365323at33208        -            259   1.4e-07   30.2  11.5   2   5   0.00019     0.014   13.8   0.1   151   217   106   168    99   179 0.80 hypothetical protein MN116_006700 [Schistosoma mekongi]
KAK4469115.1         -            780 365323at33208        -            259   1.4e-07   30.2  11.5   3   5   0.00035     0.027   13.0   0.0    19    95   184   259   170   273 0.81 hypothetical protein MN116_006700 [Schistosoma mekongi]
KAK4469115.1         -            780 365323at33208        -            259   1.4e-07   30.2  11.5   4   5         1        80    1.6   0.2   203   227   276   300   265   327 0.70 hypothetical protein MN116_006700 [Schistosoma mekongi]
KAK4469115.1         -            780 365323at33208        -            259   1.4e-07   30.2  11.5   5   5       4.7   3.6e+02   -0.6   0.0    74    96   515   537   510   550 0.78 hypothetical protein MN116_006700 [Schistosoma mekongi]
KAK4475657.1         -            275 365323at33208        -            259   1.7e-07   30.0   4.7   1   2     0.085       6.5    5.1   0.0    22    62    36    76    24    89 0.71 hypothetical protein MN116_000927 [Schistosoma mekongi]
KAK4475657.1         -            275 365323at33208        -            259   1.7e-07   30.0   4.7   2   2   3.3e-07   2.5e-05   22.9   2.1    24   185   108   268    92   274 0.80 hypothetical protein MN116_000927 [Schistosoma mekongi]
KAK4473789.1         -            902 365323at33208        -            259   1.9e-07   29.9  10.6   1   4       1.5   1.2e+02    1.0   0.3   143   185    40    83     2   126 0.62 hypothetical protein MN116_003126 [Schistosoma mekongi]
KAK4473789.1         -            902 365323at33208        -            259   1.9e-07   29.9  10.6   2   4    0.0055      0.42    9.0   0.1   124   206   203   284   134   335 0.64 hypothetical protein MN116_003126 [Schistosoma mekongi]
KAK4473789.1         -            902 365323at33208        -            259   1.9e-07   29.9  10.6   3   4   1.9e-05    0.0014   17.1   0.3    62   229   604   794   598   800 0.64 hypothetical protein MN116_003126 [Schistosoma mekongi]
KAK4473789.1         -            902 365323at33208        -            259   1.9e-07   29.9  10.6   4   4   7.4e-06   0.00056   18.4   0.1    63   189   711   842   709   852 0.82 hypothetical protein MN116_003126 [Schistosoma mekongi]
KAK4475656.1         -            380 365323at33208        -            259   2.3e-07   29.5   0.4   1   2   6.1e-07   4.6e-05   22.0   0.0    64   228    53   228    40   243 0.72 hypothetical protein MN116_000926 [Schistosoma mekongi]
KAK4475656.1         -            380 365323at33208        -            259   2.3e-07   29.5   0.4   2   2     0.078       5.9    5.3   0.1   201   241   338   378   309   380 0.80 hypothetical protein MN116_000926 [Schistosoma mekongi]
KAK4472709.1         -            535 365323at33208        -            259   2.6e-07   29.4   0.6   1   1   1.5e-07   1.1e-05   24.0   0.0    69   182    76   198    75   220 0.80 hypothetical protein MN116_003936 [Schistosoma mekongi]
KAK4473935.1         -            131 365323at33208        -            259   3.1e-07   29.1   0.3   1   1   9.6e-09   7.3e-07   27.9   0.3    41   131    26   125    13   131 0.57 hypothetical protein MN116_003258, partial [Schistosoma mekongi]
KAK4467227.1         -            216 365323at33208        -            259   3.5e-07   28.9   0.0   1   2   0.00029     0.022   13.2   0.0   113   190    40   120    37   128 0.76 hypothetical protein MN116_009090, partial [Schistosoma mekongi]
KAK4467227.1         -            216 365323at33208        -            259   3.5e-07   28.9   0.0   2   2   0.00028     0.021   13.3   0.0   104   142   131   169   126   183 0.72 hypothetical protein MN116_009090, partial [Schistosoma mekongi]
KAK4470563.1         -            812 365323at33208        -            259   3.9e-07   28.8  18.4   1   6       4.6   3.5e+02   -0.5   0.0    77   101    55    79    10    92 0.80 hypothetical protein MN116_006106 [Schistosoma mekongi]
KAK4470563.1         -            812 365323at33208        -            259   3.9e-07   28.8  18.4   2   6      0.29        22    3.4   0.1   170   197   194   221   158   231 0.61 hypothetical protein MN116_006106 [Schistosoma mekongi]
KAK4470563.1         -            812 365323at33208        -            259   3.9e-07   28.8  18.4   3   6    0.0011     0.087   11.3   0.1    64    99   247   287   236   296 0.85 hypothetical protein MN116_006106 [Schistosoma mekongi]
KAK4470563.1         -            812 365323at33208        -            259   3.9e-07   28.8  18.4   4   6       6.3   4.8e+02   -1.0   0.0   198   212   358   372   326   411 0.52 hypothetical protein MN116_006106 [Schistosoma mekongi]
KAK4470563.1         -            812 365323at33208        -            259   3.9e-07   28.8  18.4   5   6   7.6e-05    0.0058   15.1   2.7   113   195   537   625   530   651 0.67 hypothetical protein MN116_006106 [Schistosoma mekongi]
KAK4470563.1         -            812 365323at33208        -            259   3.9e-07   28.8  18.4   6   6     0.094       7.1    5.0   0.2    70    99   644   673   639   682 0.64 hypothetical protein MN116_006106 [Schistosoma mekongi]
KAK4469436.1         -            696 365323at33208        -            259   4.7e-07   28.5   0.1   1   1     2e-08   1.5e-06   26.9   0.0    13   102   255   344   245   378 0.89 hypothetical protein MN116_006989 [Schistosoma mekongi]
KAK4471578.1         -           1550 365323at33208        -            259   5.1e-07   28.4   0.6   1   2   6.8e-08   5.2e-06   25.1   0.3    34   147    59   171    29   204 0.84 hypothetical protein MN116_004993 [Schistosoma mekongi]
KAK4471578.1         -           1550 365323at33208        -            259   5.1e-07   28.4   0.6   2   2         4     3e+02   -0.3   0.0    77    97   341   361   320   365 0.81 hypothetical protein MN116_004993 [Schistosoma mekongi]
KAK4470605.1         -           1714 365323at33208        -            259   1.1e-06   27.4   1.8   1   2   5.1e-05    0.0039   15.7   0.1    24   102  1386  1461  1364  1473 0.68 hypothetical protein MN116_006143, partial [Schistosoma mekongi]
KAK4470605.1         -           1714 365323at33208        -            259   1.1e-06   27.4   1.8   2   2    0.0037      0.28    9.6   0.2   126   230  1610  1711  1510  1713 0.74 hypothetical protein MN116_006143, partial [Schistosoma mekongi]
KAK4469164.1         -            607 365323at33208        -            259   1.2e-06   27.2   0.0   1   1   1.3e-07   9.7e-06   24.2   0.0    26   101   208   293   189   323 0.78 hypothetical protein MN116_006567 [Schistosoma mekongi]
KAK4475753.1         -            851 365323at33208        -            259   1.2e-06   27.2   0.4   1   2     0.091       6.9    5.0   0.0    51   125   518   598   481   631 0.69 hypothetical protein MN116_000643 [Schistosoma mekongi]
KAK4475753.1         -            851 365323at33208        -            259   1.2e-06   27.2   0.4   2   2   4.4e-06   0.00033   19.2   0.2   147   230   695   776   676   825 0.85 hypothetical protein MN116_000643 [Schistosoma mekongi]
KAK4474547.1         -            416 365323at33208        -            259   1.7e-06   26.7   0.0   1   2   0.00011    0.0082   14.6   0.0    25   182     9   165     5   174 0.79 hypothetical protein MN116_001691 [Schistosoma mekongi]
KAK4474547.1         -            416 365323at33208        -            259   1.7e-06   26.7   0.0   2   2    0.0033      0.25    9.8   0.0   119   184   306   372   300   397 0.71 hypothetical protein MN116_001691 [Schistosoma mekongi]
KAK4475780.1         -            395 365323at33208        -            259     2e-06   26.5   0.0   1   2   0.00091     0.069   11.6   0.0   113   190    43   123    40   131 0.76 hypothetical protein MN116_001038 [Schistosoma mekongi]
KAK4475780.1         -            395 365323at33208        -            259     2e-06   26.5   0.0   2   2   0.00082     0.062   11.7   0.0   104   141   134   171   130   180 0.74 hypothetical protein MN116_001038 [Schistosoma mekongi]
KAK4476266.1         -           1387 365323at33208        -            259   3.1e-06   25.9  10.8   1   5      0.27        21    3.5   0.1   140   187    55   107    14   122 0.53 hypothetical protein MN116_001472 [Schistosoma mekongi]
KAK4476266.1         -           1387 365323at33208        -            259   3.1e-06   25.9  10.8   2   5     0.017       1.3    7.5   0.7    55   107   209   267   162   284 0.76 hypothetical protein MN116_001472 [Schistosoma mekongi]
KAK4476266.1         -           1387 365323at33208        -            259   3.1e-06   25.9  10.8   3   5       5.4   4.1e+02   -0.8   0.0    69   101   339   372   317   385 0.69 hypothetical protein MN116_001472 [Schistosoma mekongi]
KAK4476266.1         -           1387 365323at33208        -            259   3.1e-06   25.9  10.8   4   5       1.2        93    1.3   0.3   187   228   651   692   633   699 0.66 hypothetical protein MN116_001472 [Schistosoma mekongi]
KAK4476266.1         -           1387 365323at33208        -            259   3.1e-06   25.9  10.8   5   5   9.2e-05    0.0069   14.9   0.4    62   103   715   757   664   789 0.73 hypothetical protein MN116_001472 [Schistosoma mekongi]
KAK4469081.1         -           1175 365323at33208        -            259   1.3e-05   23.8   0.9   1   2   1.7e-07   1.3e-05   23.8   0.9    20   132     9   118     3   125 0.86 hypothetical protein MN116_006670 [Schistosoma mekongi]
KAK4469081.1         -           1175 365323at33208        -            259   1.3e-05   23.8   0.9   2   2       2.4   1.8e+02    0.4   2.1    35   180   145   292   127   300 0.63 hypothetical protein MN116_006670 [Schistosoma mekongi]
KAK4475777.1         -            375 365323at33208        -            259   1.3e-05   23.8   0.0   1   2   0.00084     0.064   11.7   0.0   113   190    46   126    43   134 0.76 hypothetical protein MN116_001035 [Schistosoma mekongi]
KAK4475777.1         -            375 365323at33208        -            259   1.3e-05   23.8   0.0   2   2    0.0042      0.31    9.4   0.0   104   142   137   175   133   188 0.72 hypothetical protein MN116_001035 [Schistosoma mekongi]
KAK4474703.1         -            984 365323at33208        -            259   1.6e-05   23.5   0.0   1   1   6.5e-07   4.9e-05   21.9   0.0    25   230   384   607   377   614 0.76 hypothetical protein MN116_000731 [Schistosoma mekongi]
KAK4476296.1         -           1828 365323at33208        -            259   1.7e-05   23.4   3.3   1   2   5.4e-07   4.1e-05   22.2   0.2    28   230    15   223     3   230 0.74 hypothetical protein MN116_000696 [Schistosoma mekongi]
KAK4476296.1         -           1828 365323at33208        -            259   1.7e-05   23.4   3.3   2   2       5.7   4.3e+02   -0.8   0.0   120   145   529   554   522   567 0.69 hypothetical protein MN116_000696 [Schistosoma mekongi]
KAK4469820.1         -            510 365323at33208        -            259   2.2e-05   23.1   0.4   1   3       3.5   2.7e+02   -0.2   0.0    29    45    22    38    11    56 0.65 hypothetical protein MN116_007333 [Schistosoma mekongi]
KAK4469820.1         -            510 365323at33208        -            259   2.2e-05   23.1   0.4   2   3   6.4e-05    0.0048   15.4   0.1    61   106   292   337   257   344 0.55 hypothetical protein MN116_007333 [Schistosoma mekongi]
KAK4469820.1         -            510 365323at33208        -            259   2.2e-05   23.1   0.4   3   3      0.45        34    2.8   0.0    32    53   410   431   387   445 0.81 hypothetical protein MN116_007333 [Schistosoma mekongi]
KAK4475555.1         -            534 365323at33208        -            259   3.2e-05   22.5   0.0   1   2      0.95        72    1.7   0.0    76   144    79   144    77   156 0.66 hypothetical protein MN116_000834 [Schistosoma mekongi]
KAK4475555.1         -            534 365323at33208        -            259   3.2e-05   22.5   0.0   2   2   1.1e-05   0.00084   17.9   0.0    42   106   209   273   199   283 0.88 hypothetical protein MN116_000834 [Schistosoma mekongi]
KAK4471279.1         -            916 365323at33208        -            259   3.2e-05   22.5   1.1   1   2   3.8e-05    0.0028   16.1   0.0    35   101   635   701   629   709 0.94 hypothetical protein MN116_004722 [Schistosoma mekongi]
KAK4471279.1         -            916 365323at33208        -            259   3.2e-05   22.5   1.1   2   2      0.12         9    4.7   0.2   149   229   832   908   823   914 0.68 hypothetical protein MN116_004722 [Schistosoma mekongi]
KAK4473026.1         -            528 365323at33208        -            259   8.2e-05   21.2   0.3   1   2     0.023       1.7    7.0   0.1   167   257   328   421   272   423 0.73 hypothetical protein MN116_004220 [Schistosoma mekongi]
KAK4473026.1         -            528 365323at33208        -            259   8.2e-05   21.2   0.3   2   2    0.0022      0.17   10.3   0.0    57   106   469   519   457   527 0.77 hypothetical protein MN116_004220 [Schistosoma mekongi]
KAK4472069.1         -            517 365323at33208        -            259   0.00012   20.7   4.4   1   2     0.025       1.9    6.9   2.5   103   259    76   233    11   233 0.72 hypothetical protein MN116_005441 [Schistosoma mekongi]
KAK4472069.1         -            517 365323at33208        -            259   0.00012   20.7   4.4   2   2    0.0055      0.42    9.0   0.0   143   237   301   407   285   412 0.62 hypothetical protein MN116_005441 [Schistosoma mekongi]
KAK4474069.1         -           1136 365323at33208        -            259   0.00012   20.6   0.1   1   2   0.00036     0.028   12.9   0.0    54   142   167   257   154   301 0.66 hypothetical protein MN116_002646 [Schistosoma mekongi]
KAK4474069.1         -           1136 365323at33208        -            259   0.00012   20.6   0.1   2   2     0.097       7.3    5.0   0.0    67   141   503   580   460   606 0.73 hypothetical protein MN116_002646 [Schistosoma mekongi]
KAK4473874.1         -            838 365323at33208        -            259   0.00035   19.1   0.0   1   2    0.0019      0.14   10.6   0.0    26    64   378   417   370   472 0.87 hypothetical protein MN116_002628 [Schistosoma mekongi]
KAK4473874.1         -            838 365323at33208        -            259   0.00035   19.1   0.0   2   2     0.072       5.4    5.4   0.0    79   181   673   777   652   789 0.66 hypothetical protein MN116_002628 [Schistosoma mekongi]
KAK4475836.1         -            962 365323at33208        -            259   0.00055   18.5   0.0   1   3       1.2        93    1.3   0.0   203   243    14    54     7    64 0.84 hypothetical protein MN116_001087 [Schistosoma mekongi]
KAK4475836.1         -            962 365323at33208        -            259   0.00055   18.5   0.0   2   3    0.0011     0.084   11.3   0.0    26   108    52   135    41   143 0.73 hypothetical protein MN116_001087 [Schistosoma mekongi]
KAK4475836.1         -            962 365323at33208        -            259   0.00055   18.5   0.0   3   3   0.00054     0.041   12.4   0.0    39   107   109   180    90   188 0.84 hypothetical protein MN116_001087 [Schistosoma mekongi]
KAK4471015.1         -           2007 365323at33208        -            259   0.00075   18.0   0.0   1   2      0.77        58    2.0   0.0    23    81   234   294   219   320 0.62 hypothetical protein MN116_006515 [Schistosoma mekongi]
KAK4471015.1         -           2007 365323at33208        -            259   0.00075   18.0   0.0   2   2   0.00086     0.065   11.7   0.0    65   102   579   616   567   642 0.88 hypothetical protein MN116_006515 [Schistosoma mekongi]
KAK4469337.1         -            655 365323at33208        -            259   0.00094   17.7   0.6   1   2       3.8   2.9e+02   -0.3   0.0   153   188   389   429   347   465 0.63 hypothetical protein MN116_006899 [Schistosoma mekongi]
KAK4469337.1         -            655 365323at33208        -            259   0.00094   17.7   0.6   2   2   1.2e-05   0.00094   17.7   0.6   150   231   494   573   465   583 0.80 hypothetical protein MN116_006899 [Schistosoma mekongi]
KAK4472489.1         -           2060 365323at33208        -            259   0.00096   17.7   0.5   1   1   2.9e-05    0.0022   16.5   0.5    64   131  1540  1610  1512  1633 0.77 hypothetical protein MN116_003737 [Schistosoma mekongi]
KAK4468728.1         -            628 365323at33208        -            259    0.0015   17.0   0.1   1   1   3.7e-05    0.0028   16.2   0.1    88   191    86   190    44   229 0.75 hypothetical protein MN116_007905 [Schistosoma mekongi]
KAK4469379.1         -            608 365323at33208        -            259    0.0019   16.7   0.1   1   2      0.35        26    3.1   0.0    11    58   191   240   181   249 0.80 hypothetical protein MN116_006936 [Schistosoma mekongi]
KAK4469379.1         -            608 365323at33208        -            259    0.0019   16.7   0.1   2   2    0.0011     0.085   11.3   0.0   109   177   264   333   251   344 0.72 hypothetical protein MN116_006936 [Schistosoma mekongi]
KAK4473171.1         -           1290 365323at33208        -            259     0.002   16.7   1.3   1   1   0.00031     0.024   13.1   1.3    57   125    56   125    13   144 0.57 hypothetical protein MN116_004351 [Schistosoma mekongi]
KAK4474737.1         -            728 365323at33208        -            259    0.0058   15.1   0.0   1   2      0.84        63    1.9   0.0    35    90   243   295   229   356 0.81 hypothetical protein MN116_001862 [Schistosoma mekongi]
KAK4474737.1         -            728 365323at33208        -            259    0.0058   15.1   0.0   2   2     0.002      0.16   10.4   0.0    33   139   526   635   494   660 0.75 hypothetical protein MN116_001862 [Schistosoma mekongi]
KAK4474826.1         -            378 365323at33208        -            259    0.0067   14.9   2.1   1   2    0.0028      0.21   10.0   0.5   126   185    52   126    30   178 0.57 hypothetical protein MN116_001942 [Schistosoma mekongi]
KAK4474826.1         -            378 365323at33208        -            259    0.0067   14.9   2.1   2   2       1.8   1.3e+02    0.8   0.0    31    84   285   338   267   348 0.68 hypothetical protein MN116_001942 [Schistosoma mekongi]
KAK4472426.1         -            622 365323at33208        -            259    0.0091   14.5   0.0   1   3     0.036       2.7    6.4   0.0    58   141   172   212   153   223 0.63 hypothetical protein MN116_003681 [Schistosoma mekongi]
KAK4472426.1         -            622 365323at33208        -            259    0.0091   14.5   0.0   2   3      0.21        16    3.9   0.0   120   154   353   391   350   410 0.76 hypothetical protein MN116_003681 [Schistosoma mekongi]
KAK4472426.1         -            622 365323at33208        -            259    0.0091   14.5   0.0   3   3       5.3     4e+02   -0.7   0.0    89   137   457   507   400   533 0.63 hypothetical protein MN116_003681 [Schistosoma mekongi]
KAK4467429.1         -            209 365323at33208        -            259     0.012   14.0   0.3   1   2   0.00056     0.043   12.3   0.2   119   188    29   102    22   119 0.78 hypothetical protein MN116_009071 [Schistosoma mekongi]
KAK4467429.1         -            209 365323at33208        -            259     0.012   14.0   0.3   2   2       5.9   4.5e+02   -0.9   0.0   152   174   158   180   143   204 0.66 hypothetical protein MN116_009071 [Schistosoma mekongi]
KAK4475368.1         -           1035 365323at33208        -            259     0.016   13.7   4.0   1   2   0.00065     0.049   12.1   0.6   155   239   252   338   238   356 0.67 hypothetical protein MN116_002430 [Schistosoma mekongi]
KAK4475368.1         -           1035 365323at33208        -            259     0.016   13.7   4.0   2   2       1.3        96    1.3   0.1   236   259   992  1018   985  1018 0.79 hypothetical protein MN116_002430 [Schistosoma mekongi]
KAK4469032.1         -            412 365323at33208        -            259     0.016   13.6   0.3   1   2    0.0038      0.29    9.5   0.0    67   141   130   204   110   218 0.79 hypothetical protein MN116_007497 [Schistosoma mekongi]
KAK4469032.1         -            412 365323at33208        -            259     0.016   13.6   0.3   2   2         2   1.5e+02    0.7   0.1    84   131   301   350   293   392 0.80 hypothetical protein MN116_007497 [Schistosoma mekongi]
KAK4468053.1         -            405 365323at33208        -            259     0.024   13.1   0.0   1   1    0.0006     0.045   12.2   0.0    38   117    17    95    12   100 0.82 hypothetical protein MN116_008228 [Schistosoma mekongi]
KAK4468285.1         -            617 365323at33208        -            259      0.04   12.4   0.0   1   1   0.00094     0.071   11.6   0.0    49   145   175   276   123   311 0.76 hypothetical protein MN116_008437 [Schistosoma mekongi]
#
# Program:         hmmsearch
# Version:         3.4 (Aug 2023)
# Pipeline mode:   SEARCH
# Query file:      /users/40483456/busco_datasets/busco_downloads/lineages/metazoa_odb10/hmms/365323at33208.hmm
# Target file:     /users/40483456/protein/s.mekongi.faa
# Option settings: hmmsearch --domtblout /users/40483456/busco/results_pro/s.mekongi_busco/run_metazoa_odb10/hmmer_output/initial_run_results/365323at33208.out --cpu 1 /users/40483456/busco_datasets/busco_downloads/lineages/metazoa_odb10/hmms/365323at33208.hmm /users/40483456/protein/s.mekongi.faa 
# Current dir:     /users/40483456
# Date:            Thu Jan 15 18:04:17 2026
# [ok]
