#                                                                            --- full sequence --- -------------- this domain -------------   hmm coord   ali coord   env coord
# target name        accession   tlen query name           accession   qlen   E-value  score  bias   #  of  c-Evalue  i-Evalue  score  bias  from    to  from    to  from    to  acc description of target
#------------------- ---------- ----- -------------------- ---------- ----- --------- ------ ----- --- --- --------- --------- ------ ----- ----- ----- ----- ----- ----- ----- ---- ---------------------
KAK4470285.1         -            561 382750at33208        -            358   3.9e-76  255.0   0.0   1   3   2.5e-54   5.7e-51  172.2   0.0    39   279   143   427   140   434 0.80 hypothetical protein MN116_005855 [Schistosoma mekongi]
KAK4470285.1         -            561 382750at33208        -            358   3.9e-76  255.0   0.0   2   3   5.4e-18   1.2e-14   52.7   0.0   274   334   442   505   438   511 0.94 hypothetical protein MN116_005855 [Schistosoma mekongi]
KAK4470285.1         -            561 382750at33208        -            358   3.9e-76  255.0   0.0   3   3   4.6e-08    0.0001   20.1   0.1   329   358   519   548   513   548 0.90 hypothetical protein MN116_005855 [Schistosoma mekongi]
KAK4468766.1         -            413 382750at33208        -            358   0.00032   18.4   2.2   1   3   7.3e-05      0.16    9.5   0.0    42    81    13    55     8    80 0.81 hypothetical protein MN116_007939 [Schistosoma mekongi]
KAK4468766.1         -            413 382750at33208        -            358   0.00032   18.4   2.2   2   3   0.00025      0.56    7.8   0.0    43    75   250   284   245   303 0.83 hypothetical protein MN116_007939 [Schistosoma mekongi]
KAK4468766.1         -            413 382750at33208        -            358   0.00032   18.4   2.2   3   3      0.27     6e+02   -2.2   0.3   300   328   374   402   371   411 0.75 hypothetical protein MN116_007939 [Schistosoma mekongi]
KAK4468767.1         -            481 382750at33208        -            358   0.00059   17.6   0.0   1   1     5e-07    0.0011   16.6   0.0   181   204    69    92    63   113 0.80 hypothetical protein MN116_007940 [Schistosoma mekongi]
KAK4467833.1         -            418 382750at33208        -            358      0.13    9.9   0.0   1   1   9.2e-05      0.21    9.2   0.0   181   207    64    90    53   107 0.85 hypothetical protein MN116_008756 [Schistosoma mekongi]
#
# Program:         hmmsearch
# Version:         3.4 (Aug 2023)
# Pipeline mode:   SEARCH
# Query file:      /users/40483456/busco_datasets/busco_downloads/lineages/metazoa_odb10/hmms/382750at33208.hmm
# Target file:     /users/40483456/protein/s.mekongi.faa
# Option settings: hmmsearch --domtblout /users/40483456/busco/results_pro/s.mekongi_busco/run_metazoa_odb10/hmmer_output/initial_run_results/382750at33208.out --cpu 1 /users/40483456/busco_datasets/busco_downloads/lineages/metazoa_odb10/hmms/382750at33208.hmm /users/40483456/protein/s.mekongi.faa 
# Current dir:     /users/40483456
# Date:            Thu Jan 15 18:04:16 2026
# [ok]
