#                                                                            --- full sequence --- -------------- this domain -------------   hmm coord   ali coord   env coord
# target name        accession   tlen query name           accession   qlen   E-value  score  bias   #  of  c-Evalue  i-Evalue  score  bias  from    to  from    to  from    to  acc description of target
#------------------- ---------- ----- -------------------- ---------- ----- --------- ------ ----- --- --- --------- --------- ------ ----- ----- ----- ----- ----- ----- ----- ---- ---------------------
KAK4472323.1         -            527 412930at33208        -            279   8.7e-84  279.9  11.6   1   4   3.9e-60   8.8e-58  194.6   0.1     3   150    11   159     9   179 0.93 hypothetical protein MN116_003587 [Schistosoma mekongi]
KAK4472323.1         -            527 412930at33208        -            279   8.7e-84  279.9  11.6   2   4     0.028       6.3    4.8   0.2   138   207   180   256   171   274 0.71 hypothetical protein MN116_003587 [Schistosoma mekongi]
KAK4472323.1         -            527 412930at33208        -            279   8.7e-84  279.9  11.6   3   4   1.3e-14   2.9e-12   45.3   0.0   166   234   291   360   271   372 0.84 hypothetical protein MN116_003587 [Schistosoma mekongi]
KAK4472323.1         -            527 412930at33208        -            279   8.7e-84  279.9  11.6   4   4   2.9e-13   6.7e-11   40.8   0.6   219   277   468   527   411   527 0.83 hypothetical protein MN116_003587 [Schistosoma mekongi]
KAK4471806.1         -            192 412930at33208        -            279   2.1e-22   78.6   0.4   1   1   1.3e-24   2.9e-22   78.1   0.4    23    89    25    91    15    94 0.95 hypothetical protein MN116_005200 [Schistosoma mekongi]
KAK4475881.1         -            334 412930at33208        -            279   1.5e-19   69.2   0.3   1   1     1e-21   2.3e-19   68.6   0.3    25    94     3    72     1    74 0.96 hypothetical protein MN116_001128 [Schistosoma mekongi]
KAK4471702.1         -            161 412930at33208        -            279   6.3e-19   67.1   0.4   1   2   8.5e-06    0.0019   16.3   0.0   184   221     3    40     1    81 0.67 hypothetical protein MN116_005104 [Schistosoma mekongi]
KAK4471702.1         -            161 412930at33208        -            279   6.3e-19   67.1   0.4   2   2   6.6e-16   1.5e-13   49.5   0.1   218   278    87   153    72   154 0.83 hypothetical protein MN116_005104 [Schistosoma mekongi]
KAK4474564.1         -            282 412930at33208        -            279   1.1e-18   66.3   0.1   1   1   7.4e-21   1.7e-18   65.7   0.1    27    94     6    75     3    80 0.92 hypothetical protein MN116_001707 [Schistosoma mekongi]
KAK4470907.1         -            533 412930at33208        -            279   3.3e-18   64.8   2.7   1   1   2.9e-20   6.5e-18   63.8   2.7    25   137    39   157    31   204 0.79 hypothetical protein MN116_006417 [Schistosoma mekongi]
KAK4475665.1         -            271 412930at33208        -            279   6.2e-18   63.9   0.2   1   1   5.1e-20   1.2e-17   63.0   0.2    25    88     4    69     2    70 0.93 hypothetical protein MN116_000934 [Schistosoma mekongi]
KAK4472822.1         -            371 412930at33208        -            279   1.1e-17   63.0   0.4   1   1   7.3e-20   1.7e-17   62.5   0.4    25    96    24    96    12   101 0.92 hypothetical protein MN116_004038 [Schistosoma mekongi]
KAK4475663.1         -            271 412930at33208        -            279   1.4e-17   62.7   0.2   1   1     1e-19   2.3e-17   62.0   0.2    25    88     4    69     2    70 0.93 hypothetical protein MN116_000932 [Schistosoma mekongi]
KAK4476261.1         -            348 412930at33208        -            279   1.9e-17   62.3   0.4   1   1   1.3e-19     3e-17   61.6   0.4    25    88   100   163    71   167 0.91 hypothetical protein MN116_001467 [Schistosoma mekongi]
KAK4475426.1         -            957 412930at33208        -            279   1.8e-16   59.1   0.8   1   2   6.2e-18   1.4e-15   56.1   0.1    25    88    18    81     7    84 0.94 hypothetical protein MN116_002481 [Schistosoma mekongi]
KAK4475426.1         -            957 412930at33208        -            279   1.8e-16   59.1   0.8   2   2      0.58   1.3e+02    0.5   0.0   176   235   540   600   516   604 0.82 hypothetical protein MN116_002481 [Schistosoma mekongi]
KAK4472873.1         -            401 412930at33208        -            279   2.4e-16   58.7   0.0   1   1   1.6e-18   3.7e-16   58.0   0.0    24    88     4    66     2    75 0.93 hypothetical protein MN116_004084 [Schistosoma mekongi]
KAK4475880.1         -            324 412930at33208        -            279   4.7e-16   57.7   0.4   1   1   3.2e-18   7.2e-16   57.1   0.4    36    94     4    62     1    64 0.95 hypothetical protein MN116_001127 [Schistosoma mekongi]
KAK4471086.1         -            202 412930at33208        -            279     5e-16   57.6   0.4   1   1     3e-18   6.8e-16   57.2   0.4    26    88    25    88    20    94 0.93 hypothetical protein MN116_004554 [Schistosoma mekongi]
KAK4471812.1         -            468 412930at33208        -            279   6.7e-16   57.2   0.5   1   1   4.7e-18   1.1e-15   56.5   0.5    25    88    35    99    18   102 0.91 hypothetical protein MN116_005206 [Schistosoma mekongi]
KAK4468515.1         -            753 412930at33208        -            279   1.8e-14   52.5   0.1   1   2   8.1e-17   1.8e-14   52.5   0.1    26    88     3    65     1    72 0.96 hypothetical protein MN116_007714 [Schistosoma mekongi]
KAK4468515.1         -            753 412930at33208        -            279   1.8e-14   52.5   0.1   2   2       1.8     4e+02   -1.1   2.5   173   221   213   264   166   280 0.56 hypothetical protein MN116_007714 [Schistosoma mekongi]
KAK4470833.1         -            195 412930at33208        -            279   2.9e-14   51.8   0.1   1   1   1.8e-16   4.2e-14   51.3   0.1    26    90    30    94    20   100 0.94 hypothetical protein MN116_006349 [Schistosoma mekongi]
KAK4472045.1         -            274 412930at33208        -            279   3.6e-14   51.5   6.6   1   2   3.3e-16   7.5e-14   50.5   0.8    25    88    15    81     9    84 0.91 hypothetical protein MN116_005420 [Schistosoma mekongi]
KAK4472045.1         -            274 412930at33208        -            279   3.6e-14   51.5   6.6   2   2     0.051        12    3.9   0.6   191   244   175   230   155   261 0.72 hypothetical protein MN116_005420 [Schistosoma mekongi]
KAK4472082.1         -            206 412930at33208        -            279   3.4e-13   48.3   0.0   1   1   2.1e-15   4.9e-13   47.8   0.0    25    89    11    76     7    83 0.90 hypothetical protein MN116_005453 [Schistosoma mekongi]
KAK4473663.1         -            488 412930at33208        -            279   6.3e-13   47.5   1.8   1   1   2.8e-15   6.3e-13   47.5   1.8    25    88   379   445   371   448 0.89 hypothetical protein MN116_003013 [Schistosoma mekongi]
KAK4474784.1         -            144 412930at33208        -            279   8.5e-13   47.0   0.1   1   1   6.3e-15   1.4e-12   46.3   0.1    24    90    12    78     8    82 0.96 hypothetical protein MN116_001904 [Schistosoma mekongi]
KAK4470387.1         -            471 412930at33208        -            279   1.4e-12   46.3   2.2   1   2       5.3   1.2e+03   -2.7   0.1    50    70   221   241   213   247 0.79 hypothetical protein MN116_005947 [Schistosoma mekongi]
KAK4470387.1         -            471 412930at33208        -            279   1.4e-12   46.3   2.2   2   2     6e-15   1.4e-12   46.3   2.2    24    88   364   434   347   439 0.86 hypothetical protein MN116_005947 [Schistosoma mekongi]
KAK4474729.1         -            661 412930at33208        -            279   1.5e-12   46.3   0.0   1   2   1.6e-13   3.5e-11   41.7   0.1    22    94    45   130    35   136 0.80 hypothetical protein MN116_001854 [Schistosoma mekongi]
KAK4474729.1         -            661 412930at33208        -            279   1.5e-12   46.3   0.0   2   2      0.42        95    0.9   0.0   124   149   234   259   231   262 0.90 hypothetical protein MN116_001854 [Schistosoma mekongi]
KAK4474131.1         -            197 412930at33208        -            279     2e-12   45.8   0.8   1   2   3.4e-14   7.8e-12   43.9   0.3    25    90    24    87    16    97 0.91 hypothetical protein MN116_003434 [Schistosoma mekongi]
KAK4474131.1         -            197 412930at33208        -            279     2e-12   45.8   0.8   2   2      0.74   1.7e+02    0.1   0.0   166   186   164   184   129   193 0.61 hypothetical protein MN116_003434 [Schistosoma mekongi]
KAK4467794.1         -            298 412930at33208        -            279   2.8e-12   45.3   0.2   1   2       3.2   7.3e+02   -2.0   0.0   132   168   156   190   147   215 0.53 hypothetical protein MN116_008720 [Schistosoma mekongi]
KAK4467794.1         -            298 412930at33208        -            279   2.8e-12   45.3   0.2   2   2   2.8e-14   6.5e-12   44.1   0.1    24    76   229   281   207   286 0.83 hypothetical protein MN116_008720 [Schistosoma mekongi]
KAK4475846.1         -            313 412930at33208        -            279   3.5e-12   45.0   0.0   1   1   2.1e-14   4.8e-12   44.6   0.0    26    94     4    73     1    90 0.93 hypothetical protein MN116_001096 [Schistosoma mekongi]
KAK4472599.1         -            289 412930at33208        -            279   8.9e-12   43.7   1.0   1   2   3.9e-14   8.9e-12   43.7   1.0    26    88     4    67     1    72 0.92 hypothetical protein MN116_003837 [Schistosoma mekongi]
KAK4472599.1         -            289 412930at33208        -            279   8.9e-12   43.7   1.0   2   2       5.4   1.2e+03   -2.7   2.8   195   238   111   154    69   166 0.54 hypothetical protein MN116_003837 [Schistosoma mekongi]
KAK4467279.1         -            161 412930at33208        -            279   1.3e-11   43.1   0.3   1   1     8e-14   1.8e-11   42.7   0.3    25    88    34    97    25   101 0.96 hypothetical protein MN116_008999 [Schistosoma mekongi]
KAK4472255.1         -            152 412930at33208        -            279   3.8e-10   38.3   0.2   1   1   2.1e-12   4.9e-10   38.0   0.2    25    92     2    68     1    69 0.96 hypothetical protein MN116_003525 [Schistosoma mekongi]
KAK4472046.1         -            210 412930at33208        -            279   1.2e-09   36.7   4.7   1   2   3.6e-11   8.2e-09   33.9   0.7    39    88    11    63     2    66 0.85 hypothetical protein MN116_005419 [Schistosoma mekongi]
KAK4472046.1         -            210 412930at33208        -            279   1.2e-09   36.7   4.7   2   2     0.033       7.4    4.6   0.2   190   243   140   195   118   206 0.75 hypothetical protein MN116_005419 [Schistosoma mekongi]
KAK4475009.1         -            243 412930at33208        -            279   1.4e-09   36.4   0.4   1   2   6.4e-12   1.4e-09   36.4   0.4    24    90    46   114    43   133 0.88 hypothetical protein MN116_000757 [Schistosoma mekongi]
KAK4475009.1         -            243 412930at33208        -            279   1.4e-09   36.4   0.4   2   2       1.6   3.6e+02   -1.0   0.6   159   190   165   196   147   223 0.50 hypothetical protein MN116_000757 [Schistosoma mekongi]
KAK4468232.1         -            931 412930at33208        -            279   2.3e-08   32.5   0.0   1   1   2.4e-10   5.4e-08   31.3   0.0    28    88   108   165    94   170 0.90 hypothetical protein MN116_008388 [Schistosoma mekongi]
KAK4471701.1         -            397 412930at33208        -            279   3.7e-08   31.8   0.2   1   1   3.7e-10   8.4e-08   30.6   0.2    20    89    43   121    28   130 0.80 hypothetical protein MN116_005103 [Schistosoma mekongi]
KAK4468265.1         -            351 412930at33208        -            279     1e-05   23.8   2.0   1   2   7.3e-08   1.7e-05   23.1   0.3    25    78    12    66     3    77 0.78 hypothetical protein MN116_008419 [Schistosoma mekongi]
KAK4468265.1         -            351 412930at33208        -            279     1e-05   23.8   2.0   2   2      0.26        59    1.6   0.5   120   189    55   128    47   181 0.58 hypothetical protein MN116_008419 [Schistosoma mekongi]
KAK4474022.1         -           1314 412930at33208        -            279   1.9e-05   22.9   0.4   1   3   7.9e-05     0.018   13.2   0.1   171   271   276   388   249   395 0.71 hypothetical protein MN116_003336 [Schistosoma mekongi]
KAK4474022.1         -           1314 412930at33208        -            279   1.9e-05   22.9   0.4   2   3      0.96   2.2e+02   -0.2   0.0   246   272   454   480   451   483 0.90 hypothetical protein MN116_003336 [Schistosoma mekongi]
KAK4474022.1         -           1314 412930at33208        -            279   1.9e-05   22.9   0.4   3   3     0.025       5.8    4.9   0.1   228   259  1205  1236  1195  1245 0.83 hypothetical protein MN116_003336 [Schistosoma mekongi]
KAK4473012.1         -            110 412930at33208        -            279   0.00033   18.8   0.0   1   1   1.7e-06    0.0004   18.6   0.0    30    75    61   106    55   110 0.86 hypothetical protein MN116_004207 [Schistosoma mekongi]
KAK4467819.1         -           2635 412930at33208        -            279   0.00057   18.1   0.1   1   1   4.6e-06     0.001   17.2   0.1    36    85  1660  1707  1653  1749 0.80 hypothetical protein MN116_008743 [Schistosoma mekongi]
KAK4467453.1         -            989 412930at33208        -            279   0.00082   17.5  12.3   1   3   0.00028     0.063   11.4   3.0   225   276    11    61     5    64 0.87 hypothetical protein MN116_009036 [Schistosoma mekongi]
KAK4467453.1         -            989 412930at33208        -            279   0.00082   17.5  12.3   2   3    0.0017      0.39    8.8   0.2   224   276    62   110    58   112 0.72 hypothetical protein MN116_009036 [Schistosoma mekongi]
KAK4467453.1         -            989 412930at33208        -            279   0.00082   17.5  12.3   3   3      0.11        25    2.8   0.5   152   233   740   820   714   828 0.68 hypothetical protein MN116_009036 [Schistosoma mekongi]
KAK4468334.1         -           1513 412930at33208        -            279     0.004   15.3   0.0   1   1   4.3e-05    0.0099   14.0   0.0   223   267   803   844   760   849 0.82 hypothetical protein MN116_008129 [Schistosoma mekongi]
KAK4468444.1         -            154 412930at33208        -            279     0.012   13.7   0.0   1   1   6.6e-05     0.015   13.4   0.0   177   246    32   103     9   109 0.81 hypothetical protein MN116_007650 [Schistosoma mekongi]
#
# Program:         hmmsearch
# Version:         3.4 (Aug 2023)
# Pipeline mode:   SEARCH
# Query file:      /users/40483456/busco_datasets/busco_downloads/lineages/metazoa_odb10/hmms/412930at33208.hmm
# Target file:     /users/40483456/protein/s.mekongi.faa
# Option settings: hmmsearch --domtblout /users/40483456/busco/results_pro/s.mekongi_busco/run_metazoa_odb10/hmmer_output/initial_run_results/412930at33208.out --cpu 1 /users/40483456/busco_datasets/busco_downloads/lineages/metazoa_odb10/hmms/412930at33208.hmm /users/40483456/protein/s.mekongi.faa 
# Current dir:     /users/40483456
# Date:            Thu Jan 15 18:04:15 2026
# [ok]
