#                                                                            --- full sequence --- -------------- this domain -------------   hmm coord   ali coord   env coord
# target name        accession   tlen query name           accession   qlen   E-value  score  bias   #  of  c-Evalue  i-Evalue  score  bias  from    to  from    to  from    to  acc description of target
#------------------- ---------- ----- -------------------- ---------- ----- --------- ------ ----- --- --- --------- --------- ------ ----- ----- ----- ----- ----- ----- ----- ---- ---------------------
KAK4474564.1         -            282 445031at33208        -            313   1.9e-20   72.3   0.1   1   1   1.3e-22   2.8e-20   71.8   0.1   247   306     7    65     3    71 0.94 hypothetical protein MN116_001707 [Schistosoma mekongi]
KAK4475663.1         -            271 445031at33208        -            313   2.3e-20   72.0   0.2   1   1   1.5e-22   3.4e-20   71.5   0.2   246   306     6    65     2    71 0.94 hypothetical protein MN116_000932 [Schistosoma mekongi]
KAK4475665.1         -            271 445031at33208        -            313   2.4e-20   72.0   0.2   1   1   1.6e-22   3.6e-20   71.4   0.2   246   306     6    65     2    71 0.94 hypothetical protein MN116_000934 [Schistosoma mekongi]
KAK4475426.1         -            957 445031at33208        -            313   5.4e-20   70.8   0.0   1   2   9.1e-22     2e-19   68.9   0.0   246   308    20    79     9    82 0.92 hypothetical protein MN116_002481 [Schistosoma mekongi]
KAK4475426.1         -            957 445031at33208        -            313   5.4e-20   70.8   0.0   2   2         8   1.8e+03   -3.1   0.0   131   175   247   290   240   322 0.67 hypothetical protein MN116_002481 [Schistosoma mekongi]
KAK4471806.1         -            192 445031at33208        -            313   6.2e-18   64.1   0.1   1   1   3.9e-20   8.7e-18   63.6   0.1   239   308    22    88    11    91 0.91 hypothetical protein MN116_005200 [Schistosoma mekongi]
KAK4473663.1         -            488 445031at33208        -            313   1.8e-16   59.3   3.9   1   1   1.4e-18   3.2e-16   58.5   3.9   206   308   341   443   318   446 0.85 hypothetical protein MN116_003013 [Schistosoma mekongi]
KAK4471812.1         -            468 445031at33208        -            313   2.6e-16   58.7   0.2   1   1   1.9e-18   4.1e-16   58.1   0.2   245   309    36    98    15   101 0.91 hypothetical protein MN116_005206 [Schistosoma mekongi]
KAK4475881.1         -            334 445031at33208        -            313     4e-15   54.8   0.4   1   1   2.9e-17   6.5e-15   54.1   0.4   245   306     4    62     2    67 0.93 hypothetical protein MN116_001128 [Schistosoma mekongi]
KAK4471086.1         -            202 445031at33208        -            313   4.2e-15   54.8   2.3   1   2   3.2e-17   7.1e-15   54.0   0.7   242   307    22    85    12    91 0.89 hypothetical protein MN116_004554 [Schistosoma mekongi]
KAK4471086.1         -            202 445031at33208        -            313   4.2e-15   54.8   2.3   2   2      0.82   1.8e+02    0.1   0.0   157   198   102   143    91   165 0.80 hypothetical protein MN116_004554 [Schistosoma mekongi]
KAK4470387.1         -            471 445031at33208        -            313     8e-15   53.8   1.3   1   2       2.2     5e+02   -1.3   0.0   269   284   221   236   170   250 0.81 hypothetical protein MN116_005947 [Schistosoma mekongi]
KAK4470387.1         -            471 445031at33208        -            313     8e-15   53.8   1.3   2   2   3.6e-17     8e-15   53.8   1.3   234   310   355   434   324   436 0.83 hypothetical protein MN116_005947 [Schistosoma mekongi]
KAK4470907.1         -            533 445031at33208        -            313   3.5e-14   51.7   0.2   1   1   3.6e-16   7.9e-14   50.6   0.2   242   308    37   104     7   107 0.89 hypothetical protein MN116_006417 [Schistosoma mekongi]
KAK4467279.1         -            161 445031at33208        -            313   3.8e-14   51.6   0.0   1   1   2.1e-16   4.7e-14   51.3   0.0   231   310    20    97     5   100 0.82 hypothetical protein MN116_008999 [Schistosoma mekongi]
KAK4476261.1         -            348 445031at33208        -            313   3.9e-14   51.6   0.5   1   1   3.1e-16   6.8e-14   50.8   0.5   229   309    84   162    68   164 0.86 hypothetical protein MN116_001467 [Schistosoma mekongi]
KAK4474131.1         -            197 445031at33208        -            313   5.8e-14   51.0   0.9   1   2     8e-16   1.8e-13   49.4   0.0   234   305    14    80     2    86 0.88 hypothetical protein MN116_003434 [Schistosoma mekongi]
KAK4474131.1         -            197 445031at33208        -            313   5.8e-14   51.0   0.9   2   2      0.91     2e+02   -0.0   0.2   152   190   112   151   107   178 0.51 hypothetical protein MN116_003434 [Schistosoma mekongi]
KAK4472822.1         -            371 445031at33208        -            313   1.6e-13   49.6   0.0   1   1   1.2e-15   2.6e-13   48.9   0.0   244   307    24    85     3    90 0.90 hypothetical protein MN116_004038 [Schistosoma mekongi]
KAK4472873.1         -            401 445031at33208        -            313   2.8e-13   48.8   0.0   1   1     2e-15   4.3e-13   48.1   0.0   243   306     4    62     2    66 0.92 hypothetical protein MN116_004084 [Schistosoma mekongi]
KAK4472082.1         -            206 445031at33208        -            313   6.8e-13   47.5   0.0   1   1   6.7e-15   1.5e-12   46.4   0.0   245   305    12    70     5    76 0.87 hypothetical protein MN116_005453 [Schistosoma mekongi]
KAK4470833.1         -            195 445031at33208        -            313   1.2e-11   43.4   0.0   1   2   2.4e-13   5.4e-11   41.3   0.0   237   308    22    90    14    93 0.88 hypothetical protein MN116_006349 [Schistosoma mekongi]
KAK4470833.1         -            195 445031at33208        -            313   1.2e-11   43.4   0.0   2   2       1.2   2.7e+02   -0.5   0.0    56    93   127   166   124   182 0.64 hypothetical protein MN116_006349 [Schistosoma mekongi]
KAK4475009.1         -            243 445031at33208        -            313   2.1e-11   42.6   0.1   1   1   1.5e-13   3.3e-11   42.0   0.1   243   307    46   109    13   114 0.89 hypothetical protein MN116_000757 [Schistosoma mekongi]
KAK4468515.1         -            753 445031at33208        -            313     4e-11   41.7   0.2   1   1   3.5e-13   7.7e-11   40.8   0.2   247   306     5    61     2    68 0.92 hypothetical protein MN116_007714 [Schistosoma mekongi]
KAK4472323.1         -            527 445031at33208        -            313   4.3e-11   41.6   0.0   1   1   4.3e-13   9.5e-11   40.5   0.0   233   307    23    94     7    98 0.81 hypothetical protein MN116_003587 [Schistosoma mekongi]
KAK4472045.1         -            274 445031at33208        -            313   6.3e-11   41.1   0.5   1   2   2.8e-13   6.3e-11   41.1   0.5   242   306    13    77     2    82 0.91 hypothetical protein MN116_005420 [Schistosoma mekongi]
KAK4472045.1         -            274 445031at33208        -            313   6.3e-11   41.1   0.5   2   2       2.6   5.8e+02   -1.5   0.3   226   226   156   156   100   239 0.55 hypothetical protein MN116_005420 [Schistosoma mekongi]
KAK4475880.1         -            324 445031at33208        -            313   7.6e-11   40.8   1.0   1   1   5.2e-13   1.2e-10   40.2   1.0   254   306     3    52     1    57 0.93 hypothetical protein MN116_001127 [Schistosoma mekongi]
KAK4474784.1         -            144 445031at33208        -            313   1.5e-10   39.8   0.1   1   1   9.7e-13   2.2e-10   39.3   0.1   240   305     9    71     2    76 0.88 hypothetical protein MN116_001904 [Schistosoma mekongi]
KAK4468232.1         -            931 445031at33208        -            313   2.9e-09   35.6   0.0   1   1   2.8e-11   6.3e-09   34.5   0.0   247   307   108   162    60   166 0.91 hypothetical protein MN116_008388 [Schistosoma mekongi]
KAK4475846.1         -            313 445031at33208        -            313   3.5e-09   35.3   0.0   1   1   2.8e-11   6.2e-09   34.5   0.0   247   306     6    63     3    68 0.91 hypothetical protein MN116_001096 [Schistosoma mekongi]
KAK4467794.1         -            298 445031at33208        -            313   6.7e-09   34.4   0.1   1   1   7.1e-11   1.6e-08   33.2   0.1   230   296   216   282   168   290 0.75 hypothetical protein MN116_008720 [Schistosoma mekongi]
KAK4468265.1         -            351 445031at33208        -            313   1.1e-08   33.7   0.6   1   1   1.1e-10   2.4e-08   32.6   0.6   238   309     6    75     2    79 0.87 hypothetical protein MN116_008419 [Schistosoma mekongi]
KAK4474729.1         -            661 445031at33208        -            313   1.9e-08   32.9   0.0   1   1   1.7e-10   3.7e-08   32.0   0.0   235   306    37   120    31   125 0.73 hypothetical protein MN116_001854 [Schistosoma mekongi]
KAK4471701.1         -            397 445031at33208        -            313   4.4e-08   31.7   0.0   1   1   3.2e-10   7.1e-08   31.0   0.0   235   305    37   115     8   121 0.81 hypothetical protein MN116_005103 [Schistosoma mekongi]
KAK4472599.1         -            289 445031at33208        -            313   6.1e-07   28.0   0.5   1   1   5.4e-09   1.2e-06   27.0   0.5   247   309     6    66     3    70 0.90 hypothetical protein MN116_003837 [Schistosoma mekongi]
KAK4472255.1         -            152 445031at33208        -            313     1e-06   27.2   0.0   1   1   5.7e-09   1.3e-06   26.9   0.0   245   308     3    62     1    65 0.92 hypothetical protein MN116_003525 [Schistosoma mekongi]
KAK4474422.1         -            507 445031at33208        -            313   6.9e-06   24.5   0.4   1   1   5.8e-08   1.3e-05   23.6   0.0   225   298    15    95     5   106 0.80 hypothetical protein MN116_001579, partial [Schistosoma mekongi]
KAK4472046.1         -            210 445031at33208        -            313   1.5e-05   23.4   1.1   1   2   6.7e-08   1.5e-05   23.4   1.1   258   306    11    59     2    64 0.88 hypothetical protein MN116_005419 [Schistosoma mekongi]
KAK4472046.1         -            210 445031at33208        -            313   1.5e-05   23.4   1.1   2   2       7.8   1.7e+03   -3.1   0.3   278   300   171   193   122   202 0.68 hypothetical protein MN116_005419 [Schistosoma mekongi]
KAK4467819.1         -           2635 445031at33208        -            313   3.6e-05   22.2   0.0   1   1   3.4e-07   7.5e-05   21.1   0.0   252   305  1657  1705  1615  1711 0.84 hypothetical protein MN116_008743 [Schistosoma mekongi]
KAK4473012.1         -            110 445031at33208        -            313   0.00013   20.3   0.1   1   2       7.5   1.7e+03   -3.1   0.0   108   124     4    20     2    30 0.77 hypothetical protein MN116_004207 [Schistosoma mekongi]
KAK4473012.1         -            110 445031at33208        -            313   0.00013   20.3   0.1   2   2   1.1e-06   0.00023   19.5   0.0   241   301    53   107    43   110 0.78 hypothetical protein MN116_004207 [Schistosoma mekongi]
KAK4474514.1         -            344 445031at33208        -            313   0.00016   20.0   6.8   1   1   1.1e-06   0.00025   19.4   6.8     8    53   100   145    97   147 0.94 hypothetical protein MN116_001661 [Schistosoma mekongi]
KAK4475088.1         -            274 445031at33208        -            313   0.00017   19.9   3.9   1   1   1.1e-06   0.00025   19.4   3.9     3    58   210   266   208   268 0.92 hypothetical protein MN116_002180 [Schistosoma mekongi]
KAK4474498.1         -           1456 445031at33208        -            313    0.0034   15.6   0.0   1   1   2.7e-05     0.006   14.8   0.0   251   297  1403  1450  1399  1455 0.82 hypothetical protein MN116_001647 [Schistosoma mekongi]
KAK4473417.1         -            276 445031at33208        -            313     0.027   12.7   0.0   1   1   0.00022     0.049   11.8   0.0   214   306    54   152    18   155 0.79 hypothetical protein MN116_002789 [Schistosoma mekongi]
KAK4471649.1         -            199 445031at33208        -            313      0.25    9.5   8.9   1   1    0.0016      0.36    9.0   8.9     6    52   135   181   131   184 0.93 hypothetical protein MN116_005057 [Schistosoma mekongi]
#
# Program:         hmmsearch
# Version:         3.4 (Aug 2023)
# Pipeline mode:   SEARCH
# Query file:      /users/40483456/busco_datasets/busco_downloads/lineages/metazoa_odb10/hmms/445031at33208.hmm
# Target file:     /users/40483456/protein/s.mekongi.faa
# Option settings: hmmsearch --domtblout /users/40483456/busco/results_pro/s.mekongi_busco/run_metazoa_odb10/hmmer_output/initial_run_results/445031at33208.out --cpu 1 /users/40483456/busco_datasets/busco_downloads/lineages/metazoa_odb10/hmms/445031at33208.hmm /users/40483456/protein/s.mekongi.faa 
# Current dir:     /users/40483456
# Date:            Thu Jan 15 18:04:16 2026
# [ok]
