#                                                                            --- full sequence --- -------------- this domain -------------   hmm coord   ali coord   env coord
# target name        accession   tlen query name           accession   qlen   E-value  score  bias   #  of  c-Evalue  i-Evalue  score  bias  from    to  from    to  from    to  acc description of target
#------------------- ---------- ----- -------------------- ---------- ----- --------- ------ ----- --- --- --------- --------- ------ ----- ----- ----- ----- ----- ----- ----- ---- ---------------------
KAK4470252.1         -            525 557834at33208        -            378   5.5e-53  179.5   0.0   1   2   4.5e-27   2.3e-24   85.3   0.3    22   137    87   214    69   221 0.82 hypothetical protein MN116_005824 [Schistosoma mekongi]
KAK4470252.1         -            525 557834at33208        -            378   5.5e-53  179.5   0.0   2   2   4.7e-29   2.4e-26   91.8   0.0   188   307   307   427   296   441 0.90 hypothetical protein MN116_005824 [Schistosoma mekongi]
KAK4471421.1         -            391 557834at33208        -            378   5.2e-10   38.0   3.7   1   1   1.6e-12   8.1e-10   37.4   3.7    57   107    46    95    41   101 0.90 hypothetical protein MN116_004850 [Schistosoma mekongi]
KAK4471512.1         -            814 557834at33208        -            378   2.2e-06   26.1   0.7   1   1   4.3e-09   2.2e-06   26.1   0.7    58   107   742   789   736   805 0.78 hypothetical protein MN116_004933 [Schistosoma mekongi]
KAK4475637.1         -            236 557834at33208        -            378   3.2e-06   25.5   0.5   1   1   8.5e-09   4.3e-06   25.1   0.5    58   106    60   109    55   138 0.87 hypothetical protein MN116_000908 [Schistosoma mekongi]
KAK4469379.1         -            608 557834at33208        -            378   6.7e-06   24.5   2.1   1   1   2.1e-08   1.1e-05   23.8   2.1    56   122    53   123    50   163 0.84 hypothetical protein MN116_006936 [Schistosoma mekongi]
KAK4469587.1         -            291 557834at33208        -            378   6.4e-05   21.3   2.7   1   2   1.3e-07   6.4e-05   21.3   2.7    54   104     3    49     1    71 0.84 hypothetical protein MN116_007124 [Schistosoma mekongi]
KAK4469587.1         -            291 557834at33208        -            378   6.4e-05   21.3   2.7   2   2       2.7   1.3e+03   -2.8   0.0   280   318   146   185   140   222 0.63 hypothetical protein MN116_007124 [Schistosoma mekongi]
KAK4470784.1         -           1000 557834at33208        -            378   0.00019   19.7   0.7   1   1     7e-07   0.00035   18.8   0.7    67   107    31    67    18   110 0.83 hypothetical protein MN116_006306 [Schistosoma mekongi]
KAK4469559.1         -            246 557834at33208        -            378   0.00053   18.2   1.3   1   1   1.5e-06   0.00076   17.7   1.3    58   108    21    68     8   100 0.81 hypothetical protein MN116_007099 [Schistosoma mekongi]
KAK4468579.1         -            202 557834at33208        -            378    0.0013   17.0   1.8   1   1   3.1e-06    0.0016   16.7   1.8    55   107    77   125    58   188 0.86 hypothetical protein MN116_007772 [Schistosoma mekongi]
KAK4470117.1         -            469 557834at33208        -            378    0.0033   15.6   3.3   1   1   1.2e-05    0.0061   14.8   3.3    57   105    43    89    39    98 0.76 hypothetical protein MN116_005701 [Schistosoma mekongi]
KAK4470236.1         -            354 557834at33208        -            378    0.0039   15.4   6.3   1   1   1.2e-05    0.0059   14.8   6.3    59   110    18    66    14    97 0.81 hypothetical protein MN116_005810 [Schistosoma mekongi]
KAK4469412.1         -            125 557834at33208        -            378      0.02   13.0   3.7   1   1   5.3e-05     0.027   12.7   3.7    52   107    59   110    49   118 0.83 hypothetical protein MN116_006967 [Schistosoma mekongi]
KAK4474801.1         -            681 557834at33208        -            378       0.1   10.7   3.1   1   1   0.00033      0.17   10.0   3.1    58   106   333   379   329   389 0.85 hypothetical protein MN116_001919 [Schistosoma mekongi]
KAK4469469.1         -           1064 557834at33208        -            378      0.21    9.7   6.4   1   1    0.0009      0.45    8.6   6.4    36    90   216   271   209   296 0.76 hypothetical protein MN116_007019 [Schistosoma mekongi]
KAK4476132.1         -            278 557834at33208        -            378      0.23    9.6   4.2   1   1   0.00094      0.47    8.5   4.2    58   109    36    83    33    99 0.77 hypothetical protein MN116_001351 [Schistosoma mekongi]
KAK4474960.1         -            603 557834at33208        -            378      0.34    9.0   5.8   1   1    0.0012      0.58    8.2   5.8    55   105   443   486   423   490 0.85 hypothetical protein MN116_002063 [Schistosoma mekongi]
KAK4472900.1         -            253 557834at33208        -            378       1.3    7.1   7.5   1   2   0.00038      0.19    9.8   3.4    57   105     3    48     1    69 0.80 hypothetical protein MN116_004107 [Schistosoma mekongi]
KAK4472900.1         -            253 557834at33208        -            378       1.3    7.1   7.5   2   2       1.3   6.5e+02   -1.8   0.1   316   364   148   196   119   205 0.51 hypothetical protein MN116_004107 [Schistosoma mekongi]
KAK4473715.1         -           1727 557834at33208        -            378       2.2    6.3  11.7   1   2       1.5   7.5e+02   -2.0   0.8   278   295  1161  1178  1142  1218 0.57 hypothetical protein MN116_003059 [Schistosoma mekongi]
KAK4473715.1         -           1727 557834at33208        -            378       2.2    6.3  11.7   2   2   0.00013     0.065   11.4   4.3    57   109  1413  1470  1409  1484 0.84 hypothetical protein MN116_003059 [Schistosoma mekongi]
#
# Program:         hmmsearch
# Version:         3.4 (Aug 2023)
# Pipeline mode:   SEARCH
# Query file:      /users/40483456/busco_datasets/busco_downloads/lineages/metazoa_odb10/hmms/557834at33208.hmm
# Target file:     /users/40483456/protein/s.mekongi.faa
# Option settings: hmmsearch --domtblout /users/40483456/busco/results_pro/s.mekongi_busco/run_metazoa_odb10/hmmer_output/initial_run_results/557834at33208.out --cpu 1 /users/40483456/busco_datasets/busco_downloads/lineages/metazoa_odb10/hmms/557834at33208.hmm /users/40483456/protein/s.mekongi.faa 
# Current dir:     /users/40483456
# Date:            Thu Jan 15 18:04:29 2026
# [ok]
