#                                                                            --- full sequence --- -------------- this domain -------------   hmm coord   ali coord   env coord
# target name        accession   tlen query name           accession   qlen   E-value  score  bias   #  of  c-Evalue  i-Evalue  score  bias  from    to  from    to  from    to  acc description of target
#------------------- ---------- ----- -------------------- ---------- ----- --------- ------ ----- --- --- --------- --------- ------ ----- ----- ----- ----- ----- ----- ----- ---- ---------------------
KAK4475309.1         -            722 560566at33208        -            170   5.3e-19   67.5   1.0   1   4    0.0098       2.4    6.8   0.0    94   162    24   103     7   111 0.73 hypothetical protein MN116_002377 [Schistosoma mekongi]
KAK4475309.1         -            722 560566at33208        -            170   5.3e-19   67.5   1.0   2   4   4.1e-07    0.0001   21.0   0.2    94   150   112   175   106   195 0.79 hypothetical protein MN116_002377 [Schistosoma mekongi]
KAK4475309.1         -            722 560566at33208        -            170   5.3e-19   67.5   1.0   3   4   3.6e-06    0.0009   18.0   0.1    97   166   206   285   192   289 0.71 hypothetical protein MN116_002377 [Schistosoma mekongi]
KAK4475309.1         -            722 560566at33208        -            170   5.3e-19   67.5   1.0   4   4   2.6e-06   0.00063   18.5   0.4    56   153   272   376   267   392 0.68 hypothetical protein MN116_002377 [Schistosoma mekongi]
KAK4472302.1         -            501 560566at33208        -            170   1.3e-11   43.4  14.6   1   4      0.31        75    1.9   0.2     2    31    26    55    25    61 0.89 hypothetical protein MN116_003568 [Schistosoma mekongi]
KAK4472302.1         -            501 560566at33208        -            170   1.3e-11   43.4  14.6   2   4     1e-06   0.00026   19.7   8.6    20    75    61   114    55   127 0.74 hypothetical protein MN116_003568 [Schistosoma mekongi]
KAK4472302.1         -            501 560566at33208        -            170   1.3e-11   43.4  14.6   3   4     1e-07   2.6e-05   23.0   0.0    88   154   212   285   194   295 0.79 hypothetical protein MN116_003568 [Schistosoma mekongi]
KAK4472302.1         -            501 560566at33208        -            170   1.3e-11   43.4  14.6   4   4       5.1   1.3e+03   -2.0   0.0    49    84   338   375   318   384 0.65 hypothetical protein MN116_003568 [Schistosoma mekongi]
KAK4470393.1         -            716 560566at33208        -            170   8.6e-11   40.8   2.4   1   2   0.00032     0.078   11.7   0.1    93   141   167   223   119   242 0.80 hypothetical protein MN116_005951 [Schistosoma mekongi]
KAK4470393.1         -            716 560566at33208        -            170   8.6e-11   40.8   2.4   2   2   2.4e-09   5.9e-07   28.3   0.4    76   141   250   322   235   328 0.83 hypothetical protein MN116_005951 [Schistosoma mekongi]
KAK4472246.1         -            952 560566at33208        -            170   2.7e-10   39.2   8.1   1   3    0.0017      0.41    9.3   0.0   114   140   136   162    84   194 0.83 hypothetical protein MN116_002659 [Schistosoma mekongi]
KAK4472246.1         -            952 560566at33208        -            170   2.7e-10   39.2   8.1   2   3   9.4e-06    0.0023   16.6   0.1    99   144   694   747   688   757 0.68 hypothetical protein MN116_002659 [Schistosoma mekongi]
KAK4472246.1         -            952 560566at33208        -            170   2.7e-10   39.2   8.1   3   3   5.7e-06    0.0014   17.3   0.0   111   148   750   790   747   798 0.80 hypothetical protein MN116_002659 [Schistosoma mekongi]
KAK4472727.1         -            503 560566at33208        -            170   2.9e-09   35.9   0.1   1   2   1.3e-09   3.1e-07   29.2   0.1    28   141    26   144    24   162 0.78 hypothetical protein MN116_003953 [Schistosoma mekongi]
KAK4472727.1         -            503 560566at33208        -            170   2.9e-09   35.9   0.1   2   2     0.099        24    3.5   0.0    88   140   180   241   158   250 0.71 hypothetical protein MN116_003953 [Schistosoma mekongi]
KAK4469355.1         -            543 560566at33208        -            170   4.8e-09   35.1   0.1   1   3    0.0017      0.42    9.3   0.0    93   155    17    90    11    99 0.74 hypothetical protein MN116_006915 [Schistosoma mekongi]
KAK4469355.1         -            543 560566at33208        -            170   4.8e-09   35.1   0.1   2   3      0.26        63    2.2   0.0    94   137   104   155    91   160 0.75 hypothetical protein MN116_006915 [Schistosoma mekongi]
KAK4469355.1         -            543 560566at33208        -            170   4.8e-09   35.1   0.1   3   3   1.2e-06    0.0003   19.5   0.0    93   142   397   454   375   476 0.76 hypothetical protein MN116_006915 [Schistosoma mekongi]
KAK4469381.1         -           2294 560566at33208        -            170   1.8e-07   30.0   0.8   1   3   1.2e-07     3e-05   22.8   0.1    27   141  1812  1931  1804  1954 0.78 hypothetical protein MN116_006938 [Schistosoma mekongi]
KAK4469381.1         -           2294 560566at33208        -            170   1.8e-07   30.0   0.8   2   3      0.73   1.8e+02    0.7   0.0    92   139  1971  2027  1946  2039 0.73 hypothetical protein MN116_006938 [Schistosoma mekongi]
KAK4469381.1         -           2294 560566at33208        -            170   1.8e-07   30.0   0.8   3   3      0.25        61    2.2   0.0   116   149  2247  2280  2210  2284 0.79 hypothetical protein MN116_006938 [Schistosoma mekongi]
KAK4468731.1         -            344 560566at33208        -            170     3e-07   29.3   0.1   1   2   0.00028      0.07   11.8   0.0    82   139     7    77     3    95 0.80 hypothetical protein MN116_007908 [Schistosoma mekongi]
KAK4468731.1         -            344 560566at33208        -            170     3e-07   29.3   0.1   2   2   2.9e-05    0.0071   15.0   0.0    94   151   111   180    99   193 0.73 hypothetical protein MN116_007908 [Schistosoma mekongi]
KAK4474577.1         -            745 560566at33208        -            170   5.5e-07   28.4   0.4   1   3   0.00062      0.15   10.7   0.0   117   149   122   157    44   168 0.77 hypothetical protein MN116_000719 [Schistosoma mekongi]
KAK4474577.1         -            745 560566at33208        -            170   5.5e-07   28.4   0.4   2   3    0.0012      0.29    9.8   0.0    94   142   177   233   160   238 0.79 hypothetical protein MN116_000719 [Schistosoma mekongi]
KAK4474577.1         -            745 560566at33208        -            170   5.5e-07   28.4   0.4   3   3     0.071        18    4.0   0.1   118   145   674   701   653   719 0.86 hypothetical protein MN116_000719 [Schistosoma mekongi]
KAK4474755.1         -            463 560566at33208        -            170   9.8e-07   27.6   0.0   1   2     0.053        13    4.4   0.0    81   152    97   185    68   201 0.66 hypothetical protein MN116_000735 [Schistosoma mekongi]
KAK4474755.1         -            463 560566at33208        -            170   9.8e-07   27.6   0.0   2   2   5.9e-07   0.00015   20.5   0.0    91   141   211   269   205   285 0.81 hypothetical protein MN116_000735 [Schistosoma mekongi]
KAK4467768.1         -            710 560566at33208        -            170   1.5e-06   27.0   0.0   1   2     0.007       1.7    7.3   0.0    96   140   230   281   188   290 0.76 hypothetical protein MN116_008697 [Schistosoma mekongi]
KAK4467768.1         -            710 560566at33208        -            170   1.5e-06   27.0   0.0   2   2   7.6e-06    0.0019   16.9   0.0    99   148   640   700   600   708 0.73 hypothetical protein MN116_008697 [Schistosoma mekongi]
KAK4473534.1         -            535 560566at33208        -            170   4.1e-06   25.6   0.1   1   2   2.3e-05    0.0055   15.4   0.0   101   160    37   103    31   109 0.79 hypothetical protein MN116_002894 [Schistosoma mekongi]
KAK4473534.1         -            535 560566at33208        -            170   4.1e-06   25.6   0.1   2   2    0.0048       1.2    7.8   0.0    94   150   128   192   122   203 0.77 hypothetical protein MN116_002894 [Schistosoma mekongi]
KAK4470079.1         -            313 560566at33208        -            170   6.3e-06   25.0   0.0   1   2   0.00088      0.22   10.2   0.0    95   156    29   102    12   110 0.73 hypothetical protein MN116_006543 [Schistosoma mekongi]
KAK4470079.1         -            313 560566at33208        -            170   6.3e-06   25.0   0.0   2   2    0.0002     0.049   12.3   0.0    94   134   119   167   115   205 0.66 hypothetical protein MN116_006543 [Schistosoma mekongi]
KAK4475346.1         -            273 560566at33208        -            170   7.7e-06   24.7   0.1   1   2    0.0048       1.2    7.8   0.1    59   117    82   140    73   174 0.75 hypothetical protein MN116_002410, partial [Schistosoma mekongi]
KAK4475346.1         -            273 560566at33208        -            170   7.7e-06   24.7   0.1   2   2     3e-05    0.0074   15.0   0.0    94   130   204   243   178   262 0.84 hypothetical protein MN116_002410, partial [Schistosoma mekongi]
KAK4474705.1         -            525 560566at33208        -            170   0.00016   20.4   0.0   1   1     1e-06   0.00026   19.7   0.0    93   137   258   304   230   329 0.83 hypothetical protein MN116_001832 [Schistosoma mekongi]
KAK4475139.1         -            297 560566at33208        -            170    0.0002   20.1   0.0   1   1   1.8e-06   0.00043   19.0   0.0    99   152    27    86     7   105 0.80 hypothetical protein MN116_002225 [Schistosoma mekongi]
KAK4475337.1         -            507 560566at33208        -            170   0.00024   19.8   0.0   1   2       0.4        99    1.6   0.0    95   115   120   140    82   161 0.81 hypothetical protein MN116_002402 [Schistosoma mekongi]
KAK4475337.1         -            507 560566at33208        -            170   0.00024   19.8   0.0   2   2   1.7e-05    0.0041   15.8   0.0    93   134   205   249   181   282 0.74 hypothetical protein MN116_002402 [Schistosoma mekongi]
KAK4468697.1         -            607 560566at33208        -            170   0.00042   19.0   0.1   1   1   3.6e-06    0.0009   18.0   0.1    77   134    13    70     6   105 0.82 hypothetical protein MN116_007878 [Schistosoma mekongi]
KAK4476044.1         -            809 560566at33208        -            170   0.00044   19.0   0.1   1   2       9.2   2.3e+03   -2.9   0.0    64   122    34    93    22   103 0.61 hypothetical protein MN116_001273 [Schistosoma mekongi]
KAK4476044.1         -            809 560566at33208        -            170   0.00044   19.0   0.1   2   2   5.4e-06    0.0013   17.4   0.0    96   142   286   338   276   365 0.75 hypothetical protein MN116_001273 [Schistosoma mekongi]
KAK4470552.1         -            293 560566at33208        -            170   0.00095   17.9   0.1   1   2     0.036       8.8    5.0   0.0    96   149    27    92    21   106 0.64 hypothetical protein MN116_006095 [Schistosoma mekongi]
KAK4470552.1         -            293 560566at33208        -            170   0.00095   17.9   0.1   2   2   0.00063      0.15   10.7   0.2    93   134   114   163    99   197 0.71 hypothetical protein MN116_006095 [Schistosoma mekongi]
KAK4471109.1         -            169 560566at33208        -            170    0.0013   17.5   0.0   1   1   6.5e-06    0.0016   17.1   0.0    95   149    22    82     6    97 0.81 hypothetical protein MN116_005507 [Schistosoma mekongi]
KAK4472899.1         -            281 560566at33208        -            170    0.0015   17.2   0.0   1   1   8.5e-06    0.0021   16.8   0.0    99   139    18    58    13    74 0.85 hypothetical protein MN116_004106 [Schistosoma mekongi]
KAK4473538.1         -            538 560566at33208        -            170    0.0019   16.9   0.0   1   2    0.0015      0.36    9.5   0.0   101   134    71   106    65   143 0.81 hypothetical protein MN116_002897 [Schistosoma mekongi]
KAK4473538.1         -            538 560566at33208        -            170    0.0019   16.9   0.0   2   2     0.041        10    4.8   0.0   106   149   174   225   160   246 0.75 hypothetical protein MN116_002897 [Schistosoma mekongi]
KAK4468518.1         -            951 560566at33208        -            170     0.002   16.8   0.8   1   1   1.8e-05    0.0045   15.7   0.6    94   140   299   351   256   355 0.83 hypothetical protein MN116_007717 [Schistosoma mekongi]
KAK4475485.1         -            280 560566at33208        -            170    0.0023   16.6   0.0   1   1   1.9e-05    0.0048   15.6   0.0    97   151   214   279   192   280 0.73 hypothetical protein MN116_002534 [Schistosoma mekongi]
KAK4474192.1         -            372 560566at33208        -            170    0.0023   16.6   0.0   1   1   2.4e-05    0.0058   15.3   0.0    95   142    14    61     9    77 0.87 hypothetical protein MN116_003490 [Schistosoma mekongi]
KAK4473637.1         -            345 560566at33208        -            170    0.0035   16.0   1.2   1   3       5.2   1.3e+03   -2.1   0.0    11    38    47    74    40    84 0.64 hypothetical protein MN116_002989 [Schistosoma mekongi]
KAK4473637.1         -            345 560566at33208        -            170    0.0035   16.0   1.2   2   3      0.67   1.6e+02    0.8   0.0    95   132    90   135    67   170 0.69 hypothetical protein MN116_002989 [Schistosoma mekongi]
KAK4473637.1         -            345 560566at33208        -            170    0.0035   16.0   1.2   3   3   0.00014     0.034   12.8   0.5    93   150   179   243   157   261 0.73 hypothetical protein MN116_002989 [Schistosoma mekongi]
KAK4467767.1         -            303 560566at33208        -            170    0.0044   15.7   0.0   1   1   3.3e-05    0.0082   14.8   0.0    59   140   160   253   145   267 0.78 hypothetical protein MN116_008696 [Schistosoma mekongi]
KAK4468775.1         -            953 560566at33208        -            170    0.0045   15.7   2.9   1   3       6.2   1.5e+03   -2.3   0.1   131   164   263   295   254   300 0.64 hypothetical protein MN116_007947 [Schistosoma mekongi]
KAK4468775.1         -            953 560566at33208        -            170    0.0045   15.7   2.9   2   3    0.0073       1.8    7.2   0.1    85   114   649   683   616   710 0.69 hypothetical protein MN116_007947 [Schistosoma mekongi]
KAK4468775.1         -            953 560566at33208        -            170    0.0045   15.7   2.9   3   3    0.0074       1.8    7.2   0.0    94   144   789   846   781   871 0.77 hypothetical protein MN116_007947 [Schistosoma mekongi]
KAK4476274.1         -            273 560566at33208        -            170    0.0051   15.5   0.0   1   1   3.2e-05    0.0079   14.9   0.0   118   150    13    48     4    66 0.80 hypothetical protein MN116_001479 [Schistosoma mekongi]
KAK4468135.1         -            333 560566at33208        -            170    0.0073   15.0   0.0   1   1     7e-05     0.017   13.8   0.0    98   139    77   123    46   154 0.75 hypothetical protein MN116_008301 [Schistosoma mekongi]
KAK4468675.1         -            844 560566at33208        -            170     0.014   14.1   0.1   1   1   0.00013     0.033   12.9   0.1    85   141   160   222   118   251 0.62 hypothetical protein MN116_007858 [Schistosoma mekongi]
KAK4473634.1         -            462 560566at33208        -            170     0.016   13.9   0.0   1   1   0.00011     0.026   13.2   0.0    93   136    15    58    10    67 0.88 hypothetical protein MN116_002986 [Schistosoma mekongi]
KAK4467609.1         -            514 560566at33208        -            170     0.024   13.3   0.0   1   1   0.00016      0.04   12.6   0.0   117   141   137   161   118   187 0.71 hypothetical protein MN116_008460 [Schistosoma mekongi]
KAK4468335.1         -            390 560566at33208        -            170     0.033   12.9   0.1   1   2       8.2     2e+03   -2.7   0.0    96   114    72    90    69   119 0.55 hypothetical protein MN116_008130 [Schistosoma mekongi]
KAK4468335.1         -            390 560566at33208        -            170     0.033   12.9   0.1   2   2   0.00039     0.096   11.4   0.0    93   156   152   227   142   235 0.78 hypothetical protein MN116_008130 [Schistosoma mekongi]
KAK4471245.1         -            176 560566at33208        -            170     0.047   12.4   0.0   1   1    0.0003     0.074   11.7   0.0    94   142    81   137    22   147 0.82 hypothetical protein MN116_004691 [Schistosoma mekongi]
KAK4474737.1         -            728 560566at33208        -            170      0.14   10.8   0.0   1   2   0.00057      0.14   10.8   0.0    95   140   105   157   101   167 0.75 hypothetical protein MN116_001862 [Schistosoma mekongi]
KAK4474737.1         -            728 560566at33208        -            170      0.14   10.8   0.0   2   2       6.1   1.5e+03   -2.3   0.8     4    32   642   672   640   677 0.68 hypothetical protein MN116_001862 [Schistosoma mekongi]
#
# Program:         hmmsearch
# Version:         3.4 (Aug 2023)
# Pipeline mode:   SEARCH
# Query file:      /users/40483456/busco_datasets/busco_downloads/lineages/metazoa_odb10/hmms/560566at33208.hmm
# Target file:     /users/40483456/protein/s.mekongi.faa
# Option settings: hmmsearch --domtblout /users/40483456/busco/results_pro/s.mekongi_busco/run_metazoa_odb10/hmmer_output/initial_run_results/560566at33208.out --cpu 1 /users/40483456/busco_datasets/busco_downloads/lineages/metazoa_odb10/hmms/560566at33208.hmm /users/40483456/protein/s.mekongi.faa 
# Current dir:     /users/40483456
# Date:            Thu Jan 15 18:04:27 2026
# [ok]
