#                                                                            --- full sequence --- -------------- this domain -------------   hmm coord   ali coord   env coord
# target name        accession   tlen query name           accession   qlen   E-value  score  bias   #  of  c-Evalue  i-Evalue  score  bias  from    to  from    to  from    to  acc description of target
#------------------- ---------- ----- -------------------- ---------- ----- --------- ------ ----- --- --- --------- --------- ------ ----- ----- ----- ----- ----- ----- ----- ---- ---------------------
KAK4471128.1         -            622 601875at33208        -            245   2.6e-24   85.1   7.9   1   4   2.4e-19   5.7e-17   61.1   0.2     7    92    44   139    38   149 0.81 hypothetical protein MN116_004635 [Schistosoma mekongi]
KAK4471128.1         -            622 601875at33208        -            245   2.6e-24   85.1   7.9   2   4   3.9e-08   9.1e-06   24.4   0.0    96   150   177   235   148   242 0.86 hypothetical protein MN116_004635 [Schistosoma mekongi]
KAK4471128.1         -            622 601875at33208        -            245   2.6e-24   85.1   7.9   3   4      0.61   1.4e+02    0.8   0.2   132   171   327   366   321   396 0.87 hypothetical protein MN116_004635 [Schistosoma mekongi]
KAK4471128.1         -            622 601875at33208        -            245   2.6e-24   85.1   7.9   4   4       1.4   3.3e+02   -0.4   0.0   211   239   555   583   528   591 0.59 hypothetical protein MN116_004635 [Schistosoma mekongi]
KAK4475149.1         -            306 601875at33208        -            245   1.8e-22   79.1   1.2   1   2   4.4e-23     1e-20   73.3   0.1     2    82     9    91     8   132 0.85 hypothetical protein MN116_002234 [Schistosoma mekongi]
KAK4475149.1         -            306 601875at33208        -            245   1.8e-22   79.1   1.2   2   2     0.039         9    4.7   0.1   112   171   155   203   152   221 0.72 hypothetical protein MN116_002234 [Schistosoma mekongi]
KAK4472429.1         -            863 601875at33208        -            245     7e-16   57.5   0.1   1   2   1.4e-17   3.3e-15   55.3   0.1    10    81    80   151    72   170 0.89 hypothetical protein MN116_003683 [Schistosoma mekongi]
KAK4472429.1         -            863 601875at33208        -            245     7e-16   57.5   0.1   2   2       2.2   5.2e+02   -1.0   0.0   179   205   203   229   192   241 0.82 hypothetical protein MN116_003683 [Schistosoma mekongi]
KAK4469698.1         -           1122 601875at33208        -            245   8.3e-15   54.0   0.0   1   1   6.3e-17   1.5e-14   53.2   0.0     9    79   409   479   404   486 0.92 hypothetical protein MN116_006616 [Schistosoma mekongi]
KAK4475507.1         -            376 601875at33208        -            245   9.2e-15   53.8  14.5   1   3   6.8e-17   1.6e-14   53.0   8.2     8    81    11    85     7   209 0.84 hypothetical protein MN116_002555 [Schistosoma mekongi]
KAK4475507.1         -            376 601875at33208        -            245   9.2e-15   53.8  14.5   2   3      0.92   2.1e+02    0.2   0.0   112   138   289   315   264   320 0.71 hypothetical protein MN116_002555 [Schistosoma mekongi]
KAK4475507.1         -            376 601875at33208        -            245   9.2e-15   53.8  14.5   3   3       1.2   2.8e+02   -0.2   0.2   214   238   333   357   327   360 0.84 hypothetical protein MN116_002555 [Schistosoma mekongi]
KAK4475309.1         -            722 601875at33208        -            245   9.2e-13   47.3   4.8   1   5      0.21        48    2.3   0.0    85   135    14    72     8    78 0.74 hypothetical protein MN116_002377 [Schistosoma mekongi]
KAK4475309.1         -            722 601875at33208        -            245   9.2e-13   47.3   4.8   2   5   0.00073      0.17   10.4   0.1    85   138   102   162    95   169 0.69 hypothetical protein MN116_002377 [Schistosoma mekongi]
KAK4475309.1         -            722 601875at33208        -            245   9.2e-13   47.3   4.8   3   5   1.3e-05    0.0031   16.1   0.6    76   137   184   252   178   290 0.69 hypothetical protein MN116_002377 [Schistosoma mekongi]
KAK4475309.1         -            722 601875at33208        -            245   9.2e-13   47.3   4.8   4   5   1.4e-05    0.0032   16.0   0.1    84   135   296   354   277   392 0.81 hypothetical protein MN116_002377 [Schistosoma mekongi]
KAK4475309.1         -            722 601875at33208        -            245   9.2e-13   47.3   4.8   5   5       5.9   1.4e+03   -2.4   0.0    51    80   559   588   557   596 0.81 hypothetical protein MN116_002377 [Schistosoma mekongi]
KAK4470393.1         -            716 601875at33208        -            245   2.3e-07   29.6   0.1   1   2    0.0021      0.48    8.9   0.0    79   135   152   216   119   226 0.78 hypothetical protein MN116_005951 [Schistosoma mekongi]
KAK4470393.1         -            716 601875at33208        -            245   2.3e-07   29.6   0.1   2   2   2.7e-06   0.00062   18.4   0.0    82   135   260   315   255   330 0.89 hypothetical protein MN116_005951 [Schistosoma mekongi]
KAK4468775.1         -            953 601875at33208        -            245   5.4e-07   28.4   0.3   1   2   5.1e-06    0.0012   17.4   0.0    82   135   650   710   637   718 0.80 hypothetical protein MN116_007947 [Schistosoma mekongi]
KAK4468775.1         -            953 601875at33208        -            245   5.4e-07   28.4   0.3   2   2    0.0029      0.67    8.4   0.1    84   134   778   835   763   847 0.81 hypothetical protein MN116_007947 [Schistosoma mekongi]
KAK4472246.1         -            952 601875at33208        -            245   5.6e-07   28.3   0.8   1   2   0.00011     0.025   13.1   0.0    79   140    93   160    85   196 0.74 hypothetical protein MN116_002659 [Schistosoma mekongi]
KAK4472246.1         -            952 601875at33208        -            245   5.6e-07   28.3   0.8   2   2   0.00036     0.085   11.4   0.1    84   178   678   779   667   788 0.67 hypothetical protein MN116_002659 [Schistosoma mekongi]
KAK4473637.1         -            345 601875at33208        -            245   1.1e-06   27.4   0.4   1   2    0.0013      0.31    9.5   0.0    85   139    79   141    40   149 0.69 hypothetical protein MN116_002989 [Schistosoma mekongi]
KAK4473637.1         -            345 601875at33208        -            245   1.1e-06   27.4   0.4   2   2   1.5e-05    0.0034   15.9   0.3    93   140   179   233   159   267 0.73 hypothetical protein MN116_002989 [Schistosoma mekongi]
KAK4469355.1         -            543 601875at33208        -            245   2.3e-06   26.3   0.0   1   3     0.072        17    3.9   0.0    99   137    23    67     5    85 0.66 hypothetical protein MN116_006915 [Schistosoma mekongi]
KAK4469355.1         -            543 601875at33208        -            245   2.3e-06   26.3   0.0   2   3      0.76   1.8e+02    0.5   0.0    79   133    88   150    74   158 0.71 hypothetical protein MN116_006915 [Schistosoma mekongi]
KAK4469355.1         -            543 601875at33208        -            245   2.3e-06   26.3   0.0   3   3   3.8e-06   0.00088   17.9   0.0    75   135   380   446   376   471 0.84 hypothetical protein MN116_006915 [Schistosoma mekongi]
KAK4467768.1         -            710 601875at33208        -            245   6.3e-06   24.9   0.0   1   2   8.6e-05      0.02   13.4   0.0   103   134   243   274   193   283 0.74 hypothetical protein MN116_008697 [Schistosoma mekongi]
KAK4467768.1         -            710 601875at33208        -            245   6.3e-06   24.9   0.0   2   2     0.002      0.46    9.0   0.0   110   153   658   700   613   702 0.69 hypothetical protein MN116_008697 [Schistosoma mekongi]
KAK4472727.1         -            503 601875at33208        -            245   8.8e-06   24.4   0.1   1   2     8e-07   0.00019   20.1   0.1    83   136    77   138    39   142 0.72 hypothetical protein MN116_003953 [Schistosoma mekongi]
KAK4472727.1         -            503 601875at33208        -            245   8.8e-06   24.4   0.1   2   2      0.29        67    1.9   0.0   113   134   213   234   174   240 0.76 hypothetical protein MN116_003953 [Schistosoma mekongi]
KAK4475346.1         -            273 601875at33208        -            245   5.7e-05   21.8   0.0   1   2   0.00086       0.2   10.1   0.0    92   138   115   168    94   174 0.74 hypothetical protein MN116_002410, partial [Schistosoma mekongi]
KAK4475346.1         -            273 601875at33208        -            245   5.7e-05   21.8   0.0   2   2    0.0013      0.31    9.5   0.0    85   137   194   249   180   255 0.83 hypothetical protein MN116_002410, partial [Schistosoma mekongi]
KAK4475485.1         -            280 601875at33208        -            245     6e-05   21.7   1.3   1   1   2.7e-07   6.2e-05   21.6   0.0    78   151   194   277   187   280 0.80 hypothetical protein MN116_002534 [Schistosoma mekongi]
KAK4471109.1         -            169 601875at33208        -            245   8.8e-05   21.1   0.0   1   1   5.1e-07   0.00012   20.7   0.0    85   135    11    64     4    70 0.83 hypothetical protein MN116_005507 [Schistosoma mekongi]
KAK4468731.1         -            344 601875at33208        -            245   0.00011   20.8   0.0   1   2   0.00038     0.087   11.3   0.0    82   135    11    72     5    83 0.76 hypothetical protein MN116_007908 [Schistosoma mekongi]
KAK4468731.1         -            344 601875at33208        -            245   0.00011   20.8   0.0   2   2     0.006       1.4    7.4   0.0    86   135   102   160    86   166 0.76 hypothetical protein MN116_007908 [Schistosoma mekongi]
KAK4474755.1         -            463 601875at33208        -            245   0.00012   20.7   0.0   1   2     7e-05     0.016   13.7   0.0    81   134   101   162    98   183 0.81 hypothetical protein MN116_000735 [Schistosoma mekongi]
KAK4474755.1         -            463 601875at33208        -            245   0.00012   20.7   0.0   2   2     0.039         9    4.7   0.0    86   135   205   262   197   287 0.82 hypothetical protein MN116_000735 [Schistosoma mekongi]
KAK4470552.1         -            293 601875at33208        -            245   0.00015   20.4   0.0   1   2     0.081        19    3.7   0.0   111   139    49    77    13    87 0.84 hypothetical protein MN116_006095 [Schistosoma mekongi]
KAK4470552.1         -            293 601875at33208        -            245   0.00015   20.4   0.0   2   2   3.3e-05    0.0077   14.8   0.0    84   142   104   170    91   197 0.72 hypothetical protein MN116_006095 [Schistosoma mekongi]
KAK4472565.1         -            226 601875at33208        -            245   0.00016   20.3   0.0   1   2   5.3e-06    0.0012   17.4   0.0    84   135     6    63     2    67 0.76 hypothetical protein MN116_003805 [Schistosoma mekongi]
KAK4472565.1         -            226 601875at33208        -            245   0.00016   20.3   0.0   2   2      0.63   1.5e+02    0.8   0.0    93   136   130   173   115   192 0.79 hypothetical protein MN116_003805 [Schistosoma mekongi]
KAK4468518.1         -            951 601875at33208        -            245   0.00027   19.5   0.1   1   1   2.5e-06   0.00058   18.5   0.1    80   139   283   349   273   357 0.82 hypothetical protein MN116_007717 [Schistosoma mekongi]
KAK4475742.1         -            272 601875at33208        -            245   0.00033   19.3   0.0   1   1     2e-06   0.00046   18.8   0.0    59   147    64   162    36   166 0.72 hypothetical protein MN116_001004 [Schistosoma mekongi]
KAK4467456.1         -            272 601875at33208        -            245   0.00033   19.3   0.0   1   1     2e-06   0.00046   18.8   0.0    59   147    64   162    36   166 0.72 hypothetical protein MN116_009032 [Schistosoma mekongi]
KAK4470079.1         -            313 601875at33208        -            245   0.00039   19.0   0.2   1   2      0.19        44    2.5   0.0   109   137    50    78    10    90 0.78 hypothetical protein MN116_006543 [Schistosoma mekongi]
KAK4470079.1         -            313 601875at33208        -            245   0.00039   19.0   0.2   2   2   3.6e-05    0.0084   14.7   0.1    85   157   109   189    95   206 0.68 hypothetical protein MN116_006543 [Schistosoma mekongi]
KAK4474621.1         -            545 601875at33208        -            245   0.00085   17.9   0.0   1   2    0.0037      0.87    8.1   0.0    87   140    14    75     9    93 0.76 hypothetical protein MN116_001757 [Schistosoma mekongi]
KAK4474621.1         -            545 601875at33208        -            245   0.00085   17.9   0.0   2   2    0.0044         1    7.8   0.0    93   135   108   157    80   174 0.78 hypothetical protein MN116_001757 [Schistosoma mekongi]
KAK4469381.1         -           2294 601875at33208        -            245    0.0009   17.8   0.0   1   2   2.9e-05    0.0068   15.0   0.0    54   136  1832  1925  1824  1931 0.79 hypothetical protein MN116_006938 [Schistosoma mekongi]
KAK4469381.1         -           2294 601875at33208        -            245    0.0009   17.8   0.0   2   2       2.4   5.5e+02   -1.1   0.0   115   134  2002  2021  1958  2025 0.62 hypothetical protein MN116_006938 [Schistosoma mekongi]
KAK4473534.1         -            535 601875at33208        -            245    0.0021   16.6   0.0   1   2   5.2e-05     0.012   14.1   0.0    85   144    20    80    15   107 0.79 hypothetical protein MN116_002894 [Schistosoma mekongi]
KAK4473534.1         -            535 601875at33208        -            245    0.0021   16.6   0.0   2   2       1.5   3.5e+02   -0.5   0.0    94   133   128   169   118   174 0.65 hypothetical protein MN116_002894 [Schistosoma mekongi]
KAK4475023.1         -            210 601875at33208        -            245    0.0024   16.4   0.0   1   1   1.5e-05    0.0035   15.9   0.0    84   133     6    63     3    76 0.80 hypothetical protein MN116_002120 [Schistosoma mekongi]
KAK4474705.1         -            525 601875at33208        -            245    0.0024   16.4   0.0   1   1   1.7e-05    0.0039   15.7   0.0    84   137   248   303   243   309 0.89 hypothetical protein MN116_001832 [Schistosoma mekongi]
KAK4474192.1         -            372 601875at33208        -            245    0.0037   15.8   0.0   1   2   0.00062      0.15   10.6   0.0    86   134     4    52     1    59 0.83 hypothetical protein MN116_003490 [Schistosoma mekongi]
KAK4474192.1         -            372 601875at33208        -            245    0.0037   15.8   0.0   2   2      0.13        29    3.1   0.0    85   136   112   166   107   173 0.79 hypothetical protein MN116_003490 [Schistosoma mekongi]
KAK4473538.1         -            538 601875at33208        -            245    0.0074   14.8   0.0   1   3   0.00014     0.033   12.7   0.0    86   147    55   117     8   143 0.82 hypothetical protein MN116_002897 [Schistosoma mekongi]
KAK4473538.1         -            538 601875at33208        -            245    0.0074   14.8   0.0   2   3       6.6   1.5e+03   -2.6   0.0   118   133   188   203   162   205 0.75 hypothetical protein MN116_002897 [Schistosoma mekongi]
KAK4473538.1         -            538 601875at33208        -            245    0.0074   14.8   0.0   3   3       6.3   1.5e+03   -2.5   0.0    85   135   316   368   303   370 0.71 hypothetical protein MN116_002897 [Schistosoma mekongi]
KAK4476274.1         -            273 601875at33208        -            245     0.023   13.2   0.1   1   1    0.0002     0.047   12.2   0.1   111   136     5    30     3    39 0.88 hypothetical protein MN116_001479 [Schistosoma mekongi]
KAK4468697.1         -            607 601875at33208        -            245     0.027   13.0   0.0   1   1   0.00018     0.041   12.4   0.0    83   134    17    69     1    77 0.79 hypothetical protein MN116_007878 [Schistosoma mekongi]
KAK4475411.1         -           1119 601875at33208        -            245     0.033   12.7   0.0   1   1   0.00068      0.16   10.5   0.0    34   144   111   235    98   243 0.73 hypothetical protein MN116_002467 [Schistosoma mekongi]
KAK4469406.1         -            523 601875at33208        -            245     0.042   12.4   0.1   1   2   0.00018     0.042   12.4   0.1    94   140   128   181   113   207 0.78 hypothetical protein MN116_006589 [Schistosoma mekongi]
KAK4469406.1         -            523 601875at33208        -            245     0.042   12.4   0.1   2   2       1.5   3.4e+02   -0.4   1.4   145   163   239   257   214   268 0.79 hypothetical protein MN116_006589 [Schistosoma mekongi]
KAK4471035.1         -            296 601875at33208        -            245     0.056   12.0   0.0   1   2       9.5   2.2e+03   -3.1   0.0    82   106    42    68    38    79 0.53 hypothetical protein MN116_000544 [Schistosoma mekongi]
KAK4471035.1         -            296 601875at33208        -            245     0.056   12.0   0.0   2   2    0.0006      0.14   10.7   0.0   128   181   235   288   231   293 0.91 hypothetical protein MN116_000544 [Schistosoma mekongi]
KAK4468006.1         -            707 601875at33208        -            245      0.06   11.9   0.0   1   2    0.0014      0.32    9.5   0.0    67   127    30    92    25   104 0.87 hypothetical protein MN116_008186 [Schistosoma mekongi]
KAK4468006.1         -            707 601875at33208        -            245      0.06   11.9   0.0   2   2       1.8   4.2e+02   -0.7   0.0   114   135   183   204   157   208 0.61 hypothetical protein MN116_008186 [Schistosoma mekongi]
KAK4468335.1         -            390 601875at33208        -            245     0.062   11.8   0.2   1   2      0.71   1.6e+02    0.6   0.0    82   139    57   122    52   135 0.64 hypothetical protein MN116_008130 [Schistosoma mekongi]
KAK4468335.1         -            390 601875at33208        -            245     0.062   11.8   0.2   2   2     0.002      0.46    9.0   0.1    85   140   143   206   128   228 0.77 hypothetical protein MN116_008130 [Schistosoma mekongi]
KAK4473634.1         -            462 601875at33208        -            245     0.078   11.5   0.0   1   1   0.00052      0.12   10.9   0.0    83   135     4    56     2    58 0.84 hypothetical protein MN116_002986 [Schistosoma mekongi]
#
# Program:         hmmsearch
# Version:         3.4 (Aug 2023)
# Pipeline mode:   SEARCH
# Query file:      /users/40483456/busco_datasets/busco_downloads/lineages/metazoa_odb10/hmms/601875at33208.hmm
# Target file:     /users/40483456/protein/s.mekongi.faa
# Option settings: hmmsearch --domtblout /users/40483456/busco/results_pro/s.mekongi_busco/run_metazoa_odb10/hmmer_output/initial_run_results/601875at33208.out --cpu 1 /users/40483456/busco_datasets/busco_downloads/lineages/metazoa_odb10/hmms/601875at33208.hmm /users/40483456/protein/s.mekongi.faa 
# Current dir:     /users/40483456
# Date:            Thu Jan 15 18:04:35 2026
# [ok]
