#                                                                            --- full sequence --- -------------- this domain -------------   hmm coord   ali coord   env coord
# target name        accession   tlen query name           accession   qlen   E-value  score  bias   #  of  c-Evalue  i-Evalue  score  bias  from    to  from    to  from    to  acc description of target
#------------------- ---------- ----- -------------------- ---------- ----- --------- ------ ----- --- --- --------- --------- ------ ----- ----- ----- ----- ----- ----- ----- ---- ---------------------
KAK4473365.1         -            355 641073at33208        -            124   4.9e-16   58.3  23.7   1   4   2.7e-05     0.031   13.7   0.6     5    36    67   102    65   110 0.89 hypothetical protein MN116_004523 [Schistosoma mekongi]
KAK4473365.1         -            355 641073at33208        -            124   4.9e-16   58.3  23.7   2   4   8.5e-10   9.7e-07   28.3   1.9    41    88   123   175   114   205 0.72 hypothetical protein MN116_004523 [Schistosoma mekongi]
KAK4473365.1         -            355 641073at33208        -            124   4.9e-16   58.3  23.7   3   4      0.74   8.5e+02   -0.6   0.1    68   103   198   233   185   236 0.62 hypothetical protein MN116_004523 [Schistosoma mekongi]
KAK4473365.1         -            355 641073at33208        -            124   4.9e-16   58.3  23.7   4   4   5.1e-09   5.8e-06   25.8   5.7    98   124   319   345   245   345 0.81 hypothetical protein MN116_004523 [Schistosoma mekongi]
KAK4468310.1         -            377 641073at33208        -            124     0.044   13.2  22.1   1   4    0.0026         3    7.3   0.3     2    20   205   223   204   229 0.87 hypothetical protein MN116_008459 [Schistosoma mekongi]
KAK4468310.1         -            377 641073at33208        -            124     0.044   13.2  22.1   2   4   0.00088         1    8.8   0.8     2    31   233   262   232   279 0.87 hypothetical protein MN116_008459 [Schistosoma mekongi]
KAK4468310.1         -            377 641073at33208        -            124     0.044   13.2  22.1   3   4     0.026        29    4.1   0.2     2    20   289   307   288   313 0.87 hypothetical protein MN116_008459 [Schistosoma mekongi]
KAK4468310.1         -            377 641073at33208        -            124     0.044   13.2  22.1   4   4     0.018        21    4.6   2.6     2    30   317   345   316   353 0.92 hypothetical protein MN116_008459 [Schistosoma mekongi]
KAK4474062.1         -            280 641073at33208        -            124     0.068   12.6   7.4   1   4      0.28   3.2e+02    0.8   0.4     2    27    10    35     9    47 0.86 hypothetical protein MN116_003372 [Schistosoma mekongi]
KAK4474062.1         -            280 641073at33208        -            124     0.068   12.6   7.4   2   4   0.00011      0.13   11.7   0.3     1    34    66   101    66   112 0.80 hypothetical protein MN116_003372 [Schistosoma mekongi]
KAK4474062.1         -            280 641073at33208        -            124     0.068   12.6   7.4   3   4       0.1   1.2e+02    2.1   0.0    75    98   160   183   140   190 0.85 hypothetical protein MN116_003372 [Schistosoma mekongi]
KAK4474062.1         -            280 641073at33208        -            124     0.068   12.6   7.4   4   4       3.2   3.6e+03   -2.7   0.0    83   108   192   217   182   221 0.73 hypothetical protein MN116_003372 [Schistosoma mekongi]
KAK4473707.1         -            202 641073at33208        -            124     0.077   12.4   0.2   1   4      0.13   1.4e+02    1.9   0.1     2    28    46    72    45    87 0.80 hypothetical protein MN116_003052 [Schistosoma mekongi]
KAK4473707.1         -            202 641073at33208        -            124     0.077   12.4   0.2   2   4      0.36   4.1e+02    0.4   2.4     2    38   106   142   105   154 0.61 hypothetical protein MN116_003052 [Schistosoma mekongi]
KAK4473707.1         -            202 641073at33208        -            124     0.077   12.4   0.2   3   4      0.14   1.6e+02    1.7   0.1     2    24   135   157   134   160 0.86 hypothetical protein MN116_003052 [Schistosoma mekongi]
KAK4473707.1         -            202 641073at33208        -            124     0.077   12.4   0.2   4   4   6.8e-05     0.077   12.4   0.2     2    29   164   191   163   195 0.93 hypothetical protein MN116_003052 [Schistosoma mekongi]
KAK4473576.1         -            336 641073at33208        -            124      0.19   11.1  13.3   1   4       2.4   2.7e+03   -2.3   0.2     4    19    35    50    32    55 0.78 hypothetical protein MN116_002932 [Schistosoma mekongi]
KAK4473576.1         -            336 641073at33208        -            124      0.19   11.1  13.3   2   4   8.9e-05       0.1   12.0   2.2     1    33   104   137   104   145 0.82 hypothetical protein MN116_002932 [Schistosoma mekongi]
KAK4473576.1         -            336 641073at33208        -            124      0.19   11.1  13.3   3   4       0.1   1.2e+02    2.1   0.0     1    22   174   195   174   205 0.84 hypothetical protein MN116_002932 [Schistosoma mekongi]
KAK4473576.1         -            336 641073at33208        -            124      0.19   11.1  13.3   4   4     0.071        81    2.7   0.1     9   109   231   328   227   335 0.64 hypothetical protein MN116_002932 [Schistosoma mekongi]
KAK4470501.1         -            541 641073at33208        -            124      0.37   10.2   4.3   1   3    0.0013       1.5    8.3   0.7     1    28   319   346   319   350 0.92 hypothetical protein MN116_006049 [Schistosoma mekongi]
KAK4470501.1         -            541 641073at33208        -            124      0.37   10.2   4.3   2   3      0.68   7.7e+02   -0.5   0.1     1    22   347   368   347   373 0.87 hypothetical protein MN116_006049 [Schistosoma mekongi]
KAK4470501.1         -            541 641073at33208        -            124      0.37   10.2   4.3   3   3      0.16   1.8e+02    1.6   0.0     2    29   377   404   376   420 0.86 hypothetical protein MN116_006049 [Schistosoma mekongi]
KAK4475851.1         -            731 641073at33208        -            124       1.5    8.3  15.2   1   5       3.2   3.6e+03   -2.7   0.0    39    58   149   168   125   176 0.69 hypothetical protein MN116_001101 [Schistosoma mekongi]
KAK4475851.1         -            731 641073at33208        -            124       1.5    8.3  15.2   2   5     0.045        51    3.3   0.2     2    20   224   242   223   251 0.85 hypothetical protein MN116_001101 [Schistosoma mekongi]
KAK4475851.1         -            731 641073at33208        -            124       1.5    8.3  15.2   3   5     0.045        51    3.3   0.4     2    46   252   305   251   310 0.73 hypothetical protein MN116_001101 [Schistosoma mekongi]
KAK4475851.1         -            731 641073at33208        -            124       1.5    8.3  15.2   4   5     0.004       4.5    6.7   0.2     2    19   336   353   335   360 0.87 hypothetical protein MN116_001101 [Schistosoma mekongi]
KAK4475851.1         -            731 641073at33208        -            124       1.5    8.3  15.2   5   5      0.15   1.7e+02    1.6   0.1     2    25   364   387   363   402 0.81 hypothetical protein MN116_001101 [Schistosoma mekongi]
KAK4467694.1         -           1116 641073at33208        -            124       5.5    6.4  15.7   1   5      0.27   3.1e+02    0.8   0.4     1    23   129   151   129   175 0.81 hypothetical protein MN116_008476, partial [Schistosoma mekongi]
KAK4467694.1         -           1116 641073at33208        -            124       5.5    6.4  15.7   2   5     0.071        81    2.7   0.2     1    20   188   207   188   216 0.88 hypothetical protein MN116_008476, partial [Schistosoma mekongi]
KAK4467694.1         -           1116 641073at33208        -            124       5.5    6.4  15.7   3   5    0.0097        11    5.5   0.1     1    44   236   280   236   283 0.70 hypothetical protein MN116_008476, partial [Schistosoma mekongi]
KAK4467694.1         -           1116 641073at33208        -            124       5.5    6.4  15.7   4   5      0.01        11    5.4   0.1     1    21   996  1016   996  1037 0.82 hypothetical protein MN116_008476, partial [Schistosoma mekongi]
KAK4467694.1         -           1116 641073at33208        -            124       5.5    6.4  15.7   5   5         4   4.6e+03   -3.0   0.1     1    19  1056  1074  1056  1094 0.85 hypothetical protein MN116_008476, partial [Schistosoma mekongi]
#
# Program:         hmmsearch
# Version:         3.4 (Aug 2023)
# Pipeline mode:   SEARCH
# Query file:      /users/40483456/busco_datasets/busco_downloads/lineages/metazoa_odb10/hmms/641073at33208.hmm
# Target file:     /users/40483456/protein/s.mekongi.faa
# Option settings: hmmsearch --domtblout /users/40483456/busco/results_pro/s.mekongi_busco/run_metazoa_odb10/hmmer_output/initial_run_results/641073at33208.out --cpu 1 /users/40483456/busco_datasets/busco_downloads/lineages/metazoa_odb10/hmms/641073at33208.hmm /users/40483456/protein/s.mekongi.faa 
# Current dir:     /users/40483456
# Date:            Thu Jan 15 18:04:34 2026
# [ok]
