#                                                                            --- full sequence --- -------------- this domain -------------   hmm coord   ali coord   env coord
# target name        accession   tlen query name           accession   qlen   E-value  score  bias   #  of  c-Evalue  i-Evalue  score  bias  from    to  from    to  from    to  acc description of target
#------------------- ---------- ----- -------------------- ---------- ----- --------- ------ ----- --- --- --------- --------- ------ ----- ----- ----- ----- ----- ----- ----- ---- ---------------------
SINT1_18370.5        -            951 127766at33208        -            593  1.8e-171  571.4  30.7   1   2  6.4e-172  1.1e-168  562.1  22.5     2   589    36   702    35   706 0.87 transcript=SINT1_18370.5 gene=SINT1_18370
SINT1_18370.5        -            951 127766at33208        -            593  1.8e-171  571.4  30.7   2   2    0.0015       2.7    6.1   1.1   561   592   760   791   727   792 0.74 transcript=SINT1_18370.5 gene=SINT1_18370
SINT1_18370.2        -            890 127766at33208        -            593  1.1e-158  529.2  29.3   1   2  4.9e-159  8.7e-156  519.6  21.0    32   589     6   641     2   645 0.86 transcript=SINT1_18370.2 gene=SINT1_18370
SINT1_18370.2        -            890 127766at33208        -            593  1.1e-158  529.2  29.3   2   2    0.0014       2.5    6.2   1.1   561   592   699   730   666   731 0.74 transcript=SINT1_18370.2 gene=SINT1_18370
SINT1_18370.3        -            890 127766at33208        -            593  1.1e-158  529.2  29.3   1   2  4.9e-159  8.7e-156  519.6  21.0    32   589     6   641     2   645 0.86 transcript=SINT1_18370.3 gene=SINT1_18370
SINT1_18370.3        -            890 127766at33208        -            593  1.1e-158  529.2  29.3   2   2    0.0014       2.5    6.2   1.1   561   592   699   730   666   731 0.74 transcript=SINT1_18370.3 gene=SINT1_18370
SINT1_18370.4        -            890 127766at33208        -            593  1.1e-158  529.2  29.3   1   2  4.9e-159  8.7e-156  519.6  21.0    32   589     6   641     2   645 0.86 transcript=SINT1_18370.4 gene=SINT1_18370
SINT1_18370.4        -            890 127766at33208        -            593  1.1e-158  529.2  29.3   2   2    0.0014       2.5    6.2   1.1   561   592   699   730   666   731 0.74 transcript=SINT1_18370.4 gene=SINT1_18370
SINT1_18370.1        -            835 127766at33208        -            593  8.8e-151  503.1  27.3   1   2    1e-152  1.8e-149  498.7  19.0    66   589     1   586     1   590 0.88 transcript=SINT1_18370.1 gene=SINT1_18370
SINT1_18370.1        -            835 127766at33208        -            593  8.8e-151  503.1  27.3   2   2    0.0013       2.4    6.3   1.1   561   592   644   675   611   676 0.74 transcript=SINT1_18370.1 gene=SINT1_18370
SINT1_20840.5        -            419 127766at33208        -            593   2.2e-05   22.9   0.0   1   2      0.16   2.9e+02   -0.6   0.0    76   134   123   181   113   188 0.85 transcript=SINT1_20840.5 gene=SINT1_20840
SINT1_20840.5        -            419 127766at33208        -            593   2.2e-05   22.9   0.0   2   2   5.9e-08   0.00011   20.7   0.0    60   151   276   368   254   371 0.86 transcript=SINT1_20840.5 gene=SINT1_20840
SINT1_20840.2        -            517 127766at33208        -            593     3e-05   22.5   0.0   1   2      0.22   3.9e+02   -1.0   0.0    76   134   123   181   114   188 0.85 transcript=SINT1_20840.2 gene=SINT1_20840
SINT1_20840.2        -            517 127766at33208        -            593     3e-05   22.5   0.0   2   2   8.4e-08   0.00015   20.2   0.0    60   151   276   368   254   371 0.86 transcript=SINT1_20840.2 gene=SINT1_20840
SINT1_20840.3        -            516 127766at33208        -            593   3.1e-05   22.4   0.0   1   2      0.22   3.9e+02   -1.0   0.0    76   134   102   160    93   167 0.85 transcript=SINT1_20840.3 gene=SINT1_20840
SINT1_20840.3        -            516 127766at33208        -            593   3.1e-05   22.4   0.0   2   2   8.4e-08   0.00015   20.2   0.0    60   151   255   347   233   350 0.86 transcript=SINT1_20840.3 gene=SINT1_20840
SINT1_20840.1        -            537 127766at33208        -            593   3.4e-05   22.3   0.0   1   2      0.23   4.2e+02   -1.1   0.0    77   134   124   181   115   188 0.85 transcript=SINT1_20840.1 gene=SINT1_20840
SINT1_20840.1        -            537 127766at33208        -            593   3.4e-05   22.3   0.0   2   2   8.9e-08   0.00016   20.1   0.0    60   151   276   368   254   371 0.86 transcript=SINT1_20840.1 gene=SINT1_20840
SINT1_20840.4        -            537 127766at33208        -            593   3.4e-05   22.3   0.0   1   2      0.23   4.2e+02   -1.1   0.0    77   134   124   181   115   188 0.85 transcript=SINT1_20840.4 gene=SINT1_20840
SINT1_20840.4        -            537 127766at33208        -            593   3.4e-05   22.3   0.0   2   2   8.9e-08   0.00016   20.1   0.0    60   151   276   368   254   371 0.86 transcript=SINT1_20840.4 gene=SINT1_20840
#
# Program:         hmmsearch
# Version:         3.4 (Aug 2023)
# Pipeline mode:   SEARCH
# Query file:      /users/40483456/busco_datasets/busco_downloads/lineages/metazoa_odb10/hmms/127766at33208.hmm
# Target file:     /users/40483456/protein/schistosoma_intercalatum.fa
# Option settings: hmmsearch --domtblout /users/40483456/busco/results_pro/schistosoma_intercalatum_busco/run_metazoa_odb10/hmmer_output/initial_run_results/127766at33208.out --cpu 1 /users/40483456/busco_datasets/busco_downloads/lineages/metazoa_odb10/hmms/127766at33208.hmm /users/40483456/protein/schistosoma_intercalatum.fa 
# Current dir:     /users/40483456
# Date:            Thu Jan 15 17:51:49 2026
# [ok]
