#                                                                            --- full sequence --- -------------- this domain -------------   hmm coord   ali coord   env coord
# target name        accession   tlen query name           accession   qlen   E-value  score  bias   #  of  c-Evalue  i-Evalue  score  bias  from    to  from    to  from    to  acc description of target
#------------------- ---------- ----- -------------------- ---------- ----- --------- ------ ----- --- --- --------- --------- ------ ----- ----- ----- ----- ----- ----- ----- ---- ---------------------
SINT1_19710.1        -            742 177858at33208        -            591  6.3e-266  883.3   3.3   1   2   1.4e-79   2.4e-77  260.6   0.6     2   196     4   246     3   250 0.86 transcript=SINT1_19710.1 gene=SINT1_19710
SINT1_19710.1        -            742 177858at33208        -            591  6.3e-266  883.3   3.3   2   2  2.2e-187    4e-185  616.5   0.1   200   591   283   732   265   732 0.89 transcript=SINT1_19710.1 gene=SINT1_19710
SINT1_19710.2        -            752 177858at33208        -            591  2.7e-265  881.3   2.9   1   2   6.5e-79   1.2e-76  258.3   0.4     5   196    18   256    15   265 0.87 transcript=SINT1_19710.2 gene=SINT1_19710
SINT1_19710.2        -            752 177858at33208        -            591  2.7e-265  881.3   2.9   2   2  2.3e-187  4.2e-185  616.5   0.1   200   591   293   742   275   742 0.89 transcript=SINT1_19710.2 gene=SINT1_19710
SINT1_54840.2        -            828 177858at33208        -            591   1.7e-51  175.2   0.0   1   3   4.8e-11   8.5e-09   34.2   0.0     3    66    47   110    45   119 0.91 transcript=SINT1_54840.2 gene=SINT1_54840
SINT1_54840.2        -            828 177858at33208        -            591   1.7e-51  175.2   0.0   2   3   8.1e-20   1.4e-17   63.2   0.0   198   334   119   262   111   286 0.78 transcript=SINT1_54840.2 gene=SINT1_54840
SINT1_54840.2        -            828 177858at33208        -            591   1.7e-51  175.2   0.0   3   3     3e-23   5.4e-21   74.5   0.0   382   498   287   407   270   415 0.88 transcript=SINT1_54840.2 gene=SINT1_54840
SINT1_54840.3        -            828 177858at33208        -            591   1.7e-51  175.2   0.0   1   3   4.8e-11   8.5e-09   34.2   0.0     3    66    47   110    45   119 0.91 transcript=SINT1_54840.3 gene=SINT1_54840
SINT1_54840.3        -            828 177858at33208        -            591   1.7e-51  175.2   0.0   2   3   8.1e-20   1.4e-17   63.2   0.0   198   334   119   262   111   286 0.78 transcript=SINT1_54840.3 gene=SINT1_54840
SINT1_54840.3        -            828 177858at33208        -            591   1.7e-51  175.2   0.0   3   3     3e-23   5.4e-21   74.5   0.0   382   498   287   407   270   415 0.88 transcript=SINT1_54840.3 gene=SINT1_54840
SINT1_54840.1        -            943 177858at33208        -            591   2.9e-51  174.4   0.0   1   3   6.5e-11   1.2e-08   33.8   0.0     3    65   162   224   160   228 0.92 transcript=SINT1_54840.1 gene=SINT1_54840
SINT1_54840.1        -            943 177858at33208        -            591   2.9e-51  174.4   0.0   2   3   9.8e-20   1.7e-17   62.9   0.0   198   334   234   377   227   402 0.78 transcript=SINT1_54840.1 gene=SINT1_54840
SINT1_54840.1        -            943 177858at33208        -            591   2.9e-51  174.4   0.0   3   3   3.1e-23   5.6e-21   74.4   0.0   382   498   402   522   384   580 0.90 transcript=SINT1_54840.1 gene=SINT1_54840
SINT1_32390.4        -            622 177858at33208        -            591   3.3e-49  167.7   0.0   1   3   4.9e-12   8.7e-10   37.5   0.0     2    61   159   218   158   224 0.92 transcript=SINT1_32390.4 gene=SINT1_32390
SINT1_32390.4        -            622 177858at33208        -            591   3.3e-49  167.7   0.0   2   3   2.5e-17   4.5e-15   54.9   0.0   204   299   240   342   230   380 0.78 transcript=SINT1_32390.4 gene=SINT1_32390
SINT1_32390.4        -            622 177858at33208        -            591   3.3e-49  167.7   0.0   3   3   2.6e-22   4.7e-20   71.4   0.0   398   496   419   520   401   526 0.92 transcript=SINT1_32390.4 gene=SINT1_32390
SINT1_32390.5        -            622 177858at33208        -            591   3.3e-49  167.7   0.0   1   3   4.9e-12   8.7e-10   37.5   0.0     2    61   159   218   158   224 0.92 transcript=SINT1_32390.5 gene=SINT1_32390
SINT1_32390.5        -            622 177858at33208        -            591   3.3e-49  167.7   0.0   2   3   2.5e-17   4.5e-15   54.9   0.0   204   299   240   342   230   380 0.78 transcript=SINT1_32390.5 gene=SINT1_32390
SINT1_32390.5        -            622 177858at33208        -            591   3.3e-49  167.7   0.0   3   3   2.6e-22   4.7e-20   71.4   0.0   398   496   419   520   401   526 0.92 transcript=SINT1_32390.5 gene=SINT1_32390
SINT1_32390.6        -            622 177858at33208        -            591   3.3e-49  167.7   0.0   1   3   4.9e-12   8.7e-10   37.5   0.0     2    61   159   218   158   224 0.92 transcript=SINT1_32390.6 gene=SINT1_32390
SINT1_32390.6        -            622 177858at33208        -            591   3.3e-49  167.7   0.0   2   3   2.5e-17   4.5e-15   54.9   0.0   204   299   240   342   230   380 0.78 transcript=SINT1_32390.6 gene=SINT1_32390
SINT1_32390.6        -            622 177858at33208        -            591   3.3e-49  167.7   0.0   3   3   2.6e-22   4.7e-20   71.4   0.0   398   496   419   520   401   526 0.92 transcript=SINT1_32390.6 gene=SINT1_32390
SINT1_32390.1        -            638 177858at33208        -            591   3.7e-49  167.5   0.0   1   3   5.1e-12     9e-10   37.4   0.0     2    61   175   234   174   240 0.92 transcript=SINT1_32390.1 gene=SINT1_32390
SINT1_32390.1        -            638 177858at33208        -            591   3.7e-49  167.5   0.0   2   3   2.3e-17   4.1e-15   55.1   0.0   204   315   256   375   247   416 0.79 transcript=SINT1_32390.1 gene=SINT1_32390
SINT1_32390.1        -            638 177858at33208        -            591   3.7e-49  167.5   0.0   3   3   2.7e-22   4.8e-20   71.3   0.0   398   496   435   536   417   542 0.92 transcript=SINT1_32390.1 gene=SINT1_32390
SINT1_29060.1        -            829 177858at33208        -            591   3.7e-48  164.2   0.0   1   3   2.6e-12   4.7e-10   38.4   0.0     3    60    32    89    30    92 0.94 transcript=SINT1_29060.1 gene=SINT1_29060
SINT1_29060.1        -            829 177858at33208        -            591   3.7e-48  164.2   0.0   2   3   3.9e-16   6.9e-14   51.0   0.0   202   317    96   215    89   228 0.84 transcript=SINT1_29060.1 gene=SINT1_29060
SINT1_29060.1        -            829 177858at33208        -            591   3.7e-48  164.2   0.0   3   3   3.3e-22   5.9e-20   71.1   0.0   393   496   269   375   256   382 0.93 transcript=SINT1_29060.1 gene=SINT1_29060
SINT1_40420.1        -           1119 177858at33208        -            591   3.8e-47  160.9   0.0   1   3   2.6e-11   4.6e-09   35.1   0.0     3    63   365   425   363   439 0.93 transcript=SINT1_40420.1 gene=SINT1_40420
SINT1_40420.1        -           1119 177858at33208        -            591   3.8e-47  160.9   0.0   2   3   1.1e-16   1.9e-14   52.9   0.0   204   290   439   532   429   548 0.83 transcript=SINT1_40420.1 gene=SINT1_40420
SINT1_40420.1        -           1119 177858at33208        -            591   3.8e-47  160.9   0.0   3   3   1.2e-21   2.1e-19   69.2   0.0   398   498   638   741   628   752 0.91 transcript=SINT1_40420.1 gene=SINT1_40420
SINT1_49910.2        -            421 177858at33208        -            591   4.5e-46  157.3   5.9   1   3   2.3e-11   4.2e-09   35.2   0.0     2    69    76   143    75   145 0.94 transcript=SINT1_49910.2 gene=SINT1_49910
SINT1_49910.2        -            421 177858at33208        -            591   4.5e-46  157.3   5.9   2   3   1.8e-18   3.3e-16   58.7   1.6   204   316   142   258   135   281 0.80 transcript=SINT1_49910.2 gene=SINT1_49910
SINT1_49910.2        -            421 177858at33208        -            591   4.5e-46  157.3   5.9   3   3   1.8e-20   3.2e-18   65.3   0.5   391   497   308   417   284   419 0.90 transcript=SINT1_49910.2 gene=SINT1_49910
SINT1_49910.1        -            483 177858at33208        -            591   5.9e-46  156.9   5.9   1   3   2.9e-11   5.1e-09   34.9   0.0     2    69    76   143    75   145 0.94 transcript=SINT1_49910.1 gene=SINT1_49910
SINT1_49910.1        -            483 177858at33208        -            591   5.9e-46  156.9   5.9   2   3   2.3e-18   4.1e-16   58.4   1.5   204   316   142   258   138   284 0.81 transcript=SINT1_49910.1 gene=SINT1_49910
SINT1_49910.1        -            483 177858at33208        -            591   5.9e-46  156.9   5.9   3   3   1.5e-20   2.7e-18   65.6   0.5   391   497   308   417   285   432 0.90 transcript=SINT1_49910.1 gene=SINT1_49910
SINT1_63930.2        -            436 177858at33208        -            591   9.6e-46  156.2   1.0   1   3   1.1e-07     2e-05   23.1   0.2    22    62    17    57     6    65 0.90 transcript=SINT1_63930.2 gene=SINT1_63930
SINT1_63930.2        -            436 177858at33208        -            591   9.6e-46  156.2   1.0   2   3     5e-19   8.9e-17   60.6   0.0   198   296    65   177    57   216 0.77 transcript=SINT1_63930.2 gene=SINT1_63930
SINT1_63930.2        -            436 177858at33208        -            591   9.6e-46  156.2   1.0   3   3   7.7e-22   1.4e-19   69.9   0.0   398   498   251   354   213   359 0.89 transcript=SINT1_63930.2 gene=SINT1_63930
SINT1_63930.1        -            622 177858at33208        -            591     1e-45  156.1   0.5   1   3   4.1e-08   7.4e-06   24.5   0.1     3    62   184   243   182   253 0.86 transcript=SINT1_63930.1 gene=SINT1_63930
SINT1_63930.1        -            622 177858at33208        -            591     1e-45  156.1   0.5   2   3   7.9e-19   1.4e-16   59.9   0.0   198   297   251   364   243   418 0.77 transcript=SINT1_63930.1 gene=SINT1_63930
SINT1_63930.1        -            622 177858at33208        -            591     1e-45  156.1   0.5   3   3   1.3e-21   2.3e-19   69.1   0.0   398   498   437   540   393   545 0.88 transcript=SINT1_63930.1 gene=SINT1_63930
SINT1_54570.1        -            402 177858at33208        -            591   1.1e-44  152.7   0.3   1   3   8.8e-08   1.6e-05   23.4   0.0     2    70    30    98    29    99 0.94 transcript=SINT1_54570.1 gene=SINT1_54570
SINT1_54570.1        -            402 177858at33208        -            591   1.1e-44  152.7   0.3   2   3   6.4e-16   1.1e-13   50.3   0.0   205   363    97   258    93   264 0.84 transcript=SINT1_54570.1 gene=SINT1_54570
SINT1_54570.1        -            402 177858at33208        -            591   1.1e-44  152.7   0.3   3   3   5.2e-24   9.2e-22   77.0   0.1   394   497   267   373   260   393 0.90 transcript=SINT1_54570.1 gene=SINT1_54570
SINT1_54570.2        -            402 177858at33208        -            591   1.1e-44  152.7   0.3   1   3   8.8e-08   1.6e-05   23.4   0.0     2    70    30    98    29    99 0.94 transcript=SINT1_54570.2 gene=SINT1_54570
SINT1_54570.2        -            402 177858at33208        -            591   1.1e-44  152.7   0.3   2   3   6.4e-16   1.1e-13   50.3   0.0   205   363    97   258    93   264 0.84 transcript=SINT1_54570.2 gene=SINT1_54570
SINT1_54570.2        -            402 177858at33208        -            591   1.1e-44  152.7   0.3   3   3   5.2e-24   9.2e-22   77.0   0.1   394   497   267   373   260   393 0.90 transcript=SINT1_54570.2 gene=SINT1_54570
SINT1_54570.3        -            402 177858at33208        -            591   1.1e-44  152.7   0.3   1   3   8.8e-08   1.6e-05   23.4   0.0     2    70    30    98    29    99 0.94 transcript=SINT1_54570.3 gene=SINT1_54570
SINT1_54570.3        -            402 177858at33208        -            591   1.1e-44  152.7   0.3   2   3   6.4e-16   1.1e-13   50.3   0.0   205   363    97   258    93   264 0.84 transcript=SINT1_54570.3 gene=SINT1_54570
SINT1_54570.3        -            402 177858at33208        -            591   1.1e-44  152.7   0.3   3   3   5.2e-24   9.2e-22   77.0   0.1   394   497   267   373   260   393 0.90 transcript=SINT1_54570.3 gene=SINT1_54570
SINT1_50130.1        -            770 177858at33208        -            591   2.1e-44  151.8   0.2   1   3   1.1e-11     2e-09   36.3   0.0     2    62    93   154    92   159 0.92 transcript=SINT1_50130.1 gene=SINT1_50130
SINT1_50130.1        -            770 177858at33208        -            591   2.1e-44  151.8   0.2   2   3   2.5e-14   4.4e-12   45.1   0.0   202   314   162   278   158   299 0.78 transcript=SINT1_50130.1 gene=SINT1_50130
SINT1_50130.1        -            770 177858at33208        -            591   2.1e-44  151.8   0.2   3   3   5.2e-21   9.4e-19   67.1   0.0   382   496   323   440   293   449 0.84 transcript=SINT1_50130.1 gene=SINT1_50130
SINT1_79650.1        -            739 177858at33208        -            591   1.3e-43  149.2   0.7   1   3   2.4e-16   4.3e-14   51.7   0.0     2    61     2    61     1    68 0.96 transcript=SINT1_79650.1 gene=SINT1_79650
SINT1_79650.1        -            739 177858at33208        -            591   1.3e-43  149.2   0.7   2   3   1.8e-09   3.3e-07   29.0   0.0   207   293    72   176    63   195 0.70 transcript=SINT1_79650.1 gene=SINT1_79650
SINT1_79650.1        -            739 177858at33208        -            591   1.3e-43  149.2   0.7   3   3   1.6e-20   2.8e-18   65.5   0.0   396   498   374   479   358   485 0.90 transcript=SINT1_79650.1 gene=SINT1_79650
SINT1_79650.2        -            739 177858at33208        -            591   1.3e-43  149.2   0.7   1   3   2.4e-16   4.3e-14   51.7   0.0     2    61     2    61     1    68 0.96 transcript=SINT1_79650.2 gene=SINT1_79650
SINT1_79650.2        -            739 177858at33208        -            591   1.3e-43  149.2   0.7   2   3   1.8e-09   3.3e-07   29.0   0.0   207   293    72   176    63   195 0.70 transcript=SINT1_79650.2 gene=SINT1_79650
SINT1_79650.2        -            739 177858at33208        -            591   1.3e-43  149.2   0.7   3   3   1.6e-20   2.8e-18   65.5   0.0   396   498   374   479   358   485 0.90 transcript=SINT1_79650.2 gene=SINT1_79650
SINT1_27700.1        -            392 177858at33208        -            591   8.3e-43  146.5   1.3   1   3   2.1e-07   3.7e-05   22.2   0.0     3    63    21    81    19    85 0.95 transcript=SINT1_27700.1 gene=SINT1_27700
SINT1_27700.1        -            392 177858at33208        -            591   8.3e-43  146.5   1.3   2   3   3.3e-16   5.9e-14   51.3   0.3   203   352    85   237    81   251 0.78 transcript=SINT1_27700.1 gene=SINT1_27700
SINT1_27700.1        -            392 177858at33208        -            591   8.3e-43  146.5   1.3   3   3   2.6e-22   4.7e-20   71.4   0.1   394   513   257   379   235   383 0.81 transcript=SINT1_27700.1 gene=SINT1_27700
SINT1_12600.1        -            568 177858at33208        -            591   8.9e-43  146.4   0.1   1   2   2.5e-14   4.5e-12   45.0   0.0     2    62     6    66     5    71 0.96 transcript=SINT1_12600.1 gene=SINT1_12600
SINT1_12600.1        -            568 177858at33208        -            591   8.9e-43  146.4   0.1   2   2     1e-30   1.8e-28   99.2   0.0   207   498    75   386    67   399 0.80 transcript=SINT1_12600.1 gene=SINT1_12600
SINT1_29110.1        -            880 177858at33208        -            591   9.8e-43  146.3   0.0   1   3   5.8e-09     1e-06   27.3   0.0     3    60    79   136    77   142 0.93 transcript=SINT1_29110.1 gene=SINT1_29110
SINT1_29110.1        -            880 177858at33208        -            591   9.8e-43  146.3   0.0   2   3   1.6e-13   2.9e-11   42.4   0.0   200   329   145   277   141   286 0.84 transcript=SINT1_29110.1 gene=SINT1_29110
SINT1_29110.1        -            880 177858at33208        -            591   9.8e-43  146.3   0.0   3   3     1e-22   1.8e-20   72.8   0.2   387   497   313   426   281   429 0.86 transcript=SINT1_29110.1 gene=SINT1_29110
SINT1_8490.1         -            859 177858at33208        -            591   1.1e-41  142.9   0.1   1   3   8.1e-09   1.4e-06   26.8   0.0     7    61   171   225   166   231 0.88 transcript=SINT1_8490.1 gene=SINT1_8490
SINT1_8490.1         -            859 177858at33208        -            591   1.1e-41  142.9   0.1   2   3   5.8e-16     1e-13   50.5   0.0   200   348   233   387   227   402 0.83 transcript=SINT1_8490.1 gene=SINT1_8490
SINT1_8490.1         -            859 177858at33208        -            591   1.1e-41  142.9   0.1   3   3   1.7e-19     3e-17   62.1   0.1   398   495   415   515   388   519 0.87 transcript=SINT1_8490.1 gene=SINT1_8490
SINT1_53790.1        -            603 177858at33208        -            591   1.5e-41  142.4   0.8   1   2   1.3e-09   2.4e-07   29.4   0.0     2    63   107   168   106   179 0.91 transcript=SINT1_53790.1 gene=SINT1_53790
SINT1_53790.1        -            603 177858at33208        -            591   1.5e-41  142.4   0.8   2   2   2.9e-31   5.2e-29  101.0   0.9   206   497   180   483   172   492 0.74 transcript=SINT1_53790.1 gene=SINT1_53790
SINT1_53790.2        -            603 177858at33208        -            591   1.5e-41  142.4   0.8   1   2   1.3e-09   2.4e-07   29.4   0.0     2    63   107   168   106   179 0.91 transcript=SINT1_53790.2 gene=SINT1_53790
SINT1_53790.2        -            603 177858at33208        -            591   1.5e-41  142.4   0.8   2   2   2.9e-31   5.2e-29  101.0   0.9   206   497   180   483   172   492 0.74 transcript=SINT1_53790.2 gene=SINT1_53790
SINT1_53790.3        -            603 177858at33208        -            591   1.5e-41  142.4   0.8   1   2   1.3e-09   2.4e-07   29.4   0.0     2    63   107   168   106   179 0.91 transcript=SINT1_53790.3 gene=SINT1_53790
SINT1_53790.3        -            603 177858at33208        -            591   1.5e-41  142.4   0.8   2   2   2.9e-31   5.2e-29  101.0   0.9   206   497   180   483   172   492 0.74 transcript=SINT1_53790.3 gene=SINT1_53790
SINT1_8490.2         -           1045 177858at33208        -            591   2.3e-41  141.8   0.1   1   3     1e-08   1.8e-06   26.5   0.0     7    61   357   411   352   417 0.88 transcript=SINT1_8490.2 gene=SINT1_8490
SINT1_8490.2         -           1045 177858at33208        -            591   2.3e-41  141.8   0.1   2   3   7.8e-16   1.4e-13   50.0   0.0   200   348   419   573   413   588 0.83 transcript=SINT1_8490.2 gene=SINT1_8490
SINT1_8490.2         -           1045 177858at33208        -            591   2.3e-41  141.8   0.1   3   3   2.2e-19   3.9e-17   61.7   0.1   398   495   601   701   574   705 0.87 transcript=SINT1_8490.2 gene=SINT1_8490
SINT1_25150.1        -            426 177858at33208        -            591   1.2e-40  139.4   2.4   1   3   4.4e-08   7.9e-06   24.4   0.0     3    61    45   103    43   106 0.94 transcript=SINT1_25150.1 gene=SINT1_25150
SINT1_25150.1        -            426 177858at33208        -            591   1.2e-40  139.4   2.4   2   3   3.5e-18   6.3e-16   57.8   0.1   207   332   114   245   107   255 0.82 transcript=SINT1_25150.1 gene=SINT1_25150
SINT1_25150.1        -            426 177858at33208        -            591   1.2e-40  139.4   2.4   3   3   1.7e-17     3e-15   55.5   0.1   387   498   278   392   264   411 0.88 transcript=SINT1_25150.1 gene=SINT1_25150
SINT1_3830.1         -            459 177858at33208        -            591   3.5e-40  137.9   0.3   1   3   1.9e-06   0.00033   19.1   0.0     2    67    20    85    19    90 0.93 transcript=SINT1_3830.1 gene=SINT1_3830
SINT1_3830.1         -            459 177858at33208        -            591   3.5e-40  137.9   0.3   2   3   2.3e-16   4.1e-14   51.8   0.1   207   317    89   214    82   223 0.77 transcript=SINT1_3830.1 gene=SINT1_3830
SINT1_3830.1         -            459 177858at33208        -            591   3.5e-40  137.9   0.3   3   3   3.9e-20   6.9e-18   64.2   0.0   395   498   269   375   253   381 0.90 transcript=SINT1_3830.1 gene=SINT1_3830
SINT1_53730.1        -            458 177858at33208        -            591   3.9e-40  137.7   2.5   1   3   3.7e-17   6.5e-15   54.4   0.1     2    68     2    68     1    71 0.95 transcript=SINT1_53730.1 gene=SINT1_53730
SINT1_53730.1        -            458 177858at33208        -            591   3.9e-40  137.7   2.5   2   3   2.1e-09   3.8e-07   28.8   0.0   207   315    71   198    64   209 0.69 transcript=SINT1_53730.1 gene=SINT1_53730
SINT1_53730.1        -            458 177858at33208        -            591   3.9e-40  137.7   2.5   3   3   5.7e-17     1e-14   53.8   0.1   422   560   302   436   271   457 0.82 transcript=SINT1_53730.1 gene=SINT1_53730
SINT1_53730.2        -            458 177858at33208        -            591   3.9e-40  137.7   2.5   1   3   3.7e-17   6.5e-15   54.4   0.1     2    68     2    68     1    71 0.95 transcript=SINT1_53730.2 gene=SINT1_53730
SINT1_53730.2        -            458 177858at33208        -            591   3.9e-40  137.7   2.5   2   3   2.1e-09   3.8e-07   28.8   0.0   207   315    71   198    64   209 0.69 transcript=SINT1_53730.2 gene=SINT1_53730
SINT1_53730.2        -            458 177858at33208        -            591   3.9e-40  137.7   2.5   3   3   5.7e-17     1e-14   53.8   0.1   422   560   302   436   271   457 0.82 transcript=SINT1_53730.2 gene=SINT1_53730
SINT1_53730.5        -            458 177858at33208        -            591   3.9e-40  137.7   2.5   1   3   3.7e-17   6.5e-15   54.4   0.1     2    68     2    68     1    71 0.95 transcript=SINT1_53730.5 gene=SINT1_53730
SINT1_53730.5        -            458 177858at33208        -            591   3.9e-40  137.7   2.5   2   3   2.1e-09   3.8e-07   28.8   0.0   207   315    71   198    64   209 0.69 transcript=SINT1_53730.5 gene=SINT1_53730
SINT1_53730.5        -            458 177858at33208        -            591   3.9e-40  137.7   2.5   3   3   5.7e-17     1e-14   53.8   0.1   422   560   302   436   271   457 0.82 transcript=SINT1_53730.5 gene=SINT1_53730
SINT1_53730.6        -            458 177858at33208        -            591   3.9e-40  137.7   2.5   1   3   3.7e-17   6.5e-15   54.4   0.1     2    68     2    68     1    71 0.95 transcript=SINT1_53730.6 gene=SINT1_53730
SINT1_53730.6        -            458 177858at33208        -            591   3.9e-40  137.7   2.5   2   3   2.1e-09   3.8e-07   28.8   0.0   207   315    71   198    64   209 0.69 transcript=SINT1_53730.6 gene=SINT1_53730
SINT1_53730.6        -            458 177858at33208        -            591   3.9e-40  137.7   2.5   3   3   5.7e-17     1e-14   53.8   0.1   422   560   302   436   271   457 0.82 transcript=SINT1_53730.6 gene=SINT1_53730
SINT1_53730.7        -            458 177858at33208        -            591   3.9e-40  137.7   2.5   1   3   3.7e-17   6.5e-15   54.4   0.1     2    68     2    68     1    71 0.95 transcript=SINT1_53730.7 gene=SINT1_53730
SINT1_53730.7        -            458 177858at33208        -            591   3.9e-40  137.7   2.5   2   3   2.1e-09   3.8e-07   28.8   0.0   207   315    71   198    64   209 0.69 transcript=SINT1_53730.7 gene=SINT1_53730
SINT1_53730.7        -            458 177858at33208        -            591   3.9e-40  137.7   2.5   3   3   5.7e-17     1e-14   53.8   0.1   422   560   302   436   271   457 0.82 transcript=SINT1_53730.7 gene=SINT1_53730
SINT1_53730.4        -            439 177858at33208        -            591   9.2e-40  136.5   1.5   1   3   3.4e-17   6.1e-15   54.5   0.1     2    68     2    68     1    71 0.95 transcript=SINT1_53730.4 gene=SINT1_53730
SINT1_53730.4        -            439 177858at33208        -            591   9.2e-40  136.5   1.5   2   3     2e-09   3.5e-07   28.9   0.0   207   315    71   198    64   209 0.69 transcript=SINT1_53730.4 gene=SINT1_53730
SINT1_53730.4        -            439 177858at33208        -            591   9.2e-40  136.5   1.5   3   3     3e-16   5.3e-14   51.4   0.1   422   502   302   383   270   421 0.84 transcript=SINT1_53730.4 gene=SINT1_53730
SINT1_51350.1        -            621 177858at33208        -            591     1e-39  136.3   0.0   1   2   0.00099      0.18   10.0   0.0    37    61   168   192   163   215 0.76 transcript=SINT1_51350.1 gene=SINT1_51350
SINT1_51350.1        -            621 177858at33208        -            591     1e-39  136.3   0.0   2   2   8.3e-38   1.5e-35  122.6   0.0   202   509   212   548   200   571 0.74 transcript=SINT1_51350.1 gene=SINT1_51350
SINT1_51350.2        -            621 177858at33208        -            591     1e-39  136.3   0.0   1   2   0.00099      0.18   10.0   0.0    37    61   168   192   163   215 0.76 transcript=SINT1_51350.2 gene=SINT1_51350
SINT1_51350.2        -            621 177858at33208        -            591     1e-39  136.3   0.0   2   2   8.3e-38   1.5e-35  122.6   0.0   202   509   212   548   200   571 0.74 transcript=SINT1_51350.2 gene=SINT1_51350
SINT1_51350.3        -            621 177858at33208        -            591     1e-39  136.3   0.0   1   2   0.00099      0.18   10.0   0.0    37    61   168   192   163   215 0.76 transcript=SINT1_51350.3 gene=SINT1_51350
SINT1_51350.3        -            621 177858at33208        -            591     1e-39  136.3   0.0   2   2   8.3e-38   1.5e-35  122.6   0.0   202   509   212   548   200   571 0.74 transcript=SINT1_51350.3 gene=SINT1_51350
SINT1_51350.4        -            621 177858at33208        -            591     1e-39  136.3   0.0   1   2   0.00099      0.18   10.0   0.0    37    61   168   192   163   215 0.76 transcript=SINT1_51350.4 gene=SINT1_51350
SINT1_51350.4        -            621 177858at33208        -            591     1e-39  136.3   0.0   2   2   8.3e-38   1.5e-35  122.6   0.0   202   509   212   548   200   571 0.74 transcript=SINT1_51350.4 gene=SINT1_51350
SINT1_45710.1        -            455 177858at33208        -            591   1.1e-39  136.3   1.3   1   3   4.7e-15   8.4e-13   47.4   0.0     2    61     5    64     4    71 0.96 transcript=SINT1_45710.1 gene=SINT1_45710
SINT1_45710.1        -            455 177858at33208        -            591   1.1e-39  136.3   1.3   2   3   1.9e-14   3.5e-12   45.4   0.2   204   337    71   209    65   231 0.76 transcript=SINT1_45710.1 gene=SINT1_45710
SINT1_45710.1        -            455 177858at33208        -            591   1.1e-39  136.3   1.3   3   3   3.1e-13   5.5e-11   41.4   0.0   428   497   288   363   246   418 0.91 transcript=SINT1_45710.1 gene=SINT1_45710
SINT1_45710.2        -            455 177858at33208        -            591   1.1e-39  136.3   1.3   1   3   4.7e-15   8.4e-13   47.4   0.0     2    61     5    64     4    71 0.96 transcript=SINT1_45710.2 gene=SINT1_45710
SINT1_45710.2        -            455 177858at33208        -            591   1.1e-39  136.3   1.3   2   3   1.9e-14   3.5e-12   45.4   0.2   204   337    71   209    65   231 0.76 transcript=SINT1_45710.2 gene=SINT1_45710
SINT1_45710.2        -            455 177858at33208        -            591   1.1e-39  136.3   1.3   3   3   3.1e-13   5.5e-11   41.4   0.0   428   497   288   363   246   418 0.91 transcript=SINT1_45710.2 gene=SINT1_45710
SINT1_33070.1        -            527 177858at33208        -            591   3.6e-39  134.5   0.3   1   3   1.8e-12   3.2e-10   38.9   0.0     2    63    51   112    50   120 0.95 transcript=SINT1_33070.1 gene=SINT1_33070
SINT1_33070.1        -            527 177858at33208        -            591   3.6e-39  134.5   0.3   2   3   3.4e-14     6e-12   44.6   0.1   203   326   120   247   114   256 0.76 transcript=SINT1_33070.1 gene=SINT1_33070
SINT1_33070.1        -            527 177858at33208        -            591   3.6e-39  134.5   0.3   3   3   3.7e-15   6.7e-13   47.8   0.0   418   493   320   396   287   402 0.82 transcript=SINT1_33070.1 gene=SINT1_33070
SINT1_12380.1        -            623 177858at33208        -            591   4.2e-39  134.3   0.7   1   2   0.00017     0.029   12.6   0.0     3    61    11    69     9    76 0.86 transcript=SINT1_12380.1 gene=SINT1_12380
SINT1_12380.1        -            623 177858at33208        -            591   4.2e-39  134.3   0.7   2   2   2.9e-35   5.1e-33  114.2   0.9   204   503    80   366    73   410 0.81 transcript=SINT1_12380.1 gene=SINT1_12380
SINT1_29110.2        -            876 177858at33208        -            591   8.7e-39  133.2   0.0   1   3   5.6e-09   9.9e-07   27.4   0.0     3    60    79   136    77   144 0.93 transcript=SINT1_29110.2 gene=SINT1_29110
SINT1_29110.2        -            876 177858at33208        -            591   8.7e-39  133.2   0.0   2   3   1.5e-13   2.7e-11   42.5   0.0   200   329   145   277   138   286 0.84 transcript=SINT1_29110.2 gene=SINT1_29110
SINT1_29110.2        -            876 177858at33208        -            591   8.7e-39  133.2   0.0   3   3   9.3e-19   1.7e-16   59.7   0.1   388   497   314   422   284   425 0.84 transcript=SINT1_29110.2 gene=SINT1_29110
SINT1_44910.1        -            828 177858at33208        -            591   1.1e-38  132.9   0.2   1   3   1.7e-12     3e-10   39.0   0.1     2    63   286   347   285   355 0.91 transcript=SINT1_44910.1 gene=SINT1_44910
SINT1_44910.1        -            828 177858at33208        -            591   1.1e-38  132.9   0.2   2   3   1.4e-12   2.5e-10   39.2   0.0   204   316   357   473   350   508 0.77 transcript=SINT1_44910.1 gene=SINT1_44910
SINT1_44910.1        -            828 177858at33208        -            591   1.1e-38  132.9   0.2   3   3   3.1e-16   5.6e-14   51.3   0.0   397   495   532   633   498   638 0.88 transcript=SINT1_44910.1 gene=SINT1_44910
SINT1_44910.2        -            840 177858at33208        -            591   1.2e-38  132.8   0.2   1   3   1.7e-12   3.1e-10   39.0   0.1     2    63   298   359   297   367 0.91 transcript=SINT1_44910.2 gene=SINT1_44910
SINT1_44910.2        -            840 177858at33208        -            591   1.2e-38  132.8   0.2   2   3   1.5e-12   2.6e-10   39.2   0.0   204   316   369   485   362   520 0.77 transcript=SINT1_44910.2 gene=SINT1_44910
SINT1_44910.2        -            840 177858at33208        -            591   1.2e-38  132.8   0.2   3   3   3.2e-16   5.7e-14   51.3   0.0   397   495   544   645   510   650 0.88 transcript=SINT1_44910.2 gene=SINT1_44910
SINT1_32390.3        -            530 177858at33208        -            591   1.6e-36  125.8   0.0   1   3     4e-12   7.1e-10   37.8   0.0     2    61   175   234   174   240 0.92 transcript=SINT1_32390.3 gene=SINT1_32390
SINT1_32390.3        -            530 177858at33208        -            591   1.6e-36  125.8   0.0   2   3   1.5e-17   2.7e-15   55.7   0.0   204   316   256   376   247   425 0.78 transcript=SINT1_32390.3 gene=SINT1_32390
SINT1_32390.3        -            530 177858at33208        -            591   1.6e-36  125.8   0.0   3   3     2e-09   3.6e-07   28.9   0.0   398   463   435   503   418   517 0.87 transcript=SINT1_32390.3 gene=SINT1_32390
SINT1_2940.1         -           1008 177858at33208        -            591   2.3e-36  125.2   6.0   1   2   4.4e-18   7.9e-16   57.4   0.4    89   200   599   736   579   750 0.85 transcript=SINT1_2940.1 gene=SINT1_2940
SINT1_2940.1         -           1008 177858at33208        -            591   2.3e-36  125.2   6.0   2   2     7e-22   1.2e-19   70.0   0.8    69   196   762   932   742   936 0.78 transcript=SINT1_2940.1 gene=SINT1_2940
SINT1_2940.5         -            986 177858at33208        -            591   2.6e-36  125.1   6.3   1   2   4.4e-18   7.8e-16   57.5   0.5    89   200   599   736   578   750 0.85 transcript=SINT1_2940.5 gene=SINT1_2940
SINT1_2940.5         -            986 177858at33208        -            591   2.6e-36  125.1   6.3   2   2   6.8e-22   1.2e-19   70.0   0.8    69   196   762   932   742   936 0.78 transcript=SINT1_2940.5 gene=SINT1_2940
SINT1_2940.3         -           1086 177858at33208        -            591   2.9e-36  124.9   6.0   1   2   4.9e-18   8.7e-16   57.3   0.4    89   200   599   736   579   750 0.85 transcript=SINT1_2940.3 gene=SINT1_2940
SINT1_2940.3         -           1086 177858at33208        -            591   2.9e-36  124.9   6.0   2   2   7.9e-22   1.4e-19   69.8   0.7    69   196   762   932   743   936 0.78 transcript=SINT1_2940.3 gene=SINT1_2940
SINT1_2940.4         -           1086 177858at33208        -            591   2.9e-36  124.9   6.0   1   2   4.9e-18   8.7e-16   57.3   0.4    89   200   599   736   579   750 0.85 transcript=SINT1_2940.4 gene=SINT1_2940
SINT1_2940.4         -           1086 177858at33208        -            591   2.9e-36  124.9   6.0   2   2   7.9e-22   1.4e-19   69.8   0.7    69   196   762   932   743   936 0.78 transcript=SINT1_2940.4 gene=SINT1_2940
SINT1_2940.2         -           1050 177858at33208        -            591   3.2e-36  124.8   6.3   1   2   4.9e-18   8.7e-16   57.3   0.4    89   200   599   736   582   750 0.86 transcript=SINT1_2940.2 gene=SINT1_2940
SINT1_2940.2         -           1050 177858at33208        -            591   3.2e-36  124.8   6.3   2   2   8.3e-22   1.5e-19   69.7   0.9    69   196   762   932   743   936 0.78 transcript=SINT1_2940.2 gene=SINT1_2940
SINT1_32880.1        -            712 177858at33208        -            591   1.1e-33  116.4   0.0   1   3   3.6e-07   6.3e-05   21.4   0.0     8    60   112   165   106   171 0.79 transcript=SINT1_32880.1 gene=SINT1_32880
SINT1_32880.1        -            712 177858at33208        -            591   1.1e-33  116.4   0.0   2   3   2.8e-16     5e-14   51.5   0.0   201   316   176   310   172   332 0.72 transcript=SINT1_32880.1 gene=SINT1_32880
SINT1_32880.1        -            712 177858at33208        -            591   1.1e-33  116.4   0.0   3   3     1e-12   1.9e-10   39.7   0.0   416   493   436   514   419   519 0.86 transcript=SINT1_32880.1 gene=SINT1_32880
SINT1_56820.1        -            300 177858at33208        -            591   1.7e-33  115.8   0.4   1   2     5e-15   8.9e-13   47.4   0.1   232   358    24   151     2   159 0.84 transcript=SINT1_56820.1 gene=SINT1_56820
SINT1_56820.1        -            300 177858at33208        -            591   1.7e-33  115.8   0.4   2   2   5.2e-21   9.2e-19   67.1   0.0   392   497   163   271   152   289 0.86 transcript=SINT1_56820.1 gene=SINT1_56820
SINT1_48620.1        -            749 177858at33208        -            591   2.7e-32  111.8   0.1   1   2   2.8e-05     0.005   15.2   0.1     5    62    65   122    61   127 0.87 transcript=SINT1_48620.1 gene=SINT1_48620
SINT1_48620.1        -            749 177858at33208        -            591   2.7e-32  111.8   0.1   2   2   6.2e-28   1.1e-25   90.0   0.0   206   504   130   434   123   446 0.80 transcript=SINT1_48620.1 gene=SINT1_48620
SINT1_46380.1        -            580 177858at33208        -            591   1.5e-30  106.0   0.1   1   3   3.9e-13   6.9e-11   41.1   0.0     3    61     7    65     5    75 0.92 transcript=SINT1_46380.1 gene=SINT1_46380
SINT1_46380.1        -            580 177858at33208        -            591   1.5e-30  106.0   0.1   2   3   6.4e-09   1.1e-06   27.2   0.1   204   335    77   213    69   221 0.73 transcript=SINT1_46380.1 gene=SINT1_46380
SINT1_46380.1        -            580 177858at33208        -            591   1.5e-30  106.0   0.1   3   3   4.8e-11   8.5e-09   34.2   0.0   443   499   331   390   309   397 0.86 transcript=SINT1_46380.1 gene=SINT1_46380
SINT1_90050.4        -            586 177858at33208        -            591   2.7e-29  101.9   0.0   1   3   3.2e-09   5.7e-07   28.2   0.0    10    74    10    74     2   126 0.82 transcript=SINT1_90050.4 gene=SINT1_90050
SINT1_90050.4        -            586 177858at33208        -            591   2.7e-29  101.9   0.0   2   3   3.1e-12   5.6e-10   38.1   0.0   201   294   158   262   152   274 0.82 transcript=SINT1_90050.4 gene=SINT1_90050
SINT1_90050.4        -            586 177858at33208        -            591   2.7e-29  101.9   0.0   3   3   2.8e-10   4.9e-08   31.7   0.0   422   497   481   566   472   575 0.86 transcript=SINT1_90050.4 gene=SINT1_90050
SINT1_90050.2        -            718 177858at33208        -            591   4.9e-29  101.0   0.0   1   3   4.4e-09   7.8e-07   27.7   0.0    10    74    10    74     2   125 0.82 transcript=SINT1_90050.2 gene=SINT1_90050
SINT1_90050.2        -            718 177858at33208        -            591   4.9e-29  101.0   0.0   2   3   4.3e-12   7.6e-10   37.7   0.0   201   294   158   262   152   274 0.82 transcript=SINT1_90050.2 gene=SINT1_90050
SINT1_90050.2        -            718 177858at33208        -            591   4.9e-29  101.0   0.0   3   3   2.7e-10   4.8e-08   31.7   0.0   422   497   481   566   472   614 0.86 transcript=SINT1_90050.2 gene=SINT1_90050
SINT1_32390.2        -            413 177858at33208        -            591   1.8e-27   95.9   0.0   1   2   2.8e-12     5e-10   38.3   0.0     2    61   175   234   174   240 0.92 transcript=SINT1_32390.2 gene=SINT1_32390
SINT1_32390.2        -            413 177858at33208        -            591   1.8e-27   95.9   0.0   2   2   1.6e-17   2.8e-15   55.6   0.0   204   299   256   358   246   384 0.79 transcript=SINT1_32390.2 gene=SINT1_32390
SINT1_15990.5        -           1114 177858at33208        -            591   6.2e-27   94.1   0.1   1   2   1.4e-10   2.4e-08   32.7   0.0    97   196   579   717   538   722 0.69 transcript=SINT1_15990.5 gene=SINT1_15990
SINT1_15990.5        -           1114 177858at33208        -            591   6.2e-27   94.1   0.1   2   2   2.5e-18   4.4e-16   58.3   0.1    69   194   752   920   739   925 0.69 transcript=SINT1_15990.5 gene=SINT1_15990
SINT1_15990.2        -           1117 177858at33208        -            591   6.2e-27   94.1   0.1   1   2   1.4e-10   2.4e-08   32.7   0.0    97   196   566   704   525   709 0.69 transcript=SINT1_15990.2 gene=SINT1_15990
SINT1_15990.2        -           1117 177858at33208        -            591   6.2e-27   94.1   0.1   2   2   2.5e-18   4.4e-16   58.3   0.1    69   194   739   907   726   912 0.69 transcript=SINT1_15990.2 gene=SINT1_15990
SINT1_15990.6        -           1130 177858at33208        -            591   6.5e-27   94.1   0.1   1   2   1.4e-10   2.5e-08   32.7   0.0    97   196   579   717   538   722 0.69 transcript=SINT1_15990.6 gene=SINT1_15990
SINT1_15990.6        -           1130 177858at33208        -            591   6.5e-27   94.1   0.1   2   2   2.5e-18   4.5e-16   58.2   0.1    69   194   752   920   739   925 0.69 transcript=SINT1_15990.6 gene=SINT1_15990
SINT1_15990.1        -           1139 177858at33208        -            591   6.6e-27   94.0   0.1   1   2   1.4e-10   2.5e-08   32.7   0.0    97   196   566   704   525   709 0.69 transcript=SINT1_15990.1 gene=SINT1_15990
SINT1_15990.1        -           1139 177858at33208        -            591   6.6e-27   94.0   0.1   2   2   2.6e-18   4.5e-16   58.2   0.1    69   194   739   907   726   912 0.69 transcript=SINT1_15990.1 gene=SINT1_15990
SINT1_15990.3        -           1141 177858at33208        -            591   6.7e-27   94.0   0.1   1   2   1.4e-10   2.5e-08   32.7   0.0    97   196   568   706   527   711 0.69 transcript=SINT1_15990.3 gene=SINT1_15990
SINT1_15990.3        -           1141 177858at33208        -            591   6.7e-27   94.0   0.1   2   2   2.6e-18   4.6e-16   58.2   0.1    69   194   741   909   728   914 0.69 transcript=SINT1_15990.3 gene=SINT1_15990
SINT1_15990.4        -           1152 177858at33208        -            591   6.9e-27   94.0   0.1   1   2   1.4e-10   2.6e-08   32.6   0.0    97   196   579   717   538   722 0.69 transcript=SINT1_15990.4 gene=SINT1_15990
SINT1_15990.4        -           1152 177858at33208        -            591   6.9e-27   94.0   0.1   2   2   2.6e-18   4.6e-16   58.2   0.1    69   194   752   920   739   925 0.69 transcript=SINT1_15990.4 gene=SINT1_15990
SINT1_11560.1        -            607 177858at33208        -            591   2.2e-26   92.3   0.0   1   4   9.9e-09   1.8e-06   26.6   0.0    12    64    70   122    62   139 0.87 transcript=SINT1_11560.1 gene=SINT1_11560
SINT1_11560.1        -            607 177858at33208        -            591   2.2e-26   92.3   0.0   2   4       4.7   8.3e+02   -2.1   0.0   202   231   144   173   128   189 0.73 transcript=SINT1_11560.1 gene=SINT1_11560
SINT1_11560.1        -            607 177858at33208        -            591   2.2e-26   92.3   0.0   3   4    0.0071       1.3    7.2   0.0   248   288   219   264   191   275 0.81 transcript=SINT1_11560.1 gene=SINT1_11560
SINT1_11560.1        -            607 177858at33208        -            591   2.2e-26   92.3   0.0   4   4   5.1e-17     9e-15   53.9   0.0   428   495   423   490   410   495 0.90 transcript=SINT1_11560.1 gene=SINT1_11560
SINT1_90310.1        -            745 177858at33208        -            591   1.6e-25   89.5   0.2   1   2   1.8e-07   3.2e-05   22.4   0.0     3    65    26    88    24    95 0.86 transcript=SINT1_90310.1 gene=SINT1_90310
SINT1_90310.1        -            745 177858at33208        -            591   1.6e-25   89.5   0.2   2   2     1e-19   1.8e-17   62.8   0.0   202   493    93   386    88   391 0.78 transcript=SINT1_90310.1 gene=SINT1_90310
SINT1_78150.1        -            601 177858at33208        -            591     2e-25   89.1   5.7   1   3   0.00012     0.021   13.1   0.0    38    67   101   130    68   134 0.78 transcript=SINT1_78150.1 gene=SINT1_78150
SINT1_78150.1        -            601 177858at33208        -            591     2e-25   89.1   5.7   2   3   7.9e-08   1.4e-05   23.6   0.1   207   288   135   232   131   243 0.71 transcript=SINT1_78150.1 gene=SINT1_78150
SINT1_78150.1        -            601 177858at33208        -            591     2e-25   89.1   5.7   3   3   9.7e-17   1.7e-14   53.0   1.4   387   517   398   530   380   586 0.73 transcript=SINT1_78150.1 gene=SINT1_78150
SINT1_78150.2        -            516 177858at33208        -            591   4.2e-25   88.1   6.9   1   3    0.0002     0.036   12.3   0.0    40    67    18    45     6    49 0.88 transcript=SINT1_78150.2 gene=SINT1_78150
SINT1_78150.2        -            516 177858at33208        -            591   4.2e-25   88.1   6.9   2   3   6.6e-08   1.2e-05   23.9   0.1   207   288    50   147    47   158 0.70 transcript=SINT1_78150.2 gene=SINT1_78150
SINT1_78150.2        -            516 177858at33208        -            591   4.2e-25   88.1   6.9   3   3   7.3e-17   1.3e-14   53.4   1.4   387   517   313   445   295   501 0.73 transcript=SINT1_78150.2 gene=SINT1_78150
SINT1_53730.3        -            395 177858at33208        -            591   2.9e-24   85.3   0.4   1   2   1.6e-09   2.8e-07   29.2   0.0   207   315     8   135     1   146 0.69 transcript=SINT1_53730.3 gene=SINT1_53730
SINT1_53730.3        -            395 177858at33208        -            591   2.9e-24   85.3   0.4   2   2   4.1e-17   7.4e-15   54.2   0.1   422   560   239   373   207   394 0.82 transcript=SINT1_53730.3 gene=SINT1_53730
SINT1_93680.1        -            628 177858at33208        -            591     5e-24   84.5   3.0   1   3   5.2e-10   9.2e-08   30.8   0.0    10    73    14    77     8   105 0.93 transcript=SINT1_93680.1 gene=SINT1_93680
SINT1_93680.1        -            628 177858at33208        -            591     5e-24   84.5   3.0   2   3    0.0013      0.24    9.6   0.1   248   295   141   203    79   230 0.75 transcript=SINT1_93680.1 gene=SINT1_93680
SINT1_93680.1        -            628 177858at33208        -            591     5e-24   84.5   3.0   3   3   1.2e-13   2.1e-11   42.8   0.2   383   497   278   399   236   407 0.84 transcript=SINT1_93680.1 gene=SINT1_93680
SINT1_93680.2        -            628 177858at33208        -            591     5e-24   84.5   3.0   1   3   5.2e-10   9.2e-08   30.8   0.0    10    73    14    77     8   105 0.93 transcript=SINT1_93680.2 gene=SINT1_93680
SINT1_93680.2        -            628 177858at33208        -            591     5e-24   84.5   3.0   2   3    0.0013      0.24    9.6   0.1   248   295   141   203    79   230 0.75 transcript=SINT1_93680.2 gene=SINT1_93680
SINT1_93680.2        -            628 177858at33208        -            591     5e-24   84.5   3.0   3   3   1.2e-13   2.1e-11   42.8   0.2   383   497   278   399   236   407 0.84 transcript=SINT1_93680.2 gene=SINT1_93680
SINT1_93680.3        -            628 177858at33208        -            591     5e-24   84.5   3.0   1   3   5.2e-10   9.2e-08   30.8   0.0    10    73    14    77     8   105 0.93 transcript=SINT1_93680.3 gene=SINT1_93680
SINT1_93680.3        -            628 177858at33208        -            591     5e-24   84.5   3.0   2   3    0.0013      0.24    9.6   0.1   248   295   141   203    79   230 0.75 transcript=SINT1_93680.3 gene=SINT1_93680
SINT1_93680.3        -            628 177858at33208        -            591     5e-24   84.5   3.0   3   3   1.2e-13   2.1e-11   42.8   0.2   383   497   278   399   236   407 0.84 transcript=SINT1_93680.3 gene=SINT1_93680
SINT1_93680.4        -            641 177858at33208        -            591   6.5e-24   84.1   3.3   1   3   6.6e-10   1.2e-07   30.5   0.0    10    72    14    76     8    81 0.93 transcript=SINT1_93680.4 gene=SINT1_93680
SINT1_93680.4        -            641 177858at33208        -            591   6.5e-24   84.1   3.3   2   3    0.0015      0.26    9.5   0.1   248   294   141   202    78   222 0.74 transcript=SINT1_93680.4 gene=SINT1_93680
SINT1_93680.4        -            641 177858at33208        -            591   6.5e-24   84.1   3.3   3   3   1.5e-13   2.6e-11   42.5   0.4   383   497   278   399   265   407 0.81 transcript=SINT1_93680.4 gene=SINT1_93680
SINT1_55490.1        -            446 177858at33208        -            591     3e-22   78.6   0.0   1   3    0.0091       1.6    6.9   0.0     2    61    76   137    75   145 0.81 transcript=SINT1_55490.1 gene=SINT1_55490
SINT1_55490.1        -            446 177858at33208        -            591     3e-22   78.6   0.0   2   3     2e-06   0.00036   18.9   0.0   206   317   146   265   139   281 0.79 transcript=SINT1_55490.1 gene=SINT1_55490
SINT1_55490.1        -            446 177858at33208        -            591     3e-22   78.6   0.0   3   3   1.1e-15     2e-13   49.5   0.0   394   497   319   431   306   440 0.84 transcript=SINT1_55490.1 gene=SINT1_55490
SINT1_55490.2        -            460 177858at33208        -            591     3e-22   78.6   0.0   1   3    0.0095       1.7    6.8   0.0     2    61    76   137    75   145 0.81 transcript=SINT1_55490.2 gene=SINT1_55490
SINT1_55490.2        -            460 177858at33208        -            591     3e-22   78.6   0.0   2   3   2.1e-06   0.00038   18.9   0.0   206   317   146   265   139   281 0.79 transcript=SINT1_55490.2 gene=SINT1_55490
SINT1_55490.2        -            460 177858at33208        -            591     3e-22   78.6   0.0   3   3   1.1e-15   1.9e-13   49.6   0.0   394   497   319   431   306   450 0.85 transcript=SINT1_55490.2 gene=SINT1_55490
SINT1_90050.1        -            533 177858at33208        -            591   2.8e-16   58.9   0.0   1   2   4.7e-08   8.4e-06   24.3   0.0   227   294     2    77     1    89 0.85 transcript=SINT1_90050.1 gene=SINT1_90050
SINT1_90050.1        -            533 177858at33208        -            591   2.8e-16   58.9   0.0   2   2   1.7e-10   3.1e-08   32.4   0.0   422   497   296   381   287   429 0.86 transcript=SINT1_90050.1 gene=SINT1_90050
SINT1_90050.3        -            533 177858at33208        -            591   2.8e-16   58.9   0.0   1   2   4.7e-08   8.4e-06   24.3   0.0   227   294     2    77     1    89 0.85 transcript=SINT1_90050.3 gene=SINT1_90050
SINT1_90050.3        -            533 177858at33208        -            591   2.8e-16   58.9   0.0   2   2   1.7e-10   3.1e-08   32.4   0.0   422   497   296   381   287   429 0.86 transcript=SINT1_90050.3 gene=SINT1_90050
SINT1_19250.2        -           1163 177858at33208        -            591   3.2e-16   58.7   0.2   1   1   2.7e-18   4.8e-16   58.2   0.2   109   196   239   343   216   351 0.88 transcript=SINT1_19250.2 gene=SINT1_19250
SINT1_19250.1        -           1370 177858at33208        -            591   3.7e-16   58.5   0.2   1   1   3.3e-18   5.8e-16   57.9   0.2   109   196   239   343   217   350 0.88 transcript=SINT1_19250.1 gene=SINT1_19250
SINT1_19250.3        -           1383 177858at33208        -            591   3.7e-16   58.5   0.2   1   1   3.3e-18   5.9e-16   57.9   0.2   109   196   239   343   217   350 0.88 transcript=SINT1_19250.3 gene=SINT1_19250
SINT1_57550.1        -           1135 177858at33208        -            591   4.9e-05   21.8   0.0   1   1   4.5e-07     8e-05   21.1   0.0   408   489   638   720   607   733 0.83 transcript=SINT1_57550.1 gene=SINT1_57550
SINT1_57550.2        -           1135 177858at33208        -            591   4.9e-05   21.8   0.0   1   1   4.5e-07     8e-05   21.1   0.0   408   489   638   720   607   733 0.83 transcript=SINT1_57550.2 gene=SINT1_57550
SINT1_62860.3        -           1090 177858at33208        -            591   5.9e-05   21.5   0.0   1   2      0.26        46    2.1   0.0    32    60    32    60    14    90 0.87 transcript=SINT1_62860.3 gene=SINT1_62860
SINT1_62860.3        -           1090 177858at33208        -            591   5.9e-05   21.5   0.0   2   2   9.3e-06    0.0017   16.8   0.0   393   486   273   369   267   391 0.83 transcript=SINT1_62860.3 gene=SINT1_62860
SINT1_62860.1        -           1124 177858at33208        -            591   6.1e-05   21.5   0.0   1   2      0.27        48    2.0   0.0    32    60    32    60    14    90 0.87 transcript=SINT1_62860.1 gene=SINT1_62860
SINT1_62860.1        -           1124 177858at33208        -            591   6.1e-05   21.5   0.0   2   2   9.6e-06    0.0017   16.7   0.0   393   486   273   369   267   391 0.83 transcript=SINT1_62860.1 gene=SINT1_62860
SINT1_7120.1         -            729 177858at33208        -            591     8e-05   21.1   0.2   1   2   8.3e-05     0.015   13.6   0.1    77   162   438   536   416   543 0.66 transcript=SINT1_7120.1 gene=SINT1_7120
SINT1_7120.1         -            729 177858at33208        -            591     8e-05   21.1   0.2   2   2     0.028         5    5.2   0.0   163   198   637   678   629   687 0.79 transcript=SINT1_7120.1 gene=SINT1_7120
SINT1_77640.1        -            660 177858at33208        -            591   0.00014   20.3   0.0   1   2     0.013       2.3    6.4   0.0    27    61    96   130    79   148 0.90 transcript=SINT1_77640.1 gene=SINT1_77640
SINT1_77640.1        -            660 177858at33208        -            591   0.00014   20.3   0.0   2   2   0.00035     0.062   11.6   0.0   384   487   327   434   305   444 0.82 transcript=SINT1_77640.1 gene=SINT1_77640
SINT1_62740.2        -           1095 177858at33208        -            591    0.0027   16.1   0.2   1   1   3.2e-05    0.0057   15.0   0.2   394   486   605   701   584   720 0.81 transcript=SINT1_62740.2 gene=SINT1_62740
SINT1_62740.5        -           1105 177858at33208        -            591    0.0027   16.0   0.2   1   1   3.2e-05    0.0058   15.0   0.2   394   486   591   687   570   706 0.81 transcript=SINT1_62740.5 gene=SINT1_62740
SINT1_62740.1        -           1119 177858at33208        -            591    0.0028   16.0   0.2   1   1   3.3e-05    0.0059   14.9   0.2   394   486   605   701   584   720 0.81 transcript=SINT1_62740.1 gene=SINT1_62740
SINT1_62740.6        -           1119 177858at33208        -            591    0.0028   16.0   0.2   1   1   3.3e-05    0.0059   14.9   0.2   394   486   605   701   584   720 0.81 transcript=SINT1_62740.6 gene=SINT1_62740
SINT1_62740.7        -           1119 177858at33208        -            591    0.0028   16.0   0.2   1   1   3.3e-05    0.0059   14.9   0.2   394   486   605   701   584   720 0.81 transcript=SINT1_62740.7 gene=SINT1_62740
SINT1_62740.4        -           1129 177858at33208        -            591    0.0028   16.0   0.2   1   1   3.3e-05    0.0059   14.9   0.2   394   486   615   711   594   730 0.81 transcript=SINT1_62740.4 gene=SINT1_62740
SINT1_62740.3        -           1014 177858at33208        -            591    0.0038   15.5   0.8   1   1   2.9e-05    0.0051   15.1   0.2   394   486   605   701   583   718 0.81 transcript=SINT1_62740.3 gene=SINT1_62740
SINT1_62740.8        -           1016 177858at33208        -            591     0.004   15.5   0.9   1   1   2.8e-05    0.0051   15.1   0.2   394   486   605   701   583   721 0.81 transcript=SINT1_62740.8 gene=SINT1_62740
SINT1_62740.9        -           1068 177858at33208        -            591    0.0045   15.3   1.0   1   1   3.1e-05    0.0055   15.0   0.2   394   486   605   701   584   721 0.81 transcript=SINT1_62740.9 gene=SINT1_62740
SINT1_11940.2        -           1041 177858at33208        -            591    0.0069   14.7   0.2   1   1   5.7e-05      0.01   14.1   0.2    98   177    88   182    61   213 0.77 transcript=SINT1_11940.2 gene=SINT1_11940
SINT1_11940.1        -            952 177858at33208        -            591     0.046   12.0   0.2   1   1   0.00037     0.067   11.4   0.2   123   177    33    93    15   124 0.80 transcript=SINT1_11940.1 gene=SINT1_11940
#
# Program:         hmmsearch
# Version:         3.4 (Aug 2023)
# Pipeline mode:   SEARCH
# Query file:      /users/40483456/busco_datasets/busco_downloads/lineages/metazoa_odb10/hmms/177858at33208.hmm
# Target file:     /users/40483456/protein/schistosoma_intercalatum.fa
# Option settings: hmmsearch --domtblout /users/40483456/busco/results_pro/schistosoma_intercalatum_busco/run_metazoa_odb10/hmmer_output/initial_run_results/177858at33208.out --cpu 1 /users/40483456/busco_datasets/busco_downloads/lineages/metazoa_odb10/hmms/177858at33208.hmm /users/40483456/protein/schistosoma_intercalatum.fa 
# Current dir:     /users/40483456
# Date:            Thu Jan 15 17:51:51 2026
# [ok]
