#                                                                            --- full sequence --- -------------- this domain -------------   hmm coord   ali coord   env coord
# target name        accession   tlen query name           accession   qlen   E-value  score  bias   #  of  c-Evalue  i-Evalue  score  bias  from    to  from    to  from    to  acc description of target
#------------------- ---------- ----- -------------------- ---------- ----- --------- ------ ----- --- --- --------- --------- ------ ----- ----- ----- ----- ----- ----- ----- ---- ---------------------
SINT1_13340.1        -            637 200997at33208        -            506  4.1e-144  481.0  19.0   1   3  4.4e-106  1.9e-102  343.5   5.3     5   294    12   314     8   321 0.93 transcript=SINT1_13340.1 gene=SINT1_13340
SINT1_13340.1        -            637 200997at33208        -            506  4.1e-144  481.0  19.0   2   3   1.2e-23   5.2e-20   71.6   5.4   295   412   343   478   334   490 0.83 transcript=SINT1_13340.1 gene=SINT1_13340
SINT1_13340.1        -            637 200997at33208        -            506  4.1e-144  481.0  19.0   3   3   2.2e-22     1e-18   67.3   0.0   394   505   507   631   497   632 0.75 transcript=SINT1_13340.1 gene=SINT1_13340
SINT1_62000.4        -            484 200997at33208        -            506      0.34    9.5   9.3   1   3     0.031   1.4e+02    0.9   0.7   374   417    21    64     5    72 0.67 transcript=SINT1_62000.4 gene=SINT1_62000
SINT1_62000.4        -            484 200997at33208        -            506      0.34    9.5   9.3   2   3   6.5e-05      0.29    9.7   0.2   376   451    74   156    61   164 0.72 transcript=SINT1_62000.4 gene=SINT1_62000
SINT1_62000.4        -            484 200997at33208        -            506      0.34    9.5   9.3   3   3    0.0068        30    3.1   0.2   383   463   166   251   162   256 0.78 transcript=SINT1_62000.4 gene=SINT1_62000
SINT1_62000.3        -            485 200997at33208        -            506       0.4    9.3   9.3   1   3     0.031   1.4e+02    0.9   0.7   374   417    21    64     5    72 0.67 transcript=SINT1_62000.3 gene=SINT1_62000
SINT1_62000.3        -            485 200997at33208        -            506       0.4    9.3   9.3   2   3   6.5e-05      0.29    9.7   0.2   376   451    74   156    61   164 0.72 transcript=SINT1_62000.3 gene=SINT1_62000
SINT1_62000.3        -            485 200997at33208        -            506       0.4    9.3   9.3   3   3    0.0068        30    3.1   0.2   383   463   166   251   162   256 0.78 transcript=SINT1_62000.3 gene=SINT1_62000
SINT1_62000.1        -            643 200997at33208        -            506       0.8    8.3   9.2   1   3     0.046   2.1e+02    0.3   0.7   374   417    21    64     5    72 0.67 transcript=SINT1_62000.1 gene=SINT1_62000
SINT1_62000.1        -            643 200997at33208        -            506       0.8    8.3   9.2   2   3    0.0001      0.44    9.1   0.2   376   451    74   156    61   163 0.72 transcript=SINT1_62000.1 gene=SINT1_62000
SINT1_62000.1        -            643 200997at33208        -            506       0.8    8.3   9.2   3   3    0.0099        44    2.5   0.2   383   463   166   251   161   256 0.78 transcript=SINT1_62000.1 gene=SINT1_62000
#
# Program:         hmmsearch
# Version:         3.4 (Aug 2023)
# Pipeline mode:   SEARCH
# Query file:      /users/40483456/busco_datasets/busco_downloads/lineages/metazoa_odb10/hmms/200997at33208.hmm
# Target file:     /users/40483456/protein/schistosoma_intercalatum.fa
# Option settings: hmmsearch --domtblout /users/40483456/busco/results_pro/schistosoma_intercalatum_busco/run_metazoa_odb10/hmmer_output/initial_run_results/200997at33208.out --cpu 1 /users/40483456/busco_datasets/busco_downloads/lineages/metazoa_odb10/hmms/200997at33208.hmm /users/40483456/protein/schistosoma_intercalatum.fa 
# Current dir:     /users/40483456
# Date:            Thu Jan 15 17:51:39 2026
# [ok]
