#                                                                            --- full sequence --- -------------- this domain -------------   hmm coord   ali coord   env coord
# target name        accession   tlen query name           accession   qlen   E-value  score  bias   #  of  c-Evalue  i-Evalue  score  bias  from    to  from    to  from    to  acc description of target
#------------------- ---------- ----- -------------------- ---------- ----- --------- ------ ----- --- --- --------- --------- ------ ----- ----- ----- ----- ----- ----- ----- ---- ---------------------
SINT1_17790.3        -            606 245482at33208        -            406  6.5e-120  400.8  27.3   1   3   1.6e-73     7e-70  236.0   7.2     1   212     6   251     6   255 0.90 transcript=SINT1_17790.3 gene=SINT1_17790
SINT1_17790.3        -            606 245482at33208        -            406  6.5e-120  400.8  27.3   2   3   8.1e-48   3.6e-44  151.3   0.0   229   349   301   421   268   428 0.86 transcript=SINT1_17790.3 gene=SINT1_17790
SINT1_17790.3        -            606 245482at33208        -            406  6.5e-120  400.8  27.3   3   3   1.9e-06    0.0084   15.1   8.3   361   402   544   585   528   592 0.82 transcript=SINT1_17790.3 gene=SINT1_17790
SINT1_17790.4        -            606 245482at33208        -            406  6.5e-120  400.8  27.3   1   3   1.6e-73     7e-70  236.0   7.2     1   212     6   251     6   255 0.90 transcript=SINT1_17790.4 gene=SINT1_17790
SINT1_17790.4        -            606 245482at33208        -            406  6.5e-120  400.8  27.3   2   3   8.1e-48   3.6e-44  151.3   0.0   229   349   301   421   268   428 0.86 transcript=SINT1_17790.4 gene=SINT1_17790
SINT1_17790.4        -            606 245482at33208        -            406  6.5e-120  400.8  27.3   3   3   1.9e-06    0.0084   15.1   8.3   361   402   544   585   528   592 0.82 transcript=SINT1_17790.4 gene=SINT1_17790
SINT1_17790.2        -            595 245482at33208        -            406  6.8e-120  400.7  27.5   1   3   1.5e-73   6.7e-70  236.1   7.2     1   212     6   251     6   255 0.90 transcript=SINT1_17790.2 gene=SINT1_17790
SINT1_17790.2        -            595 245482at33208        -            406  6.8e-120  400.7  27.5   2   3   7.9e-48   3.5e-44  151.4   0.0   229   349   301   421   268   428 0.86 transcript=SINT1_17790.2 gene=SINT1_17790
SINT1_17790.2        -            595 245482at33208        -            406  6.8e-120  400.7  27.5   3   3   1.9e-06    0.0083   15.1   8.3   361   402   544   585   528   592 0.82 transcript=SINT1_17790.2 gene=SINT1_17790
SINT1_17790.1        -            598 245482at33208        -            406  7.1e-120  400.7  27.5   1   3   1.5e-73   6.8e-70  236.0   7.2     1   212     6   251     6   255 0.90 transcript=SINT1_17790.1 gene=SINT1_17790
SINT1_17790.1        -            598 245482at33208        -            406  7.1e-120  400.7  27.5   2   3   7.9e-48   3.5e-44  151.4   0.0   229   349   301   421   268   428 0.86 transcript=SINT1_17790.1 gene=SINT1_17790
SINT1_17790.1        -            598 245482at33208        -            406  7.1e-120  400.7  27.5   3   3   1.9e-06    0.0084   15.1   8.3   361   402   544   585   528   592 0.82 transcript=SINT1_17790.1 gene=SINT1_17790
#
# Program:         hmmsearch
# Version:         3.4 (Aug 2023)
# Pipeline mode:   SEARCH
# Query file:      /users/40483456/busco_datasets/busco_downloads/lineages/metazoa_odb10/hmms/245482at33208.hmm
# Target file:     /users/40483456/protein/schistosoma_intercalatum.fa
# Option settings: hmmsearch --domtblout /users/40483456/busco/results_pro/schistosoma_intercalatum_busco/run_metazoa_odb10/hmmer_output/initial_run_results/245482at33208.out --cpu 1 /users/40483456/busco_datasets/busco_downloads/lineages/metazoa_odb10/hmms/245482at33208.hmm /users/40483456/protein/schistosoma_intercalatum.fa 
# Current dir:     /users/40483456
# Date:            Thu Jan 15 17:51:47 2026
# [ok]
