#                                                                            --- full sequence --- -------------- this domain -------------   hmm coord   ali coord   env coord
# target name        accession   tlen query name           accession   qlen   E-value  score  bias   #  of  c-Evalue  i-Evalue  score  bias  from    to  from    to  from    to  acc description of target
#------------------- ---------- ----- -------------------- ---------- ----- --------- ------ ----- --- --- --------- --------- ------ ----- ----- ----- ----- ----- ----- ----- ---- ---------------------
SINT1_30460.1        -            473 315044at33208        -            407     7e-78  262.1  20.3   1   2   5.1e-74   3.5e-71  240.1  18.4    32   363     2   404     1   421 0.76 transcript=SINT1_30460.1 gene=SINT1_30460
SINT1_30460.1        -            473 315044at33208        -            407     7e-78  262.1  20.3   2   2   7.3e-07    0.0005   18.9   0.1   323   407   389   473   387   473 0.89 transcript=SINT1_30460.1 gene=SINT1_30460
SINT1_30460.2        -            473 315044at33208        -            407     7e-78  262.1  20.3   1   2   5.1e-74   3.5e-71  240.1  18.4    32   363     2   404     1   421 0.76 transcript=SINT1_30460.2 gene=SINT1_30460
SINT1_30460.2        -            473 315044at33208        -            407     7e-78  262.1  20.3   2   2   7.3e-07    0.0005   18.9   0.1   323   407   389   473   387   473 0.89 transcript=SINT1_30460.2 gene=SINT1_30460
SINT1_30460.3        -            442 315044at33208        -            407   7.3e-74  248.9  18.1   1   1   2.5e-74   1.7e-71  241.1  18.1    32   364     2   405     1   435 0.76 transcript=SINT1_30460.3 gene=SINT1_30460
SINT1_58470.1        -            448 315044at33208        -            407   8.1e-09   34.7   6.9   1   4   1.4e-05    0.0093   14.7   0.2   234   322    56   145    31   149 0.83 transcript=SINT1_58470.1 gene=SINT1_58470
SINT1_58470.1        -            448 315044at33208        -            407   8.1e-09   34.7   6.9   2   4     0.025        17    3.9   0.0   289   324   179   214   158   222 0.86 transcript=SINT1_58470.1 gene=SINT1_58470
SINT1_58470.1        -            448 315044at33208        -            407   8.1e-09   34.7   6.9   3   4   2.1e-06    0.0015   17.4   0.1   273   337   231   298   215   340 0.78 transcript=SINT1_58470.1 gene=SINT1_58470
SINT1_58470.1        -            448 315044at33208        -            407   8.1e-09   34.7   6.9   4   4       1.1   7.5e+02   -1.4   0.1   294   319   345   370   335   375 0.59 transcript=SINT1_58470.1 gene=SINT1_58470
SINT1_49470.2        -           1009 315044at33208        -            407   0.00052   18.8  13.9   1   3      0.03        20    3.7   0.1   251   326    38   113     9   119 0.88 transcript=SINT1_49470.2 gene=SINT1_49470
SINT1_49470.2        -           1009 315044at33208        -            407   0.00052   18.8  13.9   2   3     9e-05     0.062   12.0   3.1   217   367   136   302   115   313 0.70 transcript=SINT1_49470.2 gene=SINT1_49470
SINT1_49470.2        -           1009 315044at33208        -            407   0.00052   18.8  13.9   3   3    0.0006      0.41    9.3   0.8   213   322   268   381   263   404 0.75 transcript=SINT1_49470.2 gene=SINT1_49470
SINT1_49470.4        -           1045 315044at33208        -            407   0.00064   18.5  15.0   1   3     0.016        11    4.6   0.3   241   326    63   149    24   155 0.77 transcript=SINT1_49470.4 gene=SINT1_49470
SINT1_49470.4        -           1045 315044at33208        -            407   0.00064   18.5  15.0   2   3   7.8e-05     0.054   12.2   1.9   217   364   172   335   151   338 0.66 transcript=SINT1_49470.4 gene=SINT1_49470
SINT1_49470.4        -           1045 315044at33208        -            407   0.00064   18.5  15.0   3   3   0.00059       0.4    9.3   2.3   206   321   331   450   289   472 0.53 transcript=SINT1_49470.4 gene=SINT1_49470
SINT1_49470.3        -            904 315044at33208        -            407     0.001   17.9   9.7   1   2   9.2e-05     0.063   12.0   2.0   220   363    34   193    23   196 0.64 transcript=SINT1_49470.3 gene=SINT1_49470
SINT1_49470.3        -            904 315044at33208        -            407     0.001   17.9   9.7   2   2   0.00052      0.35    9.5   2.0   208   321   192   309   162   331 0.58 transcript=SINT1_49470.3 gene=SINT1_49470
SINT1_32120.3        -           1332 315044at33208        -            407    0.0015   17.3   6.0   1   2    0.0021       1.4    7.5   0.3   290   322   143   175   126   207 0.91 transcript=SINT1_32120.3 gene=SINT1_32120
SINT1_32120.3        -           1332 315044at33208        -            407    0.0015   17.3   6.0   2   2   9.4e-05     0.065   11.9   1.0   238   320   316   399   291   403 0.85 transcript=SINT1_32120.3 gene=SINT1_32120
SINT1_32120.2        -           1342 315044at33208        -            407    0.0016   17.3   6.0   1   2    0.0021       1.5    7.5   0.3   290   322   143   175   126   207 0.91 transcript=SINT1_32120.2 gene=SINT1_32120
SINT1_32120.2        -           1342 315044at33208        -            407    0.0016   17.3   6.0   2   2   9.5e-05     0.065   11.9   1.0   238   320   316   399   291   403 0.85 transcript=SINT1_32120.2 gene=SINT1_32120
SINT1_32120.1        -           1391 315044at33208        -            407    0.0016   17.2   5.8   1   2    0.0022       1.5    7.4   0.3   290   322   143   175   126   206 0.91 transcript=SINT1_32120.1 gene=SINT1_32120
SINT1_32120.1        -           1391 315044at33208        -            407    0.0016   17.2   5.8   2   2    0.0001     0.068   11.9   1.0   238   320   316   399   291   403 0.85 transcript=SINT1_32120.1 gene=SINT1_32120
SINT1_32120.4        -           1361 315044at33208        -            407    0.0017   17.2   6.0   1   2    0.0022       1.5    7.5   0.3   290   322   143   175   126   207 0.91 transcript=SINT1_32120.4 gene=SINT1_32120
SINT1_32120.4        -           1361 315044at33208        -            407    0.0017   17.2   6.0   2   2   9.7e-05     0.066   11.9   1.0   238   320   316   399   291   403 0.85 transcript=SINT1_32120.4 gene=SINT1_32120
SINT1_56760.1        -            665 315044at33208        -            407    0.0022   16.7   1.7   1   3   3.3e-06    0.0022   16.7   1.7   256   316   135   195    43   201 0.85 transcript=SINT1_56760.1 gene=SINT1_56760
SINT1_56760.1        -            665 315044at33208        -            407    0.0022   16.7   1.7   2   3      0.81   5.6e+02   -1.0   0.1   273   316   284   327   279   335 0.80 transcript=SINT1_56760.1 gene=SINT1_56760
SINT1_56760.1        -            665 315044at33208        -            407    0.0022   16.7   1.7   3   3       0.4   2.8e+02   -0.0   1.0   198   283   411   506   394   509 0.60 transcript=SINT1_56760.1 gene=SINT1_56760
SINT1_31710.1        -            244 315044at33208        -            407     0.006   15.3   0.1   1   1   1.2e-05    0.0081   14.9   0.1   199   260   112   177    91   187 0.81 transcript=SINT1_31710.1 gene=SINT1_31710
SINT1_86270.1        -            562 315044at33208        -            407     0.013   14.2   0.0   1   1   2.9e-05      0.02   13.6   0.0   274   316   429   471   423   549 0.78 transcript=SINT1_86270.1 gene=SINT1_86270
SINT1_86270.3        -            571 315044at33208        -            407     0.014   14.2   0.0   1   1     3e-05      0.02   13.6   0.0   274   316   438   480   432   558 0.78 transcript=SINT1_86270.3 gene=SINT1_86270
SINT1_86270.4        -            571 315044at33208        -            407     0.014   14.2   0.0   1   1     3e-05      0.02   13.6   0.0   274   316   438   480   432   558 0.78 transcript=SINT1_86270.4 gene=SINT1_86270
SINT1_86270.2        -            574 315044at33208        -            407     0.014   14.2   0.0   1   1     3e-05     0.021   13.6   0.0   274   316   441   483   435   561 0.78 transcript=SINT1_86270.2 gene=SINT1_86270
SINT1_13310.1        -            319 315044at33208        -            407      0.02   13.6   1.7   1   2   0.00016      0.11   11.2   0.2     5    53    48    96    44   126 0.83 transcript=SINT1_13310.1 gene=SINT1_13310
SINT1_13310.1        -            319 315044at33208        -            407      0.02   13.6   1.7   2   2      0.15     1e+02    1.4   0.1   272   315   155   198   100   208 0.73 transcript=SINT1_13310.1 gene=SINT1_13310
SINT1_8090.1         -            244 315044at33208        -            407     0.026   13.2  11.6   1   3      0.59   4.1e+02   -0.6   0.0    35    98     4    71     1    79 0.61 transcript=SINT1_8090.1 gene=SINT1_8090
SINT1_8090.1         -            244 315044at33208        -            407     0.026   13.2  11.6   2   3    0.0015         1    8.0   1.8   264   325    79   140    69   155 0.89 transcript=SINT1_8090.1 gene=SINT1_8090
SINT1_8090.1         -            244 315044at33208        -            407     0.026   13.2  11.6   3   3    0.0003      0.21   10.3   1.8   264   330   157   224   146   227 0.88 transcript=SINT1_8090.1 gene=SINT1_8090
SINT1_76270.3        -            407 315044at33208        -            407     0.051   12.3   7.5   1   4       1.3     9e+02   -1.7   0.0   212   250    31    69    16    88 0.69 transcript=SINT1_76270.3 gene=SINT1_76270
SINT1_76270.3        -            407 315044at33208        -            407     0.051   12.3   7.5   2   4    0.0055       3.8    6.1   0.0   284   323   187   226   180   229 0.88 transcript=SINT1_76270.3 gene=SINT1_76270
SINT1_76270.3        -            407 315044at33208        -            407     0.051   12.3   7.5   3   4    0.0017       1.2    7.8   0.3   276   322   259   309   248   313 0.79 transcript=SINT1_76270.3 gene=SINT1_76270
SINT1_76270.3        -            407 315044at33208        -            407     0.051   12.3   7.5   4   4      0.48   3.3e+02   -0.3   0.0   179   224   318   362   311   386 0.73 transcript=SINT1_76270.3 gene=SINT1_76270
SINT1_76270.1        -            470 315044at33208        -            407     0.074   11.8   7.1   1   5       1.6   1.1e+03   -2.0   0.1   212   250    31    69    17    90 0.70 transcript=SINT1_76270.1 gene=SINT1_76270
SINT1_76270.1        -            470 315044at33208        -            407     0.074   11.8   7.1   2   5       3.5   2.4e+03   -3.1   0.0   342   382    85   123    73   147 0.58 transcript=SINT1_76270.1 gene=SINT1_76270
SINT1_76270.1        -            470 315044at33208        -            407     0.074   11.8   7.1   3   5    0.0066       4.5    5.9   0.0   284   323   187   226   180   229 0.88 transcript=SINT1_76270.1 gene=SINT1_76270
SINT1_76270.1        -            470 315044at33208        -            407     0.074   11.8   7.1   4   5    0.0021       1.4    7.5   0.3   276   322   259   309   248   313 0.79 transcript=SINT1_76270.1 gene=SINT1_76270
SINT1_76270.1        -            470 315044at33208        -            407     0.074   11.8   7.1   5   5      0.59     4e+02   -0.6   0.0   179   224   318   362   311   386 0.73 transcript=SINT1_76270.1 gene=SINT1_76270
SINT1_55800.1        -           1339 315044at33208        -            407     0.084   11.6   0.3   1   2      0.13        91    1.6   0.0   180   210    79   109    75   158 0.65 transcript=SINT1_55800.1 gene=SINT1_55800
SINT1_55800.1        -           1339 315044at33208        -            407     0.084   11.6   0.3   2   2    0.0025       1.7    7.3   0.0   263   342   767   850   761   890 0.79 transcript=SINT1_55800.1 gene=SINT1_55800
SINT1_76270.2        -            411 315044at33208        -            407      0.12   11.0   8.6   1   4      0.95   6.5e+02   -1.3   0.3   322   322    77    77    20   162 0.53 transcript=SINT1_76270.2 gene=SINT1_76270
SINT1_76270.2        -            411 315044at33208        -            407      0.12   11.0   8.6   2   4    0.0055       3.8    6.1   0.0   284   323   201   240   194   243 0.88 transcript=SINT1_76270.2 gene=SINT1_76270
SINT1_76270.2        -            411 315044at33208        -            407      0.12   11.0   8.6   3   4    0.0017       1.2    7.8   0.3   276   322   273   323   262   327 0.79 transcript=SINT1_76270.2 gene=SINT1_76270
SINT1_76270.2        -            411 315044at33208        -            407      0.12   11.0   8.6   4   4      0.48   3.3e+02   -0.3   0.1   179   225   332   377   325   401 0.73 transcript=SINT1_76270.2 gene=SINT1_76270
SINT1_56760.2        -            480 315044at33208        -            407      0.17   10.6  10.1   1   2     1e-05    0.0071   15.1   4.0   256   316   135   195    45   201 0.86 transcript=SINT1_56760.2 gene=SINT1_56760
SINT1_56760.2        -            480 315044at33208        -            407      0.17   10.6  10.1   2   2       4.1   2.8e+03   -3.3   0.4   242   283   274   321   259   323 0.62 transcript=SINT1_56760.2 gene=SINT1_56760
SINT1_24970.1        -            550 315044at33208        -            407      0.29    9.8   9.9   1   4     0.058        40    2.7   0.1   264   313    59   108    49   128 0.74 transcript=SINT1_24970.1 gene=SINT1_24970
SINT1_24970.1        -            550 315044at33208        -            407      0.29    9.8   9.9   2   4   0.00021      0.14   10.8   1.0   262   311   151   200   133   205 0.84 transcript=SINT1_24970.1 gene=SINT1_24970
SINT1_24970.1        -            550 315044at33208        -            407      0.29    9.8   9.9   3   4       2.5   1.7e+03   -2.7   0.2   179   195   429   445   405   472 0.75 transcript=SINT1_24970.1 gene=SINT1_24970
SINT1_24970.1        -            550 315044at33208        -            407      0.29    9.8   9.9   4   4      0.69   4.7e+02   -0.8   0.2   131   208   449   528   431   547 0.66 transcript=SINT1_24970.1 gene=SINT1_24970
SINT1_90790.3        -           1179 315044at33208        -            407       8.6    4.9  10.0   1   1     0.045        31    3.1  10.0    64   135  1097  1167  1077  1177 0.83 transcript=SINT1_90790.3 gene=SINT1_90790
#
# Program:         hmmsearch
# Version:         3.4 (Aug 2023)
# Pipeline mode:   SEARCH
# Query file:      /users/40483456/busco_datasets/busco_downloads/lineages/metazoa_odb10/hmms/315044at33208.hmm
# Target file:     /users/40483456/protein/schistosoma_intercalatum.fa
# Option settings: hmmsearch --domtblout /users/40483456/busco/results_pro/schistosoma_intercalatum_busco/run_metazoa_odb10/hmmer_output/initial_run_results/315044at33208.out --cpu 1 /users/40483456/busco_datasets/busco_downloads/lineages/metazoa_odb10/hmms/315044at33208.hmm /users/40483456/protein/schistosoma_intercalatum.fa 
# Current dir:     /users/40483456
# Date:            Thu Jan 15 17:51:51 2026
# [ok]
