#                                                                            --- full sequence --- -------------- this domain -------------   hmm coord   ali coord   env coord
# target name        accession   tlen query name           accession   qlen   E-value  score  bias   #  of  c-Evalue  i-Evalue  score  bias  from    to  from    to  from    to  acc description of target
#------------------- ---------- ----- -------------------- ---------- ----- --------- ------ ----- --- --- --------- --------- ------ ----- ----- ----- ----- ----- ----- ----- ---- ---------------------
SINT1_32860.1        -            309 378768at33208        -            261  5.8e-128  425.9   8.0   1   1  1.6e-128    1e-125  418.6   8.0     1   261     1   296     1   296 0.90 transcript=SINT1_32860.1 gene=SINT1_32860
SINT1_80570.1        -            434 378768at33208        -            261   1.7e-12   47.5   3.6   1   2   1.3e-11   8.3e-09   35.4   0.4     2   134    62   191    61   208 0.92 transcript=SINT1_80570.1 gene=SINT1_80570
SINT1_80570.1        -            434 378768at33208        -            261   1.7e-12   47.5   3.6   2   2   8.8e-05     0.056   13.0   0.2   137   191   223   280   216   299 0.77 transcript=SINT1_80570.1 gene=SINT1_80570
SINT1_80570.2        -            339 378768at33208        -            261   2.2e-12   47.1   5.7   1   2   7.8e-12     5e-09   36.1   0.4     2   134    62   191    61   208 0.92 transcript=SINT1_80570.2 gene=SINT1_80570
SINT1_80570.2        -            339 378768at33208        -            261   2.2e-12   47.1   5.7   2   2   7.7e-05     0.049   13.2   0.4   137   191   223   280   217   296 0.77 transcript=SINT1_80570.2 gene=SINT1_80570
SINT1_36930.1        -            211 378768at33208        -            261   2.3e-06   27.4   0.0   1   1   4.2e-09   2.6e-06   27.2   0.0     3   130    12   134    10   171 0.75 transcript=SINT1_36930.1 gene=SINT1_36930
SINT1_36930.2        -            211 378768at33208        -            261   2.3e-06   27.4   0.0   1   1   4.2e-09   2.6e-06   27.2   0.0     3   130    12   134    10   171 0.75 transcript=SINT1_36930.2 gene=SINT1_36930
SINT1_36930.3        -            211 378768at33208        -            261   2.3e-06   27.4   0.0   1   1   4.2e-09   2.6e-06   27.2   0.0     3   130    12   134    10   171 0.75 transcript=SINT1_36930.3 gene=SINT1_36930
SINT1_36930.4        -            211 378768at33208        -            261   2.3e-06   27.4   0.0   1   1   4.2e-09   2.6e-06   27.2   0.0     3   130    12   134    10   171 0.75 transcript=SINT1_36930.4 gene=SINT1_36930
SINT1_87810.1        -            291 378768at33208        -            261   3.8e-05   23.4   0.3   1   1   7.9e-08     5e-05   23.0   0.3     3   130    76   197    74   238 0.69 transcript=SINT1_87810.1 gene=SINT1_87810
SINT1_74610.1        -            674 378768at33208        -            261   6.6e-05   22.6   1.1   1   1   2.7e-07   0.00017   21.2   1.1     4   176   484   652   481   666 0.68 transcript=SINT1_74610.1 gene=SINT1_74610
SINT1_57510.1        -            184 378768at33208        -            261   0.00036   20.2   0.0   1   1   7.2e-07   0.00046   19.8   0.0     4    92    19    97    16   119 0.83 transcript=SINT1_57510.1 gene=SINT1_57510
SINT1_81900.1        -            224 378768at33208        -            261   0.00057   19.5   0.1   1   1     1e-06   0.00065   19.3   0.1     4   128    10   129     7   177 0.76 transcript=SINT1_81900.1 gene=SINT1_81900
SINT1_91480.1        -            213 378768at33208        -            261     0.001   18.7   0.2   1   1   1.9e-06    0.0012   18.4   0.2     4    65    13    74    10   192 0.86 transcript=SINT1_91480.1 gene=SINT1_91480
SINT1_41090.1        -            199 378768at33208        -            261    0.0015   18.2   0.2   1   1     3e-06    0.0019   17.8   0.2     4   165    10   160     8   176 0.70 transcript=SINT1_41090.1 gene=SINT1_41090
SINT1_26040.1        -            216 378768at33208        -            261    0.0024   17.5   0.0   1   1   4.7e-06     0.003   17.2   0.0     4   109    11   111     8   138 0.76 transcript=SINT1_26040.1 gene=SINT1_26040
SINT1_22640.1        -            184 378768at33208        -            261    0.0042   16.7   0.0   1   1   8.3e-06    0.0053   16.4   0.0     4    92    18    96    15   128 0.81 transcript=SINT1_22640.1 gene=SINT1_22640
SINT1_69260.1        -            203 378768at33208        -            261    0.0043   16.6   0.0   1   1   8.7e-06    0.0055   16.3   0.0     2   101     8   103     7   126 0.74 transcript=SINT1_69260.1 gene=SINT1_69260
SINT1_7020.1         -            202 378768at33208        -            261    0.0059   16.2   0.0   1   1   1.1e-05    0.0069   16.0   0.0     4    89    19   102    16   149 0.79 transcript=SINT1_7020.1 gene=SINT1_7020
SINT1_7020.3         -            202 378768at33208        -            261    0.0059   16.2   0.0   1   1   1.1e-05    0.0069   16.0   0.0     4    89    19   102    16   149 0.79 transcript=SINT1_7020.3 gene=SINT1_7020
SINT1_7020.4         -            202 378768at33208        -            261    0.0059   16.2   0.0   1   1   1.1e-05    0.0069   16.0   0.0     4    89    19   102    16   149 0.79 transcript=SINT1_7020.4 gene=SINT1_7020
SINT1_7020.5         -            202 378768at33208        -            261    0.0059   16.2   0.0   1   1   1.1e-05    0.0069   16.0   0.0     4    89    19   102    16   149 0.79 transcript=SINT1_7020.5 gene=SINT1_7020
SINT1_22480.1        -            205 378768at33208        -            261    0.0068   16.0   0.1   1   1   1.2e-05    0.0077   15.8   0.1     2    94    13   100    12   179 0.72 transcript=SINT1_22480.1 gene=SINT1_22480
SINT1_7020.2         -            233 378768at33208        -            261    0.0083   15.7   0.0   1   1   1.6e-05      0.01   15.4   0.0     4    89    50   133    47   174 0.78 transcript=SINT1_7020.2 gene=SINT1_7020
SINT1_37640.2        -            183 378768at33208        -            261     0.014   15.0   0.0   1   1     3e-05     0.019   14.5   0.0     4    93    10    94     5   132 0.72 transcript=SINT1_37640.2 gene=SINT1_37640
SINT1_78440.1        -            224 378768at33208        -            261     0.015   14.8   0.0   1   1   3.3e-05     0.021   14.4   0.0     4   126    12   127     9   156 0.70 transcript=SINT1_78440.1 gene=SINT1_78440
SINT1_78440.2        -            224 378768at33208        -            261     0.015   14.8   0.0   1   1   3.3e-05     0.021   14.4   0.0     4   126    12   127     9   156 0.70 transcript=SINT1_78440.2 gene=SINT1_78440
SINT1_37640.1        -            205 378768at33208        -            261     0.019   14.5   0.0   1   1     4e-05     0.026   14.1   0.0     4    92    10    93     5   132 0.72 transcript=SINT1_37640.1 gene=SINT1_37640
SINT1_52320.1        -            205 378768at33208        -            261     0.036   13.6   0.1   1   1   7.8e-05      0.05   13.2   0.1     4    94    11    96     8   132 0.70 transcript=SINT1_52320.1 gene=SINT1_52320
SINT1_51450.1        -            185 378768at33208        -            261     0.048   13.2   0.0   1   1   0.00011     0.067   12.7   0.0     7    93    25   102    20   117 0.74 transcript=SINT1_51450.1 gene=SINT1_51450
#
# Program:         hmmsearch
# Version:         3.4 (Aug 2023)
# Pipeline mode:   SEARCH
# Query file:      /users/40483456/busco_datasets/busco_downloads/lineages/metazoa_odb10/hmms/378768at33208.hmm
# Target file:     /users/40483456/protein/schistosoma_intercalatum.fa
# Option settings: hmmsearch --domtblout /users/40483456/busco/results_pro/schistosoma_intercalatum_busco/run_metazoa_odb10/hmmer_output/initial_run_results/378768at33208.out --cpu 1 /users/40483456/busco_datasets/busco_downloads/lineages/metazoa_odb10/hmms/378768at33208.hmm /users/40483456/protein/schistosoma_intercalatum.fa 
# Current dir:     /users/40483456
# Date:            Thu Jan 15 17:51:52 2026
# [ok]
