#                                                                            --- full sequence --- -------------- this domain -------------   hmm coord   ali coord   env coord
# target name        accession   tlen query name           accession   qlen   E-value  score  bias   #  of  c-Evalue  i-Evalue  score  bias  from    to  from    to  from    to  acc description of target
#------------------- ---------- ----- -------------------- ---------- ----- --------- ------ ----- --- --- --------- --------- ------ ----- ----- ----- ----- ----- ----- ----- ---- ---------------------
SINT1_84090.1        -            768 436007at33208        -            410  2.3e-124  415.4   4.2   1   3   2.1e-84   2.4e-81  273.7   3.0     1   184    10   227    10   241 0.85 transcript=SINT1_84090.1 gene=SINT1_84090
SINT1_84090.1        -            768 436007at33208        -            410  2.3e-124  415.4   4.2   2   3   0.00013      0.15   11.0   0.1   202   235   301   337   292   358 0.78 transcript=SINT1_84090.1 gene=SINT1_84090
SINT1_84090.1        -            768 436007at33208        -            410  2.3e-124  415.4   4.2   3   3   3.9e-39   4.6e-36  124.6   0.0   242   410   369   586   342   586 0.75 transcript=SINT1_84090.1 gene=SINT1_84090
SINT1_61190.5        -            991 436007at33208        -            410   4.3e-59  200.5   0.2   1   3   7.1e-07   0.00085   18.4   0.3     1   116    70   193    70   199 0.83 transcript=SINT1_61190.5 gene=SINT1_61190
SINT1_61190.5        -            991 436007at33208        -            410   4.3e-59  200.5   0.2   2   3   2.6e-41   3.1e-38  131.8   0.0     2   276   472   774   471   778 0.81 transcript=SINT1_61190.5 gene=SINT1_61190
SINT1_61190.5        -            991 436007at33208        -            410   4.3e-59  200.5   0.2   3   3     3e-15   3.6e-12   45.9   0.0   238   324   832   928   813   938 0.75 transcript=SINT1_61190.5 gene=SINT1_61190
SINT1_61190.4        -           1010 436007at33208        -            410   4.6e-59  200.4   0.2   1   3   7.3e-07   0.00087   18.3   0.3     1   116    70   193    70   199 0.83 transcript=SINT1_61190.4 gene=SINT1_61190
SINT1_61190.4        -           1010 436007at33208        -            410   4.6e-59  200.4   0.2   2   3   2.7e-41   3.2e-38  131.7   0.0     2   276   472   774   471   778 0.81 transcript=SINT1_61190.4 gene=SINT1_61190
SINT1_61190.4        -           1010 436007at33208        -            410   4.6e-59  200.4   0.2   3   3   3.1e-15   3.7e-12   45.9   0.0   238   324   832   928   813   938 0.75 transcript=SINT1_61190.4 gene=SINT1_61190
SINT1_61190.2        -           1023 436007at33208        -            410   4.8e-59  200.3   0.2   1   3   7.5e-07   0.00089   18.3   0.3     1   116    36   159    36   165 0.83 transcript=SINT1_61190.2 gene=SINT1_61190
SINT1_61190.2        -           1023 436007at33208        -            410   4.8e-59  200.3   0.2   2   3   2.8e-41   3.3e-38  131.7   0.0     2   276   438   740   437   744 0.81 transcript=SINT1_61190.2 gene=SINT1_61190
SINT1_61190.2        -           1023 436007at33208        -            410   4.8e-59  200.3   0.2   3   3   3.2e-15   3.8e-12   45.9   0.0   239   324   799   894   779   904 0.75 transcript=SINT1_61190.2 gene=SINT1_61190
SINT1_61190.1        -           1057 436007at33208        -            410   5.5e-59  200.1   0.2   1   3   7.8e-07   0.00093   18.2   0.3     1   116    70   193    70   199 0.83 transcript=SINT1_61190.1 gene=SINT1_61190
SINT1_61190.1        -           1057 436007at33208        -            410   5.5e-59  200.1   0.2   2   3   2.9e-41   3.5e-38  131.6   0.0     2   276   472   774   471   778 0.81 transcript=SINT1_61190.1 gene=SINT1_61190
SINT1_61190.1        -           1057 436007at33208        -            410   5.5e-59  200.1   0.2   3   3   3.3e-15   3.9e-12   45.8   0.0   239   324   833   928   813   938 0.75 transcript=SINT1_61190.1 gene=SINT1_61190
SINT1_61190.6        -            920 436007at33208        -            410   9.5e-58  196.0   0.3   1   3   6.4e-07   0.00076   18.5   0.3     1   116    70   193    70   199 0.83 transcript=SINT1_61190.6 gene=SINT1_61190
SINT1_61190.6        -            920 436007at33208        -            410   9.5e-58  196.0   0.3   2   3   2.3e-41   2.7e-38  132.0   0.0     2   276   472   774   471   778 0.81 transcript=SINT1_61190.6 gene=SINT1_61190
SINT1_61190.6        -            920 436007at33208        -            410   9.5e-58  196.0   0.3   3   3   8.4e-14     1e-10   41.2   0.0   238   311   832   915   813   918 0.74 transcript=SINT1_61190.6 gene=SINT1_61190
SINT1_61190.8        -            913 436007at33208        -            410   8.3e-57  192.9   0.3   1   3   6.4e-07   0.00076   18.5   0.3     1   116    70   193    70   199 0.83 transcript=SINT1_61190.8 gene=SINT1_61190
SINT1_61190.8        -            913 436007at33208        -            410   8.3e-57  192.9   0.3   2   3   2.2e-41   2.6e-38  132.0   0.0     2   276   472   774   471   778 0.81 transcript=SINT1_61190.8 gene=SINT1_61190
SINT1_61190.8        -            913 436007at33208        -            410   8.3e-57  192.9   0.3   3   3   7.2e-13   8.5e-10   38.1   0.0   238   309   832   913   813   913 0.73 transcript=SINT1_61190.8 gene=SINT1_61190
SINT1_61190.3        -            843 436007at33208        -            410   2.7e-53  181.4   0.0   1   2   1.9e-41   2.2e-38  132.2   0.0     2   276   258   560   257   564 0.81 transcript=SINT1_61190.3 gene=SINT1_61190
SINT1_61190.3        -            843 436007at33208        -            410   2.7e-53  181.4   0.0   2   2   2.4e-15   2.9e-12   46.2   0.0   238   324   618   714   599   724 0.75 transcript=SINT1_61190.3 gene=SINT1_61190
SINT1_61190.7        -            865 436007at33208        -            410   6.6e-45  153.8   0.0   1   2   5.9e-07    0.0007   18.6   0.3     1   116    70   193    70   199 0.83 transcript=SINT1_61190.7 gene=SINT1_61190
SINT1_61190.7        -            865 436007at33208        -            410   6.6e-45  153.8   0.0   2   2     2e-41   2.4e-38  132.2   0.0     2   276   472   774   471   778 0.81 transcript=SINT1_61190.7 gene=SINT1_61190
SINT1_57770.1        -            426 436007at33208        -            410   1.3e-43  149.4   1.0   1   2   9.3e-41   1.1e-37  130.0   0.0     1   162    25   211    25   244 0.79 transcript=SINT1_57770.1 gene=SINT1_57770
SINT1_57770.1        -            426 436007at33208        -            410   1.3e-43  149.4   1.0   2   2   1.3e-06    0.0015   17.5   0.5   282   371   256   356   232   405 0.71 transcript=SINT1_57770.1 gene=SINT1_57770
SINT1_22360.1        -           1375 436007at33208        -            410   1.3e-38  133.0   5.8   1   5     0.013        15    4.3   0.0     4    37    34    67    31    93 0.72 transcript=SINT1_22360.1 gene=SINT1_22360
SINT1_22360.1        -           1375 436007at33208        -            410   1.3e-38  133.0   5.8   2   5   0.00054      0.64    8.9   0.0     2    21   451   470   450   497 0.92 transcript=SINT1_22360.1 gene=SINT1_22360
SINT1_22360.1        -           1375 436007at33208        -            410   1.3e-38  133.0   5.8   3   5     1e-10   1.2e-07   31.0   0.0    23    59   600   636   588   645 0.89 transcript=SINT1_22360.1 gene=SINT1_22360
SINT1_22360.1        -           1375 436007at33208        -            410   1.3e-38  133.0   5.8   4   5   3.1e-15   3.7e-12   45.9   0.1    63   166   674   793   663   798 0.77 transcript=SINT1_22360.1 gene=SINT1_22360
SINT1_22360.1        -           1375 436007at33208        -            410   1.3e-38  133.0   5.8   5   5   1.5e-13   1.8e-10   40.3   0.1   247   314  1116  1192  1101  1211 0.82 transcript=SINT1_22360.1 gene=SINT1_22360
SINT1_15040.1        -            306 436007at33208        -            410   9.2e-10   38.0   0.8   1   2   2.8e-10   3.3e-07   29.6   0.6     2   131    82   235    81   239 0.75 transcript=SINT1_15040.1 gene=SINT1_15040
SINT1_15040.1        -            306 436007at33208        -            410   9.2e-10   38.0   0.8   2   2       3.2   3.8e+03   -3.5   0.0   291   311   257   277   245   281 0.80 transcript=SINT1_15040.1 gene=SINT1_15040
SINT1_15040.2        -            436 436007at33208        -            410   2.5e-09   36.6   0.6   1   1     6e-10   7.1e-07   28.5   0.6     2   131    82   235    81   241 0.75 transcript=SINT1_15040.2 gene=SINT1_15040
SINT1_28450.1        -            459 436007at33208        -            410   1.1e-07   31.1   0.1   1   1   1.8e-10   2.1e-07   30.2   0.1     1   119    37   167    37   174 0.80 transcript=SINT1_28450.1 gene=SINT1_28450
SINT1_87040.1        -            604 436007at33208        -            410   8.4e-05   21.7   0.0   1   1   1.1e-07   0.00013   21.1   0.0     4    59    34    94    31   108 0.81 transcript=SINT1_87040.1 gene=SINT1_87040
#
# Program:         hmmsearch
# Version:         3.4 (Aug 2023)
# Pipeline mode:   SEARCH
# Query file:      /users/40483456/busco_datasets/busco_downloads/lineages/metazoa_odb10/hmms/436007at33208.hmm
# Target file:     /users/40483456/protein/schistosoma_intercalatum.fa
# Option settings: hmmsearch --domtblout /users/40483456/busco/results_pro/schistosoma_intercalatum_busco/run_metazoa_odb10/hmmer_output/initial_run_results/436007at33208.out --cpu 1 /users/40483456/busco_datasets/busco_downloads/lineages/metazoa_odb10/hmms/436007at33208.hmm /users/40483456/protein/schistosoma_intercalatum.fa 
# Current dir:     /users/40483456
# Date:            Thu Jan 15 17:52:02 2026
# [ok]
