#                                                                            --- full sequence --- -------------- this domain -------------   hmm coord   ali coord   env coord
# target name        accession   tlen query name           accession   qlen   E-value  score  bias   #  of  c-Evalue  i-Evalue  score  bias  from    to  from    to  from    to  acc description of target
#------------------- ---------- ----- -------------------- ---------- ----- --------- ------ ----- --- --- --------- --------- ------ ----- ----- ----- ----- ----- ----- ----- ---- ---------------------
SINT1_86270.3        -            571 464286at33208        -            405   6.1e-79  265.6   3.3   1   2   2.1e-76   2.7e-73  247.0   1.0    25   363    98   483    84   495 0.82 transcript=SINT1_86270.3 gene=SINT1_86270
SINT1_86270.3        -            571 464286at33208        -            405   6.1e-79  265.6   3.3   2   2   7.4e-06    0.0094   14.7   0.0   365   402   519   556   509   559 0.86 transcript=SINT1_86270.3 gene=SINT1_86270
SINT1_86270.4        -            571 464286at33208        -            405   6.1e-79  265.6   3.3   1   2   2.1e-76   2.7e-73  247.0   1.0    25   363    98   483    84   495 0.82 transcript=SINT1_86270.4 gene=SINT1_86270
SINT1_86270.4        -            571 464286at33208        -            405   6.1e-79  265.6   3.3   2   2   7.4e-06    0.0094   14.7   0.0   365   402   519   556   509   559 0.86 transcript=SINT1_86270.4 gene=SINT1_86270
SINT1_86270.2        -            574 464286at33208        -            405   6.3e-79  265.6   3.3   1   2   2.1e-76   2.7e-73  247.0   1.0    25   363   101   486    87   498 0.82 transcript=SINT1_86270.2 gene=SINT1_86270
SINT1_86270.2        -            574 464286at33208        -            405   6.3e-79  265.6   3.3   2   2   7.4e-06    0.0095   14.7   0.0   365   402   522   559   512   562 0.86 transcript=SINT1_86270.2 gene=SINT1_86270
SINT1_86270.1        -            562 464286at33208        -            405   1.7e-75  254.2   2.6   1   2   6.2e-73   7.9e-70  235.6   0.6    25   363   101   474    86   491 0.82 transcript=SINT1_86270.1 gene=SINT1_86270
SINT1_86270.1        -            562 464286at33208        -            405   1.7e-75  254.2   2.6   2   2   7.2e-06    0.0092   14.7   0.0   365   402   510   547   500   550 0.86 transcript=SINT1_86270.1 gene=SINT1_86270
SINT1_86270.5        -            496 464286at33208        -            405   6.2e-63  212.9   0.2   1   2   0.00092       1.2    7.8   0.0    25    59    98   132    83   146 0.82 transcript=SINT1_86270.5 gene=SINT1_86270
SINT1_86270.5        -            496 464286at33208        -            405   6.2e-63  212.9   0.2   2   2   6.5e-63   8.3e-60  202.6   0.1    80   338   170   458   151   462 0.87 transcript=SINT1_86270.5 gene=SINT1_86270
SINT1_8500.2         -            625 464286at33208        -            405   5.3e-09   35.3   4.0   1   4   6.6e-05     0.084   11.6   0.1   324   377   223   276   217   282 0.89 transcript=SINT1_8500.2 gene=SINT1_8500
SINT1_8500.2         -            625 464286at33208        -            405   5.3e-09   35.3   4.0   2   4   1.1e-06    0.0014   17.4   0.0   319   377   370   428   343   441 0.86 transcript=SINT1_8500.2 gene=SINT1_8500
SINT1_8500.2         -            625 464286at33208        -            405   5.3e-09   35.3   4.0   3   4         2   2.5e+03   -3.2   0.0   355   380   477   502   459   505 0.65 transcript=SINT1_8500.2 gene=SINT1_8500
SINT1_8500.2         -            625 464286at33208        -            405   5.3e-09   35.3   4.0   4   4    0.0045       5.7    5.5   0.1   310   369   540   595   533   603 0.76 transcript=SINT1_8500.2 gene=SINT1_8500
SINT1_8500.3         -            625 464286at33208        -            405   5.3e-09   35.3   4.0   1   4   6.6e-05     0.084   11.6   0.1   324   377   223   276   217   282 0.89 transcript=SINT1_8500.3 gene=SINT1_8500
SINT1_8500.3         -            625 464286at33208        -            405   5.3e-09   35.3   4.0   2   4   1.1e-06    0.0014   17.4   0.0   319   377   370   428   343   441 0.86 transcript=SINT1_8500.3 gene=SINT1_8500
SINT1_8500.3         -            625 464286at33208        -            405   5.3e-09   35.3   4.0   3   4         2   2.5e+03   -3.2   0.0   355   380   477   502   459   505 0.65 transcript=SINT1_8500.3 gene=SINT1_8500
SINT1_8500.3         -            625 464286at33208        -            405   5.3e-09   35.3   4.0   4   4    0.0045       5.7    5.5   0.1   310   369   540   595   533   603 0.76 transcript=SINT1_8500.3 gene=SINT1_8500
SINT1_8500.1         -            883 464286at33208        -            405   6.7e-09   34.9   2.3   1   3    0.0001      0.13   10.9   0.1   324   376   481   533   475   539 0.89 transcript=SINT1_8500.1 gene=SINT1_8500
SINT1_8500.1         -            883 464286at33208        -            405   6.7e-09   34.9   2.3   2   3   1.8e-06    0.0023   16.7   0.0   319   377   628   686   602   698 0.86 transcript=SINT1_8500.1 gene=SINT1_8500
SINT1_8500.1         -            883 464286at33208        -            405   6.7e-09   34.9   2.3   3   3    0.0069       8.8    4.9   0.1   310   369   798   853   792   861 0.76 transcript=SINT1_8500.1 gene=SINT1_8500
SINT1_58470.1        -            448 464286at33208        -            405   0.00028   19.7   3.8   1   3    0.0035       4.5    5.9   0.1   306   360    84   139    69   151 0.79 transcript=SINT1_58470.1 gene=SINT1_58470
SINT1_58470.1        -            448 464286at33208        -            405   0.00028   19.7   3.8   2   3   2.7e-05     0.035   12.8   0.1   277   383   184   297   154   315 0.78 transcript=SINT1_58470.1 gene=SINT1_58470
SINT1_58470.1        -            448 464286at33208        -            405   0.00028   19.7   3.8   3   3      0.16   2.1e+02    0.4   0.1   321   343   362   384   336   393 0.79 transcript=SINT1_58470.1 gene=SINT1_58470
SINT1_49470.3        -            904 464286at33208        -            405     0.002   16.9   7.9   1   3    0.0029       3.7    6.2   0.4   323   376    97   150    31   155 0.85 transcript=SINT1_49470.3 gene=SINT1_49470
SINT1_49470.3        -            904 464286at33208        -            405     0.002   16.9   7.9   2   3   0.00043      0.55    8.9   1.0   288   383   157   260   147   267 0.80 transcript=SINT1_49470.3 gene=SINT1_49470
SINT1_49470.3        -            904 464286at33208        -            405     0.002   16.9   7.9   3   3    0.0095        12    4.5   0.1   323   384   267   328   262   348 0.81 transcript=SINT1_49470.3 gene=SINT1_49470
SINT1_32700.1        -            795 464286at33208        -            405    0.0027   16.5   1.9   1   2      0.27   3.4e+02   -0.3   0.1   282   331   444   502   414   522 0.44 transcript=SINT1_32700.1 gene=SINT1_32700
SINT1_32700.1        -            795 464286at33208        -            405    0.0027   16.5   1.9   2   2   6.4e-06    0.0082   14.9   0.8   322   364   527   569   488   582 0.80 transcript=SINT1_32700.1 gene=SINT1_32700
SINT1_32700.2        -            606 464286at33208        -            405    0.0055   15.5   0.7   1   3       2.6   3.3e+03   -3.5   0.0    74    96   331   353   327   358 0.82 transcript=SINT1_32700.2 gene=SINT1_32700
SINT1_32700.2        -            606 464286at33208        -            405    0.0055   15.5   0.7   2   3      0.17   2.1e+02    0.4   0.1   282   333   444   504   414   526 0.44 transcript=SINT1_32700.2 gene=SINT1_32700
SINT1_32700.2        -            606 464286at33208        -            405    0.0055   15.5   0.7   3   3   4.3e-06    0.0055   15.5   0.7   322   364   527   569   487   582 0.79 transcript=SINT1_32700.2 gene=SINT1_32700
SINT1_49470.2        -           1009 464286at33208        -            405     0.006   15.4  12.0   1   5     0.086   1.1e+02    1.3   0.1   279   376    49   153    37   166 0.66 transcript=SINT1_49470.2 gene=SINT1_49470
SINT1_49470.2        -           1009 464286at33208        -            405     0.006   15.4  12.0   2   5      0.24   3.1e+02   -0.2   0.1   263   321   100   163    84   191 0.62 transcript=SINT1_49470.2 gene=SINT1_49470
SINT1_49470.2        -           1009 464286at33208        -            405     0.006   15.4  12.0   3   5    0.0046       5.8    5.5   0.7   323   376   202   255   151   260 0.90 transcript=SINT1_49470.2 gene=SINT1_49470
SINT1_49470.2        -           1009 464286at33208        -            405     0.006   15.4  12.0   4   5    0.0006      0.76    8.4   1.3   288   383   262   365   252   373 0.80 transcript=SINT1_49470.2 gene=SINT1_49470
SINT1_49470.2        -           1009 464286at33208        -            405     0.006   15.4  12.0   5   5      0.01        13    4.3   0.1   323   384   372   433   365   453 0.81 transcript=SINT1_49470.2 gene=SINT1_49470
SINT1_49470.4        -           1045 464286at33208        -            405     0.011   14.5  13.1   1   4     0.076        97    1.5   0.2   278   376    84   189    29   200 0.72 transcript=SINT1_49470.4 gene=SINT1_49470
SINT1_49470.4        -           1045 464286at33208        -            405     0.011   14.5  13.1   2   4    0.0042       5.4    5.6   0.4   323   376   238   291   227   297 0.88 transcript=SINT1_49470.4 gene=SINT1_49470
SINT1_49470.4        -           1045 464286at33208        -            405     0.011   14.5  13.1   3   4   0.00057      0.73    8.5   1.1   288   383   298   401   288   408 0.80 transcript=SINT1_49470.4 gene=SINT1_49470
SINT1_49470.4        -           1045 464286at33208        -            405     0.011   14.5  13.1   4   4     0.011        14    4.3   0.1   323   384   408   469   402   489 0.81 transcript=SINT1_49470.4 gene=SINT1_49470
#
# Program:         hmmsearch
# Version:         3.4 (Aug 2023)
# Pipeline mode:   SEARCH
# Query file:      /users/40483456/busco_datasets/busco_downloads/lineages/metazoa_odb10/hmms/464286at33208.hmm
# Target file:     /users/40483456/protein/schistosoma_intercalatum.fa
# Option settings: hmmsearch --domtblout /users/40483456/busco/results_pro/schistosoma_intercalatum_busco/run_metazoa_odb10/hmmer_output/initial_run_results/464286at33208.out --cpu 1 /users/40483456/busco_datasets/busco_downloads/lineages/metazoa_odb10/hmms/464286at33208.hmm /users/40483456/protein/schistosoma_intercalatum.fa 
# Current dir:     /users/40483456
# Date:            Thu Jan 15 17:52:07 2026
# [ok]
