#                                                                            --- full sequence --- -------------- this domain -------------   hmm coord   ali coord   env coord
# target name        accession   tlen query name           accession   qlen   E-value  score  bias   #  of  c-Evalue  i-Evalue  score  bias  from    to  from    to  from    to  acc description of target
#------------------- ---------- ----- -------------------- ---------- ----- --------- ------ ----- --- --- --------- --------- ------ ----- ----- ----- ----- ----- ----- ----- ---- ---------------------
SINT1_66150.1        -            133 518288at33208        -            273   7.7e-32  110.5   0.1   1   1   4.5e-35     9e-32  110.2   0.1    39   153     3   128     1   130 0.88 transcript=SINT1_66150.1 gene=SINT1_66150
SINT1_66140.1        -            141 518288at33208        -            273   1.7e-21   76.5   0.0   1   2   5.2e-16     1e-12   47.8   0.0   188   253     4    74     1    92 0.83 transcript=SINT1_66140.1 gene=SINT1_66140
SINT1_66140.1        -            141 518288at33208        -            273   1.7e-21   76.5   0.0   2   2   8.1e-10   1.6e-06   27.4   0.0   234   273    95   134    84   134 0.87 transcript=SINT1_66140.1 gene=SINT1_66140
SINT1_52570.9        -            754 518288at33208        -            273     0.012   14.7   0.3   1   1   1.1e-05     0.021   13.9   0.3    29    97   129   200   108   226 0.80 transcript=SINT1_52570.9 gene=SINT1_52570
SINT1_52570.3        -            884 518288at33208        -            273     0.014   14.5   0.2   1   1   1.3e-05     0.025   13.7   0.2    29    97   129   200   108   225 0.80 transcript=SINT1_52570.3 gene=SINT1_52570
SINT1_52570.6        -            884 518288at33208        -            273     0.014   14.5   0.2   1   1   1.3e-05     0.025   13.7   0.2    29    97   129   200   108   225 0.80 transcript=SINT1_52570.6 gene=SINT1_52570
SINT1_52570.7        -            884 518288at33208        -            273     0.014   14.5   0.2   1   1   1.3e-05     0.025   13.7   0.2    29    97   129   200   108   225 0.80 transcript=SINT1_52570.7 gene=SINT1_52570
SINT1_52570.5        -            903 518288at33208        -            273     0.014   14.5   0.2   1   1   1.3e-05     0.026   13.6   0.2    29    97   148   219   127   244 0.80 transcript=SINT1_52570.5 gene=SINT1_52570
SINT1_52570.4        -            891 518288at33208        -            273     0.015   14.4   0.3   1   1   1.3e-05     0.026   13.6   0.3    29    97   129   200   108   226 0.80 transcript=SINT1_52570.4 gene=SINT1_52570
SINT1_52570.8        -            891 518288at33208        -            273     0.015   14.4   0.3   1   1   1.3e-05     0.026   13.6   0.3    29    97   129   200   108   226 0.80 transcript=SINT1_52570.8 gene=SINT1_52570
#
# Program:         hmmsearch
# Version:         3.4 (Aug 2023)
# Pipeline mode:   SEARCH
# Query file:      /users/40483456/busco_datasets/busco_downloads/lineages/metazoa_odb10/hmms/518288at33208.hmm
# Target file:     /users/40483456/protein/schistosoma_intercalatum.fa
# Option settings: hmmsearch --domtblout /users/40483456/busco/results_pro/schistosoma_intercalatum_busco/run_metazoa_odb10/hmmer_output/initial_run_results/518288at33208.out --cpu 1 /users/40483456/busco_datasets/busco_downloads/lineages/metazoa_odb10/hmms/518288at33208.hmm /users/40483456/protein/schistosoma_intercalatum.fa 
# Current dir:     /users/40483456
# Date:            Thu Jan 15 17:52:11 2026
# [ok]
