#                                                                            --- full sequence --- -------------- this domain -------------   hmm coord   ali coord   env coord
# target name        accession   tlen query name           accession   qlen   E-value  score  bias   #  of  c-Evalue  i-Evalue  score  bias  from    to  from    to  from    to  acc description of target
#------------------- ---------- ----- -------------------- ---------- ----- --------- ------ ----- --- --- --------- --------- ------ ----- ----- ----- ----- ----- ----- ----- ---- ---------------------
SINT1_34600.1        -            387 534808at33208        -            283   1.5e-77  260.4   0.0   1   1   1.1e-79   4.7e-77  258.8   0.0     7   240   110   361   107   373 0.90 transcript=SINT1_34600.1 gene=SINT1_34600
SINT1_73960.1        -            267 534808at33208        -            283     5e-31  107.8   3.3   1   1     4e-32   1.7e-29  102.8   3.3     4   208     3   224     1   256 0.83 transcript=SINT1_73960.1 gene=SINT1_73960
SINT1_57100.1        -            349 534808at33208        -            283   2.1e-25   89.4   1.0   1   1     8e-28   3.3e-25   88.7   1.0     9   188    90   285    85   301 0.85 transcript=SINT1_57100.1 gene=SINT1_57100
SINT1_67040.1        -            338 534808at33208        -            283   2.2e-22   79.5   0.0   1   1   5.1e-24   2.1e-21   76.2   0.0     9   249    49   311    43   321 0.81 transcript=SINT1_67040.1 gene=SINT1_67040
SINT1_67040.2        -            338 534808at33208        -            283   2.2e-22   79.5   0.0   1   1   5.1e-24   2.1e-21   76.2   0.0     9   249    49   311    43   321 0.81 transcript=SINT1_67040.2 gene=SINT1_67040
SINT1_67040.3        -            338 534808at33208        -            283   2.2e-22   79.5   0.0   1   1   5.1e-24   2.1e-21   76.2   0.0     9   249    49   311    43   321 0.81 transcript=SINT1_67040.3 gene=SINT1_67040
SINT1_57250.1        -            342 534808at33208        -            283   2.3e-22   79.4   1.7   1   1   8.8e-25   3.7e-22   78.7   1.7     9   186    83   276    78   297 0.84 transcript=SINT1_57250.1 gene=SINT1_57250
SINT1_57220.1        -            332 534808at33208        -            283   4.1e-22   78.6   1.4   1   1   1.5e-24   6.3e-22   78.0   1.4     9   186    73   266    68   287 0.85 transcript=SINT1_57220.1 gene=SINT1_57220
SINT1_57210.1        -            316 534808at33208        -            283   7.3e-22   77.8   0.2   1   1   2.5e-24     1e-21   77.2   0.2     9   191    57   255    52   307 0.85 transcript=SINT1_57210.1 gene=SINT1_57210
SINT1_90220.1        -            307 534808at33208        -            283   5.1e-21   75.0   0.4   1   1   1.9e-23     8e-21   74.3   0.4     9   184    46   237    41   247 0.84 transcript=SINT1_90220.1 gene=SINT1_90220
SINT1_57200.1        -            320 534808at33208        -            283   8.8e-21   74.2   0.1   1   1   3.3e-23   1.4e-20   73.6   0.1     9   186    57   250    52   263 0.85 transcript=SINT1_57200.1 gene=SINT1_57200
SINT1_79350.2        -            253 534808at33208        -            283   1.8e-20   73.1   0.0   1   1   5.3e-23   2.2e-20   72.9   0.0     5   215     3   227     1   242 0.78 transcript=SINT1_79350.2 gene=SINT1_79350
SINT1_20330.1        -            323 534808at33208        -            283   2.7e-20   72.6   0.3   1   2   8.2e-10   3.4e-07   29.6   0.2     7    78    18    92    12    98 0.86 transcript=SINT1_20330.1 gene=SINT1_20330
SINT1_20330.1        -            323 534808at33208        -            283   2.7e-20   72.6   0.3   2   2   2.3e-13   9.3e-11   41.3   0.0    51   138    98   182    93   245 0.89 transcript=SINT1_20330.1 gene=SINT1_20330
SINT1_90230.1        -            308 534808at33208        -            283   8.4e-20   71.0   0.3   1   1   3.2e-22   1.3e-19   70.3   0.3     9   185    47   239    42   247 0.83 transcript=SINT1_90230.1 gene=SINT1_90230
SINT1_79350.1        -            259 534808at33208        -            283   4.3e-19   68.7   0.1   1   1   1.3e-21   5.5e-19   68.3   0.1     5   186     3   199     1   210 0.81 transcript=SINT1_79350.1 gene=SINT1_79350
SINT1_79350.3        -            259 534808at33208        -            283   4.3e-19   68.7   0.1   1   1   1.3e-21   5.5e-19   68.3   0.1     5   186     3   199     1   210 0.81 transcript=SINT1_79350.3 gene=SINT1_79350
SINT1_20340.1        -            323 534808at33208        -            283     7e-19   68.0   0.3   1   2   2.9e-08   1.2e-05   24.6   0.2     7    55    18    67    12    93 0.88 transcript=SINT1_20340.1 gene=SINT1_20340
SINT1_20340.1        -            323 534808at33208        -            283     7e-19   68.0   0.3   2   2   1.7e-13   7.1e-11   41.7   0.0    50   138    97   182    89   246 0.89 transcript=SINT1_20340.1 gene=SINT1_20340
SINT1_90240.1        -            323 534808at33208        -            283   7.4e-19   67.9   1.4   1   1   3.2e-21   1.3e-18   67.1   1.4     9   171    60   238    54   263 0.79 transcript=SINT1_90240.1 gene=SINT1_90240
SINT1_90240.2        -            323 534808at33208        -            283   7.4e-19   67.9   1.4   1   1   3.2e-21   1.3e-18   67.1   1.4     9   171    60   238    54   263 0.79 transcript=SINT1_90240.2 gene=SINT1_90240
SINT1_20310.1        -            323 534808at33208        -            283   1.6e-18   66.8   0.2   1   2   2.8e-08   1.2e-05   24.6   0.1     7    78    18    92    14    98 0.80 transcript=SINT1_20310.1 gene=SINT1_20310
SINT1_20310.1        -            323 534808at33208        -            283   1.6e-18   66.8   0.2   2   2   1.6e-12   6.6e-10   38.5   0.0    52   224    99   280    94   294 0.76 transcript=SINT1_20310.1 gene=SINT1_20310
SINT1_20300.1        -            327 534808at33208        -            283   1.6e-17   63.5   0.1   1   2     3e-08   1.3e-05   24.5   0.1     7    78    18    92    14    97 0.80 transcript=SINT1_20300.1 gene=SINT1_20300
SINT1_20300.1        -            327 534808at33208        -            283   1.6e-17   63.5   0.1   2   2   6.4e-12   2.6e-09   36.5   0.0    52   142    99   186    94   250 0.86 transcript=SINT1_20300.1 gene=SINT1_20300
SINT1_39110.2        -            316 534808at33208        -            283   5.3e-16   58.5   0.2   1   1   8.9e-18   3.7e-15   55.8   0.2     6   136    63   205    59   211 0.82 transcript=SINT1_39110.2 gene=SINT1_39110
SINT1_39110.3        -            325 534808at33208        -            283     6e-16   58.4   0.2   1   1   9.5e-18   3.9e-15   55.7   0.2     6   136    38   180    34   186 0.82 transcript=SINT1_39110.3 gene=SINT1_39110
SINT1_39110.1        -            350 534808at33208        -            283   7.1e-16   58.1   0.2   1   1   1.1e-17   4.6e-15   55.4   0.2     6   136    63   205    59   211 0.82 transcript=SINT1_39110.1 gene=SINT1_39110
SINT1_20320.1        -            323 534808at33208        -            283   2.6e-15   56.3   0.2   1   2   4.8e-08     2e-05   23.8   0.3     7    78    18    92    12    94 0.79 transcript=SINT1_20320.1 gene=SINT1_20320
SINT1_20320.1        -            323 534808at33208        -            283   2.6e-15   56.3   0.2   2   2   6.2e-10   2.6e-07   30.0   0.0    52   139    99   183    94   188 0.92 transcript=SINT1_20320.1 gene=SINT1_20320
SINT1_51020.1        -            350 534808at33208        -            283   2.4e-13   49.8   0.0   1   2   1.1e-15   4.7e-13   48.8   0.0     6   142    35   184    29   189 0.81 transcript=SINT1_51020.1 gene=SINT1_51020
SINT1_51020.1        -            350 534808at33208        -            283   2.4e-13   49.8   0.0   2   2       7.6   3.2e+03   -3.1   0.0   181   202   243   265   204   302 0.51 transcript=SINT1_51020.1 gene=SINT1_51020
SINT1_13850.1        -            338 534808at33208        -            283   1.5e-11   43.9   0.0   1   2   7.4e-08   3.1e-05   23.2   0.1     7    54    45    93    42   109 0.85 transcript=SINT1_13850.1 gene=SINT1_13850
SINT1_13850.1        -            338 534808at33208        -            283   1.5e-11   43.9   0.0   2   2   1.7e-06   0.00071   18.7   0.0    53   138   115   199   104   232 0.82 transcript=SINT1_13850.1 gene=SINT1_13850
SINT1_13880.1        -            338 534808at33208        -            283   2.3e-11   43.3   0.0   1   1   1.4e-10   5.8e-08   32.1   0.0     7   138    45   199    43   232 0.76 transcript=SINT1_13880.1 gene=SINT1_13880
SINT1_57110.1        -            144 534808at33208        -            283   1.2e-09   37.6   0.2   1   1   3.6e-12   1.5e-09   37.4   0.2    90   191     9   112     7   127 0.91 transcript=SINT1_57110.1 gene=SINT1_57110
SINT1_22040.1        -            322 534808at33208        -            283   1.6e-09   37.2   0.1   1   2   0.00078      0.32   10.0   0.0     7    44    17    55    14    64 0.88 transcript=SINT1_22040.1 gene=SINT1_22040
SINT1_22040.1        -            322 534808at33208        -            283   1.6e-09   37.2   0.1   2   2   1.9e-08   7.9e-06   25.1   0.0    46   139    92   182    88   189 0.92 transcript=SINT1_22040.1 gene=SINT1_22040
SINT1_7180.1         -            326 534808at33208        -            283   1.6e-08   33.9   5.3   1   1   7.2e-09     3e-06   26.5   5.2     8   217     5   249     2   266 0.69 transcript=SINT1_7180.1 gene=SINT1_7180
SINT1_7180.2         -            326 534808at33208        -            283   1.6e-08   33.9   5.3   1   1   7.2e-09     3e-06   26.5   5.2     8   217     5   249     2   266 0.69 transcript=SINT1_7180.2 gene=SINT1_7180
SINT1_7170.1         -            340 534808at33208        -            283   2.7e-08   33.2   2.1   1   1   3.7e-09   1.5e-06   27.5   2.1     8   224     6   269     3   293 0.67 transcript=SINT1_7170.1 gene=SINT1_7170
SINT1_32680.1        -            245 534808at33208        -            283   3.4e-08   32.9   0.0   1   1   1.4e-10   5.6e-08   32.2   0.0    11   142     3   147     1   159 0.82 transcript=SINT1_32680.1 gene=SINT1_32680
SINT1_32680.3        -            245 534808at33208        -            283   3.4e-08   32.9   0.0   1   1   1.4e-10   5.6e-08   32.2   0.0    11   142     3   147     1   159 0.82 transcript=SINT1_32680.3 gene=SINT1_32680
SINT1_7170.2         -            258 534808at33208        -            283   3.7e-08   32.8   2.6   1   1   7.1e-09   2.9e-06   26.5   2.6     8   177     6   219     3   241 0.69 transcript=SINT1_7170.2 gene=SINT1_7170
SINT1_32680.2        -            277 534808at33208        -            283   4.8e-08   32.4   0.0   1   1   1.9e-10   7.9e-08   31.7   0.0    11   142     3   147     1   159 0.82 transcript=SINT1_32680.2 gene=SINT1_32680
SINT1_23890.2        -            278 534808at33208        -            283   7.7e-08   31.7   3.9   1   2   3.2e-05     0.013   14.6   1.9     8    89     6   105     3   122 0.60 transcript=SINT1_23890.2 gene=SINT1_23890
SINT1_23890.2        -            278 534808at33208        -            283   7.7e-08   31.7   3.9   2   2   8.1e-05     0.034   13.2   0.0   100   184   158   243   142   254 0.79 transcript=SINT1_23890.2 gene=SINT1_23890
SINT1_32670.1        -            277 534808at33208        -            283   1.6e-07   30.7   0.0   1   1   5.8e-10   2.4e-07   30.1   0.0    11   143     3   148     1   160 0.80 transcript=SINT1_32670.1 gene=SINT1_32670
SINT1_23890.1        -            357 534808at33208        -            283   2.7e-07   30.0   4.1   1   2   5.9e-05     0.024   13.7   2.0     8    88     6   104     3   121 0.59 transcript=SINT1_23890.1 gene=SINT1_23890
SINT1_23890.1        -            357 534808at33208        -            283   2.7e-07   30.0   4.1   2   2   0.00013     0.053   12.6   0.0   101   184   159   243   142   255 0.79 transcript=SINT1_23890.1 gene=SINT1_23890
SINT1_79450.1        -            326 534808at33208        -            283   8.4e-06   25.1   0.4   1   2   0.00013     0.052   12.6   0.0    12    53    26    77    21    95 0.77 transcript=SINT1_79450.1 gene=SINT1_79450
SINT1_79450.1        -            326 534808at33208        -            283   8.4e-06   25.1   0.4   2   2   0.00047      0.19   10.7   0.1    80   189   133   244   118   266 0.81 transcript=SINT1_79450.1 gene=SINT1_79450
SINT1_79450.3        -            326 534808at33208        -            283   8.4e-06   25.1   0.4   1   2   0.00013     0.052   12.6   0.0    12    53    26    77    21    95 0.77 transcript=SINT1_79450.3 gene=SINT1_79450
SINT1_79450.3        -            326 534808at33208        -            283   8.4e-06   25.1   0.4   2   2   0.00047      0.19   10.7   0.1    80   189   133   244   118   266 0.81 transcript=SINT1_79450.3 gene=SINT1_79450
SINT1_23890.3        -            210 534808at33208        -            283   0.00018   20.7   4.1   1   2   1.7e-05    0.0071   15.4   2.0     8    90     6   106     3   124 0.61 transcript=SINT1_23890.3 gene=SINT1_23890
SINT1_23890.3        -            210 534808at33208        -            283   0.00018   20.7   4.1   2   2      0.43   1.8e+02    1.0   0.0   100   145   158   203   142   208 0.76 transcript=SINT1_23890.3 gene=SINT1_23890
#
# Program:         hmmsearch
# Version:         3.4 (Aug 2023)
# Pipeline mode:   SEARCH
# Query file:      /users/40483456/busco_datasets/busco_downloads/lineages/metazoa_odb10/hmms/534808at33208.hmm
# Target file:     /users/40483456/protein/schistosoma_intercalatum.fa
# Option settings: hmmsearch --domtblout /users/40483456/busco/results_pro/schistosoma_intercalatum_busco/run_metazoa_odb10/hmmer_output/initial_run_results/534808at33208.out --cpu 1 /users/40483456/busco_datasets/busco_downloads/lineages/metazoa_odb10/hmms/534808at33208.hmm /users/40483456/protein/schistosoma_intercalatum.fa 
# Current dir:     /users/40483456
# Date:            Thu Jan 15 17:52:14 2026
# [ok]
