#                                                                            --- full sequence --- -------------- this domain -------------   hmm coord   ali coord   env coord
# target name        accession   tlen query name           accession   qlen   E-value  score  bias   #  of  c-Evalue  i-Evalue  score  bias  from    to  from    to  from    to  acc description of target
#------------------- ---------- ----- -------------------- ---------- ----- --------- ------ ----- --- --- --------- --------- ------ ----- ----- ----- ----- ----- ----- ----- ---- ---------------------
SINT1_54550.1        -            252 562780at33208        -            160   1.3e-60  204.0   2.0   1   3   1.4e-51   3.1e-48  163.8   0.1     1   115    14   135    14   141 0.95 transcript=SINT1_54550.1 gene=SINT1_54550
SINT1_54550.1        -            252 562780at33208        -            160   1.3e-60  204.0   2.0   2   3   3.3e-09   7.4e-06   26.0   0.1   115   144   157   186   144   193 0.90 transcript=SINT1_54550.1 gene=SINT1_54550
SINT1_54550.1        -            252 562780at33208        -            160   1.3e-60  204.0   2.0   3   3   4.4e-05     0.097   12.6   0.0   138   159   223   244   215   245 0.87 transcript=SINT1_54550.1 gene=SINT1_54550
SINT1_54550.2        -            252 562780at33208        -            160   1.3e-60  204.0   2.0   1   3   1.4e-51   3.1e-48  163.8   0.1     1   115    14   135    14   141 0.95 transcript=SINT1_54550.2 gene=SINT1_54550
SINT1_54550.2        -            252 562780at33208        -            160   1.3e-60  204.0   2.0   2   3   3.3e-09   7.4e-06   26.0   0.1   115   144   157   186   144   193 0.90 transcript=SINT1_54550.2 gene=SINT1_54550
SINT1_54550.2        -            252 562780at33208        -            160   1.3e-60  204.0   2.0   3   3   4.4e-05     0.097   12.6   0.0   138   159   223   244   215   245 0.87 transcript=SINT1_54550.2 gene=SINT1_54550
SINT1_54550.3        -            189 562780at33208        -            160   3.6e-35  121.3   1.9   1   3   8.8e-26     2e-22   79.9   0.1    58   115    13    72     1    79 0.89 transcript=SINT1_54550.3 gene=SINT1_54550
SINT1_54550.3        -            189 562780at33208        -            160   3.6e-35  121.3   1.9   2   3   2.1e-09   4.7e-06   26.6   0.1   115   144    94   123    81   130 0.90 transcript=SINT1_54550.3 gene=SINT1_54550
SINT1_54550.3        -            189 562780at33208        -            160   3.6e-35  121.3   1.9   3   3   2.9e-05     0.066   13.2   0.0   138   159   160   181   152   182 0.87 transcript=SINT1_54550.3 gene=SINT1_54550
SINT1_54550.4        -            176 562780at33208        -            160   2.4e-34  118.6   1.7   1   3   8.3e-25   1.9e-21   76.7   0.0    59   115     1    59     1    66 0.93 transcript=SINT1_54550.4 gene=SINT1_54550
SINT1_54550.4        -            176 562780at33208        -            160   2.4e-34  118.6   1.7   2   3   1.9e-09   4.2e-06   26.8   0.1   115   144    81   110    68   117 0.90 transcript=SINT1_54550.4 gene=SINT1_54550
SINT1_54550.4        -            176 562780at33208        -            160   2.4e-34  118.6   1.7   3   3   2.7e-05     0.059   13.3   0.0   138   159   147   168   139   169 0.87 transcript=SINT1_54550.4 gene=SINT1_54550
SINT1_57700.1        -            254 562780at33208        -            160   4.4e-05   23.5   0.1   1   3   0.00095       2.1    8.3   0.0     6    43    27    62    23    76 0.81 transcript=SINT1_57700.1 gene=SINT1_57700
SINT1_57700.1        -            254 562780at33208        -            160   4.4e-05   23.5   0.1   2   3     0.067   1.5e+02    2.3   0.0    80   114   114   151    91   155 0.83 transcript=SINT1_57700.1 gene=SINT1_57700
SINT1_57700.1        -            254 562780at33208        -            160   4.4e-05   23.5   0.1   3   3   0.00041      0.92    9.5   0.0   114   155   182   226   163   230 0.84 transcript=SINT1_57700.1 gene=SINT1_57700
SINT1_57700.2        -            254 562780at33208        -            160   4.4e-05   23.5   0.1   1   3   0.00095       2.1    8.3   0.0     6    43    27    62    23    76 0.81 transcript=SINT1_57700.2 gene=SINT1_57700
SINT1_57700.2        -            254 562780at33208        -            160   4.4e-05   23.5   0.1   2   3     0.067   1.5e+02    2.3   0.0    80   114   114   151    91   155 0.83 transcript=SINT1_57700.2 gene=SINT1_57700
SINT1_57700.2        -            254 562780at33208        -            160   4.4e-05   23.5   0.1   3   3   0.00041      0.92    9.5   0.0   114   155   182   226   163   230 0.84 transcript=SINT1_57700.2 gene=SINT1_57700
SINT1_57700.3        -            297 562780at33208        -            160   8.5e-05   22.6   0.1   1   3    0.0012       2.7    7.9   0.0     6    43    70   105    66   119 0.81 transcript=SINT1_57700.3 gene=SINT1_57700
SINT1_57700.3        -            297 562780at33208        -            160   8.5e-05   22.6   0.1   2   3     0.086   1.9e+02    1.9   0.0    80   114   157   194   134   198 0.83 transcript=SINT1_57700.3 gene=SINT1_57700
SINT1_57700.3        -            297 562780at33208        -            160   8.5e-05   22.6   0.1   3   3   0.00054       1.2    9.1   0.0   114   155   225   269   207   273 0.85 transcript=SINT1_57700.3 gene=SINT1_57700
SINT1_17540.1        -            245 562780at33208        -            160     0.047   13.7   0.2   1   3      0.19   4.2e+02    0.8   0.0    60    82     8    30     5    83 0.74 transcript=SINT1_17540.1 gene=SINT1_17540
SINT1_17540.1        -            245 562780at33208        -            160     0.047   13.7   0.2   2   3   0.00033      0.73    9.8   0.1    53    88   123   160    70   172 0.77 transcript=SINT1_17540.1 gene=SINT1_17540
SINT1_17540.1        -            245 562780at33208        -            160     0.047   13.7   0.2   3   3      0.18   3.9e+02    0.9   0.0    38    54   153   169   150   188 0.80 transcript=SINT1_17540.1 gene=SINT1_17540
#
# Program:         hmmsearch
# Version:         3.4 (Aug 2023)
# Pipeline mode:   SEARCH
# Query file:      /users/40483456/busco_datasets/busco_downloads/lineages/metazoa_odb10/hmms/562780at33208.hmm
# Target file:     /users/40483456/protein/schistosoma_intercalatum.fa
# Option settings: hmmsearch --domtblout /users/40483456/busco/results_pro/schistosoma_intercalatum_busco/run_metazoa_odb10/hmmer_output/initial_run_results/562780at33208.out --cpu 1 /users/40483456/busco_datasets/busco_downloads/lineages/metazoa_odb10/hmms/562780at33208.hmm /users/40483456/protein/schistosoma_intercalatum.fa 
# Current dir:     /users/40483456
# Date:            Thu Jan 15 17:52:20 2026
# [ok]
