#                                                                            --- full sequence --- -------------- this domain -------------   hmm coord   ali coord   env coord
# target name        accession   tlen query name           accession   qlen   E-value  score  bias   #  of  c-Evalue  i-Evalue  score  bias  from    to  from    to  from    to  acc description of target
#------------------- ---------- ----- -------------------- ---------- ----- --------- ------ ----- --- --- --------- --------- ------ ----- ----- ----- ----- ----- ----- ----- ---- ---------------------
SINT1_1010.2         -            258 564286at33208        -            121   1.4e-58  195.9   0.0   1   1     2e-60   2.5e-58  195.0   0.0     1   115     1   121     1   125 0.95 transcript=SINT1_1010.2 gene=SINT1_1010
SINT1_1010.1         -            244 564286at33208        -            121   2.6e-45  153.0   0.9   1   2   5.8e-43   7.2e-41  138.7   0.1     1    83     1    89     1    91 0.93 transcript=SINT1_1010.1 gene=SINT1_1010
SINT1_1010.1         -            244 564286at33208        -            121   2.6e-45  153.0   0.9   2   2   0.00046     0.057   13.1   0.1    99   115    91   107    90   111 0.92 transcript=SINT1_1010.1 gene=SINT1_1010
SINT1_15380.1        -            726 564286at33208        -            121   1.9e-34  117.9   1.7   1   4     1e-07   1.3e-05   24.9   0.0    30   105    12    87     2    98 0.91 transcript=SINT1_15380.1 gene=SINT1_15380
SINT1_15380.1        -            726 564286at33208        -            121   1.9e-34  117.9   1.7   2   4   6.9e-08   8.5e-06   25.5   0.9    32   110   102   179    94   190 0.89 transcript=SINT1_15380.1 gene=SINT1_15380
SINT1_15380.1        -            726 564286at33208        -            121   1.9e-34  117.9   1.7   3   4     7e-11   8.7e-09   35.1   0.0    34   114   195   274   186   281 0.85 transcript=SINT1_15380.1 gene=SINT1_15380
SINT1_15380.1        -            726 564286at33208        -            121   1.9e-34  117.9   1.7   4   4   1.1e-08   1.3e-06   28.1   0.0    23   110   288   374   276   384 0.86 transcript=SINT1_15380.1 gene=SINT1_15380
SINT1_53450.1        -            539 564286at33208        -            121   2.1e-34  117.8   0.6   1   3   2.8e-12   3.5e-10   39.6   0.1    35   106    11    82     4    88 0.93 transcript=SINT1_53450.1 gene=SINT1_53450
SINT1_53450.1        -            539 564286at33208        -            121   2.1e-34  117.8   0.6   2   3   1.4e-08   1.8e-06   27.7   0.0    29    88    91   150    84   163 0.89 transcript=SINT1_53450.1 gene=SINT1_53450
SINT1_53450.1        -            539 564286at33208        -            121   2.1e-34  117.8   0.6   3   3   1.2e-14   1.5e-12   47.2   0.1    26   108   379   460   359   468 0.87 transcript=SINT1_53450.1 gene=SINT1_53450
SINT1_53450.2        -            539 564286at33208        -            121   2.1e-34  117.8   0.6   1   3   2.8e-12   3.5e-10   39.6   0.1    35   106    11    82     4    88 0.93 transcript=SINT1_53450.2 gene=SINT1_53450
SINT1_53450.2        -            539 564286at33208        -            121   2.1e-34  117.8   0.6   2   3   1.4e-08   1.8e-06   27.7   0.0    29    88    91   150    84   163 0.89 transcript=SINT1_53450.2 gene=SINT1_53450
SINT1_53450.2        -            539 564286at33208        -            121   2.1e-34  117.8   0.6   3   3   1.2e-14   1.5e-12   47.2   0.1    26   108   379   460   359   468 0.87 transcript=SINT1_53450.2 gene=SINT1_53450
SINT1_30710.1        -            522 564286at33208        -            121   3.4e-31  107.4   0.0   1   3   2.8e-16   3.5e-14   52.5   0.0    31   109    96   174    69   183 0.89 transcript=SINT1_30710.1 gene=SINT1_30710
SINT1_30710.1        -            522 564286at33208        -            121   3.4e-31  107.4   0.0   2   3     1e-12   1.3e-10   41.0   0.0    30   105   192   268   182   274 0.91 transcript=SINT1_30710.1 gene=SINT1_30710
SINT1_30710.1        -            522 564286at33208        -            121   3.4e-31  107.4   0.0   3   3    0.0052      0.65    9.7   0.0    44   104   445   507   442   515 0.91 transcript=SINT1_30710.1 gene=SINT1_30710
SINT1_77970.1        -           1050 564286at33208        -            121   3.8e-31  107.3   4.9   1   3   2.5e-12   3.2e-10   39.8   0.2    20   106   481   567   464   574 0.89 transcript=SINT1_77970.1 gene=SINT1_77970
SINT1_77970.1        -           1050 564286at33208        -            121   3.8e-31  107.3   4.9   2   3   9.2e-11   1.1e-08   34.7   0.0    30    97   577   644   571   651 0.95 transcript=SINT1_77970.1 gene=SINT1_77970
SINT1_77970.1        -           1050 564286at33208        -            121   3.8e-31  107.3   4.9   3   3   1.2e-09   1.4e-07   31.2   0.0    31   106   766   841   757   850 0.93 transcript=SINT1_77970.1 gene=SINT1_77970
SINT1_49960.1        -            522 564286at33208        -            121   3.9e-26   91.1   0.0   1   2   3.2e-14     4e-12   45.9   0.0    13   109    75   171    66   181 0.87 transcript=SINT1_49960.1 gene=SINT1_49960
SINT1_49960.1        -            522 564286at33208        -            121   3.9e-26   91.1   0.0   2   2     3e-13   3.7e-11   42.7   0.0    31   106   190   266   174   272 0.92 transcript=SINT1_49960.1 gene=SINT1_49960
SINT1_1490.1         -            463 564286at33208        -            121   2.2e-25   88.7   0.0   1   2   5.3e-08   6.6e-06   25.8   0.0    24   109    97   181    82   190 0.85 transcript=SINT1_1490.1 gene=SINT1_1490
SINT1_1490.1         -            463 564286at33208        -            121   2.2e-25   88.7   0.0   2   2     1e-18   1.3e-16   60.4   0.0    26   110   198   282   195   287 0.94 transcript=SINT1_1490.1 gene=SINT1_1490
SINT1_92960.2        -            773 564286at33208        -            121   3.3e-25   88.1   0.0   1   3   4.1e-11     5e-09   35.9   0.0     9   108   171   267   164   279 0.83 transcript=SINT1_92960.2 gene=SINT1_92960
SINT1_92960.2        -            773 564286at33208        -            121   3.3e-25   88.1   0.0   2   3   3.7e-07   4.6e-05   23.1   0.0    28    98   275   344   264   368 0.82 transcript=SINT1_92960.2 gene=SINT1_92960
SINT1_92960.2        -            773 564286at33208        -            121   3.3e-25   88.1   0.0   3   3     6e-08   7.5e-06   25.6   0.0    32   106   688   762   683   771 0.91 transcript=SINT1_92960.2 gene=SINT1_92960
SINT1_86020.1        -            328 564286at33208        -            121   4.8e-24   84.4   0.0   1   2   4.7e-13   5.8e-11   42.1   0.0    25   112     7    94     2    97 0.93 transcript=SINT1_86020.1 gene=SINT1_86020
SINT1_86020.1        -            328 564286at33208        -            121   4.8e-24   84.4   0.0   2   2   7.7e-13   9.6e-11   41.4   0.0    25   109    94   179    88   188 0.89 transcript=SINT1_86020.1 gene=SINT1_86020
SINT1_1350.1         -            782 564286at33208        -            121   3.8e-23   81.5   1.8   1   3   4.9e-12   6.1e-10   38.8   0.0    12   106    75   169    68   176 0.91 transcript=SINT1_1350.1 gene=SINT1_1350
SINT1_1350.1         -            782 564286at33208        -            121   3.8e-23   81.5   1.8   2   3   1.5e-10   1.9e-08   34.0   0.0    30    97   179   246   173   255 0.95 transcript=SINT1_1350.1 gene=SINT1_1350
SINT1_1350.1         -            782 564286at33208        -            121   3.8e-23   81.5   1.8   3   3     0.098        12    5.6   0.2    61   111   713   763   704   771 0.80 transcript=SINT1_1350.1 gene=SINT1_1350
SINT1_1350.2         -            782 564286at33208        -            121   3.8e-23   81.5   1.8   1   3   4.9e-12   6.1e-10   38.8   0.0    12   106    75   169    68   176 0.91 transcript=SINT1_1350.2 gene=SINT1_1350
SINT1_1350.2         -            782 564286at33208        -            121   3.8e-23   81.5   1.8   2   3   1.5e-10   1.9e-08   34.0   0.0    30    97   179   246   173   255 0.95 transcript=SINT1_1350.2 gene=SINT1_1350
SINT1_1350.2         -            782 564286at33208        -            121   3.8e-23   81.5   1.8   3   3     0.098        12    5.6   0.2    61   111   713   763   704   771 0.80 transcript=SINT1_1350.2 gene=SINT1_1350
SINT1_76230.1        -            509 564286at33208        -            121   8.4e-23   80.4   0.3   1   2   5.4e-16   6.6e-14   51.6   0.0    22   113   151   242   129   250 0.87 transcript=SINT1_76230.1 gene=SINT1_76230
SINT1_76230.1        -            509 564286at33208        -            121   8.4e-23   80.4   0.3   2   2   2.9e-08   3.6e-06   26.7   0.1    29    99   263   327   251   345 0.86 transcript=SINT1_76230.1 gene=SINT1_76230
SINT1_76230.2        -            662 564286at33208        -            121   1.2e-22   79.8   1.8   1   3   8.3e-16     1e-13   51.0   0.0    24   113   153   242   131   250 0.87 transcript=SINT1_76230.2 gene=SINT1_76230
SINT1_76230.2        -            662 564286at33208        -            121   1.2e-22   79.8   1.8   2   3   4.2e-08   5.2e-06   26.1   0.1    29    99   263   327   251   345 0.86 transcript=SINT1_76230.2 gene=SINT1_76230
SINT1_76230.2        -            662 564286at33208        -            121   1.2e-22   79.8   1.8   3   3       8.2     1e+03   -0.6   0.1     9    30   628   649   620   652 0.82 transcript=SINT1_76230.2 gene=SINT1_76230
SINT1_74290.1        -            294 564286at33208        -            121   1.7e-22   79.4   1.0   1   2   1.5e-12   1.8e-10   40.5   0.0    28    92    11    75     5    94 0.88 transcript=SINT1_74290.1 gene=SINT1_74290
SINT1_74290.1        -            294 564286at33208        -            121   1.7e-22   79.4   1.0   2   2   1.8e-11   2.2e-09   37.0   0.2    30    84   103   157    82   168 0.90 transcript=SINT1_74290.1 gene=SINT1_74290
SINT1_79330.1        -            314 564286at33208        -            121   1.3e-21   76.5   0.3   1   2     5e-12   6.2e-10   38.8   0.0    31   102    17    87     5   101 0.85 transcript=SINT1_79330.1 gene=SINT1_79330
SINT1_79330.1        -            314 564286at33208        -            121   1.3e-21   76.5   0.3   2   2   4.9e-11     6e-09   35.6   0.3    31    83   108   160    96   195 0.91 transcript=SINT1_79330.1 gene=SINT1_79330
SINT1_79330.2        -            314 564286at33208        -            121   1.3e-21   76.5   0.3   1   2     5e-12   6.2e-10   38.8   0.0    31   102    17    87     5   101 0.85 transcript=SINT1_79330.2 gene=SINT1_79330
SINT1_79330.2        -            314 564286at33208        -            121   1.3e-21   76.5   0.3   2   2   4.9e-11     6e-09   35.6   0.3    31    83   108   160    96   195 0.91 transcript=SINT1_79330.2 gene=SINT1_79330
SINT1_80090.1        -            388 564286at33208        -            121   4.4e-21   74.8   1.6   1   2   7.7e-13   9.6e-11   41.4   0.1    24    85    52   113    42   133 0.86 transcript=SINT1_80090.1 gene=SINT1_80090
SINT1_80090.1        -            388 564286at33208        -            121   4.4e-21   74.8   1.6   2   2   4.2e-10   5.2e-08   32.6   0.2    31   106   142   216   124   231 0.85 transcript=SINT1_80090.1 gene=SINT1_80090
SINT1_92960.4        -            741 564286at33208        -            121   4.2e-18   65.2   0.0   1   3   3.8e-11   4.7e-09   36.0   0.0     9   108   171   267   164   279 0.83 transcript=SINT1_92960.4 gene=SINT1_92960
SINT1_92960.4        -            741 564286at33208        -            121   4.2e-18   65.2   0.0   2   3   3.5e-07   4.3e-05   23.2   0.0    28    98   275   344   264   368 0.82 transcript=SINT1_92960.4 gene=SINT1_92960
SINT1_92960.4        -            741 564286at33208        -            121   4.2e-18   65.2   0.0   3   3      0.92   1.1e+02    2.5   0.0    32    75   688   731   683   736 0.91 transcript=SINT1_92960.4 gene=SINT1_92960
SINT1_12450.1        -            542 564286at33208        -            121   5.7e-18   64.7   0.3   1   2   2.1e-08   2.6e-06   27.1   0.1    29    85     9    65     1    78 0.90 transcript=SINT1_12450.1 gene=SINT1_12450
SINT1_12450.1        -            542 564286at33208        -            121   5.7e-18   64.7   0.3   2   2   4.5e-11   5.6e-09   35.7   0.0    24   102    91   173    70   190 0.78 transcript=SINT1_12450.1 gene=SINT1_12450
SINT1_93080.2        -            580 564286at33208        -            121   8.3e-18   64.2   0.1   1   3     0.029       3.6    7.3   0.0    20   106    27   112    19   120 0.86 transcript=SINT1_93080.2 gene=SINT1_93080
SINT1_93080.2        -            580 564286at33208        -            121   8.3e-18   64.2   0.1   2   3   3.5e-06   0.00043   20.0   0.0    32   106   167   240   163   250 0.91 transcript=SINT1_93080.2 gene=SINT1_93080
SINT1_93080.2        -            580 564286at33208        -            121   8.3e-18   64.2   0.1   3   3   3.7e-10   4.6e-08   32.8   0.0    29   105   503   578   490   580 0.92 transcript=SINT1_93080.2 gene=SINT1_93080
SINT1_93080.1        -            581 564286at33208        -            121   8.4e-18   64.2   0.1   1   3     0.029       3.6    7.3   0.0    20   106    28   113    20   121 0.86 transcript=SINT1_93080.1 gene=SINT1_93080
SINT1_93080.1        -            581 564286at33208        -            121   8.4e-18   64.2   0.1   2   3   3.5e-06   0.00043   20.0   0.0    32   106   168   241   164   251 0.91 transcript=SINT1_93080.1 gene=SINT1_93080
SINT1_93080.1        -            581 564286at33208        -            121   8.4e-18   64.2   0.1   3   3   3.7e-10   4.6e-08   32.8   0.0    29   105   504   579   491   581 0.92 transcript=SINT1_93080.1 gene=SINT1_93080
SINT1_40540.1        -            603 564286at33208        -            121   1.3e-17   63.6   2.9   1   2   1.1e-08   1.4e-06   28.0   0.0    27    81    74   128    52   142 0.86 transcript=SINT1_40540.1 gene=SINT1_40540
SINT1_40540.1        -            603 564286at33208        -            121   1.3e-17   63.6   2.9   2   2   6.2e-11   7.6e-09   35.3   0.1    28    86   166   224   152   252 0.90 transcript=SINT1_40540.1 gene=SINT1_40540
SINT1_92960.5        -            693 564286at33208        -            121   6.9e-17   61.3   0.0   1   2   3.5e-11   4.3e-09   36.1   0.0     9   108   171   267   164   279 0.83 transcript=SINT1_92960.5 gene=SINT1_92960
SINT1_92960.5        -            693 564286at33208        -            121   6.9e-17   61.3   0.0   2   2   3.2e-07   3.9e-05   23.3   0.0    28    98   275   344   264   368 0.82 transcript=SINT1_92960.5 gene=SINT1_92960
SINT1_28310.1        -            692 564286at33208        -            121   7.4e-17   61.2   0.0   1   2     3e-10   3.8e-08   33.1   0.0    32   115   109   192   102   196 0.95 transcript=SINT1_28310.1 gene=SINT1_28310
SINT1_28310.1        -            692 564286at33208        -            121   7.4e-17   61.2   0.0   2   2   1.5e-07   1.8e-05   24.4   0.0     7   106   588   689   582   692 0.79 transcript=SINT1_28310.1 gene=SINT1_28310
SINT1_92960.3        -            724 564286at33208        -            121   7.9e-17   61.1   0.0   1   2   3.7e-11   4.6e-09   36.0   0.0     9   108   171   267   164   279 0.83 transcript=SINT1_92960.3 gene=SINT1_92960
SINT1_92960.3        -            724 564286at33208        -            121   7.9e-17   61.1   0.0   2   2   3.4e-07   4.2e-05   23.2   0.0    28    98   275   344   264   368 0.82 transcript=SINT1_92960.3 gene=SINT1_92960
SINT1_52400.1        -            621 564286at33208        -            121   1.6e-16   60.1   7.8   1   2      0.22        27    4.5   0.0    27    54   296   323   277   331 0.83 transcript=SINT1_52400.1 gene=SINT1_52400
SINT1_52400.1        -            621 564286at33208        -            121   1.6e-16   60.1   7.8   2   2   5.5e-18   6.8e-16   58.0   0.1    26   116   446   536   421   541 0.86 transcript=SINT1_52400.1 gene=SINT1_52400
SINT1_44870.2        -            757 564286at33208        -            121   1.9e-16   59.9   0.0   1   2   1.2e-08   1.5e-06   27.9   0.0    28    98    95   164    72   189 0.82 transcript=SINT1_44870.2 gene=SINT1_44870
SINT1_44870.2        -            757 564286at33208        -            121   1.9e-16   59.9   0.0   2   2   4.3e-09   5.3e-07   29.3   0.0    32   106   673   747   669   756 0.92 transcript=SINT1_44870.2 gene=SINT1_44870
SINT1_44870.1        -            820 564286at33208        -            121   2.9e-16   59.3   0.1   1   2   1.3e-08   1.6e-06   27.8   0.0    28    98    95   164    72   189 0.82 transcript=SINT1_44870.1 gene=SINT1_44870
SINT1_44870.1        -            820 564286at33208        -            121   2.9e-16   59.3   0.1   2   2   6.1e-09   7.6e-07   28.8   0.0    32   105   681   754   677   767 0.93 transcript=SINT1_44870.1 gene=SINT1_44870
SINT1_86460.1        -           1254 564286at33208        -            121   2.8e-15   56.0   0.1   1   2     3e-11   3.7e-09   36.3   0.0    19    89   639   708   623   738 0.87 transcript=SINT1_86460.1 gene=SINT1_86460
SINT1_86460.1        -           1254 564286at33208        -            121   2.8e-15   56.0   0.1   2   2   4.9e-05    0.0061   16.2   0.0    27   105   772   849   760   857 0.90 transcript=SINT1_86460.1 gene=SINT1_86460
SINT1_65470.1        -            413 564286at33208        -            121   1.3e-14   53.9   0.0   1   1   1.8e-16   2.2e-14   53.2   0.0    27   107    12    92     5   102 0.93 transcript=SINT1_65470.1 gene=SINT1_65470
SINT1_68810.1        -           1210 564286at33208        -            121   2.4e-14   53.1   0.3   1   3   1.2e-06   0.00015   21.4   0.0    31    98    88   154    82   167 0.90 transcript=SINT1_68810.1 gene=SINT1_68810
SINT1_68810.1        -           1210 564286at33208        -            121   2.4e-14   53.1   0.3   2   3   3.8e-05    0.0047   16.6   0.0    31   112   168   253   163   262 0.83 transcript=SINT1_68810.1 gene=SINT1_68810
SINT1_68810.1        -           1210 564286at33208        -            121   2.4e-14   53.1   0.3   3   3    0.0029      0.36   10.5   0.0    32   111   264   339   256   347 0.85 transcript=SINT1_68810.1 gene=SINT1_68810
SINT1_50930.1        -            220 564286at33208        -            121   5.2e-14   52.0   0.0   1   1   9.7e-16   1.2e-13   50.8   0.0    32   107    11    86     6    94 0.94 transcript=SINT1_50930.1 gene=SINT1_50930
SINT1_7670.1         -            521 564286at33208        -            121   8.8e-14   51.2   0.1   1   2      0.13        17    5.2   0.0    29    53   190   214   184   223 0.88 transcript=SINT1_7670.1 gene=SINT1_7670
SINT1_7670.1         -            521 564286at33208        -            121   8.8e-14   51.2   0.1   2   2   2.9e-13   3.6e-11   42.8   0.0    29   107   300   378   293   384 0.93 transcript=SINT1_7670.1 gene=SINT1_7670
SINT1_7670.2         -            521 564286at33208        -            121   8.8e-14   51.2   0.1   1   2      0.13        17    5.2   0.0    29    53   190   214   184   223 0.88 transcript=SINT1_7670.2 gene=SINT1_7670
SINT1_7670.2         -            521 564286at33208        -            121   8.8e-14   51.2   0.1   2   2   2.9e-13   3.6e-11   42.8   0.0    29   107   300   378   293   384 0.93 transcript=SINT1_7670.2 gene=SINT1_7670
SINT1_64910.1        -            177 564286at33208        -            121   1.2e-13   50.8   0.0   1   1   1.5e-15   1.9e-13   50.2   0.0    27   110    67   150    50   161 0.88 transcript=SINT1_64910.1 gene=SINT1_64910
SINT1_76230.3        -            468 564286at33208        -            121     2e-13   50.1   0.7   1   3   6.3e-06   0.00078   19.1   0.0    67   113     2    48     1    56 0.87 transcript=SINT1_76230.3 gene=SINT1_76230
SINT1_76230.3        -            468 564286at33208        -            121     2e-13   50.1   0.7   2   3   2.6e-08   3.2e-06   26.8   0.1    29   100    69   134    57   151 0.86 transcript=SINT1_76230.3 gene=SINT1_76230
SINT1_76230.3        -            468 564286at33208        -            121     2e-13   50.1   0.7   3   3       5.4   6.7e+02   -0.0   0.1     9    30   434   455   426   458 0.82 transcript=SINT1_76230.3 gene=SINT1_76230
SINT1_76230.4        -            468 564286at33208        -            121     2e-13   50.1   0.7   1   3   6.3e-06   0.00078   19.1   0.0    67   113     2    48     1    56 0.87 transcript=SINT1_76230.4 gene=SINT1_76230
SINT1_76230.4        -            468 564286at33208        -            121     2e-13   50.1   0.7   2   3   2.6e-08   3.2e-06   26.8   0.1    29   100    69   134    57   151 0.86 transcript=SINT1_76230.4 gene=SINT1_76230
SINT1_76230.4        -            468 564286at33208        -            121     2e-13   50.1   0.7   3   3       5.4   6.7e+02   -0.0   0.1     9    30   434   455   426   458 0.82 transcript=SINT1_76230.4 gene=SINT1_76230
SINT1_76230.5        -            468 564286at33208        -            121     2e-13   50.1   0.7   1   3   6.3e-06   0.00078   19.1   0.0    67   113     2    48     1    56 0.87 transcript=SINT1_76230.5 gene=SINT1_76230
SINT1_76230.5        -            468 564286at33208        -            121     2e-13   50.1   0.7   2   3   2.6e-08   3.2e-06   26.8   0.1    29   100    69   134    57   151 0.86 transcript=SINT1_76230.5 gene=SINT1_76230
SINT1_76230.5        -            468 564286at33208        -            121     2e-13   50.1   0.7   3   3       5.4   6.7e+02   -0.0   0.1     9    30   434   455   426   458 0.82 transcript=SINT1_76230.5 gene=SINT1_76230
SINT1_10730.1        -            396 564286at33208        -            121     3e-13   49.5   0.2   1   1   5.7e-15     7e-13   48.3   0.0    32   110    94   172    90   177 0.94 transcript=SINT1_10730.1 gene=SINT1_10730
SINT1_45040.1        -            478 564286at33208        -            121   7.7e-13   48.2   0.0   1   1   1.1e-14   1.3e-12   47.4   0.0    24    94     5    75     1    91 0.89 transcript=SINT1_45040.1 gene=SINT1_45040
SINT1_61730.1        -            305 564286at33208        -            121   1.9e-12   47.0   0.0   1   1   3.4e-14   4.2e-12   45.8   0.0    32   105   102   175    89   184 0.92 transcript=SINT1_61730.1 gene=SINT1_61730
SINT1_63950.1        -            826 564286at33208        -            121   1.4e-11   44.1   0.1   1   3     1e-07   1.3e-05   24.9   0.0    32   104   104   176    97   183 0.91 transcript=SINT1_63950.1 gene=SINT1_63950
SINT1_63950.1        -            826 564286at33208        -            121   1.4e-11   44.1   0.1   2   3   0.00015     0.019   14.7   0.0    31   116   183   272   177   277 0.84 transcript=SINT1_63950.1 gene=SINT1_63950
SINT1_63950.1        -            826 564286at33208        -            121   1.4e-11   44.1   0.1   3   3       4.3   5.3e+02    0.3   0.0    70   109   314   353   308   363 0.85 transcript=SINT1_63950.1 gene=SINT1_63950
SINT1_63950.2        -            837 564286at33208        -            121   1.5e-11   44.0   0.1   1   3     1e-07   1.3e-05   24.9   0.0    32   104   104   176    97   183 0.91 transcript=SINT1_63950.2 gene=SINT1_63950
SINT1_63950.2        -            837 564286at33208        -            121   1.5e-11   44.0   0.1   2   3   0.00015     0.019   14.7   0.0    31   116   183   272   177   277 0.84 transcript=SINT1_63950.2 gene=SINT1_63950
SINT1_63950.2        -            837 564286at33208        -            121   1.5e-11   44.0   0.1   3   3       4.4   5.4e+02    0.3   0.0    70   109   314   353   308   363 0.85 transcript=SINT1_63950.2 gene=SINT1_63950
SINT1_51730.1        -            151 564286at33208        -            121   1.6e-11   43.9   0.0   1   1   1.8e-13   2.2e-11   43.5   0.0    35   112    19    96    15   103 0.93 transcript=SINT1_51730.1 gene=SINT1_51730
SINT1_51730.2        -            151 564286at33208        -            121   1.6e-11   43.9   0.0   1   1   1.8e-13   2.2e-11   43.5   0.0    35   112    19    96    15   103 0.93 transcript=SINT1_51730.2 gene=SINT1_51730
SINT1_51730.3        -            151 564286at33208        -            121   1.6e-11   43.9   0.0   1   1   1.8e-13   2.2e-11   43.5   0.0    35   112    19    96    15   103 0.93 transcript=SINT1_51730.3 gene=SINT1_51730
SINT1_51730.4        -            151 564286at33208        -            121   1.6e-11   43.9   0.0   1   1   1.8e-13   2.2e-11   43.5   0.0    35   112    19    96    15   103 0.93 transcript=SINT1_51730.4 gene=SINT1_51730
SINT1_51730.5        -            151 564286at33208        -            121   1.6e-11   43.9   0.0   1   1   1.8e-13   2.2e-11   43.5   0.0    35   112    19    96    15   103 0.93 transcript=SINT1_51730.5 gene=SINT1_51730
SINT1_51730.6        -            151 564286at33208        -            121   1.6e-11   43.9   0.0   1   1   1.8e-13   2.2e-11   43.5   0.0    35   112    19    96    15   103 0.93 transcript=SINT1_51730.6 gene=SINT1_51730
SINT1_35630.1        -            708 564286at33208        -            121   1.7e-11   43.9   0.0   1   2   7.9e-09   9.8e-07   28.5   0.0    16   108    61   153    54   157 0.89 transcript=SINT1_35630.1 gene=SINT1_35630
SINT1_35630.1        -            708 564286at33208        -            121   1.7e-11   43.9   0.0   2   2   0.00074     0.091   12.4   0.0    32    64   191   223   179   229 0.89 transcript=SINT1_35630.1 gene=SINT1_35630
SINT1_35630.2        -            970 564286at33208        -            121     4e-11   42.6   0.0   1   2   1.2e-08   1.5e-06   27.9   0.0    16   108    61   153    54   157 0.89 transcript=SINT1_35630.2 gene=SINT1_35630
SINT1_35630.2        -            970 564286at33208        -            121     4e-11   42.6   0.0   2   2    0.0011      0.13   11.9   0.0    32    64   191   223   179   229 0.89 transcript=SINT1_35630.2 gene=SINT1_35630
SINT1_14910.1        -            199 564286at33208        -            121   8.1e-11   41.7   0.0   1   1   9.9e-13   1.2e-10   41.1   0.0    35   111    79   155    69   160 0.91 transcript=SINT1_14910.1 gene=SINT1_14910
SINT1_73070.1        -            900 564286at33208        -            121   1.4e-10   40.9   0.2   1   3   4.5e-05    0.0055   16.4   0.0    33   109     8    84     4    94 0.76 transcript=SINT1_73070.1 gene=SINT1_73070
SINT1_73070.1        -            900 564286at33208        -            121   1.4e-10   40.9   0.2   2   3   5.5e-05    0.0069   16.1   0.0     9    89    75   153    69   182 0.73 transcript=SINT1_73070.1 gene=SINT1_73070
SINT1_73070.1        -            900 564286at33208        -            121   1.4e-10   40.9   0.2   3   3     0.084        10    5.8   0.0    39    77   268   308   260   346 0.79 transcript=SINT1_73070.1 gene=SINT1_73070
SINT1_73070.2        -            900 564286at33208        -            121   1.4e-10   40.9   0.2   1   3   4.5e-05    0.0055   16.4   0.0    33   109     8    84     4    94 0.76 transcript=SINT1_73070.2 gene=SINT1_73070
SINT1_73070.2        -            900 564286at33208        -            121   1.4e-10   40.9   0.2   2   3   5.5e-05    0.0069   16.1   0.0     9    89    75   153    69   182 0.73 transcript=SINT1_73070.2 gene=SINT1_73070
SINT1_73070.2        -            900 564286at33208        -            121   1.4e-10   40.9   0.2   3   3     0.084        10    5.8   0.0    39    77   268   308   260   346 0.79 transcript=SINT1_73070.2 gene=SINT1_73070
SINT1_8080.1         -            313 564286at33208        -            121   4.6e-10   39.2   0.1   1   1   7.9e-12   9.8e-10   38.2   0.1    33   109   109   185   103   193 0.93 transcript=SINT1_8080.1 gene=SINT1_8080
SINT1_73070.3        -            892 564286at33208        -            121   5.8e-10   38.9   0.3   1   3   0.00019     0.024   14.3   0.0    36   109     3    76     1    85 0.75 transcript=SINT1_73070.3 gene=SINT1_73070
SINT1_73070.3        -            892 564286at33208        -            121   5.8e-10   38.9   0.3   2   3   5.3e-05    0.0066   16.1   0.0     9    89    67   145    60   174 0.74 transcript=SINT1_73070.3 gene=SINT1_73070
SINT1_73070.3        -            892 564286at33208        -            121   5.8e-10   38.9   0.3   3   3     0.083        10    5.8   0.0    39    77   260   300   252   338 0.79 transcript=SINT1_73070.3 gene=SINT1_73070
SINT1_20870.6        -            356 564286at33208        -            121   7.6e-10   38.5   0.0   1   2   2.9e-09   3.6e-07   29.9   0.0    29    94    45   110    26   124 0.83 transcript=SINT1_20870.6 gene=SINT1_20870
SINT1_20870.6        -            356 564286at33208        -            121   7.6e-10   38.5   0.0   2   2     0.064       7.9    6.2   0.0    25    81   128   179   123   212 0.84 transcript=SINT1_20870.6 gene=SINT1_20870
SINT1_20870.1        -            357 564286at33208        -            121   7.7e-10   38.5   0.0   1   2   2.8e-09   3.5e-07   29.9   0.0    28    94    45   111    26   125 0.82 transcript=SINT1_20870.1 gene=SINT1_20870
SINT1_20870.1        -            357 564286at33208        -            121   7.7e-10   38.5   0.0   2   2      0.06       7.5    6.3   0.0    25    81   129   180   123   214 0.83 transcript=SINT1_20870.1 gene=SINT1_20870
SINT1_20870.7        -            357 564286at33208        -            121   7.7e-10   38.5   0.0   1   2   2.8e-09   3.5e-07   29.9   0.0    28    94    45   111    26   125 0.82 transcript=SINT1_20870.7 gene=SINT1_20870
SINT1_20870.7        -            357 564286at33208        -            121   7.7e-10   38.5   0.0   2   2      0.06       7.5    6.3   0.0    25    81   129   180   123   214 0.83 transcript=SINT1_20870.7 gene=SINT1_20870
SINT1_20870.5        -            321 564286at33208        -            121   8.1e-10   38.4   0.0   1   2   3.5e-09   4.3e-07   29.6   0.0    33    95    14    76     5    92 0.84 transcript=SINT1_20870.5 gene=SINT1_20870
SINT1_20870.5        -            321 564286at33208        -            121   8.1e-10   38.4   0.0   2   2     0.052       6.4    6.5   0.0    25    81    93   144    87   177 0.84 transcript=SINT1_20870.5 gene=SINT1_20870
SINT1_8080.2         -            445 564286at33208        -            121   8.2e-10   38.4   0.1   1   1   1.5e-11   1.8e-09   37.3   0.1    33   109   241   317   235   324 0.93 transcript=SINT1_8080.2 gene=SINT1_8080
SINT1_20870.2        -            417 564286at33208        -            121   1.2e-09   37.9   0.0   1   2   3.4e-09   4.2e-07   29.7   0.0    28    95   105   172    84   186 0.82 transcript=SINT1_20870.2 gene=SINT1_20870
SINT1_20870.2        -            417 564286at33208        -            121   1.2e-09   37.9   0.0   2   2     0.077       9.5    5.9   0.0    25    81   189   240   182   273 0.84 transcript=SINT1_20870.2 gene=SINT1_20870
SINT1_42130.1        -            393 564286at33208        -            121   1.4e-09   37.7   0.0   1   1   1.9e-11   2.4e-09   36.9   0.0    31   108   293   370   267   385 0.91 transcript=SINT1_42130.1 gene=SINT1_42130
SINT1_20870.4        -            446 564286at33208        -            121   1.4e-09   37.6   0.0   1   2   3.9e-09   4.8e-07   29.5   0.0    28    94   105   171    84   185 0.82 transcript=SINT1_20870.4 gene=SINT1_20870
SINT1_20870.4        -            446 564286at33208        -            121   1.4e-09   37.6   0.0   2   2     0.099        12    5.6   0.0    25    81   189   240   183   261 0.84 transcript=SINT1_20870.4 gene=SINT1_20870
SINT1_20870.3        -            450 564286at33208        -            121   1.5e-09   37.6   0.0   1   2   3.9e-09   4.9e-07   29.5   0.0    28    94   105   171    84   185 0.82 transcript=SINT1_20870.3 gene=SINT1_20870
SINT1_20870.3        -            450 564286at33208        -            121   1.5e-09   37.6   0.0   2   2       0.1        12    5.6   0.0    25    81   189   240   183   261 0.84 transcript=SINT1_20870.3 gene=SINT1_20870
SINT1_1550.1         -            348 564286at33208        -            121   1.1e-08   34.8   0.0   1   2   1.5e-08   1.8e-06   27.6   0.0    29   108     4    84     1    97 0.86 transcript=SINT1_1550.1 gene=SINT1_1550
SINT1_1550.1         -            348 564286at33208        -            121   1.1e-08   34.8   0.0   2   2     0.064       7.9    6.2   0.0    19    88    84   153    80   184 0.69 transcript=SINT1_1550.1 gene=SINT1_1550
SINT1_46120.1        -            544 564286at33208        -            121   1.2e-08   34.6   0.0   1   1   2.5e-10   3.1e-08   33.3   0.0    30    87   114   171   105   198 0.85 transcript=SINT1_46120.1 gene=SINT1_46120
SINT1_87740.1        -            299 564286at33208        -            121   1.6e-08   34.2   0.0   1   1   2.3e-10   2.9e-08   33.4   0.0    37   112   123   199   103   204 0.86 transcript=SINT1_87740.1 gene=SINT1_87740
SINT1_72180.1        -            556 564286at33208        -            121   4.6e-08   32.8   0.0   1   1   7.2e-10   8.9e-08   31.8   0.0    31   106    63   140    32   151 0.82 transcript=SINT1_72180.1 gene=SINT1_72180
SINT1_72180.3        -            556 564286at33208        -            121   4.6e-08   32.8   0.0   1   1   7.2e-10   8.9e-08   31.8   0.0    31   106    63   140    32   151 0.82 transcript=SINT1_72180.3 gene=SINT1_72180
SINT1_72180.4        -            556 564286at33208        -            121   4.6e-08   32.8   0.0   1   1   7.2e-10   8.9e-08   31.8   0.0    31   106    63   140    32   151 0.82 transcript=SINT1_72180.4 gene=SINT1_72180
SINT1_72180.2        -            557 564286at33208        -            121   4.6e-08   32.8   0.0   1   1   7.2e-10     9e-08   31.8   0.0    31   106    63   140    32   151 0.82 transcript=SINT1_72180.2 gene=SINT1_72180
SINT1_72180.5        -            557 564286at33208        -            121   4.6e-08   32.8   0.0   1   1   7.2e-10     9e-08   31.8   0.0    31   106    63   140    32   151 0.82 transcript=SINT1_72180.5 gene=SINT1_72180
SINT1_72180.6        -            557 564286at33208        -            121   4.6e-08   32.8   0.0   1   1   7.2e-10     9e-08   31.8   0.0    31   106    63   140    32   151 0.82 transcript=SINT1_72180.6 gene=SINT1_72180
SINT1_20290.1        -            210 564286at33208        -            121   5.1e-08   32.6   0.0   1   1   6.7e-10   8.3e-08   32.0   0.0    29   115     4    90     2    96 0.94 transcript=SINT1_20290.1 gene=SINT1_20290
SINT1_21900.1        -            281 564286at33208        -            121   6.4e-08   32.3   0.0   1   1   9.5e-10   1.2e-07   31.5   0.0    25   108   194   277   181   281 0.88 transcript=SINT1_21900.1 gene=SINT1_21900
SINT1_86940.1        -            862 564286at33208        -            121   8.3e-08   31.9   0.0   1   1   2.2e-09   2.7e-07   30.3   0.0    15   113   140   237   131   245 0.87 transcript=SINT1_86940.1 gene=SINT1_86940
SINT1_75740.2        -            514 564286at33208        -            121   1.2e-07   31.4   0.1   1   1   3.6e-09   4.5e-07   29.6   0.1    31   111   223   304   188   313 0.77 transcript=SINT1_75740.2 gene=SINT1_75740
SINT1_75740.1        -            527 564286at33208        -            121   1.3e-07   31.3   0.1   1   1   3.8e-09   4.7e-07   29.5   0.1    31   111   236   317   201   326 0.77 transcript=SINT1_75740.1 gene=SINT1_75740
SINT1_56740.1        -            158 564286at33208        -            121   1.4e-07   31.2   0.0   1   1   1.6e-09     2e-07   30.7   0.0    28   106    37   115    25   124 0.93 transcript=SINT1_56740.1 gene=SINT1_56740
SINT1_20950.1        -            340 564286at33208        -            121   1.8e-07   30.9   0.5   1   2   8.9e-08   1.1e-05   25.1   0.1    26    96   101   171    82   185 0.84 transcript=SINT1_20950.1 gene=SINT1_20950
SINT1_20950.1        -            340 564286at33208        -            121   1.8e-07   30.9   0.5   2   2      0.33        40    3.9   0.0    25    80   187   237   181   244 0.81 transcript=SINT1_20950.1 gene=SINT1_20950
SINT1_83500.1        -            397 564286at33208        -            121   2.7e-07   30.3   0.7   1   1   1.2e-08   1.5e-06   27.9   0.0    28    82     6    60     2   109 0.78 transcript=SINT1_83500.1 gene=SINT1_83500
SINT1_83500.2        -            397 564286at33208        -            121   2.7e-07   30.3   0.7   1   1   1.2e-08   1.5e-06   27.9   0.0    28    82     6    60     2   109 0.78 transcript=SINT1_83500.2 gene=SINT1_83500
SINT1_34900.1        -            123 564286at33208        -            121   4.1e-07   29.7   0.1   1   1   4.4e-09   5.4e-07   29.3   0.1    34   120    20   103    14   104 0.91 transcript=SINT1_34900.1 gene=SINT1_34900
SINT1_92960.1        -            759 564286at33208        -            121   5.7e-07   29.2   0.4   1   1   1.2e-08   1.5e-06   27.9   0.4    11    98   291   379   277   403 0.77 transcript=SINT1_92960.1 gene=SINT1_92960
SINT1_93260.1        -            623 564286at33208        -            121   8.8e-07   28.6   0.0   1   1   1.9e-08   2.3e-06   27.3   0.0    32   107    45   121    42   131 0.84 transcript=SINT1_93260.1 gene=SINT1_93260
SINT1_11770.1        -            374 564286at33208        -            121   9.4e-07   28.5   0.0   1   2    0.0016       0.2   11.3   0.0    38   116    20    97     2   102 0.76 transcript=SINT1_11770.1 gene=SINT1_11770
SINT1_11770.1        -            374 564286at33208        -            121   9.4e-07   28.5   0.0   2   2   0.00015     0.018   14.7   0.0    27   111   138   218   122   228 0.82 transcript=SINT1_11770.1 gene=SINT1_11770
SINT1_62910.1        -            973 564286at33208        -            121   1.8e-06   27.6   0.0   1   2   5.6e-07   6.9e-05   22.5   0.0    26    88   712   776   703   783 0.80 transcript=SINT1_62910.1 gene=SINT1_62910
SINT1_62910.1        -            973 564286at33208        -            121   1.8e-06   27.6   0.0   2   2       1.3   1.6e+02    2.0   0.0    32    91   826   886   821   914 0.79 transcript=SINT1_62910.1 gene=SINT1_62910
SINT1_78970.1        -            251 564286at33208        -            121   1.8e-06   27.6   0.0   1   1   2.3e-08   2.8e-06   27.0   0.0    32   107     9    82     2    87 0.86 transcript=SINT1_78970.1 gene=SINT1_78970
SINT1_32230.1        -            224 564286at33208        -            121   5.2e-06   26.2   0.0   1   1   9.7e-08   1.2e-05   25.0   0.0    29   105     4    78     1    82 0.89 transcript=SINT1_32230.1 gene=SINT1_32230
SINT1_32230.2        -            224 564286at33208        -            121   5.2e-06   26.2   0.0   1   1   9.7e-08   1.2e-05   25.0   0.0    29   105     4    78     1    82 0.89 transcript=SINT1_32230.2 gene=SINT1_32230
SINT1_65020.1        -            561 564286at33208        -            121   5.9e-06   26.0   0.0   1   1   1.3e-07   1.6e-05   24.6   0.0    25    94    56   124    50   140 0.80 transcript=SINT1_65020.1 gene=SINT1_65020
SINT1_34900.3        -            108 564286at33208        -            121   6.1e-06   25.9   0.1   1   1   6.3e-08   7.8e-06   25.6   0.1    34   110    20    93    14    96 0.90 transcript=SINT1_34900.3 gene=SINT1_34900
SINT1_26930.1        -            279 564286at33208        -            121   1.3e-05   24.9   0.0   1   1   1.9e-07   2.4e-05   24.0   0.0    31   109    10    83     5    90 0.92 transcript=SINT1_26930.1 gene=SINT1_26930
SINT1_57980.1        -            171 564286at33208        -            121   2.4e-05   24.0   0.0   1   1   3.2e-07     4e-05   23.3   0.0    30   109     9    83     2    89 0.89 transcript=SINT1_57980.1 gene=SINT1_57980
SINT1_6950.4         -            554 564286at33208        -            121   5.3e-05   22.9   0.0   1   1   7.6e-07   9.4e-05   22.1   0.0    33   115    21   101    18   106 0.89 transcript=SINT1_6950.4 gene=SINT1_6950
SINT1_6950.3         -            709 564286at33208        -            121   6.3e-05   22.6   0.0   1   1   1.1e-06   0.00013   21.6   0.0    33   115   227   307   224   312 0.89 transcript=SINT1_6950.3 gene=SINT1_6950
SINT1_6950.1         -            760 564286at33208        -            121   7.1e-05   22.5   0.0   1   1   1.2e-06   0.00015   21.5   0.0    33   115   227   307   224   312 0.89 transcript=SINT1_6950.1 gene=SINT1_6950
SINT1_6950.2         -            760 564286at33208        -            121   7.1e-05   22.5   0.0   1   1   1.2e-06   0.00015   21.5   0.0    33   115   227   307   224   312 0.89 transcript=SINT1_6950.2 gene=SINT1_6950
SINT1_34900.2        -             91 564286at33208        -            121   0.00012   21.7   0.1   1   1   1.2e-06   0.00015   21.4   0.1    50   120     4    71     1    72 0.86 transcript=SINT1_34900.2 gene=SINT1_34900
SINT1_19000.1        -            298 564286at33208        -            121   0.00013   21.6   0.0   1   1   2.2e-06   0.00027   20.6   0.0    26   114     6    89     3    96 0.91 transcript=SINT1_19000.1 gene=SINT1_19000
SINT1_4520.1         -            214 564286at33208        -            121   0.00013   21.6   0.0   1   1   1.4e-06   0.00018   21.2   0.0    27    94    82   148    53   165 0.77 transcript=SINT1_4520.1 gene=SINT1_4520
SINT1_19000.2        -            301 564286at33208        -            121   0.00013   21.6   0.0   1   1   2.3e-06   0.00028   20.6   0.0    26   114     6    89     3    96 0.91 transcript=SINT1_19000.2 gene=SINT1_19000
SINT1_31670.4        -            914 564286at33208        -            121   0.00015   21.5   0.0   1   1   4.1e-06   0.00051   19.7   0.0    26   102   216   295   199   303 0.85 transcript=SINT1_31670.4 gene=SINT1_31670
SINT1_19000.3        -            325 564286at33208        -            121   0.00015   21.4   0.0   1   1   2.6e-06   0.00032   20.4   0.0    26   114     6    89     3    96 0.91 transcript=SINT1_19000.3 gene=SINT1_19000
SINT1_31670.5        -           1032 564286at33208        -            121   0.00018   21.2   0.0   1   1     5e-06   0.00062   19.4   0.0    26   102   216   295   200   303 0.85 transcript=SINT1_31670.5 gene=SINT1_31670
SINT1_31670.3        -           1192 564286at33208        -            121   0.00021   21.0   0.0   1   1     6e-06   0.00074   19.2   0.0    26   102   216   295   200   303 0.85 transcript=SINT1_31670.3 gene=SINT1_31670
SINT1_31670.1        -           1229 564286at33208        -            121   0.00022   20.9   0.0   1   1   6.2e-06   0.00077   19.1   0.0    26   102   216   295   200   303 0.85 transcript=SINT1_31670.1 gene=SINT1_31670
SINT1_31670.2        -           1229 564286at33208        -            121   0.00022   20.9   0.0   1   1   6.2e-06   0.00077   19.1   0.0    26   102   216   295   200   303 0.85 transcript=SINT1_31670.2 gene=SINT1_31670
SINT1_13600.1        -            671 564286at33208        -            121    0.0004   20.1   0.0   1   1   6.5e-06    0.0008   19.1   0.0    35    98    41   103    38   120 0.85 transcript=SINT1_13600.1 gene=SINT1_13600
SINT1_57070.1        -           1003 564286at33208        -            121   0.00084   19.0   0.0   1   1   4.3e-05    0.0053   16.4   0.0    24    86   709   779   703   793 0.75 transcript=SINT1_57070.1 gene=SINT1_57070
SINT1_82640.1        -            344 564286at33208        -            121   0.00087   19.0   0.0   1   1   1.7e-05    0.0021   17.7   0.0    29   103    22    99    10   111 0.84 transcript=SINT1_82640.1 gene=SINT1_82640
SINT1_81920.1        -            226 564286at33208        -            121     0.001   18.7   0.1   1   2   9.6e-05     0.012   15.3   0.0    66   110    43    87     7    91 0.84 transcript=SINT1_81920.1 gene=SINT1_81920
SINT1_81920.1        -            226 564286at33208        -            121     0.001   18.7   0.1   2   2       2.7   3.4e+02    0.9   0.0    31    55   154   178   148   214 0.87 transcript=SINT1_81920.1 gene=SINT1_81920
SINT1_80300.1        -            711 564286at33208        -            121    0.0012   18.6   0.0   1   1   2.7e-05    0.0033   17.1   0.0    20    63    36    79    30    91 0.91 transcript=SINT1_80300.1 gene=SINT1_80300
SINT1_43030.1        -            544 564286at33208        -            121    0.0014   18.3   0.0   1   2    0.0002     0.025   14.3   0.0    27   111    24   104    10   115 0.81 transcript=SINT1_43030.1 gene=SINT1_43030
SINT1_43030.1        -            544 564286at33208        -            121    0.0014   18.3   0.0   2   2       2.8   3.4e+02    0.9   0.0    33    69   311   348   303   381 0.74 transcript=SINT1_43030.1 gene=SINT1_43030
SINT1_72470.3        -            665 564286at33208        -            121    0.0018   17.9   0.0   1   2    0.0017      0.21   11.3   0.0    29    94   132   197   118   210 0.83 transcript=SINT1_72470.3 gene=SINT1_72470
SINT1_72470.3        -            665 564286at33208        -            121    0.0018   17.9   0.0   2   2      0.43        53    3.5   0.0    72   111   251   292   248   301 0.81 transcript=SINT1_72470.3 gene=SINT1_72470
SINT1_72470.4        -            665 564286at33208        -            121    0.0018   17.9   0.0   1   2    0.0017      0.21   11.3   0.0    29    94   132   197   118   210 0.83 transcript=SINT1_72470.4 gene=SINT1_72470
SINT1_72470.4        -            665 564286at33208        -            121    0.0018   17.9   0.0   2   2      0.43        53    3.5   0.0    72   111   251   292   248   301 0.81 transcript=SINT1_72470.4 gene=SINT1_72470
SINT1_72470.5        -            665 564286at33208        -            121    0.0018   17.9   0.0   1   2    0.0017      0.21   11.3   0.0    29    94   132   197   118   210 0.83 transcript=SINT1_72470.5 gene=SINT1_72470
SINT1_72470.5        -            665 564286at33208        -            121    0.0018   17.9   0.0   2   2      0.43        53    3.5   0.0    72   111   251   292   248   301 0.81 transcript=SINT1_72470.5 gene=SINT1_72470
SINT1_13080.1        -            530 564286at33208        -            121    0.0023   17.6   0.0   1   1   3.6e-05    0.0044   16.7   0.0    31    63   248   280   236   290 0.90 transcript=SINT1_13080.1 gene=SINT1_13080
SINT1_34580.2        -            375 564286at33208        -            121    0.0025   17.5   0.0   1   2   0.00063     0.079   12.7   0.0    32   107     3    70     1    74 0.94 transcript=SINT1_34580.2 gene=SINT1_34580
SINT1_34580.2        -            375 564286at33208        -            121    0.0025   17.5   0.0   2   2       1.6     2e+02    1.7   0.0    74   105   148   176   105   188 0.70 transcript=SINT1_34580.2 gene=SINT1_34580
SINT1_5250.1         -            538 564286at33208        -            121    0.0025   17.5   0.0   1   1   4.1e-05    0.0051   16.5   0.0    23   112   448   537   405   538 0.92 transcript=SINT1_5250.1 gene=SINT1_5250
SINT1_34580.1        -            376 564286at33208        -            121    0.0025   17.5   0.0   1   2   0.00064     0.079   12.6   0.0    32   107     3    70     1    74 0.94 transcript=SINT1_34580.1 gene=SINT1_34580
SINT1_34580.1        -            376 564286at33208        -            121    0.0025   17.5   0.0   2   2       1.6     2e+02    1.6   0.0    74   105   149   177   107   189 0.70 transcript=SINT1_34580.1 gene=SINT1_34580
SINT1_72470.1        -            790 564286at33208        -            121    0.0029   17.3   0.0   1   2    0.0021      0.27   10.9   0.0    29    94   257   322   243   335 0.83 transcript=SINT1_72470.1 gene=SINT1_72470
SINT1_72470.1        -            790 564286at33208        -            121    0.0029   17.3   0.0   2   2      0.53        66    3.2   0.0    72   111   376   417   373   426 0.81 transcript=SINT1_72470.1 gene=SINT1_72470
SINT1_72470.2        -            790 564286at33208        -            121    0.0029   17.3   0.0   1   2    0.0021      0.27   10.9   0.0    29    94   257   322   243   335 0.83 transcript=SINT1_72470.2 gene=SINT1_72470
SINT1_72470.2        -            790 564286at33208        -            121    0.0029   17.3   0.0   2   2      0.53        66    3.2   0.0    72   111   376   417   373   426 0.81 transcript=SINT1_72470.2 gene=SINT1_72470
SINT1_5250.4         -            605 564286at33208        -            121    0.0029   17.3   0.0   1   1     5e-05    0.0062   16.2   0.0    23   112   515   604   472   605 0.92 transcript=SINT1_5250.4 gene=SINT1_5250
SINT1_64150.1        -            592 564286at33208        -            121    0.0036   17.0   0.0   1   1   0.00013     0.016   14.9   0.0    47    93   153   199   132   218 0.88 transcript=SINT1_64150.1 gene=SINT1_64150
SINT1_64150.2        -            592 564286at33208        -            121    0.0036   17.0   0.0   1   1   0.00013     0.016   14.9   0.0    47    93   153   199   132   218 0.88 transcript=SINT1_64150.2 gene=SINT1_64150
SINT1_88790.2        -            155 564286at33208        -            121     0.005   16.5   0.0   1   1   5.6e-05     0.007   16.1   0.0    29   106    75   151    64   154 0.92 transcript=SINT1_88790.2 gene=SINT1_88790
SINT1_17820.1        -            584 564286at33208        -            121     0.005   16.5   0.0   1   2     0.032       3.9    7.2   0.0    25    65    37    77    12    81 0.83 transcript=SINT1_17820.1 gene=SINT1_17820
SINT1_17820.1        -            584 564286at33208        -            121     0.005   16.5   0.0   2   2     0.067       8.3    6.1   0.0    28   105   378   451   360   463 0.77 transcript=SINT1_17820.1 gene=SINT1_17820
SINT1_86250.1        -            293 564286at33208        -            121     0.006   16.3   0.0   1   1   9.4e-05     0.012   15.3   0.0    32   104    77   145    60   155 0.81 transcript=SINT1_86250.1 gene=SINT1_86250
SINT1_88790.1        -            213 564286at33208        -            121    0.0074   16.0   0.0   1   1   9.1e-05     0.011   15.4   0.0    29   107    75   152    65   161 0.91 transcript=SINT1_88790.1 gene=SINT1_88790
SINT1_5250.2         -            541 564286at33208        -            121    0.0081   15.8   0.0   1   1   0.00015     0.018   14.7   0.0    23   106   448   531   405   537 0.92 transcript=SINT1_5250.2 gene=SINT1_5250
SINT1_5250.3         -            608 564286at33208        -            121    0.0093   15.6   0.0   1   1   0.00018     0.022   14.4   0.0    23   106   515   598   472   604 0.92 transcript=SINT1_5250.3 gene=SINT1_5250
SINT1_79830.1        -            575 564286at33208        -            121     0.011   15.4   0.0   1   1   0.00025     0.031   14.0   0.0    27   107   244   332   228   344 0.78 transcript=SINT1_79830.1 gene=SINT1_79830
SINT1_490.2          -           1228 564286at33208        -            121     0.013   15.2   0.0   1   1   0.00028     0.035   13.8   0.0    30   116   595   677   592   682 0.83 transcript=SINT1_490.2 gene=SINT1_490
SINT1_490.1          -           1241 564286at33208        -            121     0.013   15.2   0.0   1   1   0.00029     0.035   13.8   0.0    30   116   608   690   605   695 0.83 transcript=SINT1_490.1 gene=SINT1_490
SINT1_43090.1        -            522 564286at33208        -            121     0.021   14.5   0.1   1   2     0.002      0.25   11.0   0.0    29    68    23    62    15    99 0.89 transcript=SINT1_43090.1 gene=SINT1_43090
SINT1_43090.1        -            522 564286at33208        -            121     0.021   14.5   0.1   2   2       4.6   5.6e+02    0.2   0.1    50   106   314   365   305   376 0.67 transcript=SINT1_43090.1 gene=SINT1_43090
SINT1_21810.1        -            475 564286at33208        -            121     0.025   14.2   0.0   1   3       7.7   9.5e+02   -0.5   0.0    27    39   177   189   164   192 0.81 transcript=SINT1_21810.1 gene=SINT1_21810
SINT1_21810.1        -            475 564286at33208        -            121     0.025   14.2   0.0   2   3     0.015       1.9    8.2   0.0    68    88   244   264   231   274 0.89 transcript=SINT1_21810.1 gene=SINT1_21810
SINT1_21810.1        -            475 564286at33208        -            121     0.025   14.2   0.0   3   3       1.9   2.4e+02    1.4   0.0     8    53   312   357   307   385 0.80 transcript=SINT1_21810.1 gene=SINT1_21810
SINT1_35630.3        -            843 564286at33208        -            121     0.048   13.4   0.0   1   1   0.00091      0.11   12.2   0.0    32    64    64    96    52   102 0.89 transcript=SINT1_35630.3 gene=SINT1_35630
SINT1_81930.1        -            328 564286at33208        -            121     0.076   12.7   0.0   1   1    0.0013      0.16   11.6   0.0    47   107    78   135    58   144 0.88 transcript=SINT1_81930.1 gene=SINT1_81930
SINT1_40560.1        -            470 564286at33208        -            121      0.12   12.0   0.0   1   1    0.0029      0.35   10.5   0.0    72   111    38    77     4    82 0.81 transcript=SINT1_40560.1 gene=SINT1_40560
SINT1_67010.1        -            519 564286at33208        -            121      0.12   12.0   0.0   1   1    0.0016       0.2   11.3   0.0    66   113   259   306   219   308 0.91 transcript=SINT1_67010.1 gene=SINT1_67010
#
# Program:         hmmsearch
# Version:         3.4 (Aug 2023)
# Pipeline mode:   SEARCH
# Query file:      /users/40483456/busco_datasets/busco_downloads/lineages/metazoa_odb10/hmms/564286at33208.hmm
# Target file:     /users/40483456/protein/schistosoma_intercalatum.fa
# Option settings: hmmsearch --domtblout /users/40483456/busco/results_pro/schistosoma_intercalatum_busco/run_metazoa_odb10/hmmer_output/initial_run_results/564286at33208.out --cpu 1 /users/40483456/busco_datasets/busco_downloads/lineages/metazoa_odb10/hmms/564286at33208.hmm /users/40483456/protein/schistosoma_intercalatum.fa 
# Current dir:     /users/40483456
# Date:            Thu Jan 15 17:52:22 2026
# [ok]
