#                                                                            --- full sequence --- -------------- this domain -------------   hmm coord   ali coord   env coord
# target name        accession   tlen query name           accession   qlen   E-value  score  bias   #  of  c-Evalue  i-Evalue  score  bias  from    to  from    to  from    to  acc description of target
#------------------- ---------- ----- -------------------- ---------- ----- --------- ------ ----- --- --- --------- --------- ------ ----- ----- ----- ----- ----- ----- ----- ---- ---------------------
SINT1_42110.2        -           1091 567650at33208        -            214   1.2e-43  148.7  50.0   1   5   1.9e-11   5.9e-09   35.3   1.2    87   185    34   123    14   125 0.64 transcript=SINT1_42110.2 gene=SINT1_42110
SINT1_42110.2        -           1091 567650at33208        -            214   1.2e-43  148.7  50.0   2   5   3.4e-19   1.1e-16   60.7   6.7    81   203    51   189    50   192 0.87 transcript=SINT1_42110.2 gene=SINT1_42110
SINT1_42110.2        -           1091 567650at33208        -            214   1.2e-43  148.7  50.0   3   5   2.1e-09   6.7e-07   28.6   0.7   127   186   177   239   175   241 0.90 transcript=SINT1_42110.2 gene=SINT1_42110
SINT1_42110.2        -           1091 567650at33208        -            214   1.2e-43  148.7  50.0   4   5   4.4e-15   1.4e-12   47.2  10.7    82   185   236   353   234   354 0.84 transcript=SINT1_42110.2 gene=SINT1_42110
SINT1_42110.2        -           1091 567650at33208        -            214   1.2e-43  148.7  50.0   5   5   2.6e-11     8e-09   34.9   1.5   130   202   318   394   318   401 0.91 transcript=SINT1_42110.2 gene=SINT1_42110
SINT1_42110.1        -           1108 567650at33208        -            214   1.3e-43  148.6  49.8   1   5   1.9e-11     6e-09   35.3   1.1    87   185    34   123    14   125 0.64 transcript=SINT1_42110.1 gene=SINT1_42110
SINT1_42110.1        -           1108 567650at33208        -            214   1.3e-43  148.6  49.8   2   5   3.4e-19   1.1e-16   60.7   6.6    81   203    51   189    50   192 0.87 transcript=SINT1_42110.1 gene=SINT1_42110
SINT1_42110.1        -           1108 567650at33208        -            214   1.3e-43  148.6  49.8   3   5   2.3e-09   7.1e-07   28.5   0.7   127   186   177   239   175   240 0.90 transcript=SINT1_42110.1 gene=SINT1_42110
SINT1_42110.1        -           1108 567650at33208        -            214   1.3e-43  148.6  49.8   4   5   4.4e-15   1.4e-12   47.2  10.7    82   185   236   353   234   354 0.84 transcript=SINT1_42110.1 gene=SINT1_42110
SINT1_42110.1        -           1108 567650at33208        -            214   1.3e-43  148.6  49.8   5   5   2.6e-11   8.2e-09   34.9   1.5   130   202   318   394   318   401 0.91 transcript=SINT1_42110.1 gene=SINT1_42110
SINT1_32970.1        -            865 567650at33208        -            214   7.2e-38  129.8  71.0   1   7   4.2e-16   1.3e-13   50.5  11.5    66   201    71   221    45   222 0.80 transcript=SINT1_32970.1 gene=SINT1_32970
SINT1_32970.1        -            865 567650at33208        -            214   7.2e-38  129.8  71.0   2   7   8.3e-10   2.6e-07   30.0   4.9    84   211   180   301   179   304 0.84 transcript=SINT1_32970.1 gene=SINT1_32970
SINT1_32970.1        -            865 567650at33208        -            214   7.2e-38  129.8  71.0   3   7   6.7e-10   2.1e-07   30.3   5.7    75   185   310   412   304   415 0.88 transcript=SINT1_32970.1 gene=SINT1_32970
SINT1_32970.1        -            865 567650at33208        -            214   7.2e-38  129.8  71.0   4   7   7.8e-09   2.4e-06   26.8   4.9    91   186   420   507   415   518 0.62 transcript=SINT1_32970.1 gene=SINT1_32970
SINT1_32970.1        -            865 567650at33208        -            214   7.2e-38  129.8  71.0   5   7   8.7e-07   0.00027   20.1   0.7   146   185   588   628   576   635 0.85 transcript=SINT1_32970.1 gene=SINT1_32970
SINT1_32970.1        -            865 567650at33208        -            214   7.2e-38  129.8  71.0   6   7    0.0062       1.9    7.5   1.7    91   123   635   670   629   676 0.73 transcript=SINT1_32970.1 gene=SINT1_32970
SINT1_32970.1        -            865 567650at33208        -            214   7.2e-38  129.8  71.0   7   7       1.7   5.2e+02   -0.4   3.3   105   156   804   855   799   860 0.87 transcript=SINT1_32970.1 gene=SINT1_32970
SINT1_62870.1        -            586 567650at33208        -            214     8e-37  126.4  43.6   1   5   3.8e-08   1.2e-05   24.5   1.6   123   201    99   183    93   185 0.79 transcript=SINT1_62870.1 gene=SINT1_62870
SINT1_62870.1        -            586 567650at33208        -            214     8e-37  126.4  43.6   2   5   3.4e-08   1.1e-05   24.7   1.2   125   185   171   234   167   236 0.89 transcript=SINT1_62870.1 gene=SINT1_62870
SINT1_62870.1        -            586 567650at33208        -            214     8e-37  126.4  43.6   3   5     2e-11   6.4e-09   35.2   7.4    84   189   236   356   235   373 0.75 transcript=SINT1_62870.1 gene=SINT1_62870
SINT1_62870.1        -            586 567650at33208        -            214     8e-37  126.4  43.6   4   5   4.6e-11   1.4e-08   34.1   2.0    88   185   333   446   332   450 0.82 transcript=SINT1_62870.1 gene=SINT1_62870
SINT1_62870.1        -            586 567650at33208        -            214     8e-37  126.4  43.6   5   5     3e-11   9.5e-09   34.7  11.5    75   182   437   559   431   563 0.51 transcript=SINT1_62870.1 gene=SINT1_62870
SINT1_74410.2        -            580 567650at33208        -            214   6.2e-31  107.2  53.1   1   5   3.2e-09   9.9e-07   28.1   7.1    76   182   107   227    97   228 0.79 transcript=SINT1_74410.2 gene=SINT1_74410
SINT1_74410.2        -            580 567650at33208        -            214   6.2e-31  107.2  53.1   2   5   7.4e-11   2.3e-08   33.4   5.1    85   185   186   300   182   305 0.82 transcript=SINT1_74410.2 gene=SINT1_74410
SINT1_74410.2        -            580 567650at33208        -            214   6.2e-31  107.2  53.1   3   5   1.7e-05    0.0052   15.9   4.9   125   202   306   391   301   397 0.83 transcript=SINT1_74410.2 gene=SINT1_74410
SINT1_74410.2        -            580 567650at33208        -            214   6.2e-31  107.2  53.1   4   5   1.1e-09   3.3e-07   29.6   8.3    91   185   355   465   351   466 0.81 transcript=SINT1_74410.2 gene=SINT1_74410
SINT1_74410.2        -            580 567650at33208        -            214   6.2e-31  107.2  53.1   5   5   2.7e-14   8.4e-12   44.6  17.7    87   201   399   529   396   559 0.81 transcript=SINT1_74410.2 gene=SINT1_74410
SINT1_74410.4        -            589 567650at33208        -            214   6.8e-31  107.0  53.0   1   4   3.7e-09   1.2e-06   27.8   7.3    76   182   107   227    96   228 0.79 transcript=SINT1_74410.4 gene=SINT1_74410
SINT1_74410.4        -            589 567650at33208        -            214   6.8e-31  107.0  53.0   2   4   7.9e-11   2.5e-08   33.3   5.2    85   185   186   300   182   305 0.82 transcript=SINT1_74410.4 gene=SINT1_74410
SINT1_74410.4        -            589 567650at33208        -            214   6.8e-31  107.0  53.0   3   4   1.8e-08   5.7e-06   25.6   6.7    75   202   268   391   267   398 0.78 transcript=SINT1_74410.4 gene=SINT1_74410
SINT1_74410.4        -            589 567650at33208        -            214   6.8e-31  107.0  53.0   4   4   2.9e-14     9e-12   44.5  17.9    87   201   399   529   393   562 0.81 transcript=SINT1_74410.4 gene=SINT1_74410
SINT1_74410.3        -            629 567650at33208        -            214   9.7e-31  106.5  53.0   1   5   8.2e-09   2.6e-06   26.7   8.0    76   182   107   227    97   227 0.79 transcript=SINT1_74410.3 gene=SINT1_74410
SINT1_74410.3        -            629 567650at33208        -            214   9.7e-31  106.5  53.0   2   5   7.4e-11   2.3e-08   33.4   4.9    85   185   186   300   182   303 0.82 transcript=SINT1_74410.3 gene=SINT1_74410
SINT1_74410.3        -            629 567650at33208        -            214   9.7e-31  106.5  53.0   3   5   2.2e-08     7e-06   25.3   6.9    75   202   268   391   267   399 0.78 transcript=SINT1_74410.3 gene=SINT1_74410
SINT1_74410.3        -            629 567650at33208        -            214   9.7e-31  106.5  53.0   4   5   1.2e-09   3.6e-07   29.5   8.2    91   185   355   465   351   466 0.81 transcript=SINT1_74410.3 gene=SINT1_74410
SINT1_74410.3        -            629 567650at33208        -            214   9.7e-31  106.5  53.0   5   5   2.4e-14   7.6e-12   44.8  17.5    87   201   399   529   395   571 0.82 transcript=SINT1_74410.3 gene=SINT1_74410
SINT1_74410.1        -            503 567650at33208        -            214   1.9e-28   99.1  39.8   1   4   8.9e-10   2.8e-07   29.9   5.9    76   182   107   227    96   233 0.79 transcript=SINT1_74410.1 gene=SINT1_74410
SINT1_74410.1        -            503 567650at33208        -            214   1.9e-28   99.1  39.8   2   4   6.3e-11     2e-08   33.6   5.3    85   185   186   300   182   305 0.82 transcript=SINT1_74410.1 gene=SINT1_74410
SINT1_74410.1        -            503 567650at33208        -            214   1.9e-28   99.1  39.8   3   4   1.3e-08   4.2e-06   26.0   6.6    75   202   268   391   267   398 0.78 transcript=SINT1_74410.1 gene=SINT1_74410
SINT1_74410.1        -            503 567650at33208        -            214   1.9e-28   99.1  39.8   4   4   7.8e-13   2.4e-10   39.9   5.1    87   187   399   490   394   496 0.88 transcript=SINT1_74410.1 gene=SINT1_74410
SINT1_33520.1        -            405 567650at33208        -            214   1.9e-28   99.0  12.6   1   1   8.7e-28   2.7e-25   88.7  12.6     2   202    56   297    55   305 0.80 transcript=SINT1_33520.1 gene=SINT1_33520
SINT1_60450.1        -            623 567650at33208        -            214   1.8e-27   95.8  60.9   1   7   8.1e-05     0.025   13.7   0.8    76   125   140   193   137   196 0.81 transcript=SINT1_60450.1 gene=SINT1_60450
SINT1_60450.1        -            623 567650at33208        -            214   1.8e-27   95.8  60.9   2   7   0.00068      0.21   10.6   3.3    82   125   195   242   188   266 0.59 transcript=SINT1_60450.1 gene=SINT1_60450
SINT1_60450.1        -            623 567650at33208        -            214   1.8e-27   95.8  60.9   3   7   1.2e-11   3.9e-09   35.9  11.9    77   192   261   367   254   385 0.64 transcript=SINT1_60450.1 gene=SINT1_60450
SINT1_60450.1        -            623 567650at33208        -            214   1.8e-27   95.8  60.9   4   7   3.3e-05      0.01   14.9  12.0    80   184   310   431   310   437 0.77 transcript=SINT1_60450.1 gene=SINT1_60450
SINT1_60450.1        -            623 567650at33208        -            214   1.8e-27   95.8  60.9   5   7   3.6e-09   1.1e-06   27.9  17.5    94   185   395   502   364   503 0.84 transcript=SINT1_60450.1 gene=SINT1_60450
SINT1_60450.1        -            623 567650at33208        -            214   1.8e-27   95.8  60.9   6   7   1.1e-06   0.00033   19.8   5.9    76   123   471   521   468   523 0.79 transcript=SINT1_60450.1 gene=SINT1_60450
SINT1_60450.1        -            623 567650at33208        -            214   1.8e-27   95.8  60.9   7   7     6e-06    0.0019   17.4   2.1    70   125   510   569   509   600 0.61 transcript=SINT1_60450.1 gene=SINT1_60450
SINT1_76240.1        -           1377 567650at33208        -            214   3.9e-26   91.5  48.5   1   7   2.2e-07   6.9e-05   22.0   1.4   130   190    85   148    79   169 0.79 transcript=SINT1_76240.1 gene=SINT1_76240
SINT1_76240.1        -           1377 567650at33208        -            214   3.9e-26   91.5  48.5   2   7   3.7e-06    0.0012   18.0   0.7    72   117   196   242   180   245 0.86 transcript=SINT1_76240.1 gene=SINT1_76240
SINT1_76240.1        -           1377 567650at33208        -            214   3.9e-26   91.5  48.5   3   7   1.9e-06   0.00058   19.0   0.1    76   117   247   288   243   316 0.80 transcript=SINT1_76240.1 gene=SINT1_76240
SINT1_76240.1        -           1377 567650at33208        -            214   3.9e-26   91.5  48.5   4   7   1.4e-07   4.5e-05   22.7   2.8    70   138   350   432   329   435 0.80 transcript=SINT1_76240.1 gene=SINT1_76240
SINT1_76240.1        -           1377 567650at33208        -            214   3.9e-26   91.5  48.5   5   7   1.1e-05    0.0035   16.5   3.9    75   124   458   511   437   513 0.67 transcript=SINT1_76240.1 gene=SINT1_76240
SINT1_76240.1        -           1377 567650at33208        -            214   3.9e-26   91.5  48.5   6   7   1.3e-07   3.9e-05   22.8   3.0    75   162   505   595   500   601 0.75 transcript=SINT1_76240.1 gene=SINT1_76240
SINT1_76240.1        -           1377 567650at33208        -            214   3.9e-26   91.5  48.5   7   7       5.4   1.7e+03   -2.1   0.7   157   193   827   865   788   884 0.71 transcript=SINT1_76240.1 gene=SINT1_76240
SINT1_75180.1        -            275 567650at33208        -            214   3.9e-21   75.1  29.2   1   3     1e-14   3.3e-12   46.0   5.8    85   185    38   154    12   155 0.77 transcript=SINT1_75180.1 gene=SINT1_75180
SINT1_75180.1        -            275 567650at33208        -            214   3.9e-21   75.1  29.2   2   3   1.4e-12   4.5e-10   39.0   8.4    76   185    76   200    73   202 0.79 transcript=SINT1_75180.1 gene=SINT1_75180
SINT1_75180.1        -            275 567650at33208        -            214   3.9e-21   75.1  29.2   3   3     3e-05    0.0094   15.1   0.6    81   113   174   206   172   210 0.91 transcript=SINT1_75180.1 gene=SINT1_75180
SINT1_75180.2        -            275 567650at33208        -            214   3.9e-21   75.1  29.2   1   3     1e-14   3.3e-12   46.0   5.8    85   185    38   154    12   155 0.77 transcript=SINT1_75180.2 gene=SINT1_75180
SINT1_75180.2        -            275 567650at33208        -            214   3.9e-21   75.1  29.2   2   3   1.4e-12   4.5e-10   39.0   8.4    76   185    76   200    73   202 0.79 transcript=SINT1_75180.2 gene=SINT1_75180
SINT1_75180.2        -            275 567650at33208        -            214   3.9e-21   75.1  29.2   3   3     3e-05    0.0094   15.1   0.6    81   113   174   206   172   210 0.91 transcript=SINT1_75180.2 gene=SINT1_75180
SINT1_64190.1        -           1956 567650at33208        -            214   1.1e-20   73.7  76.7   1   6   6.5e-08     2e-05   23.8  14.8    61   202   197   337   180   343 0.69 transcript=SINT1_64190.1 gene=SINT1_64190
SINT1_64190.1        -           1956 567650at33208        -            214   1.1e-20   73.7  76.7   2   6   2.7e-05    0.0086   15.2   7.0   126   202   440   524   434   530 0.71 transcript=SINT1_64190.1 gene=SINT1_64190
SINT1_64190.1        -           1956 567650at33208        -            214   1.1e-20   73.7  76.7   3   6   4.5e-05     0.014   14.5   0.3    88   126   533   575   528   579 0.85 transcript=SINT1_64190.1 gene=SINT1_64190
SINT1_64190.1        -           1956 567650at33208        -            214   1.1e-20   73.7  76.7   4   6   9.3e-06    0.0029   16.7  17.1    62   203   686   826   680   831 0.64 transcript=SINT1_64190.1 gene=SINT1_64190
SINT1_64190.1        -           1956 567650at33208        -            214   1.1e-20   73.7  76.7   5   6   4.8e-06    0.0015   17.7   3.1    68   125   954  1016   943  1021 0.80 transcript=SINT1_64190.1 gene=SINT1_64190
SINT1_64190.1        -           1956 567650at33208        -            214   1.1e-20   73.7  76.7   6   6    0.0029      0.91    8.6   0.1    89   126  1024  1065  1018  1091 0.84 transcript=SINT1_64190.1 gene=SINT1_64190
SINT1_30230.1        -           1388 567650at33208        -            214   3.6e-19   68.7  40.6   1   4    0.0015      0.48    9.5   0.7   140   189    55   105    52   124 0.78 transcript=SINT1_30230.1 gene=SINT1_30230
SINT1_30230.1        -           1388 567650at33208        -            214   3.6e-19   68.7  40.6   2   4     3e-05    0.0094   15.1   1.9    90   130   183   226   178   231 0.86 transcript=SINT1_30230.1 gene=SINT1_30230
SINT1_30230.1        -           1388 567650at33208        -            214   3.6e-19   68.7  40.6   3   4   2.8e-12   8.7e-10   38.1  12.7    79   186   244   367   224   367 0.85 transcript=SINT1_30230.1 gene=SINT1_30230
SINT1_30230.1        -           1388 567650at33208        -            214   3.6e-19   68.7  40.6   4   4   2.6e-06   0.00082   18.5   0.1    83   125   342   387   340   396 0.86 transcript=SINT1_30230.1 gene=SINT1_30230
SINT1_2640.1         -            258 567650at33208        -            214   4.1e-19   68.5  30.9   1   2   7.7e-13   2.4e-10   39.9  11.4    76   186    22   144    14   149 0.86 transcript=SINT1_2640.1 gene=SINT1_2640
SINT1_2640.1         -            258 567650at33208        -            214   4.1e-19   68.5  30.9   2   2     2e-13   6.1e-11   41.8  11.5    83   181   119   231   117   243 0.77 transcript=SINT1_2640.1 gene=SINT1_2640
SINT1_2640.2         -            258 567650at33208        -            214   4.1e-19   68.5  30.9   1   2   7.7e-13   2.4e-10   39.9  11.4    76   186    22   144    14   149 0.86 transcript=SINT1_2640.2 gene=SINT1_2640
SINT1_2640.2         -            258 567650at33208        -            214   4.1e-19   68.5  30.9   2   2     2e-13   6.1e-11   41.8  11.5    83   181   119   231   117   243 0.77 transcript=SINT1_2640.2 gene=SINT1_2640
SINT1_30230.2        -           1398 567650at33208        -            214     5e-19   68.2  41.0   1   5    0.0015      0.47    9.5   0.7   140   189    55   105    52   124 0.78 transcript=SINT1_30230.2 gene=SINT1_30230
SINT1_30230.2        -           1398 567650at33208        -            214     5e-19   68.2  41.0   2   5     3e-09   9.3e-07   28.2  14.0    79   202    73   219    68   224 0.83 transcript=SINT1_30230.2 gene=SINT1_30230
SINT1_30230.2        -           1398 567650at33208        -            214     5e-19   68.2  41.0   3   5     1e-05    0.0031   16.6   9.9    91   185   184   272   179   273 0.88 transcript=SINT1_30230.2 gene=SINT1_30230
SINT1_30230.2        -           1398 567650at33208        -            214     5e-19   68.2  41.0   4   5   3.3e-12     1e-09   37.8  12.9    79   186   244   367   224   367 0.85 transcript=SINT1_30230.2 gene=SINT1_30230
SINT1_30230.2        -           1398 567650at33208        -            214     5e-19   68.2  41.0   5   5   1.9e-06    0.0006   19.0   0.1    83   125   342   387   339   421 0.80 transcript=SINT1_30230.2 gene=SINT1_30230
SINT1_12700.1        -            253 567650at33208        -            214   3.3e-18   65.6  30.2   1   2   3.1e-09   9.6e-07   28.1  10.2    93   202    20   129    10   130 0.74 transcript=SINT1_12700.1 gene=SINT1_12700
SINT1_12700.1        -            253 567650at33208        -            214   3.3e-18   65.6  30.2   2   2   4.1e-16   1.3e-13   50.6  12.0    86   186    89   203    88   213 0.83 transcript=SINT1_12700.1 gene=SINT1_12700
SINT1_63510.1        -            574 567650at33208        -            214   5.5e-18   64.9  19.2   1   2   1.1e-15   3.5e-13   49.2  13.1    74   203    26   170    16   175 0.81 transcript=SINT1_63510.1 gene=SINT1_63510
SINT1_63510.1        -            574 567650at33208        -            214   5.5e-18   64.9  19.2   2   2   2.5e-05    0.0079   15.3   0.6    82   137   171   229   170   241 0.84 transcript=SINT1_63510.1 gene=SINT1_63510
SINT1_87520.1        -            242 567650at33208        -            214   6.4e-17   61.4  24.6   1   3   2.9e-07   9.1e-05   21.6   0.3    75   108    20    53    15    56 0.92 transcript=SINT1_87520.1 gene=SINT1_87520
SINT1_87520.1        -            242 567650at33208        -            214   6.4e-17   61.4  24.6   2   3   5.8e-06    0.0018   17.4   2.0    82   121    50    90    49    98 0.83 transcript=SINT1_87520.1 gene=SINT1_87520
SINT1_87520.1        -            242 567650at33208        -            214   6.4e-17   61.4  24.6   3   3   7.7e-11   2.4e-08   33.4   8.8    87   205   106   219   101   222 0.83 transcript=SINT1_87520.1 gene=SINT1_87520
SINT1_2640.3         -            198 567650at33208        -            214   6.1e-16   58.2  35.7   1   2   3.8e-13   1.2e-10   40.9  14.2    76   197    22   155    17   157 0.85 transcript=SINT1_2640.3 gene=SINT1_2640
SINT1_2640.3         -            198 567650at33208        -            214   6.1e-16   58.2  35.7   2   2   7.8e-10   2.4e-07   30.1  13.5    82   189    71   194    69   197 0.81 transcript=SINT1_2640.3 gene=SINT1_2640
SINT1_19060.1        -            877 567650at33208        -            214   1.5e-12   47.0  22.8   1   3   1.4e-07   4.3e-05   22.7   1.0    74   117   105   148   103   150 0.94 transcript=SINT1_19060.1 gene=SINT1_19060
SINT1_19060.1        -            877 567650at33208        -            214   1.5e-12   47.0  22.8   2   3   8.2e-07   0.00026   20.2   1.1    70   127   146   207   145   260 0.80 transcript=SINT1_19060.1 gene=SINT1_19060
SINT1_19060.1        -            877 567650at33208        -            214   1.5e-12   47.0  22.8   3   3       2.6   8.1e+02   -1.1   2.5    98   172   325   401   322   414 0.75 transcript=SINT1_19060.1 gene=SINT1_19060
SINT1_46620.1        -            710 567650at33208        -            214   1.1e-10   41.0  18.0   1   2   1.6e-08   5.1e-06   25.7   7.6    96   187    29   116    27   121 0.90 transcript=SINT1_46620.1 gene=SINT1_46620
SINT1_46620.1        -            710 567650at33208        -            214   1.1e-10   41.0  18.0   2   2   3.8e-06    0.0012   18.0   3.1    87   138   117   179   115   190 0.48 transcript=SINT1_46620.1 gene=SINT1_46620
SINT1_81870.1        -            655 567650at33208        -            214   1.1e-10   41.0  32.7   1   3   3.1e-11   9.7e-09   34.6   8.9   122   202    42   124    10   128 0.90 transcript=SINT1_81870.1 gene=SINT1_81870
SINT1_81870.1        -            655 567650at33208        -            214   1.1e-10   41.0  32.7   2   3    0.0016       0.5    9.4   7.7    90   179   111   204   110   212 0.88 transcript=SINT1_81870.1 gene=SINT1_81870
SINT1_81870.1        -            655 567650at33208        -            214   1.1e-10   41.0  32.7   3   3   0.00017     0.053   12.6   3.0    68   126   248   311   236   334 0.79 transcript=SINT1_81870.1 gene=SINT1_81870
SINT1_28230.1        -            400 567650at33208        -            214     2e-10   40.1  22.8   1   2   6.7e-09   2.1e-06   27.0  14.0    91   201    79   206    40   211 0.81 transcript=SINT1_28230.1 gene=SINT1_28230
SINT1_28230.1        -            400 567650at33208        -            214     2e-10   40.1  22.8   2   2   2.5e-06   0.00077   18.6   9.5   108   203   170   278   166   288 0.80 transcript=SINT1_28230.1 gene=SINT1_28230
SINT1_9850.1         -            644 567650at33208        -            214   1.3e-08   34.2   6.5   1   1   3.2e-10     1e-07   31.3   6.5    80   182    73   166    65   170 0.88 transcript=SINT1_9850.1 gene=SINT1_9850
SINT1_42510.5        -            882 567650at33208        -            214   5.9e-08   32.1  17.5   1   5   0.00014     0.044   12.9   4.7   129   190    64   126    45   130 0.85 transcript=SINT1_42510.5 gene=SINT1_42510
SINT1_42510.5        -            882 567650at33208        -            214   5.9e-08   32.1  17.5   2   5   1.9e-10   5.9e-08   32.1  17.5    87   202    79   205    77   212 0.90 transcript=SINT1_42510.5 gene=SINT1_42510
SINT1_42510.5        -            882 567650at33208        -            214   5.9e-08   32.1  17.5   3   5       1.2   3.7e+02    0.0   0.7   140   176   331   367   317   387 0.73 transcript=SINT1_42510.5 gene=SINT1_42510
SINT1_42510.5        -            882 567650at33208        -            214   5.9e-08   32.1  17.5   4   5     0.019       5.8    5.9   2.0   102   124   580   602   554   620 0.61 transcript=SINT1_42510.5 gene=SINT1_42510
SINT1_42510.5        -            882 567650at33208        -            214   5.9e-08   32.1  17.5   5   5       3.7   1.2e+03   -1.6   0.9    92   125   846   879   818   882 0.67 transcript=SINT1_42510.5 gene=SINT1_42510
SINT1_42510.4        -            978 567650at33208        -            214   1.1e-07   31.1  18.9   1   5   0.00011     0.034   13.2   3.6   129   190   160   222   143   224 0.88 transcript=SINT1_42510.4 gene=SINT1_42510
SINT1_42510.4        -            978 567650at33208        -            214   1.1e-07   31.1  18.9   2   5   3.6e-10   1.1e-07   31.1  18.9    87   202   175   301   162   314 0.89 transcript=SINT1_42510.4 gene=SINT1_42510
SINT1_42510.4        -            978 567650at33208        -            214   1.1e-07   31.1  18.9   3   5       1.3   4.2e+02   -0.1   0.7   140   176   427   463   414   483 0.74 transcript=SINT1_42510.4 gene=SINT1_42510
SINT1_42510.4        -            978 567650at33208        -            214   1.1e-07   31.1  18.9   4   5     0.021       6.5    5.8   2.0   102   124   676   698   650   716 0.61 transcript=SINT1_42510.4 gene=SINT1_42510
SINT1_42510.4        -            978 567650at33208        -            214   1.1e-07   31.1  18.9   5   5       4.2   1.3e+03   -1.7   0.9    92   125   942   975   914   978 0.67 transcript=SINT1_42510.4 gene=SINT1_42510
SINT1_49880.1        -            591 567650at33208        -            214   3.6e-07   29.5  26.3   1   3       4.4   1.4e+03   -1.8   0.2    44    74   196   226   192   269 0.70 transcript=SINT1_49880.1 gene=SINT1_49880
SINT1_49880.1        -            591 567650at33208        -            214   3.6e-07   29.5  26.3   2   3   5.6e-05     0.018   14.2   2.2    79   124   344   392   334   393 0.82 transcript=SINT1_49880.1 gene=SINT1_49880
SINT1_49880.1        -            591 567650at33208        -            214   3.6e-07   29.5  26.3   3   3   7.5e-06    0.0024   17.0   6.3    80   152   391   466   387   477 0.74 transcript=SINT1_49880.1 gene=SINT1_49880
SINT1_74540.1        -            566 567650at33208        -            214   4.1e-07   29.3  11.8   1   1   1.3e-09   4.1e-07   29.3  11.8    76   184    41   141    38   143 0.87 transcript=SINT1_74540.1 gene=SINT1_74540
SINT1_27100.1        -           1269 567650at33208        -            214   9.8e-06   24.8  18.1   1   3     0.023       7.3    5.6   5.6    93   196   102   223    81   229 0.74 transcript=SINT1_27100.1 gene=SINT1_27100
SINT1_27100.1        -           1269 567650at33208        -            214   9.8e-06   24.8  18.1   2   3   8.3e-08   2.6e-05   23.4   2.0    89   164   215   305   210   313 0.72 transcript=SINT1_27100.1 gene=SINT1_27100
SINT1_27100.1        -           1269 567650at33208        -            214   9.8e-06   24.8  18.1   3   3   1.2e-05    0.0037   16.4   8.5    87   172   284   361   284   388 0.84 transcript=SINT1_27100.1 gene=SINT1_27100
SINT1_49340.1        -            627 567650at33208        -            214   3.9e-05   22.9   0.0   1   1   3.1e-07   9.6e-05   21.6   0.0     6    55    71   120    69   150 0.88 transcript=SINT1_49340.1 gene=SINT1_49340
SINT1_49340.2        -            627 567650at33208        -            214   3.9e-05   22.9   0.0   1   1   3.1e-07   9.6e-05   21.6   0.0     6    55    71   120    69   150 0.88 transcript=SINT1_49340.2 gene=SINT1_49340
SINT1_49340.3        -            677 567650at33208        -            214   4.2e-05   22.8   0.0   1   1   3.4e-07   0.00011   21.4   0.0     6    55    71   120    69   150 0.88 transcript=SINT1_49340.3 gene=SINT1_49340
SINT1_49340.5        -            571 567650at33208        -            214   4.2e-05   22.7   0.0   1   1   2.7e-07   8.4e-05   21.8   0.0     6    55    15    64    13    94 0.88 transcript=SINT1_49340.5 gene=SINT1_49340
SINT1_49340.4        -            621 567650at33208        -            214   4.5e-05   22.6   0.0   1   1     3e-07   9.4e-05   21.6   0.0     6    55    15    64    13    94 0.88 transcript=SINT1_49340.4 gene=SINT1_49340
SINT1_21820.1        -            188 567650at33208        -            214   9.1e-05   21.7   7.6   1   1   7.2e-07   0.00023   20.4   7.5    81   160    38   128    30   143 0.82 transcript=SINT1_21820.1 gene=SINT1_21820
SINT1_47850.1        -            636 567650at33208        -            214   0.00015   21.0   1.1   1   1   1.7e-06   0.00052   19.2   1.0   128   190   523   587   506   611 0.79 transcript=SINT1_47850.1 gene=SINT1_47850
SINT1_17120.1        -            362 567650at33208        -            214   0.00017   20.7  18.4   1   5   1.6e-05     0.005   16.0   2.0   128   201    77   150    73   151 0.91 transcript=SINT1_17120.1 gene=SINT1_17120
SINT1_17120.1        -            362 567650at33208        -            214   0.00017   20.7  18.4   2   5   0.00028     0.088   11.9   3.2   127   165   119   157   116   184 0.84 transcript=SINT1_17120.1 gene=SINT1_17120
SINT1_17120.1        -            362 567650at33208        -            214   0.00017   20.7  18.4   3   5       1.3   4.2e+02   -0.1   5.8    93   154   141   198   140   237 0.65 transcript=SINT1_17120.1 gene=SINT1_17120
SINT1_17120.1        -            362 567650at33208        -            214   0.00017   20.7  18.4   4   5      0.87   2.7e+02    0.5   3.0   108   124   200   216   167   272 0.61 transcript=SINT1_17120.1 gene=SINT1_17120
SINT1_17120.1        -            362 567650at33208        -            214   0.00017   20.7  18.4   5   5    0.0077       2.4    7.2   0.4    90   151   280   306   269   338 0.65 transcript=SINT1_17120.1 gene=SINT1_17120
SINT1_17120.2        -            362 567650at33208        -            214   0.00017   20.7  18.4   1   5   1.6e-05     0.005   16.0   2.0   128   201    77   150    73   151 0.91 transcript=SINT1_17120.2 gene=SINT1_17120
SINT1_17120.2        -            362 567650at33208        -            214   0.00017   20.7  18.4   2   5   0.00028     0.088   11.9   3.2   127   165   119   157   116   184 0.84 transcript=SINT1_17120.2 gene=SINT1_17120
SINT1_17120.2        -            362 567650at33208        -            214   0.00017   20.7  18.4   3   5       1.3   4.2e+02   -0.1   5.8    93   154   141   198   140   237 0.65 transcript=SINT1_17120.2 gene=SINT1_17120
SINT1_17120.2        -            362 567650at33208        -            214   0.00017   20.7  18.4   4   5      0.87   2.7e+02    0.5   3.0   108   124   200   216   167   272 0.61 transcript=SINT1_17120.2 gene=SINT1_17120
SINT1_17120.2        -            362 567650at33208        -            214   0.00017   20.7  18.4   5   5    0.0077       2.4    7.2   0.4    90   151   280   306   269   338 0.65 transcript=SINT1_17120.2 gene=SINT1_17120
SINT1_65080.2        -           1426 567650at33208        -            214   0.00024   20.3   1.4   1   1   3.4e-06    0.0011   18.2   1.4    95   192    75   189    72   202 0.58 transcript=SINT1_65080.2 gene=SINT1_65080
SINT1_32730.1        -            730 567650at33208        -            214   0.00037   19.7   3.5   1   1   2.4e-06   0.00074   18.7   3.5   124   189   110   181    94   198 0.75 transcript=SINT1_32730.1 gene=SINT1_32730
SINT1_6150.1         -            437 567650at33208        -            214    0.0004   19.5   7.7   1   1   2.8e-06   0.00088   18.4   7.7   102   202    22   125    16   127 0.85 transcript=SINT1_6150.1 gene=SINT1_6150
SINT1_48990.2        -            194 567650at33208        -            214    0.0011   18.1   3.1   1   2   1.5e-05    0.0047   16.0   3.0   130   201    64   149    21   152 0.62 transcript=SINT1_48990.2 gene=SINT1_48990
SINT1_48990.2        -            194 567650at33208        -            214    0.0011   18.1   3.1   2   2      0.37   1.2e+02    1.7   0.1    87   105   134   152   125   169 0.81 transcript=SINT1_48990.2 gene=SINT1_48990
SINT1_77740.1        -            936 567650at33208        -            214    0.0011   18.1   5.8   1   2   0.00033       0.1   11.7   0.3    73   122   101   155    88   162 0.73 transcript=SINT1_77740.1 gene=SINT1_77740
SINT1_77740.1        -            936 567650at33208        -            214    0.0011   18.1   5.8   2   2    0.0063         2    7.5   0.1   122   183   186   245   169   256 0.84 transcript=SINT1_77740.1 gene=SINT1_77740
SINT1_48990.1        -            220 567650at33208        -            214    0.0011   18.1   2.6   1   1   1.6e-05    0.0049   16.0   2.6   130   201    64   149    21   152 0.62 transcript=SINT1_48990.1 gene=SINT1_48990
SINT1_28110.1        -            335 567650at33208        -            214    0.0019   17.4   3.9   1   1   1.5e-05    0.0048   16.0   3.2    88   163    39    80    22   117 0.58 transcript=SINT1_28110.1 gene=SINT1_28110
SINT1_48630.1        -           1184 567650at33208        -            214    0.0053   15.9   1.8   1   2   1.7e-05    0.0053   15.9   1.8   151   205   194   249   182   254 0.83 transcript=SINT1_48630.1 gene=SINT1_48630
SINT1_48630.1        -           1184 567650at33208        -            214    0.0053   15.9   1.8   2   2       6.8   2.1e+03   -2.4   0.1    89   139   517   571   502   586 0.60 transcript=SINT1_48630.1 gene=SINT1_48630
SINT1_46830.1        -            296 567650at33208        -            214    0.0059   15.7  30.8   1   2    0.0015      0.48    9.5  14.7    31   124    21   121    17   124 0.86 transcript=SINT1_46830.1 gene=SINT1_46830
SINT1_46830.1        -            296 567650at33208        -            214    0.0059   15.7  30.8   2   2   0.00021     0.067   12.3  10.4    78   142   118   190   116   219 0.71 transcript=SINT1_46830.1 gene=SINT1_46830
SINT1_59750.2        -            338 567650at33208        -            214     0.017   14.2   0.3   1   2     0.037        11    5.0   0.1    51   120   176   246   159   256 0.88 transcript=SINT1_59750.2 gene=SINT1_59750
SINT1_59750.2        -            338 567650at33208        -            214     0.017   14.2   0.3   2   2    0.0075       2.3    7.2   0.0    49    95   272   318   263   323 0.91 transcript=SINT1_59750.2 gene=SINT1_59750
SINT1_92120.2        -            298 567650at33208        -            214     0.022   13.8   5.7   1   1   0.00012     0.038   13.1   5.7    84   151    39   113    19   155 0.80 transcript=SINT1_92120.2 gene=SINT1_92120
SINT1_17160.1        -            665 567650at33208        -            214     0.023   13.8   0.5   1   1   0.00026     0.082   12.0   0.4    91   151   246   302   228   313 0.84 transcript=SINT1_17160.1 gene=SINT1_17160
SINT1_92120.1        -            299 567650at33208        -            214     0.023   13.8   5.8   1   1   0.00013      0.04   13.0   5.8    84   151    39   113    19   155 0.80 transcript=SINT1_92120.1 gene=SINT1_92120
SINT1_2510.1         -            631 567650at33208        -            214     0.024   13.7   4.0   1   1   0.00017     0.052   12.6   4.0    80   136    39    98    23   136 0.82 transcript=SINT1_2510.1 gene=SINT1_2510
SINT1_59750.1        -            414 567650at33208        -            214     0.028   13.5   0.3   1   2     0.052        16    4.5   0.1    51   120   252   322   235   332 0.88 transcript=SINT1_59750.1 gene=SINT1_59750
SINT1_59750.1        -            414 567650at33208        -            214     0.028   13.5   0.3   2   2      0.01       3.1    6.8   0.0    49    95   348   394   339   399 0.91 transcript=SINT1_59750.1 gene=SINT1_59750
SINT1_11710.1        -            439 567650at33208        -            214     0.093   11.8   8.8   1   1    0.0014      0.43    9.6   8.8   124   185   135   199    19   209 0.86 transcript=SINT1_11710.1 gene=SINT1_11710
#
# Program:         hmmsearch
# Version:         3.4 (Aug 2023)
# Pipeline mode:   SEARCH
# Query file:      /users/40483456/busco_datasets/busco_downloads/lineages/metazoa_odb10/hmms/567650at33208.hmm
# Target file:     /users/40483456/protein/schistosoma_intercalatum.fa
# Option settings: hmmsearch --domtblout /users/40483456/busco/results_pro/schistosoma_intercalatum_busco/run_metazoa_odb10/hmmer_output/initial_run_results/567650at33208.out --cpu 1 /users/40483456/busco_datasets/busco_downloads/lineages/metazoa_odb10/hmms/567650at33208.hmm /users/40483456/protein/schistosoma_intercalatum.fa 
# Current dir:     /users/40483456
# Date:            Thu Jan 15 17:52:26 2026
# [ok]
