#                                                                            --- full sequence --- -------------- this domain -------------   hmm coord   ali coord   env coord
# target name        accession   tlen query name           accession   qlen   E-value  score  bias   #  of  c-Evalue  i-Evalue  score  bias  from    to  from    to  from    to  acc description of target
#------------------- ---------- ----- -------------------- ---------- ----- --------- ------ ----- --- --- --------- --------- ------ ----- ----- ----- ----- ----- ----- ----- ---- ---------------------
SINT1_85410.1        -            188 576938at33208        -            106   1.1e-19   70.3   1.0   1   2   4.9e-22   1.5e-18   66.8   0.5     2    66    24    90    23    96 0.89 transcript=SINT1_85410.1 gene=SINT1_85410
SINT1_85410.1        -            188 576938at33208        -            106   1.1e-19   70.3   1.0   2   2     0.087   2.6e+02    1.7   0.0    76    89   132   145   116   158 0.74 transcript=SINT1_85410.1 gene=SINT1_85410
SINT1_85410.2        -            196 576938at33208        -            106   1.3e-19   70.1   1.0   1   2   5.4e-22   1.6e-18   66.7   0.5     2    66    32    98    31   104 0.89 transcript=SINT1_85410.2 gene=SINT1_85410
SINT1_85410.2        -            196 576938at33208        -            106   1.3e-19   70.1   1.0   2   2     0.093   2.8e+02    1.6   0.0    76    89   140   153   124   166 0.74 transcript=SINT1_85410.2 gene=SINT1_85410
SINT1_85410.3        -            147 576938at33208        -            106   1.7e-14   53.7   2.4   1   2   6.9e-17   2.1e-13   50.2   1.2    25    66     8    49     1    55 0.89 transcript=SINT1_85410.3 gene=SINT1_85410
SINT1_85410.3        -            147 576938at33208        -            106   1.7e-14   53.7   2.4   2   2     0.057   1.7e+02    2.3   0.0    76    89    91   104    75   118 0.74 transcript=SINT1_85410.3 gene=SINT1_85410
SINT1_25420.1        -            183 576938at33208        -            106     0.006   16.6   0.5   1   1   4.1e-06     0.012   15.6   0.5    23    77   128   180   115   182 0.88 transcript=SINT1_25420.1 gene=SINT1_25420
SINT1_62760.1        -            167 576938at33208        -            106     0.037   14.0   0.0   1   1   2.1e-05     0.063   13.3   0.0    38   105    49   116    45   117 0.96 transcript=SINT1_62760.1 gene=SINT1_62760
SINT1_62760.2        -            167 576938at33208        -            106     0.037   14.0   0.0   1   1   2.1e-05     0.063   13.3   0.0    38   105    49   116    45   117 0.96 transcript=SINT1_62760.2 gene=SINT1_62760
#
# Program:         hmmsearch
# Version:         3.4 (Aug 2023)
# Pipeline mode:   SEARCH
# Query file:      /users/40483456/busco_datasets/busco_downloads/lineages/metazoa_odb10/hmms/576938at33208.hmm
# Target file:     /users/40483456/protein/schistosoma_intercalatum.fa
# Option settings: hmmsearch --domtblout /users/40483456/busco/results_pro/schistosoma_intercalatum_busco/run_metazoa_odb10/hmmer_output/initial_run_results/576938at33208.out --cpu 1 /users/40483456/busco_datasets/busco_downloads/lineages/metazoa_odb10/hmms/576938at33208.hmm /users/40483456/protein/schistosoma_intercalatum.fa 
# Current dir:     /users/40483456
# Date:            Thu Jan 15 17:52:27 2026
# [ok]
