#                                                                            --- full sequence --- -------------- this domain -------------   hmm coord   ali coord   env coord
# target name        accession   tlen query name           accession   qlen   E-value  score  bias   #  of  c-Evalue  i-Evalue  score  bias  from    to  from    to  from    to  acc description of target
#------------------- ---------- ----- -------------------- ---------- ----- --------- ------ ----- --- --- --------- --------- ------ ----- ----- ----- ----- ----- ----- ----- ---- ---------------------
SINT1_70170.2        -            448 587513at33208        -            281   5.1e-67  225.9  10.9   1   3   2.6e-17   7.7e-14   51.4   0.2    18    69    17    72     6    80 0.84 transcript=SINT1_70170.2 gene=SINT1_70170
SINT1_70170.2        -            448 587513at33208        -            281   5.1e-67  225.9  10.9   2   3   1.8e-22   5.4e-19   68.3   0.3    76   162   100   198    92   214 0.87 transcript=SINT1_70170.2 gene=SINT1_70170
SINT1_70170.2        -            448 587513at33208        -            281   5.1e-67  225.9  10.9   3   3   8.5e-36   2.5e-32  112.0   0.8   155   276   296   432   279   437 0.81 transcript=SINT1_70170.2 gene=SINT1_70170
SINT1_70170.3        -            519 587513at33208        -            281   9.6e-67  225.0  11.9   1   3   1.7e-17     5e-14   52.0   0.3    16    69    83   140    55   148 0.74 transcript=SINT1_70170.3 gene=SINT1_70170
SINT1_70170.3        -            519 587513at33208        -            281   9.6e-67  225.0  11.9   2   3   2.5e-22   7.4e-19   67.9   0.4    76   162   168   266   160   280 0.87 transcript=SINT1_70170.3 gene=SINT1_70170
SINT1_70170.3        -            519 587513at33208        -            281   9.6e-67  225.0  11.9   3   3   1.1e-35   3.4e-32  111.6   0.8   155   276   367   503   350   508 0.81 transcript=SINT1_70170.3 gene=SINT1_70170
SINT1_70170.1        -            670 587513at33208        -            281   2.4e-66  223.7  11.7   1   3   2.4e-17   7.2e-14   51.5   0.3    16    69   237   294   209   302 0.74 transcript=SINT1_70170.1 gene=SINT1_70170
SINT1_70170.1        -            670 587513at33208        -            281   2.4e-66  223.7  11.7   2   3   3.5e-22     1e-18   67.4   0.3    76   162   322   420   314   436 0.87 transcript=SINT1_70170.1 gene=SINT1_70170
SINT1_70170.1        -            670 587513at33208        -            281   2.4e-66  223.7  11.7   3   3   1.8e-35   5.3e-32  111.0   0.8   155   276   518   654   501   659 0.81 transcript=SINT1_70170.1 gene=SINT1_70170
SINT1_72780.1        -            654 587513at33208        -            281   4.2e-26   91.6   1.1   1   1   2.3e-29   6.9e-26   90.9   1.1   135   277    55   200    47   204 0.83 transcript=SINT1_72780.1 gene=SINT1_72780
SINT1_90170.1        -            674 587513at33208        -            281   1.9e-05   23.9   0.4   1   1   1.4e-08   4.2e-05   22.7   0.4   198   273   368   435   321   485 0.53 transcript=SINT1_90170.1 gene=SINT1_90170
SINT1_72780.2        -            496 587513at33208        -            281     3e-05   23.2   0.2   1   1   1.7e-08     5e-05   22.5   0.2    94   138     2    49     1    62 0.87 transcript=SINT1_72780.2 gene=SINT1_72780
#
# Program:         hmmsearch
# Version:         3.4 (Aug 2023)
# Pipeline mode:   SEARCH
# Query file:      /users/40483456/busco_datasets/busco_downloads/lineages/metazoa_odb10/hmms/587513at33208.hmm
# Target file:     /users/40483456/protein/schistosoma_intercalatum.fa
# Option settings: hmmsearch --domtblout /users/40483456/busco/results_pro/schistosoma_intercalatum_busco/run_metazoa_odb10/hmmer_output/initial_run_results/587513at33208.out --cpu 1 /users/40483456/busco_datasets/busco_downloads/lineages/metazoa_odb10/hmms/587513at33208.hmm /users/40483456/protein/schistosoma_intercalatum.fa 
# Current dir:     /users/40483456
# Date:            Thu Jan 15 17:52:24 2026
# [ok]
