#                                                                            --- full sequence --- -------------- this domain -------------   hmm coord   ali coord   env coord
# target name        accession   tlen query name           accession   qlen   E-value  score  bias   #  of  c-Evalue  i-Evalue  score  bias  from    to  from    to  from    to  acc description of target
#------------------- ---------- ----- -------------------- ---------- ----- --------- ------ ----- --- --- --------- --------- ------ ----- ----- ----- ----- ----- ----- ----- ---- ---------------------
SINT1_78960.1        -            153 587688at33208        -            101   1.7e-25   89.4   1.0   1   1   3.6e-28   2.4e-25   88.9   1.0     1    85     1    90     1   105 0.91 transcript=SINT1_78960.1 gene=SINT1_78960
SINT1_56130.1        -            371 587688at33208        -            101   8.4e-06   26.2   6.9   1   3       7.4   4.9e+03   -1.9   0.1    52    79   124   151    90   176 0.57 transcript=SINT1_56130.1 gene=SINT1_56130
SINT1_56130.1        -            371 587688at33208        -            101   8.4e-06   26.2   6.9   2   3   5.1e-05     0.034   14.6   0.4    25    72   213   261   199   267 0.76 transcript=SINT1_56130.1 gene=SINT1_56130
SINT1_56130.1        -            371 587688at33208        -            101   8.4e-06   26.2   6.9   3   3   6.4e-05     0.042   14.3   0.2    51    74   278   301   271   326 0.91 transcript=SINT1_56130.1 gene=SINT1_56130
SINT1_91790.1        -            923 587688at33208        -            101   3.4e-05   24.3  10.9   1   3   9.3e-05     0.061   13.8   0.2     4    42   488   525   486   535 0.85 transcript=SINT1_91790.1 gene=SINT1_91790
SINT1_91790.1        -            923 587688at33208        -            101   3.4e-05   24.3  10.9   2   3     0.086        56    4.3   0.8     5    48   549   594   545   625 0.69 transcript=SINT1_91790.1 gene=SINT1_91790
SINT1_91790.1        -            923 587688at33208        -            101   3.4e-05   24.3  10.9   3   3   0.00064      0.42   11.1   0.3     3    71   689   753   687   768 0.76 transcript=SINT1_91790.1 gene=SINT1_91790
SINT1_63910.1        -            132 587688at33208        -            101   5.5e-05   23.6   4.5   1   1   1.4e-07   8.9e-05   22.9   4.5     4    46     3    44     1    59 0.81 transcript=SINT1_63910.1 gene=SINT1_63910
SINT1_92440.4        -            923 587688at33208        -            101   0.00014   22.3   4.0   1   3    0.0071       4.7    7.8   0.0     5    47   206   247   204   258 0.89 transcript=SINT1_92440.4 gene=SINT1_92440
SINT1_92440.4        -            923 587688at33208        -            101   0.00014   22.3   4.0   2   3         1   6.7e+02    0.8   0.0     7    41   266   299   260   306 0.73 transcript=SINT1_92440.4 gene=SINT1_92440
SINT1_92440.4        -            923 587688at33208        -            101   0.00014   22.3   4.0   3   3   0.00036      0.24   11.9   1.2     4    52   376   423   373   436 0.86 transcript=SINT1_92440.4 gene=SINT1_92440
SINT1_92440.1        -            978 587688at33208        -            101   0.00016   22.1   4.0   1   3    0.0076         5    7.7   0.0     5    47   206   247   204   258 0.89 transcript=SINT1_92440.1 gene=SINT1_92440
SINT1_92440.1        -            978 587688at33208        -            101   0.00016   22.1   4.0   2   3       1.1   7.2e+02    0.7   0.0     7    41   266   299   260   306 0.73 transcript=SINT1_92440.1 gene=SINT1_92440
SINT1_92440.1        -            978 587688at33208        -            101   0.00016   22.1   4.0   3   3   0.00039      0.25   11.8   1.2     4    52   376   423   373   436 0.86 transcript=SINT1_92440.1 gene=SINT1_92440
SINT1_92440.2        -            978 587688at33208        -            101   0.00016   22.1   4.0   1   3    0.0076         5    7.7   0.0     5    47   206   247   204   258 0.89 transcript=SINT1_92440.2 gene=SINT1_92440
SINT1_92440.2        -            978 587688at33208        -            101   0.00016   22.1   4.0   2   3       1.1   7.2e+02    0.7   0.0     7    41   266   299   260   306 0.73 transcript=SINT1_92440.2 gene=SINT1_92440
SINT1_92440.2        -            978 587688at33208        -            101   0.00016   22.1   4.0   3   3   0.00039      0.25   11.8   1.2     4    52   376   423   373   436 0.86 transcript=SINT1_92440.2 gene=SINT1_92440
SINT1_92440.3        -            978 587688at33208        -            101   0.00016   22.1   4.0   1   3    0.0076         5    7.7   0.0     5    47   206   247   204   258 0.89 transcript=SINT1_92440.3 gene=SINT1_92440
SINT1_92440.3        -            978 587688at33208        -            101   0.00016   22.1   4.0   2   3       1.1   7.2e+02    0.7   0.0     7    41   266   299   260   306 0.73 transcript=SINT1_92440.3 gene=SINT1_92440
SINT1_92440.3        -            978 587688at33208        -            101   0.00016   22.1   4.0   3   3   0.00039      0.25   11.8   1.2     4    52   376   423   373   436 0.86 transcript=SINT1_92440.3 gene=SINT1_92440
SINT1_27230.1        -            536 587688at33208        -            101    0.0029   18.0   0.6   1   2      0.19   1.2e+02    3.2   0.5    47    71   429   455   417   459 0.75 transcript=SINT1_27230.1 gene=SINT1_27230
SINT1_27230.1        -            536 587688at33208        -            101    0.0029   18.0   0.6   2   2   4.4e-06    0.0029   18.0   0.6    50    94   472   516   459   521 0.82 transcript=SINT1_27230.1 gene=SINT1_27230
SINT1_29450.1        -            846 587688at33208        -            101    0.0045   17.4  17.3   1   3         2   1.3e+03   -0.1   1.5    55    71     9    25     4    27 0.85 transcript=SINT1_29450.1 gene=SINT1_29450
SINT1_29450.1        -            846 587688at33208        -            101    0.0045   17.4  17.3   2   3   0.00062      0.41   11.1   1.7    48    71    26    49    15    58 0.87 transcript=SINT1_29450.1 gene=SINT1_29450
SINT1_29450.1        -            846 587688at33208        -            101    0.0045   17.4  17.3   3   3   3.9e-05     0.026   15.0   1.2    46    74    59    86    50    98 0.84 transcript=SINT1_29450.1 gene=SINT1_29450
SINT1_29450.2        -            846 587688at33208        -            101    0.0045   17.4  17.3   1   3         2   1.3e+03   -0.1   1.5    55    71     9    25     4    27 0.85 transcript=SINT1_29450.2 gene=SINT1_29450
SINT1_29450.2        -            846 587688at33208        -            101    0.0045   17.4  17.3   2   3   0.00062      0.41   11.1   1.7    48    71    26    49    15    58 0.87 transcript=SINT1_29450.2 gene=SINT1_29450
SINT1_29450.2        -            846 587688at33208        -            101    0.0045   17.4  17.3   3   3   3.9e-05     0.026   15.0   1.2    46    74    59    86    50    98 0.84 transcript=SINT1_29450.2 gene=SINT1_29450
SINT1_29450.3        -            850 587688at33208        -            101    0.0046   17.4  17.3   1   3         2   1.3e+03   -0.1   1.5    55    71     9    25     4    27 0.85 transcript=SINT1_29450.3 gene=SINT1_29450
SINT1_29450.3        -            850 587688at33208        -            101    0.0046   17.4  17.3   2   3   0.00063      0.42   11.1   1.7    48    71    26    49    15    58 0.87 transcript=SINT1_29450.3 gene=SINT1_29450
SINT1_29450.3        -            850 587688at33208        -            101    0.0046   17.4  17.3   3   3   3.9e-05     0.026   15.0   1.2    46    74    59    86    50    98 0.84 transcript=SINT1_29450.3 gene=SINT1_29450
SINT1_4270.1         -            221 587688at33208        -            101     0.014   15.9   4.2   1   2    0.0025       1.7    9.2   0.1    45    76    11    42     6    53 0.87 transcript=SINT1_4270.1 gene=SINT1_4270
SINT1_4270.1         -            221 587688at33208        -            101     0.014   15.9   4.2   2   2     0.012         8    7.0   0.9    50    78   152   180   147   204 0.79 transcript=SINT1_4270.1 gene=SINT1_4270
SINT1_55960.1        -            357 587688at33208        -            101     0.019   15.4   2.4   1   2   7.6e-05      0.05   14.1   1.8     6    36    12    42     8    73 0.79 transcript=SINT1_55960.1 gene=SINT1_55960
SINT1_55960.1        -            357 587688at33208        -            101     0.019   15.4   2.4   2   2       6.4   4.2e+03   -1.7   0.1    46    57    93   104    51   110 0.51 transcript=SINT1_55960.1 gene=SINT1_55960
SINT1_34220.1        -            382 587688at33208        -            101     0.023   15.2   0.1   1   4       9.2   6.1e+03   -2.2   0.2    42    64    32    54    13    73 0.62 transcript=SINT1_34220.1 gene=SINT1_34220
SINT1_34220.1        -            382 587688at33208        -            101     0.023   15.2   0.1   2   4       2.6   1.7e+03   -0.5   0.5    19    56    87   124    77   142 0.73 transcript=SINT1_34220.1 gene=SINT1_34220
SINT1_34220.1        -            382 587688at33208        -            101     0.023   15.2   0.1   3   4   3.4e-05     0.023   15.2   0.1    50    74   175   199   164   213 0.82 transcript=SINT1_34220.1 gene=SINT1_34220
SINT1_34220.1        -            382 587688at33208        -            101     0.023   15.2   0.1   4   4       9.7   6.4e+03   -2.3   1.6     3     8   260   265   242   277 0.56 transcript=SINT1_34220.1 gene=SINT1_34220
SINT1_24390.1        -            739 587688at33208        -            101     0.033   14.7   8.9   1   3    0.0014       0.9   10.0   0.6    50    74     8    32     2    34 0.87 transcript=SINT1_24390.1 gene=SINT1_24390
SINT1_24390.1        -            739 587688at33208        -            101     0.033   14.7   8.9   2   3     0.025        17    6.0   3.0    48    73    33    58    31    79 0.86 transcript=SINT1_24390.1 gene=SINT1_24390
SINT1_24390.1        -            739 587688at33208        -            101     0.033   14.7   8.9   3   3       8.4   5.6e+03   -2.1   0.0    25    44    65    84    57    92 0.62 transcript=SINT1_24390.1 gene=SINT1_24390
SINT1_35300.1        -            787 587688at33208        -            101     0.041   14.3  13.1   1   3       8.5   5.6e+03   -2.1   1.7    38    71   176   211   165   217 0.67 transcript=SINT1_35300.1 gene=SINT1_35300
SINT1_35300.1        -            787 587688at33208        -            101     0.041   14.3  13.1   2   3   0.00015       0.1   13.1   0.2    46    94   220   267   214   273 0.86 transcript=SINT1_35300.1 gene=SINT1_35300
SINT1_35300.1        -            787 587688at33208        -            101     0.041   14.3  13.1   3   3    0.0027       1.8    9.1   0.4    52    84   706   737   696   758 0.84 transcript=SINT1_35300.1 gene=SINT1_35300
SINT1_65110.5        -            515 587688at33208        -            101     0.041   14.3   0.4   1   1   0.00012     0.079   13.4   0.4    51    76    16    41    12    58 0.81 transcript=SINT1_65110.5 gene=SINT1_65110
SINT1_27300.1        -            400 587688at33208        -            101     0.042   14.3   2.4   1   2       6.5   4.3e+03   -1.8   0.1     4    29     2    25     1    33 0.66 transcript=SINT1_27300.1 gene=SINT1_27300
SINT1_27300.1        -            400 587688at33208        -            101     0.042   14.3   2.4   2   2   6.8e-05     0.045   14.2   0.3     5    44    63   103    60   133 0.69 transcript=SINT1_27300.1 gene=SINT1_27300
SINT1_76400.1        -            313 587688at33208        -            101     0.094   13.2  12.4   1   4       1.2   8.1e+02    0.6   0.7    35    52    65    82    13    89 0.57 transcript=SINT1_76400.1 gene=SINT1_76400
SINT1_76400.1        -            313 587688at33208        -            101     0.094   13.2  12.4   2   4      0.97   6.4e+02    0.9   0.8    12    49    65   102    51   115 0.67 transcript=SINT1_76400.1 gene=SINT1_76400
SINT1_76400.1        -            313 587688at33208        -            101     0.094   13.2  12.4   3   4   0.00064      0.42   11.1   0.4    50    72   178   202   140   208 0.82 transcript=SINT1_76400.1 gene=SINT1_76400
SINT1_76400.1        -            313 587688at33208        -            101     0.094   13.2  12.4   4   4     0.011       7.5    7.1   0.2    50    76   218   244   212   267 0.74 transcript=SINT1_76400.1 gene=SINT1_76400
SINT1_75360.3        -            161 587688at33208        -            101      0.61   10.6  12.3   1   1   0.00022      0.14   12.6   8.1     4    61    46   102    43   136 0.67 transcript=SINT1_75360.3 gene=SINT1_75360
SINT1_75360.1        -            193 587688at33208        -            101       1.1    9.8  13.6   1   2       2.3   1.5e+03   -0.3   0.3    21    39    34    52     9    67 0.53 transcript=SINT1_75360.1 gene=SINT1_75360
SINT1_75360.1        -            193 587688at33208        -            101       1.1    9.8  13.6   2   2   0.00022      0.14   12.6   7.6     4    61    78   134    75   168 0.68 transcript=SINT1_75360.1 gene=SINT1_75360
SINT1_75360.2        -            193 587688at33208        -            101       1.1    9.8  13.6   1   2       2.3   1.5e+03   -0.3   0.3    21    39    34    52     9    67 0.53 transcript=SINT1_75360.2 gene=SINT1_75360
SINT1_75360.2        -            193 587688at33208        -            101       1.1    9.8  13.6   2   2   0.00022      0.14   12.6   7.6     4    61    78   134    75   168 0.68 transcript=SINT1_75360.2 gene=SINT1_75360
SINT1_65110.1        -            698 587688at33208        -            101         5    7.7  14.0   1   3      0.63   4.2e+02    1.5   2.2    48    79   144   175   115   179 0.80 transcript=SINT1_65110.1 gene=SINT1_65110
SINT1_65110.1        -            698 587688at33208        -            101         5    7.7  14.0   2   3      0.95   6.3e+02    0.9   0.4    48    71   172   195   169   198 0.86 transcript=SINT1_65110.1 gene=SINT1_65110
SINT1_65110.1        -            698 587688at33208        -            101         5    7.7  14.0   3   3   0.00035      0.23   12.0   1.3    51    76   199   224   196   241 0.81 transcript=SINT1_65110.1 gene=SINT1_65110
SINT1_65110.2        -            683 587688at33208        -            101       5.3    7.6  14.3   1   3      0.52   3.4e+02    1.8   2.1    49    80   130   161   105   166 0.80 transcript=SINT1_65110.2 gene=SINT1_65110
SINT1_65110.2        -            683 587688at33208        -            101       5.3    7.6  14.3   2   3      0.87   5.8e+02    1.0   0.5    48    71   157   180   152   183 0.86 transcript=SINT1_65110.2 gene=SINT1_65110
SINT1_65110.2        -            683 587688at33208        -            101       5.3    7.6  14.3   3   3   0.00044      0.29   11.6   1.8    51    76   184   209   180   226 0.81 transcript=SINT1_65110.2 gene=SINT1_65110
SINT1_65110.4        -            690 587688at33208        -            101       5.4    7.5  14.1   1   3      0.41   2.7e+02    2.1   1.6    49    80   137   168   122   174 0.79 transcript=SINT1_65110.4 gene=SINT1_65110
SINT1_65110.4        -            690 587688at33208        -            101       5.4    7.5  14.1   2   3      0.97   6.4e+02    0.9   0.4    48    71   164   187   161   190 0.86 transcript=SINT1_65110.4 gene=SINT1_65110
SINT1_65110.4        -            690 587688at33208        -            101       5.4    7.5  14.1   3   3   0.00045      0.29   11.6   1.8    51    76   191   216   187   233 0.81 transcript=SINT1_65110.4 gene=SINT1_65110
SINT1_65110.6        -            690 587688at33208        -            101       5.4    7.5  14.1   1   3      0.41   2.7e+02    2.1   1.6    49    80   137   168   122   174 0.79 transcript=SINT1_65110.6 gene=SINT1_65110
SINT1_65110.6        -            690 587688at33208        -            101       5.4    7.5  14.1   2   3      0.97   6.4e+02    0.9   0.4    48    71   164   187   161   190 0.86 transcript=SINT1_65110.6 gene=SINT1_65110
SINT1_65110.6        -            690 587688at33208        -            101       5.4    7.5  14.1   3   3   0.00045      0.29   11.6   1.8    51    76   191   216   187   233 0.81 transcript=SINT1_65110.6 gene=SINT1_65110
#
# Program:         hmmsearch
# Version:         3.4 (Aug 2023)
# Pipeline mode:   SEARCH
# Query file:      /users/40483456/busco_datasets/busco_downloads/lineages/metazoa_odb10/hmms/587688at33208.hmm
# Target file:     /users/40483456/protein/schistosoma_intercalatum.fa
# Option settings: hmmsearch --domtblout /users/40483456/busco/results_pro/schistosoma_intercalatum_busco/run_metazoa_odb10/hmmer_output/initial_run_results/587688at33208.out --cpu 1 /users/40483456/busco_datasets/busco_downloads/lineages/metazoa_odb10/hmms/587688at33208.hmm /users/40483456/protein/schistosoma_intercalatum.fa 
# Current dir:     /users/40483456
# Date:            Thu Jan 15 17:52:25 2026
# [ok]
