#                                                                            --- full sequence --- -------------- this domain -------------   hmm coord   ali coord   env coord
# target name        accession   tlen query name           accession   qlen   E-value  score  bias   #  of  c-Evalue  i-Evalue  score  bias  from    to  from    to  from    to  acc description of target
#------------------- ---------- ----- -------------------- ---------- ----- --------- ------ ----- --- --- --------- --------- ------ ----- ----- ----- ----- ----- ----- ----- ---- ---------------------
SINT1_72050.1        -            138 630073at33208        -             59   2.5e-33  113.6   4.0   1   1   1.1e-36   3.9e-33  113.0   4.0     2    59    63   121    62   121 0.97 transcript=SINT1_72050.1 gene=SINT1_72050
SINT1_3020.1         -            500 630073at33208        -             59     0.077   12.8   5.7   1   3    0.0035        12    5.7   0.1    21    44   222   245   211   255 0.84 transcript=SINT1_3020.1 gene=SINT1_3020
SINT1_3020.1         -            500 630073at33208        -             59     0.077   12.8   5.7   2   3    0.0043        15    5.4   0.2    23    48   397   422   392   431 0.88 transcript=SINT1_3020.1 gene=SINT1_3020
SINT1_3020.1         -            500 630073at33208        -             59     0.077   12.8   5.7   3   3     0.042   1.5e+02    2.3   0.1    29    50   455   480   447   482 0.68 transcript=SINT1_3020.1 gene=SINT1_3020
SINT1_3020.2         -            506 630073at33208        -             59     0.081   12.7   5.7   1   3    0.0035        13    5.7   0.1    21    44   228   251   217   261 0.84 transcript=SINT1_3020.2 gene=SINT1_3020
SINT1_3020.2         -            506 630073at33208        -             59     0.081   12.7   5.7   2   3    0.0044        16    5.4   0.2    23    48   403   428   398   437 0.88 transcript=SINT1_3020.2 gene=SINT1_3020
SINT1_3020.2         -            506 630073at33208        -             59     0.081   12.7   5.7   3   3     0.043   1.5e+02    2.3   0.1    29    50   461   486   453   488 0.68 transcript=SINT1_3020.2 gene=SINT1_3020
SINT1_94270.1        -            363 630073at33208        -             59      0.11   12.3   0.8   1   2     0.023        83    3.1   0.0    34    54   235   255   227   256 0.92 transcript=SINT1_94270.1 gene=SINT1_94270
SINT1_94270.1        -            363 630073at33208        -             59      0.11   12.3   0.8   2   2    0.0024       8.5    6.3   0.2    21    42   268   289   258   292 0.80 transcript=SINT1_94270.1 gene=SINT1_94270
SINT1_82340.1        -           2299 630073at33208        -             59      0.36   10.7   2.5   1   2    0.0055        20    5.1   0.2    18    40   209   231   201   239 0.85 transcript=SINT1_82340.1 gene=SINT1_82340
SINT1_82340.1        -           2299 630073at33208        -             59      0.36   10.7   2.5   2   2    0.0083        29    4.5   0.2     3    23  1163  1183  1161  1189 0.84 transcript=SINT1_82340.1 gene=SINT1_82340
#
# Program:         hmmsearch
# Version:         3.4 (Aug 2023)
# Pipeline mode:   SEARCH
# Query file:      /users/40483456/busco_datasets/busco_downloads/lineages/metazoa_odb10/hmms/630073at33208.hmm
# Target file:     /users/40483456/protein/schistosoma_intercalatum.fa
# Option settings: hmmsearch --domtblout /users/40483456/busco/results_pro/schistosoma_intercalatum_busco/run_metazoa_odb10/hmmer_output/initial_run_results/630073at33208.out --cpu 1 /users/40483456/busco_datasets/busco_downloads/lineages/metazoa_odb10/hmms/630073at33208.hmm /users/40483456/protein/schistosoma_intercalatum.fa 
# Current dir:     /users/40483456
# Date:            Thu Jan 15 17:52:24 2026
# [ok]
