#                                                                            --- full sequence --- -------------- this domain -------------   hmm coord   ali coord   env coord
# target name        accession   tlen query name           accession   qlen   E-value  score  bias   #  of  c-Evalue  i-Evalue  score  bias  from    to  from    to  from    to  acc description of target
#------------------- ---------- ----- -------------------- ---------- ----- --------- ------ ----- --- --- --------- --------- ------ ----- ----- ----- ----- ----- ----- ----- ---- ---------------------
SMTH1_81260.1        -            392 311438at33208        -            263   5.2e-47  160.7   0.0   1   1   3.1e-50   6.6e-47  160.3   0.0     9   255    72   337    55   342 0.85 transcript=SMTH1_81260.1 gene=SMTH1_81260
SMTH1_82610.1        -            305 311438at33208        -            263     5e-41  141.0   0.4   1   2   1.7e-08   3.6e-05   23.5   0.1     7    50    30    83    26    90 0.72 transcript=SMTH1_82610.1 gene=SMTH1_82610
SMTH1_82610.1        -            305 311438at33208        -            263     5e-41  141.0   0.4   2   2   1.2e-36   2.5e-33  115.8   0.0   104   248    98   242    86   249 0.83 transcript=SMTH1_82610.1 gene=SMTH1_82610
SMTH1_14010.1        -            508 311438at33208        -            263   8.6e-38  130.4   0.0   1   2   3.3e-39     7e-36  124.2   0.0     7   211    73   293    69   296 0.87 transcript=SMTH1_14010.1 gene=SMTH1_14010
SMTH1_14010.1        -            508 311438at33208        -            263   8.6e-38  130.4   0.0   2   2     0.015        33    4.0   0.0   219   251   359   389   341   396 0.73 transcript=SMTH1_14010.1 gene=SMTH1_14010
SMTH1_14010.2        -            508 311438at33208        -            263   8.6e-38  130.4   0.0   1   2   3.3e-39     7e-36  124.2   0.0     7   211    73   293    69   296 0.87 transcript=SMTH1_14010.2 gene=SMTH1_14010
SMTH1_14010.2        -            508 311438at33208        -            263   8.6e-38  130.4   0.0   2   2     0.015        33    4.0   0.0   219   251   359   389   341   396 0.73 transcript=SMTH1_14010.2 gene=SMTH1_14010
SMTH1_14010.3        -            508 311438at33208        -            263   8.6e-38  130.4   0.0   1   2   3.3e-39     7e-36  124.2   0.0     7   211    73   293    69   296 0.87 transcript=SMTH1_14010.3 gene=SMTH1_14010
SMTH1_14010.3        -            508 311438at33208        -            263   8.6e-38  130.4   0.0   2   2     0.015        33    4.0   0.0   219   251   359   389   341   396 0.73 transcript=SMTH1_14010.3 gene=SMTH1_14010
SMTH1_14010.4        -            508 311438at33208        -            263   8.6e-38  130.4   0.0   1   2   3.3e-39     7e-36  124.2   0.0     7   211    73   293    69   296 0.87 transcript=SMTH1_14010.4 gene=SMTH1_14010
SMTH1_14010.4        -            508 311438at33208        -            263   8.6e-38  130.4   0.0   2   2     0.015        33    4.0   0.0   219   251   359   389   341   396 0.73 transcript=SMTH1_14010.4 gene=SMTH1_14010
SMTH1_14010.5        -            508 311438at33208        -            263   8.6e-38  130.4   0.0   1   2   3.3e-39     7e-36  124.2   0.0     7   211    73   293    69   296 0.87 transcript=SMTH1_14010.5 gene=SMTH1_14010
SMTH1_14010.5        -            508 311438at33208        -            263   8.6e-38  130.4   0.0   2   2     0.015        33    4.0   0.0   219   251   359   389   341   396 0.73 transcript=SMTH1_14010.5 gene=SMTH1_14010
SMTH1_14010.6        -            508 311438at33208        -            263   8.6e-38  130.4   0.0   1   2   3.3e-39     7e-36  124.2   0.0     7   211    73   293    69   296 0.87 transcript=SMTH1_14010.6 gene=SMTH1_14010
SMTH1_14010.6        -            508 311438at33208        -            263   8.6e-38  130.4   0.0   2   2     0.015        33    4.0   0.0   219   251   359   389   341   396 0.73 transcript=SMTH1_14010.6 gene=SMTH1_14010
#
# Program:         hmmsearch
# Version:         3.4 (Aug 2023)
# Pipeline mode:   SEARCH
# Query file:      /users/40483456/busco_datasets/busco_downloads/lineages/metazoa_odb10/hmms/311438at33208.hmm
# Target file:     /users/40483456/protein/schistosoma_mattheei.fa
# Option settings: hmmsearch --domtblout /users/40483456/busco/results_pro/schistosoma_mattheei_busco/run_metazoa_odb10/hmmer_output/initial_run_results/311438at33208.out --cpu 1 /users/40483456/busco_datasets/busco_downloads/lineages/metazoa_odb10/hmms/311438at33208.hmm /users/40483456/protein/schistosoma_mattheei.fa 
# Current dir:     /users/40483456
# Date:            Thu Jan 15 17:56:18 2026
# [ok]
