#                                                                            --- full sequence --- -------------- this domain -------------   hmm coord   ali coord   env coord
# target name        accession   tlen query name           accession   qlen   E-value  score  bias   #  of  c-Evalue  i-Evalue  score  bias  from    to  from    to  from    to  acc description of target
#------------------- ---------- ----- -------------------- ---------- ----- --------- ------ ----- --- --- --------- --------- ------ ----- ----- ----- ----- ----- ----- ----- ---- ---------------------
SMTH1_81260.1        -            392 323473at33208        -            288  2.1e-115  384.7   0.8   1   2  1.9e-114  4.2e-111  370.6   0.1     1   280    53   343    53   350 0.92 transcript=SMTH1_81260.1 gene=SMTH1_81260
SMTH1_81260.1        -            392 323473at33208        -            288  2.1e-115  384.7   0.8   2   2   1.8e-05     0.038   13.0   0.1   268   288   367   387   350   387 0.85 transcript=SMTH1_81260.1 gene=SMTH1_81260
SMTH1_14010.1        -            508 323473at33208        -            288   3.2e-38  131.4   0.0   1   3   2.2e-06    0.0048   15.9   0.0   131   185   102   159    79   162 0.74 transcript=SMTH1_14010.1 gene=SMTH1_14010
SMTH1_14010.1        -            508 323473at33208        -            288   3.2e-38  131.4   0.0   2   3   1.3e-32   2.8e-29  102.0   0.0    86   226   153   299   146   308 0.88 transcript=SMTH1_14010.1 gene=SMTH1_14010
SMTH1_14010.1        -            508 323473at33208        -            288   3.2e-38  131.4   0.0   3   3   7.2e-06     0.015   14.3   0.0   239   266   360   387   343   393 0.85 transcript=SMTH1_14010.1 gene=SMTH1_14010
SMTH1_14010.2        -            508 323473at33208        -            288   3.2e-38  131.4   0.0   1   3   2.2e-06    0.0048   15.9   0.0   131   185   102   159    79   162 0.74 transcript=SMTH1_14010.2 gene=SMTH1_14010
SMTH1_14010.2        -            508 323473at33208        -            288   3.2e-38  131.4   0.0   2   3   1.3e-32   2.8e-29  102.0   0.0    86   226   153   299   146   308 0.88 transcript=SMTH1_14010.2 gene=SMTH1_14010
SMTH1_14010.2        -            508 323473at33208        -            288   3.2e-38  131.4   0.0   3   3   7.2e-06     0.015   14.3   0.0   239   266   360   387   343   393 0.85 transcript=SMTH1_14010.2 gene=SMTH1_14010
SMTH1_14010.3        -            508 323473at33208        -            288   3.2e-38  131.4   0.0   1   3   2.2e-06    0.0048   15.9   0.0   131   185   102   159    79   162 0.74 transcript=SMTH1_14010.3 gene=SMTH1_14010
SMTH1_14010.3        -            508 323473at33208        -            288   3.2e-38  131.4   0.0   2   3   1.3e-32   2.8e-29  102.0   0.0    86   226   153   299   146   308 0.88 transcript=SMTH1_14010.3 gene=SMTH1_14010
SMTH1_14010.3        -            508 323473at33208        -            288   3.2e-38  131.4   0.0   3   3   7.2e-06     0.015   14.3   0.0   239   266   360   387   343   393 0.85 transcript=SMTH1_14010.3 gene=SMTH1_14010
SMTH1_14010.4        -            508 323473at33208        -            288   3.2e-38  131.4   0.0   1   3   2.2e-06    0.0048   15.9   0.0   131   185   102   159    79   162 0.74 transcript=SMTH1_14010.4 gene=SMTH1_14010
SMTH1_14010.4        -            508 323473at33208        -            288   3.2e-38  131.4   0.0   2   3   1.3e-32   2.8e-29  102.0   0.0    86   226   153   299   146   308 0.88 transcript=SMTH1_14010.4 gene=SMTH1_14010
SMTH1_14010.4        -            508 323473at33208        -            288   3.2e-38  131.4   0.0   3   3   7.2e-06     0.015   14.3   0.0   239   266   360   387   343   393 0.85 transcript=SMTH1_14010.4 gene=SMTH1_14010
SMTH1_14010.5        -            508 323473at33208        -            288   3.2e-38  131.4   0.0   1   3   2.2e-06    0.0048   15.9   0.0   131   185   102   159    79   162 0.74 transcript=SMTH1_14010.5 gene=SMTH1_14010
SMTH1_14010.5        -            508 323473at33208        -            288   3.2e-38  131.4   0.0   2   3   1.3e-32   2.8e-29  102.0   0.0    86   226   153   299   146   308 0.88 transcript=SMTH1_14010.5 gene=SMTH1_14010
SMTH1_14010.5        -            508 323473at33208        -            288   3.2e-38  131.4   0.0   3   3   7.2e-06     0.015   14.3   0.0   239   266   360   387   343   393 0.85 transcript=SMTH1_14010.5 gene=SMTH1_14010
SMTH1_14010.6        -            508 323473at33208        -            288   3.2e-38  131.4   0.0   1   3   2.2e-06    0.0048   15.9   0.0   131   185   102   159    79   162 0.74 transcript=SMTH1_14010.6 gene=SMTH1_14010
SMTH1_14010.6        -            508 323473at33208        -            288   3.2e-38  131.4   0.0   2   3   1.3e-32   2.8e-29  102.0   0.0    86   226   153   299   146   308 0.88 transcript=SMTH1_14010.6 gene=SMTH1_14010
SMTH1_14010.6        -            508 323473at33208        -            288   3.2e-38  131.4   0.0   3   3   7.2e-06     0.015   14.3   0.0   239   266   360   387   343   393 0.85 transcript=SMTH1_14010.6 gene=SMTH1_14010
SMTH1_82610.1        -            305 323473at33208        -            288   6.9e-23   81.1   0.4   1   2     0.014        30    3.5   0.0    26    59    34    68    22    82 0.73 transcript=SMTH1_82610.1 gene=SMTH1_82610
SMTH1_82610.1        -            305 323473at33208        -            288   6.9e-23   81.1   0.4   2   2   2.2e-24   4.6e-21   75.1   0.4   115   232   100   221    93   251 0.90 transcript=SMTH1_82610.1 gene=SMTH1_82610
#
# Program:         hmmsearch
# Version:         3.4 (Aug 2023)
# Pipeline mode:   SEARCH
# Query file:      /users/40483456/busco_datasets/busco_downloads/lineages/metazoa_odb10/hmms/323473at33208.hmm
# Target file:     /users/40483456/protein/schistosoma_mattheei.fa
# Option settings: hmmsearch --domtblout /users/40483456/busco/results_pro/schistosoma_mattheei_busco/run_metazoa_odb10/hmmer_output/initial_run_results/323473at33208.out --cpu 1 /users/40483456/busco_datasets/busco_downloads/lineages/metazoa_odb10/hmms/323473at33208.hmm /users/40483456/protein/schistosoma_mattheei.fa 
# Current dir:     /users/40483456
# Date:            Thu Jan 15 17:56:09 2026
# [ok]
