#                                                                            --- full sequence --- -------------- this domain -------------   hmm coord   ali coord   env coord
# target name        accession   tlen query name           accession   qlen   E-value  score  bias   #  of  c-Evalue  i-Evalue  score  bias  from    to  from    to  from    to  acc description of target
#------------------- ---------- ----- -------------------- ---------- ----- --------- ------ ----- --- --- --------- --------- ------ ----- ----- ----- ----- ----- ----- ----- ---- ---------------------
SMTH1_73080.1        -            499 334272at33208        -            346   5.5e-38  130.5  30.0   1   3   7.3e-28     7e-25   87.4   0.9   115   233   174   303   161   309 0.88 transcript=SMTH1_73080.1 gene=SMTH1_73080
SMTH1_73080.1        -            499 334272at33208        -            346   5.5e-38  130.5  30.0   2   3   2.8e-08   2.7e-05   23.0   1.0   233   278   334   379   328   386 0.91 transcript=SMTH1_73080.1 gene=SMTH1_73080
SMTH1_73080.1        -            499 334272at33208        -            346   5.5e-38  130.5  30.0   3   3     4e-13   3.8e-10   39.0   0.0   283   326   410   454   406   463 0.92 transcript=SMTH1_73080.1 gene=SMTH1_73080
SMTH1_73070.1        -            225 334272at33208        -            346   1.4e-21   76.6  11.2   1   1     2e-24   1.9e-21   76.1  11.2    18    88    79   149    67   160 0.91 transcript=SMTH1_73070.1 gene=SMTH1_73070
SMTH1_82420.1        -            900 334272at33208        -            346   3.7e-14   52.2  19.8   1   5      0.49   4.6e+02   -0.8   0.0    88   131   417   460   402   475 0.74 transcript=SMTH1_82420.1 gene=SMTH1_82420
SMTH1_82420.1        -            900 334272at33208        -            346   3.7e-14   52.2  19.8   2   5   3.8e-11   3.6e-08   32.5   8.4    34   111   481   558   473   580 0.88 transcript=SMTH1_82420.1 gene=SMTH1_82420
SMTH1_82420.1        -            900 334272at33208        -            346   3.7e-14   52.2  19.8   3   5       1.6   1.5e+03   -2.5   0.0   239   256   705   722   682   735 0.65 transcript=SMTH1_82420.1 gene=SMTH1_82420
SMTH1_82420.1        -            900 334272at33208        -            346   3.7e-14   52.2  19.8   4   5    0.0053         5    5.7   0.2   257   282   768   793   758   806 0.79 transcript=SMTH1_82420.1 gene=SMTH1_82420
SMTH1_82420.1        -            900 334272at33208        -            346   3.7e-14   52.2  19.8   5   5   6.3e-07    0.0006   18.6   0.1   293   325   828   861   821   876 0.85 transcript=SMTH1_82420.1 gene=SMTH1_82420
SMTH1_97610.1        -            608 334272at33208        -            346   1.6e-10   40.2   0.4   1   2       3.7   3.5e+03   -3.7   0.2    98   122   323   347   309   369 0.51 transcript=SMTH1_97610.1 gene=SMTH1_97610
SMTH1_97610.1        -            608 334272at33208        -            346   1.6e-10   40.2   0.4   2   2   1.7e-13   1.6e-10   40.2   0.4    36    88   417   469   394   515 0.74 transcript=SMTH1_97610.1 gene=SMTH1_97610
SMTH1_97610.2        -            608 334272at33208        -            346   1.6e-10   40.2   0.4   1   2       3.7   3.5e+03   -3.7   0.2    98   122   323   347   309   369 0.51 transcript=SMTH1_97610.2 gene=SMTH1_97610
SMTH1_97610.2        -            608 334272at33208        -            346   1.6e-10   40.2   0.4   2   2   1.7e-13   1.6e-10   40.2   0.4    36    88   417   469   394   515 0.74 transcript=SMTH1_97610.2 gene=SMTH1_97610
SMTH1_97610.3        -            608 334272at33208        -            346   1.6e-10   40.2   0.4   1   2       3.7   3.5e+03   -3.7   0.2    98   122   323   347   309   369 0.51 transcript=SMTH1_97610.3 gene=SMTH1_97610
SMTH1_97610.3        -            608 334272at33208        -            346   1.6e-10   40.2   0.4   2   2   1.7e-13   1.6e-10   40.2   0.4    36    88   417   469   394   515 0.74 transcript=SMTH1_97610.3 gene=SMTH1_97610
SMTH1_97610.4        -            608 334272at33208        -            346   1.6e-10   40.2   0.4   1   2       3.7   3.5e+03   -3.7   0.2    98   122   323   347   309   369 0.51 transcript=SMTH1_97610.4 gene=SMTH1_97610
SMTH1_97610.4        -            608 334272at33208        -            346   1.6e-10   40.2   0.4   2   2   1.7e-13   1.6e-10   40.2   0.4    36    88   417   469   394   515 0.74 transcript=SMTH1_97610.4 gene=SMTH1_97610
SMTH1_97610.5        -            608 334272at33208        -            346   1.6e-10   40.2   0.4   1   2       3.7   3.5e+03   -3.7   0.2    98   122   323   347   309   369 0.51 transcript=SMTH1_97610.5 gene=SMTH1_97610
SMTH1_97610.5        -            608 334272at33208        -            346   1.6e-10   40.2   0.4   2   2   1.7e-13   1.6e-10   40.2   0.4    36    88   417   469   394   515 0.74 transcript=SMTH1_97610.5 gene=SMTH1_97610
SMTH1_58820.1        -            427 334272at33208        -            346   4.1e-08   32.3   0.1   1   1   1.1e-10     1e-07   31.0   0.1   292   326   342   377   324   385 0.87 transcript=SMTH1_58820.1 gene=SMTH1_58820
SMTH1_38040.1        -            287 334272at33208        -            346   5.6e-07   28.6   0.2   1   1   9.3e-10   8.8e-07   27.9   0.2   286   328    57   100    27   117 0.78 transcript=SMTH1_38040.1 gene=SMTH1_38040
SMTH1_69920.1        -            300 334272at33208        -            346   7.1e-07   28.2   0.1   1   1   1.2e-09   1.2e-06   27.5   0.1   274   327     4    58     2    67 0.85 transcript=SMTH1_69920.1 gene=SMTH1_69920
SMTH1_51490.1        -            578 334272at33208        -            346   2.2e-06   26.6   0.0   1   1   4.5e-09   4.3e-06   25.6   0.0   275   327   518   571   495   575 0.81 transcript=SMTH1_51490.1 gene=SMTH1_51490
SMTH1_39430.1        -            290 334272at33208        -            346   5.3e-05   22.1   1.8   1   2      0.69   6.5e+02   -1.3   0.6   233   259    19    45    14    67 0.67 transcript=SMTH1_39430.1 gene=SMTH1_39430
SMTH1_39430.1        -            290 334272at33208        -            346   5.3e-05   22.1   1.8   2   2   6.9e-08   6.5e-05   21.8   0.0   134   192   191   258   178   274 0.81 transcript=SMTH1_39430.1 gene=SMTH1_39430
SMTH1_38630.1        -            346 334272at33208        -            346    0.0015   17.3   0.0   1   1   2.6e-06    0.0025   16.6   0.0   293   326   165   199    96   206 0.85 transcript=SMTH1_38630.1 gene=SMTH1_38630
SMTH1_35030.1        -            459 334272at33208        -            346    0.0032   16.2   0.3   1   1   6.7e-06    0.0064   15.2   0.3   297   344   275   323   247   325 0.80 transcript=SMTH1_35030.1 gene=SMTH1_35030
SMTH1_51090.1        -            657 334272at33208        -            346    0.0095   14.6   0.2   1   1   1.7e-05     0.017   13.9   0.2   297   329    22    55     6    73 0.85 transcript=SMTH1_51090.1 gene=SMTH1_51090
SMTH1_51120.1        -            801 334272at33208        -            346     0.012   14.3   0.2   1   1   2.3e-05     0.022   13.5   0.2   297   328    22    54     6    72 0.85 transcript=SMTH1_51120.1 gene=SMTH1_51120
SMTH1_41300.2        -            559 334272at33208        -            346      0.15   10.7   0.0   1   1   0.00024      0.23   10.1   0.0   289   319   384   414   364   428 0.79 transcript=SMTH1_41300.2 gene=SMTH1_41300
#
# Program:         hmmsearch
# Version:         3.4 (Aug 2023)
# Pipeline mode:   SEARCH
# Query file:      /users/40483456/busco_datasets/busco_downloads/lineages/metazoa_odb10/hmms/334272at33208.hmm
# Target file:     /users/40483456/protein/schistosoma_mattheei.fa
# Option settings: hmmsearch --domtblout /users/40483456/busco/results_pro/schistosoma_mattheei_busco/run_metazoa_odb10/hmmer_output/initial_run_results/334272at33208.out --cpu 1 /users/40483456/busco_datasets/busco_downloads/lineages/metazoa_odb10/hmms/334272at33208.hmm /users/40483456/protein/schistosoma_mattheei.fa 
# Current dir:     /users/40483456
# Date:            Thu Jan 15 17:56:13 2026
# [ok]
