#                                                                            --- full sequence --- -------------- this domain -------------   hmm coord   ali coord   env coord
# target name        accession   tlen query name           accession   qlen   E-value  score  bias   #  of  c-Evalue  i-Evalue  score  bias  from    to  from    to  from    to  acc description of target
#------------------- ---------- ----- -------------------- ---------- ----- --------- ------ ----- --- --- --------- --------- ------ ----- ----- ----- ----- ----- ----- ----- ---- ---------------------
SMTH1_77120.1        -           1173 356334at33208        -            730  1.2e-112  377.6  30.1   1   6   5.5e-17   1.9e-13   49.6   0.1    17   118    35   156    21   170 0.80 transcript=SMTH1_77120.1 gene=SMTH1_77120
SMTH1_77120.1        -           1173 356334at33208        -            730  1.2e-112  377.6  30.1   2   6     0.002         7    4.8   0.0   133   169   202   238   186   270 0.78 transcript=SMTH1_77120.1 gene=SMTH1_77120
SMTH1_77120.1        -           1173 356334at33208        -            730  1.2e-112  377.6  30.1   3   6   0.00086         3    6.0   0.0   163   192   309   345   260   356 0.71 transcript=SMTH1_77120.1 gene=SMTH1_77120
SMTH1_77120.1        -           1173 356334at33208        -            730  1.2e-112  377.6  30.1   4   6   8.1e-17   2.8e-13   49.1   0.0   202   323   418   546   401   551 0.77 transcript=SMTH1_77120.1 gene=SMTH1_77120
SMTH1_77120.1        -           1173 356334at33208        -            730  1.2e-112  377.6  30.1   5   6    0.0034        12    4.0   1.4   335   395   654   712   626   735 0.81 transcript=SMTH1_77120.1 gene=SMTH1_77120
SMTH1_77120.1        -           1173 356334at33208        -            730  1.2e-112  377.6  30.1   6   6   2.5e-82   8.4e-79  265.7  18.1   375   723   758  1157   728  1164 0.82 transcript=SMTH1_77120.1 gene=SMTH1_77120
SMTH1_31610.1        -            255 356334at33208        -            730      0.01   14.2   2.7   1   2   2.9e-06      0.01   14.2   2.7   647   706     4    62     1    66 0.92 transcript=SMTH1_31610.1 gene=SMTH1_31610
SMTH1_31610.1        -            255 356334at33208        -            730      0.01   14.2   2.7   2   2      0.35   1.2e+03   -2.6   0.2   610   653   166   210   160   213 0.73 transcript=SMTH1_31610.1 gene=SMTH1_31610
SMTH1_77440.2        -             88 356334at33208        -            730     0.016   13.5   0.5   1   1   5.3e-06     0.018   13.3   0.5   638   681    19    64    10    75 0.81 transcript=SMTH1_77440.2 gene=SMTH1_77440
SMTH1_71330.1        -            857 356334at33208        -            730     0.064   11.5   0.0   1   1   2.6e-05      0.09   11.0   0.0    84   134   769   819   703   851 0.80 transcript=SMTH1_71330.1 gene=SMTH1_71330
SMTH1_77440.1        -             77 356334at33208        -            730     0.084   11.1   2.2   1   1   2.7e-05     0.091   11.0   2.2   638   678    19    61     8    65 0.83 transcript=SMTH1_77440.1 gene=SMTH1_77440
#
# Program:         hmmsearch
# Version:         3.4 (Aug 2023)
# Pipeline mode:   SEARCH
# Query file:      /users/40483456/busco_datasets/busco_downloads/lineages/metazoa_odb10/hmms/356334at33208.hmm
# Target file:     /users/40483456/protein/schistosoma_mattheei.fa
# Option settings: hmmsearch --domtblout /users/40483456/busco/results_pro/schistosoma_mattheei_busco/run_metazoa_odb10/hmmer_output/initial_run_results/356334at33208.out --cpu 1 /users/40483456/busco_datasets/busco_downloads/lineages/metazoa_odb10/hmms/356334at33208.hmm /users/40483456/protein/schistosoma_mattheei.fa 
# Current dir:     /users/40483456
# Date:            Thu Jan 15 17:56:16 2026
# [ok]
