#                                                                            --- full sequence --- -------------- this domain -------------   hmm coord   ali coord   env coord
# target name        accession   tlen query name           accession   qlen   E-value  score  bias   #  of  c-Evalue  i-Evalue  score  bias  from    to  from    to  from    to  acc description of target
#------------------- ---------- ----- -------------------- ---------- ----- --------- ------ ----- --- --- --------- --------- ------ ----- ----- ----- ----- ----- ----- ----- ---- ---------------------
SMTH1_100150.1       -            446 407472at33208        -            381   6.3e-61  206.4  46.2   1   3   2.2e-52   5.4e-50  170.4   5.8     1   123     1   128     1   147 0.91 transcript=SMTH1_100150.1 gene=SMTH1_100150
SMTH1_100150.1       -            446 407472at33208        -            381   6.3e-61  206.4  46.2   2   3     7e-14   1.7e-11   43.6  19.5   176   288   157   269   139   315 0.74 transcript=SMTH1_100150.1 gene=SMTH1_100150
SMTH1_100150.1       -            446 407472at33208        -            381   6.3e-61  206.4  46.2   3   3      0.67   1.7e+02    0.9  10.2   244   342   293   390   272   429 0.52 transcript=SMTH1_100150.1 gene=SMTH1_100150
SMTH1_16320.1        -            285 407472at33208        -            381   3.4e-29  101.9   0.2   1   1   2.2e-31   5.3e-29  101.3   0.2     3    77     5    79     3    86 0.93 transcript=SMTH1_16320.1 gene=SMTH1_16320
SMTH1_16320.2        -            285 407472at33208        -            381   3.4e-29  101.9   0.2   1   1   2.2e-31   5.3e-29  101.3   0.2     3    77     5    79     3    86 0.93 transcript=SMTH1_16320.2 gene=SMTH1_16320
SMTH1_69680.1        -            585 407472at33208        -            381     3e-25   88.9  24.4   1   2     4e-11   9.9e-09   34.6   0.0     4    68    50   121    47   147 0.85 transcript=SMTH1_69680.1 gene=SMTH1_69680
SMTH1_69680.1        -            585 407472at33208        -            381     3e-25   88.9  24.4   2   2   6.4e-17   1.6e-14   53.6  22.0   130   290   155   310   139   405 0.79 transcript=SMTH1_69680.1 gene=SMTH1_69680
SMTH1_69680.2        -            585 407472at33208        -            381     3e-25   88.9  24.4   1   2     4e-11   9.9e-09   34.6   0.0     4    68    50   121    47   147 0.85 transcript=SMTH1_69680.2 gene=SMTH1_69680
SMTH1_69680.2        -            585 407472at33208        -            381     3e-25   88.9  24.4   2   2   6.4e-17   1.6e-14   53.6  22.0   130   290   155   310   139   405 0.79 transcript=SMTH1_69680.2 gene=SMTH1_69680
SMTH1_69680.3        -            585 407472at33208        -            381     3e-25   88.9  24.4   1   2     4e-11   9.9e-09   34.6   0.0     4    68    50   121    47   147 0.85 transcript=SMTH1_69680.3 gene=SMTH1_69680
SMTH1_69680.3        -            585 407472at33208        -            381     3e-25   88.9  24.4   2   2   6.4e-17   1.6e-14   53.6  22.0   130   290   155   310   139   405 0.79 transcript=SMTH1_69680.3 gene=SMTH1_69680
SMTH1_69680.4        -            585 407472at33208        -            381     3e-25   88.9  24.4   1   2     4e-11   9.9e-09   34.6   0.0     4    68    50   121    47   147 0.85 transcript=SMTH1_69680.4 gene=SMTH1_69680
SMTH1_69680.4        -            585 407472at33208        -            381     3e-25   88.9  24.4   2   2   6.4e-17   1.6e-14   53.6  22.0   130   290   155   310   139   405 0.79 transcript=SMTH1_69680.4 gene=SMTH1_69680
SMTH1_69680.5        -            585 407472at33208        -            381     3e-25   88.9  24.4   1   2     4e-11   9.9e-09   34.6   0.0     4    68    50   121    47   147 0.85 transcript=SMTH1_69680.5 gene=SMTH1_69680
SMTH1_69680.5        -            585 407472at33208        -            381     3e-25   88.9  24.4   2   2   6.4e-17   1.6e-14   53.6  22.0   130   290   155   310   139   405 0.79 transcript=SMTH1_69680.5 gene=SMTH1_69680
SMTH1_69680.6        -            585 407472at33208        -            381     3e-25   88.9  24.4   1   2     4e-11   9.9e-09   34.6   0.0     4    68    50   121    47   147 0.85 transcript=SMTH1_69680.6 gene=SMTH1_69680
SMTH1_69680.6        -            585 407472at33208        -            381     3e-25   88.9  24.4   2   2   6.4e-17   1.6e-14   53.6  22.0   130   290   155   310   139   405 0.79 transcript=SMTH1_69680.6 gene=SMTH1_69680
SMTH1_69680.7        -            585 407472at33208        -            381     3e-25   88.9  24.4   1   2     4e-11   9.9e-09   34.6   0.0     4    68    50   121    47   147 0.85 transcript=SMTH1_69680.7 gene=SMTH1_69680
SMTH1_69680.7        -            585 407472at33208        -            381     3e-25   88.9  24.4   2   2   6.4e-17   1.6e-14   53.6  22.0   130   290   155   310   139   405 0.79 transcript=SMTH1_69680.7 gene=SMTH1_69680
SMTH1_31490.1        -            296 407472at33208        -            381   3.5e-21   75.6   0.0   1   1   2.1e-23   5.1e-21   75.0   0.0     4    92     7    92     4    95 0.90 transcript=SMTH1_31490.1 gene=SMTH1_31490
SMTH1_11760.1        -            349 407472at33208        -            381   2.9e-19   69.2   0.6   1   1   1.9e-21   4.7e-19   68.6   0.6     2    69   100   165    99   208 0.82 transcript=SMTH1_11760.1 gene=SMTH1_11760
SMTH1_23840.1        -            632 407472at33208        -            381   1.1e-18   67.4   0.4   1   1     8e-21     2e-18   66.5   0.4     4    68    20    82    17    90 0.94 transcript=SMTH1_23840.1 gene=SMTH1_23840
SMTH1_68670.1        -            193 407472at33208        -            381   1.9e-18   66.6   8.4   1   1   1.1e-20   2.7e-18   66.0   8.4     4   115    29   139    26   176 0.79 transcript=SMTH1_68670.1 gene=SMTH1_68670
SMTH1_76850.1        -            200 407472at33208        -            381   5.8e-18   64.9   2.7   1   1   3.2e-20   7.9e-18   64.5   2.7     5    68    27    89    25   105 0.93 transcript=SMTH1_76850.1 gene=SMTH1_76850
SMTH1_31790.1        -            368 407472at33208        -            381   6.2e-18   64.8   0.9   1   1   3.7e-20   9.1e-18   64.3   0.9     4    81    25   101    22   103 0.93 transcript=SMTH1_31790.1 gene=SMTH1_31790
SMTH1_68610.4        -            411 407472at33208        -            381   8.3e-18   64.4   0.8   1   1   4.6e-20   1.1e-17   64.0   0.8     2    69    31    97    30   111 0.91 transcript=SMTH1_68610.4 gene=SMTH1_68610
SMTH1_68610.1        -            449 407472at33208        -            381   9.4e-18   64.3   0.8   1   1   5.3e-20   1.3e-17   63.8   0.8     2    69    31    97    30   111 0.91 transcript=SMTH1_68610.1 gene=SMTH1_68610
SMTH1_65360.1        -           2072 407472at33208        -            381     1e-17   64.1   0.0   1   1   7.9e-20     2e-17   63.2   0.0     5    75  1886  1955  1883  1972 0.86 transcript=SMTH1_65360.1 gene=SMTH1_65360
SMTH1_68610.3        -            464 407472at33208        -            381   1.4e-17   63.7   0.8   1   2   5.5e-20   1.4e-17   63.7   0.8     2    69    31    97    30   111 0.91 transcript=SMTH1_68610.3 gene=SMTH1_68610
SMTH1_68610.3        -            464 407472at33208        -            381   1.4e-17   63.7   0.8   2   2       9.6   2.4e+03   -2.9   0.1   257   287   397   427   379   438 0.66 transcript=SMTH1_68610.3 gene=SMTH1_68610
SMTH1_68610.2        -            469 407472at33208        -            381   1.4e-17   63.7   0.8   1   1   5.6e-20   1.4e-17   63.7   0.8     2    69    31    97    30   111 0.91 transcript=SMTH1_68610.2 gene=SMTH1_68610
SMTH1_86090.1        -            470 407472at33208        -            381   2.1e-16   59.8   0.2   1   2       4.7   1.2e+03   -1.9   0.1   215   291   212   286   205   305 0.51 transcript=SMTH1_86090.1 gene=SMTH1_86090
SMTH1_86090.1        -            470 407472at33208        -            381   2.1e-16   59.8   0.2   2   2   8.3e-19   2.1e-16   59.8   0.2     4    68   366   434   363   469 0.76 transcript=SMTH1_86090.1 gene=SMTH1_86090
SMTH1_6550.1         -            322 407472at33208        -            381     8e-16   57.9   0.7   1   2   4.7e-18   1.2e-15   57.4   0.1    22    78    10    64     4    99 0.89 transcript=SMTH1_6550.1 gene=SMTH1_6550
SMTH1_6550.1         -            322 407472at33208        -            381     8e-16   57.9   0.7   2   2       6.9   1.7e+03   -2.4   0.1   179   191   179   191   158   240 0.50 transcript=SMTH1_6550.1 gene=SMTH1_6550
SMTH1_6130.1         -            239 407472at33208        -            381     1e-15   57.6   0.0   1   1     6e-18   1.5e-15   57.0   0.0     4    77     5    77     4    97 0.93 transcript=SMTH1_6130.1 gene=SMTH1_6130
SMTH1_87900.1        -            345 407472at33208        -            381   1.5e-15   57.0   1.5   1   2   6.1e-18   1.5e-15   57.0   1.5     5    67    42   106    39   112 0.89 transcript=SMTH1_87900.1 gene=SMTH1_87900
SMTH1_87900.1        -            345 407472at33208        -            381   1.5e-15   57.0   1.5   2   2       8.6   2.1e+03   -2.7   0.0   155   178   151   174   147   210 0.63 transcript=SMTH1_87900.1 gene=SMTH1_87900
SMTH1_2210.1         -            243 407472at33208        -            381   7.3e-14   51.5   0.6   1   1     3e-16   7.3e-14   51.5   0.6     5    60    50   105    48   108 0.97 transcript=SMTH1_2210.1 gene=SMTH1_2210
SMTH1_44810.1        -            486 407472at33208        -            381   2.8e-13   49.5   0.7   1   1   1.1e-15   2.8e-13   49.5   0.7     4    67   381   445   378   455 0.91 transcript=SMTH1_44810.1 gene=SMTH1_44810
SMTH1_13810.1        -            282 407472at33208        -            381     1e-11   44.4   0.7   1   1     6e-14   1.5e-11   43.9   0.7     3    70   117   182   115   197 0.92 transcript=SMTH1_13810.1 gene=SMTH1_13810
SMTH1_37940.1        -            152 407472at33208        -            381   1.5e-11   43.8   0.1   1   1   6.9e-14   1.7e-11   43.7   0.1     4    68     4    65     1    96 0.88 transcript=SMTH1_37940.1 gene=SMTH1_37940
SMTH1_17820.3        -            131 407472at33208        -            381   1.7e-11   43.7   0.3   1   1   8.1e-14     2e-11   43.4   0.3     4    68    15    77    13   108 0.91 transcript=SMTH1_17820.3 gene=SMTH1_17820
SMTH1_17820.1        -            144 407472at33208        -            381   1.9e-11   43.5   0.2   1   1   9.9e-14   2.5e-11   43.1   0.2     4    68    15    77    13   106 0.91 transcript=SMTH1_17820.1 gene=SMTH1_17820
SMTH1_17820.2        -            144 407472at33208        -            381   1.9e-11   43.5   0.2   1   1   9.9e-14   2.5e-11   43.1   0.2     4    68    15    77    13   106 0.91 transcript=SMTH1_17820.2 gene=SMTH1_17820
SMTH1_65780.1        -            273 407472at33208        -            381   1.8e-10   40.3   1.0   1   2   7.4e-13   1.8e-10   40.3   1.0     3    67    16    81    14   108 0.92 transcript=SMTH1_65780.1 gene=SMTH1_65780
SMTH1_65780.1        -            273 407472at33208        -            381   1.8e-10   40.3   1.0   2   2       1.1   2.7e+02    0.2  10.5   218   294   174   254   156   273 0.55 transcript=SMTH1_65780.1 gene=SMTH1_65780
SMTH1_39230.1        -            178 407472at33208        -            381   5.5e-10   38.7   0.3   1   1   2.7e-12   6.7e-10   38.4   0.3     3    67    25    85    23   113 0.90 transcript=SMTH1_39230.1 gene=SMTH1_39230
SMTH1_37280.1        -            365 407472at33208        -            381   3.1e-09   36.2   1.5   1   3   1.3e-11   3.1e-09   36.2   1.5     2    67    30    94    29   115 0.83 transcript=SMTH1_37280.1 gene=SMTH1_37280
SMTH1_37280.1        -            365 407472at33208        -            381   3.1e-09   36.2   1.5   2   3       1.2   2.9e+02    0.1   1.3   229   265    98   136    88   173 0.41 transcript=SMTH1_37280.1 gene=SMTH1_37280
SMTH1_37280.1        -            365 407472at33208        -            381   3.1e-09   36.2   1.5   3   3       1.4   3.4e+02   -0.1   0.9   233   350   247   272   187   360 0.65 transcript=SMTH1_37280.1 gene=SMTH1_37280
SMTH1_35370.1        -             61 407472at33208        -            381   3.5e-09   36.0   0.5   1   1   1.5e-11   3.8e-09   35.9   0.5     5    59     6    59     4    61 0.94 transcript=SMTH1_35370.1 gene=SMTH1_35370
SMTH1_91640.1        -            359 407472at33208        -            381   2.3e-08   33.3   0.1   1   3   9.4e-11   2.3e-08   33.3   0.1     7    58    15    65    11    95 0.90 transcript=SMTH1_91640.1 gene=SMTH1_91640
SMTH1_91640.1        -            359 407472at33208        -            381   2.3e-08   33.3   0.1   2   3       4.2     1e+03   -1.7   5.6   236   327   139   227   117   259 0.69 transcript=SMTH1_91640.1 gene=SMTH1_91640
SMTH1_91640.1        -            359 407472at33208        -            381   2.3e-08   33.3   0.1   3   3         1   2.6e+02    0.3   0.1   284   335   274   325   268   355 0.67 transcript=SMTH1_91640.1 gene=SMTH1_91640
SMTH1_106050.1       -            102 407472at33208        -            381   2.6e-08   33.2   0.0   1   1   1.2e-10   3.1e-08   32.9   0.0     3    65    37    98    35   101 0.81 transcript=SMTH1_106050.1 gene=SMTH1_106050
SMTH1_85460.1        -            134 407472at33208        -            381   1.7e-05   23.9   0.2   1   1   7.5e-08   1.9e-05   23.8   0.2   244   326     7    92     2   121 0.73 transcript=SMTH1_85460.1 gene=SMTH1_85460
SMTH1_92050.1        -            951 407472at33208        -            381     3e-05   23.1   0.0   1   2   1.2e-07     3e-05   23.1   0.0     7    65   110   163   107   168 0.88 transcript=SMTH1_92050.1 gene=SMTH1_92050
SMTH1_92050.1        -            951 407472at33208        -            381     3e-05   23.1   0.0   2   2      0.46   1.2e+02    1.4   2.2   233   280   601   648   585   736 0.73 transcript=SMTH1_92050.1 gene=SMTH1_92050
SMTH1_103660.1       -            924 407472at33208        -            381   0.00041   19.4   8.9   1   2   1.2e-05    0.0029   16.6   4.6   285   374   488   578   473   594 0.85 transcript=SMTH1_103660.1 gene=SMTH1_103660
SMTH1_103660.1       -            924 407472at33208        -            381   0.00041   19.4   8.9   2   2      0.06        15    4.4   0.1   270   314   674   719   633   725 0.85 transcript=SMTH1_103660.1 gene=SMTH1_103660
SMTH1_103660.3       -            629 407472at33208        -            381   0.00049   19.1   3.7   1   1   3.5e-06   0.00086   18.3   3.7   285   374   488   578   470   595 0.86 transcript=SMTH1_103660.3 gene=SMTH1_103660
SMTH1_103660.2       -            656 407472at33208        -            381   0.00072   18.6   4.1   1   1     5e-06    0.0012   17.8   4.1   285   374   515   605   497   621 0.86 transcript=SMTH1_103660.2 gene=SMTH1_103660
SMTH1_69310.1        -           1066 407472at33208        -            381    0.0013   17.7   6.7   1   2     0.026       6.3    5.6   0.1   268   312   165   208   157   213 0.76 transcript=SMTH1_69310.1 gene=SMTH1_69310
SMTH1_69310.1        -           1066 407472at33208        -            381    0.0013   17.7   6.7   2   2   3.7e-05    0.0092   14.9   0.0   268   331   236   299   205   364 0.73 transcript=SMTH1_69310.1 gene=SMTH1_69310
SMTH1_106660.1       -           1648 407472at33208        -            381    0.0015   17.5   1.4   1   1   6.8e-06    0.0017   17.3   0.1    14    58   581   621   576   627 0.85 transcript=SMTH1_106660.1 gene=SMTH1_106660
SMTH1_103670.1       -            581 407472at33208        -            381    0.0021   17.0   8.7   1   3   8.4e-06    0.0021   17.0   8.7   280   378   129   228   122   232 0.79 transcript=SMTH1_103670.1 gene=SMTH1_103670
SMTH1_103670.1       -            581 407472at33208        -            381    0.0021   17.0   8.7   2   3   0.00036     0.089   11.7   1.2   272   316   229   273   223   293 0.72 transcript=SMTH1_103670.1 gene=SMTH1_103670
SMTH1_103670.1       -            581 407472at33208        -            381    0.0021   17.0   8.7   3   3       4.5   1.1e+03   -1.8   0.2   287   375   361   390   330   425 0.59 transcript=SMTH1_103670.1 gene=SMTH1_103670
SMTH1_87080.1        -             73 407472at33208        -            381    0.0075   15.2   0.0   1   1   3.2e-05     0.008   15.1   0.0     4    36    31    63    28    72 0.87 transcript=SMTH1_87080.1 gene=SMTH1_87080
SMTH1_39780.1        -            291 407472at33208        -            381    0.0091   14.9  10.5   1   2    0.0044       1.1    8.1   0.6   280   315    61    96    43   106 0.78 transcript=SMTH1_39780.1 gene=SMTH1_39780
SMTH1_39780.1        -            291 407472at33208        -            381    0.0091   14.9  10.5   2   2    0.0017      0.42    9.4   5.8   274   338   106   170    93   211 0.68 transcript=SMTH1_39780.1 gene=SMTH1_39780
SMTH1_39780.2        -            301 407472at33208        -            381      0.01   14.8  10.5   1   2    0.0045       1.1    8.1   0.7   280   315    71   106    53   118 0.78 transcript=SMTH1_39780.2 gene=SMTH1_39780
SMTH1_39780.2        -            301 407472at33208        -            381      0.01   14.8  10.5   2   2    0.0018      0.44    9.4   5.8   274   338   116   180   103   221 0.68 transcript=SMTH1_39780.2 gene=SMTH1_39780
SMTH1_43360.1        -            428 407472at33208        -            381     0.011   14.7   4.2   1   2     0.024       5.9    5.7   0.1   285   318     5    38     1    48 0.89 transcript=SMTH1_43360.1 gene=SMTH1_43360
SMTH1_43360.1        -            428 407472at33208        -            381     0.011   14.7   4.2   2   2    0.0012      0.29   10.0   0.9   275   377   105   203    94   277 0.75 transcript=SMTH1_43360.1 gene=SMTH1_43360
SMTH1_46600.1        -            330 407472at33208        -            381      0.04   12.8   3.9   1   1   0.00022     0.054   12.4   3.9   247   336    66   155    44   174 0.79 transcript=SMTH1_46600.1 gene=SMTH1_46600
SMTH1_104420.1       -            978 407472at33208        -            381      0.28   10.0   9.2   1   2   0.00071      0.18   10.7   0.7   273   370   193   289   173   298 0.66 transcript=SMTH1_104420.1 gene=SMTH1_104420
SMTH1_104420.1       -            978 407472at33208        -            381      0.28   10.0   9.2   2   2      0.16        41    2.9   2.2   270   356   361   449   330   459 0.68 transcript=SMTH1_104420.1 gene=SMTH1_104420
SMTH1_104420.2       -            978 407472at33208        -            381      0.28   10.0   9.2   1   2   0.00071      0.18   10.7   0.7   273   370   193   289   173   298 0.66 transcript=SMTH1_104420.2 gene=SMTH1_104420
SMTH1_104420.2       -            978 407472at33208        -            381      0.28   10.0   9.2   2   2      0.16        41    2.9   2.2   270   356   361   449   330   459 0.68 transcript=SMTH1_104420.2 gene=SMTH1_104420
SMTH1_104420.3       -            978 407472at33208        -            381      0.28   10.0   9.2   1   2   0.00071      0.18   10.7   0.7   273   370   193   289   173   298 0.66 transcript=SMTH1_104420.3 gene=SMTH1_104420
SMTH1_104420.3       -            978 407472at33208        -            381      0.28   10.0   9.2   2   2      0.16        41    2.9   2.2   270   356   361   449   330   459 0.68 transcript=SMTH1_104420.3 gene=SMTH1_104420
SMTH1_104420.4       -            978 407472at33208        -            381      0.28   10.0   9.2   1   2   0.00071      0.18   10.7   0.7   273   370   193   289   173   298 0.66 transcript=SMTH1_104420.4 gene=SMTH1_104420
SMTH1_104420.4       -            978 407472at33208        -            381      0.28   10.0   9.2   2   2      0.16        41    2.9   2.2   270   356   361   449   330   459 0.68 transcript=SMTH1_104420.4 gene=SMTH1_104420
SMTH1_104420.5       -           1010 407472at33208        -            381       0.3    9.9   9.2   1   2   0.00074      0.18   10.6   0.7   273   370   225   321   205   330 0.66 transcript=SMTH1_104420.5 gene=SMTH1_104420
SMTH1_104420.5       -           1010 407472at33208        -            381       0.3    9.9   9.2   2   2      0.17        43    2.9   2.2   270   356   393   481   362   491 0.68 transcript=SMTH1_104420.5 gene=SMTH1_104420
SMTH1_104420.6       -           1010 407472at33208        -            381       0.3    9.9   9.2   1   2   0.00074      0.18   10.6   0.7   273   370   225   321   205   330 0.66 transcript=SMTH1_104420.6 gene=SMTH1_104420
SMTH1_104420.6       -           1010 407472at33208        -            381       0.3    9.9   9.2   2   2      0.17        43    2.9   2.2   270   356   393   481   362   491 0.68 transcript=SMTH1_104420.6 gene=SMTH1_104420
SMTH1_104420.7       -           1010 407472at33208        -            381       0.3    9.9   9.2   1   2   0.00074      0.18   10.6   0.7   273   370   225   321   205   330 0.66 transcript=SMTH1_104420.7 gene=SMTH1_104420
SMTH1_104420.7       -           1010 407472at33208        -            381       0.3    9.9   9.2   2   2      0.17        43    2.9   2.2   270   356   393   481   362   491 0.68 transcript=SMTH1_104420.7 gene=SMTH1_104420
SMTH1_104420.8       -           1010 407472at33208        -            381       0.3    9.9   9.2   1   2   0.00074      0.18   10.6   0.7   273   370   225   321   205   330 0.66 transcript=SMTH1_104420.8 gene=SMTH1_104420
SMTH1_104420.8       -           1010 407472at33208        -            381       0.3    9.9   9.2   2   2      0.17        43    2.9   2.2   270   356   393   481   362   491 0.68 transcript=SMTH1_104420.8 gene=SMTH1_104420
SMTH1_11500.1        -            536 407472at33208        -            381      0.48    9.3  13.0   1   3    0.0012       0.3    9.9   0.3   267   311   245   289   222   327 0.84 transcript=SMTH1_11500.1 gene=SMTH1_11500
SMTH1_11500.1        -            536 407472at33208        -            381      0.48    9.3  13.0   2   3      0.16        38    3.0   0.3   276   307   385   416   354   430 0.75 transcript=SMTH1_11500.1 gene=SMTH1_11500
SMTH1_11500.1        -            536 407472at33208        -            381      0.48    9.3  13.0   3   3      0.14        36    3.1   1.9   276   321   467   512   440   535 0.65 transcript=SMTH1_11500.1 gene=SMTH1_11500
SMTH1_85130.1        -            157 407472at33208        -            381      0.75    8.6  15.9   1   1     0.028       6.9    5.5  15.9   263   362    14   114     1   139 0.57 transcript=SMTH1_85130.1 gene=SMTH1_85130
SMTH1_32600.4        -            294 407472at33208        -            381       1.4    7.7   9.9   1   2      0.11        28    3.5   9.8   274   374    74   169    63   172 0.57 transcript=SMTH1_32600.4 gene=SMTH1_32600
SMTH1_32600.4        -            294 407472at33208        -            381       1.4    7.7   9.9   2   2    0.0022      0.54    9.1   1.7   258   320   112   174   108   190 0.88 transcript=SMTH1_32600.4 gene=SMTH1_32600
SMTH1_32600.1        -            305 407472at33208        -            381       1.5    7.6   9.8   1   2      0.11        26    3.5   9.7   274   374    74   169    63   172 0.57 transcript=SMTH1_32600.1 gene=SMTH1_32600
SMTH1_32600.1        -            305 407472at33208        -            381       1.5    7.6   9.8   2   2    0.0026      0.65    8.8   1.6   261   320   115   174   109   190 0.88 transcript=SMTH1_32600.1 gene=SMTH1_32600
SMTH1_32600.2        -            305 407472at33208        -            381       1.5    7.6   9.8   1   2      0.11        26    3.5   9.7   274   374    74   169    63   172 0.57 transcript=SMTH1_32600.2 gene=SMTH1_32600
SMTH1_32600.2        -            305 407472at33208        -            381       1.5    7.6   9.8   2   2    0.0026      0.65    8.8   1.6   261   320   115   174   109   190 0.88 transcript=SMTH1_32600.2 gene=SMTH1_32600
SMTH1_32600.3        -            305 407472at33208        -            381       1.5    7.6   9.8   1   2      0.11        26    3.5   9.7   274   374    74   169    63   172 0.57 transcript=SMTH1_32600.3 gene=SMTH1_32600
SMTH1_32600.3        -            305 407472at33208        -            381       1.5    7.6   9.8   2   2    0.0026      0.65    8.8   1.6   261   320   115   174   109   190 0.88 transcript=SMTH1_32600.3 gene=SMTH1_32600
SMTH1_32600.5        -            305 407472at33208        -            381       1.5    7.6   9.8   1   2      0.11        26    3.5   9.7   274   374    74   169    63   172 0.57 transcript=SMTH1_32600.5 gene=SMTH1_32600
SMTH1_32600.5        -            305 407472at33208        -            381       1.5    7.6   9.8   2   2    0.0026      0.65    8.8   1.6   261   320   115   174   109   190 0.88 transcript=SMTH1_32600.5 gene=SMTH1_32600
SMTH1_44170.1        -            202 407472at33208        -            381       2.3    7.0   7.9   1   2       5.6   1.4e+03   -2.1   0.0   288   305    46    63    38    74 0.76 transcript=SMTH1_44170.1 gene=SMTH1_44170
SMTH1_44170.1        -            202 407472at33208        -            381       2.3    7.0   7.9   2   2     0.023       5.6    5.8   6.5   265   366    83   183    51   190 0.58 transcript=SMTH1_44170.1 gene=SMTH1_44170
SMTH1_44170.3        -            202 407472at33208        -            381       2.3    7.0   7.9   1   2       5.6   1.4e+03   -2.1   0.0   288   305    46    63    38    74 0.76 transcript=SMTH1_44170.3 gene=SMTH1_44170
SMTH1_44170.3        -            202 407472at33208        -            381       2.3    7.0   7.9   2   2     0.023       5.6    5.8   6.5   265   366    83   183    51   190 0.58 transcript=SMTH1_44170.3 gene=SMTH1_44170
SMTH1_44170.4        -            202 407472at33208        -            381       2.3    7.0   7.9   1   2       5.6   1.4e+03   -2.1   0.0   288   305    46    63    38    74 0.76 transcript=SMTH1_44170.4 gene=SMTH1_44170
SMTH1_44170.4        -            202 407472at33208        -            381       2.3    7.0   7.9   2   2     0.023       5.6    5.8   6.5   265   366    83   183    51   190 0.58 transcript=SMTH1_44170.4 gene=SMTH1_44170
#
# Program:         hmmsearch
# Version:         3.4 (Aug 2023)
# Pipeline mode:   SEARCH
# Query file:      /users/40483456/busco_datasets/busco_downloads/lineages/metazoa_odb10/hmms/407472at33208.hmm
# Target file:     /users/40483456/protein/schistosoma_mattheei.fa
# Option settings: hmmsearch --domtblout /users/40483456/busco/results_pro/schistosoma_mattheei_busco/run_metazoa_odb10/hmmer_output/initial_run_results/407472at33208.out --cpu 1 /users/40483456/busco_datasets/busco_downloads/lineages/metazoa_odb10/hmms/407472at33208.hmm /users/40483456/protein/schistosoma_mattheei.fa 
# Current dir:     /users/40483456
# Date:            Thu Jan 15 17:56:33 2026
# [ok]
