#                                                                            --- full sequence --- -------------- this domain -------------   hmm coord   ali coord   env coord
# target name        accession   tlen query name           accession   qlen   E-value  score  bias   #  of  c-Evalue  i-Evalue  score  bias  from    to  from    to  from    to  acc description of target
#------------------- ---------- ----- -------------------- ---------- ----- --------- ------ ----- --- --- --------- --------- ------ ----- ----- ----- ----- ----- ----- ----- ---- ---------------------
SMTH1_92500.1        -            347 516481at33208        -            193   2.6e-07   30.3   4.3   1   4       1.1   4.6e+03   -3.2   0.1    33    50    39    56    38    60 0.83 transcript=SMTH1_92500.1 gene=SMTH1_92500
SMTH1_92500.1        -            347 516481at33208        -            193   2.6e-07   30.3   4.3   2   4      0.72   3.1e+03   -2.6   0.1    38    63   108   133   103   154 0.60 transcript=SMTH1_92500.1 gene=SMTH1_92500
SMTH1_92500.1        -            347 516481at33208        -            193   2.6e-07   30.3   4.3   3   4   2.8e-05      0.12   11.8   0.0    79   116   193   230   170   237 0.80 transcript=SMTH1_92500.1 gene=SMTH1_92500
SMTH1_92500.1        -            347 516481at33208        -            193   2.6e-07   30.3   4.3   4   4   5.7e-06     0.024   14.1   0.0   138   191   277   345   263   347 0.74 transcript=SMTH1_92500.1 gene=SMTH1_92500
SMTH1_92500.2        -            347 516481at33208        -            193   2.6e-07   30.3   4.3   1   4       1.1   4.6e+03   -3.2   0.1    33    50    39    56    38    60 0.83 transcript=SMTH1_92500.2 gene=SMTH1_92500
SMTH1_92500.2        -            347 516481at33208        -            193   2.6e-07   30.3   4.3   2   4      0.72   3.1e+03   -2.6   0.1    38    63   108   133   103   154 0.60 transcript=SMTH1_92500.2 gene=SMTH1_92500
SMTH1_92500.2        -            347 516481at33208        -            193   2.6e-07   30.3   4.3   3   4   2.8e-05      0.12   11.8   0.0    79   116   193   230   170   237 0.80 transcript=SMTH1_92500.2 gene=SMTH1_92500
SMTH1_92500.2        -            347 516481at33208        -            193   2.6e-07   30.3   4.3   4   4   5.7e-06     0.024   14.1   0.0   138   191   277   345   263   347 0.74 transcript=SMTH1_92500.2 gene=SMTH1_92500
SMTH1_92500.3        -            347 516481at33208        -            193   2.6e-07   30.3   4.3   1   4       1.1   4.6e+03   -3.2   0.1    33    50    39    56    38    60 0.83 transcript=SMTH1_92500.3 gene=SMTH1_92500
SMTH1_92500.3        -            347 516481at33208        -            193   2.6e-07   30.3   4.3   2   4      0.72   3.1e+03   -2.6   0.1    38    63   108   133   103   154 0.60 transcript=SMTH1_92500.3 gene=SMTH1_92500
SMTH1_92500.3        -            347 516481at33208        -            193   2.6e-07   30.3   4.3   3   4   2.8e-05      0.12   11.8   0.0    79   116   193   230   170   237 0.80 transcript=SMTH1_92500.3 gene=SMTH1_92500
SMTH1_92500.3        -            347 516481at33208        -            193   2.6e-07   30.3   4.3   4   4   5.7e-06     0.024   14.1   0.0   138   191   277   345   263   347 0.74 transcript=SMTH1_92500.3 gene=SMTH1_92500
SMTH1_36730.1        -            527 516481at33208        -            193      0.05   13.0   0.0   1   1   2.5e-05      0.11   12.0   0.0    80   140   188   246   166   261 0.75 transcript=SMTH1_36730.1 gene=SMTH1_36730
#
# Program:         hmmsearch
# Version:         3.4 (Aug 2023)
# Pipeline mode:   SEARCH
# Query file:      /users/40483456/busco_datasets/busco_downloads/lineages/metazoa_odb10/hmms/516481at33208.hmm
# Target file:     /users/40483456/protein/schistosoma_mattheei.fa
# Option settings: hmmsearch --domtblout /users/40483456/busco/results_pro/schistosoma_mattheei_busco/run_metazoa_odb10/hmmer_output/initial_run_results/516481at33208.out --cpu 1 /users/40483456/busco_datasets/busco_downloads/lineages/metazoa_odb10/hmms/516481at33208.hmm /users/40483456/protein/schistosoma_mattheei.fa 
# Current dir:     /users/40483456
# Date:            Thu Jan 15 17:56:44 2026
# [ok]
