#                                                                            --- full sequence --- -------------- this domain -------------   hmm coord   ali coord   env coord
# target name        accession   tlen query name           accession   qlen   E-value  score  bias   #  of  c-Evalue  i-Evalue  score  bias  from    to  from    to  from    to  acc description of target
#------------------- ---------- ----- -------------------- ---------- ----- --------- ------ ----- --- --- --------- --------- ------ ----- ----- ----- ----- ----- ----- ----- ---- ---------------------
SMTH1_86430.1        -            612 518635at33208        -            375     1e-59  202.0   1.3   1   3   7.7e-55   4.9e-52  176.8   0.3    44   220   135   308   117   371 0.81 transcript=SMTH1_86430.1 gene=SMTH1_86430
SMTH1_86430.1        -            612 518635at33208        -            375     1e-59  202.0   1.3   2   3      0.39   2.4e+02    0.0   0.0   254   276   394   416   380   424 0.79 transcript=SMTH1_86430.1 gene=SMTH1_86430
SMTH1_86430.1        -            612 518635at33208        -            375     1e-59  202.0   1.3   3   3   1.7e-07   0.00011   21.0   0.0   293   375   506   604   501   604 0.70 transcript=SMTH1_86430.1 gene=SMTH1_86430
SMTH1_86430.2        -            508 518635at33208        -            375     2e-49  168.2   2.9   1   3   1.2e-44   7.7e-42  143.2   0.8    81   220    64   204    56   267 0.79 transcript=SMTH1_86430.2 gene=SMTH1_86430
SMTH1_86430.2        -            508 518635at33208        -            375     2e-49  168.2   2.9   2   3       0.3   1.9e+02    0.4   0.0   254   276   290   312   275   321 0.79 transcript=SMTH1_86430.2 gene=SMTH1_86430
SMTH1_86430.2        -            508 518635at33208        -            375     2e-49  168.2   2.9   3   3   1.3e-07   8.2e-05   21.4   0.0   293   375   402   500   397   500 0.71 transcript=SMTH1_86430.2 gene=SMTH1_86430
SMTH1_102670.1       -            372 518635at33208        -            375   5.8e-23   81.1   0.0   1   2   1.7e-12   1.1e-09   37.4   0.0    75   212    78   216    57   269 0.75 transcript=SMTH1_102670.1 gene=SMTH1_102670
SMTH1_102670.1       -            372 518635at33208        -            375   5.8e-23   81.1   0.0   2   2   5.5e-14   3.5e-11   42.3   0.0   272   375   262   369   253   369 0.86 transcript=SMTH1_102670.1 gene=SMTH1_102670
SMTH1_102670.2       -            372 518635at33208        -            375   5.8e-23   81.1   0.0   1   2   1.7e-12   1.1e-09   37.4   0.0    75   212    78   216    57   269 0.75 transcript=SMTH1_102670.2 gene=SMTH1_102670
SMTH1_102670.2       -            372 518635at33208        -            375   5.8e-23   81.1   0.0   2   2   5.5e-14   3.5e-11   42.3   0.0   272   375   262   369   253   369 0.86 transcript=SMTH1_102670.2 gene=SMTH1_102670
SMTH1_97890.7        -            376 518635at33208        -            375     5e-19   68.1   0.0   1   2   2.3e-12   1.5e-09   37.0   0.0    54   251    62   272    58   279 0.77 transcript=SMTH1_97890.7 gene=SMTH1_97890
SMTH1_97890.7        -            376 518635at33208        -            375     5e-19   68.1   0.0   2   2   2.3e-10   1.5e-07   30.4   0.0   278   369   272   365   269   371 0.83 transcript=SMTH1_97890.7 gene=SMTH1_97890
SMTH1_96870.1        -            378 518635at33208        -            375   7.7e-19   67.5   0.0   1   2   1.1e-11   6.6e-09   34.8   0.0    54   249    64   272    58   280 0.76 transcript=SMTH1_96870.1 gene=SMTH1_96870
SMTH1_96870.1        -            378 518635at33208        -            375   7.7e-19   67.5   0.0   2   2   1.2e-10   7.8e-08   31.3   0.0   279   368   275   366   271   372 0.78 transcript=SMTH1_96870.1 gene=SMTH1_96870
SMTH1_22560.5        -            332 518635at33208        -            375   1.3e-18   66.8   0.0   1   2   2.2e-12   1.4e-09   37.1   0.0    54   251    18   228    14   233 0.80 transcript=SMTH1_22560.5 gene=SMTH1_22560
SMTH1_22560.5        -            332 518635at33208        -            375   1.3e-18   66.8   0.0   2   2   7.6e-10   4.8e-07   28.7   0.0   279   368   229   320   226   326 0.83 transcript=SMTH1_22560.5 gene=SMTH1_22560
SMTH1_96900.1        -            376 518635at33208        -            375   1.6e-18   66.4   0.0   1   2     3e-11   1.9e-08   33.3   0.0    54   229    62   243    58   273 0.74 transcript=SMTH1_96900.1 gene=SMTH1_96900
SMTH1_96900.1        -            376 518635at33208        -            375   1.6e-18   66.4   0.0   2   2   1.2e-10   7.7e-08   31.3   0.0   279   368   273   364   269   370 0.78 transcript=SMTH1_96900.1 gene=SMTH1_96900
SMTH1_22560.1        -            376 518635at33208        -            375   2.2e-18   66.0   0.0   1   2   2.3e-12   1.5e-09   37.0   0.0    54   252    62   273    58   279 0.80 transcript=SMTH1_22560.1 gene=SMTH1_22560
SMTH1_22560.1        -            376 518635at33208        -            375   2.2e-18   66.0   0.0   2   2   9.6e-10   6.1e-07   28.4   0.0   279   368   273   364   270   370 0.83 transcript=SMTH1_22560.1 gene=SMTH1_22560
SMTH1_22560.2        -            376 518635at33208        -            375   2.2e-18   66.0   0.0   1   2   2.3e-12   1.5e-09   37.0   0.0    54   252    62   273    58   279 0.80 transcript=SMTH1_22560.2 gene=SMTH1_22560
SMTH1_22560.2        -            376 518635at33208        -            375   2.2e-18   66.0   0.0   2   2   9.6e-10   6.1e-07   28.4   0.0   279   368   273   364   270   370 0.83 transcript=SMTH1_22560.2 gene=SMTH1_22560
SMTH1_22560.3        -            376 518635at33208        -            375   2.2e-18   66.0   0.0   1   2   2.3e-12   1.5e-09   37.0   0.0    54   252    62   273    58   279 0.80 transcript=SMTH1_22560.3 gene=SMTH1_22560
SMTH1_22560.3        -            376 518635at33208        -            375   2.2e-18   66.0   0.0   2   2   9.6e-10   6.1e-07   28.4   0.0   279   368   273   364   270   370 0.83 transcript=SMTH1_22560.3 gene=SMTH1_22560
SMTH1_22560.4        -            376 518635at33208        -            375   2.2e-18   66.0   0.0   1   2   2.3e-12   1.5e-09   37.0   0.0    54   252    62   273    58   279 0.80 transcript=SMTH1_22560.4 gene=SMTH1_22560
SMTH1_22560.4        -            376 518635at33208        -            375   2.2e-18   66.0   0.0   2   2   9.6e-10   6.1e-07   28.4   0.0   279   368   273   364   270   370 0.83 transcript=SMTH1_22560.4 gene=SMTH1_22560
SMTH1_102680.1       -            380 518635at33208        -            375   2.7e-18   65.7   0.0   1   1   1.1e-19   6.8e-17   61.1   0.0    55   374    66   374    62   375 0.80 transcript=SMTH1_102680.1 gene=SMTH1_102680
SMTH1_97890.3        -            386 518635at33208        -            375   3.1e-18   65.5   0.0   1   2       6.5   4.1e+03   -4.0   0.0   227   240     7    20     6    21 0.86 transcript=SMTH1_97890.3 gene=SMTH1_97890
SMTH1_97890.3        -            386 518635at33208        -            375   3.1e-18   65.5   0.0   2   2   7.4e-17   4.7e-14   51.8   0.0    54   368    72   374    68   380 0.78 transcript=SMTH1_97890.3 gene=SMTH1_97890
SMTH1_97890.4        -            386 518635at33208        -            375   3.1e-18   65.5   0.0   1   2       6.5   4.1e+03   -4.0   0.0   227   240     7    20     6    21 0.86 transcript=SMTH1_97890.4 gene=SMTH1_97890
SMTH1_97890.4        -            386 518635at33208        -            375   3.1e-18   65.5   0.0   2   2   7.4e-17   4.7e-14   51.8   0.0    54   368    72   374    68   380 0.78 transcript=SMTH1_97890.4 gene=SMTH1_97890
SMTH1_97890.5        -            386 518635at33208        -            375   3.1e-18   65.5   0.0   1   2       6.5   4.1e+03   -4.0   0.0   227   240     7    20     6    21 0.86 transcript=SMTH1_97890.5 gene=SMTH1_97890
SMTH1_97890.5        -            386 518635at33208        -            375   3.1e-18   65.5   0.0   2   2   7.4e-17   4.7e-14   51.8   0.0    54   368    72   374    68   380 0.78 transcript=SMTH1_97890.5 gene=SMTH1_97890
SMTH1_97890.6        -            386 518635at33208        -            375   3.1e-18   65.5   0.0   1   2       6.5   4.1e+03   -4.0   0.0   227   240     7    20     6    21 0.86 transcript=SMTH1_97890.6 gene=SMTH1_97890
SMTH1_97890.6        -            386 518635at33208        -            375   3.1e-18   65.5   0.0   2   2   7.4e-17   4.7e-14   51.8   0.0    54   368    72   374    68   380 0.78 transcript=SMTH1_97890.6 gene=SMTH1_97890
SMTH1_97890.1        -            376 518635at33208        -            375   3.7e-18   65.3   0.0   1   1   6.8e-17   4.3e-14   51.9   0.0    54   368    62   364    58   370 0.78 transcript=SMTH1_97890.1 gene=SMTH1_97890
SMTH1_97890.2        -            376 518635at33208        -            375   3.7e-18   65.3   0.0   1   1   6.8e-17   4.3e-14   51.9   0.0    54   368    62   364    58   370 0.78 transcript=SMTH1_97890.2 gene=SMTH1_97890
SMTH1_58480.1        -            366 518635at33208        -            375   2.9e-14   52.5   0.0   1   2   1.5e-16   9.5e-14   50.8   0.0   111   247   122   273    44   282 0.79 transcript=SMTH1_58480.1 gene=SMTH1_58480
SMTH1_58480.1        -            366 518635at33208        -            375   2.9e-14   52.5   0.0   2   2      0.94     6e+02   -1.2   0.0   276   326   275   327   262   331 0.77 transcript=SMTH1_58480.1 gene=SMTH1_58480
SMTH1_77530.1        -            409 518635at33208        -            375   5.6e-14   51.5   0.0   1   2    0.0011      0.67    8.5   0.0   115   182   115   183    59   197 0.78 transcript=SMTH1_77530.1 gene=SMTH1_77530
SMTH1_77530.1        -            409 518635at33208        -            375   5.6e-14   51.5   0.0   2   2   1.4e-13   8.6e-11   41.0   0.0   260   370   284   399   264   403 0.81 transcript=SMTH1_77530.1 gene=SMTH1_77530
SMTH1_54510.1        -            149 518635at33208        -            375   6.7e-07   28.2   0.0   1   1   1.4e-09   8.6e-07   27.9   0.0   278   368    45   137    36   143 0.78 transcript=SMTH1_54510.1 gene=SMTH1_54510
SMTH1_63900.1        -            282 518635at33208        -            375   1.5e-06   27.1   0.0   1   1   2.8e-09   1.8e-06   26.8   0.0    73   229    84   242    64   270 0.75 transcript=SMTH1_63900.1 gene=SMTH1_63900
SMTH1_63890.1        -             89 518635at33208        -            375     4e-06   25.7   0.0   1   1   6.9e-09   4.4e-06   25.5   0.0   296   375     2    84     1    84 0.81 transcript=SMTH1_63890.1 gene=SMTH1_63890
SMTH1_103000.1       -            421 518635at33208        -            375   1.4e-05   23.9   0.0   1   3     0.002       1.2    7.6   0.0    32    58    59    86    44    93 0.87 transcript=SMTH1_103000.1 gene=SMTH1_103000
SMTH1_103000.1       -            421 518635at33208        -            375   1.4e-05   23.9   0.0   2   3   0.00083      0.53    8.8   0.0   138   211   161   237   143   242 0.81 transcript=SMTH1_103000.1 gene=SMTH1_103000
SMTH1_103000.1       -            421 518635at33208        -            375   1.4e-05   23.9   0.0   3   3     0.031        20    3.6   0.0   290   329   308   349   295   388 0.72 transcript=SMTH1_103000.1 gene=SMTH1_103000
SMTH1_83110.1        -            418 518635at33208        -            375    0.0016   17.1   0.0   1   2   2.8e-05     0.018   13.7   0.2   144   215   152   224   147   244 0.88 transcript=SMTH1_83110.1 gene=SMTH1_83110
SMTH1_83110.1        -            418 518635at33208        -            375    0.0016   17.1   0.0   2   2      0.31   1.9e+02    0.4   0.0   295   353   327   387   305   408 0.71 transcript=SMTH1_83110.1 gene=SMTH1_83110
SMTH1_33340.1        -            277 518635at33208        -            375     0.069   11.7   0.0   1   1   0.00016       0.1   11.2   0.0    98   180    84   168    66   183 0.83 transcript=SMTH1_33340.1 gene=SMTH1_33340
#
# Program:         hmmsearch
# Version:         3.4 (Aug 2023)
# Pipeline mode:   SEARCH
# Query file:      /users/40483456/busco_datasets/busco_downloads/lineages/metazoa_odb10/hmms/518635at33208.hmm
# Target file:     /users/40483456/protein/schistosoma_mattheei.fa
# Option settings: hmmsearch --domtblout /users/40483456/busco/results_pro/schistosoma_mattheei_busco/run_metazoa_odb10/hmmer_output/initial_run_results/518635at33208.out --cpu 1 /users/40483456/busco_datasets/busco_downloads/lineages/metazoa_odb10/hmms/518635at33208.hmm /users/40483456/protein/schistosoma_mattheei.fa 
# Current dir:     /users/40483456
# Date:            Thu Jan 15 17:56:38 2026
# [ok]
