#                                                                            --- full sequence --- -------------- this domain -------------   hmm coord   ali coord   env coord
# target name        accession   tlen query name           accession   qlen   E-value  score  bias   #  of  c-Evalue  i-Evalue  score  bias  from    to  from    to  from    to  acc description of target
#------------------- ---------- ----- -------------------- ---------- ----- --------- ------ ----- --- --- --------- --------- ------ ----- ----- ----- ----- ----- ----- ----- ---- ---------------------
SMTH1_89220.1        -            332 561878at33208        -            220   2.3e-37  128.5   2.6   1   3       0.5   5.7e+02   -0.3   0.0     1    24    25    48    25    61 0.84 transcript=SMTH1_89220.1 gene=SMTH1_89220
SMTH1_89220.1        -            332 561878at33208        -            220   2.3e-37  128.5   2.6   2   3   1.1e-36   1.3e-33  116.2   1.1    28   147    77   203    48   213 0.82 transcript=SMTH1_89220.1 gene=SMTH1_89220
SMTH1_89220.1        -            332 561878at33208        -            220   2.3e-37  128.5   2.6   3   3   0.00031      0.35   10.2   0.0   147   189   222   264   213   291 0.80 transcript=SMTH1_89220.1 gene=SMTH1_89220
SMTH1_20940.1        -            418 561878at33208        -            220   7.5e-23   81.0   1.1   1   2     4e-15   4.6e-12   45.8   0.3     6   100    13   107     8   122 0.77 transcript=SMTH1_20940.1 gene=SMTH1_20940
SMTH1_20940.1        -            418 561878at33208        -            220   7.5e-23   81.0   1.1   2   2   1.8e-11     2e-08   33.8   0.0   112   187   136   212   132   225 0.90 transcript=SMTH1_20940.1 gene=SMTH1_20940
SMTH1_20940.2        -            397 561878at33208        -            220   2.1e-22   79.6   0.9   1   2   1.4e-14   1.6e-11   44.0   0.3    27   100    11    86     2   101 0.79 transcript=SMTH1_20940.2 gene=SMTH1_20940
SMTH1_20940.2        -            397 561878at33208        -            220   2.1e-22   79.6   0.9   2   2   1.7e-11   1.9e-08   34.0   0.0   112   187   115   191   111   204 0.90 transcript=SMTH1_20940.2 gene=SMTH1_20940
SMTH1_20940.3        -            397 561878at33208        -            220   2.1e-22   79.6   0.9   1   2   1.4e-14   1.6e-11   44.0   0.3    27   100    11    86     2   101 0.79 transcript=SMTH1_20940.3 gene=SMTH1_20940
SMTH1_20940.3        -            397 561878at33208        -            220   2.1e-22   79.6   0.9   2   2   1.7e-11   1.9e-08   34.0   0.0   112   187   115   191   111   204 0.90 transcript=SMTH1_20940.3 gene=SMTH1_20940
SMTH1_26230.1        -            383 561878at33208        -            220   8.4e-12   44.9   2.6   1   1   1.6e-14   1.8e-11   43.8   2.6    40   189    43   201     4   211 0.73 transcript=SMTH1_26230.1 gene=SMTH1_26230
SMTH1_26230.2        -            377 561878at33208        -            220     1e-11   44.6   2.1   1   1     2e-14   2.3e-11   43.5   2.1    52   189    47   195     2   205 0.79 transcript=SMTH1_26230.2 gene=SMTH1_26230
SMTH1_21810.1        -            692 561878at33208        -            220   3.4e-07   29.9   3.7   1   1     2e-08   2.3e-05   23.8   3.7    51   189    71   226    69   232 0.79 transcript=SMTH1_21810.1 gene=SMTH1_21810
SMTH1_15380.7        -            273 561878at33208        -            220    0.0016   17.9   1.3   1   2   1.7e-05     0.019   14.3   0.6    51    98    31    78    10    86 0.88 transcript=SMTH1_15380.7 gene=SMTH1_15380
SMTH1_15380.7        -            273 561878at33208        -            220    0.0016   17.9   1.3   2   2       0.1   1.2e+02    1.9   0.0    64    97   156   189   133   193 0.73 transcript=SMTH1_15380.7 gene=SMTH1_15380
SMTH1_14970.1        -            445 561878at33208        -            220    0.0016   17.8   0.8   1   2       3.9   4.5e+03   -3.2   0.0   134   148    34    48    23    56 0.71 transcript=SMTH1_14970.1 gene=SMTH1_14970
SMTH1_14970.1        -            445 561878at33208        -            220    0.0016   17.8   0.8   2   2   2.9e-06    0.0033   16.8   0.6    78   200   110   233    73   253 0.85 transcript=SMTH1_14970.1 gene=SMTH1_14970
SMTH1_15380.6        -            390 561878at33208        -            220    0.0044   16.4   1.4   1   2   2.9e-05     0.033   13.5   0.6    51    98    31    78    10    86 0.88 transcript=SMTH1_15380.6 gene=SMTH1_15380
SMTH1_15380.6        -            390 561878at33208        -            220    0.0044   16.4   1.4   2   2      0.18     2e+02    1.1   0.0    64    97   156   189   134   193 0.73 transcript=SMTH1_15380.6 gene=SMTH1_15380
SMTH1_15380.5        -            422 561878at33208        -            220    0.0052   16.2   1.3   1   2   3.3e-05     0.037   13.4   0.6    51    98    31    78    10    86 0.88 transcript=SMTH1_15380.5 gene=SMTH1_15380
SMTH1_15380.5        -            422 561878at33208        -            220    0.0052   16.2   1.3   2   2       0.2   2.3e+02    1.0   0.0    64    97   156   189   135   193 0.73 transcript=SMTH1_15380.5 gene=SMTH1_15380
SMTH1_15380.2        -            426 561878at33208        -            220    0.0053   16.1   1.3   1   2   3.3e-05     0.038   13.4   0.6    51    98    31    78    10    86 0.88 transcript=SMTH1_15380.2 gene=SMTH1_15380
SMTH1_15380.2        -            426 561878at33208        -            220    0.0053   16.1   1.3   2   2       0.2   2.3e+02    1.0   0.0    64    97   156   189   135   193 0.73 transcript=SMTH1_15380.2 gene=SMTH1_15380
SMTH1_15380.4        -            460 561878at33208        -            220    0.0063   15.9   1.3   1   2   3.7e-05     0.042   13.2   0.6    51    98    31    78    10    86 0.88 transcript=SMTH1_15380.4 gene=SMTH1_15380
SMTH1_15380.4        -            460 561878at33208        -            220    0.0063   15.9   1.3   2   2      0.23   2.6e+02    0.8   0.0    64    97   156   189   135   193 0.73 transcript=SMTH1_15380.4 gene=SMTH1_15380
SMTH1_15380.3        -            467 561878at33208        -            220    0.0067   15.8   1.3   1   2   3.8e-05     0.043   13.2   0.6    51    98    31    78    10    86 0.88 transcript=SMTH1_15380.3 gene=SMTH1_15380
SMTH1_15380.3        -            467 561878at33208        -            220    0.0067   15.8   1.3   2   2      0.23   2.6e+02    0.8   0.0    64    97   156   189   135   193 0.73 transcript=SMTH1_15380.3 gene=SMTH1_15380
SMTH1_73470.1        -            345 561878at33208        -            220     0.011   15.1   0.0   1   1   1.8e-05      0.02   14.2   0.0   156   201   112   159   102   176 0.82 transcript=SMTH1_73470.1 gene=SMTH1_73470
#
# Program:         hmmsearch
# Version:         3.4 (Aug 2023)
# Pipeline mode:   SEARCH
# Query file:      /users/40483456/busco_datasets/busco_downloads/lineages/metazoa_odb10/hmms/561878at33208.hmm
# Target file:     /users/40483456/protein/schistosoma_mattheei.fa
# Option settings: hmmsearch --domtblout /users/40483456/busco/results_pro/schistosoma_mattheei_busco/run_metazoa_odb10/hmmer_output/initial_run_results/561878at33208.out --cpu 1 /users/40483456/busco_datasets/busco_downloads/lineages/metazoa_odb10/hmms/561878at33208.hmm /users/40483456/protein/schistosoma_mattheei.fa 
# Current dir:     /users/40483456
# Date:            Thu Jan 15 17:56:44 2026
# [ok]
