#                                                                            --- full sequence --- -------------- this domain -------------   hmm coord   ali coord   env coord
# target name        accession   tlen query name           accession   qlen   E-value  score  bias   #  of  c-Evalue  i-Evalue  score  bias  from    to  from    to  from    to  acc description of target
#------------------- ---------- ----- -------------------- ---------- ----- --------- ------ ----- --- --- --------- --------- ------ ----- ----- ----- ----- ----- ----- ----- ---- ---------------------
SMTH1_75800.1        -            332 572074at33208        -            191   3.3e-41  141.0  14.0   1   4   3.5e-24     2e-20   73.2   7.3     1    78    23   109    23   117 0.84 transcript=SMTH1_75800.1 gene=SMTH1_75800
SMTH1_75800.1        -            332 572074at33208        -            191   3.3e-41  141.0  14.0   2   4   3.7e-07    0.0021   17.6   0.0    71   100   131   160   115   169 0.88 transcript=SMTH1_75800.1 gene=SMTH1_75800
SMTH1_75800.1        -            332 572074at33208        -            191   3.3e-41  141.0  14.0   3   4   5.6e-06     0.032   13.8   0.0    97   127   184   216   179   245 0.87 transcript=SMTH1_75800.1 gene=SMTH1_75800
SMTH1_75800.1        -            332 572074at33208        -            191   3.3e-41  141.0  14.0   4   4   2.4e-13   1.3e-09   37.9   0.1   132   191   263   331   246   331 0.83 transcript=SMTH1_75800.1 gene=SMTH1_75800
SMTH1_75820.1        -            332 572074at33208        -            191   3.3e-41  141.0  14.0   1   4   3.5e-24     2e-20   73.2   7.3     1    78    23   109    23   117 0.84 transcript=SMTH1_75820.1 gene=SMTH1_75820
SMTH1_75820.1        -            332 572074at33208        -            191   3.3e-41  141.0  14.0   2   4   3.7e-07    0.0021   17.6   0.0    71   100   131   160   115   169 0.88 transcript=SMTH1_75820.1 gene=SMTH1_75820
SMTH1_75820.1        -            332 572074at33208        -            191   3.3e-41  141.0  14.0   3   4   5.6e-06     0.032   13.8   0.0    97   127   184   216   179   245 0.87 transcript=SMTH1_75820.1 gene=SMTH1_75820
SMTH1_75820.1        -            332 572074at33208        -            191   3.3e-41  141.0  14.0   4   4   2.4e-13   1.3e-09   37.9   0.1   132   191   263   331   246   331 0.83 transcript=SMTH1_75820.1 gene=SMTH1_75820
SMTH1_75800.2        -            335 572074at33208        -            191   3.5e-41  140.9  14.0   1   4   3.5e-24     2e-20   73.2   7.3     1    78    26   112    26   120 0.84 transcript=SMTH1_75800.2 gene=SMTH1_75800
SMTH1_75800.2        -            335 572074at33208        -            191   3.5e-41  140.9  14.0   2   4   3.8e-07    0.0022   17.6   0.0    71   100   134   163   118   172 0.88 transcript=SMTH1_75800.2 gene=SMTH1_75800
SMTH1_75800.2        -            335 572074at33208        -            191   3.5e-41  140.9  14.0   3   4   5.7e-06     0.032   13.8   0.0    97   127   187   219   182   248 0.87 transcript=SMTH1_75800.2 gene=SMTH1_75800
SMTH1_75800.2        -            335 572074at33208        -            191   3.5e-41  140.9  14.0   4   4   2.4e-13   1.4e-09   37.8   0.1   132   191   266   334   249   334 0.83 transcript=SMTH1_75800.2 gene=SMTH1_75800
#
# Program:         hmmsearch
# Version:         3.4 (Aug 2023)
# Pipeline mode:   SEARCH
# Query file:      /users/40483456/busco_datasets/busco_downloads/lineages/metazoa_odb10/hmms/572074at33208.hmm
# Target file:     /users/40483456/protein/schistosoma_mattheei.fa
# Option settings: hmmsearch --domtblout /users/40483456/busco/results_pro/schistosoma_mattheei_busco/run_metazoa_odb10/hmmer_output/initial_run_results/572074at33208.out --cpu 1 /users/40483456/busco_datasets/busco_downloads/lineages/metazoa_odb10/hmms/572074at33208.hmm /users/40483456/protein/schistosoma_mattheei.fa 
# Current dir:     /users/40483456
# Date:            Thu Jan 15 17:56:50 2026
# [ok]
