#                                                                            --- full sequence --- -------------- this domain -------------   hmm coord   ali coord   env coord
# target name        accession   tlen query name           accession   qlen   E-value  score  bias   #  of  c-Evalue  i-Evalue  score  bias  from    to  from    to  from    to  acc description of target
#------------------- ---------- ----- -------------------- ---------- ----- --------- ------ ----- --- --- --------- --------- ------ ----- ----- ----- ----- ----- ----- ----- ---- ---------------------
SMTH1_52550.2        -            173 576633at33208        -            168   2.7e-50  170.5  19.1   1   1   2.1e-53   3.3e-50  170.2  19.1     1   144    10   154    10   160 0.97 transcript=SMTH1_52550.2 gene=SMTH1_52550
SMTH1_52550.3        -            177 576633at33208        -            168     3e-50  170.4  19.1   1   1   2.3e-53   3.6e-50  170.1  19.1     1   144    10   154    10   160 0.97 transcript=SMTH1_52550.3 gene=SMTH1_52550
SMTH1_52550.1        -            237 576633at33208        -            168   2.1e-49  167.6  24.5   1   2   1.3e-52   2.1e-49  167.6  24.5     1   156    10   178    10   186 0.92 transcript=SMTH1_52550.1 gene=SMTH1_52550
SMTH1_52550.1        -            237 576633at33208        -            168   2.1e-49  167.6  24.5   2   2       5.5   8.6e+03   -3.6   0.2   156   168   224   236   223   236 0.84 transcript=SMTH1_52550.1 gene=SMTH1_52550
SMTH1_52550.4        -            237 576633at33208        -            168   2.1e-49  167.6  24.5   1   2   1.3e-52   2.1e-49  167.6  24.5     1   156    10   178    10   186 0.92 transcript=SMTH1_52550.4 gene=SMTH1_52550
SMTH1_52550.4        -            237 576633at33208        -            168   2.1e-49  167.6  24.5   2   2       5.5   8.6e+03   -3.6   0.2   156   168   224   236   223   236 0.84 transcript=SMTH1_52550.4 gene=SMTH1_52550
SMTH1_38730.1        -            217 576633at33208        -            168   7.7e-12   45.4   8.1   1   2   4.9e-15   7.7e-12   45.4   8.1     4   138    12   147     9   169 0.86 transcript=SMTH1_38730.1 gene=SMTH1_38730
SMTH1_38730.1        -            217 576633at33208        -            168   7.7e-12   45.4   8.1   2   2       6.5     1e+04   -3.8   0.0   148   167   197   216   187   216 0.66 transcript=SMTH1_38730.1 gene=SMTH1_38730
SMTH1_38730.2        -            201 576633at33208        -            168   1.2e-11   44.8   7.0   1   2   7.6e-15   1.2e-11   44.8   7.0    14   138     6   131     2   153 0.85 transcript=SMTH1_38730.2 gene=SMTH1_38730
SMTH1_38730.2        -            201 576633at33208        -            168   1.2e-11   44.8   7.0   2   2       3.8     6e+03   -3.1   0.0   147   167   180   200   170   201 0.70 transcript=SMTH1_38730.2 gene=SMTH1_38730
SMTH1_78040.1        -            196 576633at33208        -            168   1.5e-08   34.7  10.0   1   1   2.7e-11   4.1e-08   33.2  10.0    13   142     8   138     1   166 0.87 transcript=SMTH1_78040.1 gene=SMTH1_78040
SMTH1_19490.1        -            207 576633at33208        -            168   3.3e-07   30.3   9.3   1   1   3.5e-10   5.4e-07   29.6   9.3    14   141    21   145     7   172 0.84 transcript=SMTH1_19490.1 gene=SMTH1_19490
SMTH1_85380.1        -            198 576633at33208        -            168   0.00057   19.8   9.8   1   1   5.1e-07    0.0008   19.3   9.8    10   136    16   144     5   158 0.83 transcript=SMTH1_85380.1 gene=SMTH1_85380
SMTH1_85380.2        -            198 576633at33208        -            168   0.00057   19.8   9.8   1   1   5.1e-07    0.0008   19.3   9.8    10   136    16   144     5   158 0.83 transcript=SMTH1_85380.2 gene=SMTH1_85380
SMTH1_92160.1        -            221 576633at33208        -            168     0.046   13.6   5.6   1   1   4.4e-05     0.069   13.0   5.6    31   119    40   130     9   169 0.73 transcript=SMTH1_92160.1 gene=SMTH1_92160
#
# Program:         hmmsearch
# Version:         3.4 (Aug 2023)
# Pipeline mode:   SEARCH
# Query file:      /users/40483456/busco_datasets/busco_downloads/lineages/metazoa_odb10/hmms/576633at33208.hmm
# Target file:     /users/40483456/protein/schistosoma_mattheei.fa
# Option settings: hmmsearch --domtblout /users/40483456/busco/results_pro/schistosoma_mattheei_busco/run_metazoa_odb10/hmmer_output/initial_run_results/576633at33208.out --cpu 1 /users/40483456/busco_datasets/busco_downloads/lineages/metazoa_odb10/hmms/576633at33208.hmm /users/40483456/protein/schistosoma_mattheei.fa 
# Current dir:     /users/40483456
# Date:            Thu Jan 15 17:56:54 2026
# [ok]
