#                                                                            --- full sequence --- -------------- this domain -------------   hmm coord   ali coord   env coord
# target name        accession   tlen query name           accession   qlen   E-value  score  bias   #  of  c-Evalue  i-Evalue  score  bias  from    to  from    to  from    to  acc description of target
#------------------- ---------- ----- -------------------- ---------- ----- --------- ------ ----- --- --- --------- --------- ------ ----- ----- ----- ----- ----- ----- ----- ---- ---------------------
SMTH1_57380.1        -            362 581717at33208        -            249   2.7e-28   98.8   0.0   1   3   1.2e-21   1.7e-19   70.0   0.0    69   172    33   145    20   154 0.84 transcript=SMTH1_57380.1 gene=SMTH1_57380
SMTH1_57380.1        -            362 581717at33208        -            249   2.7e-28   98.8   0.0   2   3      0.95   1.4e+02    1.5   0.0   123   171   131   180   121   185 0.65 transcript=SMTH1_57380.1 gene=SMTH1_57380
SMTH1_57380.1        -            362 581717at33208        -            249   2.7e-28   98.8   0.0   3   3   1.9e-07   2.7e-05   23.5   0.0   191   238   245   293   241   303 0.87 transcript=SMTH1_57380.1 gene=SMTH1_57380
SMTH1_42950.1        -            463 581717at33208        -            249   4.5e-14   52.2   0.8   1   2   1.3e-05    0.0019   17.4   0.0   176   215     9    48     5    70 0.82 transcript=SMTH1_42950.1 gene=SMTH1_42950
SMTH1_42950.1        -            463 581717at33208        -            249   4.5e-14   52.2   0.8   2   2   4.4e-09   6.4e-07   28.8   0.3    81   210   119   253    65   258 0.77 transcript=SMTH1_42950.1 gene=SMTH1_42950
SMTH1_42950.3        -            495 581717at33208        -            249   5.2e-14   52.0   0.6   1   3   1.4e-05     0.002   17.3   0.0   176   215     9    48     5    72 0.82 transcript=SMTH1_42950.3 gene=SMTH1_42950
SMTH1_42950.3        -            495 581717at33208        -            249   5.2e-14   52.0   0.6   2   3      0.62        89    2.1   0.0   176   212    93   129    70   133 0.88 transcript=SMTH1_42950.3 gene=SMTH1_42950
SMTH1_42950.3        -            495 581717at33208        -            249   5.2e-14   52.0   0.6   3   3   6.8e-09   9.8e-07   28.2   0.2   104   210   138   253   111   259 0.74 transcript=SMTH1_42950.3 gene=SMTH1_42950
SMTH1_2400.1         -            951 581717at33208        -            249     6e-14   51.8   0.0   1   5    0.0003     0.044   13.0   0.0   162   213    32    85    24    92 0.88 transcript=SMTH1_2400.1 gene=SMTH1_2400
SMTH1_2400.1         -            951 581717at33208        -            249     6e-14   51.8   0.0   2   5         1   1.5e+02    1.4   0.0   172   215    86   129    82   135 0.81 transcript=SMTH1_2400.1 gene=SMTH1_2400
SMTH1_2400.1         -            951 581717at33208        -            249     6e-14   51.8   0.0   3   5   8.6e-05     0.012   14.7   0.0   170   225   126   180   114   188 0.83 transcript=SMTH1_2400.1 gene=SMTH1_2400
SMTH1_2400.1         -            951 581717at33208        -            249     6e-14   51.8   0.0   4   5    0.0018      0.26   10.4   0.0   173   212   218   257   203   262 0.90 transcript=SMTH1_2400.1 gene=SMTH1_2400
SMTH1_2400.1         -            951 581717at33208        -            249     6e-14   51.8   0.0   5   5     0.018       2.6    7.1   0.0   175   214   264   303   260   313 0.90 transcript=SMTH1_2400.1 gene=SMTH1_2400
SMTH1_68890.3        -            387 581717at33208        -            249   9.9e-14   51.1   1.8   1   5       1.7   2.5e+02    0.6   0.0   182   212    60    90    53    93 0.82 transcript=SMTH1_68890.3 gene=SMTH1_68890
SMTH1_68890.3        -            387 581717at33208        -            249   9.9e-14   51.1   1.8   2   5   0.00011     0.016   14.3   0.0   173   209    93   129    88   132 0.91 transcript=SMTH1_68890.3 gene=SMTH1_68890
SMTH1_68890.3        -            387 581717at33208        -            249   9.9e-14   51.1   1.8   3   5     0.028       4.1    6.5   0.0   169   217   131   179   124   182 0.85 transcript=SMTH1_68890.3 gene=SMTH1_68890
SMTH1_68890.3        -            387 581717at33208        -            249   9.9e-14   51.1   1.8   4   5   0.00029     0.041   13.0   0.0   174   214   178   218   176   227 0.89 transcript=SMTH1_68890.3 gene=SMTH1_68890
SMTH1_68890.3        -            387 581717at33208        -            249   9.9e-14   51.1   1.8   5   5   0.00084      0.12   11.5   0.1   182   218   316   352   280   364 0.85 transcript=SMTH1_68890.3 gene=SMTH1_68890
SMTH1_81320.3        -            313 581717at33208        -            249   1.9e-13   50.2   1.1   1   4   0.00084      0.12   11.5   0.0   174   214   125   165   122   171 0.88 transcript=SMTH1_81320.3 gene=SMTH1_81320
SMTH1_81320.3        -            313 581717at33208        -            249   1.9e-13   50.2   1.1   2   4   0.00018     0.026   13.7   0.0   176   213   169   206   165   210 0.89 transcript=SMTH1_81320.3 gene=SMTH1_81320
SMTH1_81320.3        -            313 581717at33208        -            249   1.9e-13   50.2   1.1   3   4   7.2e-05      0.01   15.0   0.1   171   215   206   250   202   253 0.92 transcript=SMTH1_81320.3 gene=SMTH1_81320
SMTH1_81320.3        -            313 581717at33208        -            249   1.9e-13   50.2   1.1   4   4    0.0014      0.21   10.7   0.0   168   214   243   291   240   312 0.79 transcript=SMTH1_81320.3 gene=SMTH1_81320
SMTH1_68890.2        -            448 581717at33208        -            249   2.1e-13   50.1   1.5   1   6       1.8   2.7e+02    0.5   0.0   181   212   120   151   113   155 0.82 transcript=SMTH1_68890.2 gene=SMTH1_68890
SMTH1_68890.2        -            448 581717at33208        -            249   2.1e-13   50.1   1.5   2   6   7.7e-05     0.011   14.9   0.0   172   209   153   190   131   193 0.85 transcript=SMTH1_68890.2 gene=SMTH1_68890
SMTH1_68890.2        -            448 581717at33208        -            249   2.1e-13   50.1   1.5   3   6     0.035         5    6.2   0.0   169   217   192   240   185   243 0.85 transcript=SMTH1_68890.2 gene=SMTH1_68890
SMTH1_68890.2        -            448 581717at33208        -            249   2.1e-13   50.1   1.5   4   6    0.0002     0.029   13.5   0.0   173   214   238   279   227   287 0.87 transcript=SMTH1_68890.2 gene=SMTH1_68890
SMTH1_68890.2        -            448 581717at33208        -            249   2.1e-13   50.1   1.5   5   6       6.8   9.8e+02   -1.3   0.0    14    54   291   332   285   365 0.59 transcript=SMTH1_68890.2 gene=SMTH1_68890
SMTH1_68890.2        -            448 581717at33208        -            249   2.1e-13   50.1   1.5   6   6     0.001      0.15   11.2   0.1   182   218   377   413   341   425 0.85 transcript=SMTH1_68890.2 gene=SMTH1_68890
SMTH1_68890.1        -            450 581717at33208        -            249   2.1e-13   50.0   1.5   1   6       1.9   2.7e+02    0.5   0.0   181   212   122   153   115   157 0.82 transcript=SMTH1_68890.1 gene=SMTH1_68890
SMTH1_68890.1        -            450 581717at33208        -            249   2.1e-13   50.0   1.5   2   6   7.7e-05     0.011   14.9   0.0   172   209   155   192   133   195 0.85 transcript=SMTH1_68890.1 gene=SMTH1_68890
SMTH1_68890.1        -            450 581717at33208        -            249   2.1e-13   50.0   1.5   3   6     0.035       5.1    6.2   0.0   169   217   194   242   187   245 0.85 transcript=SMTH1_68890.1 gene=SMTH1_68890
SMTH1_68890.1        -            450 581717at33208        -            249   2.1e-13   50.0   1.5   4   6    0.0002      0.03   13.5   0.0   173   214   240   281   229   289 0.87 transcript=SMTH1_68890.1 gene=SMTH1_68890
SMTH1_68890.1        -            450 581717at33208        -            249   2.1e-13   50.0   1.5   5   6       6.8   9.9e+02   -1.3   0.0    14    54   293   334   287   367 0.59 transcript=SMTH1_68890.1 gene=SMTH1_68890
SMTH1_68890.1        -            450 581717at33208        -            249   2.1e-13   50.0   1.5   6   6    0.0011      0.15   11.2   0.1   182   218   379   415   343   427 0.85 transcript=SMTH1_68890.1 gene=SMTH1_68890
SMTH1_2400.2         -           1303 581717at33208        -            249   2.9e-13   49.6   0.0   1   5   0.00044     0.063   12.4   0.0   162   213    32    85    24    92 0.88 transcript=SMTH1_2400.2 gene=SMTH1_2400
SMTH1_2400.2         -           1303 581717at33208        -            249   2.9e-13   49.6   0.0   2   5       1.2   1.7e+02    1.2   0.0   171   215    85   129    78   138 0.82 transcript=SMTH1_2400.2 gene=SMTH1_2400
SMTH1_2400.2         -           1303 581717at33208        -            249   2.9e-13   49.6   0.0   3   5   0.00011     0.017   14.3   0.0   170   225   126   180   110   188 0.83 transcript=SMTH1_2400.2 gene=SMTH1_2400
SMTH1_2400.2         -           1303 581717at33208        -            249   2.9e-13   49.6   0.0   4   5    0.0026      0.38    9.9   0.0   173   212   218   257   203   262 0.90 transcript=SMTH1_2400.2 gene=SMTH1_2400
SMTH1_2400.2         -           1303 581717at33208        -            249   2.9e-13   49.6   0.0   5   5     0.027       3.9    6.6   0.0   175   214   264   303   259   311 0.91 transcript=SMTH1_2400.2 gene=SMTH1_2400
SMTH1_2400.3         -           1306 581717at33208        -            249   2.9e-13   49.6   0.0   1   5   0.00044     0.063   12.4   0.0   162   213    32    85    24    92 0.88 transcript=SMTH1_2400.3 gene=SMTH1_2400
SMTH1_2400.3         -           1306 581717at33208        -            249   2.9e-13   49.6   0.0   2   5       1.2   1.7e+02    1.2   0.0   171   215    85   129    78   138 0.82 transcript=SMTH1_2400.3 gene=SMTH1_2400
SMTH1_2400.3         -           1306 581717at33208        -            249   2.9e-13   49.6   0.0   3   5   0.00012     0.017   14.3   0.0   170   225   126   180   110   188 0.83 transcript=SMTH1_2400.3 gene=SMTH1_2400
SMTH1_2400.3         -           1306 581717at33208        -            249   2.9e-13   49.6   0.0   4   5    0.0026      0.38    9.9   0.0   173   212   218   257   203   262 0.90 transcript=SMTH1_2400.3 gene=SMTH1_2400
SMTH1_2400.3         -           1306 581717at33208        -            249   2.9e-13   49.6   0.0   5   5     0.027       3.9    6.6   0.0   175   214   264   303   259   311 0.91 transcript=SMTH1_2400.3 gene=SMTH1_2400
SMTH1_81320.4        -            432 581717at33208        -            249   3.3e-13   49.4   4.1   1   5    0.0013      0.19   10.9   0.0   174   214   115   155   112   161 0.88 transcript=SMTH1_81320.4 gene=SMTH1_81320
SMTH1_81320.4        -            432 581717at33208        -            249   3.3e-13   49.4   4.1   2   5   0.00032     0.047   12.8   0.0   176   213   159   196   155   199 0.89 transcript=SMTH1_81320.4 gene=SMTH1_81320
SMTH1_81320.4        -            432 581717at33208        -            249   3.3e-13   49.4   4.1   3   5     9e-05     0.013   14.7   0.3   172   218   197   243   195   259 0.87 transcript=SMTH1_81320.4 gene=SMTH1_81320
SMTH1_81320.4        -            432 581717at33208        -            249   3.3e-13   49.4   4.1   4   5    0.0078       1.1    8.3   0.1   173   215   240   282   237   304 0.81 transcript=SMTH1_81320.4 gene=SMTH1_81320
SMTH1_81320.4        -            432 581717at33208        -            249   3.3e-13   49.4   4.1   5   5       4.3   6.2e+02   -0.7   0.0   184   213   383   412   377   419 0.80 transcript=SMTH1_81320.4 gene=SMTH1_81320
SMTH1_81320.1        -            442 581717at33208        -            249   4.5e-13   48.9   4.2   1   5    0.0013       0.2   10.8   0.0   174   214   125   165   122   171 0.88 transcript=SMTH1_81320.1 gene=SMTH1_81320
SMTH1_81320.1        -            442 581717at33208        -            249   4.5e-13   48.9   4.2   2   5   0.00041      0.06   12.5   0.0   177   213   170   206   166   208 0.90 transcript=SMTH1_81320.1 gene=SMTH1_81320
SMTH1_81320.1        -            442 581717at33208        -            249   4.5e-13   48.9   4.2   3   5     8e-05     0.012   14.8   0.2   172   218   207   253   205   270 0.85 transcript=SMTH1_81320.1 gene=SMTH1_81320
SMTH1_81320.1        -            442 581717at33208        -            249   4.5e-13   48.9   4.2   4   5     0.008       1.2    8.3   0.1   173   215   250   292   247   314 0.81 transcript=SMTH1_81320.1 gene=SMTH1_81320
SMTH1_81320.1        -            442 581717at33208        -            249   4.5e-13   48.9   4.2   5   5       4.4   6.4e+02   -0.7   0.0   184   213   393   422   387   429 0.80 transcript=SMTH1_81320.1 gene=SMTH1_81320
SMTH1_81320.2        -            442 581717at33208        -            249   4.5e-13   48.9   4.2   1   5    0.0013       0.2   10.8   0.0   174   214   125   165   122   171 0.88 transcript=SMTH1_81320.2 gene=SMTH1_81320
SMTH1_81320.2        -            442 581717at33208        -            249   4.5e-13   48.9   4.2   2   5   0.00041      0.06   12.5   0.0   177   213   170   206   166   208 0.90 transcript=SMTH1_81320.2 gene=SMTH1_81320
SMTH1_81320.2        -            442 581717at33208        -            249   4.5e-13   48.9   4.2   3   5     8e-05     0.012   14.8   0.2   172   218   207   253   205   270 0.85 transcript=SMTH1_81320.2 gene=SMTH1_81320
SMTH1_81320.2        -            442 581717at33208        -            249   4.5e-13   48.9   4.2   4   5     0.008       1.2    8.3   0.1   173   215   250   292   247   314 0.81 transcript=SMTH1_81320.2 gene=SMTH1_81320
SMTH1_81320.2        -            442 581717at33208        -            249   4.5e-13   48.9   4.2   5   5       4.4   6.4e+02   -0.7   0.0   184   213   393   422   387   429 0.80 transcript=SMTH1_81320.2 gene=SMTH1_81320
SMTH1_9520.1         -            764 581717at33208        -            249   1.4e-12   47.3   0.1   1   5      0.16        23    4.1   0.0    73    89    28    44    18    46 0.85 transcript=SMTH1_9520.1 gene=SMTH1_9520
SMTH1_9520.1         -            764 581717at33208        -            249   1.4e-12   47.3   0.1   2   5   3.9e-05    0.0057   15.8   0.0   155   213    71   131    60   133 0.89 transcript=SMTH1_9520.1 gene=SMTH1_9520
SMTH1_9520.1         -            764 581717at33208        -            249   1.4e-12   47.3   0.1   3   5   0.00023     0.034   13.3   0.0   171   212   131   172   128   178 0.91 transcript=SMTH1_9520.1 gene=SMTH1_9520
SMTH1_9520.1         -            764 581717at33208        -            249   1.4e-12   47.3   0.1   4   5     0.015       2.2    7.4   0.0   175   213   177   215   172   223 0.88 transcript=SMTH1_9520.1 gene=SMTH1_9520
SMTH1_9520.1         -            764 581717at33208        -            249   1.4e-12   47.3   0.1   5   5       3.1   4.4e+02   -0.2   0.0   183   212   229   257   224   265 0.71 transcript=SMTH1_9520.1 gene=SMTH1_9520
SMTH1_9520.2         -            735 581717at33208        -            249   3.9e-12   45.9   0.1   1   5      0.49        70    2.4   0.1    75    89     1    15     1    17 0.91 transcript=SMTH1_9520.2 gene=SMTH1_9520
SMTH1_9520.2         -            735 581717at33208        -            249   3.9e-12   45.9   0.1   2   5   3.6e-05    0.0052   16.0   0.0   155   213    42   102    31   105 0.89 transcript=SMTH1_9520.2 gene=SMTH1_9520
SMTH1_9520.2         -            735 581717at33208        -            249   3.9e-12   45.9   0.1   3   5   0.00021     0.031   13.4   0.0   171   212   102   143    99   150 0.91 transcript=SMTH1_9520.2 gene=SMTH1_9520
SMTH1_9520.2         -            735 581717at33208        -            249   3.9e-12   45.9   0.1   4   5     0.015       2.2    7.4   0.0   176   213   149   186   144   193 0.87 transcript=SMTH1_9520.2 gene=SMTH1_9520
SMTH1_9520.2         -            735 581717at33208        -            249   3.9e-12   45.9   0.1   5   5       2.8   4.1e+02   -0.0   0.0   182   212   199   228   191   236 0.73 transcript=SMTH1_9520.2 gene=SMTH1_9520
SMTH1_95790.1        -            561 581717at33208        -            249   1.7e-10   40.5   0.3   1   4   3.8e-08   5.5e-06   25.7   0.1   170   239   303   373   267   375 0.93 transcript=SMTH1_95790.1 gene=SMTH1_95790
SMTH1_95790.1        -            561 581717at33208        -            249   1.7e-10   40.5   0.3   2   4   0.00083      0.12   11.5   0.0   155   213   372   432   369   450 0.87 transcript=SMTH1_95790.1 gene=SMTH1_95790
SMTH1_95790.1        -            561 581717at33208        -            249   1.7e-10   40.5   0.3   3   4       3.8   5.6e+02   -0.5   0.0   185   211   447   473   434   491 0.86 transcript=SMTH1_95790.1 gene=SMTH1_95790
SMTH1_95790.1        -            561 581717at33208        -            249   1.7e-10   40.5   0.3   4   4       8.5   1.2e+03   -1.6   0.0   181   219   490   529   476   550 0.75 transcript=SMTH1_95790.1 gene=SMTH1_95790
SMTH1_44700.1        -            289 581717at33208        -            249   4.6e-10   39.1   0.0   1   3    0.0035      0.51    9.5   0.0   173   219    53    99    32   105 0.90 transcript=SMTH1_44700.1 gene=SMTH1_44700
SMTH1_44700.1        -            289 581717at33208        -            249   4.6e-10   39.1   0.0   2   3   4.4e-06   0.00064   19.0   0.0   112   212   108   217   102   221 0.82 transcript=SMTH1_44700.1 gene=SMTH1_44700
SMTH1_44700.1        -            289 581717at33208        -            249   4.6e-10   39.1   0.0   3   3    0.0098       1.4    8.0   0.0   170   219   218   267   216   275 0.82 transcript=SMTH1_44700.1 gene=SMTH1_44700
SMTH1_76570.1        -            666 581717at33208        -            249     9e-10   38.1   0.2   1   4      0.02       2.9    7.0   0.0   162   212   320   370   303   397 0.81 transcript=SMTH1_76570.1 gene=SMTH1_76570
SMTH1_76570.1        -            666 581717at33208        -            249     9e-10   38.1   0.2   2   4     6e-06   0.00087   18.5   0.0   172   216   425   469   396   485 0.83 transcript=SMTH1_76570.1 gene=SMTH1_76570
SMTH1_76570.1        -            666 581717at33208        -            249     9e-10   38.1   0.2   3   4     0.019       2.8    7.1   0.0   173   232   485   546   471   553 0.83 transcript=SMTH1_76570.1 gene=SMTH1_76570
SMTH1_76570.1        -            666 581717at33208        -            249     9e-10   38.1   0.2   4   4       6.9     1e+03   -1.3   0.1   173   202   630   659   603   662 0.76 transcript=SMTH1_76570.1 gene=SMTH1_76570
SMTH1_55290.1        -            309 581717at33208        -            249   1.3e-09   37.6   0.0   1   5    0.0092       1.3    8.1   0.0   176   216    13    53    10    66 0.87 transcript=SMTH1_55290.1 gene=SMTH1_55290
SMTH1_55290.1        -            309 581717at33208        -            249   1.3e-09   37.6   0.0   2   5    0.0022      0.32   10.1   0.0   165   213    84   134    64   140 0.85 transcript=SMTH1_55290.1 gene=SMTH1_55290
SMTH1_55290.1        -            309 581717at33208        -            249   1.3e-09   37.6   0.0   3   5       2.9   4.1e+02   -0.1   0.0   177   212   140   175   134   182 0.80 transcript=SMTH1_55290.1 gene=SMTH1_55290
SMTH1_55290.1        -            309 581717at33208        -            249   1.3e-09   37.6   0.0   4   5       0.1        15    4.6   0.0   184   223   192   231   189   241 0.86 transcript=SMTH1_55290.1 gene=SMTH1_55290
SMTH1_55290.1        -            309 581717at33208        -            249   1.3e-09   37.6   0.0   5   5     0.013       1.9    7.6   0.0   167   209   262   306   233   309 0.78 transcript=SMTH1_55290.1 gene=SMTH1_55290
SMTH1_14140.1        -            970 581717at33208        -            249   2.4e-09   36.7   5.8   1   4     0.031       4.6    6.3   0.0   162   213   131   183   116   190 0.82 transcript=SMTH1_14140.1 gene=SMTH1_14140
SMTH1_14140.1        -            970 581717at33208        -            249   2.4e-09   36.7   5.8   2   4     0.066       9.6    5.3   0.0   181   225   269   313   258   326 0.83 transcript=SMTH1_14140.1 gene=SMTH1_14140
SMTH1_14140.1        -            970 581717at33208        -            249   2.4e-09   36.7   5.8   3   4   4.7e-05    0.0067   15.6   0.1   155   213   464   525   457   531 0.88 transcript=SMTH1_14140.1 gene=SMTH1_14140
SMTH1_14140.1        -            970 581717at33208        -            249   2.4e-09   36.7   5.8   4   4     0.011       1.6    7.8   0.1   122   195   603   674   582   678 0.67 transcript=SMTH1_14140.1 gene=SMTH1_14140
SMTH1_42950.2        -            430 581717at33208        -            249     1e-08   34.6   0.7   1   3       5.2   7.6e+02   -0.9   0.0   176   207    18    49     6    53 0.82 transcript=SMTH1_42950.2 gene=SMTH1_42950
SMTH1_42950.2        -            430 581717at33208        -            249     1e-08   34.6   0.7   2   3      0.55        80    2.3   0.0   176   213    60    97    53   106 0.88 transcript=SMTH1_42950.2 gene=SMTH1_42950
SMTH1_42950.2        -            430 581717at33208        -            249     1e-08   34.6   0.7   3   3   5.4e-09   7.7e-07   28.5   0.2   104   210   105   220    78   226 0.74 transcript=SMTH1_42950.2 gene=SMTH1_42950
SMTH1_42950.4        -            462 581717at33208        -            249   1.3e-08   34.3   0.6   1   3       5.5     8e+02   -1.0   0.0   176   207    18    49     7    56 0.82 transcript=SMTH1_42950.4 gene=SMTH1_42950
SMTH1_42950.4        -            462 581717at33208        -            249   1.3e-08   34.3   0.6   2   3      0.68        99    2.0   0.0   176   212    60    96    53   101 0.88 transcript=SMTH1_42950.4 gene=SMTH1_42950
SMTH1_42950.4        -            462 581717at33208        -            249   1.3e-08   34.3   0.6   3   3     5e-09   7.3e-07   28.6   0.2   102   210   103   220    76   227 0.73 transcript=SMTH1_42950.4 gene=SMTH1_42950
SMTH1_102910.1       -           1017 581717at33208        -            249   5.1e-08   32.4   0.0   1   5      0.75   1.1e+02    1.8   0.0   161   212    37    88    17   101 0.79 transcript=SMTH1_102910.1 gene=SMTH1_102910
SMTH1_102910.1       -           1017 581717at33208        -            249   5.1e-08   32.4   0.0   2   5     0.001      0.15   11.2   0.0   156   213    72   131    57   136 0.76 transcript=SMTH1_102910.1 gene=SMTH1_102910
SMTH1_102910.1       -           1017 581717at33208        -            249   5.1e-08   32.4   0.0   3   5      0.23        34    3.5   0.0   174   211   135   173   132   180 0.86 transcript=SMTH1_102910.1 gene=SMTH1_102910
SMTH1_102910.1       -           1017 581717at33208        -            249   5.1e-08   32.4   0.0   4   5     0.062         9    5.4   0.0   177   214   181   220   176   224 0.84 transcript=SMTH1_102910.1 gene=SMTH1_102910
SMTH1_102910.1       -           1017 581717at33208        -            249   5.1e-08   32.4   0.0   5   5     0.019       2.7    7.1   0.0   171   214   219   262   216   281 0.88 transcript=SMTH1_102910.1 gene=SMTH1_102910
SMTH1_30030.1        -            346 581717at33208        -            249   3.2e-07   29.8   0.0   1   4    0.0033      0.47    9.6   0.0   167   213    63   109     6   114 0.76 transcript=SMTH1_30030.1 gene=SMTH1_30030
SMTH1_30030.1        -            346 581717at33208        -            249   3.2e-07   29.8   0.0   2   4     0.002      0.29   10.3   0.1   133   214   136   219   118   242 0.78 transcript=SMTH1_30030.1 gene=SMTH1_30030
SMTH1_30030.1        -            346 581717at33208        -            249   3.2e-07   29.8   0.0   3   4       3.1   4.5e+02   -0.2   0.0   174   210   221   257   218   266 0.80 transcript=SMTH1_30030.1 gene=SMTH1_30030
SMTH1_30030.1        -            346 581717at33208        -            249   3.2e-07   29.8   0.0   4   4     0.092        13    4.8   0.0   172   216   267   311   258   335 0.89 transcript=SMTH1_30030.1 gene=SMTH1_30030
SMTH1_33790.8        -            530 581717at33208        -            249   4.3e-07   29.4   0.4   1   4      0.05       7.3    5.7   0.0   165   209   184   228   127   232 0.75 transcript=SMTH1_33790.8 gene=SMTH1_33790
SMTH1_33790.8        -            530 581717at33208        -            249   4.3e-07   29.4   0.4   2   4   4.4e-06   0.00064   19.0   0.1   173   222   279   328   245   338 0.89 transcript=SMTH1_33790.8 gene=SMTH1_33790
SMTH1_33790.8        -            530 581717at33208        -            249   4.3e-07   29.4   0.4   3   4      0.33        48    3.0   0.0   173   200   321   348   319   349 0.91 transcript=SMTH1_33790.8 gene=SMTH1_33790
SMTH1_33790.8        -            530 581717at33208        -            249   4.3e-07   29.4   0.4   4   4         4   5.9e+02   -0.6   0.0    74    88   413   427   398   432 0.86 transcript=SMTH1_33790.8 gene=SMTH1_33790
SMTH1_38200.1        -            359 581717at33208        -            249   6.1e-07   28.9   0.2   1   2     5e-06   0.00072   18.8   0.0   149   213    88   154    72   173 0.86 transcript=SMTH1_38200.1 gene=SMTH1_38200
SMTH1_38200.1        -            359 581717at33208        -            249   6.1e-07   28.9   0.2   2   2      0.35        50    2.9   0.0    75    93   259   277   252   319 0.81 transcript=SMTH1_38200.1 gene=SMTH1_38200
SMTH1_74620.1        -            587 581717at33208        -            249   6.4e-07   28.8   0.5   1   5      0.42        61    2.7   0.0   175   215   146   186   124   202 0.84 transcript=SMTH1_74620.1 gene=SMTH1_74620
SMTH1_74620.1        -            587 581717at33208        -            249   6.4e-07   28.8   0.5   2   5       1.1   1.7e+02    1.2   0.0   194   217   312   335   291   353 0.77 transcript=SMTH1_74620.1 gene=SMTH1_74620
SMTH1_74620.1        -            587 581717at33208        -            249   6.4e-07   28.8   0.5   3   5    0.0067      0.98    8.5   0.0   168   209   419   460   404   469 0.90 transcript=SMTH1_74620.1 gene=SMTH1_74620
SMTH1_74620.1        -            587 581717at33208        -            249   6.4e-07   28.8   0.5   4   5       0.3        43    3.1   0.1   183   213   476   506   462   529 0.67 transcript=SMTH1_74620.1 gene=SMTH1_74620
SMTH1_74620.1        -            587 581717at33208        -            249   6.4e-07   28.8   0.5   5   5     0.047       6.8    5.8   0.0   171   209   548   586   541   587 0.91 transcript=SMTH1_74620.1 gene=SMTH1_74620
SMTH1_31860.2        -            845 581717at33208        -            249   7.1e-07   28.6   1.7   1   3   0.00044     0.063   12.4   0.0   178   218   495   535   489   544 0.88 transcript=SMTH1_31860.2 gene=SMTH1_31860
SMTH1_31860.2        -            845 581717at33208        -            249   7.1e-07   28.6   1.7   2   3    0.0035      0.51    9.5   0.5   152   217   740   807   703   815 0.75 transcript=SMTH1_31860.2 gene=SMTH1_31860
SMTH1_31860.2        -            845 581717at33208        -            249   7.1e-07   28.6   1.7   3   3      0.26        38    3.3   0.0   174   208   810   844   806   845 0.84 transcript=SMTH1_31860.2 gene=SMTH1_31860
SMTH1_31860.1        -            864 581717at33208        -            249   7.6e-07   28.5   1.7   1   3   0.00045     0.065   12.4   0.0   178   218   514   554   508   563 0.88 transcript=SMTH1_31860.1 gene=SMTH1_31860
SMTH1_31860.1        -            864 581717at33208        -            249   7.6e-07   28.5   1.7   2   3    0.0036      0.52    9.4   0.5   152   217   759   826   722   834 0.75 transcript=SMTH1_31860.1 gene=SMTH1_31860
SMTH1_31860.1        -            864 581717at33208        -            249   7.6e-07   28.5   1.7   3   3      0.27        39    3.3   0.0   174   208   829   863   825   864 0.84 transcript=SMTH1_31860.1 gene=SMTH1_31860
SMTH1_38240.1        -            689 581717at33208        -            249   8.1e-07   28.5   0.0   1   6       5.1   7.4e+02   -0.9   0.0   175   214   336   375   333   385 0.85 transcript=SMTH1_38240.1 gene=SMTH1_38240
SMTH1_38240.1        -            689 581717at33208        -            249   8.1e-07   28.5   0.0   2   6      0.62        90    2.1   0.0   184   215   403   434   398   441 0.89 transcript=SMTH1_38240.1 gene=SMTH1_38240
SMTH1_38240.1        -            689 581717at33208        -            249   8.1e-07   28.5   0.0   3   6       2.9   4.3e+02   -0.1   0.0   179   215   439   475   432   486 0.81 transcript=SMTH1_38240.1 gene=SMTH1_38240
SMTH1_38240.1        -            689 581717at33208        -            249   8.1e-07   28.5   0.0   4   6   0.00014     0.021   14.0   0.0   161   212   504   555   484   573 0.84 transcript=SMTH1_38240.1 gene=SMTH1_38240
SMTH1_38240.1        -            689 581717at33208        -            249   8.1e-07   28.5   0.0   5   6       2.9   4.2e+02   -0.1   0.0   195   215   589   609   556   618 0.65 transcript=SMTH1_38240.1 gene=SMTH1_38240
SMTH1_38240.1        -            689 581717at33208        -            249   8.1e-07   28.5   0.0   6   6     0.098        14    4.7   0.0   168   217   604   653   579   659 0.80 transcript=SMTH1_38240.1 gene=SMTH1_38240
SMTH1_31860.3        -            772 581717at33208        -            249   8.7e-07   28.3   2.6   1   3   0.00039     0.057   12.6   0.0   178   218   422   462   416   471 0.88 transcript=SMTH1_31860.3 gene=SMTH1_31860
SMTH1_31860.3        -            772 581717at33208        -            249   8.7e-07   28.3   2.6   2   3    0.0036      0.52    9.4   0.5   152   217   667   734   631   740 0.75 transcript=SMTH1_31860.3 gene=SMTH1_31860
SMTH1_31860.3        -            772 581717at33208        -            249   8.7e-07   28.3   2.6   3   3      0.21        30    3.7   0.0   173   208   736   771   731   772 0.85 transcript=SMTH1_31860.3 gene=SMTH1_31860
SMTH1_33790.5        -            681 581717at33208        -            249     1e-06   28.1   0.3   1   4     0.073        11    5.1   0.0   166   209   336   379   279   383 0.76 transcript=SMTH1_33790.5 gene=SMTH1_33790
SMTH1_33790.5        -            681 581717at33208        -            249     1e-06   28.1   0.3   2   4   6.2e-06    0.0009   18.5   0.1   173   222   430   479   396   489 0.89 transcript=SMTH1_33790.5 gene=SMTH1_33790
SMTH1_33790.5        -            681 581717at33208        -            249     1e-06   28.1   0.3   3   4      0.44        64    2.6   0.0   173   200   472   499   470   500 0.91 transcript=SMTH1_33790.5 gene=SMTH1_33790
SMTH1_33790.5        -            681 581717at33208        -            249     1e-06   28.1   0.3   4   4       5.5     8e+02   -1.0   0.0    74    88   564   578   550   582 0.88 transcript=SMTH1_33790.5 gene=SMTH1_33790
SMTH1_33790.2        -            693 581717at33208        -            249   1.1e-06   28.1   0.2   1   4     0.075        11    5.1   0.0   166   209   348   391   291   395 0.76 transcript=SMTH1_33790.2 gene=SMTH1_33790
SMTH1_33790.2        -            693 581717at33208        -            249   1.1e-06   28.1   0.2   2   4   6.3e-06   0.00092   18.4   0.1   173   222   442   491   408   501 0.89 transcript=SMTH1_33790.2 gene=SMTH1_33790
SMTH1_33790.2        -            693 581717at33208        -            249   1.1e-06   28.1   0.2   3   4      0.45        66    2.5   0.0   173   200   484   511   482   512 0.91 transcript=SMTH1_33790.2 gene=SMTH1_33790
SMTH1_33790.2        -            693 581717at33208        -            249   1.1e-06   28.1   0.2   4   4       5.7   8.3e+02   -1.1   0.0    74    88   576   590   563   594 0.88 transcript=SMTH1_33790.2 gene=SMTH1_33790
SMTH1_33790.4        -            693 581717at33208        -            249   1.1e-06   28.1   0.2   1   4     0.075        11    5.1   0.0   166   209   348   391   291   395 0.76 transcript=SMTH1_33790.4 gene=SMTH1_33790
SMTH1_33790.4        -            693 581717at33208        -            249   1.1e-06   28.1   0.2   2   4   6.3e-06   0.00092   18.4   0.1   173   222   442   491   408   501 0.89 transcript=SMTH1_33790.4 gene=SMTH1_33790
SMTH1_33790.4        -            693 581717at33208        -            249   1.1e-06   28.1   0.2   3   4      0.45        66    2.5   0.0   173   200   484   511   482   512 0.91 transcript=SMTH1_33790.4 gene=SMTH1_33790
SMTH1_33790.4        -            693 581717at33208        -            249   1.1e-06   28.1   0.2   4   4       5.7   8.3e+02   -1.1   0.0    74    88   576   590   563   594 0.88 transcript=SMTH1_33790.4 gene=SMTH1_33790
SMTH1_33790.7        -            693 581717at33208        -            249   1.1e-06   28.1   0.2   1   4     0.075        11    5.1   0.0   166   209   348   391   291   395 0.76 transcript=SMTH1_33790.7 gene=SMTH1_33790
SMTH1_33790.7        -            693 581717at33208        -            249   1.1e-06   28.1   0.2   2   4   6.3e-06   0.00092   18.4   0.1   173   222   442   491   408   501 0.89 transcript=SMTH1_33790.7 gene=SMTH1_33790
SMTH1_33790.7        -            693 581717at33208        -            249   1.1e-06   28.1   0.2   3   4      0.45        66    2.5   0.0   173   200   484   511   482   512 0.91 transcript=SMTH1_33790.7 gene=SMTH1_33790
SMTH1_33790.7        -            693 581717at33208        -            249   1.1e-06   28.1   0.2   4   4       5.7   8.3e+02   -1.1   0.0    74    88   576   590   563   594 0.88 transcript=SMTH1_33790.7 gene=SMTH1_33790
SMTH1_33790.6        -            703 581717at33208        -            249   1.1e-06   28.0   0.2   1   4     0.076        11    5.1   0.0   166   209   358   401   301   405 0.76 transcript=SMTH1_33790.6 gene=SMTH1_33790
SMTH1_33790.6        -            703 581717at33208        -            249   1.1e-06   28.0   0.2   2   4   6.4e-06   0.00093   18.4   0.1   173   222   452   501   418   511 0.89 transcript=SMTH1_33790.6 gene=SMTH1_33790
SMTH1_33790.6        -            703 581717at33208        -            249   1.1e-06   28.0   0.2   3   4      0.46        67    2.5   0.0   173   200   494   521   492   522 0.91 transcript=SMTH1_33790.6 gene=SMTH1_33790
SMTH1_33790.6        -            703 581717at33208        -            249   1.1e-06   28.0   0.2   4   4       5.8   8.4e+02   -1.1   0.0    74    88   586   600   573   604 0.88 transcript=SMTH1_33790.6 gene=SMTH1_33790
SMTH1_33790.1        -            758 581717at33208        -            249   1.5e-06   27.6   0.3   1   4     0.084        12    4.9   0.0   166   209   413   456   356   460 0.76 transcript=SMTH1_33790.1 gene=SMTH1_33790
SMTH1_33790.1        -            758 581717at33208        -            249   1.5e-06   27.6   0.3   2   4   7.1e-06     0.001   18.3   0.1   173   222   507   556   473   566 0.89 transcript=SMTH1_33790.1 gene=SMTH1_33790
SMTH1_33790.1        -            758 581717at33208        -            249   1.5e-06   27.6   0.3   3   4       0.5        73    2.4   0.0   173   200   549   576   547   577 0.91 transcript=SMTH1_33790.1 gene=SMTH1_33790
SMTH1_33790.1        -            758 581717at33208        -            249   1.5e-06   27.6   0.3   4   4       6.4   9.2e+02   -1.2   0.0    74    88   641   655   629   659 0.88 transcript=SMTH1_33790.1 gene=SMTH1_33790
SMTH1_33790.3        -            768 581717at33208        -            249   1.6e-06   27.5   0.3   1   4     0.086        12    4.9   0.0   166   209   423   466   366   470 0.76 transcript=SMTH1_33790.3 gene=SMTH1_33790
SMTH1_33790.3        -            768 581717at33208        -            249   1.6e-06   27.5   0.3   2   4   7.2e-06     0.001   18.3   0.1   173   222   517   566   483   576 0.89 transcript=SMTH1_33790.3 gene=SMTH1_33790
SMTH1_33790.3        -            768 581717at33208        -            249   1.6e-06   27.5   0.3   3   4      0.51        74    2.4   0.0   173   200   559   586   557   587 0.91 transcript=SMTH1_33790.3 gene=SMTH1_33790
SMTH1_33790.3        -            768 581717at33208        -            249   1.6e-06   27.5   0.3   4   4       6.4   9.3e+02   -1.2   0.0    74    88   651   665   639   669 0.88 transcript=SMTH1_33790.3 gene=SMTH1_33790
SMTH1_62880.1        -            514 581717at33208        -            249   2.9e-06   26.6   0.3   1   3      0.51        74    2.4   0.0   184   224   217   258   209   268 0.73 transcript=SMTH1_62880.1 gene=SMTH1_62880
SMTH1_62880.1        -            514 581717at33208        -            249   2.9e-06   26.6   0.3   2   3   0.00047     0.067   12.3   0.3   179   213   305   339   286   344 0.84 transcript=SMTH1_62880.1 gene=SMTH1_62880
SMTH1_62880.1        -            514 581717at33208        -            249   2.9e-06   26.6   0.3   3   3     0.026       3.7    6.6   0.0   172   212   340   380   338   391 0.91 transcript=SMTH1_62880.1 gene=SMTH1_62880
SMTH1_77590.1        -            970 581717at33208        -            249   3.7e-06   26.3   0.1   1   2    0.0016      0.23   10.6   0.0   181   213   401   433   375   449 0.89 transcript=SMTH1_77590.1 gene=SMTH1_77590
SMTH1_77590.1        -            970 581717at33208        -            249   3.7e-06   26.3   0.1   2   2   0.00084      0.12   11.5   0.0   176   229   519   572   502   589 0.78 transcript=SMTH1_77590.1 gene=SMTH1_77590
SMTH1_88330.5        -            836 581717at33208        -            249   3.8e-06   26.2   1.0   1   5    0.0094       1.4    8.1   0.0   180   213    47    81     4    95 0.88 transcript=SMTH1_88330.5 gene=SMTH1_88330
SMTH1_88330.5        -            836 581717at33208        -            249   3.8e-06   26.2   1.0   2   5      0.95   1.4e+02    1.5   0.0   172   218    82   128    79   139 0.86 transcript=SMTH1_88330.5 gene=SMTH1_88330
SMTH1_88330.5        -            836 581717at33208        -            249   3.8e-06   26.2   1.0   3   5      0.41        60    2.7   0.1   174   217   386   429   374   442 0.80 transcript=SMTH1_88330.5 gene=SMTH1_88330
SMTH1_88330.5        -            836 581717at33208        -            249   3.8e-06   26.2   1.0   4   5     0.023       3.3    6.8   0.0   175   216   438   480   432   490 0.85 transcript=SMTH1_88330.5 gene=SMTH1_88330
SMTH1_88330.5        -            836 581717at33208        -            249   3.8e-06   26.2   1.0   5   5       2.2   3.2e+02    0.3   0.0    44    62   544   562   533   569 0.84 transcript=SMTH1_88330.5 gene=SMTH1_88330
SMTH1_89950.1        -            315 581717at33208        -            249   4.5e-06   26.0   0.4   1   4     0.084        12    4.9   0.0   175   213     9    48     5    54 0.87 transcript=SMTH1_89950.1 gene=SMTH1_89950
SMTH1_89950.1        -            315 581717at33208        -            249   4.5e-06   26.0   0.4   2   4     0.022       3.1    6.9   0.1   174   217    56    99    51   139 0.78 transcript=SMTH1_89950.1 gene=SMTH1_89950
SMTH1_89950.1        -            315 581717at33208        -            249   4.5e-06   26.0   0.4   3   4     0.027         4    6.5   0.0   184   216   151   185   143   206 0.74 transcript=SMTH1_89950.1 gene=SMTH1_89950
SMTH1_89950.1        -            315 581717at33208        -            249   4.5e-06   26.0   0.4   4   4       3.6   5.2e+02   -0.4   0.0    75    91   207   223   202   228 0.87 transcript=SMTH1_89950.1 gene=SMTH1_89950
SMTH1_88330.1        -            875 581717at33208        -            249   5.1e-06   25.8   1.1   1   5    0.0092       1.3    8.1   0.0   180   213   145   179   100   194 0.86 transcript=SMTH1_88330.1 gene=SMTH1_88330
SMTH1_88330.1        -            875 581717at33208        -            249   5.1e-06   25.8   1.1   2   5       1.3   1.8e+02    1.1   0.0   173   218   181   226   179   235 0.85 transcript=SMTH1_88330.1 gene=SMTH1_88330
SMTH1_88330.1        -            875 581717at33208        -            249   5.1e-06   25.8   1.1   3   5      0.45        66    2.5   0.1   174   217   484   527   472   539 0.80 transcript=SMTH1_88330.1 gene=SMTH1_88330
SMTH1_88330.1        -            875 581717at33208        -            249   5.1e-06   25.8   1.1   4   5     0.024       3.5    6.7   0.0   175   216   536   578   530   590 0.85 transcript=SMTH1_88330.1 gene=SMTH1_88330
SMTH1_88330.1        -            875 581717at33208        -            249   5.1e-06   25.8   1.1   5   5       2.3   3.4e+02    0.2   0.0    44    62   642   660   631   667 0.84 transcript=SMTH1_88330.1 gene=SMTH1_88330
SMTH1_67650.1        -            255 581717at33208        -            249   5.2e-06   25.8   0.0   1   4     0.029       4.3    6.4   0.0   175   213     5    43     2    50 0.86 transcript=SMTH1_67650.1 gene=SMTH1_67650
SMTH1_67650.1        -            255 581717at33208        -            249   5.2e-06   25.8   0.0   2   4     0.036       5.3    6.1   0.0   174   210    49    85    45    90 0.86 transcript=SMTH1_67650.1 gene=SMTH1_67650
SMTH1_67650.1        -            255 581717at33208        -            249   5.2e-06   25.8   0.0   3   4      0.18        26    3.8   0.0   177   211    96   130    85   140 0.81 transcript=SMTH1_67650.1 gene=SMTH1_67650
SMTH1_67650.1        -            255 581717at33208        -            249   5.2e-06   25.8   0.0   4   4      0.11        17    4.5   0.0   182   212   151   181   140   194 0.83 transcript=SMTH1_67650.1 gene=SMTH1_67650
SMTH1_88330.2        -            934 581717at33208        -            249   7.5e-06   25.3   1.1   1   5     0.013       1.8    7.6   0.0   180   213   145   179   100   184 0.86 transcript=SMTH1_88330.2 gene=SMTH1_88330
SMTH1_88330.2        -            934 581717at33208        -            249   7.5e-06   25.3   1.1   2   5       1.1   1.6e+02    1.2   0.0   172   218   180   226   177   235 0.86 transcript=SMTH1_88330.2 gene=SMTH1_88330
SMTH1_88330.2        -            934 581717at33208        -            249   7.5e-06   25.3   1.1   3   5      0.54        78    2.3   0.1   174   217   484   527   473   538 0.80 transcript=SMTH1_88330.2 gene=SMTH1_88330
SMTH1_88330.2        -            934 581717at33208        -            249   7.5e-06   25.3   1.1   4   5     0.026       3.8    6.6   0.0   175   216   536   578   530   588 0.85 transcript=SMTH1_88330.2 gene=SMTH1_88330
SMTH1_88330.2        -            934 581717at33208        -            249   7.5e-06   25.3   1.1   5   5       2.5   3.6e+02    0.1   0.0    44    62   642   660   631   667 0.84 transcript=SMTH1_88330.2 gene=SMTH1_88330
SMTH1_88330.4        -            934 581717at33208        -            249   7.5e-06   25.3   1.1   1   5     0.013       1.8    7.6   0.0   180   213   145   179   100   184 0.86 transcript=SMTH1_88330.4 gene=SMTH1_88330
SMTH1_88330.4        -            934 581717at33208        -            249   7.5e-06   25.3   1.1   2   5       1.1   1.6e+02    1.2   0.0   172   218   180   226   177   235 0.86 transcript=SMTH1_88330.4 gene=SMTH1_88330
SMTH1_88330.4        -            934 581717at33208        -            249   7.5e-06   25.3   1.1   3   5      0.54        78    2.3   0.1   174   217   484   527   473   538 0.80 transcript=SMTH1_88330.4 gene=SMTH1_88330
SMTH1_88330.4        -            934 581717at33208        -            249   7.5e-06   25.3   1.1   4   5     0.026       3.8    6.6   0.0   175   216   536   578   530   588 0.85 transcript=SMTH1_88330.4 gene=SMTH1_88330
SMTH1_88330.4        -            934 581717at33208        -            249   7.5e-06   25.3   1.1   5   5       2.5   3.6e+02    0.1   0.0    44    62   642   660   631   667 0.84 transcript=SMTH1_88330.4 gene=SMTH1_88330
SMTH1_92240.1        -            322 581717at33208        -            249   7.6e-06   25.3   0.0   1   4    0.0023      0.33   10.1   0.0   174   218    19    63    13    65 0.93 transcript=SMTH1_92240.1 gene=SMTH1_92240
SMTH1_92240.1        -            322 581717at33208        -            249   7.6e-06   25.3   0.0   2   4    0.0082       1.2    8.2   0.0   174   213    63   103    60   120 0.90 transcript=SMTH1_92240.1 gene=SMTH1_92240
SMTH1_92240.1        -            322 581717at33208        -            249   7.6e-06   25.3   0.0   3   4      0.45        66    2.5   0.0   120   191    85   164    81   182 0.52 transcript=SMTH1_92240.1 gene=SMTH1_92240
SMTH1_92240.1        -            322 581717at33208        -            249   7.6e-06   25.3   0.0   4   4      0.16        23    4.0   0.0   139   228   195   288   168   296 0.74 transcript=SMTH1_92240.1 gene=SMTH1_92240
SMTH1_88330.3        -            945 581717at33208        -            249   7.9e-06   25.2   1.1   1   5     0.013       1.8    7.6   0.0   180   213   156   190   111   195 0.86 transcript=SMTH1_88330.3 gene=SMTH1_88330
SMTH1_88330.3        -            945 581717at33208        -            249   7.9e-06   25.2   1.1   2   5       1.2   1.7e+02    1.2   0.0   172   218   191   237   188   246 0.86 transcript=SMTH1_88330.3 gene=SMTH1_88330
SMTH1_88330.3        -            945 581717at33208        -            249   7.9e-06   25.2   1.1   3   5      0.54        79    2.3   0.1   174   217   495   538   484   549 0.80 transcript=SMTH1_88330.3 gene=SMTH1_88330
SMTH1_88330.3        -            945 581717at33208        -            249   7.9e-06   25.2   1.1   4   5     0.027         4    6.5   0.0   175   216   547   589   541   598 0.85 transcript=SMTH1_88330.3 gene=SMTH1_88330
SMTH1_88330.3        -            945 581717at33208        -            249   7.9e-06   25.2   1.1   5   5       2.5   3.7e+02    0.1   0.0    44    62   653   671   642   678 0.84 transcript=SMTH1_88330.3 gene=SMTH1_88330
SMTH1_62150.1        -            393 581717at33208        -            249   2.3e-05   23.7   0.2   1   2    0.0038      0.55    9.3   0.0   143   218    69   146    63   164 0.81 transcript=SMTH1_62150.1 gene=SMTH1_62150
SMTH1_62150.1        -            393 581717at33208        -            249   2.3e-05   23.7   0.2   2   2   0.00061     0.089   11.9   0.1   113   231   205   335   197   346 0.71 transcript=SMTH1_62150.1 gene=SMTH1_62150
SMTH1_11970.1        -            376 581717at33208        -            249   5.5e-05   22.4   0.0   1   4     0.037       5.4    6.1   0.0   172   220    78   127    43   132 0.86 transcript=SMTH1_11970.1 gene=SMTH1_11970
SMTH1_11970.1        -            376 581717at33208        -            249   5.5e-05   22.4   0.0   2   4      0.42        61    2.6   0.0   187   213   135   161   128   170 0.85 transcript=SMTH1_11970.1 gene=SMTH1_11970
SMTH1_11970.1        -            376 581717at33208        -            249   5.5e-05   22.4   0.0   3   4      0.52        75    2.4   0.0   111   137   179   205   163   210 0.60 transcript=SMTH1_11970.1 gene=SMTH1_11970
SMTH1_11970.1        -            376 581717at33208        -            249   5.5e-05   22.4   0.0   4   4    0.0095       1.4    8.0   0.0   166   211   199   247   189   264 0.79 transcript=SMTH1_11970.1 gene=SMTH1_11970
SMTH1_11970.2        -            376 581717at33208        -            249   5.5e-05   22.4   0.0   1   4     0.037       5.4    6.1   0.0   172   220    78   127    43   132 0.86 transcript=SMTH1_11970.2 gene=SMTH1_11970
SMTH1_11970.2        -            376 581717at33208        -            249   5.5e-05   22.4   0.0   2   4      0.42        61    2.6   0.0   187   213   135   161   128   170 0.85 transcript=SMTH1_11970.2 gene=SMTH1_11970
SMTH1_11970.2        -            376 581717at33208        -            249   5.5e-05   22.4   0.0   3   4      0.52        75    2.4   0.0   111   137   179   205   163   210 0.60 transcript=SMTH1_11970.2 gene=SMTH1_11970
SMTH1_11970.2        -            376 581717at33208        -            249   5.5e-05   22.4   0.0   4   4    0.0095       1.4    8.0   0.0   166   211   199   247   189   264 0.79 transcript=SMTH1_11970.2 gene=SMTH1_11970
SMTH1_9360.1         -            972 581717at33208        -            249   0.00011   21.5   0.0   1   3       0.1        15    4.6   0.0   173   209    39    75    23    97 0.85 transcript=SMTH1_9360.1 gene=SMTH1_9360
SMTH1_9360.1         -            972 581717at33208        -            249   0.00011   21.5   0.0   2   3     0.065       9.4    5.3   0.0   154   212   105   166    96   191 0.75 transcript=SMTH1_9360.1 gene=SMTH1_9360
SMTH1_9360.1         -            972 581717at33208        -            249   0.00011   21.5   0.0   3   3     0.023       3.3    6.8   0.0   172   209   624   661   601   670 0.82 transcript=SMTH1_9360.1 gene=SMTH1_9360
SMTH1_54390.1        -           1113 581717at33208        -            249   0.00014   21.1   0.4   1   4     0.004      0.57    9.3   0.0   162   215   529   582   523   592 0.82 transcript=SMTH1_54390.1 gene=SMTH1_54390
SMTH1_54390.1        -           1113 581717at33208        -            249   0.00014   21.1   0.4   2   4      0.37        54    2.8   0.0   173   213   714   753   703   765 0.85 transcript=SMTH1_54390.1 gene=SMTH1_54390
SMTH1_54390.1        -           1113 581717at33208        -            249   0.00014   21.1   0.4   3   4       1.2   1.7e+02    1.2   0.0   183   213   764   795   752   802 0.84 transcript=SMTH1_54390.1 gene=SMTH1_54390
SMTH1_54390.1        -           1113 581717at33208        -            249   0.00014   21.1   0.4   4   4         1   1.4e+02    1.4   0.0   145   209   907   975   889   991 0.74 transcript=SMTH1_54390.1 gene=SMTH1_54390
SMTH1_71180.1        -            292 581717at33208        -            249   0.00015   21.0   0.2   1   3         2   2.9e+02    0.4   0.0    42    65    36    59    21    74 0.79 transcript=SMTH1_71180.1 gene=SMTH1_71180
SMTH1_71180.1        -            292 581717at33208        -            249   0.00015   21.0   0.2   2   3     0.017       2.5    7.2   0.0   155   225    83   160    70   166 0.67 transcript=SMTH1_71180.1 gene=SMTH1_71180
SMTH1_71180.1        -            292 581717at33208        -            249   0.00015   21.0   0.2   3   3   0.00019     0.027   13.6   0.1   122   210   131   233   130   250 0.79 transcript=SMTH1_71180.1 gene=SMTH1_71180
SMTH1_56680.1        -            489 581717at33208        -            249   0.00023   20.4   0.0   1   3     0.047       6.8    5.8   0.0   168   212   274   319   256   331 0.79 transcript=SMTH1_56680.1 gene=SMTH1_56680
SMTH1_56680.1        -            489 581717at33208        -            249   0.00023   20.4   0.0   2   3     0.016       2.3    7.3   0.0   183   212   332   361   321   376 0.88 transcript=SMTH1_56680.1 gene=SMTH1_56680
SMTH1_56680.1        -            489 581717at33208        -            249   0.00023   20.4   0.0   3   3      0.47        68    2.5   0.0   161   208   392   442   385   472 0.77 transcript=SMTH1_56680.1 gene=SMTH1_56680
SMTH1_57240.1        -            335 581717at33208        -            249   0.00026   20.2   0.0   1   1   1.8e-05    0.0026   17.0   0.0    73   228   110   273    66   282 0.81 transcript=SMTH1_57240.1 gene=SMTH1_57240
SMTH1_5760.1         -            395 581717at33208        -            249   0.00026   20.2   0.2   1   2       3.3   4.8e+02   -0.3   0.0   155   188    56    91    45   137 0.61 transcript=SMTH1_5760.1 gene=SMTH1_5760
SMTH1_5760.1         -            395 581717at33208        -            249   0.00026   20.2   0.2   2   2   9.5e-06    0.0014   17.9   0.0   174   225   137   189   133   200 0.82 transcript=SMTH1_5760.1 gene=SMTH1_5760
SMTH1_5760.2         -            395 581717at33208        -            249   0.00026   20.2   0.2   1   2       3.3   4.8e+02   -0.3   0.0   155   188    56    91    45   137 0.61 transcript=SMTH1_5760.2 gene=SMTH1_5760
SMTH1_5760.2         -            395 581717at33208        -            249   0.00026   20.2   0.2   2   2   9.5e-06    0.0014   17.9   0.0   174   225   137   189   133   200 0.82 transcript=SMTH1_5760.2 gene=SMTH1_5760
SMTH1_5760.3         -            395 581717at33208        -            249   0.00026   20.2   0.2   1   2       3.3   4.8e+02   -0.3   0.0   155   188    56    91    45   137 0.61 transcript=SMTH1_5760.3 gene=SMTH1_5760
SMTH1_5760.3         -            395 581717at33208        -            249   0.00026   20.2   0.2   2   2   9.5e-06    0.0014   17.9   0.0   174   225   137   189   133   200 0.82 transcript=SMTH1_5760.3 gene=SMTH1_5760
SMTH1_5760.4         -            395 581717at33208        -            249   0.00026   20.2   0.2   1   2       3.3   4.8e+02   -0.3   0.0   155   188    56    91    45   137 0.61 transcript=SMTH1_5760.4 gene=SMTH1_5760
SMTH1_5760.4         -            395 581717at33208        -            249   0.00026   20.2   0.2   2   2   9.5e-06    0.0014   17.9   0.0   174   225   137   189   133   200 0.82 transcript=SMTH1_5760.4 gene=SMTH1_5760
SMTH1_57850.2        -            377 581717at33208        -            249   0.00029   20.1   0.0   1   4     0.062       8.9    5.4   0.0    74   108    66   101    60   109 0.85 transcript=SMTH1_57850.2 gene=SMTH1_57850
SMTH1_57850.2        -            377 581717at33208        -            249   0.00029   20.1   0.0   2   4      0.37        54    2.8   0.0   168   218   104   156    95   163 0.84 transcript=SMTH1_57850.2 gene=SMTH1_57850
SMTH1_57850.2        -            377 581717at33208        -            249   0.00029   20.1   0.0   3   4     0.015       2.2    7.4   0.1    77   146   136   202   130   286 0.74 transcript=SMTH1_57850.2 gene=SMTH1_57850
SMTH1_57850.2        -            377 581717at33208        -            249   0.00029   20.1   0.0   4   4       3.2   4.7e+02   -0.3   0.0   181   202   343   364   327   371 0.87 transcript=SMTH1_57850.2 gene=SMTH1_57850
SMTH1_33250.1        -            488 581717at33208        -            249   0.00034   19.8   0.2   1   3      0.11        16    4.5   0.0   183   210   116   143   104   154 0.85 transcript=SMTH1_33250.1 gene=SMTH1_33250
SMTH1_33250.1        -            488 581717at33208        -            249   0.00034   19.8   0.2   2   3       1.1   1.6e+02    1.3   0.0   174   214   151   191   146   207 0.85 transcript=SMTH1_33250.1 gene=SMTH1_33250
SMTH1_33250.1        -            488 581717at33208        -            249   0.00034   19.8   0.2   3   3    0.0031      0.45    9.6   0.3   117   213   211   314   199   327 0.66 transcript=SMTH1_33250.1 gene=SMTH1_33250
SMTH1_57850.1        -            405 581717at33208        -            249   0.00043   19.5   0.0   1   4     0.068       9.9    5.2   0.0    74   108    94   129    89   138 0.85 transcript=SMTH1_57850.1 gene=SMTH1_57850
SMTH1_57850.1        -            405 581717at33208        -            249   0.00043   19.5   0.0   2   4      0.52        76    2.3   0.0   171   218   135   184   129   191 0.83 transcript=SMTH1_57850.1 gene=SMTH1_57850
SMTH1_57850.1        -            405 581717at33208        -            249   0.00043   19.5   0.0   3   4     0.017       2.5    7.2   0.1    77   146   164   230   158   313 0.75 transcript=SMTH1_57850.1 gene=SMTH1_57850
SMTH1_57850.1        -            405 581717at33208        -            249   0.00043   19.5   0.0   4   4       3.6   5.1e+02   -0.4   0.0   181   202   371   392   355   399 0.87 transcript=SMTH1_57850.1 gene=SMTH1_57850
SMTH1_14460.1        -            248 581717at33208        -            249   0.00045   19.5   0.0   1   2       2.1     3e+02    0.4   0.0   188   208    79    99    66   107 0.68 transcript=SMTH1_14460.1 gene=SMTH1_14460
SMTH1_14460.1        -            248 581717at33208        -            249   0.00045   19.5   0.0   2   2   4.3e-05    0.0062   15.7   0.0   117   226   126   243   117   248 0.75 transcript=SMTH1_14460.1 gene=SMTH1_14460
SMTH1_36160.1        -            368 581717at33208        -            249   0.00056   19.1   0.0   1   3    0.0002     0.029   13.5   0.0   121   219    36   140    20   157 0.77 transcript=SMTH1_36160.1 gene=SMTH1_36160
SMTH1_36160.1        -            368 581717at33208        -            249   0.00056   19.1   0.0   2   3       2.5   3.6e+02    0.1   0.0   118   179   165   190   147   216 0.55 transcript=SMTH1_36160.1 gene=SMTH1_36160
SMTH1_36160.1        -            368 581717at33208        -            249   0.00056   19.1   0.0   3   3       1.2   1.8e+02    1.1   0.0    73   122   264   308   259   317 0.73 transcript=SMTH1_36160.1 gene=SMTH1_36160
SMTH1_5620.1         -            257 581717at33208        -            249   0.00058   19.1   0.0   1   2    0.0008      0.12   11.6   0.0   174   215    62   104    50   115 0.84 transcript=SMTH1_5620.1 gene=SMTH1_5620
SMTH1_5620.1         -            257 581717at33208        -            249   0.00058   19.1   0.0   2   2     0.064       9.2    5.3   0.0    69    91   126   148   119   176 0.79 transcript=SMTH1_5620.1 gene=SMTH1_5620
SMTH1_40250.1        -            389 581717at33208        -            249   0.00061   19.0   0.0   1   2    0.0015      0.22   10.7   0.0    73   209   159   303   103   307 0.70 transcript=SMTH1_40250.1 gene=SMTH1_40250
SMTH1_40250.1        -            389 581717at33208        -            249   0.00061   19.0   0.0   2   2      0.97   1.4e+02    1.5   0.0   178   209   358   389   332   389 0.87 transcript=SMTH1_40250.1 gene=SMTH1_40250
SMTH1_74240.1        -            756 581717at33208        -            249   0.00067   18.9   1.0   1   4       3.5   5.1e+02   -0.4   0.0   191   212   348   369   343   389 0.88 transcript=SMTH1_74240.1 gene=SMTH1_74240
SMTH1_74240.1        -            756 581717at33208        -            249   0.00067   18.9   1.0   2   4     0.056       8.1    5.5   0.1   147   208   471   532   464   556 0.79 transcript=SMTH1_74240.1 gene=SMTH1_74240
SMTH1_74240.1        -            756 581717at33208        -            249   0.00067   18.9   1.0   3   4      0.41        59    2.7   0.0   195   228   559   593   538   601 0.79 transcript=SMTH1_74240.1 gene=SMTH1_74240
SMTH1_74240.1        -            756 581717at33208        -            249   0.00067   18.9   1.0   4   4      0.06       8.7    5.4   0.0    14    61   613   660   602   679 0.84 transcript=SMTH1_74240.1 gene=SMTH1_74240
SMTH1_34990.1        -            914 581717at33208        -            249   0.00076   18.7   0.0   1   1   1.1e-05    0.0016   17.7   0.0   154   219    54   122    40   141 0.82 transcript=SMTH1_34990.1 gene=SMTH1_34990
SMTH1_34990.3        -            968 581717at33208        -            249   0.00083   18.6   0.0   1   1   1.2e-05    0.0017   17.5   0.0   154   219    54   122    40   141 0.82 transcript=SMTH1_34990.3 gene=SMTH1_34990
SMTH1_105700.1       -            327 581717at33208        -            249    0.0011   18.2   0.0   1   3       1.7   2.5e+02    0.6   0.0   174   221    45    92    17    99 0.88 transcript=SMTH1_105700.1 gene=SMTH1_105700
SMTH1_105700.1       -            327 581717at33208        -            249    0.0011   18.2   0.0   2   3     0.021         3    6.9   0.0   155   223   161   231   156   247 0.84 transcript=SMTH1_105700.1 gene=SMTH1_105700
SMTH1_105700.1       -            327 581717at33208        -            249    0.0011   18.2   0.0   3   3     0.025       3.6    6.7   0.0   152   213   255   318   239   322 0.82 transcript=SMTH1_105700.1 gene=SMTH1_105700
SMTH1_21000.1        -            709 581717at33208        -            249    0.0012   18.1   0.0   1   3      0.76   1.1e+02    1.8   0.0   184   213   363   392   360   419 0.74 transcript=SMTH1_21000.1 gene=SMTH1_21000
SMTH1_21000.1        -            709 581717at33208        -            249    0.0012   18.1   0.0   2   3       2.2   3.2e+02    0.3   0.0   176   211   410   445   403   448 0.86 transcript=SMTH1_21000.1 gene=SMTH1_21000
SMTH1_21000.1        -            709 581717at33208        -            249    0.0012   18.1   0.0   3   3    0.0012      0.17   11.0   0.0   155   210   603   660   594   673 0.85 transcript=SMTH1_21000.1 gene=SMTH1_21000
SMTH1_89090.1        -            553 581717at33208        -            249    0.0012   18.1   0.4   1   2       1.8   2.7e+02    0.5   0.0   155   213    50   110    41   144 0.80 transcript=SMTH1_89090.1 gene=SMTH1_89090
SMTH1_89090.1        -            553 581717at33208        -            249    0.0012   18.1   0.4   2   2   9.4e-05     0.014   14.6   0.0   155   218   177   245   163   257 0.86 transcript=SMTH1_89090.1 gene=SMTH1_89090
SMTH1_34990.2        -            940 581717at33208        -            249    0.0015   17.8   0.0   1   1   2.1e-05    0.0031   16.7   0.0   161   219    36    94    20   113 0.86 transcript=SMTH1_34990.2 gene=SMTH1_34990
SMTH1_81110.1        -           1216 581717at33208        -            249    0.0017   17.5   0.0   1   3       1.8   2.6e+02    0.6   0.0    72    91   925   943   903   951 0.67 transcript=SMTH1_81110.1 gene=SMTH1_81110
SMTH1_81110.1        -           1216 581717at33208        -            249    0.0017   17.5   0.0   2   3       4.7   6.8e+02   -0.8   0.0    74    90   990  1006   954  1011 0.81 transcript=SMTH1_81110.1 gene=SMTH1_81110
SMTH1_81110.1        -           1216 581717at33208        -            249    0.0017   17.5   0.0   3   3   0.00037     0.053   12.7   0.0   161   216  1040  1097  1021  1109 0.83 transcript=SMTH1_81110.1 gene=SMTH1_81110
SMTH1_62900.1        -            514 581717at33208        -            249    0.0026   16.9   0.0   1   3     0.017       2.5    7.2   0.0   184   225   217   259   210   270 0.73 transcript=SMTH1_62900.1 gene=SMTH1_62900
SMTH1_62900.1        -            514 581717at33208        -            249    0.0026   16.9   0.0   2   3     0.065       9.3    5.3   0.1   178   228   304   356   276   363 0.72 transcript=SMTH1_62900.1 gene=SMTH1_62900
SMTH1_62900.1        -            514 581717at33208        -            249    0.0026   16.9   0.0   3   3     0.086        12    4.9   0.1   180   229   306   357   297   390 0.76 transcript=SMTH1_62900.1 gene=SMTH1_62900
SMTH1_21260.1        -            320 581717at33208        -            249     0.003   16.7   0.1   1   3      0.81   1.2e+02    1.7   0.0   172   219    12    59     6    82 0.81 transcript=SMTH1_21260.1 gene=SMTH1_21260
SMTH1_21260.1        -            320 581717at33208        -            249     0.003   16.7   0.1   2   3     0.028       4.1    6.5   0.1   158   218    85   144    68   153 0.80 transcript=SMTH1_21260.1 gene=SMTH1_21260
SMTH1_21260.1        -            320 581717at33208        -            249     0.003   16.7   0.1   3   3       0.1        15    4.6   0.0    75   135   162   224   159   234 0.81 transcript=SMTH1_21260.1 gene=SMTH1_21260
SMTH1_4140.2         -            514 581717at33208        -            249    0.0032   16.7   0.1   1   2     0.011       1.6    7.8   0.0   152   213   118   183    59   194 0.76 transcript=SMTH1_4140.2 gene=SMTH1_4140
SMTH1_4140.2         -            514 581717at33208        -            249    0.0032   16.7   0.1   2   2     0.025       3.6    6.7   0.0   156   212   255   315   218   355 0.67 transcript=SMTH1_4140.2 gene=SMTH1_4140
SMTH1_6280.1         -            424 581717at33208        -            249    0.0032   16.7   0.0   1   1   5.2e-05    0.0076   15.4   0.0   155   212   287   348   228   356 0.81 transcript=SMTH1_6280.1 gene=SMTH1_6280
SMTH1_76050.2        -            723 581717at33208        -            249    0.0033   16.6   1.4   1   3       1.3   1.8e+02    1.1   0.0   169   214   327   370   302   383 0.82 transcript=SMTH1_76050.2 gene=SMTH1_76050
SMTH1_76050.2        -            723 581717at33208        -            249    0.0033   16.6   1.4   2   3   0.00048     0.069   12.3   0.8    81   217   358   497   320   515 0.71 transcript=SMTH1_76050.2 gene=SMTH1_76050
SMTH1_76050.2        -            723 581717at33208        -            249    0.0033   16.6   1.4   3   3   0.00059     0.086   12.0   0.7    69   212   386   532   372   570 0.55 transcript=SMTH1_76050.2 gene=SMTH1_76050
SMTH1_49450.1        -            666 581717at33208        -            249    0.0036   16.5   0.0   1   2    0.0015      0.22   10.7   0.0   176   223   247   295   243   313 0.87 transcript=SMTH1_49450.1 gene=SMTH1_49450
SMTH1_49450.1        -            666 581717at33208        -            249    0.0036   16.5   0.0   2   2      0.24        35    3.4   0.0   155   198   592   638   530   651 0.66 transcript=SMTH1_49450.1 gene=SMTH1_49450
SMTH1_79380.1        -            376 581717at33208        -            249    0.0038   16.4   0.1   1   3     0.083        12    5.0   0.0   173   213    82   122    64   149 0.87 transcript=SMTH1_79380.1 gene=SMTH1_79380
SMTH1_79380.1        -            376 581717at33208        -            249    0.0038   16.4   0.1   2   3       8.8   1.3e+03   -1.7   0.0   193   218   153   178   145   191 0.70 transcript=SMTH1_79380.1 gene=SMTH1_79380
SMTH1_79380.1        -            376 581717at33208        -            249    0.0038   16.4   0.1   3   3     0.019       2.7    7.1   0.1   184   226   188   228   176   254 0.68 transcript=SMTH1_79380.1 gene=SMTH1_79380
SMTH1_24130.1        -            932 581717at33208        -            249     0.004   16.4   0.3   1   5       0.5        72    2.4   0.0   176   210   530   564   526   569 0.82 transcript=SMTH1_24130.1 gene=SMTH1_24130
SMTH1_24130.1        -            932 581717at33208        -            249     0.004   16.4   0.3   2   5       4.1     6e+02   -0.6   0.0   152   171   742   761   736   764 0.85 transcript=SMTH1_24130.1 gene=SMTH1_24130
SMTH1_24130.1        -            932 581717at33208        -            249     0.004   16.4   0.3   3   5       1.6   2.4e+02    0.7   0.1   182   224   805   847   801   861 0.80 transcript=SMTH1_24130.1 gene=SMTH1_24130
SMTH1_24130.1        -            932 581717at33208        -            249     0.004   16.4   0.3   4   5      0.84   1.2e+02    1.7   0.0   182   216   856   890   846   896 0.86 transcript=SMTH1_24130.1 gene=SMTH1_24130
SMTH1_24130.1        -            932 581717at33208        -            249     0.004   16.4   0.3   5   5      0.19        27    3.8   0.0   182   209   902   929   892   932 0.86 transcript=SMTH1_24130.1 gene=SMTH1_24130
SMTH1_82250.1        -            957 581717at33208        -            249    0.0041   16.3   1.1   1   4      0.15        21    4.1   0.0   172   212   150   190   143   203 0.86 transcript=SMTH1_82250.1 gene=SMTH1_82250
SMTH1_82250.1        -            957 581717at33208        -            249    0.0041   16.3   1.1   2   4      0.59        85    2.2   0.1    75    89   368   382   364   384 0.89 transcript=SMTH1_82250.1 gene=SMTH1_82250
SMTH1_82250.1        -            957 581717at33208        -            249    0.0041   16.3   1.1   3   4      0.06       8.7    5.4   0.0   173   210   387   425   384   435 0.86 transcript=SMTH1_82250.1 gene=SMTH1_82250
SMTH1_82250.1        -            957 581717at33208        -            249    0.0041   16.3   1.1   4   4       9.6   1.4e+03   -1.8   0.0   185   204   444   463   428   479 0.79 transcript=SMTH1_82250.1 gene=SMTH1_82250
SMTH1_76050.1        -            866 581717at33208        -            249    0.0055   15.9   1.3   1   3       1.7   2.5e+02    0.6   0.0   169   213   470   512   446   523 0.82 transcript=SMTH1_76050.1 gene=SMTH1_76050
SMTH1_76050.1        -            866 581717at33208        -            249    0.0055   15.9   1.3   2   3   0.00068     0.098   11.8   0.8    81   217   501   640   464   657 0.71 transcript=SMTH1_76050.1 gene=SMTH1_76050
SMTH1_76050.1        -            866 581717at33208        -            249    0.0055   15.9   1.3   3   3   0.00078      0.11   11.6   0.7    69   212   529   675   514   712 0.54 transcript=SMTH1_76050.1 gene=SMTH1_76050
SMTH1_47430.1        -            398 581717at33208        -            249    0.0067   15.6   0.3   1   3      0.99   1.4e+02    1.4   0.0   192   227   110   146   102   162 0.62 transcript=SMTH1_47430.1 gene=SMTH1_47430
SMTH1_47430.1        -            398 581717at33208        -            249    0.0067   15.6   0.3   2   3         4   5.8e+02   -0.6   0.1    28    87   163   224   138   228 0.48 transcript=SMTH1_47430.1 gene=SMTH1_47430
SMTH1_47430.1        -            398 581717at33208        -            249    0.0067   15.6   0.3   3   3    0.0023      0.33   10.1   0.0   166   212   299   346   288   359 0.87 transcript=SMTH1_47430.1 gene=SMTH1_47430
SMTH1_1080.1         -            676 581717at33208        -            249    0.0069   15.6   0.1   1   1   0.00015     0.022   13.9   0.0   157   212   245   313   242   326 0.81 transcript=SMTH1_1080.1 gene=SMTH1_1080
SMTH1_66980.1        -            620 581717at33208        -            249    0.0078   15.4   0.1   1   6       4.6   6.7e+02   -0.8   0.0    46    65    72    91    64   101 0.83 transcript=SMTH1_66980.1 gene=SMTH1_66980
SMTH1_66980.1        -            620 581717at33208        -            249    0.0078   15.4   0.1   2   6       6.1   8.8e+02   -1.2   0.0   163   202   127   166   103   172 0.79 transcript=SMTH1_66980.1 gene=SMTH1_66980
SMTH1_66980.1        -            620 581717at33208        -            249    0.0078   15.4   0.1   3   6       3.7   5.3e+02   -0.4   0.0   174   212   181   219   178   226 0.87 transcript=SMTH1_66980.1 gene=SMTH1_66980
SMTH1_66980.1        -            620 581717at33208        -            249    0.0078   15.4   0.1   4   6     0.025       3.5    6.7   0.0   181   218   232   269   229   284 0.81 transcript=SMTH1_66980.1 gene=SMTH1_66980
SMTH1_66980.1        -            620 581717at33208        -            249    0.0078   15.4   0.1   5   6       5.4   7.8e+02   -1.0   0.0   156   203   339   388   327   419 0.67 transcript=SMTH1_66980.1 gene=SMTH1_66980
SMTH1_66980.1        -            620 581717at33208        -            249    0.0078   15.4   0.1   6   6       5.3   7.7e+02   -1.0   0.0    22    59   582   619   570   620 0.85 transcript=SMTH1_66980.1 gene=SMTH1_66980
SMTH1_43760.1        -            383 581717at33208        -            249     0.012   14.8   0.1   1   2    0.0029      0.42    9.7   0.0   134   210     9    88     3   115 0.72 transcript=SMTH1_43760.1 gene=SMTH1_43760
SMTH1_43760.1        -            383 581717at33208        -            249     0.012   14.8   0.1   2   2      0.59        85    2.2   0.0    41    77   235   273   224   281 0.70 transcript=SMTH1_43760.1 gene=SMTH1_43760
SMTH1_73090.2        -            871 581717at33208        -            249     0.015   14.4   0.1   1   3       3.9   5.7e+02   -0.5   0.0    74    93   494   513   481   516 0.84 transcript=SMTH1_73090.2 gene=SMTH1_73090
SMTH1_73090.2        -            871 581717at33208        -            249     0.015   14.4   0.1   2   3      0.27        39    3.3   0.0    77    90   555   568   549   576 0.90 transcript=SMTH1_73090.2 gene=SMTH1_73090
SMTH1_73090.2        -            871 581717at33208        -            249     0.015   14.4   0.1   3   3     0.018       2.6    7.1   0.0   161   213   601   655   580   678 0.84 transcript=SMTH1_73090.2 gene=SMTH1_73090
SMTH1_27430.1        -            500 581717at33208        -            249     0.018   14.2   0.1   1   3         4   5.7e+02   -0.5   0.0   152   185   240   273   229   312 0.54 transcript=SMTH1_27430.1 gene=SMTH1_27430
SMTH1_27430.1        -            500 581717at33208        -            249     0.018   14.2   0.1   2   3       5.6   8.1e+02   -1.0   0.0   181   209   316   344   279   363 0.69 transcript=SMTH1_27430.1 gene=SMTH1_27430
SMTH1_27430.1        -            500 581717at33208        -            249     0.018   14.2   0.1   3   3    0.0015      0.22   10.7   0.1   181   219   446   484   437   497 0.81 transcript=SMTH1_27430.1 gene=SMTH1_27430
SMTH1_27430.2        -            500 581717at33208        -            249     0.018   14.2   0.1   1   3         4   5.7e+02   -0.5   0.0   152   185   240   273   229   312 0.54 transcript=SMTH1_27430.2 gene=SMTH1_27430
SMTH1_27430.2        -            500 581717at33208        -            249     0.018   14.2   0.1   2   3       5.6   8.1e+02   -1.0   0.0   181   209   316   344   279   363 0.69 transcript=SMTH1_27430.2 gene=SMTH1_27430
SMTH1_27430.2        -            500 581717at33208        -            249     0.018   14.2   0.1   3   3    0.0015      0.22   10.7   0.1   181   219   446   484   437   497 0.81 transcript=SMTH1_27430.2 gene=SMTH1_27430
SMTH1_73090.3        -            930 581717at33208        -            249     0.018   14.2   0.1   1   3       4.3   6.2e+02   -0.6   0.0    74    93   553   572   541   575 0.84 transcript=SMTH1_73090.3 gene=SMTH1_73090
SMTH1_73090.3        -            930 581717at33208        -            249     0.018   14.2   0.1   2   3      0.31        44    3.1   0.0    77    90   614   627   608   629 0.89 transcript=SMTH1_73090.3 gene=SMTH1_73090
SMTH1_73090.3        -            930 581717at33208        -            249     0.018   14.2   0.1   3   3     0.021       3.1    6.9   0.0   161   213   660   714   651   737 0.83 transcript=SMTH1_73090.3 gene=SMTH1_73090
SMTH1_73090.4        -            929 581717at33208        -            249     0.018   14.2   0.1   1   3       4.3   6.2e+02   -0.6   0.0    74    93   552   571   540   574 0.84 transcript=SMTH1_73090.4 gene=SMTH1_73090
SMTH1_73090.4        -            929 581717at33208        -            249     0.018   14.2   0.1   2   3      0.31        44    3.1   0.0    77    90   613   626   607   628 0.89 transcript=SMTH1_73090.4 gene=SMTH1_73090
SMTH1_73090.4        -            929 581717at33208        -            249     0.018   14.2   0.1   3   3     0.021       3.1    6.9   0.0   161   213   659   713   650   736 0.83 transcript=SMTH1_73090.4 gene=SMTH1_73090
SMTH1_73090.1        -            980 581717at33208        -            249      0.02   14.1   0.1   1   3       4.5   6.5e+02   -0.7   0.0    74    93   603   622   591   625 0.84 transcript=SMTH1_73090.1 gene=SMTH1_73090
SMTH1_73090.1        -            980 581717at33208        -            249      0.02   14.1   0.1   2   3      0.17        24    4.0   0.1    77    90   664   677   658   722 0.68 transcript=SMTH1_73090.1 gene=SMTH1_73090
SMTH1_73090.1        -            980 581717at33208        -            249      0.02   14.1   0.1   3   3     0.023       3.3    6.8   0.0   161   213   710   764   702   787 0.83 transcript=SMTH1_73090.1 gene=SMTH1_73090
SMTH1_53450.1        -            374 581717at33208        -            249     0.022   13.9   0.1   1   3       2.7   3.9e+02    0.0   0.0    69    89    74    94    38    96 0.70 transcript=SMTH1_53450.1 gene=SMTH1_53450
SMTH1_53450.1        -            374 581717at33208        -            249     0.022   13.9   0.1   2   3      0.11        16    4.5   0.0   120   147   131   157   122   169 0.63 transcript=SMTH1_53450.1 gene=SMTH1_53450
SMTH1_53450.1        -            374 581717at33208        -            249     0.022   13.9   0.1   3   3     0.095        14    4.8   0.1    81   213   197   252   182   264 0.51 transcript=SMTH1_53450.1 gene=SMTH1_53450
SMTH1_43230.1        -           1167 581717at33208        -            249     0.027   13.6   0.0   1   2       4.5   6.6e+02   -0.7   0.0    37    67    18    48     8    60 0.68 transcript=SMTH1_43230.1 gene=SMTH1_43230
SMTH1_43230.1        -           1167 581717at33208        -            249     0.027   13.6   0.0   2   2    0.0011      0.16   11.1   0.0   159   225   111   182    25   192 0.84 transcript=SMTH1_43230.1 gene=SMTH1_43230
SMTH1_68500.1        -            601 581717at33208        -            249     0.027   13.6   0.0   1   3      0.46        67    2.5   0.0   173   212   305   344   289   387 0.77 transcript=SMTH1_68500.1 gene=SMTH1_68500
SMTH1_68500.1        -            601 581717at33208        -            249     0.027   13.6   0.0   2   3      0.22        32    3.6   0.0   164   214   426   478   410   485 0.77 transcript=SMTH1_68500.1 gene=SMTH1_68500
SMTH1_68500.1        -            601 581717at33208        -            249     0.027   13.6   0.0   3   3     0.037       5.4    6.1   0.0   165   222   469   528   459   534 0.85 transcript=SMTH1_68500.1 gene=SMTH1_68500
SMTH1_95630.1        -            393 581717at33208        -            249     0.035   13.3   0.0   1   2    0.0018      0.26   10.4   0.0   127   212   233   321   212   329 0.79 transcript=SMTH1_95630.1 gene=SMTH1_95630
SMTH1_95630.1        -            393 581717at33208        -            249     0.035   13.3   0.0   2   2         9   1.3e+03   -1.7   0.0   181   214   346   380   341   387 0.69 transcript=SMTH1_95630.1 gene=SMTH1_95630
SMTH1_83290.1        -            853 581717at33208        -            249     0.038   13.2   0.2   1   2     0.077        11    5.1   0.0   156   220   101   168    88   184 0.82 transcript=SMTH1_83290.1 gene=SMTH1_83290
SMTH1_83290.1        -            853 581717at33208        -            249     0.038   13.2   0.2   2   2      0.12        17    4.5   0.0   184   216   449   481   435   518 0.74 transcript=SMTH1_83290.1 gene=SMTH1_83290
SMTH1_5380.1         -            373 581717at33208        -            249     0.039   13.1   0.0   1   2    0.0068      0.99    8.5   0.0   173   214    48    89    44    99 0.86 transcript=SMTH1_5380.1 gene=SMTH1_5380
SMTH1_5380.1         -            373 581717at33208        -            249     0.039   13.1   0.0   2   2      0.67        98    2.0   0.0   181   210   147   176   139   186 0.85 transcript=SMTH1_5380.1 gene=SMTH1_5380
SMTH1_15070.1        -            693 581717at33208        -            249      0.05   12.8   0.1   1   3       4.8   6.9e+02   -0.8   0.0    70    90    60    80    15    82 0.81 transcript=SMTH1_15070.1 gene=SMTH1_15070
SMTH1_15070.1        -            693 581717at33208        -            249      0.05   12.8   0.1   2   3      0.15        21    4.2   0.0   168   234   126   192    98   198 0.78 transcript=SMTH1_15070.1 gene=SMTH1_15070
SMTH1_15070.1        -            693 581717at33208        -            249      0.05   12.8   0.1   3   3      0.12        17    4.4   0.0   183   214   300   331   289   357 0.82 transcript=SMTH1_15070.1 gene=SMTH1_15070
SMTH1_83290.2        -           1044 581717at33208        -            249     0.068   12.3   0.2   1   2       0.1        14    4.7   0.0   156   220   101   168    88   184 0.82 transcript=SMTH1_83290.2 gene=SMTH1_83290
SMTH1_83290.2        -           1044 581717at33208        -            249     0.068   12.3   0.2   2   2      0.15        22    4.1   0.0   184   216   449   481   435   517 0.74 transcript=SMTH1_83290.2 gene=SMTH1_83290
SMTH1_83290.3        -           1044 581717at33208        -            249     0.068   12.3   0.2   1   2       0.1        14    4.7   0.0   156   220   101   168    88   184 0.82 transcript=SMTH1_83290.3 gene=SMTH1_83290
SMTH1_83290.3        -           1044 581717at33208        -            249     0.068   12.3   0.2   2   2      0.15        22    4.1   0.0   184   216   449   481   435   517 0.74 transcript=SMTH1_83290.3 gene=SMTH1_83290
SMTH1_8680.1         -            551 581717at33208        -            249     0.069   12.3   0.0   1   1    0.0016      0.23   10.6   0.0   173   225   153   205   144   223 0.88 transcript=SMTH1_8680.1 gene=SMTH1_8680
SMTH1_64840.1        -            605 581717at33208        -            249     0.074   12.2   2.3   1   4      0.27        40    3.3   0.1    74    89   109   124   106   128 0.91 transcript=SMTH1_64840.1 gene=SMTH1_64840
SMTH1_64840.1        -            605 581717at33208        -            249     0.074   12.2   2.3   2   4      0.63        91    2.1   0.0    40    64   206   230   195   244 0.69 transcript=SMTH1_64840.1 gene=SMTH1_64840
SMTH1_64840.1        -            605 581717at33208        -            249     0.074   12.2   2.3   3   4       1.6   2.4e+02    0.7   0.0    78   124   320   365   269   378 0.80 transcript=SMTH1_64840.1 gene=SMTH1_64840
SMTH1_64840.1        -            605 581717at33208        -            249     0.074   12.2   2.3   4   4       1.3   1.9e+02    1.0   0.0   169   208   385   424   375   448 0.81 transcript=SMTH1_64840.1 gene=SMTH1_64840
SMTH1_13480.2        -            873 581717at33208        -            249     0.077   12.1   0.0   1   3       6.4   9.3e+02   -1.2   0.0   193   230   115   152    99   170 0.73 transcript=SMTH1_13480.2 gene=SMTH1_13480
SMTH1_13480.2        -            873 581717at33208        -            249     0.077   12.1   0.0   2   3       7.3   1.1e+03   -1.4   0.0   187   207   157   177   115   186 0.56 transcript=SMTH1_13480.2 gene=SMTH1_13480
SMTH1_13480.2        -            873 581717at33208        -            249     0.077   12.1   0.0   3   3    0.0044      0.64    9.1   0.0   172   210   234   272   205   285 0.90 transcript=SMTH1_13480.2 gene=SMTH1_13480
SMTH1_13480.3        -            873 581717at33208        -            249     0.077   12.1   0.0   1   3       6.4   9.3e+02   -1.2   0.0   193   230   115   152    99   170 0.73 transcript=SMTH1_13480.3 gene=SMTH1_13480
SMTH1_13480.3        -            873 581717at33208        -            249     0.077   12.1   0.0   2   3       7.3   1.1e+03   -1.4   0.0   187   207   157   177   115   186 0.56 transcript=SMTH1_13480.3 gene=SMTH1_13480
SMTH1_13480.3        -            873 581717at33208        -            249     0.077   12.1   0.0   3   3    0.0044      0.64    9.1   0.0   172   210   234   272   205   285 0.90 transcript=SMTH1_13480.3 gene=SMTH1_13480
SMTH1_13480.4        -            873 581717at33208        -            249     0.077   12.1   0.0   1   3       6.4   9.3e+02   -1.2   0.0   193   230   115   152    99   170 0.73 transcript=SMTH1_13480.4 gene=SMTH1_13480
SMTH1_13480.4        -            873 581717at33208        -            249     0.077   12.1   0.0   2   3       7.3   1.1e+03   -1.4   0.0   187   207   157   177   115   186 0.56 transcript=SMTH1_13480.4 gene=SMTH1_13480
SMTH1_13480.4        -            873 581717at33208        -            249     0.077   12.1   0.0   3   3    0.0044      0.64    9.1   0.0   172   210   234   272   205   285 0.90 transcript=SMTH1_13480.4 gene=SMTH1_13480
SMTH1_13480.5        -            873 581717at33208        -            249     0.077   12.1   0.0   1   3       6.4   9.3e+02   -1.2   0.0   193   230   115   152    99   170 0.73 transcript=SMTH1_13480.5 gene=SMTH1_13480
SMTH1_13480.5        -            873 581717at33208        -            249     0.077   12.1   0.0   2   3       7.3   1.1e+03   -1.4   0.0   187   207   157   177   115   186 0.56 transcript=SMTH1_13480.5 gene=SMTH1_13480
SMTH1_13480.5        -            873 581717at33208        -            249     0.077   12.1   0.0   3   3    0.0044      0.64    9.1   0.0   172   210   234   272   205   285 0.90 transcript=SMTH1_13480.5 gene=SMTH1_13480
SMTH1_13480.6        -            873 581717at33208        -            249     0.077   12.1   0.0   1   3       6.4   9.3e+02   -1.2   0.0   193   230   115   152    99   170 0.73 transcript=SMTH1_13480.6 gene=SMTH1_13480
SMTH1_13480.6        -            873 581717at33208        -            249     0.077   12.1   0.0   2   3       7.3   1.1e+03   -1.4   0.0   187   207   157   177   115   186 0.56 transcript=SMTH1_13480.6 gene=SMTH1_13480
SMTH1_13480.6        -            873 581717at33208        -            249     0.077   12.1   0.0   3   3    0.0044      0.64    9.1   0.0   172   210   234   272   205   285 0.90 transcript=SMTH1_13480.6 gene=SMTH1_13480
SMTH1_13480.7        -            873 581717at33208        -            249     0.077   12.1   0.0   1   3       6.4   9.3e+02   -1.2   0.0   193   230   115   152    99   170 0.73 transcript=SMTH1_13480.7 gene=SMTH1_13480
SMTH1_13480.7        -            873 581717at33208        -            249     0.077   12.1   0.0   2   3       7.3   1.1e+03   -1.4   0.0   187   207   157   177   115   186 0.56 transcript=SMTH1_13480.7 gene=SMTH1_13480
SMTH1_13480.7        -            873 581717at33208        -            249     0.077   12.1   0.0   3   3    0.0044      0.64    9.1   0.0   172   210   234   272   205   285 0.90 transcript=SMTH1_13480.7 gene=SMTH1_13480
SMTH1_13480.8        -            873 581717at33208        -            249     0.077   12.1   0.0   1   3       6.4   9.3e+02   -1.2   0.0   193   230   115   152    99   170 0.73 transcript=SMTH1_13480.8 gene=SMTH1_13480
SMTH1_13480.8        -            873 581717at33208        -            249     0.077   12.1   0.0   2   3       7.3   1.1e+03   -1.4   0.0   187   207   157   177   115   186 0.56 transcript=SMTH1_13480.8 gene=SMTH1_13480
SMTH1_13480.8        -            873 581717at33208        -            249     0.077   12.1   0.0   3   3    0.0044      0.64    9.1   0.0   172   210   234   272   205   285 0.90 transcript=SMTH1_13480.8 gene=SMTH1_13480
SMTH1_13480.9        -            873 581717at33208        -            249     0.077   12.1   0.0   1   3       6.4   9.3e+02   -1.2   0.0   193   230   115   152    99   170 0.73 transcript=SMTH1_13480.9 gene=SMTH1_13480
SMTH1_13480.9        -            873 581717at33208        -            249     0.077   12.1   0.0   2   3       7.3   1.1e+03   -1.4   0.0   187   207   157   177   115   186 0.56 transcript=SMTH1_13480.9 gene=SMTH1_13480
SMTH1_13480.9        -            873 581717at33208        -            249     0.077   12.1   0.0   3   3    0.0044      0.64    9.1   0.0   172   210   234   272   205   285 0.90 transcript=SMTH1_13480.9 gene=SMTH1_13480
SMTH1_28720.1        -            332 581717at33208        -            249      0.11   11.7   0.0   1   4      0.02       2.9    7.0   0.0   108   145    88   124    56   147 0.73 transcript=SMTH1_28720.1 gene=SMTH1_28720
SMTH1_28720.1        -            332 581717at33208        -            249      0.11   11.7   0.0   2   4       3.9   5.6e+02   -0.5   0.0   179   233   127   185   119   194 0.67 transcript=SMTH1_28720.1 gene=SMTH1_28720
SMTH1_28720.1        -            332 581717at33208        -            249      0.11   11.7   0.0   3   4       9.9   1.4e+03   -1.8   0.0   107   128   229   251   222   267 0.71 transcript=SMTH1_28720.1 gene=SMTH1_28720
SMTH1_28720.1        -            332 581717at33208        -            249      0.11   11.7   0.0   4   4       3.7   5.4e+02   -0.5   0.0   109   137   276   305   237   327 0.59 transcript=SMTH1_28720.1 gene=SMTH1_28720
SMTH1_28720.2        -            332 581717at33208        -            249      0.11   11.7   0.0   1   4      0.02       2.9    7.0   0.0   108   145    88   124    56   147 0.73 transcript=SMTH1_28720.2 gene=SMTH1_28720
SMTH1_28720.2        -            332 581717at33208        -            249      0.11   11.7   0.0   2   4       3.9   5.6e+02   -0.5   0.0   179   233   127   185   119   194 0.67 transcript=SMTH1_28720.2 gene=SMTH1_28720
SMTH1_28720.2        -            332 581717at33208        -            249      0.11   11.7   0.0   3   4       9.9   1.4e+03   -1.8   0.0   107   128   229   251   222   267 0.71 transcript=SMTH1_28720.2 gene=SMTH1_28720
SMTH1_28720.2        -            332 581717at33208        -            249      0.11   11.7   0.0   4   4       3.7   5.4e+02   -0.5   0.0   109   137   276   305   237   327 0.59 transcript=SMTH1_28720.2 gene=SMTH1_28720
SMTH1_49690.1        -           1063 581717at33208        -            249      0.14   11.3   0.0   1   1    0.0052      0.75    8.9   0.0   178   208   550   580   519   594 0.75 transcript=SMTH1_49690.1 gene=SMTH1_49690
SMTH1_13480.1        -            722 581717at33208        -            249      0.18   10.9   0.0   1   1    0.0035      0.51    9.4   0.0   172   210    83   121    63   135 0.89 transcript=SMTH1_13480.1 gene=SMTH1_13480
#
# Program:         hmmsearch
# Version:         3.4 (Aug 2023)
# Pipeline mode:   SEARCH
# Query file:      /users/40483456/busco_datasets/busco_downloads/lineages/metazoa_odb10/hmms/581717at33208.hmm
# Target file:     /users/40483456/protein/schistosoma_mattheei.fa
# Option settings: hmmsearch --domtblout /users/40483456/busco/results_pro/schistosoma_mattheei_busco/run_metazoa_odb10/hmmer_output/initial_run_results/581717at33208.out --cpu 1 /users/40483456/busco_datasets/busco_downloads/lineages/metazoa_odb10/hmms/581717at33208.hmm /users/40483456/protein/schistosoma_mattheei.fa 
# Current dir:     /users/40483456
# Date:            Thu Jan 15 17:56:51 2026
# [ok]
