#                                                                            --- full sequence --- -------------- this domain -------------   hmm coord   ali coord   env coord
# target name        accession   tlen query name           accession   qlen   E-value  score  bias   #  of  c-Evalue  i-Evalue  score  bias  from    to  from    to  from    to  acc description of target
#------------------- ---------- ----- -------------------- ---------- ----- --------- ------ ----- --- --- --------- --------- ------ ----- ----- ----- ----- ----- ----- ----- ---- ---------------------
SMTH1_42310.19       -           1236 63697at33208         -            947         0 1896.7  26.7   1   5      0.14     1e+02    0.4   0.4    21    53    89   121    78   130 0.85 transcript=SMTH1_42310.19 gene=SMTH1_42310
SMTH1_42310.19       -           1236 63697at33208         -            947         0 1896.7  26.7   2   5   2.6e-05     0.018   12.8   1.0    17    53   136   171   124   188 0.80 transcript=SMTH1_42310.19 gene=SMTH1_42310
SMTH1_42310.19       -           1236 63697at33208         -            947         0 1896.7  26.7   3   5   0.00048      0.34    8.6   0.1    27    65   193   230   177   235 0.81 transcript=SMTH1_42310.19 gene=SMTH1_42310
SMTH1_42310.19       -           1236 63697at33208         -            947         0 1896.7  26.7   4   5   1.1e-27     8e-25   86.8   0.5    59   121   291   354   264   360 0.89 transcript=SMTH1_42310.19 gene=SMTH1_42310
SMTH1_42310.19       -           1236 63697at33208         -            947         0 1896.7  26.7   5   5         0         0 1802.9   2.7   119   942   394  1224   379  1232 0.99 transcript=SMTH1_42310.19 gene=SMTH1_42310
SMTH1_42310.4        -           1236 63697at33208         -            947         0 1896.7  26.7   1   5      0.14     1e+02    0.4   0.4    21    53    89   121    78   130 0.85 transcript=SMTH1_42310.4 gene=SMTH1_42310
SMTH1_42310.4        -           1236 63697at33208         -            947         0 1896.7  26.7   2   5   2.6e-05     0.018   12.8   1.0    17    53   136   171   124   188 0.80 transcript=SMTH1_42310.4 gene=SMTH1_42310
SMTH1_42310.4        -           1236 63697at33208         -            947         0 1896.7  26.7   3   5   0.00048      0.34    8.6   0.1    27    65   193   230   177   235 0.81 transcript=SMTH1_42310.4 gene=SMTH1_42310
SMTH1_42310.4        -           1236 63697at33208         -            947         0 1896.7  26.7   4   5   1.1e-27     8e-25   86.8   0.5    59   121   291   354   264   360 0.89 transcript=SMTH1_42310.4 gene=SMTH1_42310
SMTH1_42310.4        -           1236 63697at33208         -            947         0 1896.7  26.7   5   5         0         0 1802.9   2.7   119   942   394  1224   379  1232 0.99 transcript=SMTH1_42310.4 gene=SMTH1_42310
SMTH1_42310.5        -           1236 63697at33208         -            947         0 1896.7  26.7   1   5      0.14     1e+02    0.4   0.4    21    53    89   121    78   130 0.85 transcript=SMTH1_42310.5 gene=SMTH1_42310
SMTH1_42310.5        -           1236 63697at33208         -            947         0 1896.7  26.7   2   5   2.6e-05     0.018   12.8   1.0    17    53   136   171   124   188 0.80 transcript=SMTH1_42310.5 gene=SMTH1_42310
SMTH1_42310.5        -           1236 63697at33208         -            947         0 1896.7  26.7   3   5   0.00048      0.34    8.6   0.1    27    65   193   230   177   235 0.81 transcript=SMTH1_42310.5 gene=SMTH1_42310
SMTH1_42310.5        -           1236 63697at33208         -            947         0 1896.7  26.7   4   5   1.1e-27     8e-25   86.8   0.5    59   121   291   354   264   360 0.89 transcript=SMTH1_42310.5 gene=SMTH1_42310
SMTH1_42310.5        -           1236 63697at33208         -            947         0 1896.7  26.7   5   5         0         0 1802.9   2.7   119   942   394  1224   379  1232 0.99 transcript=SMTH1_42310.5 gene=SMTH1_42310
SMTH1_42310.10       -           1279 63697at33208         -            947         0 1896.1  27.3   1   5      0.14        96    0.5   0.5    21    53   132   164   112   172 0.83 transcript=SMTH1_42310.10 gene=SMTH1_42310
SMTH1_42310.10       -           1279 63697at33208         -            947         0 1896.1  27.3   2   5   2.5e-05     0.018   12.9   0.9    17    53   179   214   167   232 0.80 transcript=SMTH1_42310.10 gene=SMTH1_42310
SMTH1_42310.10       -           1279 63697at33208         -            947         0 1896.1  27.3   3   5    0.0005      0.35    8.6   0.1    27    65   236   273   220   278 0.81 transcript=SMTH1_42310.10 gene=SMTH1_42310
SMTH1_42310.10       -           1279 63697at33208         -            947         0 1896.1  27.3   4   5   1.3e-27   9.4e-25   86.6   0.7    59   121   334   397   307   402 0.89 transcript=SMTH1_42310.10 gene=SMTH1_42310
SMTH1_42310.10       -           1279 63697at33208         -            947         0 1896.1  27.3   5   5         0         0 1802.7   2.7   119   942   437  1267   422  1275 0.99 transcript=SMTH1_42310.10 gene=SMTH1_42310
SMTH1_42310.3        -           1290 63697at33208         -            947         0 1896.0  27.0   1   5      0.15     1e+02    0.4   0.4    21    53   143   175   132   184 0.85 transcript=SMTH1_42310.3 gene=SMTH1_42310
SMTH1_42310.3        -           1290 63697at33208         -            947         0 1896.0  27.0   2   5   2.2e-05     0.016   13.0   0.8    17    53   190   225   178   244 0.80 transcript=SMTH1_42310.3 gene=SMTH1_42310
SMTH1_42310.3        -           1290 63697at33208         -            947         0 1896.0  27.0   3   5    0.0005      0.36    8.6   0.1    27    65   247   284   231   289 0.81 transcript=SMTH1_42310.3 gene=SMTH1_42310
SMTH1_42310.3        -           1290 63697at33208         -            947         0 1896.0  27.0   4   5   1.3e-27   9.5e-25   86.6   0.7    59   121   345   408   318   413 0.89 transcript=SMTH1_42310.3 gene=SMTH1_42310
SMTH1_42310.3        -           1290 63697at33208         -            947         0 1896.0  27.0   5   5         0         0 1802.7   2.7   119   942   448  1278   433  1286 0.99 transcript=SMTH1_42310.3 gene=SMTH1_42310
SMTH1_42310.7        -           1050 63697at33208         -            947         0 1893.3  12.5   1   3   0.00068      0.49    8.1   0.1    28    65     8    44     6    49 0.82 transcript=SMTH1_42310.7 gene=SMTH1_42310
SMTH1_42310.7        -           1050 63697at33208         -            947         0 1893.3  12.5   2   3   9.2e-28   6.6e-25   87.1   0.5    59   121   105   168    78   174 0.89 transcript=SMTH1_42310.7 gene=SMTH1_42310
SMTH1_42310.7        -           1050 63697at33208         -            947         0 1893.3  12.5   3   3         0         0 1803.6   2.7   119   942   208  1038   192  1046 0.99 transcript=SMTH1_42310.7 gene=SMTH1_42310
SMTH1_42310.13       -           1112 63697at33208         -            947         0 1704.8  28.0   1   5      0.11        77    0.8   0.5    21    53    89   121    69   131 0.83 transcript=SMTH1_42310.13 gene=SMTH1_42310
SMTH1_42310.13       -           1112 63697at33208         -            947         0 1704.8  28.0   2   5   2.2e-05     0.015   13.1   0.9    17    53   136   171   124   189 0.80 transcript=SMTH1_42310.13 gene=SMTH1_42310
SMTH1_42310.13       -           1112 63697at33208         -            947         0 1704.8  28.0   3   5   0.00043       0.3    8.8   0.1    27    65   193   230   177   235 0.81 transcript=SMTH1_42310.13 gene=SMTH1_42310
SMTH1_42310.13       -           1112 63697at33208         -            947         0 1704.8  28.0   4   5   9.9e-28     7e-25   87.0   0.5    59   121   291   354   264   360 0.89 transcript=SMTH1_42310.13 gene=SMTH1_42310
SMTH1_42310.13       -           1112 63697at33208         -            947         0 1704.8  28.0   5   5         0         0 1610.8   3.5   119   837   394  1112   379  1112 1.00 transcript=SMTH1_42310.13 gene=SMTH1_42310
SMTH1_42310.14       -           1112 63697at33208         -            947         0 1704.8  28.0   1   5      0.11        77    0.8   0.5    21    53    89   121    69   131 0.83 transcript=SMTH1_42310.14 gene=SMTH1_42310
SMTH1_42310.14       -           1112 63697at33208         -            947         0 1704.8  28.0   2   5   2.2e-05     0.015   13.1   0.9    17    53   136   171   124   189 0.80 transcript=SMTH1_42310.14 gene=SMTH1_42310
SMTH1_42310.14       -           1112 63697at33208         -            947         0 1704.8  28.0   3   5   0.00043       0.3    8.8   0.1    27    65   193   230   177   235 0.81 transcript=SMTH1_42310.14 gene=SMTH1_42310
SMTH1_42310.14       -           1112 63697at33208         -            947         0 1704.8  28.0   4   5   9.9e-28     7e-25   87.0   0.5    59   121   291   354   264   360 0.89 transcript=SMTH1_42310.14 gene=SMTH1_42310
SMTH1_42310.14       -           1112 63697at33208         -            947         0 1704.8  28.0   5   5         0         0 1610.8   3.5   119   837   394  1112   379  1112 1.00 transcript=SMTH1_42310.14 gene=SMTH1_42310
SMTH1_42310.17       -           1112 63697at33208         -            947         0 1704.8  28.0   1   5      0.11        77    0.8   0.5    21    53    89   121    69   131 0.83 transcript=SMTH1_42310.17 gene=SMTH1_42310
SMTH1_42310.17       -           1112 63697at33208         -            947         0 1704.8  28.0   2   5   2.2e-05     0.015   13.1   0.9    17    53   136   171   124   189 0.80 transcript=SMTH1_42310.17 gene=SMTH1_42310
SMTH1_42310.17       -           1112 63697at33208         -            947         0 1704.8  28.0   3   5   0.00043       0.3    8.8   0.1    27    65   193   230   177   235 0.81 transcript=SMTH1_42310.17 gene=SMTH1_42310
SMTH1_42310.17       -           1112 63697at33208         -            947         0 1704.8  28.0   4   5   9.9e-28     7e-25   87.0   0.5    59   121   291   354   264   360 0.89 transcript=SMTH1_42310.17 gene=SMTH1_42310
SMTH1_42310.17       -           1112 63697at33208         -            947         0 1704.8  28.0   5   5         0         0 1610.8   3.5   119   837   394  1112   379  1112 1.00 transcript=SMTH1_42310.17 gene=SMTH1_42310
SMTH1_42310.2        -           1166 63697at33208         -            947         0 1704.6  27.8   1   5      0.12        89    0.6   0.5    21    53   143   175   124   184 0.85 transcript=SMTH1_42310.2 gene=SMTH1_42310
SMTH1_42310.2        -           1166 63697at33208         -            947         0 1704.6  27.8   2   5   2.2e-05     0.016   13.1   0.9    17    53   190   225   178   243 0.80 transcript=SMTH1_42310.2 gene=SMTH1_42310
SMTH1_42310.2        -           1166 63697at33208         -            947         0 1704.6  27.8   3   5   0.00045      0.32    8.7   0.1    27    65   247   284   231   289 0.81 transcript=SMTH1_42310.2 gene=SMTH1_42310
SMTH1_42310.2        -           1166 63697at33208         -            947         0 1704.6  27.8   4   5     1e-27   7.5e-25   86.9   0.5    59   121   345   408   318   414 0.89 transcript=SMTH1_42310.2 gene=SMTH1_42310
SMTH1_42310.2        -           1166 63697at33208         -            947         0 1704.6  27.8   5   5         0         0 1610.6   3.5   119   837   448  1166   433  1166 1.00 transcript=SMTH1_42310.2 gene=SMTH1_42310
SMTH1_42310.6        -            926 63697at33208         -            947         0 1701.5  13.5   1   3   0.00059      0.42    8.3   0.1    28    65     8    44     6    49 0.82 transcript=SMTH1_42310.6 gene=SMTH1_42310
SMTH1_42310.6        -            926 63697at33208         -            947         0 1701.5  13.5   2   3   7.9e-28   5.6e-25   87.4   0.5    59   121   105   168    78   174 0.89 transcript=SMTH1_42310.6 gene=SMTH1_42310
SMTH1_42310.6        -            926 63697at33208         -            947         0 1701.5  13.5   3   3         0         0 1611.6   3.5   119   837   208   926   192   926 0.99 transcript=SMTH1_42310.6 gene=SMTH1_42310
SMTH1_42310.12       -           1058 63697at33208         -            947         0 1571.5  27.6   1   5       0.1        73    0.9   0.5    21    53    89   121    69   131 0.83 transcript=SMTH1_42310.12 gene=SMTH1_42310
SMTH1_42310.12       -           1058 63697at33208         -            947         0 1571.5  27.6   2   5     2e-05     0.015   13.2   0.9    17    53   136   171   124   189 0.79 transcript=SMTH1_42310.12 gene=SMTH1_42310
SMTH1_42310.12       -           1058 63697at33208         -            947         0 1571.5  27.6   3   5    0.0004      0.29    8.9   0.1    27    65   193   230   177   235 0.81 transcript=SMTH1_42310.12 gene=SMTH1_42310
SMTH1_42310.12       -           1058 63697at33208         -            947         0 1571.5  27.6   4   5   9.3e-28   6.6e-25   87.1   0.5    59   121   291   354   264   360 0.89 transcript=SMTH1_42310.12 gene=SMTH1_42310
SMTH1_42310.12       -           1058 63697at33208         -            947         0 1571.5  27.6   5   5         0         0 1477.0   3.2   119   781   394  1056   378  1057 0.99 transcript=SMTH1_42310.12 gene=SMTH1_42310
SMTH1_42310.9        -           1112 63697at33208         -            947         0 1571.1  27.6   1   5      0.11        77    0.8   0.5    21    53   143   175   123   185 0.83 transcript=SMTH1_42310.9 gene=SMTH1_42310
SMTH1_42310.9        -           1112 63697at33208         -            947         0 1571.1  27.6   2   5   2.2e-05     0.015   13.1   0.9    17    53   190   225   178   243 0.80 transcript=SMTH1_42310.9 gene=SMTH1_42310
SMTH1_42310.9        -           1112 63697at33208         -            947         0 1571.1  27.6   3   5   0.00043       0.3    8.8   0.1    27    65   247   284   231   289 0.81 transcript=SMTH1_42310.9 gene=SMTH1_42310
SMTH1_42310.9        -           1112 63697at33208         -            947         0 1571.1  27.6   4   5   9.9e-28     7e-25   87.0   0.5    59   121   345   408   318   414 0.89 transcript=SMTH1_42310.9 gene=SMTH1_42310
SMTH1_42310.9        -           1112 63697at33208         -            947         0 1571.1  27.6   5   5         0         0 1476.9   3.1   119   781   448  1110   433  1111 0.99 transcript=SMTH1_42310.9 gene=SMTH1_42310
SMTH1_42310.16       -           1062 63697at33208         -            947         0 1526.1  26.9   1   5       0.1        73    0.9   0.5    21    53    89   121    69   131 0.83 transcript=SMTH1_42310.16 gene=SMTH1_42310
SMTH1_42310.16       -           1062 63697at33208         -            947         0 1526.1  26.9   2   5   2.1e-05     0.015   13.2   0.9    17    53   136   171   124   189 0.79 transcript=SMTH1_42310.16 gene=SMTH1_42310
SMTH1_42310.16       -           1062 63697at33208         -            947         0 1526.1  26.9   3   5   0.00041      0.29    8.9   0.1    27    65   193   230   177   235 0.81 transcript=SMTH1_42310.16 gene=SMTH1_42310
SMTH1_42310.16       -           1062 63697at33208         -            947         0 1526.1  26.9   4   5   9.4e-28   6.7e-25   87.1   0.5    59   121   291   354   264   360 0.89 transcript=SMTH1_42310.16 gene=SMTH1_42310
SMTH1_42310.16       -           1062 63697at33208         -            947         0 1526.1  26.9   5   5         0         0 1431.6   2.6   119   761   394  1036   378  1052 0.99 transcript=SMTH1_42310.16 gene=SMTH1_42310
SMTH1_42310.18       -           1062 63697at33208         -            947         0 1526.1  26.9   1   5       0.1        73    0.9   0.5    21    53    89   121    69   131 0.83 transcript=SMTH1_42310.18 gene=SMTH1_42310
SMTH1_42310.18       -           1062 63697at33208         -            947         0 1526.1  26.9   2   5   2.1e-05     0.015   13.2   0.9    17    53   136   171   124   189 0.79 transcript=SMTH1_42310.18 gene=SMTH1_42310
SMTH1_42310.18       -           1062 63697at33208         -            947         0 1526.1  26.9   3   5   0.00041      0.29    8.9   0.1    27    65   193   230   177   235 0.81 transcript=SMTH1_42310.18 gene=SMTH1_42310
SMTH1_42310.18       -           1062 63697at33208         -            947         0 1526.1  26.9   4   5   9.4e-28   6.7e-25   87.1   0.5    59   121   291   354   264   360 0.89 transcript=SMTH1_42310.18 gene=SMTH1_42310
SMTH1_42310.18       -           1062 63697at33208         -            947         0 1526.1  26.9   5   5         0         0 1431.6   2.6   119   761   394  1036   378  1052 0.99 transcript=SMTH1_42310.18 gene=SMTH1_42310
SMTH1_42310.8        -           1062 63697at33208         -            947         0 1526.1  26.9   1   5       0.1        73    0.9   0.5    21    53    89   121    69   131 0.83 transcript=SMTH1_42310.8 gene=SMTH1_42310
SMTH1_42310.8        -           1062 63697at33208         -            947         0 1526.1  26.9   2   5   2.1e-05     0.015   13.2   0.9    17    53   136   171   124   189 0.79 transcript=SMTH1_42310.8 gene=SMTH1_42310
SMTH1_42310.8        -           1062 63697at33208         -            947         0 1526.1  26.9   3   5   0.00041      0.29    8.9   0.1    27    65   193   230   177   235 0.81 transcript=SMTH1_42310.8 gene=SMTH1_42310
SMTH1_42310.8        -           1062 63697at33208         -            947         0 1526.1  26.9   4   5   9.4e-28   6.7e-25   87.1   0.5    59   121   291   354   264   360 0.89 transcript=SMTH1_42310.8 gene=SMTH1_42310
SMTH1_42310.8        -           1062 63697at33208         -            947         0 1526.1  26.9   5   5         0         0 1431.6   2.6   119   761   394  1036   378  1052 0.99 transcript=SMTH1_42310.8 gene=SMTH1_42310
SMTH1_42310.1        -           1116 63697at33208         -            947         0 1525.7  26.9   1   5      0.11        78    0.8   0.5    21    53   143   175   123   185 0.83 transcript=SMTH1_42310.1 gene=SMTH1_42310
SMTH1_42310.1        -           1116 63697at33208         -            947         0 1525.7  26.9   2   5   2.2e-05     0.015   13.1   0.9    17    53   190   225   178   243 0.80 transcript=SMTH1_42310.1 gene=SMTH1_42310
SMTH1_42310.1        -           1116 63697at33208         -            947         0 1525.7  26.9   3   5   0.00043      0.31    8.8   0.1    27    65   247   284   231   289 0.81 transcript=SMTH1_42310.1 gene=SMTH1_42310
SMTH1_42310.1        -           1116 63697at33208         -            947         0 1525.7  26.9   4   5   9.9e-28   7.1e-25   87.0   0.5    59   121   345   408   318   414 0.89 transcript=SMTH1_42310.1 gene=SMTH1_42310
SMTH1_42310.1        -           1116 63697at33208         -            947         0 1525.7  26.9   5   5         0         0 1431.5   2.5   119   761   448  1090   433  1106 0.99 transcript=SMTH1_42310.1 gene=SMTH1_42310
SMTH1_42310.15       -           1116 63697at33208         -            947         0 1525.7  26.9   1   5      0.11        78    0.8   0.5    21    53   143   175   123   185 0.83 transcript=SMTH1_42310.15 gene=SMTH1_42310
SMTH1_42310.15       -           1116 63697at33208         -            947         0 1525.7  26.9   2   5   2.2e-05     0.015   13.1   0.9    17    53   190   225   178   243 0.80 transcript=SMTH1_42310.15 gene=SMTH1_42310
SMTH1_42310.15       -           1116 63697at33208         -            947         0 1525.7  26.9   3   5   0.00043      0.31    8.8   0.1    27    65   247   284   231   289 0.81 transcript=SMTH1_42310.15 gene=SMTH1_42310
SMTH1_42310.15       -           1116 63697at33208         -            947         0 1525.7  26.9   4   5   9.9e-28   7.1e-25   87.0   0.5    59   121   345   408   318   414 0.89 transcript=SMTH1_42310.15 gene=SMTH1_42310
SMTH1_42310.15       -           1116 63697at33208         -            947         0 1525.7  26.9   5   5         0         0 1431.5   2.5   119   761   448  1090   433  1106 0.99 transcript=SMTH1_42310.15 gene=SMTH1_42310
SMTH1_42310.11       -            876 63697at33208         -            947         0 1523.3  12.0   1   3   0.00056       0.4    8.4   0.1    28    65     8    44     6    49 0.82 transcript=SMTH1_42310.11 gene=SMTH1_42310
SMTH1_42310.11       -            876 63697at33208         -            947         0 1523.3  12.0   2   3   6.6e-28   4.7e-25   87.6   0.4    59   121   105   168    77   174 0.88 transcript=SMTH1_42310.11 gene=SMTH1_42310
SMTH1_42310.11       -            876 63697at33208         -            947         0 1523.3  12.0   3   3         0         0 1432.5   2.6   119   761   208   850   192   866 0.99 transcript=SMTH1_42310.11 gene=SMTH1_42310
SMTH1_42310.20       -            696 63697at33208         -            947         0 1482.7   2.5   1   1         0         0 1482.5   2.5   266   942     1   684     1   692 0.99 transcript=SMTH1_42310.20 gene=SMTH1_42310
SMTH1_18050.1        -            879 63697at33208         -            947    0.0039   15.1   0.0   1   2   0.00058      0.41    8.4   0.0   273   366   351   451   341   458 0.79 transcript=SMTH1_18050.1 gene=SMTH1_18050
SMTH1_18050.1        -            879 63697at33208         -            947    0.0039   15.1   0.0   2   2      0.01       7.2    4.3   0.0   344   411   472   538   460   547 0.89 transcript=SMTH1_18050.1 gene=SMTH1_18050
SMTH1_11130.2        -            487 63697at33208         -            947     0.049   11.4   1.7   1   3      0.31   2.2e+02   -0.7   0.0   165   849    24   112     9   133 0.41 transcript=SMTH1_11130.2 gene=SMTH1_11130
SMTH1_11130.2        -            487 63697at33208         -            947     0.049   11.4   1.7   2   3     0.015        10    3.7   0.0   162   210   175   223   156   232 0.83 transcript=SMTH1_11130.2 gene=SMTH1_11130
SMTH1_11130.2        -            487 63697at33208         -            947     0.049   11.4   1.7   3   3     0.014        10    3.7   0.1   622   694   356   425   334   451 0.80 transcript=SMTH1_11130.2 gene=SMTH1_11130
SMTH1_11130.6        -            609 63697at33208         -            947     0.078   10.8   1.4   1   3       0.3   2.1e+02   -0.6   0.0   162   851    37   130    10   149 0.46 transcript=SMTH1_11130.6 gene=SMTH1_11130
SMTH1_11130.6        -            609 63697at33208         -            947     0.078   10.8   1.4   2   3     0.019        14    3.3   0.0   162   210   191   239   172   249 0.83 transcript=SMTH1_11130.6 gene=SMTH1_11130
SMTH1_11130.6        -            609 63697at33208         -            947     0.078   10.8   1.4   3   3     0.018        13    3.4   0.1   623   696   373   443   354   490 0.81 transcript=SMTH1_11130.6 gene=SMTH1_11130
SMTH1_11130.4        -            593 63697at33208         -            947     0.089   10.6   1.4   1   3      0.42     3e+02   -1.1   0.0   165   849    24   112     9   133 0.41 transcript=SMTH1_11130.4 gene=SMTH1_11130
SMTH1_11130.4        -            593 63697at33208         -            947     0.089   10.6   1.4   2   3      0.02        14    3.3   0.0   162   210   175   223   157   232 0.83 transcript=SMTH1_11130.4 gene=SMTH1_11130
SMTH1_11130.4        -            593 63697at33208         -            947     0.089   10.6   1.4   3   3     0.018        13    3.4   0.1   623   696   357   427   340   475 0.81 transcript=SMTH1_11130.4 gene=SMTH1_11130
#
# Program:         hmmsearch
# Version:         3.4 (Aug 2023)
# Pipeline mode:   SEARCH
# Query file:      /users/40483456/busco_datasets/busco_downloads/lineages/metazoa_odb10/hmms/63697at33208.hmm
# Target file:     /users/40483456/protein/schistosoma_mattheei.fa
# Option settings: hmmsearch --domtblout /users/40483456/busco/results_pro/schistosoma_mattheei_busco/run_metazoa_odb10/hmmer_output/initial_run_results/63697at33208.out --cpu 1 /users/40483456/busco_datasets/busco_downloads/lineages/metazoa_odb10/hmms/63697at33208.hmm /users/40483456/protein/schistosoma_mattheei.fa 
# Current dir:     /users/40483456
# Date:            Thu Jan 15 17:56:55 2026
# [ok]
