#                                                                            --- full sequence --- -------------- this domain -------------   hmm coord   ali coord   env coord
# target name        accession   tlen query name           accession   qlen   E-value  score  bias   #  of  c-Evalue  i-Evalue  score  bias  from    to  from    to  from    to  acc description of target
#------------------- ---------- ----- -------------------- ---------- ----- --------- ------ ----- --- --- --------- --------- ------ ----- ----- ----- ----- ----- ----- ----- ---- ---------------------
SRDH2_23230.2        -            677 189414at33208        -            542   1.4e-38  133.2  29.0   1   3   2.1e-05      0.12   11.3  10.7    12    78     5    86     1   122 0.64 transcript=SRDH2_23230.2 gene=SRDH2_23230
SRDH2_23230.2        -            677 189414at33208        -            542   1.4e-38  133.2  29.0   2   3   3.4e-25   1.9e-21   76.6   4.0    85   347   145   428   120   441 0.73 transcript=SRDH2_23230.2 gene=SRDH2_23230
SRDH2_23230.2        -            677 189414at33208        -            542   1.4e-38  133.2  29.0   3   3   8.5e-19   4.9e-15   55.5   0.4   395   532   511   656   501   664 0.84 transcript=SRDH2_23230.2 gene=SRDH2_23230
SRDH2_23230.3        -            599 189414at33208        -            542   7.7e-38  130.8   8.8   1   2   1.1e-25   6.4e-22   78.2   2.8    85   347    67   350    43   363 0.73 transcript=SRDH2_23230.3 gene=SRDH2_23230
SRDH2_23230.3        -            599 189414at33208        -            542   7.7e-38  130.8   8.8   2   2   6.9e-19     4e-15   55.8   0.4   395   532   433   578   423   586 0.84 transcript=SRDH2_23230.3 gene=SRDH2_23230
SRDH2_23230.1        -            639 189414at33208        -            542   1.7e-37  129.6  13.9   1   3    0.0081        47    2.7   0.1    44    78    10    48     4    84 0.70 transcript=SRDH2_23230.1 gene=SRDH2_23230
SRDH2_23230.1        -            639 189414at33208        -            542   1.7e-37  129.6  13.9   2   3   4.2e-25   2.5e-21   76.3   4.4    85   347   107   390    85   403 0.73 transcript=SRDH2_23230.1 gene=SRDH2_23230
SRDH2_23230.1        -            639 189414at33208        -            542   1.7e-37  129.6  13.9   3   3   7.7e-19   4.5e-15   55.6   0.4   395   532   473   618   463   626 0.84 transcript=SRDH2_23230.1 gene=SRDH2_23230
SRDH2_24300.1        -            778 189414at33208        -            542   9.2e-26   90.9  17.6   1   4   2.5e-21   1.5e-17   63.8   0.1    84   292    54   257    21   265 0.84 transcript=SRDH2_24300.1 gene=SRDH2_24300
SRDH2_24300.1        -            778 189414at33208        -            542   9.2e-26   90.9  17.6   2   4   5.6e-12   3.3e-08   33.0   0.0   364   426   380   442   359   444 0.92 transcript=SRDH2_24300.1 gene=SRDH2_24300
SRDH2_24300.1        -            778 189414at33208        -            542   9.2e-26   90.9  17.6   3   4    0.0017       9.8    5.0   0.0   450   511   519   582   498   604 0.76 transcript=SRDH2_24300.1 gene=SRDH2_24300
SRDH2_24300.1        -            778 189414at33208        -            542   9.2e-26   90.9  17.6   4   4         2   1.2e+04   -5.2   5.2     7    30   687   710   657   747 0.58 transcript=SRDH2_24300.1 gene=SRDH2_24300
#
# Program:         hmmsearch
# Version:         3.4 (Aug 2023)
# Pipeline mode:   SEARCH
# Query file:      /users/40483456/busco_datasets/busco_downloads/lineages/metazoa_odb10/hmms/189414at33208.hmm
# Target file:     /users/40483456/protein/schistosoma_rodhaini.fa
# Option settings: hmmsearch --domtblout /users/40483456/busco/results_pro/schistosoma_rodhaini_busco/run_metazoa_odb10/hmmer_output/initial_run_results/189414at33208.out --cpu 1 /users/40483456/busco_datasets/busco_downloads/lineages/metazoa_odb10/hmms/189414at33208.hmm /users/40483456/protein/schistosoma_rodhaini.fa 
# Current dir:     /users/40483456
# Date:            Thu Jan 15 17:57:13 2026
# [ok]
