#                                                                            --- full sequence --- -------------- this domain -------------   hmm coord   ali coord   env coord
# target name        accession   tlen query name           accession   qlen   E-value  score  bias   #  of  c-Evalue  i-Evalue  score  bias  from    to  from    to  from    to  acc description of target
#------------------- ---------- ----- -------------------- ---------- ----- --------- ------ ----- --- --- --------- --------- ------ ----- ----- ----- ----- ----- ----- ----- ---- ---------------------
SRDH2_6520.6         -            626 191938at33208        -            456   2.6e-51  175.3   9.9   1   3   1.7e-24   3.9e-21   75.8   0.0    38   138     6   118     1   153 0.78 transcript=SRDH2_6520.6 gene=SRDH2_6520
SRDH2_6520.6         -            626 191938at33208        -            456   2.6e-51  175.3   9.9   2   3   2.4e-11   5.6e-08   32.5   2.2   193   323   211   377   172   383 0.72 transcript=SRDH2_6520.6 gene=SRDH2_6520
SRDH2_6520.6         -            626 191938at33208        -            456   2.6e-51  175.3   9.9   3   3     9e-23   2.1e-19   70.1   0.7   310   423   429   559   418   591 0.79 transcript=SRDH2_6520.6 gene=SRDH2_6520
SRDH2_6520.10        -            573 191938at33208        -            456     2e-50  172.4   8.5   1   4   1.5e-24   3.4e-21   76.0   0.0    38   138     6   118     1   153 0.78 transcript=SRDH2_6520.10 gene=SRDH2_6520
SRDH2_6520.10        -            573 191938at33208        -            456     2e-50  172.4   8.5   2   4   2.7e-08   6.4e-05   22.4   0.5   193   237   211   255   172   276 0.82 transcript=SRDH2_6520.10 gene=SRDH2_6520
SRDH2_6520.10        -            573 191938at33208        -            456     2e-50  172.4   8.5   3   4   0.00096       2.2    7.4   0.1   249   323   306   394   296   400 0.66 transcript=SRDH2_6520.10 gene=SRDH2_6520
SRDH2_6520.10        -            573 191938at33208        -            456     2e-50  172.4   8.5   4   4     2e-22   4.6e-19   69.0   0.3   310   415   446   566   435   571 0.82 transcript=SRDH2_6520.10 gene=SRDH2_6520
SRDH2_6520.5         -            612 191938at33208        -            456   4.4e-50  171.3  10.4   1   3   5.9e-31   1.4e-27   97.1   0.7    38   237     6   224     1   245 0.77 transcript=SRDH2_6520.5 gene=SRDH2_6520
SRDH2_6520.5         -            612 191938at33208        -            456   4.4e-50  171.3  10.4   2   3    0.0011       2.5    7.3   0.1   249   323   275   363   265   369 0.66 transcript=SRDH2_6520.5 gene=SRDH2_6520
SRDH2_6520.5         -            612 191938at33208        -            456   4.4e-50  171.3  10.4   3   3   8.7e-23     2e-19   70.2   0.7   310   423   415   545   404   577 0.79 transcript=SRDH2_6520.5 gene=SRDH2_6520
SRDH2_6520.3         -            655 191938at33208        -            456   5.2e-50  171.0   8.8   1   4   1.8e-24   4.2e-21   75.7   0.0    38   138     6   118     1   153 0.78 transcript=SRDH2_6520.3 gene=SRDH2_6520
SRDH2_6520.3         -            655 191938at33208        -            456   5.2e-50  171.0   8.8   2   4   3.3e-08   7.6e-05   22.1   0.4   193   237   211   255   173   276 0.82 transcript=SRDH2_6520.3 gene=SRDH2_6520
SRDH2_6520.3         -            655 191938at33208        -            456   5.2e-50  171.0   8.8   3   4    0.0038       8.7    5.5   0.0   267   323   346   406   324   412 0.77 transcript=SRDH2_6520.3 gene=SRDH2_6520
SRDH2_6520.3         -            655 191938at33208        -            456   5.2e-50  171.0   8.8   4   4   9.8e-23   2.3e-19   70.0   0.7   310   423   458   588   447   620 0.79 transcript=SRDH2_6520.3 gene=SRDH2_6520
SRDH2_6520.2         -            672 191938at33208        -            456   5.9e-50  170.8  10.4   1   4   1.9e-24   4.4e-21   75.7   0.0    38   138     6   118     1   153 0.78 transcript=SRDH2_6520.2 gene=SRDH2_6520
SRDH2_6520.2         -            672 191938at33208        -            456   5.9e-50  170.8  10.4   2   4   3.4e-08   7.9e-05   22.1   0.4   193   237   211   255   173   276 0.82 transcript=SRDH2_6520.2 gene=SRDH2_6520
SRDH2_6520.2         -            672 191938at33208        -            456   5.9e-50  170.8  10.4   3   4    0.0013         3    7.0   0.1   249   323   335   423   327   429 0.65 transcript=SRDH2_6520.2 gene=SRDH2_6520
SRDH2_6520.2         -            672 191938at33208        -            456   5.9e-50  170.8  10.4   4   4     1e-22   2.4e-19   70.0   0.7   310   423   475   605   464   637 0.79 transcript=SRDH2_6520.2 gene=SRDH2_6520
SRDH2_6520.4         -            657 191938at33208        -            456   1.1e-44  153.5  11.1   1   4   1.8e-24   4.3e-21   75.7   0.0    38   138     6   118     1   153 0.78 transcript=SRDH2_6520.4 gene=SRDH2_6520
SRDH2_6520.4         -            657 191938at33208        -            456   1.1e-44  153.5  11.1   2   4   3.4e-08     8e-05   22.1   0.4   193   237   211   255   173   275 0.83 transcript=SRDH2_6520.4 gene=SRDH2_6520
SRDH2_6520.4         -            657 191938at33208        -            456   1.1e-44  153.5  11.1   3   4    0.0012       2.7    7.1   0.1   249   323   306   394   296   400 0.66 transcript=SRDH2_6520.4 gene=SRDH2_6520
SRDH2_6520.4         -            657 191938at33208        -            456   1.1e-44  153.5  11.1   4   4   2.9e-17   6.6e-14   52.0   1.2   310   422   446   589   436   613 0.77 transcript=SRDH2_6520.4 gene=SRDH2_6520
SRDH2_6520.8         -            608 191938at33208        -            456   1.1e-38  133.7   8.9   1   4   1.6e-24   3.7e-21   75.9   0.0    38   138     6   118     1   153 0.78 transcript=SRDH2_6520.8 gene=SRDH2_6520
SRDH2_6520.8         -            608 191938at33208        -            456   1.1e-38  133.7   8.9   2   4     3e-08   6.9e-05   22.3   0.5   193   237   211   255   172   276 0.82 transcript=SRDH2_6520.8 gene=SRDH2_6520
SRDH2_6520.8         -            608 191938at33208        -            456   1.1e-38  133.7   8.9   3   4     0.001       2.4    7.3   0.1   249   323   306   394   296   400 0.66 transcript=SRDH2_6520.8 gene=SRDH2_6520
SRDH2_6520.8         -            608 191938at33208        -            456   1.1e-38  133.7   8.9   4   4   6.6e-11   1.5e-07   31.0   0.3   329   423   442   541   429   573 0.75 transcript=SRDH2_6520.8 gene=SRDH2_6520
SRDH2_6520.9         -            620 191938at33208        -            456   5.2e-36  124.9   7.6   1   4   1.7e-24   3.9e-21   75.8   0.0    38   138     6   118     1   153 0.78 transcript=SRDH2_6520.9 gene=SRDH2_6520
SRDH2_6520.9         -            620 191938at33208        -            456   5.2e-36  124.9   7.6   2   4   3.1e-08   7.1e-05   22.2   0.5   193   237   211   255   172   276 0.82 transcript=SRDH2_6520.9 gene=SRDH2_6520
SRDH2_6520.9         -            620 191938at33208        -            456   5.2e-36  124.9   7.6   3   4    0.0011       2.5    7.2   0.1   249   323   306   394   296   400 0.66 transcript=SRDH2_6520.9 gene=SRDH2_6520
SRDH2_6520.9         -            620 191938at33208        -            456   5.2e-36  124.9   7.6   4   4   6.2e-08   0.00014   21.2   0.1   310   375   446   525   435   563 0.80 transcript=SRDH2_6520.9 gene=SRDH2_6520
SRDH2_6520.7         -            634 191938at33208        -            456   1.2e-35  123.7   9.2   1   4   1.7e-24     4e-21   75.8   0.0    38   138     6   118     1   153 0.78 transcript=SRDH2_6520.7 gene=SRDH2_6520
SRDH2_6520.7         -            634 191938at33208        -            456   1.2e-35  123.7   9.2   2   4   3.3e-08   7.6e-05   22.1   0.4   193   237   211   255   173   275 0.82 transcript=SRDH2_6520.7 gene=SRDH2_6520
SRDH2_6520.7         -            634 191938at33208        -            456   1.2e-35  123.7   9.2   3   4    0.0011       2.6    7.2   0.1   249   323   306   394   296   400 0.66 transcript=SRDH2_6520.7 gene=SRDH2_6520
SRDH2_6520.7         -            634 191938at33208        -            456   1.2e-35  123.7   9.2   4   4   5.3e-08   0.00012   21.5   0.4   310   377   446   527   435   539 0.76 transcript=SRDH2_6520.7 gene=SRDH2_6520
SRDH2_6520.1         -            594 191938at33208        -            456   4.3e-27   95.5  10.4   1   4      0.58   1.3e+03   -1.7   0.0   110   138    12    40     6    72 0.72 transcript=SRDH2_6520.1 gene=SRDH2_6520
SRDH2_6520.1         -            594 191938at33208        -            456   4.3e-27   95.5  10.4   2   4     3e-08     7e-05   22.3   0.5   193   237   133   177    99   198 0.82 transcript=SRDH2_6520.1 gene=SRDH2_6520
SRDH2_6520.1         -            594 191938at33208        -            456   4.3e-27   95.5  10.4   3   4    0.0011       2.5    7.2   0.1   249   323   257   345   249   351 0.66 transcript=SRDH2_6520.1 gene=SRDH2_6520
SRDH2_6520.1         -            594 191938at33208        -            456   4.3e-27   95.5  10.4   4   4   8.3e-23   1.9e-19   70.3   0.7   310   423   397   527   386   559 0.79 transcript=SRDH2_6520.1 gene=SRDH2_6520
#
# Program:         hmmsearch
# Version:         3.4 (Aug 2023)
# Pipeline mode:   SEARCH
# Query file:      /users/40483456/busco_datasets/busco_downloads/lineages/metazoa_odb10/hmms/191938at33208.hmm
# Target file:     /users/40483456/protein/schistosoma_rodhaini.fa
# Option settings: hmmsearch --domtblout /users/40483456/busco/results_pro/schistosoma_rodhaini_busco/run_metazoa_odb10/hmmer_output/initial_run_results/191938at33208.out --cpu 1 /users/40483456/busco_datasets/busco_downloads/lineages/metazoa_odb10/hmms/191938at33208.hmm /users/40483456/protein/schistosoma_rodhaini.fa 
# Current dir:     /users/40483456
# Date:            Thu Jan 15 17:57:14 2026
# [ok]
