#                                                                            --- full sequence --- -------------- this domain -------------   hmm coord   ali coord   env coord
# target name        accession   tlen query name           accession   qlen   E-value  score  bias   #  of  c-Evalue  i-Evalue  score  bias  from    to  from    to  from    to  acc description of target
#------------------- ---------- ----- -------------------- ---------- ----- --------- ------ ----- --- --- --------- --------- ------ ----- ----- ----- ----- ----- ----- ----- ---- ---------------------
SRDH2_27760.1        -            696 226941at33208        -            400    4e-125  418.6  30.1   1   4   1.8e-86   3.2e-83  280.6   6.4     3   202    32   254    30   262 0.92 transcript=SRDH2_27760.1 gene=SRDH2_27760
SRDH2_27760.1        -            696 226941at33208        -            400    4e-125  418.6  30.1   2   4   8.2e-22   1.5e-18   67.7   2.5   203   301   349   456   341   467 0.82 transcript=SRDH2_27760.1 gene=SRDH2_27760
SRDH2_27760.1        -            696 226941at33208        -            400    4e-125  418.6  30.1   3   4   5.6e-24   9.9e-21   74.8   2.6   292   376   476   560   466   567 0.94 transcript=SRDH2_27760.1 gene=SRDH2_27760
SRDH2_27760.1        -            696 226941at33208        -            400    4e-125  418.6  30.1   4   4   0.00095       1.7    8.2   0.1   371   394   625   648   605   653 0.79 transcript=SRDH2_27760.1 gene=SRDH2_27760
SRDH2_27760.2        -            696 226941at33208        -            400    4e-125  418.6  30.1   1   4   1.8e-86   3.2e-83  280.6   6.4     3   202    32   254    30   262 0.92 transcript=SRDH2_27760.2 gene=SRDH2_27760
SRDH2_27760.2        -            696 226941at33208        -            400    4e-125  418.6  30.1   2   4   8.2e-22   1.5e-18   67.7   2.5   203   301   349   456   341   467 0.82 transcript=SRDH2_27760.2 gene=SRDH2_27760
SRDH2_27760.2        -            696 226941at33208        -            400    4e-125  418.6  30.1   3   4   5.6e-24   9.9e-21   74.8   2.6   292   376   476   560   466   567 0.94 transcript=SRDH2_27760.2 gene=SRDH2_27760
SRDH2_27760.2        -            696 226941at33208        -            400    4e-125  418.6  30.1   4   4   0.00095       1.7    8.2   0.1   371   394   625   648   605   653 0.79 transcript=SRDH2_27760.2 gene=SRDH2_27760
SRDH2_27760.3        -            696 226941at33208        -            400    4e-125  418.6  30.1   1   4   1.8e-86   3.2e-83  280.6   6.4     3   202    32   254    30   262 0.92 transcript=SRDH2_27760.3 gene=SRDH2_27760
SRDH2_27760.3        -            696 226941at33208        -            400    4e-125  418.6  30.1   2   4   8.2e-22   1.5e-18   67.7   2.5   203   301   349   456   341   467 0.82 transcript=SRDH2_27760.3 gene=SRDH2_27760
SRDH2_27760.3        -            696 226941at33208        -            400    4e-125  418.6  30.1   3   4   5.6e-24   9.9e-21   74.8   2.6   292   376   476   560   466   567 0.94 transcript=SRDH2_27760.3 gene=SRDH2_27760
SRDH2_27760.3        -            696 226941at33208        -            400    4e-125  418.6  30.1   4   4   0.00095       1.7    8.2   0.1   371   394   625   648   605   653 0.79 transcript=SRDH2_27760.3 gene=SRDH2_27760
SRDH2_27760.4        -            696 226941at33208        -            400    4e-125  418.6  30.1   1   4   1.8e-86   3.2e-83  280.6   6.4     3   202    32   254    30   262 0.92 transcript=SRDH2_27760.4 gene=SRDH2_27760
SRDH2_27760.4        -            696 226941at33208        -            400    4e-125  418.6  30.1   2   4   8.2e-22   1.5e-18   67.7   2.5   203   301   349   456   341   467 0.82 transcript=SRDH2_27760.4 gene=SRDH2_27760
SRDH2_27760.4        -            696 226941at33208        -            400    4e-125  418.6  30.1   3   4   5.6e-24   9.9e-21   74.8   2.6   292   376   476   560   466   567 0.94 transcript=SRDH2_27760.4 gene=SRDH2_27760
SRDH2_27760.4        -            696 226941at33208        -            400    4e-125  418.6  30.1   4   4   0.00095       1.7    8.2   0.1   371   394   625   648   605   653 0.79 transcript=SRDH2_27760.4 gene=SRDH2_27760
SRDH2_27760.5        -            688 226941at33208        -            400  6.8e-124  414.5  31.2   1   4   3.3e-85   5.9e-82  276.4   7.5     3   202    32   246    30   252 0.93 transcript=SRDH2_27760.5 gene=SRDH2_27760
SRDH2_27760.5        -            688 226941at33208        -            400  6.8e-124  414.5  31.2   2   4     8e-22   1.4e-18   67.7   2.5   203   301   341   448   333   459 0.82 transcript=SRDH2_27760.5 gene=SRDH2_27760
SRDH2_27760.5        -            688 226941at33208        -            400  6.8e-124  414.5  31.2   3   4   5.5e-24   9.8e-21   74.8   2.6   292   376   468   552   458   559 0.94 transcript=SRDH2_27760.5 gene=SRDH2_27760
SRDH2_27760.5        -            688 226941at33208        -            400  6.8e-124  414.5  31.2   4   4   0.00094       1.7    8.2   0.1   371   394   617   640   597   645 0.79 transcript=SRDH2_27760.5 gene=SRDH2_27760
SRDH2_27360.1        -            783 226941at33208        -            400  1.9e-118  396.5  29.8   1   4   2.1e-80   3.7e-77  260.6   7.1     3   203    17   240    15   249 0.91 transcript=SRDH2_27360.1 gene=SRDH2_27360
SRDH2_27360.1        -            783 226941at33208        -            400  1.9e-118  396.5  29.8   2   4   4.3e-24   7.7e-21   75.2   2.4   205   305   423   532   419   545 0.83 transcript=SRDH2_27360.1 gene=SRDH2_27360
SRDH2_27360.1        -            783 226941at33208        -            400  1.9e-118  396.5  29.8   3   4   1.7e-22   3.1e-19   69.9   2.4   300   378   567   645   551   659 0.90 transcript=SRDH2_27360.1 gene=SRDH2_27360
SRDH2_27360.1        -            783 226941at33208        -            400  1.9e-118  396.5  29.8   4   4     0.041        73    2.8   0.0   373   394   708   729   694   732 0.90 transcript=SRDH2_27360.1 gene=SRDH2_27360
SRDH2_27380.1        -            657 226941at33208        -            400  3.3e-103  346.4  28.1   1   4   2.5e-73   4.5e-70  237.3   6.8     3   203    19   242    17   252 0.90 transcript=SRDH2_27380.1 gene=SRDH2_27380
SRDH2_27380.1        -            657 226941at33208        -            400  3.3e-103  346.4  28.1   2   4   4.7e-16   8.3e-13   48.7   1.7   210   304   301   395   284   404 0.86 transcript=SRDH2_27380.1 gene=SRDH2_27380
SRDH2_27380.1        -            657 226941at33208        -            400  3.3e-103  346.4  28.1   3   4   2.6e-21   4.6e-18   66.0   1.5   293   376   424   507   397   511 0.92 transcript=SRDH2_27380.1 gene=SRDH2_27380
SRDH2_27380.1        -            657 226941at33208        -            400  3.3e-103  346.4  28.1   4   4    0.0034       6.1    6.3   0.1   376   395   555   574   519   579 0.88 transcript=SRDH2_27380.1 gene=SRDH2_27380
SRDH2_27760.6        -            521 226941at33208        -            400   1.1e-66  226.1  20.2   1   4   1.3e-26   2.4e-23   83.4   0.1   130   202     1    79     1    87 0.93 transcript=SRDH2_27760.6 gene=SRDH2_27760
SRDH2_27760.6        -            521 226941at33208        -            400   1.1e-66  226.1  20.2   2   4   5.8e-22     1e-18   68.2   2.6   203   301   174   281   166   291 0.82 transcript=SRDH2_27760.6 gene=SRDH2_27760
SRDH2_27760.6        -            521 226941at33208        -            400   1.1e-66  226.1  20.2   3   4   3.8e-24   6.7e-21   75.4   2.6   292   376   301   385   293   392 0.94 transcript=SRDH2_27760.6 gene=SRDH2_27760
SRDH2_27760.6        -            521 226941at33208        -            400   1.1e-66  226.1  20.2   4   4   0.00067       1.2    8.7   0.1   371   394   450   473   430   478 0.79 transcript=SRDH2_27760.6 gene=SRDH2_27760
SRDH2_81370.1        -            354 226941at33208        -            400   4.7e-16   59.4   9.5   1   1   4.8e-19   8.6e-16   58.5   9.5     7   191     4   182     1   205 0.76 transcript=SRDH2_81370.1 gene=SRDH2_81370
SRDH2_81370.2        -            435 226941at33208        -            400   1.4e-15   57.8   9.5   1   2   7.9e-19   1.4e-15   57.8   9.5     7   191     4   182     1   205 0.76 transcript=SRDH2_81370.2 gene=SRDH2_81370
SRDH2_81370.2        -            435 226941at33208        -            400   1.4e-15   57.8   9.5   2   2      0.11   1.9e+02    1.4   6.4   219   390   243   422   237   430 0.69 transcript=SRDH2_81370.2 gene=SRDH2_81370
SRDH2_81370.3        -            435 226941at33208        -            400   1.4e-15   57.8   9.5   1   2   7.9e-19   1.4e-15   57.8   9.5     7   191     4   182     1   205 0.76 transcript=SRDH2_81370.3 gene=SRDH2_81370
SRDH2_81370.3        -            435 226941at33208        -            400   1.4e-15   57.8   9.5   2   2      0.11   1.9e+02    1.4   6.4   219   390   243   422   237   430 0.69 transcript=SRDH2_81370.3 gene=SRDH2_81370
SRDH2_81370.4        -            435 226941at33208        -            400   1.4e-15   57.8   9.5   1   2   7.9e-19   1.4e-15   57.8   9.5     7   191     4   182     1   205 0.76 transcript=SRDH2_81370.4 gene=SRDH2_81370
SRDH2_81370.4        -            435 226941at33208        -            400   1.4e-15   57.8   9.5   2   2      0.11   1.9e+02    1.4   6.4   219   390   243   422   237   430 0.69 transcript=SRDH2_81370.4 gene=SRDH2_81370
SRDH2_81370.5        -            435 226941at33208        -            400   1.4e-15   57.8   9.5   1   2   7.9e-19   1.4e-15   57.8   9.5     7   191     4   182     1   205 0.76 transcript=SRDH2_81370.5 gene=SRDH2_81370
SRDH2_81370.5        -            435 226941at33208        -            400   1.4e-15   57.8   9.5   2   2      0.11   1.9e+02    1.4   6.4   219   390   243   422   237   430 0.69 transcript=SRDH2_81370.5 gene=SRDH2_81370
#
# Program:         hmmsearch
# Version:         3.4 (Aug 2023)
# Pipeline mode:   SEARCH
# Query file:      /users/40483456/busco_datasets/busco_downloads/lineages/metazoa_odb10/hmms/226941at33208.hmm
# Target file:     /users/40483456/protein/schistosoma_rodhaini.fa
# Option settings: hmmsearch --domtblout /users/40483456/busco/results_pro/schistosoma_rodhaini_busco/run_metazoa_odb10/hmmer_output/initial_run_results/226941at33208.out --cpu 1 /users/40483456/busco_datasets/busco_downloads/lineages/metazoa_odb10/hmms/226941at33208.hmm /users/40483456/protein/schistosoma_rodhaini.fa 
# Current dir:     /users/40483456
# Date:            Thu Jan 15 17:57:16 2026
# [ok]
