#                                                                            --- full sequence --- -------------- this domain -------------   hmm coord   ali coord   env coord
# target name        accession   tlen query name           accession   qlen   E-value  score  bias   #  of  c-Evalue  i-Evalue  score  bias  from    to  from    to  from    to  acc description of target
#------------------- ---------- ----- -------------------- ---------- ----- --------- ------ ----- --- --- --------- --------- ------ ----- ----- ----- ----- ----- ----- ----- ---- ---------------------
SRDH2_14380.2        -            592 231157at33208        -            432  2.2e-117  392.8   0.4   1   2     2e-43   4.1e-40  138.1   0.0     1   195    25   273    25   307 0.68 transcript=SRDH2_14380.2 gene=SRDH2_14380
SRDH2_14380.2        -            592 231157at33208        -            432  2.2e-117  392.8   0.4   2   2   4.8e-76     1e-72  245.6   0.2   209   431   336   578   331   579 0.87 transcript=SRDH2_14380.2 gene=SRDH2_14380
SRDH2_14380.7        -            528 231157at33208        -            432  5.6e-104  348.6   2.3   1   2   2.6e-30   5.5e-27   94.9   0.2    40   195     1   209     1   244 0.64 transcript=SRDH2_14380.7 gene=SRDH2_14380
SRDH2_14380.7        -            528 231157at33208        -            432  5.6e-104  348.6   2.3   2   2   3.7e-76   7.8e-73  246.0   0.2   209   431   272   514   267   515 0.87 transcript=SRDH2_14380.7 gene=SRDH2_14380
SRDH2_14380.9        -            528 231157at33208        -            432  5.6e-104  348.6   2.3   1   2   2.6e-30   5.5e-27   94.9   0.2    40   195     1   209     1   244 0.64 transcript=SRDH2_14380.9 gene=SRDH2_14380
SRDH2_14380.9        -            528 231157at33208        -            432  5.6e-104  348.6   2.3   2   2   3.7e-76   7.8e-73  246.0   0.2   209   431   272   514   267   515 0.87 transcript=SRDH2_14380.9 gene=SRDH2_14380
SRDH2_14380.6        -            536 231157at33208        -            432  9.1e-102  341.3   0.3   1   2   1.5e-43   3.2e-40  138.5   0.0     1   195    25   273    25   307 0.68 transcript=SRDH2_14380.6 gene=SRDH2_14380
SRDH2_14380.6        -            536 231157at33208        -            432  9.1e-102  341.3   0.3   2   2   3.6e-60   7.6e-57  193.3   0.1   209   381   336   520   331   525 0.89 transcript=SRDH2_14380.6 gene=SRDH2_14380
SRDH2_14380.1        -            535 231157at33208        -            432  2.3e-101  340.0   0.3   1   2   1.5e-43   3.2e-40  138.5   0.0     1   195    25   273    25   307 0.68 transcript=SRDH2_14380.1 gene=SRDH2_14380
SRDH2_14380.1        -            535 231157at33208        -            432  2.3e-101  340.0   0.3   2   2   9.1e-60   1.9e-56  192.0   0.1   209   384   336   523   331   532 0.88 transcript=SRDH2_14380.1 gene=SRDH2_14380
SRDH2_14380.10       -            535 231157at33208        -            432  2.3e-101  340.0   0.3   1   2   1.5e-43   3.2e-40  138.5   0.0     1   195    25   273    25   307 0.68 transcript=SRDH2_14380.10 gene=SRDH2_14380
SRDH2_14380.10       -            535 231157at33208        -            432  2.3e-101  340.0   0.3   2   2   9.1e-60   1.9e-56  192.0   0.1   209   384   336   523   331   532 0.88 transcript=SRDH2_14380.10 gene=SRDH2_14380
SRDH2_14380.5        -            525 231157at33208        -            432  3.3e-101  339.4   0.3   1   2   1.5e-43   3.1e-40  138.5   0.0     1   195    25   273    25   306 0.68 transcript=SRDH2_14380.5 gene=SRDH2_14380
SRDH2_14380.5        -            525 231157at33208        -            432  3.3e-101  339.4   0.3   2   2   1.4e-59     3e-56  191.3   0.1   209   381   336   520   331   524 0.89 transcript=SRDH2_14380.5 gene=SRDH2_14380
SRDH2_14380.8        -            486 231157at33208        -            432   7.1e-89  298.8   5.2   1   2   1.1e-15   2.4e-12   46.7   1.1    88   195    19   167    14   202 0.60 transcript=SRDH2_14380.8 gene=SRDH2_14380
SRDH2_14380.8        -            486 231157at33208        -            432   7.1e-89  298.8   5.2   2   2     3e-76   6.4e-73  246.3   0.2   209   431   230   472   225   473 0.87 transcript=SRDH2_14380.8 gene=SRDH2_14380
SRDH2_14380.4        -            471 231157at33208        -            432   6.6e-88  295.6   2.3   1   2   2.2e-30   4.6e-27   95.1   0.3    40   195     1   209     1   244 0.64 transcript=SRDH2_14380.4 gene=SRDH2_14380
SRDH2_14380.4        -            471 231157at33208        -            432   6.6e-88  295.6   2.3   2   2   6.9e-60   1.5e-56  192.4   0.1   209   384   272   459   267   468 0.88 transcript=SRDH2_14380.4 gene=SRDH2_14380
SRDH2_14380.3        -            417 231157at33208        -            432   4.3e-69  233.6   0.4   1   2   7.4e-44   1.6e-40  139.5   0.0     1   195    25   273    25   309 0.68 transcript=SRDH2_14380.3 gene=SRDH2_14380
SRDH2_14380.3        -            417 231157at33208        -            432   4.3e-69  233.6   0.4   2   2   5.6e-27   1.2e-23   83.9   0.1   209   284   336   415   331   416 0.90 transcript=SRDH2_14380.3 gene=SRDH2_14380
SRDH2_29820.1        -            600 231157at33208        -            432   2.8e-05   23.3   0.0   1   2   3.8e-08   8.1e-05   21.8   0.0    31    60   136   165   129   179 0.84 transcript=SRDH2_29820.1 gene=SRDH2_29820
SRDH2_29820.1        -            600 231157at33208        -            432   2.8e-05   23.3   0.0   2   2         1   2.2e+03   -2.6   0.0   392   423   544   580   531   585 0.63 transcript=SRDH2_29820.1 gene=SRDH2_29820
#
# Program:         hmmsearch
# Version:         3.4 (Aug 2023)
# Pipeline mode:   SEARCH
# Query file:      /users/40483456/busco_datasets/busco_downloads/lineages/metazoa_odb10/hmms/231157at33208.hmm
# Target file:     /users/40483456/protein/schistosoma_rodhaini.fa
# Option settings: hmmsearch --domtblout /users/40483456/busco/results_pro/schistosoma_rodhaini_busco/run_metazoa_odb10/hmmer_output/initial_run_results/231157at33208.out --cpu 1 /users/40483456/busco_datasets/busco_downloads/lineages/metazoa_odb10/hmms/231157at33208.hmm /users/40483456/protein/schistosoma_rodhaini.fa 
# Current dir:     /users/40483456
# Date:            Thu Jan 15 17:57:21 2026
# [ok]
