#                                                                            --- full sequence --- -------------- this domain -------------   hmm coord   ali coord   env coord
# target name        accession   tlen query name           accession   qlen   E-value  score  bias   #  of  c-Evalue  i-Evalue  score  bias  from    to  from    to  from    to  acc description of target
#------------------- ---------- ----- -------------------- ---------- ----- --------- ------ ----- --- --- --------- --------- ------ ----- ----- ----- ----- ----- ----- ----- ---- ---------------------
SRDH2_98710.1        -            628 273989at33208        -            450    2e-142  475.4  27.1   1   3   1.3e-30   2.3e-28   99.4   0.0     2    93    19   113    18   133 0.91 transcript=SRDH2_98710.1 gene=SRDH2_98710
SRDH2_98710.1        -            628 273989at33208        -            450    2e-142  475.4  27.1   2   3  8.2e-111  1.5e-108  363.7  18.6    94   442   139   571   126   587 0.77 transcript=SRDH2_98710.1 gene=SRDH2_98710
SRDH2_98710.1        -            628 273989at33208        -            450    2e-142  475.4  27.1   3   3       0.5        89    1.8   2.4   405   443   589   627   569   628 0.76 transcript=SRDH2_98710.1 gene=SRDH2_98710
SRDH2_34980.1        -            527 273989at33208        -            450   7.1e-93  312.0   0.4   1   1   5.3e-95   9.6e-93  311.6   0.4     2   385    64   490    63   525 0.80 transcript=SRDH2_34980.1 gene=SRDH2_34980
SRDH2_94820.1        -            764 273989at33208        -            450   1.2e-69  235.5   3.2   1   1   6.5e-72   1.2e-69  235.5   3.2     4   320    40   408    37   456 0.79 transcript=SRDH2_94820.1 gene=SRDH2_94820
SRDH2_29340.1        -            828 273989at33208        -            450   9.5e-66  222.6   0.0   1   2   5.3e-68   9.5e-66  222.6   0.0     5   312    47   384    43   427 0.82 transcript=SRDH2_29340.1 gene=SRDH2_29340
SRDH2_29340.1        -            828 273989at33208        -            450   9.5e-66  222.6   0.0   2   2       8.7   1.6e+03   -2.3   2.2   375   442   714   782   699   795 0.56 transcript=SRDH2_29340.1 gene=SRDH2_29340
SRDH2_50760.1        -            449 273989at33208        -            450   5.2e-62  210.3   0.4   1   1   3.6e-64   6.5e-62  210.0   0.4     3   309    56   388    54   413 0.84 transcript=SRDH2_50760.1 gene=SRDH2_50760
SRDH2_50760.2        -            459 273989at33208        -            450   5.5e-62  210.2   0.4   1   1   3.9e-64     7e-62  209.9   0.4     3   309    66   398    64   423 0.84 transcript=SRDH2_50760.2 gene=SRDH2_50760
SRDH2_50760.3        -            387 273989at33208        -            450   8.8e-62  209.5   0.3   1   1   6.3e-64   1.1e-61  209.2   0.3     3   302    56   381    54   386 0.85 transcript=SRDH2_50760.3 gene=SRDH2_50760
SRDH2_28020.1        -            392 273989at33208        -            450   9.5e-62  209.4   0.4   1   1   6.4e-64   1.2e-61  209.1   0.4     6   311    37   370    32   386 0.84 transcript=SRDH2_28020.1 gene=SRDH2_28020
SRDH2_54870.1        -            603 273989at33208        -            450   4.9e-61  207.0   2.0   1   2   1.6e-47   2.8e-45  155.1   0.4     2   243   120   393   119   404 0.75 transcript=SRDH2_54870.1 gene=SRDH2_54870
SRDH2_54870.1        -            603 273989at33208        -            450   4.9e-61  207.0   2.0   2   2   5.1e-16   9.1e-14   51.2   0.1   251   311   430   490   425   510 0.89 transcript=SRDH2_54870.1 gene=SRDH2_54870
SRDH2_14460.2        -            568 273989at33208        -            450   1.3e-60  205.7   7.8   1   2   1.1e-43     2e-41  142.4   0.1     3   189    20   219    18   250 0.84 transcript=SRDH2_14460.2 gene=SRDH2_14460
SRDH2_14460.2        -            568 273989at33208        -            450   1.3e-60  205.7   7.8   2   2   6.5e-21   1.2e-18   67.4   0.0   210   309   282   390   274   399 0.78 transcript=SRDH2_14460.2 gene=SRDH2_14460
SRDH2_14460.3        -            568 273989at33208        -            450   1.3e-60  205.7   7.8   1   2   1.1e-43     2e-41  142.4   0.1     3   189    20   219    18   250 0.84 transcript=SRDH2_14460.3 gene=SRDH2_14460
SRDH2_14460.3        -            568 273989at33208        -            450   1.3e-60  205.7   7.8   2   2   6.5e-21   1.2e-18   67.4   0.0   210   309   282   390   274   399 0.78 transcript=SRDH2_14460.3 gene=SRDH2_14460
SRDH2_14460.5        -            568 273989at33208        -            450   1.3e-60  205.7   7.8   1   2   1.1e-43     2e-41  142.4   0.1     3   189    20   219    18   250 0.84 transcript=SRDH2_14460.5 gene=SRDH2_14460
SRDH2_14460.5        -            568 273989at33208        -            450   1.3e-60  205.7   7.8   2   2   6.5e-21   1.2e-18   67.4   0.0   210   309   282   390   274   399 0.78 transcript=SRDH2_14460.5 gene=SRDH2_14460
SRDH2_14460.6        -            568 273989at33208        -            450   1.3e-60  205.7   7.8   1   2   1.1e-43     2e-41  142.4   0.1     3   189    20   219    18   250 0.84 transcript=SRDH2_14460.6 gene=SRDH2_14460
SRDH2_14460.6        -            568 273989at33208        -            450   1.3e-60  205.7   7.8   2   2   6.5e-21   1.2e-18   67.4   0.0   210   309   282   390   274   399 0.78 transcript=SRDH2_14460.6 gene=SRDH2_14460
SRDH2_40600.1        -            457 273989at33208        -            450   2.4e-60  204.8   0.0   1   2   8.7e-38   1.6e-35  123.0   0.0     2   153    41   208    40   212 0.82 transcript=SRDH2_40600.1 gene=SRDH2_40600
SRDH2_40600.1        -            457 273989at33208        -            450   2.4e-60  204.8   0.0   2   2   1.1e-24   1.9e-22   79.8   0.0   152   309   232   408   221   431 0.82 transcript=SRDH2_40600.1 gene=SRDH2_40600
SRDH2_34800.4        -            607 273989at33208        -            450   5.3e-60  203.7   4.8   1   3   1.7e-32   3.1e-30  105.5   0.3     5   191    18   232    14   255 0.82 transcript=SRDH2_34800.4 gene=SRDH2_34800
SRDH2_34800.4        -            607 273989at33208        -            450   5.3e-60  203.7   4.8   2   3   1.6e-25   2.9e-23   82.6   0.2   227   324   331   433   292   443 0.77 transcript=SRDH2_34800.4 gene=SRDH2_34800
SRDH2_34800.4        -            607 273989at33208        -            450   5.3e-60  203.7   4.8   3   3   0.00013     0.023   13.7   0.0   334   413   481   560   468   594 0.74 transcript=SRDH2_34800.4 gene=SRDH2_34800
SRDH2_54780.11       -            439 273989at33208        -            450   5.7e-60  203.6   1.7   1   2     1e-42   1.8e-40  139.3   0.1     3   170    16   205    14   212 0.79 transcript=SRDH2_54780.11 gene=SRDH2_54780
SRDH2_54780.11       -            439 273989at33208        -            450   5.7e-60  203.6   1.7   2   2   9.3e-20   1.7e-17   63.6   0.1   183   323   240   397   234   421 0.75 transcript=SRDH2_54780.11 gene=SRDH2_54780
SRDH2_34800.1        -            637 273989at33208        -            450   6.9e-60  203.3   4.8   1   3   1.9e-32   3.4e-30  105.4   0.3     5   191    48   262    44   285 0.82 transcript=SRDH2_34800.1 gene=SRDH2_34800
SRDH2_34800.1        -            637 273989at33208        -            450   6.9e-60  203.3   4.8   2   3   1.7e-25   3.1e-23   82.5   0.2   227   324   361   463   322   473 0.77 transcript=SRDH2_34800.1 gene=SRDH2_34800
SRDH2_34800.1        -            637 273989at33208        -            450   6.9e-60  203.3   4.8   3   3   0.00014     0.025   13.6   0.0   334   413   511   590   498   624 0.75 transcript=SRDH2_34800.1 gene=SRDH2_34800
SRDH2_40600.2        -            634 273989at33208        -            450     7e-60  203.2   0.0   1   2   1.7e-37     3e-35  122.1   0.0     2   153   218   385   217   389 0.82 transcript=SRDH2_40600.2 gene=SRDH2_40600
SRDH2_40600.2        -            634 273989at33208        -            450     7e-60  203.2   0.0   2   2   2.1e-24   3.9e-22   78.8   0.0   152   309   409   585   398   607 0.82 transcript=SRDH2_40600.2 gene=SRDH2_40600
SRDH2_54780.10       -            467 273989at33208        -            450   7.4e-60  203.2   1.9   1   2   1.2e-42   2.1e-40  139.1   0.1     3   170    16   205    14   212 0.79 transcript=SRDH2_54780.10 gene=SRDH2_54780
SRDH2_54780.10       -            467 273989at33208        -            450   7.4e-60  203.2   1.9   2   2   9.3e-20   1.7e-17   63.6   0.2   183   323   240   397   234   437 0.75 transcript=SRDH2_54780.10 gene=SRDH2_54780
SRDH2_54780.4        -            467 273989at33208        -            450   7.4e-60  203.2   1.9   1   2   1.2e-42   2.1e-40  139.1   0.1     3   170    16   205    14   212 0.79 transcript=SRDH2_54780.4 gene=SRDH2_54780
SRDH2_54780.4        -            467 273989at33208        -            450   7.4e-60  203.2   1.9   2   2   9.3e-20   1.7e-17   63.6   0.2   183   323   240   397   234   437 0.75 transcript=SRDH2_54780.4 gene=SRDH2_54780
SRDH2_34800.2        -            713 273989at33208        -            450   1.1e-59  202.6   4.6   1   3   2.4e-32   4.3e-30  105.0   0.3     5   191   124   338   120   360 0.82 transcript=SRDH2_34800.2 gene=SRDH2_34800
SRDH2_34800.2        -            713 273989at33208        -            450   1.1e-59  202.6   4.6   2   3   2.1e-25   3.7e-23   82.2   0.1   227   324   437   539   399   549 0.77 transcript=SRDH2_34800.2 gene=SRDH2_34800
SRDH2_34800.2        -            713 273989at33208        -            450   1.1e-59  202.6   4.6   3   3   0.00016     0.029   13.3   0.0   334   413   587   666   574   700 0.75 transcript=SRDH2_34800.2 gene=SRDH2_34800
SRDH2_55700.1        -            401 273989at33208        -            450   1.6e-59  202.0   0.3   1   1   1.1e-61     2e-59  201.8   0.3     4   308    44   376    41   396 0.85 transcript=SRDH2_55700.1 gene=SRDH2_55700
SRDH2_55700.2        -            401 273989at33208        -            450   1.6e-59  202.0   0.3   1   1   1.1e-61     2e-59  201.8   0.3     4   308    44   376    41   396 0.85 transcript=SRDH2_55700.2 gene=SRDH2_55700
SRDH2_55700.3        -            401 273989at33208        -            450   1.6e-59  202.0   0.3   1   1   1.1e-61     2e-59  201.8   0.3     4   308    44   376    41   396 0.85 transcript=SRDH2_55700.3 gene=SRDH2_55700
SRDH2_55700.4        -            401 273989at33208        -            450   1.6e-59  202.0   0.3   1   1   1.1e-61     2e-59  201.8   0.3     4   308    44   376    41   396 0.85 transcript=SRDH2_55700.4 gene=SRDH2_55700
SRDH2_54780.12       -            453 273989at33208        -            450   2.6e-59  201.4   4.1   1   2   1.1e-42   1.9e-40  139.2   0.1     3   170    16   205    14   212 0.79 transcript=SRDH2_54780.12 gene=SRDH2_54780
SRDH2_54780.12       -            453 273989at33208        -            450   2.6e-59  201.4   4.1   2   2   1.2e-19   2.2e-17   63.2   0.6   183   323   240   397   234   437 0.75 transcript=SRDH2_54780.12 gene=SRDH2_54780
SRDH2_54780.3        -            453 273989at33208        -            450   2.6e-59  201.4   4.1   1   2   1.1e-42   1.9e-40  139.2   0.1     3   170    16   205    14   212 0.79 transcript=SRDH2_54780.3 gene=SRDH2_54780
SRDH2_54780.3        -            453 273989at33208        -            450   2.6e-59  201.4   4.1   2   2   1.2e-19   2.2e-17   63.2   0.6   183   323   240   397   234   437 0.75 transcript=SRDH2_54780.3 gene=SRDH2_54780
SRDH2_54780.6        -            453 273989at33208        -            450   2.6e-59  201.4   4.1   1   2   1.1e-42   1.9e-40  139.2   0.1     3   170    16   205    14   212 0.79 transcript=SRDH2_54780.6 gene=SRDH2_54780
SRDH2_54780.6        -            453 273989at33208        -            450   2.6e-59  201.4   4.1   2   2   1.2e-19   2.2e-17   63.2   0.6   183   323   240   397   234   437 0.75 transcript=SRDH2_54780.6 gene=SRDH2_54780
SRDH2_68050.2        -            531 273989at33208        -            450   1.1e-58  199.3   0.1   1   1   1.8e-60   3.2e-58  197.8   0.1     6   306   109   450   104   478 0.79 transcript=SRDH2_68050.2 gene=SRDH2_68050
SRDH2_68050.4        -            531 273989at33208        -            450   1.1e-58  199.3   0.1   1   1   1.8e-60   3.2e-58  197.8   0.1     6   306   109   450   104   478 0.79 transcript=SRDH2_68050.4 gene=SRDH2_68050
SRDH2_68050.1        -            622 273989at33208        -            450   5.1e-58  197.1   0.1   1   1   2.8e-60   5.1e-58  197.1   0.1     6   306   200   541   195   569 0.79 transcript=SRDH2_68050.1 gene=SRDH2_68050
SRDH2_56920.1        -            400 273989at33208        -            450   1.1e-56  192.7   1.2   1   1   7.4e-59   1.3e-56  192.4   1.2     5   308    56   375    52   392 0.86 transcript=SRDH2_56920.1 gene=SRDH2_56920
SRDH2_8640.1         -           1041 273989at33208        -            450   1.1e-56  192.7   0.0   1   1   1.1e-58     2e-56  191.9   0.0     2   308   361   703   360   737 0.82 transcript=SRDH2_8640.1 gene=SRDH2_8640
SRDH2_36240.1        -            581 273989at33208        -            450   1.2e-56  192.5   0.0   1   1   1.4e-58   2.5e-56  191.6   0.0     4   307   189   539   186   558 0.79 transcript=SRDH2_36240.1 gene=SRDH2_36240
SRDH2_36240.2        -            581 273989at33208        -            450   1.2e-56  192.5   0.0   1   1   1.4e-58   2.5e-56  191.6   0.0     4   307   189   539   186   558 0.79 transcript=SRDH2_36240.2 gene=SRDH2_36240
SRDH2_36240.3        -            581 273989at33208        -            450   1.2e-56  192.5   0.0   1   1   1.4e-58   2.5e-56  191.6   0.0     4   307   189   539   186   558 0.79 transcript=SRDH2_36240.3 gene=SRDH2_36240
SRDH2_36240.4        -            637 273989at33208        -            450   1.6e-56  192.1   0.0   1   1   1.8e-58   3.2e-56  191.2   0.0     4   307   189   539   186   558 0.79 transcript=SRDH2_36240.4 gene=SRDH2_36240
SRDH2_55980.2        -            830 273989at33208        -            450   3.6e-56  191.0   0.0   1   1   2.9e-58   5.2e-56  190.5   0.0     3   311    60   413    58   427 0.81 transcript=SRDH2_55980.2 gene=SRDH2_55980
SRDH2_55980.1        -            945 273989at33208        -            450   4.8e-56  190.6   0.0   1   1   3.9e-58     7e-56  190.1   0.0     3   311   175   528   173   542 0.81 transcript=SRDH2_55980.1 gene=SRDH2_55980
SRDH2_34800.3        -            577 273989at33208        -            450   4.9e-56  190.6   3.0   1   2   1.6e-32   2.8e-30  105.7   0.3     5   191   124   338   120   361 0.82 transcript=SRDH2_34800.3 gene=SRDH2_34800
SRDH2_34800.3        -            577 273989at33208        -            450   4.9e-56  190.6   3.0   2   2   1.5e-25   2.6e-23   82.7   0.2   227   324   437   539   398   549 0.77 transcript=SRDH2_34800.3 gene=SRDH2_34800
SRDH2_50960.1        -            769 273989at33208        -            450   1.7e-55  188.8   0.0   1   1   1.2e-57   2.2e-55  188.4   0.0     2   307   106   444   105   484 0.78 transcript=SRDH2_50960.1 gene=SRDH2_50960
SRDH2_28020.3        -            350 273989at33208        -            450   4.1e-54  184.3   0.7   1   1   2.9e-56   5.1e-54  183.9   0.7     6   287    37   346    32   347 0.84 transcript=SRDH2_28020.3 gene=SRDH2_28020
SRDH2_29390.4        -            872 273989at33208        -            450   1.3e-53  182.6   0.0   1   1   1.2e-55   2.1e-53  181.9   0.0     2   305    84   420    83   442 0.83 transcript=SRDH2_29390.4 gene=SRDH2_29390
SRDH2_46140.1        -            454 273989at33208        -            450   1.3e-53  182.5   0.1   1   1   7.5e-56   1.3e-53  182.5   0.1     2   312    18   370    17   382 0.80 transcript=SRDH2_46140.1 gene=SRDH2_46140
SRDH2_29390.1        -            879 273989at33208        -            450   1.4e-53  182.5   0.0   1   1   1.2e-55   2.1e-53  181.9   0.0     2   305    91   427    90   449 0.83 transcript=SRDH2_29390.1 gene=SRDH2_29390
SRDH2_29390.2        -            879 273989at33208        -            450   1.4e-53  182.5   0.0   1   1   1.2e-55   2.1e-53  181.9   0.0     2   305    91   427    90   449 0.83 transcript=SRDH2_29390.2 gene=SRDH2_29390
SRDH2_29390.3        -            875 273989at33208        -            450   1.1e-52  179.6   0.0   1   1   9.3e-55   1.7e-52  178.9   0.0     2   305    91   423    90   445 0.82 transcript=SRDH2_29390.3 gene=SRDH2_29390
SRDH2_45260.1        -            839 273989at33208        -            450   1.6e-52  179.0   0.0   1   1   1.4e-54   2.6e-52  178.3   0.0     2   304   311   647   310   673 0.77 transcript=SRDH2_45260.1 gene=SRDH2_45260
SRDH2_45260.2        -            839 273989at33208        -            450   1.6e-52  179.0   0.0   1   1   1.4e-54   2.6e-52  178.3   0.0     2   304   311   647   310   673 0.77 transcript=SRDH2_45260.2 gene=SRDH2_45260
SRDH2_4010.2         -            434 273989at33208        -            450   8.5e-49  166.7   0.1   1   1   4.7e-51   8.5e-49  166.7   0.1     5   308    13   355    10   373 0.83 transcript=SRDH2_4010.2 gene=SRDH2_4010
SRDH2_4010.1         -            463 273989at33208        -            450     1e-48  166.5   0.1   1   1   5.6e-51     1e-48  166.5   0.1     4   308    41   384    38   402 0.83 transcript=SRDH2_4010.1 gene=SRDH2_4010
SRDH2_83140.1        -            698 273989at33208        -            450   2.4e-48  165.3   4.4   1   3     1e-28   1.9e-26   93.1   0.0     3   153    16   185    14   191 0.79 transcript=SRDH2_83140.1 gene=SRDH2_83140
SRDH2_83140.1        -            698 273989at33208        -            450   2.4e-48  165.3   4.4   2   3     0.057        10    4.9   0.0   157   182   235   261   212   283 0.78 transcript=SRDH2_83140.1 gene=SRDH2_83140
SRDH2_83140.1        -            698 273989at33208        -            450   2.4e-48  165.3   4.4   3   3   9.2e-21   1.7e-18   66.9   0.0   210   305   356   459   335   471 0.80 transcript=SRDH2_83140.1 gene=SRDH2_83140
SRDH2_83140.2        -            698 273989at33208        -            450   2.4e-48  165.3   4.4   1   3     1e-28   1.9e-26   93.1   0.0     3   153    16   185    14   191 0.79 transcript=SRDH2_83140.2 gene=SRDH2_83140
SRDH2_83140.2        -            698 273989at33208        -            450   2.4e-48  165.3   4.4   2   3     0.057        10    4.9   0.0   157   182   235   261   212   283 0.78 transcript=SRDH2_83140.2 gene=SRDH2_83140
SRDH2_83140.2        -            698 273989at33208        -            450   2.4e-48  165.3   4.4   3   3   9.2e-21   1.7e-18   66.9   0.0   210   305   356   459   335   471 0.80 transcript=SRDH2_83140.2 gene=SRDH2_83140
SRDH2_83140.3        -            698 273989at33208        -            450   2.4e-48  165.3   4.4   1   3     1e-28   1.9e-26   93.1   0.0     3   153    16   185    14   191 0.79 transcript=SRDH2_83140.3 gene=SRDH2_83140
SRDH2_83140.3        -            698 273989at33208        -            450   2.4e-48  165.3   4.4   2   3     0.057        10    4.9   0.0   157   182   235   261   212   283 0.78 transcript=SRDH2_83140.3 gene=SRDH2_83140
SRDH2_83140.3        -            698 273989at33208        -            450   2.4e-48  165.3   4.4   3   3   9.2e-21   1.7e-18   66.9   0.0   210   305   356   459   335   471 0.80 transcript=SRDH2_83140.3 gene=SRDH2_83140
SRDH2_83140.4        -            698 273989at33208        -            450   2.4e-48  165.3   4.4   1   3     1e-28   1.9e-26   93.1   0.0     3   153    16   185    14   191 0.79 transcript=SRDH2_83140.4 gene=SRDH2_83140
SRDH2_83140.4        -            698 273989at33208        -            450   2.4e-48  165.3   4.4   2   3     0.057        10    4.9   0.0   157   182   235   261   212   283 0.78 transcript=SRDH2_83140.4 gene=SRDH2_83140
SRDH2_83140.4        -            698 273989at33208        -            450   2.4e-48  165.3   4.4   3   3   9.2e-21   1.7e-18   66.9   0.0   210   305   356   459   335   471 0.80 transcript=SRDH2_83140.4 gene=SRDH2_83140
SRDH2_25440.1        -            426 273989at33208        -            450   3.3e-47  161.5   1.6   1   1   2.4e-49   4.2e-47  161.1   1.6     3   312    58   399    56   425 0.80 transcript=SRDH2_25440.1 gene=SRDH2_25440
SRDH2_28020.2        -            262 273989at33208        -            450   3.3e-46  158.2   0.3   1   1   2.3e-48   4.1e-46  157.9   0.3    96   311     6   240     2   256 0.85 transcript=SRDH2_28020.2 gene=SRDH2_28020
SRDH2_28020.4        -            262 273989at33208        -            450   3.3e-46  158.2   0.3   1   1   2.3e-48   4.1e-46  157.9   0.3    96   311     6   240     2   256 0.85 transcript=SRDH2_28020.4 gene=SRDH2_28020
SRDH2_52400.10       -            625 273989at33208        -            450   7.2e-46  157.1   0.0   1   2   3.2e-30   5.8e-28   98.0   0.0    26   184   170   358   164   367 0.75 transcript=SRDH2_52400.10 gene=SRDH2_52400
SRDH2_52400.10       -            625 273989at33208        -            450   7.2e-46  157.1   0.0   2   2   3.2e-17   5.8e-15   55.2   0.0   201   305   429   541   394   547 0.79 transcript=SRDH2_52400.10 gene=SRDH2_52400
SRDH2_52400.2        -            625 273989at33208        -            450   7.2e-46  157.1   0.0   1   2   3.2e-30   5.8e-28   98.0   0.0    26   184   170   358   164   367 0.75 transcript=SRDH2_52400.2 gene=SRDH2_52400
SRDH2_52400.2        -            625 273989at33208        -            450   7.2e-46  157.1   0.0   2   2   3.2e-17   5.8e-15   55.2   0.0   201   305   429   541   394   547 0.79 transcript=SRDH2_52400.2 gene=SRDH2_52400
SRDH2_52400.3        -            625 273989at33208        -            450   7.2e-46  157.1   0.0   1   2   3.2e-30   5.8e-28   98.0   0.0    26   184   170   358   164   367 0.75 transcript=SRDH2_52400.3 gene=SRDH2_52400
SRDH2_52400.3        -            625 273989at33208        -            450   7.2e-46  157.1   0.0   2   2   3.2e-17   5.8e-15   55.2   0.0   201   305   429   541   394   547 0.79 transcript=SRDH2_52400.3 gene=SRDH2_52400
SRDH2_52400.4        -            625 273989at33208        -            450   7.2e-46  157.1   0.0   1   2   3.2e-30   5.8e-28   98.0   0.0    26   184   170   358   164   367 0.75 transcript=SRDH2_52400.4 gene=SRDH2_52400
SRDH2_52400.4        -            625 273989at33208        -            450   7.2e-46  157.1   0.0   2   2   3.2e-17   5.8e-15   55.2   0.0   201   305   429   541   394   547 0.79 transcript=SRDH2_52400.4 gene=SRDH2_52400
SRDH2_52400.5        -            625 273989at33208        -            450   7.2e-46  157.1   0.0   1   2   3.2e-30   5.8e-28   98.0   0.0    26   184   170   358   164   367 0.75 transcript=SRDH2_52400.5 gene=SRDH2_52400
SRDH2_52400.5        -            625 273989at33208        -            450   7.2e-46  157.1   0.0   2   2   3.2e-17   5.8e-15   55.2   0.0   201   305   429   541   394   547 0.79 transcript=SRDH2_52400.5 gene=SRDH2_52400
SRDH2_52400.6        -            625 273989at33208        -            450   7.2e-46  157.1   0.0   1   2   3.2e-30   5.8e-28   98.0   0.0    26   184   170   358   164   367 0.75 transcript=SRDH2_52400.6 gene=SRDH2_52400
SRDH2_52400.6        -            625 273989at33208        -            450   7.2e-46  157.1   0.0   2   2   3.2e-17   5.8e-15   55.2   0.0   201   305   429   541   394   547 0.79 transcript=SRDH2_52400.6 gene=SRDH2_52400
SRDH2_52400.8        -            625 273989at33208        -            450   7.2e-46  157.1   0.0   1   2   3.2e-30   5.8e-28   98.0   0.0    26   184   170   358   164   367 0.75 transcript=SRDH2_52400.8 gene=SRDH2_52400
SRDH2_52400.8        -            625 273989at33208        -            450   7.2e-46  157.1   0.0   2   2   3.2e-17   5.8e-15   55.2   0.0   201   305   429   541   394   547 0.79 transcript=SRDH2_52400.8 gene=SRDH2_52400
SRDH2_52400.9        -            625 273989at33208        -            450   7.2e-46  157.1   0.0   1   2   3.2e-30   5.8e-28   98.0   0.0    26   184   170   358   164   367 0.75 transcript=SRDH2_52400.9 gene=SRDH2_52400
SRDH2_52400.9        -            625 273989at33208        -            450   7.2e-46  157.1   0.0   2   2   3.2e-17   5.8e-15   55.2   0.0   201   305   429   541   394   547 0.79 transcript=SRDH2_52400.9 gene=SRDH2_52400
SRDH2_81270.1        -            565 273989at33208        -            450   2.6e-44  151.9   0.8   1   2   1.2e-21   2.2e-19   69.7   0.0     3   150    67   246    65   258 0.72 transcript=SRDH2_81270.1 gene=SRDH2_81270
SRDH2_81270.1        -            565 273989at33208        -            450   2.6e-44  151.9   0.8   2   2     2e-24   3.7e-22   78.9   0.3   208   336   404   536   371   561 0.73 transcript=SRDH2_81270.1 gene=SRDH2_81270
SRDH2_81270.4        -            565 273989at33208        -            450   2.6e-44  151.9   0.8   1   2   1.2e-21   2.2e-19   69.7   0.0     3   150    67   246    65   258 0.72 transcript=SRDH2_81270.4 gene=SRDH2_81270
SRDH2_81270.4        -            565 273989at33208        -            450   2.6e-44  151.9   0.8   2   2     2e-24   3.7e-22   78.9   0.3   208   336   404   536   371   561 0.73 transcript=SRDH2_81270.4 gene=SRDH2_81270
SRDH2_81270.5        -            565 273989at33208        -            450   2.6e-44  151.9   0.8   1   2   1.2e-21   2.2e-19   69.7   0.0     3   150    67   246    65   258 0.72 transcript=SRDH2_81270.5 gene=SRDH2_81270
SRDH2_81270.5        -            565 273989at33208        -            450   2.6e-44  151.9   0.8   2   2     2e-24   3.7e-22   78.9   0.3   208   336   404   536   371   561 0.73 transcript=SRDH2_81270.5 gene=SRDH2_81270
SRDH2_81270.3        -            566 273989at33208        -            450     3e-44  151.7   0.9   1   2   1.2e-21   2.2e-19   69.7   0.0     3   150    67   246    65   258 0.72 transcript=SRDH2_81270.3 gene=SRDH2_81270
SRDH2_81270.3        -            566 273989at33208        -            450     3e-44  151.7   0.9   2   2   2.2e-24     4e-22   78.8   0.4   208   336   404   536   371   559 0.74 transcript=SRDH2_81270.3 gene=SRDH2_81270
SRDH2_52400.1        -            548 273989at33208        -            450   1.5e-43  149.4   0.0   1   2   2.6e-30   4.6e-28   98.4   0.0    26   184   170   358   164   366 0.75 transcript=SRDH2_52400.1 gene=SRDH2_52400
SRDH2_52400.1        -            548 273989at33208        -            450   1.5e-43  149.4   0.0   2   2   9.3e-15   1.7e-12   47.1   0.0   201   299   429   535   394   539 0.78 transcript=SRDH2_52400.1 gene=SRDH2_52400
SRDH2_14190.1        -            404 273989at33208        -            450     2e-43  149.0   0.0   1   2   2.7e-26   4.8e-24   85.1   0.0     3   176    24   212    22   223 0.80 transcript=SRDH2_14190.1 gene=SRDH2_14190
SRDH2_14190.1        -            404 273989at33208        -            450     2e-43  149.0   0.0   2   2   3.1e-19   5.5e-17   61.9   0.0   232   317   288   378   278   391 0.88 transcript=SRDH2_14190.1 gene=SRDH2_14190
SRDH2_14190.2        -            404 273989at33208        -            450     2e-43  149.0   0.0   1   2   2.7e-26   4.8e-24   85.1   0.0     3   176    24   212    22   223 0.80 transcript=SRDH2_14190.2 gene=SRDH2_14190
SRDH2_14190.2        -            404 273989at33208        -            450     2e-43  149.0   0.0   2   2   3.1e-19   5.5e-17   61.9   0.0   232   317   288   378   278   391 0.88 transcript=SRDH2_14190.2 gene=SRDH2_14190
SRDH2_14190.5        -            404 273989at33208        -            450     2e-43  149.0   0.0   1   2   2.7e-26   4.8e-24   85.1   0.0     3   176    24   212    22   223 0.80 transcript=SRDH2_14190.5 gene=SRDH2_14190
SRDH2_14190.5        -            404 273989at33208        -            450     2e-43  149.0   0.0   2   2   3.1e-19   5.5e-17   61.9   0.0   232   317   288   378   278   391 0.88 transcript=SRDH2_14190.5 gene=SRDH2_14190
SRDH2_36240.9        -            520 273989at33208        -            450   4.9e-43  147.7   0.0   1   1   5.7e-45     1e-42  146.7   0.0     4   270   189   502   186   509 0.77 transcript=SRDH2_36240.9 gene=SRDH2_36240
SRDH2_36240.5        -            535 273989at33208        -            450   5.2e-43  147.6   0.0   1   1   5.9e-45   1.1e-42  146.6   0.0     4   269   189   501   186   523 0.77 transcript=SRDH2_36240.5 gene=SRDH2_36240
SRDH2_14190.4        -            539 273989at33208        -            450   5.4e-43  147.6   0.0   1   2   5.1e-26   9.1e-24   84.2   0.0     3   176    24   212    22   223 0.80 transcript=SRDH2_14190.4 gene=SRDH2_14190
SRDH2_14190.4        -            539 273989at33208        -            450   5.4e-43  147.6   0.0   2   2   4.9e-19   8.8e-17   61.2   0.0   232   317   288   378   278   392 0.88 transcript=SRDH2_14190.4 gene=SRDH2_14190
SRDH2_14190.3        -            623 273989at33208        -            450     9e-43  146.9   0.0   1   2   6.8e-26   1.2e-23   83.8   0.0     3   175    24   211    22   223 0.80 transcript=SRDH2_14190.3 gene=SRDH2_14190
SRDH2_14190.3        -            623 273989at33208        -            450     9e-43  146.9   0.0   2   2   6.1e-19   1.1e-16   60.9   0.0   232   317   288   378   278   392 0.88 transcript=SRDH2_14190.3 gene=SRDH2_14190
SRDH2_81270.2        -            480 273989at33208        -            450   1.9e-42  145.8   2.1   1   2   5.1e-20   9.2e-18   64.4   0.1    24   150    15   161    10   178 0.73 transcript=SRDH2_81270.2 gene=SRDH2_81270
SRDH2_81270.2        -            480 273989at33208        -            450   1.9e-42  145.8   2.1   2   2   1.5e-24   2.7e-22   79.4   0.3   197   336   303   451   286   476 0.73 transcript=SRDH2_81270.2 gene=SRDH2_81270
SRDH2_54780.9        -            376 273989at33208        -            450   3.4e-42  144.9   1.4   1   2   1.1e-24   1.9e-22   79.8   0.1    59   170     7   142     2   149 0.73 transcript=SRDH2_54780.9 gene=SRDH2_54780
SRDH2_54780.9        -            376 273989at33208        -            450   3.4e-42  144.9   1.4   2   2   6.8e-20   1.2e-17   64.0   0.2   183   323   177   334   172   358 0.75 transcript=SRDH2_54780.9 gene=SRDH2_54780
SRDH2_54780.2        -            404 273989at33208        -            450   4.3e-42  144.6   1.5   1   2   1.2e-24   2.2e-22   79.6   0.1    59   170     7   142     2   149 0.73 transcript=SRDH2_54780.2 gene=SRDH2_54780
SRDH2_54780.2        -            404 273989at33208        -            450   4.3e-42  144.6   1.5   2   2   6.7e-20   1.2e-17   64.0   0.2   183   323   177   334   171   374 0.75 transcript=SRDH2_54780.2 gene=SRDH2_54780
SRDH2_54780.8        -            404 273989at33208        -            450   4.3e-42  144.6   1.5   1   2   1.2e-24   2.2e-22   79.6   0.1    59   170     7   142     2   149 0.73 transcript=SRDH2_54780.8 gene=SRDH2_54780
SRDH2_54780.8        -            404 273989at33208        -            450   4.3e-42  144.6   1.5   2   2   6.7e-20   1.2e-17   64.0   0.2   183   323   177   334   171   374 0.75 transcript=SRDH2_54780.8 gene=SRDH2_54780
SRDH2_14460.1        -            449 273989at33208        -            450   7.3e-42  143.9   7.7   1   2   1.2e-24   2.2e-22   79.6   0.1    96   189     4   100     1   131 0.81 transcript=SRDH2_14460.1 gene=SRDH2_14460
SRDH2_14460.1        -            449 273989at33208        -            450   7.3e-42  143.9   7.7   2   2   4.3e-21   7.8e-19   68.0   0.0   210   309   163   271   154   280 0.78 transcript=SRDH2_14460.1 gene=SRDH2_14460
SRDH2_14460.4        -            449 273989at33208        -            450   7.3e-42  143.9   7.7   1   2   1.2e-24   2.2e-22   79.6   0.1    96   189     4   100     1   131 0.81 transcript=SRDH2_14460.4 gene=SRDH2_14460
SRDH2_14460.4        -            449 273989at33208        -            450   7.3e-42  143.9   7.7   2   2   4.3e-21   7.8e-19   68.0   0.0   210   309   163   271   154   280 0.78 transcript=SRDH2_14460.4 gene=SRDH2_14460
SRDH2_54780.1        -            390 273989at33208        -            450   1.4e-41  142.9   3.7   1   2   1.2e-24   2.1e-22   79.7   0.1    59   170     7   142     2   149 0.73 transcript=SRDH2_54780.1 gene=SRDH2_54780
SRDH2_54780.1        -            390 273989at33208        -            450   1.4e-41  142.9   3.7   2   2   8.7e-20   1.6e-17   63.7   0.6   183   323   177   334   172   373 0.75 transcript=SRDH2_54780.1 gene=SRDH2_54780
SRDH2_54780.5        -            390 273989at33208        -            450   1.4e-41  142.9   3.7   1   2   1.2e-24   2.1e-22   79.7   0.1    59   170     7   142     2   149 0.73 transcript=SRDH2_54780.5 gene=SRDH2_54780
SRDH2_54780.5        -            390 273989at33208        -            450   1.4e-41  142.9   3.7   2   2   8.7e-20   1.6e-17   63.7   0.6   183   323   177   334   172   373 0.75 transcript=SRDH2_54780.5 gene=SRDH2_54780
SRDH2_54780.7        -            390 273989at33208        -            450   1.4e-41  142.9   3.7   1   2   1.2e-24   2.1e-22   79.7   0.1    59   170     7   142     2   149 0.73 transcript=SRDH2_54780.7 gene=SRDH2_54780
SRDH2_54780.7        -            390 273989at33208        -            450   1.4e-41  142.9   3.7   2   2   8.7e-20   1.6e-17   63.7   0.6   183   323   177   334   172   373 0.75 transcript=SRDH2_54780.7 gene=SRDH2_54780
SRDH2_29390.5        -            859 273989at33208        -            450   1.9e-41  142.5   0.0   1   1   2.4e-42   4.2e-40  138.0   0.0     2   305    91   407    90   427 0.74 transcript=SRDH2_29390.5 gene=SRDH2_29390
SRDH2_25440.2        -            375 273989at33208        -            450   7.1e-41  140.6   1.8   1   1   4.9e-43   8.9e-41  140.3   1.8     3   287    58   374    56   375 0.81 transcript=SRDH2_25440.2 gene=SRDH2_25440
SRDH2_44380.1        -            623 273989at33208        -            450   3.8e-40  138.2   0.0   1   2   5.7e-25     1e-22   80.7   0.0     3   175    24   211    22   223 0.79 transcript=SRDH2_44380.1 gene=SRDH2_44380
SRDH2_44380.1        -            623 273989at33208        -            450   3.8e-40  138.2   0.0   2   2     3e-17   5.4e-15   55.3   0.0   232   318   288   379   278   394 0.88 transcript=SRDH2_44380.1 gene=SRDH2_44380
SRDH2_68050.3        -            466 273989at33208        -            450   6.6e-39  134.1   0.2   1   1   3.6e-41   6.6e-39  134.1   0.2     6   209   200   432   195   459 0.78 transcript=SRDH2_68050.3 gene=SRDH2_68050
SRDH2_19990.1        -            742 273989at33208        -            450     3e-38  131.9   0.0   1   3   3.5e-10   6.3e-08   32.0   0.0     2    56    18    72    17    78 0.94 transcript=SRDH2_19990.1 gene=SRDH2_19990
SRDH2_19990.1        -            742 273989at33208        -            450     3e-38  131.9   0.0   2   3   9.8e-16   1.8e-13   50.3   0.0    58   185   288   434   281   439 0.74 transcript=SRDH2_19990.1 gene=SRDH2_19990
SRDH2_19990.1        -            742 273989at33208        -            450     3e-38  131.9   0.0   3   3   2.2e-14   3.9e-12   45.9   0.0   240   305   557   625   545   637 0.85 transcript=SRDH2_19990.1 gene=SRDH2_19990
SRDH2_47200.1        -            580 273989at33208        -            450   6.4e-38  130.9   0.4   1   2   2.3e-28   4.1e-26   91.9   0.2     2   185    19   216    18   313 0.73 transcript=SRDH2_47200.1 gene=SRDH2_47200
SRDH2_47200.1        -            580 273989at33208        -            450   6.4e-38  130.9   0.4   2   2   1.2e-11   2.1e-09   36.8   0.0   259   310   343   394   335   401 0.90 transcript=SRDH2_47200.1 gene=SRDH2_47200
SRDH2_49440.1        -            744 273989at33208        -            450   4.7e-37  128.0   0.0   1   1   1.7e-38   3.1e-36  125.3   0.0     5   307    75   427    71   448 0.78 transcript=SRDH2_49440.1 gene=SRDH2_49440
SRDH2_83140.5        -            616 273989at33208        -            450   1.1e-35  123.5   2.3   1   3   2.6e-15   4.7e-13   48.9   0.0     3    76    16    88    14   118 0.90 transcript=SRDH2_83140.5 gene=SRDH2_83140
SRDH2_83140.5        -            616 273989at33208        -            450   1.1e-35  123.5   2.3   2   3     0.044       7.8    5.3   0.0   156   182   152   179   130   201 0.76 transcript=SRDH2_83140.5 gene=SRDH2_83140
SRDH2_83140.5        -            616 273989at33208        -            450   1.1e-35  123.5   2.3   3   3   7.6e-21   1.4e-18   67.2   0.0   210   305   274   377   253   389 0.80 transcript=SRDH2_83140.5 gene=SRDH2_83140
SRDH2_36240.7        -            446 273989at33208        -            450   2.9e-35  122.1   0.0   1   1   3.6e-37   6.5e-35  121.0   0.0     4   185   189   396   186   430 0.77 transcript=SRDH2_36240.7 gene=SRDH2_36240
SRDH2_36240.8        -            446 273989at33208        -            450   2.9e-35  122.1   0.0   1   1   3.6e-37   6.5e-35  121.0   0.0     4   185   189   396   186   430 0.77 transcript=SRDH2_36240.8 gene=SRDH2_36240
SRDH2_36240.6        -            412 273989at33208        -            450     1e-33  117.0   0.0   1   1   1.3e-35   2.4e-33  115.8   0.0     4   172   189   383   186   386 0.79 transcript=SRDH2_36240.6 gene=SRDH2_36240
SRDH2_56460.1        -            460 273989at33208        -            450   8.2e-32  110.7   0.0   1   1   8.4e-34   1.5e-31  109.9   0.0     3   320    90   447    88   455 0.79 transcript=SRDH2_56460.1 gene=SRDH2_56460
SRDH2_52400.7        -            473 273989at33208        -            450   4.2e-29  101.8   0.1   1   1   1.9e-30   3.3e-28   98.8   0.0    26   184   170   358   164   366 0.75 transcript=SRDH2_52400.7 gene=SRDH2_52400
SRDH2_94670.1        -            288 273989at33208        -            450   2.8e-23   82.6   0.0   1   2   6.8e-10   1.2e-07   31.1   0.0     2    50    15    64    14    97 0.86 transcript=SRDH2_94670.1 gene=SRDH2_94670
SRDH2_94670.1        -            288 273989at33208        -            450   2.8e-23   82.6   0.0   2   2   1.6e-15     3e-13   49.6   0.0    39   151   144   268   132   273 0.77 transcript=SRDH2_94670.1 gene=SRDH2_94670
SRDH2_94680.1        -            411 273989at33208        -            450   2.4e-17   63.0   0.1   1   1   3.1e-19   5.6e-17   61.8   0.0   231   317   172   272   142   299 0.82 transcript=SRDH2_94680.1 gene=SRDH2_94680
SRDH2_86020.1        -           2289 273989at33208        -            450     3e-10   39.7   0.9   1   3   0.00039      0.07   12.1   0.5     8   135   501   644   492   662 0.74 transcript=SRDH2_86020.1 gene=SRDH2_86020
SRDH2_86020.1        -           2289 273989at33208        -            450     3e-10   39.7   0.9   2   3      0.43        77    2.0   0.0   242   330   823   924   808   934 0.65 transcript=SRDH2_86020.1 gene=SRDH2_86020
SRDH2_86020.1        -           2289 273989at33208        -            450     3e-10   39.7   0.9   3   3   8.6e-07   0.00015   20.8   0.0     7   133  1356  1489  1353  1495 0.82 transcript=SRDH2_86020.1 gene=SRDH2_86020
SRDH2_48510.3        -           1416 273989at33208        -            450   2.8e-07   29.9   0.0   1   2   5.6e-08     1e-05   24.7   0.0     7   132    14   153     9   171 0.75 transcript=SRDH2_48510.3 gene=SRDH2_48510
SRDH2_48510.3        -           1416 273989at33208        -            450   2.8e-07   29.9   0.0   2   2      0.37        66    2.3   0.0   239   317   317   409   299   433 0.62 transcript=SRDH2_48510.3 gene=SRDH2_48510
SRDH2_64770.1        -           1123 273989at33208        -            450   7.7e-07   28.4   0.1   1   2     0.041       7.5    5.4   0.0    14    46    31    63    19    75 0.83 transcript=SRDH2_64770.1 gene=SRDH2_64770
SRDH2_64770.1        -           1123 273989at33208        -            450   7.7e-07   28.4   0.1   2   2     1e-06   0.00018   20.6   0.0   252   320   332   399   310   441 0.82 transcript=SRDH2_64770.1 gene=SRDH2_64770
SRDH2_37520.1        -           1212 273989at33208        -            450   1.5e-06   27.4   0.1   1   2       1.3   2.3e+02    0.4   0.0    34   168   136   278   117   286 0.54 transcript=SRDH2_37520.1 gene=SRDH2_37520
SRDH2_37520.1        -           1212 273989at33208        -            450   1.5e-06   27.4   0.1   2   2   8.2e-08   1.5e-05   24.2   0.0   239   307   576   646   559   670 0.81 transcript=SRDH2_37520.1 gene=SRDH2_37520
SRDH2_80720.1        -            659 273989at33208        -            450   6.4e-05   22.1   0.1   1   2    0.0029      0.52    9.2   0.0     7    70    89   155    83   168 0.74 transcript=SRDH2_80720.1 gene=SRDH2_80720
SRDH2_80720.1        -            659 273989at33208        -            450   6.4e-05   22.1   0.1   2   2    0.0016      0.29   10.0   0.0   250   302   390   442   376   454 0.89 transcript=SRDH2_80720.1 gene=SRDH2_80720
SRDH2_3270.1         -           1336 273989at33208        -            450   0.00013   21.1   0.1   1   2   2.2e-06   0.00039   19.5   0.0    14   167   147   294   138   301 0.86 transcript=SRDH2_3270.1 gene=SRDH2_3270
SRDH2_3270.1         -           1336 273989at33208        -            450   0.00013   21.1   0.1   2   2       7.7   1.4e+03   -2.1   0.0   246   302   515   584   482   587 0.59 transcript=SRDH2_3270.1 gene=SRDH2_3270
SRDH2_3290.1         -           1362 273989at33208        -            450   0.00015   20.9   0.0   1   1   2.5e-06   0.00046   19.3   0.0    14   165   215   360   206   377 0.82 transcript=SRDH2_3290.1 gene=SRDH2_3290
SRDH2_59810.5        -           1880 273989at33208        -            450    0.0029   16.6   0.2   1   2     0.029       5.2    5.9   0.0    32   134   184   301   161   315 0.76 transcript=SRDH2_59810.5 gene=SRDH2_59810
SRDH2_59810.5        -           1880 273989at33208        -            450    0.0029   16.6   0.2   2   2     0.019       3.4    6.5   0.0    11   131  1021  1162  1011  1169 0.63 transcript=SRDH2_59810.5 gene=SRDH2_59810
SRDH2_11800.1        -           1928 273989at33208        -            450    0.0033   16.4   0.0   1   1   3.5e-05    0.0062   15.5   0.0     4   138    26   166    23   200 0.75 transcript=SRDH2_11800.1 gene=SRDH2_11800
SRDH2_59810.6        -           2159 273989at33208        -            450    0.0036   16.3   0.2   1   2     0.034       6.2    5.7   0.0    32   134   463   580   440   594 0.76 transcript=SRDH2_59810.6 gene=SRDH2_59810
SRDH2_59810.6        -           2159 273989at33208        -            450    0.0036   16.3   0.2   2   2     0.023       4.1    6.3   0.0    11   131  1300  1441  1290  1448 0.63 transcript=SRDH2_59810.6 gene=SRDH2_59810
SRDH2_59810.12       -           2110 273989at33208        -            450    0.0041   16.1   0.2   1   2     0.033         6    5.7   0.0    32   134   414   531   391   545 0.76 transcript=SRDH2_59810.12 gene=SRDH2_59810
SRDH2_59810.12       -           2110 273989at33208        -            450    0.0041   16.1   0.2   2   2     0.022         4    6.3   0.0    11   131  1251  1392  1241  1399 0.63 transcript=SRDH2_59810.12 gene=SRDH2_59810
SRDH2_59810.4        -           2110 273989at33208        -            450    0.0041   16.1   0.2   1   2     0.033         6    5.7   0.0    32   134   414   531   391   545 0.76 transcript=SRDH2_59810.4 gene=SRDH2_59810
SRDH2_59810.4        -           2110 273989at33208        -            450    0.0041   16.1   0.2   2   2     0.022         4    6.3   0.0    11   131  1251  1392  1241  1399 0.63 transcript=SRDH2_59810.4 gene=SRDH2_59810
SRDH2_64610.1        -           1149 273989at33208        -            450     0.042   12.8   0.1   1   2       4.9   8.7e+02   -1.4   0.0    13    47   418   452   409   479 0.78 transcript=SRDH2_64610.1 gene=SRDH2_64610
SRDH2_64610.1        -           1149 273989at33208        -            450     0.042   12.8   0.1   2   2   0.00087      0.16   10.9   0.0   245   301   683   739   669   748 0.82 transcript=SRDH2_64610.1 gene=SRDH2_64610
SRDH2_59810.8        -           1884 273989at33208        -            450     0.047   12.6   5.0   1   2     0.029       5.2    5.9   0.0    32   134   514   631   491   645 0.76 transcript=SRDH2_59810.8 gene=SRDH2_59810
SRDH2_59810.8        -           1884 273989at33208        -            450     0.047   12.6   5.0   2   2     0.019       3.4    6.5   0.0    11   131  1351  1492  1341  1500 0.63 transcript=SRDH2_59810.8 gene=SRDH2_59810
SRDH2_59190.1        -           1136 273989at33208        -            450     0.096   11.6   0.1   1   2      0.77   1.4e+02    1.2   0.1     3    70   366   429   364   439 0.77 transcript=SRDH2_59190.1 gene=SRDH2_59190
SRDH2_59190.1        -           1136 273989at33208        -            450     0.096   11.6   0.1   2   2     0.007       1.3    7.9   0.0   239   303   661   728   652   760 0.82 transcript=SRDH2_59190.1 gene=SRDH2_59190
SRDH2_59190.4        -           1136 273989at33208        -            450     0.096   11.6   0.1   1   2      0.77   1.4e+02    1.2   0.1     3    70   366   429   364   439 0.77 transcript=SRDH2_59190.4 gene=SRDH2_59190
SRDH2_59190.4        -           1136 273989at33208        -            450     0.096   11.6   0.1   2   2     0.007       1.3    7.9   0.0   239   303   661   728   652   760 0.82 transcript=SRDH2_59190.4 gene=SRDH2_59190
SRDH2_59190.5        -           1136 273989at33208        -            450     0.096   11.6   0.1   1   2      0.77   1.4e+02    1.2   0.1     3    70   366   429   364   439 0.77 transcript=SRDH2_59190.5 gene=SRDH2_59190
SRDH2_59190.5        -           1136 273989at33208        -            450     0.096   11.6   0.1   2   2     0.007       1.3    7.9   0.0   239   303   661   728   652   760 0.82 transcript=SRDH2_59190.5 gene=SRDH2_59190
SRDH2_59190.6        -           1136 273989at33208        -            450     0.096   11.6   0.1   1   2      0.77   1.4e+02    1.2   0.1     3    70   366   429   364   439 0.77 transcript=SRDH2_59190.6 gene=SRDH2_59190
SRDH2_59190.6        -           1136 273989at33208        -            450     0.096   11.6   0.1   2   2     0.007       1.3    7.9   0.0   239   303   661   728   652   760 0.82 transcript=SRDH2_59190.6 gene=SRDH2_59190
SRDH2_59190.7        -           1168 273989at33208        -            450       0.1   11.5   0.1   1   2       0.8   1.4e+02    1.2   0.1     3    70   398   461   396   471 0.77 transcript=SRDH2_59190.7 gene=SRDH2_59190
SRDH2_59190.7        -           1168 273989at33208        -            450       0.1   11.5   0.1   2   2    0.0073       1.3    7.9   0.0   239   303   693   760   684   792 0.82 transcript=SRDH2_59190.7 gene=SRDH2_59190
SRDH2_59190.2        -           1175 273989at33208        -            450       0.1   11.5   0.1   1   2       0.8   1.4e+02    1.1   0.1     3    70   405   468   403   478 0.77 transcript=SRDH2_59190.2 gene=SRDH2_59190
SRDH2_59190.2        -           1175 273989at33208        -            450       0.1   11.5   0.1   2   2    0.0073       1.3    7.9   0.0   239   303   700   767   691   799 0.82 transcript=SRDH2_59190.2 gene=SRDH2_59190
SRDH2_59810.1        -           2210 273989at33208        -            450      0.22   10.5   6.3   1   2     0.035       6.3    5.6   0.0    32   134   514   631   491   645 0.76 transcript=SRDH2_59810.1 gene=SRDH2_59810
SRDH2_59810.1        -           2210 273989at33208        -            450      0.22   10.5   6.3   2   2     0.024       4.3    6.2   0.0    11   131  1351  1492  1341  1497 0.62 transcript=SRDH2_59810.1 gene=SRDH2_59810
SRDH2_59810.10       -           2210 273989at33208        -            450      0.22   10.5   6.3   1   2     0.035       6.3    5.6   0.0    32   134   514   631   491   645 0.76 transcript=SRDH2_59810.10 gene=SRDH2_59810
SRDH2_59810.10       -           2210 273989at33208        -            450      0.22   10.5   6.3   2   2     0.024       4.3    6.2   0.0    11   131  1351  1492  1341  1497 0.62 transcript=SRDH2_59810.10 gene=SRDH2_59810
SRDH2_59810.11       -           2210 273989at33208        -            450      0.22   10.5   6.3   1   2     0.035       6.3    5.6   0.0    32   134   514   631   491   645 0.76 transcript=SRDH2_59810.11 gene=SRDH2_59810
SRDH2_59810.11       -           2210 273989at33208        -            450      0.22   10.5   6.3   2   2     0.024       4.3    6.2   0.0    11   131  1351  1492  1341  1497 0.62 transcript=SRDH2_59810.11 gene=SRDH2_59810
SRDH2_59810.2        -           2210 273989at33208        -            450      0.22   10.5   6.3   1   2     0.035       6.3    5.6   0.0    32   134   514   631   491   645 0.76 transcript=SRDH2_59810.2 gene=SRDH2_59810
SRDH2_59810.2        -           2210 273989at33208        -            450      0.22   10.5   6.3   2   2     0.024       4.3    6.2   0.0    11   131  1351  1492  1341  1497 0.62 transcript=SRDH2_59810.2 gene=SRDH2_59810
SRDH2_59810.7        -           2210 273989at33208        -            450      0.22   10.5   6.3   1   2     0.035       6.3    5.6   0.0    32   134   514   631   491   645 0.76 transcript=SRDH2_59810.7 gene=SRDH2_59810
SRDH2_59810.7        -           2210 273989at33208        -            450      0.22   10.5   6.3   2   2     0.024       4.3    6.2   0.0    11   131  1351  1492  1341  1497 0.62 transcript=SRDH2_59810.7 gene=SRDH2_59810
SRDH2_59810.3        -           2087 273989at33208        -            450      0.42    9.5   6.9   1   2     0.054       9.8    5.0   0.0    30   134   389   508   368   522 0.73 transcript=SRDH2_59810.3 gene=SRDH2_59810
SRDH2_59810.3        -           2087 273989at33208        -            450      0.42    9.5   6.9   2   2     0.022       3.9    6.3   0.0    11   131  1228  1369  1218  1376 0.63 transcript=SRDH2_59810.3 gene=SRDH2_59810
SRDH2_59810.9        -           2087 273989at33208        -            450      0.42    9.5   6.9   1   2     0.054       9.8    5.0   0.0    30   134   389   508   368   522 0.73 transcript=SRDH2_59810.9 gene=SRDH2_59810
SRDH2_59810.9        -           2087 273989at33208        -            450      0.42    9.5   6.9   2   2     0.022       3.9    6.3   0.0    11   131  1228  1369  1218  1376 0.63 transcript=SRDH2_59810.9 gene=SRDH2_59810
#
# Program:         hmmsearch
# Version:         3.4 (Aug 2023)
# Pipeline mode:   SEARCH
# Query file:      /users/40483456/busco_datasets/busco_downloads/lineages/metazoa_odb10/hmms/273989at33208.hmm
# Target file:     /users/40483456/protein/schistosoma_rodhaini.fa
# Option settings: hmmsearch --domtblout /users/40483456/busco/results_pro/schistosoma_rodhaini_busco/run_metazoa_odb10/hmmer_output/initial_run_results/273989at33208.out --cpu 1 /users/40483456/busco_datasets/busco_downloads/lineages/metazoa_odb10/hmms/273989at33208.hmm /users/40483456/protein/schistosoma_rodhaini.fa 
# Current dir:     /users/40483456
# Date:            Thu Jan 15 17:57:31 2026
# [ok]
