#                                                                            --- full sequence --- -------------- this domain -------------   hmm coord   ali coord   env coord
# target name        accession   tlen query name           accession   qlen   E-value  score  bias   #  of  c-Evalue  i-Evalue  score  bias  from    to  from    to  from    to  acc description of target
#------------------- ---------- ----- -------------------- ---------- ----- --------- ------ ----- --- --- --------- --------- ------ ----- ----- ----- ----- ----- ----- ----- ---- ---------------------
SRDH2_72090.1        -           1253 356334at33208        -            730  6.1e-119  398.8  27.1   1   7   9.8e-17   5.7e-13   48.5   0.0    17   118    35   156    21   170 0.80 transcript=SRDH2_72090.1 gene=SRDH2_72090
SRDH2_72090.1        -           1253 356334at33208        -            730  6.1e-119  398.8  27.1   2   7    0.0053        31    3.1   0.0   133   169   202   238   196   270 0.77 transcript=SRDH2_72090.1 gene=SRDH2_72090
SRDH2_72090.1        -           1253 356334at33208        -            730  6.1e-119  398.8  27.1   3   7   0.00062       3.6    6.2   0.0   164   193   310   346   261   357 0.72 transcript=SRDH2_72090.1 gene=SRDH2_72090
SRDH2_72090.1        -           1253 356334at33208        -            730  6.1e-119  398.8  27.1   4   7   4.8e-25   2.8e-21   76.0   0.0   202   323   418   556   400   560 0.81 transcript=SRDH2_72090.1 gene=SRDH2_72090
SRDH2_72090.1        -           1253 356334at33208        -            730  6.1e-119  398.8  27.1   5   7    0.0026        15    4.1   0.2   335   362   669   696   621   715 0.81 transcript=SRDH2_72090.1 gene=SRDH2_72090
SRDH2_72090.1        -           1253 356334at33208        -            730  6.1e-119  398.8  27.1   6   7   4.2e-24   2.4e-20   72.9   4.7   375   496   764   900   734   924 0.80 transcript=SRDH2_72090.1 gene=SRDH2_72090
SRDH2_72090.1        -           1253 356334at33208        -            730  6.1e-119  398.8  27.1   7   7     2e-60   1.1e-56  193.0   6.6   493   723   983  1237   977  1244 0.84 transcript=SRDH2_72090.1 gene=SRDH2_72090
SRDH2_72090.2        -           1165 356334at33208        -            730  1.6e-111  374.3  27.8   1   7   2.6e-09   1.5e-05   23.9   0.1    64   118     2    68     1    82 0.82 transcript=SRDH2_72090.2 gene=SRDH2_72090
SRDH2_72090.2        -           1165 356334at33208        -            730  1.6e-111  374.3  27.8   2   7    0.0048        28    3.2   0.0   133   169   114   150   107   182 0.77 transcript=SRDH2_72090.2 gene=SRDH2_72090
SRDH2_72090.2        -           1165 356334at33208        -            730  1.6e-111  374.3  27.8   3   7   0.00053       3.1    6.4   0.0   164   193   222   258   170   269 0.70 transcript=SRDH2_72090.2 gene=SRDH2_72090
SRDH2_72090.2        -           1165 356334at33208        -            730  1.6e-111  374.3  27.8   4   7   4.3e-25   2.5e-21   76.1   0.0   202   323   330   468   312   472 0.81 transcript=SRDH2_72090.2 gene=SRDH2_72090
SRDH2_72090.2        -           1165 356334at33208        -            730  1.6e-111  374.3  27.8   5   7    0.0023        14    4.3   0.2   335   362   581   608   532   627 0.81 transcript=SRDH2_72090.2 gene=SRDH2_72090
SRDH2_72090.2        -           1165 356334at33208        -            730  1.6e-111  374.3  27.8   6   7   3.7e-24   2.2e-20   73.0   4.7   375   496   676   812   646   836 0.80 transcript=SRDH2_72090.2 gene=SRDH2_72090
SRDH2_72090.2        -           1165 356334at33208        -            730  1.6e-111  374.3  27.8   7   7   1.7e-60     1e-56  193.1   6.6   493   723   895  1149   889  1156 0.84 transcript=SRDH2_72090.2 gene=SRDH2_72090
SRDH2_28920.1        -            247 356334at33208        -            730     0.015   14.0   2.7   1   1   4.8e-06     0.028   13.1   2.7   647   705     4    61     1    65 0.85 transcript=SRDH2_28920.1 gene=SRDH2_28920
SRDH2_65710.1        -           1284 356334at33208        -            730      0.21   10.3   0.0   1   1   5.3e-05      0.31    9.7   0.0    85   133  1197  1245  1137  1267 0.83 transcript=SRDH2_65710.1 gene=SRDH2_65710
#
# Program:         hmmsearch
# Version:         3.4 (Aug 2023)
# Pipeline mode:   SEARCH
# Query file:      /users/40483456/busco_datasets/busco_downloads/lineages/metazoa_odb10/hmms/356334at33208.hmm
# Target file:     /users/40483456/protein/schistosoma_rodhaini.fa
# Option settings: hmmsearch --domtblout /users/40483456/busco/results_pro/schistosoma_rodhaini_busco/run_metazoa_odb10/hmmer_output/initial_run_results/356334at33208.out --cpu 1 /users/40483456/busco_datasets/busco_downloads/lineages/metazoa_odb10/hmms/356334at33208.hmm /users/40483456/protein/schistosoma_rodhaini.fa 
# Current dir:     /users/40483456
# Date:            Thu Jan 15 17:57:28 2026
# [ok]
