#                                                                            --- full sequence --- -------------- this domain -------------   hmm coord   ali coord   env coord
# target name        accession   tlen query name           accession   qlen   E-value  score  bias   #  of  c-Evalue  i-Evalue  score  bias  from    to  from    to  from    to  acc description of target
#------------------- ---------- ----- -------------------- ---------- ----- --------- ------ ----- --- --- --------- --------- ------ ----- ----- ----- ----- ----- ----- ----- ---- ---------------------
SRDH2_61390.1        -            391 364383at33208        -            335  1.3e-122  409.5   0.6   1   1  4.7e-126  1.8e-122  409.1   0.6    10   335    15   390     1   390 0.85 transcript=SRDH2_61390.1 gene=SRDH2_61390
SRDH2_91240.4        -            478 364383at33208        -            335   5.3e-14   52.5   1.4   1   2     0.041   1.6e+02    1.6   0.0    81   132    99   152    35   157 0.72 transcript=SRDH2_91240.4 gene=SRDH2_91240
SRDH2_91240.4        -            478 364383at33208        -            335   5.3e-14   52.5   1.4   2   2   9.8e-17   3.8e-13   49.7   0.3   141   326   240   446   235   452 0.80 transcript=SRDH2_91240.4 gene=SRDH2_91240
SRDH2_91240.3        -            543 364383at33208        -            335   5.5e-14   52.4   0.7   1   2      0.05   1.9e+02    1.3   0.0    82   132   215   267   151   272 0.72 transcript=SRDH2_91240.3 gene=SRDH2_91240
SRDH2_91240.3        -            543 364383at33208        -            335   5.5e-14   52.4   0.7   2   2   1.3e-16   5.1e-13   49.3   0.1   141   304   355   536   350   539 0.85 transcript=SRDH2_91240.3 gene=SRDH2_91240
SRDH2_91240.1        -            593 364383at33208        -            335   1.1e-13   51.5   1.4   1   2     0.057   2.2e+02    1.1   0.0    82   132   215   267   152   272 0.72 transcript=SRDH2_91240.1 gene=SRDH2_91240
SRDH2_91240.1        -            593 364383at33208        -            335   1.1e-13   51.5   1.4   2   2   1.6e-16   6.1e-13   49.0   0.3   141   326   355   561   350   567 0.80 transcript=SRDH2_91240.1 gene=SRDH2_91240
SRDH2_1380.1         -            444 364383at33208        -            335    0.0016   18.0   0.1   1   1   7.4e-07    0.0029   17.2   0.1   242   319   332   410   256   420 0.89 transcript=SRDH2_1380.1 gene=SRDH2_1380
SRDH2_91240.2        -            506 364383at33208        -            335    0.0053   16.3   0.1   1   2     0.044   1.7e+02    1.5   0.0    81   132   214   267   150   272 0.72 transcript=SRDH2_91240.2 gene=SRDH2_91240
SRDH2_91240.2        -            506 364383at33208        -            335    0.0053   16.3   0.1   2   2   1.9e-05     0.072   12.6   0.0   141   254   355   486   350   495 0.72 transcript=SRDH2_91240.2 gene=SRDH2_91240
#
# Program:         hmmsearch
# Version:         3.4 (Aug 2023)
# Pipeline mode:   SEARCH
# Query file:      /users/40483456/busco_datasets/busco_downloads/lineages/metazoa_odb10/hmms/364383at33208.hmm
# Target file:     /users/40483456/protein/schistosoma_rodhaini.fa
# Option settings: hmmsearch --domtblout /users/40483456/busco/results_pro/schistosoma_rodhaini_busco/run_metazoa_odb10/hmmer_output/initial_run_results/364383at33208.out --cpu 1 /users/40483456/busco_datasets/busco_downloads/lineages/metazoa_odb10/hmms/364383at33208.hmm /users/40483456/protein/schistosoma_rodhaini.fa 
# Current dir:     /users/40483456
# Date:            Thu Jan 15 17:57:44 2026
# [ok]
