#                                                                            --- full sequence --- -------------- this domain -------------   hmm coord   ali coord   env coord
# target name        accession   tlen query name           accession   qlen   E-value  score  bias   #  of  c-Evalue  i-Evalue  score  bias  from    to  from    to  from    to  acc description of target
#------------------- ---------- ----- -------------------- ---------- ----- --------- ------ ----- --- --- --------- --------- ------ ----- ----- ----- ----- ----- ----- ----- ---- ---------------------
SRDH2_54870.1        -            603 367551at33208        -            388  1.2e-150  502.3   7.0   1   2  3.7e-115  7.2e-113  378.0   1.7     3   271   113   401   111   404 0.92 transcript=SRDH2_54870.1 gene=SRDH2_54870
SRDH2_54870.1        -            603 367551at33208        -            388  1.2e-150  502.3   7.0   2   2   5.3e-39     1e-36  127.3   0.3   272   380   429   541   409   550 0.88 transcript=SRDH2_54870.1 gene=SRDH2_54870
SRDH2_14460.2        -            568 367551at33208        -            388   2.2e-78  264.5   1.8   1   2     9e-50   1.7e-47  162.8   0.2    12   211    26   238    15   249 0.84 transcript=SRDH2_14460.2 gene=SRDH2_14460
SRDH2_14460.2        -            568 367551at33208        -            388   2.2e-78  264.5   1.8   2   2   4.6e-31     9e-29  101.2   0.1   224   337   279   397   272   454 0.84 transcript=SRDH2_14460.2 gene=SRDH2_14460
SRDH2_14460.3        -            568 367551at33208        -            388   2.2e-78  264.5   1.8   1   2     9e-50   1.7e-47  162.8   0.2    12   211    26   238    15   249 0.84 transcript=SRDH2_14460.3 gene=SRDH2_14460
SRDH2_14460.3        -            568 367551at33208        -            388   2.2e-78  264.5   1.8   2   2   4.6e-31     9e-29  101.2   0.1   224   337   279   397   272   454 0.84 transcript=SRDH2_14460.3 gene=SRDH2_14460
SRDH2_14460.5        -            568 367551at33208        -            388   2.2e-78  264.5   1.8   1   2     9e-50   1.7e-47  162.8   0.2    12   211    26   238    15   249 0.84 transcript=SRDH2_14460.5 gene=SRDH2_14460
SRDH2_14460.5        -            568 367551at33208        -            388   2.2e-78  264.5   1.8   2   2   4.6e-31     9e-29  101.2   0.1   224   337   279   397   272   454 0.84 transcript=SRDH2_14460.5 gene=SRDH2_14460
SRDH2_14460.6        -            568 367551at33208        -            388   2.2e-78  264.5   1.8   1   2     9e-50   1.7e-47  162.8   0.2    12   211    26   238    15   249 0.84 transcript=SRDH2_14460.6 gene=SRDH2_14460
SRDH2_14460.6        -            568 367551at33208        -            388   2.2e-78  264.5   1.8   2   2   4.6e-31     9e-29  101.2   0.1   224   337   279   397   272   454 0.84 transcript=SRDH2_14460.6 gene=SRDH2_14460
SRDH2_46140.1        -            454 367551at33208        -            388   1.7e-74  251.6   0.1   1   1   1.2e-76   2.3e-74  251.3   0.1    12   346    25   381    19   428 0.84 transcript=SRDH2_46140.1 gene=SRDH2_46140
SRDH2_29340.1        -            828 367551at33208        -            388   7.7e-74  249.5   0.0   1   1   6.4e-76   1.2e-73  248.8   0.0     7   336    46   386    41   398 0.91 transcript=SRDH2_29340.1 gene=SRDH2_29340
SRDH2_54780.12       -            453 367551at33208        -            388   5.1e-73  246.8   1.6   1   1   7.9e-75   1.5e-72  245.2   1.6     9   358    19   407    13   444 0.75 transcript=SRDH2_54780.12 gene=SRDH2_54780
SRDH2_54780.3        -            453 367551at33208        -            388   5.1e-73  246.8   1.6   1   1   7.9e-75   1.5e-72  245.2   1.6     9   358    19   407    13   444 0.75 transcript=SRDH2_54780.3 gene=SRDH2_54780
SRDH2_54780.6        -            453 367551at33208        -            388   5.1e-73  246.8   1.6   1   1   7.9e-75   1.5e-72  245.2   1.6     9   358    19   407    13   444 0.75 transcript=SRDH2_54780.6 gene=SRDH2_54780
SRDH2_54780.10       -            467 367551at33208        -            388   5.7e-73  246.7   1.4   1   1   8.1e-75   1.6e-72  245.2   1.4     9   357    19   406    13   439 0.75 transcript=SRDH2_54780.10 gene=SRDH2_54780
SRDH2_54780.4        -            467 367551at33208        -            388   5.7e-73  246.7   1.4   1   1   8.1e-75   1.6e-72  245.2   1.4     9   357    19   406    13   439 0.75 transcript=SRDH2_54780.4 gene=SRDH2_54780
SRDH2_54780.11       -            439 367551at33208        -            388   6.7e-73  246.4   1.0   1   1   9.8e-75   1.9e-72  244.9   1.0     9   349    19   401    13   425 0.77 transcript=SRDH2_54780.11 gene=SRDH2_54780
SRDH2_29390.4        -            872 367551at33208        -            388   7.3e-73  246.3   0.0   1   1   5.4e-75     1e-72  245.8   0.0    12   344    91   437    82   451 0.90 transcript=SRDH2_29390.4 gene=SRDH2_29390
SRDH2_29390.1        -            879 367551at33208        -            388   7.4e-73  246.3   0.0   1   1   5.5e-75   1.1e-72  245.8   0.0    12   344    98   444    89   458 0.90 transcript=SRDH2_29390.1 gene=SRDH2_29390
SRDH2_29390.2        -            879 367551at33208        -            388   7.4e-73  246.3   0.0   1   1   5.5e-75   1.1e-72  245.8   0.0    12   344    98   444    89   458 0.90 transcript=SRDH2_29390.2 gene=SRDH2_29390
SRDH2_50960.1        -            769 367551at33208        -            388   7.5e-73  246.3   0.1   1   1   5.4e-75     1e-72  245.8   0.1    11   337   112   452   103   478 0.88 transcript=SRDH2_50960.1 gene=SRDH2_50960
SRDH2_34980.1        -            527 367551at33208        -            388   1.9e-72  244.9   0.2   1   2       7.1   1.4e+03   -1.5   0.0   318   343    42    67    40    71 0.91 transcript=SRDH2_34980.1 gene=SRDH2_34980
SRDH2_34980.1        -            527 367551at33208        -            388   1.9e-72  244.9   0.2   2   2   1.9e-74   3.6e-72  244.0   0.2    10   368    69   438    55   451 0.85 transcript=SRDH2_34980.1 gene=SRDH2_34980
SRDH2_29390.3        -            875 367551at33208        -            388   4.9e-72  243.6   0.0   1   1   3.6e-74     7e-72  243.1   0.0    12   344    98   440    89   454 0.90 transcript=SRDH2_29390.3 gene=SRDH2_29390
SRDH2_55980.2        -            830 367551at33208        -            388   1.7e-71  241.8   0.0   1   1   1.7e-73   3.2e-71  240.9   0.0    12   338    66   418    55   428 0.86 transcript=SRDH2_55980.2 gene=SRDH2_55980
SRDH2_55980.1        -            945 367551at33208        -            388   2.3e-71  241.4   0.0   1   1   2.2e-73   4.3e-71  240.5   0.0    12   338   181   533   170   543 0.86 transcript=SRDH2_55980.1 gene=SRDH2_55980
SRDH2_36240.1        -            581 367551at33208        -            388   8.4e-71  239.5   0.0   1   1   1.6e-72     3e-70  237.7   0.0    11   337   193   547   185   556 0.88 transcript=SRDH2_36240.1 gene=SRDH2_36240
SRDH2_36240.2        -            581 367551at33208        -            388   8.4e-71  239.5   0.0   1   1   1.6e-72     3e-70  237.7   0.0    11   337   193   547   185   556 0.88 transcript=SRDH2_36240.2 gene=SRDH2_36240
SRDH2_36240.3        -            581 367551at33208        -            388   8.4e-71  239.5   0.0   1   1   1.6e-72     3e-70  237.7   0.0    11   337   193   547   185   556 0.88 transcript=SRDH2_36240.3 gene=SRDH2_36240
SRDH2_36240.4        -            637 367551at33208        -            388   1.1e-70  239.1   0.0   1   1     2e-72   3.9e-70  237.3   0.0    11   337   193   547   185   556 0.88 transcript=SRDH2_36240.4 gene=SRDH2_36240
SRDH2_40600.1        -            457 367551at33208        -            388   2.1e-68  231.6   0.1   1   2   2.8e-33   5.5e-31  108.5   0.1    12   154    48   204    34   208 0.80 transcript=SRDH2_40600.1 gene=SRDH2_40600
SRDH2_40600.1        -            457 367551at33208        -            388   2.1e-68  231.6   0.1   2   2   4.5e-37   8.6e-35  121.0   0.0   155   334   233   412   221   425 0.89 transcript=SRDH2_40600.1 gene=SRDH2_40600
SRDH2_40600.2        -            634 367551at33208        -            388   5.7e-68  230.2   0.1   1   2   5.3e-33     1e-30  107.6   0.1    12   154   225   381   211   385 0.80 transcript=SRDH2_40600.2 gene=SRDH2_40600
SRDH2_40600.2        -            634 367551at33208        -            388   5.7e-68  230.2   0.1   2   2   8.8e-37   1.7e-34  120.0   0.0   155   334   410   589   398   602 0.89 transcript=SRDH2_40600.2 gene=SRDH2_40600
SRDH2_28020.1        -            392 367551at33208        -            388     1e-67  229.4   1.3   1   1   6.9e-70   1.3e-67  229.0   1.3    12   336    40   373    25   384 0.91 transcript=SRDH2_28020.1 gene=SRDH2_28020
SRDH2_45260.1        -            839 367551at33208        -            388   1.8e-67  228.6   0.0   1   1   1.2e-69   2.4e-67  228.2   0.0     6   326   307   647   302   653 0.90 transcript=SRDH2_45260.1 gene=SRDH2_45260
SRDH2_45260.2        -            839 367551at33208        -            388   1.8e-67  228.6   0.0   1   1   1.2e-69   2.4e-67  228.2   0.0     6   326   307   647   302   653 0.90 transcript=SRDH2_45260.2 gene=SRDH2_45260
SRDH2_68050.2        -            531 367551at33208        -            388   4.9e-67  227.1   0.3   1   1   4.1e-69   7.9e-67  226.4   0.3     8   327   108   449   102   467 0.85 transcript=SRDH2_68050.2 gene=SRDH2_68050
SRDH2_68050.4        -            531 367551at33208        -            388   4.9e-67  227.1   0.3   1   1   4.1e-69   7.9e-67  226.4   0.3     8   327   108   449   102   467 0.85 transcript=SRDH2_68050.4 gene=SRDH2_68050
SRDH2_68050.1        -            622 367551at33208        -            388   7.7e-67  226.5   0.3   1   1   6.4e-69   1.2e-66  225.8   0.3     8   327   199   540   193   558 0.85 transcript=SRDH2_68050.1 gene=SRDH2_68050
SRDH2_94820.1        -            764 367551at33208        -            388   2.4e-66  224.9   2.7   1   2   2.7e-68   5.2e-66  223.8   0.1     8   347    41   413    31   439 0.82 transcript=SRDH2_94820.1 gene=SRDH2_94820
SRDH2_94820.1        -            764 367551at33208        -            388   2.4e-66  224.9   2.7   2   2         3   5.8e+02   -0.3   0.7   324   367   697   740   690   749 0.83 transcript=SRDH2_94820.1 gene=SRDH2_94820
SRDH2_8640.1         -           1041 367551at33208        -            388   3.5e-66  224.3   0.0   1   1   2.9e-68   5.6e-66  223.7   0.0    11   340   367   713   358   744 0.85 transcript=SRDH2_8640.1 gene=SRDH2_8640
SRDH2_83140.1        -            698 367551at33208        -            388   2.7e-65  221.4   1.1   1   3   1.2e-36   2.4e-34  119.5   0.0    13   155    23   182    16   187 0.86 transcript=SRDH2_83140.1 gene=SRDH2_83140
SRDH2_83140.1        -            698 367551at33208        -            388   2.7e-65  221.4   1.1   2   3   0.00026      0.05   13.1   0.1   146   195   219   270   202   299 0.80 transcript=SRDH2_83140.1 gene=SRDH2_83140
SRDH2_83140.1        -            698 367551at33208        -            388   2.7e-65  221.4   1.1   3   3   2.5e-26   4.8e-24   85.6   0.2   224   328   353   460   345   468 0.88 transcript=SRDH2_83140.1 gene=SRDH2_83140
SRDH2_83140.2        -            698 367551at33208        -            388   2.7e-65  221.4   1.1   1   3   1.2e-36   2.4e-34  119.5   0.0    13   155    23   182    16   187 0.86 transcript=SRDH2_83140.2 gene=SRDH2_83140
SRDH2_83140.2        -            698 367551at33208        -            388   2.7e-65  221.4   1.1   2   3   0.00026      0.05   13.1   0.1   146   195   219   270   202   299 0.80 transcript=SRDH2_83140.2 gene=SRDH2_83140
SRDH2_83140.2        -            698 367551at33208        -            388   2.7e-65  221.4   1.1   3   3   2.5e-26   4.8e-24   85.6   0.2   224   328   353   460   345   468 0.88 transcript=SRDH2_83140.2 gene=SRDH2_83140
SRDH2_83140.3        -            698 367551at33208        -            388   2.7e-65  221.4   1.1   1   3   1.2e-36   2.4e-34  119.5   0.0    13   155    23   182    16   187 0.86 transcript=SRDH2_83140.3 gene=SRDH2_83140
SRDH2_83140.3        -            698 367551at33208        -            388   2.7e-65  221.4   1.1   2   3   0.00026      0.05   13.1   0.1   146   195   219   270   202   299 0.80 transcript=SRDH2_83140.3 gene=SRDH2_83140
SRDH2_83140.3        -            698 367551at33208        -            388   2.7e-65  221.4   1.1   3   3   2.5e-26   4.8e-24   85.6   0.2   224   328   353   460   345   468 0.88 transcript=SRDH2_83140.3 gene=SRDH2_83140
SRDH2_83140.4        -            698 367551at33208        -            388   2.7e-65  221.4   1.1   1   3   1.2e-36   2.4e-34  119.5   0.0    13   155    23   182    16   187 0.86 transcript=SRDH2_83140.4 gene=SRDH2_83140
SRDH2_83140.4        -            698 367551at33208        -            388   2.7e-65  221.4   1.1   2   3   0.00026      0.05   13.1   0.1   146   195   219   270   202   299 0.80 transcript=SRDH2_83140.4 gene=SRDH2_83140
SRDH2_83140.4        -            698 367551at33208        -            388   2.7e-65  221.4   1.1   3   3   2.5e-26   4.8e-24   85.6   0.2   224   328   353   460   345   468 0.88 transcript=SRDH2_83140.4 gene=SRDH2_83140
SRDH2_55700.1        -            401 367551at33208        -            388     1e-63  216.2   0.6   1   1   6.5e-66   1.3e-63  215.9   0.6    10   336    47   382    33   391 0.92 transcript=SRDH2_55700.1 gene=SRDH2_55700
SRDH2_55700.2        -            401 367551at33208        -            388     1e-63  216.2   0.6   1   1   6.5e-66   1.3e-63  215.9   0.6    10   336    47   382    33   391 0.92 transcript=SRDH2_55700.2 gene=SRDH2_55700
SRDH2_55700.3        -            401 367551at33208        -            388     1e-63  216.2   0.6   1   1   6.5e-66   1.3e-63  215.9   0.6    10   336    47   382    33   391 0.92 transcript=SRDH2_55700.3 gene=SRDH2_55700
SRDH2_55700.4        -            401 367551at33208        -            388     1e-63  216.2   0.6   1   1   6.5e-66   1.3e-63  215.9   0.6    10   336    47   382    33   391 0.92 transcript=SRDH2_55700.4 gene=SRDH2_55700
SRDH2_4010.1         -            463 367551at33208        -            388     5e-62  210.6   0.5   1   1   4.2e-64   8.1e-62  209.9   0.5    10   337    44   392    30   397 0.87 transcript=SRDH2_4010.1 gene=SRDH2_4010
SRDH2_25440.1        -            426 367551at33208        -            388   5.6e-62  210.5   2.5   1   1   3.8e-64   7.3e-62  210.1   2.5    10   349    62   416    50   424 0.85 transcript=SRDH2_25440.1 gene=SRDH2_25440
SRDH2_50760.1        -            449 367551at33208        -            388   1.2e-61  209.4   0.6   1   1   7.4e-64   1.4e-61  209.1   0.6     3   342    48   399    46   423 0.88 transcript=SRDH2_50760.1 gene=SRDH2_50760
SRDH2_4010.2         -            434 367551at33208        -            388   1.2e-61  209.4   0.8   1   1   1.1e-63   2.2e-61  208.5   0.8    11   337    16   363    11   368 0.89 transcript=SRDH2_4010.2 gene=SRDH2_4010
SRDH2_50760.2        -            459 367551at33208        -            388   1.3e-61  209.3   0.6   1   1     8e-64   1.5e-61  209.0   0.6     3   342    58   409    56   433 0.88 transcript=SRDH2_50760.2 gene=SRDH2_50760
SRDH2_50760.3        -            387 367551at33208        -            388   7.6e-60  203.5   0.5   1   1   4.5e-62   8.6e-60  203.3   0.5     3   330    48   387    46   387 0.89 transcript=SRDH2_50760.3 gene=SRDH2_50760
SRDH2_28020.3        -            350 367551at33208        -            388     3e-59  201.5   1.9   1   1   1.9e-61   3.6e-59  201.2   1.9    12   308    40   345    24   347 0.91 transcript=SRDH2_28020.3 gene=SRDH2_28020
SRDH2_56920.1        -            400 367551at33208        -            388   3.3e-59  201.4   4.4   1   1   1.6e-60   3.2e-58  198.1   4.4     1   336    44   381    44   391 0.89 transcript=SRDH2_56920.1 gene=SRDH2_56920
SRDH2_29390.5        -            859 367551at33208        -            388     5e-58  197.5   0.0   1   1   2.2e-58   4.3e-56  191.1   0.0    12   344    98   424    89   438 0.90 transcript=SRDH2_29390.5 gene=SRDH2_29390
SRDH2_14190.1        -            404 367551at33208        -            388   6.1e-56  190.6   0.0   1   1   3.9e-58   7.5e-56  190.3   0.0     8   339    26   378    19   399 0.83 transcript=SRDH2_14190.1 gene=SRDH2_14190
SRDH2_14190.2        -            404 367551at33208        -            388   6.1e-56  190.6   0.0   1   1   3.9e-58   7.5e-56  190.3   0.0     8   339    26   378    19   399 0.83 transcript=SRDH2_14190.2 gene=SRDH2_14190
SRDH2_14190.5        -            404 367551at33208        -            388   6.1e-56  190.6   0.0   1   1   3.9e-58   7.5e-56  190.3   0.0     8   339    26   378    19   399 0.83 transcript=SRDH2_14190.5 gene=SRDH2_14190
SRDH2_14190.4        -            539 367551at33208        -            388   1.2e-55  189.6   0.0   1   1   8.2e-58   1.6e-55  189.2   0.0     8   340    26   379    19   410 0.82 transcript=SRDH2_14190.4 gene=SRDH2_14190
SRDH2_52400.10       -            625 367551at33208        -            388   1.7e-55  189.2   0.1   1   2   6.4e-30   1.2e-27   97.4   0.0    30   250   171   424   165   434 0.68 transcript=SRDH2_52400.10 gene=SRDH2_52400
SRDH2_52400.10       -            625 367551at33208        -            388   1.7e-55  189.2   0.1   2   2   3.2e-27   6.2e-25   88.5   0.0   226   328   437   542   429   608 0.82 transcript=SRDH2_52400.10 gene=SRDH2_52400
SRDH2_52400.2        -            625 367551at33208        -            388   1.7e-55  189.2   0.1   1   2   6.4e-30   1.2e-27   97.4   0.0    30   250   171   424   165   434 0.68 transcript=SRDH2_52400.2 gene=SRDH2_52400
SRDH2_52400.2        -            625 367551at33208        -            388   1.7e-55  189.2   0.1   2   2   3.2e-27   6.2e-25   88.5   0.0   226   328   437   542   429   608 0.82 transcript=SRDH2_52400.2 gene=SRDH2_52400
SRDH2_52400.3        -            625 367551at33208        -            388   1.7e-55  189.2   0.1   1   2   6.4e-30   1.2e-27   97.4   0.0    30   250   171   424   165   434 0.68 transcript=SRDH2_52400.3 gene=SRDH2_52400
SRDH2_52400.3        -            625 367551at33208        -            388   1.7e-55  189.2   0.1   2   2   3.2e-27   6.2e-25   88.5   0.0   226   328   437   542   429   608 0.82 transcript=SRDH2_52400.3 gene=SRDH2_52400
SRDH2_52400.4        -            625 367551at33208        -            388   1.7e-55  189.2   0.1   1   2   6.4e-30   1.2e-27   97.4   0.0    30   250   171   424   165   434 0.68 transcript=SRDH2_52400.4 gene=SRDH2_52400
SRDH2_52400.4        -            625 367551at33208        -            388   1.7e-55  189.2   0.1   2   2   3.2e-27   6.2e-25   88.5   0.0   226   328   437   542   429   608 0.82 transcript=SRDH2_52400.4 gene=SRDH2_52400
SRDH2_52400.5        -            625 367551at33208        -            388   1.7e-55  189.2   0.1   1   2   6.4e-30   1.2e-27   97.4   0.0    30   250   171   424   165   434 0.68 transcript=SRDH2_52400.5 gene=SRDH2_52400
SRDH2_52400.5        -            625 367551at33208        -            388   1.7e-55  189.2   0.1   2   2   3.2e-27   6.2e-25   88.5   0.0   226   328   437   542   429   608 0.82 transcript=SRDH2_52400.5 gene=SRDH2_52400
SRDH2_52400.6        -            625 367551at33208        -            388   1.7e-55  189.2   0.1   1   2   6.4e-30   1.2e-27   97.4   0.0    30   250   171   424   165   434 0.68 transcript=SRDH2_52400.6 gene=SRDH2_52400
SRDH2_52400.6        -            625 367551at33208        -            388   1.7e-55  189.2   0.1   2   2   3.2e-27   6.2e-25   88.5   0.0   226   328   437   542   429   608 0.82 transcript=SRDH2_52400.6 gene=SRDH2_52400
SRDH2_52400.8        -            625 367551at33208        -            388   1.7e-55  189.2   0.1   1   2   6.4e-30   1.2e-27   97.4   0.0    30   250   171   424   165   434 0.68 transcript=SRDH2_52400.8 gene=SRDH2_52400
SRDH2_52400.8        -            625 367551at33208        -            388   1.7e-55  189.2   0.1   2   2   3.2e-27   6.2e-25   88.5   0.0   226   328   437   542   429   608 0.82 transcript=SRDH2_52400.8 gene=SRDH2_52400
SRDH2_52400.9        -            625 367551at33208        -            388   1.7e-55  189.2   0.1   1   2   6.4e-30   1.2e-27   97.4   0.0    30   250   171   424   165   434 0.68 transcript=SRDH2_52400.9 gene=SRDH2_52400
SRDH2_52400.9        -            625 367551at33208        -            388   1.7e-55  189.2   0.1   2   2   3.2e-27   6.2e-25   88.5   0.0   226   328   437   542   429   608 0.82 transcript=SRDH2_52400.9 gene=SRDH2_52400
SRDH2_14190.3        -            623 367551at33208        -            388   1.9e-55  189.0   0.0   1   1   1.3e-57   2.5e-55  188.6   0.0     8   340    26   379    19   409 0.82 transcript=SRDH2_14190.3 gene=SRDH2_14190
SRDH2_34800.3        -            577 367551at33208        -            388   2.5e-55  188.6   0.1   1   2   5.3e-37     1e-34  120.7   0.1    13   195   129   340   123   352 0.83 transcript=SRDH2_34800.3 gene=SRDH2_34800
SRDH2_34800.3        -            577 367551at33208        -            388   2.5e-55  188.6   0.1   2   2   2.2e-19   4.3e-17   62.7   0.0   244   340   434   532   386   558 0.82 transcript=SRDH2_34800.3 gene=SRDH2_34800
SRDH2_25440.2        -            375 367551at33208        -            388   2.9e-55  188.4   3.2   1   1   1.9e-57   3.7e-55  188.0   3.2    10   309    62   374    50   375 0.87 transcript=SRDH2_25440.2 gene=SRDH2_25440
SRDH2_34800.4        -            607 367551at33208        -            388   3.2e-55  188.2   0.1   1   2   5.2e-37     1e-34  120.8   0.1    13   196    23   235    17   255 0.83 transcript=SRDH2_34800.4 gene=SRDH2_34800
SRDH2_34800.4        -            607 367551at33208        -            388   3.2e-55  188.2   0.1   2   2   2.4e-19   4.7e-17   62.6   0.0   244   340   328   426   281   452 0.82 transcript=SRDH2_34800.4 gene=SRDH2_34800
SRDH2_34800.1        -            637 367551at33208        -            388     4e-55  187.9   0.1   1   2   5.6e-37   1.1e-34  120.7   0.1    13   196    53   265    47   289 0.83 transcript=SRDH2_34800.1 gene=SRDH2_34800
SRDH2_34800.1        -            637 367551at33208        -            388     4e-55  187.9   0.1   2   2   2.6e-19   5.1e-17   62.5   0.0   244   340   358   456   311   482 0.82 transcript=SRDH2_34800.1 gene=SRDH2_34800
SRDH2_34800.2        -            713 367551at33208        -            388   6.4e-55  187.2   0.1   1   2   7.4e-37   1.4e-34  120.3   0.1    13   196   129   341   124   361 0.83 transcript=SRDH2_34800.2 gene=SRDH2_34800
SRDH2_34800.2        -            713 367551at33208        -            388   6.4e-55  187.2   0.1   2   2   3.2e-19   6.1e-17   62.2   0.0   244   340   434   532   387   558 0.82 transcript=SRDH2_34800.2 gene=SRDH2_34800
SRDH2_36240.9        -            520 367551at33208        -            388   7.2e-55  187.1   0.0   1   1   1.4e-56   2.7e-54  185.2   0.0    11   296   193   506   185   512 0.87 transcript=SRDH2_36240.9 gene=SRDH2_36240
SRDH2_36240.5        -            535 367551at33208        -            388   4.2e-54  184.6   0.0   1   1   7.5e-56   1.4e-53  182.8   0.0    11   307   193   520   184   524 0.85 transcript=SRDH2_36240.5 gene=SRDH2_36240
SRDH2_14460.1        -            449 367551at33208        -            388   1.7e-53  182.6   1.2   1   2   1.5e-24   2.8e-22   79.8   0.1   104   211     5   119     1   130 0.83 transcript=SRDH2_14460.1 gene=SRDH2_14460
SRDH2_14460.1        -            449 367551at33208        -            388   1.7e-53  182.6   1.2   2   2     3e-31   5.7e-29  101.8   0.1   224   337   160   278   153   335 0.84 transcript=SRDH2_14460.1 gene=SRDH2_14460
SRDH2_14460.4        -            449 367551at33208        -            388   1.7e-53  182.6   1.2   1   2   1.5e-24   2.8e-22   79.8   0.1   104   211     5   119     1   130 0.83 transcript=SRDH2_14460.4 gene=SRDH2_14460
SRDH2_14460.4        -            449 367551at33208        -            388   1.7e-53  182.6   1.2   2   2     3e-31   5.7e-29  101.8   0.1   224   337   160   278   153   335 0.84 transcript=SRDH2_14460.4 gene=SRDH2_14460
SRDH2_44380.1        -            623 367551at33208        -            388   1.8e-53  182.4   0.0   1   1   1.2e-55   2.4e-53  182.1   0.0     8   340    26   379    19   409 0.82 transcript=SRDH2_44380.1 gene=SRDH2_44380
SRDH2_81270.2        -            480 367551at33208        -            388   2.3e-53  182.1   1.5   1   3   3.4e-28   6.6e-26   91.7   0.1    29   144    17   147    12   160 0.80 transcript=SRDH2_81270.2 gene=SRDH2_81270
SRDH2_81270.2        -            480 367551at33208        -            388   2.3e-53  182.1   1.5   2   3       1.5     3e+02    0.7   0.0   155   187   196   228   189   256 0.82 transcript=SRDH2_81270.2 gene=SRDH2_81270
SRDH2_81270.2        -            480 367551at33208        -            388   2.3e-53  182.1   1.5   3   3   9.7e-27   1.9e-24   86.9   0.1   212   347   306   445   292   472 0.87 transcript=SRDH2_81270.2 gene=SRDH2_81270
SRDH2_81270.1        -            565 367551at33208        -            388   2.3e-53  182.1   1.9   1   3   2.1e-28     4e-26   92.4   0.1    27   144   100   232    65   245 0.76 transcript=SRDH2_81270.1 gene=SRDH2_81270
SRDH2_81270.1        -            565 367551at33208        -            388   2.3e-53  182.1   1.9   2   3         2   3.9e+02    0.3   0.0   155   187   281   313   275   340 0.82 transcript=SRDH2_81270.1 gene=SRDH2_81270
SRDH2_81270.1        -            565 367551at33208        -            388   2.3e-53  182.1   1.9   3   3   1.3e-26   2.6e-24   86.5   0.1   212   347   391   530   377   557 0.87 transcript=SRDH2_81270.1 gene=SRDH2_81270
SRDH2_81270.4        -            565 367551at33208        -            388   2.3e-53  182.1   1.9   1   3   2.1e-28     4e-26   92.4   0.1    27   144   100   232    65   245 0.76 transcript=SRDH2_81270.4 gene=SRDH2_81270
SRDH2_81270.4        -            565 367551at33208        -            388   2.3e-53  182.1   1.9   2   3         2   3.9e+02    0.3   0.0   155   187   281   313   275   340 0.82 transcript=SRDH2_81270.4 gene=SRDH2_81270
SRDH2_81270.4        -            565 367551at33208        -            388   2.3e-53  182.1   1.9   3   3   1.3e-26   2.6e-24   86.5   0.1   212   347   391   530   377   557 0.87 transcript=SRDH2_81270.4 gene=SRDH2_81270
SRDH2_81270.5        -            565 367551at33208        -            388   2.3e-53  182.1   1.9   1   3   2.1e-28     4e-26   92.4   0.1    27   144   100   232    65   245 0.76 transcript=SRDH2_81270.5 gene=SRDH2_81270
SRDH2_81270.5        -            565 367551at33208        -            388   2.3e-53  182.1   1.9   2   3         2   3.9e+02    0.3   0.0   155   187   281   313   275   340 0.82 transcript=SRDH2_81270.5 gene=SRDH2_81270
SRDH2_81270.5        -            565 367551at33208        -            388   2.3e-53  182.1   1.9   3   3   1.3e-26   2.6e-24   86.5   0.1   212   347   391   530   377   557 0.87 transcript=SRDH2_81270.5 gene=SRDH2_81270
SRDH2_81270.3        -            566 367551at33208        -            388   3.1e-53  181.7   2.4   1   3   2.1e-28     4e-26   92.4   0.1    27   144   100   232    65   245 0.76 transcript=SRDH2_81270.3 gene=SRDH2_81270
SRDH2_81270.3        -            566 367551at33208        -            388   3.1e-53  181.7   2.4   2   3         2   3.9e+02    0.3   0.0   155   187   281   313   275   340 0.82 transcript=SRDH2_81270.3 gene=SRDH2_81270
SRDH2_81270.3        -            566 367551at33208        -            388   3.1e-53  181.7   2.4   3   3   1.3e-26   2.6e-24   86.5   0.2   212   347   391   530   377   559 0.87 transcript=SRDH2_81270.3 gene=SRDH2_81270
SRDH2_52400.1        -            548 367551at33208        -            388     2e-52  179.0   0.0   1   2   4.6e-30   8.9e-28   97.9   0.0    30   250   171   424   165   435 0.69 transcript=SRDH2_52400.1 gene=SRDH2_52400
SRDH2_52400.1        -            548 367551at33208        -            388     2e-52  179.0   0.0   2   2     6e-24   1.2e-21   77.7   0.0   226   322   437   536   430   541 0.92 transcript=SRDH2_52400.1 gene=SRDH2_52400
SRDH2_54780.1        -            390 367551at33208        -            388   5.1e-52  177.7   1.0   1   1   7.9e-54   1.5e-51  176.1   1.0    61   359     9   345     4   384 0.72 transcript=SRDH2_54780.1 gene=SRDH2_54780
SRDH2_54780.5        -            390 367551at33208        -            388   5.1e-52  177.7   1.0   1   1   7.9e-54   1.5e-51  176.1   1.0    61   359     9   345     4   384 0.72 transcript=SRDH2_54780.5 gene=SRDH2_54780
SRDH2_54780.7        -            390 367551at33208        -            388   5.1e-52  177.7   1.0   1   1   7.9e-54   1.5e-51  176.1   1.0    61   359     9   345     4   384 0.72 transcript=SRDH2_54780.7 gene=SRDH2_54780
SRDH2_54780.2        -            404 367551at33208        -            388   5.3e-52  177.6   0.6   1   1     8e-54   1.6e-51  176.1   0.6    61   358     9   344     4   376 0.73 transcript=SRDH2_54780.2 gene=SRDH2_54780
SRDH2_54780.8        -            404 367551at33208        -            388   5.3e-52  177.6   0.6   1   1     8e-54   1.6e-51  176.1   0.6    61   358     9   344     4   376 0.73 transcript=SRDH2_54780.8 gene=SRDH2_54780
SRDH2_54780.9        -            376 367551at33208        -            388   6.5e-52  177.3   0.3   1   1     1e-53     2e-51  175.8   0.3    61   349     9   338     4   362 0.75 transcript=SRDH2_54780.9 gene=SRDH2_54780
SRDH2_98710.1        -            628 367551at33208        -            388     2e-51  175.8   0.3   1   1   5.9e-53   1.1e-50  173.2   0.2     2   333    11   406    10   416 0.74 transcript=SRDH2_98710.1 gene=SRDH2_98710
SRDH2_83140.5        -            616 367551at33208        -            388   4.5e-49  168.0   1.2   1   3     5e-20   9.6e-18   64.8   0.0    13    97    23   119    16   128 0.80 transcript=SRDH2_83140.5 gene=SRDH2_83140
SRDH2_83140.5        -            616 367551at33208        -            388   4.5e-49  168.0   1.2   2   3   0.00012     0.023   14.2   0.0   141   195   132   188   124   216 0.82 transcript=SRDH2_83140.5 gene=SRDH2_83140
SRDH2_83140.5        -            616 367551at33208        -            388   4.5e-49  168.0   1.2   3   3     2e-26     4e-24   85.9   0.2   224   328   271   378   263   386 0.88 transcript=SRDH2_83140.5 gene=SRDH2_83140
SRDH2_47200.1        -            580 367551at33208        -            388   9.9e-49  166.9   0.3   1   2   6.6e-37   1.3e-34  120.4   0.3     1   279    10   313    10   318 0.82 transcript=SRDH2_47200.1 gene=SRDH2_47200
SRDH2_47200.1        -            580 367551at33208        -            388   9.9e-49  166.9   0.3   2   2   8.7e-14   1.7e-11   44.3   0.0   281   336   343   398   337   402 0.94 transcript=SRDH2_47200.1 gene=SRDH2_47200
SRDH2_28020.2        -            262 367551at33208        -            388   3.8e-46  158.4   1.6   1   1   2.3e-48   4.5e-46  158.1   1.6   100   336     3   243     1   254 0.93 transcript=SRDH2_28020.2 gene=SRDH2_28020
SRDH2_28020.4        -            262 367551at33208        -            388   3.8e-46  158.4   1.6   1   1   2.3e-48   4.5e-46  158.1   1.6   100   336     3   243     1   254 0.93 transcript=SRDH2_28020.4 gene=SRDH2_28020
SRDH2_56460.1        -            460 367551at33208        -            388   1.3e-45  156.6   0.0   1   1   8.8e-48   1.7e-45  156.2   0.0     1   336    80   441    80   447 0.82 transcript=SRDH2_56460.1 gene=SRDH2_56460
SRDH2_19990.1        -            742 367551at33208        -            388   1.1e-44  153.6   0.0   1   3   1.1e-10   2.2e-08   34.1   0.0    13    52    26    65    13    73 0.87 transcript=SRDH2_19990.1 gene=SRDH2_19990
SRDH2_19990.1        -            742 367551at33208        -            388   1.1e-44  153.6   0.0   2   3   2.8e-14   5.4e-12   45.9   0.0    61   208   291   455   281   465 0.81 transcript=SRDH2_19990.1 gene=SRDH2_19990
SRDH2_19990.1        -            742 367551at33208        -            388   1.1e-44  153.6   0.0   3   3     2e-21   3.9e-19   69.4   0.0   219   331   505   629   496   633 0.81 transcript=SRDH2_19990.1 gene=SRDH2_19990
SRDH2_49440.1        -            744 367551at33208        -            388   6.8e-42  144.4   0.0   1   1     8e-44   1.5e-41  143.2   0.0    11   336    78   436    63   452 0.84 transcript=SRDH2_49440.1 gene=SRDH2_49440
SRDH2_68050.3        -            466 367551at33208        -            388   9.6e-40  137.3   0.9   1   1   8.1e-42   1.6e-39  136.6   0.9     8   234   199   447   193   465 0.76 transcript=SRDH2_68050.3 gene=SRDH2_68050
SRDH2_36240.7        -            446 367551at33208        -            388   2.4e-39  136.0   0.0   1   1   4.5e-41   8.6e-39  134.1   0.0    11   227   193   434   184   446 0.82 transcript=SRDH2_36240.7 gene=SRDH2_36240
SRDH2_36240.8        -            446 367551at33208        -            388   2.4e-39  136.0   0.0   1   1   4.5e-41   8.6e-39  134.1   0.0    11   227   193   434   184   446 0.82 transcript=SRDH2_36240.8 gene=SRDH2_36240
SRDH2_36240.6        -            412 367551at33208        -            388   6.6e-36  124.7   0.0   1   1   1.4e-37   2.7e-35  122.6   0.0    11   175   193   384   184   395 0.83 transcript=SRDH2_36240.6 gene=SRDH2_36240
SRDH2_94670.1        -            288 367551at33208        -            388   4.1e-29  102.3   0.2   1   2   1.8e-10   3.5e-08   33.4   0.0    10    54    20    65     6    73 0.86 transcript=SRDH2_94670.1 gene=SRDH2_94670
SRDH2_94670.1        -            288 367551at33208        -            388   4.1e-29  102.3   0.2   2   2     1e-20     2e-18   67.1   0.0    54   154   158   266   144   277 0.81 transcript=SRDH2_94670.1 gene=SRDH2_94670
SRDH2_52400.7        -            473 367551at33208        -            388   2.2e-28   99.9   0.0   1   1   5.1e-30   9.9e-28   97.7   0.0    30   245   171   422   165   432 0.68 transcript=SRDH2_52400.7 gene=SRDH2_52400
SRDH2_94680.1        -            411 367551at33208        -            388   6.5e-21   75.3   0.1   1   2      0.27        53    3.2   0.0   152   167     8    23     2    57 0.89 transcript=SRDH2_94680.1 gene=SRDH2_94680
SRDH2_94680.1        -            411 367551at33208        -            388   6.5e-21   75.3   0.1   2   2   1.5e-21   2.8e-19   69.9   0.0   251   336   172   269   127   325 0.75 transcript=SRDH2_94680.1 gene=SRDH2_94680
SRDH2_80720.1        -            659 367551at33208        -            388   1.7e-10   41.0   0.1   1   3       3.3   6.4e+02   -0.4   0.2   344   380     9    45     4    52 0.82 transcript=SRDH2_80720.1 gene=SRDH2_80720
SRDH2_80720.1        -            659 367551at33208        -            388   1.7e-10   41.0   0.1   2   3   0.00023     0.044   13.3   0.0    10    50    89   129    80   167 0.85 transcript=SRDH2_80720.1 gene=SRDH2_80720
SRDH2_80720.1        -            659 367551at33208        -            388   1.7e-10   41.0   0.1   3   3   1.7e-07   3.3e-05   23.6   0.0   216   322   330   440   314   456 0.87 transcript=SRDH2_80720.1 gene=SRDH2_80720
SRDH2_37520.1        -           1212 367551at33208        -            388   4.8e-09   36.2   1.2   1   2   1.6e-06   0.00031   20.4   0.1    29   155   128   257   113   310 0.77 transcript=SRDH2_37520.1 gene=SRDH2_37520
SRDH2_37520.1        -           1212 367551at33208        -            388   4.8e-09   36.2   1.2   2   2    0.0001      0.02   14.4   0.2   252   339   567   658   560   667 0.83 transcript=SRDH2_37520.1 gene=SRDH2_37520
SRDH2_64610.1        -           1149 367551at33208        -            388   2.4e-07   30.7   0.1   1   1   7.5e-09   1.5e-06   28.0   0.1    18   318   420   734   410   755 0.77 transcript=SRDH2_64610.1 gene=SRDH2_64610
SRDH2_59190.1        -           1136 367551at33208        -            388   3.2e-05   23.6   0.0   1   2       1.1   2.2e+02    1.1   0.0    18    64   378   423   370   529 0.89 transcript=SRDH2_59190.1 gene=SRDH2_59190
SRDH2_59190.1        -           1136 367551at33208        -            388   3.2e-05   23.6   0.0   2   2   2.1e-06    0.0004   20.0   0.0   221   318   621   721   599   730 0.80 transcript=SRDH2_59190.1 gene=SRDH2_59190
SRDH2_59190.4        -           1136 367551at33208        -            388   3.2e-05   23.6   0.0   1   2       1.1   2.2e+02    1.1   0.0    18    64   378   423   370   529 0.89 transcript=SRDH2_59190.4 gene=SRDH2_59190
SRDH2_59190.4        -           1136 367551at33208        -            388   3.2e-05   23.6   0.0   2   2   2.1e-06    0.0004   20.0   0.0   221   318   621   721   599   730 0.80 transcript=SRDH2_59190.4 gene=SRDH2_59190
SRDH2_59190.5        -           1136 367551at33208        -            388   3.2e-05   23.6   0.0   1   2       1.1   2.2e+02    1.1   0.0    18    64   378   423   370   529 0.89 transcript=SRDH2_59190.5 gene=SRDH2_59190
SRDH2_59190.5        -           1136 367551at33208        -            388   3.2e-05   23.6   0.0   2   2   2.1e-06    0.0004   20.0   0.0   221   318   621   721   599   730 0.80 transcript=SRDH2_59190.5 gene=SRDH2_59190
SRDH2_59190.6        -           1136 367551at33208        -            388   3.2e-05   23.6   0.0   1   2       1.1   2.2e+02    1.1   0.0    18    64   378   423   370   529 0.89 transcript=SRDH2_59190.6 gene=SRDH2_59190
SRDH2_59190.6        -           1136 367551at33208        -            388   3.2e-05   23.6   0.0   2   2   2.1e-06    0.0004   20.0   0.0   221   318   621   721   599   730 0.80 transcript=SRDH2_59190.6 gene=SRDH2_59190
SRDH2_59190.7        -           1168 367551at33208        -            388   3.5e-05   23.5   0.0   1   2       1.2   2.3e+02    1.1   0.0    18    64   410   455   402   560 0.89 transcript=SRDH2_59190.7 gene=SRDH2_59190
SRDH2_59190.7        -           1168 367551at33208        -            388   3.5e-05   23.5   0.0   2   2   2.2e-06   0.00042   20.0   0.0   221   318   653   753   631   762 0.80 transcript=SRDH2_59190.7 gene=SRDH2_59190
SRDH2_59190.2        -           1175 367551at33208        -            388   3.5e-05   23.5   0.0   1   2       1.2   2.3e+02    1.0   0.0    18    64   417   462   409   567 0.89 transcript=SRDH2_59190.2 gene=SRDH2_59190
SRDH2_59190.2        -           1175 367551at33208        -            388   3.5e-05   23.5   0.0   2   2   2.2e-06   0.00042   20.0   0.0   221   318   660   760   638   769 0.80 transcript=SRDH2_59190.2 gene=SRDH2_59190
SRDH2_59190.3        -           1116 367551at33208        -            388   0.00016   21.4   0.2   1   1   2.1e-06    0.0004   20.0   0.0   221   318   601   701   582   710 0.80 transcript=SRDH2_59190.3 gene=SRDH2_59190
SRDH2_64770.1        -           1123 367551at33208        -            388   0.00084   19.0   0.0   1   2       3.4   6.5e+02   -0.4   0.0    18    50    31    64    20    80 0.77 transcript=SRDH2_64770.1 gene=SRDH2_64770
SRDH2_64770.1        -           1123 367551at33208        -            388   0.00084   19.0   0.0   2   2   2.8e-05    0.0054   16.3   0.0   228   334   283   392   275   443 0.81 transcript=SRDH2_64770.1 gene=SRDH2_64770
SRDH2_35400.2        -            683 367551at33208        -            388     0.037   13.6   0.0   1   1   0.00036     0.069   12.7   0.0   214   296   307   391   269   399 0.86 transcript=SRDH2_35400.2 gene=SRDH2_35400
SRDH2_90180.1        -           1120 367551at33208        -            388     0.038   13.5   0.1   1   1   0.00037     0.071   12.6   0.1   225   335   385   499   379   530 0.83 transcript=SRDH2_90180.1 gene=SRDH2_90180
SRDH2_35400.1        -            742 367551at33208        -            388     0.042   13.4   0.0   1   1    0.0004     0.078   12.5   0.0   214   296   307   391   269   399 0.86 transcript=SRDH2_35400.1 gene=SRDH2_35400
SRDH2_35400.3        -            771 367551at33208        -            388     0.045   13.3   0.0   1   1   0.00042     0.082   12.4   0.0   214   296   307   391   269   399 0.86 transcript=SRDH2_35400.3 gene=SRDH2_35400
SRDH2_35400.4        -            771 367551at33208        -            388     0.045   13.3   0.0   1   1   0.00042     0.082   12.4   0.0   214   296   307   391   269   399 0.86 transcript=SRDH2_35400.4 gene=SRDH2_35400
SRDH2_35400.5        -            771 367551at33208        -            388     0.045   13.3   0.0   1   1   0.00042     0.082   12.4   0.0   214   296   307   391   269   399 0.86 transcript=SRDH2_35400.5 gene=SRDH2_35400
SRDH2_35400.6        -            771 367551at33208        -            388     0.045   13.3   0.0   1   1   0.00042     0.082   12.4   0.0   214   296   307   391   269   399 0.86 transcript=SRDH2_35400.6 gene=SRDH2_35400
#
# Program:         hmmsearch
# Version:         3.4 (Aug 2023)
# Pipeline mode:   SEARCH
# Query file:      /users/40483456/busco_datasets/busco_downloads/lineages/metazoa_odb10/hmms/367551at33208.hmm
# Target file:     /users/40483456/protein/schistosoma_rodhaini.fa
# Option settings: hmmsearch --domtblout /users/40483456/busco/results_pro/schistosoma_rodhaini_busco/run_metazoa_odb10/hmmer_output/initial_run_results/367551at33208.out --cpu 1 /users/40483456/busco_datasets/busco_downloads/lineages/metazoa_odb10/hmms/367551at33208.hmm /users/40483456/protein/schistosoma_rodhaini.fa 
# Current dir:     /users/40483456
# Date:            Thu Jan 15 17:57:54 2026
# [ok]
