#                                                                            --- full sequence --- -------------- this domain -------------   hmm coord   ali coord   env coord
# target name        accession   tlen query name           accession   qlen   E-value  score  bias   #  of  c-Evalue  i-Evalue  score  bias  from    to  from    to  from    to  acc description of target
#------------------- ---------- ----- -------------------- ---------- ----- --------- ------ ----- --- --- --------- --------- ------ ----- ----- ----- ----- ----- ----- ----- ---- ---------------------
SRDH2_32170.3        -            325 395183at33208        -            174   4.2e-85  284.0   0.3   1   1   2.8e-88   5.9e-85  283.6   0.3     1   173    21   200    21   201 0.96 transcript=SRDH2_32170.3 gene=SRDH2_32170
SRDH2_32170.1        -            350 395183at33208        -            174     5e-85  283.8   0.3   1   1   3.4e-88   7.1e-85  283.3   0.3     1   173    46   225    46   226 0.96 transcript=SRDH2_32170.1 gene=SRDH2_32170
SRDH2_32170.2        -            350 395183at33208        -            174     5e-85  283.8   0.3   1   1   3.4e-88   7.1e-85  283.3   0.3     1   173    46   225    46   226 0.96 transcript=SRDH2_32170.2 gene=SRDH2_32170
SRDH2_32170.7        -            285 395183at33208        -            174   1.2e-54  184.8   5.0   1   2   4.3e-25   9.2e-22   77.8   0.0     1    69    21    95    21    96 0.92 transcript=SRDH2_32170.7 gene=SRDH2_32170
SRDH2_32170.7        -            285 395183at33208        -            174   1.2e-54  184.8   5.0   2   2     7e-34   1.5e-30  106.5   4.2   110   173    96   160    95   161 0.97 transcript=SRDH2_32170.7 gene=SRDH2_32170
SRDH2_32170.4        -            310 395183at33208        -            174   1.6e-54  184.4   5.0   1   2     5e-25   1.1e-21   77.6   0.0     1    69    46   120    46   121 0.92 transcript=SRDH2_32170.4 gene=SRDH2_32170
SRDH2_32170.4        -            310 395183at33208        -            174   1.6e-54  184.4   5.0   2   2     8e-34   1.7e-30  106.3   4.2   110   173   121   185   120   186 0.97 transcript=SRDH2_32170.4 gene=SRDH2_32170
SRDH2_32170.5        -            228 395183at33208        -            174   2.4e-52  177.4   1.6   1   1   1.8e-55   3.7e-52  176.8   1.6    72   173     1   103     1   104 0.98 transcript=SRDH2_32170.5 gene=SRDH2_32170
SRDH2_32170.6        -            228 395183at33208        -            174   2.4e-52  177.4   1.6   1   1   1.8e-55   3.7e-52  176.8   1.6    72   173     1   103     1   104 0.98 transcript=SRDH2_32170.6 gene=SRDH2_32170
SRDH2_32170.8        -            203 395183at33208        -            174   2.9e-38  131.5   1.5   1   1   2.2e-41   4.6e-38  130.9   1.5    97   173     1    78     1    79 0.98 transcript=SRDH2_32170.8 gene=SRDH2_32170
SRDH2_64470.3        -            547 395183at33208        -            174   2.7e-06   27.5   1.6   1   1   4.1e-09   8.7e-06   25.8   1.6    11   134   381   518   372   522 0.67 transcript=SRDH2_64470.3 gene=SRDH2_64470
SRDH2_64470.1        -            607 395183at33208        -            174   3.2e-06   27.2   1.6   1   1   4.7e-09   9.8e-06   25.6   1.6    11   134   381   518   373   528 0.68 transcript=SRDH2_64470.1 gene=SRDH2_64470
SRDH2_64470.2        -            607 395183at33208        -            174   3.2e-06   27.2   1.6   1   1   4.7e-09   9.8e-06   25.6   1.6    11   134   381   518   373   528 0.68 transcript=SRDH2_64470.2 gene=SRDH2_64470
#
# Program:         hmmsearch
# Version:         3.4 (Aug 2023)
# Pipeline mode:   SEARCH
# Query file:      /users/40483456/busco_datasets/busco_downloads/lineages/metazoa_odb10/hmms/395183at33208.hmm
# Target file:     /users/40483456/protein/schistosoma_rodhaini.fa
# Option settings: hmmsearch --domtblout /users/40483456/busco/results_pro/schistosoma_rodhaini_busco/run_metazoa_odb10/hmmer_output/initial_run_results/395183at33208.out --cpu 1 /users/40483456/busco_datasets/busco_downloads/lineages/metazoa_odb10/hmms/395183at33208.hmm /users/40483456/protein/schistosoma_rodhaini.fa 
# Current dir:     /users/40483456
# Date:            Thu Jan 15 17:57:39 2026
# [ok]
