#                                                                            --- full sequence --- -------------- this domain -------------   hmm coord   ali coord   env coord
# target name        accession   tlen query name           accession   qlen   E-value  score  bias   #  of  c-Evalue  i-Evalue  score  bias  from    to  from    to  from    to  acc description of target
#------------------- ---------- ----- -------------------- ---------- ----- --------- ------ ----- --- --- --------- --------- ------ ----- ----- ----- ----- ----- ----- ----- ---- ---------------------
SRDH2_36680.3        -            225 456998at33208        -            219   4.1e-32  111.9  18.7   1   2   2.2e-27   5.7e-25   88.6  18.8     4   141     2   140     1   152 0.81 transcript=SRDH2_36680.3 gene=SRDH2_36680
SRDH2_36680.3        -            225 456998at33208        -            219   4.1e-32  111.9  18.7   2   2   1.2e-07   3.1e-05   24.1   0.3    93   178   125   211   122   218 0.75 transcript=SRDH2_36680.3 gene=SRDH2_36680
SRDH2_60490.1        -            218 456998at33208        -            219   3.2e-18   66.5   0.0   1   1   1.7e-20   4.4e-18   66.1   0.0    14    67    29    82    17    92 0.92 transcript=SRDH2_60490.1 gene=SRDH2_60490
SRDH2_28810.2        -            303 456998at33208        -            219     1e-17   64.8   0.4   1   1   6.1e-20   1.6e-17   64.3   0.4     6    66     6    66     1    70 0.86 transcript=SRDH2_28810.2 gene=SRDH2_28810
SRDH2_28810.3        -            303 456998at33208        -            219     1e-17   64.8   0.4   1   1   6.1e-20   1.6e-17   64.3   0.4     6    66     6    66     1    70 0.86 transcript=SRDH2_28810.3 gene=SRDH2_28810
SRDH2_28810.1        -            401 456998at33208        -            219   1.6e-17   64.2   0.4   1   1   9.4e-20   2.4e-17   63.6   0.4     6    66     6    66     1    70 0.86 transcript=SRDH2_28810.1 gene=SRDH2_28810
SRDH2_35450.2        -            438 456998at33208        -            219   4.2e-17   62.9   9.0   1   2   3.3e-19   8.5e-17   61.9   0.1     4    68    33   100    30   102 0.89 transcript=SRDH2_35450.2 gene=SRDH2_35450
SRDH2_35450.2        -            438 456998at33208        -            219   4.2e-17   62.9   9.0   2   2       1.1   2.8e+02    1.3   5.3    73   103   231   261   216   280 0.71 transcript=SRDH2_35450.2 gene=SRDH2_35450
SRDH2_35450.1        -            505 456998at33208        -            219   4.4e-17   62.8   8.6   1   2   4.1e-19     1e-16   61.6   0.1     4    68    33   100    30   102 0.89 transcript=SRDH2_35450.1 gene=SRDH2_35450
SRDH2_35450.1        -            505 456998at33208        -            219   4.4e-17   62.8   8.6   2   2       1.3   3.3e+02    1.1   5.3    73   103   231   261   216   280 0.71 transcript=SRDH2_35450.1 gene=SRDH2_35450
SRDH2_3930.1         -            270 456998at33208        -            219   5.1e-17   62.6   0.1   1   1   2.6e-19   6.7e-17   62.2   0.1     7    67     6    70     1    79 0.82 transcript=SRDH2_3930.1 gene=SRDH2_3930
SRDH2_63290.1        -            453 456998at33208        -            219   6.5e-17   62.2   0.5   1   1   3.9e-19     1e-16   61.6   0.5     6    74    36   107    32   110 0.90 transcript=SRDH2_63290.1 gene=SRDH2_63290
SRDH2_5790.1         -            335 456998at33208        -            219   6.6e-17   62.2   1.7   1   1   4.5e-19   1.2e-16   61.4   1.7     5    67     3    67     1    70 0.90 transcript=SRDH2_5790.1 gene=SRDH2_5790
SRDH2_70750.1        -            199 456998at33208        -            219   1.3e-16   61.2   0.9   1   1   6.4e-19   1.6e-16   60.9   0.9     3    67    22    89    20   103 0.92 transcript=SRDH2_70750.1 gene=SRDH2_70750
SRDH2_10750.1        -            348 456998at33208        -            219   3.7e-16   59.8   1.0   1   1   2.5e-18   6.5e-16   59.0   1.0     6    68   100   164    96   176 0.85 transcript=SRDH2_10750.1 gene=SRDH2_10750
SRDH2_12250.1        -            285 456998at33208        -            219   8.8e-16   58.5   0.1   1   1   5.5e-18   1.4e-15   57.9   0.1     7    65     9    68     3    81 0.89 transcript=SRDH2_12250.1 gene=SRDH2_12250
SRDH2_63310.20       -            192 456998at33208        -            219   1.4e-15   57.9   2.7   1   1     7e-18   1.8e-15   57.5   2.7     4    68    25    91    22    98 0.87 transcript=SRDH2_63310.20 gene=SRDH2_63310
SRDH2_63310.21       -            192 456998at33208        -            219   1.4e-15   57.9   2.7   1   1     7e-18   1.8e-15   57.5   2.7     4    68    25    91    22    98 0.87 transcript=SRDH2_63310.21 gene=SRDH2_63310
SRDH2_63370.1        -            192 456998at33208        -            219   1.4e-15   57.9   2.7   1   1     7e-18   1.8e-15   57.5   2.7     4    68    25    91    22    98 0.87 transcript=SRDH2_63370.1 gene=SRDH2_63370
SRDH2_23170.5        -            767 456998at33208        -            219   1.4e-14   54.6   0.3   1   1   9.1e-17   2.3e-14   53.9   0.3     4    69    17    84    14    90 0.86 transcript=SRDH2_23170.5 gene=SRDH2_23170
SRDH2_23170.3        -            950 456998at33208        -            219   1.8e-14   54.3   0.3   1   1   1.2e-16   3.1e-14   53.5   0.3     4    69    17    84    14    90 0.86 transcript=SRDH2_23170.3 gene=SRDH2_23170
SRDH2_23170.2        -            966 456998at33208        -            219   1.9e-14   54.2   0.3   1   1   1.2e-16   3.1e-14   53.5   0.3     4    69    17    84    14    90 0.86 transcript=SRDH2_23170.2 gene=SRDH2_23170
SRDH2_23170.4        -            966 456998at33208        -            219   1.9e-14   54.2   0.3   1   1   1.2e-16   3.1e-14   53.5   0.3     4    69    17    84    14    90 0.86 transcript=SRDH2_23170.4 gene=SRDH2_23170
SRDH2_29040.1        -            368 456998at33208        -            219   2.9e-14   53.6   1.3   1   1   1.7e-16   4.5e-14   53.0   1.3     6    67    24    88    20    94 0.91 transcript=SRDH2_29040.1 gene=SRDH2_29040
SRDH2_16540.1        -            144 456998at33208        -            219   2.7e-13   50.4   0.1   1   1   1.4e-15   3.7e-13   50.0   0.1     6    68    14    78    10    97 0.85 transcript=SRDH2_16540.1 gene=SRDH2_16540
SRDH2_16540.2        -            144 456998at33208        -            219   2.7e-13   50.4   0.1   1   1   1.4e-15   3.7e-13   50.0   0.1     6    68    14    78    10    97 0.85 transcript=SRDH2_16540.2 gene=SRDH2_16540
SRDH2_36680.2        -            257 456998at33208        -            219   4.7e-13   49.6  19.3   1   1   3.2e-11   8.4e-09   35.7  19.3    61   203    41   220    26   237 0.62 transcript=SRDH2_36680.2 gene=SRDH2_36680
SRDH2_36680.1        -            200 456998at33208        -            219   1.8e-12   47.7  10.1   1   2   0.00053      0.14   12.1   9.9    77   141     3    62     1    74 0.71 transcript=SRDH2_36680.1 gene=SRDH2_36680
SRDH2_36680.1        -            200 456998at33208        -            219   1.8e-12   47.7  10.1   2   2   2.4e-11   6.1e-09   36.2   0.6    93   203    47   163    45   180 0.72 transcript=SRDH2_36680.1 gene=SRDH2_36680
SRDH2_40370.7        -            289 456998at33208        -            219   7.7e-12   45.7   0.5   1   1     3e-14   7.7e-12   45.7   0.5     4    66   181   248   178   259 0.86 transcript=SRDH2_40370.7 gene=SRDH2_40370
SRDH2_40370.6        -            375 456998at33208        -            219   1.1e-11   45.1   0.5   1   1   4.5e-14   1.1e-11   45.1   0.5     4    66   267   334   264   344 0.86 transcript=SRDH2_40370.6 gene=SRDH2_40370
SRDH2_40370.2        -            376 456998at33208        -            219   1.2e-11   45.1   0.5   1   1   4.5e-14   1.2e-11   45.1   0.5     4    66   268   335   265   345 0.86 transcript=SRDH2_40370.2 gene=SRDH2_40370
SRDH2_40370.4        -            376 456998at33208        -            219   1.2e-11   45.1   0.5   1   1   4.5e-14   1.2e-11   45.1   0.5     4    66   268   335   265   345 0.86 transcript=SRDH2_40370.4 gene=SRDH2_40370
SRDH2_40370.3        -            422 456998at33208        -            219   1.4e-11   44.8   0.5   1   2        10   2.6e+03   -1.8   0.1    26    81    25    80    24   109 0.65 transcript=SRDH2_40370.3 gene=SRDH2_40370
SRDH2_40370.3        -            422 456998at33208        -            219   1.4e-11   44.8   0.5   2   2   5.4e-14   1.4e-11   44.8   0.5     4    66   314   381   311   391 0.86 transcript=SRDH2_40370.3 gene=SRDH2_40370
SRDH2_40370.1        -            486 456998at33208        -            219   1.7e-11   44.5   0.5   1   1   6.6e-14   1.7e-11   44.5   0.5     4    66   378   445   375   455 0.86 transcript=SRDH2_40370.1 gene=SRDH2_40370
SRDH2_102340.2       -            328 456998at33208        -            219     1e-10   42.0   0.7   1   1     4e-13     1e-10   42.0   0.7     6    52     4    52     1    59 0.85 transcript=SRDH2_102340.2 gene=SRDH2_102340
SRDH2_102340.1       -            329 456998at33208        -            219   1.2e-10   41.7   1.1   1   1   4.8e-13   1.2e-10   41.7   1.1     6    52     4    52     1    61 0.85 transcript=SRDH2_102340.1 gene=SRDH2_102340
SRDH2_92480.1        -            582 456998at33208        -            219   2.9e-10   40.5   0.1   1   1   1.1e-12   2.9e-10   40.5   0.1     8    68     5    67     2    75 0.84 transcript=SRDH2_92480.1 gene=SRDH2_92480
SRDH2_92480.2        -            583 456998at33208        -            219   2.9e-10   40.5   0.1   1   2   1.1e-12   2.9e-10   40.5   0.1     8    68     5    67     2    75 0.84 transcript=SRDH2_92480.2 gene=SRDH2_92480
SRDH2_92480.2        -            583 456998at33208        -            219   2.9e-10   40.5   0.1   2   2       5.3   1.4e+03   -0.9   0.2   104   128   370   394   360   404 0.81 transcript=SRDH2_92480.2 gene=SRDH2_92480
SRDH2_92480.3        -            583 456998at33208        -            219   2.9e-10   40.5   0.1   1   2   1.1e-12   2.9e-10   40.5   0.1     8    68     5    67     2    75 0.84 transcript=SRDH2_92480.3 gene=SRDH2_92480
SRDH2_92480.3        -            583 456998at33208        -            219   2.9e-10   40.5   0.1   2   2       5.3   1.4e+03   -0.9   0.2   104   128   370   394   360   404 0.81 transcript=SRDH2_92480.3 gene=SRDH2_92480
SRDH2_79330.1        -            851 456998at33208        -            219   3.8e-10   40.1   0.4   1   1   1.5e-12   3.8e-10   40.1   0.4     2    66   742   814   741   818 0.83 transcript=SRDH2_79330.1 gene=SRDH2_79330
SRDH2_80280.1        -            195 456998at33208        -            219   7.5e-10   39.2   0.0   1   1   4.7e-12   1.2e-09   38.5   0.0     7    66    34    92    27    99 0.89 transcript=SRDH2_80280.1 gene=SRDH2_80280
SRDH2_40370.5        -            441 456998at33208        -            219   1.4e-09   38.2   0.2   1   1   5.6e-12   1.4e-09   38.2   0.2     4    58   378   437   375   439 0.85 transcript=SRDH2_40370.5 gene=SRDH2_40370
SRDH2_81000.1        -            354 456998at33208        -            219   4.4e-09   36.6   1.5   1   2   1.7e-11   4.4e-09   36.6   1.5     8    73    51   122    46   143 0.77 transcript=SRDH2_81000.1 gene=SRDH2_81000
SRDH2_81000.1        -            354 456998at33208        -            219   4.4e-09   36.6   1.5   2   2       2.7     7e+02    0.0   0.3    54   102   171   221   156   237 0.63 transcript=SRDH2_81000.1 gene=SRDH2_81000
SRDH2_60870.1        -            171 456998at33208        -            219   5.7e-09   36.3   0.4   1   1   3.3e-11   8.4e-09   35.7   0.4     4    66    15    82    12    91 0.86 transcript=SRDH2_60870.1 gene=SRDH2_60870
SRDH2_47340.1        -            266 456998at33208        -            219   6.4e-09   36.1   0.0   1   1   3.7e-11   9.5e-09   35.5   0.0    18    66     2    47     1    53 0.94 transcript=SRDH2_47340.1 gene=SRDH2_47340
SRDH2_5430.1         -            266 456998at33208        -            219   9.9e-09   35.5   0.1   1   1   5.6e-11   1.4e-08   35.0   0.1     5    67     3    68     1    71 0.90 transcript=SRDH2_5430.1 gene=SRDH2_5430
SRDH2_5430.2         -            313 456998at33208        -            219   1.3e-08   35.1   0.1   1   1   7.4e-11   1.9e-08   34.6   0.1     5    67     3    68     1    71 0.90 transcript=SRDH2_5430.2 gene=SRDH2_5430
SRDH2_36090.1        -            152 456998at33208        -            219   4.7e-08   33.3   0.1   1   1   2.3e-10   5.9e-08   33.0   0.1     6    72     3    70     1    75 0.89 transcript=SRDH2_36090.1 gene=SRDH2_36090
SRDH2_14220.1        -            196 456998at33208        -            219   5.4e-08   33.1   0.7   1   1   3.5e-10   9.1e-08   32.3   0.7     6    68    31    95    27   108 0.86 transcript=SRDH2_14220.1 gene=SRDH2_14220
SRDH2_1850.1         -            243 456998at33208        -            219   6.1e-08   32.9  19.3   1   1   4.7e-10   1.2e-07   31.9  18.4     8   131    50   193    43   222 0.69 transcript=SRDH2_1850.1 gene=SRDH2_1850
SRDH2_32780.1        -            198 456998at33208        -            219   4.7e-07   30.0   0.0   1   1   2.7e-09     7e-07   29.4   0.0     4    72    26    91    23    96 0.89 transcript=SRDH2_32780.1 gene=SRDH2_32780
SRDH2_84770.1        -            360 456998at33208        -            219   4.8e-07   30.0   6.6   1   1   2.1e-08   5.5e-06   26.5   6.6    10    64    15    72     7   233 0.59 transcript=SRDH2_84770.1 gene=SRDH2_84770
SRDH2_64190.5        -            522 456998at33208        -            219   8.6e-07   29.2   0.1   1   1   3.3e-09   8.6e-07   29.2   0.1    13    67    62   121    45   124 0.82 transcript=SRDH2_64190.5 gene=SRDH2_64190
SRDH2_64190.1        -            586 456998at33208        -            219     1e-06   28.9   0.1   1   1   3.9e-09     1e-06   28.9   0.1    13    67    62   121    45   124 0.82 transcript=SRDH2_64190.1 gene=SRDH2_64190
SRDH2_64190.2        -            586 456998at33208        -            219     1e-06   28.9   0.1   1   1   3.9e-09     1e-06   28.9   0.1    13    67    62   121    45   124 0.82 transcript=SRDH2_64190.2 gene=SRDH2_64190
SRDH2_15330.1        -            662 456998at33208        -            219   1.9e-06   28.0   6.4   1   2   1.7e-08   4.3e-06   26.9   0.1     3    66    47   125    45   133 0.81 transcript=SRDH2_15330.1 gene=SRDH2_15330
SRDH2_15330.1        -            662 456998at33208        -            219   1.9e-06   28.0   6.4   2   2      0.64   1.7e+02    2.1   3.0    75   111   514   550   505   560 0.79 transcript=SRDH2_15330.1 gene=SRDH2_15330
SRDH2_43350.1        -            544 456998at33208        -            219     5e-06   26.7   0.0   1   3    0.0003     0.077   13.0   0.0   145   184    41    81    34   109 0.82 transcript=SRDH2_43350.1 gene=SRDH2_43350
SRDH2_43350.1        -            544 456998at33208        -            219     5e-06   26.7   0.0   2   3    0.0033      0.84    9.6   0.0   148   188   142   184   132   200 0.80 transcript=SRDH2_43350.1 gene=SRDH2_43350
SRDH2_43350.1        -            544 456998at33208        -            219     5e-06   26.7   0.0   3   3       4.4   1.1e+03   -0.7   0.0   147   177   325   356   315   380 0.78 transcript=SRDH2_43350.1 gene=SRDH2_43350
SRDH2_43350.2        -            544 456998at33208        -            219     5e-06   26.7   0.0   1   3    0.0003     0.077   13.0   0.0   145   184    41    81    34   109 0.82 transcript=SRDH2_43350.2 gene=SRDH2_43350
SRDH2_43350.2        -            544 456998at33208        -            219     5e-06   26.7   0.0   2   3    0.0033      0.84    9.6   0.0   148   188   142   184   132   200 0.80 transcript=SRDH2_43350.2 gene=SRDH2_43350
SRDH2_43350.2        -            544 456998at33208        -            219     5e-06   26.7   0.0   3   3       4.4   1.1e+03   -0.7   0.0   147   177   325   356   315   380 0.78 transcript=SRDH2_43350.2 gene=SRDH2_43350
SRDH2_43350.3        -            544 456998at33208        -            219     5e-06   26.7   0.0   1   3    0.0003     0.077   13.0   0.0   145   184    41    81    34   109 0.82 transcript=SRDH2_43350.3 gene=SRDH2_43350
SRDH2_43350.3        -            544 456998at33208        -            219     5e-06   26.7   0.0   2   3    0.0033      0.84    9.6   0.0   148   188   142   184   132   200 0.80 transcript=SRDH2_43350.3 gene=SRDH2_43350
SRDH2_43350.3        -            544 456998at33208        -            219     5e-06   26.7   0.0   3   3       4.4   1.1e+03   -0.7   0.0   147   177   325   356   315   380 0.78 transcript=SRDH2_43350.3 gene=SRDH2_43350
SRDH2_43350.4        -            544 456998at33208        -            219     5e-06   26.7   0.0   1   3    0.0003     0.077   13.0   0.0   145   184    41    81    34   109 0.82 transcript=SRDH2_43350.4 gene=SRDH2_43350
SRDH2_43350.4        -            544 456998at33208        -            219     5e-06   26.7   0.0   2   3    0.0033      0.84    9.6   0.0   148   188   142   184   132   200 0.80 transcript=SRDH2_43350.4 gene=SRDH2_43350
SRDH2_43350.4        -            544 456998at33208        -            219     5e-06   26.7   0.0   3   3       4.4   1.1e+03   -0.7   0.0   147   177   325   356   315   380 0.78 transcript=SRDH2_43350.4 gene=SRDH2_43350
SRDH2_43350.5        -            544 456998at33208        -            219     5e-06   26.7   0.0   1   3    0.0003     0.077   13.0   0.0   145   184    41    81    34   109 0.82 transcript=SRDH2_43350.5 gene=SRDH2_43350
SRDH2_43350.5        -            544 456998at33208        -            219     5e-06   26.7   0.0   2   3    0.0033      0.84    9.6   0.0   148   188   142   184   132   200 0.80 transcript=SRDH2_43350.5 gene=SRDH2_43350
SRDH2_43350.5        -            544 456998at33208        -            219     5e-06   26.7   0.0   3   3       4.4   1.1e+03   -0.7   0.0   147   177   325   356   315   380 0.78 transcript=SRDH2_43350.5 gene=SRDH2_43350
SRDH2_43420.4        -            470 456998at33208        -            219   8.4e-06   25.9   0.1   1   3    0.0009      0.23   11.4   0.0   147   183    40    76    34   107 0.82 transcript=SRDH2_43420.4 gene=SRDH2_43420
SRDH2_43420.4        -            470 456998at33208        -            219   8.4e-06   25.9   0.1   2   3     0.047        12    5.8   0.0   147   183   138   176   123   196 0.76 transcript=SRDH2_43420.4 gene=SRDH2_43420
SRDH2_43420.4        -            470 456998at33208        -            219   8.4e-06   25.9   0.1   3   3     0.075        19    5.1   0.0   148   189   311   354   299   373 0.76 transcript=SRDH2_43420.4 gene=SRDH2_43420
SRDH2_98960.7        -            216 456998at33208        -            219   9.3e-06   25.8   0.0   1   1   5.4e-08   1.4e-05   25.2   0.0    10    55   158   202   136   207 0.83 transcript=SRDH2_98960.7 gene=SRDH2_98960
SRDH2_98960.3        -            236 456998at33208        -            219   1.1e-05   25.6   0.0   1   1   6.6e-08   1.7e-05   24.9   0.0    10    55   178   222   165   227 0.81 transcript=SRDH2_98960.3 gene=SRDH2_98960
SRDH2_98960.6        -            236 456998at33208        -            219   1.1e-05   25.6   0.0   1   1   6.6e-08   1.7e-05   24.9   0.0    10    55   178   222   165   227 0.81 transcript=SRDH2_98960.6 gene=SRDH2_98960
SRDH2_98960.8        -            245 456998at33208        -            219   1.2e-05   25.4   0.0   1   1     7e-08   1.8e-05   24.8   0.0    10    55   187   231   174   236 0.81 transcript=SRDH2_98960.8 gene=SRDH2_98960
SRDH2_98960.9        -            245 456998at33208        -            219   1.2e-05   25.4   0.0   1   1     7e-08   1.8e-05   24.8   0.0    10    55   187   231   174   236 0.81 transcript=SRDH2_98960.9 gene=SRDH2_98960
SRDH2_99650.4        -           2141 456998at33208        -            219   1.2e-05   25.4   0.0   1   1   9.5e-08   2.4e-05   24.4   0.0    14    59  1672  1714  1662  1718 0.84 transcript=SRDH2_99650.4 gene=SRDH2_99650
SRDH2_43420.1        -            522 456998at33208        -            219   1.2e-05   25.4   0.1   1   3     0.001      0.27   11.2   0.0   147   183    40    76    34   107 0.82 transcript=SRDH2_43420.1 gene=SRDH2_43420
SRDH2_43420.1        -            522 456998at33208        -            219   1.2e-05   25.4   0.1   2   3     0.055        14    5.6   0.0   147   183   138   176   123   196 0.76 transcript=SRDH2_43420.1 gene=SRDH2_43420
SRDH2_43420.1        -            522 456998at33208        -            219   1.2e-05   25.4   0.1   3   3     0.089        23    4.9   0.0   148   189   311   354   300   373 0.76 transcript=SRDH2_43420.1 gene=SRDH2_43420
SRDH2_43420.2        -            522 456998at33208        -            219   1.2e-05   25.4   0.1   1   3     0.001      0.27   11.2   0.0   147   183    40    76    34   107 0.82 transcript=SRDH2_43420.2 gene=SRDH2_43420
SRDH2_43420.2        -            522 456998at33208        -            219   1.2e-05   25.4   0.1   2   3     0.055        14    5.6   0.0   147   183   138   176   123   196 0.76 transcript=SRDH2_43420.2 gene=SRDH2_43420
SRDH2_43420.2        -            522 456998at33208        -            219   1.2e-05   25.4   0.1   3   3     0.089        23    4.9   0.0   148   189   311   354   300   373 0.76 transcript=SRDH2_43420.2 gene=SRDH2_43420
SRDH2_43420.3        -            522 456998at33208        -            219   1.2e-05   25.4   0.1   1   3     0.001      0.27   11.2   0.0   147   183    40    76    34   107 0.82 transcript=SRDH2_43420.3 gene=SRDH2_43420
SRDH2_43420.3        -            522 456998at33208        -            219   1.2e-05   25.4   0.1   2   3     0.055        14    5.6   0.0   147   183   138   176   123   196 0.76 transcript=SRDH2_43420.3 gene=SRDH2_43420
SRDH2_43420.3        -            522 456998at33208        -            219   1.2e-05   25.4   0.1   3   3     0.089        23    4.9   0.0   148   189   311   354   300   373 0.76 transcript=SRDH2_43420.3 gene=SRDH2_43420
SRDH2_99650.3        -           2611 456998at33208        -            219   1.4e-05   25.1   0.0   1   1   1.2e-07     3e-05   24.1   0.0    14    59  1672  1714  1662  1718 0.84 transcript=SRDH2_99650.3 gene=SRDH2_99650
SRDH2_99650.1        -           2738 456998at33208        -            219   1.5e-05   25.1   0.0   1   1   1.2e-07   3.2e-05   24.0   0.0    14    59  1668  1710  1658  1714 0.84 transcript=SRDH2_99650.1 gene=SRDH2_99650
SRDH2_99650.2        -           2742 456998at33208        -            219   1.5e-05   25.1   0.0   1   1   1.2e-07   3.2e-05   24.0   0.0    14    59  1672  1714  1662  1718 0.84 transcript=SRDH2_99650.2 gene=SRDH2_99650
SRDH2_98960.1        -            300 456998at33208        -            219   1.6e-05   25.0   0.0   1   1   9.9e-08   2.6e-05   24.3   0.0    10    55   242   286   230   291 0.81 transcript=SRDH2_98960.1 gene=SRDH2_98960
SRDH2_98960.5        -            300 456998at33208        -            219   1.6e-05   25.0   0.0   1   1   9.9e-08   2.6e-05   24.3   0.0    10    55   242   286   230   291 0.81 transcript=SRDH2_98960.5 gene=SRDH2_98960
SRDH2_85170.1        -            949 456998at33208        -            219   1.8e-05   24.8   0.0   1   1   1.6e-07   4.2e-05   23.6   0.0    14    66   117   165   109   169 0.89 transcript=SRDH2_85170.1 gene=SRDH2_85170
SRDH2_6050.1         -            623 456998at33208        -            219   5.3e-05   23.3   0.0   1   3       1.2   3.1e+02    1.2   0.0   155   176    79   100    60   129 0.82 transcript=SRDH2_6050.1 gene=SRDH2_6050
SRDH2_6050.1         -            623 456998at33208        -            219   5.3e-05   23.3   0.0   2   3     0.041        11    6.0   0.0   147   183   185   224   175   259 0.78 transcript=SRDH2_6050.1 gene=SRDH2_6050
SRDH2_6050.1         -            623 456998at33208        -            219   5.3e-05   23.3   0.0   3   3   0.00062      0.16   11.9   0.0   140   197   440   501   434   515 0.80 transcript=SRDH2_6050.1 gene=SRDH2_6050
SRDH2_60210.7        -            554 456998at33208        -            219   0.00011   22.2   0.1   1   3      0.44   1.1e+02    2.6   0.0   154   176    44    66    31    86 0.78 transcript=SRDH2_60210.7 gene=SRDH2_60210
SRDH2_60210.7        -            554 456998at33208        -            219   0.00011   22.2   0.1   2   3      0.85   2.2e+02    1.7   0.0   148   178   152   184   143   200 0.75 transcript=SRDH2_60210.7 gene=SRDH2_60210
SRDH2_60210.7        -            554 456998at33208        -            219   0.00011   22.2   0.1   3   3   0.00021     0.053   13.5   0.0   139   197   386   448   378   459 0.78 transcript=SRDH2_60210.7 gene=SRDH2_60210
SRDH2_60210.2        -            571 456998at33208        -            219   0.00012   22.1   0.1   1   3      0.46   1.2e+02    2.5   0.0   154   176    44    66    31    86 0.78 transcript=SRDH2_60210.2 gene=SRDH2_60210
SRDH2_60210.2        -            571 456998at33208        -            219   0.00012   22.1   0.1   2   3      0.89   2.3e+02    1.6   0.0   148   178   152   184   143   200 0.75 transcript=SRDH2_60210.2 gene=SRDH2_60210
SRDH2_60210.2        -            571 456998at33208        -            219   0.00012   22.1   0.1   3   3   0.00021     0.055   13.4   0.0   139   197   386   448   378   459 0.78 transcript=SRDH2_60210.2 gene=SRDH2_60210
SRDH2_60210.3        -            571 456998at33208        -            219   0.00012   22.1   0.1   1   3      0.46   1.2e+02    2.5   0.0   154   176    44    66    31    86 0.78 transcript=SRDH2_60210.3 gene=SRDH2_60210
SRDH2_60210.3        -            571 456998at33208        -            219   0.00012   22.1   0.1   2   3      0.89   2.3e+02    1.6   0.0   148   178   152   184   143   200 0.75 transcript=SRDH2_60210.3 gene=SRDH2_60210
SRDH2_60210.3        -            571 456998at33208        -            219   0.00012   22.1   0.1   3   3   0.00021     0.055   13.4   0.0   139   197   386   448   378   459 0.78 transcript=SRDH2_60210.3 gene=SRDH2_60210
SRDH2_60210.5        -            571 456998at33208        -            219   0.00012   22.1   0.1   1   3      0.46   1.2e+02    2.5   0.0   154   176    44    66    31    86 0.78 transcript=SRDH2_60210.5 gene=SRDH2_60210
SRDH2_60210.5        -            571 456998at33208        -            219   0.00012   22.1   0.1   2   3      0.89   2.3e+02    1.6   0.0   148   178   152   184   143   200 0.75 transcript=SRDH2_60210.5 gene=SRDH2_60210
SRDH2_60210.5        -            571 456998at33208        -            219   0.00012   22.1   0.1   3   3   0.00021     0.055   13.4   0.0   139   197   386   448   378   459 0.78 transcript=SRDH2_60210.5 gene=SRDH2_60210
SRDH2_60210.4        -            586 456998at33208        -            219   0.00014   21.9   0.1   1   3      0.48   1.2e+02    2.5   0.0   154   176    76    98    63   118 0.78 transcript=SRDH2_60210.4 gene=SRDH2_60210
SRDH2_60210.4        -            586 456998at33208        -            219   0.00014   21.9   0.1   2   3      0.93   2.4e+02    1.5   0.0   148   178   184   216   176   232 0.75 transcript=SRDH2_60210.4 gene=SRDH2_60210
SRDH2_60210.4        -            586 456998at33208        -            219   0.00014   21.9   0.1   3   3   0.00022     0.057   13.4   0.0   139   197   418   480   410   491 0.78 transcript=SRDH2_60210.4 gene=SRDH2_60210
SRDH2_60210.1        -            603 456998at33208        -            219   0.00015   21.8   0.1   1   3      0.49   1.3e+02    2.4   0.0   154   176    76    98    63   118 0.78 transcript=SRDH2_60210.1 gene=SRDH2_60210
SRDH2_60210.1        -            603 456998at33208        -            219   0.00015   21.8   0.1   2   3      0.97   2.5e+02    1.5   0.0   148   178   184   216   176   232 0.75 transcript=SRDH2_60210.1 gene=SRDH2_60210
SRDH2_60210.1        -            603 456998at33208        -            219   0.00015   21.8   0.1   3   3   0.00023      0.06   13.3   0.0   139   197   418   480   410   491 0.78 transcript=SRDH2_60210.1 gene=SRDH2_60210
SRDH2_18170.1        -            584 456998at33208        -            219     0.012   15.6   0.1   1   4      0.21        53    3.7   0.0   154   178    65    89    54    99 0.82 transcript=SRDH2_18170.1 gene=SRDH2_18170
SRDH2_18170.1        -            584 456998at33208        -            219     0.012   15.6   0.1   2   4       8.8   2.3e+03   -1.7   0.0   148   186   112   150   108   165 0.75 transcript=SRDH2_18170.1 gene=SRDH2_18170
SRDH2_18170.1        -            584 456998at33208        -            219     0.012   15.6   0.1   3   4       3.8   9.7e+02   -0.4   0.0   151   188   178   218   174   240 0.72 transcript=SRDH2_18170.1 gene=SRDH2_18170
SRDH2_18170.1        -            584 456998at33208        -            219     0.012   15.6   0.1   4   4     0.029       7.6    6.4   0.0   148   188   398   440   387   452 0.79 transcript=SRDH2_18170.1 gene=SRDH2_18170
SRDH2_13360.6        -            965 456998at33208        -            219     0.023   14.7   0.0   1   1   0.00018     0.046   13.7   0.0     7    36   906   935   901   958 0.74 transcript=SRDH2_13360.6 gene=SRDH2_13360
SRDH2_91050.3        -            617 456998at33208        -            219     0.026   14.5   0.1   1   1   0.00022     0.057   13.4   0.1   145   183    32    68    24    89 0.80 transcript=SRDH2_91050.3 gene=SRDH2_91050
SRDH2_91050.1        -            618 456998at33208        -            219     0.026   14.5   0.1   1   1   0.00022     0.057   13.4   0.1   145   183    32    68    24    89 0.80 transcript=SRDH2_91050.1 gene=SRDH2_91050
SRDH2_91050.2        -            618 456998at33208        -            219     0.026   14.5   0.1   1   1   0.00022     0.057   13.4   0.1   145   183    32    68    24    89 0.80 transcript=SRDH2_91050.2 gene=SRDH2_91050
SRDH2_13360.4        -           1433 456998at33208        -            219     0.036   14.0   0.0   1   1   0.00028     0.072   13.1   0.0     7    36  1374  1403  1369  1426 0.74 transcript=SRDH2_13360.4 gene=SRDH2_13360
SRDH2_13360.2        -           1474 456998at33208        -            219     0.038   14.0   0.0   1   1   0.00029     0.074   13.0   0.0     7    36  1415  1444  1410  1467 0.74 transcript=SRDH2_13360.2 gene=SRDH2_13360
SRDH2_13360.5        -           1474 456998at33208        -            219     0.038   14.0   0.0   1   1   0.00029     0.074   13.0   0.0     7    36  1415  1444  1410  1467 0.74 transcript=SRDH2_13360.5 gene=SRDH2_13360
SRDH2_59860.1        -            171 456998at33208        -            219     0.039   13.9   0.0   1   1    0.0002     0.053   13.5   0.0   145   189    23    69    18    80 0.80 transcript=SRDH2_59860.1 gene=SRDH2_59860
#
# Program:         hmmsearch
# Version:         3.4 (Aug 2023)
# Pipeline mode:   SEARCH
# Query file:      /users/40483456/busco_datasets/busco_downloads/lineages/metazoa_odb10/hmms/456998at33208.hmm
# Target file:     /users/40483456/protein/schistosoma_rodhaini.fa
# Option settings: hmmsearch --domtblout /users/40483456/busco/results_pro/schistosoma_rodhaini_busco/run_metazoa_odb10/hmmer_output/initial_run_results/456998at33208.out --cpu 1 /users/40483456/busco_datasets/busco_downloads/lineages/metazoa_odb10/hmms/456998at33208.hmm /users/40483456/protein/schistosoma_rodhaini.fa 
# Current dir:     /users/40483456
# Date:            Thu Jan 15 17:57:49 2026
# [ok]
