#                                                                            --- full sequence --- -------------- this domain -------------   hmm coord   ali coord   env coord
# target name        accession   tlen query name           accession   qlen   E-value  score  bias   #  of  c-Evalue  i-Evalue  score  bias  from    to  from    to  from    to  acc description of target
#------------------- ---------- ----- -------------------- ---------- ----- --------- ------ ----- --- --- --------- --------- ------ ----- ----- ----- ----- ----- ----- ----- ---- ---------------------
SRDH2_41790.1        -            393 467106at33208        -            257   5.7e-98  327.8  27.5   1   1  1.4e-100   1.3e-97  326.6  27.5     1   253     1   295     1   300 0.83 transcript=SRDH2_41790.1 gene=SRDH2_41790
SRDH2_2550.1         -            211 467106at33208        -            257   3.5e-08   33.5   2.6   1   2    0.0006      0.56    9.9   0.2    74   102    11    39     2    46 0.82 transcript=SRDH2_2550.1 gene=SRDH2_2550
SRDH2_2550.1         -            211 467106at33208        -            257   3.5e-08   33.5   2.6   2   2   2.2e-08     2e-05   24.5   0.1    74   108    45    79    37   103 0.82 transcript=SRDH2_2550.1 gene=SRDH2_2550
SRDH2_4380.1         -            221 467106at33208        -            257   2.1e-05   24.4   0.5   1   2    0.0013       1.2    8.9   0.1    73   113    11    53     7    98 0.71 transcript=SRDH2_4380.1 gene=SRDH2_4380
SRDH2_4380.1         -            221 467106at33208        -            257   2.1e-05   24.4   0.5   2   2   3.2e-05      0.03   14.1   0.0    49   112   120   186   109   198 0.76 transcript=SRDH2_4380.1 gene=SRDH2_4380
SRDH2_102500.1       -            221 467106at33208        -            257   2.1e-05   24.4   0.5   1   2    0.0013       1.2    8.9   0.1    73   113    11    53     7    98 0.71 transcript=SRDH2_102500.1 gene=SRDH2_102500
SRDH2_102500.1       -            221 467106at33208        -            257   2.1e-05   24.4   0.5   2   2   3.2e-05      0.03   14.1   0.0    49   112   120   186   109   197 0.76 transcript=SRDH2_102500.1 gene=SRDH2_102500
SRDH2_18210.1        -            335 467106at33208        -            257   4.4e-05   23.4   9.4   1   4       1.3   1.2e+03   -1.0   0.1    79    98    68    87    59    90 0.83 transcript=SRDH2_18210.1 gene=SRDH2_18210
SRDH2_18210.1        -            335 467106at33208        -            257   4.4e-05   23.4   9.4   2   4   3.3e-06     0.003   17.4   0.4    75   105    91   121    80   129 0.86 transcript=SRDH2_18210.1 gene=SRDH2_18210
SRDH2_18210.1        -            335 467106at33208        -            257   4.4e-05   23.4   9.4   3   4      0.31   2.8e+02    1.1   0.2    74    99   144   171   140   177 0.78 transcript=SRDH2_18210.1 gene=SRDH2_18210
SRDH2_18210.1        -            335 467106at33208        -            257   4.4e-05   23.4   9.4   4   4   0.00091      0.84    9.4   0.3    75    99   171   195   164   199 0.88 transcript=SRDH2_18210.1 gene=SRDH2_18210
SRDH2_29750.1        -            849 467106at33208        -            257   5.9e-05   23.0  10.0   1   3    0.0068       6.3    6.5   2.3    79    98     6    25     2    32 0.91 transcript=SRDH2_29750.1 gene=SRDH2_29750
SRDH2_29750.1        -            849 467106at33208        -            257   5.9e-05   23.0  10.0   2   3      0.22   2.1e+02    1.5   0.0    76   103    27    54    24    60 0.79 transcript=SRDH2_29750.1 gene=SRDH2_29750
SRDH2_29750.1        -            849 467106at33208        -            257   5.9e-05   23.0  10.0   3   3   1.2e-06    0.0011   18.8   0.4    80   106    65    91    56   106 0.90 transcript=SRDH2_29750.1 gene=SRDH2_29750
SRDH2_66120.11       -            504 467106at33208        -            257      0.01   15.7  16.4   1   3   4.3e-05      0.04   13.7   1.0    78   107   146   175   113   176 0.75 transcript=SRDH2_66120.11 gene=SRDH2_66120
SRDH2_66120.11       -            504 467106at33208        -            257      0.01   15.7  16.4   2   3     0.014        13    5.5   1.6    77    98   174   195   172   198 0.90 transcript=SRDH2_66120.11 gene=SRDH2_66120
SRDH2_66120.11       -            504 467106at33208        -            257      0.01   15.7  16.4   3   3    0.0067       6.2    6.5   1.1    80    99   200   220   196   240 0.81 transcript=SRDH2_66120.11 gene=SRDH2_66120
SRDH2_66120.3        -            586 467106at33208        -            257     0.013   15.3  15.7   1   3   4.9e-05     0.046   13.5   0.8    78   107    33    62     3    63 0.78 transcript=SRDH2_66120.3 gene=SRDH2_66120
SRDH2_66120.3        -            586 467106at33208        -            257     0.013   15.3  15.7   2   3     0.014        13    5.5   1.5    76    98    60    82    58    85 0.90 transcript=SRDH2_66120.3 gene=SRDH2_66120
SRDH2_66120.3        -            586 467106at33208        -            257     0.013   15.3  15.7   3   3    0.0077       7.2    6.3   1.1    80    99    87   107    83   127 0.81 transcript=SRDH2_66120.3 gene=SRDH2_66120
SRDH2_66120.5        -            586 467106at33208        -            257     0.013   15.3  15.7   1   3   4.9e-05     0.046   13.5   0.8    78   107    33    62     3    63 0.78 transcript=SRDH2_66120.5 gene=SRDH2_66120
SRDH2_66120.5        -            586 467106at33208        -            257     0.013   15.3  15.7   2   3     0.014        13    5.5   1.5    76    98    60    82    58    85 0.90 transcript=SRDH2_66120.5 gene=SRDH2_66120
SRDH2_66120.5        -            586 467106at33208        -            257     0.013   15.3  15.7   3   3    0.0077       7.2    6.3   1.1    80    99    87   107    83   127 0.81 transcript=SRDH2_66120.5 gene=SRDH2_66120
SRDH2_66120.7        -            586 467106at33208        -            257     0.013   15.3  15.7   1   3   4.9e-05     0.046   13.5   0.8    78   107    33    62     3    63 0.78 transcript=SRDH2_66120.7 gene=SRDH2_66120
SRDH2_66120.7        -            586 467106at33208        -            257     0.013   15.3  15.7   2   3     0.014        13    5.5   1.5    76    98    60    82    58    85 0.90 transcript=SRDH2_66120.7 gene=SRDH2_66120
SRDH2_66120.7        -            586 467106at33208        -            257     0.013   15.3  15.7   3   3    0.0077       7.2    6.3   1.1    80    99    87   107    83   127 0.81 transcript=SRDH2_66120.7 gene=SRDH2_66120
SRDH2_16140.1        -            947 467106at33208        -            257     0.018   14.9   4.2   1   2    0.0023       2.1    8.0   0.7    79   101   891   912   883   915 0.89 transcript=SRDH2_16140.1 gene=SRDH2_16140
SRDH2_16140.1        -            947 467106at33208        -            257     0.018   14.9   4.2   2   2    0.0023       2.1    8.0   0.2    78    99   914   935   912   946 0.83 transcript=SRDH2_16140.1 gene=SRDH2_16140
SRDH2_16140.3        -            947 467106at33208        -            257     0.018   14.9   4.2   1   2    0.0023       2.1    8.0   0.7    79   101   891   912   883   915 0.89 transcript=SRDH2_16140.3 gene=SRDH2_16140
SRDH2_16140.3        -            947 467106at33208        -            257     0.018   14.9   4.2   2   2    0.0023       2.1    8.0   0.2    78    99   914   935   912   946 0.83 transcript=SRDH2_16140.3 gene=SRDH2_16140
SRDH2_16140.4        -            947 467106at33208        -            257     0.018   14.9   4.2   1   2    0.0023       2.1    8.0   0.7    79   101   891   912   883   915 0.89 transcript=SRDH2_16140.4 gene=SRDH2_16140
SRDH2_16140.4        -            947 467106at33208        -            257     0.018   14.9   4.2   2   2    0.0023       2.1    8.0   0.2    78    99   914   935   912   946 0.83 transcript=SRDH2_16140.4 gene=SRDH2_16140
SRDH2_66120.2        -            691 467106at33208        -            257      0.02   14.7  15.8   1   3   6.1e-05     0.056   13.2   1.0    78   107   138   167   105   168 0.75 transcript=SRDH2_66120.2 gene=SRDH2_66120
SRDH2_66120.2        -            691 467106at33208        -            257      0.02   14.7  15.8   2   3     0.015        14    5.4   1.4    76    98   165   187   163   191 0.90 transcript=SRDH2_66120.2 gene=SRDH2_66120
SRDH2_66120.2        -            691 467106at33208        -            257      0.02   14.7  15.8   3   3    0.0089       8.2    6.1   0.9    80    99   192   212   188   230 0.82 transcript=SRDH2_66120.2 gene=SRDH2_66120
SRDH2_66120.8        -            691 467106at33208        -            257      0.02   14.7  15.8   1   3   6.1e-05     0.056   13.2   1.0    78   107   138   167   105   168 0.75 transcript=SRDH2_66120.8 gene=SRDH2_66120
SRDH2_66120.8        -            691 467106at33208        -            257      0.02   14.7  15.8   2   3     0.015        14    5.4   1.4    76    98   165   187   163   191 0.90 transcript=SRDH2_66120.8 gene=SRDH2_66120
SRDH2_66120.8        -            691 467106at33208        -            257      0.02   14.7  15.8   3   3    0.0089       8.2    6.1   0.9    80    99   192   212   188   230 0.82 transcript=SRDH2_66120.8 gene=SRDH2_66120
SRDH2_66120.9        -            691 467106at33208        -            257      0.02   14.7  15.8   1   3   6.1e-05     0.056   13.2   1.0    78   107   138   167   105   168 0.75 transcript=SRDH2_66120.9 gene=SRDH2_66120
SRDH2_66120.9        -            691 467106at33208        -            257      0.02   14.7  15.8   2   3     0.015        14    5.4   1.4    76    98   165   187   163   191 0.90 transcript=SRDH2_66120.9 gene=SRDH2_66120
SRDH2_66120.9        -            691 467106at33208        -            257      0.02   14.7  15.8   3   3    0.0089       8.2    6.1   0.9    80    99   192   212   188   230 0.82 transcript=SRDH2_66120.9 gene=SRDH2_66120
SRDH2_66120.1        -            699 467106at33208        -            257     0.021   14.6  15.8   1   3   6.2e-05     0.057   13.2   1.0    78   107   146   175   113   176 0.75 transcript=SRDH2_66120.1 gene=SRDH2_66120
SRDH2_66120.1        -            699 467106at33208        -            257     0.021   14.6  15.8   2   3     0.015        14    5.4   1.4    76    98   173   195   171   199 0.90 transcript=SRDH2_66120.1 gene=SRDH2_66120
SRDH2_66120.1        -            699 467106at33208        -            257     0.021   14.6  15.8   3   3     0.009       8.3    6.1   0.9    80    99   200   220   196   238 0.82 transcript=SRDH2_66120.1 gene=SRDH2_66120
SRDH2_66120.13       -            687 467106at33208        -            257      0.03   14.1   7.9   1   2   9.4e-05     0.087   12.6   3.3    78   112   146   180   113   181 0.76 transcript=SRDH2_66120.13 gene=SRDH2_66120
SRDH2_66120.13       -            687 467106at33208        -            257      0.03   14.1   7.9   2   2     0.011        10    5.8   1.1    76    98   173   195   170   198 0.90 transcript=SRDH2_66120.13 gene=SRDH2_66120
SRDH2_70510.1        -            240 467106at33208        -            257     0.087   12.6   0.6   1   1   0.00016      0.15   11.9   0.6   181   244   127   187   115   196 0.70 transcript=SRDH2_70510.1 gene=SRDH2_70510
SRDH2_79460.1        -            273 467106at33208        -            257       0.1   12.4   6.8   1   3       6.8   6.3e+03   -3.3   0.1   193   217     6    30     4    50 0.55 transcript=SRDH2_79460.1 gene=SRDH2_79460
SRDH2_79460.1        -            273 467106at33208        -            257       0.1   12.4   6.8   2   3    0.0015       1.4    8.7   0.3    71   104   131   167   127   178 0.77 transcript=SRDH2_79460.1 gene=SRDH2_79460
SRDH2_79460.1        -            273 467106at33208        -            257       0.1   12.4   6.8   3   3    0.0032         3    7.6   0.2    78   104   178   205   171   221 0.83 transcript=SRDH2_79460.1 gene=SRDH2_79460
SRDH2_27550.2        -            518 467106at33208        -            257      0.23   11.2   6.2   1   2    0.0082       7.6    6.2   0.4    76   101   416   443   409   452 0.83 transcript=SRDH2_27550.2 gene=SRDH2_27550
SRDH2_27550.2        -            518 467106at33208        -            257      0.23   11.2   6.2   2   2    0.0033       3.1    7.5   0.6    76   100   455   480   445   502 0.83 transcript=SRDH2_27550.2 gene=SRDH2_27550
SRDH2_58190.1        -           1641 467106at33208        -            257      0.48   10.2  10.7   1   2     0.051        48    3.6   3.5    75    99    17    40     9    63 0.82 transcript=SRDH2_58190.1 gene=SRDH2_58190
SRDH2_58190.1        -           1641 467106at33208        -            257      0.48   10.2  10.7   2   2   0.00047      0.44   10.3   0.6    70   113   100   142    69   150 0.81 transcript=SRDH2_58190.1 gene=SRDH2_58190
SRDH2_66120.14       -            548 467106at33208        -            257      0.59    9.9  11.7   1   3     0.023        21    4.7   0.1    85   107     2    24     1    25 0.90 transcript=SRDH2_66120.14 gene=SRDH2_66120
SRDH2_66120.14       -            548 467106at33208        -            257      0.59    9.9  11.7   2   3    0.0086         8    6.2   1.1    76    98    22    44    19    47 0.90 transcript=SRDH2_66120.14 gene=SRDH2_66120
SRDH2_66120.14       -            548 467106at33208        -            257      0.59    9.9  11.7   3   3    0.0069       6.4    6.5   1.0    80    99    49    69    46    89 0.81 transcript=SRDH2_66120.14 gene=SRDH2_66120
SRDH2_66120.4        -            548 467106at33208        -            257      0.59    9.9  11.7   1   3     0.023        21    4.7   0.1    85   107     2    24     1    25 0.90 transcript=SRDH2_66120.4 gene=SRDH2_66120
SRDH2_66120.4        -            548 467106at33208        -            257      0.59    9.9  11.7   2   3    0.0086         8    6.2   1.1    76    98    22    44    19    47 0.90 transcript=SRDH2_66120.4 gene=SRDH2_66120
SRDH2_66120.4        -            548 467106at33208        -            257      0.59    9.9  11.7   3   3    0.0069       6.4    6.5   1.0    80    99    49    69    46    89 0.81 transcript=SRDH2_66120.4 gene=SRDH2_66120
SRDH2_66120.6        -            548 467106at33208        -            257      0.59    9.9  11.7   1   3     0.023        21    4.7   0.1    85   107     2    24     1    25 0.90 transcript=SRDH2_66120.6 gene=SRDH2_66120
SRDH2_66120.6        -            548 467106at33208        -            257      0.59    9.9  11.7   2   3    0.0086         8    6.2   1.1    76    98    22    44    19    47 0.90 transcript=SRDH2_66120.6 gene=SRDH2_66120
SRDH2_66120.6        -            548 467106at33208        -            257      0.59    9.9  11.7   3   3    0.0069       6.4    6.5   1.0    80    99    49    69    46    89 0.81 transcript=SRDH2_66120.6 gene=SRDH2_66120
#
# Program:         hmmsearch
# Version:         3.4 (Aug 2023)
# Pipeline mode:   SEARCH
# Query file:      /users/40483456/busco_datasets/busco_downloads/lineages/metazoa_odb10/hmms/467106at33208.hmm
# Target file:     /users/40483456/protein/schistosoma_rodhaini.fa
# Option settings: hmmsearch --domtblout /users/40483456/busco/results_pro/schistosoma_rodhaini_busco/run_metazoa_odb10/hmmer_output/initial_run_results/467106at33208.out --cpu 1 /users/40483456/busco_datasets/busco_downloads/lineages/metazoa_odb10/hmms/467106at33208.hmm /users/40483456/protein/schistosoma_rodhaini.fa 
# Current dir:     /users/40483456
# Date:            Thu Jan 15 17:58:09 2026
# [ok]
