#                                                                            --- full sequence --- -------------- this domain -------------   hmm coord   ali coord   env coord
# target name        accession   tlen query name           accession   qlen   E-value  score  bias   #  of  c-Evalue  i-Evalue  score  bias  from    to  from    to  from    to  acc description of target
#------------------- ---------- ----- -------------------- ---------- ----- --------- ------ ----- --- --- --------- --------- ------ ----- ----- ----- ----- ----- ----- ----- ---- ---------------------
SRDH2_79080.1        -            506 470523at33208        -            196   3.1e-52  177.3   2.6   1   2   2.6e-23   2.9e-20   73.0   0.7     1    59   244   303   244   307 0.93 transcript=SRDH2_79080.1 gene=SRDH2_79080
SRDH2_79080.1        -            506 470523at33208        -            196   3.1e-52  177.3   2.6   2   2   6.7e-33   7.4e-30  104.3   0.0    32   196   308   498   303   498 0.79 transcript=SRDH2_79080.1 gene=SRDH2_79080
SRDH2_2370.1         -            358 470523at33208        -            196   1.4e-36  126.3   3.8   1   1   2.1e-39   2.3e-36  125.5   3.8     2   162   139   316   138   347 0.81 transcript=SRDH2_2370.1 gene=SRDH2_2370
SRDH2_9480.1         -            365 470523at33208        -            196   6.7e-35  120.8   1.3   1   1   9.8e-38   1.1e-34  120.1   1.3     2   154   146   313   145   349 0.82 transcript=SRDH2_9480.1 gene=SRDH2_9480
SRDH2_18260.1        -            383 470523at33208        -            196   4.8e-34  118.0   2.1   1   2      0.92     1e+03   -0.5   0.1    39    76    51    86    38   125 0.65 transcript=SRDH2_18260.1 gene=SRDH2_18260
SRDH2_18260.1        -            383 470523at33208        -            196   4.8e-34  118.0   2.1   2   2   6.3e-37   6.9e-34  117.5   0.2     4   180   162   363   160   375 0.84 transcript=SRDH2_18260.1 gene=SRDH2_18260
SRDH2_18260.2        -            383 470523at33208        -            196   4.8e-34  118.0   2.1   1   2      0.92     1e+03   -0.5   0.1    39    76    51    86    38   125 0.65 transcript=SRDH2_18260.2 gene=SRDH2_18260
SRDH2_18260.2        -            383 470523at33208        -            196   4.8e-34  118.0   2.1   2   2   6.3e-37   6.9e-34  117.5   0.2     4   180   162   363   160   375 0.84 transcript=SRDH2_18260.2 gene=SRDH2_18260
SRDH2_18260.5        -            383 470523at33208        -            196   4.8e-34  118.0   2.1   1   2      0.92     1e+03   -0.5   0.1    39    76    51    86    38   125 0.65 transcript=SRDH2_18260.5 gene=SRDH2_18260
SRDH2_18260.5        -            383 470523at33208        -            196   4.8e-34  118.0   2.1   2   2   6.3e-37   6.9e-34  117.5   0.2     4   180   162   363   160   375 0.84 transcript=SRDH2_18260.5 gene=SRDH2_18260
SRDH2_18260.3        -            398 470523at33208        -            196   5.4e-34  117.8   2.1   1   2      0.97   1.1e+03   -0.6   0.1    39    76    66   101    53   140 0.65 transcript=SRDH2_18260.3 gene=SRDH2_18260
SRDH2_18260.3        -            398 470523at33208        -            196   5.4e-34  117.8   2.1   2   2   6.9e-37   7.7e-34  117.3   0.2     4   180   177   378   175   390 0.84 transcript=SRDH2_18260.3 gene=SRDH2_18260
SRDH2_18260.4        -            398 470523at33208        -            196   5.4e-34  117.8   2.1   1   2      0.97   1.1e+03   -0.6   0.1    39    76    66   101    53   140 0.65 transcript=SRDH2_18260.4 gene=SRDH2_18260
SRDH2_18260.4        -            398 470523at33208        -            196   5.4e-34  117.8   2.1   2   2   6.9e-37   7.7e-34  117.3   0.2     4   180   177   378   175   390 0.84 transcript=SRDH2_18260.4 gene=SRDH2_18260
SRDH2_18260.6        -            367 470523at33208        -            196   9.1e-33  113.8   1.7   1   2      0.86   9.5e+02   -0.5   0.1    39    76    66   101    53   140 0.65 transcript=SRDH2_18260.6 gene=SRDH2_18260
SRDH2_18260.6        -            367 470523at33208        -            196   9.1e-33  113.8   1.7   2   2   1.5e-35   1.7e-32  112.9   0.1     4   154   177   345   175   355 0.88 transcript=SRDH2_18260.6 gene=SRDH2_18260
SRDH2_11980.1        -            377 470523at33208        -            196   2.5e-32  112.4   0.1   1   1   3.5e-35   3.9e-32  111.8   0.1     4   179   115   314   112   326 0.77 transcript=SRDH2_11980.1 gene=SRDH2_11980
SRDH2_11960.1        -            377 470523at33208        -            196   2.6e-32  112.4   0.1   1   1   3.5e-35   3.9e-32  111.8   0.1     4   179   115   314   112   326 0.77 transcript=SRDH2_11960.1 gene=SRDH2_11960
SRDH2_76420.1        -            411 470523at33208        -            196   1.9e-28   99.7   1.3   1   2      0.71   7.9e+02   -0.2   0.0    30    59    76   105    68   138 0.74 transcript=SRDH2_76420.1 gene=SRDH2_76420
SRDH2_76420.1        -            411 470523at33208        -            196   1.9e-28   99.7   1.3   2   2   9.1e-31     1e-27   97.4   0.5     3   186   179   392   177   400 0.76 transcript=SRDH2_76420.1 gene=SRDH2_76420
SRDH2_78060.1        -            366 470523at33208        -            196   4.8e-25   88.6   4.7   1   2      0.52   5.8e+02    0.2   0.4    64   126    67   122    53   134 0.64 transcript=SRDH2_78060.1 gene=SRDH2_78060
SRDH2_78060.1        -            366 470523at33208        -            196   4.8e-25   88.6   4.7   2   2   4.3e-28   4.8e-25   88.6   4.7     4   185   144   354   141   364 0.76 transcript=SRDH2_78060.1 gene=SRDH2_78060
SRDH2_78060.2        -            366 470523at33208        -            196   4.8e-25   88.6   4.7   1   2      0.52   5.8e+02    0.2   0.4    64   126    67   122    53   134 0.64 transcript=SRDH2_78060.2 gene=SRDH2_78060
SRDH2_78060.2        -            366 470523at33208        -            196   4.8e-25   88.6   4.7   2   2   4.3e-28   4.8e-25   88.6   4.7     4   185   144   354   141   364 0.76 transcript=SRDH2_78060.2 gene=SRDH2_78060
SRDH2_80270.1        -            352 470523at33208        -            196   1.4e-24   87.1   0.1   1   1   2.2e-27   2.4e-24   86.3   0.1     3   179   132   336   130   351 0.75 transcript=SRDH2_80270.1 gene=SRDH2_80270
SRDH2_24690.1        -            432 470523at33208        -            196   1.7e-24   86.8   0.6   1   2   2.9e-27   3.2e-24   85.9   0.0     2   140   114   270   113   293 0.84 transcript=SRDH2_24690.1 gene=SRDH2_24690
SRDH2_24690.1        -            432 470523at33208        -            196   1.7e-24   86.8   0.6   2   2       3.6     4e+03   -2.5   0.1    22    55   382   415   368   418 0.72 transcript=SRDH2_24690.1 gene=SRDH2_24690
SRDH2_80250.1        -            352 470523at33208        -            196   3.7e-24   85.7   0.1   1   1   5.6e-27   6.2e-24   85.0   0.1     3   179   132   336   130   351 0.75 transcript=SRDH2_80250.1 gene=SRDH2_80250
SRDH2_82730.1        -            375 470523at33208        -            196     5e-23   82.0   6.4   1   2      0.17   1.9e+02    1.8   0.6    64   134    67   130    36   138 0.81 transcript=SRDH2_82730.1 gene=SRDH2_82730
SRDH2_82730.1        -            375 470523at33208        -            196     5e-23   82.0   6.4   2   2   4.5e-26     5e-23   82.0   6.4     4   185   140   350   136   360 0.76 transcript=SRDH2_82730.1 gene=SRDH2_82730
SRDH2_78030.1        -            238 470523at33208        -            196   1.4e-16   61.0   1.7   1   1   2.2e-19   2.4e-16   60.2   1.7    46   185    59   226    51   236 0.71 transcript=SRDH2_78030.1 gene=SRDH2_78030
SRDH2_78040.1        -            238 470523at33208        -            196   1.4e-16   61.0   1.7   1   1   2.2e-19   2.4e-16   60.2   1.7    46   185    59   226    51   236 0.71 transcript=SRDH2_78040.1 gene=SRDH2_78040
SRDH2_78050.1        -            238 470523at33208        -            196   1.4e-16   61.0   1.7   1   1   2.2e-19   2.4e-16   60.2   1.7    46   185    59   226    51   236 0.71 transcript=SRDH2_78050.1 gene=SRDH2_78050
#
# Program:         hmmsearch
# Version:         3.4 (Aug 2023)
# Pipeline mode:   SEARCH
# Query file:      /users/40483456/busco_datasets/busco_downloads/lineages/metazoa_odb10/hmms/470523at33208.hmm
# Target file:     /users/40483456/protein/schistosoma_rodhaini.fa
# Option settings: hmmsearch --domtblout /users/40483456/busco/results_pro/schistosoma_rodhaini_busco/run_metazoa_odb10/hmmer_output/initial_run_results/470523at33208.out --cpu 1 /users/40483456/busco_datasets/busco_downloads/lineages/metazoa_odb10/hmms/470523at33208.hmm /users/40483456/protein/schistosoma_rodhaini.fa 
# Current dir:     /users/40483456
# Date:            Thu Jan 15 17:57:59 2026
# [ok]
