#                                                                            --- full sequence --- -------------- this domain -------------   hmm coord   ali coord   env coord
# target name        accession   tlen query name           accession   qlen   E-value  score  bias   #  of  c-Evalue  i-Evalue  score  bias  from    to  from    to  from    to  acc description of target
#------------------- ---------- ----- -------------------- ---------- ----- --------- ------ ----- --- --- --------- --------- ------ ----- ----- ----- ----- ----- ----- ----- ---- ---------------------
SRDH2_99410.1        -            418 515425at33208        -            237   3.3e-49  167.6   0.8   1   2   1.8e-16   2.5e-13   50.2   0.0     8    53    58   103    53   114 0.90 transcript=SRDH2_99410.1 gene=SRDH2_99410
SRDH2_99410.1        -            418 515425at33208        -            237   3.3e-49  167.6   0.8   2   2   1.7e-35   2.3e-32  112.5   0.6    55   198   126   287   119   307 0.84 transcript=SRDH2_99410.1 gene=SRDH2_99410
SRDH2_93210.1        -            176 515425at33208        -            237     7e-09   35.6   0.0   1   1   6.9e-12   9.4e-09   35.2   0.0   101   180    47   137    44   158 0.79 transcript=SRDH2_93210.1 gene=SRDH2_93210
SRDH2_87790.2        -           5680 515425at33208        -            237   0.00023   20.8   0.5   1   5   7.7e-05      0.11   12.1   0.0    15    41    57    83    47   106 0.84 transcript=SRDH2_87790.2 gene=SRDH2_87790
SRDH2_87790.2        -           5680 515425at33208        -            237   0.00023   20.8   0.5   2   5      0.13   1.8e+02    1.6   0.0    21    76   865   919   863   933 0.78 transcript=SRDH2_87790.2 gene=SRDH2_87790
SRDH2_87790.2        -           5680 515425at33208        -            237   0.00023   20.8   0.5   3   5       6.8   9.2e+03   -4.1   0.0    23    38  1217  1232  1213  1235 0.86 transcript=SRDH2_87790.2 gene=SRDH2_87790
SRDH2_87790.2        -           5680 515425at33208        -            237   0.00023   20.8   0.5   4   5      0.15     2e+02    1.4   0.0    14    43  1640  1669  1630  1680 0.84 transcript=SRDH2_87790.2 gene=SRDH2_87790
SRDH2_87790.2        -           5680 515425at33208        -            237   0.00023   20.8   0.5   5   5       5.8   7.9e+03   -3.8   0.0    19    35  1966  1982  1960  1985 0.87 transcript=SRDH2_87790.2 gene=SRDH2_87790
SRDH2_87810.1        -            355 515425at33208        -            237    0.0025   17.5   0.0   1   1   3.3e-06    0.0044   16.6   0.0    15    42    57    84    47   107 0.83 transcript=SRDH2_87810.1 gene=SRDH2_87810
SRDH2_30830.1        -            197 515425at33208        -            237     0.016   14.8   0.2   1   2   8.4e-05      0.11   12.0   0.0    15    52     7    44     1    54 0.83 transcript=SRDH2_30830.1 gene=SRDH2_30830
SRDH2_30830.1        -            197 515425at33208        -            237     0.016   14.8   0.2   2   2      0.27   3.7e+02    0.5   0.1   142   180   115   153   104   189 0.56 transcript=SRDH2_30830.1 gene=SRDH2_30830
SRDH2_58160.1        -            235 515425at33208        -            237     0.022   14.3   0.0   1   1     5e-05     0.068   12.7   0.0    14   114     5   111     1   138 0.74 transcript=SRDH2_58160.1 gene=SRDH2_58160
SRDH2_58160.2        -            235 515425at33208        -            237     0.022   14.3   0.0   1   1     5e-05     0.068   12.7   0.0    14   114     5   111     1   138 0.74 transcript=SRDH2_58160.2 gene=SRDH2_58160
SRDH2_62200.3        -            779 515425at33208        -            237     0.032   13.8   0.0   1   1   4.7e-05     0.064   12.8   0.0    12    47   197   232   186   269 0.84 transcript=SRDH2_62200.3 gene=SRDH2_62200
SRDH2_49360.1        -           1453 515425at33208        -            237     0.035   13.7   0.0   1   1   4.6e-05     0.063   12.9   0.0    11    47  1087  1123  1081  1167 0.84 transcript=SRDH2_49360.1 gene=SRDH2_49360
SRDH2_62200.1        -            850 515425at33208        -            237     0.035   13.7   0.0   1   1   5.2e-05     0.071   12.7   0.0    12    47   349   384   338   421 0.84 transcript=SRDH2_62200.1 gene=SRDH2_62200
SRDH2_62200.2        -            931 515425at33208        -            237     0.038   13.6   0.0   1   1   5.8e-05      0.08   12.5   0.0    12    47   349   384   338   421 0.84 transcript=SRDH2_62200.2 gene=SRDH2_62200
SRDH2_62200.4        -            914 515425at33208        -            237     0.038   13.6   0.0   1   1   5.7e-05     0.078   12.5   0.0    12    47   349   384   338   421 0.84 transcript=SRDH2_62200.4 gene=SRDH2_62200
SRDH2_2510.1         -            195 515425at33208        -            237     0.097   12.2   0.0   1   2    0.0022       3.1    7.3   0.0    11    47     5    40     1    60 0.82 transcript=SRDH2_2510.1 gene=SRDH2_2510
SRDH2_2510.1         -            195 515425at33208        -            237     0.097   12.2   0.0   2   2     0.051        69    2.9   0.0   131   160   102   131    96   136 0.81 transcript=SRDH2_2510.1 gene=SRDH2_2510
SRDH2_2510.2         -            230 515425at33208        -            237      0.16   11.6   0.0   1   2     0.003       4.1    6.9   0.0    11    47     5    40     1    58 0.82 transcript=SRDH2_2510.2 gene=SRDH2_2510
SRDH2_2510.2         -            230 515425at33208        -            237      0.16   11.6   0.0   2   2     0.066        90    2.5   0.0   132   160   103   131    97   136 0.81 transcript=SRDH2_2510.2 gene=SRDH2_2510
SRDH2_30780.3        -            580 515425at33208        -            237      0.16   11.5   0.0   1   2      0.47   6.4e+02   -0.3   0.0    21    46   165   190   163   213 0.86 transcript=SRDH2_30780.3 gene=SRDH2_30780
SRDH2_30780.3        -            580 515425at33208        -            237      0.16   11.5   0.0   2   2   0.00074         1    8.9   0.0    11    45   469   503   463   520 0.81 transcript=SRDH2_30780.3 gene=SRDH2_30780
SRDH2_30780.1        -            608 515425at33208        -            237      0.18   11.4   0.0   1   2       0.5   6.8e+02   -0.3   0.0    21    46   111   136   109   159 0.86 transcript=SRDH2_30780.1 gene=SRDH2_30780
SRDH2_30780.1        -            608 515425at33208        -            237      0.18   11.4   0.0   2   2   0.00078       1.1    8.8   0.0    11    45   415   449   409   466 0.81 transcript=SRDH2_30780.1 gene=SRDH2_30780
SRDH2_30780.2        -            701 515425at33208        -            237      0.24   10.9   0.0   1   2       0.6   8.2e+02   -0.6   0.0    21    46   175   200   173   222 0.86 transcript=SRDH2_30780.2 gene=SRDH2_30780
SRDH2_30780.2        -            701 515425at33208        -            237      0.24   10.9   0.0   2   2   0.00093       1.3    8.6   0.0    11    45   479   513   473   530 0.81 transcript=SRDH2_30780.2 gene=SRDH2_30780
#
# Program:         hmmsearch
# Version:         3.4 (Aug 2023)
# Pipeline mode:   SEARCH
# Query file:      /users/40483456/busco_datasets/busco_downloads/lineages/metazoa_odb10/hmms/515425at33208.hmm
# Target file:     /users/40483456/protein/schistosoma_rodhaini.fa
# Option settings: hmmsearch --domtblout /users/40483456/busco/results_pro/schistosoma_rodhaini_busco/run_metazoa_odb10/hmmer_output/initial_run_results/515425at33208.out --cpu 1 /users/40483456/busco_datasets/busco_downloads/lineages/metazoa_odb10/hmms/515425at33208.hmm /users/40483456/protein/schistosoma_rodhaini.fa 
# Current dir:     /users/40483456
# Date:            Thu Jan 15 17:58:08 2026
# [ok]
