#                                                                            --- full sequence --- -------------- this domain -------------   hmm coord   ali coord   env coord
# target name        accession   tlen query name           accession   qlen   E-value  score  bias   #  of  c-Evalue  i-Evalue  score  bias  from    to  from    to  from    to  acc description of target
#------------------- ---------- ----- -------------------- ---------- ----- --------- ------ ----- --- --- --------- --------- ------ ----- ----- ----- ----- ----- ----- ----- ---- ---------------------
SRDH2_97370.1        -            158 535806at33208        -            134   9.1e-24   84.3   1.3   1   1   5.5e-27   1.4e-23   83.7   1.3    25   129     6   115     3   119 0.89 transcript=SRDH2_97370.1 gene=SRDH2_97370
SRDH2_33740.1        -            212 535806at33208        -            134    0.0015   18.9   0.7   1   1   1.1e-06    0.0028   18.0   0.7    12    63    33    83    16   141 0.77 transcript=SRDH2_33740.1 gene=SRDH2_33740
SRDH2_33740.3        -            187 535806at33208        -            134    0.0016   18.8   0.9   1   1   1.3e-06    0.0033   17.8   0.8    12    63     8    58     4   105 0.75 transcript=SRDH2_33740.3 gene=SRDH2_33740
SRDH2_97960.6        -            970 535806at33208        -            134     0.059   13.7   0.0   1   1   6.9e-05      0.18   12.2   0.0    57   100   578   622   575   641 0.81 transcript=SRDH2_97960.6 gene=SRDH2_97960
SRDH2_97960.1        -           1320 535806at33208        -            134     0.062   13.6   0.0   1   1    0.0001      0.26   11.6   0.0    57   100   578   622   575   640 0.81 transcript=SRDH2_97960.1 gene=SRDH2_97960
SRDH2_97960.3        -           1313 535806at33208        -            134     0.062   13.6   0.0   1   1    0.0001      0.26   11.6   0.0    57   100   578   622   575   640 0.81 transcript=SRDH2_97960.3 gene=SRDH2_97960
SRDH2_97960.2        -           1314 535806at33208        -            134     0.063   13.6   0.0   1   1    0.0001      0.26   11.6   0.0    57   100   578   622   575   640 0.81 transcript=SRDH2_97960.2 gene=SRDH2_97960
SRDH2_97960.4        -           1315 535806at33208        -            134     0.063   13.6   0.0   1   1    0.0001      0.26   11.6   0.0    57   100   578   622   575   640 0.81 transcript=SRDH2_97960.4 gene=SRDH2_97960
SRDH2_97960.5        -           1791 535806at33208        -            134     0.093   13.1   0.0   1   1   0.00014      0.37   11.1   0.0    57   100   578   622   575   640 0.81 transcript=SRDH2_97960.5 gene=SRDH2_97960
#
# Program:         hmmsearch
# Version:         3.4 (Aug 2023)
# Pipeline mode:   SEARCH
# Query file:      /users/40483456/busco_datasets/busco_downloads/lineages/metazoa_odb10/hmms/535806at33208.hmm
# Target file:     /users/40483456/protein/schistosoma_rodhaini.fa
# Option settings: hmmsearch --domtblout /users/40483456/busco/results_pro/schistosoma_rodhaini_busco/run_metazoa_odb10/hmmer_output/initial_run_results/535806at33208.out --cpu 1 /users/40483456/busco_datasets/busco_downloads/lineages/metazoa_odb10/hmms/535806at33208.hmm /users/40483456/protein/schistosoma_rodhaini.fa 
# Current dir:     /users/40483456
# Date:            Thu Jan 15 17:58:12 2026
# [ok]
