#                                                                            --- full sequence --- -------------- this domain -------------   hmm coord   ali coord   env coord
# target name        accession   tlen query name           accession   qlen   E-value  score  bias   #  of  c-Evalue  i-Evalue  score  bias  from    to  from    to  from    to  acc description of target
#------------------- ---------- ----- -------------------- ---------- ----- --------- ------ ----- --- --- --------- --------- ------ ----- ----- ----- ----- ----- ----- ----- ---- ---------------------
SRDH2_84350.1        -            217 552764at33208        -            179   3.7e-42  144.4   1.8   1   1   2.3e-44   4.4e-42  144.1   1.8     4   167    10   176     7   186 0.92 transcript=SRDH2_84350.1 gene=SRDH2_84350
SRDH2_43620.1        -            211 552764at33208        -            179   9.3e-41  139.8   0.6   1   1   6.5e-43   1.2e-40  139.4   0.6     7   174    12   182     8   186 0.92 transcript=SRDH2_43620.1 gene=SRDH2_43620
SRDH2_41330.1        -            199 552764at33208        -            179   2.3e-40  138.5   0.3   1   1   1.4e-42   2.7e-40  138.3   0.3     5   169     4   171     1   179 0.93 transcript=SRDH2_41330.1 gene=SRDH2_41330
SRDH2_27820.2        -            203 552764at33208        -            179   1.4e-39  135.9   0.1   1   1   9.6e-42   1.8e-39  135.6   0.1    10   171    11   175     5   182 0.94 transcript=SRDH2_27820.2 gene=SRDH2_27820
SRDH2_27820.1        -            205 552764at33208        -            179   1.5e-39  135.9   0.1   1   1   9.9e-42   1.9e-39  135.6   0.1    10   171    11   175     5   182 0.94 transcript=SRDH2_27820.1 gene=SRDH2_27820
SRDH2_27820.5        -            205 552764at33208        -            179   1.5e-39  135.9   0.1   1   1   9.9e-42   1.9e-39  135.6   0.1    10   171    11   175     5   182 0.94 transcript=SRDH2_27820.5 gene=SRDH2_27820
SRDH2_99210.1        -            218 552764at33208        -            179   1.2e-37  129.6   0.0   1   1   8.3e-40   1.6e-37  129.3   0.0     4   168    11   178     8   186 0.93 transcript=SRDH2_99210.1 gene=SRDH2_99210
SRDH2_27820.3        -            205 552764at33208        -            179   1.5e-37  129.4   0.2   1   1   9.7e-40   1.8e-37  129.1   0.2    10   161    11   165     5   188 0.93 transcript=SRDH2_27820.3 gene=SRDH2_27820
SRDH2_27820.4        -            176 552764at33208        -            179   2.4e-37  128.7   0.0   1   1   1.6e-39   2.9e-37  128.4   0.0    10   158    11   162     5   173 0.94 transcript=SRDH2_27820.4 gene=SRDH2_27820
SRDH2_460.1          -            236 552764at33208        -            179   7.1e-37  127.2   0.3   1   1   4.7e-39   8.9e-37  126.8   0.3    10   174    13   183     6   188 0.93 transcript=SRDH2_460.1 gene=SRDH2_460
SRDH2_53670.2        -            205 552764at33208        -            179   1.5e-36  126.1   0.2   1   1   9.6e-39   1.8e-36  125.8   0.2     3   171     3   174     1   182 0.91 transcript=SRDH2_53670.2 gene=SRDH2_53670
SRDH2_53670.3        -            205 552764at33208        -            179   1.5e-36  126.1   0.2   1   1   9.6e-39   1.8e-36  125.8   0.2     3   171     3   174     1   182 0.91 transcript=SRDH2_53670.3 gene=SRDH2_53670
SRDH2_4760.1         -            196 552764at33208        -            179   3.4e-36  124.9   0.1   1   1   2.3e-38   4.3e-36  124.6   0.1    10   167     7   167     2   173 0.92 transcript=SRDH2_4760.1 gene=SRDH2_4760
SRDH2_4760.3         -            199 552764at33208        -            179   3.5e-36  124.9   0.1   1   1   2.4e-38   4.6e-36  124.5   0.1    10   167     7   167     2   173 0.92 transcript=SRDH2_4760.3 gene=SRDH2_4760
SRDH2_19560.1        -            225 552764at33208        -            179   3.8e-36  124.8   0.1   1   1   2.6e-38   4.8e-36  124.4   0.1     9   169    12   175     7   182 0.93 transcript=SRDH2_19560.1 gene=SRDH2_19560
SRDH2_99220.1        -            218 552764at33208        -            179   4.1e-36  124.7   0.0   1   1   2.8e-38   5.3e-36  124.3   0.0     4   167    11   177     8   185 0.92 transcript=SRDH2_99220.1 gene=SRDH2_99220
SRDH2_4760.2         -            215 552764at33208        -            179   4.4e-36  124.6   0.1   1   1   3.2e-38   5.9e-36  124.1   0.1    10   167     7   167     2   173 0.92 transcript=SRDH2_4760.2 gene=SRDH2_4760
SRDH2_60020.1        -            215 552764at33208        -            179     6e-36  124.1   0.1   1   1   3.8e-38   7.2e-36  123.9   0.1     8   168     6   171     1   181 0.85 transcript=SRDH2_60020.1 gene=SRDH2_60020
SRDH2_60020.2        -            215 552764at33208        -            179     6e-36  124.1   0.1   1   1   3.8e-38   7.2e-36  123.9   0.1     8   168     6   171     1   181 0.85 transcript=SRDH2_60020.2 gene=SRDH2_60020
SRDH2_37350.2        -            185 552764at33208        -            179   6.5e-36  124.0   0.2   1   1   4.3e-38   8.1e-36  123.7   0.2     7   165     6   171     2   179 0.89 transcript=SRDH2_37350.2 gene=SRDH2_37350
SRDH2_37350.1        -            205 552764at33208        -            179   6.9e-36  123.9   0.2   1   1   4.7e-38   8.9e-36  123.6   0.2     7   167     6   173     2   183 0.89 transcript=SRDH2_37350.1 gene=SRDH2_37350
SRDH2_37350.3        -            205 552764at33208        -            179   6.9e-36  123.9   0.2   1   1   4.7e-38   8.9e-36  123.6   0.2     7   167     6   173     2   183 0.89 transcript=SRDH2_37350.3 gene=SRDH2_37350
SRDH2_37350.4        -            205 552764at33208        -            179   6.9e-36  123.9   0.2   1   1   4.7e-38   8.9e-36  123.6   0.2     7   167     6   173     2   183 0.89 transcript=SRDH2_37350.4 gene=SRDH2_37350
SRDH2_96420.1        -            213 552764at33208        -            179   2.8e-35  121.9   0.2   1   1   1.8e-37   3.3e-35  121.7   0.2     4   169     6   174     1   183 0.90 transcript=SRDH2_96420.1 gene=SRDH2_96420
SRDH2_99230.1        -            333 552764at33208        -            179   8.4e-35  120.4   0.0   1   1   6.7e-37   1.3e-34  119.8   0.0     6   166    13   176     9   185 0.92 transcript=SRDH2_99230.1 gene=SRDH2_99230
SRDH2_62550.1        -            197 552764at33208        -            179   1.7e-34  119.4   0.5   1   1   1.1e-36     2e-34  119.2   0.5     4   160    10   169     6   187 0.89 transcript=SRDH2_62550.1 gene=SRDH2_62550
SRDH2_62550.2        -            238 552764at33208        -            179   2.4e-34  118.9   0.5   1   1     2e-36   3.8e-34  118.3   0.5     4   160    10   169     6   187 0.89 transcript=SRDH2_62550.2 gene=SRDH2_62550
SRDH2_85560.1        -            224 552764at33208        -            179   3.4e-34  118.4   0.4   1   1   2.5e-36   4.7e-34  118.0   0.4     9   167     8   172     4   181 0.90 transcript=SRDH2_85560.1 gene=SRDH2_85560
SRDH2_43040.1        -            198 552764at33208        -            179     4e-34  118.2   0.0   1   1   2.6e-36   4.8e-34  117.9   0.0     9   169     6   171     2   179 0.91 transcript=SRDH2_43040.1 gene=SRDH2_43040
SRDH2_56640.1        -            183 552764at33208        -            179   4.7e-34  118.0   0.6   1   1   3.1e-36   5.9e-34  117.6   0.6    10   175     4   172     2   178 0.91 transcript=SRDH2_56640.1 gene=SRDH2_56640
SRDH2_77540.8        -            557 552764at33208        -            179   4.9e-34  117.9   1.9   1   1   2.6e-36   4.9e-34  117.9   1.9     8   168   364   531   360   541 0.89 transcript=SRDH2_77540.8 gene=SRDH2_77540
SRDH2_22140.1        -            205 552764at33208        -            179   5.1e-34  117.9   0.3   1   1   3.3e-36   6.2e-34  117.6   0.3     8   175    12   182     6   187 0.90 transcript=SRDH2_22140.1 gene=SRDH2_22140
SRDH2_77540.4        -            658 552764at33208        -            179   6.7e-34  117.5   1.9   1   1   3.5e-36   6.7e-34  117.5   1.9     8   168   465   632   461   642 0.89 transcript=SRDH2_77540.4 gene=SRDH2_77540
SRDH2_77540.6        -            658 552764at33208        -            179   6.7e-34  117.5   1.9   1   1   3.5e-36   6.7e-34  117.5   1.9     8   168   465   632   461   642 0.89 transcript=SRDH2_77540.6 gene=SRDH2_77540
SRDH2_19320.2        -            213 552764at33208        -            179   6.7e-34  117.4   0.1   1   1   4.6e-36   8.7e-34  117.1   0.1    10   166     7   166     2   174 0.92 transcript=SRDH2_19320.2 gene=SRDH2_19320
SRDH2_77540.2        -            674 552764at33208        -            179     7e-34  117.4   1.9   1   1   3.7e-36     7e-34  117.4   1.9     8   168   481   648   477   658 0.89 transcript=SRDH2_77540.2 gene=SRDH2_77540
SRDH2_77540.1        -            697 552764at33208        -            179   7.4e-34  117.3   1.9   1   1   3.9e-36   7.4e-34  117.3   1.9     8   168   504   671   500   681 0.89 transcript=SRDH2_77540.1 gene=SRDH2_77540
SRDH2_77540.5        -            697 552764at33208        -            179   7.4e-34  117.3   1.9   1   1   3.9e-36   7.4e-34  117.3   1.9     8   168   504   671   500   681 0.89 transcript=SRDH2_77540.5 gene=SRDH2_77540
SRDH2_77540.7        -            697 552764at33208        -            179   7.4e-34  117.3   1.9   1   1   3.9e-36   7.4e-34  117.3   1.9     8   168   504   671   500   681 0.89 transcript=SRDH2_77540.7 gene=SRDH2_77540
SRDH2_77540.9        -            697 552764at33208        -            179   7.4e-34  117.3   1.9   1   1   3.9e-36   7.4e-34  117.3   1.9     8   168   504   671   500   681 0.89 transcript=SRDH2_77540.9 gene=SRDH2_77540
SRDH2_77540.3        -            704 552764at33208        -            179   7.5e-34  117.3   1.9   1   1     4e-36   7.5e-34  117.3   1.9     8   168   511   678   507   688 0.89 transcript=SRDH2_77540.3 gene=SRDH2_77540
SRDH2_19320.1        -            248 552764at33208        -            179   7.8e-34  117.2   0.1   1   1   6.2e-36   1.2e-33  116.7   0.1    10   166    42   201    34   209 0.91 transcript=SRDH2_19320.1 gene=SRDH2_19320
SRDH2_43020.1        -            172 552764at33208        -            179     3e-33  115.3   0.1   1   1     2e-35   3.7e-33  115.0   0.1     9   163     6   165     2   170 0.91 transcript=SRDH2_43020.1 gene=SRDH2_43020
SRDH2_37990.1        -            211 552764at33208        -            179   5.5e-33  114.5   0.0   1   1   3.7e-35   6.9e-33  114.2   0.0     4   170     6   176     3   186 0.89 transcript=SRDH2_37990.1 gene=SRDH2_37990
SRDH2_26390.1        -            216 552764at33208        -            179   1.3e-32  113.3   0.0   1   1   8.1e-35   1.5e-32  113.0   0.0     8   167     8   167     1   173 0.97 transcript=SRDH2_26390.1 gene=SRDH2_26390
SRDH2_93450.1        -            297 552764at33208        -            179   6.5e-32  111.0   0.7   1   1   5.1e-34   9.6e-32  110.4   0.7     3   169    75   246    73   253 0.89 transcript=SRDH2_93450.1 gene=SRDH2_93450
SRDH2_81540.2        -            223 552764at33208        -            179   1.7e-31  109.7   0.0   1   1   2.6e-33   4.9e-31  108.1   0.0     6   168     7   173     3   181 0.91 transcript=SRDH2_81540.2 gene=SRDH2_81540
SRDH2_66590.1        -            199 552764at33208        -            179   2.3e-31  109.2   0.0   1   1   1.5e-33   2.8e-31  108.9   0.0    10   168    16   178    12   188 0.90 transcript=SRDH2_66590.1 gene=SRDH2_66590
SRDH2_62870.1        -            184 552764at33208        -            179   2.8e-31  108.9   0.8   1   1   1.8e-33   3.4e-31  108.7   0.8    10   176     4   172     1   176 0.92 transcript=SRDH2_62870.1 gene=SRDH2_62870
SRDH2_72380.1        -            212 552764at33208        -            179   5.6e-31  107.9   0.2   1   1   3.9e-33   7.4e-31  107.5   0.2     6   174    17   188    13   193 0.93 transcript=SRDH2_72380.1 gene=SRDH2_72380
SRDH2_72380.2        -            212 552764at33208        -            179   5.6e-31  107.9   0.2   1   1   3.9e-33   7.4e-31  107.5   0.2     6   174    17   188    13   193 0.93 transcript=SRDH2_72380.2 gene=SRDH2_72380
SRDH2_30720.1        -            184 552764at33208        -            179   8.8e-31  107.3   0.1   1   1   5.9e-33   1.1e-30  107.0   0.1    10   171     4   168     2   177 0.92 transcript=SRDH2_30720.1 gene=SRDH2_30720
SRDH2_63580.1        -            764 552764at33208        -            179     1e-29  103.8   2.1   1   2   1.7e-30   3.2e-28   98.9   0.3    10   132   544   668   539   681 0.92 transcript=SRDH2_63580.1 gene=SRDH2_63580
SRDH2_63580.1        -            764 552764at33208        -            179     1e-29  103.8   2.1   2   2      0.42        79    3.2   0.1   130   174   689   732   670   736 0.83 transcript=SRDH2_63580.1 gene=SRDH2_63580
SRDH2_72390.1        -            204 552764at33208        -            179   6.2e-29  101.3   0.0   1   1   3.8e-31   7.1e-29  101.1   0.0     6   169     5   171     1   180 0.93 transcript=SRDH2_72390.1 gene=SRDH2_72390
SRDH2_15370.1        -            283 552764at33208        -            179   3.5e-27   95.6   0.0   1   1     3e-29   5.6e-27   94.9   0.0    10   166     8   169     3   183 0.90 transcript=SRDH2_15370.1 gene=SRDH2_15370
SRDH2_73380.1        -            179 552764at33208        -            179   1.4e-26   93.6   0.2   1   1   9.3e-29   1.8e-26   93.3   0.2    14   166    12   167     6   175 0.90 transcript=SRDH2_73380.1 gene=SRDH2_73380
SRDH2_67060.1        -            857 552764at33208        -            179   1.5e-25   90.3   0.5   1   1   2.6e-27     5e-25   88.6   0.5    10   166   661   825   653   835 0.88 transcript=SRDH2_67060.1 gene=SRDH2_67060
SRDH2_31560.1        -            203 552764at33208        -            179   2.5e-25   89.5   0.0   1   1   2.6e-27   4.9e-25   88.6   0.0     9   139     6   137     2   177 0.88 transcript=SRDH2_31560.1 gene=SRDH2_31560
SRDH2_67060.2        -            824 552764at33208        -            179   3.8e-25   88.9   0.6   1   1   6.6e-27   1.2e-24   87.3   0.6    10   164   661   823   653   824 0.89 transcript=SRDH2_67060.2 gene=SRDH2_67060
SRDH2_31540.1        -            193 552764at33208        -            179   2.4e-24   86.4   0.0   1   1     3e-26   5.6e-24   85.1   0.0     8   165     5   163     1   190 0.88 transcript=SRDH2_31540.1 gene=SRDH2_31540
SRDH2_81540.1        -            185 552764at33208        -            179   4.6e-24   85.4   0.0   1   2   7.6e-26   1.4e-23   83.8   0.0    40   168     3   135     1   144 0.90 transcript=SRDH2_81540.1 gene=SRDH2_81540
SRDH2_81540.1        -            185 552764at33208        -            179   4.6e-24   85.4   0.0   2   2       8.7   1.6e+03   -1.1   0.0   111   128   165   182   159   184 0.81 transcript=SRDH2_81540.1 gene=SRDH2_81540
SRDH2_31010.1        -            186 552764at33208        -            179   6.1e-24   85.0   0.0   1   1     4e-26   7.5e-24   84.7   0.0    10   174     5   179     1   182 0.87 transcript=SRDH2_31010.1 gene=SRDH2_31010
SRDH2_31530.1        -            193 552764at33208        -            179   1.3e-23   83.9   0.0   1   1     3e-25   5.7e-23   81.8   0.0     8   163     5   161     1   190 0.83 transcript=SRDH2_31530.1 gene=SRDH2_31530
SRDH2_99450.1        -            226 552764at33208        -            179   2.1e-23   83.3   0.0   1   1   1.7e-25   3.3e-23   82.6   0.0     4   168    15   193    13   204 0.83 transcript=SRDH2_99450.1 gene=SRDH2_99450
SRDH2_98960.2        -            260 552764at33208        -            179   4.8e-23   82.1   0.0   1   1   3.3e-25   6.3e-23   81.7   0.0     1   169     1   176     1   185 0.91 transcript=SRDH2_98960.2 gene=SRDH2_98960
SRDH2_98960.4        -            260 552764at33208        -            179   4.8e-23   82.1   0.0   1   1   3.3e-25   6.3e-23   81.7   0.0     1   169     1   176     1   185 0.91 transcript=SRDH2_98960.4 gene=SRDH2_98960
SRDH2_98960.1        -            300 552764at33208        -            179   6.1e-23   81.8   0.0   1   1   5.3e-25   9.9e-23   81.1   0.0     1   169     1   176     1   184 0.91 transcript=SRDH2_98960.1 gene=SRDH2_98960
SRDH2_98960.5        -            300 552764at33208        -            179   6.1e-23   81.8   0.0   1   1   5.3e-25   9.9e-23   81.1   0.0     1   169     1   176     1   184 0.91 transcript=SRDH2_98960.5 gene=SRDH2_98960
SRDH2_41480.1        -            192 552764at33208        -            179   1.3e-22   80.6   0.0   1   1   2.1e-24   3.9e-22   79.1   0.0     9   131     5   127     2   189 0.81 transcript=SRDH2_41480.1 gene=SRDH2_41480
SRDH2_53670.1        -            146 552764at33208        -            179   2.7e-22   79.7   0.1   1   1   1.7e-24   3.2e-22   79.4   0.1    61   171     2   115     1   123 0.89 transcript=SRDH2_53670.1 gene=SRDH2_53670
SRDH2_96230.1        -            188 552764at33208        -            179   8.1e-22   78.1   0.0   1   1   5.9e-24   1.1e-21   77.6   0.0     9   168     3   173     1   184 0.81 transcript=SRDH2_96230.1 gene=SRDH2_96230
SRDH2_96220.1        -            188 552764at33208        -            179   1.5e-21   77.2   0.0   1   1     1e-23     2e-21   76.8   0.0     9   168     3   173     1   184 0.80 transcript=SRDH2_96220.1 gene=SRDH2_96220
SRDH2_54050.1        -            210 552764at33208        -            179   2.6e-21   76.5   0.0   1   1   8.3e-23   1.6e-20   73.9   0.0     8   172    22   201    15   208 0.78 transcript=SRDH2_54050.1 gene=SRDH2_54050
SRDH2_84370.1        -            187 552764at33208        -            179   3.1e-21   76.2   0.0   1   1   2.1e-23     4e-21   75.8   0.0    10   171     7   176     2   182 0.88 transcript=SRDH2_84370.1 gene=SRDH2_84370
SRDH2_30590.1        -            242 552764at33208        -            179   1.1e-20   74.5   0.2   1   2   4.5e-21   8.4e-19   68.3   0.0     7   125     3   122     1   195 0.74 transcript=SRDH2_30590.1 gene=SRDH2_30590
SRDH2_30590.1        -            242 552764at33208        -            179   1.1e-20   74.5   0.2   2   2         4   7.6e+02   -0.0   0.1    15    32   208   225   204   234 0.87 transcript=SRDH2_30590.1 gene=SRDH2_30590
SRDH2_72380.3        -            151 552764at33208        -            179   1.2e-20   74.3   0.2   1   1   7.8e-23   1.5e-20   74.0   0.2    52   174     2   127     1   132 0.91 transcript=SRDH2_72380.3 gene=SRDH2_72380
SRDH2_52700.1        -            195 552764at33208        -            179     2e-18   67.0   0.0   1   1   1.4e-20   2.6e-18   66.7   0.0     9   129     7   127     2   176 0.92 transcript=SRDH2_52700.1 gene=SRDH2_52700
SRDH2_15370.2        -            243 552764at33208        -            179   4.2e-17   62.7   0.0   1   1   3.6e-19   6.9e-17   62.0   0.0    50   166     7   129     3   143 0.87 transcript=SRDH2_15370.2 gene=SRDH2_15370
SRDH2_8310.1         -            293 552764at33208        -            179   1.5e-15   57.7   0.1   1   1     1e-17   1.9e-15   57.3   0.1    10   167     9   179     1   187 0.84 transcript=SRDH2_8310.1 gene=SRDH2_8310
SRDH2_8310.2         -            293 552764at33208        -            179   1.5e-15   57.7   0.1   1   1     1e-17   1.9e-15   57.3   0.1    10   167     9   179     1   187 0.84 transcript=SRDH2_8310.2 gene=SRDH2_8310
SRDH2_79160.1        -            153 552764at33208        -            179   2.9e-13   50.2   0.0   1   1   1.8e-15   3.5e-13   50.0   0.0    10   105     7   101     2   133 0.89 transcript=SRDH2_79160.1 gene=SRDH2_79160
SRDH2_6600.1         -            360 552764at33208        -            179   4.3e-11   43.2   0.1   1   1   5.8e-13   1.1e-10   41.8   0.1     8    97    50   138    44   239 0.94 transcript=SRDH2_6600.1 gene=SRDH2_6600
SRDH2_6600.2         -            360 552764at33208        -            179   4.3e-11   43.2   0.1   1   1   5.8e-13   1.1e-10   41.8   0.1     8    97    50   138    44   239 0.94 transcript=SRDH2_6600.2 gene=SRDH2_6600
SRDH2_35600.1        -            337 552764at33208        -            179   3.2e-10   40.3   0.0   1   1   3.4e-12   6.4e-10   39.3   0.0     4   104    31   130    28   145 0.89 transcript=SRDH2_35600.1 gene=SRDH2_35600
SRDH2_50230.1        -            523 552764at33208        -            179     8e-09   35.8   3.0   1   3      0.21        40    4.2   0.4    91   157    86   151    74   170 0.82 transcript=SRDH2_50230.1 gene=SRDH2_50230
SRDH2_50230.1        -            523 552764at33208        -            179     8e-09   35.8   3.0   2   3   3.4e-09   6.5e-07   29.5   0.0    79   129   361   411   278   415 0.87 transcript=SRDH2_50230.1 gene=SRDH2_50230
SRDH2_50230.1        -            523 552764at33208        -            179     8e-09   35.8   3.0   3   3       4.3   8.1e+02   -0.1   0.0   143   166   472   495   459   507 0.72 transcript=SRDH2_50230.1 gene=SRDH2_50230
SRDH2_7070.1         -            202 552764at33208        -            179   2.1e-08   34.4   0.0   1   1   1.4e-10   2.6e-08   34.1   0.0    12   167    20   187    15   198 0.67 transcript=SRDH2_7070.1 gene=SRDH2_7070
SRDH2_7070.2         -            202 552764at33208        -            179   2.1e-08   34.4   0.0   1   1   1.4e-10   2.6e-08   34.1   0.0    12   167    20   187    15   198 0.67 transcript=SRDH2_7070.2 gene=SRDH2_7070
SRDH2_52500.1        -            185 552764at33208        -            179     5e-08   33.2   0.0   1   1   3.3e-10   6.2e-08   32.9   0.0    11   166    22   180    17   185 0.79 transcript=SRDH2_52500.1 gene=SRDH2_52500
SRDH2_43970.1        -            460 552764at33208        -            179   1.7e-07   31.4   0.3   1   2   6.4e-06    0.0012   18.9   0.1     9   103    14   105     9   149 0.88 transcript=SRDH2_43970.1 gene=SRDH2_43970
SRDH2_43970.1        -            460 552764at33208        -            179   1.7e-07   31.4   0.3   2   2    0.0022      0.41   10.6   0.0   115   169   184   241   147   251 0.81 transcript=SRDH2_43970.1 gene=SRDH2_43970
SRDH2_58250.1        -            159 552764at33208        -            179   1.9e-07   31.3   0.0   1   1   1.4e-09   2.6e-07   30.8   0.0    10   144    18   146    14   155 0.74 transcript=SRDH2_58250.1 gene=SRDH2_58250
SRDH2_98960.3        -            236 552764at33208        -            179     3e-07   30.6   0.0   1   1   2.7e-09   5.1e-07   29.9   0.0    67   169     3   112     1   121 0.85 transcript=SRDH2_98960.3 gene=SRDH2_98960
SRDH2_98960.6        -            236 552764at33208        -            179     3e-07   30.6   0.0   1   1   2.7e-09   5.1e-07   29.9   0.0    67   169     3   112     1   121 0.85 transcript=SRDH2_98960.6 gene=SRDH2_98960
SRDH2_69110.1        -            176 552764at33208        -            179   3.3e-07   30.5   0.0   1   1   2.3e-09   4.4e-07   30.1   0.0    11   129    15   130    11   157 0.71 transcript=SRDH2_69110.1 gene=SRDH2_69110
SRDH2_69110.2        -            176 552764at33208        -            179   3.3e-07   30.5   0.0   1   1   2.3e-09   4.4e-07   30.1   0.0    11   129    15   130    11   157 0.71 transcript=SRDH2_69110.2 gene=SRDH2_69110
SRDH2_63220.1        -            186 552764at33208        -            179     5e-07   29.9   0.0   1   1   3.1e-09   5.8e-07   29.7   0.0    10   139     4   142     2   178 0.78 transcript=SRDH2_63220.1 gene=SRDH2_63220
SRDH2_93050.1        -            636 552764at33208        -            179   1.1e-06   28.8   0.3   1   1   9.9e-09   1.9e-06   28.0   0.3    10   172     5   173     1   178 0.81 transcript=SRDH2_93050.1 gene=SRDH2_93050
SRDH2_43610.1        -            163 552764at33208        -            179   2.2e-06   27.8   0.1   1   1   1.7e-08   3.3e-06   27.3   0.1    10   133    17   137    14   149 0.80 transcript=SRDH2_43610.1 gene=SRDH2_43610
SRDH2_94130.1        -            588 552764at33208        -            179   5.2e-06   26.6   0.7   1   1   4.6e-08   8.7e-06   25.9   0.7    10   160   360   517   356   537 0.78 transcript=SRDH2_94130.1 gene=SRDH2_94130
SRDH2_94130.2        -            588 552764at33208        -            179   5.2e-06   26.6   0.7   1   1   4.6e-08   8.7e-06   25.9   0.7    10   160   360   517   356   537 0.78 transcript=SRDH2_94130.2 gene=SRDH2_94130
SRDH2_72290.1        -            180 552764at33208        -            179   2.2e-05   24.6   0.1   1   1   1.4e-07   2.6e-05   24.3   0.1    12   166    19   175    15   180 0.75 transcript=SRDH2_72290.1 gene=SRDH2_72290
SRDH2_72290.3        -            180 552764at33208        -            179   2.2e-05   24.6   0.1   1   1   1.4e-07   2.6e-05   24.3   0.1    12   166    19   175    15   180 0.75 transcript=SRDH2_72290.3 gene=SRDH2_72290
SRDH2_86030.1        -            422 552764at33208        -            179   3.5e-05   23.9   0.0   1   1   3.3e-07   6.3e-05   23.1   0.0    10   107     6   108     1   113 0.81 transcript=SRDH2_86030.1 gene=SRDH2_86030
SRDH2_53010.1        -            186 552764at33208        -            179   7.1e-05   22.9   0.0   1   1   4.9e-07   9.2e-05   22.5   0.0     9   137    17   147    13   176 0.78 transcript=SRDH2_53010.1 gene=SRDH2_53010
SRDH2_32530.1        -            181 552764at33208        -            179   0.00011   22.2   0.0   1   1   8.7e-07   0.00016   21.7   0.0    10   128    18   133    15   152 0.80 transcript=SRDH2_32530.1 gene=SRDH2_32530
SRDH2_93730.2        -            782 552764at33208        -            179   0.00012   22.2   0.1   1   2   6.1e-06    0.0011   19.0   0.0    10   167     8   170     3   181 0.67 transcript=SRDH2_93730.2 gene=SRDH2_93730
SRDH2_93730.2        -            782 552764at33208        -            179   0.00012   22.2   0.1   2   2         4   7.6e+02   -0.0   0.1    57    95   572   613   562   623 0.68 transcript=SRDH2_93730.2 gene=SRDH2_93730
SRDH2_72290.2        -            171 552764at33208        -            179   0.00013   22.0   0.1   1   1     9e-07   0.00017   21.7   0.1    12   150    19   159    15   170 0.72 transcript=SRDH2_72290.2 gene=SRDH2_72290
SRDH2_93730.1        -            820 552764at33208        -            179   0.00014   22.0   0.1   1   2   6.7e-06    0.0013   18.8   0.0    10   167     8   170     3   180 0.67 transcript=SRDH2_93730.1 gene=SRDH2_93730
SRDH2_93730.1        -            820 552764at33208        -            179   0.00014   22.0   0.1   2   2       4.3     8e+02   -0.1   0.1    57    95   572   613   562   623 0.68 transcript=SRDH2_93730.1 gene=SRDH2_93730
SRDH2_19480.10       -            413 552764at33208        -            179    0.0002   21.4   0.2   1   2    0.0019      0.37   10.8   0.0     6    65    38    99    34   104 0.77 transcript=SRDH2_19480.10 gene=SRDH2_19480
SRDH2_19480.10       -            413 552764at33208        -            179    0.0002   21.4   0.2   2   2     0.018       3.4    7.6   0.0    71   165   139   232   128   246 0.77 transcript=SRDH2_19480.10 gene=SRDH2_19480
SRDH2_82020.1        -           1090 552764at33208        -            179   0.00029   20.9   0.0   1   1   2.9e-06   0.00055   20.0   0.0    10   173    73   236    67   240 0.83 transcript=SRDH2_82020.1 gene=SRDH2_82020
SRDH2_19480.6        -            535 552764at33208        -            179   0.00033   20.7   0.2   1   2    0.0022      0.42   10.6   0.1     7    65     7    67     1    72 0.76 transcript=SRDH2_19480.6 gene=SRDH2_19480
SRDH2_19480.6        -            535 552764at33208        -            179   0.00033   20.7   0.2   2   2     0.029       5.5    7.0   0.0    71   164   107   199    96   211 0.76 transcript=SRDH2_19480.6 gene=SRDH2_19480
SRDH2_19480.8        -            535 552764at33208        -            179   0.00033   20.7   0.2   1   2    0.0022      0.42   10.6   0.1     7    65     7    67     1    72 0.76 transcript=SRDH2_19480.8 gene=SRDH2_19480
SRDH2_19480.8        -            535 552764at33208        -            179   0.00033   20.7   0.2   2   2     0.029       5.5    7.0   0.0    71   164   107   199    96   211 0.76 transcript=SRDH2_19480.8 gene=SRDH2_19480
SRDH2_19480.9        -            566 552764at33208        -            179   0.00046   20.3   0.2   1   2     0.003      0.57   10.2   0.0     6    65    38    99    34   104 0.76 transcript=SRDH2_19480.9 gene=SRDH2_19480
SRDH2_19480.9        -            566 552764at33208        -            179   0.00046   20.3   0.2   2   2      0.03       5.7    6.9   0.0    71   165   139   232   128   246 0.77 transcript=SRDH2_19480.9 gene=SRDH2_19480
SRDH2_19480.11       -            565 552764at33208        -            179   0.00047   20.2   0.2   1   2     0.003      0.57   10.2   0.0     6    65    38    99    34   104 0.76 transcript=SRDH2_19480.11 gene=SRDH2_19480
SRDH2_19480.11       -            565 552764at33208        -            179   0.00047   20.2   0.2   2   2      0.03       5.7    6.9   0.0    71   165   139   232   128   246 0.77 transcript=SRDH2_19480.11 gene=SRDH2_19480
SRDH2_19480.3        -            565 552764at33208        -            179   0.00047   20.2   0.2   1   2     0.003      0.57   10.2   0.0     6    65    38    99    34   104 0.76 transcript=SRDH2_19480.3 gene=SRDH2_19480
SRDH2_19480.3        -            565 552764at33208        -            179   0.00047   20.2   0.2   2   2      0.03       5.7    6.9   0.0    71   165   139   232   128   246 0.77 transcript=SRDH2_19480.3 gene=SRDH2_19480
SRDH2_19480.4        -            565 552764at33208        -            179   0.00047   20.2   0.2   1   2     0.003      0.57   10.2   0.0     6    65    38    99    34   104 0.76 transcript=SRDH2_19480.4 gene=SRDH2_19480
SRDH2_19480.4        -            565 552764at33208        -            179   0.00047   20.2   0.2   2   2      0.03       5.7    6.9   0.0    71   165   139   232   128   246 0.77 transcript=SRDH2_19480.4 gene=SRDH2_19480
SRDH2_19480.1        -            567 552764at33208        -            179   0.00048   20.2   0.2   1   2     0.003      0.57   10.2   0.0     6    65    38    99    34   104 0.76 transcript=SRDH2_19480.1 gene=SRDH2_19480
SRDH2_19480.1        -            567 552764at33208        -            179   0.00048   20.2   0.2   2   2      0.03       5.8    6.9   0.0    71   165   139   232   128   246 0.77 transcript=SRDH2_19480.1 gene=SRDH2_19480
SRDH2_19480.2        -            567 552764at33208        -            179   0.00048   20.2   0.2   1   2     0.003      0.57   10.2   0.0     6    65    38    99    34   104 0.76 transcript=SRDH2_19480.2 gene=SRDH2_19480
SRDH2_19480.2        -            567 552764at33208        -            179   0.00048   20.2   0.2   2   2      0.03       5.8    6.9   0.0    71   165   139   232   128   246 0.77 transcript=SRDH2_19480.2 gene=SRDH2_19480
SRDH2_21970.1        -            184 552764at33208        -            179   0.00049   20.1   0.0   1   1   4.7e-06   0.00088   19.3   0.0     6   128    13   132     9   150 0.80 transcript=SRDH2_21970.1 gene=SRDH2_21970
SRDH2_93730.3        -            811 552764at33208        -            179    0.0005   20.1   0.2   1   2   1.8e-05    0.0034   17.4   0.0    80   167    67   161    39   172 0.77 transcript=SRDH2_93730.3 gene=SRDH2_93730
SRDH2_93730.3        -            811 552764at33208        -            179    0.0005   20.1   0.2   2   2       4.2   7.9e+02   -0.1   0.1    57    95   563   604   553   614 0.68 transcript=SRDH2_93730.3 gene=SRDH2_93730
SRDH2_19480.5        -            530 552764at33208        -            179   0.00062   19.8   0.1   1   2    0.0045      0.86    9.6   0.0     9    65     4    62     1    67 0.77 transcript=SRDH2_19480.5 gene=SRDH2_19480
SRDH2_19480.5        -            530 552764at33208        -            179   0.00062   19.8   0.1   2   2      0.03       5.6    6.9   0.0    72   164   103   194    93   206 0.76 transcript=SRDH2_19480.5 gene=SRDH2_19480
SRDH2_19480.7        -            530 552764at33208        -            179   0.00062   19.8   0.1   1   2    0.0045      0.86    9.6   0.0     9    65     4    62     1    67 0.77 transcript=SRDH2_19480.7 gene=SRDH2_19480
SRDH2_19480.7        -            530 552764at33208        -            179   0.00062   19.8   0.1   2   2      0.03       5.6    6.9   0.0    72   164   103   194    93   206 0.76 transcript=SRDH2_19480.7 gene=SRDH2_19480
SRDH2_59150.1        -            184 552764at33208        -            179    0.0008   19.5   0.0   1   1   5.9e-06    0.0011   19.0   0.0    10   127    18   132     9   149 0.73 transcript=SRDH2_59150.1 gene=SRDH2_59150
SRDH2_59150.2        -            184 552764at33208        -            179    0.0008   19.5   0.0   1   1   5.9e-06    0.0011   19.0   0.0    10   127    18   132     9   149 0.73 transcript=SRDH2_59150.2 gene=SRDH2_59150
#
# Program:         hmmsearch
# Version:         3.4 (Aug 2023)
# Pipeline mode:   SEARCH
# Query file:      /users/40483456/busco_datasets/busco_downloads/lineages/metazoa_odb10/hmms/552764at33208.hmm
# Target file:     /users/40483456/protein/schistosoma_rodhaini.fa
# Option settings: hmmsearch --domtblout /users/40483456/busco/results_pro/schistosoma_rodhaini_busco/run_metazoa_odb10/hmmer_output/initial_run_results/552764at33208.out --cpu 1 /users/40483456/busco_datasets/busco_downloads/lineages/metazoa_odb10/hmms/552764at33208.hmm /users/40483456/protein/schistosoma_rodhaini.fa 
# Current dir:     /users/40483456
# Date:            Thu Jan 15 17:58:20 2026
# [ok]
