#                                                                            --- full sequence --- -------------- this domain -------------   hmm coord   ali coord   env coord
# target name        accession   tlen query name           accession   qlen   E-value  score  bias   #  of  c-Evalue  i-Evalue  score  bias  from    to  from    to  from    to  acc description of target
#------------------- ---------- ----- -------------------- ---------- ----- --------- ------ ----- --- --- --------- --------- ------ ----- ----- ----- ----- ----- ----- ----- ---- ---------------------
SRDH2_82290.1        -            370 561878at33208        -            220   3.6e-38  131.6   2.2   1   2      0.58   8.4e+02   -0.4   0.0     1    25    15    39    15    51 0.81 transcript=SRDH2_82290.1 gene=SRDH2_82290
SRDH2_82290.1        -            370 561878at33208        -            220   3.6e-38  131.6   2.2   2   2   4.8e-39   6.9e-36  124.1   1.5    17   188    56   253    37   281 0.74 transcript=SRDH2_82290.1 gene=SRDH2_82290
SRDH2_19400.1        -            415 561878at33208        -            220   7.8e-23   81.4   0.8   1   2   4.3e-15   6.2e-12   45.8   0.3     6   100    13   107     8   122 0.77 transcript=SRDH2_19400.1 gene=SRDH2_19400
SRDH2_19400.1        -            415 561878at33208        -            220   7.8e-23   81.4   0.8   2   2   1.8e-11   2.6e-08   33.9   0.0   112   187   136   212   132   230 0.90 transcript=SRDH2_19400.1 gene=SRDH2_19400
SRDH2_19400.2        -            415 561878at33208        -            220   7.8e-23   81.4   0.8   1   2   4.3e-15   6.2e-12   45.8   0.3     6   100    13   107     8   122 0.77 transcript=SRDH2_19400.2 gene=SRDH2_19400
SRDH2_19400.2        -            415 561878at33208        -            220   7.8e-23   81.4   0.8   2   2   1.8e-11   2.6e-08   33.9   0.0   112   187   136   212   132   230 0.90 transcript=SRDH2_19400.2 gene=SRDH2_19400
SRDH2_19400.3        -            415 561878at33208        -            220   7.8e-23   81.4   0.8   1   2   4.3e-15   6.2e-12   45.8   0.3     6   100    13   107     8   122 0.77 transcript=SRDH2_19400.3 gene=SRDH2_19400
SRDH2_19400.3        -            415 561878at33208        -            220   7.8e-23   81.4   0.8   2   2   1.8e-11   2.6e-08   33.9   0.0   112   187   136   212   132   230 0.90 transcript=SRDH2_19400.3 gene=SRDH2_19400
SRDH2_19400.4        -            415 561878at33208        -            220   7.8e-23   81.4   0.8   1   2   4.3e-15   6.2e-12   45.8   0.3     6   100    13   107     8   122 0.77 transcript=SRDH2_19400.4 gene=SRDH2_19400
SRDH2_19400.4        -            415 561878at33208        -            220   7.8e-23   81.4   0.8   2   2   1.8e-11   2.6e-08   33.9   0.0   112   187   136   212   132   230 0.90 transcript=SRDH2_19400.4 gene=SRDH2_19400
SRDH2_19400.5        -            415 561878at33208        -            220   7.8e-23   81.4   0.8   1   2   4.3e-15   6.2e-12   45.8   0.3     6   100    13   107     8   122 0.77 transcript=SRDH2_19400.5 gene=SRDH2_19400
SRDH2_19400.5        -            415 561878at33208        -            220   7.8e-23   81.4   0.8   2   2   1.8e-11   2.6e-08   33.9   0.0   112   187   136   212   132   230 0.90 transcript=SRDH2_19400.5 gene=SRDH2_19400
SRDH2_24130.2        -            273 561878at33208        -            220   5.2e-12   46.0   2.9   1   1     8e-15   1.2e-11   44.9   2.9    39   189    42   201     4   211 0.73 transcript=SRDH2_24130.2 gene=SRDH2_24130
SRDH2_24130.1        -            387 561878at33208        -            220   7.1e-12   45.6   3.8   1   2   1.6e-14   2.4e-11   43.9   2.5    40   189    43   201     4   211 0.73 transcript=SRDH2_24130.1 gene=SRDH2_24130
SRDH2_24130.1        -            387 561878at33208        -            220   7.1e-12   45.6   3.8   2   2      0.52   7.5e+02   -0.3   0.0   104   134   343   373   335   378 0.82 transcript=SRDH2_24130.1 gene=SRDH2_24130
SRDH2_20240.1        -            629 561878at33208        -            220   8.1e-09   35.6   3.7   1   1   1.7e-11   2.5e-08   34.0   3.7    51   189    71   216    68   222 0.83 transcript=SRDH2_20240.1 gene=SRDH2_20240
SRDH2_20240.3        -            685 561878at33208        -            220   7.4e-08   32.4   2.0   1   2     3e-07   0.00044   20.1   0.2    51    99    71   119    68   136 0.88 transcript=SRDH2_20240.3 gene=SRDH2_20240
SRDH2_20240.3        -            685 561878at33208        -            220   7.4e-08   32.4   2.0   2   2   0.00015      0.22   11.2   0.1    50    89   187   227   140   231 0.54 transcript=SRDH2_20240.3 gene=SRDH2_20240
SRDH2_20240.4        -            685 561878at33208        -            220   7.4e-08   32.4   2.0   1   2     3e-07   0.00044   20.1   0.2    51    99    71   119    68   136 0.88 transcript=SRDH2_20240.4 gene=SRDH2_20240
SRDH2_20240.4        -            685 561878at33208        -            220   7.4e-08   32.4   2.0   2   2   0.00015      0.22   11.2   0.1    50    89   187   227   140   231 0.54 transcript=SRDH2_20240.4 gene=SRDH2_20240
SRDH2_20240.2        -            670 561878at33208        -            220   6.1e-07   29.4   5.7   1   3   2.9e-07   0.00042   20.2   0.2    51    99    71   119    68   136 0.88 transcript=SRDH2_20240.2 gene=SRDH2_20240
SRDH2_20240.2        -            670 561878at33208        -            220   6.1e-07   29.4   5.7   2   3   0.00015      0.22   11.3   0.1    50    89   187   227   140   231 0.54 transcript=SRDH2_20240.2 gene=SRDH2_20240
SRDH2_20240.2        -            670 561878at33208        -            220   6.1e-07   29.4   5.7   3   3       4.9   7.1e+03   -3.5   0.1    13    44   627   658   623   660 0.82 transcript=SRDH2_20240.2 gene=SRDH2_20240
SRDH2_12580.1        -            446 561878at33208        -            220    0.0016   18.3   1.4   1   2       5.1   7.4e+03   -3.5   0.0   134   147    34    47    23    52 0.69 transcript=SRDH2_12580.1 gene=SRDH2_12580
SRDH2_12580.1        -            446 561878at33208        -            220    0.0016   18.3   1.4   2   2   1.9e-06    0.0028   17.5   0.9    78   200   110   233    74   253 0.86 transcript=SRDH2_12580.1 gene=SRDH2_12580
SRDH2_12990.1        -            467 561878at33208        -            220     0.013   15.3   1.7   1   2     4e-05     0.058   13.2   0.6    51    98    31    78    10    86 0.88 transcript=SRDH2_12990.1 gene=SRDH2_12990
SRDH2_12990.1        -            467 561878at33208        -            220     0.013   15.3   1.7   2   2      0.26   3.7e+02    0.7   0.0    64    96   156   188   135   192 0.73 transcript=SRDH2_12990.1 gene=SRDH2_12990
SRDH2_66640.1        -            345 561878at33208        -            220     0.021   14.6   0.0   1   1   2.8e-05     0.041   13.7   0.0   156   201   112   159   101   176 0.82 transcript=SRDH2_66640.1 gene=SRDH2_66640
SRDH2_64330.1        -            342 561878at33208        -            220     0.093   12.5   0.5   1   2     0.013        19    5.0   0.1    94   120     7    33     5    41 0.87 transcript=SRDH2_64330.1 gene=SRDH2_64330
SRDH2_64330.1        -            342 561878at33208        -            220     0.093   12.5   0.5   2   2    0.0089        13    5.5   0.0    18    66   279   327   268   333 0.84 transcript=SRDH2_64330.1 gene=SRDH2_64330
#
# Program:         hmmsearch
# Version:         3.4 (Aug 2023)
# Pipeline mode:   SEARCH
# Query file:      /users/40483456/busco_datasets/busco_downloads/lineages/metazoa_odb10/hmms/561878at33208.hmm
# Target file:     /users/40483456/protein/schistosoma_rodhaini.fa
# Option settings: hmmsearch --domtblout /users/40483456/busco/results_pro/schistosoma_rodhaini_busco/run_metazoa_odb10/hmmer_output/initial_run_results/561878at33208.out --cpu 1 /users/40483456/busco_datasets/busco_downloads/lineages/metazoa_odb10/hmms/561878at33208.hmm /users/40483456/protein/schistosoma_rodhaini.fa 
# Current dir:     /users/40483456
# Date:            Thu Jan 15 17:58:15 2026
# [ok]
