#                                                                            --- full sequence --- -------------- this domain -------------   hmm coord   ali coord   env coord
# target name        accession   tlen query name           accession   qlen   E-value  score  bias   #  of  c-Evalue  i-Evalue  score  bias  from    to  from    to  from    to  acc description of target
#------------------- ---------- ----- -------------------- ---------- ----- --------- ------ ----- --- --- --------- --------- ------ ----- ----- ----- ----- ----- ----- ----- ---- ---------------------
SRDH2_44200.3        -            586 568839at33208        -            196   7.1e-47  159.7  13.5   1   2    0.0016       6.1    6.6   6.3     2    34   301   333   300   384 0.86 transcript=SRDH2_44200.3 gene=SRDH2_44200
SRDH2_44200.3        -            586 568839at33208        -            196   7.1e-47  159.7  13.5   2   2   5.6e-47   2.2e-43  148.4   0.7    42   196   394   582   377   582 0.79 transcript=SRDH2_44200.3 gene=SRDH2_44200
SRDH2_44200.6        -            582 568839at33208        -            196   5.9e-43  146.9  11.2   1   2    0.0017       6.6    6.5   6.4     2    34   301   333   300   382 0.86 transcript=SRDH2_44200.6 gene=SRDH2_44200
SRDH2_44200.6        -            582 568839at33208        -            196   5.9e-43  146.9  11.2   2   2   1.8e-42     7e-39  133.7   0.2    42   190   394   576   377   581 0.78 transcript=SRDH2_44200.6 gene=SRDH2_44200
SRDH2_44200.1        -            584 568839at33208        -            196   6.4e-43  146.8  12.0   1   2    0.0016       6.3    6.5   6.3     2    34   301   333   300   379 0.86 transcript=SRDH2_44200.1 gene=SRDH2_44200
SRDH2_44200.1        -            584 568839at33208        -            196   6.4e-43  146.8  12.0   2   2   1.1e-42   4.3e-39  134.3   0.3    42   191   394   577   375   580 0.78 transcript=SRDH2_44200.1 gene=SRDH2_44200
SRDH2_44200.2        -            581 568839at33208        -            196   8.3e-43  146.5  11.4   1   2    0.0018       6.8    6.4   6.5     2    34   301   333   300   386 0.86 transcript=SRDH2_44200.2 gene=SRDH2_44200
SRDH2_44200.2        -            581 568839at33208        -            196   8.3e-43  146.5  11.4   2   2   2.1e-42   8.3e-39  133.4   0.2    42   189   394   575   375   578 0.78 transcript=SRDH2_44200.2 gene=SRDH2_44200
SRDH2_44200.4        -            538 568839at33208        -            196   9.4e-30  103.9   5.0   1   3   0.00012      0.45   10.3   2.3     2    33   301   332   300   338 0.86 transcript=SRDH2_44200.4 gene=SRDH2_44200
SRDH2_44200.4        -            538 568839at33208        -            196   9.4e-30  103.9   5.0   2   3      0.01        40    3.9   0.4    23    50   340   370   326   386 0.74 transcript=SRDH2_44200.4 gene=SRDH2_44200
SRDH2_44200.4        -            538 568839at33208        -            196   9.4e-30  103.9   5.0   3   3   1.4e-28   5.3e-25   88.4   0.0    42   144   394   501   375   521 0.79 transcript=SRDH2_44200.4 gene=SRDH2_44200
SRDH2_44200.5        -            457 568839at33208        -            196   2.6e-10   40.4   7.5   1   3       1.7   6.6e+03   -3.3   0.0   155   177   197   219   157   225 0.57 transcript=SRDH2_44200.5 gene=SRDH2_44200
SRDH2_44200.5        -            457 568839at33208        -            196   2.6e-10   40.4   7.5   2   3    0.0012       4.7    6.9   6.5     2    34   301   333   300   385 0.86 transcript=SRDH2_44200.5 gene=SRDH2_44200
SRDH2_44200.5        -            457 568839at33208        -            196   2.6e-10   40.4   7.5   3   3     1e-09     4e-06   26.8   0.0    42    81   394   437   371   445 0.83 transcript=SRDH2_44200.5 gene=SRDH2_44200
#
# Program:         hmmsearch
# Version:         3.4 (Aug 2023)
# Pipeline mode:   SEARCH
# Query file:      /users/40483456/busco_datasets/busco_downloads/lineages/metazoa_odb10/hmms/568839at33208.hmm
# Target file:     /users/40483456/protein/schistosoma_rodhaini.fa
# Option settings: hmmsearch --domtblout /users/40483456/busco/results_pro/schistosoma_rodhaini_busco/run_metazoa_odb10/hmmer_output/initial_run_results/568839at33208.out --cpu 1 /users/40483456/busco_datasets/busco_downloads/lineages/metazoa_odb10/hmms/568839at33208.hmm /users/40483456/protein/schistosoma_rodhaini.fa 
# Current dir:     /users/40483456
# Date:            Thu Jan 15 17:58:14 2026
# [ok]
