#                                                                            --- full sequence --- -------------- this domain -------------   hmm coord   ali coord   env coord
# target name        accession   tlen query name           accession   qlen   E-value  score  bias   #  of  c-Evalue  i-Evalue  score  bias  from    to  from    to  from    to  acc description of target
#------------------- ---------- ----- -------------------- ---------- ----- --------- ------ ----- --- --- --------- --------- ------ ----- ----- ----- ----- ----- ----- ----- ---- ---------------------
SRDH2_81150.1        -           1177 569303at33208        -            236   1.9e-23   83.6  11.8   1   2      0.98   1.5e+03   -1.2   0.2    87   106   888   907   868   991 0.71 transcript=SRDH2_81150.1 gene=SRDH2_81150
SRDH2_81150.1        -           1177 569303at33208        -            236   1.9e-23   83.6  11.8   2   2   1.7e-26   2.6e-23   83.2   9.6    93   235  1025  1176   931  1177 0.83 transcript=SRDH2_81150.1 gene=SRDH2_81150
SRDH2_83810.1        -            240 569303at33208        -            236     0.019   14.9   1.6   1   2      0.67     1e+03   -0.7   0.1    73   112     6    46     2    70 0.67 transcript=SRDH2_83810.1 gene=SRDH2_83810
SRDH2_83810.1        -            240 569303at33208        -            236     0.019   14.9   1.6   2   2   2.2e-05     0.035   14.0   0.2   154   229   150   230   133   234 0.80 transcript=SRDH2_83810.1 gene=SRDH2_83810
SRDH2_98620.1        -             81 569303at33208        -            236      0.15   11.9   0.0   1   1    0.0001      0.16   11.8   0.0   199   226    39    64    23    75 0.83 transcript=SRDH2_98620.1 gene=SRDH2_98620
SRDH2_44390.14       -            862 569303at33208        -            236      0.47   10.3   2.2   1   2     0.075   1.2e+02    2.5   0.1    24    70    28    75    21   126 0.76 transcript=SRDH2_44390.14 gene=SRDH2_44390
SRDH2_44390.14       -            862 569303at33208        -            236      0.47   10.3   2.2   2   2    0.0027       4.2    7.2   0.2    98   151   335   388   288   395 0.83 transcript=SRDH2_44390.14 gene=SRDH2_44390
SRDH2_44390.12       -            872 569303at33208        -            236      0.47   10.3   2.2   1   2     0.076   1.2e+02    2.4   0.1    24    70   222   269   215   320 0.76 transcript=SRDH2_44390.12 gene=SRDH2_44390
SRDH2_44390.12       -            872 569303at33208        -            236      0.47   10.3   2.2   2   2    0.0027       4.2    7.2   0.2    98   151   529   582   482   589 0.83 transcript=SRDH2_44390.12 gene=SRDH2_44390
SRDH2_44390.13       -            872 569303at33208        -            236      0.47   10.3   2.2   1   2     0.076   1.2e+02    2.4   0.1    24    70   222   269   215   320 0.76 transcript=SRDH2_44390.13 gene=SRDH2_44390
SRDH2_44390.13       -            872 569303at33208        -            236      0.47   10.3   2.2   2   2    0.0027       4.2    7.2   0.2    98   151   529   582   482   589 0.83 transcript=SRDH2_44390.13 gene=SRDH2_44390
SRDH2_44390.4        -            872 569303at33208        -            236      0.47   10.3   2.2   1   2     0.076   1.2e+02    2.4   0.1    24    70   222   269   215   320 0.76 transcript=SRDH2_44390.4 gene=SRDH2_44390
SRDH2_44390.4        -            872 569303at33208        -            236      0.47   10.3   2.2   2   2    0.0027       4.2    7.2   0.2    98   151   529   582   482   589 0.83 transcript=SRDH2_44390.4 gene=SRDH2_44390
SRDH2_44390.16       -           1040 569303at33208        -            236      0.76    9.6   2.2   1   2     0.094   1.5e+02    2.1   0.1    24    70    28    75    21   126 0.76 transcript=SRDH2_44390.16 gene=SRDH2_44390
SRDH2_44390.16       -           1040 569303at33208        -            236      0.76    9.6   2.2   2   2    0.0035       5.4    6.8   0.2    98   151   335   388   289   395 0.84 transcript=SRDH2_44390.16 gene=SRDH2_44390
SRDH2_44390.2        -           1056 569303at33208        -            236      0.77    9.6   2.2   1   2     0.096   1.5e+02    2.1   0.1    24    70   222   269   215   320 0.76 transcript=SRDH2_44390.2 gene=SRDH2_44390
SRDH2_44390.2        -           1056 569303at33208        -            236      0.77    9.6   2.2   2   2    0.0035       5.5    6.8   0.2    98   151   529   582   483   589 0.84 transcript=SRDH2_44390.2 gene=SRDH2_44390
SRDH2_44390.8        -           1056 569303at33208        -            236      0.77    9.6   2.2   1   2     0.096   1.5e+02    2.1   0.1    24    70   222   269   215   320 0.76 transcript=SRDH2_44390.8 gene=SRDH2_44390
SRDH2_44390.8        -           1056 569303at33208        -            236      0.77    9.6   2.2   2   2    0.0035       5.5    6.8   0.2    98   151   529   582   483   589 0.84 transcript=SRDH2_44390.8 gene=SRDH2_44390
SRDH2_44390.10       -           1128 569303at33208        -            236      0.93    9.3   2.2   1   2       0.1   1.6e+02    2.0   0.1    24    70    28    75    21   126 0.76 transcript=SRDH2_44390.10 gene=SRDH2_44390
SRDH2_44390.10       -           1128 569303at33208        -            236      0.93    9.3   2.2   2   2    0.0038       5.9    6.7   0.2    98   151   335   388   289   395 0.84 transcript=SRDH2_44390.10 gene=SRDH2_44390
SRDH2_44390.9        -           1128 569303at33208        -            236      0.93    9.3   2.2   1   2       0.1   1.6e+02    2.0   0.1    24    70    28    75    21   126 0.76 transcript=SRDH2_44390.9 gene=SRDH2_44390
SRDH2_44390.9        -           1128 569303at33208        -            236      0.93    9.3   2.2   2   2    0.0038       5.9    6.7   0.2    98   151   335   388   289   395 0.84 transcript=SRDH2_44390.9 gene=SRDH2_44390
SRDH2_44390.7        -           1194 569303at33208        -            236         1    9.2   2.2   1   2      0.11   1.7e+02    1.9   0.1    24    70   222   269   215   320 0.76 transcript=SRDH2_44390.7 gene=SRDH2_44390
SRDH2_44390.7        -           1194 569303at33208        -            236         1    9.2   2.2   2   2    0.0041       6.3    6.6   0.2    98   151   529   582   483   589 0.84 transcript=SRDH2_44390.7 gene=SRDH2_44390
SRDH2_44390.3        -           1226 569303at33208        -            236       1.1    9.1   2.2   1   2      0.12   1.8e+02    1.9   0.1    24    70   214   261   207   312 0.76 transcript=SRDH2_44390.3 gene=SRDH2_44390
SRDH2_44390.3        -           1226 569303at33208        -            236       1.1    9.1   2.2   2   2    0.0042       6.5    6.5   0.2    98   151   521   574   475   581 0.84 transcript=SRDH2_44390.3 gene=SRDH2_44390
SRDH2_44390.5        -           1234 569303at33208        -            236       1.1    9.0   2.2   1   2      0.12   1.8e+02    1.8   0.1    24    70   222   269   215   320 0.76 transcript=SRDH2_44390.5 gene=SRDH2_44390
SRDH2_44390.5        -           1234 569303at33208        -            236       1.1    9.0   2.2   2   2    0.0043       6.6    6.5   0.2    98   151   529   582   483   589 0.84 transcript=SRDH2_44390.5 gene=SRDH2_44390
#
# Program:         hmmsearch
# Version:         3.4 (Aug 2023)
# Pipeline mode:   SEARCH
# Query file:      /users/40483456/busco_datasets/busco_downloads/lineages/metazoa_odb10/hmms/569303at33208.hmm
# Target file:     /users/40483456/protein/schistosoma_rodhaini.fa
# Option settings: hmmsearch --domtblout /users/40483456/busco/results_pro/schistosoma_rodhaini_busco/run_metazoa_odb10/hmmer_output/initial_run_results/569303at33208.out --cpu 1 /users/40483456/busco_datasets/busco_downloads/lineages/metazoa_odb10/hmms/569303at33208.hmm /users/40483456/protein/schistosoma_rodhaini.fa 
# Current dir:     /users/40483456
# Date:            Thu Jan 15 17:58:15 2026
# [ok]
