#                                                                            --- full sequence --- -------------- this domain -------------   hmm coord   ali coord   env coord
# target name        accession   tlen query name           accession   qlen   E-value  score  bias   #  of  c-Evalue  i-Evalue  score  bias  from    to  from    to  from    to  acc description of target
#------------------- ---------- ----- -------------------- ---------- ----- --------- ------ ----- --- --- --------- --------- ------ ----- ----- ----- ----- ----- ----- ----- ---- ---------------------
SRDH2_28000.1        -            371 595010at33208        -            253   7.8e-48  163.4  16.0   1   3      0.44   9.3e+02   -0.6   0.2    21    61     6    42     2    71 0.60 transcript=SRDH2_28000.1 gene=SRDH2_28000
SRDH2_28000.1        -            371 595010at33208        -            253   7.8e-48  163.4  16.0   2   3   1.1e-10   2.3e-07   30.8   1.0    41   104    96   162    81   172 0.84 transcript=SRDH2_28000.1 gene=SRDH2_28000
SRDH2_28000.1        -            371 595010at33208        -            253   7.8e-48  163.4  16.0   3   3   3.1e-44   6.6e-41  140.7   3.0   115   250   221   360   213   363 0.92 transcript=SRDH2_28000.1 gene=SRDH2_28000
SRDH2_31410.3        -            588 595010at33208        -            253   4.9e-09   36.3   1.3   1   2   6.1e-11   1.3e-07   31.7   1.0   115   195   180   260    93   262 0.77 transcript=SRDH2_31410.3 gene=SRDH2_31410
SRDH2_31410.3        -            588 595010at33208        -            253   4.9e-09   36.3   1.3   2   2     0.043        91    2.7   0.0   199   228   304   333   298   336 0.88 transcript=SRDH2_31410.3 gene=SRDH2_31410
SRDH2_31410.7        -            615 595010at33208        -            253   5.5e-09   36.1   1.3   1   2   6.5e-11   1.4e-07   31.6   1.0   115   195   207   287   120   289 0.77 transcript=SRDH2_31410.7 gene=SRDH2_31410
SRDH2_31410.7        -            615 595010at33208        -            253   5.5e-09   36.1   1.3   2   2     0.046        96    2.6   0.0   199   228   331   360   325   363 0.88 transcript=SRDH2_31410.7 gene=SRDH2_31410
SRDH2_31410.2        -            689 595010at33208        -            253   7.2e-09   35.8   1.3   1   2   7.9e-11   1.7e-07   31.3   1.0   115   195   281   361   194   363 0.77 transcript=SRDH2_31410.2 gene=SRDH2_31410
SRDH2_31410.2        -            689 595010at33208        -            253   7.2e-09   35.8   1.3   2   2     0.052   1.1e+02    2.4   0.0   199   228   405   434   399   437 0.88 transcript=SRDH2_31410.2 gene=SRDH2_31410
SRDH2_31410.1        -            759 595010at33208        -            253   9.1e-09   35.4   1.3   1   2   9.1e-11   1.9e-07   31.1   1.0   115   195   351   431   264   433 0.77 transcript=SRDH2_31410.1 gene=SRDH2_31410
SRDH2_31410.1        -            759 595010at33208        -            253   9.1e-09   35.4   1.3   2   2     0.058   1.2e+02    2.2   0.0   199   228   475   504   469   507 0.88 transcript=SRDH2_31410.1 gene=SRDH2_31410
SRDH2_31410.4        -            771 595010at33208        -            253   9.4e-09   35.4   1.3   1   2   9.4e-11     2e-07   31.1   1.0   115   195   363   443   276   445 0.77 transcript=SRDH2_31410.4 gene=SRDH2_31410
SRDH2_31410.4        -            771 595010at33208        -            253   9.4e-09   35.4   1.3   2   2     0.059   1.3e+02    2.2   0.0   199   228   487   516   481   519 0.88 transcript=SRDH2_31410.4 gene=SRDH2_31410
SRDH2_31410.5        -            773 595010at33208        -            253   9.5e-09   35.4   1.3   1   2   9.4e-11     2e-07   31.1   1.0   115   195   365   445   278   447 0.77 transcript=SRDH2_31410.5 gene=SRDH2_31410
SRDH2_31410.5        -            773 595010at33208        -            253   9.5e-09   35.4   1.3   2   2     0.059   1.3e+02    2.2   0.0   199   228   489   518   483   521 0.88 transcript=SRDH2_31410.5 gene=SRDH2_31410
SRDH2_31410.6        -            773 595010at33208        -            253   9.5e-09   35.4   1.3   1   2   9.4e-11     2e-07   31.1   1.0   115   195   365   445   278   447 0.77 transcript=SRDH2_31410.6 gene=SRDH2_31410
SRDH2_31410.6        -            773 595010at33208        -            253   9.5e-09   35.4   1.3   2   2     0.059   1.3e+02    2.2   0.0   199   228   489   518   483   521 0.88 transcript=SRDH2_31410.6 gene=SRDH2_31410
SRDH2_50820.1        -            478 595010at33208        -            253   9.3e-06   25.6   5.7   1   1   8.2e-09   1.7e-05   24.7   5.7   103   192   338   429   333   443 0.86 transcript=SRDH2_50820.1 gene=SRDH2_50820
SRDH2_50820.2        -            478 595010at33208        -            253   9.3e-06   25.6   5.7   1   1   8.2e-09   1.7e-05   24.7   5.7   103   192   338   429   333   443 0.86 transcript=SRDH2_50820.2 gene=SRDH2_50820
SRDH2_50820.3        -            497 595010at33208        -            253   9.6e-06   25.5   5.7   1   1   8.7e-09   1.8e-05   24.6   5.7   103   192   357   448   352   462 0.86 transcript=SRDH2_50820.3 gene=SRDH2_50820
#
# Program:         hmmsearch
# Version:         3.4 (Aug 2023)
# Pipeline mode:   SEARCH
# Query file:      /users/40483456/busco_datasets/busco_downloads/lineages/metazoa_odb10/hmms/595010at33208.hmm
# Target file:     /users/40483456/protein/schistosoma_rodhaini.fa
# Option settings: hmmsearch --domtblout /users/40483456/busco/results_pro/schistosoma_rodhaini_busco/run_metazoa_odb10/hmmer_output/initial_run_results/595010at33208.out --cpu 1 /users/40483456/busco_datasets/busco_downloads/lineages/metazoa_odb10/hmms/595010at33208.hmm /users/40483456/protein/schistosoma_rodhaini.fa 
# Current dir:     /users/40483456
# Date:            Thu Jan 15 17:58:19 2026
# [ok]
