#                                                                            --- full sequence --- -------------- this domain -------------   hmm coord   ali coord   env coord
# target name        accession   tlen query name           accession   qlen   E-value  score  bias   #  of  c-Evalue  i-Evalue  score  bias  from    to  from    to  from    to  acc description of target
#------------------- ---------- ----- -------------------- ---------- ----- --------- ------ ----- --- --- --------- --------- ------ ----- ----- ----- ----- ----- ----- ----- ---- ---------------------
SRDH2_99590.1        -            245 610541at33208        -            146     1e-17   64.5  17.9   1   3   2.4e-21   1.8e-17   63.7  10.0     6   115    31   156    26   167 0.82 transcript=SRDH2_99590.1 gene=SRDH2_99590
SRDH2_99590.1        -            245 610541at33208        -            146     1e-17   64.5  17.9   2   3     0.011        84    3.2   0.0   131   145   204   218   200   219 0.90 transcript=SRDH2_99590.1 gene=SRDH2_99590
SRDH2_99590.1        -            245 610541at33208        -            146     1e-17   64.5  17.9   3   3     0.047   3.6e+02    1.2   0.2     3    17   227   241   225   245 0.82 transcript=SRDH2_99590.1 gene=SRDH2_99590
SRDH2_99590.2        -            245 610541at33208        -            146     1e-17   64.5  17.9   1   3   2.4e-21   1.8e-17   63.7  10.0     6   115    31   156    26   167 0.82 transcript=SRDH2_99590.2 gene=SRDH2_99590
SRDH2_99590.2        -            245 610541at33208        -            146     1e-17   64.5  17.9   2   3     0.011        84    3.2   0.0   131   145   204   218   200   219 0.90 transcript=SRDH2_99590.2 gene=SRDH2_99590
SRDH2_99590.2        -            245 610541at33208        -            146     1e-17   64.5  17.9   3   3     0.047   3.6e+02    1.2   0.2     3    17   227   241   225   245 0.82 transcript=SRDH2_99590.2 gene=SRDH2_99590
SRDH2_33930.4        -           1011 610541at33208        -            146      0.12   12.5   1.3   1   1   4.2e-05      0.32   11.0   1.3    50   116   116   183    83   192 0.77 transcript=SRDH2_33930.4 gene=SRDH2_33930
#
# Program:         hmmsearch
# Version:         3.4 (Aug 2023)
# Pipeline mode:   SEARCH
# Query file:      /users/40483456/busco_datasets/busco_downloads/lineages/metazoa_odb10/hmms/610541at33208.hmm
# Target file:     /users/40483456/protein/schistosoma_rodhaini.fa
# Option settings: hmmsearch --domtblout /users/40483456/busco/results_pro/schistosoma_rodhaini_busco/run_metazoa_odb10/hmmer_output/initial_run_results/610541at33208.out --cpu 1 /users/40483456/busco_datasets/busco_downloads/lineages/metazoa_odb10/hmms/610541at33208.hmm /users/40483456/protein/schistosoma_rodhaini.fa 
# Current dir:     /users/40483456
# Date:            Thu Jan 15 17:58:26 2026
# [ok]
