#                                                                            --- full sequence --- -------------- this domain -------------   hmm coord   ali coord   env coord
# target name        accession   tlen query name           accession   qlen   E-value  score  bias   #  of  c-Evalue  i-Evalue  score  bias  from    to  from    to  from    to  acc description of target
#------------------- ---------- ----- -------------------- ---------- ----- --------- ------ ----- --- --- --------- --------- ------ ----- ----- ----- ----- ----- ----- ----- ---- ---------------------
TREG1_52050.1        -            925 129179at33208        -            579  3.2e-200  666.8   2.9   1   5  5.4e-167  1.9e-163  545.4   0.1     2   349     3   363     2   389 0.93 transcript=TREG1_52050.1 gene=TREG1_52050
TREG1_52050.1        -            925 129179at33208        -            579  3.2e-200  666.8   2.9   2   5   8.2e-07    0.0029   16.5   0.0   389   426   584   621   578   658 0.84 transcript=TREG1_52050.1 gene=TREG1_52050
TREG1_52050.1        -            925 129179at33208        -            579  3.2e-200  666.8   2.9   3   5   1.4e-07   0.00051   19.0   0.0   422   462   680   719   633   729 0.84 transcript=TREG1_52050.1 gene=TREG1_52050
TREG1_52050.1        -            925 129179at33208        -            579  3.2e-200  666.8   2.9   4   5   2.9e-09     1e-05   24.6   0.0   468   507   749   792   728   810 0.79 transcript=TREG1_52050.1 gene=TREG1_52050
TREG1_52050.1        -            925 129179at33208        -            579  3.2e-200  666.8   2.9   5   5   4.1e-19   1.4e-15   57.1   0.0   513   579   856   925   848   925 0.89 transcript=TREG1_52050.1 gene=TREG1_52050
TREG1_52050.2        -            925 129179at33208        -            579  3.2e-200  666.8   2.9   1   5  5.4e-167  1.9e-163  545.4   0.1     2   349     3   363     2   389 0.93 transcript=TREG1_52050.2 gene=TREG1_52050
TREG1_52050.2        -            925 129179at33208        -            579  3.2e-200  666.8   2.9   2   5   8.2e-07    0.0029   16.5   0.0   389   426   584   621   578   658 0.84 transcript=TREG1_52050.2 gene=TREG1_52050
TREG1_52050.2        -            925 129179at33208        -            579  3.2e-200  666.8   2.9   3   5   1.4e-07   0.00051   19.0   0.0   422   462   680   719   633   729 0.84 transcript=TREG1_52050.2 gene=TREG1_52050
TREG1_52050.2        -            925 129179at33208        -            579  3.2e-200  666.8   2.9   4   5   2.9e-09     1e-05   24.6   0.0   468   507   749   792   728   810 0.79 transcript=TREG1_52050.2 gene=TREG1_52050
TREG1_52050.2        -            925 129179at33208        -            579  3.2e-200  666.8   2.9   5   5   4.1e-19   1.4e-15   57.1   0.0   513   579   856   925   848   925 0.89 transcript=TREG1_52050.2 gene=TREG1_52050
TREG1_52050.3        -            664 129179at33208        -            579   5.4e-75  253.3   2.5   1   4     6e-41   2.1e-37  129.2   0.0   253   349     1   102     1   128 0.89 transcript=TREG1_52050.3 gene=TREG1_52050
TREG1_52050.3        -            664 129179at33208        -            579   5.4e-75  253.3   2.5   2   4   5.8e-07     0.002   17.0   0.0   389   426   323   360   317   395 0.85 transcript=TREG1_52050.3 gene=TREG1_52050
TREG1_52050.3        -            664 129179at33208        -            579   5.4e-75  253.3   2.5   3   4   9.8e-14   3.4e-10   39.4   0.1   422   507   419   531   372   550 0.76 transcript=TREG1_52050.3 gene=TREG1_52050
TREG1_52050.3        -            664 129179at33208        -            579   5.4e-75  253.3   2.5   4   4   2.7e-19   9.4e-16   57.7   0.0   513   579   595   664   587   664 0.89 transcript=TREG1_52050.3 gene=TREG1_52050
TREG1_89900.1        -            686 129179at33208        -            579   1.9e-40  139.3   0.0   1   2   8.6e-41     3e-37  128.7   0.0    10   355    18   372    12   375 0.88 transcript=TREG1_89900.1 gene=TREG1_89900
TREG1_89900.1        -            686 129179at33208        -            579   1.9e-40  139.3   0.0   2   2   0.00025      0.88    8.3   0.0   424   464   385   424   375   428 0.89 transcript=TREG1_89900.1 gene=TREG1_89900
TREG1_86430.1        -            619 129179at33208        -            579   1.1e-38  133.5   0.0   1   2   1.2e-38   4.1e-35  121.7   0.0     5   358     4   367     1   380 0.81 transcript=TREG1_86430.1 gene=TREG1_86430
TREG1_86430.1        -            619 129179at33208        -            579   1.1e-38  133.5   0.0   2   2   8.2e-05      0.29    9.9   0.0   429   473   380   424   370   431 0.84 transcript=TREG1_86430.1 gene=TREG1_86430
TREG1_89900.2        -            590 129179at33208        -            579   4.7e-32  111.6   0.0   1   2   2.3e-32     8e-29  100.9   0.0   102   355    27   276    10   282 0.91 transcript=TREG1_89900.2 gene=TREG1_89900
TREG1_89900.2        -            590 129179at33208        -            579   4.7e-32  111.6   0.0   2   2    0.0002      0.71    8.6   0.0   424   464   289   328   279   333 0.89 transcript=TREG1_89900.2 gene=TREG1_89900
TREG1_116870.1       -           1158 129179at33208        -            579   2.5e-11   43.2   0.0   1   3   0.00077       2.7    6.7   0.1    15    38    17    40     8    49 0.86 transcript=TREG1_116870.1 gene=TREG1_116870
TREG1_116870.1       -           1158 129179at33208        -            579   2.5e-11   43.2   0.0   2   3   0.00013      0.46    9.2   0.0    45    98   121   172   109   182 0.84 transcript=TREG1_116870.1 gene=TREG1_116870
TREG1_116870.1       -           1158 129179at33208        -            579   2.5e-11   43.2   0.0   3   3   8.7e-09   3.1e-05   23.0   0.0   104   237   213   341   200   351 0.84 transcript=TREG1_116870.1 gene=TREG1_116870
#
# Program:         hmmsearch
# Version:         3.4 (Aug 2023)
# Pipeline mode:   SEARCH
# Query file:      /users/40483456/busco_datasets/busco_downloads/lineages/metazoa_odb10/hmms/129179at33208.hmm
# Target file:     /users/40483456/protein/trichobilharzia_regenti.fa
# Option settings: hmmsearch --domtblout /users/40483456/busco/results_pro/trichobilharzia_regenti_busco/run_metazoa_odb10/hmmer_output/initial_run_results/129179at33208.out --cpu 1 /users/40483456/busco_datasets/busco_downloads/lineages/metazoa_odb10/hmms/129179at33208.hmm /users/40483456/protein/trichobilharzia_regenti.fa 
# Current dir:     /users/40483456
# Date:            Thu Jan 15 18:02:58 2026
# [ok]
