#                                                                            --- full sequence --- -------------- this domain -------------   hmm coord   ali coord   env coord
# target name        accession   tlen query name           accession   qlen   E-value  score  bias   #  of  c-Evalue  i-Evalue  score  bias  from    to  from    to  from    to  acc description of target
#------------------- ---------- ----- -------------------- ---------- ----- --------- ------ ----- --- --- --------- --------- ------ ----- ----- ----- ----- ----- ----- ----- ---- ---------------------
TREG1_41480.1        -            718 235149at33208        -            464   4.9e-86  289.8  42.9   1   3   1.7e-76   1.4e-72  245.4  20.7     2   291    12   356    11   386 0.83 transcript=TREG1_41480.1 gene=TREG1_41480
TREG1_41480.1        -            718 235149at33208        -            464   4.9e-86  289.8  42.9   2   3   1.1e-08   8.8e-05   21.9   1.3   368   423   522   580   448   602 0.68 transcript=TREG1_41480.1 gene=TREG1_41480
TREG1_41480.1        -            718 235149at33208        -            464   4.9e-86  289.8  42.9   3   3   6.1e-12     5e-08   32.6   6.9   410   461   612   671   590   674 0.80 transcript=TREG1_41480.1 gene=TREG1_41480
TREG1_68190.2        -            921 235149at33208        -            464   0.00011   21.6   5.2   1   5      0.52   4.3e+03   -3.5   0.0   354   396    32    74    28    78 0.71 transcript=TREG1_68190.2 gene=TREG1_68190
TREG1_68190.2        -            921 235149at33208        -            464   0.00011   21.6   5.2   2   5     0.045   3.7e+02    0.0   0.0   176   203    87   114    79   123 0.89 transcript=TREG1_68190.2 gene=TREG1_68190
TREG1_68190.2        -            921 235149at33208        -            464   0.00011   21.6   5.2   3   5    0.0048        39    3.3   0.0   166   210   145   186   138   202 0.80 transcript=TREG1_68190.2 gene=TREG1_68190
TREG1_68190.2        -            921 235149at33208        -            464   0.00011   21.6   5.2   4   5   3.1e-05      0.25   10.5   1.8    82   202   260   385   249   404 0.73 transcript=TREG1_68190.2 gene=TREG1_68190
TREG1_68190.2        -            921 235149at33208        -            464   0.00011   21.6   5.2   5   5    0.0028        23    4.0   0.0   172   271   423   522   411   534 0.78 transcript=TREG1_68190.2 gene=TREG1_68190
TREG1_68190.1        -           1063 235149at33208        -            464   0.00036   19.8   6.0   1   5      0.63   5.1e+03   -3.7   0.0   353   395    49    91    44    95 0.70 transcript=TREG1_68190.1 gene=TREG1_68190
TREG1_68190.1        -           1063 235149at33208        -            464   0.00036   19.8   6.0   2   5     0.054   4.4e+02   -0.2   0.0   176   203   105   132    98   141 0.89 transcript=TREG1_68190.1 gene=TREG1_68190
TREG1_68190.1        -           1063 235149at33208        -            464   0.00036   19.8   6.0   3   5    0.0056        46    3.0   0.0   166   210   163   204   156   220 0.80 transcript=TREG1_68190.1 gene=TREG1_68190
TREG1_68190.1        -           1063 235149at33208        -            464   0.00036   19.8   6.0   4   5     5e-05      0.41    9.8   2.2    82   202   278   403   267   421 0.73 transcript=TREG1_68190.1 gene=TREG1_68190
TREG1_68190.1        -           1063 235149at33208        -            464   0.00036   19.8   6.0   5   5    0.0033        27    3.8   0.0   172   271   441   540   429   552 0.78 transcript=TREG1_68190.1 gene=TREG1_68190
#
# Program:         hmmsearch
# Version:         3.4 (Aug 2023)
# Pipeline mode:   SEARCH
# Query file:      /users/40483456/busco_datasets/busco_downloads/lineages/metazoa_odb10/hmms/235149at33208.hmm
# Target file:     /users/40483456/protein/trichobilharzia_regenti.fa
# Option settings: hmmsearch --domtblout /users/40483456/busco/results_pro/trichobilharzia_regenti_busco/run_metazoa_odb10/hmmer_output/initial_run_results/235149at33208.out --cpu 1 /users/40483456/busco_datasets/busco_downloads/lineages/metazoa_odb10/hmms/235149at33208.hmm /users/40483456/protein/trichobilharzia_regenti.fa 
# Current dir:     /users/40483456
# Date:            Thu Jan 15 18:02:49 2026
# [ok]
