#                                                                            --- full sequence --- -------------- this domain -------------   hmm coord   ali coord   env coord
# target name        accession   tlen query name           accession   qlen   E-value  score  bias   #  of  c-Evalue  i-Evalue  score  bias  from    to  from    to  from    to  acc description of target
#------------------- ---------- ----- -------------------- ---------- ----- --------- ------ ----- --- --- --------- --------- ------ ----- ----- ----- ----- ----- ----- ----- ---- ---------------------
TREG1_101330.2       -            527 267439at33208        -            423  1.1e-197  657.3   0.1   1   1  4.8e-201  1.5e-197  656.8   0.1    16   423    78   527    68   527 0.93 transcript=TREG1_101330.2 gene=TREG1_101330
TREG1_101330.1       -            504 267439at33208        -            423  2.3e-177  590.3   0.2   1   1  1.1e-180  3.3e-177  589.8   0.2    16   394    78   498    68   503 0.92 transcript=TREG1_101330.1 gene=TREG1_101330
TREG1_134850.1       -            546 267439at33208        -            423   5.2e-36  124.6   0.0   1   1   2.5e-39   7.6e-36  124.1   0.0    11   422   112   545   105   546 0.81 transcript=TREG1_134850.1 gene=TREG1_134850
TREG1_134850.2       -            546 267439at33208        -            423   1.5e-35  123.1   0.0   1   1     7e-39   2.2e-35  122.6   0.0    11   422   112   545   105   546 0.81 transcript=TREG1_134850.2 gene=TREG1_134850
TREG1_108970.1       -            593 267439at33208        -            423     8e-28   97.7   0.0   1   2   7.5e-21   2.3e-17   63.2   0.0    41   237    76   280    59   296 0.83 transcript=TREG1_108970.1 gene=TREG1_108970
TREG1_108970.1       -            593 267439at33208        -            423     8e-28   97.7   0.0   2   2   1.8e-11   5.6e-08   32.3   0.0   333   417   471   561   463   567 0.84 transcript=TREG1_108970.1 gene=TREG1_108970
TREG1_76500.1        -            621 267439at33208        -            423     1e-18   67.6   0.1   1   3       1.6   4.9e+03   -3.7   0.0     7    46    67   106    64   143 0.74 transcript=TREG1_76500.1 gene=TREG1_76500
TREG1_76500.1        -            621 267439at33208        -            423     1e-18   67.6   0.1   2   3     1e-11   3.2e-08   33.1   0.0   133   236   248   362   241   388 0.81 transcript=TREG1_76500.1 gene=TREG1_76500
TREG1_76500.1        -            621 267439at33208        -            423     1e-18   67.6   0.1   3   3   3.5e-11   1.1e-07   31.4   0.0   273   421   455   619   441   620 0.63 transcript=TREG1_76500.1 gene=TREG1_76500
TREG1_134850.3       -            413 267439at33208        -            423   9.5e-18   64.5   0.0   1   1   4.8e-21   1.5e-17   63.8   0.0    11   219   112   326   105   333 0.83 transcript=TREG1_134850.3 gene=TREG1_134850
TREG1_2990.1         -            636 267439at33208        -            423   1.3e-17   64.0   0.0   1   2   5.7e-13   1.8e-09   37.2   0.0    25   248    79   308    65   330 0.75 transcript=TREG1_2990.1 gene=TREG1_2990
TREG1_2990.1         -            636 267439at33208        -            423   1.3e-17   64.0   0.0   2   2   4.3e-09   1.3e-05   24.5   0.0   343   416   440   526   383   533 0.74 transcript=TREG1_2990.1 gene=TREG1_2990
#
# Program:         hmmsearch
# Version:         3.4 (Aug 2023)
# Pipeline mode:   SEARCH
# Query file:      /users/40483456/busco_datasets/busco_downloads/lineages/metazoa_odb10/hmms/267439at33208.hmm
# Target file:     /users/40483456/protein/trichobilharzia_regenti.fa
# Option settings: hmmsearch --domtblout /users/40483456/busco/results_pro/trichobilharzia_regenti_busco/run_metazoa_odb10/hmmer_output/initial_run_results/267439at33208.out --cpu 1 /users/40483456/busco_datasets/busco_downloads/lineages/metazoa_odb10/hmms/267439at33208.hmm /users/40483456/protein/trichobilharzia_regenti.fa 
# Current dir:     /users/40483456
# Date:            Thu Jan 15 18:02:47 2026
# [ok]
