#                                                                            --- full sequence --- -------------- this domain -------------   hmm coord   ali coord   env coord
# target name        accession   tlen query name           accession   qlen   E-value  score  bias   #  of  c-Evalue  i-Evalue  score  bias  from    to  from    to  from    to  acc description of target
#------------------- ---------- ----- -------------------- ---------- ----- --------- ------ ----- --- --- --------- --------- ------ ----- ----- ----- ----- ----- ----- ----- ---- ---------------------
TREG1_41710.2        -            447 289928at33208        -            340   2.2e-56  191.9  36.8   1   1   1.7e-57   3.4e-54  184.7  36.8     3   336     7   418     5   422 0.73 transcript=TREG1_41710.2 gene=TREG1_41710
TREG1_41710.1        -            315 289928at33208        -            340     2e-34  119.7  20.5   1   1   2.2e-35   4.5e-32  112.0  20.5     3   233     7   295     5   302 0.72 transcript=TREG1_41710.1 gene=TREG1_41710
TREG1_128050.2       -            785 289928at33208        -            340   7.6e-13   48.8   5.8   1   2   3.7e-16   7.6e-13   48.8   5.8    43   170    58   194    25   216 0.77 transcript=TREG1_128050.2 gene=TREG1_128050
TREG1_128050.2       -            785 289928at33208        -            340   7.6e-13   48.8   5.8   2   2      0.51   1.1e+03   -1.0   0.5   265   297   287   319   263   369 0.70 transcript=TREG1_128050.2 gene=TREG1_128050
TREG1_128050.1       -            809 289928at33208        -            340   8.4e-13   48.6   6.0   1   3   4.1e-16   8.4e-13   48.6   6.0    43   170    58   194    25   217 0.77 transcript=TREG1_128050.1 gene=TREG1_128050
TREG1_128050.1       -            809 289928at33208        -            340   8.4e-13   48.6   6.0   2   3      0.43   8.7e+02   -0.8   0.6    77   122   243   288   234   299 0.73 transcript=TREG1_128050.1 gene=TREG1_128050
TREG1_128050.1       -            809 289928at33208        -            340   8.4e-13   48.6   6.0   3   3       1.5     3e+03   -2.5   4.9   236   297   282   343   261   393 0.73 transcript=TREG1_128050.1 gene=TREG1_128050
TREG1_131450.1       -            500 289928at33208        -            340     5e-09   36.2  14.1   1   2   7.4e-12   1.5e-08   34.6   7.7     2   246    38   304    37   367 0.74 transcript=TREG1_131450.1 gene=TREG1_131450
TREG1_131450.1       -            500 289928at33208        -            340     5e-09   36.2  14.1   2   2      0.02        41    3.6   3.5    64   168   307   420   298   437 0.61 transcript=TREG1_131450.1 gene=TREG1_131450
TREG1_80770.1        -            567 289928at33208        -            340   1.5e-06   28.1  18.3   1   3   0.00096         2    7.9   1.6     3    35    39    71    37    79 0.87 transcript=TREG1_80770.1 gene=TREG1_80770
TREG1_80770.1        -            567 289928at33208        -            340   1.5e-06   28.1  18.3   2   3   3.9e-09   8.1e-06   25.7   3.4    50   255   168   389   160   434 0.76 transcript=TREG1_80770.1 gene=TREG1_80770
TREG1_80770.1        -            567 289928at33208        -            340   1.5e-06   28.1  18.3   3   3     0.041        85    2.6   2.1   125   162   450   487   372   501 0.74 transcript=TREG1_80770.1 gene=TREG1_80770
TREG1_111330.1       -            364 289928at33208        -            340   1.1e-05   25.2  13.1   1   3   0.00043      0.88    9.1   0.5     3    29    38    64    35    72 0.90 transcript=TREG1_111330.1 gene=TREG1_111330
TREG1_111330.1       -            364 289928at33208        -            340   1.1e-05   25.2  13.1   2   3   1.3e-07   0.00027   20.7   0.9    89   245    88   255    80   290 0.75 transcript=TREG1_111330.1 gene=TREG1_111330
TREG1_111330.1       -            364 289928at33208        -            340   1.1e-05   25.2  13.1   3   3     0.021        44    3.5   1.3    63   152   258   356   251   362 0.54 transcript=TREG1_111330.1 gene=TREG1_111330
TREG1_46200.5        -            391 289928at33208        -            340       0.2   11.2   0.0   1   1   0.00016      0.34   10.5   0.0    33    63   183   213   174   218 0.84 transcript=TREG1_46200.5 gene=TREG1_46200
TREG1_46200.2        -            396 289928at33208        -            340       0.2   11.2   0.0   1   1   0.00017      0.34   10.4   0.0    33    63   188   218   179   223 0.84 transcript=TREG1_46200.2 gene=TREG1_46200
TREG1_46200.3        -            443 289928at33208        -            340      0.24   11.0   0.0   1   1   0.00019      0.39   10.2   0.0    33    63   253   283   244   288 0.84 transcript=TREG1_46200.3 gene=TREG1_46200
TREG1_46200.4        -            456 289928at33208        -            340      0.25   10.9   0.0   1   1    0.0002      0.41   10.2   0.0    33    63   248   278   239   283 0.84 transcript=TREG1_46200.4 gene=TREG1_46200
TREG1_46200.1        -            461 289928at33208        -            340      0.25   10.9   0.0   1   1    0.0002      0.41   10.2   0.0    33    63   253   283   244   288 0.84 transcript=TREG1_46200.1 gene=TREG1_46200
#
# Program:         hmmsearch
# Version:         3.4 (Aug 2023)
# Pipeline mode:   SEARCH
# Query file:      /users/40483456/busco_datasets/busco_downloads/lineages/metazoa_odb10/hmms/289928at33208.hmm
# Target file:     /users/40483456/protein/trichobilharzia_regenti.fa
# Option settings: hmmsearch --domtblout /users/40483456/busco/results_pro/trichobilharzia_regenti_busco/run_metazoa_odb10/hmmer_output/initial_run_results/289928at33208.out --cpu 1 /users/40483456/busco_datasets/busco_downloads/lineages/metazoa_odb10/hmms/289928at33208.hmm /users/40483456/protein/trichobilharzia_regenti.fa 
# Current dir:     /users/40483456
# Date:            Thu Jan 15 18:02:46 2026
# [ok]
