#                                                                            --- full sequence --- -------------- this domain -------------   hmm coord   ali coord   env coord
# target name        accession   tlen query name           accession   qlen   E-value  score  bias   #  of  c-Evalue  i-Evalue  score  bias  from    to  from    to  from    to  acc description of target
#------------------- ---------- ----- -------------------- ---------- ----- --------- ------ ----- --- --- --------- --------- ------ ----- ----- ----- ----- ----- ----- ----- ---- ---------------------
TREG1_114330.2       -            294 331186at33208        -            297   1.1e-56  192.7   6.2   1   2   3.5e-18   4.4e-16   59.4   0.2    76   141     3    70     2   100 0.92 transcript=TREG1_114330.2 gene=TREG1_114330
TREG1_114330.2       -            294 331186at33208        -            297   1.1e-56  192.7   6.2   2   2   1.7e-40   2.2e-38  132.6   2.0   158   295   124   284    93   286 0.85 transcript=TREG1_114330.2 gene=TREG1_114330
TREG1_114330.1       -            379 331186at33208        -            297   3.2e-55  187.9  10.6   1   3   5.1e-18   6.4e-16   58.9   0.2    76   141     3    70     2   105 0.91 transcript=TREG1_114330.1 gene=TREG1_114330
TREG1_114330.1       -            379 331186at33208        -            297   3.2e-55  187.9  10.6   2   3   3.7e-40   4.6e-38  131.6   1.7   158   295   124   284    94   286 0.85 transcript=TREG1_114330.1 gene=TREG1_114330
TREG1_114330.1       -            379 331186at33208        -            297   3.2e-55  187.9  10.6   3   3       8.1     1e+03   -0.9   0.2   255   271   302   318   300   332 0.87 transcript=TREG1_114330.1 gene=TREG1_114330
TREG1_19970.3        -            561 331186at33208        -            297   1.5e-35  123.3   0.9   1   3   6.4e-19     8e-17   61.8   0.0     5   140    15   160    11   161 0.83 transcript=TREG1_19970.3 gene=TREG1_19970
TREG1_19970.3        -            561 331186at33208        -            297   1.5e-35  123.3   0.9   2   3   1.1e-10   1.4e-08   34.8   0.4    50   154   157   269   156   295 0.75 transcript=TREG1_19970.3 gene=TREG1_19970
TREG1_19970.3        -            561 331186at33208        -            297   1.5e-35  123.3   0.9   3   3   2.3e-07   2.9e-05   23.9   0.1     4    73   297   375   294   380 0.64 transcript=TREG1_19970.3 gene=TREG1_19970
TREG1_19970.2        -            569 331186at33208        -            297   1.6e-35  123.2   0.9   1   3   6.5e-19   8.2e-17   61.8   0.0     5   140    15   160    11   161 0.83 transcript=TREG1_19970.2 gene=TREG1_19970
TREG1_19970.2        -            569 331186at33208        -            297   1.6e-35  123.2   0.9   2   3   1.1e-10   1.4e-08   34.7   0.4    50   154   157   269   156   295 0.75 transcript=TREG1_19970.2 gene=TREG1_19970
TREG1_19970.2        -            569 331186at33208        -            297   1.6e-35  123.2   0.9   3   3   2.3e-07   2.9e-05   23.9   0.1     4    73   297   375   294   380 0.64 transcript=TREG1_19970.2 gene=TREG1_19970
TREG1_19970.1        -            728 331186at33208        -            297     5e-35  121.6   0.8   1   3   6.7e-19   8.5e-17   61.8   0.0     5   140    15   160    11   165 0.83 transcript=TREG1_19970.1 gene=TREG1_19970
TREG1_19970.1        -            728 331186at33208        -            297     5e-35  121.6   0.8   2   3   1.4e-10   1.8e-08   34.4   0.5    50   153   157   268   155   295 0.75 transcript=TREG1_19970.1 gene=TREG1_19970
TREG1_19970.1        -            728 331186at33208        -            297     5e-35  121.6   0.8   3   3     2e-07   2.5e-05   24.1   0.7    81   140   295   355   267   397 0.55 transcript=TREG1_19970.1 gene=TREG1_19970
TREG1_132920.3       -            825 331186at33208        -            297   7.9e-29  101.3   0.1   1   3   2.7e-08   3.4e-06   27.0   0.0    69   152   237   325   222   336 0.80 transcript=TREG1_132920.3 gene=TREG1_132920
TREG1_132920.3       -            825 331186at33208        -            297   7.9e-29  101.3   0.1   2   3   1.5e-20   1.8e-18   67.2   0.0     1   140   251   400   251   429 0.81 transcript=TREG1_132920.3 gene=TREG1_132920
TREG1_132920.3       -            825 331186at33208        -            297   7.9e-29  101.3   0.1   3   3   2.2e-06   0.00027   20.7   0.0    80   141   737   800   726   822 0.85 transcript=TREG1_132920.3 gene=TREG1_132920
TREG1_132920.1       -            776 331186at33208        -            297   9.2e-25   87.9   0.0   1   2   2.2e-08   2.8e-06   27.2   0.0    69   152   237   325   221   337 0.80 transcript=TREG1_132920.1 gene=TREG1_132920
TREG1_132920.1       -            776 331186at33208        -            297   9.2e-25   87.9   0.0   2   2   1.3e-20   1.6e-18   67.4   0.0     1   140   251   400   251   430 0.80 transcript=TREG1_132920.1 gene=TREG1_132920
TREG1_132920.2       -            776 331186at33208        -            297   9.2e-25   87.9   0.0   1   2   2.2e-08   2.8e-06   27.2   0.0    69   152   237   325   221   337 0.80 transcript=TREG1_132920.2 gene=TREG1_132920
TREG1_132920.2       -            776 331186at33208        -            297   9.2e-25   87.9   0.0   2   2   1.3e-20   1.6e-18   67.4   0.0     1   140   251   400   251   430 0.80 transcript=TREG1_132920.2 gene=TREG1_132920
TREG1_19970.4        -            428 331186at33208        -            297   2.3e-22   80.0   9.3   1   2   5.4e-14   6.8e-12   45.7   1.5    37   154     7   136     5   162 0.74 transcript=TREG1_19970.4 gene=TREG1_19970
TREG1_19970.4        -            428 331186at33208        -            297   2.3e-22   80.0   9.3   2   2   2.4e-14   3.1e-12   46.8   1.3     6   141    62   223    61   264 0.72 transcript=TREG1_19970.4 gene=TREG1_19970
TREG1_19970.5        -            428 331186at33208        -            297   2.3e-22   80.0   9.3   1   2   5.4e-14   6.8e-12   45.7   1.5    37   154     7   136     5   162 0.74 transcript=TREG1_19970.5 gene=TREG1_19970
TREG1_19970.5        -            428 331186at33208        -            297   2.3e-22   80.0   9.3   2   2   2.4e-14   3.1e-12   46.8   1.3     6   141    62   223    61   264 0.72 transcript=TREG1_19970.5 gene=TREG1_19970
TREG1_37420.1        -            675 331186at33208        -            297   2.5e-22   79.9   5.9   1   5      0.13        17    5.0   0.3     7    74    12    79     7    89 0.79 transcript=TREG1_37420.1 gene=TREG1_37420
TREG1_37420.1        -            675 331186at33208        -            297   2.5e-22   79.9   5.9   2   5   2.8e-12   3.6e-10   40.0   0.0     2    66   109   183   108   200 0.89 transcript=TREG1_37420.1 gene=TREG1_37420
TREG1_37420.1        -            675 331186at33208        -            297   2.5e-22   79.9   5.9   3   5       4.4   5.6e+02   -0.0   0.0     6    27   345   366   340   371 0.84 transcript=TREG1_37420.1 gene=TREG1_37420
TREG1_37420.1        -            675 331186at33208        -            297   2.5e-22   79.9   5.9   4   5       7.8   9.9e+02   -0.8   1.2   175   203   508   535   500   556 0.73 transcript=TREG1_37420.1 gene=TREG1_37420
TREG1_37420.1        -            675 331186at33208        -            297   2.5e-22   79.9   5.9   5   5   6.4e-10   8.1e-08   32.3   0.0     5    69   599   673   595   675 0.81 transcript=TREG1_37420.1 gene=TREG1_37420
TREG1_68170.1        -            686 331186at33208        -            297   1.4e-19   70.9   0.0   1   3   7.8e-15   9.9e-13   48.4   0.0     2   138   159   304   158   309 0.86 transcript=TREG1_68170.1 gene=TREG1_68170
TREG1_68170.1        -            686 331186at33208        -            297   1.4e-19   70.9   0.0   2   3      0.32        41    3.7   0.0     6    35   572   601   569   604 0.87 transcript=TREG1_68170.1 gene=TREG1_68170
TREG1_68170.1        -            686 331186at33208        -            297   1.4e-19   70.9   0.0   3   3   2.3e-05    0.0029   17.3   0.0   227   260   598   631   594   635 0.94 transcript=TREG1_68170.1 gene=TREG1_68170
TREG1_67630.1        -            547 331186at33208        -            297   8.8e-19   68.3   0.0   1   2   5.9e-14   7.4e-12   45.5   0.0     4   137     8   150     5   159 0.85 transcript=TREG1_67630.1 gene=TREG1_67630
TREG1_67630.1        -            547 331186at33208        -            297   8.8e-19   68.3   0.0   2   2   2.3e-06    0.0003   20.6   0.0    71   139   377   446   364   467 0.87 transcript=TREG1_67630.1 gene=TREG1_67630
TREG1_67630.2        -            547 331186at33208        -            297   8.8e-19   68.3   0.0   1   2   5.9e-14   7.4e-12   45.5   0.0     4   137     8   150     5   159 0.85 transcript=TREG1_67630.2 gene=TREG1_67630
TREG1_67630.2        -            547 331186at33208        -            297   8.8e-19   68.3   0.0   2   2   2.3e-06    0.0003   20.6   0.0    71   139   377   446   364   467 0.87 transcript=TREG1_67630.2 gene=TREG1_67630
TREG1_67630.3        -            547 331186at33208        -            297   8.8e-19   68.3   0.0   1   2   5.9e-14   7.4e-12   45.5   0.0     4   137     8   150     5   159 0.85 transcript=TREG1_67630.3 gene=TREG1_67630
TREG1_67630.3        -            547 331186at33208        -            297   8.8e-19   68.3   0.0   2   2   2.3e-06    0.0003   20.6   0.0    71   139   377   446   364   467 0.87 transcript=TREG1_67630.3 gene=TREG1_67630
TREG1_67630.4        -            547 331186at33208        -            297   8.8e-19   68.3   0.0   1   2   5.9e-14   7.4e-12   45.5   0.0     4   137     8   150     5   159 0.85 transcript=TREG1_67630.4 gene=TREG1_67630
TREG1_67630.4        -            547 331186at33208        -            297   8.8e-19   68.3   0.0   2   2   2.3e-06    0.0003   20.6   0.0    71   139   377   446   364   467 0.87 transcript=TREG1_67630.4 gene=TREG1_67630
TREG1_4720.1         -            464 331186at33208        -            297   1.1e-18   68.0   0.0   1   2   2.7e-09   3.4e-07   30.2   0.0    79   163   102   185    96   200 0.80 transcript=TREG1_4720.1 gene=TREG1_4720
TREG1_4720.1         -            464 331186at33208        -            297   1.1e-18   68.0   0.0   2   2   7.2e-11   9.1e-09   35.4   0.0     4    76   205   287   203   293 0.83 transcript=TREG1_4720.1 gene=TREG1_4720
TREG1_103000.1       -            294 331186at33208        -            297     1e-17   64.8   0.0   1   1     1e-19   1.3e-17   64.5   0.0     3   158    13   187    11   194 0.79 transcript=TREG1_103000.1 gene=TREG1_103000
TREG1_107170.1       -            676 331186at33208        -            297   1.8e-17   64.0   0.1   1   2   2.7e-09   3.5e-07   30.2   0.0     5    81   174   260   171   273 0.79 transcript=TREG1_107170.1 gene=TREG1_107170
TREG1_107170.1       -            676 331186at33208        -            297   1.8e-17   64.0   0.1   2   2   1.9e-09   2.4e-07   30.7   0.0     7    54   281   329   275   351 0.83 transcript=TREG1_107170.1 gene=TREG1_107170
TREG1_109220.1       -            239 331186at33208        -            297   1.9e-17   63.9   0.1   1   1   1.9e-19   2.4e-17   63.6   0.1     4   165    18   202    15   208 0.80 transcript=TREG1_109220.1 gene=TREG1_109220
TREG1_123790.1       -            931 331186at33208        -            297   2.8e-17   63.3   0.7   1   2   1.5e-10   1.9e-08   34.3   0.0    78   139   623   685   618   694 0.91 transcript=TREG1_123790.1 gene=TREG1_123790
TREG1_123790.1       -            931 331186at33208        -            297   2.8e-17   63.3   0.7   2   2   5.6e-08   7.1e-06   25.9   0.1    79   139   755   816   744   834 0.88 transcript=TREG1_123790.1 gene=TREG1_123790
TREG1_109230.4       -            315 331186at33208        -            297   4.3e-17   62.7   0.1   1   1   4.3e-19   5.5e-17   62.4   0.1     4   165    19   203    16   209 0.80 transcript=TREG1_109230.4 gene=TREG1_109230
TREG1_109230.1       -            315 331186at33208        -            297   4.3e-17   62.7   0.1   1   1   4.3e-19   5.5e-17   62.4   0.1     4   165    19   203    16   209 0.80 transcript=TREG1_109230.1 gene=TREG1_109230
TREG1_109230.2       -            315 331186at33208        -            297   4.3e-17   62.7   0.1   1   1   4.3e-19   5.5e-17   62.4   0.1     4   165    19   203    16   209 0.80 transcript=TREG1_109230.2 gene=TREG1_109230
TREG1_109230.3       -            315 331186at33208        -            297   4.3e-17   62.7   0.1   1   1   4.3e-19   5.5e-17   62.4   0.1     4   165    19   203    16   209 0.80 transcript=TREG1_109230.3 gene=TREG1_109230
TREG1_109230.5       -            315 331186at33208        -            297   4.3e-17   62.7   0.1   1   1   4.3e-19   5.5e-17   62.4   0.1     4   165    19   203    16   209 0.80 transcript=TREG1_109230.5 gene=TREG1_109230
TREG1_45860.1        -            607 331186at33208        -            297   5.5e-17   62.4   0.1   1   1   9.9e-19   1.2e-16   61.2   0.1     4   169    79   259    76   267 0.79 transcript=TREG1_45860.1 gene=TREG1_45860
TREG1_45860.2        -            607 331186at33208        -            297   5.5e-17   62.4   0.1   1   1   9.9e-19   1.2e-16   61.2   0.1     4   169    79   259    76   267 0.79 transcript=TREG1_45860.2 gene=TREG1_45860
TREG1_45860.3        -            607 331186at33208        -            297   5.5e-17   62.4   0.1   1   1   9.9e-19   1.2e-16   61.2   0.1     4   169    79   259    76   267 0.79 transcript=TREG1_45860.3 gene=TREG1_45860
TREG1_45860.4        -            528 331186at33208        -            297   1.4e-16   61.0   0.0   1   1   2.1e-18   2.7e-16   60.1   0.0     7   169     3   180     1   188 0.79 transcript=TREG1_45860.4 gene=TREG1_45860
TREG1_31130.1        -            850 331186at33208        -            297   3.5e-15   56.5   0.1   1   2   2.3e-10   2.9e-08   33.7   0.1    79   169   104   195    97   211 0.84 transcript=TREG1_31130.1 gene=TREG1_31130
TREG1_31130.1        -            850 331186at33208        -            297   3.5e-15   56.5   0.1   2   2   3.2e-06    0.0004   20.1   0.0    80   141   679   742   674   763 0.84 transcript=TREG1_31130.1 gene=TREG1_31130
TREG1_69770.1        -            520 331186at33208        -            297   7.3e-15   55.4   0.2   1   2     2e-13   2.6e-11   43.8   0.0     3   139    93   250    92   264 0.80 transcript=TREG1_69770.1 gene=TREG1_69770
TREG1_69770.1        -            520 331186at33208        -            297   7.3e-15   55.4   0.2   2   2     0.028       3.5    7.2   0.0    86   140   440   492   434   510 0.71 transcript=TREG1_69770.1 gene=TREG1_69770
TREG1_41360.1        -           3209 331186at33208        -            297   3.3e-14   53.2   0.1   1   3   3.9e-05    0.0049   16.6   0.0     5    57     7    62     4   142 0.87 transcript=TREG1_41360.1 gene=TREG1_41360
TREG1_41360.1        -           3209 331186at33208        -            297   3.3e-14   53.2   0.1   2   3   0.00046     0.058   13.1   0.0     5    66   274   345   270   355 0.68 transcript=TREG1_41360.1 gene=TREG1_41360
TREG1_41360.1        -           3209 331186at33208        -            297   3.3e-14   53.2   0.1   3   3     9e-06    0.0011   18.7   0.0     8    69   359   424   353   431 0.89 transcript=TREG1_41360.1 gene=TREG1_41360
TREG1_41360.2        -           3209 331186at33208        -            297   3.3e-14   53.2   0.1   1   3   3.9e-05    0.0049   16.6   0.0     5    57     7    62     4   142 0.87 transcript=TREG1_41360.2 gene=TREG1_41360
TREG1_41360.2        -           3209 331186at33208        -            297   3.3e-14   53.2   0.1   2   3   0.00046     0.058   13.1   0.0     5    66   274   345   270   355 0.68 transcript=TREG1_41360.2 gene=TREG1_41360
TREG1_41360.2        -           3209 331186at33208        -            297   3.3e-14   53.2   0.1   3   3     9e-06    0.0011   18.7   0.0     8    69   359   424   353   431 0.89 transcript=TREG1_41360.2 gene=TREG1_41360
TREG1_41360.6        -           3209 331186at33208        -            297   3.3e-14   53.2   0.1   1   3   3.9e-05    0.0049   16.6   0.0     5    57     7    62     4   142 0.87 transcript=TREG1_41360.6 gene=TREG1_41360
TREG1_41360.6        -           3209 331186at33208        -            297   3.3e-14   53.2   0.1   2   3   0.00046     0.058   13.1   0.0     5    66   274   345   270   355 0.68 transcript=TREG1_41360.6 gene=TREG1_41360
TREG1_41360.6        -           3209 331186at33208        -            297   3.3e-14   53.2   0.1   3   3     9e-06    0.0011   18.7   0.0     8    69   359   424   353   431 0.89 transcript=TREG1_41360.6 gene=TREG1_41360
TREG1_133800.1       -            570 331186at33208        -            297   3.7e-14   53.1   0.4   1   3   0.00036     0.045   13.4   0.1     1    67    37   112    37   124 0.75 transcript=TREG1_133800.1 gene=TREG1_133800
TREG1_133800.1       -            570 331186at33208        -            297   3.7e-14   53.1   0.4   2   3    0.0008       0.1   12.3   0.0    84   138   169   224   166   244 0.50 transcript=TREG1_133800.1 gene=TREG1_133800
TREG1_133800.1       -            570 331186at33208        -            297   3.7e-14   53.1   0.4   3   3   2.4e-07   3.1e-05   23.8   0.0    80   137   493   551   483   561 0.87 transcript=TREG1_133800.1 gene=TREG1_133800
TREG1_121070.1       -            366 331186at33208        -            297   4.7e-14   52.7   0.0   1   1   2.4e-15     3e-13   50.1   0.0     4   147    14   167    11   183 0.82 transcript=TREG1_121070.1 gene=TREG1_121070
TREG1_89280.2        -            830 331186at33208        -            297   1.8e-13   50.9   0.2   1   3   7.4e-05    0.0093   15.7   0.0    80   140   101   162    94   170 0.89 transcript=TREG1_89280.2 gene=TREG1_89280
TREG1_89280.2        -            830 331186at33208        -            297   1.8e-13   50.9   0.2   2   3   1.2e-08   1.5e-06   28.1   0.0    36   139   224   334   211   338 0.75 transcript=TREG1_89280.2 gene=TREG1_89280
TREG1_89280.2        -            830 331186at33208        -            297   1.8e-13   50.9   0.2   3   3     2e-06   0.00025   20.8   0.0     5    75   280   357   275   364 0.81 transcript=TREG1_89280.2 gene=TREG1_89280
TREG1_89280.1        -            841 331186at33208        -            297   1.9e-13   50.7   0.2   1   3   7.5e-05    0.0095   15.6   0.0    80   140   101   162    94   170 0.89 transcript=TREG1_89280.1 gene=TREG1_89280
TREG1_89280.1        -            841 331186at33208        -            297   1.9e-13   50.7   0.2   2   3   1.2e-08   1.5e-06   28.1   0.0    36   139   224   334   211   338 0.75 transcript=TREG1_89280.1 gene=TREG1_89280
TREG1_89280.1        -            841 331186at33208        -            297   1.9e-13   50.7   0.2   3   3     2e-06   0.00026   20.8   0.0     5    75   280   357   275   364 0.81 transcript=TREG1_89280.1 gene=TREG1_89280
TREG1_19570.1        -           1266 331186at33208        -            297     2e-13   50.7   0.1   1   7     0.025       3.2    7.3   0.1     3    49   195   252   193   272 0.74 transcript=TREG1_19570.1 gene=TREG1_19570
TREG1_19570.1        -           1266 331186at33208        -            297     2e-13   50.7   0.1   2   7      0.38        49    3.5   0.0    83   127   306   352   300   357 0.79 transcript=TREG1_19570.1 gene=TREG1_19570
TREG1_19570.1        -           1266 331186at33208        -            297     2e-13   50.7   0.1   3   7     0.025       3.2    7.3   0.1     3    49   566   623   564   643 0.74 transcript=TREG1_19570.1 gene=TREG1_19570
TREG1_19570.1        -           1266 331186at33208        -            297     2e-13   50.7   0.1   4   7      0.38        49    3.5   0.0    83   127   677   723   671   728 0.79 transcript=TREG1_19570.1 gene=TREG1_19570
TREG1_19570.1        -           1266 331186at33208        -            297     2e-13   50.7   0.1   5   7     0.025       3.2    7.3   0.1     3    49   937   994   935  1014 0.74 transcript=TREG1_19570.1 gene=TREG1_19570
TREG1_19570.1        -           1266 331186at33208        -            297     2e-13   50.7   0.1   6   7    0.0057      0.72    9.5   0.0    83   139  1048  1106  1041  1134 0.78 transcript=TREG1_19570.1 gene=TREG1_19570
TREG1_19570.1        -           1266 331186at33208        -            297     2e-13   50.7   0.1   7   7       2.4     3e+02    0.9   0.0    17    71  1192  1258  1187  1264 0.72 transcript=TREG1_19570.1 gene=TREG1_19570
TREG1_45810.1        -            493 331186at33208        -            297   3.4e-13   49.9   0.0   1   2   6.1e-13   7.7e-11   42.2   0.0     4   139   122   278   120   292 0.81 transcript=TREG1_45810.1 gene=TREG1_45810
TREG1_45810.1        -            493 331186at33208        -            297   3.4e-13   49.9   0.0   2   2      0.16        21    4.7   0.0    18    65   419   477   401   490 0.65 transcript=TREG1_45810.1 gene=TREG1_45810
TREG1_17830.2        -            348 331186at33208        -            297   3.9e-13   49.8   0.0   1   2   4.2e-09   5.3e-07   29.6   0.0     4    74   107   185   104   201 0.77 transcript=TREG1_17830.2 gene=TREG1_17830
TREG1_17830.2        -            348 331186at33208        -            297   3.9e-13   49.8   0.0   2   2   1.8e-05    0.0023   17.7   0.0     8    72   198   265   191   276 0.74 transcript=TREG1_17830.2 gene=TREG1_17830
TREG1_17830.1        -            353 331186at33208        -            297     4e-13   49.7   0.0   1   2   4.9e-09   6.2e-07   29.4   0.0     4    74   112   190   109   202 0.77 transcript=TREG1_17830.1 gene=TREG1_17830
TREG1_17830.1        -            353 331186at33208        -            297     4e-13   49.7   0.0   2   2   1.8e-05    0.0023   17.7   0.0     8    72   203   270   196   281 0.74 transcript=TREG1_17830.1 gene=TREG1_17830
TREG1_17830.3        -            353 331186at33208        -            297     4e-13   49.7   0.0   1   2   4.9e-09   6.2e-07   29.4   0.0     4    74   112   190   109   202 0.77 transcript=TREG1_17830.3 gene=TREG1_17830
TREG1_17830.3        -            353 331186at33208        -            297     4e-13   49.7   0.0   2   2   1.8e-05    0.0023   17.7   0.0     8    72   203   270   196   281 0.74 transcript=TREG1_17830.3 gene=TREG1_17830
TREG1_111270.1       -            400 331186at33208        -            297   8.5e-13   48.6   0.1   1   2   3.1e-06   0.00039   20.2   0.0    80   139    57   118    52   137 0.79 transcript=TREG1_111270.1 gene=TREG1_111270
TREG1_111270.1       -            400 331186at33208        -            297   8.5e-13   48.6   0.1   2   2   4.8e-08     6e-06   26.1   0.1     9    76   148   224   142   231 0.79 transcript=TREG1_111270.1 gene=TREG1_111270
TREG1_12670.1        -            731 331186at33208        -            297   1.1e-12   48.3   0.1   1   1   2.5e-14   3.1e-12   46.8   0.0     3   140    88   234    86   246 0.86 transcript=TREG1_12670.1 gene=TREG1_12670
TREG1_12670.2        -            738 331186at33208        -            297   1.1e-12   48.2   0.1   1   1   2.5e-14   3.1e-12   46.8   0.0     3   140    95   241    93   253 0.86 transcript=TREG1_12670.2 gene=TREG1_12670
TREG1_52990.2        -            526 331186at33208        -            297   7.7e-12   45.5   0.0   1   2   1.2e-12   1.5e-10   41.2   0.0     4   138    96   251    94   304 0.77 transcript=TREG1_52990.2 gene=TREG1_52990
TREG1_52990.2        -            526 331186at33208        -            297   7.7e-12   45.5   0.0   2   2         2   2.5e+02    1.1   0.0    23    65   456   510   432   516 0.56 transcript=TREG1_52990.2 gene=TREG1_52990
TREG1_52990.3        -            526 331186at33208        -            297   7.7e-12   45.5   0.0   1   2   1.2e-12   1.5e-10   41.2   0.0     4   138    96   251    94   304 0.77 transcript=TREG1_52990.3 gene=TREG1_52990
TREG1_52990.3        -            526 331186at33208        -            297   7.7e-12   45.5   0.0   2   2         2   2.5e+02    1.1   0.0    23    65   456   510   432   516 0.56 transcript=TREG1_52990.3 gene=TREG1_52990
TREG1_52990.1        -            559 331186at33208        -            297   9.4e-12   45.2   0.0   1   2   1.4e-12   1.7e-10   41.0   0.0     4   138   129   284   127   337 0.77 transcript=TREG1_52990.1 gene=TREG1_52990
TREG1_52990.1        -            559 331186at33208        -            297   9.4e-12   45.2   0.0   2   2       2.2   2.8e+02    1.0   0.0    23    65   489   543   465   549 0.56 transcript=TREG1_52990.1 gene=TREG1_52990
TREG1_87870.1        -            177 331186at33208        -            297   5.8e-10   39.3   0.0   1   1   6.3e-12     8e-10   38.9   0.0     5    73    73   151    70   163 0.81 transcript=TREG1_87870.1 gene=TREG1_87870
TREG1_65290.1        -            220 331186at33208        -            297   7.7e-10   38.9   0.0   1   1     1e-11   1.3e-09   38.2   0.0    81   143     9    73     6   102 0.79 transcript=TREG1_65290.1 gene=TREG1_65290
TREG1_119920.1       -            909 331186at33208        -            297   2.4e-09   37.3   0.0   1   1   4.8e-11   6.1e-09   36.0   0.0     4    72   169   245   166   256 0.82 transcript=TREG1_119920.1 gene=TREG1_119920
TREG1_97190.1        -            895 331186at33208        -            297   3.2e-09   36.9   0.1   1   2   1.2e-06   0.00016   21.5   0.0     3   138     6   156     4   171 0.76 transcript=TREG1_97190.1 gene=TREG1_97190
TREG1_97190.1        -            895 331186at33208        -            297   3.2e-09   36.9   0.1   2   2   0.00071      0.09   12.4   0.0   221   273   285   337   263   355 0.88 transcript=TREG1_97190.1 gene=TREG1_97190
TREG1_62920.4        -            519 331186at33208        -            297   3.9e-09   36.6   1.2   1   1   6.1e-11   7.7e-09   35.6   1.2    80   216   153   301   131   316 0.70 transcript=TREG1_62920.4 gene=TREG1_62920
TREG1_62920.6        -            519 331186at33208        -            297   3.9e-09   36.6   1.2   1   1   6.1e-11   7.7e-09   35.6   1.2    80   216   153   301   131   316 0.70 transcript=TREG1_62920.6 gene=TREG1_62920
TREG1_62920.1        -            567 331186at33208        -            297   4.7e-09   36.4   1.2   1   1   7.3e-11   9.2e-09   35.4   1.2    80   216   153   301   132   316 0.70 transcript=TREG1_62920.1 gene=TREG1_62920
TREG1_62920.5        -            567 331186at33208        -            297   4.7e-09   36.4   1.2   1   1   7.3e-11   9.2e-09   35.4   1.2    80   216   153   301   132   316 0.70 transcript=TREG1_62920.5 gene=TREG1_62920
TREG1_62920.3        -            569 331186at33208        -            297   4.7e-09   36.3   1.2   1   1   7.3e-11   9.2e-09   35.4   1.2    80   216   153   301   132   316 0.70 transcript=TREG1_62920.3 gene=TREG1_62920
TREG1_62920.2        -            584 331186at33208        -            297   4.9e-09   36.3   1.2   1   1   7.7e-11   9.7e-09   35.3   1.2    80   216   153   301   132   316 0.70 transcript=TREG1_62920.2 gene=TREG1_62920
TREG1_122960.1       -           1279 331186at33208        -            297   5.4e-09   36.1   0.1   1   2   9.6e-06    0.0012   18.6   0.0    77   164     5    97     2   105 0.81 transcript=TREG1_122960.1 gene=TREG1_122960
TREG1_122960.1       -           1279 331186at33208        -            297   5.4e-09   36.1   0.1   2   2   0.00018     0.022   14.4   0.1     8    56   102   157    95   174 0.65 transcript=TREG1_122960.1 gene=TREG1_122960
TREG1_6180.1         -            751 331186at33208        -            297   1.1e-08   35.1   0.0   1   1   1.4e-10   1.8e-08   34.4   0.0     4    83   223   310   221   316 0.82 transcript=TREG1_6180.1 gene=TREG1_6180
TREG1_6180.3         -            751 331186at33208        -            297   1.1e-08   35.1   0.0   1   1   1.4e-10   1.8e-08   34.4   0.0     4    83   223   310   221   316 0.82 transcript=TREG1_6180.3 gene=TREG1_6180
TREG1_6180.4         -            751 331186at33208        -            297   1.1e-08   35.1   0.0   1   1   1.4e-10   1.8e-08   34.4   0.0     4    83   223   310   221   316 0.82 transcript=TREG1_6180.4 gene=TREG1_6180
TREG1_6180.5         -            751 331186at33208        -            297   1.1e-08   35.1   0.0   1   1   1.4e-10   1.8e-08   34.4   0.0     4    83   223   310   221   316 0.82 transcript=TREG1_6180.5 gene=TREG1_6180
TREG1_6180.6         -            751 331186at33208        -            297   1.1e-08   35.1   0.0   1   1   1.4e-10   1.8e-08   34.4   0.0     4    83   223   310   221   316 0.82 transcript=TREG1_6180.6 gene=TREG1_6180
TREG1_41360.3        -           3051 331186at33208        -            297   1.1e-08   35.1   0.1   1   2   0.00043     0.055   13.1   0.0     5    66   116   187   112   197 0.68 transcript=TREG1_41360.3 gene=TREG1_41360
TREG1_41360.3        -           3051 331186at33208        -            297   1.1e-08   35.1   0.1   2   2   8.5e-06    0.0011   18.7   0.0     8    69   201   266   195   273 0.89 transcript=TREG1_41360.3 gene=TREG1_41360
TREG1_41360.4        -           3051 331186at33208        -            297   1.1e-08   35.1   0.1   1   2   0.00043     0.055   13.1   0.0     5    66   116   187   112   197 0.68 transcript=TREG1_41360.4 gene=TREG1_41360
TREG1_41360.4        -           3051 331186at33208        -            297   1.1e-08   35.1   0.1   2   2   8.5e-06    0.0011   18.7   0.0     8    69   201   266   195   273 0.89 transcript=TREG1_41360.4 gene=TREG1_41360
TREG1_41360.5        -           3051 331186at33208        -            297   1.1e-08   35.1   0.1   1   2   0.00043     0.055   13.1   0.0     5    66   116   187   112   197 0.68 transcript=TREG1_41360.5 gene=TREG1_41360
TREG1_41360.5        -           3051 331186at33208        -            297   1.1e-08   35.1   0.1   2   2   8.5e-06    0.0011   18.7   0.0     8    69   201   266   195   273 0.89 transcript=TREG1_41360.5 gene=TREG1_41360
TREG1_41360.7        -           3051 331186at33208        -            297   1.1e-08   35.1   0.1   1   2   0.00043     0.055   13.1   0.0     5    66   116   187   112   197 0.68 transcript=TREG1_41360.7 gene=TREG1_41360
TREG1_41360.7        -           3051 331186at33208        -            297   1.1e-08   35.1   0.1   2   2   8.5e-06    0.0011   18.7   0.0     8    69   201   266   195   273 0.89 transcript=TREG1_41360.7 gene=TREG1_41360
TREG1_42590.4        -            406 331186at33208        -            297   1.4e-08   34.8   0.0   1   3   1.1e-06   0.00014   21.7   0.0     6    73    40   113    37   121 0.83 transcript=TREG1_42590.4 gene=TREG1_42590
TREG1_42590.4        -            406 331186at33208        -            297   1.4e-08   34.8   0.0   2   3     0.011       1.4    8.6   0.0     5    56   137   193   133   217 0.76 transcript=TREG1_42590.4 gene=TREG1_42590
TREG1_42590.4        -            406 331186at33208        -            297   1.4e-08   34.8   0.0   3   3       3.3   4.1e+02    0.4   0.0    15    46   330   362   318   394 0.74 transcript=TREG1_42590.4 gene=TREG1_42590
TREG1_78640.2        -            605 331186at33208        -            297   1.7e-08   34.5   1.0   1   4     0.088        11    5.6   0.0     6    47    58    99    47   118 0.76 transcript=TREG1_78640.2 gene=TREG1_78640
TREG1_78640.2        -            605 331186at33208        -            297   1.7e-08   34.5   1.0   2   4      0.21        26    4.3   0.1     4    47   169   215   165   249 0.75 transcript=TREG1_78640.2 gene=TREG1_78640
TREG1_78640.2        -            605 331186at33208        -            297   1.7e-08   34.5   1.0   3   4   0.00013     0.016   14.9   0.0     5    67   414   482   410   524 0.77 transcript=TREG1_78640.2 gene=TREG1_78640
TREG1_78640.2        -            605 331186at33208        -            297   1.7e-08   34.5   1.0   4   4      0.13        17    5.0   0.0     7    52   532   580   527   593 0.82 transcript=TREG1_78640.2 gene=TREG1_78640
TREG1_112010.1       -            634 331186at33208        -            297   2.2e-08   34.1   0.0   1   3   0.00058     0.074   12.7   0.0     4    48    48    92    46   104 0.92 transcript=TREG1_112010.1 gene=TREG1_112010
TREG1_112010.1       -            634 331186at33208        -            297   2.2e-08   34.1   0.0   2   3      0.52        66    3.0   0.0     6    55   151   204   147   213 0.82 transcript=TREG1_112010.1 gene=TREG1_112010
TREG1_112010.1       -            634 331186at33208        -            297   2.2e-08   34.1   0.0   3   3   0.00036     0.045   13.4   0.0     5    52   407   455   405   487 0.90 transcript=TREG1_112010.1 gene=TREG1_112010
TREG1_17420.1        -            176 331186at33208        -            297   2.5e-08   33.9   0.0   1   1   2.6e-10   3.3e-08   33.5   0.0     7    68    94   160    90   171 0.74 transcript=TREG1_17420.1 gene=TREG1_17420
TREG1_6540.1         -            499 331186at33208        -            297   3.2e-08   33.6   0.1   1   2    0.0013      0.17   11.5   0.0   115   151     4    40     1    60 0.65 transcript=TREG1_6540.1 gene=TREG1_6540
TREG1_6540.1         -            499 331186at33208        -            297   3.2e-08   33.6   0.1   2   2   2.6e-06   0.00033   20.4   0.0     4    53    57   112    54   143 0.77 transcript=TREG1_6540.1 gene=TREG1_6540
TREG1_42590.5        -            340 331186at33208        -            297   4.2e-08   33.2   0.0   1   2     8e-07    0.0001   22.1   0.0     6    73    40   113    37   121 0.83 transcript=TREG1_42590.5 gene=TREG1_42590
TREG1_42590.5        -            340 331186at33208        -            297   4.2e-08   33.2   0.0   2   2    0.0081         1    9.0   0.0     5    57   137   194   133   218 0.76 transcript=TREG1_42590.5 gene=TREG1_42590
TREG1_42590.1        -            552 331186at33208        -            297   4.9e-08   33.0   0.0   1   3   1.7e-06   0.00021   21.0   0.0     6    73    40   113    37   121 0.83 transcript=TREG1_42590.1 gene=TREG1_42590
TREG1_42590.1        -            552 331186at33208        -            297   4.9e-08   33.0   0.0   2   3     0.017       2.1    7.9   0.0     5    52   137   185   133   216 0.76 transcript=TREG1_42590.1 gene=TREG1_42590
TREG1_42590.1        -            552 331186at33208        -            297   4.9e-08   33.0   0.0   3   3       6.8   8.5e+02   -0.6   0.0    15    46   330   362   318   376 0.75 transcript=TREG1_42590.1 gene=TREG1_42590
TREG1_42590.2        -            552 331186at33208        -            297   4.9e-08   33.0   0.0   1   3   1.7e-06   0.00021   21.0   0.0     6    73    40   113    37   121 0.83 transcript=TREG1_42590.2 gene=TREG1_42590
TREG1_42590.2        -            552 331186at33208        -            297   4.9e-08   33.0   0.0   2   3     0.017       2.1    7.9   0.0     5    52   137   185   133   216 0.76 transcript=TREG1_42590.2 gene=TREG1_42590
TREG1_42590.2        -            552 331186at33208        -            297   4.9e-08   33.0   0.0   3   3       6.8   8.5e+02   -0.6   0.0    15    46   330   362   318   376 0.75 transcript=TREG1_42590.2 gene=TREG1_42590
TREG1_17380.1        -            285 331186at33208        -            297     6e-08   32.7   0.0   1   1   6.5e-10   8.2e-08   32.3   0.0     7    68    17    83    13    95 0.74 transcript=TREG1_17380.1 gene=TREG1_17380
TREG1_14650.1        -            199 331186at33208        -            297   6.6e-08   32.6   0.0   1   1   6.7e-10   8.4e-08   32.2   0.0     7    72    79   154    74   160 0.81 transcript=TREG1_14650.1 gene=TREG1_14650
TREG1_52220.1        -            373 331186at33208        -            297   6.6e-08   32.6   0.0   1   2   3.1e-06   0.00039   20.2   0.0     3    66     2    67     1    72 0.75 transcript=TREG1_52220.1 gene=TREG1_52220
TREG1_52220.1        -            373 331186at33208        -            297   6.6e-08   32.6   0.0   2   2     0.003      0.38   10.4   0.0     3    64   109   175   107   179 0.66 transcript=TREG1_52220.1 gene=TREG1_52220
TREG1_52220.2        -            373 331186at33208        -            297   6.6e-08   32.6   0.0   1   2   3.1e-06   0.00039   20.2   0.0     3    66     2    67     1    72 0.75 transcript=TREG1_52220.2 gene=TREG1_52220
TREG1_52220.2        -            373 331186at33208        -            297   6.6e-08   32.6   0.0   2   2     0.003      0.38   10.4   0.0     3    64   109   175   107   179 0.66 transcript=TREG1_52220.2 gene=TREG1_52220
TREG1_68850.1        -            151 331186at33208        -            297   8.4e-08   32.2   0.0   1   1   9.1e-10   1.2e-07   31.8   0.0     5    69    17    91    15    97 0.80 transcript=TREG1_68850.1 gene=TREG1_68850
TREG1_145340.1       -            362 331186at33208        -            297   8.7e-08   32.2   0.0   1   1   9.7e-10   1.2e-07   31.7   0.0     7    68    94   160    90   172 0.74 transcript=TREG1_145340.1 gene=TREG1_145340
TREG1_42590.3        -            548 331186at33208        -            297   2.3e-07   30.8   0.0   1   3   1.7e-06   0.00021   21.1   0.0     6    73    40   113    37   121 0.83 transcript=TREG1_42590.3 gene=TREG1_42590
TREG1_42590.3        -            548 331186at33208        -            297   2.3e-07   30.8   0.0   2   3      0.08        10    5.7   0.0     5    60   137   193   133   215 0.76 transcript=TREG1_42590.3 gene=TREG1_42590
TREG1_42590.3        -            548 331186at33208        -            297   2.3e-07   30.8   0.0   3   3       6.7   8.5e+02   -0.6   0.0    15    46   326   358   314   372 0.75 transcript=TREG1_42590.3 gene=TREG1_42590
TREG1_57390.1        -            116 331186at33208        -            297   2.3e-07   30.8   0.1   1   1   2.3e-09     3e-07   30.4   0.1     5    81    12    95     9   104 0.82 transcript=TREG1_57390.1 gene=TREG1_57390
TREG1_57390.2        -            116 331186at33208        -            297   2.3e-07   30.8   0.1   1   1   2.3e-09     3e-07   30.4   0.1     5    81    12    95     9   104 0.82 transcript=TREG1_57390.2 gene=TREG1_57390
TREG1_131630.1       -            451 331186at33208        -            297   2.7e-07   30.5   0.0   1   1   4.1e-09   5.2e-07   29.6   0.0     4    72    45   124    43   135 0.51 transcript=TREG1_131630.1 gene=TREG1_131630
TREG1_131630.5       -            519 331186at33208        -            297   3.4e-07   30.2   0.0   1   1   5.1e-09   6.4e-07   29.3   0.0     4    72    45   124    43   135 0.51 transcript=TREG1_131630.5 gene=TREG1_131630
TREG1_131630.2       -            588 331186at33208        -            297   3.4e-07   30.2   0.0   1   1   6.1e-09   7.7e-07   29.1   0.0     4    72    45   124    43   135 0.51 transcript=TREG1_131630.2 gene=TREG1_131630
TREG1_131630.4       -            588 331186at33208        -            297   3.4e-07   30.2   0.0   1   1   6.1e-09   7.7e-07   29.1   0.0     4    72    45   124    43   135 0.51 transcript=TREG1_131630.4 gene=TREG1_131630
TREG1_131630.3       -            664 331186at33208        -            297   4.1e-07   30.0   0.0   1   1   7.2e-09   9.1e-07   28.8   0.0     4    72    45   124    43   135 0.51 transcript=TREG1_131630.3 gene=TREG1_131630
TREG1_137210.1       -            337 331186at33208        -            297   5.5e-07   29.5   0.2   1   2   5.9e-06   0.00075   19.3   0.1     5    73    61   140    57   166 0.76 transcript=TREG1_137210.1 gene=TREG1_137210
TREG1_137210.1       -            337 331186at33208        -            297   5.5e-07   29.5   0.2   2   2     0.012       1.5    8.5   0.0     6    53   266   315   262   337 0.76 transcript=TREG1_137210.1 gene=TREG1_137210
TREG1_110360.1       -            337 331186at33208        -            297   5.5e-07   29.5   0.2   1   2   5.9e-06   0.00075   19.3   0.1     5    73    61   140    57   166 0.76 transcript=TREG1_110360.1 gene=TREG1_110360
TREG1_110360.1       -            337 331186at33208        -            297   5.5e-07   29.5   0.2   2   2     0.012       1.5    8.5   0.0     6    53   266   315   262   337 0.76 transcript=TREG1_110360.1 gene=TREG1_110360
TREG1_36000.1        -            459 331186at33208        -            297   5.6e-07   29.5   0.0   1   2     0.007      0.89    9.2   0.0     4    35    13    44    11    46 0.89 transcript=TREG1_36000.1 gene=TREG1_36000
TREG1_36000.1        -            459 331186at33208        -            297   5.6e-07   29.5   0.0   2   2   3.5e-06   0.00045   20.0   0.0   228   260    42    74    40    83 0.91 transcript=TREG1_36000.1 gene=TREG1_36000
TREG1_125680.1       -           1038 331186at33208        -            297     9e-07   28.8   0.9   1   1   3.1e-08   3.9e-06   26.8   0.7    38   141   295   399   254   407 0.71 transcript=TREG1_125680.1 gene=TREG1_125680
TREG1_4770.1         -            348 331186at33208        -            297   1.6e-06   28.0   0.1   1   2    0.0018      0.22   11.1   0.0   226   260    35    69    26    72 0.92 transcript=TREG1_4770.1 gene=TREG1_4770
TREG1_4770.1         -            348 331186at33208        -            297   1.6e-06   28.0   0.1   2   2   0.00014     0.018   14.7   0.1    81   138    97   154    79   160 0.85 transcript=TREG1_4770.1 gene=TREG1_4770
TREG1_28420.1        -            432 331186at33208        -            297   1.6e-06   28.0   0.0   1   1   2.4e-08   3.1e-06   27.1   0.0     5    72   137   212   132   216 0.77 transcript=TREG1_28420.1 gene=TREG1_28420
TREG1_42630.1        -            522 331186at33208        -            297   1.6e-06   28.0   0.1   1   3   9.9e-06    0.0012   18.5   0.0     6    73    28    99    25   114 0.80 transcript=TREG1_42630.1 gene=TREG1_42630
TREG1_42630.1        -            522 331186at33208        -            297   1.6e-06   28.0   0.1   2   3      0.99   1.2e+02    2.1   0.0    14    52   134   173   125   200 0.71 transcript=TREG1_42630.1 gene=TREG1_42630
TREG1_42630.1        -            522 331186at33208        -            297   1.6e-06   28.0   0.1   3   3       0.4        50    3.4   0.0    17    52   307   343   293   367 0.76 transcript=TREG1_42630.1 gene=TREG1_42630
TREG1_42630.2        -            522 331186at33208        -            297   1.6e-06   28.0   0.1   1   3   9.9e-06    0.0012   18.5   0.0     6    73    28    99    25   114 0.80 transcript=TREG1_42630.2 gene=TREG1_42630
TREG1_42630.2        -            522 331186at33208        -            297   1.6e-06   28.0   0.1   2   3      0.99   1.2e+02    2.1   0.0    14    52   134   173   125   200 0.71 transcript=TREG1_42630.2 gene=TREG1_42630
TREG1_42630.2        -            522 331186at33208        -            297   1.6e-06   28.0   0.1   3   3       0.4        50    3.4   0.0    17    52   307   343   293   367 0.76 transcript=TREG1_42630.2 gene=TREG1_42630
TREG1_42630.3        -            522 331186at33208        -            297   1.6e-06   28.0   0.1   1   3   9.9e-06    0.0012   18.5   0.0     6    73    28    99    25   114 0.80 transcript=TREG1_42630.3 gene=TREG1_42630
TREG1_42630.3        -            522 331186at33208        -            297   1.6e-06   28.0   0.1   2   3      0.99   1.2e+02    2.1   0.0    14    52   134   173   125   200 0.71 transcript=TREG1_42630.3 gene=TREG1_42630
TREG1_42630.3        -            522 331186at33208        -            297   1.6e-06   28.0   0.1   3   3       0.4        50    3.4   0.0    17    52   307   343   293   367 0.76 transcript=TREG1_42630.3 gene=TREG1_42630
TREG1_42630.4        -            522 331186at33208        -            297   1.6e-06   28.0   0.1   1   3   9.9e-06    0.0012   18.5   0.0     6    73    28    99    25   114 0.80 transcript=TREG1_42630.4 gene=TREG1_42630
TREG1_42630.4        -            522 331186at33208        -            297   1.6e-06   28.0   0.1   2   3      0.99   1.2e+02    2.1   0.0    14    52   134   173   125   200 0.71 transcript=TREG1_42630.4 gene=TREG1_42630
TREG1_42630.4        -            522 331186at33208        -            297   1.6e-06   28.0   0.1   3   3       0.4        50    3.4   0.0    17    52   307   343   293   367 0.76 transcript=TREG1_42630.4 gene=TREG1_42630
TREG1_85150.1        -            303 331186at33208        -            297   2.6e-06   27.3   0.1   1   1   3.5e-08   4.4e-06   26.6   0.1    68   147    87   167    63   180 0.82 transcript=TREG1_85150.1 gene=TREG1_85150
TREG1_126100.1       -            329 331186at33208        -            297   3.3e-06   27.0   0.0   1   1   3.8e-08   4.7e-06   26.5   0.0    10    72   121   194   113   200 0.78 transcript=TREG1_126100.1 gene=TREG1_126100
TREG1_26950.1        -            373 331186at33208        -            297   3.7e-06   26.8   0.1   1   2     0.028       3.5    7.2   0.0     5   146    15    77     5   101 0.53 transcript=TREG1_26950.1 gene=TREG1_26950
TREG1_26950.1        -            373 331186at33208        -            297   3.7e-06   26.8   0.1   2   2   1.9e-05    0.0024   17.6   0.0    80   140   139   197   135   265 0.82 transcript=TREG1_26950.1 gene=TREG1_26950
TREG1_18330.1        -            260 331186at33208        -            297   6.2e-06   26.1   0.2   1   2     2e-07   2.5e-05   24.1   0.0     5    69    39   113    35   129 0.79 transcript=TREG1_18330.1 gene=TREG1_18330
TREG1_18330.1        -            260 331186at33208        -            297   6.2e-06   26.1   0.2   2   2       6.7   8.4e+02   -0.6   0.3   140   163   167   190   146   194 0.78 transcript=TREG1_18330.1 gene=TREG1_18330
TREG1_18330.2        -            260 331186at33208        -            297   6.2e-06   26.1   0.2   1   2     2e-07   2.5e-05   24.1   0.0     5    69    39   113    35   129 0.79 transcript=TREG1_18330.2 gene=TREG1_18330
TREG1_18330.2        -            260 331186at33208        -            297   6.2e-06   26.1   0.2   2   2       6.7   8.4e+02   -0.6   0.3   140   163   167   190   146   194 0.78 transcript=TREG1_18330.2 gene=TREG1_18330
TREG1_18330.3        -            260 331186at33208        -            297   6.2e-06   26.1   0.2   1   2     2e-07   2.5e-05   24.1   0.0     5    69    39   113    35   129 0.79 transcript=TREG1_18330.3 gene=TREG1_18330
TREG1_18330.3        -            260 331186at33208        -            297   6.2e-06   26.1   0.2   2   2       6.7   8.4e+02   -0.6   0.3   140   163   167   190   146   194 0.78 transcript=TREG1_18330.3 gene=TREG1_18330
TREG1_18330.4        -            260 331186at33208        -            297   6.2e-06   26.1   0.2   1   2     2e-07   2.5e-05   24.1   0.0     5    69    39   113    35   129 0.79 transcript=TREG1_18330.4 gene=TREG1_18330
TREG1_18330.4        -            260 331186at33208        -            297   6.2e-06   26.1   0.2   2   2       6.7   8.4e+02   -0.6   0.3   140   163   167   190   146   194 0.78 transcript=TREG1_18330.4 gene=TREG1_18330
TREG1_4640.2         -            216 331186at33208        -            297   1.1e-05   25.3   0.0   1   1   1.5e-07   1.8e-05   24.5   0.0    79   139    83   145    44   165 0.78 transcript=TREG1_4640.2 gene=TREG1_4640
TREG1_78640.3        -            472 331186at33208        -            297   1.2e-05   25.2   0.8   1   3     0.062       7.8    6.1   0.0     6    47    58    99    46   118 0.76 transcript=TREG1_78640.3 gene=TREG1_78640
TREG1_78640.3        -            472 331186at33208        -            297   1.2e-05   25.2   0.8   2   3      0.18        23    4.5   0.3     4    47   169   215   166   246 0.75 transcript=TREG1_78640.3 gene=TREG1_78640
TREG1_78640.3        -            472 331186at33208        -            297   1.2e-05   25.2   0.8   3   3    0.0019      0.25   11.0   0.0     5    48   414   459   410   471 0.83 transcript=TREG1_78640.3 gene=TREG1_78640
TREG1_85180.1        -            283 331186at33208        -            297   1.5e-05   24.9   0.0   1   1   1.9e-07   2.4e-05   24.1   0.0    82   138   202   260   196   283 0.49 transcript=TREG1_85180.1 gene=TREG1_85180
TREG1_4640.1         -            278 331186at33208        -            297   1.9e-05   24.5   0.0   1   1   2.6e-07   3.3e-05   23.7   0.0    80   139    84   145    45   165 0.79 transcript=TREG1_4640.1 gene=TREG1_4640
TREG1_9490.1         -            399 331186at33208        -            297     2e-05   24.4   0.1   1   1   3.3e-07   4.2e-05   23.4   0.1     7    70    98   171    92   175 0.69 transcript=TREG1_9490.1 gene=TREG1_9490
TREG1_24810.2        -            281 331186at33208        -            297   2.7e-05   24.0   0.0   1   1   3.6e-07   4.5e-05   23.3   0.0     6   138   203   258   194   281 0.48 transcript=TREG1_24810.2 gene=TREG1_24810
TREG1_79310.1        -            486 331186at33208        -            297     3e-05   23.8   0.0   1   2     0.076       9.6    5.8   0.0    82   141   235   301   226   306 0.77 transcript=TREG1_79310.1 gene=TREG1_79310
TREG1_79310.1        -            486 331186at33208        -            297     3e-05   23.8   0.0   2   2   7.2e-05    0.0091   15.7   0.0    67   140   328   408   313   421 0.78 transcript=TREG1_79310.1 gene=TREG1_79310
TREG1_27760.1        -            581 331186at33208        -            297   3.1e-05   23.8   7.5   1   3     0.074       9.4    5.8   0.0     5    52    45    92    41    98 0.91 transcript=TREG1_27760.1 gene=TREG1_27760
TREG1_27760.1        -            581 331186at33208        -            297   3.1e-05   23.8   7.5   2   3     0.016         2    8.0   0.0    13    56   392   437   382   463 0.75 transcript=TREG1_27760.1 gene=TREG1_27760
TREG1_27760.1        -            581 331186at33208        -            297   3.1e-05   23.8   7.5   3   3   0.00079       0.1   12.3   0.5   172   277   466   577   451   579 0.78 transcript=TREG1_27760.1 gene=TREG1_27760
TREG1_121640.1       -            449 331186at33208        -            297   3.3e-05   23.7   0.0   1   2    0.0019      0.24   11.0   0.0    37   142    45   164     5   182 0.73 transcript=TREG1_121640.1 gene=TREG1_121640
TREG1_121640.1       -            449 331186at33208        -            297   3.3e-05   23.7   0.0   2   2     0.016         2    8.0   0.0    81   140   295   354   289   362 0.91 transcript=TREG1_121640.1 gene=TREG1_121640
TREG1_24810.1        -            284 331186at33208        -            297   3.6e-05   23.6   0.0   1   1   5.3e-07   6.7e-05   22.7   0.0    81   138   199   258   193   280 0.60 transcript=TREG1_24810.1 gene=TREG1_24810
TREG1_60500.1        -            104 331186at33208        -            297     4e-05   23.4   0.0   1   1   3.6e-07   4.6e-05   23.2   0.0     3    72     9    83     7    88 0.83 transcript=TREG1_60500.1 gene=TREG1_60500
TREG1_118990.2       -            153 331186at33208        -            297   4.4e-05   23.3   0.0   1   1   4.2e-07   5.3e-05   23.0   0.0    76   137    69   131    54   148 0.82 transcript=TREG1_118990.2 gene=TREG1_118990
TREG1_50450.1        -            221 331186at33208        -            297   4.6e-05   23.2   0.0   1   2   6.2e-05    0.0079   15.9   0.0     4    55     7    63     4    79 0.80 transcript=TREG1_50450.1 gene=TREG1_50450
TREG1_50450.1        -            221 331186at33208        -            297   4.6e-05   23.2   0.0   2   2     0.095        12    5.5   0.0     4    49   116   160   113   179 0.82 transcript=TREG1_50450.1 gene=TREG1_50450
TREG1_81880.1        -            611 331186at33208        -            297   4.7e-05   23.2   0.1   1   2   5.3e-06   0.00067   19.4   0.0    88   139   142   194   116   207 0.71 transcript=TREG1_81880.1 gene=TREG1_81880
TREG1_81880.1        -            611 331186at33208        -            297   4.7e-05   23.2   0.1   2   2       1.9   2.5e+02    1.1   0.0    85   196   459   575   452   579 0.63 transcript=TREG1_81880.1 gene=TREG1_81880
TREG1_81880.2        -            613 331186at33208        -            297   4.7e-05   23.2   0.1   1   2   5.3e-06   0.00067   19.4   0.0    88   139   144   196   118   209 0.71 transcript=TREG1_81880.2 gene=TREG1_81880
TREG1_81880.2        -            613 331186at33208        -            297   4.7e-05   23.2   0.1   2   2         2   2.5e+02    1.1   0.0    85   196   461   577   454   581 0.63 transcript=TREG1_81880.2 gene=TREG1_81880
TREG1_81880.3        -            613 331186at33208        -            297   4.7e-05   23.2   0.1   1   2   5.3e-06   0.00067   19.4   0.0    88   139   144   196   118   209 0.71 transcript=TREG1_81880.3 gene=TREG1_81880
TREG1_81880.3        -            613 331186at33208        -            297   4.7e-05   23.2   0.1   2   2         2   2.5e+02    1.1   0.0    85   196   461   577   454   581 0.63 transcript=TREG1_81880.3 gene=TREG1_81880
TREG1_81880.4        -            613 331186at33208        -            297   4.7e-05   23.2   0.1   1   2   5.3e-06   0.00067   19.4   0.0    88   139   144   196   118   209 0.71 transcript=TREG1_81880.4 gene=TREG1_81880
TREG1_81880.4        -            613 331186at33208        -            297   4.7e-05   23.2   0.1   2   2         2   2.5e+02    1.1   0.0    85   196   461   577   454   581 0.63 transcript=TREG1_81880.4 gene=TREG1_81880
TREG1_81880.5        -            625 331186at33208        -            297     5e-05   23.1   0.1   1   2   5.4e-06   0.00069   19.4   0.0    88   139   156   208   130   221 0.71 transcript=TREG1_81880.5 gene=TREG1_81880
TREG1_81880.5        -            625 331186at33208        -            297     5e-05   23.1   0.1   2   2         2   2.6e+02    1.1   0.0    85   196   473   589   466   593 0.63 transcript=TREG1_81880.5 gene=TREG1_81880
TREG1_56140.1        -            392 331186at33208        -            297     6e-05   22.8   0.0   1   1   8.3e-07   0.00011   22.1   0.0   227   261   321   355   293   385 0.95 transcript=TREG1_56140.1 gene=TREG1_56140
TREG1_75560.1        -            158 331186at33208        -            297     6e-05   22.8   0.0   1   1   6.2e-07   7.8e-05   22.5   0.0     5    70    42   117    38   130 0.77 transcript=TREG1_75560.1 gene=TREG1_75560
TREG1_118990.1       -            211 331186at33208        -            297   7.9e-05   22.5   0.0   1   1     8e-07    0.0001   22.1   0.0    77   137    70   131    54   153 0.80 transcript=TREG1_118990.1 gene=TREG1_118990
TREG1_124040.1       -            625 331186at33208        -            297   0.00011   22.0   0.0   1   1   1.4e-06   0.00017   21.3   0.0     2    54    17    68    16    93 0.78 transcript=TREG1_124040.1 gene=TREG1_124040
TREG1_88010.1        -            771 331186at33208        -            297   0.00012   21.9   0.0   1   3       1.3   1.6e+02    1.7   0.0    78   138    64   125    56   174 0.57 transcript=TREG1_88010.1 gene=TREG1_88010
TREG1_88010.1        -            771 331186at33208        -            297   0.00012   21.9   0.0   2   3   0.00012     0.015   15.0   0.0    79   136   274   332   266   348 0.78 transcript=TREG1_88010.1 gene=TREG1_88010
TREG1_88010.1        -            771 331186at33208        -            297   0.00012   21.9   0.0   3   3       2.7   3.4e+02    0.7   0.0   237   276   391   430   373   437 0.86 transcript=TREG1_88010.1 gene=TREG1_88010
TREG1_136580.1       -            298 331186at33208        -            297   0.00023   20.9   0.0   1   2   0.00021     0.026   14.2   0.0     4    48    48    92    46   104 0.92 transcript=TREG1_136580.1 gene=TREG1_136580
TREG1_136580.1       -            298 331186at33208        -            297   0.00023   20.9   0.0   2   2      0.16        21    4.7   0.0     6    55   151   204   146   213 0.82 transcript=TREG1_136580.1 gene=TREG1_136580
TREG1_121200.1       -            306 331186at33208        -            297   0.00034   20.4   0.0   1   1   4.4e-06   0.00055   19.7   0.0     4    73    77   152    74   156 0.80 transcript=TREG1_121200.1 gene=TREG1_121200
TREG1_69500.1        -            423 331186at33208        -            297   0.00036   20.3   0.0   1   4     0.023       2.9    7.5   0.0    82   261    91   151    81   163 0.58 transcript=TREG1_69500.1 gene=TREG1_69500
TREG1_69500.1        -            423 331186at33208        -            297   0.00036   20.3   0.0   2   4      0.71        89    2.6   0.0   102   141   195   234   147   259 0.71 transcript=TREG1_69500.1 gene=TREG1_69500
TREG1_69500.1        -            423 331186at33208        -            297   0.00036   20.3   0.0   3   4       4.9   6.2e+02   -0.2   0.0     3    25   258   280   254   299 0.83 transcript=TREG1_69500.1 gene=TREG1_69500
TREG1_69500.1        -            423 331186at33208        -            297   0.00036   20.3   0.0   4   4      0.19        25    4.4   0.0     9    59   359   411   351   422 0.69 transcript=TREG1_69500.1 gene=TREG1_69500
TREG1_81130.1        -            407 331186at33208        -            297   0.00039   20.2   0.0   1   2     0.054       6.9    6.2   0.0     5    31    18    44    13    48 0.79 transcript=TREG1_81130.1 gene=TREG1_81130
TREG1_81130.1        -            407 331186at33208        -            297   0.00039   20.2   0.0   2   2   0.00073     0.092   12.4   0.0   228   261    46    79    42    83 0.94 transcript=TREG1_81130.1 gene=TREG1_81130
TREG1_43530.1        -            302 331186at33208        -            297   0.00068   19.4   0.1   1   1   6.5e-06   0.00082   19.1   0.1     4    55     3    53     1    73 0.79 transcript=TREG1_43530.1 gene=TREG1_43530
TREG1_600.1          -           1040 331186at33208        -            297   0.00082   19.1   0.0   1   1   6.5e-06   0.00082   19.1   0.0     9    70   618   685   612   716 0.78 transcript=TREG1_600.1 gene=TREG1_600
TREG1_11850.8        -            544 331186at33208        -            297   0.00083   19.1   0.0   1   1   1.1e-05    0.0014   18.4   0.0     4    54   189   244   183   286 0.73 transcript=TREG1_11850.8 gene=TREG1_11850
TREG1_11850.9        -            544 331186at33208        -            297   0.00083   19.1   0.0   1   1   1.1e-05    0.0014   18.4   0.0     4    54   189   244   183   286 0.73 transcript=TREG1_11850.9 gene=TREG1_11850
TREG1_11850.5        -            549 331186at33208        -            297   0.00084   19.1   0.0   1   1   1.1e-05    0.0014   18.4   0.0     4    54   189   244   183   286 0.73 transcript=TREG1_11850.5 gene=TREG1_11850
TREG1_11850.6        -            549 331186at33208        -            297   0.00084   19.1   0.0   1   1   1.1e-05    0.0014   18.4   0.0     4    54   189   244   183   286 0.73 transcript=TREG1_11850.6 gene=TREG1_11850
TREG1_11850.10       -            602 331186at33208        -            297   0.00092   19.0   0.0   1   1   1.3e-05    0.0016   18.2   0.0     4    54    91   146    85   187 0.73 transcript=TREG1_11850.10 gene=TREG1_11850
TREG1_11850.2        -            602 331186at33208        -            297   0.00092   19.0   0.0   1   1   1.3e-05    0.0016   18.2   0.0     4    54    91   146    85   187 0.73 transcript=TREG1_11850.2 gene=TREG1_11850
TREG1_11850.7        -            668 331186at33208        -            297    0.0011   18.8   0.0   1   1   1.5e-05    0.0019   17.9   0.0     4    54   189   244   183   285 0.73 transcript=TREG1_11850.7 gene=TREG1_11850
TREG1_11850.3        -            700 331186at33208        -            297    0.0011   18.7   0.0   1   1   1.6e-05     0.002   17.8   0.0     4    54   189   244   183   284 0.73 transcript=TREG1_11850.3 gene=TREG1_11850
TREG1_79360.1        -            923 331186at33208        -            297    0.0013   18.5   0.0   1   2      0.18        23    4.6   0.0    82   141   672   738   663   743 0.77 transcript=TREG1_79360.1 gene=TREG1_79360
TREG1_79360.1        -            923 331186at33208        -            297    0.0013   18.5   0.0   2   2    0.0015      0.19   11.3   0.0    67   140   765   845   750   856 0.77 transcript=TREG1_79360.1 gene=TREG1_79360
TREG1_26990.1        -            335 331186at33208        -            297    0.0017   18.1   0.0   1   1   3.1e-05    0.0039   16.9   0.0    80   140    86   144    82   156 0.90 transcript=TREG1_26990.1 gene=TREG1_26990
TREG1_47280.7        -            582 331186at33208        -            297    0.0019   17.9   0.0   1   2    0.0031      0.39   10.3   0.0   206   255    74   133    69   139 0.63 transcript=TREG1_47280.7 gene=TREG1_47280
TREG1_47280.7        -            582 331186at33208        -            297    0.0019   17.9   0.0   2   2      0.24        31    4.1   0.0     7    33   194   220   191   225 0.86 transcript=TREG1_47280.7 gene=TREG1_47280
TREG1_47280.9        -            616 331186at33208        -            297    0.0023   17.7   0.0   1   2    0.0034      0.42   10.2   0.0   206   255    74   133    69   139 0.63 transcript=TREG1_47280.9 gene=TREG1_47280
TREG1_47280.9        -            616 331186at33208        -            297    0.0023   17.7   0.0   2   2      0.26        33    4.0   0.0     7    33   194   220   191   225 0.86 transcript=TREG1_47280.9 gene=TREG1_47280
TREG1_21330.1        -            305 331186at33208        -            297    0.0024   17.6   0.0   1   1   2.7e-05    0.0034   17.1   0.0    14    77    22    90    10    97 0.74 transcript=TREG1_21330.1 gene=TREG1_21330
TREG1_136590.1       -            377 331186at33208        -            297    0.0034   17.1   0.0   1   2   0.00014     0.018   14.8   0.0     5    52    72   120    70   156 0.90 transcript=TREG1_136590.1 gene=TREG1_136590
TREG1_136590.1       -            377 331186at33208        -            297    0.0034   17.1   0.0   2   2       7.9   9.9e+02   -0.8   0.0   230   263   222   255   219   259 0.84 transcript=TREG1_136590.1 gene=TREG1_136590
TREG1_47280.12       -            782 331186at33208        -            297    0.0046   16.7   0.0   1   2    0.0047      0.59    9.7   0.0   206   255    74   133    69   138 0.62 transcript=TREG1_47280.12 gene=TREG1_47280
TREG1_47280.12       -            782 331186at33208        -            297    0.0046   16.7   0.0   2   2      0.34        43    3.6   0.0     7    33   194   220   191   225 0.86 transcript=TREG1_47280.12 gene=TREG1_47280
TREG1_47280.6        -            786 331186at33208        -            297    0.0046   16.7   0.0   1   2    0.0044      0.56    9.8   0.0   206   255    74   133    68   139 0.63 transcript=TREG1_47280.6 gene=TREG1_47280
TREG1_47280.6        -            786 331186at33208        -            297    0.0046   16.7   0.0   2   2      0.34        43    3.6   0.0     7    33   194   220   191   225 0.86 transcript=TREG1_47280.6 gene=TREG1_47280
TREG1_14130.2        -            266 331186at33208        -            297    0.0055   16.4   0.1   1   1   0.00014     0.017   14.8   0.1    83   136    60   115    52   131 0.79 transcript=TREG1_14130.2 gene=TREG1_14130
TREG1_47280.5        -            946 331186at33208        -            297    0.0072   16.0   0.0   1   2    0.0053      0.67    9.6   0.0   206   255    57   116    50   122 0.63 transcript=TREG1_47280.5 gene=TREG1_47280
TREG1_47280.5        -            946 331186at33208        -            297    0.0072   16.0   0.0   2   2      0.42        53    3.3   0.0     7    33   177   203   174   208 0.86 transcript=TREG1_47280.5 gene=TREG1_47280
TREG1_46930.1        -           1044 331186at33208        -            297    0.0074   16.0   0.0   1   1   0.00012     0.015   15.0   0.0    77   148   213   288   205   294 0.78 transcript=TREG1_46930.1 gene=TREG1_46930
TREG1_47280.11       -            947 331186at33208        -            297    0.0074   16.0   0.0   1   2    0.0055       0.7    9.5   0.0   206   255    58   117    52   123 0.63 transcript=TREG1_47280.11 gene=TREG1_47280
TREG1_47280.11       -            947 331186at33208        -            297    0.0074   16.0   0.0   2   2      0.42        53    3.3   0.0     7    33   178   204   175   209 0.86 transcript=TREG1_47280.11 gene=TREG1_47280
TREG1_47280.1        -            963 331186at33208        -            297    0.0078   15.9   0.0   1   2    0.0056      0.71    9.5   0.0   206   255    74   133    68   139 0.63 transcript=TREG1_47280.1 gene=TREG1_47280
TREG1_47280.1        -            963 331186at33208        -            297    0.0078   15.9   0.0   2   2      0.43        54    3.3   0.0     7    33   194   220   191   225 0.86 transcript=TREG1_47280.1 gene=TREG1_47280
TREG1_47280.3        -            963 331186at33208        -            297    0.0078   15.9   0.0   1   2    0.0056      0.71    9.5   0.0   206   255    74   133    68   139 0.63 transcript=TREG1_47280.3 gene=TREG1_47280
TREG1_47280.3        -            963 331186at33208        -            297    0.0078   15.9   0.0   2   2      0.43        54    3.3   0.0     7    33   194   220   191   225 0.86 transcript=TREG1_47280.3 gene=TREG1_47280
TREG1_46930.3        -           1220 331186at33208        -            297    0.0088   15.7   0.0   1   1   0.00014     0.018   14.7   0.0    77   148   214   289   206   295 0.78 transcript=TREG1_46930.3 gene=TREG1_46930
TREG1_46930.2        -           1219 331186at33208        -            297     0.009   15.7   0.0   1   1   0.00014     0.018   14.7   0.0    77   148   213   288   205   294 0.78 transcript=TREG1_46930.2 gene=TREG1_46930
TREG1_12100.2        -            353 331186at33208        -            297    0.0094   15.6   0.0   1   2   0.00062     0.078   12.6   0.0     5    67   161   229   158   262 0.79 transcript=TREG1_12100.2 gene=TREG1_12100
TREG1_12100.2        -            353 331186at33208        -            297    0.0094   15.6   0.0   2   2       2.8   3.5e+02    0.7   0.0     7    53   279   327   274   337 0.83 transcript=TREG1_12100.2 gene=TREG1_12100
TREG1_14130.4        -            351 331186at33208        -            297    0.0096   15.6   0.0   1   1   0.00017     0.021   14.5   0.0    84   136   146   200   137   227 0.73 transcript=TREG1_14130.4 gene=TREG1_14130
TREG1_103880.1       -            525 331186at33208        -            297     0.011   15.4   0.0   1   1   0.00015     0.019   14.6   0.0     3    67   230   305   228   320 0.76 transcript=TREG1_103880.1 gene=TREG1_103880
TREG1_37930.1        -            130 331186at33208        -            297     0.011   15.4   0.0   1   1   0.00013     0.017   14.8   0.0   226   260    35    69    31    76 0.93 transcript=TREG1_37930.1 gene=TREG1_37930
TREG1_14330.15       -            498 331186at33208        -            297     0.013   15.2   0.0   1   2   0.00048      0.06   13.0   0.0    81   140    46   104    28   116 0.90 transcript=TREG1_14330.15 gene=TREG1_14330
TREG1_14330.15       -            498 331186at33208        -            297     0.013   15.2   0.0   2   2       8.8   1.1e+03   -1.0   0.0    39    73   173   211   165   240 0.57 transcript=TREG1_14330.15 gene=TREG1_14330
TREG1_14330.17       -            498 331186at33208        -            297     0.013   15.2   0.0   1   2   0.00048      0.06   13.0   0.0    81   140    46   104    28   116 0.90 transcript=TREG1_14330.17 gene=TREG1_14330
TREG1_14330.17       -            498 331186at33208        -            297     0.013   15.2   0.0   2   2       8.8   1.1e+03   -1.0   0.0    39    73   173   211   165   240 0.57 transcript=TREG1_14330.17 gene=TREG1_14330
TREG1_14330.18       -            498 331186at33208        -            297     0.013   15.2   0.0   1   2   0.00048      0.06   13.0   0.0    81   140    46   104    28   116 0.90 transcript=TREG1_14330.18 gene=TREG1_14330
TREG1_14330.18       -            498 331186at33208        -            297     0.013   15.2   0.0   2   2       8.8   1.1e+03   -1.0   0.0    39    73   173   211   165   240 0.57 transcript=TREG1_14330.18 gene=TREG1_14330
TREG1_14330.2        -            498 331186at33208        -            297     0.013   15.2   0.0   1   2   0.00048      0.06   13.0   0.0    81   140    46   104    28   116 0.90 transcript=TREG1_14330.2 gene=TREG1_14330
TREG1_14330.2        -            498 331186at33208        -            297     0.013   15.2   0.0   2   2       8.8   1.1e+03   -1.0   0.0    39    73   173   211   165   240 0.57 transcript=TREG1_14330.2 gene=TREG1_14330
TREG1_14330.3        -            498 331186at33208        -            297     0.013   15.2   0.0   1   2   0.00048      0.06   13.0   0.0    81   140    46   104    28   116 0.90 transcript=TREG1_14330.3 gene=TREG1_14330
TREG1_14330.3        -            498 331186at33208        -            297     0.013   15.2   0.0   2   2       8.8   1.1e+03   -1.0   0.0    39    73   173   211   165   240 0.57 transcript=TREG1_14330.3 gene=TREG1_14330
TREG1_14130.3        -            446 331186at33208        -            297     0.014   15.0   0.1   1   1   0.00025     0.031   13.9   0.1    84   136   241   295   232   321 0.73 transcript=TREG1_14130.3 gene=TREG1_14130
TREG1_12100.1        -            382 331186at33208        -            297     0.015   15.0   0.0   1   2   0.00067     0.085   12.5   0.0     5    67   161   229   158   270 0.80 transcript=TREG1_12100.1 gene=TREG1_12100
TREG1_12100.1        -            382 331186at33208        -            297     0.015   15.0   0.0   2   2       4.2   5.3e+02    0.1   0.0     7    49   279   322   274   337 0.84 transcript=TREG1_12100.1 gene=TREG1_12100
TREG1_14130.1        -            436 331186at33208        -            297     0.016   14.9   0.1   1   1   0.00024      0.03   14.0   0.1    84   136   241   295   232   321 0.73 transcript=TREG1_14130.1 gene=TREG1_14130
TREG1_107700.3       -            686 331186at33208        -            297     0.022   14.5   0.0   1   1   0.00034     0.043   13.5   0.0     5    48   156   205   148   221 0.70 transcript=TREG1_107700.3 gene=TREG1_107700
TREG1_107700.4       -            686 331186at33208        -            297     0.022   14.5   0.0   1   1   0.00034     0.043   13.5   0.0     5    48   156   205   148   221 0.70 transcript=TREG1_107700.4 gene=TREG1_107700
TREG1_117440.1       -            351 331186at33208        -            297     0.023   14.4   0.0   1   1   0.00028     0.035   13.8   0.0     4    73   182   254   179   261 0.81 transcript=TREG1_117440.1 gene=TREG1_117440
TREG1_107700.2       -            727 331186at33208        -            297     0.023   14.3   0.0   1   1   0.00037     0.047   13.4   0.0     5    48   197   246   189   262 0.70 transcript=TREG1_107700.2 gene=TREG1_107700
TREG1_107700.1       -            792 331186at33208        -            297     0.027   14.2   0.0   1   1   0.00041     0.052   13.2   0.0     5    48   262   311   254   327 0.70 transcript=TREG1_107700.1 gene=TREG1_107700
TREG1_58040.1        -            343 331186at33208        -            297     0.035   13.8   0.0   1   1   0.00049     0.061   13.0   0.0    13    70   221   281   219   289 0.83 transcript=TREG1_58040.1 gene=TREG1_58040
TREG1_58040.2        -            343 331186at33208        -            297     0.035   13.8   0.0   1   1   0.00049     0.061   13.0   0.0    13    70   221   281   219   289 0.83 transcript=TREG1_58040.2 gene=TREG1_58040
TREG1_58040.3        -            343 331186at33208        -            297     0.035   13.8   0.0   1   1   0.00049     0.061   13.0   0.0    13    70   221   281   219   289 0.83 transcript=TREG1_58040.3 gene=TREG1_58040
TREG1_58040.5        -            343 331186at33208        -            297     0.035   13.8   0.0   1   1   0.00049     0.061   13.0   0.0    13    70   221   281   219   289 0.83 transcript=TREG1_58040.5 gene=TREG1_58040
TREG1_58040.6        -            343 331186at33208        -            297     0.035   13.8   0.0   1   1   0.00049     0.061   13.0   0.0    13    70   221   281   219   289 0.83 transcript=TREG1_58040.6 gene=TREG1_58040
TREG1_58040.7        -            343 331186at33208        -            297     0.035   13.8   0.0   1   1   0.00049     0.061   13.0   0.0    13    70   221   281   219   289 0.83 transcript=TREG1_58040.7 gene=TREG1_58040
TREG1_58040.8        -            343 331186at33208        -            297     0.035   13.8   0.0   1   1   0.00049     0.061   13.0   0.0    13    70   221   281   219   289 0.83 transcript=TREG1_58040.8 gene=TREG1_58040
TREG1_58040.9        -            343 331186at33208        -            297     0.035   13.8   0.0   1   1   0.00049     0.061   13.0   0.0    13    70   221   281   219   289 0.83 transcript=TREG1_58040.9 gene=TREG1_58040
TREG1_58040.4        -            363 331186at33208        -            297     0.038   13.6   0.0   1   1   0.00053     0.067   12.8   0.0    13    70   241   301   239   309 0.83 transcript=TREG1_58040.4 gene=TREG1_58040
TREG1_78640.1        -            428 331186at33208        -            297     0.041   13.6   0.4   1   3     0.054       6.8    6.3   0.0     6    47    58    99    46   118 0.76 transcript=TREG1_78640.1 gene=TREG1_78640
TREG1_78640.1        -            428 331186at33208        -            297     0.041   13.6   0.4   2   3      0.21        26    4.3   0.4     4    47   169   215   166   232 0.75 transcript=TREG1_78640.1 gene=TREG1_78640
TREG1_78640.1        -            428 331186at33208        -            297     0.041   13.6   0.4   3   3        10   1.3e+03   -1.2   0.0   242   277   209   243   202   246 0.79 transcript=TREG1_78640.1 gene=TREG1_78640
TREG1_9780.1         -            217 331186at33208        -            297     0.067   12.8   0.1   1   1    0.0007     0.088   12.5   0.1   101   140    86   125    41   131 0.86 transcript=TREG1_9780.1 gene=TREG1_9780
TREG1_68720.1        -            372 331186at33208        -            297     0.076   12.7   0.0   1   2     0.052       6.6    6.3   0.0     3    27   264   288   262   295 0.90 transcript=TREG1_68720.1 gene=TREG1_68720
TREG1_68720.1        -            372 331186at33208        -            297     0.076   12.7   0.0   2   2      0.32        41    3.7   0.0    38    71   320   357   307   368 0.69 transcript=TREG1_68720.1 gene=TREG1_68720
TREG1_9780.4         -            238 331186at33208        -            297     0.079   12.6   0.1   1   1   0.00083      0.11   12.2   0.1   101   140   107   146    63   152 0.86 transcript=TREG1_9780.4 gene=TREG1_9780
TREG1_9780.2         -            221 331186at33208        -            297     0.086   12.5   0.1   1   1   0.00097      0.12   12.0   0.1   101   140    90   129    68   135 0.89 transcript=TREG1_9780.2 gene=TREG1_9780
TREG1_68720.2        -            396 331186at33208        -            297     0.091   12.4   0.0   1   2     0.056       7.1    6.2   0.0     3    27   288   312   286   319 0.90 transcript=TREG1_68720.2 gene=TREG1_68720
TREG1_68720.2        -            396 331186at33208        -            297     0.091   12.4   0.0   2   2      0.35        44    3.6   0.0    38    71   344   381   331   392 0.69 transcript=TREG1_68720.2 gene=TREG1_68720
TREG1_68720.3        -            396 331186at33208        -            297     0.091   12.4   0.0   1   2     0.056       7.1    6.2   0.0     3    27   288   312   286   319 0.90 transcript=TREG1_68720.3 gene=TREG1_68720
TREG1_68720.3        -            396 331186at33208        -            297     0.091   12.4   0.0   2   2      0.35        44    3.6   0.0    38    71   344   381   331   392 0.69 transcript=TREG1_68720.3 gene=TREG1_68720
#
# Program:         hmmsearch
# Version:         3.4 (Aug 2023)
# Pipeline mode:   SEARCH
# Query file:      /users/40483456/busco_datasets/busco_downloads/lineages/metazoa_odb10/hmms/331186at33208.hmm
# Target file:     /users/40483456/protein/trichobilharzia_regenti.fa
# Option settings: hmmsearch --domtblout /users/40483456/busco/results_pro/trichobilharzia_regenti_busco/run_metazoa_odb10/hmmer_output/initial_run_results/331186at33208.out --cpu 1 /users/40483456/busco_datasets/busco_downloads/lineages/metazoa_odb10/hmms/331186at33208.hmm /users/40483456/protein/trichobilharzia_regenti.fa 
# Current dir:     /users/40483456
# Date:            Thu Jan 15 18:02:48 2026
# [ok]
