#                                                                            --- full sequence --- -------------- this domain -------------   hmm coord   ali coord   env coord
# target name        accession   tlen query name           accession   qlen   E-value  score  bias   #  of  c-Evalue  i-Evalue  score  bias  from    to  from    to  from    to  acc description of target
#------------------- ---------- ----- -------------------- ---------- ----- --------- ------ ----- --- --- --------- --------- ------ ----- ----- ----- ----- ----- ----- ----- ---- ---------------------
TREG1_46650.1        -            136 339319at33208        -            244     0.019   14.8   1.2   1   2     9e-06     0.022   14.6   0.7   103   151    45    93    14   106 0.85 transcript=TREG1_46650.1 gene=TREG1_46650
TREG1_46650.1        -            136 339319at33208        -            244     0.019   14.8   1.2   2   2       1.4   3.4e+03   -2.4   0.0     7    18   108   119   103   122 0.79 transcript=TREG1_46650.1 gene=TREG1_46650
TREG1_9990.1         -            547 339319at33208        -            244     0.023   14.6   0.0   1   2   2.5e-05     0.063   13.1   0.0    40   147   329   438   323   446 0.79 transcript=TREG1_9990.1 gene=TREG1_9990
TREG1_9990.1         -            547 339319at33208        -            244     0.023   14.6   0.0   2   2       3.1   7.7e+03   -3.5   0.1   197   213   523   539   506   540 0.80 transcript=TREG1_9990.1 gene=TREG1_9990
TREG1_9990.2         -            547 339319at33208        -            244     0.023   14.6   0.0   1   2   2.5e-05     0.063   13.1   0.0    40   147   329   438   323   446 0.79 transcript=TREG1_9990.2 gene=TREG1_9990
TREG1_9990.2         -            547 339319at33208        -            244     0.023   14.6   0.0   2   2       3.1   7.7e+03   -3.5   0.1   197   213   523   539   506   540 0.80 transcript=TREG1_9990.2 gene=TREG1_9990
TREG1_9990.3         -            547 339319at33208        -            244     0.023   14.6   0.0   1   2   2.5e-05     0.063   13.1   0.0    40   147   329   438   323   446 0.79 transcript=TREG1_9990.3 gene=TREG1_9990
TREG1_9990.3         -            547 339319at33208        -            244     0.023   14.6   0.0   2   2       3.1   7.7e+03   -3.5   0.1   197   213   523   539   506   540 0.80 transcript=TREG1_9990.3 gene=TREG1_9990
TREG1_9990.4         -            547 339319at33208        -            244     0.023   14.6   0.0   1   2   2.5e-05     0.063   13.1   0.0    40   147   329   438   323   446 0.79 transcript=TREG1_9990.4 gene=TREG1_9990
TREG1_9990.4         -            547 339319at33208        -            244     0.023   14.6   0.0   2   2       3.1   7.7e+03   -3.5   0.1   197   213   523   539   506   540 0.80 transcript=TREG1_9990.4 gene=TREG1_9990
TREG1_9990.5         -            547 339319at33208        -            244     0.023   14.6   0.0   1   2   2.5e-05     0.063   13.1   0.0    40   147   329   438   323   446 0.79 transcript=TREG1_9990.5 gene=TREG1_9990
TREG1_9990.5         -            547 339319at33208        -            244     0.023   14.6   0.0   2   2       3.1   7.7e+03   -3.5   0.1   197   213   523   539   506   540 0.80 transcript=TREG1_9990.5 gene=TREG1_9990
TREG1_9990.6         -            547 339319at33208        -            244     0.023   14.6   0.0   1   2   2.5e-05     0.063   13.1   0.0    40   147   329   438   323   446 0.79 transcript=TREG1_9990.6 gene=TREG1_9990
TREG1_9990.6         -            547 339319at33208        -            244     0.023   14.6   0.0   2   2       3.1   7.7e+03   -3.5   0.1   197   213   523   539   506   540 0.80 transcript=TREG1_9990.6 gene=TREG1_9990
TREG1_9990.7         -            547 339319at33208        -            244     0.023   14.6   0.0   1   2   2.5e-05     0.063   13.1   0.0    40   147   329   438   323   446 0.79 transcript=TREG1_9990.7 gene=TREG1_9990
TREG1_9990.7         -            547 339319at33208        -            244     0.023   14.6   0.0   2   2       3.1   7.7e+03   -3.5   0.1   197   213   523   539   506   540 0.80 transcript=TREG1_9990.7 gene=TREG1_9990
TREG1_9990.8         -            547 339319at33208        -            244     0.023   14.6   0.0   1   2   2.5e-05     0.063   13.1   0.0    40   147   329   438   323   446 0.79 transcript=TREG1_9990.8 gene=TREG1_9990
TREG1_9990.8         -            547 339319at33208        -            244     0.023   14.6   0.0   2   2       3.1   7.7e+03   -3.5   0.1   197   213   523   539   506   540 0.80 transcript=TREG1_9990.8 gene=TREG1_9990
TREG1_117470.1       -             64 339319at33208        -            244      0.13   12.0   0.0   1   1   6.2e-05      0.15   11.9   0.0    12    44    31    63    21    64 0.90 transcript=TREG1_117470.1 gene=TREG1_117470
#
# Program:         hmmsearch
# Version:         3.4 (Aug 2023)
# Pipeline mode:   SEARCH
# Query file:      /users/40483456/busco_datasets/busco_downloads/lineages/metazoa_odb10/hmms/339319at33208.hmm
# Target file:     /users/40483456/protein/trichobilharzia_regenti.fa
# Option settings: hmmsearch --domtblout /users/40483456/busco/results_pro/trichobilharzia_regenti_busco/run_metazoa_odb10/hmmer_output/initial_run_results/339319at33208.out --cpu 1 /users/40483456/busco_datasets/busco_downloads/lineages/metazoa_odb10/hmms/339319at33208.hmm /users/40483456/protein/trichobilharzia_regenti.fa 
# Current dir:     /users/40483456
# Date:            Thu Jan 15 18:02:57 2026
# [ok]
