#                                                                            --- full sequence --- -------------- this domain -------------   hmm coord   ali coord   env coord
# target name        accession   tlen query name           accession   qlen   E-value  score  bias   #  of  c-Evalue  i-Evalue  score  bias  from    to  from    to  from    to  acc description of target
#------------------- ---------- ----- -------------------- ---------- ----- --------- ------ ----- --- --- --------- --------- ------ ----- ----- ----- ----- ----- ----- ----- ---- ---------------------
TREG1_66990.1        -            313 376982at33208        -            259  2.5e-137  457.1   1.2   1   1  3.8e-139  8.6e-136  452.0   1.2     8   259    25   312    22   312 0.94 transcript=TREG1_66990.1 gene=TREG1_66990
TREG1_63010.1        -            346 376982at33208        -            259   1.3e-31  110.6   0.0   1   1     1e-34   2.2e-31  109.8   0.0    16   199    75   265    71   282 0.88 transcript=TREG1_63010.1 gene=TREG1_63010
TREG1_14520.1        -            420 376982at33208        -            259   1.2e-07   32.0   0.0   1   1   8.8e-11     2e-07   31.4   0.0    15   130    82   202    71   217 0.82 transcript=TREG1_14520.1 gene=TREG1_14520
TREG1_39870.1        -            352 376982at33208        -            259   9.3e-06   25.9   0.0   1   1     7e-09   1.6e-05   25.1   0.0    14   148    11   150     5   169 0.83 transcript=TREG1_39870.1 gene=TREG1_39870
TREG1_39900.1        -            352 376982at33208        -            259   9.3e-06   25.9   0.0   1   1     7e-09   1.6e-05   25.1   0.0    14   148    11   150     5   169 0.83 transcript=TREG1_39900.1 gene=TREG1_39900
TREG1_88360.1        -            350 376982at33208        -            259   2.5e-05   24.5   0.0   1   1   1.8e-08   4.1e-05   23.8   0.0    87   130   250   293   212   301 0.92 transcript=TREG1_88360.1 gene=TREG1_88360
TREG1_88360.2        -            350 376982at33208        -            259   2.5e-05   24.5   0.0   1   1   1.8e-08   4.1e-05   23.8   0.0    87   130   250   293   212   301 0.92 transcript=TREG1_88360.2 gene=TREG1_88360
TREG1_88360.3        -            350 376982at33208        -            259   2.5e-05   24.5   0.0   1   1   1.8e-08   4.1e-05   23.8   0.0    87   130   250   293   212   301 0.92 transcript=TREG1_88360.3 gene=TREG1_88360
TREG1_88360.4        -            350 376982at33208        -            259   2.5e-05   24.5   0.0   1   1   1.8e-08   4.1e-05   23.8   0.0    87   130   250   293   212   301 0.92 transcript=TREG1_88360.4 gene=TREG1_88360
TREG1_20190.1        -            273 376982at33208        -            259    0.0084   16.2   0.1   1   2   1.4e-05     0.031   14.3   0.0    37   141    30   131     6   138 0.82 transcript=TREG1_20190.1 gene=TREG1_20190
TREG1_20190.1        -            273 376982at33208        -            259    0.0084   16.2   0.1   2   2      0.61   1.4e+03   -0.9   0.0   224   258   169   205   159   206 0.73 transcript=TREG1_20190.1 gene=TREG1_20190
TREG1_20190.2        -            208 376982at33208        -            259     0.012   15.7   0.0   1   1   7.2e-06     0.016   15.3   0.0    37   141    30   131     6   138 0.83 transcript=TREG1_20190.2 gene=TREG1_20190
#
# Program:         hmmsearch
# Version:         3.4 (Aug 2023)
# Pipeline mode:   SEARCH
# Query file:      /users/40483456/busco_datasets/busco_downloads/lineages/metazoa_odb10/hmms/376982at33208.hmm
# Target file:     /users/40483456/protein/trichobilharzia_regenti.fa
# Option settings: hmmsearch --domtblout /users/40483456/busco/results_pro/trichobilharzia_regenti_busco/run_metazoa_odb10/hmmer_output/initial_run_results/376982at33208.out --cpu 1 /users/40483456/busco_datasets/busco_downloads/lineages/metazoa_odb10/hmms/376982at33208.hmm /users/40483456/protein/trichobilharzia_regenti.fa 
# Current dir:     /users/40483456
# Date:            Thu Jan 15 18:02:59 2026
# [ok]
