#                                                                            --- full sequence --- -------------- this domain -------------   hmm coord   ali coord   env coord
# target name        accession   tlen query name           accession   qlen   E-value  score  bias   #  of  c-Evalue  i-Evalue  score  bias  from    to  from    to  from    to  acc description of target
#------------------- ---------- ----- -------------------- ---------- ----- --------- ------ ----- --- --- --------- --------- ------ ----- ----- ----- ----- ----- ----- ----- ---- ---------------------
TREG1_20910.1        -            827 397019at33208        -            323  7.8e-145  482.6   1.3   1   3  5.2e-147  3.9e-144  480.3   0.1    13   288   432   714   414   724 0.94 transcript=TREG1_20910.1 gene=TREG1_20910
TREG1_20910.1        -            827 397019at33208        -            323  7.8e-145  482.6   1.3   2   3      0.51   3.8e+02    0.6   0.0   289   316   752   779   730   785 0.72 transcript=TREG1_20910.1 gene=TREG1_20910
TREG1_20910.1        -            827 397019at33208        -            323  7.8e-145  482.6   1.3   3   3       6.5   4.9e+03   -3.1   0.0   306   323   810   827   800   827 0.83 transcript=TREG1_20910.1 gene=TREG1_20910
TREG1_24150.2        -            948 397019at33208        -            323   5.8e-15   55.8   1.0   1   3     1e-07   7.8e-05   22.5   0.0    48   134    22   111     4   116 0.83 transcript=TREG1_24150.2 gene=TREG1_24150
TREG1_24150.2        -            948 397019at33208        -            323   5.8e-15   55.8   1.0   2   3     0.028        21    4.7   0.0    32   104   400   470   384   509 0.69 transcript=TREG1_24150.2 gene=TREG1_24150
TREG1_24150.2        -            948 397019at33208        -            323   5.8e-15   55.8   1.0   3   3   1.4e-08   1.1e-05   25.4   0.1    80   199   603   733   596   737 0.76 transcript=TREG1_24150.2 gene=TREG1_24150
TREG1_24150.3        -            973 397019at33208        -            323   6.4e-15   55.7   1.0   1   3   1.1e-07   8.1e-05   22.5   0.0    48   134    22   111     4   116 0.83 transcript=TREG1_24150.3 gene=TREG1_24150
TREG1_24150.3        -            973 397019at33208        -            323   6.4e-15   55.7   1.0   2   3     0.029        22    4.6   0.0    32   104   425   495   409   534 0.69 transcript=TREG1_24150.3 gene=TREG1_24150
TREG1_24150.3        -            973 397019at33208        -            323   6.4e-15   55.7   1.0   3   3   1.5e-08   1.1e-05   25.3   0.1    80   199   628   758   621   762 0.76 transcript=TREG1_24150.3 gene=TREG1_24150
TREG1_24150.7        -           1307 397019at33208        -            323   1.8e-14   54.2   4.0   1   4   1.6e-07   0.00012   22.0   0.0    48   134    22   111     4   116 0.83 transcript=TREG1_24150.7 gene=TREG1_24150
TREG1_24150.7        -           1307 397019at33208        -            323   1.8e-14   54.2   4.0   2   4     0.043        32    4.1   0.0    32   104   425   495   409   533 0.69 transcript=TREG1_24150.7 gene=TREG1_24150
TREG1_24150.7        -           1307 397019at33208        -            323   1.8e-14   54.2   4.0   3   4   2.2e-08   1.7e-05   24.7   0.1    80   199   628   758   621   762 0.76 transcript=TREG1_24150.7 gene=TREG1_24150
TREG1_24150.7        -           1307 397019at33208        -            323   1.8e-14   54.2   4.0   4   4      0.33   2.5e+02    1.2   0.1   221   253  1156  1188  1144  1225 0.83 transcript=TREG1_24150.7 gene=TREG1_24150
TREG1_24150.8        -           1308 397019at33208        -            323   1.8e-14   54.2   4.0   1   4   1.6e-07   0.00012   22.0   0.0    48   134    22   111     4   116 0.83 transcript=TREG1_24150.8 gene=TREG1_24150
TREG1_24150.8        -           1308 397019at33208        -            323   1.8e-14   54.2   4.0   2   4     0.043        32    4.1   0.0    32   104   425   495   409   533 0.69 transcript=TREG1_24150.8 gene=TREG1_24150
TREG1_24150.8        -           1308 397019at33208        -            323   1.8e-14   54.2   4.0   3   4   2.2e-08   1.7e-05   24.7   0.1    80   199   628   758   621   762 0.76 transcript=TREG1_24150.8 gene=TREG1_24150
TREG1_24150.8        -           1308 397019at33208        -            323   1.8e-14   54.2   4.0   4   4      0.33   2.5e+02    1.2   0.1   221   253  1156  1188  1144  1225 0.83 transcript=TREG1_24150.8 gene=TREG1_24150
TREG1_24150.5        -           1328 397019at33208        -            323   1.9e-14   54.1   4.0   1   4   1.6e-07   0.00012   21.9   0.0    48   134    22   111     4   116 0.83 transcript=TREG1_24150.5 gene=TREG1_24150
TREG1_24150.5        -           1328 397019at33208        -            323   1.9e-14   54.1   4.0   2   4     0.044        33    4.1   0.0    32   104   425   495   409   533 0.69 transcript=TREG1_24150.5 gene=TREG1_24150
TREG1_24150.5        -           1328 397019at33208        -            323   1.9e-14   54.1   4.0   3   4   2.3e-08   1.7e-05   24.7   0.1    80   199   628   758   621   762 0.76 transcript=TREG1_24150.5 gene=TREG1_24150
TREG1_24150.5        -           1328 397019at33208        -            323   1.9e-14   54.1   4.0   4   4      0.34   2.5e+02    1.2   0.1   221   253  1156  1188  1144  1225 0.83 transcript=TREG1_24150.5 gene=TREG1_24150
TREG1_24150.6        -           1356 397019at33208        -            323   1.9e-14   54.1   3.9   1   4   1.7e-07   0.00012   21.9   0.0    48   134    22   111     4   116 0.83 transcript=TREG1_24150.6 gene=TREG1_24150
TREG1_24150.6        -           1356 397019at33208        -            323   1.9e-14   54.1   3.9   2   4     0.045        34    4.0   0.0    32   104   400   470   384   508 0.69 transcript=TREG1_24150.6 gene=TREG1_24150
TREG1_24150.6        -           1356 397019at33208        -            323   1.9e-14   54.1   3.9   3   4   2.3e-08   1.7e-05   24.7   0.1    80   199   603   733   596   737 0.76 transcript=TREG1_24150.6 gene=TREG1_24150
TREG1_24150.6        -           1356 397019at33208        -            323   1.9e-14   54.1   3.9   4   4      0.34   2.6e+02    1.1   0.1   221   253  1131  1163  1119  1199 0.83 transcript=TREG1_24150.6 gene=TREG1_24150
TREG1_24150.4        -           1381 397019at33208        -            323   2.1e-14   54.0   3.9   1   4   1.7e-07   0.00013   21.9   0.0    48   134    22   111     4   116 0.83 transcript=TREG1_24150.4 gene=TREG1_24150
TREG1_24150.4        -           1381 397019at33208        -            323   2.1e-14   54.0   3.9   2   4     0.046        34    4.0   0.0    32   104   425   495   409   533 0.69 transcript=TREG1_24150.4 gene=TREG1_24150
TREG1_24150.4        -           1381 397019at33208        -            323   2.1e-14   54.0   3.9   3   4   2.4e-08   1.8e-05   24.6   0.1    80   199   628   758   621   762 0.76 transcript=TREG1_24150.4 gene=TREG1_24150
TREG1_24150.4        -           1381 397019at33208        -            323   2.1e-14   54.0   3.9   4   4      0.35   2.6e+02    1.1   0.1   221   253  1156  1188  1144  1224 0.83 transcript=TREG1_24150.4 gene=TREG1_24150
TREG1_24150.1        -            713 397019at33208        -            323   1.7e-13   51.0   0.7   1   3   7.1e-08   5.3e-05   23.1   0.0    48   134    22   111     4   116 0.83 transcript=TREG1_24150.1 gene=TREG1_24150
TREG1_24150.1        -            713 397019at33208        -            323   1.7e-13   51.0   0.7   2   3     0.019        14    5.3   0.0    32   105   425   496   408   535 0.70 transcript=TREG1_24150.1 gene=TREG1_24150
TREG1_24150.1        -            713 397019at33208        -            323   1.7e-13   51.0   0.7   3   3   1.1e-06   0.00083   19.2   0.1    80   142   628   691   621   710 0.79 transcript=TREG1_24150.1 gene=TREG1_24150
TREG1_88160.5        -           1023 397019at33208        -            323   2.6e-13   50.4   0.0   1   2   2.2e-05     0.016   14.9   0.0    51   139    30   119    14   132 0.86 transcript=TREG1_88160.5 gene=TREG1_88160
TREG1_88160.5        -           1023 397019at33208        -            323   2.6e-13   50.4   0.0   2   2   9.2e-11   6.8e-08   32.6   0.0    49   200   429   583   420   590 0.80 transcript=TREG1_88160.5 gene=TREG1_88160
TREG1_88160.4        -           1044 397019at33208        -            323   2.7e-13   50.4   0.0   1   2   2.1e-05     0.016   15.0   0.0    50   139    64   154    46   167 0.86 transcript=TREG1_88160.4 gene=TREG1_88160
TREG1_88160.4        -           1044 397019at33208        -            323   2.7e-13   50.4   0.0   2   2   9.4e-11     7e-08   32.5   0.0    49   200   464   618   455   625 0.80 transcript=TREG1_88160.4 gene=TREG1_88160
TREG1_88160.1        -           1058 397019at33208        -            323   2.8e-13   50.3   0.0   1   2   2.2e-05     0.016   14.9   0.0    50   139    64   154    46   167 0.86 transcript=TREG1_88160.1 gene=TREG1_88160
TREG1_88160.1        -           1058 397019at33208        -            323   2.8e-13   50.3   0.0   2   2   9.6e-11   7.2e-08   32.5   0.0    49   200   464   618   455   625 0.80 transcript=TREG1_88160.1 gene=TREG1_88160
TREG1_48630.1        -            440 397019at33208        -            323   4.1e-13   49.7   0.1   1   1   8.8e-16   6.6e-13   49.1   0.1    50   172    19   134     6   152 0.86 transcript=TREG1_48630.1 gene=TREG1_48630
TREG1_24150.9        -           1318 397019at33208        -            323   1.3e-12   48.2   2.5   1   4   1.6e-07   0.00012   21.9   0.0    48   134    22   111     4   116 0.83 transcript=TREG1_24150.9 gene=TREG1_24150
TREG1_24150.9        -           1318 397019at33208        -            323   1.3e-12   48.2   2.5   2   4     0.043        32    4.1   0.0    32   104   425   495   409   533 0.69 transcript=TREG1_24150.9 gene=TREG1_24150
TREG1_24150.9        -           1318 397019at33208        -            323   1.3e-12   48.2   2.5   3   4   4.9e-06    0.0036   17.1   0.0    80   132   628   681   621   697 0.87 transcript=TREG1_24150.9 gene=TREG1_24150
TREG1_24150.9        -           1318 397019at33208        -            323   1.3e-12   48.2   2.5   4   4      0.33   2.5e+02    1.2   0.1   221   253  1093  1125  1081  1162 0.83 transcript=TREG1_24150.9 gene=TREG1_24150
TREG1_48620.1        -            112 397019at33208        -            323   1.5e-11   44.6   0.1   1   1   2.3e-14   1.7e-11   44.4   0.1    50   132    19   102     5   111 0.87 transcript=TREG1_48620.1 gene=TREG1_48620
TREG1_88160.2        -           1044 397019at33208        -            323   7.6e-09   35.7   0.0   1   2      0.91   6.8e+02   -0.3   0.0    51    85    65    99    50   141 0.85 transcript=TREG1_88160.2 gene=TREG1_88160
TREG1_88160.2        -           1044 397019at33208        -            323   7.6e-09   35.7   0.0   2   2   9.4e-11     7e-08   32.5   0.0    49   200   450   604   441   611 0.80 transcript=TREG1_88160.2 gene=TREG1_88160
TREG1_118050.1       -            205 397019at33208        -            323   8.6e-09   35.5   0.0   1   1   1.6e-11   1.2e-08   35.1   0.0    55   173     9   121     4   151 0.85 transcript=TREG1_118050.1 gene=TREG1_118050
TREG1_88160.3        -            807 397019at33208        -            323   1.9e-08   34.4   0.0   1   1   6.3e-11   4.7e-08   33.1   0.0    49   200   213   367   204   374 0.80 transcript=TREG1_88160.3 gene=TREG1_88160
TREG1_79100.1        -            428 397019at33208        -            323   6.8e-07   29.3   0.1   1   1   2.6e-09     2e-06   27.8   0.1    54   145    22   112    12   184 0.74 transcript=TREG1_79100.1 gene=TREG1_79100
TREG1_79100.10       -            428 397019at33208        -            323   6.8e-07   29.3   0.1   1   1   2.6e-09     2e-06   27.8   0.1    54   145    22   112    12   184 0.74 transcript=TREG1_79100.10 gene=TREG1_79100
TREG1_79100.2        -            428 397019at33208        -            323   6.8e-07   29.3   0.1   1   1   2.6e-09     2e-06   27.8   0.1    54   145    22   112    12   184 0.74 transcript=TREG1_79100.2 gene=TREG1_79100
TREG1_79100.7        -            428 397019at33208        -            323   6.8e-07   29.3   0.1   1   1   2.6e-09     2e-06   27.8   0.1    54   145    22   112    12   184 0.74 transcript=TREG1_79100.7 gene=TREG1_79100
TREG1_79100.11       -            449 397019at33208        -            323   8.3e-07   29.0   0.1   1   1   3.2e-09   2.4e-06   27.5   0.1    54   144    43   132    36   204 0.74 transcript=TREG1_79100.11 gene=TREG1_79100
TREG1_79100.12       -            449 397019at33208        -            323   8.3e-07   29.0   0.1   1   1   3.2e-09   2.4e-06   27.5   0.1    54   144    43   132    36   204 0.74 transcript=TREG1_79100.12 gene=TREG1_79100
TREG1_79100.3        -            449 397019at33208        -            323   8.3e-07   29.0   0.1   1   1   3.2e-09   2.4e-06   27.5   0.1    54   144    43   132    36   204 0.74 transcript=TREG1_79100.3 gene=TREG1_79100
TREG1_79100.4        -            449 397019at33208        -            323   8.3e-07   29.0   0.1   1   1   3.2e-09   2.4e-06   27.5   0.1    54   144    43   132    36   204 0.74 transcript=TREG1_79100.4 gene=TREG1_79100
TREG1_79100.8        -            449 397019at33208        -            323   8.3e-07   29.0   0.1   1   1   3.2e-09   2.4e-06   27.5   0.1    54   144    43   132    36   204 0.74 transcript=TREG1_79100.8 gene=TREG1_79100
TREG1_79100.9        -            449 397019at33208        -            323   8.3e-07   29.0   0.1   1   1   3.2e-09   2.4e-06   27.5   0.1    54   144    43   132    36   204 0.74 transcript=TREG1_79100.9 gene=TREG1_79100
TREG1_79100.5        -            401 397019at33208        -            323    0.0023   17.7   0.1   1   1   9.4e-06    0.0071   16.1   0.1    75   145    16    85     8   157 0.70 transcript=TREG1_79100.5 gene=TREG1_79100
TREG1_79100.6        -            401 397019at33208        -            323    0.0023   17.7   0.1   1   1   9.4e-06    0.0071   16.1   0.1    75   145    16    85     8   157 0.70 transcript=TREG1_79100.6 gene=TREG1_79100
TREG1_98220.1        -            554 397019at33208        -            323     0.058   13.1   0.0   1   1   0.00014       0.1   12.3   0.0    48   128   184   268   144   274 0.81 transcript=TREG1_98220.1 gene=TREG1_98220
TREG1_98230.1        -            702 397019at33208        -            323       0.1   12.3   0.0   1   1   0.00023      0.17   11.6   0.0    48   128   332   416   292   422 0.81 transcript=TREG1_98230.1 gene=TREG1_98230
TREG1_135010.1       -            361 397019at33208        -            323      0.15   11.8   0.0   1   1   0.00029      0.22   11.2   0.0   118   170    80   132    75   152 0.83 transcript=TREG1_135010.1 gene=TREG1_135010
#
# Program:         hmmsearch
# Version:         3.4 (Aug 2023)
# Pipeline mode:   SEARCH
# Query file:      /users/40483456/busco_datasets/busco_downloads/lineages/metazoa_odb10/hmms/397019at33208.hmm
# Target file:     /users/40483456/protein/trichobilharzia_regenti.fa
# Option settings: hmmsearch --domtblout /users/40483456/busco/results_pro/trichobilharzia_regenti_busco/run_metazoa_odb10/hmmer_output/initial_run_results/397019at33208.out --cpu 1 /users/40483456/busco_datasets/busco_downloads/lineages/metazoa_odb10/hmms/397019at33208.hmm /users/40483456/protein/trichobilharzia_regenti.fa 
# Current dir:     /users/40483456
# Date:            Thu Jan 15 18:03:04 2026
# [ok]
