#                                                                            --- full sequence --- -------------- this domain -------------   hmm coord   ali coord   env coord
# target name        accession   tlen query name           accession   qlen   E-value  score  bias   #  of  c-Evalue  i-Evalue  score  bias  from    to  from    to  from    to  acc description of target
#------------------- ---------- ----- -------------------- ---------- ----- --------- ------ ----- --- --- --------- --------- ------ ----- ----- ----- ----- ----- ----- ----- ---- ---------------------
TREG1_21020.1        -            207 424646at33208        -            224     0.006   16.6   5.7   1   1   4.3e-06    0.0087   16.1   5.7    59   158    43   140    34   141 0.69 transcript=TREG1_21020.1 gene=TREG1_21020
TREG1_19560.1        -           1286 424646at33208        -            224     0.011   15.7   0.0   1   1   1.1e-05     0.023   14.7   0.0    62   197  1059  1180  1050  1201 0.65 transcript=TREG1_19560.1 gene=TREG1_19560
TREG1_108410.3       -            208 424646at33208        -            224     0.017   15.1   3.9   1   1   1.2e-05     0.025   14.6   3.9    78   155    32    99     9   112 0.78 transcript=TREG1_108410.3 gene=TREG1_108410
TREG1_108420.1       -            278 424646at33208        -            224      0.07   13.1   3.4   1   1   4.9e-05       0.1   12.6   3.4    78   156   102   170    79   185 0.75 transcript=TREG1_108420.1 gene=TREG1_108420
TREG1_39140.1        -            137 424646at33208        -            224      0.11   12.4   5.6   1   1   6.6e-05      0.14   12.2   5.6    79   148    54   128    32   136 0.82 transcript=TREG1_39140.1 gene=TREG1_39140
TREG1_39140.2        -            176 424646at33208        -            224      0.19   11.7   5.6   1   1   0.00013      0.26   11.2   5.6    79   148    93   167    71   175 0.82 transcript=TREG1_39140.2 gene=TREG1_39140
TREG1_29670.1        -            454 424646at33208        -            224      0.25   11.3   8.2   1   3      0.87   1.8e+03   -1.3   0.0   149   165   206   222   200   241 0.77 transcript=TREG1_29670.1 gene=TREG1_29670
TREG1_29670.1        -            454 424646at33208        -            224      0.25   11.3   8.2   2   3     0.022        44    3.9   1.2    96   139   288   331   255   351 0.68 transcript=TREG1_29670.1 gene=TREG1_29670
TREG1_29670.1        -            454 424646at33208        -            224      0.25   11.3   8.2   3   3   0.00014      0.29   11.1   1.2    79   153   330   409   326   413 0.77 transcript=TREG1_29670.1 gene=TREG1_29670
TREG1_34920.1        -            109 424646at33208        -            224      0.26   11.3   5.5   1   1   0.00016      0.34   10.9   5.5    91   157    26    93     3    96 0.70 transcript=TREG1_34920.1 gene=TREG1_34920
TREG1_143680.2       -            253 424646at33208        -            224      0.32   11.0   1.3   1   2      0.71   1.5e+03   -1.0   1.1   196   215    23    42     3    53 0.54 transcript=TREG1_143680.2 gene=TREG1_143680
TREG1_143680.2       -            253 424646at33208        -            224      0.32   11.0   1.3   2   2   0.00039       0.8    9.7   0.0    66   126   187   243   177   251 0.76 transcript=TREG1_143680.2 gene=TREG1_143680
TREG1_92540.1        -            178 424646at33208        -            224       2.4    8.1  23.9   1   2     0.093   1.9e+02    1.9   6.1   112   154     7    47     2    91 0.60 transcript=TREG1_92540.1 gene=TREG1_92540
TREG1_92540.1        -            178 424646at33208        -            224       2.4    8.1  23.9   2   2   0.00013      0.28   11.2  10.4    88   154    92   159    84   167 0.88 transcript=TREG1_92540.1 gene=TREG1_92540
TREG1_70700.1        -            260 424646at33208        -            224       4.5    7.2   9.6   1   2    0.0026       5.4    6.9   6.9    92   160    25   102    11   114 0.76 transcript=TREG1_70700.1 gene=TREG1_70700
TREG1_70700.1        -            260 424646at33208        -            224       4.5    7.2   9.6   2   2    0.0049        10    6.0   8.7    91   170    63   141    45   191 0.54 transcript=TREG1_70700.1 gene=TREG1_70700
TREG1_103760.1       -            380 424646at33208        -            224       8.1    6.4  28.3   1   5      0.19   3.9e+02    0.8   1.7    76   138    61   127    34   140 0.61 transcript=TREG1_103760.1 gene=TREG1_103760
TREG1_103760.1       -            380 424646at33208        -            224       8.1    6.4  28.3   2   5    0.0053        11    5.9   2.4    90   138   143   191   125   213 0.69 transcript=TREG1_103760.1 gene=TREG1_103760
TREG1_103760.1       -            380 424646at33208        -            224       8.1    6.4  28.3   3   5    0.0011       2.3    8.1   0.7    94   149   186   244   180   251 0.71 transcript=TREG1_103760.1 gene=TREG1_103760
TREG1_103760.1       -            380 424646at33208        -            224       8.1    6.4  28.3   4   5    0.0081        17    5.3   3.1    91   139   223   271   208   288 0.75 transcript=TREG1_103760.1 gene=TREG1_103760
TREG1_103760.1       -            380 424646at33208        -            224       8.1    6.4  28.3   5   5    0.0054        11    5.9   4.3    85   160   281   355   258   360 0.73 transcript=TREG1_103760.1 gene=TREG1_103760
#
# Program:         hmmsearch
# Version:         3.4 (Aug 2023)
# Pipeline mode:   SEARCH
# Query file:      /users/40483456/busco_datasets/busco_downloads/lineages/metazoa_odb10/hmms/424646at33208.hmm
# Target file:     /users/40483456/protein/trichobilharzia_regenti.fa
# Option settings: hmmsearch --domtblout /users/40483456/busco/results_pro/trichobilharzia_regenti_busco/run_metazoa_odb10/hmmer_output/initial_run_results/424646at33208.out --cpu 1 /users/40483456/busco_datasets/busco_downloads/lineages/metazoa_odb10/hmms/424646at33208.hmm /users/40483456/protein/trichobilharzia_regenti.fa 
# Current dir:     /users/40483456
# Date:            Thu Jan 15 18:03:15 2026
# [ok]
