#                                                                            --- full sequence --- -------------- this domain -------------   hmm coord   ali coord   env coord
# target name        accession   tlen query name           accession   qlen   E-value  score  bias   #  of  c-Evalue  i-Evalue  score  bias  from    to  from    to  from    to  acc description of target
#------------------- ---------- ----- -------------------- ---------- ----- --------- ------ ----- --- --- --------- --------- ------ ----- ----- ----- ----- ----- ----- ----- ---- ---------------------
TREG1_45890.1        -            510 442823at33208        -            329   4.5e-69  233.7  11.8   1   4    0.0047        17    5.0   0.0     3    39    25    61    23    74 0.79 transcript=TREG1_45890.1 gene=TREG1_45890
TREG1_45890.1        -            510 442823at33208        -            329   4.5e-69  233.7  11.8   2   4   5.7e-54     2e-50  172.3   3.0    59   243   132   356   108   365 0.81 transcript=TREG1_45890.1 gene=TREG1_45890
TREG1_45890.1        -            510 442823at33208        -            329   4.5e-69  233.7  11.8   3   4   2.8e-17   9.8e-14   51.8   1.9   224   310   356   451   349   459 0.74 transcript=TREG1_45890.1 gene=TREG1_45890
TREG1_45890.1        -            510 442823at33208        -            329   4.5e-69  233.7  11.8   4   4    0.0057        20    4.7   0.0   291   327   470   508   465   510 0.82 transcript=TREG1_45890.1 gene=TREG1_45890
TREG1_45890.2        -            393 442823at33208        -            329   1.1e-67  229.1  11.4   1   3   7.5e-54   2.7e-50  171.9   3.4    60   243    16   239     6   247 0.83 transcript=TREG1_45890.2 gene=TREG1_45890
TREG1_45890.2        -            393 442823at33208        -            329   1.1e-67  229.1  11.4   2   3     2e-17     7e-14   52.2   2.1   224   310   239   334   232   342 0.74 transcript=TREG1_45890.2 gene=TREG1_45890
TREG1_45890.2        -            393 442823at33208        -            329   1.1e-67  229.1  11.4   3   3    0.0041        14    5.2   0.0   291   327   353   391   348   393 0.82 transcript=TREG1_45890.2 gene=TREG1_45890
TREG1_128240.1       -           1041 442823at33208        -            329     5e-11   42.9   9.2   1   4   0.00071       2.5    7.7   0.0     3    30    11    38     9    44 0.89 transcript=TREG1_128240.1 gene=TREG1_128240
TREG1_128240.1       -           1041 442823at33208        -            329     5e-11   42.9   9.2   2   4    0.0012       4.1    7.0   0.0   103   133   668   701   619   716 0.73 transcript=TREG1_128240.1 gene=TREG1_128240
TREG1_128240.1       -           1041 442823at33208        -            329     5e-11   42.9   9.2   3   4   6.3e-09   2.2e-05   24.3   5.2   204   269   847   914   817   917 0.74 transcript=TREG1_128240.1 gene=TREG1_128240
TREG1_128240.1       -           1041 442823at33208        -            329     5e-11   42.9   9.2   4   4     0.042   1.5e+02    1.9   0.0   273   317   977  1031   952  1039 0.68 transcript=TREG1_128240.1 gene=TREG1_128240
TREG1_28770.1        -            604 442823at33208        -            329   1.1e-06   28.5   0.1   1   3       1.8   6.5e+03   -3.5   0.0     5    41    17    52    14    56 0.77 transcript=TREG1_28770.1 gene=TREG1_28770
TREG1_28770.1        -            604 442823at33208        -            329   1.1e-06   28.5   0.1   2   3   1.1e-06    0.0039   16.9   0.1    74   187   165   286   140   303 0.77 transcript=TREG1_28770.1 gene=TREG1_28770
TREG1_28770.1        -            604 442823at33208        -            329   1.1e-06   28.5   0.1   3   3   0.00032       1.1    8.9   0.0   255   326   522   603   508   604 0.72 transcript=TREG1_28770.1 gene=TREG1_28770
TREG1_70870.1        -            311 442823at33208        -            329   1.8e-05   24.6   0.3   1   2         7   2.5e+04   -8.1  16.7   208   254   102   150    72   163 0.69 transcript=TREG1_70870.1 gene=TREG1_70870
TREG1_70870.1        -            311 442823at33208        -            329   1.8e-05   24.6   0.3   2   2   5.2e-09   1.8e-05   24.6   0.3   202   324   157   304   142   309 0.66 transcript=TREG1_70870.1 gene=TREG1_70870
TREG1_49870.2        -            398 442823at33208        -            329     0.034   13.8   0.0   1   1   1.5e-05     0.054   13.2   0.0   242   320   304   392   297   396 0.73 transcript=TREG1_49870.2 gene=TREG1_49870
TREG1_45420.1        -            124 442823at33208        -            329      0.13   12.0   0.0   1   1   6.1e-05      0.21   11.2   0.0   285   323    51    88    40    92 0.86 transcript=TREG1_45420.1 gene=TREG1_45420
#
# Program:         hmmsearch
# Version:         3.4 (Aug 2023)
# Pipeline mode:   SEARCH
# Query file:      /users/40483456/busco_datasets/busco_downloads/lineages/metazoa_odb10/hmms/442823at33208.hmm
# Target file:     /users/40483456/protein/trichobilharzia_regenti.fa
# Option settings: hmmsearch --domtblout /users/40483456/busco/results_pro/trichobilharzia_regenti_busco/run_metazoa_odb10/hmmer_output/initial_run_results/442823at33208.out --cpu 1 /users/40483456/busco_datasets/busco_downloads/lineages/metazoa_odb10/hmms/442823at33208.hmm /users/40483456/protein/trichobilharzia_regenti.fa 
# Current dir:     /users/40483456
# Date:            Thu Jan 15 18:03:19 2026
# [ok]
