#                                                                            --- full sequence --- -------------- this domain -------------   hmm coord   ali coord   env coord
# target name        accession   tlen query name           accession   qlen   E-value  score  bias   #  of  c-Evalue  i-Evalue  score  bias  from    to  from    to  from    to  acc description of target
#------------------- ---------- ----- -------------------- ---------- ----- --------- ------ ----- --- --- --------- --------- ------ ----- ----- ----- ----- ----- ----- ----- ---- ---------------------
TREG1_24240.2        -            728 445031at33208        -            313   2.1e-21   76.9   0.1   1   2   2.6e-22   1.1e-19   71.3   0.1   243   308    17    79     7    82 0.91 transcript=TREG1_24240.2 gene=TREG1_24240
TREG1_24240.2        -            728 445031at33208        -            313   2.1e-21   76.9   0.1   2   2      0.16        68    2.9   0.0   125   201   241   320   230   363 0.73 transcript=TREG1_24240.2 gene=TREG1_24240
TREG1_24240.1        -            972 445031at33208        -            313   4.6e-21   75.8   0.1   1   2   3.8e-22   1.6e-19   70.7   0.1   243   308    17    79     7    82 0.91 transcript=TREG1_24240.1 gene=TREG1_24240
TREG1_24240.1        -            972 445031at33208        -            313   4.6e-21   75.8   0.1   2   2      0.25     1e+02    2.4   0.0   125   201   241   320   231   363 0.73 transcript=TREG1_24240.1 gene=TREG1_24240
TREG1_14510.1        -            282 445031at33208        -            313   1.1e-20   74.5   0.1   1   1     4e-23   1.6e-20   74.0   0.1   247   306     7    65     3    71 0.95 transcript=TREG1_14510.1 gene=TREG1_14510
TREG1_1000.1         -            276 445031at33208        -            313     8e-20   71.7   0.3   1   1   3.8e-22   1.6e-19   70.7   0.2   244   305     4    64     1    69 0.94 transcript=TREG1_1000.1 gene=TREG1_1000
TREG1_1000.2         -            276 445031at33208        -            313     8e-20   71.7   0.3   1   1   3.8e-22   1.6e-19   70.7   0.2   244   305     4    64     1    69 0.94 transcript=TREG1_1000.2 gene=TREG1_1000
TREG1_1000.3         -            276 445031at33208        -            313     8e-20   71.7   0.3   1   1   3.8e-22   1.6e-19   70.7   0.2   244   305     4    64     1    69 0.94 transcript=TREG1_1000.3 gene=TREG1_1000
TREG1_1000.4         -            276 445031at33208        -            313     8e-20   71.7   0.3   1   1   3.8e-22   1.6e-19   70.7   0.2   244   305     4    64     1    69 0.94 transcript=TREG1_1000.4 gene=TREG1_1000
TREG1_1000.5         -            276 445031at33208        -            313     8e-20   71.7   0.3   1   1   3.8e-22   1.6e-19   70.7   0.2   244   305     4    64     1    69 0.94 transcript=TREG1_1000.5 gene=TREG1_1000
TREG1_40740.1        -            465 445031at33208        -            313   2.2e-18   67.0   4.6   1   1   9.1e-21   3.7e-18   66.2   4.6   207   307   321   421   297   424 0.85 transcript=TREG1_40740.1 gene=TREG1_40740
TREG1_3580.1         -            305 445031at33208        -            313     8e-17   61.8   0.1   1   1   3.2e-19   1.3e-16   61.1   0.1   245   306     4    62     2    67 0.93 transcript=TREG1_3580.1 gene=TREG1_3580
TREG1_94600.1        -            203 445031at33208        -            313   2.3e-16   60.3   1.4   1   2   1.9e-18     8e-16   58.6   0.7   242   307    22    85    14    89 0.89 transcript=TREG1_94600.1 gene=TREG1_94600
TREG1_94600.1        -            203 445031at33208        -            313   2.3e-16   60.3   1.4   2   2       1.3   5.3e+02    0.0   0.0   157   197   102   142    91   153 0.76 transcript=TREG1_94600.1 gene=TREG1_94600
TREG1_87410.1        -            402 445031at33208        -            313   8.3e-16   58.5   0.2   1   1   3.4e-18   1.4e-15   57.7   0.2   245   308    32    93    26    97 0.92 transcript=TREG1_87410.1 gene=TREG1_87410
TREG1_18220.2        -            170 445031at33208        -            313   3.1e-15   56.6   0.1   1   1   9.2e-18   3.8e-15   56.3   0.1   241   308    30    94    15    99 0.88 transcript=TREG1_18220.2 gene=TREG1_18220
TREG1_18220.1        -            200 445031at33208        -            313   3.9e-15   56.3   0.1   1   1   1.3e-17   5.4e-15   55.8   0.1   241   308    30    94    15    99 0.88 transcript=TREG1_18220.1 gene=TREG1_18220
TREG1_18220.3        -            200 445031at33208        -            313   3.9e-15   56.3   0.1   1   1   1.3e-17   5.4e-15   55.8   0.1   241   308    30    94    15    99 0.88 transcript=TREG1_18220.3 gene=TREG1_18220
TREG1_36620.1        -            176 445031at33208        -            313     1e-14   54.9   1.4   1   2   3.2e-16   1.3e-13   51.3   0.1   242   309    14    76     2    79 0.89 transcript=TREG1_36620.1 gene=TREG1_36620
TREG1_36620.1        -            176 445031at33208        -            313     1e-14   54.9   1.4   2   2      0.17        71    2.9   0.1   124   168   125   169   107   175 0.72 transcript=TREG1_36620.1 gene=TREG1_36620
TREG1_100850.1       -            454 445031at33208        -            313   2.4e-14   53.7   4.5   1   2      0.75   3.1e+02    0.8   0.2   269   293   204   228   197   243 0.82 transcript=TREG1_100850.1 gene=TREG1_100850
TREG1_100850.1       -            454 445031at33208        -            313   2.4e-14   53.7   4.5   2   2   5.9e-17   2.4e-14   53.7   4.5   227   310   331   417   239   419 0.79 transcript=TREG1_100850.1 gene=TREG1_100850
TREG1_7140.1         -            681 445031at33208        -            313   4.3e-14   52.9   1.0   1   2   2.4e-16     1e-13   51.7   0.2   243   309   100   163    77   166 0.88 transcript=TREG1_7140.1 gene=TREG1_7140
TREG1_7140.1         -            681 445031at33208        -            313   4.3e-14   52.9   1.0   2   2       3.6   1.5e+03   -1.5   0.0   140   168   342   369   340   388 0.80 transcript=TREG1_7140.1 gene=TREG1_7140
TREG1_109870.1       -            345 445031at33208        -            313     2e-13   50.7   0.8   1   1   8.9e-16   3.6e-13   49.8   0.8   244   308    39   104    26   107 0.91 transcript=TREG1_109870.1 gene=TREG1_109870
TREG1_48370.1        -            401 445031at33208        -            313   6.8e-13   48.9   0.0   1   1   2.3e-15   9.4e-13   48.5   0.0   243   306     4    62     1    67 0.91 transcript=TREG1_48370.1 gene=TREG1_48370
TREG1_57540.1        -            224 445031at33208        -            313   8.9e-13   48.5   0.0   1   1   3.7e-15   1.5e-12   47.8   0.0   240   308    41   110    20   113 0.87 transcript=TREG1_57540.1 gene=TREG1_57540
TREG1_480.2          -            184 445031at33208        -            313   1.4e-12   47.9   0.1   1   1   4.1e-15   1.7e-12   47.6   0.1   243   308    46   110     9   115 0.88 transcript=TREG1_480.2 gene=TREG1_480
TREG1_54050.1        -            552 445031at33208        -            313   1.5e-12   47.8   0.0   1   1     9e-15   3.7e-12   46.5   0.0   233   305    49   118    32   124 0.83 transcript=TREG1_54050.1 gene=TREG1_54050
TREG1_480.1          -            243 445031at33208        -            313   1.9e-12   47.5   0.1   1   1     8e-15   3.3e-12   46.7   0.1   243   308    46   110    10   114 0.89 transcript=TREG1_480.1 gene=TREG1_480
TREG1_49580.2        -            369 445031at33208        -            313     1e-11   45.1   0.1   1   1   3.9e-14   1.6e-11   44.4   0.1   245   306    25    84    15    89 0.91 transcript=TREG1_49580.2 gene=TREG1_49580
TREG1_30430.2        -            137 445031at33208        -            313   1.5e-11   44.6   0.0   1   1   4.7e-14   1.9e-11   44.2   0.0   241   304    10    70     2    76 0.90 transcript=TREG1_30430.2 gene=TREG1_30430
TREG1_30430.1        -            144 445031at33208        -            313   1.6e-11   44.4   0.0   1   1   5.3e-14   2.2e-11   44.0   0.0   241   304    10    70     2    76 0.90 transcript=TREG1_30430.1 gene=TREG1_30430
TREG1_30430.4        -            144 445031at33208        -            313   1.6e-11   44.4   0.0   1   1   5.3e-14   2.2e-11   44.0   0.0   241   304    10    70     2    76 0.90 transcript=TREG1_30430.4 gene=TREG1_30430
TREG1_83530.1        -            211 445031at33208        -            313     2e-11   44.1   0.0   1   1   9.8e-14     4e-11   43.1   0.0   244   305    17    76     9    82 0.87 transcript=TREG1_83530.1 gene=TREG1_83530
TREG1_122890.1       -            594 445031at33208        -            313   2.9e-11   43.6   0.3   1   1   1.3e-13   5.4e-11   42.7   0.3   247   306     5    61     2    68 0.92 transcript=TREG1_122890.1 gene=TREG1_122890
TREG1_113720.1       -            900 445031at33208        -            313   3.3e-10   40.1   0.0   1   1   1.6e-12   6.6e-10   39.1   0.0   245   307   106   162    15   166 0.83 transcript=TREG1_113720.1 gene=TREG1_113720
TREG1_81620.1        -            278 445031at33208        -            313   2.6e-09   37.1   0.3   1   1   1.2e-11   4.7e-09   36.3   0.3   242   306    13    77     2    82 0.90 transcript=TREG1_81620.1 gene=TREG1_81620
TREG1_81620.2        -            278 445031at33208        -            313   2.6e-09   37.1   0.3   1   1   1.2e-11   4.7e-09   36.3   0.3   242   306    13    77     2    82 0.90 transcript=TREG1_81620.2 gene=TREG1_81620
TREG1_81620.3        -            278 445031at33208        -            313   2.6e-09   37.1   0.3   1   1   1.2e-11   4.7e-09   36.3   0.3   242   306    13    77     2    82 0.90 transcript=TREG1_81620.3 gene=TREG1_81620
TREG1_81620.4        -            278 445031at33208        -            313   2.6e-09   37.1   0.3   1   1   1.2e-11   4.7e-09   36.3   0.3   242   306    13    77     2    82 0.90 transcript=TREG1_81620.4 gene=TREG1_81620
TREG1_18970.1        -            313 445031at33208        -            313   1.1e-08   35.0   0.0   1   1   4.1e-11   1.7e-08   34.5   0.0   247   306     6    63     3    68 0.91 transcript=TREG1_18970.1 gene=TREG1_18970
TREG1_30050.1        -            662 445031at33208        -            313   1.3e-08   34.8   0.0   1   1   5.7e-11   2.3e-08   34.0   0.0   236   307    39   122    32   127 0.76 transcript=TREG1_30050.1 gene=TREG1_30050
TREG1_135670.1       -            326 445031at33208        -            313   1.2e-07   31.7   0.2   1   1   4.2e-10   1.7e-07   31.2   0.2   213   304   227   319   196   323 0.77 transcript=TREG1_135670.1 gene=TREG1_135670
TREG1_54110.1        -            264 445031at33208        -            313   1.4e-07   31.4   0.3   1   1     6e-10   2.5e-07   30.7   0.3   247   310     6    67     3    71 0.90 transcript=TREG1_54110.1 gene=TREG1_54110
TREG1_90140.1        -            596 445031at33208        -            313     2e-07   30.9   0.1   1   1     1e-09   4.1e-07   29.9   0.1   234   307    36   117    15   121 0.79 transcript=TREG1_90140.1 gene=TREG1_90140
TREG1_84370.1        -            200 445031at33208        -            313   2.9e-07   30.4   0.4   1   1   1.1e-09   4.3e-07   29.9   0.4   271   309    63    98    60   100 0.92 transcript=TREG1_84370.1 gene=TREG1_84370
TREG1_134140.1       -           1817 445031at33208        -            313   1.8e-06   27.8   0.1   1   2       1.4   5.7e+02   -0.1   0.0   145   187   124   166   109   181 0.81 transcript=TREG1_134140.1 gene=TREG1_134140
TREG1_134140.1       -           1817 445031at33208        -            313   1.8e-06   27.8   0.1   2   2   3.3e-08   1.4e-05   25.0   0.0   244   305   733   789   699   795 0.80 transcript=TREG1_134140.1 gene=TREG1_134140
TREG1_26430.1        -            127 445031at33208        -            313   1.8e-05   24.5   5.1   1   1   5.8e-08   2.4e-05   24.1   5.1     9    53    48    92    44    99 0.94 transcript=TREG1_26430.1 gene=TREG1_26430
TREG1_10450.5        -           1242 445031at33208        -            313    0.0024   17.6   0.0   1   1   1.1e-05    0.0044   16.7   0.0   251   309  1179  1238  1175  1241 0.81 transcript=TREG1_10450.5 gene=TREG1_10450
TREG1_10450.3        -           1334 445031at33208        -            313    0.0027   17.4   0.0   1   1   1.2e-05    0.0048   16.6   0.0   251   309  1271  1330  1267  1333 0.81 transcript=TREG1_10450.3 gene=TREG1_10450
TREG1_10450.2        -           1400 445031at33208        -            313    0.0028   17.4   0.0   1   1   1.2e-05     0.005   16.5   0.0   251   309  1337  1396  1333  1399 0.81 transcript=TREG1_10450.2 gene=TREG1_10450
TREG1_10450.4        -           1400 445031at33208        -            313    0.0028   17.4   0.0   1   1   1.2e-05     0.005   16.5   0.0   251   309  1337  1396  1333  1399 0.81 transcript=TREG1_10450.4 gene=TREG1_10450
TREG1_30430.3        -            109 445031at33208        -            313    0.0035   17.0   0.0   1   1   1.2e-05    0.0049   16.5   0.0   269   304     3    35     1    41 0.87 transcript=TREG1_30430.3 gene=TREG1_30430
TREG1_24640.3        -            267 445031at33208        -            313     0.007   16.0   4.3   1   2       7.7   3.2e+03   -2.5   0.1   192   264    30    61     7    72 0.43 transcript=TREG1_24640.3 gene=TREG1_24640
TREG1_24640.3        -            267 445031at33208        -            313     0.007   16.0   4.3   2   2   1.7e-05     0.007   16.0   4.3     3    53   203   253   201   260 0.92 transcript=TREG1_24640.3 gene=TREG1_24640
TREG1_24640.1        -            280 445031at33208        -            313    0.0075   15.9   4.3   1   2       9.9   4.1e+03   -2.9   0.0   240   265    50    75     9    85 0.45 transcript=TREG1_24640.1 gene=TREG1_24640
TREG1_24640.1        -            280 445031at33208        -            313    0.0075   15.9   4.3   2   2   1.8e-05    0.0075   15.9   4.3     3    53   216   266   214   273 0.92 transcript=TREG1_24640.1 gene=TREG1_24640
TREG1_24640.2        -            280 445031at33208        -            313    0.0075   15.9   4.3   1   2       9.9   4.1e+03   -2.9   0.0   240   265    50    75     9    85 0.45 transcript=TREG1_24640.2 gene=TREG1_24640
TREG1_24640.2        -            280 445031at33208        -            313    0.0075   15.9   4.3   2   2   1.8e-05    0.0075   15.9   4.3     3    53   216   266   214   273 0.92 transcript=TREG1_24640.2 gene=TREG1_24640
TREG1_53810.1        -            142 445031at33208        -            313     0.012   15.3   0.0   1   1   3.6e-05     0.015   15.0   0.0   255   308     2    51     1    54 0.90 transcript=TREG1_53810.1 gene=TREG1_53810
TREG1_15340.1        -            418 445031at33208        -            313     0.012   15.2   0.2   1   1   5.5e-05     0.023   14.4   0.2   242   310    30   103    10   106 0.87 transcript=TREG1_15340.1 gene=TREG1_15340
TREG1_37030.1        -            204 445031at33208        -            313     0.024   14.3   0.0   1   1   9.8e-05      0.04   13.5   0.0   257   306    30    82    13    85 0.81 transcript=TREG1_37030.1 gene=TREG1_37030
TREG1_67260.5        -            721 445031at33208        -            313     0.045   13.4   0.1   1   2   0.00011     0.045   13.4   0.1   104   177   156   222   112   241 0.77 transcript=TREG1_67260.5 gene=TREG1_67260
TREG1_67260.5        -            721 445031at33208        -            313     0.045   13.4   0.1   2   2       5.7   2.3e+03   -2.1   1.0   172   224   462   516   458   563 0.77 transcript=TREG1_67260.5 gene=TREG1_67260
TREG1_67260.1        -           1018 445031at33208        -            313     0.072   12.7   0.1   1   3   0.00018     0.072   12.7   0.1   104   177   156   222   113   241 0.77 transcript=TREG1_67260.1 gene=TREG1_67260
TREG1_67260.1        -           1018 445031at33208        -            313     0.072   12.7   0.1   2   3       8.2   3.4e+03   -2.6   0.6   172   224   462   516   459   534 0.78 transcript=TREG1_67260.1 gene=TREG1_67260
TREG1_67260.1        -           1018 445031at33208        -            313     0.072   12.7   0.1   3   3      0.36   1.5e+02    1.8   4.1    31   194   674   838   671   865 0.75 transcript=TREG1_67260.1 gene=TREG1_67260
TREG1_67260.2        -           1018 445031at33208        -            313     0.072   12.7   0.1   1   3   0.00018     0.072   12.7   0.1   104   177   156   222   113   241 0.77 transcript=TREG1_67260.2 gene=TREG1_67260
TREG1_67260.2        -           1018 445031at33208        -            313     0.072   12.7   0.1   2   3       8.2   3.4e+03   -2.6   0.6   172   224   462   516   459   534 0.78 transcript=TREG1_67260.2 gene=TREG1_67260
TREG1_67260.2        -           1018 445031at33208        -            313     0.072   12.7   0.1   3   3      0.36   1.5e+02    1.8   4.1    31   194   674   838   671   865 0.75 transcript=TREG1_67260.2 gene=TREG1_67260
TREG1_67260.3        -           1018 445031at33208        -            313     0.072   12.7   0.1   1   3   0.00018     0.072   12.7   0.1   104   177   156   222   113   241 0.77 transcript=TREG1_67260.3 gene=TREG1_67260
TREG1_67260.3        -           1018 445031at33208        -            313     0.072   12.7   0.1   2   3       8.2   3.4e+03   -2.6   0.6   172   224   462   516   459   534 0.78 transcript=TREG1_67260.3 gene=TREG1_67260
TREG1_67260.3        -           1018 445031at33208        -            313     0.072   12.7   0.1   3   3      0.36   1.5e+02    1.8   4.1    31   194   674   838   671   865 0.75 transcript=TREG1_67260.3 gene=TREG1_67260
TREG1_67260.4        -           1018 445031at33208        -            313     0.072   12.7   0.1   1   3   0.00018     0.072   12.7   0.1   104   177   156   222   113   241 0.77 transcript=TREG1_67260.4 gene=TREG1_67260
TREG1_67260.4        -           1018 445031at33208        -            313     0.072   12.7   0.1   2   3       8.2   3.4e+03   -2.6   0.6   172   224   462   516   459   534 0.78 transcript=TREG1_67260.4 gene=TREG1_67260
TREG1_67260.4        -           1018 445031at33208        -            313     0.072   12.7   0.1   3   3      0.36   1.5e+02    1.8   4.1    31   194   674   838   671   865 0.75 transcript=TREG1_67260.4 gene=TREG1_67260
TREG1_13400.3        -            671 445031at33208        -            313      0.26   10.9   0.3   1   2         6   2.5e+03   -2.2   0.0   144   202   345   403   327   432 0.73 transcript=TREG1_13400.3 gene=TREG1_13400
TREG1_13400.3        -            671 445031at33208        -            313      0.26   10.9   0.3   2   2    0.0023      0.94    9.0   0.7   139   207   577   645   566   665 0.86 transcript=TREG1_13400.3 gene=TREG1_13400
#
# Program:         hmmsearch
# Version:         3.4 (Aug 2023)
# Pipeline mode:   SEARCH
# Query file:      /users/40483456/busco_datasets/busco_downloads/lineages/metazoa_odb10/hmms/445031at33208.hmm
# Target file:     /users/40483456/protein/trichobilharzia_regenti.fa
# Option settings: hmmsearch --domtblout /users/40483456/busco/results_pro/trichobilharzia_regenti_busco/run_metazoa_odb10/hmmer_output/initial_run_results/445031at33208.out --cpu 1 /users/40483456/busco_datasets/busco_downloads/lineages/metazoa_odb10/hmms/445031at33208.hmm /users/40483456/protein/trichobilharzia_regenti.fa 
# Current dir:     /users/40483456
# Date:            Thu Jan 15 18:03:05 2026
# [ok]
