#                                                                            --- full sequence --- -------------- this domain -------------   hmm coord   ali coord   env coord
# target name        accession   tlen query name           accession   qlen   E-value  score  bias   #  of  c-Evalue  i-Evalue  score  bias  from    to  from    to  from    to  acc description of target
#------------------- ---------- ----- -------------------- ---------- ----- --------- ------ ----- --- --- --------- --------- ------ ----- ----- ----- ----- ----- ----- ----- ---- ---------------------
TREG1_70400.1        -            424 500808at33208        -            310   1.6e-84  284.0  16.6   1   2   1.3e-33   2.4e-30  106.0   6.4     5   158    12   200     8   224 0.79 transcript=TREG1_70400.1 gene=TREG1_70400
TREG1_70400.1        -            424 500808at33208        -            310   1.6e-84  284.0  16.6   2   2   9.9e-55   1.9e-51  175.3   2.5   150   310   241   411   230   411 0.89 transcript=TREG1_70400.1 gene=TREG1_70400
TREG1_120840.1       -            846 500808at33208        -            310   1.3e-08   34.7   2.8   1   2      0.75   1.4e+03   -1.6   0.2     6    26   288   308   284   388 0.55 transcript=TREG1_120840.1 gene=TREG1_120840
TREG1_120840.1       -            846 500808at33208        -            310   1.3e-08   34.7   2.8   2   2   6.7e-12   1.3e-08   34.7   2.8   223   302   552   634   545   641 0.89 transcript=TREG1_120840.1 gene=TREG1_120840
TREG1_85750.1        -            805 500808at33208        -            310   9.7e-07   28.5   2.5   1   2       1.4   2.6e+03   -2.5   0.5    67    79   315   327   259   332 0.59 transcript=TREG1_85750.1 gene=TREG1_85750
TREG1_85750.1        -            805 500808at33208        -            310   9.7e-07   28.5   2.5   2   2   5.1e-10   9.7e-07   28.5   2.5   223   298   576   654   572   660 0.86 transcript=TREG1_85750.1 gene=TREG1_85750
TREG1_85740.2        -            827 500808at33208        -            310     1e-06   28.4   2.5   1   2       1.5   2.8e+03   -2.6   0.5    67    79   337   349   282   354 0.59 transcript=TREG1_85740.2 gene=TREG1_85740
TREG1_85740.2        -            827 500808at33208        -            310     1e-06   28.4   2.5   2   2   5.3e-10     1e-06   28.4   2.5   223   298   598   676   594   682 0.86 transcript=TREG1_85740.2 gene=TREG1_85740
TREG1_60650.1        -            394 500808at33208        -            310   0.00055   19.4   0.2   1   1     5e-07   0.00094   18.7   0.2   230   266   142   182   103   190 0.84 transcript=TREG1_60650.1 gene=TREG1_60650
TREG1_60730.1        -            443 500808at33208        -            310   0.00064   19.2   0.1   1   1   5.7e-07    0.0011   18.5   0.1   231   266   192   231   153   239 0.84 transcript=TREG1_60730.1 gene=TREG1_60730
TREG1_60640.1        -            658 500808at33208        -            310   0.00076   19.0   0.1   1   1     7e-07    0.0013   18.2   0.1   231   266   193   232   159   240 0.84 transcript=TREG1_60640.1 gene=TREG1_60640
TREG1_60660.1        -            658 500808at33208        -            310   0.00076   19.0   0.1   1   1     7e-07    0.0013   18.2   0.1   231   266   193   232   159   240 0.84 transcript=TREG1_60660.1 gene=TREG1_60660
TREG1_60690.1        -            658 500808at33208        -            310   0.00076   19.0   0.1   1   1     7e-07    0.0013   18.2   0.1   231   266   193   232   159   240 0.84 transcript=TREG1_60690.1 gene=TREG1_60690
TREG1_60700.1        -            658 500808at33208        -            310   0.00076   19.0   0.1   1   1     7e-07    0.0013   18.2   0.1   231   266   193   232   159   240 0.84 transcript=TREG1_60700.1 gene=TREG1_60700
TREG1_60740.1        -            612 500808at33208        -            310   0.00094   18.7   0.1   1   1   9.1e-07    0.0017   17.8   0.1   231   266   193   232   158   240 0.84 transcript=TREG1_60740.1 gene=TREG1_60740
TREG1_135820.1       -            101 500808at33208        -            310      0.04   13.3   0.2   1   1   2.3e-05     0.043   13.2   0.2   137   211     7    80     1    88 0.86 transcript=TREG1_135820.1 gene=TREG1_135820
TREG1_55100.1        -            500 500808at33208        -            310      0.77    9.1  20.3   1   2   2.5e-05     0.047   13.1  13.4   222   305   117   200     1   202 0.81 transcript=TREG1_55100.1 gene=TREG1_55100
TREG1_55100.1        -            500 500808at33208        -            310      0.77    9.1  20.3   2   2       0.9   1.7e+03   -1.9   0.6    68    87   317   336   284   372 0.64 transcript=TREG1_55100.1 gene=TREG1_55100
#
# Program:         hmmsearch
# Version:         3.4 (Aug 2023)
# Pipeline mode:   SEARCH
# Query file:      /users/40483456/busco_datasets/busco_downloads/lineages/metazoa_odb10/hmms/500808at33208.hmm
# Target file:     /users/40483456/protein/trichobilharzia_regenti.fa
# Option settings: hmmsearch --domtblout /users/40483456/busco/results_pro/trichobilharzia_regenti_busco/run_metazoa_odb10/hmmer_output/initial_run_results/500808at33208.out --cpu 1 /users/40483456/busco_datasets/busco_downloads/lineages/metazoa_odb10/hmms/500808at33208.hmm /users/40483456/protein/trichobilharzia_regenti.fa 
# Current dir:     /users/40483456
# Date:            Thu Jan 15 18:03:20 2026
# [ok]
