#                                                                            --- full sequence --- -------------- this domain -------------   hmm coord   ali coord   env coord
# target name        accession   tlen query name           accession   qlen   E-value  score  bias   #  of  c-Evalue  i-Evalue  score  bias  from    to  from    to  from    to  acc description of target
#------------------- ---------- ----- -------------------- ---------- ----- --------- ------ ----- --- --- --------- --------- ------ ----- ----- ----- ----- ----- ----- ----- ---- ---------------------
TREG1_6660.1         -            268 504691at33208        -            130   5.2e-31  107.5   1.9   1   3     1e-19     5e-16   59.0   0.0     1    63    12    78    12    94 0.88 transcript=TREG1_6660.1 gene=TREG1_6660
TREG1_6660.1         -            268 504691at33208        -            130   5.2e-31  107.5   1.9   2   3   5.4e-12   2.7e-08   34.0   0.2    55    87   121   153   108   176 0.85 transcript=TREG1_6660.1 gene=TREG1_6660
TREG1_6660.1         -            268 504691at33208        -            130   5.2e-31  107.5   1.9   3   3   2.2e-05      0.11   12.6   0.0    99   127   223   253   209   256 0.82 transcript=TREG1_6660.1 gene=TREG1_6660
TREG1_105810.1       -            450 504691at33208        -            130      0.13   12.4   0.9   1   2    0.0019       9.6    6.3   0.0    41    75    52    86    22    93 0.93 transcript=TREG1_105810.1 gene=TREG1_105810
TREG1_105810.1       -            450 504691at33208        -            130      0.13   12.4   0.9   2   2    0.0095        47    4.1   0.5    73    94   420   443   406   450 0.66 transcript=TREG1_105810.1 gene=TREG1_105810
TREG1_105810.2       -            572 504691at33208        -            130      0.23   11.6   1.1   1   2    0.0028        14    5.8   0.0    41    75   174   208   162   215 0.91 transcript=TREG1_105810.2 gene=TREG1_105810
TREG1_105810.2       -            572 504691at33208        -            130      0.23   11.6   1.1   2   2     0.013        63    3.7   0.5    73    94   542   565   528   572 0.67 transcript=TREG1_105810.2 gene=TREG1_105810
TREG1_105810.3       -            572 504691at33208        -            130      0.23   11.6   1.1   1   2    0.0028        14    5.8   0.0    41    75   174   208   162   215 0.91 transcript=TREG1_105810.3 gene=TREG1_105810
TREG1_105810.3       -            572 504691at33208        -            130      0.23   11.6   1.1   2   2     0.013        63    3.7   0.5    73    94   542   565   528   572 0.67 transcript=TREG1_105810.3 gene=TREG1_105810
TREG1_105810.4       -            572 504691at33208        -            130      0.23   11.6   1.1   1   2    0.0028        14    5.8   0.0    41    75   174   208   162   215 0.91 transcript=TREG1_105810.4 gene=TREG1_105810
TREG1_105810.4       -            572 504691at33208        -            130      0.23   11.6   1.1   2   2     0.013        63    3.7   0.5    73    94   542   565   528   572 0.67 transcript=TREG1_105810.4 gene=TREG1_105810
#
# Program:         hmmsearch
# Version:         3.4 (Aug 2023)
# Pipeline mode:   SEARCH
# Query file:      /users/40483456/busco_datasets/busco_downloads/lineages/metazoa_odb10/hmms/504691at33208.hmm
# Target file:     /users/40483456/protein/trichobilharzia_regenti.fa
# Option settings: hmmsearch --domtblout /users/40483456/busco/results_pro/trichobilharzia_regenti_busco/run_metazoa_odb10/hmmer_output/initial_run_results/504691at33208.out --cpu 1 /users/40483456/busco_datasets/busco_downloads/lineages/metazoa_odb10/hmms/504691at33208.hmm /users/40483456/protein/trichobilharzia_regenti.fa 
# Current dir:     /users/40483456
# Date:            Thu Jan 15 18:03:26 2026
# [ok]
