#                                                                            --- full sequence --- -------------- this domain -------------   hmm coord   ali coord   env coord
# target name        accession   tlen query name           accession   qlen   E-value  score  bias   #  of  c-Evalue  i-Evalue  score  bias  from    to  from    to  from    to  acc description of target
#------------------- ---------- ----- -------------------- ---------- ----- --------- ------ ----- --- --- --------- --------- ------ ----- ----- ----- ----- ----- ----- ----- ---- ---------------------
TREG1_111170.4       -            850 514724at33208        -            159   9.7e-22   78.3  23.4   1   3   8.6e-13     3e-09   37.7   7.2    17    87   407   479   396   500 0.74 transcript=TREG1_111170.4 gene=TREG1_111170
TREG1_111170.4       -            850 514724at33208        -            159   9.7e-22   78.3  23.4   2   3   8.6e-15     3e-11   44.2   1.1    65   119   542   597   522   619 0.86 transcript=TREG1_111170.4 gene=TREG1_111170
TREG1_111170.4       -            850 514724at33208        -            159   9.7e-22   78.3  23.4   3   3    0.0045        16    6.1   1.1   122   157   718   754   698   756 0.86 transcript=TREG1_111170.4 gene=TREG1_111170
TREG1_111170.1       -            922 514724at33208        -            159   1.2e-21   78.0  23.4   1   3   9.6e-13   3.4e-09   37.5   7.2    17    87   513   585   502   606 0.74 transcript=TREG1_111170.1 gene=TREG1_111170
TREG1_111170.1       -            922 514724at33208        -            159   1.2e-21   78.0  23.4   2   3   9.6e-15   3.4e-11   44.0   1.1    65   119   648   703   628   725 0.86 transcript=TREG1_111170.1 gene=TREG1_111170
TREG1_111170.1       -            922 514724at33208        -            159   1.2e-21   78.0  23.4   3   3    0.0049        17    6.0   1.1   122   157   824   860   804   862 0.86 transcript=TREG1_111170.1 gene=TREG1_111170
TREG1_111170.2       -            956 514724at33208        -            159   1.4e-21   77.8  23.4   1   3     1e-12   3.5e-09   37.5   7.2    17    87   513   585   502   606 0.74 transcript=TREG1_111170.2 gene=TREG1_111170
TREG1_111170.2       -            956 514724at33208        -            159   1.4e-21   77.8  23.4   2   3     1e-14   3.5e-11   44.0   1.1    65   119   648   703   628   725 0.86 transcript=TREG1_111170.2 gene=TREG1_111170
TREG1_111170.2       -            956 514724at33208        -            159   1.4e-21   77.8  23.4   3   3    0.0051        18    5.9   1.1   122   157   824   860   804   862 0.86 transcript=TREG1_111170.2 gene=TREG1_111170
TREG1_111170.3       -            956 514724at33208        -            159   1.4e-21   77.8  23.4   1   3     1e-12   3.5e-09   37.5   7.2    17    87   513   585   502   606 0.74 transcript=TREG1_111170.3 gene=TREG1_111170
TREG1_111170.3       -            956 514724at33208        -            159   1.4e-21   77.8  23.4   2   3     1e-14   3.5e-11   44.0   1.1    65   119   648   703   628   725 0.86 transcript=TREG1_111170.3 gene=TREG1_111170
TREG1_111170.3       -            956 514724at33208        -            159   1.4e-21   77.8  23.4   3   3    0.0051        18    5.9   1.1   122   157   824   860   804   862 0.86 transcript=TREG1_111170.3 gene=TREG1_111170
TREG1_1850.1         -             82 514724at33208        -            159    0.0066   17.1   0.1   1   1   2.2e-06    0.0077   16.9   0.1    74   130    11    67     4    74 0.92 transcript=TREG1_1850.1 gene=TREG1_1850
TREG1_1860.1         -             82 514724at33208        -            159     0.013   16.2   0.1   1   1   4.1e-06     0.015   16.0   0.1    74   130    11    67     4    74 0.90 transcript=TREG1_1860.1 gene=TREG1_1860
TREG1_28540.1        -             83 514724at33208        -            159      0.14   12.8   0.1   1   1   4.2e-05      0.15   12.7   0.1    74   124    11    61     4    80 0.86 transcript=TREG1_28540.1 gene=TREG1_28540
#
# Program:         hmmsearch
# Version:         3.4 (Aug 2023)
# Pipeline mode:   SEARCH
# Query file:      /users/40483456/busco_datasets/busco_downloads/lineages/metazoa_odb10/hmms/514724at33208.hmm
# Target file:     /users/40483456/protein/trichobilharzia_regenti.fa
# Option settings: hmmsearch --domtblout /users/40483456/busco/results_pro/trichobilharzia_regenti_busco/run_metazoa_odb10/hmmer_output/initial_run_results/514724at33208.out --cpu 1 /users/40483456/busco_datasets/busco_downloads/lineages/metazoa_odb10/hmms/514724at33208.hmm /users/40483456/protein/trichobilharzia_regenti.fa 
# Current dir:     /users/40483456
# Date:            Thu Jan 15 18:03:22 2026
# [ok]
