#                                                                            --- full sequence --- -------------- this domain -------------   hmm coord   ali coord   env coord
# target name        accession   tlen query name           accession   qlen   E-value  score  bias   #  of  c-Evalue  i-Evalue  score  bias  from    to  from    to  from    to  acc description of target
#------------------- ---------- ----- -------------------- ---------- ----- --------- ------ ----- --- --- --------- --------- ------ ----- ----- ----- ----- ----- ----- ----- ---- ---------------------
TREG1_64480.1        -            242 552201at33208        -            181   9.5e-91  303.0   1.8   1   2   1.3e-90   1.1e-87  293.1   0.0     1   157    12   168    12   175 0.98 transcript=TREG1_64480.1 gene=TREG1_64480
TREG1_64480.1        -            242 552201at33208        -            181   9.5e-91  303.0   1.8   2   2    0.0016       1.3    9.3   0.6   155   179   212   236   207   238 0.87 transcript=TREG1_64480.1 gene=TREG1_64480
TREG1_122010.1       -            749 552201at33208        -            181     4e-40  138.0   0.0   1   1   9.2e-43   7.3e-40  137.2   0.0     3   138    12   147    10   170 0.92 transcript=TREG1_122010.1 gene=TREG1_122010
TREG1_113320.1       -            147 552201at33208        -            181   1.7e-17   64.3   0.0   1   1   2.4e-20   1.9e-17   64.1   0.0     2   116     2   115     1   135 0.90 transcript=TREG1_113320.1 gene=TREG1_113320
TREG1_97850.1        -            154 552201at33208        -            181   4.1e-17   63.0   0.0   1   1   5.9e-20   4.7e-17   62.8   0.0     2   117     5   119     4   142 0.88 transcript=TREG1_97850.1 gene=TREG1_97850
TREG1_97860.1        -            154 552201at33208        -            181   4.1e-17   63.0   0.0   1   1   5.9e-20   4.7e-17   62.8   0.0     2   117     5   119     4   142 0.88 transcript=TREG1_97860.1 gene=TREG1_97860
TREG1_50720.1        -            156 552201at33208        -            181   6.3e-17   62.4   0.0   1   1   9.4e-20   7.5e-17   62.2   0.0     2   118     5   120     4   145 0.80 transcript=TREG1_50720.1 gene=TREG1_50720
TREG1_42420.1        -            298 552201at33208        -            181   6.7e-16   59.1   0.0   1   1   1.2e-18   9.2e-16   58.6   0.0     2   129    52   181    51   190 0.86 transcript=TREG1_42420.1 gene=TREG1_42420
TREG1_50690.1        -            282 552201at33208        -            181   3.8e-15   56.6   0.0   1   1     7e-18   5.6e-15   56.1   0.0     4   114    39   157    36   161 0.87 transcript=TREG1_50690.1 gene=TREG1_50690
TREG1_50690.2        -            283 552201at33208        -            181   3.9e-15   56.6   0.0   1   1   7.1e-18   5.6e-15   56.1   0.0     4   114    40   158    37   162 0.87 transcript=TREG1_50690.2 gene=TREG1_50690
TREG1_131350.1       -            160 552201at33208        -            181   8.7e-13   48.9   0.0   1   1   2.2e-15   1.8e-12   47.9   0.0     2   112     5   128     4   139 0.81 transcript=TREG1_131350.1 gene=TREG1_131350
TREG1_81660.1        -            156 552201at33208        -            181   1.4e-11   45.0   0.1   1   1   1.9e-14   1.5e-11   44.9   0.1     2   111     4   114     3   152 0.81 transcript=TREG1_81660.1 gene=TREG1_81660
TREG1_50850.1        -            176 552201at33208        -            181   2.6e-11   44.1   0.1   1   1   8.6e-14   6.8e-11   42.8   0.1     6   117    10   134     5   156 0.73 transcript=TREG1_50850.1 gene=TREG1_50850
TREG1_42460.1        -            285 552201at33208        -            181   3.9e-11   43.6   0.1   1   1     1e-13     8e-11   42.5   0.1     2   115     8   134     7   154 0.77 transcript=TREG1_42460.1 gene=TREG1_42460
TREG1_75590.1        -            199 552201at33208        -            181   3.8e-10   40.3   0.0   1   1   5.9e-13   4.7e-10   40.0   0.0     4   112     7   118     4   136 0.85 transcript=TREG1_75590.1 gene=TREG1_75590
TREG1_75590.2        -            182 552201at33208        -            181   1.5e-09   38.4   0.0   1   1   2.3e-12   1.8e-09   38.1   0.0    21   112    10   101     2   121 0.90 transcript=TREG1_75590.2 gene=TREG1_75590
TREG1_75590.3        -            188 552201at33208        -            181   1.9e-09   38.1   0.0   1   1   3.1e-12   2.4e-09   37.7   0.0    22   112    17   107    10   127 0.91 transcript=TREG1_75590.3 gene=TREG1_75590
TREG1_75590.4        -            188 552201at33208        -            181   1.9e-09   38.1   0.0   1   1   3.1e-12   2.4e-09   37.7   0.0    22   112    17   107    10   127 0.91 transcript=TREG1_75590.4 gene=TREG1_75590
TREG1_81660.2        -            150 552201at33208        -            181   7.4e-09   36.1   0.1   1   1   1.1e-11   8.4e-09   36.0   0.1    10   111     6   108     3   146 0.75 transcript=TREG1_81660.2 gene=TREG1_81660
TREG1_81660.3        -            150 552201at33208        -            181   7.4e-09   36.1   0.1   1   1   1.1e-11   8.4e-09   36.0   0.1    10   111     6   108     3   146 0.75 transcript=TREG1_81660.3 gene=TREG1_81660
TREG1_81660.4        -            150 552201at33208        -            181   7.4e-09   36.1   0.1   1   1   1.1e-11   8.4e-09   36.0   0.1    10   111     6   108     3   146 0.75 transcript=TREG1_81660.4 gene=TREG1_81660
TREG1_124370.1       -            133 552201at33208        -            181   4.3e-08   33.6   0.0   1   1   6.9e-11   5.5e-08   33.3   0.0    21   115     7   100     4   110 0.90 transcript=TREG1_124370.1 gene=TREG1_124370
TREG1_75590.5        -            164 552201at33208        -            181   4.8e-08   33.5   0.0   1   1   7.1e-11   5.6e-08   33.3   0.0    32   112     3    83     1   105 0.90 transcript=TREG1_75590.5 gene=TREG1_75590
TREG1_73550.1        -            439 552201at33208        -            181   7.8e-08   32.8   0.0   1   1   1.6e-10   1.3e-07   32.1   0.0     4   109   264   369   261   392 0.75 transcript=TREG1_73550.1 gene=TREG1_73550
TREG1_38010.1        -            133 552201at33208        -            181   1.9e-07   31.6   0.0   1   1   2.6e-10   2.1e-07   31.4   0.0    38   112    22    95     7   120 0.84 transcript=TREG1_38010.1 gene=TREG1_38010
TREG1_38010.2        -            133 552201at33208        -            181   1.9e-07   31.6   0.0   1   1   2.6e-10   2.1e-07   31.4   0.0    38   112    22    95     7   120 0.84 transcript=TREG1_38010.2 gene=TREG1_38010
TREG1_38010.3        -            133 552201at33208        -            181   1.9e-07   31.6   0.0   1   1   2.6e-10   2.1e-07   31.4   0.0    38   112    22    95     7   120 0.84 transcript=TREG1_38010.3 gene=TREG1_38010
TREG1_44060.1        -            200 552201at33208        -            181   5.4e-07   30.1   0.0   1   1   9.2e-10   7.3e-07   29.6   0.0     4    72    10    78     7   125 0.86 transcript=TREG1_44060.1 gene=TREG1_44060
TREG1_100140.2       -            145 552201at33208        -            181   5.4e-05   23.5   0.0   1   1   8.4e-08   6.6e-05   23.3   0.0    37    71    38    72     8   118 0.72 transcript=TREG1_100140.2 gene=TREG1_100140
TREG1_100140.1       -            148 552201at33208        -            181   5.5e-05   23.5   0.0   1   1   8.8e-08     7e-05   23.2   0.0    37    71    38    72     8   118 0.72 transcript=TREG1_100140.1 gene=TREG1_100140
TREG1_33340.1        -           4455 552201at33208        -            181   0.00019   21.8   0.0   1   1   5.8e-07   0.00046   20.5   0.0    27   110  4235  4330  4206  4339 0.70 transcript=TREG1_33340.1 gene=TREG1_33340
TREG1_18850.1        -            149 552201at33208        -            181      0.24   11.7   0.0   1   1    0.0004      0.32   11.3   0.0    28    75    47    94    33   101 0.86 transcript=TREG1_18850.1 gene=TREG1_18850
#
# Program:         hmmsearch
# Version:         3.4 (Aug 2023)
# Pipeline mode:   SEARCH
# Query file:      /users/40483456/busco_datasets/busco_downloads/lineages/metazoa_odb10/hmms/552201at33208.hmm
# Target file:     /users/40483456/protein/trichobilharzia_regenti.fa
# Option settings: hmmsearch --domtblout /users/40483456/busco/results_pro/trichobilharzia_regenti_busco/run_metazoa_odb10/hmmer_output/initial_run_results/552201at33208.out --cpu 1 /users/40483456/busco_datasets/busco_downloads/lineages/metazoa_odb10/hmms/552201at33208.hmm /users/40483456/protein/trichobilharzia_regenti.fa 
# Current dir:     /users/40483456
# Date:            Thu Jan 15 18:03:30 2026
# [ok]
