#                                                                            --- full sequence --- -------------- this domain -------------   hmm coord   ali coord   env coord
# target name        accession   tlen query name           accession   qlen   E-value  score  bias   #  of  c-Evalue  i-Evalue  score  bias  from    to  from    to  from    to  acc description of target
#------------------- ---------- ----- -------------------- ---------- ----- --------- ------ ----- --- --- --------- --------- ------ ----- ----- ----- ----- ----- ----- ----- ---- ---------------------
TREG1_75050.1        -            327 562780at33208        -            160   1.5e-59  201.0   5.1   1   4      0.72   5.9e+03   -2.5   0.0     4    22    25    43    23    47 0.81 transcript=TREG1_75050.1 gene=TREG1_75050
TREG1_75050.1        -            327 562780at33208        -            160   1.5e-59  201.0   5.1   2   4   3.3e-52   2.7e-48  164.4   0.1     1   115    82   201    82   207 0.96 transcript=TREG1_75050.1 gene=TREG1_75050
TREG1_75050.1        -            327 562780at33208        -            160   1.5e-59  201.0   5.1   3   4   5.2e-09   4.2e-05   24.0   0.1   114   145   222   253   207   267 0.87 transcript=TREG1_75050.1 gene=TREG1_75050
TREG1_75050.1        -            327 562780at33208        -            160   1.5e-59  201.0   5.1   4   4     1e-05     0.084   13.3   0.1   137   159   297   319   261   320 0.85 transcript=TREG1_75050.1 gene=TREG1_75050
TREG1_79050.1        -            299 562780at33208        -            160   0.00015   22.2   0.0   1   3   0.00012      0.98    9.8   0.0     6    43    63    98    59   109 0.83 transcript=TREG1_79050.1 gene=TREG1_79050
TREG1_79050.1        -            299 562780at33208        -            160   0.00015   22.2   0.0   2   3     0.033   2.7e+02    1.9   0.0    80   114   150   187   143   190 0.77 transcript=TREG1_79050.1 gene=TREG1_79050
TREG1_79050.1        -            299 562780at33208        -            160   0.00015   22.2   0.0   3   3    0.0012       9.5    6.6   0.0   115   155   221   264   203   267 0.80 transcript=TREG1_79050.1 gene=TREG1_79050
TREG1_112230.1       -            304 562780at33208        -            160     0.037   14.5   0.2   1   1    0.0001      0.84   10.0   0.1     6   138    53   197    48   215 0.61 transcript=TREG1_112230.1 gene=TREG1_112230
#
# Program:         hmmsearch
# Version:         3.4 (Aug 2023)
# Pipeline mode:   SEARCH
# Query file:      /users/40483456/busco_datasets/busco_downloads/lineages/metazoa_odb10/hmms/562780at33208.hmm
# Target file:     /users/40483456/protein/trichobilharzia_regenti.fa
# Option settings: hmmsearch --domtblout /users/40483456/busco/results_pro/trichobilharzia_regenti_busco/run_metazoa_odb10/hmmer_output/initial_run_results/562780at33208.out --cpu 1 /users/40483456/busco_datasets/busco_downloads/lineages/metazoa_odb10/hmms/562780at33208.hmm /users/40483456/protein/trichobilharzia_regenti.fa 
# Current dir:     /users/40483456
# Date:            Thu Jan 15 18:03:31 2026
# [ok]
