#                                                                            --- full sequence --- -------------- this domain -------------   hmm coord   ali coord   env coord
# target name        accession   tlen query name           accession   qlen   E-value  score  bias   #  of  c-Evalue  i-Evalue  score  bias  from    to  from    to  from    to  acc description of target
#------------------- ---------- ----- -------------------- ---------- ----- --------- ------ ----- --- --- --------- --------- ------ ----- ----- ----- ----- ----- ----- ----- ---- ---------------------
TREG1_12180.1        -            371 573203at33208        -            309   4.8e-47  161.0   1.0   1   2   1.5e-50   4.8e-47  161.0   1.0     6   272    23   309    19   334 0.83 transcript=TREG1_12180.1 gene=TREG1_12180
TREG1_12180.1        -            371 573203at33208        -            309   4.8e-47  161.0   1.0   2   2      0.13   3.9e+02    0.3   0.2   268   282   353   367   342   370 0.78 transcript=TREG1_12180.1 gene=TREG1_12180
TREG1_12180.2        -            371 573203at33208        -            309   4.8e-47  161.0   1.0   1   2   1.5e-50   4.8e-47  161.0   1.0     6   272    23   309    19   334 0.83 transcript=TREG1_12180.2 gene=TREG1_12180
TREG1_12180.2        -            371 573203at33208        -            309   4.8e-47  161.0   1.0   2   2      0.13   3.9e+02    0.3   0.2   268   282   353   367   342   370 0.78 transcript=TREG1_12180.2 gene=TREG1_12180
TREG1_12180.3        -            371 573203at33208        -            309   4.8e-47  161.0   1.0   1   2   1.5e-50   4.8e-47  161.0   1.0     6   272    23   309    19   334 0.83 transcript=TREG1_12180.3 gene=TREG1_12180
TREG1_12180.3        -            371 573203at33208        -            309   4.8e-47  161.0   1.0   2   2      0.13   3.9e+02    0.3   0.2   268   282   353   367   342   370 0.78 transcript=TREG1_12180.3 gene=TREG1_12180
TREG1_42310.2        -            321 573203at33208        -            309   5.8e-18   65.4   0.2   1   1   2.7e-21   8.3e-18   64.9   0.2     8   285     5   294     3   310 0.84 transcript=TREG1_42310.2 gene=TREG1_42310
TREG1_42310.1        -            281 573203at33208        -            309   1.4e-16   60.9   0.0   1   1   6.5e-20     2e-16   60.4   0.0     8   257     5   268     3   277 0.85 transcript=TREG1_42310.1 gene=TREG1_42310
TREG1_42310.4        -            281 573203at33208        -            309   1.4e-16   60.9   0.0   1   1   6.5e-20     2e-16   60.4   0.0     8   257     5   268     3   277 0.85 transcript=TREG1_42310.4 gene=TREG1_42310
TREG1_42310.3        -            299 573203at33208        -            309   1.7e-15   57.4   0.0   1   1   7.1e-19   2.2e-15   57.0   0.0    24   285     1   272     1   288 0.84 transcript=TREG1_42310.3 gene=TREG1_42310
TREG1_42310.5        -            259 573203at33208        -            309   4.5e-14   52.6   0.0   1   1   1.8e-17   5.6e-14   52.3   0.0    24   257     1   246     1   256 0.85 transcript=TREG1_42310.5 gene=TREG1_42310
#
# Program:         hmmsearch
# Version:         3.4 (Aug 2023)
# Pipeline mode:   SEARCH
# Query file:      /users/40483456/busco_datasets/busco_downloads/lineages/metazoa_odb10/hmms/573203at33208.hmm
# Target file:     /users/40483456/protein/trichobilharzia_regenti.fa
# Option settings: hmmsearch --domtblout /users/40483456/busco/results_pro/trichobilharzia_regenti_busco/run_metazoa_odb10/hmmer_output/initial_run_results/573203at33208.out --cpu 1 /users/40483456/busco_datasets/busco_downloads/lineages/metazoa_odb10/hmms/573203at33208.hmm /users/40483456/protein/trichobilharzia_regenti.fa 
# Current dir:     /users/40483456
# Date:            Thu Jan 15 18:03:34 2026
# [ok]
