#                                                                            --- full sequence --- -------------- this domain -------------   hmm coord   ali coord   env coord
# target name        accession   tlen query name           accession   qlen   E-value  score  bias   #  of  c-Evalue  i-Evalue  score  bias  from    to  from    to  from    to  acc description of target
#------------------- ---------- ----- -------------------- ---------- ----- --------- ------ ----- --- --- --------- --------- ------ ----- ----- ----- ----- ----- ----- ----- ---- ---------------------
TREG1_81880.1        -            611 601875at33208        -            245   6.1e-23   82.0   7.3   1   4   2.9e-18   6.7e-16   59.0   0.0     7    82    17    94    11   116 0.83 transcript=TREG1_81880.1 gene=TREG1_81880
TREG1_81880.1        -            611 601875at33208        -            245   6.1e-23   82.0   7.3   2   4   1.4e-06   0.00033   20.7   0.2    91   149   143   205   123   210 0.78 transcript=TREG1_81880.1 gene=TREG1_81880
TREG1_81880.1        -            611 601875at33208        -            245   6.1e-23   82.0   7.3   3   4       1.3   3.1e+02    1.1   0.1   134   171   300   337   294   343 0.86 transcript=TREG1_81880.1 gene=TREG1_81880
TREG1_81880.1        -            611 601875at33208        -            245   6.1e-23   82.0   7.3   4   4      0.62   1.4e+02    2.2   0.1   200   242   524   564   506   567 0.70 transcript=TREG1_81880.1 gene=TREG1_81880
TREG1_81880.2        -            613 601875at33208        -            245   6.2e-23   82.0   7.3   1   4   2.9e-18   6.8e-16   59.0   0.0     7    82    19    96    13   118 0.83 transcript=TREG1_81880.2 gene=TREG1_81880
TREG1_81880.2        -            613 601875at33208        -            245   6.2e-23   82.0   7.3   2   4   1.4e-06   0.00033   20.7   0.2    91   149   145   207   125   212 0.78 transcript=TREG1_81880.2 gene=TREG1_81880
TREG1_81880.2        -            613 601875at33208        -            245   6.2e-23   82.0   7.3   3   4       1.3   3.1e+02    1.1   0.1   134   171   302   339   296   345 0.86 transcript=TREG1_81880.2 gene=TREG1_81880
TREG1_81880.2        -            613 601875at33208        -            245   6.2e-23   82.0   7.3   4   4      0.63   1.4e+02    2.2   0.1   200   242   526   566   508   569 0.70 transcript=TREG1_81880.2 gene=TREG1_81880
TREG1_81880.3        -            613 601875at33208        -            245   6.2e-23   82.0   7.3   1   4   2.9e-18   6.8e-16   59.0   0.0     7    82    19    96    13   118 0.83 transcript=TREG1_81880.3 gene=TREG1_81880
TREG1_81880.3        -            613 601875at33208        -            245   6.2e-23   82.0   7.3   2   4   1.4e-06   0.00033   20.7   0.2    91   149   145   207   125   212 0.78 transcript=TREG1_81880.3 gene=TREG1_81880
TREG1_81880.3        -            613 601875at33208        -            245   6.2e-23   82.0   7.3   3   4       1.3   3.1e+02    1.1   0.1   134   171   302   339   296   345 0.86 transcript=TREG1_81880.3 gene=TREG1_81880
TREG1_81880.3        -            613 601875at33208        -            245   6.2e-23   82.0   7.3   4   4      0.63   1.4e+02    2.2   0.1   200   242   526   566   508   569 0.70 transcript=TREG1_81880.3 gene=TREG1_81880
TREG1_81880.4        -            613 601875at33208        -            245   6.2e-23   82.0   7.3   1   4   2.9e-18   6.8e-16   59.0   0.0     7    82    19    96    13   118 0.83 transcript=TREG1_81880.4 gene=TREG1_81880
TREG1_81880.4        -            613 601875at33208        -            245   6.2e-23   82.0   7.3   2   4   1.4e-06   0.00033   20.7   0.2    91   149   145   207   125   212 0.78 transcript=TREG1_81880.4 gene=TREG1_81880
TREG1_81880.4        -            613 601875at33208        -            245   6.2e-23   82.0   7.3   3   4       1.3   3.1e+02    1.1   0.1   134   171   302   339   296   345 0.86 transcript=TREG1_81880.4 gene=TREG1_81880
TREG1_81880.4        -            613 601875at33208        -            245   6.2e-23   82.0   7.3   4   4      0.63   1.4e+02    2.2   0.1   200   242   526   566   508   569 0.70 transcript=TREG1_81880.4 gene=TREG1_81880
TREG1_81880.5        -            625 601875at33208        -            245   6.8e-23   81.9   7.3   1   4     3e-18   6.9e-16   58.9   0.0     7    82    31   108    25   130 0.83 transcript=TREG1_81880.5 gene=TREG1_81880
TREG1_81880.5        -            625 601875at33208        -            245   6.8e-23   81.9   7.3   2   4   1.5e-06   0.00034   20.7   0.2    91   149   157   219   137   224 0.78 transcript=TREG1_81880.5 gene=TREG1_81880
TREG1_81880.5        -            625 601875at33208        -            245   6.8e-23   81.9   7.3   3   4       1.4   3.2e+02    1.1   0.1   134   171   314   351   308   357 0.86 transcript=TREG1_81880.5 gene=TREG1_81880
TREG1_81880.5        -            625 601875at33208        -            245   6.8e-23   81.9   7.3   4   4      0.64   1.5e+02    2.2   0.1   200   242   538   578   520   581 0.70 transcript=TREG1_81880.5 gene=TREG1_81880
TREG1_123310.1       -            300 601875at33208        -            245   1.7e-20   74.0   0.3   1   1   1.9e-22   4.4e-20   72.7   0.2     9    80    36   109    28   120 0.92 transcript=TREG1_123310.1 gene=TREG1_123310
TREG1_29250.1        -            388 601875at33208        -            245   1.4e-15   57.9  16.6   1   3   3.6e-16   8.3e-14   52.1   9.3     8   135    11   163     7   213 0.58 transcript=TREG1_29250.1 gene=TREG1_29250
TREG1_29250.1        -            388 601875at33208        -            245   1.4e-15   57.9  16.6   2   3      0.37        85    3.0   0.1   107   138   293   324   244   332 0.73 transcript=TREG1_29250.1 gene=TREG1_29250
TREG1_29250.1        -            388 601875at33208        -            245   1.4e-15   57.9  16.6   3   3      0.36        83    3.0   0.1   212   237   342   367   333   373 0.76 transcript=TREG1_29250.1 gene=TREG1_29250
TREG1_29240.1        -            349 601875at33208        -            245   1.8e-15   57.6  13.0   1   2     3e-16   6.9e-14   52.4   9.5     8   135    11   163     7   213 0.58 transcript=TREG1_29240.1 gene=TREG1_29240
TREG1_29240.1        -            349 601875at33208        -            245   1.8e-15   57.6  13.0   2   2      0.32        74    3.2   0.1   106   138   292   324   242   331 0.73 transcript=TREG1_29240.1 gene=TREG1_29240
TREG1_46740.1        -            979 601875at33208        -            245   9.5e-14   51.9   0.0   1   1   8.5e-16     2e-13   50.9   0.0     9    81   169   241   162   247 0.91 transcript=TREG1_46740.1 gene=TREG1_46740
TREG1_63250.3        -           1134 601875at33208        -            245   3.2e-13   50.2   0.0   1   1   2.7e-15   6.3e-13   49.2   0.0     9    80   436   507   431   525 0.89 transcript=TREG1_63250.3 gene=TREG1_63250
TREG1_63250.1        -           1146 601875at33208        -            245   3.3e-13   50.2   0.0   1   1   2.8e-15   6.4e-13   49.2   0.0     9    80   448   519   443   537 0.89 transcript=TREG1_63250.1 gene=TREG1_63250
TREG1_63250.2        -           1182 601875at33208        -            245   3.4e-13   50.1   0.0   1   1   2.9e-15   6.6e-13   49.2   0.0     9    80   436   507   431   525 0.89 transcript=TREG1_63250.2 gene=TREG1_63250
TREG1_63250.4        -           1194 601875at33208        -            245   3.5e-13   50.1   0.0   1   1   2.9e-15   6.7e-13   49.1   0.0     9    80   448   519   443   537 0.89 transcript=TREG1_63250.4 gene=TREG1_63250
TREG1_19970.3        -            561 601875at33208        -            245   3.3e-11   43.6   3.0   1   4       3.8   8.7e+02   -0.3   0.0    84   134    13    71     8    75 0.67 transcript=TREG1_19970.3 gene=TREG1_19970
TREG1_19970.3        -            561 601875at33208        -            245   3.3e-11   43.6   3.0   2   4    0.0015      0.35   10.8   0.1   106   140   130   164    95   170 0.73 transcript=TREG1_19970.3 gene=TREG1_19970
TREG1_19970.3        -            561 601875at33208        -            245   3.3e-11   43.6   3.0   3   4   0.00098      0.23   11.4   0.3    79   138   187   253   179   293 0.68 transcript=TREG1_19970.3 gene=TREG1_19970
TREG1_19970.3        -            561 601875at33208        -            245   3.3e-11   43.6   3.0   4   4   5.7e-06    0.0013   18.7   0.2    83   138   295   357   273   402 0.68 transcript=TREG1_19970.3 gene=TREG1_19970
TREG1_19970.2        -            569 601875at33208        -            245   3.4e-11   43.6   2.9   1   4       3.8   8.8e+02   -0.4   0.0    84   134    13    71     8    75 0.67 transcript=TREG1_19970.2 gene=TREG1_19970
TREG1_19970.2        -            569 601875at33208        -            245   3.4e-11   43.6   2.9   2   4    0.0016      0.36   10.7   0.1   106   140   130   164    95   170 0.74 transcript=TREG1_19970.2 gene=TREG1_19970
TREG1_19970.2        -            569 601875at33208        -            245   3.4e-11   43.6   2.9   3   4     0.001      0.23   11.4   0.3    79   138   187   253   179   293 0.68 transcript=TREG1_19970.2 gene=TREG1_19970
TREG1_19970.2        -            569 601875at33208        -            245   3.4e-11   43.6   2.9   4   4   5.8e-06    0.0013   18.7   0.2    83   138   295   357   273   402 0.68 transcript=TREG1_19970.2 gene=TREG1_19970
TREG1_19970.1        -            728 601875at33208        -            245   1.2e-10   41.7   3.0   1   4       5.8   1.3e+03   -1.0   0.0    84   134    13    71     9    74 0.66 transcript=TREG1_19970.1 gene=TREG1_19970
TREG1_19970.1        -            728 601875at33208        -            245   1.2e-10   41.7   3.0   2   4    0.0023      0.52   10.2   0.1   106   140   130   164    96   170 0.75 transcript=TREG1_19970.1 gene=TREG1_19970
TREG1_19970.1        -            728 601875at33208        -            245   1.2e-10   41.7   3.0   3   4    0.0015      0.34   10.8   0.3    79   138   187   253   179   291 0.69 transcript=TREG1_19970.1 gene=TREG1_19970
TREG1_19970.1        -            728 601875at33208        -            245   1.2e-10   41.7   3.0   4   4   8.9e-06     0.002   18.1   0.2    83   138   295   357   273   400 0.68 transcript=TREG1_19970.1 gene=TREG1_19970
TREG1_19970.4        -            428 601875at33208        -            245   6.8e-10   39.3   4.6   1   3     0.007       1.6    8.6   0.1   114   140     5    31     2    37 0.86 transcript=TREG1_19970.4 gene=TREG1_19970
TREG1_19970.4        -            428 601875at33208        -            245   6.8e-10   39.3   4.6   2   3   0.00064      0.15   12.0   0.3    79   138    54   120    46   160 0.68 transcript=TREG1_19970.4 gene=TREG1_19970
TREG1_19970.4        -            428 601875at33208        -            245   6.8e-10   39.3   4.6   3   3   3.5e-06   0.00082   19.4   0.2    82   138   161   224   139   269 0.67 transcript=TREG1_19970.4 gene=TREG1_19970
TREG1_19970.5        -            428 601875at33208        -            245   6.8e-10   39.3   4.6   1   3     0.007       1.6    8.6   0.1   114   140     5    31     2    37 0.86 transcript=TREG1_19970.5 gene=TREG1_19970
TREG1_19970.5        -            428 601875at33208        -            245   6.8e-10   39.3   4.6   2   3   0.00064      0.15   12.0   0.3    79   138    54   120    46   160 0.68 transcript=TREG1_19970.5 gene=TREG1_19970
TREG1_19970.5        -            428 601875at33208        -            245   6.8e-10   39.3   4.6   3   3   3.5e-06   0.00082   19.4   0.2    82   138   161   224   139   269 0.67 transcript=TREG1_19970.5 gene=TREG1_19970
TREG1_132920.3       -            825 601875at33208        -            245   2.3e-09   37.6   0.1   1   3      0.16        37    4.1   0.0    79   134   248   311   239   325 0.75 transcript=TREG1_132920.3 gene=TREG1_132920
TREG1_132920.3       -            825 601875at33208        -            245   2.3e-09   37.6   0.1   2   3   2.7e-06   0.00061   19.8   0.1    73   134   330   398   324   405 0.80 transcript=TREG1_132920.3 gene=TREG1_132920
TREG1_132920.3       -            825 601875at33208        -            245   2.3e-09   37.6   0.1   3   3    0.0034      0.79    9.6   0.0   110   153   773   815   728   820 0.70 transcript=TREG1_132920.3 gene=TREG1_132920
TREG1_37960.5        -            831 601875at33208        -            245   5.4e-09   36.4   0.1   1   1   3.9e-11   9.1e-09   35.6   0.1    11    70   314   374   306   381 0.89 transcript=TREG1_37960.5 gene=TREG1_37960
TREG1_37960.7        -            831 601875at33208        -            245   5.4e-09   36.4   0.1   1   1   3.9e-11   9.1e-09   35.6   0.1    11    70   314   374   306   381 0.89 transcript=TREG1_37960.7 gene=TREG1_37960
TREG1_37960.8        -            831 601875at33208        -            245   5.4e-09   36.4   0.1   1   1   3.9e-11   9.1e-09   35.6   0.1    11    70   314   374   306   381 0.89 transcript=TREG1_37960.8 gene=TREG1_37960
TREG1_37960.2        -           1010 601875at33208        -            245   6.9e-09   36.0   0.1   1   1     5e-11   1.2e-08   35.3   0.1    11    70   528   588   520   595 0.89 transcript=TREG1_37960.2 gene=TREG1_37960
TREG1_37960.9        -           1010 601875at33208        -            245   6.9e-09   36.0   0.1   1   1     5e-11   1.2e-08   35.3   0.1    11    70   528   588   520   595 0.89 transcript=TREG1_37960.9 gene=TREG1_37960
TREG1_37960.10       -           1035 601875at33208        -            245   7.1e-09   36.0   0.1   1   1   5.2e-11   1.2e-08   35.2   0.1    11    70   518   578   510   585 0.89 transcript=TREG1_37960.10 gene=TREG1_37960
TREG1_37960.3        -           1044 601875at33208        -            245   7.2e-09   35.9   0.1   1   1   5.2e-11   1.2e-08   35.2   0.1    11    70   527   587   519   594 0.89 transcript=TREG1_37960.3 gene=TREG1_37960
TREG1_37960.1        -           1045 601875at33208        -            245   7.2e-09   35.9   0.1   1   1   5.2e-11   1.2e-08   35.2   0.1    11    70   528   588   520   595 0.89 transcript=TREG1_37960.1 gene=TREG1_37960
TREG1_37960.6        -           1045 601875at33208        -            245   7.2e-09   35.9   0.1   1   1   5.2e-11   1.2e-08   35.2   0.1    11    70   528   588   520   595 0.89 transcript=TREG1_37960.6 gene=TREG1_37960
TREG1_37960.4        -           1057 601875at33208        -            245   7.4e-09   35.9   0.1   1   1   5.3e-11   1.2e-08   35.2   0.1    11    70   540   600   532   607 0.89 transcript=TREG1_37960.4 gene=TREG1_37960
TREG1_107170.1       -            676 601875at33208        -            245   3.1e-07   30.6   0.1   1   2    0.0055       1.3    9.0   0.0    82   135   170   231   159   241 0.78 transcript=TREG1_107170.1 gene=TREG1_107170
TREG1_107170.1       -            676 601875at33208        -            245   3.1e-07   30.6   0.1   2   2   4.5e-06     0.001   19.1   0.1    82   135   275   330   270   344 0.89 transcript=TREG1_107170.1 gene=TREG1_107170
TREG1_24810.1        -            284 601875at33208        -            245   2.1e-06   27.9   0.6   1   1   2.4e-08   5.5e-06   26.5   0.0    78   155   194   281   186   284 0.79 transcript=TREG1_24810.1 gene=TREG1_24810
TREG1_45810.1        -            493 601875at33208        -            245   3.7e-06   27.1   0.1   1   2   7.8e-06    0.0018   18.3   0.0    85   132   122   177    79   186 0.71 transcript=TREG1_45810.1 gene=TREG1_45810
TREG1_45810.1        -            493 601875at33208        -            245   3.7e-06   27.1   0.1   2   2     0.031       7.2    6.5   0.0    83   135   217   278   198   283 0.66 transcript=TREG1_45810.1 gene=TREG1_45810
TREG1_132920.1       -            776 601875at33208        -            245   5.4e-06   26.5   0.1   1   2      0.15        34    4.3   0.0    79   134   248   311   239   325 0.75 transcript=TREG1_132920.1 gene=TREG1_132920
TREG1_132920.1       -            776 601875at33208        -            245   5.4e-06   26.5   0.1   2   2   2.5e-06   0.00057   19.9   0.1    73   134   330   398   324   405 0.80 transcript=TREG1_132920.1 gene=TREG1_132920
TREG1_132920.2       -            776 601875at33208        -            245   5.4e-06   26.5   0.1   1   2      0.15        34    4.3   0.0    79   134   248   311   239   325 0.75 transcript=TREG1_132920.2 gene=TREG1_132920
TREG1_132920.2       -            776 601875at33208        -            245   5.4e-06   26.5   0.1   2   2   2.5e-06   0.00057   19.9   0.1    73   134   330   398   324   405 0.80 transcript=TREG1_132920.2 gene=TREG1_132920
TREG1_52990.2        -            526 601875at33208        -            245   1.7e-05   24.9   0.1   1   2   2.4e-06   0.00055   20.0   0.1    83   136    94   155    56   159 0.72 transcript=TREG1_52990.2 gene=TREG1_52990
TREG1_52990.2        -            526 601875at33208        -            245   1.7e-05   24.9   0.1   2   2      0.52   1.2e+02    2.5   0.0   112   134   229   251   187   257 0.76 transcript=TREG1_52990.2 gene=TREG1_52990
TREG1_52990.3        -            526 601875at33208        -            245   1.7e-05   24.9   0.1   1   2   2.4e-06   0.00055   20.0   0.1    83   136    94   155    56   159 0.72 transcript=TREG1_52990.3 gene=TREG1_52990
TREG1_52990.3        -            526 601875at33208        -            245   1.7e-05   24.9   0.1   2   2      0.52   1.2e+02    2.5   0.0   112   134   229   251   187   257 0.76 transcript=TREG1_52990.3 gene=TREG1_52990
TREG1_52990.1        -            559 601875at33208        -            245   2.1e-05   24.6   0.1   1   2   2.6e-06    0.0006   19.8   0.1    83   136   127   188    89   192 0.72 transcript=TREG1_52990.1 gene=TREG1_52990
TREG1_52990.1        -            559 601875at33208        -            245   2.1e-05   24.6   0.1   2   2      0.56   1.3e+02    2.4   0.0   112   134   262   284   220   290 0.77 transcript=TREG1_52990.1 gene=TREG1_52990
TREG1_123790.1       -            931 601875at33208        -            245   2.4e-05   24.4   0.4   1   2   0.00029     0.068   13.1   0.0    83   135   626   685   623   712 0.82 transcript=TREG1_123790.1 gene=TREG1_123790
TREG1_123790.1       -            931 601875at33208        -            245   2.4e-05   24.4   0.4   2   2    0.0078       1.8    8.4   0.0    68   134   743   815   733   822 0.79 transcript=TREG1_123790.1 gene=TREG1_123790
TREG1_85180.1        -            283 601875at33208        -            245   2.9e-05   24.1   1.5   1   1   1.4e-07   3.3e-05   24.0   0.0    78   151   196   279   188   283 0.76 transcript=TREG1_85180.1 gene=TREG1_85180
TREG1_67630.1        -            547 601875at33208        -            245   3.2e-05   24.0   0.0   1   3     0.075        17    5.2   0.0   109   137    39    67     5    86 0.69 transcript=TREG1_67630.1 gene=TREG1_67630
TREG1_67630.1        -            547 601875at33208        -            245   3.2e-05   24.0   0.0   2   3      0.21        49    3.7   0.0    80   133    89   150    74   153 0.76 transcript=TREG1_67630.1 gene=TREG1_67630
TREG1_67630.1        -            547 601875at33208        -            245   3.2e-05   24.0   0.0   3   3   0.00097      0.22   11.4   0.0    82   135   386   446   378   463 0.85 transcript=TREG1_67630.1 gene=TREG1_67630
TREG1_67630.2        -            547 601875at33208        -            245   3.2e-05   24.0   0.0   1   3     0.075        17    5.2   0.0   109   137    39    67     5    86 0.69 transcript=TREG1_67630.2 gene=TREG1_67630
TREG1_67630.2        -            547 601875at33208        -            245   3.2e-05   24.0   0.0   2   3      0.21        49    3.7   0.0    80   133    89   150    74   153 0.76 transcript=TREG1_67630.2 gene=TREG1_67630
TREG1_67630.2        -            547 601875at33208        -            245   3.2e-05   24.0   0.0   3   3   0.00097      0.22   11.4   0.0    82   135   386   446   378   463 0.85 transcript=TREG1_67630.2 gene=TREG1_67630
TREG1_67630.3        -            547 601875at33208        -            245   3.2e-05   24.0   0.0   1   3     0.075        17    5.2   0.0   109   137    39    67     5    86 0.69 transcript=TREG1_67630.3 gene=TREG1_67630
TREG1_67630.3        -            547 601875at33208        -            245   3.2e-05   24.0   0.0   2   3      0.21        49    3.7   0.0    80   133    89   150    74   153 0.76 transcript=TREG1_67630.3 gene=TREG1_67630
TREG1_67630.3        -            547 601875at33208        -            245   3.2e-05   24.0   0.0   3   3   0.00097      0.22   11.4   0.0    82   135   386   446   378   463 0.85 transcript=TREG1_67630.3 gene=TREG1_67630
TREG1_67630.4        -            547 601875at33208        -            245   3.2e-05   24.0   0.0   1   3     0.075        17    5.2   0.0   109   137    39    67     5    86 0.69 transcript=TREG1_67630.4 gene=TREG1_67630
TREG1_67630.4        -            547 601875at33208        -            245   3.2e-05   24.0   0.0   2   3      0.21        49    3.7   0.0    80   133    89   150    74   153 0.76 transcript=TREG1_67630.4 gene=TREG1_67630
TREG1_67630.4        -            547 601875at33208        -            245   3.2e-05   24.0   0.0   3   3   0.00097      0.22   11.4   0.0    82   135   386   446   378   463 0.85 transcript=TREG1_67630.4 gene=TREG1_67630
TREG1_69770.1        -            520 601875at33208        -            245   3.2e-05   24.0   0.1   1   3   1.2e-05    0.0028   17.6   0.0    54   136    60   153    52   159 0.78 transcript=TREG1_69770.1 gene=TREG1_69770
TREG1_69770.1        -            520 601875at33208        -            245   3.2e-05   24.0   0.1   2   3      0.45     1e+02    2.7   0.0    93   134   200   249   182   254 0.62 transcript=TREG1_69770.1 gene=TREG1_69770
TREG1_69770.1        -            520 601875at33208        -            245   3.2e-05   24.0   0.1   3   3       5.8   1.3e+03   -0.9   0.0   119   136   475   492   436   518 0.76 transcript=TREG1_69770.1 gene=TREG1_69770
TREG1_24810.2        -            281 601875at33208        -            245   3.8e-05   23.7   0.5   1   1   4.6e-07    0.0001   22.3   0.0    78   151   194   277   186   281 0.76 transcript=TREG1_24810.2 gene=TREG1_24810
TREG1_45860.4        -            528 601875at33208        -            245   0.00011   22.2   0.1   1   2     0.084        19    5.1   0.0    92   139     8    62     3    70 0.77 transcript=TREG1_45860.4 gene=TREG1_45860
TREG1_45860.4        -            528 601875at33208        -            245   0.00011   22.2   0.1   2   2    0.0001     0.023   14.6   0.3    93   139   100   153    82   186 0.75 transcript=TREG1_45860.4 gene=TREG1_45860
TREG1_45860.1        -            607 601875at33208        -            245   0.00013   22.0   0.3   1   2      0.07        16    5.3   0.0    92   138    87   140    42   148 0.82 transcript=TREG1_45860.1 gene=TREG1_45860
TREG1_45860.1        -            607 601875at33208        -            245   0.00013   22.0   0.3   2   2   0.00012     0.028   14.4   0.3    93   139   179   232   161   265 0.76 transcript=TREG1_45860.1 gene=TREG1_45860
TREG1_45860.2        -            607 601875at33208        -            245   0.00013   22.0   0.3   1   2      0.07        16    5.3   0.0    92   138    87   140    42   148 0.82 transcript=TREG1_45860.2 gene=TREG1_45860
TREG1_45860.2        -            607 601875at33208        -            245   0.00013   22.0   0.3   2   2   0.00012     0.028   14.4   0.3    93   139   179   232   161   265 0.76 transcript=TREG1_45860.2 gene=TREG1_45860
TREG1_45860.3        -            607 601875at33208        -            245   0.00013   22.0   0.3   1   2      0.07        16    5.3   0.0    92   138    87   140    42   148 0.82 transcript=TREG1_45860.3 gene=TREG1_45860
TREG1_45860.3        -            607 601875at33208        -            245   0.00013   22.0   0.3   2   2   0.00012     0.028   14.4   0.3    93   139   179   232   161   265 0.76 transcript=TREG1_45860.3 gene=TREG1_45860
TREG1_103000.1       -            294 601875at33208        -            245   0.00017   21.6   0.0   1   2     0.036       8.4    6.3   0.0   109   141    46    78     8    89 0.71 transcript=TREG1_103000.1 gene=TREG1_103000
TREG1_103000.1       -            294 601875at33208        -            245   0.00017   21.6   0.0   2   2   0.00024     0.054   13.4   0.0    84   142   103   169    91   194 0.71 transcript=TREG1_103000.1 gene=TREG1_103000
TREG1_31130.1        -            850 601875at33208        -            245   0.00017   21.6   2.7   1   2   0.00062      0.14   12.0   0.0    79   136   102   166    96   207 0.79 transcript=TREG1_31130.1 gene=TREG1_31130
TREG1_31130.1        -            850 601875at33208        -            245   0.00017   21.6   2.7   2   2     0.008       1.9    8.4   0.0    84   153   681   757   668   783 0.75 transcript=TREG1_31130.1 gene=TREG1_31130
TREG1_121070.1       -            366 601875at33208        -            245   0.00032   20.7   0.0   1   2   0.00086       0.2   11.6   0.0    81   135    10    72     4    96 0.78 transcript=TREG1_121070.1 gene=TREG1_121070
TREG1_121070.1       -            366 601875at33208        -            245   0.00032   20.7   0.0   2   2     0.019       4.5    7.1   0.0    86   135   102   160    93   167 0.74 transcript=TREG1_121070.1 gene=TREG1_121070
TREG1_4720.1         -            464 601875at33208        -            245   0.00055   19.9   0.0   1   2   0.00018     0.042   13.8   0.0    81   134   102   163    98   185 0.81 transcript=TREG1_4720.1 gene=TREG1_4720
TREG1_4720.1         -            464 601875at33208        -            245   0.00055   19.9   0.0   2   2      0.19        44    3.9   0.0    86   135   206   263   198   288 0.82 transcript=TREG1_4720.1 gene=TREG1_4720
TREG1_50450.1        -            221 601875at33208        -            245   0.00062   19.8   0.0   1   2   3.4e-05    0.0079   16.2   0.0    85   135     7    63     3    67 0.74 transcript=TREG1_50450.1 gene=TREG1_50450
TREG1_50450.1        -            221 601875at33208        -            245   0.00062   19.8   0.0   2   2         1   2.3e+02    1.5   0.0    93   136   125   168   110   184 0.79 transcript=TREG1_50450.1 gene=TREG1_50450
TREG1_125680.1       -           1038 601875at33208        -            245   0.00062   19.8   0.1   1   1   5.7e-06    0.0013   18.7   0.1    82   138   337   400   328   409 0.82 transcript=TREG1_125680.1 gene=TREG1_125680
TREG1_4640.2         -            216 601875at33208        -            245    0.0008   19.4   0.0   1   1   5.3e-06    0.0012   18.8   0.0    77   147    79   162     8   166 0.70 transcript=TREG1_4640.2 gene=TREG1_4640
TREG1_9490.1         -            399 601875at33208        -            245    0.0015   18.5   0.0   1   1   1.2e-05    0.0029   17.6   0.0    81   136    91   154    85   163 0.81 transcript=TREG1_9490.1 gene=TREG1_9490
TREG1_4640.1         -            278 601875at33208        -            245    0.0015   18.5   0.0   1   1     1e-05    0.0023   17.9   0.0    78   147    80   162     8   166 0.70 transcript=TREG1_4640.1 gene=TREG1_4640
TREG1_109220.1       -            239 601875at33208        -            245    0.0019   18.2   0.5   1   2      0.18        42    4.0   0.0   109   139    50    80     8    91 0.79 transcript=TREG1_109220.1 gene=TREG1_109220
TREG1_109220.1       -            239 601875at33208        -            245    0.0019   18.2   0.5   2   2   0.00046      0.11   12.5   0.2    85   162   109   194    95   206 0.68 transcript=TREG1_109220.1 gene=TREG1_109220
TREG1_14330.16       -            685 601875at33208        -            245    0.0021   18.0   4.0   1   3     0.022       5.1    6.9   5.1   144   230     2    91     1   101 0.87 transcript=TREG1_14330.16 gene=TREG1_14330
TREG1_14330.16       -            685 601875at33208        -            245    0.0021   18.0   4.0   2   3     0.037       8.4    6.2   0.0    80   135   230   290   218   296 0.70 transcript=TREG1_14330.16 gene=TREG1_14330
TREG1_14330.16       -            685 601875at33208        -            245    0.0021   18.0   4.0   3   3       6.7   1.5e+03   -1.2   0.0    80   140   319   382   316   388 0.74 transcript=TREG1_14330.16 gene=TREG1_14330
TREG1_14330.5        -            685 601875at33208        -            245    0.0021   18.0   4.0   1   3     0.022       5.1    6.9   5.1   144   230     2    91     1   101 0.87 transcript=TREG1_14330.5 gene=TREG1_14330
TREG1_14330.5        -            685 601875at33208        -            245    0.0021   18.0   4.0   2   3     0.037       8.4    6.2   0.0    80   135   230   290   218   296 0.70 transcript=TREG1_14330.5 gene=TREG1_14330
TREG1_14330.5        -            685 601875at33208        -            245    0.0021   18.0   4.0   3   3       6.7   1.5e+03   -1.2   0.0    80   140   319   382   316   388 0.74 transcript=TREG1_14330.5 gene=TREG1_14330
TREG1_14330.9        -            685 601875at33208        -            245    0.0021   18.0   4.0   1   3     0.022       5.1    6.9   5.1   144   230     2    91     1   101 0.87 transcript=TREG1_14330.9 gene=TREG1_14330
TREG1_14330.9        -            685 601875at33208        -            245    0.0021   18.0   4.0   2   3     0.037       8.4    6.2   0.0    80   135   230   290   218   296 0.70 transcript=TREG1_14330.9 gene=TREG1_14330
TREG1_14330.9        -            685 601875at33208        -            245    0.0021   18.0   4.0   3   3       6.7   1.5e+03   -1.2   0.0    80   140   319   382   316   388 0.74 transcript=TREG1_14330.9 gene=TREG1_14330
TREG1_14330.10       -            685 601875at33208        -            245    0.0021   18.0   4.0   1   3     0.022       5.1    6.9   5.1   144   230     2    91     1   101 0.87 transcript=TREG1_14330.10 gene=TREG1_14330
TREG1_14330.10       -            685 601875at33208        -            245    0.0021   18.0   4.0   2   3     0.037       8.4    6.2   0.0    80   135   230   290   218   296 0.70 transcript=TREG1_14330.10 gene=TREG1_14330
TREG1_14330.10       -            685 601875at33208        -            245    0.0021   18.0   4.0   3   3       6.7   1.5e+03   -1.2   0.0    80   140   319   382   316   388 0.74 transcript=TREG1_14330.10 gene=TREG1_14330
TREG1_14330.13       -            685 601875at33208        -            245    0.0021   18.0   4.0   1   3     0.022       5.1    6.9   5.1   144   230     2    91     1   101 0.87 transcript=TREG1_14330.13 gene=TREG1_14330
TREG1_14330.13       -            685 601875at33208        -            245    0.0021   18.0   4.0   2   3     0.037       8.4    6.2   0.0    80   135   230   290   218   296 0.70 transcript=TREG1_14330.13 gene=TREG1_14330
TREG1_14330.13       -            685 601875at33208        -            245    0.0021   18.0   4.0   3   3       6.7   1.5e+03   -1.2   0.0    80   140   319   382   316   388 0.74 transcript=TREG1_14330.13 gene=TREG1_14330
TREG1_14330.14       -            685 601875at33208        -            245    0.0021   18.0   4.0   1   3     0.022       5.1    6.9   5.1   144   230     2    91     1   101 0.87 transcript=TREG1_14330.14 gene=TREG1_14330
TREG1_14330.14       -            685 601875at33208        -            245    0.0021   18.0   4.0   2   3     0.037       8.4    6.2   0.0    80   135   230   290   218   296 0.70 transcript=TREG1_14330.14 gene=TREG1_14330
TREG1_14330.14       -            685 601875at33208        -            245    0.0021   18.0   4.0   3   3       6.7   1.5e+03   -1.2   0.0    80   140   319   382   316   388 0.74 transcript=TREG1_14330.14 gene=TREG1_14330
TREG1_14330.1        -            680 601875at33208        -            245    0.0022   18.0   4.0   1   3     0.022       5.1    7.0   5.1   144   230     2    91     1   101 0.87 transcript=TREG1_14330.1 gene=TREG1_14330
TREG1_14330.1        -            680 601875at33208        -            245    0.0022   18.0   4.0   2   3     0.036       8.3    6.3   0.0    80   135   230   290   218   296 0.70 transcript=TREG1_14330.1 gene=TREG1_14330
TREG1_14330.1        -            680 601875at33208        -            245    0.0022   18.0   4.0   3   3       6.6   1.5e+03   -1.1   0.0    80   140   319   382   316   388 0.74 transcript=TREG1_14330.1 gene=TREG1_14330
TREG1_12670.1        -            731 601875at33208        -            245    0.0029   17.6   0.0   1   2     0.064        15    5.5   0.0    83   142    87   153    65   172 0.75 transcript=TREG1_12670.1 gene=TREG1_12670
TREG1_12670.1        -            731 601875at33208        -            245    0.0029   17.6   0.0   2   2    0.0049       1.1    9.1   0.0    84   135   174   233   152   238 0.78 transcript=TREG1_12670.1 gene=TREG1_12670
TREG1_12670.2        -            738 601875at33208        -            245    0.0029   17.6   0.0   1   2     0.065        15    5.4   0.0    83   142    94   160    72   179 0.75 transcript=TREG1_12670.2 gene=TREG1_12670
TREG1_12670.2        -            738 601875at33208        -            245    0.0029   17.6   0.0   2   2     0.005       1.1    9.1   0.0    84   135   181   240   159   245 0.78 transcript=TREG1_12670.2 gene=TREG1_12670
TREG1_110380.1       -            226 601875at33208        -            245     0.003   17.5   2.5   1   2      0.87     2e+02    1.7   0.0    83   135     6    67     3    98 0.68 transcript=TREG1_110380.1 gene=TREG1_110380
TREG1_110380.1       -            226 601875at33208        -            245     0.003   17.5   2.5   2   2   8.3e-05     0.019   14.9   0.0    82   133   152   204   146   209 0.86 transcript=TREG1_110380.1 gene=TREG1_110380
TREG1_110370.1       -            280 601875at33208        -            245    0.0031   17.5   1.5   1   2       1.1   2.4e+02    1.5   0.1    83   135    60   121    54   157 0.68 transcript=TREG1_110370.1 gene=TREG1_110370
TREG1_110370.1       -            280 601875at33208        -            245    0.0031   17.5   1.5   2   2   0.00012     0.028   14.4   0.0    82   133   206   258   200   263 0.86 transcript=TREG1_110370.1 gene=TREG1_110370
TREG1_17420.1        -            176 601875at33208        -            245    0.0036   17.3   0.0   1   1   2.5e-05    0.0057   16.6   0.0    84   137    90   145    84   151 0.89 transcript=TREG1_17420.1 gene=TREG1_17420
TREG1_109230.4       -            315 601875at33208        -            245     0.005   16.8   0.5   1   2      0.28        65    3.3   0.0   109   139    51    81     9    92 0.79 transcript=TREG1_109230.4 gene=TREG1_109230
TREG1_109230.4       -            315 601875at33208        -            245     0.005   16.8   0.5   2   2   0.00082      0.19   11.6   0.2    85   161   110   194    96   206 0.67 transcript=TREG1_109230.4 gene=TREG1_109230
TREG1_109230.1       -            315 601875at33208        -            245     0.005   16.8   0.5   1   2      0.28        65    3.3   0.0   109   139    51    81     9    92 0.79 transcript=TREG1_109230.1 gene=TREG1_109230
TREG1_109230.1       -            315 601875at33208        -            245     0.005   16.8   0.5   2   2   0.00082      0.19   11.6   0.2    85   161   110   194    96   206 0.67 transcript=TREG1_109230.1 gene=TREG1_109230
TREG1_109230.2       -            315 601875at33208        -            245     0.005   16.8   0.5   1   2      0.28        65    3.3   0.0   109   139    51    81     9    92 0.79 transcript=TREG1_109230.2 gene=TREG1_109230
TREG1_109230.2       -            315 601875at33208        -            245     0.005   16.8   0.5   2   2   0.00082      0.19   11.6   0.2    85   161   110   194    96   206 0.67 transcript=TREG1_109230.2 gene=TREG1_109230
TREG1_109230.3       -            315 601875at33208        -            245     0.005   16.8   0.5   1   2      0.28        65    3.3   0.0   109   139    51    81     9    92 0.79 transcript=TREG1_109230.3 gene=TREG1_109230
TREG1_109230.3       -            315 601875at33208        -            245     0.005   16.8   0.5   2   2   0.00082      0.19   11.6   0.2    85   161   110   194    96   206 0.67 transcript=TREG1_109230.3 gene=TREG1_109230
TREG1_109230.5       -            315 601875at33208        -            245     0.005   16.8   0.5   1   2      0.28        65    3.3   0.0   109   139    51    81     9    92 0.79 transcript=TREG1_109230.5 gene=TREG1_109230
TREG1_109230.5       -            315 601875at33208        -            245     0.005   16.8   0.5   2   2   0.00082      0.19   11.6   0.2    85   161   110   194    96   206 0.67 transcript=TREG1_109230.5 gene=TREG1_109230
TREG1_52220.1        -            373 601875at33208        -            245    0.0097   15.9   0.0   1   2    0.0017       0.4   10.6   0.0    86   134     4    52     1    59 0.83 transcript=TREG1_52220.1 gene=TREG1_52220
TREG1_52220.1        -            373 601875at33208        -            245    0.0097   15.9   0.0   2   2      0.34        77    3.1   0.0    85   136   110   164   105   175 0.80 transcript=TREG1_52220.1 gene=TREG1_52220
TREG1_52220.2        -            373 601875at33208        -            245    0.0097   15.9   0.0   1   2    0.0017       0.4   10.6   0.0    86   134     4    52     1    59 0.83 transcript=TREG1_52220.2 gene=TREG1_52220
TREG1_52220.2        -            373 601875at33208        -            245    0.0097   15.9   0.0   2   2      0.34        77    3.1   0.0    85   136   110   164   105   175 0.80 transcript=TREG1_52220.2 gene=TREG1_52220
TREG1_17380.1        -            285 601875at33208        -            245     0.011   15.7   0.0   1   1   6.2e-05     0.014   15.3   0.0    84   137    13    68     8    74 0.89 transcript=TREG1_17380.1 gene=TREG1_17380
TREG1_133800.1       -            570 601875at33208        -            245     0.011   15.7   0.1   1   2   0.00095      0.22   11.4   0.0    83   139    38   101    28   112 0.74 transcript=TREG1_133800.1 gene=TREG1_133800
TREG1_133800.1       -            570 601875at33208        -            245     0.011   15.7   0.1   2   2       1.6   3.6e+02    0.9   0.0    85   135   168   225   166   238 0.73 transcript=TREG1_133800.1 gene=TREG1_133800
TREG1_42630.1        -            522 601875at33208        -            245     0.011   15.7   0.0   1   1   0.00016     0.038   13.9   0.0    86   149    27    91    22   117 0.79 transcript=TREG1_42630.1 gene=TREG1_42630
TREG1_42630.2        -            522 601875at33208        -            245     0.011   15.7   0.0   1   1   0.00016     0.038   13.9   0.0    86   149    27    91    22   117 0.79 transcript=TREG1_42630.2 gene=TREG1_42630
TREG1_42630.3        -            522 601875at33208        -            245     0.011   15.7   0.0   1   1   0.00016     0.038   13.9   0.0    86   149    27    91    22   117 0.79 transcript=TREG1_42630.3 gene=TREG1_42630
TREG1_42630.4        -            522 601875at33208        -            245     0.011   15.7   0.0   1   1   0.00016     0.038   13.9   0.0    86   149    27    91    22   117 0.79 transcript=TREG1_42630.4 gene=TREG1_42630
TREG1_145340.1       -            362 601875at33208        -            245     0.014   15.4   0.0   1   1   9.1e-05     0.021   14.8   0.0    84   137    90   145    85   151 0.89 transcript=TREG1_145340.1 gene=TREG1_145340
TREG1_111270.1       -            400 601875at33208        -            245     0.026   14.5   0.4   1   2         4   9.2e+02   -0.4   0.0    83   135    58   118    54   136 0.61 transcript=TREG1_111270.1 gene=TREG1_111270
TREG1_111270.1       -            400 601875at33208        -            245     0.026   14.5   0.4   2   2   0.00047      0.11   12.4   0.2    86   139   144   205   128   212 0.77 transcript=TREG1_111270.1 gene=TREG1_111270
TREG1_42590.5        -            340 601875at33208        -            245     0.027   14.4   0.0   1   2   0.00047      0.11   12.4   0.0    85   144    38    98    32   124 0.80 transcript=TREG1_42590.5 gene=TREG1_42590
TREG1_42590.5        -            340 601875at33208        -            245     0.027   14.4   0.0   2   2       6.3   1.5e+03   -1.1   0.0    94   133   146   187   137   192 0.63 transcript=TREG1_42590.5 gene=TREG1_42590
TREG1_17830.1        -            353 601875at33208        -            245     0.032   14.2   0.0   1   2      0.13        30    4.5   0.0    93   138   121   173    92   176 0.74 transcript=TREG1_17830.1 gene=TREG1_17830
TREG1_17830.1        -            353 601875at33208        -            245     0.032   14.2   0.0   2   2     0.015       3.5    7.5   0.0    86   136   200   253   187   260 0.80 transcript=TREG1_17830.1 gene=TREG1_17830
TREG1_17830.3        -            353 601875at33208        -            245     0.032   14.2   0.0   1   2      0.13        30    4.5   0.0    93   138   121   173    92   176 0.74 transcript=TREG1_17830.3 gene=TREG1_17830
TREG1_17830.3        -            353 601875at33208        -            245     0.032   14.2   0.0   2   2     0.015       3.5    7.5   0.0    86   136   200   253   187   260 0.80 transcript=TREG1_17830.3 gene=TREG1_17830
TREG1_17830.2        -            348 601875at33208        -            245     0.032   14.2   0.0   1   2      0.13        30    4.4   0.0    93   138   116   168    92   171 0.73 transcript=TREG1_17830.2 gene=TREG1_17830
TREG1_17830.2        -            348 601875at33208        -            245     0.032   14.2   0.0   2   2     0.015       3.4    7.5   0.0    86   136   195   248   182   255 0.80 transcript=TREG1_17830.2 gene=TREG1_17830
TREG1_42590.4        -            406 601875at33208        -            245     0.035   14.0   0.0   1   2   0.00063      0.14   12.0   0.0    85   144    38    98    32   124 0.80 transcript=TREG1_42590.4 gene=TREG1_42590
TREG1_42590.4        -            406 601875at33208        -            245     0.035   14.0   0.0   2   2       8.7     2e+03   -1.5   0.0    94   133   146   187   137   191 0.63 transcript=TREG1_42590.4 gene=TREG1_42590
TREG1_6540.1         -            499 601875at33208        -            245     0.037   14.0   0.1   1   2      0.71   1.6e+02    2.0   0.0   111   140     4    33     1    58 0.83 transcript=TREG1_6540.1 gene=TREG1_6540
TREG1_6540.1         -            499 601875at33208        -            245     0.037   14.0   0.1   2   2    0.0026       0.6   10.0   0.0    93   135    66   115    38   132 0.78 transcript=TREG1_6540.1 gene=TREG1_6540
TREG1_136580.1       -            298 601875at33208        -            245      0.05   13.5   0.0   1   2     0.002      0.47   10.4   0.0    67   127    30    92    25   104 0.87 transcript=TREG1_136580.1 gene=TREG1_136580
TREG1_136580.1       -            298 601875at33208        -            245      0.05   13.5   0.0   2   2       1.6   3.6e+02    0.9   0.0   116   135   186   205   158   233 0.71 transcript=TREG1_136580.1 gene=TREG1_136580
TREG1_42590.1        -            552 601875at33208        -            245     0.066   13.1   0.0   1   1     0.001      0.23   11.4   0.0    85   144    38    98    32   124 0.80 transcript=TREG1_42590.1 gene=TREG1_42590
TREG1_42590.2        -            552 601875at33208        -            245     0.066   13.1   0.0   1   1     0.001      0.23   11.4   0.0    85   144    38    98    32   124 0.80 transcript=TREG1_42590.2 gene=TREG1_42590
TREG1_124040.1       -            625 601875at33208        -            245     0.073   13.0   0.0   1   1   0.00059      0.14   12.1   0.0    81   134    15    69     1    77 0.77 transcript=TREG1_124040.1 gene=TREG1_124040
TREG1_42590.3        -            548 601875at33208        -            245      0.11   12.4   0.0   1   1   0.00099      0.23   11.4   0.0    85   144    38    98    32   124 0.80 transcript=TREG1_42590.3 gene=TREG1_42590
TREG1_62920.3        -            569 601875at33208        -            245      0.12   12.3   2.8   1   1    0.0027      0.62    9.9   2.8    94   141   166   220   152   297 0.82 transcript=TREG1_62920.3 gene=TREG1_62920
TREG1_62920.1        -            567 601875at33208        -            245      0.12   12.2   2.9   1   1    0.0028      0.63    9.9   2.9    94   141   166   220   152   297 0.82 transcript=TREG1_62920.1 gene=TREG1_62920
TREG1_62920.5        -            567 601875at33208        -            245      0.12   12.2   2.9   1   1    0.0028      0.63    9.9   2.9    94   141   166   220   152   297 0.82 transcript=TREG1_62920.5 gene=TREG1_62920
TREG1_112010.1       -            634 601875at33208        -            245      0.13   12.2   0.0   1   3    0.0064       1.5    8.7   0.0    67   127    30    92    25   104 0.87 transcript=TREG1_112010.1 gene=TREG1_112010
TREG1_112010.1       -            634 601875at33208        -            245      0.13   12.2   0.0   2   3         5   1.2e+03   -0.8   0.0   117   135   187   205   158   212 0.65 transcript=TREG1_112010.1 gene=TREG1_112010
TREG1_112010.1       -            634 601875at33208        -            245      0.13   12.2   0.0   3   3       8.7     2e+03   -1.5   0.0    81   131   402   455   393   470 0.79 transcript=TREG1_112010.1 gene=TREG1_112010
TREG1_28950.1        -           1389 601875at33208        -            245      0.13   12.2   0.0   1   1    0.0011      0.26   11.2   0.0    34   110   367   443   353   491 0.86 transcript=TREG1_28950.1 gene=TREG1_28950
TREG1_62920.2        -            584 601875at33208        -            245      0.13   12.2   2.8   1   2    0.0006      0.14   12.1   0.1    94   139   166   218   151   229 0.77 transcript=TREG1_62920.2 gene=TREG1_62920
TREG1_62920.2        -            584 601875at33208        -            245      0.13   12.2   2.8   2   2       7.6   1.7e+03   -1.3   0.5   150   168   279   297   233   310 0.64 transcript=TREG1_62920.2 gene=TREG1_62920
TREG1_62920.4        -            519 601875at33208        -            245      0.15   12.0   3.1   1   1     0.003       0.7    9.8   3.2    94   141   166   220   152   298 0.82 transcript=TREG1_62920.4 gene=TREG1_62920
TREG1_62920.6        -            519 601875at33208        -            245      0.15   12.0   3.1   1   1     0.003       0.7    9.8   3.2    94   141   166   220   152   298 0.82 transcript=TREG1_62920.6 gene=TREG1_62920
TREG1_75560.1        -            158 601875at33208        -            245      0.15   12.0   0.0   1   1   0.00096      0.22   11.4   0.0    82   135    38    99    31   120 0.69 transcript=TREG1_75560.1 gene=TREG1_75560
TREG1_121640.1       -            449 601875at33208        -            245      0.35   10.8   2.0   1   3     0.058        13    5.6   0.1   110   140    39    69    32    73 0.84 transcript=TREG1_121640.1 gene=TREG1_121640
TREG1_121640.1       -            449 601875at33208        -            245      0.35   10.8   2.0   2   3       9.6   2.2e+03   -1.7   0.0   118   140   144   166   136   190 0.79 transcript=TREG1_121640.1 gene=TREG1_121640
TREG1_121640.1       -            449 601875at33208        -            245      0.35   10.8   2.0   3   3      0.25        57    3.5   0.1   113   140   331   358   326   362 0.83 transcript=TREG1_121640.1 gene=TREG1_121640
#
# Program:         hmmsearch
# Version:         3.4 (Aug 2023)
# Pipeline mode:   SEARCH
# Query file:      /users/40483456/busco_datasets/busco_downloads/lineages/metazoa_odb10/hmms/601875at33208.hmm
# Target file:     /users/40483456/protein/trichobilharzia_regenti.fa
# Option settings: hmmsearch --domtblout /users/40483456/busco/results_pro/trichobilharzia_regenti_busco/run_metazoa_odb10/hmmer_output/initial_run_results/601875at33208.out --cpu 1 /users/40483456/busco_datasets/busco_downloads/lineages/metazoa_odb10/hmms/601875at33208.hmm /users/40483456/protein/trichobilharzia_regenti.fa 
# Current dir:     /users/40483456
# Date:            Thu Jan 15 18:03:41 2026
# [ok]
