#                                                                            --- full sequence --- -------------- this domain -------------   hmm coord   ali coord   env coord
# target name        accession   tlen query name           accession   qlen   E-value  score  bias   #  of  c-Evalue  i-Evalue  score  bias  from    to  from    to  from    to  acc description of target
#------------------- ---------- ----- -------------------- ---------- ----- --------- ------ ----- --- --- --------- --------- ------ ----- ----- ----- ----- ----- ----- ----- ---- ---------------------
TREG1_35030.1        -            168 642552at33208        -            130   1.9e-26   92.8   0.0   1   1   6.9e-30   2.4e-26   92.4   0.0     5   126    24   152    20   157 0.85 transcript=TREG1_35030.1 gene=TREG1_35030
TREG1_35030.3        -            168 642552at33208        -            130   1.9e-26   92.8   0.0   1   1   6.9e-30   2.4e-26   92.4   0.0     5   126    24   152    20   157 0.85 transcript=TREG1_35030.3 gene=TREG1_35030
TREG1_35030.4        -            168 642552at33208        -            130   1.9e-26   92.8   0.0   1   1   6.9e-30   2.4e-26   92.4   0.0     5   126    24   152    20   157 0.85 transcript=TREG1_35030.4 gene=TREG1_35030
TREG1_35030.2        -            125 642552at33208        -            130   7.5e-22   77.9   0.0   1   1   2.8e-25   9.9e-22   77.5   0.0     5    98    24   120    20   123 0.91 transcript=TREG1_35030.2 gene=TREG1_35030
TREG1_109850.1       -            156 642552at33208        -            130   1.8e-15   57.3   0.0   1   1     7e-19   2.5e-15   56.8   0.0    36   109    69   141    52   151 0.85 transcript=TREG1_109850.1 gene=TREG1_109850
TREG1_109850.2       -            156 642552at33208        -            130   1.8e-15   57.3   0.0   1   1     7e-19   2.5e-15   56.8   0.0    36   109    69   141    52   151 0.85 transcript=TREG1_109850.2 gene=TREG1_109850
TREG1_33700.1        -            471 642552at33208        -            130   1.5e-09   38.1   0.1   1   1   9.9e-13   3.5e-09   36.9   0.1    39   121   126   204   113   214 0.81 transcript=TREG1_33700.1 gene=TREG1_33700
#
# Program:         hmmsearch
# Version:         3.4 (Aug 2023)
# Pipeline mode:   SEARCH
# Query file:      /users/40483456/busco_datasets/busco_downloads/lineages/metazoa_odb10/hmms/642552at33208.hmm
# Target file:     /users/40483456/protein/trichobilharzia_regenti.fa
# Option settings: hmmsearch --domtblout /users/40483456/busco/results_pro/trichobilharzia_regenti_busco/run_metazoa_odb10/hmmer_output/initial_run_results/642552at33208.out --cpu 1 /users/40483456/busco_datasets/busco_downloads/lineages/metazoa_odb10/hmms/642552at33208.hmm /users/40483456/protein/trichobilharzia_regenti.fa 
# Current dir:     /users/40483456
# Date:            Thu Jan 15 18:03:40 2026
# [ok]
