#                                                                            --- full sequence --- -------------- this domain -------------   hmm coord   ali coord   env coord
# target name        accession   tlen query name           accession   qlen   E-value  score  bias   #  of  c-Evalue  i-Evalue  score  bias  from    to  from    to  from    to  acc description of target
#------------------- ---------- ----- -------------------- ---------- ----- --------- ------ ----- --- --- --------- --------- ------ ----- ----- ----- ----- ----- ----- ----- ---- ---------------------
SMRG1_84930.2        -           1034 195986at33208        -            612  7.8e-237  787.7  37.1   1   4    5e-182  1.1e-178  595.7   8.7     1   368     1   418     1   440 0.87 transcript=SMRG1_84930.2 gene=SMRG1_84930
SMRG1_84930.2        -           1034 195986at33208        -            612  7.8e-237  787.7  37.1   2   4   2.1e-05     0.045   12.3   0.4   384   413   508   537   466   559 0.69 transcript=SMRG1_84930.2 gene=SMRG1_84930
SMRG1_84930.2        -           1034 195986at33208        -            612  7.8e-237  787.7  37.1   3   4   6.8e-11   1.5e-07   30.5   1.2   409   465   579   649   549   686 0.79 transcript=SMRG1_84930.2 gene=SMRG1_84930
SMRG1_84930.2        -           1034 195986at33208        -            612  7.8e-237  787.7  37.1   4   4   5.9e-51   1.3e-47  162.8   7.0   461   611   708   866   699   867 0.91 transcript=SMRG1_84930.2 gene=SMRG1_84930
SMRG1_84930.1        -           1011 195986at33208        -            612  2.8e-220  733.0  37.3   1   4  1.8e-165  3.9e-162  541.0   8.7    24   368     1   395     1   418 0.86 transcript=SMRG1_84930.1 gene=SMRG1_84930
SMRG1_84930.1        -           1011 195986at33208        -            612  2.8e-220  733.0  37.3   2   4   1.8e-05     0.038   12.6   0.4   384   413   485   514   441   541 0.68 transcript=SMRG1_84930.1 gene=SMRG1_84930
SMRG1_84930.1        -           1011 195986at33208        -            612  2.8e-220  733.0  37.3   3   4   6.7e-11   1.4e-07   30.5   1.2   409   465   556   626   526   663 0.79 transcript=SMRG1_84930.1 gene=SMRG1_84930
SMRG1_84930.1        -           1011 195986at33208        -            612  2.8e-220  733.0  37.3   4   4   5.7e-51   1.2e-47  162.8   7.0   461   611   685   843   676   844 0.91 transcript=SMRG1_84930.1 gene=SMRG1_84930
SMRG1_84930.3        -            892 195986at33208        -            612  5.8e-133  444.7  35.3   1   4   5.9e-78   1.3e-74  251.9   6.6   142   368     1   276     1   298 0.81 transcript=SMRG1_84930.3 gene=SMRG1_84930
SMRG1_84930.3        -            892 195986at33208        -            612  5.8e-133  444.7  35.3   2   4   1.7e-05     0.037   12.6   0.5   384   412   366   394   321   415 0.67 transcript=SMRG1_84930.3 gene=SMRG1_84930
SMRG1_84930.3        -            892 195986at33208        -            612  5.8e-133  444.7  35.3   3   4   5.6e-11   1.2e-07   30.7   1.2   409   465   437   507   407   544 0.79 transcript=SMRG1_84930.3 gene=SMRG1_84930
SMRG1_84930.3        -            892 195986at33208        -            612  5.8e-133  444.7  35.3   4   4   4.7e-51     1e-47  163.1   7.0   461   611   566   724   557   725 0.91 transcript=SMRG1_84930.3 gene=SMRG1_84930
SMRG1_41450.1        -            183 195986at33208        -            612    0.0078   14.8   0.2   1   1   5.3e-06     0.012   14.3   0.1   379   431    69   121    53   168 0.79 transcript=SMRG1_41450.1 gene=SMRG1_41450
SMRG1_70430.2        -            656 195986at33208        -            612     0.034   12.7   0.1   1   2     8e-05      0.17   10.4   0.0     9    57    42    89    36    96 0.87 transcript=SMRG1_70430.2 gene=SMRG1_70430
SMRG1_70430.2        -            656 195986at33208        -            612     0.034   12.7   0.1   2   2      0.17   3.6e+02   -0.6   0.0    60    90   116   146   111   167 0.81 transcript=SMRG1_70430.2 gene=SMRG1_70430
SMRG1_70430.1        -            738 195986at33208        -            612     0.043   12.4   0.1   1   2   9.3e-05       0.2   10.2   0.0     9    57    42    89    36    96 0.87 transcript=SMRG1_70430.1 gene=SMRG1_70430
SMRG1_70430.1        -            738 195986at33208        -            612     0.043   12.4   0.1   2   2      0.19   4.2e+02   -0.8   0.0    60    90   116   146   111   167 0.81 transcript=SMRG1_70430.1 gene=SMRG1_70430
SMRG1_70430.3        -            738 195986at33208        -            612     0.043   12.4   0.1   1   2   9.3e-05       0.2   10.2   0.0     9    57    42    89    36    96 0.87 transcript=SMRG1_70430.3 gene=SMRG1_70430
SMRG1_70430.3        -            738 195986at33208        -            612     0.043   12.4   0.1   2   2      0.19   4.2e+02   -0.8   0.0    60    90   116   146   111   167 0.81 transcript=SMRG1_70430.3 gene=SMRG1_70430
SMRG1_70430.4        -            738 195986at33208        -            612     0.043   12.4   0.1   1   2   9.3e-05       0.2   10.2   0.0     9    57    42    89    36    96 0.87 transcript=SMRG1_70430.4 gene=SMRG1_70430
SMRG1_70430.4        -            738 195986at33208        -            612     0.043   12.4   0.1   2   2      0.19   4.2e+02   -0.8   0.0    60    90   116   146   111   167 0.81 transcript=SMRG1_70430.4 gene=SMRG1_70430
SMRG1_70430.5        -            738 195986at33208        -            612     0.043   12.4   0.1   1   2   9.3e-05       0.2   10.2   0.0     9    57    42    89    36    96 0.87 transcript=SMRG1_70430.5 gene=SMRG1_70430
SMRG1_70430.5        -            738 195986at33208        -            612     0.043   12.4   0.1   2   2      0.19   4.2e+02   -0.8   0.0    60    90   116   146   111   167 0.81 transcript=SMRG1_70430.5 gene=SMRG1_70430
#
# Program:         hmmsearch
# Version:         3.4 (Aug 2023)
# Pipeline mode:   SEARCH
# Query file:      /users/40483456/busco_datasets/busco_downloads/lineages/metazoa_odb10/hmms/195986at33208.hmm
# Target file:     /users/40483456/protein/schistosoma_margrebowiei.fa
# Option settings: hmmsearch --domtblout /users/40483456/busco/results_pro/schistosoma_margrebowiei_busco/run_metazoa_odb10/hmmer_output/initial_run_results/195986at33208.out --cpu 1 /users/40483456/busco_datasets/busco_downloads/lineages/metazoa_odb10/hmms/195986at33208.hmm /users/40483456/protein/schistosoma_margrebowiei.fa 
# Current dir:     /users/40483456
# Date:            Thu Jan 15 17:54:43 2026
# [ok]
