#                                                                            --- full sequence --- -------------- this domain -------------   hmm coord   ali coord   env coord
# target name        accession   tlen query name           accession   qlen   E-value  score  bias   #  of  c-Evalue  i-Evalue  score  bias  from    to  from    to  from    to  acc description of target
#------------------- ---------- ----- -------------------- ---------- ----- --------- ------ ----- --- --- --------- --------- ------ ----- ----- ----- ----- ----- ----- ----- ---- ---------------------
SMRG1_58620.1        -            578 266460at33208        -            486  1.3e-132  443.1   3.5   1   2    0.0075        37    3.0   0.0     1    36    15    51    15    77 0.81 transcript=SMRG1_58620.1 gene=SMRG1_58620
SMRG1_58620.1        -            578 266460at33208        -            486  1.3e-132  443.1   3.5   2   2  4.4e-135  2.1e-131  439.1   2.6    53   459    99   535    84   567 0.86 transcript=SMRG1_58620.1 gene=SMRG1_58620
SMRG1_58620.3        -            511 266460at33208        -            486  1.1e-131  440.1   2.6   1   1  2.8e-135  1.4e-131  439.7   2.6    53   459    32   468    17   500 0.86 transcript=SMRG1_58620.3 gene=SMRG1_58620
SMRG1_58620.2        -            506 266460at33208        -            486  3.3e-130  435.2   3.7   1   2    0.0063        31    3.2   0.0     1    36    15    51    15    77 0.81 transcript=SMRG1_58620.2 gene=SMRG1_58620
SMRG1_58620.2        -            506 266460at33208        -            486  3.3e-130  435.2   3.7   2   2  1.3e-132  6.4e-129  430.9   2.9    53   425    99   492    84   500 0.90 transcript=SMRG1_58620.2 gene=SMRG1_58620
SMRG1_58620.4        -            585 266460at33208        -            486  2.4e-129  432.3   4.0   1   2    0.0076        37    2.9   0.0     1    36    15    51    15    77 0.81 transcript=SMRG1_58620.4 gene=SMRG1_58620
SMRG1_58620.4        -            585 266460at33208        -            486  2.4e-129  432.3   4.0   2   2    8e-132  3.9e-128  428.3   3.1    53   459    99   542    84   574 0.85 transcript=SMRG1_58620.4 gene=SMRG1_58620
#
# Program:         hmmsearch
# Version:         3.4 (Aug 2023)
# Pipeline mode:   SEARCH
# Query file:      /users/40483456/busco_datasets/busco_downloads/lineages/metazoa_odb10/hmms/266460at33208.hmm
# Target file:     /users/40483456/protein/schistosoma_margrebowiei.fa
# Option settings: hmmsearch --domtblout /users/40483456/busco/results_pro/schistosoma_margrebowiei_busco/run_metazoa_odb10/hmmer_output/initial_run_results/266460at33208.out --cpu 1 /users/40483456/busco_datasets/busco_downloads/lineages/metazoa_odb10/hmms/266460at33208.hmm /users/40483456/protein/schistosoma_margrebowiei.fa 
# Current dir:     /users/40483456
# Date:            Thu Jan 15 17:54:46 2026
# [ok]
