#                                                                            --- full sequence --- -------------- this domain -------------   hmm coord   ali coord   env coord
# target name        accession   tlen query name           accession   qlen   E-value  score  bias   #  of  c-Evalue  i-Evalue  score  bias  from    to  from    to  from    to  acc description of target
#------------------- ---------- ----- -------------------- ---------- ----- --------- ------ ----- --- --- --------- --------- ------ ----- ----- ----- ----- ----- ----- ----- ---- ---------------------
SMRG1_48550.1        -            374 302279at33208        -            304    3e-146  486.5   6.6   1   2  2.4e-128  4.8e-126  420.2   2.3     1   265     1   309     1   315 0.89 transcript=SMRG1_48550.1 gene=SMRG1_48550
SMRG1_48550.1        -            374 302279at33208        -            304    3e-146  486.5   6.6   2   2   5.2e-19     1e-16   61.1   0.1   259   304   327   372   312   372 0.93 transcript=SMRG1_48550.1 gene=SMRG1_48550
SMRG1_32630.1        -            368 302279at33208        -            304     4e-10   39.5   0.1   1   2      0.38        77    2.4   0.0    94   115    31    53    16    94 0.49 transcript=SMRG1_32630.1 gene=SMRG1_32630
SMRG1_32630.1        -            368 302279at33208        -            304     4e-10   39.5   0.1   2   2   5.1e-10     1e-07   31.6   0.0    77   291    96   314    88   317 0.72 transcript=SMRG1_32630.1 gene=SMRG1_32630
SMRG1_79840.3        -            836 302279at33208        -            304   8.6e-10   38.4   2.6   1   3    0.0051         1    8.6   0.0    69   112    83   120    63   178 0.72 transcript=SMRG1_79840.3 gene=SMRG1_79840
SMRG1_79840.3        -            836 302279at33208        -            304   8.6e-10   38.4   2.6   2   3   2.4e-08   4.8e-06   26.1   0.5    37   165   411   522   363   546 0.76 transcript=SMRG1_79840.3 gene=SMRG1_79840
SMRG1_79840.3        -            836 302279at33208        -            304   8.6e-10   38.4   2.6   3   3       3.5     7e+02   -0.7   0.0   220   259   528   566   519   601 0.80 transcript=SMRG1_79840.3 gene=SMRG1_79840
SMRG1_79840.4        -            836 302279at33208        -            304   8.6e-10   38.4   2.6   1   3    0.0051         1    8.6   0.0    69   112    83   120    63   178 0.72 transcript=SMRG1_79840.4 gene=SMRG1_79840
SMRG1_79840.4        -            836 302279at33208        -            304   8.6e-10   38.4   2.6   2   3   2.4e-08   4.8e-06   26.1   0.5    37   165   411   522   363   546 0.76 transcript=SMRG1_79840.4 gene=SMRG1_79840
SMRG1_79840.4        -            836 302279at33208        -            304   8.6e-10   38.4   2.6   3   3       3.5     7e+02   -0.7   0.0   220   259   528   566   519   601 0.80 transcript=SMRG1_79840.4 gene=SMRG1_79840
SMRG1_79840.6        -            836 302279at33208        -            304   8.6e-10   38.4   2.6   1   3    0.0051         1    8.6   0.0    69   112    83   120    63   178 0.72 transcript=SMRG1_79840.6 gene=SMRG1_79840
SMRG1_79840.6        -            836 302279at33208        -            304   8.6e-10   38.4   2.6   2   3   2.4e-08   4.8e-06   26.1   0.5    37   165   411   522   363   546 0.76 transcript=SMRG1_79840.6 gene=SMRG1_79840
SMRG1_79840.6        -            836 302279at33208        -            304   8.6e-10   38.4   2.6   3   3       3.5     7e+02   -0.7   0.0   220   259   528   566   519   601 0.80 transcript=SMRG1_79840.6 gene=SMRG1_79840
SMRG1_79840.1        -            934 302279at33208        -            304   1.2e-09   37.9   2.4   1   3    0.0059       1.2    8.4   0.0    69   112   181   218   161   276 0.72 transcript=SMRG1_79840.1 gene=SMRG1_79840
SMRG1_79840.1        -            934 302279at33208        -            304   1.2e-09   37.9   2.4   2   3   3.7e-08   7.3e-06   25.5   0.5    37   165   509   620   478   627 0.77 transcript=SMRG1_79840.1 gene=SMRG1_79840
SMRG1_79840.1        -            934 302279at33208        -            304   1.2e-09   37.9   2.4   3   3       9.2   1.8e+03   -2.1   0.0   222   259   628   664   621   673 0.80 transcript=SMRG1_79840.1 gene=SMRG1_79840
SMRG1_79840.2        -            934 302279at33208        -            304   1.2e-09   37.9   2.4   1   3    0.0059       1.2    8.4   0.0    69   112   181   218   161   276 0.72 transcript=SMRG1_79840.2 gene=SMRG1_79840
SMRG1_79840.2        -            934 302279at33208        -            304   1.2e-09   37.9   2.4   2   3   3.7e-08   7.3e-06   25.5   0.5    37   165   509   620   478   627 0.77 transcript=SMRG1_79840.2 gene=SMRG1_79840
SMRG1_79840.2        -            934 302279at33208        -            304   1.2e-09   37.9   2.4   3   3       9.2   1.8e+03   -2.1   0.0   222   259   628   664   621   673 0.80 transcript=SMRG1_79840.2 gene=SMRG1_79840
SMRG1_79840.5        -            934 302279at33208        -            304   1.2e-09   37.9   2.4   1   3    0.0059       1.2    8.4   0.0    69   112   181   218   161   276 0.72 transcript=SMRG1_79840.5 gene=SMRG1_79840
SMRG1_79840.5        -            934 302279at33208        -            304   1.2e-09   37.9   2.4   2   3   3.7e-08   7.3e-06   25.5   0.5    37   165   509   620   478   627 0.77 transcript=SMRG1_79840.5 gene=SMRG1_79840
SMRG1_79840.5        -            934 302279at33208        -            304   1.2e-09   37.9   2.4   3   3       9.2   1.8e+03   -2.1   0.0   222   259   628   664   621   673 0.80 transcript=SMRG1_79840.5 gene=SMRG1_79840
SMRG1_34460.1        -            534 302279at33208        -            304   2.6e-08   33.5   0.7   1   5     0.038       7.5    5.7   0.0    81   119   240   277   213   294 0.73 transcript=SMRG1_34460.1 gene=SMRG1_34460
SMRG1_34460.1        -            534 302279at33208        -            304   2.6e-08   33.5   0.7   2   5       4.5   8.9e+02   -1.1   0.0    98   116   300   318   285   332 0.79 transcript=SMRG1_34460.1 gene=SMRG1_34460
SMRG1_34460.1        -            534 302279at33208        -            304   2.6e-08   33.5   0.7   3   5       4.8   9.5e+02   -1.2   0.0    77   116   320   360   306   381 0.79 transcript=SMRG1_34460.1 gene=SMRG1_34460
SMRG1_34460.1        -            534 302279at33208        -            304   2.6e-08   33.5   0.7   4   5   1.3e-06   0.00025   20.4   0.0    98   184   389   476   364   485 0.71 transcript=SMRG1_34460.1 gene=SMRG1_34460
SMRG1_34460.1        -            534 302279at33208        -            304   2.6e-08   33.5   0.7   5   5      0.47        93    2.1   0.0    87   110   509   532   493   534 0.88 transcript=SMRG1_34460.1 gene=SMRG1_34460
SMRG1_73710.1        -            442 302279at33208        -            304   2.9e-08   33.4   4.9   1   5       1.1   2.2e+02    0.9   0.0    98   112   147   161   134   171 0.85 transcript=SMRG1_73710.1 gene=SMRG1_73710
SMRG1_73710.1        -            442 302279at33208        -            304   2.9e-08   33.4   4.9   2   5      0.32        64    2.7   0.0    82   116   173   207   169   214 0.89 transcript=SMRG1_73710.1 gene=SMRG1_73710
SMRG1_73710.1        -            442 302279at33208        -            304   2.9e-08   33.4   4.9   3   5    0.0024      0.48    9.7   0.1    71   116   201   249   190   260 0.76 transcript=SMRG1_73710.1 gene=SMRG1_73710
SMRG1_73710.1        -            442 302279at33208        -            304   2.9e-08   33.4   4.9   4   5   0.00032     0.063   12.6   0.0    84   124   259   298   251   316 0.78 transcript=SMRG1_73710.1 gene=SMRG1_73710
SMRG1_73710.1        -            442 302279at33208        -            304   2.9e-08   33.4   4.9   5   5     0.015       2.9    7.1   0.0    71   125   335   385   323   421 0.58 transcript=SMRG1_73710.1 gene=SMRG1_73710
SMRG1_73710.2        -            442 302279at33208        -            304   2.9e-08   33.4   4.9   1   5       1.1   2.2e+02    0.9   0.0    98   112   147   161   134   171 0.85 transcript=SMRG1_73710.2 gene=SMRG1_73710
SMRG1_73710.2        -            442 302279at33208        -            304   2.9e-08   33.4   4.9   2   5      0.32        64    2.7   0.0    82   116   173   207   169   214 0.89 transcript=SMRG1_73710.2 gene=SMRG1_73710
SMRG1_73710.2        -            442 302279at33208        -            304   2.9e-08   33.4   4.9   3   5    0.0024      0.48    9.7   0.1    71   116   201   249   190   260 0.76 transcript=SMRG1_73710.2 gene=SMRG1_73710
SMRG1_73710.2        -            442 302279at33208        -            304   2.9e-08   33.4   4.9   4   5   0.00032     0.063   12.6   0.0    84   124   259   298   251   316 0.78 transcript=SMRG1_73710.2 gene=SMRG1_73710
SMRG1_73710.2        -            442 302279at33208        -            304   2.9e-08   33.4   4.9   5   5     0.015       2.9    7.1   0.0    71   125   335   385   323   421 0.58 transcript=SMRG1_73710.2 gene=SMRG1_73710
SMRG1_59920.1        -            352 302279at33208        -            304   7.1e-08   32.1   2.2   1   3   4.3e-06   0.00086   18.7   0.1   189   297    73   179    69   184 0.83 transcript=SMRG1_59920.1 gene=SMRG1_59920
SMRG1_59920.1        -            352 302279at33208        -            304   7.1e-08   32.1   2.2   2   3   7.4e-05     0.015   14.6   0.2   191   290   168   267   168   274 0.76 transcript=SMRG1_59920.1 gene=SMRG1_59920
SMRG1_59920.1        -            352 302279at33208        -            304   7.1e-08   32.1   2.2   3   3         4     8e+02   -0.9   0.0    98   113   334   349   302   352 0.68 transcript=SMRG1_59920.1 gene=SMRG1_59920
SMRG1_57200.2        -            441 302279at33208        -            304   7.8e-08   32.0   1.0   1   4   1.9e-07   3.8e-05   23.1   0.7    98   251   156   303   136   304 0.81 transcript=SMRG1_57200.2 gene=SMRG1_57200
SMRG1_57200.2        -            441 302279at33208        -            304   7.8e-08   32.0   1.0   2   4     0.018       3.6    6.8   0.0    96   115   289   308   274   316 0.82 transcript=SMRG1_57200.2 gene=SMRG1_57200
SMRG1_57200.2        -            441 302279at33208        -            304   7.8e-08   32.0   1.0   3   4     0.028       5.6    6.1   0.1    97   116   290   309   289   357 0.75 transcript=SMRG1_57200.2 gene=SMRG1_57200
SMRG1_57200.2        -            441 302279at33208        -            304   7.8e-08   32.0   1.0   4   4         2     4e+02    0.1   0.0    95   111   424   440   410   441 0.76 transcript=SMRG1_57200.2 gene=SMRG1_57200
SMRG1_57200.1        -            514 302279at33208        -            304   1.2e-07   31.3   0.7   1   4   1.6e-06   0.00031   20.1   0.2    98   215   229   346   208   355 0.81 transcript=SMRG1_57200.1 gene=SMRG1_57200
SMRG1_57200.1        -            514 302279at33208        -            304   1.2e-07   31.3   0.7   2   4      0.01         2    7.6   0.1    77   116   349   382   339   392 0.71 transcript=SMRG1_57200.1 gene=SMRG1_57200
SMRG1_57200.1        -            514 302279at33208        -            304   1.2e-07   31.3   0.7   3   4     0.045         9    5.5   0.1    98   116   364   382   363   429 0.73 transcript=SMRG1_57200.1 gene=SMRG1_57200
SMRG1_57200.1        -            514 302279at33208        -            304   1.2e-07   31.3   0.7   4   4       2.4   4.9e+02   -0.2   0.0    96   111   498   513   484   514 0.76 transcript=SMRG1_57200.1 gene=SMRG1_57200
SMRG1_12490.1        -            367 302279at33208        -            304   3.5e-07   29.8   1.0   1   4      0.92   1.8e+02    1.2   0.0    48   116    75   148    69   163 0.64 transcript=SMRG1_12490.1 gene=SMRG1_12490
SMRG1_12490.1        -            367 302279at33208        -            304   3.5e-07   29.8   1.0   2   4     3e-07     6e-05   22.5   0.2    67   165   147   232   129   238 0.76 transcript=SMRG1_12490.1 gene=SMRG1_12490
SMRG1_12490.1        -            367 302279at33208        -            304   3.5e-07   29.8   1.0   3   4      0.41        82    2.3   0.0    81   114   239   272   230   288 0.84 transcript=SMRG1_12490.1 gene=SMRG1_12490
SMRG1_12490.1        -            367 302279at33208        -            304   3.5e-07   29.8   1.0   4   4       1.2   2.4e+02    0.8   0.0    97   116   305   324   293   333 0.84 transcript=SMRG1_12490.1 gene=SMRG1_12490
SMRG1_57200.4        -            434 302279at33208        -            304   3.6e-07   29.8   1.2   1   3     1e-06   0.00021   20.7   0.2    98   216   229   347   208   357 0.81 transcript=SMRG1_57200.4 gene=SMRG1_57200
SMRG1_57200.4        -            434 302279at33208        -            304   3.6e-07   29.8   1.2   2   3    0.0094       1.9    7.7   0.1    93   115   359   381   340   389 0.71 transcript=SMRG1_57200.4 gene=SMRG1_57200
SMRG1_57200.4        -            434 302279at33208        -            304   3.6e-07   29.8   1.2   3   3     0.037       7.4    5.8   0.1    98   116   364   382   363   428 0.73 transcript=SMRG1_57200.4 gene=SMRG1_57200
SMRG1_57200.3        -            492 302279at33208        -            304   5.8e-07   29.1   1.3   1   3   1.2e-06   0.00025   20.5   0.1    98   216   229   347   208   359 0.82 transcript=SMRG1_57200.3 gene=SMRG1_57200
SMRG1_57200.3        -            492 302279at33208        -            304   5.8e-07   29.1   1.3   2   3     0.011       2.1    7.5   0.1    93   115   359   381   340   390 0.71 transcript=SMRG1_57200.3 gene=SMRG1_57200
SMRG1_57200.3        -            492 302279at33208        -            304   5.8e-07   29.1   1.3   3   3     0.033       6.5    5.9   0.1    97   116   363   382   362   430 0.75 transcript=SMRG1_57200.3 gene=SMRG1_57200
SMRG1_93960.1        -           1014 302279at33208        -            304   7.3e-07   28.8   0.2   1   4      0.53   1.1e+02    2.0   0.0    70   298    41    84    19    94 0.50 transcript=SMRG1_93960.1 gene=SMRG1_93960
SMRG1_93960.1        -           1014 302279at33208        -            304   7.3e-07   28.8   0.2   2   4      0.11        23    4.2   0.0    67   121    89   137    80   150 0.74 transcript=SMRG1_93960.1 gene=SMRG1_93960
SMRG1_93960.1        -           1014 302279at33208        -            304   7.3e-07   28.8   0.2   3   4   0.00028     0.055   12.7   0.0    52   124   157   227   141   234 0.74 transcript=SMRG1_93960.1 gene=SMRG1_93960
SMRG1_93960.1        -           1014 302279at33208        -            304   7.3e-07   28.8   0.2   4   4     0.063        13    5.0   0.0    95   156   241   295   230   301 0.67 transcript=SMRG1_93960.1 gene=SMRG1_93960
SMRG1_93960.2        -           1014 302279at33208        -            304   7.3e-07   28.8   0.2   1   4      0.53   1.1e+02    2.0   0.0    70   298    41    84    19    94 0.50 transcript=SMRG1_93960.2 gene=SMRG1_93960
SMRG1_93960.2        -           1014 302279at33208        -            304   7.3e-07   28.8   0.2   2   4      0.11        23    4.2   0.0    67   121    89   137    80   150 0.74 transcript=SMRG1_93960.2 gene=SMRG1_93960
SMRG1_93960.2        -           1014 302279at33208        -            304   7.3e-07   28.8   0.2   3   4   0.00028     0.055   12.7   0.0    52   124   157   227   141   234 0.74 transcript=SMRG1_93960.2 gene=SMRG1_93960
SMRG1_93960.2        -           1014 302279at33208        -            304   7.3e-07   28.8   0.2   4   4     0.063        13    5.0   0.0    95   156   241   295   230   301 0.67 transcript=SMRG1_93960.2 gene=SMRG1_93960
SMRG1_93960.3        -           1014 302279at33208        -            304   7.3e-07   28.8   0.2   1   4      0.53   1.1e+02    2.0   0.0    70   298    41    84    19    94 0.50 transcript=SMRG1_93960.3 gene=SMRG1_93960
SMRG1_93960.3        -           1014 302279at33208        -            304   7.3e-07   28.8   0.2   2   4      0.11        23    4.2   0.0    67   121    89   137    80   150 0.74 transcript=SMRG1_93960.3 gene=SMRG1_93960
SMRG1_93960.3        -           1014 302279at33208        -            304   7.3e-07   28.8   0.2   3   4   0.00028     0.055   12.7   0.0    52   124   157   227   141   234 0.74 transcript=SMRG1_93960.3 gene=SMRG1_93960
SMRG1_93960.3        -           1014 302279at33208        -            304   7.3e-07   28.8   0.2   4   4     0.063        13    5.0   0.0    95   156   241   295   230   301 0.67 transcript=SMRG1_93960.3 gene=SMRG1_93960
SMRG1_91990.1        -            905 302279at33208        -            304   8.1e-07   28.6   1.4   1   4     0.016       3.2    7.0   0.0    85   124    25    65    21    70 0.79 transcript=SMRG1_91990.1 gene=SMRG1_91990
SMRG1_91990.1        -            905 302279at33208        -            304   8.1e-07   28.6   1.4   2   4    0.0028      0.56    9.4   0.1    86   166    70   143    66   153 0.76 transcript=SMRG1_91990.1 gene=SMRG1_91990
SMRG1_91990.1        -            905 302279at33208        -            304   8.1e-07   28.6   1.4   3   4       1.8   3.6e+02    0.2   0.0    95   120   172   197   161   207 0.80 transcript=SMRG1_91990.1 gene=SMRG1_91990
SMRG1_91990.1        -            905 302279at33208        -            304   8.1e-07   28.6   1.4   4   4    0.0082       1.6    7.9   0.2    83   112   202   231   175   257 0.86 transcript=SMRG1_91990.1 gene=SMRG1_91990
SMRG1_91990.2        -            905 302279at33208        -            304   8.1e-07   28.6   1.4   1   4     0.016       3.2    7.0   0.0    85   124    25    65    21    70 0.79 transcript=SMRG1_91990.2 gene=SMRG1_91990
SMRG1_91990.2        -            905 302279at33208        -            304   8.1e-07   28.6   1.4   2   4    0.0028      0.56    9.4   0.1    86   166    70   143    66   153 0.76 transcript=SMRG1_91990.2 gene=SMRG1_91990
SMRG1_91990.2        -            905 302279at33208        -            304   8.1e-07   28.6   1.4   3   4       1.8   3.6e+02    0.2   0.0    95   120   172   197   161   207 0.80 transcript=SMRG1_91990.2 gene=SMRG1_91990
SMRG1_91990.2        -            905 302279at33208        -            304   8.1e-07   28.6   1.4   4   4    0.0082       1.6    7.9   0.2    83   112   202   231   175   257 0.86 transcript=SMRG1_91990.2 gene=SMRG1_91990
SMRG1_91990.3        -            905 302279at33208        -            304   8.1e-07   28.6   1.4   1   4     0.016       3.2    7.0   0.0    85   124    25    65    21    70 0.79 transcript=SMRG1_91990.3 gene=SMRG1_91990
SMRG1_91990.3        -            905 302279at33208        -            304   8.1e-07   28.6   1.4   2   4    0.0028      0.56    9.4   0.1    86   166    70   143    66   153 0.76 transcript=SMRG1_91990.3 gene=SMRG1_91990
SMRG1_91990.3        -            905 302279at33208        -            304   8.1e-07   28.6   1.4   3   4       1.8   3.6e+02    0.2   0.0    95   120   172   197   161   207 0.80 transcript=SMRG1_91990.3 gene=SMRG1_91990
SMRG1_91990.3        -            905 302279at33208        -            304   8.1e-07   28.6   1.4   4   4    0.0082       1.6    7.9   0.2    83   112   202   231   175   257 0.86 transcript=SMRG1_91990.3 gene=SMRG1_91990
SMRG1_40210.1        -            323 302279at33208        -            304   8.5e-07   28.6   0.1   1   2     0.035         7    5.8   0.0    97   173    97   166    57   209 0.63 transcript=SMRG1_40210.1 gene=SMRG1_40210
SMRG1_40210.1        -            323 302279at33208        -            304   8.5e-07   28.6   0.1   2   2   1.5e-06   0.00029   20.2   0.0   139   251   215   320   206   323 0.81 transcript=SMRG1_40210.1 gene=SMRG1_40210
SMRG1_71880.1        -            283 302279at33208        -            304   1.2e-06   28.1   0.3   1   4    0.0028      0.56    9.4   0.0    92   131    57    97    26   103 0.71 transcript=SMRG1_71880.1 gene=SMRG1_71880
SMRG1_71880.1        -            283 302279at33208        -            304   1.2e-06   28.1   0.3   2   4     0.019       3.9    6.7   0.1    96   117   103   124    94   153 0.84 transcript=SMRG1_71880.1 gene=SMRG1_71880
SMRG1_71880.1        -            283 302279at33208        -            304   1.2e-06   28.1   0.3   3   4    0.0083       1.7    7.9   0.0    97   125   188   217   178   242 0.80 transcript=SMRG1_71880.1 gene=SMRG1_71880
SMRG1_71880.1        -            283 302279at33208        -            304   1.2e-06   28.1   0.3   4   4       5.7   1.1e+03   -1.4   0.0     5    34   236   265   232   268 0.86 transcript=SMRG1_71880.1 gene=SMRG1_71880
SMRG1_97440.1        -            414 302279at33208        -            304   5.2e-06   26.0   0.4   1   2     0.025       5.1    6.3   0.0   146   231    30   114    21   117 0.81 transcript=SMRG1_97440.1 gene=SMRG1_97440
SMRG1_97440.1        -            414 302279at33208        -            304   5.2e-06   26.0   0.4   2   2   7.8e-06    0.0016   17.8   0.1    98   165   117   187   112   226 0.80 transcript=SMRG1_97440.1 gene=SMRG1_97440
SMRG1_3660.1         -            656 302279at33208        -            304     1e-05   25.0   7.5   1   4       0.2        39    3.4   0.0    49   169    70   193    48   242 0.70 transcript=SMRG1_3660.1 gene=SMRG1_3660
SMRG1_3660.1         -            656 302279at33208        -            304     1e-05   25.0   7.5   2   4   9.8e-05     0.019   14.2   0.1    84   153   425   493   417   503 0.87 transcript=SMRG1_3660.1 gene=SMRG1_3660
SMRG1_3660.1         -            656 302279at33208        -            304     1e-05   25.0   7.5   3   4     0.023       4.6    6.4   0.3    33   113   523   608   494   621 0.72 transcript=SMRG1_3660.1 gene=SMRG1_3660
SMRG1_3660.1         -            656 302279at33208        -            304     1e-05   25.0   7.5   4   4      0.59   1.2e+02    1.8   0.0    89   112   626   649   615   651 0.83 transcript=SMRG1_3660.1 gene=SMRG1_3660
SMRG1_3660.2         -            656 302279at33208        -            304     1e-05   25.0   7.5   1   4       0.2        39    3.4   0.0    49   169    70   193    48   242 0.70 transcript=SMRG1_3660.2 gene=SMRG1_3660
SMRG1_3660.2         -            656 302279at33208        -            304     1e-05   25.0   7.5   2   4   9.8e-05     0.019   14.2   0.1    84   153   425   493   417   503 0.87 transcript=SMRG1_3660.2 gene=SMRG1_3660
SMRG1_3660.2         -            656 302279at33208        -            304     1e-05   25.0   7.5   3   4     0.023       4.6    6.4   0.3    33   113   523   608   494   621 0.72 transcript=SMRG1_3660.2 gene=SMRG1_3660
SMRG1_3660.2         -            656 302279at33208        -            304     1e-05   25.0   7.5   4   4      0.59   1.2e+02    1.8   0.0    89   112   626   649   615   651 0.83 transcript=SMRG1_3660.2 gene=SMRG1_3660
SMRG1_57220.1        -            514 302279at33208        -            304   1.5e-05   24.5   0.2   1   2   5.3e-07   0.00011   21.7   0.1    98   254   229   379   216   402 0.81 transcript=SMRG1_57220.1 gene=SMRG1_57220
SMRG1_57220.1        -            514 302279at33208        -            304   1.5e-05   24.5   0.2   2   2       9.2   1.8e+03   -2.1   0.0   221   252   484   513   462   513 0.68 transcript=SMRG1_57220.1 gene=SMRG1_57220
SMRG1_5260.2         -            373 302279at33208        -            304   1.7e-05   24.3   0.1   1   2    0.0019      0.38   10.0   0.0   219   254    68   103    58   155 0.79 transcript=SMRG1_5260.2 gene=SMRG1_5260
SMRG1_5260.2         -            373 302279at33208        -            304   1.7e-05   24.3   0.1   2   2    0.0013      0.26   10.6   0.1   103   205   196   295   188   299 0.63 transcript=SMRG1_5260.2 gene=SMRG1_5260
SMRG1_5260.1         -            424 302279at33208        -            304   2.8e-05   23.6   0.1   1   2    0.0023      0.46    9.7   0.0   219   254   119   154   109   206 0.79 transcript=SMRG1_5260.1 gene=SMRG1_5260
SMRG1_5260.1         -            424 302279at33208        -            304   2.8e-05   23.6   0.1   2   2    0.0016      0.33   10.2   0.1   103   205   247   346   240   350 0.63 transcript=SMRG1_5260.1 gene=SMRG1_5260
SMRG1_27270.1        -            446 302279at33208        -            304   4.1e-05   23.0   1.4   1   4      0.61   1.2e+02    1.8   0.0    91   114   100   123    88   152 0.68 transcript=SMRG1_27270.1 gene=SMRG1_27270
SMRG1_27270.1        -            446 302279at33208        -            304   4.1e-05   23.0   1.4   2   4      0.38        75    2.5   0.0    84   114   178   208   146   222 0.71 transcript=SMRG1_27270.1 gene=SMRG1_27270
SMRG1_27270.1        -            446 302279at33208        -            304   4.1e-05   23.0   1.4   3   4    0.0085       1.7    7.9   0.1    70   115   270   318   253   336 0.75 transcript=SMRG1_27270.1 gene=SMRG1_27270
SMRG1_27270.1        -            446 302279at33208        -            304   4.1e-05   23.0   1.4   4   4       0.2        40    3.4   0.0    70   110   402   445   382   446 0.77 transcript=SMRG1_27270.1 gene=SMRG1_27270
SMRG1_34500.1        -            689 302279at33208        -            304   6.2e-05   22.4   1.9   1   3    0.0038      0.76    9.0   0.0   220   298   339   427   334   432 0.70 transcript=SMRG1_34500.1 gene=SMRG1_34500
SMRG1_34500.1        -            689 302279at33208        -            304   6.2e-05   22.4   1.9   2   3      0.34        68    2.6   0.0    99   161   540   604   496   626 0.63 transcript=SMRG1_34500.1 gene=SMRG1_34500
SMRG1_34500.1        -            689 302279at33208        -            304   6.2e-05   22.4   1.9   3   3     0.008       1.6    8.0   0.1    59   113   629   688   620   689 0.76 transcript=SMRG1_34500.1 gene=SMRG1_34500
SMRG1_34500.2        -            689 302279at33208        -            304   6.2e-05   22.4   1.9   1   3    0.0038      0.76    9.0   0.0   220   298   339   427   334   432 0.70 transcript=SMRG1_34500.2 gene=SMRG1_34500
SMRG1_34500.2        -            689 302279at33208        -            304   6.2e-05   22.4   1.9   2   3      0.34        68    2.6   0.0    99   161   540   604   496   626 0.63 transcript=SMRG1_34500.2 gene=SMRG1_34500
SMRG1_34500.2        -            689 302279at33208        -            304   6.2e-05   22.4   1.9   3   3     0.008       1.6    8.0   0.1    59   113   629   688   620   689 0.76 transcript=SMRG1_34500.2 gene=SMRG1_34500
SMRG1_34500.4        -            689 302279at33208        -            304   6.2e-05   22.4   1.9   1   3    0.0038      0.76    9.0   0.0   220   298   339   427   334   432 0.70 transcript=SMRG1_34500.4 gene=SMRG1_34500
SMRG1_34500.4        -            689 302279at33208        -            304   6.2e-05   22.4   1.9   2   3      0.34        68    2.6   0.0    99   161   540   604   496   626 0.63 transcript=SMRG1_34500.4 gene=SMRG1_34500
SMRG1_34500.4        -            689 302279at33208        -            304   6.2e-05   22.4   1.9   3   3     0.008       1.6    8.0   0.1    59   113   629   688   620   689 0.76 transcript=SMRG1_34500.4 gene=SMRG1_34500
SMRG1_42850.1        -            423 302279at33208        -            304   7.6e-05   22.1   2.6   1   3    0.0043      0.86    8.8   0.3   196   265    96   163    86   204 0.64 transcript=SMRG1_42850.1 gene=SMRG1_42850
SMRG1_42850.1        -            423 302279at33208        -            304   7.6e-05   22.1   2.6   2   3      0.11        22    4.2   0.1    95   145   307   354   276   371 0.59 transcript=SMRG1_42850.1 gene=SMRG1_42850
SMRG1_42850.1        -            423 302279at33208        -            304   7.6e-05   22.1   2.6   3   3      0.49        97    2.1   0.0    69   110   375   419   372   422 0.79 transcript=SMRG1_42850.1 gene=SMRG1_42850
SMRG1_52480.1        -            429 302279at33208        -            304   0.00019   20.8   0.0   1   2      0.26        52    3.0   0.0   138   165   110   137    86   144 0.81 transcript=SMRG1_52480.1 gene=SMRG1_52480
SMRG1_52480.1        -            429 302279at33208        -            304   0.00019   20.8   0.0   2   2   7.3e-05     0.014   14.7   0.0   145   252   184   288   178   328 0.82 transcript=SMRG1_52480.1 gene=SMRG1_52480
SMRG1_93960.4        -            894 302279at33208        -            304   0.00022   20.6   0.0   1   2   0.00022     0.044   13.1   0.0    52   124    37   107    23   118 0.75 transcript=SMRG1_93960.4 gene=SMRG1_93960
SMRG1_93960.4        -            894 302279at33208        -            304   0.00022   20.6   0.0   2   2     0.051        10    5.3   0.0    95   156   121   175   108   181 0.67 transcript=SMRG1_93960.4 gene=SMRG1_93960
SMRG1_50440.1        -            684 302279at33208        -            304   0.00026   20.4   0.1   1   2    0.0015       0.3   10.3   0.0    94   125   479   510   450   517 0.86 transcript=SMRG1_50440.1 gene=SMRG1_50440
SMRG1_50440.1        -            684 302279at33208        -            304   0.00026   20.4   0.1   2   2     0.016       3.2    7.0   0.0    92   129   521   559   508   578 0.78 transcript=SMRG1_50440.1 gene=SMRG1_50440
SMRG1_62570.2        -            387 302279at33208        -            304   0.00028   20.3   1.2   1   6       1.2   2.3e+02    0.9   0.0    98   113    74    89    69   111 0.77 transcript=SMRG1_62570.2 gene=SMRG1_62570
SMRG1_62570.2        -            387 302279at33208        -            304   0.00028   20.3   1.2   2   6       4.2   8.4e+02   -1.0   0.0    85   112   103   130    94   147 0.78 transcript=SMRG1_62570.2 gene=SMRG1_62570
SMRG1_62570.2        -            387 302279at33208        -            304   0.00028   20.3   1.2   3   6       1.8   3.5e+02    0.2   0.0    96   112   156   172   127   188 0.77 transcript=SMRG1_62570.2 gene=SMRG1_62570
SMRG1_62570.2        -            387 302279at33208        -            304   0.00028   20.3   1.2   4   6         5   9.9e+02   -1.2   0.0    98   131   200   232   182   238 0.73 transcript=SMRG1_62570.2 gene=SMRG1_62570
SMRG1_62570.2        -            387 302279at33208        -            304   0.00028   20.3   1.2   5   6         1     2e+02    1.1   0.0    98   112   288   302   279   311 0.88 transcript=SMRG1_62570.2 gene=SMRG1_62570
SMRG1_62570.2        -            387 302279at33208        -            304   0.00028   20.3   1.2   6   6    0.0015      0.31   10.3   0.0    70   113   341   387   328   387 0.79 transcript=SMRG1_62570.2 gene=SMRG1_62570
SMRG1_62570.3        -            387 302279at33208        -            304   0.00028   20.3   1.2   1   6       1.2   2.3e+02    0.9   0.0    98   113    74    89    69   111 0.77 transcript=SMRG1_62570.3 gene=SMRG1_62570
SMRG1_62570.3        -            387 302279at33208        -            304   0.00028   20.3   1.2   2   6       4.2   8.4e+02   -1.0   0.0    85   112   103   130    94   147 0.78 transcript=SMRG1_62570.3 gene=SMRG1_62570
SMRG1_62570.3        -            387 302279at33208        -            304   0.00028   20.3   1.2   3   6       1.8   3.5e+02    0.2   0.0    96   112   156   172   127   188 0.77 transcript=SMRG1_62570.3 gene=SMRG1_62570
SMRG1_62570.3        -            387 302279at33208        -            304   0.00028   20.3   1.2   4   6         5   9.9e+02   -1.2   0.0    98   131   200   232   182   238 0.73 transcript=SMRG1_62570.3 gene=SMRG1_62570
SMRG1_62570.3        -            387 302279at33208        -            304   0.00028   20.3   1.2   5   6         1     2e+02    1.1   0.0    98   112   288   302   279   311 0.88 transcript=SMRG1_62570.3 gene=SMRG1_62570
SMRG1_62570.3        -            387 302279at33208        -            304   0.00028   20.3   1.2   6   6    0.0015      0.31   10.3   0.0    70   113   341   387   328   387 0.79 transcript=SMRG1_62570.3 gene=SMRG1_62570
SMRG1_62570.5        -            387 302279at33208        -            304   0.00028   20.3   1.2   1   6       1.2   2.3e+02    0.9   0.0    98   113    74    89    69   111 0.77 transcript=SMRG1_62570.5 gene=SMRG1_62570
SMRG1_62570.5        -            387 302279at33208        -            304   0.00028   20.3   1.2   2   6       4.2   8.4e+02   -1.0   0.0    85   112   103   130    94   147 0.78 transcript=SMRG1_62570.5 gene=SMRG1_62570
SMRG1_62570.5        -            387 302279at33208        -            304   0.00028   20.3   1.2   3   6       1.8   3.5e+02    0.2   0.0    96   112   156   172   127   188 0.77 transcript=SMRG1_62570.5 gene=SMRG1_62570
SMRG1_62570.5        -            387 302279at33208        -            304   0.00028   20.3   1.2   4   6         5   9.9e+02   -1.2   0.0    98   131   200   232   182   238 0.73 transcript=SMRG1_62570.5 gene=SMRG1_62570
SMRG1_62570.5        -            387 302279at33208        -            304   0.00028   20.3   1.2   5   6         1     2e+02    1.1   0.0    98   112   288   302   279   311 0.88 transcript=SMRG1_62570.5 gene=SMRG1_62570
SMRG1_62570.5        -            387 302279at33208        -            304   0.00028   20.3   1.2   6   6    0.0015      0.31   10.3   0.0    70   113   341   387   328   387 0.79 transcript=SMRG1_62570.5 gene=SMRG1_62570
SMRG1_62170.1        -            601 302279at33208        -            304   0.00038   19.8   0.8   1   4      0.23        45    3.2   0.0    96   115   326   345   314   361 0.80 transcript=SMRG1_62170.1 gene=SMRG1_62170
SMRG1_62170.1        -            601 302279at33208        -            304   0.00038   19.8   0.8   2   4   0.00024     0.047   13.0   0.1    45   163   401   518   392   524 0.77 transcript=SMRG1_62170.1 gene=SMRG1_62170
SMRG1_62170.1        -            601 302279at33208        -            304   0.00038   19.8   0.8   3   4      0.11        22    4.2   0.0    97   161   501   560   489   582 0.80 transcript=SMRG1_62170.1 gene=SMRG1_62170
SMRG1_62170.1        -            601 302279at33208        -            304   0.00038   19.8   0.8   4   4       5.9   1.2e+03   -1.5   0.0    86   110   576   600   551   601 0.57 transcript=SMRG1_62170.1 gene=SMRG1_62170
SMRG1_51390.1        -            492 302279at33208        -            304   0.00045   19.6   0.0   1   2      0.14        29    3.8   0.0    57   125   221   289   212   299 0.68 transcript=SMRG1_51390.1 gene=SMRG1_51390
SMRG1_51390.1        -            492 302279at33208        -            304   0.00045   19.6   0.0   2   2    0.0038      0.76    9.0   0.0    69   117   358   409   350   425 0.76 transcript=SMRG1_51390.1 gene=SMRG1_51390
SMRG1_51390.2        -            492 302279at33208        -            304   0.00045   19.6   0.0   1   2      0.14        29    3.8   0.0    57   125   221   289   212   299 0.68 transcript=SMRG1_51390.2 gene=SMRG1_51390
SMRG1_51390.2        -            492 302279at33208        -            304   0.00045   19.6   0.0   2   2    0.0038      0.76    9.0   0.0    69   117   358   409   350   425 0.76 transcript=SMRG1_51390.2 gene=SMRG1_51390
SMRG1_62570.4        -            450 302279at33208        -            304    0.0005   19.5   0.9   1   6       1.4   2.9e+02    0.5   0.0    98   113   137   152   126   165 0.78 transcript=SMRG1_62570.4 gene=SMRG1_62570
SMRG1_62570.4        -            450 302279at33208        -            304    0.0005   19.5   0.9   2   6       4.2   8.5e+02   -1.0   0.0    84   112   165   193   153   214 0.78 transcript=SMRG1_62570.4 gene=SMRG1_62570
SMRG1_62570.4        -            450 302279at33208        -            304    0.0005   19.5   0.9   3   6       2.3   4.6e+02   -0.1   0.0    96   112   219   235   190   245 0.76 transcript=SMRG1_62570.4 gene=SMRG1_62570
SMRG1_62570.4        -            450 302279at33208        -            304    0.0005   19.5   0.9   4   6       5.9   1.2e+03   -1.5   0.0    98   131   263   295   243   301 0.73 transcript=SMRG1_62570.4 gene=SMRG1_62570
SMRG1_62570.4        -            450 302279at33208        -            304    0.0005   19.5   0.9   5   6       1.2   2.4e+02    0.8   0.0    98   112   351   365   342   373 0.88 transcript=SMRG1_62570.4 gene=SMRG1_62570
SMRG1_62570.4        -            450 302279at33208        -            304    0.0005   19.5   0.9   6   6    0.0018      0.36   10.1   0.0    70   113   404   450   389   450 0.79 transcript=SMRG1_62570.4 gene=SMRG1_62570
SMRG1_4680.1         -            484 302279at33208        -            304   0.00053   19.4   0.2   1   3    0.0091       1.8    7.8   0.0    84   163   279   357   234   363 0.67 transcript=SMRG1_4680.1 gene=SMRG1_4680
SMRG1_4680.1         -            484 302279at33208        -            304   0.00053   19.4   0.2   2   3     0.041       8.3    5.6   0.0    94   115   337   358   328   381 0.84 transcript=SMRG1_4680.1 gene=SMRG1_4680
SMRG1_4680.1         -            484 302279at33208        -            304   0.00053   19.4   0.2   3   3     0.022       4.4    6.5   0.0   270   293   383   406   375   411 0.87 transcript=SMRG1_4680.1 gene=SMRG1_4680
SMRG1_4680.2         -            484 302279at33208        -            304   0.00053   19.4   0.2   1   3    0.0091       1.8    7.8   0.0    84   163   279   357   234   363 0.67 transcript=SMRG1_4680.2 gene=SMRG1_4680
SMRG1_4680.2         -            484 302279at33208        -            304   0.00053   19.4   0.2   2   3     0.041       8.3    5.6   0.0    94   115   337   358   328   381 0.84 transcript=SMRG1_4680.2 gene=SMRG1_4680
SMRG1_4680.2         -            484 302279at33208        -            304   0.00053   19.4   0.2   3   3     0.022       4.4    6.5   0.0   270   293   383   406   375   411 0.87 transcript=SMRG1_4680.2 gene=SMRG1_4680
SMRG1_36430.1        -            949 302279at33208        -            304   0.00058   19.2   0.8   1   3      0.13        25    4.0   0.0    86   118   674   706   644   746 0.76 transcript=SMRG1_36430.1 gene=SMRG1_36430
SMRG1_36430.1        -            949 302279at33208        -            304   0.00058   19.2   0.8   2   3    0.0048      0.96    8.7   0.1    50   116   764   833   758   850 0.78 transcript=SMRG1_36430.1 gene=SMRG1_36430
SMRG1_36430.1        -            949 302279at33208        -            304   0.00058   19.2   0.8   3   3      0.26        53    3.0   0.0    99   161   858   915   852   931 0.79 transcript=SMRG1_36430.1 gene=SMRG1_36430
SMRG1_27430.3        -            531 302279at33208        -            304   0.00068   19.0   0.0   1   2     0.017       3.3    6.9   0.0   203   266   304   363   287   379 0.71 transcript=SMRG1_27430.3 gene=SMRG1_27430
SMRG1_27430.3        -            531 302279at33208        -            304   0.00068   19.0   0.0   2   2    0.0023      0.45    9.7   0.0   221   282   397   459   390   472 0.81 transcript=SMRG1_27430.3 gene=SMRG1_27430
SMRG1_27430.1        -            531 302279at33208        -            304   0.00069   19.0   0.0   1   2     0.017       3.3    6.9   0.0   203   266   304   363   287   379 0.71 transcript=SMRG1_27430.1 gene=SMRG1_27430
SMRG1_27430.1        -            531 302279at33208        -            304   0.00069   19.0   0.0   2   2    0.0023      0.45    9.7   0.0   221   282   397   459   390   472 0.81 transcript=SMRG1_27430.1 gene=SMRG1_27430
SMRG1_27430.4        -            538 302279at33208        -            304   0.00071   19.0   0.0   1   2     0.017       3.4    6.9   0.0   203   266   311   370   294   386 0.71 transcript=SMRG1_27430.4 gene=SMRG1_27430
SMRG1_27430.4        -            538 302279at33208        -            304   0.00071   19.0   0.0   2   2    0.0023      0.46    9.7   0.0   221   282   404   466   397   479 0.81 transcript=SMRG1_27430.4 gene=SMRG1_27430
SMRG1_58790.2        -            531 302279at33208        -            304   0.00072   18.9   0.3   1   3         5   9.9e+02   -1.2   0.0    93   116    31    54    23    70 0.73 transcript=SMRG1_58790.2 gene=SMRG1_58790
SMRG1_58790.2        -            531 302279at33208        -            304   0.00072   18.9   0.3   2   3    0.0019      0.39   10.0   0.1    96   162   136   210   128   211 0.68 transcript=SMRG1_58790.2 gene=SMRG1_58790
SMRG1_58790.2        -            531 302279at33208        -            304   0.00072   18.9   0.3   3   3   0.00065      0.13   11.5   0.1    96   165   193   261   163   270 0.79 transcript=SMRG1_58790.2 gene=SMRG1_58790
SMRG1_27430.2        -            559 302279at33208        -            304   0.00078   18.8   0.0   1   2     0.018       3.5    6.8   0.0   203   266   332   391   315   407 0.71 transcript=SMRG1_27430.2 gene=SMRG1_27430
SMRG1_27430.2        -            559 302279at33208        -            304   0.00078   18.8   0.0   2   2    0.0024      0.49    9.6   0.0   221   282   425   487   418   500 0.81 transcript=SMRG1_27430.2 gene=SMRG1_27430
SMRG1_34500.3        -            711 302279at33208        -            304     0.001   18.4   1.1   1   4     0.004      0.79    8.9   0.0   220   298   339   427   334   432 0.70 transcript=SMRG1_34500.3 gene=SMRG1_34500
SMRG1_34500.3        -            711 302279at33208        -            304     0.001   18.4   1.1   2   4      0.43        85    2.3   0.0    99   161   540   604   517   625 0.59 transcript=SMRG1_34500.3 gene=SMRG1_34500
SMRG1_34500.3        -            711 302279at33208        -            304     0.001   18.4   1.1   3   4      0.41        81    2.3   0.0   270   298   617   644   598   650 0.80 transcript=SMRG1_34500.3 gene=SMRG1_34500
SMRG1_34500.3        -            711 302279at33208        -            304     0.001   18.4   1.1   4   4      0.37        74    2.5   0.0    59    93   629   665   620   688 0.68 transcript=SMRG1_34500.3 gene=SMRG1_34500
SMRG1_58790.1        -            605 302279at33208        -            304    0.0011   18.3   0.3   1   3       6.3   1.3e+03   -1.6   0.0    93   116   105   128    97   143 0.74 transcript=SMRG1_58790.1 gene=SMRG1_58790
SMRG1_58790.1        -            605 302279at33208        -            304    0.0011   18.3   0.3   2   3      0.22        45    3.2   0.0    96   116   210   230   202   238 0.80 transcript=SMRG1_58790.1 gene=SMRG1_58790
SMRG1_58790.1        -            605 302279at33208        -            304    0.0011   18.3   0.3   3   3   0.00077      0.15   11.3   0.1    96   165   267   335   236   344 0.79 transcript=SMRG1_58790.1 gene=SMRG1_58790
SMRG1_7970.2         -            439 302279at33208        -            304    0.0014   18.0   0.1   1   2      0.71   1.4e+02    1.6   0.0    98   114    54    70    12   145 0.62 transcript=SMRG1_7970.2 gene=SMRG1_7970
SMRG1_7970.2         -            439 302279at33208        -            304    0.0014   18.0   0.1   2   2   0.00022     0.043   13.1   0.0    94   126   207   239   196   245 0.85 transcript=SMRG1_7970.2 gene=SMRG1_7970
SMRG1_7970.3         -            429 302279at33208        -            304    0.0016   17.8   0.1   1   2      0.68   1.4e+02    1.6   0.0    98   114    54    70    12   145 0.62 transcript=SMRG1_7970.3 gene=SMRG1_7970
SMRG1_7970.3         -            429 302279at33208        -            304    0.0016   17.8   0.1   2   2   0.00021     0.042   13.1   0.0    94   126   207   239   196   245 0.85 transcript=SMRG1_7970.3 gene=SMRG1_7970
SMRG1_25990.1        -            317 302279at33208        -            304    0.0027   17.1   0.2   1   4     0.053        11    5.2   0.1    85   113   126   154    10   155 0.77 transcript=SMRG1_25990.1 gene=SMRG1_25990
SMRG1_25990.1        -            317 302279at33208        -            304    0.0027   17.1   0.2   2   4     0.013       2.6    7.3   0.0    86   120   127   161   117   172 0.79 transcript=SMRG1_25990.1 gene=SMRG1_25990
SMRG1_25990.1        -            317 302279at33208        -            304    0.0027   17.1   0.2   3   4     0.079        16    4.7   0.0   188   252   179   242   170   247 0.87 transcript=SMRG1_25990.1 gene=SMRG1_25990
SMRG1_25990.1        -            317 302279at33208        -            304    0.0027   17.1   0.2   4   4       5.7   1.1e+03   -1.4   0.0    98   120   274   296   262   309 0.75 transcript=SMRG1_25990.1 gene=SMRG1_25990
SMRG1_12170.1        -           1011 302279at33208        -            304    0.0035   16.7   0.3   1   2      0.16        32    3.7   0.1   103   252    44   179    26   226 0.55 transcript=SMRG1_12170.1 gene=SMRG1_12170
SMRG1_12170.1        -           1011 302279at33208        -            304    0.0035   16.7   0.3   2   2    0.0041      0.81    8.9   0.0   144   297   491   643   485   648 0.68 transcript=SMRG1_12170.1 gene=SMRG1_12170
SMRG1_12170.2        -           1011 302279at33208        -            304    0.0035   16.7   0.3   1   2      0.16        32    3.7   0.1   103   252    44   179    26   226 0.55 transcript=SMRG1_12170.2 gene=SMRG1_12170
SMRG1_12170.2        -           1011 302279at33208        -            304    0.0035   16.7   0.3   2   2    0.0041      0.81    8.9   0.0   144   297   491   643   485   648 0.68 transcript=SMRG1_12170.2 gene=SMRG1_12170
SMRG1_24260.2        -           1484 302279at33208        -            304    0.0046   16.3   0.0   1   2   0.00014     0.029   13.7   0.0   144   295   132   286   119   292 0.74 transcript=SMRG1_24260.2 gene=SMRG1_24260
SMRG1_24260.2        -           1484 302279at33208        -            304    0.0046   16.3   0.0   2   2       9.2   1.8e+03   -2.1   0.0   196   251   335   386   315   428 0.68 transcript=SMRG1_24260.2 gene=SMRG1_24260
SMRG1_38780.1        -            463 302279at33208        -            304    0.0051   16.1   0.3   1   3      0.11        22    4.2   0.0    88   119    61    92    27   104 0.79 transcript=SMRG1_38780.1 gene=SMRG1_38780
SMRG1_38780.1        -            463 302279at33208        -            304    0.0051   16.1   0.3   2   3      0.98     2e+02    1.1   0.0    92   115   107   130    96   141 0.77 transcript=SMRG1_38780.1 gene=SMRG1_38780
SMRG1_38780.1        -            463 302279at33208        -            304    0.0051   16.1   0.3   3   3     0.059        12    5.1   0.0    97   164   154   214   134   258 0.75 transcript=SMRG1_38780.1 gene=SMRG1_38780
SMRG1_24260.1        -           1500 302279at33208        -            304    0.0051   16.1   0.0   1   1   0.00017     0.033   13.5   0.0   145   295   133   286   125   292 0.73 transcript=SMRG1_24260.1 gene=SMRG1_24260
SMRG1_54830.1        -            579 302279at33208        -            304    0.0051   16.1   0.2   1   3    0.0021      0.41    9.9   0.0    90   128   203   242   132   266 0.82 transcript=SMRG1_54830.1 gene=SMRG1_54830
SMRG1_54830.1        -            579 302279at33208        -            304    0.0051   16.1   0.2   2   3       7.2   1.4e+03   -1.7   0.0   168   168   325   325   287   369 0.51 transcript=SMRG1_54830.1 gene=SMRG1_54830
SMRG1_54830.1        -            579 302279at33208        -            304    0.0051   16.1   0.2   3   3      0.34        67    2.6   0.0    95   131   519   554   508   575 0.77 transcript=SMRG1_54830.1 gene=SMRG1_54830
SMRG1_54830.2        -            590 302279at33208        -            304    0.0055   16.0   0.2   1   3    0.0021      0.42    9.9   0.0    90   127   214   252   143   277 0.82 transcript=SMRG1_54830.2 gene=SMRG1_54830
SMRG1_54830.2        -            590 302279at33208        -            304    0.0055   16.0   0.2   2   3       7.6   1.5e+03   -1.8   0.0   168   168   336   336   298   379 0.51 transcript=SMRG1_54830.2 gene=SMRG1_54830
SMRG1_54830.2        -            590 302279at33208        -            304    0.0055   16.0   0.2   3   3      0.34        69    2.6   0.0    95   131   530   565   519   586 0.77 transcript=SMRG1_54830.2 gene=SMRG1_54830
SMRG1_39410.1        -            384 302279at33208        -            304    0.0065   15.8   2.4   1   4    0.0017      0.34   10.2   0.0    86   141    16    70     5    95 0.72 transcript=SMRG1_39410.1 gene=SMRG1_39410
SMRG1_39410.1        -            384 302279at33208        -            304    0.0065   15.8   2.4   2   4      0.22        44    3.2   0.0   233   301    68   135    51   138 0.67 transcript=SMRG1_39410.1 gene=SMRG1_39410
SMRG1_39410.1        -            384 302279at33208        -            304    0.0065   15.8   2.4   3   4       1.3   2.6e+02    0.7   0.0   232   253   233   254   176   278 0.78 transcript=SMRG1_39410.1 gene=SMRG1_39410
SMRG1_39410.1        -            384 302279at33208        -            304    0.0065   15.8   2.4   4   4       4.7   9.3e+02   -1.1   0.1   226   254   315   342   308   350 0.77 transcript=SMRG1_39410.1 gene=SMRG1_39410
SMRG1_54830.3        -            534 302279at33208        -            304    0.0086   15.4   1.3   1   3     0.002      0.39    9.9   0.1    90   128   158   197    87   221 0.82 transcript=SMRG1_54830.3 gene=SMRG1_54830
SMRG1_54830.3        -            534 302279at33208        -            304    0.0086   15.4   1.3   2   3       6.5   1.3e+03   -1.6   0.0   168   168   280   280   242   324 0.51 transcript=SMRG1_54830.3 gene=SMRG1_54830
SMRG1_54830.3        -            534 302279at33208        -            304    0.0086   15.4   1.3   3   3       0.3        60    2.8   0.0    95   131   474   509   463   530 0.77 transcript=SMRG1_54830.3 gene=SMRG1_54830
SMRG1_31790.3        -            665 302279at33208        -            304     0.011   15.1   0.7   1   3       1.4   2.8e+02    0.6   0.0    10   248    91   120    64   147 0.63 transcript=SMRG1_31790.3 gene=SMRG1_31790
SMRG1_31790.3        -            665 302279at33208        -            304     0.011   15.1   0.7   2   3     0.036       7.1    5.8   0.1    99   117   155   173   143   179 0.85 transcript=SMRG1_31790.3 gene=SMRG1_31790
SMRG1_31790.3        -            665 302279at33208        -            304     0.011   15.1   0.7   3   3     0.073        14    4.8   0.0    98   114   233   249   209   260 0.69 transcript=SMRG1_31790.3 gene=SMRG1_31790
SMRG1_7970.1         -            316 302279at33208        -            304     0.012   15.0   0.0   1   1   0.00014     0.027   13.7   0.0    94   126    84   116    72   122 0.85 transcript=SMRG1_7970.1 gene=SMRG1_7970
SMRG1_9040.1         -            625 302279at33208        -            304     0.012   14.9   0.0   1   3      0.02         4    6.6   0.0    96   165   227   295   196   295 0.83 transcript=SMRG1_9040.1 gene=SMRG1_9040
SMRG1_9040.1         -            625 302279at33208        -            304     0.012   14.9   0.0   2   3     0.058        12    5.1   0.0    96   137   275   316   269   340 0.70 transcript=SMRG1_9040.1 gene=SMRG1_9040
SMRG1_9040.1         -            625 302279at33208        -            304     0.012   14.9   0.0   3   3      0.37        73    2.5   0.0   104   172   426   489   375   522 0.65 transcript=SMRG1_9040.1 gene=SMRG1_9040
SMRG1_40200.3        -            663 302279at33208        -            304     0.012   14.9   1.0   1   2     0.031       6.2    6.0   0.1    83   114   186   217   124   237 0.61 transcript=SMRG1_40200.3 gene=SMRG1_40200
SMRG1_40200.3        -            663 302279at33208        -            304     0.012   14.9   1.0   2   2     0.032       6.4    6.0   0.1    98   169   243   309   234   391 0.72 transcript=SMRG1_40200.3 gene=SMRG1_40200
SMRG1_31790.1        -            701 302279at33208        -            304     0.012   14.9   0.6   1   3       1.5   2.9e+02    0.5   0.0    11   248    92   120    64   151 0.64 transcript=SMRG1_31790.1 gene=SMRG1_31790
SMRG1_31790.1        -            701 302279at33208        -            304     0.012   14.9   0.6   2   3     0.038       7.5    5.7   0.1    99   117   155   173   143   179 0.85 transcript=SMRG1_31790.1 gene=SMRG1_31790
SMRG1_31790.1        -            701 302279at33208        -            304     0.012   14.9   0.6   3   3     0.079        16    4.7   0.0    98   114   233   249   210   260 0.69 transcript=SMRG1_31790.1 gene=SMRG1_31790
SMRG1_20780.4        -            928 302279at33208        -            304     0.013   14.8   0.0   1   2    0.0015       0.3   10.4   0.0   218   294   154   228   139   235 0.83 transcript=SMRG1_20780.4 gene=SMRG1_20780
SMRG1_20780.4        -            928 302279at33208        -            304     0.013   14.8   0.0   2   2      0.61   1.2e+02    1.8   0.0    98   131   853   885   818   909 0.77 transcript=SMRG1_20780.4 gene=SMRG1_20780
SMRG1_67760.1        -            587 302279at33208        -            304     0.015   14.6   3.4   1   4      0.18        36    3.5   0.0   222   286   151   211   115   216 0.84 transcript=SMRG1_67760.1 gene=SMRG1_67760
SMRG1_67760.1        -            587 302279at33208        -            304     0.015   14.6   3.4   2   4       8.6   1.7e+03   -2.0   0.0   266   297   296   325   265   329 0.64 transcript=SMRG1_67760.1 gene=SMRG1_67760
SMRG1_67760.1        -            587 302279at33208        -            304     0.015   14.6   3.4   3   4      0.87   1.7e+02    1.3   0.0    94   121   399   426   376   438 0.81 transcript=SMRG1_67760.1 gene=SMRG1_67760
SMRG1_67760.1        -            587 302279at33208        -            304     0.015   14.6   3.4   4   4     0.024       4.8    6.4   0.7    95   133   486   527   445   535 0.82 transcript=SMRG1_67760.1 gene=SMRG1_67760
SMRG1_31790.2        -            762 302279at33208        -            304     0.016   14.5   0.6   1   3       1.7   3.3e+02    0.3   0.0    10   248    91   120    64   147 0.63 transcript=SMRG1_31790.2 gene=SMRG1_31790
SMRG1_31790.2        -            762 302279at33208        -            304     0.016   14.5   0.6   2   3     0.041       8.2    5.6   0.1    99   117   155   173   143   179 0.85 transcript=SMRG1_31790.2 gene=SMRG1_31790
SMRG1_31790.2        -            762 302279at33208        -            304     0.016   14.5   0.6   3   3     0.087        17    4.6   0.0    98   114   233   249   210   260 0.69 transcript=SMRG1_31790.2 gene=SMRG1_31790
SMRG1_40200.4        -            849 302279at33208        -            304      0.02   14.2   0.5   1   2     0.046       9.2    5.4   0.1    83   114   154   185   100   205 0.60 transcript=SMRG1_40200.4 gene=SMRG1_40200
SMRG1_40200.4        -            849 302279at33208        -            304      0.02   14.2   0.5   2   2     0.043       8.5    5.6   0.0    98   169   211   277   199   359 0.72 transcript=SMRG1_40200.4 gene=SMRG1_40200
SMRG1_40200.1        -            881 302279at33208        -            304     0.021   14.1   0.4   1   2     0.044       8.9    5.5   0.1    83   114   186   217   131   240 0.61 transcript=SMRG1_40200.1 gene=SMRG1_40200
SMRG1_40200.1        -            881 302279at33208        -            304     0.021   14.1   0.4   2   2     0.048       9.6    5.4   0.0    98   168   243   308   229   369 0.71 transcript=SMRG1_40200.1 gene=SMRG1_40200
SMRG1_10090.2        -            935 302279at33208        -            304     0.025   13.9   0.1   1   2     0.039       7.7    5.7   0.0    94   127   245   278   212   300 0.82 transcript=SMRG1_10090.2 gene=SMRG1_10090
SMRG1_10090.2        -            935 302279at33208        -            304     0.025   13.9   0.1   2   2      0.24        49    3.1   0.0   272   298   723   749   705   755 0.87 transcript=SMRG1_10090.2 gene=SMRG1_10090
SMRG1_75500.1        -           1044 302279at33208        -            304     0.033   13.5   0.0   1   3       9.9     2e+03   -2.2   0.0    98   118   142   164   121   174 0.72 transcript=SMRG1_75500.1 gene=SMRG1_75500
SMRG1_75500.1        -           1044 302279at33208        -            304     0.033   13.5   0.0   2   3    0.0054       1.1    8.5   0.0   141   190   339   389   289   399 0.86 transcript=SMRG1_75500.1 gene=SMRG1_75500
SMRG1_75500.1        -           1044 302279at33208        -            304     0.033   13.5   0.0   3   3      0.76   1.5e+02    1.5   0.0    90   124   453   485   433   533 0.65 transcript=SMRG1_75500.1 gene=SMRG1_75500
SMRG1_9510.1         -            502 302279at33208        -            304     0.037   13.3   0.1   1   3      0.24        47    3.1   0.1    92   114   154   176   148   238 0.79 transcript=SMRG1_9510.1 gene=SMRG1_9510
SMRG1_9510.1         -            502 302279at33208        -            304     0.037   13.3   0.1   2   3     0.075        15    4.8   0.0    96   121   346   371   337   380 0.86 transcript=SMRG1_9510.1 gene=SMRG1_9510
SMRG1_9510.1         -            502 302279at33208        -            304     0.037   13.3   0.1   3   3       1.7   3.4e+02    0.3   0.0   235   252   473   490   446   500 0.81 transcript=SMRG1_9510.1 gene=SMRG1_9510
SMRG1_40200.2        -            731 302279at33208        -            304      0.04   13.2   0.3   1   2      0.09        18    4.5   0.0    88   114    41    67     7    87 0.77 transcript=SMRG1_40200.2 gene=SMRG1_40200
SMRG1_40200.2        -            731 302279at33208        -            304      0.04   13.2   0.3   2   2     0.033       6.6    5.9   0.1    98   169    93   159    78   241 0.73 transcript=SMRG1_40200.2 gene=SMRG1_40200
SMRG1_10090.4        -           1075 302279at33208        -            304     0.041   13.2   0.0   1   2     0.046       9.1    5.5   0.0    94   127   245   278   212   300 0.82 transcript=SMRG1_10090.4 gene=SMRG1_10090
SMRG1_10090.4        -           1075 302279at33208        -            304     0.041   13.2   0.0   2   2      0.24        49    3.1   0.0   272   298   723   749   686   755 0.86 transcript=SMRG1_10090.4 gene=SMRG1_10090
SMRG1_52020.1        -            362 302279at33208        -            304     0.062   12.6   0.0   1   2    0.0084       1.7    7.9   0.0    91   124    32    65    23   108 0.71 transcript=SMRG1_52020.1 gene=SMRG1_52020
SMRG1_52020.1        -            362 302279at33208        -            304     0.062   12.6   0.0   2   2      0.33        66    2.6   0.0    97   122    92   118    78   137 0.72 transcript=SMRG1_52020.1 gene=SMRG1_52020
SMRG1_88280.3        -            597 302279at33208        -            304     0.063   12.6   0.0   1   4       1.1   2.2e+02    0.9   0.0     6    52    45    91    41   104 0.79 transcript=SMRG1_88280.3 gene=SMRG1_88280
SMRG1_88280.3        -            597 302279at33208        -            304     0.063   12.6   0.0   2   4     0.046       9.1    5.5   0.0   142   159   171   188   166   192 0.87 transcript=SMRG1_88280.3 gene=SMRG1_88280
SMRG1_88280.3        -            597 302279at33208        -            304     0.063   12.6   0.0   3   4       3.4   6.8e+02   -0.7   0.0   138   161   224   247   211   258 0.73 transcript=SMRG1_88280.3 gene=SMRG1_88280
SMRG1_88280.3        -            597 302279at33208        -            304     0.063   12.6   0.0   4   4       4.1   8.2e+02   -1.0   0.0    99   161   294   353   276   358 0.72 transcript=SMRG1_88280.3 gene=SMRG1_88280
SMRG1_88280.2        -            603 302279at33208        -            304     0.065   12.5   0.0   1   4       1.1   2.2e+02    0.9   0.0     6    52    51    97    47   110 0.79 transcript=SMRG1_88280.2 gene=SMRG1_88280
SMRG1_88280.2        -            603 302279at33208        -            304     0.065   12.5   0.0   2   4     0.046       9.2    5.4   0.0   142   159   177   194   172   198 0.87 transcript=SMRG1_88280.2 gene=SMRG1_88280
SMRG1_88280.2        -            603 302279at33208        -            304     0.065   12.5   0.0   3   4       3.4   6.9e+02   -0.7   0.0   138   161   230   253   217   264 0.73 transcript=SMRG1_88280.2 gene=SMRG1_88280
SMRG1_88280.2        -            603 302279at33208        -            304     0.065   12.5   0.0   4   4       4.2   8.3e+02   -1.0   0.0    99   161   300   359   282   364 0.72 transcript=SMRG1_88280.2 gene=SMRG1_88280
SMRG1_88280.4        -            606 302279at33208        -            304     0.066   12.5   0.0   1   4       1.1   2.2e+02    0.9   0.0     6    52    54   100    50   113 0.79 transcript=SMRG1_88280.4 gene=SMRG1_88280
SMRG1_88280.4        -            606 302279at33208        -            304     0.066   12.5   0.0   2   4     0.046       9.2    5.4   0.0   142   159   180   197   175   201 0.87 transcript=SMRG1_88280.4 gene=SMRG1_88280
SMRG1_88280.4        -            606 302279at33208        -            304     0.066   12.5   0.0   3   4       3.5   6.9e+02   -0.7   0.0   138   161   233   256   220   267 0.73 transcript=SMRG1_88280.4 gene=SMRG1_88280
SMRG1_88280.4        -            606 302279at33208        -            304     0.066   12.5   0.0   4   4       4.2   8.4e+02   -1.0   0.0    99   161   303   362   285   367 0.72 transcript=SMRG1_88280.4 gene=SMRG1_88280
SMRG1_88280.5        -            606 302279at33208        -            304     0.066   12.5   0.0   1   4       1.1   2.2e+02    0.9   0.0     6    52    54   100    50   113 0.79 transcript=SMRG1_88280.5 gene=SMRG1_88280
SMRG1_88280.5        -            606 302279at33208        -            304     0.066   12.5   0.0   2   4     0.046       9.2    5.4   0.0   142   159   180   197   175   201 0.87 transcript=SMRG1_88280.5 gene=SMRG1_88280
SMRG1_88280.5        -            606 302279at33208        -            304     0.066   12.5   0.0   3   4       3.5   6.9e+02   -0.7   0.0   138   161   233   256   220   267 0.73 transcript=SMRG1_88280.5 gene=SMRG1_88280
SMRG1_88280.5        -            606 302279at33208        -            304     0.066   12.5   0.0   4   4       4.2   8.4e+02   -1.0   0.0    99   161   303   362   285   367 0.72 transcript=SMRG1_88280.5 gene=SMRG1_88280
SMRG1_88280.6        -            606 302279at33208        -            304     0.066   12.5   0.0   1   4       1.1   2.2e+02    0.9   0.0     6    52    54   100    50   113 0.79 transcript=SMRG1_88280.6 gene=SMRG1_88280
SMRG1_88280.6        -            606 302279at33208        -            304     0.066   12.5   0.0   2   4     0.046       9.2    5.4   0.0   142   159   180   197   175   201 0.87 transcript=SMRG1_88280.6 gene=SMRG1_88280
SMRG1_88280.6        -            606 302279at33208        -            304     0.066   12.5   0.0   3   4       3.5   6.9e+02   -0.7   0.0   138   161   233   256   220   267 0.73 transcript=SMRG1_88280.6 gene=SMRG1_88280
SMRG1_88280.6        -            606 302279at33208        -            304     0.066   12.5   0.0   4   4       4.2   8.4e+02   -1.0   0.0    99   161   303   362   285   367 0.72 transcript=SMRG1_88280.6 gene=SMRG1_88280
SMRG1_88280.7        -            606 302279at33208        -            304     0.066   12.5   0.0   1   4       1.1   2.2e+02    0.9   0.0     6    52    54   100    50   113 0.79 transcript=SMRG1_88280.7 gene=SMRG1_88280
SMRG1_88280.7        -            606 302279at33208        -            304     0.066   12.5   0.0   2   4     0.046       9.2    5.4   0.0   142   159   180   197   175   201 0.87 transcript=SMRG1_88280.7 gene=SMRG1_88280
SMRG1_88280.7        -            606 302279at33208        -            304     0.066   12.5   0.0   3   4       3.5   6.9e+02   -0.7   0.0   138   161   233   256   220   267 0.73 transcript=SMRG1_88280.7 gene=SMRG1_88280
SMRG1_88280.7        -            606 302279at33208        -            304     0.066   12.5   0.0   4   4       4.2   8.4e+02   -1.0   0.0    99   161   303   362   285   367 0.72 transcript=SMRG1_88280.7 gene=SMRG1_88280
SMRG1_9040.2         -            547 302279at33208        -            304     0.068   12.5   0.0   1   3     0.013       2.7    7.2   0.0    96   165   227   295   195   296 0.84 transcript=SMRG1_9040.2 gene=SMRG1_9040
SMRG1_9040.2         -            547 302279at33208        -            304     0.068   12.5   0.0   2   3     0.047       9.3    5.4   0.0    96   137   275   316   268   340 0.70 transcript=SMRG1_9040.2 gene=SMRG1_9040
SMRG1_9040.2         -            547 302279at33208        -            304     0.068   12.5   0.0   3   3       3.8   7.5e+02   -0.8   0.0   101   122   422   445   376   451 0.67 transcript=SMRG1_9040.2 gene=SMRG1_9040
SMRG1_88280.1        -            611 302279at33208        -            304     0.068   12.4   0.0   1   4       1.1   2.2e+02    0.9   0.0     6    52    59   105    55   118 0.79 transcript=SMRG1_88280.1 gene=SMRG1_88280
SMRG1_88280.1        -            611 302279at33208        -            304     0.068   12.4   0.0   2   4     0.047       9.3    5.4   0.0   142   159   185   202   180   206 0.87 transcript=SMRG1_88280.1 gene=SMRG1_88280
SMRG1_88280.1        -            611 302279at33208        -            304     0.068   12.4   0.0   3   4       3.5     7e+02   -0.7   0.0   138   161   238   261   225   272 0.73 transcript=SMRG1_88280.1 gene=SMRG1_88280
SMRG1_88280.1        -            611 302279at33208        -            304     0.068   12.4   0.0   4   4       4.2   8.4e+02   -1.0   0.0    99   161   308   367   290   372 0.72 transcript=SMRG1_88280.1 gene=SMRG1_88280
SMRG1_83860.1        -            322 302279at33208        -            304     0.085   12.1   0.5   1   2    0.0035       0.7    9.1   0.2    98   133    86   121    71   142 0.87 transcript=SMRG1_83860.1 gene=SMRG1_83860
SMRG1_83860.1        -            322 302279at33208        -            304     0.085   12.1   0.5   2   2       4.4   8.8e+02   -1.1   0.0    95   112   210   227   186   230 0.82 transcript=SMRG1_83860.1 gene=SMRG1_83860
SMRG1_10090.3        -           1391 302279at33208        -            304     0.099   11.9   0.0   1   2     0.062        12    5.0   0.0    94   127   245   278   213   300 0.82 transcript=SMRG1_10090.3 gene=SMRG1_10090
SMRG1_10090.3        -           1391 302279at33208        -            304     0.099   11.9   0.0   2   2      0.37        73    2.5   0.0   272   297   723   748   693   754 0.87 transcript=SMRG1_10090.3 gene=SMRG1_10090
SMRG1_10090.1        -           1186 302279at33208        -            304       0.1   11.9   0.0   1   2     0.054        11    5.2   0.0    95   127    41    73    10    95 0.82 transcript=SMRG1_10090.1 gene=SMRG1_10090
SMRG1_10090.1        -           1186 302279at33208        -            304       0.1   11.9   0.0   2   2      0.32        64    2.7   0.0   272   298   518   544   501   550 0.87 transcript=SMRG1_10090.1 gene=SMRG1_10090
SMRG1_83860.2        -            321 302279at33208        -            304       0.1   11.9   0.5   1   2    0.0034      0.68    9.2   0.2    98   133    85   120    70   142 0.87 transcript=SMRG1_83860.2 gene=SMRG1_83860
SMRG1_83860.2        -            321 302279at33208        -            304       0.1   11.9   0.5   2   2       4.6   9.1e+02   -1.1   0.0    96   112   210   226   187   229 0.83 transcript=SMRG1_83860.2 gene=SMRG1_83860
SMRG1_20780.2        -            916 302279at33208        -            304      0.15   11.3   0.0   1   1    0.0015      0.29   10.4   0.0   218   294   249   323   234   330 0.83 transcript=SMRG1_20780.2 gene=SMRG1_20780
SMRG1_21700.1        -            932 302279at33208        -            304      0.17   11.2   0.0   1   2       1.5   3.1e+02    0.4   0.0    84   123   536   575   531   581 0.78 transcript=SMRG1_21700.1 gene=SMRG1_21700
SMRG1_21700.1        -            932 302279at33208        -            304      0.17   11.2   0.0   2   2    0.0084       1.7    7.9   0.0    66   118   838   889   804   909 0.78 transcript=SMRG1_21700.1 gene=SMRG1_21700
#
# Program:         hmmsearch
# Version:         3.4 (Aug 2023)
# Pipeline mode:   SEARCH
# Query file:      /users/40483456/busco_datasets/busco_downloads/lineages/metazoa_odb10/hmms/302279at33208.hmm
# Target file:     /users/40483456/protein/schistosoma_margrebowiei.fa
# Option settings: hmmsearch --domtblout /users/40483456/busco/results_pro/schistosoma_margrebowiei_busco/run_metazoa_odb10/hmmer_output/initial_run_results/302279at33208.out --cpu 1 /users/40483456/busco_datasets/busco_downloads/lineages/metazoa_odb10/hmms/302279at33208.hmm /users/40483456/protein/schistosoma_margrebowiei.fa 
# Current dir:     /users/40483456
# Date:            Thu Jan 15 17:54:51 2026
# [ok]
