#                                                                            --- full sequence --- -------------- this domain -------------   hmm coord   ali coord   env coord
# target name        accession   tlen query name           accession   qlen   E-value  score  bias   #  of  c-Evalue  i-Evalue  score  bias  from    to  from    to  from    to  acc description of target
#------------------- ---------- ----- -------------------- ---------- ----- --------- ------ ----- --- --- --------- --------- ------ ----- ----- ----- ----- ----- ----- ----- ---- ---------------------
SMRG1_9740.1         -            682 334336at33208        -            407  1.8e-121  405.9  32.2   1   3   1.6e-86     7e-84  282.1   8.4     1   255     9   283     9   291 0.90 transcript=SMRG1_9740.1 gene=SMRG1_9740
SMRG1_9740.1         -            682 334336at33208        -            407  1.8e-121  405.9  32.2   2   3      0.39   1.7e+02    0.9   0.0   242   260   304   322   299   335 0.83 transcript=SMRG1_9740.1 gene=SMRG1_9740
SMRG1_9740.1         -            682 334336at33208        -            407  1.8e-121  405.9  32.2   3   3   5.4e-40   2.3e-37  128.9  13.8   263   397   412   550   386   556 0.90 transcript=SMRG1_9740.1 gene=SMRG1_9740
SMRG1_59600.3        -           1252 334336at33208        -            407   1.2e-18   67.2   6.5   1   1   4.7e-21     2e-18   66.5   6.5   136   198  1186  1249  1179  1252 0.93 transcript=SMRG1_59600.3 gene=SMRG1_59600
SMRG1_59600.4        -           1264 334336at33208        -            407   1.2e-18   67.2   6.5   1   1   4.7e-21     2e-18   66.5   6.5   136   198  1198  1261  1191  1264 0.93 transcript=SMRG1_59600.4 gene=SMRG1_59600
SMRG1_37420.1        -            875 334336at33208        -            407     3e-18   66.0  17.7   1   2   3.7e-11   1.6e-08   34.0   1.5   157   206   653   704   648   757 0.83 transcript=SMRG1_37420.1 gene=SMRG1_37420
SMRG1_37420.1        -            875 334336at33208        -            407     3e-18   66.0  17.7   2   2     4e-12   1.7e-09   37.1   8.7   143   206   764   828   747   860 0.74 transcript=SMRG1_37420.1 gene=SMRG1_37420
SMRG1_64570.1        -            421 334336at33208        -            407   6.6e-16   58.2   4.2   1   1   2.7e-18   1.1e-15   57.5   4.2   135   204   294   375   291   406 0.73 transcript=SMRG1_64570.1 gene=SMRG1_64570
SMRG1_8680.1         -            631 334336at33208        -            407   3.8e-15   55.7   8.8   1   2         3   1.3e+03   -2.0   3.6   265   359   291   384   275   393 0.62 transcript=SMRG1_8680.1 gene=SMRG1_8680
SMRG1_8680.1         -            631 334336at33208        -            407   3.8e-15   55.7   8.8   2   2   8.9e-18   3.8e-15   55.7   8.8   105   195   534   622   492   630 0.83 transcript=SMRG1_8680.1 gene=SMRG1_8680
SMRG1_79100.1        -            297 334336at33208        -            407   7.2e-15   54.8   6.9   1   1   2.5e-17     1e-14   54.3   6.9   136   220   147   234   132   239 0.80 transcript=SMRG1_79100.1 gene=SMRG1_79100
SMRG1_79100.2        -            297 334336at33208        -            407   7.2e-15   54.8   6.9   1   1   2.5e-17     1e-14   54.3   6.9   136   220   147   234   132   239 0.80 transcript=SMRG1_79100.2 gene=SMRG1_79100
SMRG1_64570.2        -            295 334336at33208        -            407   8.3e-15   54.6   8.8   1   1   3.5e-17   1.5e-14   53.8   8.8   135   204   168   249   165   280 0.72 transcript=SMRG1_64570.2 gene=SMRG1_64570
SMRG1_87090.1        -            685 334336at33208        -            407   4.8e-14   52.1   0.0   1   2   1.1e-16   4.8e-14   52.1   0.0     4   116    17   146    14   164 0.77 transcript=SMRG1_87090.1 gene=SMRG1_87090
SMRG1_87090.1        -            685 334336at33208        -            407   4.8e-14   52.1   0.0   2   2       1.8   7.7e+02   -1.3   7.2   284   403   380   502   326   511 0.66 transcript=SMRG1_87090.1 gene=SMRG1_87090
SMRG1_87090.2        -            685 334336at33208        -            407   4.8e-14   52.1   0.0   1   2   1.1e-16   4.8e-14   52.1   0.0     4   116    17   146    14   164 0.77 transcript=SMRG1_87090.2 gene=SMRG1_87090
SMRG1_87090.2        -            685 334336at33208        -            407   4.8e-14   52.1   0.0   2   2       1.8   7.7e+02   -1.3   7.2   284   403   380   502   326   511 0.66 transcript=SMRG1_87090.2 gene=SMRG1_87090
SMRG1_12420.3        -           1556 334336at33208        -            407   9.2e-14   51.2   4.8   1   1   3.7e-16   1.6e-13   50.4   4.8   144   199  1413  1471  1401  1507 0.81 transcript=SMRG1_12420.3 gene=SMRG1_12420
SMRG1_12420.4        -           1556 334336at33208        -            407   9.2e-14   51.2   4.8   1   1   3.7e-16   1.6e-13   50.4   4.8   144   199  1413  1471  1401  1507 0.81 transcript=SMRG1_12420.4 gene=SMRG1_12420
SMRG1_12420.2        -           2022 334336at33208        -            407   1.1e-13   51.0   4.6   1   1   4.4e-16   1.9e-13   50.2   4.6   144   199  1879  1937  1867  1972 0.81 transcript=SMRG1_12420.2 gene=SMRG1_12420
SMRG1_12420.1        -           2478 334336at33208        -            407   1.1e-13   50.9   4.4   1   1   4.8e-16   2.1e-13   50.0   4.4   144   199  2335  2393  2323  2427 0.81 transcript=SMRG1_12420.1 gene=SMRG1_12420
SMRG1_90910.1        -            872 334336at33208        -            407   1.9e-13   50.2   3.8   1   2       6.1   2.6e+03   -3.0   1.0   209   241   557   590   540   625 0.54 transcript=SMRG1_90910.1 gene=SMRG1_90910
SMRG1_90910.1        -            872 334336at33208        -            407   1.9e-13   50.2   3.8   2   2   4.4e-16   1.9e-13   50.2   3.8   102   199   770   868   753   872 0.88 transcript=SMRG1_90910.1 gene=SMRG1_90910
SMRG1_68480.1        -            501 334336at33208        -            407   5.2e-13   48.7   9.3   1   2       1.5   6.3e+02   -1.0   2.3   318   357   374   410   354   438 0.57 transcript=SMRG1_68480.1 gene=SMRG1_68480
SMRG1_68480.1        -            501 334336at33208        -            407   5.2e-13   48.7   9.3   2   2   1.2e-15   5.2e-13   48.7   9.3   141   199   440   497   430   500 0.87 transcript=SMRG1_68480.1 gene=SMRG1_68480
SMRG1_97360.1        -            566 334336at33208        -            407   6.3e-13   48.4   7.8   1   2   1.8e-15   7.7e-13   48.1   1.7     3   123     3   131     1   141 0.85 transcript=SMRG1_97360.1 gene=SMRG1_97360
SMRG1_97360.1        -            566 334336at33208        -            407   6.3e-13   48.4   7.8   2   2     0.057        24    3.7   0.9   220   243   154   177   131   195 0.76 transcript=SMRG1_97360.1 gene=SMRG1_97360
SMRG1_97360.2        -            566 334336at33208        -            407   6.3e-13   48.4   7.8   1   2   1.8e-15   7.7e-13   48.1   1.7     3   123     3   131     1   141 0.85 transcript=SMRG1_97360.2 gene=SMRG1_97360
SMRG1_97360.2        -            566 334336at33208        -            407   6.3e-13   48.4   7.8   2   2     0.057        24    3.7   0.9   220   243   154   177   131   195 0.76 transcript=SMRG1_97360.2 gene=SMRG1_97360
SMRG1_97360.3        -            566 334336at33208        -            407   6.3e-13   48.4   7.8   1   2   1.8e-15   7.7e-13   48.1   1.7     3   123     3   131     1   141 0.85 transcript=SMRG1_97360.3 gene=SMRG1_97360
SMRG1_97360.3        -            566 334336at33208        -            407   6.3e-13   48.4   7.8   2   2     0.057        24    3.7   0.9   220   243   154   177   131   195 0.76 transcript=SMRG1_97360.3 gene=SMRG1_97360
SMRG1_63810.5        -           1358 334336at33208        -            407   1.5e-12   47.2  10.7   1   1   7.2e-15     3e-12   46.2  10.7   142   212  1162  1232  1158  1248 0.82 transcript=SMRG1_63810.5 gene=SMRG1_63810
SMRG1_63810.7        -           1410 334336at33208        -            407   1.6e-12   47.1  10.7   1   1   7.5e-15   3.2e-12   46.1  10.7   142   212  1214  1284  1210  1300 0.82 transcript=SMRG1_63810.7 gene=SMRG1_63810
SMRG1_63810.4        -           1529 334336at33208        -            407   2.6e-12   46.4  11.3   1   1   1.3e-14   5.4e-12   45.4  11.3   142   212  1333  1403  1330  1419 0.82 transcript=SMRG1_63810.4 gene=SMRG1_63810
SMRG1_63810.1        -           1557 334336at33208        -            407   2.7e-12   46.3  11.3   1   1   1.3e-14   5.5e-12   45.3  11.3   142   212  1361  1431  1358  1447 0.82 transcript=SMRG1_63810.1 gene=SMRG1_63810
SMRG1_63810.3        -           1557 334336at33208        -            407   2.7e-12   46.3  11.3   1   1   1.3e-14   5.5e-12   45.3  11.3   142   212  1361  1431  1358  1447 0.82 transcript=SMRG1_63810.3 gene=SMRG1_63810
SMRG1_63810.8        -           1557 334336at33208        -            407   2.7e-12   46.3  11.3   1   1   1.3e-14   5.5e-12   45.3  11.3   142   212  1361  1431  1358  1447 0.82 transcript=SMRG1_63810.8 gene=SMRG1_63810
SMRG1_50350.5        -           2418 334336at33208        -            407   2.3e-11   43.3   6.7   1   1   1.6e-13   6.9e-11   41.7   6.7   141   201   111   172   102   208 0.78 transcript=SMRG1_50350.5 gene=SMRG1_50350
SMRG1_50350.2        -           2598 334336at33208        -            407   2.7e-11   43.1   6.7   1   1   1.8e-13   7.7e-11   41.6   6.7   141   201    27    88    19   124 0.78 transcript=SMRG1_50350.2 gene=SMRG1_50350
SMRG1_50350.3        -           2598 334336at33208        -            407   2.7e-11   43.1   6.7   1   1   1.8e-13   7.7e-11   41.6   6.7   141   201    27    88    19   124 0.78 transcript=SMRG1_50350.3 gene=SMRG1_50350
SMRG1_50350.1        -           2682 334336at33208        -            407   2.8e-11   43.0   6.7   1   1   1.8e-13   7.8e-11   41.5   6.7   141   201   111   172   102   208 0.78 transcript=SMRG1_50350.1 gene=SMRG1_50350
SMRG1_50350.4        -           2681 334336at33208        -            407   2.8e-11   43.0   6.7   1   1   1.8e-13   7.7e-11   41.5   6.7   141   201   111   172   102   208 0.78 transcript=SMRG1_50350.4 gene=SMRG1_50350
SMRG1_68690.1        -            684 334336at33208        -            407   5.7e-11   42.0   7.9   1   2      0.33   1.4e+02    1.2   0.1   312   347    63    99    55   107 0.82 transcript=SMRG1_68690.1 gene=SMRG1_68690
SMRG1_68690.1        -            684 334336at33208        -            407   5.7e-11   42.0   7.9   2   2   1.3e-13   5.7e-11   42.0   7.9   133   202   229   301   174   322 0.84 transcript=SMRG1_68690.1 gene=SMRG1_68690
SMRG1_68690.2        -            891 334336at33208        -            407   8.4e-11   41.4   7.9   1   3       9.4     4e+03   -3.6   0.3   364   386    89   111    60   127 0.64 transcript=SMRG1_68690.2 gene=SMRG1_68690
SMRG1_68690.2        -            891 334336at33208        -            407   8.4e-11   41.4   7.9   2   3      0.45   1.9e+02    0.7   0.1   312   347   270   306   262   313 0.82 transcript=SMRG1_68690.2 gene=SMRG1_68690
SMRG1_68690.2        -            891 334336at33208        -            407   8.4e-11   41.4   7.9   3   3     2e-13   8.4e-11   41.4   7.9   133   202   436   508   382   529 0.84 transcript=SMRG1_68690.2 gene=SMRG1_68690
SMRG1_63830.1        -            240 334336at33208        -            407   7.1e-05   21.9   0.3   1   2       8.5   3.6e+03   -3.5   2.7   160   193    24    60    21    65 0.77 transcript=SMRG1_63830.1 gene=SMRG1_63830
SMRG1_63830.1        -            240 334336at33208        -            407   7.1e-05   21.9   0.3   2   2   1.7e-07   7.1e-05   21.9   0.3   144   241   115   216   112   231 0.73 transcript=SMRG1_63830.1 gene=SMRG1_63830
SMRG1_63830.2        -            240 334336at33208        -            407   7.1e-05   21.9   0.3   1   2       8.5   3.6e+03   -3.5   2.7   160   193    24    60    21    65 0.77 transcript=SMRG1_63830.2 gene=SMRG1_63830
SMRG1_63830.2        -            240 334336at33208        -            407   7.1e-05   21.9   0.3   2   2   1.7e-07   7.1e-05   21.9   0.3   144   241   115   216   112   231 0.73 transcript=SMRG1_63830.2 gene=SMRG1_63830
SMRG1_63830.4        -            240 334336at33208        -            407   7.1e-05   21.9   0.3   1   2       8.5   3.6e+03   -3.5   2.7   160   193    24    60    21    65 0.77 transcript=SMRG1_63830.4 gene=SMRG1_63830
SMRG1_63830.4        -            240 334336at33208        -            407   7.1e-05   21.9   0.3   2   2   1.7e-07   7.1e-05   21.9   0.3   144   241   115   216   112   231 0.73 transcript=SMRG1_63830.4 gene=SMRG1_63830
SMRG1_63830.5        -            240 334336at33208        -            407   7.1e-05   21.9   0.3   1   2       8.5   3.6e+03   -3.5   2.7   160   193    24    60    21    65 0.77 transcript=SMRG1_63830.5 gene=SMRG1_63830
SMRG1_63830.5        -            240 334336at33208        -            407   7.1e-05   21.9   0.3   2   2   1.7e-07   7.1e-05   21.9   0.3   144   241   115   216   112   231 0.73 transcript=SMRG1_63830.5 gene=SMRG1_63830
SMRG1_63830.6        -            240 334336at33208        -            407   7.1e-05   21.9   0.3   1   2       8.5   3.6e+03   -3.5   2.7   160   193    24    60    21    65 0.77 transcript=SMRG1_63830.6 gene=SMRG1_63830
SMRG1_63830.6        -            240 334336at33208        -            407   7.1e-05   21.9   0.3   2   2   1.7e-07   7.1e-05   21.9   0.3   144   241   115   216   112   231 0.73 transcript=SMRG1_63830.6 gene=SMRG1_63830
SMRG1_63830.8        -            240 334336at33208        -            407   7.1e-05   21.9   0.3   1   2       8.5   3.6e+03   -3.5   2.7   160   193    24    60    21    65 0.77 transcript=SMRG1_63830.8 gene=SMRG1_63830
SMRG1_63830.8        -            240 334336at33208        -            407   7.1e-05   21.9   0.3   2   2   1.7e-07   7.1e-05   21.9   0.3   144   241   115   216   112   231 0.73 transcript=SMRG1_63830.8 gene=SMRG1_63830
SMRG1_63830.3        -            251 334336at33208        -            407   7.9e-05   21.8   0.3   1   1   1.9e-07   7.9e-05   21.8   0.3   144   241   126   227   123   242 0.73 transcript=SMRG1_63830.3 gene=SMRG1_63830
SMRG1_63830.7        -            251 334336at33208        -            407   7.9e-05   21.8   0.3   1   1   1.9e-07   7.9e-05   21.8   0.3   144   241   126   227   123   242 0.73 transcript=SMRG1_63830.7 gene=SMRG1_63830
SMRG1_47670.2        -            221 334336at33208        -            407     0.002   17.2   9.4   1   2   4.6e-06     0.002   17.2   9.4   145   207     3    60     1    85 0.79 transcript=SMRG1_47670.2 gene=SMRG1_47670
SMRG1_47670.2        -            221 334336at33208        -            407     0.002   17.2   9.4   2   2      0.12        52    2.6   5.3   160   190   190   220   173   221 0.85 transcript=SMRG1_47670.2 gene=SMRG1_47670
SMRG1_34160.1        -            539 334336at33208        -            407     0.002   17.1   0.7   1   3   4.7e-06     0.002   17.1   0.7   154   174   196   216   190   222 0.88 transcript=SMRG1_34160.1 gene=SMRG1_34160
SMRG1_34160.1        -            539 334336at33208        -            407     0.002   17.1   0.7   2   3       9.4     4e+03   -3.6   0.0   303   317   342   356   337   362 0.82 transcript=SMRG1_34160.1 gene=SMRG1_34160
SMRG1_34160.1        -            539 334336at33208        -            407     0.002   17.1   0.7   3   3       4.3   1.8e+03   -2.5   0.3   308   332   498   521   466   530 0.51 transcript=SMRG1_34160.1 gene=SMRG1_34160
SMRG1_61880.1        -            729 334336at33208        -            407      0.37    9.7   7.1   1   1    0.0013      0.56    9.1   7.1   139   206   636   707   603   722 0.77 transcript=SMRG1_61880.1 gene=SMRG1_61880
SMRG1_61880.4        -            683 334336at33208        -            407      0.38    9.6   7.3   1   1    0.0013      0.57    9.0   7.3   139   206   590   661   556   676 0.77 transcript=SMRG1_61880.4 gene=SMRG1_61880
SMRG1_61880.5        -            783 334336at33208        -            407      0.41    9.5   7.1   1   1    0.0015      0.62    8.9   7.1   139   206   690   761   657   776 0.77 transcript=SMRG1_61880.5 gene=SMRG1_61880
#
# Program:         hmmsearch
# Version:         3.4 (Aug 2023)
# Pipeline mode:   SEARCH
# Query file:      /users/40483456/busco_datasets/busco_downloads/lineages/metazoa_odb10/hmms/334336at33208.hmm
# Target file:     /users/40483456/protein/schistosoma_margrebowiei.fa
# Option settings: hmmsearch --domtblout /users/40483456/busco/results_pro/schistosoma_margrebowiei_busco/run_metazoa_odb10/hmmer_output/initial_run_results/334336at33208.out --cpu 1 /users/40483456/busco_datasets/busco_downloads/lineages/metazoa_odb10/hmms/334336at33208.hmm /users/40483456/protein/schistosoma_margrebowiei.fa 
# Current dir:     /users/40483456
# Date:            Thu Jan 15 17:54:52 2026
# [ok]
