#                                                                            --- full sequence --- -------------- this domain -------------   hmm coord   ali coord   env coord
# target name        accession   tlen query name           accession   qlen   E-value  score  bias   #  of  c-Evalue  i-Evalue  score  bias  from    to  from    to  from    to  acc description of target
#------------------- ---------- ----- -------------------- ---------- ----- --------- ------ ----- --- --- --------- --------- ------ ----- ----- ----- ----- ----- ----- ----- ---- ---------------------
SMRG1_92060.1        -            420 460044at33208        -            316   8.7e-87  291.2   2.1   1   3     2e-35   7.8e-32  110.6   0.0     1   187     1   207     1   212 0.83 transcript=SMRG1_92060.1 gene=SMRG1_92060
SMRG1_92060.1        -            420 460044at33208        -            316   8.7e-87  291.2   2.1   2   3   1.3e-44     5e-41  140.9   0.3   174   260   229   319   222   335 0.93 transcript=SMRG1_92060.1 gene=SMRG1_92060
SMRG1_92060.1        -            420 460044at33208        -            316   8.7e-87  291.2   2.1   3   3   2.3e-13     9e-10   38.2   0.0   251   316   340   412   330   412 0.83 transcript=SMRG1_92060.1 gene=SMRG1_92060
SMRG1_92060.2        -            418 460044at33208        -            316   3.4e-83  279.4   2.6   1   3   5.6e-32   2.2e-28   99.3   0.0     1   187     1   205     1   210 0.82 transcript=SMRG1_92060.2 gene=SMRG1_92060
SMRG1_92060.2        -            418 460044at33208        -            316   3.4e-83  279.4   2.6   2   3   1.3e-44   4.9e-41  140.9   0.3   174   260   227   317   220   333 0.93 transcript=SMRG1_92060.2 gene=SMRG1_92060
SMRG1_92060.2        -            418 460044at33208        -            316   3.4e-83  279.4   2.6   3   3   2.3e-13     9e-10   38.2   0.0   251   316   338   410   328   410 0.83 transcript=SMRG1_92060.2 gene=SMRG1_92060
SMRG1_92060.5        -            402 460044at33208        -            316   3.8e-83  279.2   1.7   1   3   1.8e-35     7e-32  110.8   0.0     1   187     1   207     1   212 0.83 transcript=SMRG1_92060.5 gene=SMRG1_92060
SMRG1_92060.5        -            402 460044at33208        -            316   3.8e-83  279.2   1.7   2   3   1.2e-44   4.5e-41  141.0   0.3   174   260   229   319   222   336 0.93 transcript=SMRG1_92060.5 gene=SMRG1_92060
SMRG1_92060.5        -            402 460044at33208        -            316   3.8e-83  279.2   1.7   3   3     2e-09   7.8e-06   25.2   0.0   251   304   340   399   337   401 0.81 transcript=SMRG1_92060.5 gene=SMRG1_92060
SMRG1_92060.3        -            316 460044at33208        -            316   4.2e-60  203.5   1.4   1   3   4.2e-08   0.00016   20.9   0.0    95   187     3   103     1   108 0.70 transcript=SMRG1_92060.3 gene=SMRG1_92060
SMRG1_92060.3        -            316 460044at33208        -            316   4.2e-60  203.5   1.4   2   3     8e-45   3.1e-41  141.5   0.3   174   260   125   215   118   228 0.94 transcript=SMRG1_92060.3 gene=SMRG1_92060
SMRG1_92060.3        -            316 460044at33208        -            316   4.2e-60  203.5   1.4   3   3   1.5e-13   5.7e-10   38.8   0.0   251   316   236   308   226   308 0.83 transcript=SMRG1_92060.3 gene=SMRG1_92060
SMRG1_92060.4        -            316 460044at33208        -            316   4.2e-60  203.5   1.4   1   3   4.2e-08   0.00016   20.9   0.0    95   187     3   103     1   108 0.70 transcript=SMRG1_92060.4 gene=SMRG1_92060
SMRG1_92060.4        -            316 460044at33208        -            316   4.2e-60  203.5   1.4   2   3     8e-45   3.1e-41  141.5   0.3   174   260   125   215   118   228 0.94 transcript=SMRG1_92060.4 gene=SMRG1_92060
SMRG1_92060.4        -            316 460044at33208        -            316   4.2e-60  203.5   1.4   3   3   1.5e-13   5.7e-10   38.8   0.0   251   316   236   308   226   308 0.83 transcript=SMRG1_92060.4 gene=SMRG1_92060
#
# Program:         hmmsearch
# Version:         3.4 (Aug 2023)
# Pipeline mode:   SEARCH
# Query file:      /users/40483456/busco_datasets/busco_downloads/lineages/metazoa_odb10/hmms/460044at33208.hmm
# Target file:     /users/40483456/protein/schistosoma_margrebowiei.fa
# Option settings: hmmsearch --domtblout /users/40483456/busco/results_pro/schistosoma_margrebowiei_busco/run_metazoa_odb10/hmmer_output/initial_run_results/460044at33208.out --cpu 1 /users/40483456/busco_datasets/busco_downloads/lineages/metazoa_odb10/hmms/460044at33208.hmm /users/40483456/protein/schistosoma_margrebowiei.fa 
# Current dir:     /users/40483456
# Date:            Thu Jan 15 17:55:16 2026
# [ok]
