#                                                                            --- full sequence --- -------------- this domain -------------   hmm coord   ali coord   env coord
# target name        accession   tlen query name           accession   qlen   E-value  score  bias   #  of  c-Evalue  i-Evalue  score  bias  from    to  from    to  from    to  acc description of target
#------------------- ---------- ----- -------------------- ---------- ----- --------- ------ ----- --- --- --------- --------- ------ ----- ----- ----- ----- ----- ----- ----- ---- ---------------------
SMRG1_31100.2        -            561 468757at33208        -            281   2.2e-94  316.0   0.3   1   2   1.4e-95   1.2e-92  310.3   0.1     1   239     1   257     1   294 0.90 transcript=SMRG1_31100.2 gene=SMRG1_31100
SMRG1_31100.2        -            561 468757at33208        -            281   2.2e-94  316.0   0.3   2   2     0.036        32    3.8   0.1   234   269   297   332   275   336 0.74 transcript=SMRG1_31100.2 gene=SMRG1_31100
SMRG1_31100.3        -            796 468757at33208        -            281   6.9e-94  314.4   0.2   1   2     3e-95   2.6e-92  309.2   0.1     1   239     1   257     1   296 0.89 transcript=SMRG1_31100.3 gene=SMRG1_31100
SMRG1_31100.3        -            796 468757at33208        -            281   6.9e-94  314.4   0.2   2   2     0.056        49    3.2   0.1   235   269   298   332   276   337 0.75 transcript=SMRG1_31100.3 gene=SMRG1_31100
SMRG1_31100.1        -            830 468757at33208        -            281   7.8e-94  314.2   0.2   1   2   3.2e-95   2.9e-92  309.1   0.1     1   239     1   257     1   296 0.90 transcript=SMRG1_31100.1 gene=SMRG1_31100
SMRG1_31100.1        -            830 468757at33208        -            281   7.8e-94  314.2   0.2   2   2     0.059        52    3.1   0.1   235   269   298   332   276   337 0.75 transcript=SMRG1_31100.1 gene=SMRG1_31100
SMRG1_7980.1         -            388 468757at33208        -            281   3.5e-28   98.8   0.0   1   1   5.6e-31     5e-28   98.3   0.0     1   243     1   268     1   300 0.76 transcript=SMRG1_7980.1 gene=SMRG1_7980
SMRG1_25500.9        -            875 468757at33208        -            281   1.8e-22   80.1   0.0   1   2   7.8e-16     7e-13   48.6   0.0     1   114     1   110     1   129 0.84 transcript=SMRG1_25500.9 gene=SMRG1_25500
SMRG1_25500.9        -            875 468757at33208        -            281   1.8e-22   80.1   0.0   2   2   1.3e-09   1.2e-06   28.2   0.0   132   230   672   784   638   793 0.73 transcript=SMRG1_25500.9 gene=SMRG1_25500
SMRG1_25500.5        -            906 468757at33208        -            281   2.1e-22   79.9   0.0   1   2   8.2e-16   7.3e-13   48.6   0.0     1   114     1   110     1   129 0.84 transcript=SMRG1_25500.5 gene=SMRG1_25500
SMRG1_25500.5        -            906 468757at33208        -            281   2.1e-22   79.9   0.0   2   2   1.3e-09   1.1e-06   28.2   0.0   132   230   672   784   635   794 0.73 transcript=SMRG1_25500.5 gene=SMRG1_25500
SMRG1_25500.1        -           1063 468757at33208        -            281   3.1e-22   79.3   0.0   1   2     1e-15   9.1e-13   48.2   0.0     1   114     1   110     1   129 0.84 transcript=SMRG1_25500.1 gene=SMRG1_25500
SMRG1_25500.1        -           1063 468757at33208        -            281   3.1e-22   79.3   0.0   2   2   1.7e-09   1.5e-06   27.8   0.0   132   230   672   784   638   793 0.73 transcript=SMRG1_25500.1 gene=SMRG1_25500
SMRG1_25500.2        -           1063 468757at33208        -            281   3.1e-22   79.3   0.0   1   2     1e-15   9.1e-13   48.2   0.0     1   114     1   110     1   129 0.84 transcript=SMRG1_25500.2 gene=SMRG1_25500
SMRG1_25500.2        -           1063 468757at33208        -            281   3.1e-22   79.3   0.0   2   2   1.7e-09   1.5e-06   27.8   0.0   132   230   672   784   638   793 0.73 transcript=SMRG1_25500.2 gene=SMRG1_25500
SMRG1_25500.3        -           1063 468757at33208        -            281   3.1e-22   79.3   0.0   1   2     1e-15   9.1e-13   48.2   0.0     1   114     1   110     1   129 0.84 transcript=SMRG1_25500.3 gene=SMRG1_25500
SMRG1_25500.3        -           1063 468757at33208        -            281   3.1e-22   79.3   0.0   2   2   1.7e-09   1.5e-06   27.8   0.0   132   230   672   784   638   793 0.73 transcript=SMRG1_25500.3 gene=SMRG1_25500
SMRG1_25500.4        -           1063 468757at33208        -            281   3.1e-22   79.3   0.0   1   2     1e-15   9.1e-13   48.2   0.0     1   114     1   110     1   129 0.84 transcript=SMRG1_25500.4 gene=SMRG1_25500
SMRG1_25500.4        -           1063 468757at33208        -            281   3.1e-22   79.3   0.0   2   2   1.7e-09   1.5e-06   27.8   0.0   132   230   672   784   638   793 0.73 transcript=SMRG1_25500.4 gene=SMRG1_25500
SMRG1_25500.7        -           1063 468757at33208        -            281   3.1e-22   79.3   0.0   1   2     1e-15   9.1e-13   48.2   0.0     1   114     1   110     1   129 0.84 transcript=SMRG1_25500.7 gene=SMRG1_25500
SMRG1_25500.7        -           1063 468757at33208        -            281   3.1e-22   79.3   0.0   2   2   1.7e-09   1.5e-06   27.8   0.0   132   230   672   784   638   793 0.73 transcript=SMRG1_25500.7 gene=SMRG1_25500
SMRG1_25500.6        -           1039 468757at33208        -            281   3.8e-14   52.8   0.0   1   2   1.3e-07   0.00011   21.7   0.0    27   114     3    86     1   105 0.78 transcript=SMRG1_25500.6 gene=SMRG1_25500
SMRG1_25500.6        -           1039 468757at33208        -            281   3.8e-14   52.8   0.0   2   2   1.7e-09   1.5e-06   27.9   0.0   132   230   648   760   614   769 0.73 transcript=SMRG1_25500.6 gene=SMRG1_25500
SMRG1_25500.8        -           1039 468757at33208        -            281   3.8e-14   52.8   0.0   1   2   1.3e-07   0.00011   21.7   0.0    27   114     3    86     1   105 0.78 transcript=SMRG1_25500.8 gene=SMRG1_25500
SMRG1_25500.8        -           1039 468757at33208        -            281   3.8e-14   52.8   0.0   2   2   1.7e-09   1.5e-06   27.9   0.0   132   230   648   760   614   769 0.73 transcript=SMRG1_25500.8 gene=SMRG1_25500
SMRG1_64470.1        -            684 468757at33208        -            281   2.9e-13   49.9   0.0   1   1   6.1e-16   5.4e-13   49.0   0.0     1   227     1   225     1   241 0.81 transcript=SMRG1_64470.1 gene=SMRG1_64470
SMRG1_64470.2        -            684 468757at33208        -            281   2.9e-13   49.9   0.0   1   1   6.1e-16   5.4e-13   49.0   0.0     1   227     1   225     1   241 0.81 transcript=SMRG1_64470.2 gene=SMRG1_64470
SMRG1_64470.3        -            684 468757at33208        -            281   2.9e-13   49.9   0.0   1   1   6.1e-16   5.4e-13   49.0   0.0     1   227     1   225     1   241 0.81 transcript=SMRG1_64470.3 gene=SMRG1_64470
SMRG1_890.1          -           1030 468757at33208        -            281   4.8e-08   32.7   0.3   1   2   1.6e-10   1.5e-07   31.2   0.0     1   167     1   172     1   175 0.76 transcript=SMRG1_890.1 gene=SMRG1_890
SMRG1_890.1          -           1030 468757at33208        -            281   4.8e-08   32.7   0.3   2   2       2.5   2.2e+03   -2.2   0.2    30    55   779   804   763   842 0.74 transcript=SMRG1_890.1 gene=SMRG1_890
SMRG1_64470.4        -            603 468757at33208        -            281   5.6e-08   32.5   0.0   1   1   1.2e-10     1e-07   31.7   0.0   114   227    24   144     2   160 0.71 transcript=SMRG1_64470.4 gene=SMRG1_64470
SMRG1_64470.5        -            603 468757at33208        -            281   5.6e-08   32.5   0.0   1   1   1.2e-10     1e-07   31.7   0.0   114   227    24   144     2   160 0.71 transcript=SMRG1_64470.5 gene=SMRG1_64470
SMRG1_31120.1        -            725 468757at33208        -            281   1.8e-06   27.6   0.0   1   1   3.9e-09   3.5e-06   26.6   0.0     1   170     1   176     1   179 0.74 transcript=SMRG1_31120.1 gene=SMRG1_31120
SMRG1_1280.1         -            773 468757at33208        -            281    0.0002   20.9   0.0   1   1   3.4e-07    0.0003   20.3   0.0     1   170    47   219    47   223 0.80 transcript=SMRG1_1280.1 gene=SMRG1_1280
SMRG1_1300.1         -            727 468757at33208        -            281    0.0056   16.1   0.0   1   1   9.4e-06    0.0083   15.6   0.0     1   129     1   130     1   173 0.78 transcript=SMRG1_1300.1 gene=SMRG1_1300
#
# Program:         hmmsearch
# Version:         3.4 (Aug 2023)
# Pipeline mode:   SEARCH
# Query file:      /users/40483456/busco_datasets/busco_downloads/lineages/metazoa_odb10/hmms/468757at33208.hmm
# Target file:     /users/40483456/protein/schistosoma_margrebowiei.fa
# Option settings: hmmsearch --domtblout /users/40483456/busco/results_pro/schistosoma_margrebowiei_busco/run_metazoa_odb10/hmmer_output/initial_run_results/468757at33208.out --cpu 1 /users/40483456/busco_datasets/busco_downloads/lineages/metazoa_odb10/hmms/468757at33208.hmm /users/40483456/protein/schistosoma_margrebowiei.fa 
# Current dir:     /users/40483456
# Date:            Thu Jan 15 17:55:14 2026
# [ok]
