#                                                                            --- full sequence --- -------------- this domain -------------   hmm coord   ali coord   env coord
# target name        accession   tlen query name           accession   qlen   E-value  score  bias   #  of  c-Evalue  i-Evalue  score  bias  from    to  from    to  from    to  acc description of target
#------------------- ---------- ----- -------------------- ---------- ----- --------- ------ ----- --- --- --------- --------- ------ ----- ----- ----- ----- ----- ----- ----- ---- ---------------------
SMRG1_10940.2        -            354 486370at33208        -            285   2.3e-56  191.4   5.7   1   3   1.7e-47   6.2e-45  153.8   0.7    33   174    21   164     5   212 0.86 transcript=SMRG1_10940.2 gene=SMRG1_10940
SMRG1_10940.2        -            354 486370at33208        -            285   2.3e-56  191.4   5.7   2   3   4.4e-12   1.6e-09   37.6   0.1   209   249   234   275   222   277 0.86 transcript=SMRG1_10940.2 gene=SMRG1_10940
SMRG1_10940.2        -            354 486370at33208        -            285   2.3e-56  191.4   5.7   3   3      0.62   2.3e+02    1.1   0.0   246   272   290   319   285   327 0.66 transcript=SMRG1_10940.2 gene=SMRG1_10940
SMRG1_10940.3        -            354 486370at33208        -            285   2.3e-56  191.4   5.7   1   3   1.7e-47   6.2e-45  153.8   0.7    33   174    21   164     5   212 0.86 transcript=SMRG1_10940.3 gene=SMRG1_10940
SMRG1_10940.3        -            354 486370at33208        -            285   2.3e-56  191.4   5.7   2   3   4.4e-12   1.6e-09   37.6   0.1   209   249   234   275   222   277 0.86 transcript=SMRG1_10940.3 gene=SMRG1_10940
SMRG1_10940.3        -            354 486370at33208        -            285   2.3e-56  191.4   5.7   3   3      0.62   2.3e+02    1.1   0.0   246   272   290   319   285   327 0.66 transcript=SMRG1_10940.3 gene=SMRG1_10940
SMRG1_10940.4        -            354 486370at33208        -            285   2.3e-56  191.4   5.7   1   3   1.7e-47   6.2e-45  153.8   0.7    33   174    21   164     5   212 0.86 transcript=SMRG1_10940.4 gene=SMRG1_10940
SMRG1_10940.4        -            354 486370at33208        -            285   2.3e-56  191.4   5.7   2   3   4.4e-12   1.6e-09   37.6   0.1   209   249   234   275   222   277 0.86 transcript=SMRG1_10940.4 gene=SMRG1_10940
SMRG1_10940.4        -            354 486370at33208        -            285   2.3e-56  191.4   5.7   3   3      0.62   2.3e+02    1.1   0.0   246   272   290   319   285   327 0.66 transcript=SMRG1_10940.4 gene=SMRG1_10940
SMRG1_10940.1        -            375 486370at33208        -            285   2.5e-56  191.3   5.6   1   3   1.6e-47     6e-45  153.9   0.6    33   174    42   185    20   233 0.86 transcript=SMRG1_10940.1 gene=SMRG1_10940
SMRG1_10940.1        -            375 486370at33208        -            285   2.5e-56  191.3   5.6   2   3   4.8e-12   1.8e-09   37.5   0.1   209   249   255   296   243   298 0.86 transcript=SMRG1_10940.1 gene=SMRG1_10940
SMRG1_10940.1        -            375 486370at33208        -            285   2.5e-56  191.3   5.6   3   3      0.67   2.5e+02    0.9   0.0   246   272   311   340   306   348 0.66 transcript=SMRG1_10940.1 gene=SMRG1_10940
SMRG1_77950.2        -            470 486370at33208        -            285   2.5e-41  142.0  13.9   1   3   2.3e-18   8.4e-16   58.3   0.4    64   170     6   109     1   131 0.87 transcript=SMRG1_77950.2 gene=SMRG1_77950
SMRG1_77950.2        -            470 486370at33208        -            285   2.5e-41  142.0  13.9   2   3         2   7.5e+02   -0.6   0.0   110   145   196   231   176   241 0.83 transcript=SMRG1_77950.2 gene=SMRG1_77950
SMRG1_77950.2        -            470 486370at33208        -            285   2.5e-41  142.0  13.9   3   3   2.6e-27   9.7e-25   87.6   6.2    68   178   238   349   227   370 0.85 transcript=SMRG1_77950.2 gene=SMRG1_77950
SMRG1_77950.1        -            469 486370at33208        -            285   1.5e-39  136.2  13.8   1   3   1.5e-16   5.4e-14   52.3   0.4    64   170     6   108     1   130 0.86 transcript=SMRG1_77950.1 gene=SMRG1_77950
SMRG1_77950.1        -            469 486370at33208        -            285   1.5e-39  136.2  13.8   2   3         2   7.4e+02   -0.6   0.0   110   145   195   230   175   240 0.83 transcript=SMRG1_77950.1 gene=SMRG1_77950
SMRG1_77950.1        -            469 486370at33208        -            285   1.5e-39  136.2  13.8   3   3   2.6e-27   9.7e-25   87.6   6.2    68   178   237   348   226   369 0.85 transcript=SMRG1_77950.1 gene=SMRG1_77950
SMRG1_12680.2        -            255 486370at33208        -            285   1.6e-21   77.0  21.4   1   2   1.9e-09   7.1e-07   29.0  11.2    70   193     5   132     2   137 0.78 transcript=SMRG1_12680.2 gene=SMRG1_12680
SMRG1_12680.2        -            255 486370at33208        -            285   1.6e-21   77.0  21.4   2   2   5.4e-17     2e-14   53.8   2.5    72   162   142   229   136   240 0.91 transcript=SMRG1_12680.2 gene=SMRG1_12680
SMRG1_12680.1        -            319 486370at33208        -            285   2.4e-21   76.5  22.6   1   2   3.3e-09   1.2e-06   28.2  11.3    70   193     5   132     2   140 0.78 transcript=SMRG1_12680.1 gene=SMRG1_12680
SMRG1_12680.1        -            319 486370at33208        -            285   2.4e-21   76.5  22.6   2   2     4e-17   1.5e-14   54.2   3.4    72   170   142   237   136   256 0.90 transcript=SMRG1_12680.1 gene=SMRG1_12680
SMRG1_95070.1        -            697 486370at33208        -            285   2.5e-19   69.8   5.2   1   2   5.2e-21   1.9e-18   66.9   1.5    65   162    61   160    57   206 0.88 transcript=SMRG1_95070.1 gene=SMRG1_95070
SMRG1_95070.1        -            697 486370at33208        -            285   2.5e-19   69.8   5.2   2   2      0.15        54    3.1   0.0   112   148   474   510   471   557 0.85 transcript=SMRG1_95070.1 gene=SMRG1_95070
SMRG1_11870.1        -            350 486370at33208        -            285   1.5e-18   67.3   2.4   1   1   5.9e-21   2.2e-18   66.8   2.4    62   182    74   191    11   204 0.85 transcript=SMRG1_11870.1 gene=SMRG1_11870
SMRG1_11870.2        -            346 486370at33208        -            285   6.8e-18   65.1   4.2   1   1     3e-20   1.1e-17   64.4   4.2    63   182    71   187    62   200 0.85 transcript=SMRG1_11870.2 gene=SMRG1_11870
SMRG1_92000.3        -            914 486370at33208        -            285   9.1e-18   64.7  25.1   1   2   8.7e-14   3.2e-11   43.2   4.5    65   162   251   344   197   374 0.89 transcript=SMRG1_92000.3 gene=SMRG1_92000
SMRG1_92000.3        -            914 486370at33208        -            285   9.1e-18   64.7  25.1   2   2   1.9e-10     7e-08   32.3   5.0    73   171   534   633   528   659 0.78 transcript=SMRG1_92000.3 gene=SMRG1_92000
SMRG1_92000.2        -            811 486370at33208        -            285   9.4e-18   64.7  25.2   1   2   8.2e-14     3e-11   43.3   4.7    65   162   113   206    60   237 0.89 transcript=SMRG1_92000.2 gene=SMRG1_92000
SMRG1_92000.2        -            811 486370at33208        -            285   9.4e-18   64.7  25.2   2   2   1.4e-10   5.2e-08   32.7   4.8    73   171   396   495   389   521 0.78 transcript=SMRG1_92000.2 gene=SMRG1_92000
SMRG1_92000.1        -            949 486370at33208        -            285   1.1e-17   64.4  25.1   1   2   9.5e-14   3.5e-11   43.1   4.6    65   162   251   344   198   374 0.89 transcript=SMRG1_92000.1 gene=SMRG1_92000
SMRG1_92000.1        -            949 486370at33208        -            285   1.1e-17   64.4  25.1   2   2   1.9e-10     7e-08   32.3   5.1    73   174   534   636   528   665 0.78 transcript=SMRG1_92000.1 gene=SMRG1_92000
SMRG1_11870.3        -            269 486370at33208        -            285   9.6e-17   61.3   4.4   1   1     4e-19   1.5e-16   60.8   4.4    71   183     2   111     1   123 0.85 transcript=SMRG1_11870.3 gene=SMRG1_11870
SMRG1_31700.1        -            244 486370at33208        -            285   1.7e-16   60.5   2.6   1   2   5.2e-18   1.9e-15   57.1   0.4    58   154    55   152     6   158 0.88 transcript=SMRG1_31700.1 gene=SMRG1_31700
SMRG1_31700.1        -            244 486370at33208        -            285   1.7e-16   60.5   2.6   2   2     0.072        26    4.1   0.1   125   151   157   183   147   195 0.85 transcript=SMRG1_31700.1 gene=SMRG1_31700
SMRG1_31700.2        -            244 486370at33208        -            285   1.7e-16   60.5   2.6   1   2   5.2e-18   1.9e-15   57.1   0.4    58   154    55   152     6   158 0.88 transcript=SMRG1_31700.2 gene=SMRG1_31700
SMRG1_31700.2        -            244 486370at33208        -            285   1.7e-16   60.5   2.6   2   2     0.072        26    4.1   0.1   125   151   157   183   147   195 0.85 transcript=SMRG1_31700.2 gene=SMRG1_31700
SMRG1_39400.1        -            487 486370at33208        -            285     4e-13   49.5   5.9   1   2     5e-13   1.8e-10   40.7   2.0    67   149     6    83     3    84 0.93 transcript=SMRG1_39400.1 gene=SMRG1_39400
SMRG1_39400.1        -            487 486370at33208        -            285     4e-13   49.5   5.9   2   2   0.00021     0.076   12.5   0.3   112   156    80   124    79   138 0.86 transcript=SMRG1_39400.1 gene=SMRG1_39400
SMRG1_7660.1         -            318 486370at33208        -            285   2.4e-11   43.6   4.6   1   1   1.3e-13   4.9e-11   42.6   4.6    72   163    16   104    11   159 0.83 transcript=SMRG1_7660.1 gene=SMRG1_7660
SMRG1_81010.1        -            511 486370at33208        -            285   3.6e-10   39.8   1.4   1   1   2.5e-12   9.3e-10   38.4   1.4    63   171   126   231    86   259 0.84 transcript=SMRG1_81010.1 gene=SMRG1_81010
SMRG1_39050.2        -            291 486370at33208        -            285   4.1e-10   39.6   6.1   1   3       1.7   6.3e+02   -0.4   0.9     5    48    37    79    33    96 0.69 transcript=SMRG1_39050.2 gene=SMRG1_39050
SMRG1_39050.2        -            291 486370at33208        -            285   4.1e-10   39.6   6.1   2   3   1.7e-12   6.2e-10   39.0   0.2    74   139   168   229   149   261 0.81 transcript=SMRG1_39050.2 gene=SMRG1_39050
SMRG1_39050.2        -            291 486370at33208        -            285   4.1e-10   39.6   6.1   3   3      0.21        78    2.6   0.0   112   141   244   273   234   279 0.89 transcript=SMRG1_39050.2 gene=SMRG1_39050
SMRG1_39050.1        -            323 486370at33208        -            285   1.1e-09   38.2   0.2   1   4       5.4     2e+03   -2.0   0.5   167   203    24    60    18    71 0.75 transcript=SMRG1_39050.1 gene=SMRG1_39050
SMRG1_39050.1        -            323 486370at33208        -            285   1.1e-09   38.2   0.2   2   4       1.7   6.1e+02   -0.4   0.7     5    48    69   111    65   128 0.69 transcript=SMRG1_39050.1 gene=SMRG1_39050
SMRG1_39050.1        -            323 486370at33208        -            285   1.1e-09   38.2   0.2   3   4   2.9e-12   1.1e-09   38.2   0.2    74   138   200   260   181   277 0.85 transcript=SMRG1_39050.1 gene=SMRG1_39050
SMRG1_39050.1        -            323 486370at33208        -            285   1.1e-09   38.2   0.2   4   4      0.24        87    2.4   0.0   112   141   276   305   266   313 0.89 transcript=SMRG1_39050.1 gene=SMRG1_39050
SMRG1_3260.1         -           1096 486370at33208        -            285   1.3e-09   37.9   0.1   1   1   6.4e-12   2.4e-09   37.1   0.1    73   164     6    98     2   128 0.88 transcript=SMRG1_3260.1 gene=SMRG1_3260
SMRG1_19970.1        -           1024 486370at33208        -            285   3.3e-09   36.6   1.3   1   1   1.8e-11   6.7e-09   35.6   1.3    63   147    92   172    42   202 0.85 transcript=SMRG1_19970.1 gene=SMRG1_19970
SMRG1_19970.2        -           1070 486370at33208        -            285   3.3e-09   36.6   1.2   1   1   1.8e-11   6.7e-09   35.6   1.2    63   147    92   172    42   201 0.85 transcript=SMRG1_19970.2 gene=SMRG1_19970
SMRG1_19970.4        -           1070 486370at33208        -            285   3.3e-09   36.6   1.2   1   1   1.8e-11   6.7e-09   35.6   1.2    63   147    92   172    42   201 0.85 transcript=SMRG1_19970.4 gene=SMRG1_19970
SMRG1_19970.6        -           1070 486370at33208        -            285   3.3e-09   36.6   1.2   1   1   1.8e-11   6.7e-09   35.6   1.2    63   147    92   172    42   201 0.85 transcript=SMRG1_19970.6 gene=SMRG1_19970
SMRG1_19970.3        -           1045 486370at33208        -            285   3.7e-09   36.5   1.2   1   1   2.1e-11   7.7e-09   35.4   1.2    63   147    67   147    40   177 0.87 transcript=SMRG1_19970.3 gene=SMRG1_19970
SMRG1_19970.5        -           1045 486370at33208        -            285   3.7e-09   36.5   1.2   1   1   2.1e-11   7.7e-09   35.4   1.2    63   147    67   147    40   177 0.87 transcript=SMRG1_19970.5 gene=SMRG1_19970
SMRG1_19970.7        -           1045 486370at33208        -            285   3.7e-09   36.5   1.2   1   1   2.1e-11   7.7e-09   35.4   1.2    63   147    67   147    40   177 0.87 transcript=SMRG1_19970.7 gene=SMRG1_19970
SMRG1_33180.2        -            546 486370at33208        -            285   6.8e-08   32.3   0.8   1   3   1.9e-10   6.8e-08   32.3   0.8    65   149    11    91     6   138 0.85 transcript=SMRG1_33180.2 gene=SMRG1_33180
SMRG1_33180.2        -            546 486370at33208        -            285   6.8e-08   32.3   0.8   2   3       6.9   2.6e+03   -2.4   0.0   106   138   333   365   326   374 0.77 transcript=SMRG1_33180.2 gene=SMRG1_33180
SMRG1_33180.2        -            546 486370at33208        -            285   6.8e-08   32.3   0.8   3   3       2.2   8.2e+02   -0.8   0.1    64   104   369   408   354   415 0.76 transcript=SMRG1_33180.2 gene=SMRG1_33180
SMRG1_33180.1        -            541 486370at33208        -            285   7.8e-08   32.1   1.0   1   3   2.1e-10   7.8e-08   32.1   1.0    65   149    11    91     6   137 0.85 transcript=SMRG1_33180.1 gene=SMRG1_33180
SMRG1_33180.1        -            541 486370at33208        -            285   7.8e-08   32.1   1.0   2   3       6.7   2.5e+03   -2.3   0.0   106   138   328   360   321   370 0.77 transcript=SMRG1_33180.1 gene=SMRG1_33180
SMRG1_33180.1        -            541 486370at33208        -            285   7.8e-08   32.1   1.0   3   3       2.2   8.1e+02   -0.7   0.1    64   104   364   403   349   410 0.76 transcript=SMRG1_33180.1 gene=SMRG1_33180
SMRG1_42920.1        -            394 486370at33208        -            285   1.6e-07   31.1   8.6   1   2   5.7e-05     0.021   14.3   0.7    69    99   181   211   171   214 0.87 transcript=SMRG1_42920.1 gene=SMRG1_42920
SMRG1_42920.1        -            394 486370at33208        -            285   1.6e-07   31.1   8.6   2   2   6.7e-07   0.00025   20.6   1.8   110   202   244   339   236   353 0.81 transcript=SMRG1_42920.1 gene=SMRG1_42920
SMRG1_37800.1        -            431 486370at33208        -            285   7.6e-07   28.9   0.8   1   1   1.4e-08   5.3e-06   26.1   0.7    73   153   271   365   260   377 0.80 transcript=SMRG1_37800.1 gene=SMRG1_37800
SMRG1_40310.1        -            496 486370at33208        -            285   0.00015   21.3   0.1   1   3   4.2e-07   0.00015   21.3   0.1    76   184    35   140    29   160 0.82 transcript=SMRG1_40310.1 gene=SMRG1_40310
SMRG1_40310.1        -            496 486370at33208        -            285   0.00015   21.3   0.1   2   3     0.048        18    4.7   1.2   131   172   251   295   232   306 0.75 transcript=SMRG1_40310.1 gene=SMRG1_40310
SMRG1_40310.1        -            496 486370at33208        -            285   0.00015   21.3   0.1   3   3       2.1   7.6e+02   -0.7   1.7   153   193   347   381   301   395 0.55 transcript=SMRG1_40310.1 gene=SMRG1_40310
SMRG1_32770.1        -            168 486370at33208        -            285    0.0005   19.6   1.0   1   1   1.9e-06    0.0007   19.1   1.0   125   188    45   109    38   135 0.81 transcript=SMRG1_32770.1 gene=SMRG1_32770
SMRG1_77840.1        -            358 486370at33208        -            285    0.0014   18.2   6.1   1   1   0.00041      0.15   11.5   4.9    64   161    94   188    52   249 0.68 transcript=SMRG1_77840.1 gene=SMRG1_77840
SMRG1_77840.4        -            361 486370at33208        -            285    0.0014   18.1   6.1   1   1   0.00042      0.15   11.5   4.9    64   161    94   188    52   249 0.68 transcript=SMRG1_77840.4 gene=SMRG1_77840
SMRG1_77840.5        -            361 486370at33208        -            285    0.0014   18.1   6.1   1   1   0.00042      0.15   11.5   4.9    64   161    94   188    52   249 0.68 transcript=SMRG1_77840.5 gene=SMRG1_77840
SMRG1_77840.6        -            361 486370at33208        -            285    0.0014   18.1   6.1   1   1   0.00042      0.15   11.5   4.9    64   161    94   188    52   249 0.68 transcript=SMRG1_77840.6 gene=SMRG1_77840
SMRG1_77840.3        -            339 486370at33208        -            285    0.0014   18.1   6.4   1   1   0.00043      0.16   11.4   5.2    64   161    94   188    52   249 0.68 transcript=SMRG1_77840.3 gene=SMRG1_77840
SMRG1_77840.2        -            345 486370at33208        -            285    0.0015   18.0   6.4   1   1   0.00046      0.17   11.3   5.2    64   161    94   188    52   249 0.68 transcript=SMRG1_77840.2 gene=SMRG1_77840
SMRG1_32760.1        -            341 486370at33208        -            285    0.0017   17.9   1.9   1   2       6.2   2.3e+03   -2.2   0.0    78   122    79   123    65   144 0.57 transcript=SMRG1_32760.1 gene=SMRG1_32760
SMRG1_32760.1        -            341 486370at33208        -            285    0.0017   17.9   1.9   2   2     6e-06    0.0022   17.5   0.6   125   187   162   225   154   246 0.80 transcript=SMRG1_32760.1 gene=SMRG1_32760
SMRG1_50240.6        -            970 486370at33208        -            285    0.0028   17.2  10.6   1   3      0.01       3.8    6.9   0.3    70   142    98   166    88   197 0.87 transcript=SMRG1_50240.6 gene=SMRG1_50240
SMRG1_50240.6        -            970 486370at33208        -            285    0.0028   17.2  10.6   2   3     0.026       9.5    5.6   0.4    73   171   237   332   232   368 0.81 transcript=SMRG1_50240.6 gene=SMRG1_50240
SMRG1_50240.6        -            970 486370at33208        -            285    0.0028   17.2  10.6   3   3     0.001      0.38   10.2   0.4    70   155   404   485   386   511 0.85 transcript=SMRG1_50240.6 gene=SMRG1_50240
SMRG1_50240.3        -           1009 486370at33208        -            285    0.0033   16.9  10.6   1   3     0.011         4    6.8   0.3    70   142    44   112    35   143 0.87 transcript=SMRG1_50240.3 gene=SMRG1_50240
SMRG1_50240.3        -           1009 486370at33208        -            285    0.0033   16.9  10.6   2   3     0.027        10    5.5   0.4    73   171   183   278   178   314 0.81 transcript=SMRG1_50240.3 gene=SMRG1_50240
SMRG1_50240.3        -           1009 486370at33208        -            285    0.0033   16.9  10.6   3   3    0.0011       0.4   10.1   0.4    70   155   350   431   332   457 0.85 transcript=SMRG1_50240.3 gene=SMRG1_50240
SMRG1_50240.1        -           1063 486370at33208        -            285    0.0069   15.9  11.4   1   3     0.011       4.2    6.7   0.3    70   142    98   166    88   197 0.87 transcript=SMRG1_50240.1 gene=SMRG1_50240
SMRG1_50240.1        -           1063 486370at33208        -            285    0.0069   15.9  11.4   2   3     0.034        13    5.2   0.6    73   171   237   332   232   367 0.81 transcript=SMRG1_50240.1 gene=SMRG1_50240
SMRG1_50240.1        -           1063 486370at33208        -            285    0.0069   15.9  11.4   3   3    0.0012      0.43   10.0   0.4    70   155   404   485   386   511 0.85 transcript=SMRG1_50240.1 gene=SMRG1_50240
SMRG1_50240.4        -            904 486370at33208        -            285     0.015   14.8   4.4   1   2     0.023       8.6    5.7   0.4    73   171    78   173    73   209 0.81 transcript=SMRG1_50240.4 gene=SMRG1_50240
SMRG1_50240.4        -            904 486370at33208        -            285     0.015   14.8   4.4   2   2   0.00086      0.32   10.4   0.3    70   155   245   326   226   352 0.85 transcript=SMRG1_50240.4 gene=SMRG1_50240
SMRG1_21410.3        -            886 486370at33208        -            285      0.13   11.7   4.0   1   2   0.00013     0.049   13.1   0.3    75   153   198   272   181   311 0.89 transcript=SMRG1_21410.3 gene=SMRG1_21410
SMRG1_21410.3        -            886 486370at33208        -            285      0.13   11.7   4.0   2   2       3.5   1.3e+03   -1.4   0.3    11    33   767   789   758   833 0.69 transcript=SMRG1_21410.3 gene=SMRG1_21410
SMRG1_21410.2        -            927 486370at33208        -            285      0.14   11.6   4.0   1   2   0.00014     0.052   13.0   0.3    75   153   239   313   222   352 0.89 transcript=SMRG1_21410.2 gene=SMRG1_21410
SMRG1_21410.2        -            927 486370at33208        -            285      0.14   11.6   4.0   2   2       3.7   1.4e+03   -1.5   0.3    11    33   808   830   799   874 0.69 transcript=SMRG1_21410.2 gene=SMRG1_21410
SMRG1_50240.2        -            684 486370at33208        -            285      0.15   11.5   0.3   1   1   0.00063      0.23   10.9   0.3    70   155    25   106    11   132 0.85 transcript=SMRG1_50240.2 gene=SMRG1_50240
SMRG1_50240.5        -            684 486370at33208        -            285      0.15   11.5   0.3   1   1   0.00063      0.23   10.9   0.3    70   155    25   106    11   132 0.85 transcript=SMRG1_50240.5 gene=SMRG1_50240
SMRG1_21410.1        -            964 486370at33208        -            285      0.16   11.4   4.0   1   2   0.00015     0.055   12.9   0.3    75   153   276   350   259   389 0.89 transcript=SMRG1_21410.1 gene=SMRG1_21410
SMRG1_21410.1        -            964 486370at33208        -            285      0.16   11.4   4.0   2   2       3.9   1.4e+03   -1.6   0.3    11    33   845   867   836   911 0.69 transcript=SMRG1_21410.1 gene=SMRG1_21410
SMRG1_75130.1        -            844 486370at33208        -            285      0.54    9.7  17.9   1   4       7.1   2.6e+03   -2.4   0.8   159   191   151   183   143   192 0.79 transcript=SMRG1_75130.1 gene=SMRG1_75130
SMRG1_75130.1        -            844 486370at33208        -            285      0.54    9.7  17.9   2   4   8.1e-05      0.03   13.8   1.2    76   204   238   366   215   375 0.88 transcript=SMRG1_75130.1 gene=SMRG1_75130
SMRG1_75130.1        -            844 486370at33208        -            285      0.54    9.7  17.9   3   4    0.0054         2    7.8   0.2    75   102   489   516   467   540 0.82 transcript=SMRG1_75130.1 gene=SMRG1_75130
SMRG1_75130.1        -            844 486370at33208        -            285      0.54    9.7  17.9   4   4       8.6   3.2e+03   -2.7   0.1   158   182   704   728   652   735 0.55 transcript=SMRG1_75130.1 gene=SMRG1_75130
#
# Program:         hmmsearch
# Version:         3.4 (Aug 2023)
# Pipeline mode:   SEARCH
# Query file:      /users/40483456/busco_datasets/busco_downloads/lineages/metazoa_odb10/hmms/486370at33208.hmm
# Target file:     /users/40483456/protein/schistosoma_margrebowiei.fa
# Option settings: hmmsearch --domtblout /users/40483456/busco/results_pro/schistosoma_margrebowiei_busco/run_metazoa_odb10/hmmer_output/initial_run_results/486370at33208.out --cpu 1 /users/40483456/busco_datasets/busco_downloads/lineages/metazoa_odb10/hmms/486370at33208.hmm /users/40483456/protein/schistosoma_margrebowiei.fa 
# Current dir:     /users/40483456
# Date:            Thu Jan 15 17:55:15 2026
# [ok]
