#                                                                            --- full sequence --- -------------- this domain -------------   hmm coord   ali coord   env coord
# target name        accession   tlen query name           accession   qlen   E-value  score  bias   #  of  c-Evalue  i-Evalue  score  bias  from    to  from    to  from    to  acc description of target
#------------------- ---------- ----- -------------------- ---------- ----- --------- ------ ----- --- --- --------- --------- ------ ----- ----- ----- ----- ----- ----- ----- ---- ---------------------
SMRG1_620.1          -            503 520011at33208        -            219     1e-45  156.1   0.9   1   2   9.2e-07    0.0045   16.7   0.2     3    55    71   137    69   142 0.79 transcript=SMRG1_620.1 gene=SMRG1_620
SMRG1_620.1          -            503 520011at33208        -            219     1e-45  156.1   0.9   2   2   7.5e-44   3.7e-40  137.9   0.0    53   218   167   348   161   349 0.88 transcript=SMRG1_620.1 gene=SMRG1_620
SMRG1_620.2          -            503 520011at33208        -            219     1e-45  156.1   0.9   1   2   9.2e-07    0.0045   16.7   0.2     3    55    71   137    69   142 0.79 transcript=SMRG1_620.2 gene=SMRG1_620
SMRG1_620.2          -            503 520011at33208        -            219     1e-45  156.1   0.9   2   2   7.5e-44   3.7e-40  137.9   0.0    53   218   167   348   161   349 0.88 transcript=SMRG1_620.2 gene=SMRG1_620
SMRG1_62710.1        -            261 520011at33208        -            219   5.3e-08   32.8   0.1   1   2      0.51   2.5e+03   -2.1   1.9    18    33    19    34    14    46 0.53 transcript=SMRG1_62710.1 gene=SMRG1_62710
SMRG1_62710.1        -            261 520011at33208        -            219   5.3e-08   32.8   0.1   2   2   1.1e-11   5.3e-08   32.8   0.1    77   206    90   233    81   240 0.80 transcript=SMRG1_62710.1 gene=SMRG1_62710
SMRG1_92450.1        -            153 520011at33208        -            219   0.00041   20.1   0.0   1   1   1.7e-07   0.00084   19.1   0.0    78   185    28   147    19   151 0.79 transcript=SMRG1_92450.1 gene=SMRG1_92450
#
# Program:         hmmsearch
# Version:         3.4 (Aug 2023)
# Pipeline mode:   SEARCH
# Query file:      /users/40483456/busco_datasets/busco_downloads/lineages/metazoa_odb10/hmms/520011at33208.hmm
# Target file:     /users/40483456/protein/schistosoma_margrebowiei.fa
# Option settings: hmmsearch --domtblout /users/40483456/busco/results_pro/schistosoma_margrebowiei_busco/run_metazoa_odb10/hmmer_output/initial_run_results/520011at33208.out --cpu 1 /users/40483456/busco_datasets/busco_downloads/lineages/metazoa_odb10/hmms/520011at33208.hmm /users/40483456/protein/schistosoma_margrebowiei.fa 
# Current dir:     /users/40483456
# Date:            Thu Jan 15 17:55:26 2026
# [ok]
