#                                                                            --- full sequence --- -------------- this domain -------------   hmm coord   ali coord   env coord
# target name        accession   tlen query name           accession   qlen   E-value  score  bias   #  of  c-Evalue  i-Evalue  score  bias  from    to  from    to  from    to  acc description of target
#------------------- ---------- ----- -------------------- ---------- ----- --------- ------ ----- --- --- --------- --------- ------ ----- ----- ----- ----- ----- ----- ----- ---- ---------------------
SMRG1_87890.2        -            615 544849at33208        -            133   8.6e-28   97.3   8.4   1   4   1.8e-13   7.9e-11   42.5   0.3     2    47    33    75    32    78 0.93 transcript=SMRG1_87890.2 gene=SMRG1_87890
SMRG1_87890.2        -            615 544849at33208        -            133   8.6e-28   97.3   8.4   2   4   3.9e-09   1.7e-06   28.4   0.4     3    55    66   119    64   132 0.73 transcript=SMRG1_87890.2 gene=SMRG1_87890
SMRG1_87890.2        -            615 544849at33208        -            133   8.6e-28   97.3   8.4   3   4    0.0019      0.81   10.0   0.0     4    34   159   189   157   193 0.92 transcript=SMRG1_87890.2 gene=SMRG1_87890
SMRG1_87890.2        -            615 544849at33208        -            133   8.6e-28   97.3   8.4   4   4   1.2e-08   5.2e-06   26.8   0.1     3    41   194   232   192   277 0.76 transcript=SMRG1_87890.2 gene=SMRG1_87890
SMRG1_94350.1        -           1048 544849at33208        -            133   1.5e-27   96.6  10.1   1   4   2.9e-12   1.2e-09   38.6   4.2     2    69   265   330   264   331 0.95 transcript=SMRG1_94350.1 gene=SMRG1_94350
SMRG1_94350.1        -           1048 544849at33208        -            133   1.5e-27   96.6  10.1   2   4   9.8e-09   4.2e-06   27.1   0.7     3    58   299   354   298   362 0.82 transcript=SMRG1_94350.1 gene=SMRG1_94350
SMRG1_94350.1        -           1048 544849at33208        -            133   1.5e-27   96.6  10.1   3   4   3.5e-09   1.5e-06   28.6   0.0     2    34   563   595   562   608 0.93 transcript=SMRG1_94350.1 gene=SMRG1_94350
SMRG1_94350.1        -           1048 544849at33208        -            133   1.5e-27   96.6  10.1   4   4   4.5e-08     2e-05   25.0   0.0     4    35   624   655   621   681 0.87 transcript=SMRG1_94350.1 gene=SMRG1_94350
SMRG1_94350.3        -           1064 544849at33208        -            133   1.5e-27   96.5  10.1   1   4   2.9e-12   1.3e-09   38.5   4.2     2    69   265   330   264   331 0.95 transcript=SMRG1_94350.3 gene=SMRG1_94350
SMRG1_94350.3        -           1064 544849at33208        -            133   1.5e-27   96.5  10.1   2   4     1e-08   4.3e-06   27.1   0.7     3    58   299   354   298   362 0.82 transcript=SMRG1_94350.3 gene=SMRG1_94350
SMRG1_94350.3        -           1064 544849at33208        -            133   1.5e-27   96.5  10.1   3   4   3.6e-09   1.6e-06   28.5   0.0     2    34   579   611   578   624 0.93 transcript=SMRG1_94350.3 gene=SMRG1_94350
SMRG1_94350.3        -           1064 544849at33208        -            133   1.5e-27   96.5  10.1   4   4   4.6e-08     2e-05   25.0   0.0     4    35   640   671   637   697 0.87 transcript=SMRG1_94350.3 gene=SMRG1_94350
SMRG1_94350.2        -           1058 544849at33208        -            133   1.5e-27   96.5  10.1   1   4   2.9e-12   1.3e-09   38.6   4.2     2    69   265   330   264   331 0.95 transcript=SMRG1_94350.2 gene=SMRG1_94350
SMRG1_94350.2        -           1058 544849at33208        -            133   1.5e-27   96.5  10.1   2   4   9.9e-09   4.3e-06   27.1   0.7     3    58   299   354   298   362 0.82 transcript=SMRG1_94350.2 gene=SMRG1_94350
SMRG1_94350.2        -           1058 544849at33208        -            133   1.5e-27   96.5  10.1   3   4   3.6e-09   1.6e-06   28.5   0.0     2    34   573   605   572   618 0.93 transcript=SMRG1_94350.2 gene=SMRG1_94350
SMRG1_94350.2        -           1058 544849at33208        -            133   1.5e-27   96.5  10.1   4   4   4.6e-08     2e-05   25.0   0.0     4    35   634   665   631   691 0.87 transcript=SMRG1_94350.2 gene=SMRG1_94350
SMRG1_94350.4        -           1074 544849at33208        -            133   1.6e-27   96.5  10.1   1   4   2.9e-12   1.3e-09   38.5   4.2     2    69   265   330   264   331 0.95 transcript=SMRG1_94350.4 gene=SMRG1_94350
SMRG1_94350.4        -           1074 544849at33208        -            133   1.6e-27   96.5  10.1   2   4     1e-08   4.4e-06   27.1   0.7     3    58   299   354   298   362 0.82 transcript=SMRG1_94350.4 gene=SMRG1_94350
SMRG1_94350.4        -           1074 544849at33208        -            133   1.6e-27   96.5  10.1   3   4   3.6e-09   1.6e-06   28.5   0.0     2    34   589   621   588   634 0.93 transcript=SMRG1_94350.4 gene=SMRG1_94350
SMRG1_94350.4        -           1074 544849at33208        -            133   1.6e-27   96.5  10.1   4   4   4.6e-08     2e-05   24.9   0.0     4    35   650   681   647   707 0.87 transcript=SMRG1_94350.4 gene=SMRG1_94350
SMRG1_87890.6        -            616 544849at33208        -            133     3e-27   95.6  11.3   1   5       7.5   3.2e+03   -1.6   0.0    88   108    17    37    14    42 0.81 transcript=SMRG1_87890.6 gene=SMRG1_87890
SMRG1_87890.6        -            616 544849at33208        -            133     3e-27   95.6  11.3   2   5   1.8e-13   7.9e-11   42.4   0.3     2    47   245   287   244   290 0.93 transcript=SMRG1_87890.6 gene=SMRG1_87890
SMRG1_87890.6        -            616 544849at33208        -            133     3e-27   95.6  11.3   3   5   3.9e-09   1.7e-06   28.4   0.4     3    55   278   331   276   344 0.73 transcript=SMRG1_87890.6 gene=SMRG1_87890
SMRG1_87890.6        -            616 544849at33208        -            133     3e-27   95.6  11.3   4   5    0.0019      0.81   10.0   0.0     4    34   371   401   369   405 0.92 transcript=SMRG1_87890.6 gene=SMRG1_87890
SMRG1_87890.6        -            616 544849at33208        -            133     3e-27   95.6  11.3   5   5   1.2e-08   5.2e-06   26.8   0.1     3    41   406   444   404   489 0.76 transcript=SMRG1_87890.6 gene=SMRG1_87890
SMRG1_87890.5        -            725 544849at33208        -            133   7.1e-27   94.4  11.4   1   5       9.4   4.1e+03   -1.9   0.0    88   108    17    37    14    41 0.80 transcript=SMRG1_87890.5 gene=SMRG1_87890
SMRG1_87890.5        -            725 544849at33208        -            133   7.1e-27   94.4  11.4   2   5   2.2e-13   9.6e-11   42.2   0.3     2    47   245   287   244   290 0.93 transcript=SMRG1_87890.5 gene=SMRG1_87890
SMRG1_87890.5        -            725 544849at33208        -            133   7.1e-27   94.4  11.4   3   5   5.8e-09   2.5e-06   27.9   0.4     3    55   278   331   277   344 0.73 transcript=SMRG1_87890.5 gene=SMRG1_87890
SMRG1_87890.5        -            725 544849at33208        -            133   7.1e-27   94.4  11.4   4   5    0.0023      0.98    9.8   0.0     4    34   371   401   369   405 0.92 transcript=SMRG1_87890.5 gene=SMRG1_87890
SMRG1_87890.5        -            725 544849at33208        -            133   7.1e-27   94.4  11.4   5   5   1.5e-08   6.5e-06   26.5   0.1     3    41   406   444   404   489 0.76 transcript=SMRG1_87890.5 gene=SMRG1_87890
SMRG1_87890.1        -            831 544849at33208        -            133   1.4e-26   93.5  11.3   1   4   2.6e-13   1.1e-10   41.9   0.3     2    47   249   291   248   294 0.93 transcript=SMRG1_87890.1 gene=SMRG1_87890
SMRG1_87890.1        -            831 544849at33208        -            133   1.4e-26   93.5  11.3   2   4   6.8e-09     3e-06   27.6   0.4     3    55   282   335   281   348 0.73 transcript=SMRG1_87890.1 gene=SMRG1_87890
SMRG1_87890.1        -            831 544849at33208        -            133   1.4e-26   93.5  11.3   3   4    0.0025       1.1    9.6   0.0     4    34   375   405   373   410 0.91 transcript=SMRG1_87890.1 gene=SMRG1_87890
SMRG1_87890.1        -            831 544849at33208        -            133   1.4e-26   93.5  11.3   4   4   1.8e-08   7.7e-06   26.3   0.1     3    41   410   448   408   493 0.77 transcript=SMRG1_87890.1 gene=SMRG1_87890
SMRG1_87890.3        -            827 544849at33208        -            133   1.4e-26   93.4  11.4   1   4   2.6e-13   1.1e-10   42.0   0.3     2    47   245   287   244   290 0.93 transcript=SMRG1_87890.3 gene=SMRG1_87890
SMRG1_87890.3        -            827 544849at33208        -            133   1.4e-26   93.4  11.4   2   4   6.9e-09     3e-06   27.6   0.4     3    55   278   331   277   344 0.73 transcript=SMRG1_87890.3 gene=SMRG1_87890
SMRG1_87890.3        -            827 544849at33208        -            133   1.4e-26   93.4  11.4   3   4    0.0025       1.1    9.6   0.0     4    34   371   401   369   406 0.91 transcript=SMRG1_87890.3 gene=SMRG1_87890
SMRG1_87890.3        -            827 544849at33208        -            133   1.4e-26   93.4  11.4   4   4   1.8e-08   7.7e-06   26.3   0.1     3    41   406   444   404   489 0.77 transcript=SMRG1_87890.3 gene=SMRG1_87890
SMRG1_87890.4        -            827 544849at33208        -            133   1.4e-26   93.4  11.4   1   4   2.6e-13   1.1e-10   42.0   0.3     2    47   245   287   244   290 0.93 transcript=SMRG1_87890.4 gene=SMRG1_87890
SMRG1_87890.4        -            827 544849at33208        -            133   1.4e-26   93.4  11.4   2   4   6.9e-09     3e-06   27.6   0.4     3    55   278   331   277   344 0.73 transcript=SMRG1_87890.4 gene=SMRG1_87890
SMRG1_87890.4        -            827 544849at33208        -            133   1.4e-26   93.4  11.4   3   4    0.0025       1.1    9.6   0.0     4    34   371   401   369   406 0.91 transcript=SMRG1_87890.4 gene=SMRG1_87890
SMRG1_87890.4        -            827 544849at33208        -            133   1.4e-26   93.4  11.4   4   4   1.8e-08   7.7e-06   26.3   0.1     3    41   406   444   404   489 0.77 transcript=SMRG1_87890.4 gene=SMRG1_87890
SMRG1_29560.1        -           1425 544849at33208        -            133   7.4e-14   52.2   1.0   1   2   4.5e-14   1.9e-11   44.4   0.0     3    74  1244  1315  1242  1321 0.94 transcript=SMRG1_29560.1 gene=SMRG1_29560
SMRG1_29560.1        -           1425 544849at33208        -            133   7.4e-14   52.2   1.0   2   2     0.088        38    4.6   0.2    88   133  1353  1402  1348  1402 0.73 transcript=SMRG1_29560.1 gene=SMRG1_29560
SMRG1_9900.7         -            616 544849at33208        -            133   3.3e-13   50.2   0.3   1   2   1.4e-05     0.006   16.9   0.0     2    37   147   183   146   186 0.88 transcript=SMRG1_9900.7 gene=SMRG1_9900
SMRG1_9900.7         -            616 544849at33208        -            133   3.3e-13   50.2   0.3   2   2   9.9e-10   4.3e-07   30.3   0.0     2    35   188   221   187   248 0.92 transcript=SMRG1_9900.7 gene=SMRG1_9900
SMRG1_9900.4         -            633 544849at33208        -            133   3.3e-13   50.1   0.2   1   2   1.4e-05    0.0062   16.9   0.0     2    37   164   200   163   203 0.88 transcript=SMRG1_9900.4 gene=SMRG1_9900
SMRG1_9900.4         -            633 544849at33208        -            133   3.3e-13   50.1   0.2   2   2     1e-09   4.5e-07   30.3   0.0     2    35   205   238   204   264 0.92 transcript=SMRG1_9900.4 gene=SMRG1_9900
SMRG1_9900.5         -            633 544849at33208        -            133   3.3e-13   50.1   0.2   1   2   1.4e-05    0.0062   16.9   0.0     2    37   164   200   163   203 0.88 transcript=SMRG1_9900.5 gene=SMRG1_9900
SMRG1_9900.5         -            633 544849at33208        -            133   3.3e-13   50.1   0.2   2   2     1e-09   4.5e-07   30.3   0.0     2    35   205   238   204   264 0.92 transcript=SMRG1_9900.5 gene=SMRG1_9900
SMRG1_9900.6         -            633 544849at33208        -            133   3.3e-13   50.1   0.2   1   2   1.4e-05    0.0062   16.9   0.0     2    37   164   200   163   203 0.88 transcript=SMRG1_9900.6 gene=SMRG1_9900
SMRG1_9900.6         -            633 544849at33208        -            133   3.3e-13   50.1   0.2   2   2     1e-09   4.5e-07   30.3   0.0     2    35   205   238   204   264 0.92 transcript=SMRG1_9900.6 gene=SMRG1_9900
SMRG1_9900.2         -            736 544849at33208        -            133     5e-13   49.6   0.2   1   2   1.7e-05    0.0075   16.6   0.0     2    37   267   303   266   306 0.88 transcript=SMRG1_9900.2 gene=SMRG1_9900
SMRG1_9900.2         -            736 544849at33208        -            133     5e-13   49.6   0.2   2   2   1.2e-09   5.4e-07   30.0   0.0     2    35   308   341   307   366 0.92 transcript=SMRG1_9900.2 gene=SMRG1_9900
SMRG1_9900.1         -            766 544849at33208        -            133   5.6e-13   49.4   0.2   1   2   1.8e-05    0.0078   16.6   0.0     2    37   297   333   296   336 0.88 transcript=SMRG1_9900.1 gene=SMRG1_9900
SMRG1_9900.1         -            766 544849at33208        -            133   5.6e-13   49.4   0.2   2   2   1.3e-09   5.6e-07   30.0   0.0     2    35   338   371   337   396 0.92 transcript=SMRG1_9900.1 gene=SMRG1_9900
SMRG1_29560.2        -           1299 544849at33208        -            133     5e-09   36.6   0.0   1   1   5.8e-11   2.5e-08   34.3   0.0     3    57  1244  1298  1242  1299 0.96 transcript=SMRG1_29560.2 gene=SMRG1_29560
SMRG1_9900.3         -            432 544849at33208        -            133     1e-07   32.4   0.1   1   1   6.2e-10   2.7e-07   31.0   0.0     2    35     4    37     3    66 0.92 transcript=SMRG1_9900.3 gene=SMRG1_9900
SMRG1_45630.1        -            154 544849at33208        -            133   1.3e-06   28.8   0.4   1   1   4.7e-09     2e-06   28.2   0.3     3    41     5    44     3    80 0.81 transcript=SMRG1_45630.1 gene=SMRG1_45630
SMRG1_79230.1        -            804 544849at33208        -            133   0.00021   21.7   3.8   1   1   1.7e-06   0.00075   19.9   3.8     4    75    42   119    39   125 0.82 transcript=SMRG1_79230.1 gene=SMRG1_79230
SMRG1_79230.2        -            804 544849at33208        -            133   0.00021   21.7   3.8   1   1   1.7e-06   0.00075   19.9   3.8     4    75    42   119    39   125 0.82 transcript=SMRG1_79230.2 gene=SMRG1_79230
SMRG1_69980.2        -           1553 544849at33208        -            133   0.00025   21.4   0.0   1   1   2.2e-06   0.00093   19.6   0.0    37    71   493   527   474   534 0.87 transcript=SMRG1_69980.2 gene=SMRG1_69980
SMRG1_69980.1        -           1507 544849at33208        -            133   0.00026   21.3   0.0   1   1   2.1e-06    0.0009   19.6   0.0    37    71   493   527   474   534 0.87 transcript=SMRG1_69980.1 gene=SMRG1_69980
SMRG1_69980.3        -           1507 544849at33208        -            133   0.00026   21.3   0.0   1   1   2.1e-06    0.0009   19.6   0.0    37    71   493   527   474   534 0.87 transcript=SMRG1_69980.3 gene=SMRG1_69980
SMRG1_96630.1        -            333 544849at33208        -            133   0.00063   20.1   0.0   1   2   1.4e-06   0.00063   20.1   0.0     4    70     5    70     2    81 0.69 transcript=SMRG1_96630.1 gene=SMRG1_96630
SMRG1_96630.1        -            333 544849at33208        -            133   0.00063   20.1   0.0   2   2       6.2   2.7e+03   -1.3   1.6    37    76   104   144    89   150 0.70 transcript=SMRG1_96630.1 gene=SMRG1_96630
SMRG1_57630.1        -            318 544849at33208        -            133    0.0012   19.2   0.4   1   2   2.8e-06    0.0012   19.2   0.4     2    34     7    40     6    49 0.89 transcript=SMRG1_57630.1 gene=SMRG1_57630
SMRG1_57630.1        -            318 544849at33208        -            133    0.0012   19.2   0.4   2   2       3.9   1.7e+03   -0.7   0.3    26    69   127   168   117   181 0.63 transcript=SMRG1_57630.1 gene=SMRG1_57630
SMRG1_9120.1         -           1080 544849at33208        -            133     0.012   16.0   0.2   1   1   9.6e-05     0.042   14.2   0.2     4    56   934   986   931  1005 0.85 transcript=SMRG1_9120.1 gene=SMRG1_9120
SMRG1_20140.1        -            152 544849at33208        -            133     0.012   15.9   0.3   1   1   3.8e-05     0.016   15.5   0.3    39    80     3    45     1    95 0.77 transcript=SMRG1_20140.1 gene=SMRG1_20140
SMRG1_20140.2        -            152 544849at33208        -            133     0.012   15.9   0.3   1   1   3.8e-05     0.016   15.5   0.3    39    80     3    45     1    95 0.77 transcript=SMRG1_20140.2 gene=SMRG1_20140
SMRG1_20140.3        -            152 544849at33208        -            133     0.012   15.9   0.3   1   1   3.8e-05     0.016   15.5   0.3    39    80     3    45     1    95 0.77 transcript=SMRG1_20140.3 gene=SMRG1_20140
SMRG1_9120.4         -           1726 544849at33208        -            133     0.015   15.7   0.2   1   1   0.00017     0.073   13.4   0.2     4    56  1580  1632  1577  1650 0.85 transcript=SMRG1_9120.4 gene=SMRG1_9120
SMRG1_9120.2         -           1727 544849at33208        -            133     0.015   15.7   0.2   1   1   0.00017     0.073   13.4   0.2     4    56  1581  1633  1578  1651 0.85 transcript=SMRG1_9120.2 gene=SMRG1_9120
SMRG1_5490.6         -            391 544849at33208        -            133     0.015   15.6   0.0   1   2    0.0022      0.95    9.8   0.1    31    71     6    45     3    56 0.82 transcript=SMRG1_5490.6 gene=SMRG1_5490
SMRG1_5490.6         -            391 544849at33208        -            133     0.015   15.6   0.0   2   2      0.33   1.4e+02    2.8   0.0    40    71    55    86    51    95 0.78 transcript=SMRG1_5490.6 gene=SMRG1_5490
SMRG1_5490.3         -            426 544849at33208        -            133     0.016   15.6   0.0   1   2    0.0029       1.3    9.4   0.1    31    70     6    44     3    53 0.82 transcript=SMRG1_5490.3 gene=SMRG1_5490
SMRG1_5490.3         -            426 544849at33208        -            133     0.016   15.6   0.0   2   2      0.35   1.5e+02    2.7   0.0    40    71    55    86    47    93 0.79 transcript=SMRG1_5490.3 gene=SMRG1_5490
SMRG1_9120.3         -           1309 544849at33208        -            133     0.016   15.5   0.2   1   1   0.00012     0.053   13.9   0.2     4    56  1163  1215  1160  1233 0.85 transcript=SMRG1_9120.3 gene=SMRG1_9120
SMRG1_5490.2         -            490 544849at33208        -            133     0.021   15.2   0.0   1   2    0.0033       1.4    9.2   0.1    31    70     6    44     3    54 0.82 transcript=SMRG1_5490.2 gene=SMRG1_5490
SMRG1_5490.2         -            490 544849at33208        -            133     0.021   15.2   0.0   2   2      0.37   1.6e+02    2.6   0.0    40    71    55    86    47   100 0.78 transcript=SMRG1_5490.2 gene=SMRG1_5490
SMRG1_5490.5         -            539 544849at33208        -            133     0.027   14.8   0.0   1   2    0.0043       1.9    8.9   0.1    31    70     6    44     3    50 0.82 transcript=SMRG1_5490.5 gene=SMRG1_5490
SMRG1_5490.5         -            539 544849at33208        -            133     0.027   14.8   0.0   2   2      0.46     2e+02    2.3   0.0    40    71    55    86    48    95 0.78 transcript=SMRG1_5490.5 gene=SMRG1_5490
SMRG1_5490.1         -            542 544849at33208        -            133     0.028   14.8   0.0   1   2    0.0044       1.9    8.8   0.1    31    70     6    44     3    50 0.82 transcript=SMRG1_5490.1 gene=SMRG1_5490
SMRG1_5490.1         -            542 544849at33208        -            133     0.028   14.8   0.0   2   2      0.47     2e+02    2.3   0.0    40    71    55    86    48    95 0.78 transcript=SMRG1_5490.1 gene=SMRG1_5490
SMRG1_5490.4         -            542 544849at33208        -            133     0.028   14.8   0.0   1   2    0.0044       1.9    8.8   0.1    31    70     6    44     3    50 0.82 transcript=SMRG1_5490.4 gene=SMRG1_5490
SMRG1_5490.4         -            542 544849at33208        -            133     0.028   14.8   0.0   2   2      0.47     2e+02    2.3   0.0    40    71    55    86    48    95 0.78 transcript=SMRG1_5490.4 gene=SMRG1_5490
SMRG1_15460.2        -           1157 544849at33208        -            133       2.4    8.5   5.6   1   3       2.4     1e+03    0.0   0.0    46   102   114   173    85   198 0.63 transcript=SMRG1_15460.2 gene=SMRG1_15460
SMRG1_15460.2        -           1157 544849at33208        -            133       2.4    8.5   5.6   2   3     0.015       6.5    7.1   0.8     6    37   951   982   946   995 0.79 transcript=SMRG1_15460.2 gene=SMRG1_15460
SMRG1_15460.2        -           1157 544849at33208        -            133       2.4    8.5   5.6   3   3       2.9   1.2e+03   -0.3   0.0    26    61  1006  1041   993  1067 0.79 transcript=SMRG1_15460.2 gene=SMRG1_15460
SMRG1_15460.5        -           1136 544849at33208        -            133       2.4    8.5   5.5   1   3       2.3     1e+03    0.0   0.0    46   102   114   173    85   198 0.63 transcript=SMRG1_15460.5 gene=SMRG1_15460
SMRG1_15460.5        -           1136 544849at33208        -            133       2.4    8.5   5.5   2   3     0.015       6.3    7.1   0.9     6    38   952   984   947  1003 0.80 transcript=SMRG1_15460.5 gene=SMRG1_15460
SMRG1_15460.5        -           1136 544849at33208        -            133       2.4    8.5   5.5   3   3       2.8   1.2e+03   -0.2   0.0    26    61  1007  1042   994  1068 0.79 transcript=SMRG1_15460.5 gene=SMRG1_15460
SMRG1_15460.3        -           1122 544849at33208        -            133       2.6    8.4   5.5   1   3       2.3   9.8e+02    0.1   0.0    46   102   114   173    85   198 0.63 transcript=SMRG1_15460.3 gene=SMRG1_15460
SMRG1_15460.3        -           1122 544849at33208        -            133       2.6    8.4   5.5   2   3     0.014       6.3    7.2   0.9     6    38   938   970   933   989 0.80 transcript=SMRG1_15460.3 gene=SMRG1_15460
SMRG1_15460.3        -           1122 544849at33208        -            133       2.6    8.4   5.5   3   3       2.8   1.2e+03   -0.2   0.0    26    61   993  1028   980  1054 0.79 transcript=SMRG1_15460.3 gene=SMRG1_15460
SMRG1_15460.4        -           1158 544849at33208        -            133       2.7    8.4   5.6   1   3       2.4     1e+03    0.0   0.0    46   102   114   173    85   198 0.63 transcript=SMRG1_15460.4 gene=SMRG1_15460
SMRG1_15460.4        -           1158 544849at33208        -            133       2.7    8.4   5.6   2   3     0.015       6.5    7.1   0.8     6    37   952   983   947   996 0.79 transcript=SMRG1_15460.4 gene=SMRG1_15460
SMRG1_15460.4        -           1158 544849at33208        -            133       2.7    8.4   5.6   3   3       2.9   1.2e+03   -0.3   0.0    26    61  1007  1042   994  1068 0.79 transcript=SMRG1_15460.4 gene=SMRG1_15460
SMRG1_15460.1        -           1144 544849at33208        -            133       2.9    8.3   5.5   1   3       2.3     1e+03    0.0   0.0    46   102   114   173    85   198 0.63 transcript=SMRG1_15460.1 gene=SMRG1_15460
SMRG1_15460.1        -           1144 544849at33208        -            133       2.9    8.3   5.5   2   3     0.015       6.4    7.1   0.9     6    38   938   970   933   989 0.80 transcript=SMRG1_15460.1 gene=SMRG1_15460
SMRG1_15460.1        -           1144 544849at33208        -            133       2.9    8.3   5.5   3   3       2.8   1.2e+03   -0.3   0.0    26    61   993  1028   980  1054 0.79 transcript=SMRG1_15460.1 gene=SMRG1_15460
#
# Program:         hmmsearch
# Version:         3.4 (Aug 2023)
# Pipeline mode:   SEARCH
# Query file:      /users/40483456/busco_datasets/busco_downloads/lineages/metazoa_odb10/hmms/544849at33208.hmm
# Target file:     /users/40483456/protein/schistosoma_margrebowiei.fa
# Option settings: hmmsearch --domtblout /users/40483456/busco/results_pro/schistosoma_margrebowiei_busco/run_metazoa_odb10/hmmer_output/initial_run_results/544849at33208.out --cpu 1 /users/40483456/busco_datasets/busco_downloads/lineages/metazoa_odb10/hmms/544849at33208.hmm /users/40483456/protein/schistosoma_margrebowiei.fa 
# Current dir:     /users/40483456
# Date:            Thu Jan 15 17:55:27 2026
# [ok]
