#                                                                            --- full sequence --- -------------- this domain -------------   hmm coord   ali coord   env coord
# target name        accession   tlen query name           accession   qlen   E-value  score  bias   #  of  c-Evalue  i-Evalue  score  bias  from    to  from    to  from    to  acc description of target
#------------------- ---------- ----- -------------------- ---------- ----- --------- ------ ----- --- --- --------- --------- ------ ----- ----- ----- ----- ----- ----- ----- ---- ---------------------
SMRG1_82850.1        -            217 552764at33208        -            179   5.1e-42  143.7   2.3   1   1   3.4e-44   6.2e-42  143.4   2.3     4   167    10   176     7   186 0.93 transcript=SMRG1_82850.1 gene=SMRG1_82850
SMRG1_43640.1        -            211 552764at33208        -            179   7.4e-41  139.9   0.8   1   1   5.4e-43   9.8e-41  139.5   0.8     7   174    12   182     8   186 0.92 transcript=SMRG1_43640.1 gene=SMRG1_43640
SMRG1_41300.1        -            199 552764at33208        -            179   1.9e-40  138.5   0.3   1   1   1.3e-42   2.3e-40  138.3   0.3     5   169     4   171     1   179 0.93 transcript=SMRG1_41300.1 gene=SMRG1_41300
SMRG1_27510.2        -            203 552764at33208        -            179   8.3e-40  136.5   0.1   1   1   5.7e-42     1e-39  136.1   0.1    10   171    11   175     5   182 0.94 transcript=SMRG1_27510.2 gene=SMRG1_27510
SMRG1_27510.1        -            205 552764at33208        -            179   8.3e-40  136.5   0.1   1   1   5.9e-42   1.1e-39  136.1   0.1    10   171    11   175     5   182 0.94 transcript=SMRG1_27510.1 gene=SMRG1_27510
SMRG1_27510.3        -            205 552764at33208        -            179   8.3e-40  136.5   0.1   1   1   5.9e-42   1.1e-39  136.1   0.1    10   171    11   175     5   182 0.94 transcript=SMRG1_27510.3 gene=SMRG1_27510
SMRG1_97110.1        -            238 552764at33208        -            179   1.6e-37  129.0   0.0   1   1   1.1e-39   2.1e-37  128.7   0.0     4   168    31   198    28   206 0.93 transcript=SMRG1_97110.1 gene=SMRG1_97110
SMRG1_52930.1        -            205 552764at33208        -            179   2.7e-36  125.0   0.2   1   1   1.7e-38   3.2e-36  124.8   0.2     3   171     3   174     1   182 0.90 transcript=SMRG1_52930.1 gene=SMRG1_52930
SMRG1_59780.1        -            214 552764at33208        -            179   2.8e-36  124.9   2.4   1   1   1.9e-38   3.5e-36  124.7   2.4     4   177    10   186     6   189 0.91 transcript=SMRG1_59780.1 gene=SMRG1_59780
SMRG1_4520.1         -            223 552764at33208        -            179     3e-36  124.9   0.1   1   1   2.3e-38   4.1e-36  124.4   0.1    10   167     7   167     2   173 0.92 transcript=SMRG1_4520.1 gene=SMRG1_4520
SMRG1_18630.1        -            225 552764at33208        -            179   3.2e-36  124.8   0.1   1   1   2.2e-38   4.1e-36  124.4   0.1     9   169    12   175     7   182 0.93 transcript=SMRG1_18630.1 gene=SMRG1_18630
SMRG1_37740.1        -            205 552764at33208        -            179   3.3e-36  124.7   0.2   1   1   2.2e-38   4.1e-36  124.4   0.2     7   169     6   175     2   184 0.89 transcript=SMRG1_37740.1 gene=SMRG1_37740
SMRG1_94400.1        -            213 552764at33208        -            179   3.8e-36  124.5   0.2   1   1   2.7e-38     5e-36  124.1   0.2     4   171     6   176     2   183 0.91 transcript=SMRG1_94400.1 gene=SMRG1_94400
SMRG1_58860.1        -            215 552764at33208        -            179   4.2e-36  124.4   0.1   1   1   2.7e-38     5e-36  124.1   0.1     8   168     6   171     1   181 0.84 transcript=SMRG1_58860.1 gene=SMRG1_58860
SMRG1_97120.1        -            237 552764at33208        -            179   4.5e-36  124.3   0.0   1   1   3.2e-38   5.9e-36  123.9   0.0     4   167    31   197    28   205 0.92 transcript=SMRG1_97120.1 gene=SMRG1_97120
SMRG1_43040.1        -            198 552764at33208        -            179   3.3e-34  118.2   0.0   1   1   2.2e-36   4.1e-34  117.9   0.0     9   171     6   173     2   179 0.91 transcript=SMRG1_43040.1 gene=SMRG1_43040
SMRG1_56000.1        -            183 552764at33208        -            179     4e-34  118.0   0.6   1   1   2.7e-36     5e-34  117.6   0.6    10   175     4   172     2   178 0.91 transcript=SMRG1_56000.1 gene=SMRG1_56000
SMRG1_76290.2        -            659 552764at33208        -            179   4.8e-34  117.7   1.5   1   2       9.4   1.7e+03   -1.4   1.0    94   158   152   193   127   241 0.53 transcript=SMRG1_76290.2 gene=SMRG1_76290
SMRG1_76290.2        -            659 552764at33208        -            179   4.8e-34  117.7   1.5   2   2   2.6e-36   4.8e-34  117.7   1.5     8   168   467   633   463   643 0.89 transcript=SMRG1_76290.2 gene=SMRG1_76290
SMRG1_76290.1        -            673 552764at33208        -            179   4.9e-34  117.6   1.5   1   2       9.8   1.8e+03   -1.5   1.0    94   158   152   193   127   242 0.53 transcript=SMRG1_76290.1 gene=SMRG1_76290
SMRG1_76290.1        -            673 552764at33208        -            179   4.9e-34  117.6   1.5   2   2   2.7e-36   4.9e-34  117.6   1.5     8   168   481   647   477   657 0.89 transcript=SMRG1_76290.1 gene=SMRG1_76290
SMRG1_16140.1        -            213 552764at33208        -            179   5.7e-34  117.4   0.1   1   1     4e-36   7.4e-34  117.1   0.1    10   166     7   166     2   174 0.92 transcript=SMRG1_16140.1 gene=SMRG1_16140
SMRG1_21620.1        -            205 552764at33208        -            179   1.3e-33  116.3   1.2   1   1   8.5e-36   1.5e-33  116.0   1.2     8   175    12   182     5   186 0.89 transcript=SMRG1_21620.1 gene=SMRG1_21620
SMRG1_83980.1        -            224 552764at33208        -            179   2.7e-33  115.2   0.3   1   1     2e-35   3.7e-33  114.8   0.3     9   167     8   172     4   181 0.90 transcript=SMRG1_83980.1 gene=SMRG1_83980
SMRG1_26010.1        -            216 552764at33208        -            179   7.7e-33  113.8   0.0   1   1   5.2e-35   9.4e-33  113.5   0.0     6   167     6   167     1   173 0.96 transcript=SMRG1_26010.1 gene=SMRG1_26010
SMRG1_37090.1        -            211 552764at33208        -            179     3e-32  111.8   0.0   1   1     2e-34   3.7e-32  111.5   0.0     4   170     6   176     3   186 0.89 transcript=SMRG1_37090.1 gene=SMRG1_37090
SMRG1_37090.2        -            211 552764at33208        -            179     3e-32  111.8   0.0   1   1     2e-34   3.7e-32  111.5   0.0     4   170     6   176     3   186 0.89 transcript=SMRG1_37090.2 gene=SMRG1_37090
SMRG1_37090.3        -            211 552764at33208        -            179     3e-32  111.8   0.0   1   1     2e-34   3.7e-32  111.5   0.0     4   170     6   176     3   186 0.89 transcript=SMRG1_37090.3 gene=SMRG1_37090
SMRG1_70690.1        -            212 552764at33208        -            179   6.8e-32  110.7   0.1   1   1   4.8e-34   8.7e-32  110.3   0.1     6   174    17   188    13   193 0.93 transcript=SMRG1_70690.1 gene=SMRG1_70690
SMRG1_30410.1        -            184 552764at33208        -            179   2.2e-31  109.0   0.1   1   1   1.5e-33   2.8e-31  108.7   0.1    10   171     4   168     2   177 0.92 transcript=SMRG1_30410.1 gene=SMRG1_30410
SMRG1_59430.1        -            184 552764at33208        -            179   2.4e-31  108.9   0.8   1   1   1.6e-33   2.8e-31  108.7   0.8    10   176     4   172     1   176 0.92 transcript=SMRG1_59430.1 gene=SMRG1_59430
SMRG1_70690.2        -            199 552764at33208        -            179   2.6e-31  108.8   0.1   1   1   1.8e-33   3.4e-31  108.4   0.1     6   170    17   184    13   190 0.92 transcript=SMRG1_70690.2 gene=SMRG1_70690
SMRG1_52930.3        -            151 552764at33208        -            179   3.2e-31  108.5   0.4   1   1   1.9e-33   3.6e-31  108.3   0.4     3   136     3   137     1   149 0.91 transcript=SMRG1_52930.3 gene=SMRG1_52930
SMRG1_80000.1        -            258 552764at33208        -            179   4.2e-31  108.1   0.0   1   1   4.1e-33   7.5e-31  107.3   0.0     7   168    42   207    37   215 0.90 transcript=SMRG1_80000.1 gene=SMRG1_80000
SMRG1_62590.3        -            729 552764at33208        -            179   6.5e-31  107.5   0.7   1   2   2.8e-31     5e-29  101.3   0.1    10   135   509   636   504   646 0.92 transcript=SMRG1_62590.3 gene=SMRG1_62590
SMRG1_62590.3        -            729 552764at33208        -            179   6.5e-31  107.5   0.7   2   2       0.3        54    3.5   0.1   131   167   655   691   644   701 0.82 transcript=SMRG1_62590.3 gene=SMRG1_62590
SMRG1_90390.1        -            291 552764at33208        -            179   6.7e-31  107.4   0.3   1   1   5.9e-33   1.1e-30  106.8   0.3     4   169    70   240    68   248 0.89 transcript=SMRG1_90390.1 gene=SMRG1_90390
SMRG1_62590.1        -            753 552764at33208        -            179   7.1e-31  107.4   0.7   1   2   2.9e-31   5.3e-29  101.3   0.1    10   135   533   660   528   670 0.92 transcript=SMRG1_62590.1 gene=SMRG1_62590
SMRG1_62590.1        -            753 552764at33208        -            179   7.1e-31  107.4   0.7   2   2      0.31        56    3.4   0.1   131   167   679   715   668   725 0.82 transcript=SMRG1_62590.1 gene=SMRG1_62590
SMRG1_62590.2        -            753 552764at33208        -            179   7.1e-31  107.4   0.7   1   2   2.9e-31   5.3e-29  101.3   0.1    10   135   533   660   528   670 0.92 transcript=SMRG1_62590.2 gene=SMRG1_62590
SMRG1_62590.2        -            753 552764at33208        -            179   7.1e-31  107.4   0.7   2   2      0.31        56    3.4   0.1   131   167   679   715   668   725 0.82 transcript=SMRG1_62590.2 gene=SMRG1_62590
SMRG1_70680.1        -            203 552764at33208        -            179   4.4e-30  104.8   0.0   1   1   2.9e-32   5.3e-30  104.5   0.0     6   169     5   171     1   179 0.93 transcript=SMRG1_70680.1 gene=SMRG1_70680
SMRG1_70680.2        -            203 552764at33208        -            179   4.4e-30  104.8   0.0   1   1   2.9e-32   5.3e-30  104.5   0.0     6   169     5   171     1   179 0.93 transcript=SMRG1_70680.2 gene=SMRG1_70680
SMRG1_72950.1        -            194 552764at33208        -            179   1.1e-29  103.5   0.4   1   1   7.6e-32   1.4e-29  103.2   0.4    12   175    10   176     5   180 0.91 transcript=SMRG1_72950.1 gene=SMRG1_72950
SMRG1_14320.2        -            283 552764at33208        -            179   1.6e-27   96.5   0.0   1   1   1.4e-29   2.5e-27   95.8   0.0    10   166     8   169     3   180 0.90 transcript=SMRG1_14320.2 gene=SMRG1_14320
SMRG1_66650.1        -            193 552764at33208        -            179   1.7e-27   96.3   0.1   1   1   1.2e-29   2.2e-27   96.0   0.1    10   146    16   155    12   178 0.90 transcript=SMRG1_66650.1 gene=SMRG1_66650
SMRG1_66650.2        -            193 552764at33208        -            179   1.7e-27   96.3   0.1   1   1   1.2e-29   2.2e-27   96.0   0.1    10   146    16   155    12   178 0.90 transcript=SMRG1_66650.2 gene=SMRG1_66650
SMRG1_66650.3        -            193 552764at33208        -            179   1.7e-27   96.3   0.1   1   1   1.2e-29   2.2e-27   96.0   0.1    10   146    16   155    12   178 0.90 transcript=SMRG1_66650.3 gene=SMRG1_66650
SMRG1_31280.1        -            192 552764at33208        -            179     2e-26   92.9   0.0   1   1   7.4e-28   1.4e-25   90.2   0.0    10   175     7   187     2   190 0.79 transcript=SMRG1_31280.1 gene=SMRG1_31280
SMRG1_90390.2        -            207 552764at33208        -            179   2.4e-26   92.6   0.5   1   1   1.8e-28   3.3e-26   92.1   0.5     4   132    70   200    68   205 0.91 transcript=SMRG1_90390.2 gene=SMRG1_90390
SMRG1_30740.1        -            186 552764at33208        -            179   1.6e-24   86.7   0.0   1   1     1e-26   1.8e-24   86.5   0.0    10   175     5   180     1   183 0.89 transcript=SMRG1_30740.1 gene=SMRG1_30740
SMRG1_31260.1        -            193 552764at33208        -            179   3.6e-24   85.5   0.0   1   1   5.1e-26   9.3e-24   84.2   0.0     8   165     5   163     1   190 0.88 transcript=SMRG1_31260.1 gene=SMRG1_31260
SMRG1_31250.1        -            193 552764at33208        -            179   1.3e-23   83.7   0.0   1   1   5.9e-25   1.1e-22   80.7   0.0     8   161     5   173     1   190 0.75 transcript=SMRG1_31250.1 gene=SMRG1_31250
SMRG1_31250.3        -            193 552764at33208        -            179   1.3e-23   83.7   0.0   1   1   5.9e-25   1.1e-22   80.7   0.0     8   161     5   173     1   190 0.75 transcript=SMRG1_31250.3 gene=SMRG1_31250
SMRG1_97510.1        -            226 552764at33208        -            179   1.8e-23   83.3   0.0   1   1   1.5e-25   2.7e-23   82.6   0.0     4   168    15   193    13   204 0.83 transcript=SMRG1_97510.1 gene=SMRG1_97510
SMRG1_65310.1        -            851 552764at33208        -            179   6.8e-23   81.4   0.3   1   1   1.2e-24   2.2e-22   79.7   0.3    10   166   658   820   650   830 0.88 transcript=SMRG1_65310.1 gene=SMRG1_65310
SMRG1_41440.1        -            192 552764at33208        -            179   1.1e-22   80.6   0.0   1   1   1.8e-24   3.3e-22   79.1   0.0     9   131     5   127     2   189 0.81 transcript=SMRG1_41440.1 gene=SMRG1_41440
SMRG1_31250.2        -            173 552764at33208        -            179   2.4e-22   79.5   0.0   1   1   1.5e-24   2.7e-22   79.4   0.0     8   145     5   142     1   161 0.88 transcript=SMRG1_31250.2 gene=SMRG1_31250
SMRG1_94170.1        -            188 552764at33208        -            179   3.8e-22   78.9   0.0   1   1   2.8e-24   5.2e-22   78.5   0.0     9   165     3   170     1   184 0.79 transcript=SMRG1_94170.1 gene=SMRG1_94170
SMRG1_52930.2        -            146 552764at33208        -            179   4.8e-22   78.6   0.1   1   1   3.1e-24   5.7e-22   78.3   0.1    61   172     2   116     1   123 0.87 transcript=SMRG1_52930.2 gene=SMRG1_52930
SMRG1_82870.1        -            186 552764at33208        -            179   5.4e-22   78.4   0.0   1   1   3.7e-24   6.7e-22   78.1   0.0    11   171     8   175     2   182 0.88 transcript=SMRG1_82870.1 gene=SMRG1_82870
SMRG1_94160.1        -            188 552764at33208        -            179   1.3e-21   77.2   0.0   1   1   9.1e-24   1.7e-21   76.8   0.0     9   168     3   173     1   184 0.80 transcript=SMRG1_94160.1 gene=SMRG1_94160
SMRG1_82870.2        -            197 552764at33208        -            179   2.3e-21   76.4   0.0   1   1   1.6e-23   2.9e-21   76.0   0.0    15   171    23   186    14   193 0.87 transcript=SMRG1_82870.2 gene=SMRG1_82870
SMRG1_52570.1        -            209 552764at33208        -            179   3.4e-21   75.8   0.0   1   1   1.2e-22   2.2e-20   73.2   0.0     8   140    22   155    16   207 0.80 transcript=SMRG1_52570.1 gene=SMRG1_52570
SMRG1_30260.1        -            242 552764at33208        -            179   4.2e-20   72.3   0.3   1   2     3e-21   5.4e-19   68.7   0.0     7   161     3   154     1   195 0.79 transcript=SMRG1_30260.1 gene=SMRG1_30260
SMRG1_30260.1        -            242 552764at33208        -            179   4.2e-20   72.3   0.3   2   2       8.7   1.6e+03   -1.3   0.1    15    32   208   225   206   232 0.85 transcript=SMRG1_30260.1 gene=SMRG1_30260
SMRG1_14320.1        -            256 552764at33208        -            179   1.1e-18   67.6   0.0   1   1   9.8e-21   1.8e-18   67.0   0.0    43   166    13   142     3   153 0.88 transcript=SMRG1_14320.1 gene=SMRG1_14320
SMRG1_53950.1        -            195 552764at33208        -            179   1.5e-18   67.2   0.0   1   1   1.1e-20     2e-18   66.8   0.0     9   129     7   127     2   176 0.92 transcript=SMRG1_53950.1 gene=SMRG1_53950
SMRG1_59430.2        -            159 552764at33208        -            179   8.1e-18   64.8   0.1   1   1   1.1e-18   2.1e-16   60.2   0.1    53   167     3   132     1   141 0.81 transcript=SMRG1_59430.2 gene=SMRG1_59430
SMRG1_82870.5        -            194 552764at33208        -            179     2e-17   63.6   0.0   1   1   1.3e-19   2.3e-17   63.3   0.0    11   151     8   155     2   181 0.87 transcript=SMRG1_82870.5 gene=SMRG1_82870
SMRG1_7750.1         -            294 552764at33208        -            179   1.3e-16   60.9   0.1   1   1   8.9e-19   1.6e-16   60.6   0.1    10   167     9   179     1   187 0.85 transcript=SMRG1_7750.1 gene=SMRG1_7750
SMRG1_77760.1        -            199 552764at33208        -            179   1.9e-13   50.6   0.1   1   1   1.3e-15   2.4e-13   50.2   0.1    10   133     7   132     2   177 0.81 transcript=SMRG1_77760.1 gene=SMRG1_77760
SMRG1_82870.4        -            105 552764at33208        -            179   1.7e-11   44.2   0.0   1   1   1.2e-13   2.1e-11   43.9   0.0    85   172     5    95     2   101 0.87 transcript=SMRG1_82870.4 gene=SMRG1_82870
SMRG1_6270.1         -            365 552764at33208        -            179   1.3e-10   41.4   0.0   1   1   1.8e-12   3.3e-10   40.0   0.0     9    97    51   138    45   159 0.87 transcript=SMRG1_6270.1 gene=SMRG1_6270
SMRG1_50170.1        -            496 552764at33208        -            179   1.7e-10   40.9   2.1   1   3       0.3        55    3.5   0.8    98   161    60   123    47   139 0.83 transcript=SMRG1_50170.1 gene=SMRG1_50170
SMRG1_50170.1        -            496 552764at33208        -            179   1.7e-10   40.9   2.1   2   3   1.4e-10   2.5e-08   33.9   0.0    63   130   318   385   248   401 0.72 transcript=SMRG1_50170.1 gene=SMRG1_50170
SMRG1_50170.1        -            496 552764at33208        -            179   1.7e-10   40.9   2.1   3   3       3.7   6.8e+02   -0.1   0.0   143   165   445   467   429   479 0.72 transcript=SMRG1_50170.1 gene=SMRG1_50170
SMRG1_33710.1        -            336 552764at33208        -            179   1.8e-10   40.9   0.0   1   1   1.7e-12     3e-10   40.1   0.0     3   104    30   130    28   145 0.90 transcript=SMRG1_33710.1 gene=SMRG1_33710
SMRG1_82870.3        -            156 552764at33208        -            179   3.2e-10   40.1   0.0   1   1   2.7e-12   4.9e-10   39.5   0.0    55   150     7   105     2   118 0.89 transcript=SMRG1_82870.3 gene=SMRG1_82870
SMRG1_6700.4         -            202 552764at33208        -            179   2.3e-08   34.0   0.0   1   1   1.6e-10   2.9e-08   33.7   0.0    12   167    20   187    15   198 0.69 transcript=SMRG1_6700.4 gene=SMRG1_6700
SMRG1_6700.1         -            185 552764at33208        -            179   5.2e-08   32.9   0.0   1   1   3.3e-10     6e-08   32.7   0.0    54   167    48   170    12   181 0.79 transcript=SMRG1_6700.1 gene=SMRG1_6700
SMRG1_6700.2         -            185 552764at33208        -            179   5.2e-08   32.9   0.0   1   1   3.3e-10     6e-08   32.7   0.0    54   167    48   170    12   181 0.79 transcript=SMRG1_6700.2 gene=SMRG1_6700
SMRG1_6700.3         -            196 552764at33208        -            179   9.3e-08   32.0   0.0   1   1   5.9e-10   1.1e-07   31.8   0.0    12   136    20   149    15   190 0.75 transcript=SMRG1_6700.3 gene=SMRG1_6700
SMRG1_43990.1        -            457 552764at33208        -            179   1.1e-07   31.8   0.4   1   2   6.1e-06    0.0011   18.8   0.1     9   103    14   105     8   118 0.86 transcript=SMRG1_43990.1 gene=SMRG1_43990
SMRG1_43990.1        -            457 552764at33208        -            179   1.1e-07   31.8   0.4   2   2    0.0013      0.25   11.1   0.0    87   169   152   240   141   250 0.71 transcript=SMRG1_43990.1 gene=SMRG1_43990
SMRG1_67620.1        -            176 552764at33208        -            179   2.8e-07   30.5   0.0   1   1     2e-09   3.7e-07   30.1   0.0    11   129    15   130    11   157 0.71 transcript=SMRG1_67620.1 gene=SMRG1_67620
SMRG1_57310.1        -            181 552764at33208        -            179   2.8e-07   30.5   0.0   1   1   2.3e-09   4.2e-07   29.9   0.0    10   142    18   144    14   152 0.74 transcript=SMRG1_57310.1 gene=SMRG1_57310
SMRG1_62220.1        -            213 552764at33208        -            179   1.7e-06   27.9   0.0   1   1   1.3e-08   2.4e-06   27.4   0.0     9   109    30   136    23   174 0.84 transcript=SMRG1_62220.1 gene=SMRG1_62220
SMRG1_62220.3        -            214 552764at33208        -            179   1.8e-06   27.9   0.0   1   1   1.4e-08   2.5e-06   27.4   0.0     9   109    30   136    23   174 0.84 transcript=SMRG1_62220.3 gene=SMRG1_62220
SMRG1_90810.1        -            629 552764at33208        -            179   4.3e-06   26.6   0.3   1   1   4.4e-08     8e-06   25.7   0.3    10   172     5   173     1   178 0.81 transcript=SMRG1_90810.1 gene=SMRG1_90810
SMRG1_92440.1        -            582 552764at33208        -            179   7.7e-06   25.8   0.7   1   1     7e-08   1.3e-05   25.1   0.7    10   160   355   512   351   532 0.78 transcript=SMRG1_92440.1 gene=SMRG1_92440
SMRG1_52140.1        -            137 552764at33208        -            179   8.1e-06   25.7   0.0   1   1   5.1e-08   9.4e-06   25.5   0.0    53   166    12   132     4   137 0.77 transcript=SMRG1_52140.1 gene=SMRG1_52140
SMRG1_62220.2        -            223 552764at33208        -            179   8.3e-06   25.7   0.0   1   1   7.5e-08   1.4e-05   25.0   0.0     9   104    30   131    24   140 0.84 transcript=SMRG1_62220.2 gene=SMRG1_62220
SMRG1_84390.4        -            401 552764at33208        -            179   1.5e-05   24.9   0.0   1   1   1.7e-07   3.2e-05   23.8   0.0    10   107     6   108     1   112 0.82 transcript=SMRG1_84390.4 gene=SMRG1_84390
SMRG1_70800.1        -            180 552764at33208        -            179   1.8e-05   24.6   0.1   1   1   1.2e-07   2.2e-05   24.3   0.1    12   166    19   175    15   180 0.75 transcript=SMRG1_70800.1 gene=SMRG1_70800
SMRG1_53650.1        -            186 552764at33208        -            179   1.8e-05   24.6   0.1   1   1   1.2e-07   2.2e-05   24.3   0.1     9   136    17   145    13   180 0.80 transcript=SMRG1_53650.1 gene=SMRG1_53650
SMRG1_84390.1        -            421 552764at33208        -            179   2.1e-05   24.4   0.0   1   1   1.9e-07   3.5e-05   23.7   0.0    10   107     6   108     1   112 0.82 transcript=SMRG1_84390.1 gene=SMRG1_84390
SMRG1_84390.2        -            421 552764at33208        -            179   2.1e-05   24.4   0.0   1   1   1.9e-07   3.5e-05   23.7   0.0    10   107     6   108     1   112 0.82 transcript=SMRG1_84390.2 gene=SMRG1_84390
SMRG1_84390.3        -            421 552764at33208        -            179   2.1e-05   24.4   0.0   1   1   1.9e-07   3.5e-05   23.7   0.0    10   107     6   108     1   112 0.82 transcript=SMRG1_84390.3 gene=SMRG1_84390
SMRG1_84390.5        -            421 552764at33208        -            179   2.1e-05   24.4   0.0   1   1   1.9e-07   3.5e-05   23.7   0.0    10   107     6   108     1   112 0.82 transcript=SMRG1_84390.5 gene=SMRG1_84390
SMRG1_35030.1        -            181 552764at33208        -            179   9.5e-05   22.2   0.0   1   1   7.6e-07   0.00014   21.7   0.0    10   128    18   133    15   152 0.80 transcript=SMRG1_35030.1 gene=SMRG1_35030
SMRG1_18520.1        -            563 552764at33208        -            179   0.00012   21.9   0.2   1   2    0.0023      0.43   10.3   0.0     6    65    38    99    34   104 0.76 transcript=SMRG1_18520.1 gene=SMRG1_18520
SMRG1_18520.1        -            563 552764at33208        -            179   0.00012   21.9   0.2   2   2    0.0079       1.4    8.6   0.0    72   164   140   227   130   242 0.71 transcript=SMRG1_18520.1 gene=SMRG1_18520
SMRG1_18520.2        -            563 552764at33208        -            179   0.00012   21.9   0.2   1   2    0.0023      0.43   10.3   0.0     6    65    38    99    34   104 0.76 transcript=SMRG1_18520.2 gene=SMRG1_18520
SMRG1_18520.2        -            563 552764at33208        -            179   0.00012   21.9   0.2   2   2    0.0079       1.4    8.6   0.0    72   164   140   227   130   242 0.71 transcript=SMRG1_18520.2 gene=SMRG1_18520
SMRG1_90120.1        -            821 552764at33208        -            179   0.00017   21.5   0.1   1   2   9.5e-06    0.0017   18.1   0.0    10   166     8   169     3   176 0.66 transcript=SMRG1_90120.1 gene=SMRG1_90120
SMRG1_90120.1        -            821 552764at33208        -            179   0.00017   21.5   0.1   2   2       3.6   6.6e+02   -0.0   0.0    57    96   572   614   562   624 0.68 transcript=SMRG1_90120.1 gene=SMRG1_90120
SMRG1_80350.2        -           1017 552764at33208        -            179   0.00027   20.8   0.0   1   1   2.8e-06   0.00051   19.8   0.0    10   173    73   236    69   240 0.83 transcript=SMRG1_80350.2 gene=SMRG1_80350
SMRG1_80350.3        -           1046 552764at33208        -            179   0.00028   20.7   0.0   1   1   2.9e-06   0.00054   19.8   0.0    10   173    73   236    69   240 0.83 transcript=SMRG1_80350.3 gene=SMRG1_80350
SMRG1_80350.1        -           1091 552764at33208        -            179    0.0003   20.6   0.0   1   1   3.1e-06   0.00057   19.7   0.0    10   173    73   236    69   240 0.83 transcript=SMRG1_80350.1 gene=SMRG1_80350
SMRG1_80350.6        -           1204 552764at33208        -            179   0.00035   20.4   0.0   1   1   3.6e-06   0.00066   19.5   0.0    10   173    73   236    69   240 0.83 transcript=SMRG1_80350.6 gene=SMRG1_80350
SMRG1_80350.4        -           1249 552764at33208        -            179   0.00038   20.3   0.0   1   1   3.8e-06    0.0007   19.4   0.0    10   173    73   236    69   240 0.83 transcript=SMRG1_80350.4 gene=SMRG1_80350
SMRG1_58260.1        -            184 552764at33208        -            179   0.00068   19.4   0.0   1   1   5.1e-06   0.00093   19.0   0.0    10   127    18   132     9   149 0.73 transcript=SMRG1_58260.1 gene=SMRG1_58260
SMRG1_80350.5        -            946 552764at33208        -            179   0.00082   19.2   0.0   1   1   8.7e-06    0.0016   18.2   0.0    16   173     8   165     3   169 0.82 transcript=SMRG1_80350.5 gene=SMRG1_80350
SMRG1_21510.1        -            184 552764at33208        -            179    0.0011   18.8   0.0   1   1     1e-05    0.0019   18.0   0.0     6   127    13   131     9   147 0.78 transcript=SMRG1_21510.1 gene=SMRG1_21510
SMRG1_59030.4        -            957 552764at33208        -            179      0.06   13.1   0.0   1   1   0.00081      0.15   11.8   0.0   103   159   769   825   752   843 0.85 transcript=SMRG1_59030.4 gene=SMRG1_59030
SMRG1_59030.3        -            892 552764at33208        -            179     0.063   13.0   0.0   1   1   0.00073      0.13   12.0   0.0   103   159   769   825   751   843 0.85 transcript=SMRG1_59030.3 gene=SMRG1_59030
SMRG1_59030.2        -           1066 552764at33208        -            179     0.071   12.9   0.0   1   1   0.00093      0.17   11.6   0.0   103   159   878   934   861   952 0.85 transcript=SMRG1_59030.2 gene=SMRG1_59030
SMRG1_59030.1        -           1067 552764at33208        -            179     0.071   12.9   0.0   1   1   0.00093      0.17   11.6   0.0   103   159   879   935   862   953 0.85 transcript=SMRG1_59030.1 gene=SMRG1_59030
#
# Program:         hmmsearch
# Version:         3.4 (Aug 2023)
# Pipeline mode:   SEARCH
# Query file:      /users/40483456/busco_datasets/busco_downloads/lineages/metazoa_odb10/hmms/552764at33208.hmm
# Target file:     /users/40483456/protein/schistosoma_margrebowiei.fa
# Option settings: hmmsearch --domtblout /users/40483456/busco/results_pro/schistosoma_margrebowiei_busco/run_metazoa_odb10/hmmer_output/initial_run_results/552764at33208.out --cpu 1 /users/40483456/busco_datasets/busco_downloads/lineages/metazoa_odb10/hmms/552764at33208.hmm /users/40483456/protein/schistosoma_margrebowiei.fa 
# Current dir:     /users/40483456
# Date:            Thu Jan 15 17:55:37 2026
# [ok]
