#                                                                            --- full sequence --- -------------- this domain -------------   hmm coord   ali coord   env coord
# target name        accession   tlen query name           accession   qlen   E-value  score  bias   #  of  c-Evalue  i-Evalue  score  bias  from    to  from    to  from    to  acc description of target
#------------------- ---------- ----- -------------------- ---------- ----- --------- ------ ----- --- --- --------- --------- ------ ----- ----- ----- ----- ----- ----- ----- ---- ---------------------
SMRG1_19770.2        -           1113 56573at33208         -            932         0 1053.9   4.1   1   1         0         0 1053.6   4.1     2   920     7  1037     6  1039 0.87 transcript=SMRG1_19770.2 gene=SMRG1_19770
SMRG1_19770.1        -           1127 56573at33208         -            932         0 1053.0   3.2   1   1         0         0 1052.7   3.2     2   920     7  1051     6  1053 0.87 transcript=SMRG1_19770.1 gene=SMRG1_19770
SMRG1_19770.3        -           1071 56573at33208         -            932         0 1032.6   2.8   1   1         0         0 1032.3   2.8    40   920     1   995     1   997 0.87 transcript=SMRG1_19770.3 gene=SMRG1_19770
SMRG1_19770.4        -           1071 56573at33208         -            932         0 1032.6   2.8   1   1         0         0 1032.3   2.8    40   920     1   995     1   997 0.87 transcript=SMRG1_19770.4 gene=SMRG1_19770
SMRG1_15850.1        -            879 56573at33208         -            932   7.4e-22   77.4   0.0   1   5   0.00043      0.28    9.3   0.0    34   115    59   139    27   153 0.84 transcript=SMRG1_15850.1 gene=SMRG1_15850
SMRG1_15850.1        -            879 56573at33208         -            932   7.4e-22   77.4   0.0   2   5     0.064        41    2.1   0.2   327   398   178   249   146   266 0.72 transcript=SMRG1_15850.1 gene=SMRG1_15850
SMRG1_15850.1        -            879 56573at33208         -            932   7.4e-22   77.4   0.0   3   5   1.6e-15     1e-12   47.1   0.0   254   415   351   521   341   597 0.74 transcript=SMRG1_15850.1 gene=SMRG1_15850
SMRG1_15850.1        -            879 56573at33208         -            932   7.4e-22   77.4   0.0   4   5   0.00077       0.5    8.4   0.0   795   859   663   726   654   739 0.86 transcript=SMRG1_15850.1 gene=SMRG1_15850
SMRG1_15850.1        -            879 56573at33208         -            932   7.4e-22   77.4   0.0   5   5     0.037        24    2.8   0.0   828   901   740   818   729   821 0.67 transcript=SMRG1_15850.1 gene=SMRG1_15850
SMRG1_15850.4        -            879 56573at33208         -            932   7.4e-22   77.4   0.0   1   5   0.00043      0.28    9.3   0.0    34   115    59   139    27   153 0.84 transcript=SMRG1_15850.4 gene=SMRG1_15850
SMRG1_15850.4        -            879 56573at33208         -            932   7.4e-22   77.4   0.0   2   5     0.064        41    2.1   0.2   327   398   178   249   146   266 0.72 transcript=SMRG1_15850.4 gene=SMRG1_15850
SMRG1_15850.4        -            879 56573at33208         -            932   7.4e-22   77.4   0.0   3   5   1.6e-15     1e-12   47.1   0.0   254   415   351   521   341   597 0.74 transcript=SMRG1_15850.4 gene=SMRG1_15850
SMRG1_15850.4        -            879 56573at33208         -            932   7.4e-22   77.4   0.0   4   5   0.00077       0.5    8.4   0.0   795   859   663   726   654   739 0.86 transcript=SMRG1_15850.4 gene=SMRG1_15850
SMRG1_15850.4        -            879 56573at33208         -            932   7.4e-22   77.4   0.0   5   5     0.037        24    2.8   0.0   828   901   740   818   729   821 0.67 transcript=SMRG1_15850.4 gene=SMRG1_15850
SMRG1_15850.3        -            863 56573at33208         -            932   1.2e-21   76.6   0.0   1   5   0.00039      0.25    9.4   0.0    34   115    59   139    27   156 0.84 transcript=SMRG1_15850.3 gene=SMRG1_15850
SMRG1_15850.3        -            863 56573at33208         -            932   1.2e-21   76.6   0.0   2   5      0.06        39    2.1   0.2   327   398   178   249   146   270 0.72 transcript=SMRG1_15850.3 gene=SMRG1_15850
SMRG1_15850.3        -            863 56573at33208         -            932   1.2e-21   76.6   0.0   3   5   1.5e-15   9.7e-13   47.2   0.0   254   415   351   521   341   598 0.74 transcript=SMRG1_15850.3 gene=SMRG1_15850
SMRG1_15850.3        -            863 56573at33208         -            932   1.2e-21   76.6   0.0   4   5   0.00053      0.35    9.0   0.0   795   859   663   726   653   756 0.83 transcript=SMRG1_15850.3 gene=SMRG1_15850
SMRG1_15850.3        -            863 56573at33208         -            932   1.2e-21   76.6   0.0   5   5      0.11        69    1.3   0.0   863   901   764   802   757   805 0.89 transcript=SMRG1_15850.3 gene=SMRG1_15850
SMRG1_15850.2        -            777 56573at33208         -            932   8.6e-20   70.5   0.2   1   5     0.096        63    1.5   0.0    84   115     6    37     2    58 0.80 transcript=SMRG1_15850.2 gene=SMRG1_15850
SMRG1_15850.2        -            777 56573at33208         -            932   8.6e-20   70.5   0.2   2   5     0.033        22    3.0   0.2   327   398    76   147    25   162 0.66 transcript=SMRG1_15850.2 gene=SMRG1_15850
SMRG1_15850.2        -            777 56573at33208         -            932   8.6e-20   70.5   0.2   3   5   1.2e-15   8.1e-13   47.4   0.0   254   415   249   419   239   496 0.74 transcript=SMRG1_15850.2 gene=SMRG1_15850
SMRG1_15850.2        -            777 56573at33208         -            932   8.6e-20   70.5   0.2   4   5   0.00055      0.36    8.9   0.0   795   859   561   624   552   643 0.85 transcript=SMRG1_15850.2 gene=SMRG1_15850
SMRG1_15850.2        -            777 56573at33208         -            932   8.6e-20   70.5   0.2   5   5     0.032        21    3.1   0.0   828   901   638   716   627   719 0.67 transcript=SMRG1_15850.2 gene=SMRG1_15850
SMRG1_80510.5        -            849 56573at33208         -            932   3.7e-13   48.6   0.8   1   3      0.71   4.6e+02   -1.4   0.1   131   131   175   175    76   270 0.50 transcript=SMRG1_80510.5 gene=SMRG1_80510
SMRG1_80510.5        -            849 56573at33208         -            932   3.7e-13   48.6   0.8   2   3   1.2e-09   7.5e-07   27.7   0.0   239   390   323   482   289   491 0.80 transcript=SMRG1_80510.5 gene=SMRG1_80510
SMRG1_80510.5        -            849 56573at33208         -            932   3.7e-13   48.6   0.8   3   3   9.5e-07   0.00062   18.0   0.0   428   559   650   777   643   786 0.79 transcript=SMRG1_80510.5 gene=SMRG1_80510
SMRG1_80510.2        -            867 56573at33208         -            932     4e-13   48.5   0.8   1   3      0.73   4.8e+02   -1.4   0.1   131   131   117   117    18   212 0.50 transcript=SMRG1_80510.2 gene=SMRG1_80510
SMRG1_80510.2        -            867 56573at33208         -            932     4e-13   48.5   0.8   2   3   1.2e-09   7.8e-07   27.6   0.0   239   390   265   424   231   433 0.80 transcript=SMRG1_80510.2 gene=SMRG1_80510
SMRG1_80510.2        -            867 56573at33208         -            932     4e-13   48.5   0.8   3   3   9.8e-07   0.00064   18.0   0.0   428   559   592   719   585   728 0.79 transcript=SMRG1_80510.2 gene=SMRG1_80510
SMRG1_80510.3        -            832 56573at33208         -            932     4e-13   48.4   0.4   1   3       1.6     1e+03   -2.6   0.0   627   668   100   139    79   188 0.50 transcript=SMRG1_80510.3 gene=SMRG1_80510
SMRG1_80510.3        -            832 56573at33208         -            932     4e-13   48.4   0.4   2   3   1.1e-09   7.2e-07   27.7   0.0   239   390   230   389   195   398 0.80 transcript=SMRG1_80510.3 gene=SMRG1_80510
SMRG1_80510.3        -            832 56573at33208         -            932     4e-13   48.4   0.4   3   3   9.3e-07    0.0006   18.1   0.0   428   559   557   684   550   693 0.79 transcript=SMRG1_80510.3 gene=SMRG1_80510
SMRG1_80510.1        -            925 56573at33208         -            932   4.9e-13   48.2   0.7   1   3       0.8   5.2e+02   -1.6   0.1   131   131   175   175    76   270 0.50 transcript=SMRG1_80510.1 gene=SMRG1_80510
SMRG1_80510.1        -            925 56573at33208         -            932   4.9e-13   48.2   0.7   2   3   1.3e-09   8.6e-07   27.5   0.0   239   390   323   482   289   491 0.80 transcript=SMRG1_80510.1 gene=SMRG1_80510
SMRG1_80510.1        -            925 56573at33208         -            932   4.9e-13   48.2   0.7   3   3   1.1e-06    0.0007   17.9   0.0   428   559   650   777   643   786 0.79 transcript=SMRG1_80510.1 gene=SMRG1_80510
SMRG1_80510.4        -            925 56573at33208         -            932   4.9e-13   48.2   0.7   1   3       0.8   5.2e+02   -1.6   0.1   131   131   175   175    76   270 0.50 transcript=SMRG1_80510.4 gene=SMRG1_80510
SMRG1_80510.4        -            925 56573at33208         -            932   4.9e-13   48.2   0.7   2   3   1.3e-09   8.6e-07   27.5   0.0   239   390   323   482   289   491 0.80 transcript=SMRG1_80510.4 gene=SMRG1_80510
SMRG1_80510.4        -            925 56573at33208         -            932   4.9e-13   48.2   0.7   3   3   1.1e-06    0.0007   17.9   0.0   428   559   650   777   643   786 0.79 transcript=SMRG1_80510.4 gene=SMRG1_80510
SMRG1_65680.1        -           3304 56573at33208         -            932   6.8e-08   31.1   0.0   1   3   1.6e-06     0.001   17.3   0.0   297   424  1823  1949  1807  1962 0.75 transcript=SMRG1_65680.1 gene=SMRG1_65680
SMRG1_65680.1        -           3304 56573at33208         -            932   6.8e-08   31.1   0.0   2   3    0.0035       2.3    6.3   0.0   791   841  2051  2101  2006  2128 0.91 transcript=SMRG1_65680.1 gene=SMRG1_65680
SMRG1_65680.1        -           3304 56573at33208         -            932   6.8e-08   31.1   0.0   3   3     0.082        53    1.7   0.0   355   427  2347  2420  2330  2429 0.81 transcript=SMRG1_65680.1 gene=SMRG1_65680
SMRG1_21230.3        -            517 56573at33208         -            932    0.0025   16.1   0.0   1   2    0.0058       3.8    5.5   0.0   285   373   120   212   113   219 0.84 transcript=SMRG1_21230.3 gene=SMRG1_21230
SMRG1_21230.3        -            517 56573at33208         -            932    0.0025   16.1   0.0   2   2    0.0016         1    7.4   0.1   274   374   279   382   256   455 0.71 transcript=SMRG1_21230.3 gene=SMRG1_21230
SMRG1_21230.1        -            516 56573at33208         -            932    0.0025   16.0   0.0   1   3    0.0058       3.8    5.5   0.0   285   373    99   191    92   198 0.84 transcript=SMRG1_21230.1 gene=SMRG1_21230
SMRG1_21230.1        -            516 56573at33208         -            932    0.0025   16.0   0.0   2   3    0.0026       1.7    6.7   0.0   273   329   257   313   234   378 0.72 transcript=SMRG1_21230.1 gene=SMRG1_21230
SMRG1_21230.1        -            516 56573at33208         -            932    0.0025   16.0   0.0   3   3      0.21   1.4e+02    0.3   0.0   289   375   315   405   307   414 0.82 transcript=SMRG1_21230.1 gene=SMRG1_21230
SMRG1_21230.2        -            537 56573at33208         -            932    0.0029   15.8   0.0   1   2    0.0062       4.1    5.4   0.0   285   373   120   212   113   218 0.84 transcript=SMRG1_21230.2 gene=SMRG1_21230
SMRG1_21230.2        -            537 56573at33208         -            932    0.0029   15.8   0.0   2   2    0.0017       1.1    7.3   0.1   273   373   278   381   255   451 0.71 transcript=SMRG1_21230.2 gene=SMRG1_21230
SMRG1_32390.1        -            678 56573at33208         -            932    0.0058   14.8   0.0   1   3      0.56   3.7e+02   -1.1   0.0   333   376    97   140    91   194 0.71 transcript=SMRG1_32390.1 gene=SMRG1_32390
SMRG1_32390.1        -            678 56573at33208         -            932    0.0058   14.8   0.0   2   3    0.0002      0.13   10.3   0.0   324   411   386   474   373   481 0.74 transcript=SMRG1_32390.1 gene=SMRG1_32390
SMRG1_32390.1        -            678 56573at33208         -            932    0.0058   14.8   0.0   3   3      0.22   1.4e+02    0.3   0.0   341   417   555   632   553   642 0.79 transcript=SMRG1_32390.1 gene=SMRG1_32390
SMRG1_32390.7        -            678 56573at33208         -            932    0.0058   14.8   0.0   1   3      0.56   3.7e+02   -1.1   0.0   333   376    97   140    91   194 0.71 transcript=SMRG1_32390.7 gene=SMRG1_32390
SMRG1_32390.7        -            678 56573at33208         -            932    0.0058   14.8   0.0   2   3    0.0002      0.13   10.3   0.0   324   411   386   474   373   481 0.74 transcript=SMRG1_32390.7 gene=SMRG1_32390
SMRG1_32390.7        -            678 56573at33208         -            932    0.0058   14.8   0.0   3   3      0.22   1.4e+02    0.3   0.0   341   417   555   632   553   642 0.79 transcript=SMRG1_32390.7 gene=SMRG1_32390
SMRG1_32390.8        -            678 56573at33208         -            932    0.0058   14.8   0.0   1   3      0.56   3.7e+02   -1.1   0.0   333   376    97   140    91   194 0.71 transcript=SMRG1_32390.8 gene=SMRG1_32390
SMRG1_32390.8        -            678 56573at33208         -            932    0.0058   14.8   0.0   2   3    0.0002      0.13   10.3   0.0   324   411   386   474   373   481 0.74 transcript=SMRG1_32390.8 gene=SMRG1_32390
SMRG1_32390.8        -            678 56573at33208         -            932    0.0058   14.8   0.0   3   3      0.22   1.4e+02    0.3   0.0   341   417   555   632   553   642 0.79 transcript=SMRG1_32390.8 gene=SMRG1_32390
SMRG1_32390.10       -            494 56573at33208         -            932    0.0062   14.7   0.0   1   2   0.00012      0.08   11.1   0.0   324   411   202   290   183   297 0.74 transcript=SMRG1_32390.10 gene=SMRG1_32390
SMRG1_32390.10       -            494 56573at33208         -            932    0.0062   14.7   0.0   2   2      0.13        82    1.1   0.0   341   418   371   449   368   459 0.79 transcript=SMRG1_32390.10 gene=SMRG1_32390
SMRG1_32390.13       -            494 56573at33208         -            932    0.0062   14.7   0.0   1   2   0.00012      0.08   11.1   0.0   324   411   202   290   183   297 0.74 transcript=SMRG1_32390.13 gene=SMRG1_32390
SMRG1_32390.13       -            494 56573at33208         -            932    0.0062   14.7   0.0   2   2      0.13        82    1.1   0.0   341   418   371   449   368   459 0.79 transcript=SMRG1_32390.13 gene=SMRG1_32390
SMRG1_32390.9        -            494 56573at33208         -            932    0.0062   14.7   0.0   1   2   0.00012      0.08   11.1   0.0   324   411   202   290   183   297 0.74 transcript=SMRG1_32390.9 gene=SMRG1_32390
SMRG1_32390.9        -            494 56573at33208         -            932    0.0062   14.7   0.0   2   2      0.13        82    1.1   0.0   341   418   371   449   368   459 0.79 transcript=SMRG1_32390.9 gene=SMRG1_32390
SMRG1_32390.5        -            610 56573at33208         -            932     0.023   12.8   0.0   1   2      0.46     3e+02   -0.8   0.0   332   376   107   151   101   206 0.71 transcript=SMRG1_32390.5 gene=SMRG1_32390
SMRG1_32390.5        -            610 56573at33208         -            932     0.023   12.8   0.0   2   2   0.00017      0.11   10.6   0.0   324   411   397   485   382   492 0.74 transcript=SMRG1_32390.5 gene=SMRG1_32390
SMRG1_32390.6        -            610 56573at33208         -            932     0.023   12.8   0.0   1   2      0.46     3e+02   -0.8   0.0   332   376   107   151   101   206 0.71 transcript=SMRG1_32390.6 gene=SMRG1_32390
SMRG1_32390.6        -            610 56573at33208         -            932     0.023   12.8   0.0   2   2   0.00017      0.11   10.6   0.0   324   411   397   485   382   492 0.74 transcript=SMRG1_32390.6 gene=SMRG1_32390
SMRG1_32390.11       -            612 56573at33208         -            932     0.023   12.8   0.0   1   2      0.46     3e+02   -0.8   0.0   332   376   107   151   101   206 0.71 transcript=SMRG1_32390.11 gene=SMRG1_32390
SMRG1_32390.11       -            612 56573at33208         -            932     0.023   12.8   0.0   2   2   0.00017      0.11   10.6   0.0   324   411   397   485   382   492 0.74 transcript=SMRG1_32390.11 gene=SMRG1_32390
SMRG1_32390.4        -            612 56573at33208         -            932     0.023   12.8   0.0   1   2      0.46     3e+02   -0.8   0.0   332   376   107   151   101   206 0.71 transcript=SMRG1_32390.4 gene=SMRG1_32390
SMRG1_32390.4        -            612 56573at33208         -            932     0.023   12.8   0.0   2   2   0.00017      0.11   10.6   0.0   324   411   397   485   382   492 0.74 transcript=SMRG1_32390.4 gene=SMRG1_32390
SMRG1_78990.16       -           1003 56573at33208         -            932     0.083   11.0   0.0   1   1    0.0002      0.13   10.3   0.0   294   408    80   200    69   218 0.77 transcript=SMRG1_78990.16 gene=SMRG1_78990
SMRG1_78990.17       -           1010 56573at33208         -            932     0.084   11.0   0.0   1   1   0.00021      0.13   10.3   0.0   294   408    66   186    55   204 0.77 transcript=SMRG1_78990.17 gene=SMRG1_78990
SMRG1_78990.15       -           1043 56573at33208         -            932     0.088   10.9   0.0   1   1   0.00021      0.14   10.3   0.0   294   408    80   200    69   218 0.77 transcript=SMRG1_78990.15 gene=SMRG1_78990
#
# Program:         hmmsearch
# Version:         3.4 (Aug 2023)
# Pipeline mode:   SEARCH
# Query file:      /users/40483456/busco_datasets/busco_downloads/lineages/metazoa_odb10/hmms/56573at33208.hmm
# Target file:     /users/40483456/protein/schistosoma_margrebowiei.fa
# Option settings: hmmsearch --domtblout /users/40483456/busco/results_pro/schistosoma_margrebowiei_busco/run_metazoa_odb10/hmmer_output/initial_run_results/56573at33208.out --cpu 1 /users/40483456/busco_datasets/busco_downloads/lineages/metazoa_odb10/hmms/56573at33208.hmm /users/40483456/protein/schistosoma_margrebowiei.fa 
# Current dir:     /users/40483456
# Date:            Thu Jan 15 17:55:36 2026
# [ok]
