#                                                                            --- full sequence --- -------------- this domain -------------   hmm coord   ali coord   env coord
# target name        accession   tlen query name           accession   qlen   E-value  score  bias   #  of  c-Evalue  i-Evalue  score  bias  from    to  from    to  from    to  acc description of target
#------------------- ---------- ----- -------------------- ---------- ----- --------- ------ ----- --- --- --------- --------- ------ ----- ----- ----- ----- ----- ----- ----- ---- ---------------------
SMRG1_72970.1        -             76 618339at33208        -             84   9.6e-12   44.7   0.1   1   1   5.7e-15   1.1e-11   44.5   0.1    10    75     8    74     2    76 0.80 transcript=SMRG1_72970.1 gene=SMRG1_72970
SMRG1_44560.1        -             96 618339at33208        -             84   4.9e-08   32.9   0.1   1   1   3.6e-11   7.1e-08   32.3   0.1    10    73     4    72     2    79 0.87 transcript=SMRG1_44560.1 gene=SMRG1_44560
SMRG1_51760.1        -            105 618339at33208        -             84   2.3e-07   30.7   0.1   1   1   7.5e-09   1.5e-05   24.9   0.1     9    73    22   101    18   104 0.64 transcript=SMRG1_51760.1 gene=SMRG1_51760
SMRG1_92490.1        -            199 618339at33208        -             84   5.6e-06   26.3   0.0   1   1   4.4e-08   8.7e-05   22.5   0.0    10    70     8    80     4    86 0.70 transcript=SMRG1_92490.1 gene=SMRG1_92490
SMRG1_51760.2        -             86 618339at33208        -             84   2.3e-05   24.3   0.0   1   1   1.4e-08   2.7e-05   24.1   0.0     9    49    22    63    18    79 0.86 transcript=SMRG1_51760.2 gene=SMRG1_51760
SMRG1_89620.1        -             89 618339at33208        -             84   7.9e-05   22.6   0.0   1   1   4.8e-08   9.3e-05   22.3   0.0    13    72    21    86    14    89 0.80 transcript=SMRG1_89620.1 gene=SMRG1_89620
SMRG1_16280.1        -             87 618339at33208        -             84   0.00038   20.4   0.0   1   1   2.3e-07   0.00045   20.2   0.0    12    74    15    81    10    87 0.80 transcript=SMRG1_16280.1 gene=SMRG1_16280
SMRG1_59560.1        -            121 618339at33208        -             84    0.0024   17.8   0.1   1   2       4.6     9e+03   -3.2   0.0    11    31    15    35    13    38 0.64 transcript=SMRG1_59560.1 gene=SMRG1_59560
SMRG1_59560.1        -            121 618339at33208        -             84    0.0024   17.8   0.1   2   2   2.2e-06    0.0042   17.1   0.1    15    72    58   116    44   120 0.80 transcript=SMRG1_59560.1 gene=SMRG1_59560
SMRG1_97600.1        -            179 618339at33208        -             84     0.073   13.1   0.0   1   1   0.00028      0.55   10.3   0.0    24    52     2    28     1    65 0.73 transcript=SMRG1_97600.1 gene=SMRG1_97600
SMRG1_12950.1        -            138 618339at33208        -             84      0.13   12.3   0.0   1   1    0.0001       0.2   11.7   0.0    12    55    15    57    10    85 0.79 transcript=SMRG1_12950.1 gene=SMRG1_12950
#
# Program:         hmmsearch
# Version:         3.4 (Aug 2023)
# Pipeline mode:   SEARCH
# Query file:      /users/40483456/busco_datasets/busco_downloads/lineages/metazoa_odb10/hmms/618339at33208.hmm
# Target file:     /users/40483456/protein/schistosoma_margrebowiei.fa
# Option settings: hmmsearch --domtblout /users/40483456/busco/results_pro/schistosoma_margrebowiei_busco/run_metazoa_odb10/hmmer_output/initial_run_results/618339at33208.out --cpu 1 /users/40483456/busco_datasets/busco_downloads/lineages/metazoa_odb10/hmms/618339at33208.hmm /users/40483456/protein/schistosoma_margrebowiei.fa 
# Current dir:     /users/40483456
# Date:            Thu Jan 15 17:55:41 2026
# [ok]
