#                                                                            --- full sequence --- -------------- this domain -------------   hmm coord   ali coord   env coord
# target name        accession   tlen query name           accession   qlen   E-value  score  bias   #  of  c-Evalue  i-Evalue  score  bias  from    to  from    to  from    to  acc description of target
#------------------- ---------- ----- -------------------- ---------- ----- --------- ------ ----- --- --- --------- --------- ------ ----- ----- ----- ----- ----- ----- ----- ---- ---------------------
EWB00_005434.3       -            802 127766at33208        -            593  2.2e-158  528.1  31.8   1   2  1.7e-159  3.6e-156  520.8  22.7    32   539     6   585     1   645 0.83 transcript=EWB00_005434.3 gene=EWB00_005434
EWB00_005434.3       -            802 127766at33208        -            593  2.2e-158  528.1  31.8   2   2   0.00029      0.61    8.2   1.7   560   592   695   727   668   728 0.73 transcript=EWB00_005434.3 gene=EWB00_005434
EWB00_005434.1       -            890 127766at33208        -            593  3.9e-158  527.3  31.7   1   2  2.3e-159  4.9e-156  520.4  22.6    32   539     6   585     1   645 0.83 transcript=EWB00_005434.1 gene=EWB00_005434
EWB00_005434.1       -            890 127766at33208        -            593  3.9e-158  527.3  31.7   2   2   0.00033      0.69    8.0   1.6   560   592   695   727   668   728 0.73 transcript=EWB00_005434.1 gene=EWB00_005434
EWB00_005434.2       -            890 127766at33208        -            593  3.9e-158  527.3  31.7   1   2  2.3e-159  4.9e-156  520.4  22.6    32   539     6   585     1   645 0.83 transcript=EWB00_005434.2 gene=EWB00_005434
EWB00_005434.2       -            890 127766at33208        -            593  3.9e-158  527.3  31.7   2   2   0.00033      0.69    8.0   1.6   560   592   695   727   668   728 0.73 transcript=EWB00_005434.2 gene=EWB00_005434
EWB00_006446.4       -            505 127766at33208        -            593   8.1e-05   21.0   0.0   1   2      0.28     6e+02   -1.7   0.0    77   134   124   181   115   188 0.85 transcript=EWB00_006446.4 gene=EWB00_006446
EWB00_006446.4       -            505 127766at33208        -            593   8.1e-05   21.0   0.0   2   2   1.4e-07   0.00031   19.1   0.0    60   151   276   368   254   371 0.86 transcript=EWB00_006446.4 gene=EWB00_006446
EWB00_006446.2       -            516 127766at33208        -            593   8.7e-05   20.9   0.0   1   2      0.32   6.8e+02   -1.9   0.0    77   134   103   160    95   166 0.85 transcript=EWB00_006446.2 gene=EWB00_006446
EWB00_006446.2       -            516 127766at33208        -            593   8.7e-05   20.9   0.0   2   2   1.5e-07   0.00032   19.0   0.0    60   151   255   347   233   350 0.86 transcript=EWB00_006446.2 gene=EWB00_006446
EWB00_006446.3       -            537 127766at33208        -            593   9.5e-05   20.7   0.0   1   2      0.34   7.1e+02   -2.0   0.0    77   134   124   181   116   187 0.85 transcript=EWB00_006446.3 gene=EWB00_006446
EWB00_006446.3       -            537 127766at33208        -            593   9.5e-05   20.7   0.0   2   2   1.6e-07   0.00034   18.9   0.0    60   151   276   368   254   371 0.86 transcript=EWB00_006446.3 gene=EWB00_006446
EWB00_006446.1       -            543 127766at33208        -            593   9.8e-05   20.7   0.0   1   2      0.35   7.3e+02   -2.0   0.0    77   134   124   181   117   187 0.84 transcript=EWB00_006446.1 gene=EWB00_006446
EWB00_006446.1       -            543 127766at33208        -            593   9.8e-05   20.7   0.0   2   2   1.6e-07   0.00034   18.9   0.0    60   151   276   368   254   371 0.86 transcript=EWB00_006446.1 gene=EWB00_006446
EWB00_005938.3       -            553 127766at33208        -            593       9.2    4.3  10.2   1   1    0.0067        14    3.7  10.2   505   590    69   152    55   155 0.83 transcript=EWB00_005938.3 gene=EWB00_005938
#
# Program:         hmmsearch
# Version:         3.4 (Aug 2023)
# Pipeline mode:   SEARCH
# Query file:      /users/40483456/busco_datasets/busco_downloads/lineages/metazoa_odb10/hmms/127766at33208.hmm
# Target file:     /users/40483456/protein/schistosoma_japonicum.fa
# Option settings: hmmsearch --domtblout /users/40483456/busco/results_pro/schistosoma_japonicum_busco/run_metazoa_odb10/hmmer_output/initial_run_results/127766at33208.out --cpu 1 /users/40483456/busco_datasets/busco_downloads/lineages/metazoa_odb10/hmms/127766at33208.hmm /users/40483456/protein/schistosoma_japonicum.fa 
# Current dir:     /users/40483456
# Date:            Thu Jan 15 17:53:01 2026
# [ok]
