#                                                                            --- full sequence --- -------------- this domain -------------   hmm coord   ali coord   env coord
# target name        accession   tlen query name           accession   qlen   E-value  score  bias   #  of  c-Evalue  i-Evalue  score  bias  from    to  from    to  from    to  acc description of target
#------------------- ---------- ----- -------------------- ---------- ----- --------- ------ ----- --- --- --------- --------- ------ ----- ----- ----- ----- ----- ----- ----- ---- ---------------------
EWB00_004281.1       -            701 192250at33208        -            297  1.1e-106  356.3  33.5   1   5   7.8e-25   4.4e-21   75.4   1.1     2    67    23    93    22   105 0.92 transcript=EWB00_004281.1 gene=EWB00_004281
EWB00_004281.1       -            701 192250at33208        -            297  1.1e-106  356.3  33.5   2   5   3.6e-33     2e-29  102.7   2.9    55   144   107   209    97   222 0.86 transcript=EWB00_004281.1 gene=EWB00_004281
EWB00_004281.1       -            701 192250at33208        -            297  1.1e-106  356.3  33.5   3   5   4.7e-63   2.6e-59  200.8   0.3   142   297   242   426   231   426 0.85 transcript=EWB00_004281.1 gene=EWB00_004281
EWB00_004281.1       -            701 192250at33208        -            297  1.1e-106  356.3  33.5   4   5      0.55   3.1e+03   -2.9   0.2   233   250   503   520   497   525 0.85 transcript=EWB00_004281.1 gene=EWB00_004281
EWB00_004281.1       -            701 192250at33208        -            297  1.1e-106  356.3  33.5   5   5      0.76   4.3e+03   -3.4   3.6     3    41   603   642   601   651 0.74 transcript=EWB00_004281.1 gene=EWB00_004281
EWB00_004281.2       -            701 192250at33208        -            297  1.1e-106  356.3  33.5   1   5   7.8e-25   4.4e-21   75.4   1.1     2    67    23    93    22   105 0.92 transcript=EWB00_004281.2 gene=EWB00_004281
EWB00_004281.2       -            701 192250at33208        -            297  1.1e-106  356.3  33.5   2   5   3.6e-33     2e-29  102.7   2.9    55   144   107   209    97   222 0.86 transcript=EWB00_004281.2 gene=EWB00_004281
EWB00_004281.2       -            701 192250at33208        -            297  1.1e-106  356.3  33.5   3   5   4.7e-63   2.6e-59  200.8   0.3   142   297   242   426   231   426 0.85 transcript=EWB00_004281.2 gene=EWB00_004281
EWB00_004281.2       -            701 192250at33208        -            297  1.1e-106  356.3  33.5   4   5      0.55   3.1e+03   -2.9   0.2   233   250   503   520   497   525 0.85 transcript=EWB00_004281.2 gene=EWB00_004281
EWB00_004281.2       -            701 192250at33208        -            297  1.1e-106  356.3  33.5   5   5      0.76   4.3e+03   -3.4   3.6     3    41   603   642   601   651 0.74 transcript=EWB00_004281.2 gene=EWB00_004281
EWB00_005293         -            118 192250at33208        -            297      0.16   11.1   8.0   1   1   3.4e-05      0.19   10.9   8.0    47   134    13   102     3   107 0.74 transcript=EWB00_005293 gene=EWB00_005293
#
# Program:         hmmsearch
# Version:         3.4 (Aug 2023)
# Pipeline mode:   SEARCH
# Query file:      /users/40483456/busco_datasets/busco_downloads/lineages/metazoa_odb10/hmms/192250at33208.hmm
# Target file:     /users/40483456/protein/schistosoma_japonicum.fa
# Option settings: hmmsearch --domtblout /users/40483456/busco/results_pro/schistosoma_japonicum_busco/run_metazoa_odb10/hmmer_output/initial_run_results/192250at33208.out --cpu 1 /users/40483456/busco_datasets/busco_downloads/lineages/metazoa_odb10/hmms/192250at33208.hmm /users/40483456/protein/schistosoma_japonicum.fa 
# Current dir:     /users/40483456
# Date:            Thu Jan 15 17:52:48 2026
# [ok]
