#                                                                            --- full sequence --- -------------- this domain -------------   hmm coord   ali coord   env coord
# target name        accession   tlen query name           accession   qlen   E-value  score  bias   #  of  c-Evalue  i-Evalue  score  bias  from    to  from    to  from    to  acc description of target
#------------------- ---------- ----- -------------------- ---------- ----- --------- ------ ----- --- --- --------- --------- ------ ----- ----- ----- ----- ----- ----- ----- ---- ---------------------
EWB00_010498.2       -            969 261284at33208        -            648   4.4e-81  272.8  13.5   1   7   4.1e-26   9.9e-23   80.0   0.0    20   148    37   179    27   197 0.84 transcript=EWB00_010498.2 gene=EWB00_010498
EWB00_010498.2       -            969 261284at33208        -            648   4.4e-81  272.8  13.5   2   7      0.48   1.2e+03   -2.8   0.1   161   198   225   263   219   273 0.79 transcript=EWB00_010498.2 gene=EWB00_010498
EWB00_010498.2       -            969 261284at33208        -            648   4.4e-81  272.8  13.5   3   7   9.4e-19   2.3e-15   55.7   0.0   211   303   336   437   299   444 0.91 transcript=EWB00_010498.2 gene=EWB00_010498
EWB00_010498.2       -            969 261284at33208        -            648   4.4e-81  272.8  13.5   4   7   3.7e-10   8.9e-07   27.3   0.1   306   374   478   561   472   588 0.72 transcript=EWB00_010498.2 gene=EWB00_010498
EWB00_010498.2       -            969 261284at33208        -            648   4.4e-81  272.8  13.5   5   7   3.8e-22   9.2e-19   66.9   0.0   395   483   608   702   602   722 0.88 transcript=EWB00_010498.2 gene=EWB00_010498
EWB00_010498.2       -            969 261284at33208        -            648   4.4e-81  272.8  13.5   6   7   1.8e-05     0.043   11.8   0.7   497   534   758   795   710   801 0.85 transcript=EWB00_010498.2 gene=EWB00_010498
EWB00_010498.2       -            969 261284at33208        -            648   4.4e-81  272.8  13.5   7   7   3.1e-12   7.5e-09   34.1   0.1   528   642   821   961   810   966 0.76 transcript=EWB00_010498.2 gene=EWB00_010498
EWB00_010498.1       -            906 261284at33208        -            648   4.7e-77  259.5  11.9   1   7   3.7e-26     9e-23   80.1   0.0    20   148    37   179    27   197 0.84 transcript=EWB00_010498.1 gene=EWB00_010498
EWB00_010498.1       -            906 261284at33208        -            648   4.7e-77  259.5  11.9   2   7      0.43     1e+03   -2.7   0.1   161   198   225   263   218   273 0.79 transcript=EWB00_010498.1 gene=EWB00_010498
EWB00_010498.1       -            906 261284at33208        -            648   4.7e-77  259.5  11.9   3   7   8.6e-19   2.1e-15   55.8   0.0   211   303   336   437   299   444 0.91 transcript=EWB00_010498.1 gene=EWB00_010498
EWB00_010498.1       -            906 261284at33208        -            648   4.7e-77  259.5  11.9   4   7   3.4e-10   8.2e-07   27.4   0.1   306   374   478   561   472   588 0.72 transcript=EWB00_010498.1 gene=EWB00_010498
EWB00_010498.1       -            906 261284at33208        -            648   4.7e-77  259.5  11.9   5   7   3.5e-22   8.4e-19   67.0   0.0   395   483   608   702   602   722 0.88 transcript=EWB00_010498.1 gene=EWB00_010498
EWB00_010498.1       -            906 261284at33208        -            648   4.7e-77  259.5  11.9   6   7   1.6e-05     0.039   11.9   0.7   497   534   758   795   710   801 0.85 transcript=EWB00_010498.1 gene=EWB00_010498
EWB00_010498.1       -            906 261284at33208        -            648   4.7e-77  259.5  11.9   7   7   1.4e-07   0.00035   18.7   0.0   528   591   821   895   810   903 0.82 transcript=EWB00_010498.1 gene=EWB00_010498
EWB00_002873.1       -            345 261284at33208        -            648   0.00015   19.9   1.7   1   3    0.0087        21    2.9   0.0   439   476    19    58    16    70 0.84 transcript=EWB00_002873.1 gene=EWB00_002873
EWB00_002873.1       -            345 261284at33208        -            648   0.00015   19.9   1.7   2   3   3.5e-05     0.084   10.8   0.2   546   581   206   241   104   247 0.72 transcript=EWB00_002873.1 gene=EWB00_002873
EWB00_002873.1       -            345 261284at33208        -            648   0.00015   19.9   1.7   3   3    0.0044        11    3.9   0.0   590   629   270   309   264   330 0.81 transcript=EWB00_002873.1 gene=EWB00_002873
EWB00_002873.3       -            438 261284at33208        -            648   0.00046   18.3   1.9   1   3     0.011        28    2.5   0.0   439   476   112   151   107   163 0.85 transcript=EWB00_002873.3 gene=EWB00_002873
EWB00_002873.3       -            438 261284at33208        -            648   0.00046   18.3   1.9   2   3   5.5e-05      0.13   10.2   0.3   546   581   299   334   199   340 0.73 transcript=EWB00_002873.3 gene=EWB00_002873
EWB00_002873.3       -            438 261284at33208        -            648   0.00046   18.3   1.9   3   3    0.0062        15    3.4   0.0   590   629   363   402   357   423 0.81 transcript=EWB00_002873.3 gene=EWB00_002873
EWB00_002873.4       -            438 261284at33208        -            648   0.00046   18.3   1.9   1   3     0.011        28    2.5   0.0   439   476   112   151   107   163 0.85 transcript=EWB00_002873.4 gene=EWB00_002873
EWB00_002873.4       -            438 261284at33208        -            648   0.00046   18.3   1.9   2   3   5.5e-05      0.13   10.2   0.3   546   581   299   334   199   340 0.73 transcript=EWB00_002873.4 gene=EWB00_002873
EWB00_002873.4       -            438 261284at33208        -            648   0.00046   18.3   1.9   3   3    0.0062        15    3.4   0.0   590   629   363   402   357   423 0.81 transcript=EWB00_002873.4 gene=EWB00_002873
EWB00_002873.5       -            438 261284at33208        -            648   0.00046   18.3   1.9   1   3     0.011        28    2.5   0.0   439   476   112   151   107   163 0.85 transcript=EWB00_002873.5 gene=EWB00_002873
EWB00_002873.5       -            438 261284at33208        -            648   0.00046   18.3   1.9   2   3   5.5e-05      0.13   10.2   0.3   546   581   299   334   199   340 0.73 transcript=EWB00_002873.5 gene=EWB00_002873
EWB00_002873.5       -            438 261284at33208        -            648   0.00046   18.3   1.9   3   3    0.0062        15    3.4   0.0   590   629   363   402   357   423 0.81 transcript=EWB00_002873.5 gene=EWB00_002873
EWB00_002873.2       -            338 261284at33208        -            648    0.0063   14.6   0.6   1   2    0.0079        19    3.0   0.0   439   476   112   151   106   163 0.85 transcript=EWB00_002873.2 gene=EWB00_002873
EWB00_002873.2       -            338 261284at33208        -            648    0.0063   14.6   0.6   2   2   6.9e-05      0.17    9.9   0.2   546   581   299   334   197   337 0.71 transcript=EWB00_002873.2 gene=EWB00_002873
#
# Program:         hmmsearch
# Version:         3.4 (Aug 2023)
# Pipeline mode:   SEARCH
# Query file:      /users/40483456/busco_datasets/busco_downloads/lineages/metazoa_odb10/hmms/261284at33208.hmm
# Target file:     /users/40483456/protein/schistosoma_japonicum.fa
# Option settings: hmmsearch --domtblout /users/40483456/busco/results_pro/schistosoma_japonicum_busco/run_metazoa_odb10/hmmer_output/initial_run_results/261284at33208.out --cpu 1 /users/40483456/busco_datasets/busco_downloads/lineages/metazoa_odb10/hmms/261284at33208.hmm /users/40483456/protein/schistosoma_japonicum.fa 
# Current dir:     /users/40483456
# Date:            Thu Jan 15 17:52:49 2026
# [ok]
