#                                                                            --- full sequence --- -------------- this domain -------------   hmm coord   ali coord   env coord
# target name        accession   tlen query name           accession   qlen   E-value  score  bias   #  of  c-Evalue  i-Evalue  score  bias  from    to  from    to  from    to  acc description of target
#------------------- ---------- ----- -------------------- ---------- ----- --------- ------ ----- --- --- --------- --------- ------ ----- ----- ----- ----- ----- ----- ----- ---- ---------------------
EWB00_007655         -            544 302921at33208        -            163   1.6e-08   34.4   0.9   1   3     0.014        59    3.2   0.0    17    45    42    69    23    78 0.76 transcript=EWB00_007655 gene=EWB00_007655
EWB00_007655         -            544 302921at33208        -            163   1.6e-08   34.4   0.9   2   3   2.4e-10     1e-06   28.5   0.2    66    96   181   213   155   216 0.83 transcript=EWB00_007655 gene=EWB00_007655
EWB00_007655         -            544 302921at33208        -            163   1.6e-08   34.4   0.9   3   3      0.85   3.6e+03   -2.6   0.0   103   157   482   508   473   514 0.48 transcript=EWB00_007655 gene=EWB00_007655
EWB00_003784.1       -            350 302921at33208        -            163   4.9e-05   23.0   0.0   1   2   8.7e-05      0.37   10.4   0.0    98   157   149   180   128   186 0.60 transcript=EWB00_003784.1 gene=EWB00_003784
EWB00_003784.1       -            350 302921at33208        -            163   4.9e-05   23.0   0.0   2   2   0.00011      0.46   10.1   0.0   133   162   312   341   294   344 0.72 transcript=EWB00_003784.1 gene=EWB00_003784
EWB00_007549         -            498 302921at33208        -            163     0.097   12.3   0.0   1   3      0.74   3.1e+03   -2.4   0.0    38    76    29    67    18    70 0.77 transcript=EWB00_007549 gene=EWB00_007549
EWB00_007549         -            498 302921at33208        -            163     0.097   12.3   0.0   2   3   0.00034       1.4    8.5   0.0   132   162   197   227   149   228 0.78 transcript=EWB00_007549 gene=EWB00_007549
EWB00_007549         -            498 302921at33208        -            163     0.097   12.3   0.0   3   3      0.11   4.9e+02    0.3   0.0    33    88   336   393   322   418 0.72 transcript=EWB00_007549 gene=EWB00_007549
EWB00_004060         -            241 302921at33208        -            163     0.099   12.3   0.0   1   2       1.8   7.7e+03   -3.6   0.0    85    99    26    40    20    57 0.65 transcript=EWB00_004060 gene=EWB00_004060
EWB00_004060         -            241 302921at33208        -            163     0.099   12.3   0.0   2   2   4.9e-05      0.21   11.2   0.0    98   159   119   152    97   156 0.60 transcript=EWB00_004060 gene=EWB00_004060
#
# Program:         hmmsearch
# Version:         3.4 (Aug 2023)
# Pipeline mode:   SEARCH
# Query file:      /users/40483456/busco_datasets/busco_downloads/lineages/metazoa_odb10/hmms/302921at33208.hmm
# Target file:     /users/40483456/protein/schistosoma_japonicum.fa
# Option settings: hmmsearch --domtblout /users/40483456/busco/results_pro/schistosoma_japonicum_busco/run_metazoa_odb10/hmmer_output/initial_run_results/302921at33208.out --cpu 1 /users/40483456/busco_datasets/busco_downloads/lineages/metazoa_odb10/hmms/302921at33208.hmm /users/40483456/protein/schistosoma_japonicum.fa 
# Current dir:     /users/40483456
# Date:            Thu Jan 15 17:52:57 2026
# [ok]
