#                                                                            --- full sequence --- -------------- this domain -------------   hmm coord   ali coord   env coord
# target name        accession   tlen query name           accession   qlen   E-value  score  bias   #  of  c-Evalue  i-Evalue  score  bias  from    to  from    to  from    to  acc description of target
#------------------- ---------- ----- -------------------- ---------- ----- --------- ------ ----- --- --- --------- --------- ------ ----- ----- ----- ----- ----- ----- ----- ---- ---------------------
EWB00_008191.2       -            560 303117at33208        -            343   3.5e-99  332.2   7.7   1   3   1.1e-59     2e-57  194.8   0.6     2   171    29   221    28   228 0.88 transcript=EWB00_008191.2 gene=EWB00_008191
EWB00_008191.2       -            560 303117at33208        -            343   3.5e-99  332.2   7.7   2   3   2.7e-09     5e-07   29.1   0.2   164   207   263   307   260   364 0.80 transcript=EWB00_008191.2 gene=EWB00_008191
EWB00_008191.2       -            560 303117at33208        -            343   3.5e-99  332.2   7.7   3   3   3.6e-34   6.6e-32  110.9   0.1   220   319   391   497   352   518 0.86 transcript=EWB00_008191.2 gene=EWB00_008191
EWB00_008191.1       -            591 303117at33208        -            343   4.3e-99  331.9   7.7   1   3   1.2e-59   2.3e-57  194.7   0.6     2   171    29   221    28   228 0.88 transcript=EWB00_008191.1 gene=EWB00_008191
EWB00_008191.1       -            591 303117at33208        -            343   4.3e-99  331.9   7.7   2   3   3.1e-09   5.7e-07   28.9   0.2   164   206   263   306   260   361 0.81 transcript=EWB00_008191.1 gene=EWB00_008191
EWB00_008191.1       -            591 303117at33208        -            343   4.3e-99  331.9   7.7   3   3   3.9e-34   7.2e-32  110.8   0.1   220   319   391   497   353   519 0.86 transcript=EWB00_008191.1 gene=EWB00_008191
EWB00_004066.1       -            455 303117at33208        -            343   3.3e-60  204.0   0.1   1   1   1.2e-60   2.2e-58  198.0   0.1    37   319    28   362    12   378 0.81 transcript=EWB00_004066.1 gene=EWB00_004066
EWB00_007684.2       -            457 303117at33208        -            343   9.1e-60  202.6   1.6   1   2   1.9e-34   3.5e-32  111.8   0.2    32   216    24   230    11   244 0.81 transcript=EWB00_007684.2 gene=EWB00_007684
EWB00_007684.2       -            457 303117at33208        -            343   9.1e-60  202.6   1.6   2   2   3.4e-27   6.4e-25   88.0   0.1   220   319   277   383   260   398 0.86 transcript=EWB00_007684.2 gene=EWB00_007684
EWB00_002142         -            527 303117at33208        -            343   1.4e-59  201.9   0.2   1   1   5.2e-60   9.7e-58  195.9   0.2    23   318    61   399    56   420 0.79 transcript=EWB00_002142 gene=EWB00_002142
EWB00_007684.1       -            563 303117at33208        -            343   2.1e-59  201.3   1.7   1   2   3.1e-34   5.9e-32  111.1   0.2    32   216    24   230    11   243 0.81 transcript=EWB00_007684.1 gene=EWB00_007684
EWB00_007684.1       -            563 303117at33208        -            343   2.1e-59  201.3   1.7   2   2   5.1e-27   9.5e-25   87.4   0.1   220   319   277   383   260   397 0.87 transcript=EWB00_007684.1 gene=EWB00_007684
EWB00_006499         -            609 303117at33208        -            343   3.5e-57  194.1   4.2   1   1   2.5e-55   4.6e-53  180.5   4.2    21   318   121   488   103   507 0.75 transcript=EWB00_006499 gene=EWB00_006499
EWB00_006767         -            697 303117at33208        -            343   4.9e-53  180.4   0.8   1   3   3.8e-29   7.1e-27   94.4   0.0    28   169    17   170     8   173 0.82 transcript=EWB00_006767 gene=EWB00_006767
EWB00_006767         -            697 303117at33208        -            343   4.9e-53  180.4   0.8   2   3     0.049       9.1    5.3   0.0   170   202   231   263   227   283 0.81 transcript=EWB00_006767 gene=EWB00_006767
EWB00_006767         -            697 303117at33208        -            343   4.9e-53  180.4   0.8   3   3   5.3e-24   9.9e-22   77.5   0.1   249   318   376   445   336   458 0.85 transcript=EWB00_006767 gene=EWB00_006767
EWB00_001513.2       -            786 303117at33208        -            343   3.7e-51  174.3   0.0   1   1   1.6e-52   2.9e-50  171.3   0.0    21   319   308   651   296   659 0.80 transcript=EWB00_001513.2 gene=EWB00_001513
EWB00_001513.1       -            940 303117at33208        -            343   6.4e-51  173.5   0.0   1   1   2.2e-52   4.2e-50  170.8   0.0    21   319   360   703   347   712 0.80 transcript=EWB00_001513.1 gene=EWB00_001513
EWB00_001513.3       -            992 303117at33208        -            343   7.3e-51  173.3   0.0   1   1   2.4e-52   4.5e-50  170.7   0.0    21   319   308   651   295   664 0.80 transcript=EWB00_001513.3 gene=EWB00_001513
EWB00_008576.3       -            657 303117at33208        -            343   2.3e-49  168.4   0.4   1   1   1.1e-48   2.1e-46  158.6   0.4    23   316    35   386    30   394 0.75 transcript=EWB00_008576.3 gene=EWB00_008576
EWB00_008576.4       -            746 303117at33208        -            343   3.2e-49  167.9   0.3   1   2   9.4e-34   1.8e-31  109.6   0.2    23   205    35   240    30   252 0.83 transcript=EWB00_008576.4 gene=EWB00_008576
EWB00_008576.4       -            746 303117at33208        -            343   3.2e-49  167.9   0.3   2   2   8.5e-17   1.6e-14   53.8   0.0   220   316   281   386   266   394 0.75 transcript=EWB00_008576.4 gene=EWB00_008576
EWB00_005337         -            768 303117at33208        -            343   6.2e-49  166.9   0.0   1   2   8.3e-25   1.5e-22   80.1   0.0    27   169   104   251    96   262 0.85 transcript=EWB00_005337 gene=EWB00_005337
EWB00_005337         -            768 303117at33208        -            343   6.2e-49  166.9   0.0   2   2   3.9e-26   7.3e-24   84.5   0.0   219   324   332   443   310   462 0.81 transcript=EWB00_005337 gene=EWB00_005337
EWB00_000631         -            818 303117at33208        -            343   2.7e-48  164.9   0.0   1   2     8e-25   1.5e-22   80.2   0.0    36   168    33   170    20   174 0.90 transcript=EWB00_000631 gene=EWB00_000631
EWB00_000631         -            818 303117at33208        -            343   2.7e-48  164.9   0.0   2   2   1.8e-25   3.3e-23   82.4   0.1   218   335   251   375   226   382 0.79 transcript=EWB00_000631 gene=EWB00_000631
EWB00_006487.2       -            455 303117at33208        -            343   4.3e-48  164.2   0.9   1   2   7.8e-27   1.4e-24   86.8   0.1    22   169    11   173     8   207 0.83 transcript=EWB00_006487.2 gene=EWB00_006487
EWB00_006487.2       -            455 303117at33208        -            343   4.3e-48  164.2   0.9   2   2   2.6e-23   4.9e-21   75.2   0.1   222   324   275   383   259   399 0.81 transcript=EWB00_006487.2 gene=EWB00_006487
EWB00_006487.3       -            455 303117at33208        -            343   4.3e-48  164.2   0.9   1   2   7.8e-27   1.4e-24   86.8   0.1    22   169    11   173     8   207 0.83 transcript=EWB00_006487.3 gene=EWB00_006487
EWB00_006487.3       -            455 303117at33208        -            343   4.3e-48  164.2   0.9   2   2   2.6e-23   4.9e-21   75.2   0.1   222   324   275   383   259   399 0.81 transcript=EWB00_006487.3 gene=EWB00_006487
EWB00_006487.4       -            455 303117at33208        -            343   4.3e-48  164.2   0.9   1   2   7.8e-27   1.4e-24   86.8   0.1    22   169    11   173     8   207 0.83 transcript=EWB00_006487.4 gene=EWB00_006487
EWB00_006487.4       -            455 303117at33208        -            343   4.3e-48  164.2   0.9   2   2   2.6e-23   4.9e-21   75.2   0.1   222   324   275   383   259   399 0.81 transcript=EWB00_006487.4 gene=EWB00_006487
EWB00_008576.2       -            706 303117at33208        -            343   5.7e-48  163.8   0.7   1   2   1.6e-32     3e-30  105.5   0.4    36   205     8   200     1   211 0.82 transcript=EWB00_008576.2 gene=EWB00_008576
EWB00_008576.2       -            706 303117at33208        -            343   5.7e-48  163.8   0.7   2   2   7.3e-17   1.4e-14   54.0   0.0   220   316   241   346   218   354 0.76 transcript=EWB00_008576.2 gene=EWB00_008576
EWB00_005362         -            449 303117at33208        -            343   2.2e-47  161.8   1.9   1   1   6.2e-48   1.2e-45  156.2   1.9    28   321    57   385    49   403 0.79 transcript=EWB00_005362 gene=EWB00_005362
EWB00_011174         -            939 303117at33208        -            343   3.9e-47  161.0   0.0   1   2   3.4e-26   6.3e-24   84.7   0.0    22   168   168   327   144   331 0.81 transcript=EWB00_011174 gene=EWB00_011174
EWB00_011174         -            939 303117at33208        -            343   3.9e-47  161.0   0.0   2   2   1.1e-22   2.1e-20   73.1   0.0   223   318   417   518   345   538 0.79 transcript=EWB00_011174 gene=EWB00_011174
EWB00_000635.1       -            626 303117at33208        -            343   7.5e-47  160.1   0.0   1   1   8.9e-48   1.7e-45  155.7   0.0    32   318    50   375    39   377 0.82 transcript=EWB00_000635.1 gene=EWB00_000635
EWB00_000635.2       -            626 303117at33208        -            343   7.5e-47  160.1   0.0   1   1   8.9e-48   1.7e-45  155.7   0.0    32   318    50   375    39   377 0.82 transcript=EWB00_000635.2 gene=EWB00_000635
EWB00_005581.2       -            531 303117at33208        -            343   3.8e-46  157.8   0.1   1   1   1.5e-47   2.8e-45  154.9   0.1    21   319   100   448    97   463 0.78 transcript=EWB00_005581.2 gene=EWB00_005581
EWB00_003908.1       -            629 303117at33208        -            343   5.4e-46  157.3   0.0   1   2   1.7e-23   3.1e-21   75.8   0.0    22   169   209   365   195   370 0.83 transcript=EWB00_003908.1 gene=EWB00_003908
EWB00_003908.1       -            629 303117at33208        -            343   5.4e-46  157.3   0.0   2   2   1.8e-24   3.4e-22   79.0   0.0   203   319   451   576   402   590 0.72 transcript=EWB00_003908.1 gene=EWB00_003908
EWB00_003908.2       -            629 303117at33208        -            343   5.4e-46  157.3   0.0   1   2   1.7e-23   3.1e-21   75.8   0.0    22   169   209   365   195   370 0.83 transcript=EWB00_003908.2 gene=EWB00_003908
EWB00_003908.2       -            629 303117at33208        -            343   5.4e-46  157.3   0.0   2   2   1.8e-24   3.4e-22   79.0   0.0   203   319   451   576   402   590 0.72 transcript=EWB00_003908.2 gene=EWB00_003908
EWB00_002116         -            723 303117at33208        -            343   5.9e-46  157.2   0.0   1   3   7.8e-29   1.5e-26   93.4   0.0    28   168   134   282   112   289 0.85 transcript=EWB00_002116 gene=EWB00_002116
EWB00_002116         -            723 303117at33208        -            343   5.9e-46  157.2   0.0   2   3       0.2        38    3.2   0.0   164   194   306   336   296   344 0.90 transcript=EWB00_002116 gene=EWB00_002116
EWB00_002116         -            723 303117at33208        -            343   5.9e-46  157.2   0.0   3   3   1.2e-17   2.2e-15   56.6   0.0   250   318   460   528   424   543 0.91 transcript=EWB00_002116 gene=EWB00_002116
EWB00_005581.1       -            621 303117at33208        -            343   6.8e-46  156.9   0.1   1   1   2.6e-47   4.9e-45  154.1   0.1    21   319   190   538   187   546 0.78 transcript=EWB00_005581.1 gene=EWB00_005581
EWB00_001080         -            392 303117at33208        -            343     7e-46  156.9   1.0   1   2   1.4e-22   2.5e-20   72.9   0.1    34   167    41   174    27   186 0.87 transcript=EWB00_001080 gene=EWB00_001080
EWB00_001080         -            392 303117at33208        -            343     7e-46  156.9   1.0   2   2   1.1e-25   2.1e-23   83.0   0.1   202   320   243   364   194   389 0.73 transcript=EWB00_001080 gene=EWB00_001080
EWB00_004893.1       -            846 303117at33208        -            343   8.4e-46  156.6   0.1   1   1   2.1e-46   3.8e-44  151.2   0.1    23   318   308   646   303   668 0.77 transcript=EWB00_004893.1 gene=EWB00_004893
EWB00_004893.2       -            846 303117at33208        -            343   8.4e-46  156.6   0.1   1   1   2.1e-46   3.8e-44  151.2   0.1    23   318   308   646   303   668 0.77 transcript=EWB00_004893.2 gene=EWB00_004893
EWB00_004893.3       -            846 303117at33208        -            343   8.4e-46  156.6   0.1   1   1   2.1e-46   3.8e-44  151.2   0.1    23   318   308   646   303   668 0.77 transcript=EWB00_004893.3 gene=EWB00_004893
EWB00_004893.4       -            846 303117at33208        -            343   8.4e-46  156.6   0.1   1   1   2.1e-46   3.8e-44  151.2   0.1    23   318   308   646   303   668 0.77 transcript=EWB00_004893.4 gene=EWB00_004893
EWB00_009038         -            461 303117at33208        -            343   6.5e-45  153.7   0.2   1   2   6.6e-24   1.2e-21   77.2   0.0    24   168    31   176    19   184 0.88 transcript=EWB00_009038 gene=EWB00_009038
EWB00_009038         -            461 303117at33208        -            343   6.5e-45  153.7   0.2   2   2   5.9e-23   1.1e-20   74.1   0.0   220   323   269   379   258   389 0.82 transcript=EWB00_009038 gene=EWB00_009038
EWB00_003418.2       -            581 303117at33208        -            343   1.3e-44  152.7   0.0   1   2   7.8e-24   1.4e-21   76.9   0.0    24   169   185   345   163   359 0.82 transcript=EWB00_003418.2 gene=EWB00_003418
EWB00_003418.2       -            581 303117at33208        -            343   1.3e-44  152.7   0.0   2   2   3.6e-22   6.7e-20   71.5   0.0   223   318   434   535   350   557 0.83 transcript=EWB00_003418.2 gene=EWB00_003418
EWB00_003418.1       -            637 303117at33208        -            343     2e-44  152.1   0.0   1   1   3.5e-43   6.4e-41  140.6   0.0    24   318   185   535   161   557 0.73 transcript=EWB00_003418.1 gene=EWB00_003418
EWB00_000741.1       -            402 303117at33208        -            343   8.2e-44  150.1   0.2   1   1   2.3e-43   4.2e-41  141.2   0.2    31   339    48   398    36   401 0.78 transcript=EWB00_000741.1 gene=EWB00_000741
EWB00_000741.2       -            402 303117at33208        -            343   8.2e-44  150.1   0.2   1   1   2.3e-43   4.2e-41  141.2   0.2    31   339    48   398    36   401 0.78 transcript=EWB00_000741.2 gene=EWB00_000741
EWB00_000741.3       -            402 303117at33208        -            343   8.2e-44  150.1   0.2   1   1   2.3e-43   4.2e-41  141.2   0.2    31   339    48   398    36   401 0.78 transcript=EWB00_000741.3 gene=EWB00_000741
EWB00_000741.4       -            402 303117at33208        -            343   8.2e-44  150.1   0.2   1   1   2.3e-43   4.2e-41  141.2   0.2    31   339    48   398    36   401 0.78 transcript=EWB00_000741.4 gene=EWB00_000741
EWB00_000741.5       -            402 303117at33208        -            343   8.2e-44  150.1   0.2   1   1   2.3e-43   4.2e-41  141.2   0.2    31   339    48   398    36   401 0.78 transcript=EWB00_000741.5 gene=EWB00_000741
EWB00_000741.6       -            402 303117at33208        -            343   8.2e-44  150.1   0.2   1   1   2.3e-43   4.2e-41  141.2   0.2    31   339    48   398    36   401 0.78 transcript=EWB00_000741.6 gene=EWB00_000741
EWB00_000690         -            622 303117at33208        -            343   1.1e-43  149.7   1.1   1   3     8e-26   1.5e-23   83.5   0.1    22   169    19   169    13   179 0.89 transcript=EWB00_000690 gene=EWB00_000690
EWB00_000690         -            622 303117at33208        -            343   1.1e-43  149.7   1.1   2   3       6.1   1.1e+03   -1.6   0.0   168   181   189   202   181   239 0.79 transcript=EWB00_000690 gene=EWB00_000690
EWB00_000690         -            622 303117at33208        -            343   1.1e-43  149.7   1.1   3   3   7.9e-20   1.5e-17   63.8   0.0   250   319   296   365   251   379 0.83 transcript=EWB00_000690 gene=EWB00_000690
EWB00_004214         -            426 303117at33208        -            343   1.8e-43  149.0   3.0   1   1   3.7e-44   6.8e-42  143.8   3.0    24   338    55   416    50   421 0.77 transcript=EWB00_004214 gene=EWB00_004214
EWB00_005163         -            389 303117at33208        -            343   5.4e-43  147.4   0.7   1   2   1.2e-20   2.2e-18   66.5   0.2    31   168    35   172    19   214 0.87 transcript=EWB00_005163 gene=EWB00_005163
EWB00_005163         -            389 303117at33208        -            343   5.4e-43  147.4   0.7   2   2   1.1e-24   2.1e-22   79.7   0.0   219   334   254   380   218   387 0.78 transcript=EWB00_005163 gene=EWB00_005163
EWB00_004066.2       -            364 303117at33208        -            343   1.4e-42  146.1   0.2   1   1   6.5e-43   1.2e-40  139.7   0.2   102   319     4   271     1   287 0.78 transcript=EWB00_004066.2 gene=EWB00_004066
EWB00_005840.5       -            452 303117at33208        -            343   5.9e-42  144.0   0.2   1   1   1.1e-38     2e-36  125.8   0.2    21   330    14   409     3   421 0.67 transcript=EWB00_005840.5 gene=EWB00_005840
EWB00_005840.4       -            504 303117at33208        -            343   9.2e-42  143.4   0.2   1   2   2.2e-23   4.1e-21   75.5   0.1    21   169    14   193     3   258 0.74 transcript=EWB00_005840.4 gene=EWB00_005840
EWB00_005840.4       -            504 303117at33208        -            343   9.2e-42  143.4   0.2   2   2   4.7e-20   8.8e-18   64.5   0.0   215   330   284   409   256   421 0.76 transcript=EWB00_005840.4 gene=EWB00_005840
EWB00_005840.1       -            537 303117at33208        -            343   1.2e-41  142.9   0.2   1   2   2.5e-23   4.7e-21   75.3   0.1    21   169    14   193     3   257 0.74 transcript=EWB00_005840.1 gene=EWB00_005840
EWB00_005840.1       -            537 303117at33208        -            343   1.2e-41  142.9   0.2   2   2   5.3e-20   9.9e-18   64.3   0.0   215   330   284   409   256   421 0.76 transcript=EWB00_005840.1 gene=EWB00_005840
EWB00_005840.3       -            621 303117at33208        -            343     2e-41  142.2   0.1   1   2   3.4e-23   6.3e-21   74.8   0.1    21   169    14   193     3   259 0.74 transcript=EWB00_005840.3 gene=EWB00_005840
EWB00_005840.3       -            621 303117at33208        -            343     2e-41  142.2   0.1   2   2   5.3e-20   9.8e-18   64.3   0.0   215   330   284   409   236   421 0.76 transcript=EWB00_005840.3 gene=EWB00_005840
EWB00_005840.2       -            621 303117at33208        -            343     2e-41  142.2   0.1   1   2   3.4e-23   6.3e-21   74.8   0.1    21   169    14   193     3   259 0.74 transcript=EWB00_005840.2 gene=EWB00_005840
EWB00_005840.2       -            621 303117at33208        -            343     2e-41  142.2   0.1   2   2   5.3e-20   9.8e-18   64.3   0.0   215   330   284   409   236   421 0.76 transcript=EWB00_005840.2 gene=EWB00_005840
EWB00_007219.2       -            511 303117at33208        -            343   6.4e-40  137.3   0.1   1   2   2.7e-19   5.1e-17   62.0   0.0    51   183    54   206    47   222 0.74 transcript=EWB00_007219.2 gene=EWB00_007219
EWB00_007219.2       -            511 303117at33208        -            343   6.4e-40  137.3   0.1   2   2   4.4e-22   8.2e-20   71.2   0.1   221   320   317   422   302   437 0.77 transcript=EWB00_007219.2 gene=EWB00_007219
EWB00_007219.4       -            511 303117at33208        -            343   6.4e-40  137.3   0.1   1   2   2.7e-19   5.1e-17   62.0   0.0    51   183    54   206    47   222 0.74 transcript=EWB00_007219.4 gene=EWB00_007219
EWB00_007219.4       -            511 303117at33208        -            343   6.4e-40  137.3   0.1   2   2   4.4e-22   8.2e-20   71.2   0.1   221   320   317   422   302   437 0.77 transcript=EWB00_007219.4 gene=EWB00_007219
EWB00_007219.3       -            633 303117at33208        -            343     8e-40  137.0   0.5   1   3       5.2   9.6e+02   -1.4   0.0    20    45   113   138   104   143 0.83 transcript=EWB00_007219.3 gene=EWB00_007219
EWB00_007219.3       -            633 303117at33208        -            343     8e-40  137.0   0.5   2   3   4.1e-19   7.5e-17   61.4   0.0    51   183   176   328   169   344 0.74 transcript=EWB00_007219.3 gene=EWB00_007219
EWB00_007219.3       -            633 303117at33208        -            343     8e-40  137.0   0.5   3   3   6.2e-22   1.2e-19   70.7   0.1   221   320   439   544   424   559 0.77 transcript=EWB00_007219.3 gene=EWB00_007219
EWB00_004200.3       -            578 303117at33208        -            343     3e-39  135.1   0.5   1   3   6.4e-11   1.2e-08   34.5   0.0    23    75    71   123    50   134 0.88 transcript=EWB00_004200.3 gene=EWB00_004200
EWB00_004200.3       -            578 303117at33208        -            343     3e-39  135.1   0.5   2   3    0.0001     0.019   14.1   0.0   116   169   206   262   142   269 0.83 transcript=EWB00_004200.3 gene=EWB00_004200
EWB00_004200.3       -            578 303117at33208        -            343     3e-39  135.1   0.5   3   3   3.2e-25     6e-23   81.5   0.0   223   318   386   489   365   506 0.82 transcript=EWB00_004200.3 gene=EWB00_004200
EWB00_004200.4       -            578 303117at33208        -            343     3e-39  135.1   0.5   1   3   6.4e-11   1.2e-08   34.5   0.0    23    75    71   123    50   134 0.88 transcript=EWB00_004200.4 gene=EWB00_004200
EWB00_004200.4       -            578 303117at33208        -            343     3e-39  135.1   0.5   2   3    0.0001     0.019   14.1   0.0   116   169   206   262   142   269 0.83 transcript=EWB00_004200.4 gene=EWB00_004200
EWB00_004200.4       -            578 303117at33208        -            343     3e-39  135.1   0.5   3   3   3.2e-25     6e-23   81.5   0.0   223   318   386   489   365   506 0.82 transcript=EWB00_004200.4 gene=EWB00_004200
EWB00_004200.2       -            606 303117at33208        -            343   3.8e-39  134.8   0.5   1   3   7.2e-11   1.3e-08   34.3   0.0    23    75    71   123    51   134 0.89 transcript=EWB00_004200.2 gene=EWB00_004200
EWB00_004200.2       -            606 303117at33208        -            343   3.8e-39  134.8   0.5   2   3   0.00011      0.02   14.0   0.0   116   169   206   262   142   269 0.83 transcript=EWB00_004200.2 gene=EWB00_004200
EWB00_004200.2       -            606 303117at33208        -            343   3.8e-39  134.8   0.5   3   3   3.5e-25   6.5e-23   81.4   0.0   223   318   386   489   365   506 0.82 transcript=EWB00_004200.2 gene=EWB00_004200
EWB00_010353         -            721 303117at33208        -            343   5.3e-38  131.0   0.0   1   3     1e-07   1.9e-05   24.0   0.0    37    80    29    72    11   104 0.88 transcript=EWB00_010353 gene=EWB00_010353
EWB00_010353         -            721 303117at33208        -            343   5.3e-38  131.0   0.0   2   3   6.5e-11   1.2e-08   34.4   0.0    87   167   275   357   271   375 0.80 transcript=EWB00_010353 gene=EWB00_010353
EWB00_010353         -            721 303117at33208        -            343   5.3e-38  131.0   0.0   3   3   3.5e-21   6.6e-19   68.2   0.0   251   324   535   608   527   617 0.93 transcript=EWB00_010353 gene=EWB00_010353
EWB00_008084         -            731 303117at33208        -            343   2.4e-33  115.7   0.2   1   2   2.3e-17   4.2e-15   55.7   0.0    24   167    76   219    63   224 0.89 transcript=EWB00_008084 gene=EWB00_008084
EWB00_008084         -            731 303117at33208        -            343   2.4e-33  115.7   0.2   2   2   1.1e-17   2.1e-15   56.7   0.0   210   319   315   430   284   451 0.80 transcript=EWB00_008084 gene=EWB00_008084
EWB00_006487.1       -            392 303117at33208        -            343   5.8e-32  111.1   0.7   1   2   1.6e-10   2.9e-08   33.2   0.1    79   169     6   110     1   145 0.79 transcript=EWB00_006487.1 gene=EWB00_006487
EWB00_006487.1       -            392 303117at33208        -            343   5.8e-32  111.1   0.7   2   2   1.9e-23   3.5e-21   75.7   0.1   222   324   212   320   195   337 0.82 transcript=EWB00_006487.1 gene=EWB00_006487
EWB00_004200.1       -            446 303117at33208        -            343   3.8e-28   98.6   0.0   1   2   8.9e-05     0.017   14.3   0.0   116   169    46   102    28   109 0.81 transcript=EWB00_004200.1 gene=EWB00_004200
EWB00_004200.1       -            446 303117at33208        -            343   3.8e-28   98.6   0.0   2   2     2e-25   3.8e-23   82.2   0.0   223   318   226   329   204   347 0.82 transcript=EWB00_004200.1 gene=EWB00_004200
EWB00_008576.1       -            588 303117at33208        -            343   3.2e-22   79.1   1.2   1   1   2.1e-21     4e-19   68.9   1.2   142   316     3   228     1   236 0.69 transcript=EWB00_008576.1 gene=EWB00_008576
EWB00_004052         -            461 303117at33208        -            343   8.6e-22   77.7   0.2   1   3   9.9e-07   0.00018   20.7   0.1   126   167    10    50     6    88 0.88 transcript=EWB00_004052 gene=EWB00_004052
EWB00_004052         -            461 303117at33208        -            343   8.6e-22   77.7   0.2   2   3   0.00087      0.16   11.0   0.0   221   273   139   197   110   206 0.76 transcript=EWB00_004052 gene=EWB00_004052
EWB00_004052         -            461 303117at33208        -            343   8.6e-22   77.7   0.2   3   3   2.7e-13     5e-11   42.3   0.0   274   321   226   273   207   286 0.90 transcript=EWB00_004052 gene=EWB00_004052
EWB00_003908.3       -            538 303117at33208        -            343   8.8e-22   77.7   0.0   1   1   1.3e-23   2.4e-21   76.3   0.0    22   169   288   444   274   449 0.83 transcript=EWB00_003908.3 gene=EWB00_003908
EWB00_002625         -           1667 303117at33208        -            343   3.1e-20   72.6   0.7   1   4   2.7e-08     5e-06   25.9   0.2    12   163    32   192    23   214 0.72 transcript=EWB00_002625 gene=EWB00_002625
EWB00_002625         -           1667 303117at33208        -            343   3.1e-20   72.6   0.7   2   4     0.035       6.4    5.8   0.0   251   287   368   404   360   415 0.88 transcript=EWB00_002625 gene=EWB00_002625
EWB00_002625         -           1667 303117at33208        -            343   3.1e-20   72.6   0.7   3   4   1.2e-09   2.3e-07   30.3   0.0    31   144   907  1018   897  1046 0.85 transcript=EWB00_002625 gene=EWB00_002625
EWB00_002625         -           1667 303117at33208        -            343   3.1e-20   72.6   0.7   4   4     0.061        11    5.0   0.0   252   318  1231  1309  1202  1323 0.60 transcript=EWB00_002625 gene=EWB00_002625
EWB00_007219.1       -            566 303117at33208        -            343   6.4e-19   68.2   0.6   1   3       4.3     8e+02   -1.1   0.0    19    45   112   138   103   143 0.82 transcript=EWB00_007219.1 gene=EWB00_007219
EWB00_007219.1       -            566 303117at33208        -            343   6.4e-19   68.2   0.6   2   3   3.3e-19   6.2e-17   61.7   0.0    51   183   176   328   169   344 0.74 transcript=EWB00_007219.1 gene=EWB00_007219
EWB00_007219.1       -            566 303117at33208        -            343   6.4e-19   68.2   0.6   3   3      0.83   1.5e+02    1.2   0.1   222   272   440   496   425   510 0.68 transcript=EWB00_007219.1 gene=EWB00_007219
EWB00_007840.2       -            401 303117at33208        -            343   1.7e-15   57.0   0.1   1   2   2.9e-14   5.5e-12   45.5   0.0    29   184    93   253    79   313 0.80 transcript=EWB00_007840.2 gene=EWB00_007840
EWB00_007840.2       -            401 303117at33208        -            343   1.7e-15   57.0   0.1   2   2    0.0024      0.45    9.6   0.0   224   278   325   385   317   396 0.69 transcript=EWB00_007840.2 gene=EWB00_007840
EWB00_007840.1       -            407 303117at33208        -            343   2.6e-14   53.1   0.1   1   1   2.5e-14   4.7e-12   45.7   0.1    29   185    93   254    79   385 0.84 transcript=EWB00_007840.1 gene=EWB00_007840
EWB00_009678.1       -            294 303117at33208        -            343   1.1e-13   51.0   0.2   1   2       0.6   1.1e+02    1.7   0.0   219   244    70    95    67   103 0.88 transcript=EWB00_009678.1 gene=EWB00_009678
EWB00_009678.1       -            294 303117at33208        -            343   1.1e-13   51.0   0.2   2   2   1.3e-14   2.5e-12   46.6   0.0   250   317   120   196   108   213 0.83 transcript=EWB00_009678.1 gene=EWB00_009678
EWB00_009678.2       -            348 303117at33208        -            343   1.9e-13   50.3   0.1   1   2      0.74   1.4e+02    1.4   0.0   219   244    70    95    67   103 0.88 transcript=EWB00_009678.2 gene=EWB00_009678
EWB00_009678.2       -            348 303117at33208        -            343   1.9e-13   50.3   0.1   2   2   1.8e-14   3.4e-12   46.2   0.0   250   317   120   196   108   215 0.83 transcript=EWB00_009678.2 gene=EWB00_009678
EWB00_009679.2       -            230 303117at33208        -            343   5.5e-13   48.7   0.1   1   2   1.4e-10   2.5e-08   33.4   0.0    23    78    13    69     7    74 0.86 transcript=EWB00_009679.2 gene=EWB00_009679
EWB00_009679.2       -            230 303117at33208        -            343   5.5e-13   48.7   0.1   2   2   0.00016     0.031   13.4   0.0    62   103   143   185   132   213 0.73 transcript=EWB00_009679.2 gene=EWB00_009679
EWB00_009679.1       -            230 303117at33208        -            343   5.5e-13   48.7   0.1   1   2   1.4e-10   2.5e-08   33.4   0.0    23    78    13    69     7    74 0.86 transcript=EWB00_009679.1 gene=EWB00_009679
EWB00_009679.1       -            230 303117at33208        -            343   5.5e-13   48.7   0.1   2   2   0.00016     0.031   13.4   0.0    62   103   143   185   132   213 0.73 transcript=EWB00_009679.1 gene=EWB00_009679
EWB00_005561.1       -            858 303117at33208        -            343     3e-12   46.3   0.0   1   2   3.4e-05    0.0064   15.6   0.0    23   163   376   514   359   523 0.70 transcript=EWB00_005561.1 gene=EWB00_005561
EWB00_005561.1       -            858 303117at33208        -            343     3e-12   46.3   0.0   2   2   5.5e-09     1e-06   28.1   0.0   250   317   674   741   614   753 0.92 transcript=EWB00_005561.1 gene=EWB00_005561
EWB00_005561.2       -           1150 303117at33208        -            343   6.1e-12   45.3   0.0   1   2   5.2e-05    0.0097   15.0   0.0    23   163   376   514   359   523 0.69 transcript=EWB00_005561.2 gene=EWB00_005561
EWB00_005561.2       -           1150 303117at33208        -            343   6.1e-12   45.3   0.0   2   2   7.9e-09   1.5e-06   27.6   0.0   250   317   674   741   618   754 0.92 transcript=EWB00_005561.2 gene=EWB00_005561
EWB00_005089         -            203 303117at33208        -            343   8.9e-12   44.8   0.0   1   1   6.7e-14   1.2e-11   44.3   0.0   250   319     7    76     4    97 0.89 transcript=EWB00_005089 gene=EWB00_005089
EWB00_003961         -           1114 303117at33208        -            343   1.9e-10   40.4   0.0   1   2   1.6e-05    0.0029   16.8   0.0    30    90   379   442   367   465 0.74 transcript=EWB00_003961 gene=EWB00_003961
EWB00_003961         -           1114 303117at33208        -            343   1.9e-10   40.4   0.0   2   2   7.8e-07   0.00014   21.0   0.0   250   315   640   706   624   715 0.84 transcript=EWB00_003961 gene=EWB00_003961
EWB00_001304.2       -           1344 303117at33208        -            343   4.4e-10   39.2   0.1   1   2   1.2e-05    0.0023   17.1   0.0    50   167   128   243   112   256 0.83 transcript=EWB00_001304.2 gene=EWB00_001304
EWB00_001304.2       -           1344 303117at33208        -            343   4.4e-10   39.2   0.1   2   2   2.3e-06   0.00043   19.5   0.0   249   308   572   631   562   654 0.88 transcript=EWB00_001304.2 gene=EWB00_001304
EWB00_001304.1       -           1380 303117at33208        -            343   4.7e-10   39.1   0.1   1   2   1.3e-05    0.0024   17.0   0.0    50   167   128   243   112   256 0.83 transcript=EWB00_001304.1 gene=EWB00_001304
EWB00_001304.1       -           1380 303117at33208        -            343   4.7e-10   39.1   0.1   2   2   2.4e-06   0.00044   19.4   0.0   249   308   572   631   562   654 0.88 transcript=EWB00_001304.1 gene=EWB00_001304
EWB00_007129         -           1128 303117at33208        -            343     4e-08   32.7   0.1   1   2     1e-05    0.0019   17.4   0.0    43   146    32   136    10   164 0.55 transcript=EWB00_007129 gene=EWB00_007129
EWB00_007129         -           1128 303117at33208        -            343     4e-08   32.7   0.1   2   2   0.00035     0.064   12.3   0.0   249   309   310   370   279   379 0.87 transcript=EWB00_007129 gene=EWB00_007129
EWB00_001262         -            211 303117at33208        -            343   4.7e-06   25.9   0.0   1   1   4.6e-08   8.5e-06   25.1   0.0    30    74    88   132    73   165 0.84 transcript=EWB00_001262 gene=EWB00_001262
EWB00_001263         -            370 303117at33208        -            343   7.9e-06   25.2   0.0   1   1     7e-08   1.3e-05   24.5   0.0   253   312    88   147    52   159 0.91 transcript=EWB00_001263 gene=EWB00_001263
EWB00_011064.2       -            742 303117at33208        -            343    0.0001   21.6   0.0   1   2   0.00014     0.027   13.6   0.0    59   173   136   248   116   307 0.79 transcript=EWB00_011064.2 gene=EWB00_011064
EWB00_011064.2       -            742 303117at33208        -            343    0.0001   21.6   0.0   2   2     0.067        13    4.8   0.0   252   314   465   530   457   556 0.72 transcript=EWB00_011064.2 gene=EWB00_011064
EWB00_009437         -            288 303117at33208        -            343   0.00011   21.5   0.0   1   1   6.9e-07   0.00013   21.2   0.0    22    92    20    92    10   178 0.81 transcript=EWB00_009437 gene=EWB00_009437
EWB00_011064.3       -            780 303117at33208        -            343   0.00012   21.4   0.0   1   2   0.00016     0.029   13.5   0.0    59   173    62   174    42   232 0.79 transcript=EWB00_011064.3 gene=EWB00_011064
EWB00_011064.3       -            780 303117at33208        -            343   0.00012   21.4   0.0   2   2     0.073        14    4.7   0.0   252   314   391   456   383   481 0.72 transcript=EWB00_011064.3 gene=EWB00_011064
EWB00_011064.1       -           1009 303117at33208        -            343   0.00027   20.2   0.0   1   2   0.00024     0.044   12.9   0.0    59   173   136   248   117   302 0.79 transcript=EWB00_011064.1 gene=EWB00_011064
EWB00_011064.1       -           1009 303117at33208        -            343   0.00027   20.2   0.0   2   2     0.099        18    4.3   0.0   252   314   465   530   456   556 0.72 transcript=EWB00_011064.1 gene=EWB00_011064
EWB00_002095         -            853 303117at33208        -            343   0.00041   19.6   0.0   1   1   3.7e-06   0.00069   18.8   0.0   250   339   334   427   324   431 0.83 transcript=EWB00_002095 gene=EWB00_002095
EWB00_008513.3       -            824 303117at33208        -            343    0.0013   17.9   0.7   1   3         9   1.7e+03   -2.2   0.0   133   158    49    74    45    84 0.90 transcript=EWB00_008513.3 gene=EWB00_008513
EWB00_008513.3       -            824 303117at33208        -            343    0.0013   17.9   0.7   2   3   0.00026     0.048   12.7   0.3    35   126    85   171    69   180 0.81 transcript=EWB00_008513.3 gene=EWB00_008513
EWB00_008513.3       -            824 303117at33208        -            343    0.0013   17.9   0.7   3   3      0.57   1.1e+02    1.8   0.0   260   320   419   486   411   493 0.64 transcript=EWB00_008513.3 gene=EWB00_008513
EWB00_008513.5       -            824 303117at33208        -            343    0.0013   17.9   0.7   1   3         9   1.7e+03   -2.2   0.0   133   158    49    74    45    84 0.90 transcript=EWB00_008513.5 gene=EWB00_008513
EWB00_008513.5       -            824 303117at33208        -            343    0.0013   17.9   0.7   2   3   0.00026     0.048   12.7   0.3    35   126    85   171    69   180 0.81 transcript=EWB00_008513.5 gene=EWB00_008513
EWB00_008513.5       -            824 303117at33208        -            343    0.0013   17.9   0.7   3   3      0.57   1.1e+02    1.8   0.0   260   320   419   486   411   493 0.64 transcript=EWB00_008513.5 gene=EWB00_008513
EWB00_008513.2       -           1047 303117at33208        -            343    0.0028   16.8   0.8   1   2   0.00038     0.071   12.2   0.3    36   126    86   171    72   180 0.81 transcript=EWB00_008513.2 gene=EWB00_008513
EWB00_008513.2       -           1047 303117at33208        -            343    0.0028   16.8   0.8   2   2      0.76   1.4e+02    1.3   0.0   260   320   419   486   411   493 0.63 transcript=EWB00_008513.2 gene=EWB00_008513
EWB00_008513.4       -           1047 303117at33208        -            343    0.0028   16.8   0.8   1   2   0.00038     0.071   12.2   0.3    36   126    86   171    72   180 0.81 transcript=EWB00_008513.4 gene=EWB00_008513
EWB00_008513.4       -           1047 303117at33208        -            343    0.0028   16.8   0.8   2   2      0.76   1.4e+02    1.3   0.0   260   320   419   486   411   493 0.63 transcript=EWB00_008513.4 gene=EWB00_008513
EWB00_006343         -           1039 303117at33208        -            343     0.059   12.5   0.1   1   2     0.011       2.1    7.3   0.0    38    99   124   183   117   261 0.86 transcript=EWB00_006343 gene=EWB00_006343
EWB00_006343         -           1039 303117at33208        -            343     0.059   12.5   0.1   2   2      0.42        79    2.2   0.0   260   323   451   522   442   532 0.68 transcript=EWB00_006343 gene=EWB00_006343
#
# Program:         hmmsearch
# Version:         3.4 (Aug 2023)
# Pipeline mode:   SEARCH
# Query file:      /users/40483456/busco_datasets/busco_downloads/lineages/metazoa_odb10/hmms/303117at33208.hmm
# Target file:     /users/40483456/protein/schistosoma_japonicum.fa
# Option settings: hmmsearch --domtblout /users/40483456/busco/results_pro/schistosoma_japonicum_busco/run_metazoa_odb10/hmmer_output/initial_run_results/303117at33208.out --cpu 1 /users/40483456/busco_datasets/busco_downloads/lineages/metazoa_odb10/hmms/303117at33208.hmm /users/40483456/protein/schistosoma_japonicum.fa 
# Current dir:     /users/40483456
# Date:            Thu Jan 15 17:52:58 2026
# [ok]
