#                                                                            --- full sequence --- -------------- this domain -------------   hmm coord   ali coord   env coord
# target name        accession   tlen query name           accession   qlen   E-value  score  bias   #  of  c-Evalue  i-Evalue  score  bias  from    to  from    to  from    to  acc description of target
#------------------- ---------- ----- -------------------- ---------- ----- --------- ------ ----- --- --- --------- --------- ------ ----- ----- ----- ----- ----- ----- ----- ---- ---------------------
EWB00_005974         -            309 378768at33208        -            261  9.5e-127  421.9   9.2   1   1  2.6e-127  1.3e-124  414.9   9.2     1   261     1   296     1   296 0.91 transcript=EWB00_005974 gene=EWB00_005974
EWB00_005975         -            309 378768at33208        -            261  3.2e-126  420.2   9.7   1   1  9.2e-127  4.7e-124  413.1   9.7     1   261     1   296     1   296 0.90 transcript=EWB00_005975 gene=EWB00_005975
EWB00_008944         -            440 378768at33208        -            261   1.3e-12   47.8   3.4   1   2   1.4e-11     7e-09   35.6   0.4     2   134    63   192    62   209 0.91 transcript=EWB00_008944 gene=EWB00_008944
EWB00_008944         -            440 378768at33208        -            261   1.3e-12   47.8   3.4   2   2   0.00011     0.054   13.0   0.2   137   191   224   281   217   300 0.77 transcript=EWB00_008944 gene=EWB00_008944
EWB00_007160         -            626 378768at33208        -            261   1.6e-05   24.6   0.8   1   1   6.9e-08   3.6e-05   23.4   0.8     4   176   436   604   433   618 0.69 transcript=EWB00_007160 gene=EWB00_007160
EWB00_004950         -            293 378768at33208        -            261   5.4e-05   22.8   0.4   1   1   1.5e-07   7.7e-05   22.3   0.4     3   132    76   199    74   239 0.68 transcript=EWB00_004950 gene=EWB00_004950
EWB00_005618.1       -            211 378768at33208        -            261   0.00014   21.4   0.0   1   1   3.6e-07   0.00018   21.1   0.0     3   114    12   119    10   157 0.75 transcript=EWB00_005618.1 gene=EWB00_005618
EWB00_005618.2       -            211 378768at33208        -            261   0.00014   21.4   0.0   1   1   3.6e-07   0.00018   21.1   0.0     3   114    12   119    10   157 0.75 transcript=EWB00_005618.2 gene=EWB00_005618
EWB00_009140.1       -            224 378768at33208        -            261   0.00032   20.3   0.1   1   1   7.2e-07   0.00037   20.1   0.1     4   132    10   133     7   176 0.75 transcript=EWB00_009140.1 gene=EWB00_009140
EWB00_009140.2       -            224 378768at33208        -            261   0.00032   20.3   0.1   1   1   7.2e-07   0.00037   20.1   0.1     4   132    10   133     7   176 0.75 transcript=EWB00_009140.2 gene=EWB00_009140
EWB00_005556         -            184 378768at33208        -            261   0.00033   20.2   0.0   1   1   8.3e-07   0.00043   19.9   0.0     4    92    19    97    16   118 0.83 transcript=EWB00_005556 gene=EWB00_005556
EWB00_003667.2       -            182 378768at33208        -            261   0.00053   19.5   0.0   1   1   1.3e-06   0.00067   19.2   0.0     3   102     9   104     7   128 0.78 transcript=EWB00_003667.2 gene=EWB00_003667
EWB00_003667.3       -            182 378768at33208        -            261   0.00053   19.5   0.0   1   1   1.3e-06   0.00067   19.2   0.0     3   102     9   104     7   128 0.78 transcript=EWB00_003667.3 gene=EWB00_003667
EWB00_007772.1       -            144 378768at33208        -            261   0.00059   19.4   0.0   1   1   1.4e-06   0.00074   19.1   0.0     4    89    19   102    16   128 0.79 transcript=EWB00_007772.1 gene=EWB00_007772
EWB00_007772.2       -            144 378768at33208        -            261   0.00059   19.4   0.0   1   1   1.4e-06   0.00074   19.1   0.0     4    89    19   102    16   128 0.79 transcript=EWB00_007772.2 gene=EWB00_007772
EWB00_003667.1       -            204 378768at33208        -            261   0.00072   19.1   0.0   1   1   1.8e-06   0.00092   18.8   0.0     3   102     9   104     7   127 0.78 transcript=EWB00_003667.1 gene=EWB00_003667
EWB00_001799.1       -            166 378768at33208        -            261    0.0012   18.4   0.2   1   1   3.6e-06    0.0019   17.8   0.2     4    66    10    72     7   115 0.84 transcript=EWB00_001799.1 gene=EWB00_001799
EWB00_007772.3       -            202 378768at33208        -            261    0.0013   18.3   0.0   1   1     3e-06    0.0015   18.0   0.0     4    89    19   102    16   152 0.81 transcript=EWB00_007772.3 gene=EWB00_007772
EWB00_007772.4       -            202 378768at33208        -            261    0.0013   18.3   0.0   1   1     3e-06    0.0015   18.0   0.0     4    89    19   102    16   152 0.81 transcript=EWB00_007772.4 gene=EWB00_007772
EWB00_007772.5       -            202 378768at33208        -            261    0.0013   18.3   0.0   1   1     3e-06    0.0015   18.0   0.0     4    89    19   102    16   152 0.81 transcript=EWB00_007772.5 gene=EWB00_007772
EWB00_007772.6       -            202 378768at33208        -            261    0.0013   18.3   0.0   1   1     3e-06    0.0015   18.0   0.0     4    89    19   102    16   152 0.81 transcript=EWB00_007772.6 gene=EWB00_007772
EWB00_001799.3       -            186 378768at33208        -            261    0.0016   18.0   0.2   1   1   3.9e-06     0.002   17.7   0.2     4    66    10    72     7   133 0.82 transcript=EWB00_001799.3 gene=EWB00_001799
EWB00_001699.1       -            216 378768at33208        -            261    0.0016   18.0   0.0   1   1   3.9e-06     0.002   17.7   0.0     4   109    11   111     8   138 0.76 transcript=EWB00_001699.1 gene=EWB00_001699
EWB00_001799.2       -            205 378768at33208        -            261     0.002   17.7   0.2   1   1   4.7e-06    0.0024   17.4   0.2     4    66    10    72     7   135 0.82 transcript=EWB00_001799.2 gene=EWB00_001799
EWB00_001585         -            198 378768at33208        -            261    0.0021   17.6   0.5   1   2   7.9e-06     0.004   16.7   0.2     4    92    10    93     8   152 0.78 transcript=EWB00_001585 gene=EWB00_001585
EWB00_001585         -            198 378768at33208        -            261    0.0021   17.6   0.5   2   2       1.3   6.6e+02   -0.4   0.0   146   215   108   180    89   188 0.62 transcript=EWB00_001585 gene=EWB00_001585
EWB00_000579         -            247 378768at33208        -            261    0.0052   16.3   0.0   1   1   1.7e-05    0.0089   15.5   0.0     4    64    47   107    44   125 0.82 transcript=EWB00_000579 gene=EWB00_000579
EWB00_002263.1       -            223 378768at33208        -            261     0.006   16.1   0.0   1   1   1.5e-05    0.0079   15.7   0.0     4   132    12   133     9   157 0.75 transcript=EWB00_002263.1 gene=EWB00_002263
EWB00_002263.2       -            223 378768at33208        -            261     0.006   16.1   0.0   1   1   1.5e-05    0.0079   15.7   0.0     4   132    12   133     9   157 0.75 transcript=EWB00_002263.2 gene=EWB00_002263
EWB00_005754         -            184 378768at33208        -            261    0.0079   15.7   0.0   1   1   1.9e-05    0.0099   15.4   0.0     4    92    18    96    15   130 0.80 transcript=EWB00_005754 gene=EWB00_005754
EWB00_007716.2       -            205 378768at33208        -            261     0.015   14.8   0.0   1   1   3.7e-05     0.019   14.5   0.0     4    98    10    99     5   133 0.72 transcript=EWB00_007716.2 gene=EWB00_007716
EWB00_007716.3       -            205 378768at33208        -            261     0.015   14.8   0.0   1   1   3.7e-05     0.019   14.5   0.0     4    98    10    99     5   133 0.72 transcript=EWB00_007716.3 gene=EWB00_007716
EWB00_007211         -            185 378768at33208        -            261     0.045   13.2   0.0   1   1   0.00011     0.059   12.9   0.0     6    92    24   101    19   117 0.76 transcript=EWB00_007211 gene=EWB00_007211
EWB00_009987         -            218 378768at33208        -            261     0.051   13.1   0.1   1   1   0.00015     0.078   12.4   0.1     4    65    18    79    15   139 0.78 transcript=EWB00_009987 gene=EWB00_009987
EWB00_005996         -            242 378768at33208        -            261     0.052   13.0   0.0   1   2   0.00093      0.48    9.9   0.0     3    64     6    67     4    75 0.63 transcript=EWB00_005996 gene=EWB00_005996
EWB00_005996         -            242 378768at33208        -            261     0.052   13.0   0.0   2   2      0.52   2.7e+02    0.9   0.0     6    45   126   167   121   205 0.73 transcript=EWB00_005996 gene=EWB00_005996
#
# Program:         hmmsearch
# Version:         3.4 (Aug 2023)
# Pipeline mode:   SEARCH
# Query file:      /users/40483456/busco_datasets/busco_downloads/lineages/metazoa_odb10/hmms/378768at33208.hmm
# Target file:     /users/40483456/protein/schistosoma_japonicum.fa
# Option settings: hmmsearch --domtblout /users/40483456/busco/results_pro/schistosoma_japonicum_busco/run_metazoa_odb10/hmmer_output/initial_run_results/378768at33208.out --cpu 1 /users/40483456/busco_datasets/busco_downloads/lineages/metazoa_odb10/hmms/378768at33208.hmm /users/40483456/protein/schistosoma_japonicum.fa 
# Current dir:     /users/40483456
# Date:            Thu Jan 15 17:53:02 2026
# [ok]
