#                                                                            --- full sequence --- -------------- this domain -------------   hmm coord   ali coord   env coord
# target name        accession   tlen query name           accession   qlen   E-value  score  bias   #  of  c-Evalue  i-Evalue  score  bias  from    to  from    to  from    to  acc description of target
#------------------- ---------- ----- -------------------- ---------- ----- --------- ------ ----- --- --- --------- --------- ------ ----- ----- ----- ----- ----- ----- ----- ---- ---------------------
EWB00_001502         -            446 464204at33208        -            304   3.5e-71  239.5   0.0   1   2   7.6e-07    0.0016   17.3   0.0     6    36    27    59    22   102 0.90 transcript=EWB00_001502 gene=EWB00_001502
EWB00_001502         -            446 464204at33208        -            304   3.5e-71  239.5   0.0   2   2   1.1e-68   2.4e-65  220.4   0.0    71   304   186   442   119   442 0.83 transcript=EWB00_001502 gene=EWB00_001502
EWB00_005424.3       -            214 464204at33208        -            304    0.0001   21.3   0.1   1   1   6.2e-08   0.00013   20.9   0.1   131   240    54   172     3   207 0.78 transcript=EWB00_005424.3 gene=EWB00_005424
EWB00_005424.6       -            214 464204at33208        -            304    0.0001   21.3   0.1   1   1   6.2e-08   0.00013   20.9   0.1   131   240    54   172     3   207 0.78 transcript=EWB00_005424.6 gene=EWB00_005424
EWB00_005424.1       -            248 464204at33208        -            304   0.00016   20.6   0.0   1   1   9.9e-08   0.00021   20.2   0.0   131   240    54   172     3   206 0.78 transcript=EWB00_005424.1 gene=EWB00_005424
EWB00_005424.2       -            248 464204at33208        -            304   0.00016   20.6   0.0   1   1   9.9e-08   0.00021   20.2   0.0   131   240    54   172     3   206 0.78 transcript=EWB00_005424.2 gene=EWB00_005424
EWB00_005424.4       -            248 464204at33208        -            304   0.00016   20.6   0.0   1   1   9.9e-08   0.00021   20.2   0.0   131   240    54   172     3   206 0.78 transcript=EWB00_005424.4 gene=EWB00_005424
EWB00_005424.5       -            248 464204at33208        -            304   0.00016   20.6   0.0   1   1   9.9e-08   0.00021   20.2   0.0   131   240    54   172     3   206 0.78 transcript=EWB00_005424.5 gene=EWB00_005424
EWB00_005424.7       -            248 464204at33208        -            304   0.00016   20.6   0.0   1   1   9.9e-08   0.00021   20.2   0.0   131   240    54   172     3   206 0.78 transcript=EWB00_005424.7 gene=EWB00_005424
#
# Program:         hmmsearch
# Version:         3.4 (Aug 2023)
# Pipeline mode:   SEARCH
# Query file:      /users/40483456/busco_datasets/busco_downloads/lineages/metazoa_odb10/hmms/464204at33208.hmm
# Target file:     /users/40483456/protein/schistosoma_japonicum.fa
# Option settings: hmmsearch --domtblout /users/40483456/busco/results_pro/schistosoma_japonicum_busco/run_metazoa_odb10/hmmer_output/initial_run_results/464204at33208.out --cpu 1 /users/40483456/busco_datasets/busco_downloads/lineages/metazoa_odb10/hmms/464204at33208.hmm /users/40483456/protein/schistosoma_japonicum.fa 
# Current dir:     /users/40483456
# Date:            Thu Jan 15 17:53:15 2026
# [ok]
