#                                                                            --- full sequence --- -------------- this domain -------------   hmm coord   ali coord   env coord
# target name        accession   tlen query name           accession   qlen   E-value  score  bias   #  of  c-Evalue  i-Evalue  score  bias  from    to  from    to  from    to  acc description of target
#------------------- ---------- ----- -------------------- ---------- ----- --------- ------ ----- --- --- --------- --------- ------ ----- ----- ----- ----- ----- ----- ----- ---- ---------------------
EWB00_009439         -            298 496219at33208        -            249   7.7e-87  290.6   5.9   1   1   6.2e-89   2.1e-85  285.9   5.9     1   249     1   293     1   293 0.84 transcript=EWB00_009439 gene=EWB00_009439
EWB00_003843         -            312 496219at33208        -            249   3.8e-37  127.9   0.8   1   1     2e-38   6.8e-35  120.5   0.8    36   239    63   299    23   309 0.79 transcript=EWB00_003843 gene=EWB00_003843
EWB00_005077.2       -            302 496219at33208        -            249   2.5e-07   30.2   0.4   1   2   2.5e-10   8.5e-07   28.4   0.0    56   229    52   241    46   263 0.79 transcript=EWB00_005077.2 gene=EWB00_005077
EWB00_005077.2       -            302 496219at33208        -            249   2.5e-07   30.2   0.4   2   2      0.52   1.8e+03   -2.1   0.1   192   214   267   291   245   298 0.55 transcript=EWB00_005077.2 gene=EWB00_005077
EWB00_005077.3       -            233 496219at33208        -            249     4e-06   26.3   0.2   1   2   4.7e-09   1.6e-05   24.3   0.0    96   229    25   172     1   194 0.75 transcript=EWB00_005077.3 gene=EWB00_005077
EWB00_005077.3       -            233 496219at33208        -            249     4e-06   26.3   0.2   2   2      0.39   1.3e+03   -1.7   0.1   192   214   198   222   178   229 0.55 transcript=EWB00_005077.3 gene=EWB00_005077
EWB00_005077.1       -            249 496219at33208        -            249    0.0016   17.7   0.1   1   1   1.4e-06    0.0046   16.2   0.1    56   217    52   229    45   237 0.77 transcript=EWB00_005077.1 gene=EWB00_005077
#
# Program:         hmmsearch
# Version:         3.4 (Aug 2023)
# Pipeline mode:   SEARCH
# Query file:      /users/40483456/busco_datasets/busco_downloads/lineages/metazoa_odb10/hmms/496219at33208.hmm
# Target file:     /users/40483456/protein/schistosoma_japonicum.fa
# Option settings: hmmsearch --domtblout /users/40483456/busco/results_pro/schistosoma_japonicum_busco/run_metazoa_odb10/hmmer_output/initial_run_results/496219at33208.out --cpu 1 /users/40483456/busco_datasets/busco_downloads/lineages/metazoa_odb10/hmms/496219at33208.hmm /users/40483456/protein/schistosoma_japonicum.fa 
# Current dir:     /users/40483456
# Date:            Thu Jan 15 17:53:17 2026
# [ok]
