#                                                                            --- full sequence --- -------------- this domain -------------   hmm coord   ali coord   env coord
# target name        accession   tlen query name           accession   qlen   E-value  score  bias   #  of  c-Evalue  i-Evalue  score  bias  from    to  from    to  from    to  acc description of target
#------------------- ---------- ----- -------------------- ---------- ----- --------- ------ ----- --- --- --------- --------- ------ ----- ----- ----- ----- ----- ----- ----- ---- ---------------------
EWB00_007354.1       -            296 508986at33208        -            214   5.9e-15   55.2   2.2   1   2   1.4e-18   5.9e-15   55.2   2.2    48   183    98   229    10   248 0.69 transcript=EWB00_007354.1 gene=EWB00_007354
EWB00_007354.1       -            296 508986at33208        -            214   5.9e-15   55.2   2.2   2   2       1.1   4.7e+03   -3.3   0.0    66    82   280   295   273   296 0.70 transcript=EWB00_007354.1 gene=EWB00_007354
EWB00_007354.2       -            296 508986at33208        -            214   5.9e-15   55.2   2.2   1   2   1.4e-18   5.9e-15   55.2   2.2    48   183    98   229    10   248 0.69 transcript=EWB00_007354.2 gene=EWB00_007354
EWB00_007354.2       -            296 508986at33208        -            214   5.9e-15   55.2   2.2   2   2       1.1   4.7e+03   -3.3   0.0    66    82   280   295   273   296 0.70 transcript=EWB00_007354.2 gene=EWB00_007354
EWB00_007354.3       -            296 508986at33208        -            214   5.9e-15   55.2   2.2   1   2   1.4e-18   5.9e-15   55.2   2.2    48   183    98   229    10   248 0.69 transcript=EWB00_007354.3 gene=EWB00_007354
EWB00_007354.3       -            296 508986at33208        -            214   5.9e-15   55.2   2.2   2   2       1.1   4.7e+03   -3.3   0.0    66    82   280   295   273   296 0.70 transcript=EWB00_007354.3 gene=EWB00_007354
EWB00_007354.4       -            296 508986at33208        -            214   5.9e-15   55.2   2.2   1   2   1.4e-18   5.9e-15   55.2   2.2    48   183    98   229    10   248 0.69 transcript=EWB00_007354.4 gene=EWB00_007354
EWB00_007354.4       -            296 508986at33208        -            214   5.9e-15   55.2   2.2   2   2       1.1   4.7e+03   -3.3   0.0    66    82   280   295   273   296 0.70 transcript=EWB00_007354.4 gene=EWB00_007354
#
# Program:         hmmsearch
# Version:         3.4 (Aug 2023)
# Pipeline mode:   SEARCH
# Query file:      /users/40483456/busco_datasets/busco_downloads/lineages/metazoa_odb10/hmms/508986at33208.hmm
# Target file:     /users/40483456/protein/schistosoma_japonicum.fa
# Option settings: hmmsearch --domtblout /users/40483456/busco/results_pro/schistosoma_japonicum_busco/run_metazoa_odb10/hmmer_output/initial_run_results/508986at33208.out --cpu 1 /users/40483456/busco_datasets/busco_downloads/lineages/metazoa_odb10/hmms/508986at33208.hmm /users/40483456/protein/schistosoma_japonicum.fa 
# Current dir:     /users/40483456
# Date:            Thu Jan 15 17:53:26 2026
# [ok]
