#                                                                            --- full sequence --- -------------- this domain -------------   hmm coord   ali coord   env coord
# target name        accession   tlen query name           accession   qlen   E-value  score  bias   #  of  c-Evalue  i-Evalue  score  bias  from    to  from    to  from    to  acc description of target
#------------------- ---------- ----- -------------------- ---------- ----- --------- ------ ----- --- --- --------- --------- ------ ----- ----- ----- ----- ----- ----- ----- ---- ---------------------
EWB00_006195         -            206 539234at33208        -            131   5.3e-41  139.9   5.0   1   2   2.6e-24   6.3e-21   75.0   0.2     1    60    28    87    28    92 0.97 transcript=EWB00_006195 gene=EWB00_006195
EWB00_006195         -            206 539234at33208        -            131   5.3e-41  139.9   5.0   2   2   1.7e-21   4.1e-18   65.8   0.8    60   130   109   192   101   193 0.82 transcript=EWB00_006195 gene=EWB00_006195
EWB00_006276.1       -            216 539234at33208        -            131    0.0016   18.7   0.1   1   1   2.5e-06     0.006   16.8   0.1    62   129   133   212   112   214 0.64 transcript=EWB00_006276.1 gene=EWB00_006276
EWB00_006276.2       -            216 539234at33208        -            131    0.0016   18.7   0.1   1   1   2.5e-06     0.006   16.8   0.1    62   129   133   212   112   214 0.64 transcript=EWB00_006276.2 gene=EWB00_006276
EWB00_002271.2       -            174 539234at33208        -            131    0.0021   18.3   0.2   1   1     3e-06    0.0072   16.5   0.2    13   130    13   150     1   151 0.61 transcript=EWB00_002271.2 gene=EWB00_002271
EWB00_002271.1       -            161 539234at33208        -            131    0.0042   17.3   0.2   1   1   5.9e-06     0.014   15.6   0.2    63   130    58   137     2   138 0.66 transcript=EWB00_002271.1 gene=EWB00_002271
EWB00_005321.1       -            197 539234at33208        -            131     0.021   15.0   1.3   1   1   2.5e-05      0.06   13.5   1.3    38   127    79   184    51   188 0.67 transcript=EWB00_005321.1 gene=EWB00_005321
EWB00_005321.3       -            161 539234at33208        -            131      0.07   13.3   0.1   1   1   3.7e-05     0.089   13.0   0.1    38    98    79   149    49   155 0.73 transcript=EWB00_005321.3 gene=EWB00_005321
#
# Program:         hmmsearch
# Version:         3.4 (Aug 2023)
# Pipeline mode:   SEARCH
# Query file:      /users/40483456/busco_datasets/busco_downloads/lineages/metazoa_odb10/hmms/539234at33208.hmm
# Target file:     /users/40483456/protein/schistosoma_japonicum.fa
# Option settings: hmmsearch --domtblout /users/40483456/busco/results_pro/schistosoma_japonicum_busco/run_metazoa_odb10/hmmer_output/initial_run_results/539234at33208.out --cpu 1 /users/40483456/busco_datasets/busco_downloads/lineages/metazoa_odb10/hmms/539234at33208.hmm /users/40483456/protein/schistosoma_japonicum.fa 
# Current dir:     /users/40483456
# Date:            Thu Jan 15 17:53:26 2026
# [ok]
