#                                                                            --- full sequence --- -------------- this domain -------------   hmm coord   ali coord   env coord
# target name        accession   tlen query name           accession   qlen   E-value  score  bias   #  of  c-Evalue  i-Evalue  score  bias  from    to  from    to  from    to  acc description of target
#------------------- ---------- ----- -------------------- ---------- ----- --------- ------ ----- --- --- --------- --------- ------ ----- ----- ----- ----- ----- ----- ----- ---- ---------------------
EWB00_003268.2       -            221 554815at33208        -            190   2.2e-22   79.1   4.0   1   1   5.7e-25   5.7e-22   77.8   4.0    38   181    58   212    44   220 0.77 transcript=EWB00_003268.2 gene=EWB00_003268
EWB00_003268.1       -            214 554815at33208        -            190   2.3e-22   79.1   4.2   1   1   6.3e-25   6.3e-22   77.6   4.2    38   181    51   205    41   213 0.77 transcript=EWB00_003268.1 gene=EWB00_003268
EWB00_003268.4       -            214 554815at33208        -            190   2.3e-22   79.1   4.2   1   1   6.3e-25   6.3e-22   77.6   4.2    38   181    51   205    41   213 0.77 transcript=EWB00_003268.4 gene=EWB00_003268
EWB00_003268.3       -            184 554815at33208        -            190   1.5e-18   66.6   1.9   1   1   4.4e-21   4.4e-18   65.1   1.9    38   141    51   165    32   174 0.84 transcript=EWB00_003268.3 gene=EWB00_003268
EWB00_006537.2       -            254 554815at33208        -            190   9.1e-12   44.5   4.6   1   1   1.5e-14   1.5e-11   43.8   4.6     1   185    34   238    34   243 0.80 transcript=EWB00_006537.2 gene=EWB00_006537
EWB00_004121.1       -            201 554815at33208        -            190   3.7e-09   36.0   0.6   1   1   5.4e-12   5.4e-09   35.5   0.6   111   184    14    91     6    99 0.86 transcript=EWB00_004121.1 gene=EWB00_004121
EWB00_004121.2       -            201 554815at33208        -            190   3.7e-09   36.0   0.6   1   1   5.4e-12   5.4e-09   35.5   0.6   111   184    14    91     6    99 0.86 transcript=EWB00_004121.2 gene=EWB00_004121
EWB00_000267         -            160 554815at33208        -            190     2e-08   33.6   0.1   1   1   2.6e-11   2.6e-08   33.2   0.1   112   183    27   102    21   107 0.85 transcript=EWB00_000267 gene=EWB00_000267
EWB00_008152         -            101 554815at33208        -            190   4.2e-08   32.5   1.4   1   1   4.6e-11   4.6e-08   32.4   1.4   109   184    13    91     1    99 0.78 transcript=EWB00_008152 gene=EWB00_008152
EWB00_006537.3       -            217 554815at33208        -            190   3.3e-06   26.4   0.7   1   1   5.7e-09   5.7e-06   25.6   0.7     1   155    34   204    34   212 0.79 transcript=EWB00_006537.3 gene=EWB00_006537
EWB00_006537.4       -            222 554815at33208        -            190   3.4e-06   26.3   0.7   1   1   5.8e-09   5.7e-06   25.6   0.7     1   152    34   201    34   209 0.79 transcript=EWB00_006537.4 gene=EWB00_006537
EWB00_008125.4       -            207 554815at33208        -            190   6.1e-06   25.5   0.3   1   1   1.8e-08   1.8e-05   24.0   0.3    44   173    62   203    55   207 0.80 transcript=EWB00_008125.4 gene=EWB00_008125
EWB00_008125.3       -            198 554815at33208        -            190     1e-05   24.8   0.3   1   1   3.1e-08   3.1e-05   23.2   0.3    44   154    62   183    55   198 0.82 transcript=EWB00_008125.3 gene=EWB00_008125
EWB00_008125.1       -            214 554815at33208        -            190   2.4e-05   23.6   0.2   1   1   7.9e-08   7.9e-05   21.9   0.2    44   151    62   180    55   197 0.86 transcript=EWB00_008125.1 gene=EWB00_008125
EWB00_001988         -            105 554815at33208        -            190    0.0059   15.8   0.7   1   1     7e-06    0.0069   15.5   0.7   122   177    22    75     3    78 0.87 transcript=EWB00_001988 gene=EWB00_001988
EWB00_006537.1       -            225 554815at33208        -            190     0.019   14.1   0.3   1   1   2.5e-05     0.025   13.7   0.3     1    93    34   128    34   151 0.79 transcript=EWB00_006537.1 gene=EWB00_006537
EWB00_010626.2       -            262 554815at33208        -            190       1.7    7.7   6.7   1   3       1.4   1.4e+03   -1.8   0.2   128   158    46    76    24   102 0.66 transcript=EWB00_010626.2 gene=EWB00_010626
EWB00_010626.2       -            262 554815at33208        -            190       1.7    7.7   6.7   2   3       1.5   1.5e+03   -1.9   0.1    67    83    86   102    52   129 0.56 transcript=EWB00_010626.2 gene=EWB00_010626
EWB00_010626.2       -            262 554815at33208        -            190       1.7    7.7   6.7   3   3   0.00023      0.23   10.6   1.3   100   183   160   254   152   258 0.61 transcript=EWB00_010626.2 gene=EWB00_010626
#
# Program:         hmmsearch
# Version:         3.4 (Aug 2023)
# Pipeline mode:   SEARCH
# Query file:      /users/40483456/busco_datasets/busco_downloads/lineages/metazoa_odb10/hmms/554815at33208.hmm
# Target file:     /users/40483456/protein/schistosoma_japonicum.fa
# Option settings: hmmsearch --domtblout /users/40483456/busco/results_pro/schistosoma_japonicum_busco/run_metazoa_odb10/hmmer_output/initial_run_results/554815at33208.out --cpu 1 /users/40483456/busco_datasets/busco_downloads/lineages/metazoa_odb10/hmms/554815at33208.hmm /users/40483456/protein/schistosoma_japonicum.fa 
# Current dir:     /users/40483456
# Date:            Thu Jan 15 17:53:22 2026
# [ok]
