#                                                                            --- full sequence --- -------------- this domain -------------   hmm coord   ali coord   env coord
# target name        accession   tlen query name           accession   qlen   E-value  score  bias   #  of  c-Evalue  i-Evalue  score  bias  from    to  from    to  from    to  acc description of target
#------------------- ---------- ----- -------------------- ---------- ----- --------- ------ ----- --- --- --------- --------- ------ ----- ----- ----- ----- ----- ----- ----- ---- ---------------------
EWB00_007220         -            459 581717at33208        -            249   8.3e-32  110.3   0.5   1   4   3.2e-25   4.3e-23   81.8   0.0    25   173    73   241    53   251 0.77 transcript=EWB00_007220 gene=EWB00_007220
EWB00_007220         -            459 581717at33208        -            249   8.3e-32  110.3   0.5   2   4       1.5     2e+02    1.0   0.0   124   172   227   276   218   280 0.64 transcript=EWB00_007220 gene=EWB00_007220
EWB00_007220         -            459 581717at33208        -            249   8.3e-32  110.3   0.5   3   4     4e-07   5.3e-05   22.5   0.0   190   232   340   383   307   395 0.90 transcript=EWB00_007220 gene=EWB00_007220
EWB00_007220         -            459 581717at33208        -            249   8.3e-32  110.3   0.5   4   4       5.4   7.1e+02   -0.9   0.1   229   247   416   434   400   436 0.77 transcript=EWB00_007220 gene=EWB00_007220
EWB00_008800         -           1293 581717at33208        -            249     1e-14   54.3   0.0   1   5   0.00019     0.025   13.7   0.0   162   213    32    85    25    88 0.87 transcript=EWB00_008800 gene=EWB00_008800
EWB00_008800         -           1293 581717at33208        -            249     1e-14   54.3   0.0   2   5       1.6   2.1e+02    0.9   0.0   172   214    86   128    82   133 0.81 transcript=EWB00_008800 gene=EWB00_008800
EWB00_008800         -           1293 581717at33208        -            249     1e-14   54.3   0.0   3   5   2.2e-05     0.003   16.8   0.0   169   227   125   182   110   188 0.88 transcript=EWB00_008800 gene=EWB00_008800
EWB00_008800         -           1293 581717at33208        -            249     1e-14   54.3   0.0   4   5    0.0025      0.33   10.0   0.0   173   212   213   252   199   259 0.89 transcript=EWB00_008800 gene=EWB00_008800
EWB00_008800         -           1293 581717at33208        -            249     1e-14   54.3   0.0   5   5     0.018       2.4    7.2   0.0   175   214   259   298   255   308 0.90 transcript=EWB00_008800 gene=EWB00_008800
EWB00_009536.2       -            451 581717at33208        -            249   2.1e-13   50.0   0.6   1   4     2e-05    0.0026   16.9   0.0   176   215     9    48     5    70 0.81 transcript=EWB00_009536.2 gene=EWB00_009536
EWB00_009536.2       -            451 581717at33208        -            249   2.1e-13   50.0   0.6   2   4       2.7   3.6e+02    0.1   0.0   176   208    51    83    45    91 0.83 transcript=EWB00_009536.2 gene=EWB00_009536
EWB00_009536.2       -            451 581717at33208        -            249   2.1e-13   50.0   0.6   3   4       1.1   1.5e+02    1.4   0.0   176   213    93   130    76   134 0.87 transcript=EWB00_009536.2 gene=EWB00_009536
EWB00_009536.2       -            451 581717at33208        -            249   2.1e-13   50.0   0.6   4   4   4.9e-08   6.5e-06   25.5   0.0   108   211   141   254   134   277 0.80 transcript=EWB00_009536.2 gene=EWB00_009536
EWB00_004016.2       -            443 581717at33208        -            249     3e-13   49.5   0.4   1   4     3e-05    0.0039   16.4   0.0   172   210   153   191   119   193 0.85 transcript=EWB00_004016.2 gene=EWB00_004016
EWB00_004016.2       -            443 581717at33208        -            249     3e-13   49.5   0.4   2   4     0.036       4.8    6.3   0.0   170   217   193   240   185   243 0.83 transcript=EWB00_004016.2 gene=EWB00_004016
EWB00_004016.2       -            443 581717at33208        -            249     3e-13   49.5   0.4   3   4    0.0006      0.08   12.1   0.0   174   214   239   279   236   303 0.88 transcript=EWB00_004016.2 gene=EWB00_004016
EWB00_004016.2       -            443 581717at33208        -            249     3e-13   49.5   0.4   4   4   0.00084      0.11   11.6   0.0   152   218   345   413   327   425 0.75 transcript=EWB00_004016.2 gene=EWB00_004016
EWB00_004016.3       -            448 581717at33208        -            249   3.1e-13   49.5   0.4   1   4   2.6e-05    0.0035   16.5   0.0   172   210   153   191   119   196 0.85 transcript=EWB00_004016.3 gene=EWB00_004016
EWB00_004016.3       -            448 581717at33208        -            249   3.1e-13   49.5   0.4   2   4     0.037       4.9    6.2   0.0   170   217   193   240   185   243 0.83 transcript=EWB00_004016.3 gene=EWB00_004016
EWB00_004016.3       -            448 581717at33208        -            249   3.1e-13   49.5   0.4   3   4   0.00037     0.049   12.8   0.0   173   214   238   279   227   302 0.86 transcript=EWB00_004016.3 gene=EWB00_004016
EWB00_004016.3       -            448 581717at33208        -            249   3.1e-13   49.5   0.4   4   4   0.00084      0.11   11.6   0.1   152   218   345   413   327   426 0.75 transcript=EWB00_004016.3 gene=EWB00_004016
EWB00_001193         -            442 581717at33208        -            249   5.9e-13   48.5   3.8   1   5    0.0015      0.19   10.8   0.0   174   214   125   165   122   171 0.88 transcript=EWB00_001193 gene=EWB00_001193
EWB00_001193         -            442 581717at33208        -            249   5.9e-13   48.5   3.8   2   5   0.00045     0.059   12.5   0.0   177   213   170   206   166   208 0.90 transcript=EWB00_001193 gene=EWB00_001193
EWB00_001193         -            442 581717at33208        -            249   5.9e-13   48.5   3.8   3   5   0.00021     0.027   13.6   0.1   172   215   207   250   204   254 0.93 transcript=EWB00_001193 gene=EWB00_001193
EWB00_001193         -            442 581717at33208        -            249   5.9e-13   48.5   3.8   4   5      0.01       1.3    8.1   0.0   174   215   251   292   248   314 0.81 transcript=EWB00_001193 gene=EWB00_001193
EWB00_001193         -            442 581717at33208        -            249   5.9e-13   48.5   3.8   5   5       4.8   6.3e+02   -0.7   0.0   184   214   393   423   386   429 0.78 transcript=EWB00_001193 gene=EWB00_001193
EWB00_010847.2       -            687 581717at33208        -            249   4.7e-12   45.6   0.1   1   5      0.15        20    4.2   0.0    73    89    28    44    18    46 0.85 transcript=EWB00_010847.2 gene=EWB00_010847
EWB00_010847.2       -            687 581717at33208        -            249   4.7e-12   45.6   0.1   2   5   3.7e-05    0.0049   16.1   0.0   155   213    71   131    60   133 0.89 transcript=EWB00_010847.2 gene=EWB00_010847
EWB00_010847.2       -            687 581717at33208        -            249   4.7e-12   45.6   0.1   3   5    0.0018      0.23   10.6   0.0   171   212   131   172   128   178 0.91 transcript=EWB00_010847.2 gene=EWB00_010847
EWB00_010847.2       -            687 581717at33208        -            249   4.7e-12   45.6   0.1   4   5     0.012       1.6    7.8   0.0   175   213   177   215   172   222 0.88 transcript=EWB00_010847.2 gene=EWB00_010847
EWB00_010847.2       -            687 581717at33208        -            249   4.7e-12   45.6   0.1   5   5     0.013       1.7    7.7   0.0    75   136   198   256   183   265 0.79 transcript=EWB00_010847.2 gene=EWB00_010847
EWB00_010847.4       -            689 581717at33208        -            249   4.8e-12   45.6   0.1   1   5      0.15        20    4.2   0.0    73    89    28    44    18    46 0.85 transcript=EWB00_010847.4 gene=EWB00_010847
EWB00_010847.4       -            689 581717at33208        -            249   4.8e-12   45.6   0.1   2   5   3.7e-05    0.0049   16.1   0.0   155   213    71   131    60   133 0.89 transcript=EWB00_010847.4 gene=EWB00_010847
EWB00_010847.4       -            689 581717at33208        -            249   4.8e-12   45.6   0.1   3   5    0.0018      0.23   10.6   0.0   171   212   131   172   128   178 0.91 transcript=EWB00_010847.4 gene=EWB00_010847
EWB00_010847.4       -            689 581717at33208        -            249   4.8e-12   45.6   0.1   4   5     0.012       1.6    7.8   0.0   175   213   177   215   172   222 0.88 transcript=EWB00_010847.4 gene=EWB00_010847
EWB00_010847.4       -            689 581717at33208        -            249   4.8e-12   45.6   0.1   5   5     0.013       1.7    7.7   0.0    75   136   198   256   183   265 0.79 transcript=EWB00_010847.4 gene=EWB00_010847
EWB00_010847.1       -            766 581717at33208        -            249   8.6e-12   44.7   0.1   1   5      0.17        22    4.1   0.0    73    89    28    44    18    46 0.85 transcript=EWB00_010847.1 gene=EWB00_010847
EWB00_010847.1       -            766 581717at33208        -            249   8.6e-12   44.7   0.1   2   5   4.2e-05    0.0056   15.9   0.0   155   213    71   131    60   133 0.89 transcript=EWB00_010847.1 gene=EWB00_010847
EWB00_010847.1       -            766 581717at33208        -            249   8.6e-12   44.7   0.1   3   5     0.002      0.26   10.4   0.0   171   212   131   172   128   178 0.91 transcript=EWB00_010847.1 gene=EWB00_010847
EWB00_010847.1       -            766 581717at33208        -            249   8.6e-12   44.7   0.1   4   5     0.014       1.9    7.6   0.0   175   213   177   215   172   222 0.88 transcript=EWB00_010847.1 gene=EWB00_010847
EWB00_010847.1       -            766 581717at33208        -            249   8.6e-12   44.7   0.1   5   5       3.3   4.4e+02   -0.2   0.0   183   212   229   257   224   265 0.71 transcript=EWB00_010847.1 gene=EWB00_010847
EWB00_009741.1       -           1010 581717at33208        -            249   1.7e-11   43.8   4.2   1   5    0.0065      0.86    8.7   0.0   162   213   131   183   116   188 0.84 transcript=EWB00_009741.1 gene=EWB00_009741
EWB00_009741.1       -           1010 581717at33208        -            249   1.7e-11   43.8   4.2   2   5     0.019       2.5    7.2   0.0   174   225   261   313   192   319 0.73 transcript=EWB00_009741.1 gene=EWB00_009741
EWB00_009741.1       -           1010 581717at33208        -            249   1.7e-11   43.8   4.2   3   5   0.00014     0.018   14.2   0.0   155   212   493   553   485   561 0.86 transcript=EWB00_009741.1 gene=EWB00_009741
EWB00_009741.1       -           1010 581717at33208        -            249   1.7e-11   43.8   4.2   4   5      0.19        25    3.9   0.0   163   212   599   648   584   667 0.83 transcript=EWB00_009741.1 gene=EWB00_009741
EWB00_009741.1       -           1010 581717at33208        -            249   1.7e-11   43.8   4.2   5   5    0.0088       1.2    8.3   0.0   119   194   630   714   616   718 0.67 transcript=EWB00_009741.1 gene=EWB00_009741
EWB00_010847.3       -            737 581717at33208        -            249   2.3e-11   43.3   0.1   1   5      0.53        70    2.4   0.1    75    89     1    15     1    17 0.91 transcript=EWB00_010847.3 gene=EWB00_010847
EWB00_010847.3       -            737 581717at33208        -            249   2.3e-11   43.3   0.1   2   5     4e-05    0.0053   15.9   0.0   155   213    42   102    31   104 0.89 transcript=EWB00_010847.3 gene=EWB00_010847
EWB00_010847.3       -            737 581717at33208        -            249   2.3e-11   43.3   0.1   3   5    0.0019      0.25   10.4   0.0   171   212   102   143    99   149 0.91 transcript=EWB00_010847.3 gene=EWB00_010847
EWB00_010847.3       -            737 581717at33208        -            249   2.3e-11   43.3   0.1   4   5     0.013       1.8    7.7   0.0   175   213   148   186   143   193 0.88 transcript=EWB00_010847.3 gene=EWB00_010847
EWB00_010847.3       -            737 581717at33208        -            249   2.3e-11   43.3   0.1   5   5       3.2   4.2e+02   -0.1   0.0   183   212   200   228   195   236 0.71 transcript=EWB00_010847.3 gene=EWB00_010847
EWB00_003938         -            303 581717at33208        -            249   4.3e-11   42.5   0.1   1   4     0.001      0.13   11.4   0.0   172   219    54   101    49   108 0.93 transcript=EWB00_003938 gene=EWB00_003938
EWB00_003938         -            303 581717at33208        -            249   4.3e-11   42.5   0.1   2   4   4.8e-06   0.00063   19.0   0.0   113   212   111   219   105   224 0.81 transcript=EWB00_003938 gene=EWB00_003938
EWB00_003938         -            303 581717at33208        -            249   4.3e-11   42.5   0.1   3   4      0.01       1.4    8.0   0.0   170   221   220   271   216   291 0.77 transcript=EWB00_003938 gene=EWB00_003938
EWB00_003938         -            303 581717at33208        -            249   4.3e-11   42.5   0.1   4   4      0.81   1.1e+02    1.8   0.0   174   209   266   301   263   303 0.88 transcript=EWB00_003938 gene=EWB00_003938
EWB00_009741.2       -            827 581717at33208        -            249   4.9e-11   42.2   4.1   1   5     0.052       6.8    5.7   0.0   178   213     2    37     1    43 0.94 transcript=EWB00_009741.2 gene=EWB00_009741
EWB00_009741.2       -            827 581717at33208        -            249   4.9e-11   42.2   4.1   2   5     0.015         2    7.5   0.0   174   225   115   167    47   173 0.74 transcript=EWB00_009741.2 gene=EWB00_009741
EWB00_009741.2       -            827 581717at33208        -            249   4.9e-11   42.2   4.1   3   5   0.00011     0.014   14.6   0.0   155   212   347   407   338   415 0.87 transcript=EWB00_009741.2 gene=EWB00_009741
EWB00_009741.2       -            827 581717at33208        -            249   4.9e-11   42.2   4.1   4   5      0.15        20    4.2   0.0   162   212   452   502   436   519 0.83 transcript=EWB00_009741.2 gene=EWB00_009741
EWB00_009741.2       -            827 581717at33208        -            249   4.9e-11   42.2   4.1   5   5    0.0052      0.69    9.0   0.1   108   194   474   568   465   572 0.68 transcript=EWB00_009741.2 gene=EWB00_009741
EWB00_005295         -            561 581717at33208        -            249   1.4e-10   40.7   0.3   1   4   3.1e-08   4.1e-06   26.1   0.0   170   239   303   373   267   375 0.92 transcript=EWB00_005295 gene=EWB00_005295
EWB00_005295         -            561 581717at33208        -            249   1.4e-10   40.7   0.3   2   4    0.0012      0.16   11.1   0.0   156   212   373   431   370   446 0.87 transcript=EWB00_005295 gene=EWB00_005295
EWB00_005295         -            561 581717at33208        -            249   1.4e-10   40.7   0.3   3   4       4.7   6.2e+02   -0.7   0.0   186   211   448   473   442   489 0.84 transcript=EWB00_005295 gene=EWB00_005295
EWB00_005295         -            561 581717at33208        -            249   1.4e-10   40.7   0.3   4   4         9   1.2e+03   -1.6   0.0   181   219   490   529   475   550 0.76 transcript=EWB00_005295 gene=EWB00_005295
EWB00_002978         -            307 581717at33208        -            249   3.2e-10   39.6   0.1   1   5     0.018       2.3    7.3   0.0   176   214    13    51     8    64 0.86 transcript=EWB00_002978 gene=EWB00_002978
EWB00_002978         -            307 581717at33208        -            249   3.2e-10   39.6   0.1   2   5    0.0024      0.32   10.1   0.0   165   213    84   134    64   140 0.85 transcript=EWB00_002978 gene=EWB00_002978
EWB00_002978         -            307 581717at33208        -            249   3.2e-10   39.6   0.1   3   5      0.25        34    3.5   0.0   177   212   140   175   134   186 0.82 transcript=EWB00_002978 gene=EWB00_002978
EWB00_002978         -            307 581717at33208        -            249   3.2e-10   39.6   0.1   4   5      0.13        18    4.4   0.0   184   223   190   229   187   240 0.85 transcript=EWB00_002978 gene=EWB00_002978
EWB00_002978         -            307 581717at33208        -            249   3.2e-10   39.6   0.1   5   5    0.0069      0.91    8.6   0.0   146   209   237   304   217   307 0.72 transcript=EWB00_002978 gene=EWB00_002978
EWB00_007436.2       -            614 581717at33208        -            249   4.9e-10   39.0   0.0   1   5     0.073       9.6    5.3   0.0   161   212    37    88    27   101 0.84 transcript=EWB00_007436.2 gene=EWB00_007436
EWB00_007436.2       -            614 581717at33208        -            249   4.9e-10   39.0   0.0   2   5    0.0013      0.18   11.0   0.0   180   213    98   131    72   135 0.74 transcript=EWB00_007436.2 gene=EWB00_007436
EWB00_007436.2       -            614 581717at33208        -            249   4.9e-10   39.0   0.0   3   5     0.087        11    5.0   0.0   174   211   135   173   132   178 0.86 transcript=EWB00_007436.2 gene=EWB00_007436
EWB00_007436.2       -            614 581717at33208        -            249   4.9e-10   39.0   0.0   4   5     0.056       7.4    5.6   0.0   177   214   181   220   176   223 0.83 transcript=EWB00_007436.2 gene=EWB00_007436
EWB00_007436.2       -            614 581717at33208        -            249   4.9e-10   39.0   0.0   5   5     0.013       1.7    7.7   0.0   171   214   219   262   217   280 0.88 transcript=EWB00_007436.2 gene=EWB00_007436
EWB00_010008.1       -            381 581717at33208        -            249   5.7e-10   38.8   0.1   1   4       3.8   5.1e+02   -0.4   0.0    23   207    73    98    61   111 0.61 transcript=EWB00_010008.1 gene=EWB00_010008
EWB00_010008.1       -            381 581717at33208        -            249   5.7e-10   38.8   0.1   2   4   0.00013     0.017   14.3   0.0   112   211   120   229   116   234 0.76 transcript=EWB00_010008.1 gene=EWB00_010008
EWB00_010008.1       -            381 581717at33208        -            249   5.7e-10   38.8   0.1   3   4     0.048       6.4    5.8   0.0   169   211   227   271   223   281 0.85 transcript=EWB00_010008.1 gene=EWB00_010008
EWB00_010008.1       -            381 581717at33208        -            249   5.7e-10   38.8   0.1   4   4   0.00016     0.021   14.0   0.0   156   207   306   359   297   377 0.81 transcript=EWB00_010008.1 gene=EWB00_010008
EWB00_010008.2       -            367 581717at33208        -            249     9e-10   38.1   0.1   1   4       3.5   4.7e+02   -0.3   0.0    23   207    73    98    61   112 0.61 transcript=EWB00_010008.2 gene=EWB00_010008
EWB00_010008.2       -            367 581717at33208        -            249     9e-10   38.1   0.1   2   4   0.00013     0.017   14.3   0.0   112   211   120   229   116   233 0.76 transcript=EWB00_010008.2 gene=EWB00_010008
EWB00_010008.2       -            367 581717at33208        -            249     9e-10   38.1   0.1   3   4     0.046       6.1    5.9   0.0   169   211   227   271   223   281 0.85 transcript=EWB00_010008.2 gene=EWB00_010008
EWB00_010008.2       -            367 581717at33208        -            249     9e-10   38.1   0.1   4   4    0.0003      0.04   13.1   0.0   156   203   306   355   297   360 0.85 transcript=EWB00_010008.2 gene=EWB00_010008
EWB00_004016.1       -            416 581717at33208        -            249   1.7e-09   37.2   0.1   1   3   2.4e-05    0.0032   16.7   0.0   172   210   153   191   118   195 0.85 transcript=EWB00_004016.1 gene=EWB00_004016
EWB00_004016.1       -            416 581717at33208        -            249   1.7e-09   37.2   0.1   2   3     0.033       4.4    6.4   0.0   170   217   193   240   185   243 0.83 transcript=EWB00_004016.1 gene=EWB00_004016
EWB00_004016.1       -            416 581717at33208        -            249   1.7e-09   37.2   0.1   3   3   0.00056     0.074   12.2   0.0   174   214   239   279   236   302 0.88 transcript=EWB00_004016.1 gene=EWB00_004016
EWB00_004209         -            357 581717at33208        -            249   2.3e-09   36.8   2.8   1   5   0.00028     0.037   13.2   0.0   176   219    10    53     5    72 0.82 transcript=EWB00_004209 gene=EWB00_004209
EWB00_004209         -            357 581717at33208        -            249   2.3e-09   36.8   2.8   2   5       2.7   3.6e+02    0.1   0.0   183   221    59    96    54   100 0.86 transcript=EWB00_004209 gene=EWB00_004209
EWB00_004209         -            357 581717at33208        -            249   2.3e-09   36.8   2.8   3   5   0.00025     0.033   13.3   0.2   116   213   107   216    99   221 0.69 transcript=EWB00_004209 gene=EWB00_004209
EWB00_004209         -            357 581717at33208        -            249   2.3e-09   36.8   2.8   4   5      0.42        56    2.8   0.1   179   215   229   265   228   273 0.85 transcript=EWB00_004209 gene=EWB00_004209
EWB00_004209         -            357 581717at33208        -            249   2.3e-09   36.8   2.8   5   5      0.11        14    4.7   0.0   172   227   264   320   260   337 0.77 transcript=EWB00_004209 gene=EWB00_004209
EWB00_010444         -            421 581717at33208        -            249   3.1e-08   33.1   0.7   1   5       2.8   3.7e+02    0.1   0.0    35    65    29    59    20    64 0.76 transcript=EWB00_010444 gene=EWB00_010444
EWB00_010444         -            421 581717at33208        -            249   3.1e-08   33.1   0.7   2   5    0.0055      0.72    8.9   0.0   142   213    71   147    69   165 0.68 transcript=EWB00_010444 gene=EWB00_010444
EWB00_010444         -            421 581717at33208        -            249   3.1e-08   33.1   0.7   3   5   0.00017     0.023   13.9   0.1   116   209   125   232   108   250 0.78 transcript=EWB00_010444 gene=EWB00_010444
EWB00_010444         -            421 581717at33208        -            249   3.1e-08   33.1   0.7   4   5      0.59        78    2.3   0.0   181   230   259   308   248   328 0.71 transcript=EWB00_010444 gene=EWB00_010444
EWB00_010444         -            421 581717at33208        -            249   3.1e-08   33.1   0.7   5   5     0.016       2.1    7.4   0.0   183   211   385   413   368   419 0.83 transcript=EWB00_010444 gene=EWB00_010444
EWB00_000645         -            665 581717at33208        -            249   8.4e-08   31.7   1.9   1   3    0.0002     0.026   13.7   0.0   177   218   315   356   308   364 0.89 transcript=EWB00_000645 gene=EWB00_000645
EWB00_000645         -            665 581717at33208        -            249   8.4e-08   31.7   1.9   2   3    0.0018      0.23   10.5   0.6   131   217   537   627   532   633 0.82 transcript=EWB00_000645 gene=EWB00_000645
EWB00_000645         -            665 581717at33208        -            249   8.4e-08   31.7   1.9   3   3      0.47        62    2.6   0.0   173   208   629   664   625   665 0.85 transcript=EWB00_000645 gene=EWB00_000645
EWB00_009536.1       -            368 581717at33208        -            249   8.9e-08   31.6   0.3   1   2         1   1.4e+02    1.5   0.0   176   213    10    47     5    58 0.87 transcript=EWB00_009536.1 gene=EWB00_009536
EWB00_009536.1       -            368 581717at33208        -            249   8.9e-08   31.6   0.3   2   2     2e-08   2.7e-06   26.7   0.1   106   210    57   170    35   180 0.76 transcript=EWB00_009536.1 gene=EWB00_009536
EWB00_007883         -            547 581717at33208        -            249   9.2e-08   31.5   0.0   1   2     0.011       1.5    7.9   0.0    98   137   119   158   103   168 0.89 transcript=EWB00_007883 gene=EWB00_007883
EWB00_007883         -            547 581717at33208        -            249   9.2e-08   31.5   0.0   2   2   1.2e-06   0.00016   21.0   0.0   176   213   244   283   211   294 0.74 transcript=EWB00_007883 gene=EWB00_007883
EWB00_006074.1       -            368 581717at33208        -            249   1.2e-07   31.2   2.0   1   4     0.048       6.3    5.9   0.0   171   209    29    67    13    70 0.85 transcript=EWB00_006074.1 gene=EWB00_006074
EWB00_006074.1       -            368 581717at33208        -            249   1.2e-07   31.2   2.0   2   4   2.8e-06   0.00037   19.7   0.1   173   222   118   167    84   177 0.88 transcript=EWB00_006074.1 gene=EWB00_006074
EWB00_006074.1       -            368 581717at33208        -            249   1.2e-07   31.2   2.0   3   4      0.16        22    4.1   0.0   172   200   159   187   154   189 0.90 transcript=EWB00_006074.1 gene=EWB00_006074
EWB00_006074.1       -            368 581717at33208        -            249   1.2e-07   31.2   2.0   4   4      0.67        89    2.1   0.1    74    88   252   266   246   274 0.90 transcript=EWB00_006074.1 gene=EWB00_006074
EWB00_006074.2       -            368 581717at33208        -            249   1.2e-07   31.2   2.0   1   4     0.048       6.3    5.9   0.0   171   209    29    67    13    70 0.85 transcript=EWB00_006074.2 gene=EWB00_006074
EWB00_006074.2       -            368 581717at33208        -            249   1.2e-07   31.2   2.0   2   4   2.8e-06   0.00037   19.7   0.1   173   222   118   167    84   177 0.88 transcript=EWB00_006074.2 gene=EWB00_006074
EWB00_006074.2       -            368 581717at33208        -            249   1.2e-07   31.2   2.0   3   4      0.16        22    4.1   0.0   172   200   159   187   154   189 0.90 transcript=EWB00_006074.2 gene=EWB00_006074
EWB00_006074.2       -            368 581717at33208        -            249   1.2e-07   31.2   2.0   4   4      0.67        89    2.1   0.1    74    88   252   266   246   274 0.90 transcript=EWB00_006074.2 gene=EWB00_006074
EWB00_006074.3       -            368 581717at33208        -            249   1.2e-07   31.2   2.0   1   4     0.048       6.3    5.9   0.0   171   209    29    67    13    70 0.85 transcript=EWB00_006074.3 gene=EWB00_006074
EWB00_006074.3       -            368 581717at33208        -            249   1.2e-07   31.2   2.0   2   4   2.8e-06   0.00037   19.7   0.1   173   222   118   167    84   177 0.88 transcript=EWB00_006074.3 gene=EWB00_006074
EWB00_006074.3       -            368 581717at33208        -            249   1.2e-07   31.2   2.0   3   4      0.16        22    4.1   0.0   172   200   159   187   154   189 0.90 transcript=EWB00_006074.3 gene=EWB00_006074
EWB00_006074.3       -            368 581717at33208        -            249   1.2e-07   31.2   2.0   4   4      0.67        89    2.1   0.1    74    88   252   266   246   274 0.90 transcript=EWB00_006074.3 gene=EWB00_006074
EWB00_011332.1       -            352 581717at33208        -            249   1.3e-07   31.0   0.0   1   6       2.2     3e+02    0.4   0.0   174   208     7    41     2    48 0.84 transcript=EWB00_011332.1 gene=EWB00_011332
EWB00_011332.1       -            352 581717at33208        -            249   1.3e-07   31.0   0.0   2   6     0.082        11    5.1   0.0   182   212    61    91    57    98 0.90 transcript=EWB00_011332.1 gene=EWB00_011332
EWB00_011332.1       -            352 581717at33208        -            249   1.3e-07   31.0   0.0   3   6      0.06         8    5.5   0.0   176   213   103   140    97   148 0.86 transcript=EWB00_011332.1 gene=EWB00_011332
EWB00_011332.1       -            352 581717at33208        -            249   1.3e-07   31.0   0.0   4   6      0.06       7.9    5.5   0.0   174   210   146   182   141   186 0.86 transcript=EWB00_011332.1 gene=EWB00_011332
EWB00_011332.1       -            352 581717at33208        -            249   1.3e-07   31.0   0.0   5   6       5.9   7.8e+02   -1.0   0.0   173   209   189   225   181   230 0.77 transcript=EWB00_011332.1 gene=EWB00_011332
EWB00_011332.1       -            352 581717at33208        -            249   1.3e-07   31.0   0.0   6   6     0.042       5.6    6.0   0.0   181   212   247   278   237   288 0.85 transcript=EWB00_011332.1 gene=EWB00_011332
EWB00_011332.3       -            352 581717at33208        -            249   1.3e-07   31.0   0.0   1   6       2.2     3e+02    0.4   0.0   174   208     7    41     2    48 0.84 transcript=EWB00_011332.3 gene=EWB00_011332
EWB00_011332.3       -            352 581717at33208        -            249   1.3e-07   31.0   0.0   2   6     0.082        11    5.1   0.0   182   212    61    91    57    98 0.90 transcript=EWB00_011332.3 gene=EWB00_011332
EWB00_011332.3       -            352 581717at33208        -            249   1.3e-07   31.0   0.0   3   6      0.06         8    5.5   0.0   176   213   103   140    97   148 0.86 transcript=EWB00_011332.3 gene=EWB00_011332
EWB00_011332.3       -            352 581717at33208        -            249   1.3e-07   31.0   0.0   4   6      0.06       7.9    5.5   0.0   174   210   146   182   141   186 0.86 transcript=EWB00_011332.3 gene=EWB00_011332
EWB00_011332.3       -            352 581717at33208        -            249   1.3e-07   31.0   0.0   5   6       5.9   7.8e+02   -1.0   0.0   173   209   189   225   181   230 0.77 transcript=EWB00_011332.3 gene=EWB00_011332
EWB00_011332.3       -            352 581717at33208        -            249   1.3e-07   31.0   0.0   6   6     0.042       5.6    6.0   0.0   181   212   247   278   237   288 0.85 transcript=EWB00_011332.3 gene=EWB00_011332
EWB00_008947         -            314 581717at33208        -            249   6.1e-07   28.8   0.4   1   5      0.18        24    4.0   0.0   175   213     9    48     5    52 0.85 transcript=EWB00_008947 gene=EWB00_008947
EWB00_008947         -            314 581717at33208        -            249   6.1e-07   28.8   0.4   2   5    0.0078         1    8.4   0.0   174   215    56    97    53   102 0.90 transcript=EWB00_008947 gene=EWB00_008947
EWB00_008947         -            314 581717at33208        -            249   6.1e-07   28.8   0.4   3   5      0.81   1.1e+02    1.8   0.0   175   211    99   135    97   144 0.86 transcript=EWB00_008947 gene=EWB00_008947
EWB00_008947         -            314 581717at33208        -            249   6.1e-07   28.8   0.4   4   5     0.018       2.4    7.2   0.0   183   218   150   187   139   205 0.76 transcript=EWB00_008947 gene=EWB00_008947
EWB00_008947         -            314 581717at33208        -            249   6.1e-07   28.8   0.4   5   5       3.9   5.2e+02   -0.4   0.0    75    91   207   223   203   229 0.87 transcript=EWB00_008947 gene=EWB00_008947
EWB00_000665         -            446 581717at33208        -            249   6.2e-07   28.8   0.0   1   5       2.1   2.8e+02    0.5   0.0   185   214    96   125    75   137 0.82 transcript=EWB00_000665 gene=EWB00_000665
EWB00_000665         -            446 581717at33208        -            249   6.2e-07   28.8   0.0   2   5    0.0063      0.83    8.8   0.0   172   214   168   210   125   231 0.83 transcript=EWB00_000665 gene=EWB00_000665
EWB00_000665         -            446 581717at33208        -            249   6.2e-07   28.8   0.0   3   5    0.0058      0.76    8.9   0.1   155   214   258   319   224   329 0.81 transcript=EWB00_000665 gene=EWB00_000665
EWB00_000665         -            446 581717at33208        -            249   6.2e-07   28.8   0.0   4   5       4.3   5.7e+02   -0.5   0.0   174   210   321   357   317   367 0.81 transcript=EWB00_000665 gene=EWB00_000665
EWB00_000665         -            446 581717at33208        -            249   6.2e-07   28.8   0.0   5   5      0.22        29    3.7   0.0   173   216   368   411   360   433 0.88 transcript=EWB00_000665 gene=EWB00_000665
EWB00_006075.2       -            658 581717at33208        -            249   6.7e-07   28.7   1.5   1   4     0.071       9.4    5.3   0.0   169   209   317   357   257   359 0.82 transcript=EWB00_006075.2 gene=EWB00_006075
EWB00_006075.2       -            658 581717at33208        -            249   6.7e-07   28.7   1.5   2   4   6.4e-06   0.00085   18.5   0.1   173   222   408   457   374   467 0.89 transcript=EWB00_006075.2 gene=EWB00_006075
EWB00_006075.2       -            658 581717at33208        -            249   6.7e-07   28.7   1.5   3   4      0.46        61    2.6   0.0   173   200   450   477   448   478 0.91 transcript=EWB00_006075.2 gene=EWB00_006075
EWB00_006075.2       -            658 581717at33208        -            249   6.7e-07   28.7   1.5   4   4       1.3   1.8e+02    1.1   0.1    74    88   542   556   536   562 0.90 transcript=EWB00_006075.2 gene=EWB00_006075
EWB00_006075.1       -            669 581717at33208        -            249   7.3e-07   28.6   1.6   1   4     0.073       9.6    5.3   0.0   169   209   328   368   268   370 0.82 transcript=EWB00_006075.1 gene=EWB00_006075
EWB00_006075.1       -            669 581717at33208        -            249   7.3e-07   28.6   1.6   2   4   6.6e-06   0.00087   18.5   0.1   173   222   419   468   385   478 0.89 transcript=EWB00_006075.1 gene=EWB00_006075
EWB00_006075.1       -            669 581717at33208        -            249   7.3e-07   28.6   1.6   3   4      0.47        62    2.6   0.0   173   200   461   488   459   489 0.91 transcript=EWB00_006075.1 gene=EWB00_006075
EWB00_006075.1       -            669 581717at33208        -            249   7.3e-07   28.6   1.6   4   4       1.4   1.8e+02    1.1   0.1    74    88   553   567   547   573 0.90 transcript=EWB00_006075.1 gene=EWB00_006075
EWB00_003402         -            686 581717at33208        -            249   8.3e-07   28.4   0.0   1   6       6.2   8.2e+02   -1.1   0.0   175   213   333   371   329   380 0.86 transcript=EWB00_003402 gene=EWB00_003402
EWB00_003402         -            686 581717at33208        -            249   8.3e-07   28.4   0.0   2   6      0.67        89    2.1   0.0   184   215   400   431   395   438 0.89 transcript=EWB00_003402 gene=EWB00_003402
EWB00_003402         -            686 581717at33208        -            249   8.3e-07   28.4   0.0   3   6       3.2   4.2e+02   -0.1   0.0   179   215   436   472   429   483 0.81 transcript=EWB00_003402 gene=EWB00_003402
EWB00_003402         -            686 581717at33208        -            249   8.3e-07   28.4   0.0   4   6   0.00016     0.021   14.0   0.0   161   212   501   552   481   570 0.84 transcript=EWB00_003402 gene=EWB00_003402
EWB00_003402         -            686 581717at33208        -            249   8.3e-07   28.4   0.0   5   6       3.1   4.2e+02   -0.1   0.0   195   215   586   606   553   615 0.65 transcript=EWB00_003402 gene=EWB00_003402
EWB00_003402         -            686 581717at33208        -            249   8.3e-07   28.4   0.0   6   6      0.11        14    4.7   0.0   168   217   601   650   576   656 0.80 transcript=EWB00_003402 gene=EWB00_003402
EWB00_007859         -            671 581717at33208        -            249   1.2e-06   27.9   0.2   1   3   3.5e-05    0.0046   16.1   0.0   149   213   387   453   379   463 0.86 transcript=EWB00_007859 gene=EWB00_007859
EWB00_007859         -            671 581717at33208        -            249   1.2e-06   27.9   0.2   2   3       1.2   1.5e+02    1.3   0.0   178   202   460   484   453   496 0.87 transcript=EWB00_007859 gene=EWB00_007859
EWB00_007859         -            671 581717at33208        -            249   1.2e-06   27.9   0.2   3   3      0.15        20    4.2   0.0    75    91   570   586   525   632 0.61 transcript=EWB00_007859 gene=EWB00_007859
EWB00_006075.3       -            756 581717at33208        -            249   1.7e-06   27.4   2.1   1   4     0.088        12    5.0   0.0   169   209   415   455   356   457 0.83 transcript=EWB00_006075.3 gene=EWB00_006075
EWB00_006075.3       -            756 581717at33208        -            249   1.7e-06   27.4   2.1   2   4   7.7e-06     0.001   18.3   0.1   173   222   506   555   472   565 0.89 transcript=EWB00_006075.3 gene=EWB00_006075
EWB00_006075.3       -            756 581717at33208        -            249   1.7e-06   27.4   2.1   3   4      0.54        72    2.4   0.0   173   200   548   575   546   576 0.91 transcript=EWB00_006075.3 gene=EWB00_006075
EWB00_006075.3       -            756 581717at33208        -            249   1.7e-06   27.4   2.1   4   4       1.7   2.2e+02    0.8   0.1    74    88   640   654   635   659 0.90 transcript=EWB00_006075.3 gene=EWB00_006075
EWB00_005126.1       -            467 581717at33208        -            249     2e-06   27.1   0.2   1   3      0.48        63    2.6   0.0   184   225   170   212   162   222 0.73 transcript=EWB00_005126.1 gene=EWB00_005126
EWB00_005126.1       -            467 581717at33208        -            249     2e-06   27.1   0.2   2   3   0.00039     0.051   12.7   0.3   178   212   257   291   230   296 0.79 transcript=EWB00_005126.1 gene=EWB00_005126
EWB00_005126.1       -            467 581717at33208        -            249     2e-06   27.1   0.2   3   3     0.025       3.3    6.8   0.0   172   212   293   333   291   344 0.91 transcript=EWB00_005126.1 gene=EWB00_005126
EWB00_005126.3       -            467 581717at33208        -            249     2e-06   27.1   0.2   1   3      0.48        63    2.6   0.0   184   225   170   212   162   222 0.73 transcript=EWB00_005126.3 gene=EWB00_005126
EWB00_005126.3       -            467 581717at33208        -            249     2e-06   27.1   0.2   2   3   0.00039     0.051   12.7   0.3   178   212   257   291   230   296 0.79 transcript=EWB00_005126.3 gene=EWB00_005126
EWB00_005126.3       -            467 581717at33208        -            249     2e-06   27.1   0.2   3   3     0.025       3.3    6.8   0.0   172   212   293   333   291   344 0.91 transcript=EWB00_005126.3 gene=EWB00_005126
EWB00_005126.2       -            437 581717at33208        -            249   2.2e-06   27.0   0.1   1   3      0.44        58    2.7   0.0   184   225   170   212   163   222 0.73 transcript=EWB00_005126.2 gene=EWB00_005126
EWB00_005126.2       -            437 581717at33208        -            249   2.2e-06   27.0   0.1   2   3   0.00029     0.038   13.1   0.2   178   213   257   292   230   297 0.79 transcript=EWB00_005126.2 gene=EWB00_005126
EWB00_005126.2       -            437 581717at33208        -            249   2.2e-06   27.0   0.1   3   3     0.022       2.9    7.0   0.0   172   212   293   333   291   346 0.91 transcript=EWB00_005126.2 gene=EWB00_005126
EWB00_005800.2       -            577 581717at33208        -            249   2.5e-06   26.8   0.3   1   5      0.28        36    3.4   0.0   173   215   139   181   115   197 0.79 transcript=EWB00_005800.2 gene=EWB00_005800
EWB00_005800.2       -            577 581717at33208        -            249   2.5e-06   26.8   0.3   2   5       1.2   1.6e+02    1.3   0.0   194   217   307   330   286   348 0.76 transcript=EWB00_005800.2 gene=EWB00_005800
EWB00_005800.2       -            577 581717at33208        -            249   2.5e-06   26.8   0.3   3   5    0.0092       1.2    8.2   0.0   168   209   414   455   398   463 0.89 transcript=EWB00_005800.2 gene=EWB00_005800
EWB00_005800.2       -            577 581717at33208        -            249   2.5e-06   26.8   0.3   4   5      0.96   1.3e+02    1.6   0.0   184   211   472   499   458   523 0.68 transcript=EWB00_005800.2 gene=EWB00_005800
EWB00_005800.2       -            577 581717at33208        -            249   2.5e-06   26.8   0.3   5   5      0.17        23    4.0   0.0   171   206   541   576   525   577 0.91 transcript=EWB00_005800.2 gene=EWB00_005800
EWB00_005126.4       -            514 581717at33208        -            249     3e-06   26.6   0.2   1   3      0.56        75    2.3   0.0   184   224   217   258   212   269 0.72 transcript=EWB00_005126.4 gene=EWB00_005126
EWB00_005126.4       -            514 581717at33208        -            249     3e-06   26.6   0.2   2   3   0.00035     0.047   12.8   0.2   178   213   304   339   277   344 0.79 transcript=EWB00_005126.4 gene=EWB00_005126
EWB00_005126.4       -            514 581717at33208        -            249     3e-06   26.6   0.2   3   3     0.031       4.1    6.5   0.0   172   212   340   380   339   389 0.92 transcript=EWB00_005126.4 gene=EWB00_005126
EWB00_011332.2       -            253 581717at33208        -            249   3.4e-06   26.4   0.0   1   5       1.4   1.9e+02    1.1   0.0   174   208     7    41     2    48 0.84 transcript=EWB00_011332.2 gene=EWB00_011332
EWB00_011332.2       -            253 581717at33208        -            249   3.4e-06   26.4   0.0   2   5     0.054       7.2    5.7   0.0   182   212    61    91    57    97 0.90 transcript=EWB00_011332.2 gene=EWB00_011332
EWB00_011332.2       -            253 581717at33208        -            249   3.4e-06   26.4   0.0   3   5     0.039       5.1    6.2   0.0   176   213   103   140    98   148 0.86 transcript=EWB00_011332.2 gene=EWB00_011332
EWB00_011332.2       -            253 581717at33208        -            249   3.4e-06   26.4   0.0   4   5     0.037       4.8    6.2   0.0   174   210   146   182   141   187 0.86 transcript=EWB00_011332.2 gene=EWB00_011332
EWB00_011332.2       -            253 581717at33208        -            249   3.4e-06   26.4   0.0   5   5       1.7   2.3e+02    0.8   0.0   172   212   188   228   180   240 0.79 transcript=EWB00_011332.2 gene=EWB00_011332
EWB00_005800.3       -            430 581717at33208        -            249   3.9e-06   26.2   0.7   1   5         8   1.1e+03   -1.4   0.0    46    68    55    77    24    83 0.85 transcript=EWB00_005800.3 gene=EWB00_005800
EWB00_005800.3       -            430 581717at33208        -            249   3.9e-06   26.2   0.7   2   5      0.78     1e+02    1.9   0.0   194   217   157   180   136   199 0.76 transcript=EWB00_005800.3 gene=EWB00_005800
EWB00_005800.3       -            430 581717at33208        -            249   3.9e-06   26.2   0.7   3   5    0.0064      0.84    8.7   0.0   168   209   264   305   247   311 0.89 transcript=EWB00_005800.3 gene=EWB00_005800
EWB00_005800.3       -            430 581717at33208        -            249   3.9e-06   26.2   0.7   4   5      0.65        85    2.2   0.0   184   212   322   350   308   374 0.68 transcript=EWB00_005800.3 gene=EWB00_005800
EWB00_005800.3       -            430 581717at33208        -            249   3.9e-06   26.2   0.7   5   5     0.027       3.6    6.7   0.0   171   209   391   429   371   430 0.89 transcript=EWB00_005800.3 gene=EWB00_005800
EWB00_010048         -           1621 581717at33208        -            249   7.7e-06   25.2   0.1   1   4      0.34        46    3.1   0.0   164   225   321   383   311   397 0.81 transcript=EWB00_010048 gene=EWB00_010048
EWB00_010048         -           1621 581717at33208        -            249   7.7e-06   25.2   0.1   2   4    0.0001     0.014   14.6   0.0   161   216   430   485   420   506 0.81 transcript=EWB00_010048 gene=EWB00_010048
EWB00_010048         -           1621 581717at33208        -            249   7.7e-06   25.2   0.1   3   4       1.8   2.4e+02    0.7   0.0   175   219   503   547   495   566 0.83 transcript=EWB00_010048 gene=EWB00_010048
EWB00_010048         -           1621 581717at33208        -            249   7.7e-06   25.2   0.1   4   4      0.77     1e+02    1.9   0.0   155   213   523   583   513   606 0.80 transcript=EWB00_010048 gene=EWB00_010048
EWB00_010008.3       -            299 581717at33208        -            249   9.1e-06   25.0   0.1   1   1   1.4e-05    0.0018   17.5   0.1    75   209   130   269    62   289 0.52 transcript=EWB00_010008.3 gene=EWB00_010008
EWB00_000884         -            446 581717at33208        -            249   1.3e-05   24.5   0.0   1   2    0.0002     0.026   13.7   0.0   143   213    69   141    65   156 0.88 transcript=EWB00_000884 gene=EWB00_000884
EWB00_000884         -            446 581717at33208        -            249   1.3e-05   24.5   0.0   2   2    0.0079         1    8.4   0.0   172   228   275   331   193   357 0.75 transcript=EWB00_000884 gene=EWB00_000884
EWB00_007035         -            279 581717at33208        -            249   1.4e-05   24.4   0.0   1   4    0.0022      0.29   10.2   0.0   174   219    19    64    12    72 0.92 transcript=EWB00_007035 gene=EWB00_007035
EWB00_007035         -            279 581717at33208        -            249   1.4e-05   24.4   0.0   2   4     0.013       1.7    7.7   0.0   174   213    63   103    60   112 0.90 transcript=EWB00_007035 gene=EWB00_007035
EWB00_007035         -            279 581717at33208        -            249   1.4e-05   24.4   0.0   3   4      0.14        18    4.3   0.0   118   193    83   166    72   182 0.59 transcript=EWB00_007035 gene=EWB00_007035
EWB00_007035         -            279 581717at33208        -            249   1.4e-05   24.4   0.0   4   4      0.26        34    3.5   0.0   139   218   195   277   185   279 0.74 transcript=EWB00_007035 gene=EWB00_007035
EWB00_005325         -            340 581717at33208        -            249   1.7e-05   24.1   0.0   1   2   1.3e-05    0.0017   17.5   0.0    73   228   110   273    65   282 0.81 transcript=EWB00_005325 gene=EWB00_005325
EWB00_005325         -            340 581717at33208        -            249   1.7e-05   24.1   0.0   2   2      0.75        99    1.9   0.0   177   209   308   340   286   340 0.87 transcript=EWB00_005325 gene=EWB00_005325
EWB00_006123         -           1018 581717at33208        -            249   2.4e-05   23.6   6.3   1   3    0.0077         1    8.5   0.0   181   213   120   152    97   169 0.89 transcript=EWB00_006123 gene=EWB00_006123
EWB00_006123         -           1018 581717at33208        -            249   2.4e-05   23.6   6.3   2   3    0.0062      0.82    8.8   0.0   176   219   238   281   220   310 0.80 transcript=EWB00_006123 gene=EWB00_006123
EWB00_006123         -           1018 581717at33208        -            249   2.4e-05   23.6   6.3   3   3     0.017       2.2    7.3   0.1   174   231   362   422   338   441 0.71 transcript=EWB00_006123 gene=EWB00_006123
EWB00_008077         -           1125 581717at33208        -            249   5.1e-05   22.5   1.0   1   4    0.0043      0.57    9.3   0.0   162   215   544   597   537   607 0.82 transcript=EWB00_008077 gene=EWB00_008077
EWB00_008077         -           1125 581717at33208        -            249   5.1e-05   22.5   1.0   2   4      0.19        25    3.9   0.0   170   213   742   784   706   792 0.74 transcript=EWB00_008077 gene=EWB00_008077
EWB00_008077         -           1125 581717at33208        -            249   5.1e-05   22.5   1.0   3   4       1.3   1.7e+02    1.2   0.0   183   213   795   826   783   833 0.84 transcript=EWB00_008077 gene=EWB00_008077
EWB00_008077         -           1125 581717at33208        -            249   5.1e-05   22.5   1.0   4   4      0.58        76    2.3   0.0   143   209   940  1010   922  1031 0.80 transcript=EWB00_008077 gene=EWB00_008077
EWB00_008835.2       -            773 581717at33208        -            249   5.9e-05   22.3   0.0   1   5     0.044       5.8    6.0   0.0   172   209    38    75    20    95 0.85 transcript=EWB00_008835.2 gene=EWB00_008835
EWB00_008835.2       -            773 581717at33208        -            249   5.9e-05   22.3   0.0   2   5      0.46        61    2.6   0.0    65    96    97   128    77   133 0.73 transcript=EWB00_008835.2 gene=EWB00_008835
EWB00_008835.2       -            773 581717at33208        -            249   5.9e-05   22.3   0.0   3   5      0.28        37    3.3   0.0   155   195   106   148    96   175 0.60 transcript=EWB00_008835.2 gene=EWB00_008835
EWB00_008835.2       -            773 581717at33208        -            249   5.9e-05   22.3   0.0   4   5       8.8   1.2e+03   -1.6   0.0    73   174   203   223   193   254 0.52 transcript=EWB00_008835.2 gene=EWB00_008835
EWB00_008835.2       -            773 581717at33208        -            249   5.9e-05   22.3   0.0   5   5     0.017       2.2    7.4   0.0   171   209   728   766   706   772 0.81 transcript=EWB00_008835.2 gene=EWB00_008835
EWB00_009311.1       -            539 581717at33208        -            249   0.00013   21.2   4.8   1   4     0.041       5.5    6.1   0.0   174   216   144   184   139   196 0.87 transcript=EWB00_009311.1 gene=EWB00_009311
EWB00_009311.1       -            539 581717at33208        -            249   0.00013   21.2   4.8   2   4      0.23        30    3.6   0.1   174   208   288   320   281   327 0.84 transcript=EWB00_009311.1 gene=EWB00_009311
EWB00_009311.1       -            539 581717at33208        -            249   0.00013   21.2   4.8   3   4    0.0054      0.72    9.0   0.0   173   217   327   369   325   383 0.86 transcript=EWB00_009311.1 gene=EWB00_009311
EWB00_009311.1       -            539 581717at33208        -            249   0.00013   21.2   4.8   4   4       1.3   1.7e+02    1.2   0.1   163   210   491   536   478   538 0.78 transcript=EWB00_009311.1 gene=EWB00_009311
EWB00_009311.2       -            553 581717at33208        -            249   0.00014   21.1   1.8   1   3     0.043       5.6    6.0   0.0   174   216   201   241   196   253 0.87 transcript=EWB00_009311.2 gene=EWB00_009311
EWB00_009311.2       -            553 581717at33208        -            249   0.00014   21.1   1.8   2   3      0.24        31    3.6   0.1   174   208   345   377   338   384 0.84 transcript=EWB00_009311.2 gene=EWB00_009311
EWB00_009311.2       -            553 581717at33208        -            249   0.00014   21.1   1.8   3   3    0.0056      0.74    8.9   0.0   173   217   384   426   382   440 0.86 transcript=EWB00_009311.2 gene=EWB00_009311
EWB00_003673.2       -            487 581717at33208        -            249   0.00017   20.8   0.0   1   3     0.048       6.3    5.9   0.0   168   212   272   317   254   331 0.79 transcript=EWB00_003673.2 gene=EWB00_003673
EWB00_003673.2       -            487 581717at33208        -            249   0.00017   20.8   0.0   2   3     0.017       2.2    7.4   0.0   183   212   330   359   317   374 0.89 transcript=EWB00_003673.2 gene=EWB00_003673
EWB00_003673.2       -            487 581717at33208        -            249   0.00017   20.8   0.0   3   3      0.46        61    2.6   0.0   161   208   390   440   383   469 0.76 transcript=EWB00_003673.2 gene=EWB00_003673
EWB00_006177.4       -            329 581717at33208        -            249   0.00029   20.1   0.1   1   2    0.0011      0.15   11.2   0.0   134   212     9    90     3   115 0.70 transcript=EWB00_006177.4 gene=EWB00_006177
EWB00_006177.4       -            329 581717at33208        -            249   0.00029   20.1   0.1   2   2     0.034       4.5    6.3   0.0    40    73   234   267   219   275 0.91 transcript=EWB00_006177.4 gene=EWB00_006177
EWB00_011262.1       -            491 581717at33208        -            249   0.00037   19.7   0.1   1   4       3.9   5.2e+02   -0.4   0.0    46    65    72    91    50   103 0.81 transcript=EWB00_011262.1 gene=EWB00_011262
EWB00_011262.1       -            491 581717at33208        -            249   0.00037   19.7   0.1   2   4         2   2.7e+02    0.5   0.0   174   209   181   216   118   222 0.91 transcript=EWB00_011262.1 gene=EWB00_011262
EWB00_011262.1       -            491 581717at33208        -            249   0.00037   19.7   0.1   3   4      0.18        24    4.0   0.0   183   219   234   270   230   284 0.80 transcript=EWB00_011262.1 gene=EWB00_011262
EWB00_011262.1       -            491 581717at33208        -            249   0.00037   19.7   0.1   4   4    0.0044      0.58    9.3   0.0   145   227   329   412   289   419 0.83 transcript=EWB00_011262.1 gene=EWB00_011262
EWB00_000619.1       -            388 581717at33208        -            249   0.00047   19.4   0.0   1   3      0.94   1.2e+02    1.6   0.0   175   217   188   231   180   254 0.80 transcript=EWB00_000619.1 gene=EWB00_000619
EWB00_000619.1       -            388 581717at33208        -            249   0.00047   19.4   0.0   2   3   0.00012     0.017   14.3   0.0   155   212   255   316   240   325 0.81 transcript=EWB00_000619.1 gene=EWB00_000619
EWB00_000619.1       -            388 581717at33208        -            249   0.00047   19.4   0.0   3   3       9.3   1.2e+03   -1.6   0.0   181   214   341   375   336   383 0.69 transcript=EWB00_000619.1 gene=EWB00_000619
EWB00_009340.3       -            320 581717at33208        -            249   0.00048   19.3   0.0   1   3     0.044       5.9    6.0   0.0    74   109    31    67    25    88 0.86 transcript=EWB00_009340.3 gene=EWB00_009340
EWB00_009340.3       -            320 581717at33208        -            249   0.00048   19.3   0.0   2   3      0.33        44    3.1   0.0   169   218    70   121    61   126 0.84 transcript=EWB00_009340.3 gene=EWB00_009340
EWB00_009340.3       -            320 581717at33208        -            249   0.00048   19.3   0.0   3   3     0.012       1.5    7.9   0.1    77   146   101   167    96   256 0.72 transcript=EWB00_009340.3 gene=EWB00_009340
EWB00_007436.1       -            866 581717at33208        -            249   0.00052   19.2   0.0   1   3      0.12        16    4.6   0.0   174   212    15    54    11    62 0.87 transcript=EWB00_007436.1 gene=EWB00_007436
EWB00_007436.1       -            866 581717at33208        -            249   0.00052   19.2   0.0   2   3     0.082        11    5.1   0.0   177   214    61   100    55   103 0.84 transcript=EWB00_007436.1 gene=EWB00_007436
EWB00_007436.1       -            866 581717at33208        -            249   0.00052   19.2   0.0   3   3     0.017       2.2    7.3   0.0   171   214    99   142    96   161 0.88 transcript=EWB00_007436.1 gene=EWB00_007436
EWB00_007493.3       -            384 581717at33208        -            249   0.00052   19.2   0.0   1   2      0.89   1.2e+02    1.7   0.0   155   213    50   110    40   143 0.82 transcript=EWB00_007493.3 gene=EWB00_007493
EWB00_007493.3       -            384 581717at33208        -            249   0.00052   19.2   0.0   2   2   7.3e-05    0.0096   15.1   0.0   155   219   177   246   167   258 0.84 transcript=EWB00_007493.3 gene=EWB00_007493
EWB00_009340.2       -            429 581717at33208        -            249   0.00056   19.1   0.0   1   4     0.064       8.4    5.4   0.0    74   109   118   154   112   178 0.86 transcript=EWB00_009340.2 gene=EWB00_009340
EWB00_009340.2       -            429 581717at33208        -            249   0.00056   19.1   0.0   2   4      0.56        74    2.4   0.0   170   218   158   208   150   213 0.84 transcript=EWB00_009340.2 gene=EWB00_009340
EWB00_009340.2       -            429 581717at33208        -            249   0.00056   19.1   0.0   3   4     0.019       2.5    7.2   0.1    77   146   188   254   182   343 0.73 transcript=EWB00_009340.2 gene=EWB00_009340
EWB00_009340.2       -            429 581717at33208        -            249   0.00056   19.1   0.0   4   4       4.2   5.6e+02   -0.5   0.0   181   202   395   416   380   423 0.87 transcript=EWB00_009340.2 gene=EWB00_009340
EWB00_000619.2       -            421 581717at33208        -            249   0.00061   19.0   0.0   1   2       1.1   1.5e+02    1.4   0.0   175   216   221   263   213   286 0.81 transcript=EWB00_000619.2 gene=EWB00_000619
EWB00_000619.2       -            421 581717at33208        -            249   0.00061   19.0   0.0   2   2   0.00014     0.019   14.1   0.0   155   212   288   349   273   358 0.81 transcript=EWB00_000619.2 gene=EWB00_000619
EWB00_005848.2       -            326 581717at33208        -            249   0.00071   18.8   0.0   1   3       3.9   5.2e+02   -0.4   0.0   176   221    47    92    42   107 0.62 transcript=EWB00_005848.2 gene=EWB00_005848
EWB00_005848.2       -            326 581717at33208        -            249   0.00071   18.8   0.0   2   3    0.0025      0.33   10.1   0.0   155   228   160   236   151   246 0.81 transcript=EWB00_005848.2 gene=EWB00_005848
EWB00_005848.2       -            326 581717at33208        -            249   0.00071   18.8   0.0   3   3       0.1        14    4.8   0.0   152   212   254   316   248   321 0.82 transcript=EWB00_005848.2 gene=EWB00_005848
EWB00_005848.4       -            261 581717at33208        -            249   0.00078   18.7   0.0   1   2    0.0016      0.21   10.7   0.0   155   229    95   172    82   181 0.82 transcript=EWB00_005848.4 gene=EWB00_005848
EWB00_005848.4       -            261 581717at33208        -            249   0.00078   18.7   0.0   2   2      0.07       9.3    5.3   0.0   152   212   189   251   183   256 0.82 transcript=EWB00_005848.4 gene=EWB00_005848
EWB00_002290         -            372 581717at33208        -            249   0.00091   18.4   0.1   1   2    0.0021      0.27   10.3   0.0   180   213   145   179    70   198 0.81 transcript=EWB00_002290 gene=EWB00_002290
EWB00_002290         -            372 581717at33208        -            249   0.00091   18.4   0.1   2   2     0.085        11    5.0   0.0   116   160   199   243   183   252 0.72 transcript=EWB00_002290 gene=EWB00_002290
EWB00_006354.2       -            486 581717at33208        -            249   0.00095   18.4   0.0   1   2   0.00051     0.068   12.3   0.0   174   214   273   314   261   343 0.80 transcript=EWB00_006354.2 gene=EWB00_006354
EWB00_006354.2       -            486 581717at33208        -            249   0.00095   18.4   0.0   2   2       0.2        26    3.8   0.0    69    91   337   359   330   365 0.83 transcript=EWB00_006354.2 gene=EWB00_006354
EWB00_009340.1       -            370 581717at33208        -            249   0.00097   18.4   0.0   1   3     0.055       7.2    5.7   0.0    74   109   118   154   113   177 0.86 transcript=EWB00_009340.1 gene=EWB00_009340
EWB00_009340.1       -            370 581717at33208        -            249   0.00097   18.4   0.0   2   3      0.42        55    2.8   0.0   169   218   157   208   148   213 0.84 transcript=EWB00_009340.1 gene=EWB00_009340
EWB00_009340.1       -            370 581717at33208        -            249   0.00097   18.4   0.0   3   3     0.016       2.1    7.4   0.1    77   146   188   254   183   343 0.72 transcript=EWB00_009340.1 gene=EWB00_009340
EWB00_005848.3       -            251 581717at33208        -            249   0.00099   18.3   0.0   1   2    0.0015      0.19   10.8   0.0   155   229    85   162    72   171 0.82 transcript=EWB00_005848.3 gene=EWB00_005848
EWB00_005848.3       -            251 581717at33208        -            249   0.00099   18.3   0.0   2   2     0.066       8.7    5.4   0.0   152   212   179   241   173   246 0.82 transcript=EWB00_005848.3 gene=EWB00_005848
EWB00_009495.1       -            377 581717at33208        -            249    0.0011   18.2   0.1   1   4     0.038       5.1    6.2   0.0   172   220    79   128    43   134 0.84 transcript=EWB00_009495.1 gene=EWB00_009495
EWB00_009495.1       -            377 581717at33208        -            249    0.0011   18.2   0.1   2   4       1.6   2.1e+02    0.9   0.0   188   212   137   161   129   165 0.82 transcript=EWB00_009495.1 gene=EWB00_009495
EWB00_009495.1       -            377 581717at33208        -            249    0.0011   18.2   0.1   3   4      0.96   1.3e+02    1.6   0.0   174   212   169   206   161   214 0.61 transcript=EWB00_009495.1 gene=EWB00_009495
EWB00_009495.1       -            377 581717at33208        -            249    0.0011   18.2   0.1   4   4     0.056       7.4    5.6   0.0   166   211   200   248   189   266 0.78 transcript=EWB00_009495.1 gene=EWB00_009495
EWB00_009495.2       -            377 581717at33208        -            249    0.0011   18.2   0.1   1   4     0.038       5.1    6.2   0.0   172   220    79   128    43   134 0.84 transcript=EWB00_009495.2 gene=EWB00_009495
EWB00_009495.2       -            377 581717at33208        -            249    0.0011   18.2   0.1   2   4       1.6   2.1e+02    0.9   0.0   188   212   137   161   129   165 0.82 transcript=EWB00_009495.2 gene=EWB00_009495
EWB00_009495.2       -            377 581717at33208        -            249    0.0011   18.2   0.1   3   4      0.96   1.3e+02    1.6   0.0   174   212   169   206   161   214 0.61 transcript=EWB00_009495.2 gene=EWB00_009495
EWB00_009495.2       -            377 581717at33208        -            249    0.0011   18.2   0.1   4   4     0.056       7.4    5.6   0.0   166   211   200   248   189   266 0.78 transcript=EWB00_009495.2 gene=EWB00_009495
EWB00_009495.3       -            377 581717at33208        -            249    0.0011   18.2   0.1   1   4     0.038       5.1    6.2   0.0   172   220    79   128    43   134 0.84 transcript=EWB00_009495.3 gene=EWB00_009495
EWB00_009495.3       -            377 581717at33208        -            249    0.0011   18.2   0.1   2   4       1.6   2.1e+02    0.9   0.0   188   212   137   161   129   165 0.82 transcript=EWB00_009495.3 gene=EWB00_009495
EWB00_009495.3       -            377 581717at33208        -            249    0.0011   18.2   0.1   3   4      0.96   1.3e+02    1.6   0.0   174   212   169   206   161   214 0.61 transcript=EWB00_009495.3 gene=EWB00_009495
EWB00_009495.3       -            377 581717at33208        -            249    0.0011   18.2   0.1   4   4     0.056       7.4    5.6   0.0   166   211   200   248   189   266 0.78 transcript=EWB00_009495.3 gene=EWB00_009495
EWB00_009828         -            760 581717at33208        -            249    0.0012   18.1   0.5   1   4       7.6     1e+03   -1.4   0.0   192   211   323   342   319   352 0.89 transcript=EWB00_009828 gene=EWB00_009828
EWB00_009828         -            760 581717at33208        -            249    0.0012   18.1   0.5   2   4      0.14        19    4.3   0.1   155   208   486   539   473   563 0.76 transcript=EWB00_009828 gene=EWB00_009828
EWB00_009828         -            760 581717at33208        -            249    0.0012   18.1   0.5   3   4      0.42        56    2.8   0.0   195   226   566   598   545   610 0.76 transcript=EWB00_009828 gene=EWB00_009828
EWB00_009828         -            760 581717at33208        -            249    0.0012   18.1   0.5   4   4     0.043       5.7    6.0   0.0    14    61   620   667   608   686 0.83 transcript=EWB00_009828 gene=EWB00_009828
EWB00_003673.1       -            424 581717at33208        -            249    0.0012   18.0   0.0   1   3      0.04       5.2    6.1   0.0   167   212   271   317   251   329 0.79 transcript=EWB00_003673.1 gene=EWB00_003673
EWB00_003673.1       -            424 581717at33208        -            249    0.0012   18.0   0.0   2   3     0.017       2.2    7.3   0.0   184   212   331   359   325   374 0.89 transcript=EWB00_003673.1 gene=EWB00_003673
EWB00_003673.1       -            424 581717at33208        -            249    0.0012   18.0   0.0   3   3       3.2   4.3e+02   -0.1   0.0    76   139   386   403   379   417 0.59 transcript=EWB00_003673.1 gene=EWB00_003673
EWB00_011154.2       -            316 581717at33208        -            249    0.0015   17.7   0.1   1   3      0.15        19    4.3   0.0   173   210    55    92    24   112 0.78 transcript=EWB00_011154.2 gene=EWB00_011154
EWB00_011154.2       -            316 581717at33208        -            249    0.0015   17.7   0.1   2   3       2.6   3.4e+02    0.2   0.0   182   209   106   133    77   165 0.55 transcript=EWB00_011154.2 gene=EWB00_011154
EWB00_011154.2       -            316 581717at33208        -            249    0.0015   17.7   0.1   3   3     0.077        10    5.2   0.0   159   214   171   228   105   234 0.84 transcript=EWB00_011154.2 gene=EWB00_011154
EWB00_011154.3       -            316 581717at33208        -            249    0.0015   17.7   0.1   1   3      0.15        19    4.3   0.0   173   210    55    92    24   112 0.78 transcript=EWB00_011154.3 gene=EWB00_011154
EWB00_011154.3       -            316 581717at33208        -            249    0.0015   17.7   0.1   2   3       2.6   3.4e+02    0.2   0.0   182   209   106   133    77   165 0.55 transcript=EWB00_011154.3 gene=EWB00_011154
EWB00_011154.3       -            316 581717at33208        -            249    0.0015   17.7   0.1   3   3     0.077        10    5.2   0.0   159   214   171   228   105   234 0.84 transcript=EWB00_011154.3 gene=EWB00_011154
EWB00_011154.4       -            316 581717at33208        -            249    0.0015   17.7   0.1   1   3      0.15        19    4.3   0.0   173   210    55    92    24   112 0.78 transcript=EWB00_011154.4 gene=EWB00_011154
EWB00_011154.4       -            316 581717at33208        -            249    0.0015   17.7   0.1   2   3       2.6   3.4e+02    0.2   0.0   182   209   106   133    77   165 0.55 transcript=EWB00_011154.4 gene=EWB00_011154
EWB00_011154.4       -            316 581717at33208        -            249    0.0015   17.7   0.1   3   3     0.077        10    5.2   0.0   159   214   171   228   105   234 0.84 transcript=EWB00_011154.4 gene=EWB00_011154
EWB00_006610         -           1204 581717at33208        -            249    0.0016   17.6   0.0   1   3         3   3.9e+02   -0.0   0.0    72    90   915   932   893   936 0.67 transcript=EWB00_006610 gene=EWB00_006610
EWB00_006610         -           1204 581717at33208        -            249    0.0016   17.6   0.0   2   3       5.9   7.8e+02   -1.0   0.0    74    89   978   993   945   996 0.83 transcript=EWB00_006610 gene=EWB00_006610
EWB00_006610         -           1204 581717at33208        -            249    0.0016   17.6   0.0   3   3   0.00026     0.034   13.3   0.0   161   216  1028  1085  1016  1097 0.81 transcript=EWB00_006610 gene=EWB00_006610
EWB00_005128.1       -            406 581717at33208        -            249    0.0019   17.4   0.0   1   2     0.012       1.5    7.9   0.0   184   225   170   212   164   222 0.73 transcript=EWB00_005128.1 gene=EWB00_005128
EWB00_005128.1       -            406 581717at33208        -            249    0.0019   17.4   0.0   2   2     0.037       4.9    6.2   0.1   178   228   257   309   224   317 0.71 transcript=EWB00_005128.1 gene=EWB00_005128
EWB00_006215         -           1213 581717at33208        -            249     0.002   17.4   0.3   1   2       1.4   1.9e+02    1.0   0.0    31    64    30    63    23    77 0.81 transcript=EWB00_006215 gene=EWB00_006215
EWB00_006215         -           1213 581717at33208        -            249     0.002   17.4   0.3   2   2   0.00025     0.033   13.3   0.0   153   220   122   193   103   206 0.85 transcript=EWB00_006215 gene=EWB00_006215
EWB00_005128.2       -            467 581717at33208        -            249    0.0021   17.3   0.1   1   2     0.014       1.8    7.6   0.0   184   225   170   212   164   224 0.74 transcript=EWB00_005128.2 gene=EWB00_005128
EWB00_005128.2       -            467 581717at33208        -            249    0.0021   17.3   0.1   2   2     0.051       6.7    5.8   0.1   178   228   257   309   229   316 0.71 transcript=EWB00_005128.2 gene=EWB00_005128
EWB00_002429.1       -            842 581717at33208        -            249    0.0022   17.2   0.6   1   6      0.58        77    2.3   0.0   176   210   440   474   436   479 0.81 transcript=EWB00_002429.1 gene=EWB00_002429
EWB00_002429.1       -            842 581717at33208        -            249    0.0022   17.2   0.6   2   6       3.4   4.5e+02   -0.2   0.0   155   209   483   543   480   549 0.77 transcript=EWB00_002429.1 gene=EWB00_002429
EWB00_002429.1       -            842 581717at33208        -            249    0.0022   17.2   0.6   3   6       5.1   6.8e+02   -0.8   0.0   152   171   652   671   645   675 0.84 transcript=EWB00_002429.1 gene=EWB00_002429
EWB00_002429.1       -            842 581717at33208        -            249    0.0022   17.2   0.6   4   6       3.5   4.7e+02   -0.3   0.1   184   214   717   747   712   764 0.80 transcript=EWB00_002429.1 gene=EWB00_002429
EWB00_002429.1       -            842 581717at33208        -            249    0.0022   17.2   0.6   5   6      0.79   1.1e+02    1.9   0.0   182   217   766   801   755   809 0.86 transcript=EWB00_002429.1 gene=EWB00_002429
EWB00_002429.1       -            842 581717at33208        -            249    0.0022   17.2   0.6   6   6      0.22        30    3.7   0.0   182   209   812   839   800   842 0.86 transcript=EWB00_002429.1 gene=EWB00_002429
EWB00_001118.1       -            498 581717at33208        -            249    0.0022   17.2   0.0   1   2       1.3   1.7e+02    1.2   0.0   163   215   292   347   280   364 0.71 transcript=EWB00_001118.1 gene=EWB00_001118
EWB00_001118.1       -            498 581717at33208        -            249    0.0022   17.2   0.0   2   2   0.00061     0.081   12.1   0.0   174   213   437   476   433   491 0.84 transcript=EWB00_001118.1 gene=EWB00_001118
EWB00_001118.2       -            498 581717at33208        -            249    0.0022   17.2   0.0   1   2       1.3   1.7e+02    1.2   0.0   163   215   292   347   280   364 0.71 transcript=EWB00_001118.2 gene=EWB00_001118
EWB00_001118.2       -            498 581717at33208        -            249    0.0022   17.2   0.0   2   2   0.00061     0.081   12.1   0.0   174   213   437   476   433   491 0.84 transcript=EWB00_001118.2 gene=EWB00_001118
EWB00_001118.3       -            498 581717at33208        -            249    0.0022   17.2   0.0   1   2       1.3   1.7e+02    1.2   0.0   163   215   292   347   280   364 0.71 transcript=EWB00_001118.3 gene=EWB00_001118
EWB00_001118.3       -            498 581717at33208        -            249    0.0022   17.2   0.0   2   2   0.00061     0.081   12.1   0.0   174   213   437   476   433   491 0.84 transcript=EWB00_001118.3 gene=EWB00_001118
EWB00_004308         -            274 581717at33208        -            249    0.0025   17.0   0.0   1   2    0.0099       1.3    8.1   0.0    73   137   110   173    52   176 0.79 transcript=EWB00_004308 gene=EWB00_004308
EWB00_004308         -            274 581717at33208        -            249    0.0025   17.0   0.0   2   2     0.019       2.5    7.2   0.0   165   218   166   221   155   237 0.76 transcript=EWB00_004308 gene=EWB00_004308
EWB00_002820         -            446 581717at33208        -            249    0.0025   17.0   0.1   1   3       2.4   3.2e+02    0.3   0.0   193   227   111   146   102   161 0.61 transcript=EWB00_002820 gene=EWB00_002820
EWB00_002820         -            446 581717at33208        -            249    0.0025   17.0   0.1   2   3       6.2   8.1e+02   -1.1   0.1    44    44   179   179   137   227 0.45 transcript=EWB00_002820 gene=EWB00_002820
EWB00_002820         -            446 581717at33208        -            249    0.0025   17.0   0.1   3   3    0.0029      0.38    9.9   0.0   173   212   353   393   277   405 0.81 transcript=EWB00_002820 gene=EWB00_002820
EWB00_006314.2       -            424 581717at33208        -            249    0.0026   16.9   0.0   1   1   5.3e-05     0.007   15.6   0.0   155   212   287   348   228   356 0.79 transcript=EWB00_006314.2 gene=EWB00_006314
EWB00_006314.3       -            424 581717at33208        -            249    0.0026   16.9   0.0   1   1   5.3e-05     0.007   15.6   0.0   155   212   287   348   228   356 0.79 transcript=EWB00_006314.3 gene=EWB00_006314
EWB00_010451.2       -            927 581717at33208        -            249    0.0034   16.6   0.0   1   3       3.5   4.7e+02   -0.3   0.0    73    93   552   572   534   575 0.82 transcript=EWB00_010451.2 gene=EWB00_010451
EWB00_010451.2       -            927 581717at33208        -            249    0.0034   16.6   0.0   2   3      0.24        32    3.6   0.0    77    90   614   627   608   668 0.83 transcript=EWB00_010451.2 gene=EWB00_010451
EWB00_010451.2       -            927 581717at33208        -            249    0.0034   16.6   0.0   3   3    0.0052      0.69    9.0   0.0   161   221   660   722   649   738 0.83 transcript=EWB00_010451.2 gene=EWB00_010451
EWB00_008816         -            320 581717at33208        -            249    0.0036   16.5   0.1   1   3      0.91   1.2e+02    1.7   0.0   172   218    12    58     3    74 0.81 transcript=EWB00_008816 gene=EWB00_008816
EWB00_008816         -            320 581717at33208        -            249    0.0036   16.5   0.1   2   3     0.036       4.8    6.3   0.1   158   218    85   144    67   153 0.80 transcript=EWB00_008816 gene=EWB00_008816
EWB00_008816         -            320 581717at33208        -            249    0.0036   16.5   0.1   3   3      0.11        15    4.7   0.0    75   135   162   224   159   244 0.79 transcript=EWB00_008816 gene=EWB00_008816
EWB00_000980.4       -            836 581717at33208        -            249    0.0039   16.4   0.0   1   2    0.0024      0.32   10.1   0.0   176   223   376   424   372   444 0.84 transcript=EWB00_000980.4 gene=EWB00_000980
EWB00_000980.4       -            836 581717at33208        -            249    0.0039   16.4   0.0   2   2      0.24        32    3.6   0.0   155   198   721   767   660   784 0.75 transcript=EWB00_000980.4 gene=EWB00_000980
EWB00_005948.2       -            621 581717at33208        -            249    0.0046   16.2   0.1   1   3   0.00093      0.12   11.5   0.0   121   214   294   393   278   410 0.77 transcript=EWB00_005948.2 gene=EWB00_005948
EWB00_005948.2       -            621 581717at33208        -            249    0.0046   16.2   0.1   2   3       3.2   4.2e+02   -0.1   0.0   107   151   411   453   406   470 0.66 transcript=EWB00_005948.2 gene=EWB00_005948
EWB00_005948.2       -            621 581717at33208        -            249    0.0046   16.2   0.1   3   3       3.4   4.4e+02   -0.2   0.0    73   118   521   561   517   573 0.69 transcript=EWB00_005948.2 gene=EWB00_005948
EWB00_006339.1       -            395 581717at33208        -            249    0.0055   15.9   0.0   1   2       4.7   6.2e+02   -0.7   0.0   193   214    54    75    40   118 0.59 transcript=EWB00_006339.1 gene=EWB00_006339
EWB00_006339.1       -            395 581717at33208        -            249    0.0055   15.9   0.0   2   2   0.00019     0.025   13.7   0.0   174   212   137   175   133   191 0.82 transcript=EWB00_006339.1 gene=EWB00_006339
EWB00_006339.2       -            395 581717at33208        -            249    0.0055   15.9   0.0   1   2       4.7   6.2e+02   -0.7   0.0   193   214    54    75    40   118 0.59 transcript=EWB00_006339.2 gene=EWB00_006339
EWB00_006339.2       -            395 581717at33208        -            249    0.0055   15.9   0.0   2   2   0.00019     0.025   13.7   0.0   174   212   137   175   133   191 0.82 transcript=EWB00_006339.2 gene=EWB00_006339
EWB00_006339.3       -            395 581717at33208        -            249    0.0055   15.9   0.0   1   2       4.7   6.2e+02   -0.7   0.0   193   214    54    75    40   118 0.59 transcript=EWB00_006339.3 gene=EWB00_006339
EWB00_006339.3       -            395 581717at33208        -            249    0.0055   15.9   0.0   2   2   0.00019     0.025   13.7   0.0   174   212   137   175   133   191 0.82 transcript=EWB00_006339.3 gene=EWB00_006339
EWB00_006339.4       -            395 581717at33208        -            249    0.0055   15.9   0.0   1   2       4.7   6.2e+02   -0.7   0.0   193   214    54    75    40   118 0.59 transcript=EWB00_006339.4 gene=EWB00_006339
EWB00_006339.4       -            395 581717at33208        -            249    0.0055   15.9   0.0   2   2   0.00019     0.025   13.7   0.0   174   212   137   175   133   191 0.82 transcript=EWB00_006339.4 gene=EWB00_006339
EWB00_001043         -           1120 581717at33208        -            249    0.0061   15.7   0.0   1   3       2.8   3.7e+02    0.1   0.0   184   210   774   800   770   823 0.85 transcript=EWB00_001043 gene=EWB00_001043
EWB00_001043         -           1120 581717at33208        -            249    0.0061   15.7   0.0   2   3       3.9   5.2e+02   -0.4   0.0   177   211   822   856   816   859 0.85 transcript=EWB00_001043 gene=EWB00_001043
EWB00_001043         -           1120 581717at33208        -            249    0.0061   15.7   0.0   3   3    0.0019      0.26   10.4   0.0   154   209  1013  1070  1004  1083 0.84 transcript=EWB00_001043 gene=EWB00_001043
EWB00_007493.2       -            446 581717at33208        -            249    0.0065   15.7   0.0   1   1   9.8e-05     0.013   14.7   0.0   156   218    56   123    48   135 0.84 transcript=EWB00_007493.2 gene=EWB00_007493
EWB00_007493.1       -            434 581717at33208        -            249    0.0065   15.6   0.0   1   1   9.3e-05     0.012   14.7   0.0   156   219    56   124    48   136 0.84 transcript=EWB00_007493.1 gene=EWB00_007493
EWB00_005183.4       -            599 581717at33208        -            249    0.0065   15.6   0.4   1   4      0.28        37    3.4   0.0    74    89   104   119   101   124 0.90 transcript=EWB00_005183.4 gene=EWB00_005183
EWB00_005183.4       -            599 581717at33208        -            249    0.0065   15.6   0.4   2   4      0.39        51    2.9   0.0    39    70   200   231   189   240 0.75 transcript=EWB00_005183.4 gene=EWB00_005183
EWB00_005183.4       -            599 581717at33208        -            249    0.0065   15.6   0.4   3   4      0.28        36    3.4   0.0   138   225   245   340   234   351 0.67 transcript=EWB00_005183.4 gene=EWB00_005183
EWB00_005183.4       -            599 581717at33208        -            249    0.0065   15.6   0.4   4   4       2.9   3.9e+02    0.0   0.0   169   207   379   417   369   439 0.80 transcript=EWB00_005183.4 gene=EWB00_005183
EWB00_005666.2       -            489 581717at33208        -            249    0.0078   15.4   0.1   1   1   0.00011     0.015   14.5   0.1   157   212    77   145    74   157 0.81 transcript=EWB00_005666.2 gene=EWB00_005666
EWB00_005666.1       -            493 581717at33208        -            249    0.0079   15.4   0.1   1   1   0.00011     0.015   14.5   0.1   157   212    81   149    78   161 0.81 transcript=EWB00_005666.1 gene=EWB00_005666
EWB00_000863         -            373 581717at33208        -            249     0.011   14.9   0.0   1   2     0.011       1.4    8.0   0.0   172   214    47    89    43    99 0.87 transcript=EWB00_000863 gene=EWB00_000863
EWB00_000863         -            373 581717at33208        -            249     0.011   14.9   0.0   2   2      0.14        18    4.4   0.0   181   213   147   179   139   186 0.86 transcript=EWB00_000863 gene=EWB00_000863
EWB00_008931.1       -            598 581717at33208        -            249     0.014   14.5   1.7   1   2         1   1.4e+02    1.5   0.0   169   214   389   432   369   447 0.82 transcript=EWB00_008931.1 gene=EWB00_008931
EWB00_008931.1       -            598 581717at33208        -            249     0.014   14.5   1.7   2   2    0.0034      0.45    9.6   0.4   120   217   453   559   443   577 0.58 transcript=EWB00_008931.1 gene=EWB00_008931
EWB00_008931.2       -            598 581717at33208        -            249     0.014   14.5   1.7   1   2         1   1.4e+02    1.5   0.0   169   214   389   432   369   447 0.82 transcript=EWB00_008931.2 gene=EWB00_008931
EWB00_008931.2       -            598 581717at33208        -            249     0.014   14.5   1.7   2   2    0.0034      0.45    9.6   0.4   120   217   453   559   443   577 0.58 transcript=EWB00_008931.2 gene=EWB00_008931
EWB00_008931.3       -            598 581717at33208        -            249     0.014   14.5   1.7   1   2         1   1.4e+02    1.5   0.0   169   214   389   432   369   447 0.82 transcript=EWB00_008931.3 gene=EWB00_008931
EWB00_008931.3       -            598 581717at33208        -            249     0.014   14.5   1.7   2   2    0.0034      0.45    9.6   0.4   120   217   453   559   443   577 0.58 transcript=EWB00_008931.3 gene=EWB00_008931
EWB00_008931.5       -            598 581717at33208        -            249     0.014   14.5   1.7   1   2         1   1.4e+02    1.5   0.0   169   214   389   432   369   447 0.82 transcript=EWB00_008931.5 gene=EWB00_008931
EWB00_008931.5       -            598 581717at33208        -            249     0.014   14.5   1.7   2   2    0.0034      0.45    9.6   0.4   120   217   453   559   443   577 0.58 transcript=EWB00_008931.5 gene=EWB00_008931
EWB00_002736         -            355 581717at33208        -            249     0.014   14.5   0.1   1   4     0.062       8.2    5.5   0.0   172   213    60   101    42   131 0.85 transcript=EWB00_002736 gene=EWB00_002736
EWB00_002736         -            355 581717at33208        -            249     0.014   14.5   0.1   2   4       6.9   9.1e+02   -1.2   0.0   193   219   132   158   124   169 0.66 transcript=EWB00_002736 gene=EWB00_002736
EWB00_002736         -            355 581717at33208        -            249     0.014   14.5   0.1   3   4      0.12        16    4.5   0.1   183   213   166   194   141   216 0.65 transcript=EWB00_002736 gene=EWB00_002736
EWB00_002736         -            355 581717at33208        -            249     0.014   14.5   0.1   4   4     0.067       8.8    5.4   0.1   114   169   171   230   158   251 0.57 transcript=EWB00_002736 gene=EWB00_002736
EWB00_010451.3       -            793 581717at33208        -            249     0.017   14.3   0.1   1   3       2.9   3.9e+02    0.0   0.0    73    93   628   648   609   651 0.82 transcript=EWB00_010451.3 gene=EWB00_010451
EWB00_010451.3       -            793 581717at33208        -            249     0.017   14.3   0.1   2   3       0.2        27    3.8   0.0    77    90   690   703   684   744 0.83 transcript=EWB00_010451.3 gene=EWB00_010451
EWB00_010451.3       -            793 581717at33208        -            249     0.017   14.3   0.1   3   3     0.036       4.8    6.3   0.0   161   211   736   788   721   792 0.87 transcript=EWB00_010451.3 gene=EWB00_010451
EWB00_008931.4       -            659 581717at33208        -            249     0.018   14.2   1.6   1   2       1.2   1.6e+02    1.3   0.0   169   214   450   493   429   507 0.82 transcript=EWB00_008931.4 gene=EWB00_008931
EWB00_008931.4       -            659 581717at33208        -            249     0.018   14.2   1.6   2   2    0.0022      0.29   10.2   0.4   113   217   508   620   478   638 0.61 transcript=EWB00_008931.4 gene=EWB00_008931
EWB00_011154.1       -            264 581717at33208        -            249     0.019   14.1   0.0   1   2      0.06         8    5.5   0.0   159   213    84   140    19   146 0.84 transcript=EWB00_011154.1 gene=EWB00_011154
EWB00_011154.1       -            264 581717at33208        -            249     0.019   14.1   0.0   2   2      0.16        22    4.1   0.0   110   151   153   193   147   264 0.57 transcript=EWB00_011154.1 gene=EWB00_011154
EWB00_010757         -            374 581717at33208        -            249      0.02   14.1   0.1   1   3       4.1   5.4e+02   -0.5   0.0    70    89    75    94    38    96 0.64 transcript=EWB00_010757 gene=EWB00_010757
EWB00_010757         -            374 581717at33208        -            249      0.02   14.1   0.1   2   3       0.1        13    4.8   0.0   120   147   131   157   127   178 0.84 transcript=EWB00_010757 gene=EWB00_010757
EWB00_010757         -            374 581717at33208        -            249      0.02   14.1   0.1   3   3     0.089        12    5.0   0.1    75   137   191   251   166   257 0.65 transcript=EWB00_010757 gene=EWB00_010757
EWB00_010930.2       -            799 581717at33208        -            249     0.032   13.4   0.5   1   4       4.7   6.3e+02   -0.7   0.0   169   210   132   173   118   180 0.81 transcript=EWB00_010930.2 gene=EWB00_010930
EWB00_010930.2       -            799 581717at33208        -            249     0.032   13.4   0.5   2   4      0.14        19    4.3   0.1    75    89   352   366   348   368 0.89 transcript=EWB00_010930.2 gene=EWB00_010930
EWB00_010930.2       -            799 581717at33208        -            249     0.032   13.4   0.5   3   4      0.21        28    3.7   0.0   176   210   374   409   369   418 0.84 transcript=EWB00_010930.2 gene=EWB00_010930
EWB00_010930.2       -            799 581717at33208        -            249     0.032   13.4   0.5   4   4      0.38        50    2.9   0.0   149   204   388   447   381   462 0.67 transcript=EWB00_010930.2 gene=EWB00_010930
EWB00_005848.1       -            313 581717at33208        -            249     0.039   13.1   0.0   1   2       3.7   4.9e+02   -0.3   0.0   176   221    47    92    42   107 0.62 transcript=EWB00_005848.1 gene=EWB00_005848
EWB00_005848.1       -            313 581717at33208        -            249     0.039   13.1   0.0   2   2    0.0023       0.3   10.2   0.0   155   228   160   236   150   246 0.81 transcript=EWB00_005848.1 gene=EWB00_005848
EWB00_010930.1       -            902 581717at33208        -            249     0.058   12.5   0.6   1   4       5.8   7.7e+02   -1.0   0.0   169   210   132   173   120   179 0.81 transcript=EWB00_010930.1 gene=EWB00_010930
EWB00_010930.1       -            902 581717at33208        -            249     0.058   12.5   0.6   2   4      0.16        22    4.1   0.1    75    89   352   366   348   368 0.89 transcript=EWB00_010930.1 gene=EWB00_010930
EWB00_010930.1       -            902 581717at33208        -            249     0.058   12.5   0.6   3   4      0.22        29    3.7   0.0   176   210   374   409   368   424 0.85 transcript=EWB00_010930.1 gene=EWB00_010930
EWB00_010930.1       -            902 581717at33208        -            249     0.058   12.5   0.6   4   4      0.44        58    2.7   0.0   150   204   389   447   381   462 0.67 transcript=EWB00_010930.1 gene=EWB00_010930
EWB00_006257.1       -            374 581717at33208        -            249     0.061   12.5   0.1   1   3         4   5.3e+02   -0.4   0.0    76    91    37    53     6    60 0.70 transcript=EWB00_006257.1 gene=EWB00_006257
EWB00_006257.1       -            374 581717at33208        -            249     0.061   12.5   0.1   2   3    0.0072      0.96    8.5   0.0   176   214    68   107    62   132 0.80 transcript=EWB00_006257.1 gene=EWB00_006257
EWB00_006257.1       -            374 581717at33208        -            249     0.061   12.5   0.1   3   3       6.6   8.7e+02   -1.2   0.0    38    62   269   294   260   299 0.70 transcript=EWB00_006257.1 gene=EWB00_006257
EWB00_006257.2       -            430 581717at33208        -            249     0.071   12.2   0.1   1   3       3.4   4.5e+02   -0.2   0.0    72    91    89   109    50   113 0.64 transcript=EWB00_006257.2 gene=EWB00_006257
EWB00_006257.2       -            430 581717at33208        -            249     0.071   12.2   0.1   2   3    0.0077         1    8.4   0.0   176   214   124   163   108   188 0.81 transcript=EWB00_006257.2 gene=EWB00_006257
EWB00_006257.2       -            430 581717at33208        -            249     0.071   12.2   0.1   3   3       8.2   1.1e+03   -1.5   0.0    38    62   325   350   316   354 0.69 transcript=EWB00_006257.2 gene=EWB00_006257
EWB00_006177.3       -            261 581717at33208        -            249      0.08   12.1   0.1   1   2       0.5        66    2.5   0.0   194   212     4    22     2    47 0.68 transcript=EWB00_006177.3 gene=EWB00_006177
EWB00_006177.3       -            261 581717at33208        -            249      0.08   12.1   0.1   2   2     0.029       3.9    6.6   0.0    41    73   167   199   162   203 0.90 transcript=EWB00_006177.3 gene=EWB00_006177
EWB00_006257.3       -            448 581717at33208        -            249     0.082   12.0   0.2   1   3       3.7   4.9e+02   -0.3   0.0    73    91   126   145    87   149 0.65 transcript=EWB00_006257.3 gene=EWB00_006257
EWB00_006257.3       -            448 581717at33208        -            249     0.082   12.0   0.2   2   3    0.0082       1.1    8.4   0.0   176   214   160   199   144   224 0.81 transcript=EWB00_006257.3 gene=EWB00_006257
EWB00_006257.3       -            448 581717at33208        -            249     0.082   12.0   0.2   3   3       8.6   1.1e+03   -1.5   0.0    38    62   361   386   352   390 0.69 transcript=EWB00_006257.3 gene=EWB00_006257
EWB00_006177.1       -            276 581717at33208        -            249     0.095   11.8   0.1   1   2      0.54        72    2.4   0.0   194   212     4    22     2    47 0.69 transcript=EWB00_006177.1 gene=EWB00_006177
EWB00_006177.1       -            276 581717at33208        -            249     0.095   11.8   0.1   2   2     0.032       4.2    6.4   0.0    41    73   167   199   162   203 0.90 transcript=EWB00_006177.1 gene=EWB00_006177
EWB00_006177.2       -            303 581717at33208        -            249       0.1   11.7   0.1   1   2      0.62        82    2.2   0.0   194   212     4    22     2    47 0.69 transcript=EWB00_006177.2 gene=EWB00_006177
EWB00_006177.2       -            303 581717at33208        -            249       0.1   11.7   0.1   2   2     0.036       4.8    6.3   0.0    41    73   167   199   162   203 0.90 transcript=EWB00_006177.2 gene=EWB00_006177
EWB00_001013         -            578 581717at33208        -            249      0.11   11.7   0.0   1   2       3.9   5.2e+02   -0.4   0.0   160   202   163   205   157   235 0.81 transcript=EWB00_001013 gene=EWB00_001013
EWB00_001013         -            578 581717at33208        -            249      0.11   11.7   0.0   2   2    0.0082       1.1    8.4   0.0   178   202   550   574   514   577 0.73 transcript=EWB00_001013 gene=EWB00_001013
EWB00_000980.1       -            689 581717at33208        -            249      0.12   11.6   0.0   1   1    0.0019      0.25   10.4   0.0   176   223   376   424   372   444 0.84 transcript=EWB00_000980.1 gene=EWB00_000980
EWB00_000980.2       -            700 581717at33208        -            249      0.12   11.5   0.0   1   1    0.0019      0.26   10.4   0.0   176   223   328   376   324   396 0.84 transcript=EWB00_000980.2 gene=EWB00_000980
EWB00_002588.2       -            855 581717at33208        -            249      0.13   11.4   0.1   1   1    0.0023      0.31   10.2   0.1   155   215    54   117    43   132 0.85 transcript=EWB00_002588.2 gene=EWB00_002588
EWB00_000980.3       -            748 581717at33208        -            249      0.13   11.4   0.0   1   1    0.0021      0.28   10.3   0.0   176   223   376   424   372   444 0.84 transcript=EWB00_000980.3 gene=EWB00_000980
EWB00_005632.2       -            667 581717at33208        -            249      0.16   11.1   0.0   1   3       3.1   4.1e+02   -0.1   0.0    43    61    97   115    85   120 0.79 transcript=EWB00_005632.2 gene=EWB00_005632
EWB00_005632.2       -            667 581717at33208        -            249      0.16   11.1   0.0   2   3       1.2   1.6e+02    1.2   0.0   173   211   122   160   119   190 0.86 transcript=EWB00_005632.2 gene=EWB00_005632
EWB00_005632.2       -            667 581717at33208        -            249      0.16   11.1   0.0   3   3     0.096        13    4.9   0.0   186   227   282   323   277   337 0.83 transcript=EWB00_005632.2 gene=EWB00_005632
EWB00_005632.1       -            672 581717at33208        -            249      0.17   11.0   0.0   1   3       3.1   4.1e+02   -0.1   0.0    43    61   102   120    90   125 0.79 transcript=EWB00_005632.1 gene=EWB00_005632
EWB00_005632.1       -            672 581717at33208        -            249      0.17   11.0   0.0   2   3       1.2   1.6e+02    1.2   0.0   173   211   127   165   124   195 0.86 transcript=EWB00_005632.1 gene=EWB00_005632
EWB00_005632.1       -            672 581717at33208        -            249      0.17   11.0   0.0   3   3     0.097        13    4.9   0.0   186   227   287   328   282   342 0.83 transcript=EWB00_005632.1 gene=EWB00_005632
#
# Program:         hmmsearch
# Version:         3.4 (Aug 2023)
# Pipeline mode:   SEARCH
# Query file:      /users/40483456/busco_datasets/busco_downloads/lineages/metazoa_odb10/hmms/581717at33208.hmm
# Target file:     /users/40483456/protein/schistosoma_japonicum.fa
# Option settings: hmmsearch --domtblout /users/40483456/busco/results_pro/schistosoma_japonicum_busco/run_metazoa_odb10/hmmer_output/initial_run_results/581717at33208.out --cpu 1 /users/40483456/busco_datasets/busco_downloads/lineages/metazoa_odb10/hmms/581717at33208.hmm /users/40483456/protein/schistosoma_japonicum.fa 
# Current dir:     /users/40483456
# Date:            Thu Jan 15 17:53:31 2026
# [ok]
