#                                                                            --- full sequence --- -------------- this domain -------------   hmm coord   ali coord   env coord
# target name        accession   tlen query name           accession   qlen   E-value  score  bias   #  of  c-Evalue  i-Evalue  score  bias  from    to  from    to  from    to  acc description of target
#------------------- ---------- ----- -------------------- ---------- ----- --------- ------ ----- --- --- --------- --------- ------ ----- ----- ----- ----- ----- ----- ----- ---- ---------------------
EWB00_008174.1       -            217 590416at33208        -            181   3.9e-40  137.6  11.2   1   2   6.9e-43     9e-40  136.4   7.7     6   168    13   182     3   194 0.92 transcript=EWB00_008174.1 gene=EWB00_008174
EWB00_008174.1       -            217 590416at33208        -            181   3.9e-40  137.6  11.2   2   2     0.064        84    2.9   0.1   165   181   201   217   189   217 0.87 transcript=EWB00_008174.1 gene=EWB00_008174
EWB00_008174.2       -            217 590416at33208        -            181   3.9e-40  137.6  11.2   1   2   6.9e-43     9e-40  136.4   7.7     6   168    13   182     3   194 0.92 transcript=EWB00_008174.2 gene=EWB00_008174
EWB00_008174.2       -            217 590416at33208        -            181   3.9e-40  137.6  11.2   2   2     0.064        84    2.9   0.1   165   181   201   217   189   217 0.87 transcript=EWB00_008174.2 gene=EWB00_008174
EWB00_008174.3       -            217 590416at33208        -            181   3.9e-40  137.6  11.2   1   2   6.9e-43     9e-40  136.4   7.7     6   168    13   182     3   194 0.92 transcript=EWB00_008174.3 gene=EWB00_008174
EWB00_008174.3       -            217 590416at33208        -            181   3.9e-40  137.6  11.2   2   2     0.064        84    2.9   0.1   165   181   201   217   189   217 0.87 transcript=EWB00_008174.3 gene=EWB00_008174
EWB00_008174.4       -            217 590416at33208        -            181   3.9e-40  137.6  11.2   1   2   6.9e-43     9e-40  136.4   7.7     6   168    13   182     3   194 0.92 transcript=EWB00_008174.4 gene=EWB00_008174
EWB00_008174.4       -            217 590416at33208        -            181   3.9e-40  137.6  11.2   2   2     0.064        84    2.9   0.1   165   181   201   217   189   217 0.87 transcript=EWB00_008174.4 gene=EWB00_008174
EWB00_008174.5       -            217 590416at33208        -            181   3.9e-40  137.6  11.2   1   2   6.9e-43     9e-40  136.4   7.7     6   168    13   182     3   194 0.92 transcript=EWB00_008174.5 gene=EWB00_008174
EWB00_008174.5       -            217 590416at33208        -            181   3.9e-40  137.6  11.2   2   2     0.064        84    2.9   0.1   165   181   201   217   189   217 0.87 transcript=EWB00_008174.5 gene=EWB00_008174
EWB00_000221         -            237 590416at33208        -            181   5.6e-17   62.1  11.9   1   2   4.5e-20   5.8e-17   62.1  10.6    15   162    26   175     3   194 0.80 transcript=EWB00_000221 gene=EWB00_000221
EWB00_000221         -            237 590416at33208        -            181   5.6e-17   62.1  11.9   2   2       1.7   2.2e+03   -1.8   0.0   164   180   219   235   215   236 0.86 transcript=EWB00_000221 gene=EWB00_000221
EWB00_007271.1       -            190 590416at33208        -            181   2.5e-13   50.2   3.6   1   1   2.5e-16   3.2e-13   49.9   3.6    11   163    20   172    11   177 0.93 transcript=EWB00_007271.1 gene=EWB00_007271
EWB00_007271.2       -            190 590416at33208        -            181   2.5e-13   50.2   3.6   1   1   2.5e-16   3.2e-13   49.9   3.6    11   163    20   172    11   177 0.93 transcript=EWB00_007271.2 gene=EWB00_007271
EWB00_007271.3       -            190 590416at33208        -            181   2.5e-13   50.2   3.6   1   1   2.5e-16   3.2e-13   49.9   3.6    11   163    20   172    11   177 0.93 transcript=EWB00_007271.3 gene=EWB00_007271
EWB00_007271.4       -            190 590416at33208        -            181   2.5e-13   50.2   3.6   1   1   2.5e-16   3.2e-13   49.9   3.6    11   163    20   172    11   177 0.93 transcript=EWB00_007271.4 gene=EWB00_007271
EWB00_007271.5       -            190 590416at33208        -            181   2.5e-13   50.2   3.6   1   1   2.5e-16   3.2e-13   49.9   3.6    11   163    20   172    11   177 0.93 transcript=EWB00_007271.5 gene=EWB00_007271
EWB00_007919         -            200 590416at33208        -            181   1.7e-06   27.9   9.9   1   1   2.6e-09   3.4e-06   27.0   9.9    16   180    17   198     9   199 0.76 transcript=EWB00_007919 gene=EWB00_007919
EWB00_007918         -            196 590416at33208        -            181   8.4e-06   25.7   8.5   1   1   1.3e-08   1.7e-05   24.7   8.5    16   180    13   194     6   195 0.78 transcript=EWB00_007918 gene=EWB00_007918
#
# Program:         hmmsearch
# Version:         3.4 (Aug 2023)
# Pipeline mode:   SEARCH
# Query file:      /users/40483456/busco_datasets/busco_downloads/lineages/metazoa_odb10/hmms/590416at33208.hmm
# Target file:     /users/40483456/protein/schistosoma_japonicum.fa
# Option settings: hmmsearch --domtblout /users/40483456/busco/results_pro/schistosoma_japonicum_busco/run_metazoa_odb10/hmmer_output/initial_run_results/590416at33208.out --cpu 1 /users/40483456/busco_datasets/busco_downloads/lineages/metazoa_odb10/hmms/590416at33208.hmm /users/40483456/protein/schistosoma_japonicum.fa 
# Current dir:     /users/40483456
# Date:            Thu Jan 15 17:53:31 2026
# [ok]
