#                                                                            --- full sequence --- -------------- this domain -------------   hmm coord   ali coord   env coord
# target name        accession   tlen query name           accession   qlen   E-value  score  bias   #  of  c-Evalue  i-Evalue  score  bias  from    to  from    to  from    to  acc description of target
#------------------- ---------- ----- -------------------- ---------- ----- --------- ------ ----- --- --- --------- --------- ------ ----- ----- ----- ----- ----- ----- ----- ---- ---------------------
FhHiC23_g778.t2      -            848 137383at33208        -            650  9.8e-246  817.2  30.1   1   3     0.024        21    3.4   0.0     2    38     6    47     5    76 0.68 transcript=FhHiC23_g778.t2 gene=FhHiC23_g778
FhHiC23_g778.t2      -            848 137383at33208        -            650  9.8e-246  817.2  30.1   2   3  8.7e-241  7.7e-238  791.2  23.3    34   617    75   740    48   765 0.86 transcript=FhHiC23_g778.t2 gene=FhHiC23_g778
FhHiC23_g778.t2      -            848 137383at33208        -            650  9.8e-246  817.2  30.1   3   3   4.8e-07   0.00043   18.9   0.3   605   650   797   848   785   848 0.77 transcript=FhHiC23_g778.t2 gene=FhHiC23_g778
FhHiC23_g778.t1      -            857 137383at33208        -            650  3.5e-243  808.8  28.5   1   3     0.023        20    3.4   0.0     2    38     6    47     5    77 0.67 transcript=FhHiC23_g778.t1 gene=FhHiC23_g778
FhHiC23_g778.t1      -            857 137383at33208        -            650  3.5e-243  808.8  28.5   2   3    3e-238  2.7e-235  782.8  21.7    34   617    75   749    49   774 0.86 transcript=FhHiC23_g778.t1 gene=FhHiC23_g778
FhHiC23_g778.t1      -            857 137383at33208        -            650  3.5e-243  808.8  28.5   3   3   4.9e-07   0.00043   18.8   0.3   605   650   806   857   794   857 0.77 transcript=FhHiC23_g778.t1 gene=FhHiC23_g778
FhHiC23_g778.t4      -            340 137383at33208        -            650  1.4e-105  354.2   8.1   1   1  7.2e-107  6.3e-104  348.7   8.1   207   496     1   339     1   340 0.86 transcript=FhHiC23_g778.t4 gene=FhHiC23_g778
FhHiC23_g931.t1      -           1013 137383at33208        -            650     4e-18   65.2  13.0   1   3   6.6e-07   0.00058   18.4   0.5   444   564    20   143     5   156 0.49 transcript=FhHiC23_g931.t1 gene=FhHiC23_g931
FhHiC23_g931.t1      -           1013 137383at33208        -            650     4e-18   65.2  13.0   2   3     3e-12   2.7e-09   36.1   2.0   398   567   211   392   179   396 0.84 transcript=FhHiC23_g931.t1 gene=FhHiC23_g931
FhHiC23_g931.t1      -           1013 137383at33208        -            650     4e-18   65.2  13.0   3   3     2e-11   1.8e-08   33.3   0.7   452   600   342   492   339   527 0.79 transcript=FhHiC23_g931.t1 gene=FhHiC23_g931
FhHiC23_g929.t1      -           1028 137383at33208        -            650   1.8e-17   63.1  11.2   1   3   7.7e-06    0.0068   14.9   0.2   441   568    17   147     6   159 0.84 transcript=FhHiC23_g929.t1 gene=FhHiC23_g929
FhHiC23_g929.t1      -           1028 137383at33208        -            650   1.8e-17   63.1  11.2   2   3   3.2e-12   2.8e-09   36.0   2.0   398   567   211   392   179   396 0.84 transcript=FhHiC23_g929.t1 gene=FhHiC23_g929
FhHiC23_g929.t1      -           1028 137383at33208        -            650   1.8e-17   63.1  11.2   3   3   2.1e-11   1.8e-08   33.3   0.7   452   600   342   492   339   527 0.79 transcript=FhHiC23_g929.t1 gene=FhHiC23_g929
FhHiC23_g929.t2      -           1050 137383at33208        -            650   1.9e-17   62.9  11.2   1   3     8e-06     0.007   14.8   0.2   441   568    17   147     6   159 0.84 transcript=FhHiC23_g929.t2 gene=FhHiC23_g929
FhHiC23_g929.t2      -           1050 137383at33208        -            650   1.9e-17   62.9  11.2   2   3   3.2e-12   2.8e-09   36.0   2.0   398   567   211   392   179   396 0.84 transcript=FhHiC23_g929.t2 gene=FhHiC23_g929
FhHiC23_g929.t2      -           1050 137383at33208        -            650   1.9e-17   62.9  11.2   3   3   2.2e-11   1.9e-08   33.2   0.7   452   600   342   492   339   527 0.79 transcript=FhHiC23_g929.t2 gene=FhHiC23_g929
FhHiC23_g778.t3      -            144 137383at33208        -            650   2.8e-10   39.3   2.4   1   2   2.1e-06    0.0018   16.8   0.1   583   617     1    36     1    64 0.77 transcript=FhHiC23_g778.t3 gene=FhHiC23_g778
FhHiC23_g778.t3      -            144 137383at33208        -            650   2.8e-10   39.3   2.4   2   2   2.8e-08   2.5e-05   23.0   0.2   605   650    93   144    80   144 0.77 transcript=FhHiC23_g778.t3 gene=FhHiC23_g778
FhHiC23_g6508.t1     -            474 137383at33208        -            650   5.2e-07   28.5   3.2   1   3      0.52   4.5e+02   -1.1   0.0   534   557   183   206   174   235 0.67 transcript=FhHiC23_g6508.t1 gene=FhHiC23_g6508
FhHiC23_g6508.t1     -            474 137383at33208        -            650   5.2e-07   28.5   3.2   2   3   6.1e-06    0.0054   15.2   0.0   456   530   237   314   233   340 0.88 transcript=FhHiC23_g6508.t1 gene=FhHiC23_g6508
FhHiC23_g6508.t1     -            474 137383at33208        -            650   5.2e-07   28.5   3.2   3   3   5.6e-05      0.05   12.0   0.6   381   480   354   467   339   470 0.69 transcript=FhHiC23_g6508.t1 gene=FhHiC23_g6508
FhHiC23_g7265.t1     -            456 137383at33208        -            650   7.8e-06   24.6   1.5   1   3   0.00018      0.16   10.3   0.3   520   571    68   119    55   150 0.85 transcript=FhHiC23_g7265.t1 gene=FhHiC23_g7265
FhHiC23_g7265.t1     -            456 137383at33208        -            650   7.8e-06   24.6   1.5   2   3   0.00016      0.14   10.5   0.0   482   569   163   252   136   255 0.84 transcript=FhHiC23_g7265.t1 gene=FhHiC23_g7265
FhHiC23_g7265.t1     -            456 137383at33208        -            650   7.8e-06   24.6   1.5   3   3      0.15   1.3e+02    0.7   0.0   202   228   285   311   279   319 0.87 transcript=FhHiC23_g7265.t1 gene=FhHiC23_g7265
FhHiC23_g10763.t2    -            658 137383at33208        -            650   9.7e-05   21.0   5.0   1   3    0.0011      0.96    7.8   0.1   516   562   385   431   315   439 0.76 transcript=FhHiC23_g10763.t2 gene=FhHiC23_g10763
FhHiC23_g10763.t2    -            658 137383at33208        -            650   9.7e-05   21.0   5.0   2   3   3.7e-07   0.00033   19.2   1.6   449   562   417   533   406   540 0.90 transcript=FhHiC23_g10763.t2 gene=FhHiC23_g10763
FhHiC23_g10763.t2    -            658 137383at33208        -            650   9.7e-05   21.0   5.0   3   3   1.2e-05      0.01   14.3   1.0   447   562   448   568   444   594 0.81 transcript=FhHiC23_g10763.t2 gene=FhHiC23_g10763
FhHiC23_g3016.t2     -           1783 137383at33208        -            650    0.0001   20.9   6.0   1   6     0.014        12    4.2   0.1   515   571   747   803   694   826 0.75 transcript=FhHiC23_g3016.t2 gene=FhHiC23_g3016
FhHiC23_g3016.t2     -           1783 137383at33208        -            650    0.0001   20.9   6.0   2   6      0.14   1.2e+02    0.8   0.0   212   261   880   930   877   942 0.82 transcript=FhHiC23_g3016.t2 gene=FhHiC23_g3016
FhHiC23_g3016.t2     -           1783 137383at33208        -            650    0.0001   20.9   6.0   3   6     0.043        38    2.5   0.0   510   546  1095  1131  1076  1142 0.83 transcript=FhHiC23_g3016.t2 gene=FhHiC23_g3016
FhHiC23_g3016.t2     -           1783 137383at33208        -            650    0.0001   20.9   6.0   4   6       1.6   1.4e+03   -2.7   0.0   544   563  1283  1302  1223  1343 0.65 transcript=FhHiC23_g3016.t2 gene=FhHiC23_g3016
FhHiC23_g3016.t2     -           1783 137383at33208        -            650    0.0001   20.9   6.0   5   6     0.017        15    3.9   0.0   517   567  1535  1585  1526  1588 0.89 transcript=FhHiC23_g3016.t2 gene=FhHiC23_g3016
FhHiC23_g3016.t2     -           1783 137383at33208        -            650    0.0001   20.9   6.0   6   6    0.0033       2.9    6.2   0.3   514   561  1697  1744  1694  1748 0.93 transcript=FhHiC23_g3016.t2 gene=FhHiC23_g3016
FhHiC23_g3016.t1     -           1792 137383at33208        -            650    0.0001   20.9   6.0   1   6     0.014        12    4.1   0.1   515   571   756   812   703   835 0.75 transcript=FhHiC23_g3016.t1 gene=FhHiC23_g3016
FhHiC23_g3016.t1     -           1792 137383at33208        -            650    0.0001   20.9   6.0   2   6      0.14   1.3e+02    0.8   0.0   212   261   889   939   886   951 0.82 transcript=FhHiC23_g3016.t1 gene=FhHiC23_g3016
FhHiC23_g3016.t1     -           1792 137383at33208        -            650    0.0001   20.9   6.0   3   6     0.043        38    2.5   0.0   510   546  1104  1140  1085  1151 0.83 transcript=FhHiC23_g3016.t1 gene=FhHiC23_g3016
FhHiC23_g3016.t1     -           1792 137383at33208        -            650    0.0001   20.9   6.0   4   6       1.6   1.4e+03   -2.7   0.0   544   563  1292  1311  1232  1352 0.65 transcript=FhHiC23_g3016.t1 gene=FhHiC23_g3016
FhHiC23_g3016.t1     -           1792 137383at33208        -            650    0.0001   20.9   6.0   5   6     0.017        15    3.9   0.0   517   567  1544  1594  1535  1597 0.89 transcript=FhHiC23_g3016.t1 gene=FhHiC23_g3016
FhHiC23_g3016.t1     -           1792 137383at33208        -            650    0.0001   20.9   6.0   6   6    0.0033       2.9    6.2   0.3   514   561  1706  1753  1703  1757 0.93 transcript=FhHiC23_g3016.t1 gene=FhHiC23_g3016
FhHiC23_g10763.t1    -            825 137383at33208        -            650   0.00014   20.5   4.6   1   2    0.0017       1.5    7.2   0.1   516   562   397   443   332   450 0.79 transcript=FhHiC23_g10763.t1 gene=FhHiC23_g10763
FhHiC23_g10763.t1    -            825 137383at33208        -            650   0.00014   20.5   4.6   2   2   1.9e-05     0.017   13.6   1.3   447   562   460   580   445   605 0.79 transcript=FhHiC23_g10763.t1 gene=FhHiC23_g10763
FhHiC23_g10971.t1    -            905 137383at33208        -            650   0.00016   20.2   0.3   1   3   6.6e-05     0.058   11.8   0.0   517   567   543   593   506   597 0.83 transcript=FhHiC23_g10971.t1 gene=FhHiC23_g10971
FhHiC23_g10971.t1    -            905 137383at33208        -            650   0.00016   20.2   0.3   2   3      0.29   2.6e+02   -0.2   0.0   206   232   648   674   608   707 0.63 transcript=FhHiC23_g10971.t1 gene=FhHiC23_g10971
FhHiC23_g10971.t1    -            905 137383at33208        -            650   0.00016   20.2   0.3   3   3     0.017        15    3.8   0.1   454   543   768   864   701   867 0.71 transcript=FhHiC23_g10971.t1 gene=FhHiC23_g10971
FhHiC23_g6008.t1     -           1465 137383at33208        -            650   0.00025   19.6   0.1   1   2   0.00062      0.55    8.6   0.0   167   235   184   252   175   267 0.81 transcript=FhHiC23_g6008.t1 gene=FhHiC23_g6008
FhHiC23_g6008.t1     -           1465 137383at33208        -            650   0.00025   19.6   0.1   2   2   0.00074      0.65    8.3   0.1   100   193   310   399   305   417 0.77 transcript=FhHiC23_g6008.t1 gene=FhHiC23_g6008
FhHiC23_g4975.t1     -            815 137383at33208        -            650    0.0011   17.5   0.9   1   1   3.8e-06    0.0033   15.9   0.7   427   572   401   543   392   568 0.75 transcript=FhHiC23_g4975.t1 gene=FhHiC23_g4975
FhHiC23_g1454.t1     -            994 137383at33208        -            650    0.0014   17.2   0.0   1   2   0.00031      0.27    9.6   0.0   462   553   615   709   593   717 0.80 transcript=FhHiC23_g1454.t1 gene=FhHiC23_g1454
FhHiC23_g1454.t1     -            994 137383at33208        -            650    0.0014   17.2   0.0   2   2    0.0007      0.61    8.4   0.1   359   496   694   824   691   834 0.83 transcript=FhHiC23_g1454.t1 gene=FhHiC23_g1454
FhHiC23_g11093.t1    -            343 137383at33208        -            650    0.0016   17.0   0.7   1   1   2.8e-06    0.0025   16.3   0.7   483   576    96   191    78   199 0.85 transcript=FhHiC23_g11093.t1 gene=FhHiC23_g11093
FhHiC23_g6799.t1     -            649 137383at33208        -            650    0.0049   15.4   0.5   1   5      0.18   1.5e+02    0.5   0.0   540   568    76   104    50   119 0.87 transcript=FhHiC23_g6799.t1 gene=FhHiC23_g6799
FhHiC23_g6799.t1     -            649 137383at33208        -            650    0.0049   15.4   0.5   2   5       4.1   3.6e+03   -4.0   0.0   391   415   175   199   170   205 0.80 transcript=FhHiC23_g6799.t1 gene=FhHiC23_g6799
FhHiC23_g6799.t1     -            649 137383at33208        -            650    0.0049   15.4   0.5   3   5      0.32   2.8e+02   -0.3   0.0   442   559   269   389   243   395 0.68 transcript=FhHiC23_g6799.t1 gene=FhHiC23_g6799
FhHiC23_g6799.t1     -            649 137383at33208        -            650    0.0049   15.4   0.5   4   5     0.028        24    3.1   0.0   456   497   419   461   381   471 0.64 transcript=FhHiC23_g6799.t1 gene=FhHiC23_g6799
FhHiC23_g6799.t1     -            649 137383at33208        -            650    0.0049   15.4   0.5   5   5   0.00049      0.43    8.9   0.0   178   253   447   526   439   534 0.83 transcript=FhHiC23_g6799.t1 gene=FhHiC23_g6799
FhHiC23_g7265.t2     -            321 137383at33208        -            650    0.0051   15.3   0.0   1   2   9.4e-05     0.082   11.3   0.0   483   569    29   117     8   121 0.84 transcript=FhHiC23_g7265.t2 gene=FhHiC23_g7265
FhHiC23_g7265.t2     -            321 137383at33208        -            650    0.0051   15.3   0.0   2   2     0.093        82    1.4   0.0   202   228   150   176   143   185 0.88 transcript=FhHiC23_g7265.t2 gene=FhHiC23_g7265
FhHiC23_g3853.t1     -            704 137383at33208        -            650     0.066   11.6   0.0   1   1   0.00011     0.095   11.1   0.0   516   618   131   235   113   265 0.80 transcript=FhHiC23_g3853.t1 gene=FhHiC23_g3853
FhHiC23_g6778.t1     -            923 137383at33208        -            650      0.12   10.8   0.0   1   1   0.00024      0.21   10.0   0.0   449   559   586   698   574   720 0.85 transcript=FhHiC23_g6778.t1 gene=FhHiC23_g6778
FhHiC23_g7262.t3     -            359 137383at33208        -            650      0.14   10.5   0.0   1   1   0.00027      0.24    9.8   0.0   546   580   155   189   145   205 0.87 transcript=FhHiC23_g7262.t3 gene=FhHiC23_g7262
FhHiC23_g7262.t2     -            403 137383at33208        -            650      0.18   10.2   0.0   1   1   0.00032      0.28    9.5   0.0   546   580   155   189   146   206 0.87 transcript=FhHiC23_g7262.t2 gene=FhHiC23_g7262
#
# Program:         hmmsearch
# Version:         3.4 (Aug 2023)
# Pipeline mode:   SEARCH
# Query file:      /users/40483456/busco_datasets/busco_downloads/lineages/metazoa_odb10/hmms/137383at33208.hmm
# Target file:     /users/40483456/protein/fasciola_hepatica.fa
# Option settings: hmmsearch --domtblout /users/40483456/busco/results_pro/fasciola_hepatica_busco/run_metazoa_odb10/hmmer_output/initial_run_results/137383at33208.out --cpu 1 /users/40483456/busco_datasets/busco_downloads/lineages/metazoa_odb10/hmms/137383at33208.hmm /users/40483456/protein/fasciola_hepatica.fa 
# Current dir:     /users/40483456
# Date:            Thu Jan 15 17:42:23 2026
# [ok]
