#                                                                            --- full sequence --- -------------- this domain -------------   hmm coord   ali coord   env coord
# target name        accession   tlen query name           accession   qlen   E-value  score  bias   #  of  c-Evalue  i-Evalue  score  bias  from    to  from    to  from    to  acc description of target
#------------------- ---------- ----- -------------------- ---------- ----- --------- ------ ----- --- --- --------- --------- ------ ----- ----- ----- ----- ----- ----- ----- ---- ---------------------
FhHiC23_g2081.t1     -            767 147873at33208        -            566  7.5e-261  866.8  52.6   1   2  2.3e-264  8.2e-261  866.7  45.6     2   513    20   571    19   601 0.93 transcript=FhHiC23_g2081.t1 gene=FhHiC23_g2081
FhHiC23_g2081.t1     -            767 147873at33208        -            566  7.5e-261  866.8  52.6   2   2    0.0079        28    3.3   0.7   506   531   609   638   597   702 0.78 transcript=FhHiC23_g2081.t1 gene=FhHiC23_g2081
FhHiC23_g12933.t1    -            951 147873at33208        -            566   9.8e-30  103.8  11.2   1   5     0.093   3.3e+02   -0.2   0.2   289   322    73   110    62   122 0.71 transcript=FhHiC23_g12933.t1 gene=FhHiC23_g12933
FhHiC23_g12933.t1    -            951 147873at33208        -            566   9.8e-30  103.8  11.2   2   5   3.5e-09   1.2e-05   24.3   0.1    65   248   303   477   282   487 0.82 transcript=FhHiC23_g12933.t1 gene=FhHiC23_g12933
FhHiC23_g12933.t1    -            951 147873at33208        -            566   9.8e-30  103.8  11.2   3   5   4.2e-06     0.015   14.1   0.0    70   151   502   586   490   597 0.79 transcript=FhHiC23_g12933.t1 gene=FhHiC23_g12933
FhHiC23_g12933.t1    -            951 147873at33208        -            566   9.8e-30  103.8  11.2   4   5   2.3e-12   8.1e-09   34.8   0.4    70   211   539   683   532   706 0.89 transcript=FhHiC23_g12933.t1 gene=FhHiC23_g12933
FhHiC23_g12933.t1    -            951 147873at33208        -            566   9.8e-30  103.8  11.2   5   5   2.4e-16   8.3e-13   48.0   0.1    44   216   728   900   714   913 0.91 transcript=FhHiC23_g12933.t1 gene=FhHiC23_g12933
FhHiC23_g3690.t2     -            883 147873at33208        -            566   1.8e-24   86.5  24.3   1   4   3.2e-09   1.1e-05   24.4   3.4    47   200    24   191    16   209 0.77 transcript=FhHiC23_g3690.t2 gene=FhHiC23_g3690
FhHiC23_g3690.t2     -            883 147873at33208        -            566   1.8e-24   86.5  24.3   2   4   6.7e-05      0.24   10.1   0.0   156   238   257   346   248   397 0.78 transcript=FhHiC23_g3690.t2 gene=FhHiC23_g3690
FhHiC23_g3690.t2     -            883 147873at33208        -            566   1.8e-24   86.5  24.3   3   4   2.3e-12   8.2e-09   34.8   5.8    71   282   413   660   407   661 0.76 transcript=FhHiC23_g3690.t2 gene=FhHiC23_g3690
FhHiC23_g3690.t2     -            883 147873at33208        -            566   1.8e-24   86.5  24.3   4   4   7.4e-12   2.6e-08   33.1   9.1   303   483   539   731   535   780 0.78 transcript=FhHiC23_g3690.t2 gene=FhHiC23_g3690
FhHiC23_g3690.t1     -            866 147873at33208        -            566   3.6e-24   85.5  25.6   1   5   5.6e-06      0.02   13.7   0.4    82   145     8    70     2    80 0.71 transcript=FhHiC23_g3690.t1 gene=FhHiC23_g3690
FhHiC23_g3690.t1     -            866 147873at33208        -            566   3.6e-24   85.5  25.6   2   5   1.8e-05     0.065   12.0   0.3    89   187    90   192    81   204 0.80 transcript=FhHiC23_g3690.t1 gene=FhHiC23_g3690
FhHiC23_g3690.t1     -            866 147873at33208        -            566   3.6e-24   85.5  25.6   3   5   6.5e-05      0.23   10.2   0.0   156   238   240   329   231   380 0.78 transcript=FhHiC23_g3690.t1 gene=FhHiC23_g3690
FhHiC23_g3690.t1     -            866 147873at33208        -            566   3.6e-24   85.5  25.6   4   5   2.4e-12   8.3e-09   34.7   5.8    71   282   396   643   392   644 0.76 transcript=FhHiC23_g3690.t1 gene=FhHiC23_g3690
FhHiC23_g3690.t1     -            866 147873at33208        -            566   3.6e-24   85.5  25.6   5   5   6.3e-12   2.2e-08   33.3   8.7   303   483   522   714   520   763 0.77 transcript=FhHiC23_g3690.t1 gene=FhHiC23_g3690
FhHiC23_g12094.t2    -            550 147873at33208        -            566    0.0022   16.8   0.5   1   1     1e-06    0.0036   16.1   0.5    53   213    47   217    24   241 0.68 transcript=FhHiC23_g12094.t2 gene=FhHiC23_g12094
FhHiC23_g2700.t1     -            928 147873at33208        -            566     0.015   14.1   0.1   1   1   8.8e-06     0.031   13.1   0.1   400   456    94   150    65   200 0.82 transcript=FhHiC23_g2700.t1 gene=FhHiC23_g2700
#
# Program:         hmmsearch
# Version:         3.4 (Aug 2023)
# Pipeline mode:   SEARCH
# Query file:      /users/40483456/busco_datasets/busco_downloads/lineages/metazoa_odb10/hmms/147873at33208.hmm
# Target file:     /users/40483456/protein/fasciola_hepatica.fa
# Option settings: hmmsearch --domtblout /users/40483456/busco/results_pro/fasciola_hepatica_busco/run_metazoa_odb10/hmmer_output/initial_run_results/147873at33208.out --cpu 1 /users/40483456/busco_datasets/busco_downloads/lineages/metazoa_odb10/hmms/147873at33208.hmm /users/40483456/protein/fasciola_hepatica.fa 
# Current dir:     /users/40483456
# Date:            Thu Jan 15 17:41:31 2026
# [ok]
