#                                                                            --- full sequence --- -------------- this domain -------------   hmm coord   ali coord   env coord
# target name        accession   tlen query name           accession   qlen   E-value  score  bias   #  of  c-Evalue  i-Evalue  score  bias  from    to  from    to  from    to  acc description of target
#------------------- ---------- ----- -------------------- ---------- ----- --------- ------ ----- --- --- --------- --------- ------ ----- ----- ----- ----- ----- ----- ----- ---- ---------------------
FhHiC23_g14330.t1    -            420 432522at33208        -            138   3.7e-15   56.2   0.0   1   2   4.9e-10   5.8e-07   29.6   0.0    17    72    41    99    33   108 0.85 transcript=FhHiC23_g14330.t1 gene=FhHiC23_g14330
FhHiC23_g14330.t1    -            420 432522at33208        -            138   3.7e-15   56.2   0.0   2   2   2.3e-08   2.7e-05   24.2   0.0    17    72   168   226   156   233 0.85 transcript=FhHiC23_g14330.t1 gene=FhHiC23_g14330
FhHiC23_g12862.t1    -            104 432522at33208        -            138   4.5e-12   46.2   0.0   1   1   4.3e-15   5.1e-12   46.0   0.0    16    89    21    96     7   103 0.85 transcript=FhHiC23_g12862.t1 gene=FhHiC23_g12862
FhHiC23_g12716.t1    -            328 432522at33208        -            138   5.4e-12   45.9   0.1   1   1   2.3e-14   2.7e-11   43.7   0.1    14   131   148   280   138   284 0.79 transcript=FhHiC23_g12716.t1 gene=FhHiC23_g12716
FhHiC23_g13413.t1    -            226 432522at33208        -            138   8.3e-11   42.1   0.0   1   1     1e-13   1.2e-10   41.5   0.0     7    90   118   204   112   222 0.82 transcript=FhHiC23_g13413.t1 gene=FhHiC23_g13413
FhHiC23_g8605.t1     -            484 432522at33208        -            138   9.1e-11   42.0   0.0   1   2   6.7e-09   7.8e-06   26.0   0.0    17    75    35    97    29   113 0.83 transcript=FhHiC23_g8605.t1 gene=FhHiC23_g8605
FhHiC23_g8605.t1     -            484 432522at33208        -            138   9.1e-11   42.0   0.0   2   2     6e-05      0.07   13.2   0.0    15    69   377   435   366   452 0.76 transcript=FhHiC23_g8605.t1 gene=FhHiC23_g8605
FhHiC23_g9237.t1     -            296 432522at33208        -            138   5.1e-10   39.5   0.0   1   2   1.5e-12   1.8e-09   37.8   0.0    17    90    26   101    22   137 0.84 transcript=FhHiC23_g9237.t1 gene=FhHiC23_g9237
FhHiC23_g9237.t1     -            296 432522at33208        -            138   5.1e-10   39.5   0.0   2   2       2.4   2.9e+03   -1.8   0.0   101   128   155   182   150   188 0.77 transcript=FhHiC23_g9237.t1 gene=FhHiC23_g9237
FhHiC23_g4587.t1     -             92 432522at33208        -            138   8.4e-09   35.6   0.0   1   1   8.2e-12   9.7e-09   35.4   0.0    17    95     7    86     3    91 0.82 transcript=FhHiC23_g4587.t1 gene=FhHiC23_g4587
FhHiC23_g12866.t1    -            104 432522at33208        -            138   7.7e-08   32.5   0.0   1   1   7.5e-11   8.8e-08   32.3   0.0    16    78    21    85     5    94 0.86 transcript=FhHiC23_g12866.t1 gene=FhHiC23_g12866
FhHiC23_g4251.t2     -            500 432522at33208        -            138   2.2e-07   31.0   0.0   1   2    0.0049       5.7    7.0   0.0    14    74    55   122    47   126 0.75 transcript=FhHiC23_g4251.t2 gene=FhHiC23_g4251
FhHiC23_g4251.t2     -            500 432522at33208        -            138   2.2e-07   31.0   0.0   2   2   1.6e-07   0.00019   21.5   0.0     5    75   387   460   383   498 0.76 transcript=FhHiC23_g4251.t2 gene=FhHiC23_g4251
FhHiC23_g4251.t1     -            478 432522at33208        -            138     1e-05   25.6   0.0   1   2      0.34     4e+02    1.0   0.4    14    39    55    81    47    87 0.79 transcript=FhHiC23_g4251.t1 gene=FhHiC23_g4251
FhHiC23_g4251.t1     -            478 432522at33208        -            138     1e-05   25.6   0.0   2   2   1.5e-07   0.00017   21.6   0.0     5    75   365   438   361   476 0.76 transcript=FhHiC23_g4251.t1 gene=FhHiC23_g4251
FhHiC23_g521.t1      -            257 432522at33208        -            138   6.1e-05   23.1   0.2   1   1   1.2e-07   0.00014   21.9   0.0     4    75    24    98    21   145 0.83 transcript=FhHiC23_g521.t1 gene=FhHiC23_g521
FhHiC23_g406.t1      -            301 432522at33208        -            138   0.00023   21.2   0.0   1   2      0.57   6.7e+02    0.3   0.0     7    26    23    42    19    67 0.84 transcript=FhHiC23_g406.t1 gene=FhHiC23_g406
FhHiC23_g406.t1      -            301 432522at33208        -            138   0.00023   21.2   0.0   2   2   2.6e-06    0.0031   17.6   0.0    17    80   168   241   158   256 0.80 transcript=FhHiC23_g406.t1 gene=FhHiC23_g406
FhHiC23_g15684.t1    -            877 432522at33208        -            138    0.0003   20.9   0.0   1   1   5.1e-07    0.0006   19.9   0.0    17   101    30   118     9   123 0.79 transcript=FhHiC23_g15684.t1 gene=FhHiC23_g15684
FhHiC23_g9366.t1     -            415 432522at33208        -            138    0.0011   19.0   0.1   1   2   3.8e-06    0.0045   17.0   0.0    17    71    41   103    32   145 0.76 transcript=FhHiC23_g9366.t1 gene=FhHiC23_g9366
FhHiC23_g9366.t1     -            415 432522at33208        -            138    0.0011   19.0   0.1   2   2       3.6   4.2e+03   -2.3   0.0    65    78   253   266   253   277 0.82 transcript=FhHiC23_g9366.t1 gene=FhHiC23_g9366
FhHiC23_g13382.t1    -            225 432522at33208        -            138    0.0066   16.5   0.1   1   1   8.6e-06      0.01   15.9   0.1    18    77   105   166    93   172 0.89 transcript=FhHiC23_g13382.t1 gene=FhHiC23_g13382
FhHiC23_g1518.t1     -            235 432522at33208        -            138      0.01   15.9   0.0   1   1   1.3e-05     0.016   15.3   0.0    17    75   123   182   118   187 0.92 transcript=FhHiC23_g1518.t1 gene=FhHiC23_g1518
FhHiC23_g14267.t2    -            295 432522at33208        -            138     0.011   15.7   0.0   1   1   1.9e-05     0.022   14.8   0.0    18    79    45   112    33   124 0.80 transcript=FhHiC23_g14267.t2 gene=FhHiC23_g14267
FhHiC23_g14267.t1    -            368 432522at33208        -            138     0.016   15.2   0.0   1   1   2.9e-05     0.034   14.2   0.0    18    79    45   112    34   123 0.80 transcript=FhHiC23_g14267.t1 gene=FhHiC23_g14267
#
# Program:         hmmsearch
# Version:         3.4 (Aug 2023)
# Pipeline mode:   SEARCH
# Query file:      /users/40483456/busco_datasets/busco_downloads/lineages/metazoa_odb10/hmms/432522at33208.hmm
# Target file:     /users/40483456/protein/fasciola_hepatica.fa
# Option settings: hmmsearch --domtblout /users/40483456/busco/results_pro/fasciola_hepatica_busco/run_metazoa_odb10/hmmer_output/initial_run_results/432522at33208.out --cpu 1 /users/40483456/busco_datasets/busco_downloads/lineages/metazoa_odb10/hmms/432522at33208.hmm /users/40483456/protein/fasciola_hepatica.fa 
# Current dir:     /users/40483456
# Date:            Thu Jan 15 17:42:00 2026
# [ok]
