#                                                                            --- full sequence --- -------------- this domain -------------   hmm coord   ali coord   env coord
# target name        accession   tlen query name           accession   qlen   E-value  score  bias   #  of  c-Evalue  i-Evalue  score  bias  from    to  from    to  from    to  acc description of target
#------------------- ---------- ----- -------------------- ---------- ----- --------- ------ ----- --- --- --------- --------- ------ ----- ----- ----- ----- ----- ----- ----- ---- ---------------------
FhHiC23_g10629.t1    -            765 451957at33208        -            394  8.2e-124  414.0   6.4   1   3   1.6e-18   4.8e-15   55.9   0.8     7   106   105   205    99   213 0.79 transcript=FhHiC23_g10629.t1 gene=FhHiC23_g10629
FhHiC23_g10629.t1    -            765 451957at33208        -            394  8.2e-124  414.0   6.4   2   3   4.7e-74   1.4e-70  238.8   0.2   133   301   414   599   410   603 0.91 transcript=FhHiC23_g10629.t1 gene=FhHiC23_g10629
FhHiC23_g10629.t1    -            765 451957at33208        -            394  8.2e-124  414.0   6.4   3   3   2.8e-38   8.4e-35  121.0   0.0   290   394   635   751   629   751 0.85 transcript=FhHiC23_g10629.t1 gene=FhHiC23_g10629
FhHiC23_g10629.t2    -            237 451957at33208        -            394   2.6e-60  205.0   0.4   1   2   1.4e-25   4.2e-22   79.1   0.1   240   301     8    71     4    75 0.92 transcript=FhHiC23_g10629.t2 gene=FhHiC23_g10629
FhHiC23_g10629.t2    -            237 451957at33208        -            394   2.6e-60  205.0   0.4   2   2     3e-39   9.1e-36  124.1   0.0   290   394   107   223   101   223 0.84 transcript=FhHiC23_g10629.t2 gene=FhHiC23_g10629
FhHiC23_g10622.t2    -            416 451957at33208        -            394   1.7e-07   31.1   0.5   1   2   5.8e-07    0.0018   17.8   0.2   182   287    87   191    76   195 0.76 transcript=FhHiC23_g10622.t2 gene=FhHiC23_g10622
FhHiC23_g10622.t2    -            416 451957at33208        -            394   1.7e-07   31.1   0.5   2   2   2.3e-05     0.069   12.6   0.0   320   373   191   247   190   258 0.84 transcript=FhHiC23_g10622.t2 gene=FhHiC23_g10622
FhHiC23_g10063.t1    -           5634 451957at33208        -            394   4.1e-05   23.2   1.6   1   4      0.82   2.5e+03   -2.4   0.0   217   239   731   758   727   784 0.78 transcript=FhHiC23_g10063.t1 gene=FhHiC23_g10063
FhHiC23_g10063.t1    -           5634 451957at33208        -            394   4.1e-05   23.2   1.6   2   4      0.14   4.4e+02    0.1   0.0   319   363   828   873   818   881 0.83 transcript=FhHiC23_g10063.t1 gene=FhHiC23_g10063
FhHiC23_g10063.t1    -           5634 451957at33208        -            394   4.1e-05   23.2   1.6   3   4     1e-07   0.00031   20.3   0.0   209   288  1162  1239  1152  1247 0.87 transcript=FhHiC23_g10063.t1 gene=FhHiC23_g10063
FhHiC23_g10063.t1    -           5634 451957at33208        -            394   4.1e-05   23.2   1.6   4   4       3.1   9.3e+03   -4.3   0.1   337   367  1261  1292  1259  1301 0.80 transcript=FhHiC23_g10063.t1 gene=FhHiC23_g10063
FhHiC23_g6475.t1     -            962 451957at33208        -            394     0.031   13.7   4.0   1   4      0.58   1.7e+03   -1.9   0.1     4    22    49    67    47    79 0.85 transcript=FhHiC23_g6475.t1 gene=FhHiC23_g6475
FhHiC23_g6475.t1     -            962 451957at33208        -            394     0.031   13.7   4.0   2   4      0.94   2.8e+03   -2.6   0.5    10    52   329   371   324   378 0.89 transcript=FhHiC23_g6475.t1 gene=FhHiC23_g6475
FhHiC23_g6475.t1     -            962 451957at33208        -            394     0.031   13.7   4.0   3   4     0.033     1e+02    2.2   0.0   210   272   786   849   781   870 0.76 transcript=FhHiC23_g6475.t1 gene=FhHiC23_g6475
FhHiC23_g6475.t1     -            962 451957at33208        -            394     0.031   13.7   4.0   4   4   7.1e-05      0.21   11.0   0.0   322   362   870   911   861   917 0.85 transcript=FhHiC23_g6475.t1 gene=FhHiC23_g6475
FhHiC23_g15473.t1    -            718 451957at33208        -            394      0.14   11.6   0.0   1   1   6.9e-05      0.21   11.0   0.0   129   187   428   487   414   508 0.85 transcript=FhHiC23_g15473.t1 gene=FhHiC23_g15473
FhHiC23_g15473.t2    -            756 451957at33208        -            394      0.15   11.5   0.0   1   1   7.4e-05      0.22   10.9   0.0   129   187   466   525   452   546 0.85 transcript=FhHiC23_g15473.t2 gene=FhHiC23_g15473
#
# Program:         hmmsearch
# Version:         3.4 (Aug 2023)
# Pipeline mode:   SEARCH
# Query file:      /users/40483456/busco_datasets/busco_downloads/lineages/metazoa_odb10/hmms/451957at33208.hmm
# Target file:     /users/40483456/protein/fasciola_hepatica.fa
# Option settings: hmmsearch --domtblout /users/40483456/busco/results_pro/fasciola_hepatica_busco/run_metazoa_odb10/hmmer_output/initial_run_results/451957at33208.out --cpu 1 /users/40483456/busco_datasets/busco_downloads/lineages/metazoa_odb10/hmms/451957at33208.hmm /users/40483456/protein/fasciola_hepatica.fa 
# Current dir:     /users/40483456
# Date:            Thu Jan 15 17:42:10 2026
# [ok]
