#                                                                            --- full sequence --- -------------- this domain -------------   hmm coord   ali coord   env coord
# target name        accession   tlen query name           accession   qlen   E-value  score  bias   #  of  c-Evalue  i-Evalue  score  bias  from    to  from    to  from    to  acc description of target
#------------------- ---------- ----- -------------------- ---------- ----- --------- ------ ----- --- --- --------- --------- ------ ----- ----- ----- ----- ----- ----- ----- ---- ---------------------
FhHiC23_g6838.t1     -            267 510522at33208        -            200   1.4e-55  188.3  19.3   1   2   1.2e-55   7.8e-53  179.4  10.4     2   172     4   198     3   201 0.86 transcript=FhHiC23_g6838.t1 gene=FhHiC23_g6838
FhHiC23_g6838.t1     -            267 510522at33208        -            200   1.4e-55  188.3  19.3   2   2   5.6e-05     0.036   14.0   3.8   149   200   197   253   192   253 0.69 transcript=FhHiC23_g6838.t1 gene=FhHiC23_g6838
FhHiC23_g6838.t2     -            285 510522at33208        -            200   4.6e-51  173.6  24.0   1   3   4.1e-05     0.026   14.4   0.1     2    24     4    26     3    41 0.82 transcript=FhHiC23_g6838.t2 gene=FhHiC23_g6838
FhHiC23_g6838.t2     -            285 510522at33208        -            200   4.6e-51  173.6  24.0   2   3   3.1e-47     2e-44  151.9  12.1    23   172    46   216    26   219 0.85 transcript=FhHiC23_g6838.t2 gene=FhHiC23_g6838
FhHiC23_g6838.t2     -            285 510522at33208        -            200   4.6e-51  173.6  24.0   3   3   4.9e-05     0.032   14.2   1.9   153   200   219   271   217   271 0.68 transcript=FhHiC23_g6838.t2 gene=FhHiC23_g6838
FhHiC23_g8267.t1     -            219 510522at33208        -            200   3.8e-17   62.9   0.1   1   1   8.1e-20   5.2e-17   62.4   0.1    10    76    32   103    27   122 0.87 transcript=FhHiC23_g8267.t1 gene=FhHiC23_g8267
FhHiC23_g13693.t2    -            163 510522at33208        -            200   6.5e-17   62.1   0.1   1   1   1.3e-19   8.4e-17   61.7   0.1    13    75     3    69     1    72 0.90 transcript=FhHiC23_g13693.t2 gene=FhHiC23_g13693
FhHiC23_g13693.t1    -            343 510522at33208        -            200   2.4e-16   60.3   0.1   1   1   5.4e-19   3.5e-16   59.7   0.1    13    75     3    69     1    72 0.90 transcript=FhHiC23_g13693.t1 gene=FhHiC23_g13693
FhHiC23_g13466.t1    -            281 510522at33208        -            200   1.2e-15   58.0   0.1   1   1   2.6e-18   1.6e-15   57.5   0.1    13    75     4    72     1    76 0.86 transcript=FhHiC23_g13466.t1 gene=FhHiC23_g13466
FhHiC23_g10665.t1    -            310 510522at33208        -            200   1.8e-14   54.1   0.1   1   1   4.4e-17   2.8e-14   53.5   0.1    13    74     5    72     2    77 0.86 transcript=FhHiC23_g10665.t1 gene=FhHiC23_g10665
FhHiC23_g5585.t1     -            374 510522at33208        -            200   2.8e-14   53.5   0.2   1   1   6.8e-17   4.3e-14   52.9   0.2    13    75     5    69     1    74 0.88 transcript=FhHiC23_g5585.t1 gene=FhHiC23_g5585
FhHiC23_g5585.t2     -            402 510522at33208        -            200   3.4e-14   53.2   0.2   1   1   7.6e-17   4.8e-14   52.7   0.2    13    75     5    69     1    74 0.88 transcript=FhHiC23_g5585.t2 gene=FhHiC23_g5585
FhHiC23_g8498.t1     -            181 510522at33208        -            200   8.2e-14   52.0   0.1   1   1   1.7e-16   1.1e-13   51.5   0.1    12    74    22    88    12    94 0.88 transcript=FhHiC23_g8498.t1 gene=FhHiC23_g8498
FhHiC23_g6160.t1     -            365 510522at33208        -            200     5e-13   49.4   0.1   1   1   1.2e-15   7.9e-13   48.8   0.1    11    74    18    85    12    94 0.90 transcript=FhHiC23_g6160.t1 gene=FhHiC23_g6160
FhHiC23_g513.t1      -            348 510522at33208        -            200   8.8e-13   48.6   0.6   1   2   1.4e-15   8.8e-13   48.6   0.6     9    87    36   122    30   135 0.83 transcript=FhHiC23_g513.t1 gene=FhHiC23_g513
FhHiC23_g513.t1      -            348 510522at33208        -            200   8.8e-13   48.6   0.6   2   2         1   6.4e+02    0.1   0.5   146   184   174   212   169   217 0.76 transcript=FhHiC23_g513.t1 gene=FhHiC23_g513
FhHiC23_g13574.t1    -            313 510522at33208        -            200   1.1e-12   48.2   0.0   1   1   3.1e-15     2e-12   47.4   0.0    15    75     5    70     2    77 0.88 transcript=FhHiC23_g13574.t1 gene=FhHiC23_g13574
FhHiC23_g15874.t1    -            577 510522at33208        -            200     2e-12   47.4   0.0   1   6   3.1e-15     2e-12   47.4   0.0    11    74    38   107    31   117 0.85 transcript=FhHiC23_g15874.t1 gene=FhHiC23_g15874
FhHiC23_g15874.t1    -            577 510522at33208        -            200     2e-12   47.4   0.0   2   6       1.4   8.8e+02   -0.4   0.1    80   101   151   172   138   190 0.68 transcript=FhHiC23_g15874.t1 gene=FhHiC23_g15874
FhHiC23_g15874.t1    -            577 510522at33208        -            200     2e-12   47.4   0.0   3   6       8.2   5.2e+03   -2.9   6.2   139   185   259   307   242   321 0.62 transcript=FhHiC23_g15874.t1 gene=FhHiC23_g15874
FhHiC23_g15874.t1    -            577 510522at33208        -            200     2e-12   47.4   0.0   4   6         1   6.7e+02    0.0   0.0   106   129   365   388   351   394 0.87 transcript=FhHiC23_g15874.t1 gene=FhHiC23_g15874
FhHiC23_g15874.t1    -            577 510522at33208        -            200     2e-12   47.4   0.0   5   6       3.2     2e+03   -1.5   0.2   159   196   389   426   372   430 0.59 transcript=FhHiC23_g15874.t1 gene=FhHiC23_g15874
FhHiC23_g15874.t1    -            577 510522at33208        -            200     2e-12   47.4   0.0   6   6       2.8   1.8e+03   -1.4   1.0   155   173   459   477   455   481 0.74 transcript=FhHiC23_g15874.t1 gene=FhHiC23_g15874
FhHiC23_g605.t1      -            470 510522at33208        -            200   4.1e-12   46.4   2.1   1   2      0.11        69    3.3   0.2    32    57   216   242   207   267 0.79 transcript=FhHiC23_g605.t1 gene=FhHiC23_g605
FhHiC23_g605.t1      -            470 510522at33208        -            200   4.1e-12   46.4   2.1   2   2     1e-13   6.5e-11   42.5   0.1    13    73   363   433   355   454 0.81 transcript=FhHiC23_g605.t1 gene=FhHiC23_g605
FhHiC23_g7035.t1     -            210 510522at33208        -            200     9e-12   45.3   0.0   1   1   1.9e-14   1.2e-11   44.9   0.0    13    76    15    83     8    99 0.89 transcript=FhHiC23_g7035.t1 gene=FhHiC23_g7035
FhHiC23_g11525.t1    -            261 510522at33208        -            200     4e-10   39.9   0.2   1   1     1e-12   6.6e-10   39.2   0.2    12    75    61   129    51   146 0.86 transcript=FhHiC23_g11525.t1 gene=FhHiC23_g11525
FhHiC23_g3108.t1     -            164 510522at33208        -            200   2.8e-09   37.2   0.0   1   1   7.1e-12   4.5e-09   36.5   0.0    22    72     8    59     2    67 0.91 transcript=FhHiC23_g3108.t1 gene=FhHiC23_g3108
FhHiC23_g4926.t1     -            218 510522at33208        -            200   4.2e-09   36.6   0.0   1   1   9.1e-12   5.8e-09   36.1   0.0    11   111    39   151    31   165 0.73 transcript=FhHiC23_g4926.t1 gene=FhHiC23_g4926
FhHiC23_g5907.t1     -            291 510522at33208        -            200   1.3e-08   35.0   1.8   1   2     2e-11   1.3e-08   35.0   1.8    14    81     4    76     2    90 0.85 transcript=FhHiC23_g5907.t1 gene=FhHiC23_g5907
FhHiC23_g5907.t1     -            291 510522at33208        -            200   1.3e-08   35.0   1.8   2   2       3.1     2e+03   -1.5   1.5   173   173   111   111    79   154 0.54 transcript=FhHiC23_g5907.t1 gene=FhHiC23_g5907
FhHiC23_g3725.t1     -            791 510522at33208        -            200   1.3e-08   35.0   0.0   1   1   2.1e-11   1.3e-08   35.0   0.0    22    76     9    61     3    79 0.90 transcript=FhHiC23_g3725.t1 gene=FhHiC23_g3725
FhHiC23_g11809.t1    -            692 510522at33208        -            200   2.5e-08   34.1   0.0   1   2   1.7e-07   0.00011   22.2   0.0    11    45    61    98    51   102 0.85 transcript=FhHiC23_g11809.t1 gene=FhHiC23_g11809
FhHiC23_g11809.t1    -            692 510522at33208        -            200   2.5e-08   34.1   0.0   2   2    0.0014      0.87    9.5   0.0    46    74   118   146   110   156 0.89 transcript=FhHiC23_g11809.t1 gene=FhHiC23_g11809
FhHiC23_g5411.t2     -            376 510522at33208        -            200   5.3e-08   33.0   0.3   1   2       4.3   2.8e+03   -2.0   0.1   126   151   136   161   116   185 0.58 transcript=FhHiC23_g5411.t2 gene=FhHiC23_g5411
FhHiC23_g5411.t2     -            376 510522at33208        -            200   5.3e-08   33.0   0.3   2   2   2.9e-10   1.9e-07   31.2   0.0    10    77   266   340   254   354 0.81 transcript=FhHiC23_g5411.t2 gene=FhHiC23_g5411
FhHiC23_g5411.t1     -            341 510522at33208        -            200   8.3e-08   32.4   1.2   1   2       2.4   1.5e+03   -1.2   0.4   124   151    99   126    31   151 0.63 transcript=FhHiC23_g5411.t1 gene=FhHiC23_g5411
FhHiC23_g5411.t1     -            341 510522at33208        -            200   8.3e-08   32.4   1.2   2   2   2.5e-10   1.6e-07   31.5   0.0    10    77   231   305   219   319 0.81 transcript=FhHiC23_g5411.t1 gene=FhHiC23_g5411
FhHiC23_g6418.t2     -            210 510522at33208        -            200   1.3e-07   31.7   0.1   1   1   2.9e-10   1.9e-07   31.2   0.1    12    73    43   106    35   116 0.86 transcript=FhHiC23_g6418.t2 gene=FhHiC23_g6418
FhHiC23_g6418.t1     -            212 510522at33208        -            200   1.3e-07   31.7   0.1   1   1     3e-10   1.9e-07   31.2   0.1    12    73    45   108    37   118 0.86 transcript=FhHiC23_g6418.t1 gene=FhHiC23_g6418
FhHiC23_g15324.t1    -            952 510522at33208        -            200   2.8e-06   27.4   0.0   1   1     7e-09   4.5e-06   26.7   0.0     5    77    13    82     9    90 0.85 transcript=FhHiC23_g15324.t1 gene=FhHiC23_g15324
FhHiC23_g7175.t1     -            630 510522at33208        -            200   6.8e-06   26.1   0.1   1   1   1.1e-08   6.8e-06   26.1   0.1     9    72    68   144    61   154 0.84 transcript=FhHiC23_g7175.t1 gene=FhHiC23_g7175
FhHiC23_g6279.t1     -            532 510522at33208        -            200   9.4e-06   25.7   0.3   1   1   3.4e-08   2.2e-05   24.5   0.0    13    72   377   442   371   451 0.86 transcript=FhHiC23_g6279.t1 gene=FhHiC23_g6279
FhHiC23_g7850.t1     -            413 510522at33208        -            200   0.00012   22.0   0.3   1   1   2.9e-07   0.00019   21.4   0.3    11    59    30    79    19    82 0.79 transcript=FhHiC23_g7850.t1 gene=FhHiC23_g7850
FhHiC23_g7850.t2     -            470 510522at33208        -            200   0.00015   21.7   0.3   1   1   3.5e-07   0.00022   21.2   0.3    11    59    30    79    19    82 0.79 transcript=FhHiC23_g7850.t2 gene=FhHiC23_g7850
FhHiC23_g9226.t1     -           2689 510522at33208        -            200    0.0014   18.5   0.0   1   1   4.5e-06    0.0029   17.5   0.0    24    65  1631  1671  1626  1674 0.85 transcript=FhHiC23_g9226.t1 gene=FhHiC23_g9226
FhHiC23_g9030.t1     -            331 510522at33208        -            200    0.0024   17.8   0.0   1   1   6.1e-06    0.0039   17.1   0.0    22    56   275   310   257   318 0.83 transcript=FhHiC23_g9030.t1 gene=FhHiC23_g9030
#
# Program:         hmmsearch
# Version:         3.4 (Aug 2023)
# Pipeline mode:   SEARCH
# Query file:      /users/40483456/busco_datasets/busco_downloads/lineages/metazoa_odb10/hmms/510522at33208.hmm
# Target file:     /users/40483456/protein/fasciola_hepatica.fa
# Option settings: hmmsearch --domtblout /users/40483456/busco/results_pro/fasciola_hepatica_busco/run_metazoa_odb10/hmmer_output/initial_run_results/510522at33208.out --cpu 1 /users/40483456/busco_datasets/busco_downloads/lineages/metazoa_odb10/hmms/510522at33208.hmm /users/40483456/protein/fasciola_hepatica.fa 
# Current dir:     /users/40483456
# Date:            Thu Jan 15 17:42:26 2026
# [ok]
