#                                                                            --- full sequence --- -------------- this domain -------------   hmm coord   ali coord   env coord
# target name        accession   tlen query name           accession   qlen   E-value  score  bias   #  of  c-Evalue  i-Evalue  score  bias  from    to  from    to  from    to  acc description of target
#------------------- ---------- ----- -------------------- ---------- ----- --------- ------ ----- --- --- --------- --------- ------ ----- ----- ----- ----- ----- ----- ----- ---- ---------------------
FhHiC23_g24.t1       -            224 547099at33208        -            161   5.2e-69  231.5   1.2   1   2   1.4e-68   2.6e-66  222.7   0.3     1   135     1   141     1   152 0.94 transcript=FhHiC23_g24.t1 gene=FhHiC23_g24
FhHiC23_g24.t1       -            224 547099at33208        -            161   5.2e-69  231.5   1.2   2   2     0.022       4.4    7.4   0.0   143   161   203   221   195   221 0.86 transcript=FhHiC23_g24.t1 gene=FhHiC23_g24
FhHiC23_g15182.t2    -            743 547099at33208        -            161   2.6e-27   95.9   0.0   1   4   1.7e-05    0.0033   17.6   0.0     9    76    13    85     5    93 0.83 transcript=FhHiC23_g15182.t2 gene=FhHiC23_g15182
FhHiC23_g15182.t2    -            743 547099at33208        -            161   2.6e-27   95.9   0.0   2   4   0.00065      0.13   12.5   0.0     9    77   101   168    94   175 0.87 transcript=FhHiC23_g15182.t2 gene=FhHiC23_g15182
FhHiC23_g15182.t2    -            743 547099at33208        -            161   2.6e-27   95.9   0.0   3   4   1.8e-10   3.4e-08   33.8   0.0    10    87   193   274   184   288 0.75 transcript=FhHiC23_g15182.t2 gene=FhHiC23_g15182
FhHiC23_g15182.t2    -            743 547099at33208        -            161   2.6e-27   95.9   0.0   4   4   3.2e-08   6.3e-06   26.4   0.0     9    73   296   359   288   381 0.88 transcript=FhHiC23_g15182.t2 gene=FhHiC23_g15182
FhHiC23_g3011.t1     -           1125 547099at33208        -            161   1.9e-23   83.4   1.1   1   3   3.1e-07   6.1e-05   23.2   0.0     8    82   532   611   529   618 0.82 transcript=FhHiC23_g3011.t1 gene=FhHiC23_g3011
FhHiC23_g3011.t1     -           1125 547099at33208        -            161   1.9e-23   83.4   1.1   2   3   1.6e-10   3.1e-08   33.9   0.0    10    73   620   683   612   700 0.92 transcript=FhHiC23_g3011.t1 gene=FhHiC23_g3011
FhHiC23_g3011.t1     -           1125 547099at33208        -            161   1.9e-23   83.4   1.1   3   3   5.1e-07   9.9e-05   22.5   0.0     4    73   813   882   810   898 0.86 transcript=FhHiC23_g3011.t1 gene=FhHiC23_g3011
FhHiC23_g1814.t1     -            621 547099at33208        -            161   1.8e-22   80.3   0.6   1   3    0.0059       1.1    9.3   0.0    31    86   104   164    93   168 0.83 transcript=FhHiC23_g1814.t1 gene=FhHiC23_g1814
FhHiC23_g1814.t1     -            621 547099at33208        -            161   1.8e-22   80.3   0.6   2   3   2.6e-13   5.1e-11   43.0   0.0     8    73   167   232   162   239 0.92 transcript=FhHiC23_g1814.t1 gene=FhHiC23_g1814
FhHiC23_g1814.t1     -            621 547099at33208        -            161   1.8e-22   80.3   0.6   3   3   7.7e-08   1.5e-05   25.2   0.0     6    77   458   534   453   544 0.80 transcript=FhHiC23_g1814.t1 gene=FhHiC23_g1814
FhHiC23_g105.t1      -            668 547099at33208        -            161   5.5e-22   78.6   0.0   1   3   1.1e-06   0.00022   21.4   0.0     8    82   120   199   113   206 0.81 transcript=FhHiC23_g105.t1 gene=FhHiC23_g105
FhHiC23_g105.t1      -            668 547099at33208        -            161   5.5e-22   78.6   0.0   2   3   8.1e-10   1.6e-07   31.6   0.0    10    73   208   271   201   273 0.92 transcript=FhHiC23_g105.t1 gene=FhHiC23_g105
FhHiC23_g105.t1      -            668 547099at33208        -            161   5.5e-22   78.6   0.0   3   3   7.8e-07   0.00015   21.9   0.0     4    80   551   632   548   649 0.76 transcript=FhHiC23_g105.t1 gene=FhHiC23_g105
FhHiC23_g15182.t1    -            802 547099at33208        -            161   1.2e-21   77.5   0.0   1   3   0.00071      0.14   12.3   0.0     9    77   160   227   153   234 0.87 transcript=FhHiC23_g15182.t1 gene=FhHiC23_g15182
FhHiC23_g15182.t1    -            802 547099at33208        -            161   1.2e-21   77.5   0.0   2   3   1.8e-10   3.5e-08   33.8   0.0    10    89   252   335   243   352 0.76 transcript=FhHiC23_g15182.t1 gene=FhHiC23_g15182
FhHiC23_g15182.t1    -            802 547099at33208        -            161   1.2e-21   77.5   0.0   3   3   3.5e-08   6.9e-06   26.3   0.0     9    73   355   418   346   439 0.88 transcript=FhHiC23_g15182.t1 gene=FhHiC23_g15182
FhHiC23_g13415.t1    -            469 547099at33208        -            161   3.5e-21   76.0   0.4   1   2   2.2e-11   4.2e-09   36.7   0.0     9    82   109   182    86   192 0.88 transcript=FhHiC23_g13415.t1 gene=FhHiC23_g13415
FhHiC23_g13415.t1    -            469 547099at33208        -            161   3.5e-21   76.0   0.4   2   2   2.2e-11   4.4e-09   36.7   0.0    11    81   210   285   203   293 0.86 transcript=FhHiC23_g13415.t1 gene=FhHiC23_g13415
FhHiC23_g13415.t3    -            465 547099at33208        -            161   3.6e-21   76.0   0.0   1   2   2.1e-11   4.2e-09   36.8   0.0     9    82   105   178    82   188 0.88 transcript=FhHiC23_g13415.t3 gene=FhHiC23_g13415
FhHiC23_g13415.t3    -            465 547099at33208        -            161   3.6e-21   76.0   0.0   2   2   2.2e-11   4.3e-09   36.7   0.0    11    81   206   281   199   289 0.86 transcript=FhHiC23_g13415.t3 gene=FhHiC23_g13415
FhHiC23_g13415.t2    -            474 547099at33208        -            161   3.8e-21   75.9   0.4   1   2   2.2e-11   4.3e-09   36.7   0.0     9    82   114   187    91   197 0.88 transcript=FhHiC23_g13415.t2 gene=FhHiC23_g13415
FhHiC23_g13415.t2    -            474 547099at33208        -            161   3.8e-21   75.9   0.4   2   2   2.3e-11   4.4e-09   36.7   0.0    11    81   215   290   208   298 0.86 transcript=FhHiC23_g13415.t2 gene=FhHiC23_g13415
FhHiC23_g12801.t1    -            735 547099at33208        -            161   1.4e-19   70.8   0.4   1   2   5.9e-09   1.2e-06   28.8   0.1     8    82   100   179    93   186 0.85 transcript=FhHiC23_g12801.t1 gene=FhHiC23_g12801
FhHiC23_g12801.t1    -            735 547099at33208        -            161   1.4e-19   70.8   0.4   2   2   7.7e-12   1.5e-09   38.2   0.0    10    79   188   257   181   260 0.94 transcript=FhHiC23_g12801.t1 gene=FhHiC23_g12801
FhHiC23_g1648.t1     -            292 547099at33208        -            161   7.9e-17   61.9   0.2   1   2   1.5e-07   2.9e-05   24.3   0.0     8    65    11    68     5    89 0.83 transcript=FhHiC23_g1648.t1 gene=FhHiC23_g1648
FhHiC23_g1648.t1     -            292 547099at33208        -            161   7.9e-17   61.9   0.2   2   2   4.4e-11   8.7e-09   35.7   0.1     9    64   102   157    94   170 0.90 transcript=FhHiC23_g1648.t1 gene=FhHiC23_g1648
FhHiC23_g11064.t1    -           1033 547099at33208        -            161   1.1e-15   58.1   0.0   1   4      0.07        14    5.8   0.0     7    49   278   320   273   322 0.90 transcript=FhHiC23_g11064.t1 gene=FhHiC23_g11064
FhHiC23_g11064.t1    -           1033 547099at33208        -            161   1.1e-15   58.1   0.0   2   4       1.1   2.2e+02    1.9   0.0    48    82   339   378   336   385 0.77 transcript=FhHiC23_g11064.t1 gene=FhHiC23_g11064
FhHiC23_g11064.t1    -           1033 547099at33208        -            161   1.1e-15   58.1   0.0   3   4   2.9e-09   5.7e-07   29.8   0.0    10    73   387   450   380   452 0.93 transcript=FhHiC23_g11064.t1 gene=FhHiC23_g11064
FhHiC23_g11064.t1    -           1033 547099at33208        -            161   1.1e-15   58.1   0.0   4   4   0.00014     0.028   14.6   0.0    12    72   956  1016   950  1025 0.90 transcript=FhHiC23_g11064.t1 gene=FhHiC23_g11064
FhHiC23_g1573.t2     -            347 547099at33208        -            161   2.7e-15   56.9   0.0   1   2   3.2e-10   6.2e-08   33.0   0.0    10    77    93   160    85   168 0.92 transcript=FhHiC23_g1573.t2 gene=FhHiC23_g1573
FhHiC23_g1573.t2     -            347 547099at33208        -            161   2.7e-15   56.9   0.0   2   2     1e-06    0.0002   21.6   0.0     6    67   186   248   182   269 0.83 transcript=FhHiC23_g1573.t2 gene=FhHiC23_g1573
FhHiC23_g1573.t1     -            521 547099at33208        -            161   6.9e-15   55.6   0.0   1   2   6.2e-10   1.2e-07   32.0   0.0    10    77    93   160    86   168 0.92 transcript=FhHiC23_g1573.t1 gene=FhHiC23_g1573
FhHiC23_g1573.t1     -            521 547099at33208        -            161   6.9e-15   55.6   0.0   2   2   1.9e-06   0.00037   20.7   0.0     6    67   186   248   182   269 0.83 transcript=FhHiC23_g1573.t1 gene=FhHiC23_g1573
FhHiC23_g378.t1      -            652 547099at33208        -            161   1.1e-14   54.9   0.0   1   2   7.2e-09   1.4e-06   28.6   0.0    10    79   146   215   138   231 0.85 transcript=FhHiC23_g378.t1 gene=FhHiC23_g378
FhHiC23_g378.t1      -            652 547099at33208        -            161   1.1e-14   54.9   0.0   2   2   1.8e-07   3.5e-05   24.0   0.0     6    77   247   312   243   337 0.86 transcript=FhHiC23_g378.t1 gene=FhHiC23_g378
FhHiC23_g16275.t1    -            360 547099at33208        -            161     2e-14   54.0   0.0   1   2   1.8e-09   3.6e-07   30.5   0.0     8    87    11    95     5    98 0.88 transcript=FhHiC23_g16275.t1 gene=FhHiC23_g16275
FhHiC23_g16275.t1    -            360 547099at33208        -            161     2e-14   54.0   0.0   2   2   9.6e-07   0.00019   21.6   0.0    10    81   100   177    94   185 0.78 transcript=FhHiC23_g16275.t1 gene=FhHiC23_g16275
FhHiC23_g3577.t1     -            392 547099at33208        -            161   2.3e-14   53.8   0.3   1   2   1.2e-11   2.3e-09   37.6   0.1     9    65    16    72     9    81 0.93 transcript=FhHiC23_g3577.t1 gene=FhHiC23_g3577
FhHiC23_g3577.t1     -            392 547099at33208        -            161   2.3e-14   53.8   0.3   2   2   0.00026     0.052   13.7   0.0    11    65   191   255   182   264 0.80 transcript=FhHiC23_g3577.t1 gene=FhHiC23_g3577
FhHiC23_g6396.t3     -            326 547099at33208        -            161   5.8e-14   52.6   0.0   1   2   1.1e-06   0.00022   21.4   0.0    12    60    82   130    74   136 0.90 transcript=FhHiC23_g6396.t3 gene=FhHiC23_g6396
FhHiC23_g6396.t3     -            326 547099at33208        -            161   5.8e-14   52.6   0.0   2   2   5.2e-09     1e-06   29.0   0.1     3    65   164   226   162   248 0.90 transcript=FhHiC23_g6396.t3 gene=FhHiC23_g6396
FhHiC23_g4766.t2     -            522 547099at33208        -            161     7e-14   52.3   0.0   1   3   1.1e-08   2.1e-06   28.0   0.0     9    74    94   159    86   174 0.87 transcript=FhHiC23_g4766.t2 gene=FhHiC23_g4766
FhHiC23_g4766.t2     -            522 547099at33208        -            161     7e-14   52.3   0.0   2   3   0.00043     0.085   13.0   0.0     9    77   191   265   184   272 0.74 transcript=FhHiC23_g4766.t2 gene=FhHiC23_g4766
FhHiC23_g4766.t2     -            522 547099at33208        -            161     7e-14   52.3   0.0   3   3     0.027       5.3    7.2   0.0    24    76   446   500   443   508 0.85 transcript=FhHiC23_g4766.t2 gene=FhHiC23_g4766
FhHiC23_g4766.t1     -            533 547099at33208        -            161   7.6e-14   52.2   0.0   1   3   1.1e-08   2.2e-06   27.9   0.0     9    74   105   170    97   185 0.87 transcript=FhHiC23_g4766.t1 gene=FhHiC23_g4766
FhHiC23_g4766.t1     -            533 547099at33208        -            161   7.6e-14   52.2   0.0   2   3   0.00045     0.087   13.0   0.0     9    77   202   276   195   283 0.74 transcript=FhHiC23_g4766.t1 gene=FhHiC23_g4766
FhHiC23_g4766.t1     -            533 547099at33208        -            161   7.6e-14   52.2   0.0   3   3     0.028       5.4    7.1   0.0    24    76   457   511   454   519 0.85 transcript=FhHiC23_g4766.t1 gene=FhHiC23_g4766
FhHiC23_g6396.t2     -            357 547099at33208        -            161   7.6e-14   52.2   0.0   1   2   1.3e-06   0.00025   21.2   0.0    12    60    82   130    74   136 0.90 transcript=FhHiC23_g6396.t2 gene=FhHiC23_g6396
FhHiC23_g6396.t2     -            357 547099at33208        -            161   7.6e-14   52.2   0.0   2   2   6.1e-09   1.2e-06   28.8   0.1     3    65   164   226   162   248 0.90 transcript=FhHiC23_g6396.t2 gene=FhHiC23_g6396
FhHiC23_g6396.t1     -            392 547099at33208        -            161     1e-13   51.8   0.0   1   2   1.5e-06   0.00028   21.1   0.0    12    60    82   130    74   136 0.90 transcript=FhHiC23_g6396.t1 gene=FhHiC23_g6396
FhHiC23_g6396.t1     -            392 547099at33208        -            161     1e-13   51.8   0.0   2   2   7.1e-09   1.4e-06   28.6   0.1     3    65   164   226   162   248 0.90 transcript=FhHiC23_g6396.t1 gene=FhHiC23_g6396
FhHiC23_g14615.t3    -            903 547099at33208        -            161   2.2e-13   50.7   0.0   1   2   1.2e-07   2.3e-05   24.6   0.0     7    66   174   232   168   246 0.87 transcript=FhHiC23_g14615.t3 gene=FhHiC23_g14615
FhHiC23_g14615.t3    -            903 547099at33208        -            161   2.2e-13   50.7   0.0   2   2   2.6e-07   5.1e-05   23.5   0.0     7    74   815   882   811   899 0.90 transcript=FhHiC23_g14615.t3 gene=FhHiC23_g14615
FhHiC23_g14615.t2    -            955 547099at33208        -            161   2.6e-13   50.4   0.0   1   2   1.2e-07   2.4e-05   24.5   0.0     7    66   174   232   168   246 0.87 transcript=FhHiC23_g14615.t2 gene=FhHiC23_g14615
FhHiC23_g14615.t2    -            955 547099at33208        -            161   2.6e-13   50.4   0.0   2   2     3e-07   5.8e-05   23.3   0.0     7    74   814   881   810   893 0.91 transcript=FhHiC23_g14615.t2 gene=FhHiC23_g14615
FhHiC23_g14615.t1    -            956 547099at33208        -            161   2.6e-13   50.4   0.0   1   2   1.2e-07   2.4e-05   24.5   0.0     7    66   174   232   168   246 0.87 transcript=FhHiC23_g14615.t1 gene=FhHiC23_g14615
FhHiC23_g14615.t1    -            956 547099at33208        -            161   2.6e-13   50.4   0.0   2   2     3e-07   5.8e-05   23.3   0.0     7    74   815   882   811   894 0.91 transcript=FhHiC23_g14615.t1 gene=FhHiC23_g14615
FhHiC23_g5743.t2     -            535 547099at33208        -            161   2.8e-13   50.3   0.0   1   3   1.9e-10   3.7e-08   33.7   0.0     8    78   132   207   125   216 0.86 transcript=FhHiC23_g5743.t2 gene=FhHiC23_g5743
FhHiC23_g5743.t2     -            535 547099at33208        -            161   2.8e-13   50.3   0.0   2   3   0.00081      0.16   12.1   0.0     9    65   230   287   223   309 0.81 transcript=FhHiC23_g5743.t2 gene=FhHiC23_g5743
FhHiC23_g5743.t2     -            535 547099at33208        -            161   2.8e-13   50.3   0.0   3   3       4.7   9.2e+02   -0.1   0.0    29    75   465   517   458   524 0.62 transcript=FhHiC23_g5743.t2 gene=FhHiC23_g5743
FhHiC23_g9187.t1     -            759 547099at33208        -            161   2.9e-13   50.3   0.0   1   2   2.3e-08   4.4e-06   26.9   0.0     9    67   236   293   228   306 0.86 transcript=FhHiC23_g9187.t1 gene=FhHiC23_g9187
FhHiC23_g9187.t1     -            759 547099at33208        -            161   2.9e-13   50.3   0.0   2   2   1.6e-06   0.00031   20.9   0.0     7    75   670   738   666   749 0.91 transcript=FhHiC23_g9187.t1 gene=FhHiC23_g9187
FhHiC23_g5743.t1     -            555 547099at33208        -            161   3.2e-13   50.1   0.0   1   3     2e-10   3.9e-08   33.6   0.0     8    78   132   207   125   215 0.86 transcript=FhHiC23_g5743.t1 gene=FhHiC23_g5743
FhHiC23_g5743.t1     -            555 547099at33208        -            161   3.2e-13   50.1   0.0   2   3   0.00085      0.17   12.1   0.0     9    65   230   287   223   309 0.81 transcript=FhHiC23_g5743.t1 gene=FhHiC23_g5743
FhHiC23_g5743.t1     -            555 547099at33208        -            161   3.2e-13   50.1   0.0   3   3         5   9.7e+02   -0.2   0.0    30    75   486   537   478   544 0.62 transcript=FhHiC23_g5743.t1 gene=FhHiC23_g5743
FhHiC23_g13856.t1    -            437 547099at33208        -            161   1.6e-11   44.6   0.0   1   1   1.8e-13   3.5e-11   43.5   0.0     9    80    36   107    28   116 0.86 transcript=FhHiC23_g13856.t1 gene=FhHiC23_g13856
FhHiC23_g13686.t1    -            437 547099at33208        -            161   1.7e-11   44.5   0.0   1   1   1.8e-13   3.5e-11   43.5   0.0     9    80    36   107    28   116 0.86 transcript=FhHiC23_g13686.t1 gene=FhHiC23_g13686
FhHiC23_g8198.t3     -            155 547099at33208        -            161   3.3e-10   40.4   0.1   1   2   4.6e-07   8.9e-05   22.7   0.0     9    76     8    70     1    94 0.81 transcript=FhHiC23_g8198.t3 gene=FhHiC23_g8198
FhHiC23_g8198.t3     -            155 547099at33208        -            161   3.3e-10   40.4   0.1   2   2   8.6e-05     0.017   15.3   1.1    81   116    99   136    77   143 0.76 transcript=FhHiC23_g8198.t3 gene=FhHiC23_g8198
FhHiC23_g8268.t1     -            407 547099at33208        -            161     6e-10   39.5   2.5   1   2   1.1e-11   2.2e-09   37.7   0.0     9    76     7    74     2    87 0.88 transcript=FhHiC23_g8268.t1 gene=FhHiC23_g8268
FhHiC23_g8268.t1     -            407 547099at33208        -            161     6e-10   39.5   2.5   2   2       5.8   1.1e+03   -0.4   2.1    86   118   152   184   141   207 0.67 transcript=FhHiC23_g8268.t1 gene=FhHiC23_g8268
FhHiC23_g4365.t1     -           1227 547099at33208        -            161     9e-10   38.9   0.0   1   2   1.7e-07   3.4e-05   24.0   0.0     8    64   859   914   854   943 0.85 transcript=FhHiC23_g4365.t1 gene=FhHiC23_g4365
FhHiC23_g4365.t1     -           1227 547099at33208        -            161     9e-10   38.9   0.0   2   2   0.00069      0.13   12.4   0.0    11    65   979  1032   972  1052 0.90 transcript=FhHiC23_g4365.t1 gene=FhHiC23_g4365
FhHiC23_g14996.t1    -            286 547099at33208        -            161   1.1e-09   38.6   0.5   1   1   1.1e-11   2.2e-09   37.7   0.0    10    66   205   261   198   277 0.92 transcript=FhHiC23_g14996.t1 gene=FhHiC23_g14996
FhHiC23_g12140.t1    -            427 547099at33208        -            161   2.2e-08   34.4   0.1   1   2       0.3        58    3.8   0.0    14    87     8    85     2   147 0.77 transcript=FhHiC23_g12140.t1 gene=FhHiC23_g12140
FhHiC23_g12140.t1    -            427 547099at33208        -            161   2.2e-08   34.4   0.1   2   2   8.4e-09   1.6e-06   28.3   0.1     9    88   186   268   178   323 0.85 transcript=FhHiC23_g12140.t1 gene=FhHiC23_g12140
FhHiC23_g4333.t1     -           1037 547099at33208        -            161     3e-08   34.0   0.2   1   2   5.7e-05     0.011   15.9   0.0    12    66    12    66     6    97 0.87 transcript=FhHiC23_g4333.t1 gene=FhHiC23_g4333
FhHiC23_g4333.t1     -           1037 547099at33208        -            161     3e-08   34.0   0.2   2   2   7.4e-05     0.014   15.5   0.1    11    61    98   148    88   153 0.84 transcript=FhHiC23_g4333.t1 gene=FhHiC23_g4333
FhHiC23_g9187.t2     -            752 547099at33208        -            161     3e-08   34.0   0.0   1   2   2.2e-08   4.4e-06   26.9   0.0     9    67   236   293   228   306 0.86 transcript=FhHiC23_g9187.t2 gene=FhHiC23_g9187
FhHiC23_g9187.t2     -            752 547099at33208        -            161     3e-08   34.0   0.0   2   2      0.18        34    4.5   0.0    41    75   697   731   687   742 0.85 transcript=FhHiC23_g9187.t2 gene=FhHiC23_g9187
FhHiC23_g11928.t1    -            545 547099at33208        -            161   4.4e-08   33.4   0.5   1   2    0.0008      0.16   12.2   0.1    25    64    22    61    14    70 0.90 transcript=FhHiC23_g11928.t1 gene=FhHiC23_g11928
FhHiC23_g11928.t1    -            545 547099at33208        -            161   4.4e-08   33.4   0.5   2   2   4.4e-06   0.00087   19.5   0.1     8    62    92   146    85   167 0.90 transcript=FhHiC23_g11928.t1 gene=FhHiC23_g11928
FhHiC23_g11928.t2    -            580 547099at33208        -            161     5e-08   33.3   0.4   1   2   0.00095      0.19   11.9   0.0    25    64    57    96    53   105 0.90 transcript=FhHiC23_g11928.t2 gene=FhHiC23_g11928
FhHiC23_g11928.t2    -            580 547099at33208        -            161     5e-08   33.3   0.4   2   2   4.8e-06   0.00095   19.4   0.1     8    62   127   181   120   202 0.90 transcript=FhHiC23_g11928.t2 gene=FhHiC23_g11928
FhHiC23_g9565.t1     -            729 547099at33208        -            161   6.6e-08   32.9   9.1   1   2   2.6e-07     5e-05   23.5   0.0    11    69   181   239   173   261 0.83 transcript=FhHiC23_g9565.t1 gene=FhHiC23_g9565
FhHiC23_g9565.t1     -            729 547099at33208        -            161   6.6e-08   32.9   9.1   2   2   0.00031     0.061   13.5   0.0     7    71   647   710   642   728 0.77 transcript=FhHiC23_g9565.t1 gene=FhHiC23_g9565
FhHiC23_g7552.t1     -            307 547099at33208        -            161   1.1e-07   32.2   0.0   1   1   5.4e-10   1.1e-07   32.2   0.0     9    77   100   168    93   184 0.89 transcript=FhHiC23_g7552.t1 gene=FhHiC23_g7552
FhHiC23_g653.t1      -           1413 547099at33208        -            161   1.3e-07   32.0   0.1   1   2       0.4        79    3.4   0.0     5    77   998  1069   994  1080 0.73 transcript=FhHiC23_g653.t1 gene=FhHiC23_g653
FhHiC23_g653.t1      -           1413 547099at33208        -            161   1.3e-07   32.0   0.1   2   2   8.2e-08   1.6e-05   25.1   0.0    10    66  1081  1140  1073  1152 0.88 transcript=FhHiC23_g653.t1 gene=FhHiC23_g653
FhHiC23_g653.t2      -           1442 547099at33208        -            161   1.3e-07   31.9   0.1   1   2      0.41        81    3.3   0.0     5    77  1014  1085  1010  1096 0.73 transcript=FhHiC23_g653.t2 gene=FhHiC23_g653
FhHiC23_g653.t2      -           1442 547099at33208        -            161   1.3e-07   31.9   0.1   2   2   8.4e-08   1.6e-05   25.1   0.0    10    66  1097  1156  1089  1168 0.88 transcript=FhHiC23_g653.t2 gene=FhHiC23_g653
FhHiC23_g15971.t1    -           1012 547099at33208        -            161   1.4e-07   31.8   0.0   1   1   7.1e-10   1.4e-07   31.8   0.0     5    87   291   371   287   385 0.77 transcript=FhHiC23_g15971.t1 gene=FhHiC23_g15971
FhHiC23_g15971.t2    -           1013 547099at33208        -            161   1.4e-07   31.8   0.0   1   1   7.2e-10   1.4e-07   31.8   0.0     5    81   291   370   287   384 0.77 transcript=FhHiC23_g15971.t2 gene=FhHiC23_g15971
FhHiC23_g378.t3      -            280 547099at33208        -            161   1.7e-07   31.6   0.0   1   1   1.8e-09   3.5e-07   30.5   0.0    10    79   144   213   136   230 0.85 transcript=FhHiC23_g378.t3 gene=FhHiC23_g378
FhHiC23_g14163.t2    -            381 547099at33208        -            161   2.2e-07   31.2   0.1   1   1   1.1e-09   2.2e-07   31.2   0.1     9    99   280   375   274   377 0.81 transcript=FhHiC23_g14163.t2 gene=FhHiC23_g14163
FhHiC23_g10661.t2    -            797 547099at33208        -            161   2.2e-07   31.1   0.0   1   1   1.1e-09   2.2e-07   31.1   0.0    12    93   255   335   246   340 0.84 transcript=FhHiC23_g10661.t2 gene=FhHiC23_g10661
FhHiC23_g10661.t1    -            882 547099at33208        -            161   2.6e-07   31.0   0.0   1   1   1.3e-09   2.6e-07   31.0   0.0    12    93   340   420   331   425 0.84 transcript=FhHiC23_g10661.t1 gene=FhHiC23_g10661
FhHiC23_g16627.t1    -            210 547099at33208        -            161   3.4e-07   30.5   0.0   1   1   2.6e-09     5e-07   30.0   0.0     7    69    64   125    59   148 0.88 transcript=FhHiC23_g16627.t1 gene=FhHiC23_g16627
FhHiC23_g15325.t2    -            466 547099at33208        -            161   7.4e-07   29.5   0.0   1   2   1.1e-06   0.00021   21.5   0.0     9    63   163   218   155   244 0.82 transcript=FhHiC23_g15325.t2 gene=FhHiC23_g15325
FhHiC23_g15325.t2    -            466 547099at33208        -            161   7.4e-07   29.5   0.0   2   2     0.073        14    5.8   0.0    11    43   253   285   243   307 0.80 transcript=FhHiC23_g15325.t2 gene=FhHiC23_g15325
FhHiC23_g15325.t1    -            467 547099at33208        -            161   7.4e-07   29.5   0.0   1   2   1.1e-06   0.00021   21.5   0.0     9    63   164   219   156   245 0.82 transcript=FhHiC23_g15325.t1 gene=FhHiC23_g15325
FhHiC23_g15325.t1    -            467 547099at33208        -            161   7.4e-07   29.5   0.0   2   2     0.073        14    5.8   0.0    11    43   254   286   244   308 0.81 transcript=FhHiC23_g15325.t1 gene=FhHiC23_g15325
FhHiC23_g7552.t2     -            178 547099at33208        -            161   7.8e-07   29.4   0.9   1   1   7.9e-09   1.5e-06   28.4   0.0     9    63   100   154    92   157 0.92 transcript=FhHiC23_g7552.t2 gene=FhHiC23_g7552
FhHiC23_g14840.t1    -            495 547099at33208        -            161     8e-07   29.3   0.0   1   1   6.6e-09   1.3e-06   28.7   0.0    10    69    69   128    60   147 0.87 transcript=FhHiC23_g14840.t1 gene=FhHiC23_g14840
FhHiC23_g12403.t1    -            427 547099at33208        -            161   1.3e-06   28.7   0.0   1   1   1.1e-08   2.1e-06   28.0   0.0     9    82   119   197   113   205 0.91 transcript=FhHiC23_g12403.t1 gene=FhHiC23_g12403
FhHiC23_g8412.t1     -            506 547099at33208        -            161   1.7e-06   28.3   0.0   1   1   1.9e-08   3.7e-06   27.2   0.0     7    66    51   113    46   205 0.85 transcript=FhHiC23_g8412.t1 gene=FhHiC23_g8412
FhHiC23_g12472.t1    -            221 547099at33208        -            161   2.5e-06   27.7   0.0   1   1   1.9e-08   3.6e-06   27.2   0.0    11    78    92   163    83   182 0.82 transcript=FhHiC23_g12472.t1 gene=FhHiC23_g12472
FhHiC23_g1714.t2     -            295 547099at33208        -            161   2.8e-06   27.6   0.0   1   1   1.4e-08   2.8e-06   27.6   0.0     9    65    81   137    74   151 0.89 transcript=FhHiC23_g1714.t2 gene=FhHiC23_g1714
FhHiC23_g1495.t1     -            159 547099at33208        -            161   3.5e-06   27.3   0.0   1   1   2.3e-08   4.5e-06   26.9   0.0     7    71    37   101    30   124 0.86 transcript=FhHiC23_g1495.t1 gene=FhHiC23_g1495
FhHiC23_g16207.t2    -            301 547099at33208        -            161   6.4e-06   26.4   0.0   1   1   6.2e-08   1.2e-05   25.5   0.0    19    68   112   161    96   185 0.84 transcript=FhHiC23_g16207.t2 gene=FhHiC23_g16207
FhHiC23_g4232.t1     -            331 547099at33208        -            161     7e-06   26.3   0.2   1   2   1.5e-06    0.0003   21.0   0.0    11    61    60   110    53   121 0.88 transcript=FhHiC23_g4232.t1 gene=FhHiC23_g4232
FhHiC23_g4232.t1     -            331 547099at33208        -            161     7e-06   26.3   0.2   2   2      0.61   1.2e+02    2.8   0.9    51    90   131   174   113   203 0.69 transcript=FhHiC23_g4232.t1 gene=FhHiC23_g4232
FhHiC23_g1714.t1     -            546 547099at33208        -            161   7.3e-06   26.2   0.0   1   1   3.7e-08   7.3e-06   26.2   0.0     9    65   332   388   325   401 0.89 transcript=FhHiC23_g1714.t1 gene=FhHiC23_g1714
FhHiC23_g16207.t1    -            370 547099at33208        -            161   9.7e-06   25.8   0.0   1   1   8.7e-08   1.7e-05   25.0   0.0    19    68   181   230   165   254 0.84 transcript=FhHiC23_g16207.t1 gene=FhHiC23_g16207
FhHiC23_g13609.t1    -            574 547099at33208        -            161   9.9e-06   25.8   1.1   1   2     0.068        13    5.9   0.0     6    33   242   269   238   275 0.85 transcript=FhHiC23_g13609.t1 gene=FhHiC23_g13609
FhHiC23_g13609.t1    -            574 547099at33208        -            161   9.9e-06   25.8   1.1   2   2   1.6e-05    0.0032   17.6   0.0     4    63   350   409   347   439 0.82 transcript=FhHiC23_g13609.t1 gene=FhHiC23_g13609
FhHiC23_g14458.t2    -            541 547099at33208        -            161   1.1e-05   25.7   0.0   1   2      0.01         2    8.5   0.0    12    52    22    56    15    87 0.83 transcript=FhHiC23_g14458.t2 gene=FhHiC23_g14458
FhHiC23_g14458.t2    -            541 547099at33208        -            161   1.1e-05   25.7   0.0   2   2   0.00019     0.036   14.2   0.0    11    76   123   181   114   194 0.82 transcript=FhHiC23_g14458.t2 gene=FhHiC23_g14458
FhHiC23_g14458.t1    -            556 547099at33208        -            161   1.1e-05   25.7   0.0   1   2     0.011       2.1    8.5   0.0    12    52    22    56    15    86 0.83 transcript=FhHiC23_g14458.t1 gene=FhHiC23_g14458
FhHiC23_g14458.t1    -            556 547099at33208        -            161   1.1e-05   25.7   0.0   2   2   0.00019     0.038   14.2   0.0    11    76   123   181   114   194 0.82 transcript=FhHiC23_g14458.t1 gene=FhHiC23_g14458
FhHiC23_g14980.t1    -            258 547099at33208        -            161   1.4e-05   25.3   0.1   1   1   1.2e-07   2.3e-05   24.6   0.0     3    65    93   156    91   199 0.79 transcript=FhHiC23_g14980.t1 gene=FhHiC23_g14980
FhHiC23_g14980.t2    -            257 547099at33208        -            161   2.1e-05   24.7   0.0   1   1   1.5e-07   2.8e-05   24.3   0.0     3    65    93   156    91   191 0.81 transcript=FhHiC23_g14980.t2 gene=FhHiC23_g14980
FhHiC23_g3782.t1     -            224 547099at33208        -            161   2.3e-05   24.6   2.2   1   3   1.2e-05    0.0024   18.1   0.1    10    73     7    71     3    95 0.77 transcript=FhHiC23_g3782.t1 gene=FhHiC23_g3782
FhHiC23_g3782.t1     -            224 547099at33208        -            161   2.3e-05   24.6   2.2   2   3       9.5   1.9e+03   -1.1   0.2   121   137   106   122    93   132 0.49 transcript=FhHiC23_g3782.t1 gene=FhHiC23_g3782
FhHiC23_g3782.t1     -            224 547099at33208        -            161   2.3e-05   24.6   2.2   3   3      0.13        25    5.0   0.0    11    69   153   204   145   219 0.75 transcript=FhHiC23_g3782.t1 gene=FhHiC23_g3782
FhHiC23_g7972.t1     -            442 547099at33208        -            161   4.2e-05   23.8   0.0   1   1     3e-07   5.9e-05   23.3   0.0     7    81    16    95    10   106 0.78 transcript=FhHiC23_g7972.t1 gene=FhHiC23_g7972
FhHiC23_g2663.t1     -            804 547099at33208        -            161     6e-05   23.3   0.7   1   3   4.1e-06   0.00079   19.6   0.0     9    75   287   353   283   363 0.91 transcript=FhHiC23_g2663.t1 gene=FhHiC23_g2663
FhHiC23_g2663.t1     -            804 547099at33208        -            161     6e-05   23.3   0.7   2   3       6.5   1.3e+03   -0.6   0.1   118   146   561   589   525   598 0.79 transcript=FhHiC23_g2663.t1 gene=FhHiC23_g2663
FhHiC23_g2663.t1     -            804 547099at33208        -            161     6e-05   23.3   0.7   3   3       9.3   1.8e+03   -1.1   0.2    98   138   630   670   623   686 0.70 transcript=FhHiC23_g2663.t1 gene=FhHiC23_g2663
FhHiC23_g2663.t3     -            817 547099at33208        -            161   6.3e-05   23.2   0.7   1   3   4.1e-06   0.00081   19.6   0.0     9    75   287   353   283   363 0.91 transcript=FhHiC23_g2663.t3 gene=FhHiC23_g2663
FhHiC23_g2663.t3     -            817 547099at33208        -            161   6.3e-05   23.2   0.7   2   3       6.7   1.3e+03   -0.6   0.1   118   146   561   589   525   598 0.79 transcript=FhHiC23_g2663.t3 gene=FhHiC23_g2663
FhHiC23_g2663.t3     -            817 547099at33208        -            161   6.3e-05   23.2   0.7   3   3       9.5   1.9e+03   -1.1   0.2    98   138   630   670   623   686 0.70 transcript=FhHiC23_g2663.t3 gene=FhHiC23_g2663
FhHiC23_g2663.t2     -            837 547099at33208        -            161   6.4e-05   23.2   0.6   1   3   4.3e-06   0.00084   19.5   0.0     9    75   320   386   316   396 0.91 transcript=FhHiC23_g2663.t2 gene=FhHiC23_g2663
FhHiC23_g2663.t2     -            837 547099at33208        -            161   6.4e-05   23.2   0.6   2   3       6.9   1.3e+03   -0.6   0.1   118   146   594   622   558   631 0.79 transcript=FhHiC23_g2663.t2 gene=FhHiC23_g2663
FhHiC23_g2663.t2     -            837 547099at33208        -            161   6.4e-05   23.2   0.6   3   3       9.9   1.9e+03   -1.2   0.2    98   138   663   703   657   719 0.70 transcript=FhHiC23_g2663.t2 gene=FhHiC23_g2663
FhHiC23_g3781.t1     -            320 547099at33208        -            161   7.1e-05   23.0   0.0   1   2   6.9e-06    0.0014   18.9   0.1     7    73    50   117    45   144 0.83 transcript=FhHiC23_g3781.t1 gene=FhHiC23_g3781
FhHiC23_g3781.t1     -            320 547099at33208        -            161   7.1e-05   23.0   0.0   2   2       1.2   2.4e+02    1.8   0.0    11    77   247   308   241   313 0.80 transcript=FhHiC23_g3781.t1 gene=FhHiC23_g3781
FhHiC23_g205.t2      -            624 547099at33208        -            161   7.1e-05   23.0   0.0   1   1   7.5e-07   0.00015   22.0   0.0     9    79   106   180    99   188 0.82 transcript=FhHiC23_g205.t2 gene=FhHiC23_g205
FhHiC23_g205.t1      -            631 547099at33208        -            161   7.2e-05   23.0   0.0   1   1   7.7e-07   0.00015   22.0   0.0     9    79   106   180    99   188 0.82 transcript=FhHiC23_g205.t1 gene=FhHiC23_g205
FhHiC23_g12443.t1    -            701 547099at33208        -            161   0.00012   22.3   0.0   1   1   1.1e-06   0.00021   21.5   0.0     7    64   108   164   102   183 0.76 transcript=FhHiC23_g12443.t1 gene=FhHiC23_g12443
FhHiC23_g12443.t2    -            701 547099at33208        -            161   0.00012   22.3   0.0   1   1   1.1e-06   0.00021   21.5   0.0     7    64   108   164   102   183 0.76 transcript=FhHiC23_g12443.t2 gene=FhHiC23_g12443
FhHiC23_g12443.t3    -            701 547099at33208        -            161   0.00012   22.3   0.0   1   1   1.1e-06   0.00021   21.5   0.0     7    64   108   164   102   183 0.76 transcript=FhHiC23_g12443.t3 gene=FhHiC23_g12443
FhHiC23_g9188.t1     -            268 547099at33208        -            161    0.0002   21.6   0.1   1   2   0.00026     0.051   13.7   0.0    10    51   137   178   131   191 0.84 transcript=FhHiC23_g9188.t1 gene=FhHiC23_g9188
FhHiC23_g9188.t1     -            268 547099at33208        -            161    0.0002   21.6   0.1   2   2     0.075        15    5.7   0.2    38    76   200   238   187   257 0.75 transcript=FhHiC23_g9188.t1 gene=FhHiC23_g9188
FhHiC23_g2258.t1     -            778 547099at33208        -            161   0.00021   21.5   0.0   1   2   0.00024     0.047   13.9   0.0     8    65    63   121    57   138 0.86 transcript=FhHiC23_g2258.t1 gene=FhHiC23_g2258
FhHiC23_g2258.t1     -            778 547099at33208        -            161   0.00021   21.5   0.0   2   2      0.17        33    4.6   0.0    21    60   234   275   220   307 0.84 transcript=FhHiC23_g2258.t1 gene=FhHiC23_g2258
FhHiC23_g5014.t1     -            123 547099at33208        -            161   0.00021   21.5   0.0   1   1   1.7e-06   0.00033   20.8   0.0    12    73    19    77     9   105 0.84 transcript=FhHiC23_g5014.t1 gene=FhHiC23_g5014
FhHiC23_g14447.t1    -            512 547099at33208        -            161   0.00024   21.3   0.1   1   2     0.018       3.6    7.7   0.0    13    47    23    57    14    74 0.86 transcript=FhHiC23_g14447.t1 gene=FhHiC23_g14447
FhHiC23_g14447.t1    -            512 547099at33208        -            161   0.00024   21.3   0.1   2   2    0.0029      0.56   10.3   0.0    11    76   122   180   111   207 0.73 transcript=FhHiC23_g14447.t1 gene=FhHiC23_g14447
FhHiC23_g2217.t2     -            630 547099at33208        -            161   0.00035   20.8   0.0   1   3     0.006       1.2    9.3   0.0     7    71   133   196   128   218 0.81 transcript=FhHiC23_g2217.t2 gene=FhHiC23_g2217
FhHiC23_g2217.t2     -            630 547099at33208        -            161   0.00035   20.8   0.0   2   3     0.033       6.4    6.9   0.1    11    74   217   283   206   298 0.68 transcript=FhHiC23_g2217.t2 gene=FhHiC23_g2217
FhHiC23_g2217.t2     -            630 547099at33208        -            161   0.00035   20.8   0.0   3   3       4.8   9.4e+02   -0.1   0.0    11    73   312   370   303   384 0.67 transcript=FhHiC23_g2217.t2 gene=FhHiC23_g2217
FhHiC23_g2423.t1     -            350 547099at33208        -            161   0.00042   20.5   0.0   1   1   3.5e-06   0.00068   19.8   0.0     7    66   117   175   111   196 0.89 transcript=FhHiC23_g2423.t1 gene=FhHiC23_g2423
FhHiC23_g10640.t1    -            618 547099at33208        -            161   0.00051   20.2   0.0   1   2   8.6e-05     0.017   15.3   0.0    10    83   413   487   405   490 0.78 transcript=FhHiC23_g10640.t1 gene=FhHiC23_g10640
FhHiC23_g10640.t1    -            618 547099at33208        -            161   0.00051   20.2   0.0   2   2       2.1   4.2e+02    1.0   0.0     4    34   532   562   529   591 0.82 transcript=FhHiC23_g10640.t1 gene=FhHiC23_g10640
FhHiC23_g8058.t1     -            805 547099at33208        -            161   0.00055   20.1   0.2   1   3     0.017       3.4    7.8   0.0     7    72    99   163    95   186 0.78 transcript=FhHiC23_g8058.t1 gene=FhHiC23_g8058
FhHiC23_g8058.t1     -            805 547099at33208        -            161   0.00055   20.1   0.2   2   3     0.049       9.6    6.3   0.0    11    74   183   249   175   265 0.69 transcript=FhHiC23_g8058.t1 gene=FhHiC23_g8058
FhHiC23_g8058.t1     -            805 547099at33208        -            161   0.00055   20.1   0.2   3   3       1.1   2.1e+02    2.0   0.1     8    83   275   352   268   372 0.64 transcript=FhHiC23_g8058.t1 gene=FhHiC23_g8058
FhHiC23_g13046.t1    -            359 547099at33208        -            161   0.00078   19.6   0.0   1   2    0.0069       1.4    9.1   0.0     7    67     5    66     1    78 0.83 transcript=FhHiC23_g13046.t1 gene=FhHiC23_g13046
FhHiC23_g13046.t1    -            359 547099at33208        -            161   0.00078   19.6   0.0   2   2     0.011       2.2    8.4   0.0     7    65    97   153    91   177 0.80 transcript=FhHiC23_g13046.t1 gene=FhHiC23_g13046
FhHiC23_g12689.t1    -            524 547099at33208        -            161     0.001   19.2   0.1   1   1   5.3e-06     0.001   19.2   0.1     8   101   241   337   236   341 0.76 transcript=FhHiC23_g12689.t1 gene=FhHiC23_g12689
FhHiC23_g14448.t1    -            512 547099at33208        -            161    0.0012   19.1   0.1   1   2     0.093        18    5.4   0.0    12    47    22    57    14    74 0.88 transcript=FhHiC23_g14448.t1 gene=FhHiC23_g14448
FhHiC23_g14448.t1    -            512 547099at33208        -            161    0.0012   19.1   0.1   2   2    0.0029      0.56   10.3   0.0    11    76   122   180   111   207 0.73 transcript=FhHiC23_g14448.t1 gene=FhHiC23_g14448
FhHiC23_g6855.t1     -            179 547099at33208        -            161    0.0012   19.0   0.0   1   1   9.4e-06    0.0018   18.4   0.0    12    88    73   154    67   174 0.80 transcript=FhHiC23_g6855.t1 gene=FhHiC23_g6855
FhHiC23_g15414.t1    -            160 547099at33208        -            161    0.0016   18.6   0.1   1   1   9.9e-06    0.0019   18.3   0.1    12    95    10    91     2   149 0.85 transcript=FhHiC23_g15414.t1 gene=FhHiC23_g15414
FhHiC23_g6234.t2     -            224 547099at33208        -            161    0.0019   18.3   0.0   1   1   2.2e-05    0.0042   17.3   0.0    10    65     6    57     1    65 0.85 transcript=FhHiC23_g6234.t2 gene=FhHiC23_g6234
FhHiC23_g2217.t1     -           1075 547099at33208        -            161    0.0022   18.1   0.0   1   3     0.012       2.4    8.3   0.0     7    71   133   196   128   218 0.81 transcript=FhHiC23_g2217.t1 gene=FhHiC23_g2217
FhHiC23_g2217.t1     -           1075 547099at33208        -            161    0.0022   18.1   0.0   2   3     0.066        13    5.9   0.1    11    74   217   283   206   298 0.68 transcript=FhHiC23_g2217.t1 gene=FhHiC23_g2217
FhHiC23_g2217.t1     -           1075 547099at33208        -            161    0.0022   18.1   0.0   3   3        10     2e+03   -1.2   0.0    11    73   312   370   303   380 0.66 transcript=FhHiC23_g2217.t1 gene=FhHiC23_g2217
FhHiC23_g6234.t1     -            245 547099at33208        -            161    0.0025   18.0   0.0   1   1   2.5e-05    0.0049   17.0   0.0    10    65     6    57     1    65 0.85 transcript=FhHiC23_g6234.t1 gene=FhHiC23_g6234
FhHiC23_g2150.t1     -            344 547099at33208        -            161    0.0027   17.9   0.0   1   2      0.22        43    4.2   0.0    49    77    49    80    16    92 0.81 transcript=FhHiC23_g2150.t1 gene=FhHiC23_g2150
FhHiC23_g2150.t1     -            344 547099at33208        -            161    0.0027   17.9   0.0   2   2    0.0013      0.25   11.5   0.0    15    76   107   168    94   196 0.76 transcript=FhHiC23_g2150.t1 gene=FhHiC23_g2150
FhHiC23_g14616.t1    -            233 547099at33208        -            161    0.0036   17.5   0.0   1   1     3e-05    0.0058   16.8   0.0    11    58   174   222   164   232 0.86 transcript=FhHiC23_g14616.t1 gene=FhHiC23_g14616
FhHiC23_g10402.t1    -            589 547099at33208        -            161    0.0061   16.7   0.0   1   1   5.1e-05      0.01   16.0   0.0    10    76    12    73     3    88 0.86 transcript=FhHiC23_g10402.t1 gene=FhHiC23_g10402
FhHiC23_g14163.t1    -            414 547099at33208        -            161    0.0067   16.6   0.2   1   1   3.4e-05    0.0067   16.6   0.2    38    99   342   408   328   410 0.76 transcript=FhHiC23_g14163.t1 gene=FhHiC23_g14163
FhHiC23_g16121.t2    -             97 547099at33208        -            161    0.0072   16.5   0.1   1   1   5.7e-05     0.011   15.9   0.1     9    66     2    52     1    87 0.83 transcript=FhHiC23_g16121.t2 gene=FhHiC23_g16121
FhHiC23_g14456.t1    -            512 547099at33208        -            161    0.0079   16.4   0.0   1   2       1.3   2.6e+02    1.7   0.0    13    47    23    57    12    77 0.84 transcript=FhHiC23_g14456.t1 gene=FhHiC23_g14456
FhHiC23_g14456.t1    -            512 547099at33208        -            161    0.0079   16.4   0.0   2   2    0.0012      0.23   11.6   0.0    11    76   122   180   110   207 0.73 transcript=FhHiC23_g14456.t1 gene=FhHiC23_g14456
FhHiC23_g3761.t1     -            783 547099at33208        -            161      0.03   14.5   0.0   1   3      0.62   1.2e+02    2.7   0.0     9    41    46    78    39    82 0.87 transcript=FhHiC23_g3761.t1 gene=FhHiC23_g3761
FhHiC23_g3761.t1     -            783 547099at33208        -            161      0.03   14.5   0.0   2   3      0.56   1.1e+02    2.9   0.0    18    76   154   210   147   220 0.85 transcript=FhHiC23_g3761.t1 gene=FhHiC23_g3761
FhHiC23_g3761.t1     -            783 547099at33208        -            161      0.03   14.5   0.0   3   3      0.39        75    3.4   0.0    14    45   427   458   415   492 0.81 transcript=FhHiC23_g3761.t1 gene=FhHiC23_g3761
FhHiC23_g11957.t1    -            457 547099at33208        -            161     0.036   14.2   0.9   1   1   0.00063      0.12   12.5   0.0     6    79   162   236   157   251 0.72 transcript=FhHiC23_g11957.t1 gene=FhHiC23_g11957
FhHiC23_g7658.t3     -            790 547099at33208        -            161     0.049   13.8   0.0   1   1   0.00054      0.11   12.7   0.0     9    78   282   350   277   358 0.88 transcript=FhHiC23_g7658.t3 gene=FhHiC23_g7658
FhHiC23_g7658.t1     -            881 547099at33208        -            161     0.055   13.6   0.0   1   1   0.00062      0.12   12.5   0.0     9    78   374   442   369   450 0.88 transcript=FhHiC23_g7658.t1 gene=FhHiC23_g7658
FhHiC23_g7658.t2     -            882 547099at33208        -            161     0.055   13.6   0.0   1   1   0.00063      0.12   12.5   0.0     9    78   374   442   369   450 0.88 transcript=FhHiC23_g7658.t2 gene=FhHiC23_g7658
FhHiC23_g16121.t1    -            583 547099at33208        -            161      0.15   12.2   0.3   1   1     0.002       0.4   10.8   0.1     9    65     2    51     1    79 0.85 transcript=FhHiC23_g16121.t1 gene=FhHiC23_g16121
FhHiC23_g11037.t2    -            549 547099at33208        -            161      0.24   11.6   0.0   1   1    0.0022      0.43   10.7   0.0    10    76   242   302   234   312 0.86 transcript=FhHiC23_g11037.t2 gene=FhHiC23_g11037
#
# Program:         hmmsearch
# Version:         3.4 (Aug 2023)
# Pipeline mode:   SEARCH
# Query file:      /users/40483456/busco_datasets/busco_downloads/lineages/metazoa_odb10/hmms/547099at33208.hmm
# Target file:     /users/40483456/protein/fasciola_hepatica.fa
# Option settings: hmmsearch --domtblout /users/40483456/busco/results_pro/fasciola_hepatica_busco/run_metazoa_odb10/hmmer_output/initial_run_results/547099at33208.out --cpu 1 /users/40483456/busco_datasets/busco_downloads/lineages/metazoa_odb10/hmms/547099at33208.hmm /users/40483456/protein/fasciola_hepatica.fa 
# Current dir:     /users/40483456
# Date:            Thu Jan 15 17:42:24 2026
# [ok]
