#                                                                            --- full sequence --- -------------- this domain -------------   hmm coord   ali coord   env coord
# target name        accession   tlen query name           accession   qlen   E-value  score  bias   #  of  c-Evalue  i-Evalue  score  bias  from    to  from    to  from    to  acc description of target
#------------------- ---------- ----- -------------------- ---------- ----- --------- ------ ----- --- --- --------- --------- ------ ----- ----- ----- ----- ----- ----- ----- ---- ---------------------
FhHiC23_g1830.t2     -            157 587513at33208        -            281   4.9e-16   58.8   0.3   1   2   1.2e-19   4.9e-16   58.8   0.3    85   160     2    88     1    98 0.85 transcript=FhHiC23_g1830.t2 gene=FhHiC23_g1830
FhHiC23_g1830.t2     -            157 587513at33208        -            281   4.9e-16   58.8   0.3   2   2         1   4.4e+03   -3.3   0.1   134   163   122   151   115   152 0.62 transcript=FhHiC23_g1830.t2 gene=FhHiC23_g1830
FhHiC23_g1830.t1     -            272 587513at33208        -            281   3.9e-15   55.9   1.0   1   1     5e-18   2.1e-14   53.5   1.0    48   159    82   202    50   211 0.84 transcript=FhHiC23_g1830.t1 gene=FhHiC23_g1830
FhHiC23_g816.t1      -            661 587513at33208        -            281   9.4e-06   25.1   0.7   1   2   3.2e-07    0.0014   18.0   0.1   215   248   187   220   176   221 0.88 transcript=FhHiC23_g816.t1 gene=FhHiC23_g816
FhHiC23_g816.t1      -            661 587513at33208        -            281   9.4e-06   25.1   0.7   2   2    0.0018       7.5    5.7   0.1   116   136   221   241   219   250 0.88 transcript=FhHiC23_g816.t1 gene=FhHiC23_g816
FhHiC23_g16270.t2    -            534 587513at33208        -            281    0.0042   16.4   0.0   1   1   1.9e-06    0.0079   15.5   0.0    76   130   332   387   324   396 0.82 transcript=FhHiC23_g16270.t2 gene=FhHiC23_g16270
FhHiC23_g16270.t1    -            556 587513at33208        -            281    0.0044   16.3   0.0   1   1     2e-06    0.0084   15.4   0.0    76   130   332   387   324   396 0.82 transcript=FhHiC23_g16270.t1 gene=FhHiC23_g16270
#
# Program:         hmmsearch
# Version:         3.4 (Aug 2023)
# Pipeline mode:   SEARCH
# Query file:      /users/40483456/busco_datasets/busco_downloads/lineages/metazoa_odb10/hmms/587513at33208.hmm
# Target file:     /users/40483456/protein/fasciola_hepatica.fa
# Option settings: hmmsearch --domtblout /users/40483456/busco/results_pro/fasciola_hepatica_busco/run_metazoa_odb10/hmmer_output/initial_run_results/587513at33208.out --cpu 1 /users/40483456/busco_datasets/busco_downloads/lineages/metazoa_odb10/hmms/587513at33208.hmm /users/40483456/protein/fasciola_hepatica.fa 
# Current dir:     /users/40483456
# Date:            Thu Jan 15 17:42:31 2026
# [ok]
