#                                                                            --- full sequence --- -------------- this domain -------------   hmm coord   ali coord   env coord
# target name        accession   tlen query name           accession   qlen   E-value  score  bias   #  of  c-Evalue  i-Evalue  score  bias  from    to  from    to  from    to  acc description of target
#------------------- ---------- ----- -------------------- ---------- ----- --------- ------ ----- --- --- --------- --------- ------ ----- ----- ----- ----- ----- ----- ----- ---- ---------------------
FhHiC23_g3570.t1     -            437 589773at33208        -             56     1e-14   54.4   0.2   1   1   8.9e-17   1.6e-13   50.6   0.2     1    56   280   349   280   349 0.77 transcript=FhHiC23_g3570.t1 gene=FhHiC23_g3570
FhHiC23_g3570.t2     -            451 589773at33208        -             56   1.1e-14   54.3   0.2   1   1   9.3e-17   1.6e-13   50.6   0.2     1    56   280   349   280   349 0.77 transcript=FhHiC23_g3570.t2 gene=FhHiC23_g3570
FhHiC23_g16627.t1    -            210 589773at33208        -             56   4.4e-07   30.0   0.0   1   2    0.0084        15    5.9   0.0     3    24    68    89    66   107 0.81 transcript=FhHiC23_g16627.t1 gene=FhHiC23_g16627
FhHiC23_g16627.t1    -            210 589773at33208        -             56   4.4e-07   30.0   0.0   2   2   8.1e-08   0.00014   21.9   0.0    25    56   107   141   101   141 0.80 transcript=FhHiC23_g16627.t1 gene=FhHiC23_g16627
FhHiC23_g1675.t1     -            143 589773at33208        -             56   7.3e-06   26.1   0.1   1   1   1.5e-07   0.00026   21.1   0.1     1    38    91   139    91   142 0.74 transcript=FhHiC23_g1675.t1 gene=FhHiC23_g1675
FhHiC23_g12140.t1    -            427 589773at33208        -             56    0.0016   18.5   0.0   1   3     0.032        57    4.0   0.0     4    20     6    22     3    28 0.87 transcript=FhHiC23_g12140.t1 gene=FhHiC23_g12140
FhHiC23_g12140.t1    -            427 589773at33208        -             56    0.0016   18.5   0.0   2   3   0.00027      0.48   10.6   0.0     1    24   186   209   186   213 0.90 transcript=FhHiC23_g12140.t1 gene=FhHiC23_g12140
FhHiC23_g12140.t1    -            427 589773at33208        -             56    0.0016   18.5   0.0   3   3       2.5   4.4e+03   -2.1   0.0    25    34   224   233   221   251 0.77 transcript=FhHiC23_g12140.t1 gene=FhHiC23_g12140
FhHiC23_g6234.t2     -            224 589773at33208        -             56     0.002   18.2   0.0   1   2   0.00034       0.6   10.3   0.0     2    26     6    30     5    65 0.90 transcript=FhHiC23_g6234.t2 gene=FhHiC23_g6234
FhHiC23_g6234.t2     -            224 589773at33208        -             56     0.002   18.2   0.0   2   2     0.092   1.6e+02    2.5   0.0     2    26   117   141   116   174 0.77 transcript=FhHiC23_g6234.t2 gene=FhHiC23_g6234
FhHiC23_g6234.t1     -            245 589773at33208        -             56    0.0028   17.8   0.0   1   2   0.00039      0.69   10.1   0.0     2    26     6    30     5    65 0.90 transcript=FhHiC23_g6234.t1 gene=FhHiC23_g6234
FhHiC23_g6234.t1     -            245 589773at33208        -             56    0.0028   17.8   0.0   2   2      0.11   1.9e+02    2.3   0.0     2    26   117   141   116   174 0.77 transcript=FhHiC23_g6234.t1 gene=FhHiC23_g6234
FhHiC23_g3782.t1     -            224 589773at33208        -             56    0.0098   16.0   1.8   1   4    0.0026       4.6    7.5   0.0     2    22     7    27     6    30 0.88 transcript=FhHiC23_g3782.t1 gene=FhHiC23_g3782
FhHiC23_g3782.t1     -            224 589773at33208        -             56    0.0098   16.0   1.8   2   4     0.011        20    5.4   0.0    24    41    48    65    36    82 0.78 transcript=FhHiC23_g3782.t1 gene=FhHiC23_g3782
FhHiC23_g3782.t1     -            224 589773at33208        -             56    0.0098   16.0   1.8   3   4       2.8   4.9e+03   -2.2   0.0     4    14   154   164   152   168 0.78 transcript=FhHiC23_g3782.t1 gene=FhHiC23_g3782
FhHiC23_g3782.t1     -            224 589773at33208        -             56    0.0098   16.0   1.8   4   4      0.74   1.3e+03   -0.4   0.2    20    39   181   200   180   208 0.73 transcript=FhHiC23_g3782.t1 gene=FhHiC23_g3782
FhHiC23_g6855.t1     -            179 589773at33208        -             56     0.029   14.5   0.0   1   2    0.0019       3.3    8.0   0.0     4    26    73    95    70    98 0.88 transcript=FhHiC23_g6855.t1 gene=FhHiC23_g6855
FhHiC23_g6855.t1     -            179 589773at33208        -             56     0.029   14.5   0.0   2   2     0.025        43    4.4   0.0    31    50   121   140   108   145 0.78 transcript=FhHiC23_g6855.t1 gene=FhHiC23_g6855
FhHiC23_g13415.t3    -            465 589773at33208        -             56     0.078   13.2   0.0   1   3       3.2   5.6e+03   -2.4   0.0    25    38   147   160   143   161 0.85 transcript=FhHiC23_g13415.t3 gene=FhHiC23_g13415
FhHiC23_g13415.t3    -            465 589773at33208        -             56     0.078   13.2   0.0   2   3       3.6   6.3e+03   -2.6   0.0     3    16   206   219   205   222 0.85 transcript=FhHiC23_g13415.t3 gene=FhHiC23_g13415
FhHiC23_g13415.t3    -            465 589773at33208        -             56     0.078   13.2   0.0   3   3   0.00035      0.61   10.3   0.0    26    55   247   279   243   280 0.85 transcript=FhHiC23_g13415.t3 gene=FhHiC23_g13415
FhHiC23_g13415.t1    -            469 589773at33208        -             56      0.08   13.1   0.0   1   3       3.2   5.7e+03   -2.4   0.0    25    38   151   164   147   165 0.85 transcript=FhHiC23_g13415.t1 gene=FhHiC23_g13415
FhHiC23_g13415.t1    -            469 589773at33208        -             56      0.08   13.1   0.0   2   3       3.6   6.4e+03   -2.6   0.0     3    16   210   223   209   226 0.85 transcript=FhHiC23_g13415.t1 gene=FhHiC23_g13415
FhHiC23_g13415.t1    -            469 589773at33208        -             56      0.08   13.1   0.0   3   3   0.00035      0.62   10.3   0.0    26    55   251   283   247   284 0.85 transcript=FhHiC23_g13415.t1 gene=FhHiC23_g13415
FhHiC23_g13415.t2    -            474 589773at33208        -             56     0.084   13.1   0.0   1   3       3.3   5.8e+03   -2.4   0.0    25    38   156   169   152   170 0.85 transcript=FhHiC23_g13415.t2 gene=FhHiC23_g13415
FhHiC23_g13415.t2    -            474 589773at33208        -             56     0.084   13.1   0.0   2   3       3.7   6.5e+03   -2.6   0.0     3    16   215   228   214   231 0.85 transcript=FhHiC23_g13415.t2 gene=FhHiC23_g13415
FhHiC23_g13415.t2    -            474 589773at33208        -             56     0.084   13.1   0.0   3   3   0.00035      0.62   10.3   0.0    26    55   256   288   252   289 0.85 transcript=FhHiC23_g13415.t2 gene=FhHiC23_g13415
#
# Program:         hmmsearch
# Version:         3.4 (Aug 2023)
# Pipeline mode:   SEARCH
# Query file:      /users/40483456/busco_datasets/busco_downloads/lineages/metazoa_odb10/hmms/589773at33208.hmm
# Target file:     /users/40483456/protein/fasciola_hepatica.fa
# Option settings: hmmsearch --domtblout /users/40483456/busco/results_pro/fasciola_hepatica_busco/run_metazoa_odb10/hmmer_output/initial_run_results/589773at33208.out --cpu 1 /users/40483456/busco_datasets/busco_downloads/lineages/metazoa_odb10/hmms/589773at33208.hmm /users/40483456/protein/fasciola_hepatica.fa 
# Current dir:     /users/40483456
# Date:            Thu Jan 15 17:42:32 2026
# [ok]
