#                                                                            --- full sequence --- -------------- this domain -------------   hmm coord   ali coord   env coord
# target name        accession   tlen query name           accession   qlen   E-value  score  bias   #  of  c-Evalue  i-Evalue  score  bias  from    to  from    to  from    to  acc description of target
#------------------- ---------- ----- -------------------- ---------- ----- --------- ------ ----- --- --- --------- --------- ------ ----- ----- ----- ----- ----- ----- ----- ---- ---------------------
FhHiC23_g6298.t2     -            105 618339at33208        -             84   2.3e-36  123.7   0.0   1   1     1e-39   3.2e-36  123.3   0.0     1    84     9   101     9   101 0.93 transcript=FhHiC23_g6298.t2 gene=FhHiC23_g6298
FhHiC23_g6298.t1     -             91 618339at33208        -             84   2.5e-29  101.2   0.4   1   1   5.2e-32   1.6e-28   98.6   0.4     1    84     9    87     9    87 0.92 transcript=FhHiC23_g6298.t1 gene=FhHiC23_g6298
FhHiC23_g981.t1      -             76 618339at33208        -             84   1.9e-12   47.1   0.1   1   1   7.6e-16   2.3e-12   46.8   0.1     9    75     7    74     2    76 0.83 transcript=FhHiC23_g981.t1 gene=FhHiC23_g981
FhHiC23_g14404.t1    -             96 618339at33208        -             84   1.3e-08   34.8   0.1   1   1   6.7e-12     2e-08   34.2   0.1    10    75     4    74     2    79 0.87 transcript=FhHiC23_g14404.t1 gene=FhHiC23_g14404
FhHiC23_g2013.t1     -             83 618339at33208        -             84   7.9e-06   25.9   0.0   1   1   3.3e-09   9.9e-06   25.6   0.0     9    50    21    63    17    81 0.87 transcript=FhHiC23_g2013.t1 gene=FhHiC23_g2013
FhHiC23_g16304.t1    -            216 618339at33208        -             84   1.1e-05   25.4   0.0   1   1   5.1e-08   0.00015   21.8   0.0    10    68    23    93    16   100 0.68 transcript=FhHiC23_g16304.t1 gene=FhHiC23_g16304
FhHiC23_g7304.t1     -             78 618339at33208        -             84   0.00081   19.5   0.0   1   1     3e-07    0.0009   19.3   0.0    14    72    14    73     2    77 0.81 transcript=FhHiC23_g7304.t1 gene=FhHiC23_g7304
#
# Program:         hmmsearch
# Version:         3.4 (Aug 2023)
# Pipeline mode:   SEARCH
# Query file:      /users/40483456/busco_datasets/busco_downloads/lineages/metazoa_odb10/hmms/618339at33208.hmm
# Target file:     /users/40483456/protein/fasciola_hepatica.fa
# Option settings: hmmsearch --domtblout /users/40483456/busco/results_pro/fasciola_hepatica_busco/run_metazoa_odb10/hmmer_output/initial_run_results/618339at33208.out --cpu 1 /users/40483456/busco_datasets/busco_downloads/lineages/metazoa_odb10/hmms/618339at33208.hmm /users/40483456/protein/fasciola_hepatica.fa 
# Current dir:     /users/40483456
# Date:            Thu Jan 15 17:42:32 2026
# [ok]
