#                                                                            --- full sequence --- -------------- this domain -------------   hmm coord   ali coord   env coord
# target name        accession   tlen query name           accession   qlen   E-value  score  bias   #  of  c-Evalue  i-Evalue  score  bias  from    to  from    to  from    to  acc description of target
#------------------- ---------- ----- -------------------- ---------- ----- --------- ------ ----- --- --- --------- --------- ------ ----- ----- ----- ----- ----- ----- ----- ---- ---------------------
FhHiC23_g4241.t2     -           1622 76852at33208         -            955    2e-157  526.0  11.2   1   8   1.9e-35     2e-31  108.9   0.1    83   194    10   127     2   138 0.90 transcript=FhHiC23_g4241.t2 gene=FhHiC23_g4241
FhHiC23_g4241.t2     -           1622 76852at33208         -            955    2e-157  526.0  11.2   2   8   3.7e-24   3.9e-20   71.6   0.1   203   277   227   301   223   312 0.90 transcript=FhHiC23_g4241.t2 gene=FhHiC23_g4241
FhHiC23_g4241.t2     -           1622 76852at33208         -            955    2e-157  526.0  11.2   3   8   7.4e-92   7.8e-88  295.6   3.4   277   519   372   624   365   642 0.92 transcript=FhHiC23_g4241.t2 gene=FhHiC23_g4241
FhHiC23_g4241.t2     -           1622 76852at33208         -            955    2e-157  526.0  11.2   4   8     1e-11   1.1e-07   30.4   0.0   553   605   774   827   759   833 0.82 transcript=FhHiC23_g4241.t2 gene=FhHiC23_g4241
FhHiC23_g4241.t2     -           1622 76852at33208         -            955    2e-157  526.0  11.2   5   8      0.22   2.3e+03   -3.8   0.0   602   639   854   898   851   910 0.75 transcript=FhHiC23_g4241.t2 gene=FhHiC23_g4241
FhHiC23_g4241.t2     -           1622 76852at33208         -            955    2e-157  526.0  11.2   6   8   3.8e-07     0.004   15.3   0.0   666   729   989  1055   959  1079 0.79 transcript=FhHiC23_g4241.t2 gene=FhHiC23_g4241
FhHiC23_g4241.t2     -           1622 76852at33208         -            955    2e-157  526.0  11.2   7   8     0.091   9.6e+02   -2.5   0.0   717   740  1101  1124  1095  1127 0.82 transcript=FhHiC23_g4241.t2 gene=FhHiC23_g4241
FhHiC23_g4241.t2     -           1622 76852at33208         -            955    2e-157  526.0  11.2   8   8    0.0061        65    1.4   0.0   743   814  1157  1243  1152  1252 0.73 transcript=FhHiC23_g4241.t2 gene=FhHiC23_g4241
FhHiC23_g4241.t1     -           1637 76852at33208         -            955  4.2e-157  524.9  12.1   1   8   1.9e-35     2e-31  108.9   0.1    83   194    10   127     2   138 0.90 transcript=FhHiC23_g4241.t1 gene=FhHiC23_g4241
FhHiC23_g4241.t1     -           1637 76852at33208         -            955  4.2e-157  524.9  12.1   2   8   3.8e-24     4e-20   71.6   0.1   203   277   227   301   223   312 0.90 transcript=FhHiC23_g4241.t1 gene=FhHiC23_g4241
FhHiC23_g4241.t1     -           1637 76852at33208         -            955  4.2e-157  524.9  12.1   3   8   1.4e-91   1.5e-87  294.7   4.3   277   519   372   624   365   641 0.92 transcript=FhHiC23_g4241.t1 gene=FhHiC23_g4241
FhHiC23_g4241.t1     -           1637 76852at33208         -            955  4.2e-157  524.9  12.1   4   8   1.1e-11   1.1e-07   30.4   0.0   553   605   789   842   774   848 0.82 transcript=FhHiC23_g4241.t1 gene=FhHiC23_g4241
FhHiC23_g4241.t1     -           1637 76852at33208         -            955  4.2e-157  524.9  12.1   5   8      0.22   2.4e+03   -3.8   0.0   602   639   869   913   866   925 0.75 transcript=FhHiC23_g4241.t1 gene=FhHiC23_g4241
FhHiC23_g4241.t1     -           1637 76852at33208         -            955  4.2e-157  524.9  12.1   6   8   3.8e-07     0.004   15.3   0.0   666   729  1004  1070   974  1094 0.79 transcript=FhHiC23_g4241.t1 gene=FhHiC23_g4241
FhHiC23_g4241.t1     -           1637 76852at33208         -            955  4.2e-157  524.9  12.1   7   8     0.092   9.7e+02   -2.5   0.0   717   740  1116  1139  1110  1142 0.82 transcript=FhHiC23_g4241.t1 gene=FhHiC23_g4241
FhHiC23_g4241.t1     -           1637 76852at33208         -            955  4.2e-157  524.9  12.1   8   8    0.0062        66    1.3   0.0   743   814  1172  1258  1167  1267 0.73 transcript=FhHiC23_g4241.t1 gene=FhHiC23_g4241
#
# Program:         hmmsearch
# Version:         3.4 (Aug 2023)
# Pipeline mode:   SEARCH
# Query file:      /users/40483456/busco_datasets/busco_downloads/lineages/metazoa_odb10/hmms/76852at33208.hmm
# Target file:     /users/40483456/protein/fasciola_hepatica.fa
# Option settings: hmmsearch --domtblout /users/40483456/busco/results_pro/fasciola_hepatica_busco/run_metazoa_odb10/hmmer_output/initial_run_results/76852at33208.out --cpu 1 /users/40483456/busco_datasets/busco_downloads/lineages/metazoa_odb10/hmms/76852at33208.hmm /users/40483456/protein/fasciola_hepatica.fa 
# Current dir:     /users/40483456
# Date:            Thu Jan 15 17:42:42 2026
# [ok]
