#                                                                            --- full sequence --- -------------- this domain -------------   hmm coord   ali coord   env coord
# target name        accession   tlen query name           accession   qlen   E-value  score  bias   #  of  c-Evalue  i-Evalue  score  bias  from    to  from    to  from    to  acc description of target
#------------------- ---------- ----- -------------------- ---------- ----- --------- ------ ----- --- --- --------- --------- ------ ----- ----- ----- ----- ----- ----- ----- ---- ---------------------
Smp_084540.1         -            664 334272at33208        -            346     1e-57  194.7  47.5   1   4   1.5e-23   1.1e-20   73.0  11.6    18    88    79   149    69   159 0.92 transcript=Smp_084540.1 gene=Smp_084540
Smp_084540.1         -            664 334272at33208        -            346     1e-57  194.7  47.5   2   4     1e-25   7.3e-23   80.2   0.3   112   233   337   469   295   480 0.82 transcript=Smp_084540.1 gene=Smp_084540
Smp_084540.1         -            664 334272at33208        -            346     1e-57  194.7  47.5   3   4   1.5e-08   1.1e-05   23.7   0.6   233   278   499   544   490   551 0.91 transcript=Smp_084540.1 gene=Smp_084540
Smp_084540.1         -            664 334272at33208        -            346     1e-57  194.7  47.5   4   4   1.2e-13   8.7e-11   40.4   0.1   284   326   576   619   571   640 0.90 transcript=Smp_084540.1 gene=Smp_084540
Smp_126850.1         -            900 334272at33208        -            346   2.5e-14   52.1  20.8   1   5      0.42   3.1e+02   -0.8   0.0    88   130   417   459   402   474 0.74 transcript=Smp_126850.1 gene=Smp_126850
Smp_126850.1         -            900 334272at33208        -            346   2.5e-14   52.1  20.8   2   5   2.9e-11   2.1e-08   32.6   8.3    34   111   481   558   468   578 0.89 transcript=Smp_126850.1 gene=Smp_126850
Smp_126850.1         -            900 334272at33208        -            346   2.5e-14   52.1  20.8   3   5       1.4   9.8e+02   -2.5   0.0   239   256   705   722   682   735 0.65 transcript=Smp_126850.1 gene=Smp_126850
Smp_126850.1         -            900 334272at33208        -            346   2.5e-14   52.1  20.8   4   5    0.0019       1.4    6.9   0.2   255   283   766   794   759   808 0.78 transcript=Smp_126850.1 gene=Smp_126850
Smp_126850.1         -            900 334272at33208        -            346   2.5e-14   52.1  20.8   5   5   6.1e-07   0.00044   18.4   0.1   294   325   829   861   825   876 0.85 transcript=Smp_126850.1 gene=Smp_126850
Smp_080850.1         -            608 334272at33208        -            346   7.5e-11   40.6   0.3   1   2       3.5   2.6e+03   -3.8   0.3    98   121   323   346   307   364 0.52 transcript=Smp_080850.1 gene=Smp_080850
Smp_080850.1         -            608 334272at33208        -            346   7.5e-11   40.6   0.3   2   2     1e-13   7.5e-11   40.6   0.3    35    88   416   469   393   515 0.74 transcript=Smp_080850.1 gene=Smp_080850
Smp_049000.1         -            427 334272at33208        -            346   2.3e-08   32.5   0.1   1   1   9.2e-11   6.7e-08   31.0   0.1   292   326   342   377   324   385 0.87 transcript=Smp_049000.1 gene=Smp_049000
Smp_083150.1         -            286 334272at33208        -            346   2.5e-07   29.1   0.1   1   1     5e-10   3.7e-07   28.5   0.1   285   328    56   100    24   117 0.75 transcript=Smp_083150.1 gene=Smp_083150
Smp_131680.2         -            552 334272at33208        -            346   6.9e-07   27.6   0.0   1   1   2.7e-09     2e-06   26.1   0.0   274   327   491   545   470   549 0.85 transcript=Smp_131680.2 gene=Smp_131680
Smp_131680.1         -            629 334272at33208        -            346   8.2e-07   27.4   0.0   1   1   3.2e-09   2.3e-06   25.9   0.0   274   327   568   622   547   626 0.85 transcript=Smp_131680.1 gene=Smp_131680
Smp_010140.1         -            280 334272at33208        -            346   9.6e-07   27.2   0.3   1   2   1.3e-09   9.6e-07   27.2   0.3   274   328     4    59     2    67 0.86 transcript=Smp_010140.1 gene=Smp_010140
Smp_010140.1         -            280 334272at33208        -            346   9.6e-07   27.2   0.3   2   2       1.9   1.4e+03   -2.9   0.1    91   111   218   238   203   262 0.59 transcript=Smp_010140.1 gene=Smp_010140
Smp_137380.1         -            276 334272at33208        -            346   3.8e-05   21.9   0.0   1   2       0.8   5.8e+02   -1.7   0.5   236   260     8    32     2    55 0.67 transcript=Smp_137380.1 gene=Smp_137380
Smp_137380.1         -            276 334272at33208        -            346   3.8e-05   21.9   0.0   2   2   5.2e-08   3.8e-05   21.9   0.0   134   192   177   244   163   260 0.81 transcript=Smp_137380.1 gene=Smp_137380
Smp_327460.1         -            197 334272at33208        -            346    0.0014   16.8   0.0   1   1   2.6e-06    0.0019   16.3   0.0   251   329    12    88     3   109 0.79 transcript=Smp_327460.1 gene=Smp_327460
Smp_349930.1         -             78 334272at33208        -            346    0.0015   16.6   0.1   1   1   2.2e-06    0.0016   16.6   0.1   296   326    21    52     7    59 0.87 transcript=Smp_349930.1 gene=Smp_349930
Smp_343320.1         -            863 334272at33208        -            346    0.0017   16.5   0.1   1   2     9e-06    0.0065   14.5   0.1   294   326   166   199   134   206 0.82 transcript=Smp_343320.1 gene=Smp_343320
Smp_343320.1         -            863 334272at33208        -            346    0.0017   16.5   0.1   2   2      0.66   4.8e+02   -1.5   0.0    24    70   796   841   794   850 0.64 transcript=Smp_343320.1 gene=Smp_343320
Smp_161750.1         -            473 334272at33208        -            346    0.0023   16.0   0.4   1   1   5.8e-06    0.0043   15.2   0.4   297   344   289   337   258   339 0.79 transcript=Smp_161750.1 gene=Smp_161750
Smp_122730.1         -            932 334272at33208        -            346    0.0089   14.1   0.1   1   1   2.2e-05     0.016   13.3   0.1   297   329    22    55    10    75 0.84 transcript=Smp_122730.1 gene=Smp_122730
Smp_327450.1         -            138 334272at33208        -            346     0.021   12.9   0.1   1   1   3.6e-05     0.026   12.6   0.1   302   329     1    29     1    51 0.81 transcript=Smp_327450.1 gene=Smp_327450
#
# Program:         hmmsearch
# Version:         3.4 (Aug 2023)
# Pipeline mode:   SEARCH
# Query file:      /users/40483456/busco_datasets/busco_downloads/lineages/metazoa_odb10/hmms/334272at33208.hmm
# Target file:     /users/40483456/protein/schistosoma_mansoni.fa
# Option settings: hmmsearch --domtblout /users/40483456/busco/results_pro/schistosoma_mansoni_busco/run_metazoa_odb10/hmmer_output/initial_run_results/334272at33208.out --cpu 1 /users/40483456/busco_datasets/busco_downloads/lineages/metazoa_odb10/hmms/334272at33208.hmm /users/40483456/protein/schistosoma_mansoni.fa 
# Current dir:     /users/40483456
# Date:            Thu Jan 15 17:53:55 2026
# [ok]
