#                                                                            --- full sequence --- -------------- this domain -------------   hmm coord   ali coord   env coord
# target name        accession   tlen query name           accession   qlen   E-value  score  bias   #  of  c-Evalue  i-Evalue  score  bias  from    to  from    to  from    to  acc description of target
#------------------- ---------- ----- -------------------- ---------- ----- --------- ------ ----- --- --- --------- --------- ------ ----- ----- ----- ----- ----- ----- ----- ---- ---------------------
Smp_246300.1         -            464 453052at33208        -            334   2.3e-50  170.8  13.2   1   3   1.2e-11   1.2e-09   37.0   6.0    11   107    34   149    16   153 0.70 transcript=Smp_246300.1 gene=Smp_246300
Smp_246300.1         -            464 453052at33208        -            334   2.3e-50  170.8  13.2   2   3   1.6e-27   1.5e-25   89.2   0.7   103   283   169   385   165   394 0.79 transcript=Smp_246300.1 gene=Smp_246300
Smp_246300.1         -            464 453052at33208        -            334   2.3e-50  170.8  13.2   3   3     1e-13     1e-11   43.8   0.0   277   334   404   461   394   461 0.94 transcript=Smp_246300.1 gene=Smp_246300
Smp_129340.1         -            450 453052at33208        -            334   3.2e-36  124.3   9.7   1   5     1e-05   0.00097   17.5   0.0   126   162   116   152   112   157 0.92 transcript=Smp_129340.1 gene=Smp_129340
Smp_129340.1         -            450 453052at33208        -            334   3.2e-36  124.3   9.7   2   5   1.2e-05    0.0012   17.3   0.0   126   160   158   192   154   194 0.95 transcript=Smp_129340.1 gene=Smp_129340
Smp_129340.1         -            450 453052at33208        -            334   3.2e-36  124.3   9.7   3   5   5.1e-16     5e-14   51.3   0.3   120   220   194   298   193   312 0.90 transcript=Smp_129340.1 gene=Smp_129340
Smp_129340.1         -            450 453052at33208        -            334   3.2e-36  124.3   9.7   4   5      0.11        10    4.3   0.0   146   162   350   366   333   377 0.69 transcript=Smp_129340.1 gene=Smp_129340
Smp_129340.1         -            450 453052at33208        -            334   3.2e-36  124.3   9.7   5   5   8.2e-12     8e-10   37.5   0.2   126   201   372   448   365   450 0.90 transcript=Smp_129340.1 gene=Smp_129340
Smp_341320.1         -            466 453052at33208        -            334   9.5e-32  109.6   1.2   1   5   5.7e-07   5.6e-05   21.6   0.0   127   162     9    44     5    50 0.92 transcript=Smp_341320.1 gene=Smp_341320
Smp_341320.1         -            466 453052at33208        -            334   9.5e-32  109.6   1.2   2   5   5.9e-05    0.0057   15.0   0.0   126   159    50    83    46    89 0.94 transcript=Smp_341320.1 gene=Smp_341320
Smp_341320.1         -            466 453052at33208        -            334   9.5e-32  109.6   1.2   3   5     4e-06   0.00039   18.8   0.5   126   175    92   141    86   146 0.92 transcript=Smp_341320.1 gene=Smp_341320
Smp_341320.1         -            466 453052at33208        -            334   9.5e-32  109.6   1.2   4   5   1.4e-08   1.4e-06   26.9   0.1   127   203   135   212   131   217 0.90 transcript=Smp_341320.1 gene=Smp_341320
Smp_341320.1         -            466 453052at33208        -            334   9.5e-32  109.6   1.2   5   5   4.1e-08     4e-06   25.3   0.0   124   202   216   295   211   307 0.90 transcript=Smp_341320.1 gene=Smp_341320
Smp_341320.2         -            480 453052at33208        -            334   1.1e-31  109.3   1.2   1   5   5.9e-07   5.8e-05   21.5   0.0   127   162     9    44     5    50 0.92 transcript=Smp_341320.2 gene=Smp_341320
Smp_341320.2         -            480 453052at33208        -            334   1.1e-31  109.3   1.2   2   5   6.1e-05     0.006   14.9   0.0   126   159    50    83    46    89 0.94 transcript=Smp_341320.2 gene=Smp_341320
Smp_341320.2         -            480 453052at33208        -            334   1.1e-31  109.3   1.2   3   5   4.2e-06   0.00041   18.8   0.5   126   175    92   141    86   146 0.92 transcript=Smp_341320.2 gene=Smp_341320
Smp_341320.2         -            480 453052at33208        -            334   1.1e-31  109.3   1.2   4   5   1.5e-08   1.4e-06   26.8   0.1   127   203   135   212   131   217 0.90 transcript=Smp_341320.2 gene=Smp_341320
Smp_341320.2         -            480 453052at33208        -            334   1.1e-31  109.3   1.2   5   5   4.3e-08   4.2e-06   25.3   0.0   124   202   216   295   211   307 0.90 transcript=Smp_341320.2 gene=Smp_341320
Smp_104870.1         -            442 453052at33208        -            334   4.1e-30  104.2   6.6   1   5       6.4   6.2e+02   -1.6   0.0   132   154     6    30     4    36 0.83 transcript=Smp_104870.1 gene=Smp_104870
Smp_104870.1         -            442 453052at33208        -            334   4.1e-30  104.2   6.6   2   5    0.0034      0.34    9.2   0.0   122   162   122   162   120   166 0.89 transcript=Smp_104870.1 gene=Smp_104870
Smp_104870.1         -            442 453052at33208        -            334   4.1e-30  104.2   6.6   3   5   4.9e-12   4.8e-10   38.3   0.2   127   204   169   247   165   251 0.91 transcript=Smp_104870.1 gene=Smp_104870
Smp_104870.1         -            442 453052at33208        -            334   4.1e-30  104.2   6.6   4   5   2.4e-09   2.3e-07   29.4   0.0   125   201   293   368   289   376 0.93 transcript=Smp_104870.1 gene=Smp_104870
Smp_104870.1         -            442 453052at33208        -            334   4.1e-30  104.2   6.6   5   5   0.00088     0.086   11.1   0.0   134   169   392   427   387   431 0.91 transcript=Smp_104870.1 gene=Smp_104870
Smp_000600.1         -            587 453052at33208        -            334   5.3e-30  103.9   1.1   1   4    0.0007     0.069   11.4   0.0   127   164   147   184   128   227 0.79 transcript=Smp_000600.1 gene=Smp_000600
Smp_000600.1         -            587 453052at33208        -            334   5.3e-30  103.9   1.1   2   4   3.9e-13   3.8e-11   41.9   0.0   117   247   280   425   272   429 0.79 transcript=Smp_000600.1 gene=Smp_000600
Smp_000600.1         -            587 453052at33208        -            334   5.3e-30  103.9   1.1   3   4   3.2e-12   3.2e-10   38.8   0.3   127   204   427   505   422   532 0.91 transcript=Smp_000600.1 gene=Smp_000600
Smp_000600.1         -            587 453052at33208        -            334   5.3e-30  103.9   1.1   4   4      0.02         2    6.6   0.0   125   160   551   586   546   587 0.91 transcript=Smp_000600.1 gene=Smp_000600
Smp_046750.1         -            307 453052at33208        -            334     6e-30  103.7   9.3   1   4   1.2e-10   1.1e-08   33.7   1.8   127   203    13    90     4    92 0.93 transcript=Smp_046750.1 gene=Smp_046750
Smp_046750.1         -            307 453052at33208        -            334     6e-30  103.7   9.3   2   4   2.7e-10   2.6e-08   32.6   0.3   127   202    55   131    51   131 0.93 transcript=Smp_046750.1 gene=Smp_046750
Smp_046750.1         -            307 453052at33208        -            334     6e-30  103.7   9.3   3   4   3.4e-12   3.3e-10   38.8   0.0   124   253    94   229    91   243 0.81 transcript=Smp_046750.1 gene=Smp_046750
Smp_046750.1         -            307 453052at33208        -            334     6e-30  103.7   9.3   4   4   4.6e-07   4.5e-05   21.9   0.1   143   200   243   303   220   306 0.76 transcript=Smp_046750.1 gene=Smp_046750
Smp_080320.1         -            446 453052at33208        -            334   3.1e-29  101.3   4.9   1   4     1e-10     1e-08   33.9   0.0   124   239    84   205    71   206 0.78 transcript=Smp_080320.1 gene=Smp_080320
Smp_080320.1         -            446 453052at33208        -            334   3.1e-29  101.3   4.9   2   4   0.00017     0.017   13.4   0.0   126   181   171   227   166   241 0.81 transcript=Smp_080320.1 gene=Smp_080320
Smp_080320.1         -            446 453052at33208        -            334   3.1e-29  101.3   4.9   3   4   4.2e-05    0.0041   15.5   0.0   124   161   320   357   316   361 0.95 transcript=Smp_080320.1 gene=Smp_080320
Smp_080320.1         -            446 453052at33208        -            334   3.1e-29  101.3   4.9   4   4   2.1e-09   2.1e-07   29.6   0.0   125   201   369   446   366   446 0.93 transcript=Smp_080320.1 gene=Smp_080320
Smp_099930.1         -            844 453052at33208        -            334   9.7e-28   96.4   5.8   1   4      0.56        55    1.9   0.0   144   201   375   391   359   417 0.62 transcript=Smp_099930.1 gene=Smp_099930
Smp_099930.1         -            844 453052at33208        -            334   9.7e-28   96.4   5.8   2   4   5.5e-06   0.00054   18.4   0.1   124   201   455   529   450   531 0.85 transcript=Smp_099930.1 gene=Smp_099930
Smp_099930.1         -            844 453052at33208        -            334   9.7e-28   96.4   5.8   3   4   2.2e-20   2.2e-18   65.7   0.2   127   241   542   655   537   663 0.84 transcript=Smp_099930.1 gene=Smp_099930
Smp_099930.1         -            844 453052at33208        -            334   9.7e-28   96.4   5.8   4   4    0.0082       0.8    7.9   0.0   125   162   669   704   666   708 0.90 transcript=Smp_099930.1 gene=Smp_099930
Smp_050470.1         -            929 453052at33208        -            334   1.3e-27   96.0  13.9   1   4      0.36        35    2.5   0.0   129   161   100   132    94   140 0.89 transcript=Smp_050470.1 gene=Smp_050470
Smp_050470.1         -            929 453052at33208        -            334   1.3e-27   96.0  13.9   2   4   4.2e-08   4.1e-06   25.3   0.1   129   202   143   218   136   232 0.87 transcript=Smp_050470.1 gene=Smp_050470
Smp_050470.1         -            929 453052at33208        -            334   1.3e-27   96.0  13.9   3   4   7.9e-13   7.7e-11   40.9   4.1    74   206   423   571   409   576 0.73 transcript=Smp_050470.1 gene=Smp_050470
Smp_050470.1         -            929 453052at33208        -            334   1.3e-27   96.0  13.9   4   4   8.6e-10   8.4e-08   30.9   0.0   127   205   577   656   572   712 0.87 transcript=Smp_050470.1 gene=Smp_050470
Smp_245450.1         -           1306 453052at33208        -            334   3.1e-27   94.8   0.8   1   4   8.2e-07     8e-05   21.1   0.0   125   204     4    84     1    91 0.91 transcript=Smp_245450.1 gene=Smp_245450
Smp_245450.1         -           1306 453052at33208        -            334   3.1e-27   94.8   0.8   2   4   1.8e-10   1.8e-08   33.1   0.3   125   203    88   167    85   190 0.89 transcript=Smp_245450.1 gene=Smp_245450
Smp_245450.1         -           1306 453052at33208        -            334   3.1e-27   94.8   0.8   3   4    0.0054      0.53    8.5   0.0   126   164   220   258   216   263 0.92 transcript=Smp_245450.1 gene=Smp_245450
Smp_245450.1         -           1306 453052at33208        -            334   3.1e-27   94.8   0.8   4   4     8e-09   7.8e-07   27.7   0.0   125   205   263   343   259   352 0.87 transcript=Smp_245450.1 gene=Smp_245450
Smp_025100.1         -            367 453052at33208        -            334   1.3e-23   82.9   2.2   1   4   1.3e-07   1.3e-05   23.7   0.1   103   176    75   159    71   159 0.87 transcript=Smp_025100.1 gene=Smp_025100
Smp_025100.1         -            367 453052at33208        -            334   1.3e-23   82.9   2.2   2   4   4.1e-10     4e-08   31.9   0.1   124   203   149   229   147   237 0.91 transcript=Smp_025100.1 gene=Smp_025100
Smp_025100.1         -            367 453052at33208        -            334   1.3e-23   82.9   2.2   3   4   3.4e-08   3.3e-06   25.6   0.1   125   210   234   327   228   328 0.78 transcript=Smp_025100.1 gene=Smp_025100
Smp_025100.1         -            367 453052at33208        -            334   1.3e-23   82.9   2.2   4   4   0.00012     0.012   14.0   0.1   126   178   281   337   277   362 0.72 transcript=Smp_025100.1 gene=Smp_025100
Smp_098760.1         -            689 453052at33208        -            334   3.9e-22   78.0   0.6   1   4    0.0017      0.17   10.2   0.0   125   163   335   373   332   377 0.93 transcript=Smp_098760.1 gene=Smp_098760
Smp_098760.1         -            689 453052at33208        -            334   3.9e-22   78.0   0.6   2   4     0.003      0.29    9.4   0.0    97   161   397   470   387   475 0.82 transcript=Smp_098760.1 gene=Smp_098760
Smp_098760.1         -            689 453052at33208        -            334   3.9e-22   78.0   0.6   3   4   6.4e-11   6.3e-09   34.6   0.1    98   203   489   605   473   610 0.80 transcript=Smp_098760.1 gene=Smp_098760
Smp_098760.1         -            689 453052at33208        -            334   3.9e-22   78.0   0.6   4   4   1.1e-05    0.0011   17.4   0.0   128   199   613   684   606   688 0.94 transcript=Smp_098760.1 gene=Smp_098760
Smp_136010.1         -           1010 453052at33208        -            334   1.2e-21   76.4   8.6   1   6     1e-09   9.9e-08   30.6   0.1   119   206   134   228   114   239 0.79 transcript=Smp_136010.1 gene=Smp_136010
Smp_136010.1         -           1010 453052at33208        -            334   1.2e-21   76.4   8.6   2   6       1.6   1.5e+02    0.4   0.0   134   167   271   305   259   325 0.82 transcript=Smp_136010.1 gene=Smp_136010
Smp_136010.1         -           1010 453052at33208        -            334   1.2e-21   76.4   8.6   3   6      0.59        58    1.8   0.1   128   171   415   457   407   467 0.84 transcript=Smp_136010.1 gene=Smp_136010
Smp_136010.1         -           1010 453052at33208        -            334   1.2e-21   76.4   8.6   4   6     0.014       1.4    7.2   0.0   223   285   491   553   481   558 0.80 transcript=Smp_136010.1 gene=Smp_136010
Smp_136010.1         -           1010 453052at33208        -            334   1.2e-21   76.4   8.6   5   6   3.6e-11   3.5e-09   35.4   0.2   133   264   576   709   571   730 0.77 transcript=Smp_136010.1 gene=Smp_136010
Smp_136010.1         -           1010 453052at33208        -            334   1.2e-21   76.4   8.6   6   6       7.1     7e+02   -1.7   0.0   190   206   756   772   752   792 0.70 transcript=Smp_136010.1 gene=Smp_136010
Smp_047540.1         -            596 453052at33208        -            334   1.8e-21   75.8   9.2   1   5   1.2e-05    0.0012   17.2   0.0   125   177   202   254   199   262 0.85 transcript=Smp_047540.1 gene=Smp_047540
Smp_047540.1         -            596 453052at33208        -            334   1.8e-21   75.8   9.2   2   5   6.9e-11   6.7e-09   34.5   0.8   147   241   318   419   313   420 0.82 transcript=Smp_047540.1 gene=Smp_047540
Smp_047540.1         -            596 453052at33208        -            334   1.8e-21   75.8   9.2   3   5   6.1e-06    0.0006   18.2   0.0   127   170   386   427   382   431 0.72 transcript=Smp_047540.1 gene=Smp_047540
Smp_047540.1         -            596 453052at33208        -            334   1.8e-21   75.8   9.2   4   5       2.6   2.5e+02   -0.3   0.0    79   136   432   489   425   500 0.85 transcript=Smp_047540.1 gene=Smp_047540
Smp_047540.1         -            596 453052at33208        -            334   1.8e-21   75.8   9.2   5   5     2e-07   1.9e-05   23.1   0.2   145   200   537   591   527   594 0.85 transcript=Smp_047540.1 gene=Smp_047540
Smp_017750.1         -            873 453052at33208        -            334   3.3e-21   74.9   4.7   1   3   1.2e-05    0.0012   17.2   0.0   119   200     2    89     1    95 0.80 transcript=Smp_017750.1 gene=Smp_017750
Smp_017750.1         -            873 453052at33208        -            334   3.3e-21   74.9   4.7   2   3   5.3e-12   5.2e-10   38.1   2.6   124   243    96   233    94   236 0.71 transcript=Smp_017750.1 gene=Smp_017750
Smp_017750.1         -            873 453052at33208        -            334   3.3e-21   74.9   4.7   3   3   8.9e-08   8.7e-06   24.2   0.0   125   241   195   323   183   332 0.74 transcript=Smp_017750.1 gene=Smp_017750
Smp_245380.1         -            656 453052at33208        -            334     6e-21   74.1   6.8   1   3   2.1e-07     2e-05   23.1   0.4   170   287    56   187    25   220 0.70 transcript=Smp_245380.1 gene=Smp_245380
Smp_245380.1         -            656 453052at33208        -            334     6e-21   74.1   6.8   2   3   8.6e-06   0.00084   17.7   0.0   134   284   299   454   286   462 0.69 transcript=Smp_245380.1 gene=Smp_245380
Smp_245380.1         -            656 453052at33208        -            334     6e-21   74.1   6.8   3   3   3.1e-10   3.1e-08   32.3   0.3   126   286   488   652   482   655 0.87 transcript=Smp_245380.1 gene=Smp_245380
Smp_030320.1         -            812 453052at33208        -            334   6.7e-21   73.9   8.8   1   3   4.3e-07   4.2e-05   22.0   0.1    71   178   281   386   275   398 0.79 transcript=Smp_030320.1 gene=Smp_030320
Smp_030320.1         -            812 453052at33208        -            334   6.7e-21   73.9   8.8   2   3       0.1        10    4.3   0.0   185   217   513   546   474   555 0.82 transcript=Smp_030320.1 gene=Smp_030320
Smp_030320.1         -            812 453052at33208        -            334   6.7e-21   73.9   8.8   3   3   3.8e-13   3.7e-11   41.9   2.7    74   239   561   713   553   720 0.48 transcript=Smp_030320.1 gene=Smp_030320
Smp_334750.1         -            902 453052at33208        -            334   3.1e-20   71.8   1.7   1   3      0.11        11    4.3   0.0   132   162    23    53    18    57 0.89 transcript=Smp_334750.1 gene=Smp_334750
Smp_334750.1         -            902 453052at33208        -            334   3.1e-20   71.8   1.7   2   3   2.7e-12   2.6e-10   39.1   0.1   125   220    60   156    54   183 0.86 transcript=Smp_334750.1 gene=Smp_334750
Smp_334750.1         -            902 453052at33208        -            334   3.1e-20   71.8   1.7   3   3   3.5e-08   3.4e-06   25.6   0.1   127   214   197   285   182   326 0.80 transcript=Smp_334750.1 gene=Smp_334750
Smp_063640.1         -            340 453052at33208        -            334   3.8e-20   71.5   0.0   1   2   3.9e-10   3.8e-08   32.0   0.0   126   241    49   172    40   179 0.83 transcript=Smp_063640.1 gene=Smp_063640
Smp_063640.1         -            340 453052at33208        -            334   3.8e-20   71.5   0.0   2   2   4.8e-11   4.7e-09   35.0   0.0   124   281   176   339   171   340 0.77 transcript=Smp_063640.1 gene=Smp_063640
Smp_094480.1         -            376 453052at33208        -            334   3.8e-20   71.5   4.2   1   3   2.5e-11   2.4e-09   35.9   0.2   124   245    79   208    73   211 0.81 transcript=Smp_094480.1 gene=Smp_094480
Smp_094480.1         -            376 453052at33208        -            334   3.8e-20   71.5   4.2   2   3   2.3e-05    0.0023   16.3   0.0   126   161   210   246   207   250 0.93 transcript=Smp_094480.1 gene=Smp_094480
Smp_094480.1         -            376 453052at33208        -            334   3.8e-20   71.5   4.2   3   3   1.4e-06   0.00014   20.3   0.2   124   239   251   374   247   376 0.74 transcript=Smp_094480.1 gene=Smp_094480
Smp_139250.1         -            374 453052at33208        -            334   9.7e-20   70.1  11.0   1   3   1.7e-07   1.7e-05   23.3   2.0    71   239    20   137    17   140 0.40 transcript=Smp_139250.1 gene=Smp_139250
Smp_139250.1         -            374 453052at33208        -            334   9.7e-20   70.1  11.0   2   3   5.4e-15   5.3e-13   48.0   4.3    70   283   106   321    99   327 0.85 transcript=Smp_139250.1 gene=Smp_139250
Smp_139250.1         -            374 453052at33208        -            334   9.7e-20   70.1  11.0   3   3     0.035       3.5    5.9   0.0    61   101   321   361   319   365 0.73 transcript=Smp_139250.1 gene=Smp_139250
Smp_075130.1         -            351 453052at33208        -            334   1.1e-19   70.0   0.8   1   3   0.00019     0.019   13.3   0.0   127   207    58   139    52   148 0.75 transcript=Smp_075130.1 gene=Smp_075130
Smp_075130.1         -            351 453052at33208        -            334   1.1e-19   70.0   0.8   2   3   1.2e-11   1.2e-09   37.0   0.0   128   250   147   276   139   280 0.85 transcript=Smp_075130.1 gene=Smp_075130
Smp_075130.1         -            351 453052at33208        -            334   1.1e-19   70.0   0.8   3   3   1.2e-05    0.0011   17.3   0.0   138   200   287   350   280   351 0.89 transcript=Smp_075130.1 gene=Smp_075130
Smp_032800.1         -            514 453052at33208        -            334   1.4e-19   69.6  12.2   1   3   4.3e-09   4.2e-07   28.6   0.5    78   200   217   334   203   338 0.69 transcript=Smp_032800.1 gene=Smp_032800
Smp_032800.1         -            514 453052at33208        -            334   1.4e-19   69.6  12.2   2   3   3.5e-11   3.4e-09   35.5   1.0   129   239   304   426   297   430 0.78 transcript=Smp_032800.1 gene=Smp_032800
Smp_032800.1         -            514 453052at33208        -            334   1.4e-19   69.6  12.2   3   3   5.1e-09   4.9e-07   28.4   0.2   118   282   335   513   333   514 0.66 transcript=Smp_032800.1 gene=Smp_032800
Smp_102040.1         -            302 453052at33208        -            334   5.3e-18   64.4   0.3   1   2   1.7e-18   1.6e-16   59.5   0.2   124   313    42   242    39   252 0.84 transcript=Smp_102040.1 gene=Smp_102040
Smp_102040.1         -            302 453052at33208        -            334   5.3e-18   64.4   0.3   2   2      0.35        34    2.6   0.0   135   161   275   301   266   302 0.82 transcript=Smp_102040.1 gene=Smp_102040
Smp_010230.1         -            339 453052at33208        -            334   1.3e-17   63.1   0.1   1   2     6e-08   5.8e-06   24.8   0.0   125   241    47   171    39   176 0.83 transcript=Smp_010230.1 gene=Smp_010230
Smp_010230.1         -            339 453052at33208        -            334   1.3e-17   63.1   0.1   2   2   2.2e-10   2.2e-08   32.8   0.0   123   248   174   306   169   338 0.75 transcript=Smp_010230.1 gene=Smp_010230
Smp_336360.1         -            534 453052at33208        -            334   2.6e-17   62.2   0.6   1   2   4.8e-12   4.7e-10   38.3   0.2   116   286   269   451   257   489 0.77 transcript=Smp_336360.1 gene=Smp_336360
Smp_336360.1         -            534 453052at33208        -            334   2.6e-17   62.2   0.6   2   2     2e-06   0.00019   19.8   0.0   121   159   494   532   481   534 0.94 transcript=Smp_336360.1 gene=Smp_336360
Smp_015090.1         -           1023 453052at33208        -            334   3.3e-17   61.8  17.4   1   4    0.0003     0.029   12.7   0.3   175   283    17   128    10   131 0.54 transcript=Smp_015090.1 gene=Smp_015090
Smp_015090.1         -           1023 453052at33208        -            334   3.3e-17   61.8  17.4   2   4     4e-07   3.9e-05   22.1   0.1   122   173   132   184   129   185 0.82 transcript=Smp_015090.1 gene=Smp_015090
Smp_015090.1         -           1023 453052at33208        -            334   3.3e-17   61.8  17.4   3   4   4.8e-11   4.7e-09   35.0   0.0   125   228   178   287   175   313 0.74 transcript=Smp_015090.1 gene=Smp_015090
Smp_015090.1         -           1023 453052at33208        -            334   3.3e-17   61.8  17.4   4   4       8.1   7.9e+02   -1.9   6.8     7    48   952   993   947  1000 0.86 transcript=Smp_015090.1 gene=Smp_015090
Smp_049520.1         -            300 453052at33208        -            334   1.5e-16   59.6   1.8   1   2   0.00096     0.094   11.0   0.1   123   229    51   161    35   172 0.72 transcript=Smp_049520.1 gene=Smp_049520
Smp_049520.1         -            300 453052at33208        -            334   1.5e-16   59.6   1.8   2   2   2.2e-15   2.2e-13   49.3   0.2    87   240   130   299   122   300 0.80 transcript=Smp_049520.1 gene=Smp_049520
Smp_074370.1         -            561 453052at33208        -            334   1.8e-16   59.4   1.5   1   3     0.067       6.5    4.9   0.0   129   161   267   300   260   305 0.81 transcript=Smp_074370.1 gene=Smp_074370
Smp_074370.1         -            561 453052at33208        -            334   1.8e-16   59.4   1.5   2   3   2.9e-06   0.00029   19.3   0.1   125   162   307   344   302   352 0.92 transcript=Smp_074370.1 gene=Smp_074370
Smp_074370.1         -            561 453052at33208        -            334   1.8e-16   59.4   1.5   3   3   2.6e-10   2.5e-08   32.6   0.1   110   281   378   560   372   561 0.79 transcript=Smp_074370.1 gene=Smp_074370
Smp_173580.1         -            764 453052at33208        -            334     2e-16   59.2   0.3   1   3       2.1     2e+02    0.0   0.0   185   204    27    46     8    51 0.78 transcript=Smp_173580.1 gene=Smp_173580
Smp_173580.1         -            764 453052at33208        -            334     2e-16   59.2   0.3   2   3   1.2e-16   1.2e-14   53.4   0.1   125   309    50   245    48   247 0.79 transcript=Smp_173580.1 gene=Smp_173580
Smp_173580.1         -            764 453052at33208        -            334     2e-16   59.2   0.3   3   3       9.2     9e+02   -2.1   0.0   134   171   229   265   225   268 0.85 transcript=Smp_173580.1 gene=Smp_173580
Smp_141040.1         -            870 453052at33208        -            334   8.6e-16   57.1   4.4   1   4     6e-06   0.00058   18.3   0.1   122   164   512   554   509   560 0.94 transcript=Smp_141040.1 gene=Smp_141040
Smp_141040.1         -            870 453052at33208        -            334   8.6e-16   57.1   4.4   2   4       5.9   5.8e+02   -1.5   0.0   122   140   565   583   558   590 0.85 transcript=Smp_141040.1 gene=Smp_141040
Smp_141040.1         -            870 453052at33208        -            334   8.6e-16   57.1   4.4   3   4    0.0011      0.11   10.8   0.0    80   169   597   679   586   701 0.77 transcript=Smp_141040.1 gene=Smp_141040
Smp_141040.1         -            870 453052at33208        -            334   8.6e-16   57.1   4.4   4   4   2.1e-08     2e-06   26.3   0.2   124   195   788   864   775   870 0.77 transcript=Smp_141040.1 gene=Smp_141040
Smp_049890.1         -            355 453052at33208        -            334   1.5e-15   56.3   0.0   1   2   1.5e-08   1.5e-06   26.8   0.0   123   243    18   152     2   156 0.76 transcript=Smp_049890.1 gene=Smp_049890
Smp_049890.1         -            355 453052at33208        -            334   1.5e-15   56.3   0.0   2   2   9.9e-09   9.7e-07   27.4   0.0   124   258   156   295   155   324 0.80 transcript=Smp_049890.1 gene=Smp_049890
Smp_001160.1         -            718 453052at33208        -            334   2.3e-15   55.7  18.0   1   4   4.4e-07   4.3e-05   22.0   0.1   128   203   345   422   340   433 0.89 transcript=Smp_001160.1 gene=Smp_001160
Smp_001160.1         -            718 453052at33208        -            334   2.3e-15   55.7  18.0   2   4   0.00011     0.011   14.1   0.5    86   160   457   531   439   534 0.90 transcript=Smp_001160.1 gene=Smp_001160
Smp_001160.1         -            718 453052at33208        -            334   2.3e-15   55.7  18.0   3   4   0.00059     0.057   11.7   0.0   126   164   539   577   536   582 0.94 transcript=Smp_001160.1 gene=Smp_001160
Smp_001160.1         -            718 453052at33208        -            334   2.3e-15   55.7  18.0   4   4   1.8e-05    0.0018   16.7   0.1   105   159   664   717   628   718 0.89 transcript=Smp_001160.1 gene=Smp_001160
Smp_131230.1         -           1074 453052at33208        -            334   1.9e-14   52.8   5.8   1   3    0.0016      0.16   10.3   0.1   128   165   386   423   371   463 0.86 transcript=Smp_131230.1 gene=Smp_131230
Smp_131230.1         -           1074 453052at33208        -            334   1.9e-14   52.8   5.8   2   3    0.0016      0.16   10.2   0.0   188   247   508   568   494   571 0.72 transcript=Smp_131230.1 gene=Smp_131230
Smp_131230.1         -           1074 453052at33208        -            334   1.9e-14   52.8   5.8   3   3   1.2e-10   1.2e-08   33.7   0.5   125   268   569   714   568   723 0.74 transcript=Smp_131230.1 gene=Smp_131230
Smp_130280.2         -            664 453052at33208        -            334     3e-13   48.8   0.2   1   3       4.5   4.4e+02   -1.1   0.0   211   239   256   285   245   290 0.60 transcript=Smp_130280.2 gene=Smp_130280
Smp_130280.2         -            664 453052at33208        -            334     3e-13   48.8   0.2   2   3      0.76        74    1.5   0.0   213   246   457   490   440   500 0.81 transcript=Smp_130280.2 gene=Smp_130280
Smp_130280.2         -            664 453052at33208        -            334     3e-13   48.8   0.2   3   3   1.2e-13   1.2e-11   43.5   0.1   127   226   506   608   501   642 0.83 transcript=Smp_130280.2 gene=Smp_130280
Smp_212970.1         -            492 453052at33208        -            334   3.9e-13   48.4   0.9   1   4     0.012       1.2    7.4   0.0   147   205   214   280   185   283 0.53 transcript=Smp_212970.1 gene=Smp_212970
Smp_212970.1         -            492 453052at33208        -            334   3.9e-13   48.4   0.9   2   4   0.00059     0.057   11.7   0.0   143   207   259   325   232   360 0.75 transcript=Smp_212970.1 gene=Smp_212970
Smp_212970.1         -            492 453052at33208        -            334   3.9e-13   48.4   0.9   3   4   9.5e-06   0.00093   17.6   0.2   124   200   367   445   320   447 0.50 transcript=Smp_212970.1 gene=Smp_212970
Smp_212970.1         -            492 453052at33208        -            334   3.9e-13   48.4   0.9   4   4   0.00013     0.013   13.9   0.1   110   160   438   488   433   492 0.88 transcript=Smp_212970.1 gene=Smp_212970
Smp_049510.1         -            882 453052at33208        -            334   8.1e-13   47.4   3.1   1   3      0.77        75    1.5   0.1   126   285   139   176   106   181 0.58 transcript=Smp_049510.1 gene=Smp_049510
Smp_049510.1         -            882 453052at33208        -            334   8.1e-13   47.4   3.1   2   3   1.1e-05     0.001   17.4   0.2   122   162   176   216   137   220 0.71 transcript=Smp_049510.1 gene=Smp_049510
Smp_049510.1         -            882 453052at33208        -            334   8.1e-13   47.4   3.1   3   3   2.7e-09   2.6e-07   29.2   0.3   127   276   223   379   218   391 0.81 transcript=Smp_049510.1 gene=Smp_049510
Smp_241860.1         -            446 453052at33208        -            334   8.5e-13   47.3   3.4   1   3   0.00022     0.021   13.1   2.0   185   264   111   199   100   229 0.53 transcript=Smp_241860.1 gene=Smp_241860
Smp_241860.1         -            446 453052at33208        -            334   8.5e-13   47.3   3.4   2   3   0.00041      0.04   12.2   0.0   124   212   255   357   253   358 0.67 transcript=Smp_241860.1 gene=Smp_241860
Smp_241860.1         -            446 453052at33208        -            334   8.5e-13   47.3   3.4   3   3     2e-05    0.0019   16.6   0.1   126   180   356   413   354   446 0.72 transcript=Smp_241860.1 gene=Smp_241860
Smp_032820.1         -            514 453052at33208        -            334   5.5e-12   44.6   0.5   1   2   4.7e-06   0.00045   18.6   0.1    92   162   256   337   248   342 0.79 transcript=Smp_032820.1 gene=Smp_032820
Smp_032820.1         -            514 453052at33208        -            334   5.5e-12   44.6   0.5   2   2   1.8e-06   0.00018   19.9   0.0   124   282   341   513   335   514 0.68 transcript=Smp_032820.1 gene=Smp_032820
Smp_073940.1         -            620 453052at33208        -            334   6.3e-12   44.4   8.2   1   6      0.44        43    2.2   0.0   273   315    76   125    52   137 0.68 transcript=Smp_073940.1 gene=Smp_073940
Smp_073940.1         -            620 453052at33208        -            334   6.3e-12   44.4   8.2   2   6      0.68        66    1.6   0.0   291   309   188   206   167   215 0.69 transcript=Smp_073940.1 gene=Smp_073940
Smp_073940.1         -            620 453052at33208        -            334   6.3e-12   44.4   8.2   3   6      0.49        48    2.1   0.0   215   237   191   214   181   228 0.65 transcript=Smp_073940.1 gene=Smp_073940
Smp_073940.1         -            620 453052at33208        -            334   6.3e-12   44.4   8.2   4   6   7.4e-05    0.0072   14.7   0.0   130   164   230   264   224   313 0.88 transcript=Smp_073940.1 gene=Smp_073940
Smp_073940.1         -            620 453052at33208        -            334   6.3e-12   44.4   8.2   5   6    0.0043      0.42    8.8   0.1   127   199   319   392   311   434 0.72 transcript=Smp_073940.1 gene=Smp_073940
Smp_073940.1         -            620 453052at33208        -            334   6.3e-12   44.4   8.2   6   6   1.5e-05    0.0015   16.9   0.2   130   202   546   620   538   620 0.76 transcript=Smp_073940.1 gene=Smp_073940
Smp_018400.1         -            255 453052at33208        -            334     9e-12   43.9   2.2   1   3   3.2e-07   3.1e-05   22.4   0.1   123   201     2    84     1    89 0.86 transcript=Smp_018400.1 gene=Smp_018400
Smp_018400.1         -            255 453052at33208        -            334     9e-12   43.9   2.2   2   3     2e-06    0.0002   19.8   0.1   122   211    90   187    85   192 0.76 transcript=Smp_018400.1 gene=Smp_018400
Smp_018400.1         -            255 453052at33208        -            334     9e-12   43.9   2.2   3   3       3.6   3.5e+02   -0.7   0.0   271   283   239   251   230   254 0.65 transcript=Smp_018400.1 gene=Smp_018400
Smp_130280.1         -           2647 453052at33208        -            334   1.3e-11   43.4   0.4   1   2       3.8   3.7e+02   -0.8   0.0   213   246  2440  2473  2428  2483 0.80 transcript=Smp_130280.1 gene=Smp_130280
Smp_130280.1         -           2647 453052at33208        -            334   1.3e-11   43.4   0.4   2   2   7.8e-13   7.6e-11   40.9   0.3   126   226  2488  2591  2474  2625 0.84 transcript=Smp_130280.1 gene=Smp_130280
Smp_130280.3         -           2704 453052at33208        -            334   1.3e-11   43.4   0.4   1   2       3.9   3.8e+02   -0.9   0.0   213   246  2497  2530  2485  2540 0.80 transcript=Smp_130280.3 gene=Smp_130280
Smp_130280.3         -           2704 453052at33208        -            334   1.3e-11   43.4   0.4   2   2     8e-13   7.8e-11   40.9   0.3   126   226  2545  2648  2531  2682 0.84 transcript=Smp_130280.3 gene=Smp_130280
Smp_347350.1         -            543 453052at33208        -            334   1.9e-11   42.9   0.9   1   3   4.3e-05    0.0042   15.4   0.0   129   204   254   332   247   338 0.84 transcript=Smp_347350.1 gene=Smp_347350
Smp_347350.1         -            543 453052at33208        -            334   1.9e-11   42.9   0.9   2   3     1e-10     1e-08   33.9   0.6   127   283   338   500   334   507 0.82 transcript=Smp_347350.1 gene=Smp_347350
Smp_347350.1         -            543 453052at33208        -            334   1.9e-11   42.9   0.9   3   3     0.045       4.4    5.5   0.1   134   239   427   541   419   543 0.71 transcript=Smp_347350.1 gene=Smp_347350
Smp_132020.1         -            651 453052at33208        -            334   7.1e-11   41.0   0.4   1   3    0.0027      0.26    9.5   0.3   124   196   253   324   222   331 0.73 transcript=Smp_132020.1 gene=Smp_132020
Smp_132020.1         -            651 453052at33208        -            334   7.1e-11   41.0   0.4   2   3    0.0038      0.37    9.0   0.0   124   160   460   496   456   501 0.93 transcript=Smp_132020.1 gene=Smp_132020
Smp_132020.1         -            651 453052at33208        -            334   7.1e-11   41.0   0.4   3   3   4.2e-06   0.00041   18.8   0.0   124   245   505   635   503   643 0.79 transcript=Smp_132020.1 gene=Smp_132020
Smp_212260.1         -            421 453052at33208        -            334   1.2e-10   40.2   2.4   1   4     0.061         6    5.1   0.0   125   162   170   208   165   211 0.84 transcript=Smp_212260.1 gene=Smp_212260
Smp_212260.1         -            421 453052at33208        -            334   1.2e-10   40.2   2.4   2   4     0.063       6.1    5.0   0.1   121   160   216   256   213   261 0.89 transcript=Smp_212260.1 gene=Smp_212260
Smp_212260.1         -            421 453052at33208        -            334   1.2e-10   40.2   2.4   3   4   1.3e-05    0.0013   17.1   0.5   124   203   265   348   259   354 0.80 transcript=Smp_212260.1 gene=Smp_212260
Smp_212260.1         -            421 453052at33208        -            334   1.2e-10   40.2   2.4   4   4     0.017       1.6    6.9   0.0   129   166   371   409   365   414 0.84 transcript=Smp_212260.1 gene=Smp_212260
Smp_126910.1         -            942 453052at33208        -            334   3.2e-10   38.8   2.6   1   6      0.51        50    2.0   0.0   289   312    94   117    28   121 0.77 transcript=Smp_126910.1 gene=Smp_126910
Smp_126910.1         -            942 453052at33208        -            334   3.2e-10   38.8   2.6   2   6      0.16        16    3.7   0.1   125   160   181   216   137   227 0.54 transcript=Smp_126910.1 gene=Smp_126910
Smp_126910.1         -            942 453052at33208        -            334   3.2e-10   38.8   2.6   3   6   0.00063     0.062   11.6   0.1    75   203   230   368   217   372 0.78 transcript=Smp_126910.1 gene=Smp_126910
Smp_126910.1         -            942 453052at33208        -            334   3.2e-10   38.8   2.6   4   6    0.0015      0.15   10.3   0.0   125   203   373   456   370   461 0.76 transcript=Smp_126910.1 gene=Smp_126910
Smp_126910.1         -            942 453052at33208        -            334   3.2e-10   38.8   2.6   5   6       0.1       9.7    4.4   0.0   123   162   459   502   449   510 0.77 transcript=Smp_126910.1 gene=Smp_126910
Smp_126910.1         -            942 453052at33208        -            334   3.2e-10   38.8   2.6   6   6       2.4   2.4e+02   -0.2   0.0   220   243   596   619   582   627 0.81 transcript=Smp_126910.1 gene=Smp_126910
Smp_068950.1         -            424 453052at33208        -            334   3.9e-10   38.5   5.0   1   5    0.0071      0.69    8.1   0.0   127   162   171   207   166   211 0.84 transcript=Smp_068950.1 gene=Smp_068950
Smp_068950.1         -            424 453052at33208        -            334   3.9e-10   38.5   5.0   2   5      0.22        22    3.2   0.3   123   161   217   256   215   263 0.85 transcript=Smp_068950.1 gene=Smp_068950
Smp_068950.1         -            424 453052at33208        -            334   3.9e-10   38.5   5.0   3   5    0.0085      0.83    7.9   0.0   123   163   263   304   258   307 0.87 transcript=Smp_068950.1 gene=Smp_068950
Smp_068950.1         -            424 453052at33208        -            334   3.9e-10   38.5   5.0   4   5    0.0017      0.17   10.2   0.1   125   163   309   348   305   354 0.84 transcript=Smp_068950.1 gene=Smp_068950
Smp_068950.1         -            424 453052at33208        -            334   3.9e-10   38.5   5.0   5   5     0.019       1.9    6.7   0.0   128   166   369   408   364   413 0.85 transcript=Smp_068950.1 gene=Smp_068950
Smp_147240.1         -           1843 453052at33208        -            334   1.1e-09   37.1   3.7   1   4   0.00033     0.033   12.5   0.0   101   173    75   161    45   212 0.74 transcript=Smp_147240.1 gene=Smp_147240
Smp_147240.1         -           1843 453052at33208        -            334   1.1e-09   37.1   3.7   2   4       0.7        69    1.6   0.3   221   240   475   494   404   509 0.65 transcript=Smp_147240.1 gene=Smp_147240
Smp_147240.1         -           1843 453052at33208        -            334   1.1e-09   37.1   3.7   3   4     0.024       2.3    6.4   0.0    94   196   632   754   604   766 0.64 transcript=Smp_147240.1 gene=Smp_147240
Smp_147240.1         -           1843 453052at33208        -            334   1.1e-09   37.1   3.7   4   4   0.00047     0.046   12.0   0.0   119   164   868   913   804   925 0.83 transcript=Smp_147240.1 gene=Smp_147240
Smp_174390.1         -            366 453052at33208        -            334   1.4e-09   36.7   0.7   1   3    0.0094      0.92    7.7   0.1   122   180    51   109    30   129 0.75 transcript=Smp_174390.1 gene=Smp_174390
Smp_174390.1         -            366 453052at33208        -            334   1.4e-09   36.7   0.7   2   3   1.1e-05     0.001   17.4   0.1   123   163   138   178    92   181 0.77 transcript=Smp_174390.1 gene=Smp_174390
Smp_174390.1         -            366 453052at33208        -            334   1.4e-09   36.7   0.7   3   3    0.0043      0.42    8.9   0.0   125   160   281   316   246   347 0.74 transcript=Smp_174390.1 gene=Smp_174390
Smp_166080.1         -            934 453052at33208        -            334   1.9e-09   36.3   0.0   1   3   0.00024     0.023   13.0   0.0   120   161   525   566   515   570 0.92 transcript=Smp_166080.1 gene=Smp_166080
Smp_166080.1         -            934 453052at33208        -            334   1.9e-09   36.3   0.0   2   3     0.082         8    4.7   0.0   184   207   618   641   594   695 0.89 transcript=Smp_166080.1 gene=Smp_166080
Smp_166080.1         -            934 453052at33208        -            334   1.9e-09   36.3   0.0   3   3   8.6e-05    0.0084   14.5   0.0   125   173   850   898   841   932 0.81 transcript=Smp_166080.1 gene=Smp_166080
Smp_150080.3         -           1196 453052at33208        -            334   2.4e-09   36.0   0.1   1   3     0.026       2.6    6.3   0.1   130   166   891   926   874   980 0.69 transcript=Smp_150080.3 gene=Smp_150080
Smp_150080.3         -           1196 453052at33208        -            334   2.4e-09   36.0   0.1   2   3   7.2e-07     7e-05   21.3   0.0   132   208  1000  1077   948  1089 0.76 transcript=Smp_150080.3 gene=Smp_150080
Smp_150080.3         -           1196 453052at33208        -            334   2.4e-09   36.0   0.1   3   3     0.088       8.6    4.6   0.0   127   202  1119  1194  1106  1196 0.92 transcript=Smp_150080.3 gene=Smp_150080
Smp_150080.2         -           1214 453052at33208        -            334   2.5e-09   35.9   0.1   1   3     0.027       2.6    6.2   0.1   130   166   909   944   892   998 0.69 transcript=Smp_150080.2 gene=Smp_150080
Smp_150080.2         -           1214 453052at33208        -            334   2.5e-09   35.9   0.1   2   3   7.4e-07   7.2e-05   21.2   0.0   132   208  1018  1095   966  1107 0.76 transcript=Smp_150080.2 gene=Smp_150080
Smp_150080.2         -           1214 453052at33208        -            334   2.5e-09   35.9   0.1   3   3      0.09       8.7    4.5   0.0   127   202  1137  1212  1124  1214 0.92 transcript=Smp_150080.2 gene=Smp_150080
Smp_150080.1         -           1216 453052at33208        -            334   2.5e-09   35.9   0.1   1   3     0.027       2.6    6.2   0.1   130   166   911   946   894  1000 0.69 transcript=Smp_150080.1 gene=Smp_150080
Smp_150080.1         -           1216 453052at33208        -            334   2.5e-09   35.9   0.1   2   3   7.4e-07   7.2e-05   21.2   0.0   132   208  1020  1097   968  1109 0.76 transcript=Smp_150080.1 gene=Smp_150080
Smp_150080.1         -           1216 453052at33208        -            334   2.5e-09   35.9   0.1   3   3      0.09       8.8    4.5   0.0   127   202  1139  1214  1126  1216 0.92 transcript=Smp_150080.1 gene=Smp_150080
Smp_022110.1         -            395 453052at33208        -            334   3.9e-09   35.3   0.1   1   2   0.00077     0.075   11.3   0.0   182   241    51   119    41   124 0.83 transcript=Smp_022110.1 gene=Smp_022110
Smp_022110.1         -            395 453052at33208        -            334   3.9e-09   35.3   0.1   2   2   5.7e-07   5.5e-05   21.6   0.0   122   161   134   173   131   186 0.93 transcript=Smp_022110.1 gene=Smp_022110
Smp_134060.1         -            443 453052at33208        -            334   5.3e-09   34.8   0.5   1   2   0.00025     0.025   12.9   0.2   128   203    58   135    53   141 0.66 transcript=Smp_134060.1 gene=Smp_134060
Smp_134060.1         -            443 453052at33208        -            334   5.3e-09   34.8   0.5   2   2   3.4e-06   0.00033   19.1   0.0   174   241   282   354   274   368 0.80 transcript=Smp_134060.1 gene=Smp_134060
Smp_045250.1         -            429 453052at33208        -            334   6.9e-09   34.4   0.0   1   4      0.12        11    4.2   0.0   120   164    93   136    77   140 0.79 transcript=Smp_045250.1 gene=Smp_045250
Smp_045250.1         -            429 453052at33208        -            334   6.9e-09   34.4   0.0   2   4   3.8e-08   3.7e-06   25.5   0.0   124   284   161   334   154   345 0.78 transcript=Smp_045250.1 gene=Smp_045250
Smp_045250.1         -            429 453052at33208        -            334   6.9e-09   34.4   0.0   3   4    0.0016      0.16   10.3   0.0   133   169   305   341   294   360 0.78 transcript=Smp_045250.1 gene=Smp_045250
Smp_045250.1         -            429 453052at33208        -            334   6.9e-09   34.4   0.0   4   4       3.7   3.6e+02   -0.8   0.0   131   159   394   422   381   425 0.72 transcript=Smp_045250.1 gene=Smp_045250
Smp_063260.1         -            421 453052at33208        -            334   1.5e-08   33.3   3.5   1   4      0.62        61    1.8   0.0   146   160    39    53    18   109 0.64 transcript=Smp_063260.1 gene=Smp_063260
Smp_063260.1         -            421 453052at33208        -            334   1.5e-08   33.3   3.5   2   4     0.055       5.3    5.2   0.1   126   162   109   145    53   187 0.81 transcript=Smp_063260.1 gene=Smp_063260
Smp_063260.1         -            421 453052at33208        -            334   1.5e-08   33.3   3.5   3   4   2.7e-06   0.00027   19.4   0.1   121   162   193   234   179   254 0.88 transcript=Smp_063260.1 gene=Smp_063260
Smp_063260.1         -            421 453052at33208        -            334   1.5e-08   33.3   3.5   4   4     0.075       7.3    4.8   0.0   132   162   383   413   374   416 0.86 transcript=Smp_063260.1 gene=Smp_063260
Smp_165280.1         -            985 453052at33208        -            334   1.7e-08   33.2   0.1   1   2   2.9e-07   2.9e-05   22.6   0.0   137   205   700   769   690   792 0.83 transcript=Smp_165280.1 gene=Smp_165280
Smp_165280.1         -            985 453052at33208        -            334   1.7e-08   33.2   0.1   2   2    0.0062       0.6    8.3   0.0   127   203   904   980   899   985 0.88 transcript=Smp_165280.1 gene=Smp_165280
Smp_073560.1         -            317 453052at33208        -            334   1.7e-08   33.2   2.3   1   4      0.55        54    1.9   0.0   187   201    10    24     5    33 0.86 transcript=Smp_073560.1 gene=Smp_073560
Smp_073560.1         -            317 453052at33208        -            334   1.7e-08   33.2   2.3   2   4   2.2e-07   2.2e-05   23.0   0.1   102   287    40   247    26   254 0.77 transcript=Smp_073560.1 gene=Smp_073560
Smp_073560.1         -            317 453052at33208        -            334   1.7e-08   33.2   2.3   3   4    0.0051       0.5    8.6   0.0   200   291   202   296   200   298 0.76 transcript=Smp_073560.1 gene=Smp_073560
Smp_073560.1         -            317 453052at33208        -            334   1.7e-08   33.2   2.3   4   4      0.16        16    3.7   0.0   126   143   295   312   265   316 0.52 transcript=Smp_073560.1 gene=Smp_073560
Smp_004060.1         -            500 453052at33208        -            334     2e-08   32.9   1.1   1   2     0.096       9.4    4.4   0.1   131   161   315   345   190   351 0.64 transcript=Smp_004060.1 gene=Smp_004060
Smp_004060.1         -            500 453052at33208        -            334     2e-08   32.9   1.1   2   2   1.1e-09     1e-07   30.6   0.1   103   241   319   476   315   489 0.80 transcript=Smp_004060.1 gene=Smp_004060
Smp_045620.1         -            322 453052at33208        -            334   2.3e-08   32.7   0.2   1   2     5e-06   0.00049   18.5   0.1   125   214    19   112    12   150 0.77 transcript=Smp_045620.1 gene=Smp_045620
Smp_045620.1         -            322 453052at33208        -            334   2.3e-08   32.7   0.2   2   2   0.00042     0.041   12.2   0.0   128   208   194   275   188   289 0.83 transcript=Smp_045620.1 gene=Smp_045620
Smp_151180.1         -            320 453052at33208        -            334   2.4e-08   32.7   0.3   1   3   0.00098     0.096   11.0   0.0   117   156     6    45     1    59 0.90 transcript=Smp_151180.1 gene=Smp_151180
Smp_151180.1         -            320 453052at33208        -            334   2.4e-08   32.7   0.3   2   3    0.0002     0.019   13.3   0.1   153   202    86   136    53   146 0.57 transcript=Smp_151180.1 gene=Smp_151180
Smp_151180.1         -            320 453052at33208        -            334   2.4e-08   32.7   0.3   3   3      0.13        13    4.0   0.0   139   179   247   287   184   297 0.79 transcript=Smp_151180.1 gene=Smp_151180
Smp_132090.1         -            422 453052at33208        -            334   4.3e-08   31.8   0.8   1   2   0.00069     0.067   11.5   0.1   122   199    86   165     7   184 0.85 transcript=Smp_132090.1 gene=Smp_132090
Smp_132090.1         -            422 453052at33208        -            334   4.3e-08   31.8   0.8   2   2   0.00031      0.03   12.6   0.0   123   185   342   403   304   411 0.64 transcript=Smp_132090.1 gene=Smp_132090
Smp_160940.1         -            768 453052at33208        -            334   6.5e-08   31.2   0.2   1   3       1.8   1.8e+02    0.2   0.0   127   161   358   392   306   397 0.69 transcript=Smp_160940.1 gene=Smp_160940
Smp_160940.1         -            768 453052at33208        -            334   6.5e-08   31.2   0.2   2   3    0.0023      0.22    9.8   0.0   127   160   433   466   428   469 0.92 transcript=Smp_160940.1 gene=Smp_160940
Smp_160940.1         -            768 453052at33208        -            334   6.5e-08   31.2   0.2   3   3   2.5e-05    0.0025   16.2   0.0   123   202   516   596   499   609 0.87 transcript=Smp_160940.1 gene=Smp_160940
Smp_332560.1         -            836 453052at33208        -            334   6.9e-08   31.2   7.3   1   3    0.0095      0.93    7.7   0.2   129   176   121   171    67   211 0.65 transcript=Smp_332560.1 gene=Smp_332560
Smp_332560.1         -            836 453052at33208        -            334   6.9e-08   31.2   7.3   2   3      0.11        11    4.2   0.0   126   174   541   595   518   603 0.75 transcript=Smp_332560.1 gene=Smp_332560
Smp_332560.1         -            836 453052at33208        -            334   6.9e-08   31.2   7.3   3   3   3.5e-05    0.0034   15.7   0.1   190   282   676   771   661   773 0.76 transcript=Smp_332560.1 gene=Smp_332560
Smp_171200.1         -           1137 453052at33208        -            334   3.8e-07   28.7   0.0   1   3      0.95        93    1.2   0.0   129   162   554   587   544   594 0.84 transcript=Smp_171200.1 gene=Smp_171200
Smp_171200.1         -           1137 453052at33208        -            334   3.8e-07   28.7   0.0   2   3   5.2e-07     5e-05   21.7   0.0   123   205   736   818   730   825 0.82 transcript=Smp_171200.1 gene=Smp_171200
Smp_171200.1         -           1137 453052at33208        -            334   3.8e-07   28.7   0.0   3   3      0.96        94    1.1   0.0   227   309   894   989   879   997 0.65 transcript=Smp_171200.1 gene=Smp_171200
Smp_312990.1         -           1854 453052at33208        -            334   5.1e-07   28.3   0.4   1   3   0.00036     0.035   12.4   0.1   125   179  1524  1577  1520  1597 0.82 transcript=Smp_312990.1 gene=Smp_312990
Smp_312990.1         -           1854 453052at33208        -            334   5.1e-07   28.3   0.4   2   3      0.11        10    4.3   0.0   144   198  1651  1704  1645  1723 0.80 transcript=Smp_312990.1 gene=Smp_312990
Smp_312990.1         -           1854 453052at33208        -            334   5.1e-07   28.3   0.4   3   3   9.3e-08     9e-06   24.2   0.0   145   239  1751  1851  1736  1854 0.62 transcript=Smp_312990.1 gene=Smp_312990
Smp_045060.1         -            367 453052at33208        -            334   5.5e-07   28.2   0.0   1   2   0.00011     0.011   14.1   0.2   190   244    38    94    31   130 0.76 transcript=Smp_045060.1 gene=Smp_045060
Smp_045060.1         -            367 453052at33208        -            334   5.5e-07   28.2   0.0   2   2     0.001       0.1   10.9   0.0   134   310   104   312    94   324 0.66 transcript=Smp_045060.1 gene=Smp_045060
Smp_125760.1         -            763 453052at33208        -            334   6.1e-07   28.1   0.5   1   2   1.2e-05    0.0011   17.3   0.1   125   203    89   169    75   194 0.87 transcript=Smp_125760.1 gene=Smp_125760
Smp_125760.1         -            763 453052at33208        -            334   6.1e-07   28.1   0.5   2   2    0.0084      0.82    7.9   0.0   211   251   217   258   209   275 0.75 transcript=Smp_125760.1 gene=Smp_125760
Smp_062970.1         -           1333 453052at33208        -            334   1.1e-06   27.2  21.0   1   4      0.12        12    4.1   0.1   228   296   123   190   115   226 0.83 transcript=Smp_062970.1 gene=Smp_062970
Smp_062970.1         -           1333 453052at33208        -            334   1.1e-06   27.2  21.0   2   4    0.0027      0.26    9.5   0.0   167   204   416   453   409   471 0.79 transcript=Smp_062970.1 gene=Smp_062970
Smp_062970.1         -           1333 453052at33208        -            334   1.1e-06   27.2  21.0   3   4   1.8e-05    0.0018   16.7   0.5   120   216   533   627   525   656 0.85 transcript=Smp_062970.1 gene=Smp_062970
Smp_062970.1         -           1333 453052at33208        -            334   1.1e-06   27.2  21.0   4   4     0.017       1.7    6.9   0.0   126   164   665   703   658   715 0.91 transcript=Smp_062970.1 gene=Smp_062970
Smp_189830.1         -            182 453052at33208        -            334     3e-06   25.8   0.1   1   1   5.4e-08   5.3e-06   25.0   0.1   106   224    36   163    18   176 0.79 transcript=Smp_189830.1 gene=Smp_189830
Smp_090070.1         -           1219 453052at33208        -            334   4.3e-06   25.2   4.3   1   3   0.00013     0.013   13.8   1.0   119   160   127   168    69   173 0.71 transcript=Smp_090070.1 gene=Smp_090070
Smp_090070.1         -           1219 453052at33208        -            334   4.3e-06   25.2   4.3   2   3    0.0088      0.86    7.8   0.0   126   162   187   223   180   232 0.91 transcript=Smp_090070.1 gene=Smp_090070
Smp_090070.1         -           1219 453052at33208        -            334   4.3e-06   25.2   4.3   3   3      0.91        89    1.2   0.0   150   205   317   331   277   376 0.62 transcript=Smp_090070.1 gene=Smp_090070
Smp_142780.1         -            552 453052at33208        -            334   4.7e-06   25.1   0.2   1   1   2.8e-07   2.7e-05   22.6   0.2   119   284    60   238    49   299 0.71 transcript=Smp_142780.1 gene=Smp_142780
Smp_060170.1         -            365 453052at33208        -            334   6.5e-06   24.7   0.1   1   2      0.57        56    1.9   0.0   133   163    38    71    28    75 0.76 transcript=Smp_060170.1 gene=Smp_060170
Smp_060170.1         -            365 453052at33208        -            334   6.5e-06   24.7   0.1   2   2   1.2e-06   0.00012   20.5   0.1   129   208    81   161    49   174 0.82 transcript=Smp_060170.1 gene=Smp_060170
Smp_165220.1         -            545 453052at33208        -            334   1.4e-05   23.6   0.0   1   2       7.9   7.7e+02   -1.9   0.0   244   268    79   103    75   128 0.57 transcript=Smp_165220.1 gene=Smp_165220
Smp_165220.1         -            545 453052at33208        -            334   1.4e-05   23.6   0.0   2   2     1e-06   9.7e-05   20.8   0.0   127   203   234   315   227   320 0.76 transcript=Smp_165220.1 gene=Smp_165220
Smp_333320.1         -           1112 453052at33208        -            334   1.5e-05   23.5   0.3   1   4      0.19        19    3.4   0.0    92   120   405   433   385   445 0.80 transcript=Smp_333320.1 gene=Smp_333320
Smp_333320.1         -           1112 453052at33208        -            334   1.5e-05   23.5   0.3   2   4      0.53        52    2.0   0.0   189   203   519   533   506   555 0.66 transcript=Smp_333320.1 gene=Smp_333320
Smp_333320.1         -           1112 453052at33208        -            334   1.5e-05   23.5   0.3   3   4     0.058       5.6    5.2   0.1   143   204   618   683   607   698 0.54 transcript=Smp_333320.1 gene=Smp_333320
Smp_333320.1         -           1112 453052at33208        -            334   1.5e-05   23.5   0.3   4   4     0.018       1.7    6.8   0.0   147   201   768   827   763   854 0.69 transcript=Smp_333320.1 gene=Smp_333320
Smp_047540.2         -            362 453052at33208        -            334   2.9e-05   22.5   0.8   1   2   6.1e-06    0.0006   18.2   0.0   125   177   202   254   199   262 0.85 transcript=Smp_047540.2 gene=Smp_047540
Smp_047540.2         -            362 453052at33208        -            334   2.9e-05   22.5   0.8   2   2      0.46        45    2.2   0.0   147   205   318   335   313   359 0.62 transcript=Smp_047540.2 gene=Smp_047540
Smp_145610.1         -           1072 453052at33208        -            334     3e-05   22.5   0.2   1   2   2.8e-06   0.00027   19.3   0.0   128   214    43   134    34   166 0.57 transcript=Smp_145610.1 gene=Smp_145610
Smp_145610.1         -           1072 453052at33208        -            334     3e-05   22.5   0.2   2   2       3.5   3.4e+02   -0.7   0.0   294   313   284   303   279   305 0.89 transcript=Smp_145610.1 gene=Smp_145610
Smp_153610.1         -            694 453052at33208        -            334   3.6e-05   22.2   1.0   1   3       1.9   1.8e+02    0.2   0.0   188   203    65    79    48    85 0.61 transcript=Smp_153610.1 gene=Smp_153610
Smp_153610.1         -            694 453052at33208        -            334   3.6e-05   22.2   1.0   2   3   2.2e-05    0.0021   16.4   0.2   107   162   184   241   126   244 0.71 transcript=Smp_153610.1 gene=Smp_153610
Smp_153610.1         -            694 453052at33208        -            334   3.6e-05   22.2   1.0   3   3       1.1   1.1e+02    0.9   0.0   128   160   291   323   285   334 0.89 transcript=Smp_153610.1 gene=Smp_153610
Smp_180070.1         -           1393 453052at33208        -            334   5.1e-05   21.7   0.1   1   3     0.057       5.5    5.2   0.0   141   167   244   272   214   298 0.69 transcript=Smp_180070.1 gene=Smp_180070
Smp_180070.1         -           1393 453052at33208        -            334   5.1e-05   21.7   0.1   2   3     0.027       2.7    6.2   0.0   129   203   342   422   336   431 0.74 transcript=Smp_180070.1 gene=Smp_180070
Smp_180070.1         -           1393 453052at33208        -            334   5.1e-05   21.7   0.1   3   3     0.053       5.2    5.3   0.3    73   163   661   754   650   760 0.80 transcript=Smp_180070.1 gene=Smp_180070
Smp_012720.1         -            534 453052at33208        -            334   0.00011   20.6   0.0   1   3   3.7e-05    0.0036   15.6   0.0   129   209    73   165    64   166 0.70 transcript=Smp_012720.1 gene=Smp_012720
Smp_012720.1         -            534 453052at33208        -            334   0.00011   20.6   0.0   2   3    0.0091      0.89    7.8   0.0   124   170   120   168   114   198 0.70 transcript=Smp_012720.1 gene=Smp_012720
Smp_012720.1         -            534 453052at33208        -            334   0.00011   20.6   0.0   3   3       8.6   8.4e+02   -2.0   0.0   190   210   278   298   268   304 0.83 transcript=Smp_012720.1 gene=Smp_012720
Smp_040100.1         -            451 453052at33208        -            334   0.00013   20.4   0.2   1   2    0.0001    0.0098   14.2   0.0   128   238    18    91    12   118 0.58 transcript=Smp_040100.1 gene=Smp_040100
Smp_040100.1         -            451 453052at33208        -            334   0.00013   20.4   0.2   2   2      0.16        16    3.7   0.0    78   128   342   390   331   405 0.75 transcript=Smp_040100.1 gene=Smp_040100
Smp_006000.1         -            327 453052at33208        -            334   0.00013   20.4   0.1   1   4      0.03       2.9    6.1   0.0   128   159     6    37     2    44 0.86 transcript=Smp_006000.1 gene=Smp_006000
Smp_006000.1         -            327 453052at33208        -            334   0.00013   20.4   0.1   2   4    0.0088      0.86    7.8   0.2   125   163    45    83    41    98 0.89 transcript=Smp_006000.1 gene=Smp_006000
Smp_006000.1         -            327 453052at33208        -            334   0.00013   20.4   0.1   3   4      0.64        63    1.7   0.0   126   194   183   252   171   261 0.82 transcript=Smp_006000.1 gene=Smp_006000
Smp_006000.1         -            327 453052at33208        -            334   0.00013   20.4   0.1   4   4       8.4   8.2e+02   -2.0   0.0   291   306   286   301   255   309 0.75 transcript=Smp_006000.1 gene=Smp_006000
Smp_054610.1         -           1203 453052at33208        -            334   0.00015   20.2   0.1   1   2      0.61        60    1.8   0.0   141   188    21    68     8    84 0.46 transcript=Smp_054610.1 gene=Smp_054610
Smp_054610.1         -           1203 453052at33208        -            334   0.00015   20.2   0.1   2   2   6.3e-05    0.0062   14.9   0.0   127   251   132   271   108   304 0.78 transcript=Smp_054610.1 gene=Smp_054610
Smp_194900.1         -           1194 453052at33208        -            334   0.00018   20.0   0.3   1   1   4.1e-06    0.0004   18.8   0.3   135   251    21   139     4   165 0.65 transcript=Smp_194900.1 gene=Smp_194900
Smp_104630.1         -            415 453052at33208        -            334   0.00018   20.0   0.1   1   2         2   1.9e+02    0.1   0.0   103   152    47    99    44   106 0.71 transcript=Smp_104630.1 gene=Smp_104630
Smp_104630.1         -            415 453052at33208        -            334   0.00018   20.0   0.1   2   2   1.6e-05    0.0015   16.9   0.0   101   165   135   210   126   233 0.79 transcript=Smp_104630.1 gene=Smp_104630
Smp_131390.2         -           2326 453052at33208        -            334   0.00031   19.2   0.1   1   3   9.3e-05    0.0091   14.3   0.1   129   200   138   215   112   229 0.74 transcript=Smp_131390.2 gene=Smp_131390
Smp_131390.2         -           2326 453052at33208        -            334   0.00031   19.2   0.1   2   3       5.5   5.4e+02   -1.4   0.0   126   153   369   396   313   415 0.61 transcript=Smp_131390.2 gene=Smp_131390
Smp_131390.2         -           2326 453052at33208        -            334   0.00031   19.2   0.1   3   3       4.9   4.8e+02   -1.2   0.0   222   283   433   494   419   509 0.50 transcript=Smp_131390.2 gene=Smp_131390
Smp_131390.1         -           2333 453052at33208        -            334   0.00031   19.1   0.1   1   3   9.3e-05    0.0091   14.3   0.1   129   200   138   215   112   229 0.74 transcript=Smp_131390.1 gene=Smp_131390
Smp_131390.1         -           2333 453052at33208        -            334   0.00031   19.1   0.1   2   3       5.6   5.4e+02   -1.4   0.0   126   153   369   396   313   415 0.61 transcript=Smp_131390.1 gene=Smp_131390
Smp_131390.1         -           2333 453052at33208        -            334   0.00031   19.1   0.1   3   3       4.9   4.8e+02   -1.2   0.0   222   283   433   494   419   509 0.50 transcript=Smp_131390.1 gene=Smp_131390
Smp_171670.1         -            608 453052at33208        -            334   0.00035   19.0   1.4   1   3      0.21        20    3.3   0.0   223   285   167   231   151   237 0.68 transcript=Smp_171670.1 gene=Smp_171670
Smp_171670.1         -            608 453052at33208        -            334   0.00035   19.0   1.4   2   3    0.0029      0.29    9.4   0.1   127   161   239   273   235   277 0.92 transcript=Smp_171670.1 gene=Smp_171670
Smp_171670.1         -            608 453052at33208        -            334   0.00035   19.0   1.4   3   3      0.32        31    2.7   0.0   223   254   387   418   343   427 0.80 transcript=Smp_171670.1 gene=Smp_171670
Smp_022660.1         -            485 453052at33208        -            334   0.00048   18.5   0.6   1   3       4.8   4.7e+02   -1.2   0.0    90   134   185   232   161   243 0.76 transcript=Smp_022660.1 gene=Smp_022660
Smp_022660.1         -            485 453052at33208        -            334   0.00048   18.5   0.6   2   3   4.5e-05    0.0044   15.4   0.1   127   202   273   355   267   365 0.69 transcript=Smp_022660.1 gene=Smp_022660
Smp_022660.1         -            485 453052at33208        -            334   0.00048   18.5   0.6   3   3       5.3   5.2e+02   -1.3   0.0   126   161   377   413   373   439 0.76 transcript=Smp_022660.1 gene=Smp_022660
Smp_050730.1         -            958 453052at33208        -            334   0.00056   18.3   6.7   1   4      0.54        53    2.0   0.0   169   203   289   330   278   341 0.67 transcript=Smp_050730.1 gene=Smp_050730
Smp_050730.1         -            958 453052at33208        -            334   0.00056   18.3   6.7   2   4       1.2   1.2e+02    0.8   0.0   124   160   366   407   348   414 0.75 transcript=Smp_050730.1 gene=Smp_050730
Smp_050730.1         -            958 453052at33208        -            334   0.00056   18.3   6.7   3   4    0.0012      0.11   10.7   0.5   122   164   726   768   713   785 0.87 transcript=Smp_050730.1 gene=Smp_050730
Smp_050730.1         -            958 453052at33208        -            334   0.00056   18.3   6.7   4   4      0.28        27    2.9   0.0    85   111   807   833   789   856 0.77 transcript=Smp_050730.1 gene=Smp_050730
Smp_347720.1         -            758 453052at33208        -            334    0.0012   17.2   0.1   1   3       5.5   5.4e+02   -1.4   0.0   149   197    23    70     6    73 0.78 transcript=Smp_347720.1 gene=Smp_347720
Smp_347720.1         -            758 453052at33208        -            334    0.0012   17.2   0.1   2   3   0.00064     0.062   11.6   0.0   120   166   400   446   383   476 0.81 transcript=Smp_347720.1 gene=Smp_347720
Smp_347720.1         -            758 453052at33208        -            334    0.0012   17.2   0.1   3   3      0.68        67    1.6   0.0    63    92   581   610   547   620 0.63 transcript=Smp_347720.1 gene=Smp_347720
Smp_064870.1         -            659 453052at33208        -            334    0.0014   17.0   0.2   1   3     0.035       3.5    5.8   0.0   225   285   357   424   325   432 0.69 transcript=Smp_064870.1 gene=Smp_064870
Smp_064870.1         -            659 453052at33208        -            334    0.0014   17.0   0.2   2   3     0.016       1.6    7.0   0.0   220   263   402   446   386   465 0.80 transcript=Smp_064870.1 gene=Smp_064870
Smp_064870.1         -            659 453052at33208        -            334    0.0014   17.0   0.2   3   3     0.025       2.5    6.3   0.0   127   170   481   530   477   610 0.77 transcript=Smp_064870.1 gene=Smp_064870
Smp_120350.1         -            535 453052at33208        -            334    0.0017   16.7   0.0   1   2       1.9   1.8e+02    0.2   0.0   228   288    92   148    80   164 0.72 transcript=Smp_120350.1 gene=Smp_120350
Smp_120350.1         -            535 453052at33208        -            334    0.0017   16.7   0.0   2   2   0.00014     0.014   13.7   0.0   151   203   215   268   199   288 0.86 transcript=Smp_120350.1 gene=Smp_120350
Smp_318500.1         -            916 453052at33208        -            334     0.002   16.5   0.9   1   2     0.022       2.2    6.5   0.5   218   302   139   226    45   229 0.84 transcript=Smp_318500.1 gene=Smp_318500
Smp_318500.1         -            916 453052at33208        -            334     0.002   16.5   0.9   2   2     0.039       3.8    5.7   0.0    65   115   266   318   245   351 0.84 transcript=Smp_318500.1 gene=Smp_318500
Smp_133820.1         -            682 453052at33208        -            334     0.002   16.5   0.0   1   1   4.5e-05    0.0044   15.4   0.0   125   284    79   250    62   258 0.72 transcript=Smp_133820.1 gene=Smp_133820
Smp_123610.1         -           1782 453052at33208        -            334    0.0025   16.2   0.0   1   2      0.02         2    6.6   0.0   254   296  1251  1296  1228  1311 0.72 transcript=Smp_123610.1 gene=Smp_123610
Smp_123610.1         -           1782 453052at33208        -            334    0.0025   16.2   0.0   2   2     0.033       3.2    6.0   0.0   128   159  1749  1781  1743  1782 0.85 transcript=Smp_123610.1 gene=Smp_123610
Smp_045070.1         -            613 453052at33208        -            334    0.0029   16.0   0.0   1   2    0.0008     0.079   11.3   0.0   167   287   112   237    65   249 0.68 transcript=Smp_045070.1 gene=Smp_045070
Smp_045070.1         -            613 453052at33208        -            334    0.0029   16.0   0.0   2   2      0.19        18    3.5   0.0   113   197   232   320   207   329 0.74 transcript=Smp_045070.1 gene=Smp_045070
Smp_060180.1         -            483 453052at33208        -            334    0.0035   15.7   1.4   1   2     0.001     0.097   10.9   0.4   129   213     9    99     1   103 0.67 transcript=Smp_060180.1 gene=Smp_060180
Smp_060180.1         -            483 453052at33208        -            334    0.0035   15.7   1.4   2   2      0.44        43    2.3   0.1   127   283   340   374   333   382 0.59 transcript=Smp_060180.1 gene=Smp_060180
Smp_124490.1         -            351 453052at33208        -            334    0.0037   15.6   1.7   1   2      0.22        22    3.2   0.2   217   295    72   151    53   154 0.78 transcript=Smp_124490.1 gene=Smp_124490
Smp_124490.1         -            351 453052at33208        -            334    0.0037   15.6   1.7   2   2   0.00034     0.033   12.5   1.0   195   284   132   232    89   239 0.61 transcript=Smp_124490.1 gene=Smp_124490
Smp_245300.1         -            373 453052at33208        -            334    0.0039   15.6   0.3   1   2   0.00015     0.015   13.6   0.0   122   161    46    85    24    97 0.90 transcript=Smp_245300.1 gene=Smp_245300
Smp_245300.1         -            373 453052at33208        -            334    0.0039   15.6   0.3   2   2       6.9   6.8e+02   -1.7   0.0   233   262   182   211   147   225 0.54 transcript=Smp_245300.1 gene=Smp_245300
Smp_173810.1         -            529 453052at33208        -            334     0.013   13.8   0.7   1   3    0.0011      0.11   10.7   0.1   166   230    79   145    48   165 0.78 transcript=Smp_173810.1 gene=Smp_173810
Smp_173810.1         -            529 453052at33208        -            334     0.013   13.8   0.7   2   3       3.1     3e+02   -0.5   0.0   130   162   198   229   187   236 0.55 transcript=Smp_173810.1 gene=Smp_173810
Smp_173810.1         -            529 453052at33208        -            334     0.013   13.8   0.7   3   3       9.1   8.8e+02   -2.1   0.0   134   174   310   350   303   365 0.63 transcript=Smp_173810.1 gene=Smp_173810
Smp_342510.1         -            631 453052at33208        -            334     0.014   13.8   0.1   1   2       3.5   3.4e+02   -0.7   0.0   226   257   356   387   339   427 0.72 transcript=Smp_342510.1 gene=Smp_342510
Smp_342510.1         -            631 453052at33208        -            334     0.014   13.8   0.1   2   2    0.0011       0.1   10.9   0.1   224   287   520   582   499   606 0.77 transcript=Smp_342510.1 gene=Smp_342510
Smp_135870.1         -           4055 453052at33208        -            334     0.014   13.7   0.0   1   1   0.00045     0.044   12.1   0.0   127   183  3700  3756  3695  3828 0.55 transcript=Smp_135870.1 gene=Smp_135870
Smp_098920.1         -            605 453052at33208        -            334      0.02   13.2  12.2   1   3    0.0013      0.13   10.5   0.1   128   167   192   232   175   262 0.79 transcript=Smp_098920.1 gene=Smp_098920
Smp_098920.1         -            605 453052at33208        -            334      0.02   13.2  12.2   2   3      0.01         1    7.6   0.3   224   284   267   332   253   369 0.73 transcript=Smp_098920.1 gene=Smp_098920
Smp_098920.1         -            605 453052at33208        -            334      0.02   13.2  12.2   3   3       0.5        49    2.1   0.1   123   158   388   423   385   446 0.88 transcript=Smp_098920.1 gene=Smp_098920
Smp_170170.1         -           1118 453052at33208        -            334     0.045   12.1   0.1   1   3       9.5   9.3e+02   -2.1   0.0    76   198   825   849   816   856 0.48 transcript=Smp_170170.1 gene=Smp_170170
Smp_170170.1         -           1118 453052at33208        -            334     0.045   12.1   0.1   2   3     0.063       6.2    5.0   0.0   129   274   949  1016   943  1029 0.48 transcript=Smp_170170.1 gene=Smp_170170
Smp_170170.1         -           1118 453052at33208        -            334     0.045   12.1   0.1   3   3      0.25        25    3.0   0.0   125   157  1033  1065  1020  1070 0.91 transcript=Smp_170170.1 gene=Smp_170170
Smp_241960.1         -            507 453052at33208        -            334     0.079   11.2   0.2   1   2    0.0033      0.32    9.2   0.1   184   255   156   231   135   244 0.75 transcript=Smp_241960.1 gene=Smp_241960
Smp_241960.1         -            507 453052at33208        -            334     0.079   11.2   0.2   2   2       8.7   8.5e+02   -2.0   0.0   224   239   480   495   457   502 0.64 transcript=Smp_241960.1 gene=Smp_241960
Smp_192670.1         -            215 453052at33208        -            334      0.11   10.8   0.0   1   1     0.004      0.39    8.9   0.0   125   160   130   165   124   170 0.90 transcript=Smp_192670.1 gene=Smp_192670
Smp_148220.1         -           1338 453052at33208        -            334      0.39    9.0   3.6   1   4     0.081       7.9    4.7   0.0   142   161   232   251   228   259 0.89 transcript=Smp_148220.1 gene=Smp_148220
Smp_148220.1         -           1338 453052at33208        -            334      0.39    9.0   3.6   2   4       1.3   1.2e+02    0.7   0.1   217   266   289   338   276   364 0.69 transcript=Smp_148220.1 gene=Smp_148220
Smp_148220.1         -           1338 453052at33208        -            334      0.39    9.0   3.6   3   4       3.7   3.7e+02   -0.8   0.0   221   241   936   956   926   988 0.72 transcript=Smp_148220.1 gene=Smp_148220
Smp_148220.1         -           1338 453052at33208        -            334      0.39    9.0   3.6   4   4       8.1     8e+02   -1.9   0.1   180   203  1194  1217  1188  1245 0.75 transcript=Smp_148220.1 gene=Smp_148220
Smp_324630.1         -            774 453052at33208        -            334      0.83    7.9   9.4   1   2     0.038       3.7    5.7   0.2   131   191    13    74     1   149 0.66 transcript=Smp_324630.1 gene=Smp_324630
Smp_324630.1         -            774 453052at33208        -            334      0.83    7.9   9.4   2   2     0.024       2.4    6.4   0.3   106   160   165   219   141   241 0.87 transcript=Smp_324630.1 gene=Smp_324630
#
# Program:         hmmsearch
# Version:         3.4 (Aug 2023)
# Pipeline mode:   SEARCH
# Query file:      /users/40483456/busco_datasets/busco_downloads/lineages/metazoa_odb10/hmms/453052at33208.hmm
# Target file:     /users/40483456/protein/schistosoma_mansoni.fa
# Option settings: hmmsearch --domtblout /users/40483456/busco/results_pro/schistosoma_mansoni_busco/run_metazoa_odb10/hmmer_output/initial_run_results/453052at33208.out --cpu 1 /users/40483456/busco_datasets/busco_downloads/lineages/metazoa_odb10/hmms/453052at33208.hmm /users/40483456/protein/schistosoma_mansoni.fa 
# Current dir:     /users/40483456
# Date:            Thu Jan 15 17:54:12 2026
# [ok]
