#                                                                            --- full sequence --- -------------- this domain -------------   hmm coord   ali coord   env coord
# target name        accession   tlen query name           accession   qlen   E-value  score  bias   #  of  c-Evalue  i-Evalue  score  bias  from    to  from    to  from    to  acc description of target
#------------------- ---------- ----- -------------------- ---------- ----- --------- ------ ----- --- --- --------- --------- ------ ----- ----- ----- ----- ----- ----- ----- ---- ---------------------
Smp_134940.1         -            731 524165at33208        -            357   4.8e-59  198.9   0.8   1   4   3.2e-46   2.1e-43  147.5   0.1     7   211   104   353    98   387 0.75 transcript=Smp_134940.1 gene=Smp_134940
Smp_134940.1         -            731 524165at33208        -            357   4.8e-59  198.9   0.8   2   4      0.56   3.6e+02   -1.3   0.0   134   156   435   457   431   477 0.81 transcript=Smp_134940.1 gene=Smp_134940
Smp_134940.1         -            731 524165at33208        -            357   4.8e-59  198.9   0.8   3   4   3.2e-13   2.1e-10   39.0   0.0   208   295   474   581   456   595 0.70 transcript=Smp_134940.1 gene=Smp_134940
Smp_134940.1         -            731 524165at33208        -            357   4.8e-59  198.9   0.8   4   4     0.026        17    3.1   0.0   311   334   623   648   587   661 0.71 transcript=Smp_134940.1 gene=Smp_134940
Smp_063070.1         -            297 524165at33208        -            357   1.6e-05   22.8   0.4   1   2      0.03        20    2.8   0.1   147   176    81   110    38   115 0.74 transcript=Smp_063070.1 gene=Smp_063070
Smp_063070.1         -            297 524165at33208        -            357   1.6e-05   22.8   0.4   2   2   7.2e-07   0.00046   18.1   0.0    41   147   120   242   116   250 0.75 transcript=Smp_063070.1 gene=Smp_063070
Smp_179910.1         -            184 524165at33208        -            357   2.4e-05   22.3   0.0   1   2     0.025        16    3.1   0.0   150   175     6    31     1    42 0.83 transcript=Smp_179910.1 gene=Smp_179910
Smp_179910.1         -            184 524165at33208        -            357   2.4e-05   22.3   0.0   2   2   1.4e-06   0.00088   17.1   0.0    95   146   111   160   107   164 0.84 transcript=Smp_179910.1 gene=Smp_179910
Smp_105480.1         -            186 524165at33208        -            357   0.00014   19.8   0.7   1   2   0.00022      0.14    9.9   0.1   148   172    18    42     5    58 0.84 transcript=Smp_105480.1 gene=Smp_105480
Smp_105480.1         -            186 524165at33208        -            357   0.00014   19.8   0.7   2   2   0.00049      0.31    8.8   0.1    37    93    84   145    64   156 0.82 transcript=Smp_105480.1 gene=Smp_105480
Smp_305130.1         -            130 524165at33208        -            357   0.00055   17.8   0.0   1   1   1.2e-06   0.00078   17.3   0.0   150   179    74   103    68   121 0.84 transcript=Smp_305130.1 gene=Smp_305130
Smp_312770.1         -            162 524165at33208        -            357   0.00055   17.8   0.1   1   2      0.27   1.7e+02   -0.3   0.0   152   170    12    30     3    39 0.76 transcript=Smp_312770.1 gene=Smp_312770
Smp_312770.1         -            162 524165at33208        -            357   0.00055   17.8   0.1   2   2     4e-06    0.0025   15.6   0.1    79   140    97   159    84   161 0.85 transcript=Smp_312770.1 gene=Smp_312770
Smp_139340.1         -            226 524165at33208        -            357   0.00056   17.8   0.0   1   2      0.31     2e+02   -0.5   0.0   153   164    26    37    21    45 0.83 transcript=Smp_139340.1 gene=Smp_139340
Smp_139340.1         -            226 524165at33208        -            357   0.00056   17.8   0.0   2   2   4.2e-06    0.0027   15.5   0.0    94   146   138   189   134   193 0.94 transcript=Smp_139340.1 gene=Smp_139340
Smp_305120.1         -            584 524165at33208        -            357   0.00069   17.5   0.0   1   1   2.2e-06    0.0014   16.5   0.0   150   258    74   191    70   210 0.63 transcript=Smp_305120.1 gene=Smp_305120
Smp_016550.1         -            559 524165at33208        -            357    0.0011   16.8   0.4   1   3      0.74   4.8e+02   -1.7   0.0   300   337   147   184   130   194 0.72 transcript=Smp_016550.1 gene=Smp_016550
Smp_016550.1         -            559 524165at33208        -            357    0.0011   16.8   0.4   2   3   0.00082      0.53    8.0   0.0   150   179   282   311   275   320 0.85 transcript=Smp_016550.1 gene=Smp_016550
Smp_016550.1         -            559 524165at33208        -            357    0.0011   16.8   0.4   3   3    0.0056       3.6    5.3   0.1   128   145   465   482   442   486 0.85 transcript=Smp_016550.1 gene=Smp_016550
Smp_169460.1         -            212 524165at33208        -            357    0.0015   16.4   0.2   1   2   4.6e-05     0.029   12.1   0.0   148   169    21    42    12    53 0.85 transcript=Smp_169460.1 gene=Smp_169460
Smp_169460.1         -            212 524165at33208        -            357    0.0015   16.4   0.2   2   2     0.047        30    2.2   0.0    96   140   130   172   116   180 0.80 transcript=Smp_169460.1 gene=Smp_169460
Smp_163580.2         -            203 524165at33208        -            357    0.0025   15.6   0.2   1   2       0.2   1.3e+02    0.2   0.0   145   173     8    36     3    71 0.82 transcript=Smp_163580.2 gene=Smp_163580
Smp_163580.2         -            203 524165at33208        -            357    0.0025   15.6   0.2   2   2     2e-05     0.013   13.3   0.1    95   147   118   169    99   172 0.91 transcript=Smp_163580.2 gene=Smp_163580
Smp_163580.1         -            205 524165at33208        -            357    0.0026   15.6   0.2   1   2       0.2   1.3e+02    0.2   0.0   145   173     8    36     3    71 0.82 transcript=Smp_163580.1 gene=Smp_163580
Smp_163580.1         -            205 524165at33208        -            357    0.0026   15.6   0.2   2   2     2e-05     0.013   13.3   0.1    95   147   118   169    99   172 0.91 transcript=Smp_163580.1 gene=Smp_163580
Smp_159930.1         -            184 524165at33208        -            357    0.0045   14.8   0.0   1   2   0.00043      0.27    8.9   0.0   149   175    19    45     5    57 0.89 transcript=Smp_159930.1 gene=Smp_159930
Smp_159930.1         -            184 524165at33208        -            357    0.0045   14.8   0.0   2   2     0.015       9.5    3.9   0.0    94   144   120   172   110   177 0.75 transcript=Smp_159930.1 gene=Smp_159930
Smp_021070.1         -            406 524165at33208        -            357     0.021   12.6   0.4   1   3     0.037        24    2.6   0.1    93   112   137   156    76   182 0.76 transcript=Smp_021070.1 gene=Smp_021070
Smp_021070.1         -            406 524165at33208        -            357     0.021   12.6   0.4   2   3    0.0013      0.87    7.3   0.0   151   174   231   254   226   260 0.88 transcript=Smp_021070.1 gene=Smp_021070
Smp_021070.1         -            406 524165at33208        -            357     0.021   12.6   0.4   3   3      0.95   6.1e+02   -2.1   0.0   208   225   269   285   257   293 0.69 transcript=Smp_021070.1 gene=Smp_021070
Smp_015720.1         -            396 524165at33208        -            357     0.022   12.5   0.0   1   1   6.4e-05     0.041   11.7   0.0   152   172    26    46    21    56 0.89 transcript=Smp_015720.1 gene=Smp_015720
Smp_126170.1         -            781 524165at33208        -            357     0.039   11.7   1.9   1   1   0.00014     0.088   10.6   1.9     3    52   684   732   682   742 0.91 transcript=Smp_126170.1 gene=Smp_126170
Smp_087810.1         -            645 524165at33208        -            357     0.049   11.4   0.0   1   2       1.8   1.2e+03   -3.0   0.0    96   107   246   257   242   278 0.79 transcript=Smp_087810.1 gene=Smp_087810
Smp_087810.1         -            645 524165at33208        -            357     0.049   11.4   0.0   2   2    0.0002      0.13   10.0   0.0   150   175   309   334   290   351 0.88 transcript=Smp_087810.1 gene=Smp_087810
#
# Program:         hmmsearch
# Version:         3.4 (Aug 2023)
# Pipeline mode:   SEARCH
# Query file:      /users/40483456/busco_datasets/busco_downloads/lineages/metazoa_odb10/hmms/524165at33208.hmm
# Target file:     /users/40483456/protein/schistosoma_mansoni.fa
# Option settings: hmmsearch --domtblout /users/40483456/busco/results_pro/schistosoma_mansoni_busco/run_metazoa_odb10/hmmer_output/initial_run_results/524165at33208.out --cpu 1 /users/40483456/busco_datasets/busco_downloads/lineages/metazoa_odb10/hmms/524165at33208.hmm /users/40483456/protein/schistosoma_mansoni.fa 
# Current dir:     /users/40483456
# Date:            Thu Jan 15 17:54:16 2026
# [ok]
