#                                                                            --- full sequence --- -------------- this domain -------------   hmm coord   ali coord   env coord
# target name        accession   tlen query name           accession   qlen   E-value  score  bias   #  of  c-Evalue  i-Evalue  score  bias  from    to  from    to  from    to  acc description of target
#------------------- ---------- ----- -------------------- ---------- ----- --------- ------ ----- --- --- --------- --------- ------ ----- ----- ----- ----- ----- ----- ----- ---- ---------------------
Smp_347810.1         -            530 595858at33208        -            348  7.5e-110  366.6  20.8   1   3      0.79   7.9e+02   -1.8   0.1   125   157    19    52    17    63 0.68 transcript=Smp_347810.1 gene=Smp_347810
Smp_347810.1         -            530 595858at33208        -            348  7.5e-110  366.6  20.8   2   3   4.2e-19   4.2e-16   58.3   0.0     6    89    86   181    83   250 0.85 transcript=Smp_347810.1 gene=Smp_347810
Smp_347810.1         -            530 595858at33208        -            348  7.5e-110  366.6  20.8   3   3   1.1e-94   1.1e-91  306.9  13.1   113   347   255   526   217   527 0.87 transcript=Smp_347810.1 gene=Smp_347810
Smp_165040.1         -            347 595858at33208        -            348     2e-06   26.4   1.8   1   1   3.4e-09   3.3e-06   25.7   1.8   215   337   179   302   145   308 0.79 transcript=Smp_165040.1 gene=Smp_165040
Smp_245250.1         -           1025 595858at33208        -            348   0.00022   19.7   0.1   1   1   3.6e-07   0.00036   19.0   0.1   245   345   620   723   614   726 0.83 transcript=Smp_245250.1 gene=Smp_245250
Smp_079800.1         -            710 595858at33208        -            348   0.00027   19.4   4.6   1   1   4.9e-07   0.00049   18.6   4.6   188   323   339   474   325   489 0.80 transcript=Smp_079800.1 gene=Smp_079800
Smp_042770.1         -           1051 595858at33208        -            348   0.00036   19.0   2.7   1   2     3e-06     0.003   16.0   1.1   272   336   331   395   324   398 0.87 transcript=Smp_042770.1 gene=Smp_042770
Smp_042770.1         -           1051 595858at33208        -            348   0.00036   19.0   2.7   2   2     0.075        74    1.5   0.0    15    83   684   748   676   767 0.78 transcript=Smp_042770.1 gene=Smp_042770
Smp_165700.1         -            884 595858at33208        -            348    0.0014   17.1   4.3   1   1   2.2e-06    0.0022   16.5   4.3   198   327   195   328   180   338 0.84 transcript=Smp_165700.1 gene=Smp_165700
Smp_130480.1         -            633 595858at33208        -            348    0.0034   15.8   1.0   1   1   5.9e-06    0.0058   15.0   1.0   197   339   385   527   370   536 0.83 transcript=Smp_130480.1 gene=Smp_130480
Smp_176370.1         -            841 595858at33208        -            348    0.0037   15.7   1.9   1   1   6.2e-06    0.0062   15.0   1.9   214   295   138   217   124   251 0.84 transcript=Smp_176370.1 gene=Smp_176370
Smp_210470.1         -            413 595858at33208        -            348    0.0065   14.9   0.3   1   1   9.7e-06    0.0096   14.3   0.3   237   344   289   401   224   404 0.73 transcript=Smp_210470.1 gene=Smp_210470
Smp_343790.1         -            653 595858at33208        -            348     0.011   14.2   0.1   1   1   1.7e-05     0.016   13.6   0.1   251   311   523   583   466   619 0.71 transcript=Smp_343790.1 gene=Smp_343790
Smp_133790.1         -            975 595858at33208        -            348     0.015   13.7   4.7   1   3      0.45   4.5e+02   -1.0   0.0   243   277   309   343   295   346 0.87 transcript=Smp_133790.1 gene=Smp_133790
Smp_133790.1         -            975 595858at33208        -            348     0.015   13.7   4.7   2   3   1.3e-05     0.013   13.9   1.9   254   333   347   426   321   436 0.83 transcript=Smp_133790.1 gene=Smp_133790
Smp_133790.1         -            975 595858at33208        -            348     0.015   13.7   4.7   3   3      0.92   9.1e+02   -2.0   0.0   284   297   803   816   781   823 0.81 transcript=Smp_133790.1 gene=Smp_133790
#
# Program:         hmmsearch
# Version:         3.4 (Aug 2023)
# Pipeline mode:   SEARCH
# Query file:      /users/40483456/busco_datasets/busco_downloads/lineages/metazoa_odb10/hmms/595858at33208.hmm
# Target file:     /users/40483456/protein/schistosoma_mansoni.fa
# Option settings: hmmsearch --domtblout /users/40483456/busco/results_pro/schistosoma_mansoni_busco/run_metazoa_odb10/hmmer_output/initial_run_results/595858at33208.out --cpu 1 /users/40483456/busco_datasets/busco_downloads/lineages/metazoa_odb10/hmms/595858at33208.hmm /users/40483456/protein/schistosoma_mansoni.fa 
# Current dir:     /users/40483456
# Date:            Thu Jan 15 17:54:21 2026
# [ok]
