#                                                                            --- full sequence --- -------------- this domain -------------   hmm coord   ali coord   env coord
# target name        accession   tlen query name           accession   qlen   E-value  score  bias   #  of  c-Evalue  i-Evalue  score  bias  from    to  from    to  from    to  acc description of target
#------------------- ---------- ----- -------------------- ---------- ----- --------- ------ ----- --- --- --------- --------- ------ ----- ----- ----- ----- ----- ----- ----- ---- ---------------------
SGUI1_1140.2         -            897 182834at33208        -            549  4.2e-122  408.5  15.4   1   4   1.3e-32   1.4e-29  103.1   0.7    58   228   190   371   152   420 0.70 transcript=SGUI1_1140.2 gene=SGUI1_1140
SGUI1_1140.2         -            897 182834at33208        -            549  4.2e-122  408.5  15.4   2   4   1.7e-42   1.8e-39  135.7   0.4   246   344   442   543   426   547 0.89 transcript=SGUI1_1140.2 gene=SGUI1_1140
SGUI1_1140.2         -            897 182834at33208        -            549  4.2e-122  408.5  15.4   3   4   3.6e-27   3.8e-24   85.2   0.1   342   455   623   741   613   760 0.91 transcript=SGUI1_1140.2 gene=SGUI1_1140
SGUI1_1140.2         -            897 182834at33208        -            549  4.2e-122  408.5  15.4   4   4   1.6e-29   1.7e-26   92.9   0.2   464   548   806   893   798   894 0.91 transcript=SGUI1_1140.2 gene=SGUI1_1140
SGUI1_1140.3         -            897 182834at33208        -            549  4.2e-122  408.5  15.4   1   4   1.3e-32   1.4e-29  103.1   0.7    58   228   190   371   152   420 0.70 transcript=SGUI1_1140.3 gene=SGUI1_1140
SGUI1_1140.3         -            897 182834at33208        -            549  4.2e-122  408.5  15.4   2   4   1.7e-42   1.8e-39  135.7   0.4   246   344   442   543   426   547 0.89 transcript=SGUI1_1140.3 gene=SGUI1_1140
SGUI1_1140.3         -            897 182834at33208        -            549  4.2e-122  408.5  15.4   3   4   3.6e-27   3.8e-24   85.2   0.1   342   455   623   741   613   760 0.91 transcript=SGUI1_1140.3 gene=SGUI1_1140
SGUI1_1140.3         -            897 182834at33208        -            549  4.2e-122  408.5  15.4   4   4   1.6e-29   1.7e-26   92.9   0.2   464   548   806   893   798   894 0.91 transcript=SGUI1_1140.3 gene=SGUI1_1140
SGUI1_1140.4         -            897 182834at33208        -            549  4.2e-122  408.5  15.4   1   4   1.3e-32   1.4e-29  103.1   0.7    58   228   190   371   152   420 0.70 transcript=SGUI1_1140.4 gene=SGUI1_1140
SGUI1_1140.4         -            897 182834at33208        -            549  4.2e-122  408.5  15.4   2   4   1.7e-42   1.8e-39  135.7   0.4   246   344   442   543   426   547 0.89 transcript=SGUI1_1140.4 gene=SGUI1_1140
SGUI1_1140.4         -            897 182834at33208        -            549  4.2e-122  408.5  15.4   3   4   3.6e-27   3.8e-24   85.2   0.1   342   455   623   741   613   760 0.91 transcript=SGUI1_1140.4 gene=SGUI1_1140
SGUI1_1140.4         -            897 182834at33208        -            549  4.2e-122  408.5  15.4   4   4   1.6e-29   1.7e-26   92.9   0.2   464   548   806   893   798   894 0.91 transcript=SGUI1_1140.4 gene=SGUI1_1140
SGUI1_1140.5         -            897 182834at33208        -            549  4.2e-122  408.5  15.4   1   4   1.3e-32   1.4e-29  103.1   0.7    58   228   190   371   152   420 0.70 transcript=SGUI1_1140.5 gene=SGUI1_1140
SGUI1_1140.5         -            897 182834at33208        -            549  4.2e-122  408.5  15.4   2   4   1.7e-42   1.8e-39  135.7   0.4   246   344   442   543   426   547 0.89 transcript=SGUI1_1140.5 gene=SGUI1_1140
SGUI1_1140.5         -            897 182834at33208        -            549  4.2e-122  408.5  15.4   3   4   3.6e-27   3.8e-24   85.2   0.1   342   455   623   741   613   760 0.91 transcript=SGUI1_1140.5 gene=SGUI1_1140
SGUI1_1140.5         -            897 182834at33208        -            549  4.2e-122  408.5  15.4   4   4   1.6e-29   1.7e-26   92.9   0.2   464   548   806   893   798   894 0.91 transcript=SGUI1_1140.5 gene=SGUI1_1140
SGUI1_1140.6         -            897 182834at33208        -            549  4.2e-122  408.5  15.4   1   4   1.3e-32   1.4e-29  103.1   0.7    58   228   190   371   152   420 0.70 transcript=SGUI1_1140.6 gene=SGUI1_1140
SGUI1_1140.6         -            897 182834at33208        -            549  4.2e-122  408.5  15.4   2   4   1.7e-42   1.8e-39  135.7   0.4   246   344   442   543   426   547 0.89 transcript=SGUI1_1140.6 gene=SGUI1_1140
SGUI1_1140.6         -            897 182834at33208        -            549  4.2e-122  408.5  15.4   3   4   3.6e-27   3.8e-24   85.2   0.1   342   455   623   741   613   760 0.91 transcript=SGUI1_1140.6 gene=SGUI1_1140
SGUI1_1140.6         -            897 182834at33208        -            549  4.2e-122  408.5  15.4   4   4   1.6e-29   1.7e-26   92.9   0.2   464   548   806   893   798   894 0.91 transcript=SGUI1_1140.6 gene=SGUI1_1140
SGUI1_1140.7         -            897 182834at33208        -            549  4.2e-122  408.5  15.4   1   4   1.3e-32   1.4e-29  103.1   0.7    58   228   190   371   152   420 0.70 transcript=SGUI1_1140.7 gene=SGUI1_1140
SGUI1_1140.7         -            897 182834at33208        -            549  4.2e-122  408.5  15.4   2   4   1.7e-42   1.8e-39  135.7   0.4   246   344   442   543   426   547 0.89 transcript=SGUI1_1140.7 gene=SGUI1_1140
SGUI1_1140.7         -            897 182834at33208        -            549  4.2e-122  408.5  15.4   3   4   3.6e-27   3.8e-24   85.2   0.1   342   455   623   741   613   760 0.91 transcript=SGUI1_1140.7 gene=SGUI1_1140
SGUI1_1140.7         -            897 182834at33208        -            549  4.2e-122  408.5  15.4   4   4   1.6e-29   1.7e-26   92.9   0.2   464   548   806   893   798   894 0.91 transcript=SGUI1_1140.7 gene=SGUI1_1140
SGUI1_1140.1         -            853 182834at33208        -            549   4.7e-94  315.9  14.9   1   4   1.2e-32   1.2e-29  103.3   0.7    58   228   190   371   152   420 0.70 transcript=SGUI1_1140.1 gene=SGUI1_1140
SGUI1_1140.1         -            853 182834at33208        -            549   4.7e-94  315.9  14.9   2   4   1.6e-42   1.7e-39  135.8   0.4   246   344   442   543   426   547 0.89 transcript=SGUI1_1140.1 gene=SGUI1_1140
SGUI1_1140.1         -            853 182834at33208        -            549   4.7e-94  315.9  14.9   3   4   3.4e-27   3.5e-24   85.3   0.1   342   455   623   741   613   760 0.91 transcript=SGUI1_1140.1 gene=SGUI1_1140
SGUI1_1140.1         -            853 182834at33208        -            549   4.7e-94  315.9  14.9   4   4      0.69   7.2e+02   -1.6   0.2   464   486   806   828   801   833 0.89 transcript=SGUI1_1140.1 gene=SGUI1_1140
SGUI1_53510.1        -            622 182834at33208        -            549   9.8e-11   40.9   0.9   1   2   1.8e-13   1.9e-10   40.0   0.0   264   424   293   465   280   502 0.79 transcript=SGUI1_53510.1 gene=SGUI1_53510
SGUI1_53510.1        -            622 182834at33208        -            549   9.8e-11   40.9   0.9   2   2       1.5   1.6e+03   -2.7   0.2    42    89   561   608   537   612 0.72 transcript=SGUI1_53510.1 gene=SGUI1_53510
SGUI1_66400.7        -            499 182834at33208        -            549   1.3e-08   33.9   0.3   1   1   2.1e-11   2.3e-08   33.1   0.3   277   423   239   399   228   425 0.77 transcript=SGUI1_66400.7 gene=SGUI1_66400
SGUI1_66400.1        -            610 182834at33208        -            549   1.9e-08   33.3   0.3   1   1   3.3e-11   3.5e-08   32.5   0.3   277   423   239   399   229   425 0.77 transcript=SGUI1_66400.1 gene=SGUI1_66400
SGUI1_66400.4        -            610 182834at33208        -            549   1.9e-08   33.3   0.3   1   1   3.3e-11   3.5e-08   32.5   0.3   277   423   239   399   229   425 0.77 transcript=SGUI1_66400.4 gene=SGUI1_66400
SGUI1_66400.6        -            610 182834at33208        -            549   1.9e-08   33.3   0.3   1   1   3.3e-11   3.5e-08   32.5   0.3   277   423   239   399   229   425 0.77 transcript=SGUI1_66400.6 gene=SGUI1_66400
SGUI1_80420.1        -            864 182834at33208        -            549   2.2e-08   33.1   0.5   1   1   4.4e-11   4.7e-08   32.1   0.5   277   447   530   719   520   752 0.80 transcript=SGUI1_80420.1 gene=SGUI1_80420
SGUI1_66400.2        -            700 182834at33208        -            549   2.2e-08   33.1   0.3   1   1   4.3e-11   4.5e-08   32.1   0.3   277   423   440   600   430   626 0.77 transcript=SGUI1_66400.2 gene=SGUI1_66400
SGUI1_66400.8        -            700 182834at33208        -            549   2.2e-08   33.1   0.3   1   1   4.3e-11   4.5e-08   32.1   0.3   277   423   440   600   430   626 0.77 transcript=SGUI1_66400.8 gene=SGUI1_66400
SGUI1_66400.5        -            805 182834at33208        -            549   2.9e-08   32.7   0.3   1   1   5.4e-11   5.7e-08   31.8   0.3   277   423   434   594   424   620 0.77 transcript=SGUI1_66400.5 gene=SGUI1_66400
SGUI1_66400.3        -            811 182834at33208        -            549   2.9e-08   32.7   0.3   1   1   5.5e-11   5.8e-08   31.7   0.3   277   423   440   600   430   626 0.77 transcript=SGUI1_66400.3 gene=SGUI1_66400
#
# Program:         hmmsearch
# Version:         3.4 (Aug 2023)
# Pipeline mode:   SEARCH
# Query file:      /users/40483456/busco_datasets/busco_downloads/lineages/metazoa_odb10/hmms/182834at33208.hmm
# Target file:     /users/40483456/protein/schistosoma_guineensis.fa
# Option settings: hmmsearch --domtblout /users/40483456/busco/results_pro/schistosoma_guineensis_busco/run_metazoa_odb10/hmmer_output/initial_run_results/182834at33208.out --cpu 1 /users/40483456/busco_datasets/busco_downloads/lineages/metazoa_odb10/hmms/182834at33208.hmm /users/40483456/protein/schistosoma_guineensis.fa 
# Current dir:     /users/40483456
# Date:            Thu Jan 15 17:48:48 2026
# [ok]
