#                                                                            --- full sequence --- -------------- this domain -------------   hmm coord   ali coord   env coord
# target name        accession   tlen query name           accession   qlen   E-value  score  bias   #  of  c-Evalue  i-Evalue  score  bias  from    to  from    to  from    to  acc description of target
#------------------- ---------- ----- -------------------- ---------- ----- --------- ------ ----- --- --- --------- --------- ------ ----- ----- ----- ----- ----- ----- ----- ---- ---------------------
SGUI1_54930.1        -           1451 210614at33208        -            665   2.1e-71  241.2  38.6   1  10   8.6e-06     0.026   12.8   0.0    10    39    16    46     1    51 0.83 transcript=SGUI1_54930.1 gene=SGUI1_54930
SGUI1_54930.1        -           1451 210614at33208        -            665   2.1e-71  241.2  38.6   2  10   0.00014      0.43    8.8   0.0    40    87    90   146    86   157 0.75 transcript=SGUI1_54930.1 gene=SGUI1_54930
SGUI1_54930.1        -           1451 210614at33208        -            665   2.1e-71  241.2  38.6   3  10    0.0094        28    2.8   0.0    89   108   194   213   172   218 0.85 transcript=SGUI1_54930.1 gene=SGUI1_54930
SGUI1_54930.1        -           1451 210614at33208        -            665   2.1e-71  241.2  38.6   4  10     0.063   1.9e+02    0.1   0.0   108   138   235   267   230   289 0.89 transcript=SGUI1_54930.1 gene=SGUI1_54930
SGUI1_54930.1        -           1451 210614at33208        -            665   2.1e-71  241.2  38.6   5  10    0.0016       4.7    5.4   0.0   153   215   362   435   354   456 0.76 transcript=SGUI1_54930.1 gene=SGUI1_54930
SGUI1_54930.1        -           1451 210614at33208        -            665   2.1e-71  241.2  38.6   6  10     3e-17   8.9e-14   50.7   0.4   217   302   494   579   488   598 0.92 transcript=SGUI1_54930.1 gene=SGUI1_54930
SGUI1_54930.1        -           1451 210614at33208        -            665   2.1e-71  241.2  38.6   7  10   9.1e-29   2.7e-25   88.8   3.6   313   391   673   750   666   761 0.94 transcript=SGUI1_54930.1 gene=SGUI1_54930
SGUI1_54930.1        -           1451 210614at33208        -            665   2.1e-71  241.2  38.6   8  10      0.37   1.1e+03   -2.5   5.1   394   480   794   882   786   897 0.74 transcript=SGUI1_54930.1 gene=SGUI1_54930
SGUI1_54930.1        -           1451 210614at33208        -            665   2.1e-71  241.2  38.6   9  10   1.7e-13     5e-10   38.3   0.0   481   543  1146  1212  1139  1231 0.81 transcript=SGUI1_54930.1 gene=SGUI1_54930
SGUI1_54930.1        -           1451 210614at33208        -            665   2.1e-71  241.2  38.6  10  10   2.1e-16   6.2e-13   47.9   0.3   555   665  1331  1446  1324  1446 0.84 transcript=SGUI1_54930.1 gene=SGUI1_54930
SGUI1_64270.8        -            954 210614at33208        -            665   3.4e-06   25.7  20.7   1   5     0.021        62    1.7   0.2     9   138    32   193    27   224 0.57 transcript=SGUI1_64270.8 gene=SGUI1_64270
SGUI1_64270.8        -            954 210614at33208        -            665   3.4e-06   25.7  20.7   2   5   0.00029      0.86    7.8   0.4   235   298   355   418   327   423 0.88 transcript=SGUI1_64270.8 gene=SGUI1_64270
SGUI1_64270.8        -            954 210614at33208        -            665   3.4e-06   25.7  20.7   3   5    0.0094        28    2.8   0.0   304   342   484   522   479   525 0.89 transcript=SGUI1_64270.8 gene=SGUI1_64270
SGUI1_64270.8        -            954 210614at33208        -            665   3.4e-06   25.7  20.7   4   5     0.027        80    1.3   4.6   474   546   680   761   545   829 0.67 transcript=SGUI1_64270.8 gene=SGUI1_64270
SGUI1_64270.8        -            954 210614at33208        -            665   3.4e-06   25.7  20.7   5   5   7.3e-08   0.00022   19.7   0.1   552   663   829   950   818   952 0.78 transcript=SGUI1_64270.8 gene=SGUI1_64270
SGUI1_64270.2        -            975 210614at33208        -            665   5.7e-06   24.9  18.2   1   6       0.5   1.5e+03   -2.9   0.0     9    42    32    66    29   127 0.60 transcript=SGUI1_64270.2 gene=SGUI1_64270
SGUI1_64270.2        -            975 210614at33208        -            665   5.7e-06   24.9  18.2   2   6   0.00029      0.88    7.8   0.4   235   298   275   338   247   343 0.88 transcript=SGUI1_64270.2 gene=SGUI1_64270
SGUI1_64270.2        -            975 210614at33208        -            665   5.7e-06   24.9  18.2   3   6    0.0096        29    2.8   0.0   304   342   404   442   399   445 0.89 transcript=SGUI1_64270.2 gene=SGUI1_64270
SGUI1_64270.2        -            975 210614at33208        -            665   5.7e-06   24.9  18.2   4   6      0.14   4.1e+02   -1.0   0.0   351   388   484   521   465   532 0.55 transcript=SGUI1_64270.2 gene=SGUI1_64270
SGUI1_64270.2        -            975 210614at33208        -            665   5.7e-06   24.9  18.2   5   6    0.0093        28    2.8   2.2   477   546   704   782   682   850 0.63 transcript=SGUI1_64270.2 gene=SGUI1_64270
SGUI1_64270.2        -            975 210614at33208        -            665   5.7e-06   24.9  18.2   6   6   7.4e-08   0.00022   19.7   0.0   552   663   850   971   838   973 0.78 transcript=SGUI1_64270.2 gene=SGUI1_64270
SGUI1_64270.1        -           1055 210614at33208        -            665   8.5e-06   24.4  20.9   1   6     0.024        73    1.4   0.2     9   138    32   193    27   224 0.56 transcript=SGUI1_64270.1 gene=SGUI1_64270
SGUI1_64270.1        -           1055 210614at33208        -            665   8.5e-06   24.4  20.9   2   6   0.00032      0.96    7.7   0.4   235   298   355   418   327   422 0.88 transcript=SGUI1_64270.1 gene=SGUI1_64270
SGUI1_64270.1        -           1055 210614at33208        -            665   8.5e-06   24.4  20.9   3   6     0.011        31    2.6   0.0   304   342   484   522   479   525 0.89 transcript=SGUI1_64270.1 gene=SGUI1_64270
SGUI1_64270.1        -           1055 210614at33208        -            665   8.5e-06   24.4  20.9   4   6      0.15   4.4e+02   -1.2   0.0   351   388   564   601   545   612 0.55 transcript=SGUI1_64270.1 gene=SGUI1_64270
SGUI1_64270.1        -           1055 210614at33208        -            665   8.5e-06   24.4  20.9   5   6      0.01        31    2.7   2.3   477   546   784   862   762   931 0.63 transcript=SGUI1_64270.1 gene=SGUI1_64270
SGUI1_64270.1        -           1055 210614at33208        -            665   8.5e-06   24.4  20.9   6   6   8.7e-08   0.00026   19.4   0.0   552   663   930  1051   920  1053 0.78 transcript=SGUI1_64270.1 gene=SGUI1_64270
SGUI1_64270.6        -            836 210614at33208        -            665      0.11   10.8   8.7   1   4     0.017        51    2.0   0.2     9   138    32   193    27   224 0.57 transcript=SGUI1_64270.6 gene=SGUI1_64270
SGUI1_64270.6        -            836 210614at33208        -            665      0.11   10.8   8.7   2   4   0.00024      0.72    8.1   0.4   235   298   355   418   327   423 0.88 transcript=SGUI1_64270.6 gene=SGUI1_64270
SGUI1_64270.6        -            836 210614at33208        -            665      0.11   10.8   8.7   3   4    0.0081        24    3.0   0.0   304   342   484   522   479   525 0.89 transcript=SGUI1_64270.6 gene=SGUI1_64270
SGUI1_64270.6        -            836 210614at33208        -            665      0.11   10.8   8.7   4   4      0.11   3.4e+02   -0.8   0.0   351   388   564   601   545   612 0.55 transcript=SGUI1_64270.6 gene=SGUI1_64270
SGUI1_64270.5        -            869 210614at33208        -            665      0.13   10.5   8.7   1   4     0.018        54    1.9   0.2     9   138    32   193    27   224 0.57 transcript=SGUI1_64270.5 gene=SGUI1_64270
SGUI1_64270.5        -            869 210614at33208        -            665      0.13   10.5   8.7   2   4   0.00025      0.76    8.0   0.4   235   298   355   418   327   423 0.88 transcript=SGUI1_64270.5 gene=SGUI1_64270
SGUI1_64270.5        -            869 210614at33208        -            665      0.13   10.5   8.7   3   4    0.0084        25    3.0   0.0   304   342   484   522   479   525 0.89 transcript=SGUI1_64270.5 gene=SGUI1_64270
SGUI1_64270.5        -            869 210614at33208        -            665      0.13   10.5   8.7   4   4      0.12   3.5e+02   -0.8   0.0   351   388   564   601   545   612 0.55 transcript=SGUI1_64270.5 gene=SGUI1_64270
#
# Program:         hmmsearch
# Version:         3.4 (Aug 2023)
# Pipeline mode:   SEARCH
# Query file:      /users/40483456/busco_datasets/busco_downloads/lineages/metazoa_odb10/hmms/210614at33208.hmm
# Target file:     /users/40483456/protein/schistosoma_guineensis.fa
# Option settings: hmmsearch --domtblout /users/40483456/busco/results_pro/schistosoma_guineensis_busco/run_metazoa_odb10/hmmer_output/initial_run_results/210614at33208.out --cpu 1 /users/40483456/busco_datasets/busco_downloads/lineages/metazoa_odb10/hmms/210614at33208.hmm /users/40483456/protein/schistosoma_guineensis.fa 
# Current dir:     /users/40483456
# Date:            Thu Jan 15 17:48:39 2026
# [ok]
