#                                                                            --- full sequence --- -------------- this domain -------------   hmm coord   ali coord   env coord
# target name        accession   tlen query name           accession   qlen   E-value  score  bias   #  of  c-Evalue  i-Evalue  score  bias  from    to  from    to  from    to  acc description of target
#------------------- ---------- ----- -------------------- ---------- ----- --------- ------ ----- --- --- --------- --------- ------ ----- ----- ----- ----- ----- ----- ----- ---- ---------------------
SGUI1_63040.1        -            585 245567at33208        -            417  5.3e-107  358.4  37.5   1   3   3.9e-72   1.4e-69  235.1  23.8     1   267    37   340    37   373 0.80 transcript=SGUI1_63040.1 gene=SGUI1_63040
SGUI1_63040.1        -            585 245567at33208        -            417  5.3e-107  358.4  37.5   2   3     1e-21   3.7e-19   69.0   1.7   252   362   377   495   358   507 0.85 transcript=SGUI1_63040.1 gene=SGUI1_63040
SGUI1_63040.1        -            585 245567at33208        -            417  5.3e-107  358.4  37.5   3   3   1.6e-19     6e-17   61.7   0.3   360   417   515   577   502   577 0.88 transcript=SGUI1_63040.1 gene=SGUI1_63040
SGUI1_63040.2        -            585 245567at33208        -            417  5.3e-107  358.4  37.5   1   3   3.9e-72   1.4e-69  235.1  23.8     1   267    37   340    37   373 0.80 transcript=SGUI1_63040.2 gene=SGUI1_63040
SGUI1_63040.2        -            585 245567at33208        -            417  5.3e-107  358.4  37.5   2   3     1e-21   3.7e-19   69.0   1.7   252   362   377   495   358   507 0.85 transcript=SGUI1_63040.2 gene=SGUI1_63040
SGUI1_63040.2        -            585 245567at33208        -            417  5.3e-107  358.4  37.5   3   3   1.6e-19     6e-17   61.7   0.3   360   417   515   577   502   577 0.88 transcript=SGUI1_63040.2 gene=SGUI1_63040
SGUI1_33300.2        -            521 245567at33208        -            417   8.6e-23   81.0  18.1   1   4   4.9e-05     0.018   14.0   0.0     8    69    30    89    23   122 0.79 transcript=SGUI1_33300.2 gene=SGUI1_33300
SGUI1_33300.2        -            521 245567at33208        -            417   8.6e-23   81.0  18.1   2   4   2.1e-08   7.7e-06   25.1   3.0   211   345   224   351   215   373 0.69 transcript=SGUI1_33300.2 gene=SGUI1_33300
SGUI1_33300.2        -            521 245567at33208        -            417   8.6e-23   81.0  18.1   3   4       2.2   7.9e+02   -1.2   0.5   123   166   367   410   353   415 0.77 transcript=SGUI1_33300.2 gene=SGUI1_33300
SGUI1_33300.2        -            521 245567at33208        -            417   8.6e-23   81.0  18.1   4   4   2.2e-16   8.2e-14   51.4   0.5   340   415   444   520   434   521 0.90 transcript=SGUI1_33300.2 gene=SGUI1_33300
SGUI1_62190.1        -            193 245567at33208        -            417   8.1e-14   51.4   6.1   1   1   3.4e-16   1.3e-13   50.8   6.1     6    85    21   100    16   131 0.87 transcript=SGUI1_62190.1 gene=SGUI1_62190
SGUI1_5380.1         -            335 245567at33208        -            417   6.3e-12   45.2   1.0   1   1     3e-14   1.1e-11   44.4   1.0    12    71     3    59     1    70 0.90 transcript=SGUI1_5380.1 gene=SGUI1_5380
SGUI1_5380.2         -            335 245567at33208        -            417   6.3e-12   45.2   1.0   1   1     3e-14   1.1e-11   44.4   1.0    12    71     3    59     1    70 0.90 transcript=SGUI1_5380.2 gene=SGUI1_5380
SGUI1_9660.1         -            349 245567at33208        -            417   3.1e-11   42.9   0.2   1   1   1.4e-13     5e-11   42.2   0.2    12    75   100   163    58   177 0.92 transcript=SGUI1_9660.1 gene=SGUI1_9660
SGUI1_77850.1        -            509 245567at33208        -            417   5.5e-10   38.8   0.2   1   1   4.1e-12   1.5e-09   37.4   0.2    10    83   401   480   393   498 0.75 transcript=SGUI1_77850.1 gene=SGUI1_77850
SGUI1_14350.1        -            285 245567at33208        -            417     7e-10   38.4   0.1   1   1     3e-12   1.1e-09   37.8   0.1    14    75     6    69     3    77 0.86 transcript=SGUI1_14350.1 gene=SGUI1_14350
SGUI1_33300.1        -            450 245567at33208        -            417   7.9e-09   35.0  11.4   1   3     4e-05     0.014   14.3   0.0     8    69    30    89    23   122 0.79 transcript=SGUI1_33300.1 gene=SGUI1_33300
SGUI1_33300.1        -            450 245567at33208        -            417   7.9e-09   35.0  11.4   2   3   1.4e-08   5.3e-06   25.7   2.8   211   345   224   351   215   372 0.69 transcript=SGUI1_33300.1 gene=SGUI1_33300
SGUI1_33300.1        -            450 245567at33208        -            417   7.9e-09   35.0  11.4   3   3       1.7   6.3e+02   -0.9   0.6   123   166   367   410   352   416 0.77 transcript=SGUI1_33300.1 gene=SGUI1_33300
SGUI1_21140.6        -            717 245567at33208        -            417   2.1e-08   33.5   0.5   1   1   1.1e-10   3.8e-08   32.7   0.5    13    77    19    83    15   101 0.88 transcript=SGUI1_21140.6 gene=SGUI1_21140
SGUI1_21140.4        -            730 245567at33208        -            417   2.2e-08   33.5   0.5   1   1   1.1e-10   3.9e-08   32.7   0.5    13    77    19    83    15   101 0.88 transcript=SGUI1_21140.4 gene=SGUI1_21140
SGUI1_21140.5        -            730 245567at33208        -            417   2.2e-08   33.5   0.5   1   1   1.1e-10   3.9e-08   32.7   0.5    13    77    19    83    15   101 0.88 transcript=SGUI1_21140.5 gene=SGUI1_21140
SGUI1_28100.1        -            401 245567at33208        -            417   2.8e-08   33.2   0.1   1   1   9.9e-11   3.6e-08   32.8   0.1    10    74     3    65     1    70 0.84 transcript=SGUI1_28100.1 gene=SGUI1_28100
SGUI1_21140.3        -            972 245567at33208        -            417   3.1e-08   33.0   0.5   1   1   1.6e-10   5.7e-08   32.2   0.5    13    77    19    83    15   101 0.88 transcript=SGUI1_21140.3 gene=SGUI1_21140
SGUI1_21140.2        -            982 245567at33208        -            417   3.2e-08   33.0   0.5   1   1   1.6e-10   5.7e-08   32.1   0.5    13    77    19    83    15   101 0.88 transcript=SGUI1_21140.2 gene=SGUI1_21140
SGUI1_35030.1        -            221 245567at33208        -            417   2.5e-07   30.1   0.1   1   1   1.1e-09   3.9e-07   29.4   0.1    10    75    45   108    41   113 0.87 transcript=SGUI1_35030.1 gene=SGUI1_35030
SGUI1_62130.3        -            415 245567at33208        -            417   3.3e-07   29.7   0.4   1   1   1.3e-09   4.8e-07   29.1   0.4    12    74    35    98    32   108 0.85 transcript=SGUI1_62130.3 gene=SGUI1_62130
SGUI1_62130.2        -            453 245567at33208        -            417   3.6e-07   29.5   0.4   1   1   1.5e-09   5.4e-07   28.9   0.4    12    74    35    98    32   108 0.85 transcript=SGUI1_62130.2 gene=SGUI1_62130
SGUI1_62130.1        -            468 245567at33208        -            417   3.8e-07   29.4   0.4   1   1   1.6e-09   5.7e-07   28.9   0.4    12    74    35    98    32   108 0.85 transcript=SGUI1_62130.1 gene=SGUI1_62130
SGUI1_90610.1        -            626 245567at33208        -            417   7.4e-07   28.5  17.7   1   2   3.2e-07   0.00012   21.3   0.1    15    69     5    56     2    68 0.85 transcript=SGUI1_90610.1 gene=SGUI1_90610
SGUI1_90610.1        -            626 245567at33208        -            417   7.4e-07   28.5  17.7   2   2   3.2e-06    0.0012   17.9  13.2    99   218   154   281   148   311 0.74 transcript=SGUI1_90610.1 gene=SGUI1_90610
SGUI1_90610.2        -            626 245567at33208        -            417   7.4e-07   28.5  17.7   1   2   3.2e-07   0.00012   21.3   0.1    15    69     5    56     2    68 0.85 transcript=SGUI1_90610.2 gene=SGUI1_90610
SGUI1_90610.2        -            626 245567at33208        -            417   7.4e-07   28.5  17.7   2   2   3.2e-06    0.0012   17.9  13.2    99   218   154   281   148   311 0.74 transcript=SGUI1_90610.2 gene=SGUI1_90610
SGUI1_69590.1        -            200 245567at33208        -            417   1.8e-06   27.2   0.8   1   1   6.4e-09   2.3e-06   26.8   0.8    13    74    25    87    13    91 0.77 transcript=SGUI1_69590.1 gene=SGUI1_69590
SGUI1_79490.2        -            347 245567at33208        -            417   3.6e-06   26.2   4.2   1   3   9.9e-09   3.6e-06   26.2   4.2    28   106    54   134    40   137 0.83 transcript=SGUI1_79490.2 gene=SGUI1_79490
SGUI1_79490.2        -            347 245567at33208        -            417   3.6e-06   26.2   4.2   2   3       3.9   1.4e+03   -2.1   0.2   155   194   166   205   158   222 0.59 transcript=SGUI1_79490.2 gene=SGUI1_79490
SGUI1_79490.2        -            347 245567at33208        -            417   3.6e-06   26.2   4.2   3   3       9.9   3.6e+03   -3.4   3.5   133   175   282   322   271   336 0.72 transcript=SGUI1_79490.2 gene=SGUI1_79490
SGUI1_79490.1        -            354 245567at33208        -            417   3.8e-06   26.2   4.2   1   2     1e-08   3.8e-06   26.2   4.2    28   106    61   141    47   144 0.83 transcript=SGUI1_79490.1 gene=SGUI1_79490
SGUI1_79490.1        -            354 245567at33208        -            417   3.8e-06   26.2   4.2   2   2         4   1.5e+03   -2.1   0.2   155   194   173   212   165   229 0.59 transcript=SGUI1_79490.1 gene=SGUI1_79490
SGUI1_59210.1        -            219 245567at33208        -            417     4e-06   26.1   0.0   1   1   1.4e-08     5e-06   25.7   0.0    27   100    29   108    20   114 0.76 transcript=SGUI1_59210.1 gene=SGUI1_59210
SGUI1_78770.1        -            195 245567at33208        -            417   4.5e-06   25.9   0.0   1   1   2.1e-08   7.8e-06   25.1   0.0    14    74    31    91    25    93 0.86 transcript=SGUI1_78770.1 gene=SGUI1_78770
SGUI1_11420.1        -            196 245567at33208        -            417   6.8e-06   25.3   0.5   1   2   7.4e-08   2.7e-05   23.3   0.2    12    72    30    87    27    97 0.86 transcript=SGUI1_11420.1 gene=SGUI1_11420
SGUI1_11420.1        -            196 245567at33208        -            417   6.8e-06   25.3   0.5   2   2       1.1     4e+02   -0.3   0.0   146   172   128   154   123   174 0.77 transcript=SGUI1_11420.1 gene=SGUI1_11420
SGUI1_40130.6        -            386 245567at33208        -            417   9.5e-06   24.8   0.7   1   2       1.2   4.3e+02   -0.4   0.1    40    67   155   182   132   200 0.66 transcript=SGUI1_40130.6 gene=SGUI1_40130
SGUI1_40130.6        -            386 245567at33208        -            417   9.5e-06   24.8   0.7   2   2   2.6e-08   9.5e-06   24.8   0.7     9    78   276   349   270   360 0.78 transcript=SGUI1_40130.6 gene=SGUI1_40130
SGUI1_28330.1        -            368 245567at33208        -            417     1e-05   24.7   0.4   1   1     4e-08   1.5e-05   24.2   0.4    12    74    23    86    20    95 0.81 transcript=SGUI1_28330.1 gene=SGUI1_28330
SGUI1_40130.3        -            376 245567at33208        -            417     1e-05   24.7   1.0   1   2       1.2   4.3e+02   -0.4   0.1    40    67   145   172   122   187 0.65 transcript=SGUI1_40130.3 gene=SGUI1_40130
SGUI1_40130.3        -            376 245567at33208        -            417     1e-05   24.7   1.0   2   2   2.9e-08     1e-05   24.7   1.0     9    78   266   339   258   350 0.78 transcript=SGUI1_40130.3 gene=SGUI1_40130
SGUI1_40130.4        -            376 245567at33208        -            417     1e-05   24.7   1.0   1   2       1.2   4.3e+02   -0.4   0.1    40    67   145   172   122   187 0.65 transcript=SGUI1_40130.4 gene=SGUI1_40130
SGUI1_40130.4        -            376 245567at33208        -            417     1e-05   24.7   1.0   2   2   2.9e-08     1e-05   24.7   1.0     9    78   266   339   258   350 0.78 transcript=SGUI1_40130.4 gene=SGUI1_40130
SGUI1_40130.2        -            422 245567at33208        -            417   1.1e-05   24.6   0.7   1   2       1.3   4.8e+02   -0.6   0.1    40    67   191   218   168   235 0.66 transcript=SGUI1_40130.2 gene=SGUI1_40130
SGUI1_40130.2        -            422 245567at33208        -            417   1.1e-05   24.6   0.7   2   2     3e-08   1.1e-05   24.6   0.7     9    78   312   385   306   396 0.78 transcript=SGUI1_40130.2 gene=SGUI1_40130
SGUI1_40130.1        -            486 245567at33208        -            417   1.3e-05   24.4   0.7   1   2       1.7   6.2e+02   -0.9   0.1    41    67   256   282   233   298 0.65 transcript=SGUI1_40130.1 gene=SGUI1_40130
SGUI1_40130.1        -            486 245567at33208        -            417   1.3e-05   24.4   0.7   2   2   3.5e-08   1.3e-05   24.4   0.7     9    78   376   449   369   460 0.78 transcript=SGUI1_40130.1 gene=SGUI1_40130
SGUI1_40130.5        -            496 245567at33208        -            417   1.3e-05   24.3   0.7   1   2       1.7   6.3e+02   -0.9   0.1    41    67   266   292   243   308 0.65 transcript=SGUI1_40130.5 gene=SGUI1_40130
SGUI1_40130.5        -            496 245567at33208        -            417   1.3e-05   24.3   0.7   2   2   3.7e-08   1.3e-05   24.3   0.7     9    78   386   459   379   470 0.78 transcript=SGUI1_40130.5 gene=SGUI1_40130
SGUI1_83430.3        -            832 245567at33208        -            417   0.00024   20.2   2.2   1   2   3.4e-06    0.0012   17.9   0.0    13    71   106   158    96   168 0.87 transcript=SGUI1_83430.3 gene=SGUI1_83430
SGUI1_83430.3        -            832 245567at33208        -            417   0.00024   20.2   2.2   2   2       1.5   5.3e+02   -0.7   2.8   232   255   601   624   579   656 0.51 transcript=SGUI1_83430.3 gene=SGUI1_83430
SGUI1_83430.2        -            843 245567at33208        -            417   0.00025   20.2   2.2   1   2   3.4e-06    0.0013   17.8   0.0    13    71   106   158    96   168 0.87 transcript=SGUI1_83430.2 gene=SGUI1_83430
SGUI1_83430.2        -            843 245567at33208        -            417   0.00025   20.2   2.2   2   2       1.5   5.4e+02   -0.7   2.8   232   255   601   624   579   656 0.51 transcript=SGUI1_83430.2 gene=SGUI1_83430
SGUI1_83430.1        -            962 245567at33208        -            417   0.00026   20.1   2.2   1   2     4e-06    0.0015   17.6   0.0    13    71   106   158    96   168 0.87 transcript=SGUI1_83430.1 gene=SGUI1_83430
SGUI1_83430.1        -            962 245567at33208        -            417   0.00026   20.1   2.2   2   2       1.7   6.3e+02   -0.9   2.8   232   255   601   624   579   656 0.51 transcript=SGUI1_83430.1 gene=SGUI1_83430
SGUI1_12560.1        -            662 245567at33208        -            417   0.00033   19.7   0.0   1   2   9.1e-07   0.00033   19.7   0.0     3    55    40    89    38   128 0.69 transcript=SGUI1_12560.1 gene=SGUI1_12560
SGUI1_12560.1        -            662 245567at33208        -            417   0.00033   19.7   0.0   2   2         8   2.9e+03   -3.1   0.0    84   127   200   245   199   250 0.77 transcript=SGUI1_12560.1 gene=SGUI1_12560
SGUI1_12520.1        -            662 245567at33208        -            417   0.00038   19.5   0.0   1   1     1e-06   0.00038   19.5   0.0     3    55    40    89    38   127 0.72 transcript=SGUI1_12520.1 gene=SGUI1_12520
SGUI1_96610.1        -           2406 245567at33208        -            417   0.00048   19.2   0.0   1   1   3.2e-06    0.0012   18.0   0.0    26    71  1339  1382  1319  1385 0.79 transcript=SGUI1_96610.1 gene=SGUI1_96610
SGUI1_95880.1        -            266 245567at33208        -            417   0.00052   19.1   0.0   1   1   2.2e-06   0.00081   18.5   0.0    12    66   200   251   189   258 0.86 transcript=SGUI1_95880.1 gene=SGUI1_95880
SGUI1_96610.3        -           2762 245567at33208        -            417   0.00057   19.0   0.0   1   1   3.7e-06    0.0014   17.7   0.0    26    71  1695  1738  1675  1741 0.79 transcript=SGUI1_96610.3 gene=SGUI1_96610
SGUI1_96610.2        -           2766 245567at33208        -            417   0.00057   19.0   0.0   1   1   3.7e-06    0.0014   17.7   0.0    26    71  1699  1742  1679  1745 0.79 transcript=SGUI1_96610.2 gene=SGUI1_96610
SGUI1_5010.2         -            263 245567at33208        -            417    0.0033   16.5   0.2   1   1   1.6e-05    0.0057   15.7   0.2    15    70     6    59     3    71 0.78 transcript=SGUI1_5010.2 gene=SGUI1_5010
SGUI1_5010.1         -            313 245567at33208        -            417    0.0045   16.0   0.2   1   1   2.1e-05    0.0076   15.3   0.2    15    70     6    59     3    71 0.78 transcript=SGUI1_5010.1 gene=SGUI1_5010
SGUI1_2060.1         -            145 245567at33208        -            417     0.026   13.5   0.2   1   1   9.5e-05     0.035   13.1   0.2   118   183     5    73     3    77 0.84 transcript=SGUI1_2060.1 gene=SGUI1_2060
SGUI1_24460.1        -            463 245567at33208        -            417     0.053   12.5   0.1   1   2   0.00045      0.16   10.9   0.0   361   405   100   141    96   145 0.90 transcript=SGUI1_24460.1 gene=SGUI1_24460
SGUI1_24460.1        -            463 245567at33208        -            417     0.053   12.5   0.1   2   2       3.1   1.1e+03   -1.8   0.0   234   295   274   336   265   349 0.75 transcript=SGUI1_24460.1 gene=SGUI1_24460
SGUI1_23690.1        -            110 245567at33208        -            417      0.08   11.9   0.0   1   1   0.00023     0.083   11.9   0.0    25    48    66    89    51   110 0.81 transcript=SGUI1_23690.1 gene=SGUI1_23690
#
# Program:         hmmsearch
# Version:         3.4 (Aug 2023)
# Pipeline mode:   SEARCH
# Query file:      /users/40483456/busco_datasets/busco_downloads/lineages/metazoa_odb10/hmms/245567at33208.hmm
# Target file:     /users/40483456/protein/schistosoma_guineensis.fa
# Option settings: hmmsearch --domtblout /users/40483456/busco/results_pro/schistosoma_guineensis_busco/run_metazoa_odb10/hmmer_output/initial_run_results/245567at33208.out --cpu 1 /users/40483456/busco_datasets/busco_downloads/lineages/metazoa_odb10/hmms/245567at33208.hmm /users/40483456/protein/schistosoma_guineensis.fa 
# Current dir:     /users/40483456
# Date:            Thu Jan 15 17:48:38 2026
# [ok]
