#                                                                            --- full sequence --- -------------- this domain -------------   hmm coord   ali coord   env coord
# target name        accession   tlen query name           accession   qlen   E-value  score  bias   #  of  c-Evalue  i-Evalue  score  bias  from    to  from    to  from    to  acc description of target
#------------------- ---------- ----- -------------------- ---------- ----- --------- ------ ----- --- --- --------- --------- ------ ----- ----- ----- ----- ----- ----- ----- ---- ---------------------
SGUI1_69050.1        -            614 279992at33208        -            342   1.2e-81  274.2  13.3   1   3   3.6e-68   2.1e-64  217.4   0.1    41   208   109   284    91   296 0.88 transcript=SGUI1_69050.1 gene=SGUI1_69050
SGUI1_69050.1        -            614 279992at33208        -            342   1.2e-81  274.2  13.3   2   3   9.5e-18   5.7e-14   51.6   0.6   206   287   399   490   373   496 0.78 transcript=SGUI1_69050.1 gene=SGUI1_69050
SGUI1_69050.1        -            614 279992at33208        -            342   1.2e-81  274.2  13.3   3   3   2.1e-05      0.13   11.0   2.3   284   340   526   594   495   596 0.69 transcript=SGUI1_69050.1 gene=SGUI1_69050
SGUI1_46670.1        -            575 279992at33208        -            342   1.5e-39  135.7  16.3   1   4   1.9e-35   1.1e-31  109.8   0.9    28   167    59   217    45   226 0.83 transcript=SGUI1_46670.1 gene=SGUI1_46670
SGUI1_46670.1        -            575 279992at33208        -            342   1.5e-39  135.7  16.3   2   4   4.5e-10   2.7e-06   26.3   3.7   217   286   368   447   352   458 0.75 transcript=SGUI1_46670.1 gene=SGUI1_46670
SGUI1_46670.1        -            575 279992at33208        -            342   1.5e-39  135.7  16.3   3   4     0.005        30    3.2   0.1   272   297   455   480   442   488 0.84 transcript=SGUI1_46670.1 gene=SGUI1_46670
SGUI1_46670.1        -            575 279992at33208        -            342   1.5e-39  135.7  16.3   4   4     0.036   2.1e+02    0.4   0.0   287   328   487   528   484   536 0.84 transcript=SGUI1_46670.1 gene=SGUI1_46670
SGUI1_58080.1        -           3331 279992at33208        -            342    0.0002   20.2  12.7   1   3   0.00015      0.89    8.2   0.6   266   316   740   790   725   805 0.84 transcript=SGUI1_58080.1 gene=SGUI1_58080
SGUI1_58080.1        -           3331 279992at33208        -            342    0.0002   20.2  12.7   2   3   0.00015      0.89    8.2   0.6   266   316  1621  1671  1606  1686 0.84 transcript=SGUI1_58080.1 gene=SGUI1_58080
SGUI1_58080.1        -           3331 279992at33208        -            342    0.0002   20.2  12.7   3   3   0.00015      0.89    8.2   0.6   266   316  2503  2553  2488  2568 0.84 transcript=SGUI1_58080.1 gene=SGUI1_58080
#
# Program:         hmmsearch
# Version:         3.4 (Aug 2023)
# Pipeline mode:   SEARCH
# Query file:      /users/40483456/busco_datasets/busco_downloads/lineages/metazoa_odb10/hmms/279992at33208.hmm
# Target file:     /users/40483456/protein/schistosoma_guineensis.fa
# Option settings: hmmsearch --domtblout /users/40483456/busco/results_pro/schistosoma_guineensis_busco/run_metazoa_odb10/hmmer_output/initial_run_results/279992at33208.out --cpu 1 /users/40483456/busco_datasets/busco_downloads/lineages/metazoa_odb10/hmms/279992at33208.hmm /users/40483456/protein/schistosoma_guineensis.fa 
# Current dir:     /users/40483456
# Date:            Thu Jan 15 17:48:47 2026
# [ok]
