#                                                                            --- full sequence --- -------------- this domain -------------   hmm coord   ali coord   env coord
# target name        accession   tlen query name           accession   qlen   E-value  score  bias   #  of  c-Evalue  i-Evalue  score  bias  from    to  from    to  from    to  acc description of target
#------------------- ---------- ----- -------------------- ---------- ----- --------- ------ ----- --- --- --------- --------- ------ ----- ----- ----- ----- ----- ----- ----- ---- ---------------------
SGUI1_17600.2        -            821 389527at33208        -            601  1.8e-161  538.5  14.3   1   3   2.4e-91   1.4e-87  294.4   9.1    20   355    93   470    77   478 0.84 transcript=SGUI1_17600.2 gene=SGUI1_17600
SGUI1_17600.2        -            821 389527at33208        -            601  1.8e-161  538.5  14.3   2   3   2.3e-66   1.4e-62  211.9   0.1   356   517   521   683   514   699 0.93 transcript=SGUI1_17600.2 gene=SGUI1_17600
SGUI1_17600.2        -            821 389527at33208        -            601  1.8e-161  538.5  14.3   3   3   2.6e-12   1.6e-08   33.4   0.0   535   599   738   809   701   811 0.80 transcript=SGUI1_17600.2 gene=SGUI1_17600
SGUI1_17600.3        -            821 389527at33208        -            601  1.8e-161  538.5  14.3   1   3   2.4e-91   1.4e-87  294.4   9.1    20   355    93   470    77   478 0.84 transcript=SGUI1_17600.3 gene=SGUI1_17600
SGUI1_17600.3        -            821 389527at33208        -            601  1.8e-161  538.5  14.3   2   3   2.3e-66   1.4e-62  211.9   0.1   356   517   521   683   514   699 0.93 transcript=SGUI1_17600.3 gene=SGUI1_17600
SGUI1_17600.3        -            821 389527at33208        -            601  1.8e-161  538.5  14.3   3   3   2.6e-12   1.6e-08   33.4   0.0   535   599   738   809   701   811 0.80 transcript=SGUI1_17600.3 gene=SGUI1_17600
SGUI1_17600.1        -            620 389527at33208        -            601  1.1e-135  453.3   9.7   1   2   1.1e-91   6.7e-88  295.5   9.1    20   355    93   470    77   478 0.84 transcript=SGUI1_17600.1 gene=SGUI1_17600
SGUI1_17600.1        -            620 389527at33208        -            601  1.1e-135  453.3   9.7   2   2   1.7e-49     1e-45  156.2   0.0   356   454   521   619   514   620 0.97 transcript=SGUI1_17600.1 gene=SGUI1_17600
#
# Program:         hmmsearch
# Version:         3.4 (Aug 2023)
# Pipeline mode:   SEARCH
# Query file:      /users/40483456/busco_datasets/busco_downloads/lineages/metazoa_odb10/hmms/389527at33208.hmm
# Target file:     /users/40483456/protein/schistosoma_guineensis.fa
# Option settings: hmmsearch --domtblout /users/40483456/busco/results_pro/schistosoma_guineensis_busco/run_metazoa_odb10/hmmer_output/initial_run_results/389527at33208.out --cpu 1 /users/40483456/busco_datasets/busco_downloads/lineages/metazoa_odb10/hmms/389527at33208.hmm /users/40483456/protein/schistosoma_guineensis.fa 
# Current dir:     /users/40483456
# Date:            Thu Jan 15 17:48:54 2026
# [ok]
