#                                                                            --- full sequence --- -------------- this domain -------------   hmm coord   ali coord   env coord
# target name        accession   tlen query name           accession   qlen   E-value  score  bias   #  of  c-Evalue  i-Evalue  score  bias  from    to  from    to  from    to  acc description of target
#------------------- ---------- ----- -------------------- ---------- ----- --------- ------ ----- --- --- --------- --------- ------ ----- ----- ----- ----- ----- ----- ----- ---- ---------------------
SGUI1_89480.1        -            524 389570at33208        -            323  4.7e-113  377.5  11.2   1   3   5.8e-55     1e-51  176.0   2.5     1   137    75   231    75   240 0.88 transcript=SGUI1_89480.1 gene=SGUI1_89480
SGUI1_89480.1        -            524 389570at33208        -            323  4.7e-113  377.5  11.2   2   3   1.7e-48     3e-45  154.7   0.3   137   270   267   433   257   453 0.80 transcript=SGUI1_89480.1 gene=SGUI1_89480
SGUI1_89480.1        -            524 389570at33208        -            323  4.7e-113  377.5  11.2   3   3   3.5e-16   6.3e-13   48.5   0.1   265   323   450   509   436   509 0.91 transcript=SGUI1_89480.1 gene=SGUI1_89480
SGUI1_81540.4        -            497 389570at33208        -            323     1e-14   54.4   0.0   1   3   0.00013      0.24   10.5   0.0    17    77   213   275   204   277 0.81 transcript=SGUI1_81540.4 gene=SGUI1_81540
SGUI1_81540.4        -            497 389570at33208        -            323     1e-14   54.4   0.0   2   3   8.8e-07    0.0016   17.6   0.0    78   125   321   375   310   385 0.83 transcript=SGUI1_81540.4 gene=SGUI1_81540
SGUI1_81540.4        -            497 389570at33208        -            323     1e-14   54.4   0.0   3   3   3.2e-08   5.7e-05   22.4   0.0   161   237   395   476   385   483 0.83 transcript=SGUI1_81540.4 gene=SGUI1_81540
SGUI1_81540.5        -            497 389570at33208        -            323     1e-14   54.4   0.0   1   3   0.00013      0.24   10.5   0.0    17    77   213   275   204   277 0.81 transcript=SGUI1_81540.5 gene=SGUI1_81540
SGUI1_81540.5        -            497 389570at33208        -            323     1e-14   54.4   0.0   2   3   8.8e-07    0.0016   17.6   0.0    78   125   321   375   310   385 0.83 transcript=SGUI1_81540.5 gene=SGUI1_81540
SGUI1_81540.5        -            497 389570at33208        -            323     1e-14   54.4   0.0   3   3   3.2e-08   5.7e-05   22.4   0.0   161   237   395   476   385   483 0.83 transcript=SGUI1_81540.5 gene=SGUI1_81540
SGUI1_81540.6        -            497 389570at33208        -            323     1e-14   54.4   0.0   1   3   0.00013      0.24   10.5   0.0    17    77   213   275   204   277 0.81 transcript=SGUI1_81540.6 gene=SGUI1_81540
SGUI1_81540.6        -            497 389570at33208        -            323     1e-14   54.4   0.0   2   3   8.8e-07    0.0016   17.6   0.0    78   125   321   375   310   385 0.83 transcript=SGUI1_81540.6 gene=SGUI1_81540
SGUI1_81540.6        -            497 389570at33208        -            323     1e-14   54.4   0.0   3   3   3.2e-08   5.7e-05   22.4   0.0   161   237   395   476   385   483 0.83 transcript=SGUI1_81540.6 gene=SGUI1_81540
SGUI1_81540.3        -            350 389570at33208        -            323     0.023   13.8   0.1   1   2     8e-05      0.14   11.2   0.0    17    77   213   275   204   277 0.82 transcript=SGUI1_81540.3 gene=SGUI1_81540
SGUI1_81540.3        -            350 389570at33208        -            323     0.023   13.8   0.1   2   2      0.27   4.8e+02   -0.4   0.1    78    94   321   337   313   345 0.85 transcript=SGUI1_81540.3 gene=SGUI1_81540
SGUI1_81540.2        -            348 389570at33208        -            323     0.026   13.7   0.0   1   2   7.9e-05      0.14   11.2   0.0    17    77   213   275   204   277 0.82 transcript=SGUI1_81540.2 gene=SGUI1_81540
SGUI1_81540.2        -            348 389570at33208        -            323     0.026   13.7   0.0   2   2      0.33   5.8e+02   -0.7   0.0    78    94   321   337   314   343 0.87 transcript=SGUI1_81540.2 gene=SGUI1_81540
SGUI1_81530.2        -            107 389570at33208        -            323     0.027   13.6   0.1   1   2   0.00024      0.43    9.6   0.0    55    77    12    34     4    37 0.90 transcript=SGUI1_81530.2 gene=SGUI1_81530
SGUI1_81530.2        -            107 389570at33208        -            323     0.027   13.6   0.1   2   2     0.047        85    2.1   0.0    78    94    80    96    65   105 0.86 transcript=SGUI1_81530.2 gene=SGUI1_81530
SGUI1_81540.1        -            363 389570at33208        -            323     0.031   13.4   0.1   1   2   8.5e-05      0.15   11.1   0.0    17    77   213   275   204   277 0.82 transcript=SGUI1_81540.1 gene=SGUI1_81540
SGUI1_81540.1        -            363 389570at33208        -            323     0.031   13.4   0.1   2   2      0.38   6.8e+02   -0.9   0.1    78    93   321   336   315   341 0.87 transcript=SGUI1_81540.1 gene=SGUI1_81540
SGUI1_81530.1        -            122 389570at33208        -            323     0.045   12.8   0.1   1   2    0.0003      0.54    9.3   0.0    55    77    12    34     4    37 0.90 transcript=SGUI1_81530.1 gene=SGUI1_81530
SGUI1_81530.1        -            122 389570at33208        -            323     0.045   12.8   0.1   2   2     0.071   1.3e+02    1.5   0.0    78    94    80    96    65   101 0.87 transcript=SGUI1_81530.1 gene=SGUI1_81530
SGUI1_2290.1         -            657 389570at33208        -            323     0.054   12.6   0.0   1   2   0.00053      0.94    8.5   0.0    90   123   289   322   271   328 0.88 transcript=SGUI1_2290.1 gene=SGUI1_2290
SGUI1_2290.1         -            657 389570at33208        -            323     0.054   12.6   0.0   2   2     0.073   1.3e+02    1.5   0.0   217   235   530   548   523   585 0.87 transcript=SGUI1_2290.1 gene=SGUI1_2290
#
# Program:         hmmsearch
# Version:         3.4 (Aug 2023)
# Pipeline mode:   SEARCH
# Query file:      /users/40483456/busco_datasets/busco_downloads/lineages/metazoa_odb10/hmms/389570at33208.hmm
# Target file:     /users/40483456/protein/schistosoma_guineensis.fa
# Option settings: hmmsearch --domtblout /users/40483456/busco/results_pro/schistosoma_guineensis_busco/run_metazoa_odb10/hmmer_output/initial_run_results/389570at33208.out --cpu 1 /users/40483456/busco_datasets/busco_downloads/lineages/metazoa_odb10/hmms/389570at33208.hmm /users/40483456/protein/schistosoma_guineensis.fa 
# Current dir:     /users/40483456
# Date:            Thu Jan 15 17:48:55 2026
# [ok]
