#                                                                            --- full sequence --- -------------- this domain -------------   hmm coord   ali coord   env coord
# target name        accession   tlen query name           accession   qlen   E-value  score  bias   #  of  c-Evalue  i-Evalue  score  bias  from    to  from    to  from    to  acc description of target
#------------------- ---------- ----- -------------------- ---------- ----- --------- ------ ----- --- --- --------- --------- ------ ----- ----- ----- ----- ----- ----- ----- ---- ---------------------
SGUI1_89190.6        -            305 450785at33208        -            103   1.2e-34  118.3   0.4   1   1   1.8e-37   2.5e-34  117.2   0.4     9   103   188   287   185   287 0.93 transcript=SGUI1_89190.6 gene=SGUI1_89190
SGUI1_89190.3        -            311 450785at33208        -            103   1.3e-34  118.2   0.4   1   1   1.9e-37   2.6e-34  117.1   0.4     9   103   188   287   185   287 0.93 transcript=SGUI1_89190.3 gene=SGUI1_89190
SGUI1_89190.9        -            383 450785at33208        -            103     2e-34  117.5   0.4   1   1   2.8e-37   3.9e-34  116.6   0.4     9   103   177   276   174   276 0.93 transcript=SGUI1_89190.9 gene=SGUI1_89190
SGUI1_89190.1        -            394 450785at33208        -            103   2.1e-34  117.4   0.4   1   1     3e-37   4.1e-34  116.5   0.4     9   103   188   287   185   287 0.93 transcript=SGUI1_89190.1 gene=SGUI1_89190
SGUI1_89190.2        -            394 450785at33208        -            103   2.1e-34  117.4   0.4   1   1     3e-37   4.1e-34  116.5   0.4     9   103   188   287   185   287 0.93 transcript=SGUI1_89190.2 gene=SGUI1_89190
SGUI1_89190.4        -            394 450785at33208        -            103   2.1e-34  117.4   0.4   1   1     3e-37   4.1e-34  116.5   0.4     9   103   188   287   185   287 0.93 transcript=SGUI1_89190.4 gene=SGUI1_89190
SGUI1_89190.5        -            394 450785at33208        -            103   2.1e-34  117.4   0.4   1   1     3e-37   4.1e-34  116.5   0.4     9   103   188   287   185   287 0.93 transcript=SGUI1_89190.5 gene=SGUI1_89190
SGUI1_89190.7        -            394 450785at33208        -            103   2.1e-34  117.4   0.4   1   1     3e-37   4.1e-34  116.5   0.4     9   103   188   287   185   287 0.93 transcript=SGUI1_89190.7 gene=SGUI1_89190
SGUI1_89190.8        -            394 450785at33208        -            103   2.1e-34  117.4   0.4   1   1     3e-37   4.1e-34  116.5   0.4     9   103   188   287   185   287 0.93 transcript=SGUI1_89190.8 gene=SGUI1_89190
SGUI1_13640.4        -            299 450785at33208        -            103     2e-06   27.6   0.8   1   1   4.1e-09   5.7e-06   26.1   0.8    39    88   209   256   202   274 0.78 transcript=SGUI1_13640.4 gene=SGUI1_13640
SGUI1_13640.5        -            408 450785at33208        -            103   3.8e-06   26.7   0.9   1   1   7.6e-09     1e-05   25.3   0.9    39    88   209   256   203   274 0.78 transcript=SGUI1_13640.5 gene=SGUI1_13640
SGUI1_13640.1        -            419 450785at33208        -            103   3.9e-06   26.6   0.9   1   1   7.9e-09   1.1e-05   25.2   0.9    39    88   209   256   203   274 0.78 transcript=SGUI1_13640.1 gene=SGUI1_13640
SGUI1_13640.2        -            498 450785at33208        -            103   5.3e-06   26.2   0.9   1   1     1e-08   1.4e-05   24.9   0.9    39    88   209   256   203   274 0.78 transcript=SGUI1_13640.2 gene=SGUI1_13640
#
# Program:         hmmsearch
# Version:         3.4 (Aug 2023)
# Pipeline mode:   SEARCH
# Query file:      /users/40483456/busco_datasets/busco_downloads/lineages/metazoa_odb10/hmms/450785at33208.hmm
# Target file:     /users/40483456/protein/schistosoma_guineensis.fa
# Option settings: hmmsearch --domtblout /users/40483456/busco/results_pro/schistosoma_guineensis_busco/run_metazoa_odb10/hmmer_output/initial_run_results/450785at33208.out --cpu 1 /users/40483456/busco_datasets/busco_downloads/lineages/metazoa_odb10/hmms/450785at33208.hmm /users/40483456/protein/schistosoma_guineensis.fa 
# Current dir:     /users/40483456
# Date:            Thu Jan 15 17:48:58 2026
# [ok]
