#                                                                            --- full sequence --- -------------- this domain -------------   hmm coord   ali coord   env coord
# target name        accession   tlen query name           accession   qlen   E-value  score  bias   #  of  c-Evalue  i-Evalue  score  bias  from    to  from    to  from    to  acc description of target
#------------------- ---------- ----- -------------------- ---------- ----- --------- ------ ----- --- --- --------- --------- ------ ----- ----- ----- ----- ----- ----- ----- ---- ---------------------
SGUI1_58050.1        -            378 503333at33208        -            282  7.2e-116  386.2   6.7   1   1  4.4e-118  1.6e-114  381.8   6.7     1   261    12   299    12   311 0.87 transcript=SGUI1_58050.1 gene=SGUI1_58050
SGUI1_58050.2        -            320 503333at33208        -            282   1.2e-96  323.1   2.8   1   2   9.3e-84   3.3e-80  269.2   1.1    47   193     3   153     1   160 0.96 transcript=SGUI1_58050.2 gene=SGUI1_58050
SGUI1_58050.2        -            320 503333at33208        -            282   1.2e-96  323.1   2.8   2   2   4.4e-18   1.6e-14   53.7   0.0   193   261   171   241   162   254 0.79 transcript=SGUI1_58050.2 gene=SGUI1_58050
SGUI1_78940.1        -            378 503333at33208        -            282   2.3e-18   66.3   0.0   1   3   1.8e-19   6.6e-16   58.2   0.0     5   107    21   132    18   137 0.84 transcript=SGUI1_78940.1 gene=SGUI1_78940
SGUI1_78940.1        -            378 503333at33208        -            282   2.3e-18   66.3   0.0   2   3    0.0038        14    4.7   0.0   127   181   188   242   177   265 0.82 transcript=SGUI1_78940.1 gene=SGUI1_78940
SGUI1_78940.1        -            378 503333at33208        -            282   2.3e-18   66.3   0.0   3   3      0.39   1.4e+03   -1.9   0.0    80   111   301   334   284   337 0.77 transcript=SGUI1_78940.1 gene=SGUI1_78940
SGUI1_71540.1        -            789 503333at33208        -            282     3e-18   65.9   0.0   1   1   1.8e-21   6.4e-18   64.8   0.0     5   173     7   184     4   211 0.84 transcript=SGUI1_71540.1 gene=SGUI1_71540
SGUI1_25680.1        -            216 503333at33208        -            282      0.11   11.6   0.0   1   2   0.00032       1.2    8.2   0.0     4    44    12    52     9    65 0.85 transcript=SGUI1_25680.1 gene=SGUI1_25680
SGUI1_25680.1        -            216 503333at33208        -            282      0.11   11.6   0.0   2   2     0.049   1.8e+02    1.1   0.0   156   176   113   133   108   152 0.85 transcript=SGUI1_25680.1 gene=SGUI1_25680
#
# Program:         hmmsearch
# Version:         3.4 (Aug 2023)
# Pipeline mode:   SEARCH
# Query file:      /users/40483456/busco_datasets/busco_downloads/lineages/metazoa_odb10/hmms/503333at33208.hmm
# Target file:     /users/40483456/protein/schistosoma_guineensis.fa
# Option settings: hmmsearch --domtblout /users/40483456/busco/results_pro/schistosoma_guineensis_busco/run_metazoa_odb10/hmmer_output/initial_run_results/503333at33208.out --cpu 1 /users/40483456/busco_datasets/busco_downloads/lineages/metazoa_odb10/hmms/503333at33208.hmm /users/40483456/protein/schistosoma_guineensis.fa 
# Current dir:     /users/40483456
# Date:            Thu Jan 15 17:49:07 2026
# [ok]
