#                                                                            --- full sequence --- -------------- this domain -------------   hmm coord   ali coord   env coord
# target name        accession   tlen query name           accession   qlen   E-value  score  bias   #  of  c-Evalue  i-Evalue  score  bias  from    to  from    to  from    to  acc description of target
#------------------- ---------- ----- -------------------- ---------- ----- --------- ------ ----- --- --- --------- --------- ------ ----- ----- ----- ----- ----- ----- ----- ---- ---------------------
SGUI1_48400.1        -            244 511668at33208        -            186   2.3e-36  125.3   9.8   1   3   8.2e-18   2.9e-14   53.2   0.9     4    93     9   108     6   112 0.82 transcript=SGUI1_48400.1 gene=SGUI1_48400
SGUI1_48400.1        -            244 511668at33208        -            186   2.3e-36  125.3   9.8   2   3   1.4e-05     0.049   13.4   0.4    83   130   115   168   111   179 0.78 transcript=SGUI1_48400.1 gene=SGUI1_48400
SGUI1_48400.1        -            244 511668at33208        -            186   2.3e-36  125.3   9.8   3   3   6.5e-22   2.3e-18   66.6   0.6    96   185   151   243   150   244 0.86 transcript=SGUI1_48400.1 gene=SGUI1_48400
SGUI1_48400.2        -            244 511668at33208        -            186   2.3e-36  125.3   9.8   1   3   8.2e-18   2.9e-14   53.2   0.9     4    93     9   108     6   112 0.82 transcript=SGUI1_48400.2 gene=SGUI1_48400
SGUI1_48400.2        -            244 511668at33208        -            186   2.3e-36  125.3   9.8   2   3   1.4e-05     0.049   13.4   0.4    83   130   115   168   111   179 0.78 transcript=SGUI1_48400.2 gene=SGUI1_48400
SGUI1_48400.2        -            244 511668at33208        -            186   2.3e-36  125.3   9.8   3   3   6.5e-22   2.3e-18   66.6   0.6    96   185   151   243   150   244 0.86 transcript=SGUI1_48400.2 gene=SGUI1_48400
SGUI1_48400.5        -            289 511668at33208        -            186   5.2e-36  124.1   9.7   1   2   1.3e-18   4.6e-15   55.8   6.5     4   130    54   213    51   228 0.73 transcript=SGUI1_48400.5 gene=SGUI1_48400
SGUI1_48400.5        -            289 511668at33208        -            186   5.2e-36  124.1   9.7   2   2     9e-22   3.2e-18   66.1   0.5    96   185   196   288   195   289 0.86 transcript=SGUI1_48400.5 gene=SGUI1_48400
SGUI1_48400.4        -            251 511668at33208        -            186   2.9e-18   66.3   5.9   1   1   1.1e-19   4.1e-16   59.3   5.9     4   155    54   239    51   242 0.73 transcript=SGUI1_48400.4 gene=SGUI1_48400
SGUI1_48400.3        -            233 511668at33208        -            186   9.2e-18   64.6   6.0   1   1   3.8e-19   1.4e-15   57.5   6.0     4   131    54   214    51   232 0.73 transcript=SGUI1_48400.3 gene=SGUI1_48400
#
# Program:         hmmsearch
# Version:         3.4 (Aug 2023)
# Pipeline mode:   SEARCH
# Query file:      /users/40483456/busco_datasets/busco_downloads/lineages/metazoa_odb10/hmms/511668at33208.hmm
# Target file:     /users/40483456/protein/schistosoma_guineensis.fa
# Option settings: hmmsearch --domtblout /users/40483456/busco/results_pro/schistosoma_guineensis_busco/run_metazoa_odb10/hmmer_output/initial_run_results/511668at33208.out --cpu 1 /users/40483456/busco_datasets/busco_downloads/lineages/metazoa_odb10/hmms/511668at33208.hmm /users/40483456/protein/schistosoma_guineensis.fa 
# Current dir:     /users/40483456
# Date:            Thu Jan 15 17:49:03 2026
# [ok]
