#                                                                            --- full sequence --- -------------- this domain -------------   hmm coord   ali coord   env coord
# target name        accession   tlen query name           accession   qlen   E-value  score  bias   #  of  c-Evalue  i-Evalue  score  bias  from    to  from    to  from    to  acc description of target
#------------------- ---------- ----- -------------------- ---------- ----- --------- ------ ----- --- --- --------- --------- ------ ----- ----- ----- ----- ----- ----- ----- ---- ---------------------
SGUI1_82190.1        -            724 514724at33208        -            159   9.3e-13   48.7   6.0   1   2   1.1e-14   6.7e-11   42.6   0.3    69   120   446   498   425   517 0.86 transcript=SGUI1_82190.1 gene=SGUI1_82190
SGUI1_82190.1        -            724 514724at33208        -            159   9.3e-13   48.7   6.0   2   2   0.00064       3.8    7.7   1.1   120   158   589   628   566   629 0.88 transcript=SGUI1_82190.1 gene=SGUI1_82190
SGUI1_12200.1        -           1337 514724at33208        -            159       0.7   10.1   8.7   1   3       1.4   8.4e+03   -3.2   0.0    71    94   375   396   372   399 0.75 transcript=SGUI1_12200.1 gene=SGUI1_12200
SGUI1_12200.1        -           1337 514724at33208        -            159       0.7   10.1   8.7   2   3   4.8e-05      0.29   11.3   3.3    39   104   446   513   426   518 0.83 transcript=SGUI1_12200.1 gene=SGUI1_12200
SGUI1_12200.1        -           1337 514724at33208        -            159       0.7   10.1   8.7   3   3      0.16   9.4e+02   -0.1   0.0    12    62   960  1006   951  1016 0.76 transcript=SGUI1_12200.1 gene=SGUI1_12200
SGUI1_12200.2        -           1337 514724at33208        -            159       0.7   10.1   8.7   1   3       1.4   8.4e+03   -3.2   0.0    71    94   375   396   372   399 0.75 transcript=SGUI1_12200.2 gene=SGUI1_12200
SGUI1_12200.2        -           1337 514724at33208        -            159       0.7   10.1   8.7   2   3   4.8e-05      0.29   11.3   3.3    39   104   446   513   426   518 0.83 transcript=SGUI1_12200.2 gene=SGUI1_12200
SGUI1_12200.2        -           1337 514724at33208        -            159       0.7   10.1   8.7   3   3      0.16   9.4e+02   -0.1   0.0    12    62   960  1006   951  1016 0.76 transcript=SGUI1_12200.2 gene=SGUI1_12200
#
# Program:         hmmsearch
# Version:         3.4 (Aug 2023)
# Pipeline mode:   SEARCH
# Query file:      /users/40483456/busco_datasets/busco_downloads/lineages/metazoa_odb10/hmms/514724at33208.hmm
# Target file:     /users/40483456/protein/schistosoma_guineensis.fa
# Option settings: hmmsearch --domtblout /users/40483456/busco/results_pro/schistosoma_guineensis_busco/run_metazoa_odb10/hmmer_output/initial_run_results/514724at33208.out --cpu 1 /users/40483456/busco_datasets/busco_downloads/lineages/metazoa_odb10/hmms/514724at33208.hmm /users/40483456/protein/schistosoma_guineensis.fa 
# Current dir:     /users/40483456
# Date:            Thu Jan 15 17:49:06 2026
# [ok]
