#                                                                            --- full sequence --- -------------- this domain -------------   hmm coord   ali coord   env coord
# target name        accession   tlen query name           accession   qlen   E-value  score  bias   #  of  c-Evalue  i-Evalue  score  bias  from    to  from    to  from    to  acc description of target
#------------------- ---------- ----- -------------------- ---------- ----- --------- ------ ----- --- --- --------- --------- ------ ----- ----- ----- ----- ----- ----- ----- ---- ---------------------
SGUI1_31890.1        -            186 523534at33208        -            151   3.5e-78  260.6   2.6   1   1   4.3e-81   1.3e-77  258.8   2.6     1   151    10   178    10   178 0.93 transcript=SGUI1_31890.1 gene=SGUI1_31890
SGUI1_67650.1        -            362 523534at33208        -            151   0.00018   21.4   0.3   1   2   0.00015      0.45   10.3   0.1    71   121   245   296   241   301 0.83 transcript=SGUI1_67650.1 gene=SGUI1_67650
SGUI1_67650.1        -            362 523534at33208        -            151   0.00018   21.4   0.3   2   2   7.9e-05      0.24   11.2   0.0    65   131   291   358   287   362 0.83 transcript=SGUI1_67650.1 gene=SGUI1_67650
SGUI1_55340.1        -            364 523534at33208        -            151    0.0061   16.4   0.3   1   2    0.0011       3.3    7.5   0.0    85   121   262   298   245   304 0.81 transcript=SGUI1_55340.1 gene=SGUI1_55340
SGUI1_55340.1        -            364 523534at33208        -            151    0.0061   16.4   0.3   2   2    0.0014       4.1    7.2   0.0    74   131   302   360   299   364 0.81 transcript=SGUI1_55340.1 gene=SGUI1_55340
SGUI1_55340.2        -            364 523534at33208        -            151    0.0061   16.4   0.3   1   2    0.0011       3.3    7.5   0.0    85   121   262   298   245   304 0.81 transcript=SGUI1_55340.2 gene=SGUI1_55340
SGUI1_55340.2        -            364 523534at33208        -            151    0.0061   16.4   0.3   2   2    0.0014       4.1    7.2   0.0    74   131   302   360   299   364 0.81 transcript=SGUI1_55340.2 gene=SGUI1_55340
SGUI1_1460.1         -            186 523534at33208        -            151     0.015   15.1   4.4   1   2     0.035     1e+02    2.7   0.1    90   124    11    45     6    54 0.82 transcript=SGUI1_1460.1 gene=SGUI1_1460
SGUI1_1460.1         -            186 523534at33208        -            151     0.015   15.1   4.4   2   2   3.6e-05      0.11   12.4   0.6    62   125    84   137    74   142 0.49 transcript=SGUI1_1460.1 gene=SGUI1_1460
SGUI1_39600.1        -            461 523534at33208        -            151      0.37   10.6   2.1   1   2   0.00011      0.33   10.8   0.3    75   118   325   370   316   392 0.83 transcript=SGUI1_39600.1 gene=SGUI1_39600
SGUI1_39600.1        -            461 523534at33208        -            151      0.37   10.6   2.1   2   2       2.2   6.7e+03   -3.2   0.1   113   126   428   441   423   450 0.50 transcript=SGUI1_39600.1 gene=SGUI1_39600
#
# Program:         hmmsearch
# Version:         3.4 (Aug 2023)
# Pipeline mode:   SEARCH
# Query file:      /users/40483456/busco_datasets/busco_downloads/lineages/metazoa_odb10/hmms/523534at33208.hmm
# Target file:     /users/40483456/protein/schistosoma_guineensis.fa
# Option settings: hmmsearch --domtblout /users/40483456/busco/results_pro/schistosoma_guineensis_busco/run_metazoa_odb10/hmmer_output/initial_run_results/523534at33208.out --cpu 1 /users/40483456/busco_datasets/busco_downloads/lineages/metazoa_odb10/hmms/523534at33208.hmm /users/40483456/protein/schistosoma_guineensis.fa 
# Current dir:     /users/40483456
# Date:            Thu Jan 15 17:49:07 2026
# [ok]
