#                                                                            --- full sequence --- -------------- this domain -------------   hmm coord   ali coord   env coord
# target name        accession   tlen query name           accession   qlen   E-value  score  bias   #  of  c-Evalue  i-Evalue  score  bias  from    to  from    to  from    to  acc description of target
#------------------- ---------- ----- -------------------- ---------- ----- --------- ------ ----- --- --- --------- --------- ------ ----- ----- ----- ----- ----- ----- ----- ---- ---------------------
SGUI1_51590.2        -            236 552201at33208        -            181   9.6e-92  305.8   0.4   1   2   3.6e-91   2.6e-88  294.6   0.0     1   157    12   168    12   174 0.98 transcript=SGUI1_51590.2 gene=SGUI1_51590
SGUI1_51590.2        -            236 552201at33208        -            181   9.6e-92  305.8   0.4   2   2     0.001      0.74    9.6   0.1   154   179   206   231   199   233 0.89 transcript=SGUI1_51590.2 gene=SGUI1_51590
SGUI1_51590.1        -            198 552201at33208        -            181   1.2e-88  295.7   0.0   1   1   2.1e-91   1.5e-88  295.4   0.0     1   157    12   168    12   174 0.98 transcript=SGUI1_51590.1 gene=SGUI1_51590
SGUI1_86480.1        -            562 552201at33208        -            181   1.4e-39  135.8   0.0   1   1   3.8e-42   2.7e-39  134.9   0.0     3   138    12   147    10   156 0.92 transcript=SGUI1_86480.1 gene=SGUI1_86480
SGUI1_70410.1        -            154 552201at33208        -            181   3.3e-17   62.9   0.0   1   1   5.3e-20   3.8e-17   62.7   0.0     2   117     5   119     4   142 0.89 transcript=SGUI1_70410.1 gene=SGUI1_70410
SGUI1_34230.1        -            156 552201at33208        -            181   3.4e-17   62.9   0.0   1   1   5.7e-20   4.1e-17   62.6   0.0     2   120     5   122     4   145 0.81 transcript=SGUI1_34230.1 gene=SGUI1_34230
SGUI1_42850.1        -            299 552201at33208        -            181   2.1e-15   57.0   0.0   1   1   4.1e-18   2.9e-15   56.6   0.0     2   129    52   181    51   190 0.87 transcript=SGUI1_42850.1 gene=SGUI1_42850
SGUI1_82340.1        -            149 552201at33208        -            181   2.1e-15   57.0   0.0   1   1   3.5e-18   2.5e-15   56.8   0.0     2   116     2   115     1   128 0.88 transcript=SGUI1_82340.1 gene=SGUI1_82340
SGUI1_42850.2        -            311 552201at33208        -            181     7e-15   55.3   0.0   1   1   1.4e-17     1e-14   54.8   0.0     4   129    66   193    63   202 0.87 transcript=SGUI1_42850.2 gene=SGUI1_42850
SGUI1_34180.1        -            282 552201at33208        -            181   2.8e-14   53.4   0.0   1   1   5.9e-17   4.2e-14   52.8   0.0     4   114    40   158    37   163 0.87 transcript=SGUI1_34180.1 gene=SGUI1_34180
SGUI1_94980.1        -            340 552201at33208        -            181   3.3e-13   49.9   0.0   1   1   9.6e-16   6.9e-13   48.8   0.0     2   116     5   132     4   163 0.78 transcript=SGUI1_94980.1 gene=SGUI1_94980
SGUI1_35310.1        -            168 552201at33208        -            181   2.1e-12   47.2   0.1   1   1   6.3e-15   4.5e-12   46.2   0.1     8   117    12   134     6   155 0.75 transcript=SGUI1_35310.1 gene=SGUI1_35310
SGUI1_42910.1        -            290 552201at33208        -            181   8.1e-12   45.3   0.1   1   1   2.1e-14   1.5e-11   44.4   0.1     4   115    12   136     9   158 0.75 transcript=SGUI1_42910.1 gene=SGUI1_42910
SGUI1_27400.1        -            151 552201at33208        -            181   8.7e-12   45.2   0.0   1   1   1.3e-14   9.5e-12   45.1   0.0     4   112     6   113     3   140 0.84 transcript=SGUI1_27400.1 gene=SGUI1_27400
SGUI1_59620.1        -            156 552201at33208        -            181   2.2e-11   43.9   0.1   1   1   3.5e-14   2.5e-11   43.7   0.1     2   112     4   115     3   151 0.78 transcript=SGUI1_59620.1 gene=SGUI1_59620
SGUI1_89590.1        -            151 552201at33208        -            181   1.1e-10   41.6   0.0   1   1   1.9e-13   1.3e-10   41.4   0.0     3   115     7   118     5   127 0.92 transcript=SGUI1_89590.1 gene=SGUI1_89590
SGUI1_57270.1        -            199 552201at33208        -            181   2.3e-09   37.4   0.0   1   1     4e-12   2.9e-09   37.0   0.0     4   112     7   118     4   128 0.83 transcript=SGUI1_57270.1 gene=SGUI1_57270
SGUI1_35600.2        -            199 552201at33208        -            181   3.2e-08   33.6   0.0   1   1     6e-11   4.3e-08   33.2   0.0     4    72    10    78     7   126 0.85 transcript=SGUI1_35600.2 gene=SGUI1_35600
SGUI1_35600.1        -            206 552201at33208        -            181   3.5e-08   33.5   0.0   1   1   6.6e-11   4.7e-08   33.1   0.0     4    72    10    78     7   125 0.85 transcript=SGUI1_35600.1 gene=SGUI1_35600
SGUI1_53530.1        -            416 552201at33208        -            181   7.3e-08   32.4   0.0   1   1   1.7e-10   1.2e-07   31.8   0.0     4   109   241   346   238   369 0.73 transcript=SGUI1_53530.1 gene=SGUI1_53530
SGUI1_16970.5        -            166 552201at33208        -            181   1.2e-05   25.2   0.0   1   1   2.1e-08   1.5e-05   24.9   0.0    28   111    42   126    10   135 0.74 transcript=SGUI1_16970.5 gene=SGUI1_16970
SGUI1_75520.1        -            186 552201at33208        -            181   6.9e-05   22.8   0.0   1   1   1.3e-07   9.4e-05   22.3   0.0    37    71    38    72     9   117 0.74 transcript=SGUI1_75520.1 gene=SGUI1_75520
SGUI1_75520.2        -            186 552201at33208        -            181   6.9e-05   22.8   0.0   1   1   1.3e-07   9.4e-05   22.3   0.0    37    71    38    72     9   117 0.74 transcript=SGUI1_75520.2 gene=SGUI1_75520
SGUI1_24220.1        -           5858 552201at33208        -            181   0.00032   20.6   0.7   1   2       2.7     2e+03   -1.5   0.2     9    39  1109  1139  1105  1146 0.89 transcript=SGUI1_24220.1 gene=SGUI1_24220
SGUI1_24220.1        -           5858 552201at33208        -            181   0.00032   20.6   0.7   2   2   2.1e-06    0.0015   18.4   0.0    28   111  5641  5736  5611  5744 0.68 transcript=SGUI1_24220.1 gene=SGUI1_24220
SGUI1_79700.1        -            186 552201at33208        -            181     0.011   15.6   0.0   1   1   1.9e-05     0.014   15.3   0.0    24   114    57   151    35   169 0.74 transcript=SGUI1_79700.1 gene=SGUI1_79700
SGUI1_4980.1         -            157 552201at33208        -            181      0.12   12.2   0.0   1   1   0.00022      0.16   11.8   0.0    24    75    51   102    33   112 0.86 transcript=SGUI1_4980.1 gene=SGUI1_4980
#
# Program:         hmmsearch
# Version:         3.4 (Aug 2023)
# Pipeline mode:   SEARCH
# Query file:      /users/40483456/busco_datasets/busco_downloads/lineages/metazoa_odb10/hmms/552201at33208.hmm
# Target file:     /users/40483456/protein/schistosoma_guineensis.fa
# Option settings: hmmsearch --domtblout /users/40483456/busco/results_pro/schistosoma_guineensis_busco/run_metazoa_odb10/hmmer_output/initial_run_results/552201at33208.out --cpu 1 /users/40483456/busco_datasets/busco_downloads/lineages/metazoa_odb10/hmms/552201at33208.hmm /users/40483456/protein/schistosoma_guineensis.fa 
# Current dir:     /users/40483456
# Date:            Thu Jan 15 17:49:14 2026
# [ok]
