#                                                                            --- full sequence --- -------------- this domain -------------   hmm coord   ali coord   env coord
# target name        accession   tlen query name           accession   qlen   E-value  score  bias   #  of  c-Evalue  i-Evalue  score  bias  from    to  from    to  from    to  acc description of target
#------------------- ---------- ----- -------------------- ---------- ----- --------- ------ ----- --- --- --------- --------- ------ ----- ----- ----- ----- ----- ----- ----- ---- ---------------------
SGUI1_31310.1        -            499 563426at33208        -            246   1.6e-69  234.2  16.7   1   5      0.12        71    2.9   0.2    14    36    99   121    88   150 0.72 transcript=SGUI1_31310.1 gene=SGUI1_31310
SGUI1_31310.1        -            499 563426at33208        -            246   1.6e-69  234.2  16.7   2   5   1.5e-05    0.0084   15.7   0.1    47    78   188   219   182   237 0.85 transcript=SGUI1_31310.1 gene=SGUI1_31310
SGUI1_31310.1        -            499 563426at33208        -            246   1.6e-69  234.2  16.7   3   5   0.00098      0.57    9.7   0.1    64   102   244   282   219   288 0.70 transcript=SGUI1_31310.1 gene=SGUI1_31310
SGUI1_31310.1        -            499 563426at33208        -            246   1.6e-69  234.2  16.7   4   5   1.4e-22     8e-20   71.5   0.9    88   146   301   359   285   372 0.83 transcript=SGUI1_31310.1 gene=SGUI1_31310
SGUI1_31310.1        -            499 563426at33208        -            246   1.6e-69  234.2  16.7   5   5   2.2e-44   1.3e-41  142.8   0.1   154   246   398   494   390   494 0.94 transcript=SGUI1_31310.1 gene=SGUI1_31310
SGUI1_50140.1        -            522 563426at33208        -            246   2.6e-34  118.9   0.3   1   3    0.0072       4.2    6.9   0.0   145   231    78   166    61   171 0.70 transcript=SGUI1_50140.1 gene=SGUI1_50140
SGUI1_50140.1        -            522 563426at33208        -            246   2.6e-34  118.9   0.3   2   3     0.014       8.1    6.0   0.0   174   231   203   264   192   268 0.84 transcript=SGUI1_50140.1 gene=SGUI1_50140
SGUI1_50140.1        -            522 563426at33208        -            246   2.6e-34  118.9   0.3   3   3     6e-32   3.5e-29  102.1   0.4   154   245   430   521   420   522 0.96 transcript=SGUI1_50140.1 gene=SGUI1_50140
SGUI1_30440.1        -            522 563426at33208        -            246   1.3e-27   97.0   0.0   1   3   0.00013     0.077   12.6   0.0   202   231   140   169    77   174 0.66 transcript=SGUI1_30440.1 gene=SGUI1_30440
SGUI1_30440.1        -            522 563426at33208        -            246   1.3e-27   97.0   0.0   2   3         1     6e+02   -0.2   0.0   184   231   216   267   201   270 0.76 transcript=SGUI1_30440.1 gene=SGUI1_30440
SGUI1_30440.1        -            522 563426at33208        -            246   1.3e-27   97.0   0.0   3   3   2.9e-25   1.7e-22   80.2   0.1   157   244   428   520   424   522 0.93 transcript=SGUI1_30440.1 gene=SGUI1_30440
SGUI1_4230.1         -            221 563426at33208        -            246   2.8e-10   40.2   1.2   1   1   9.1e-13   5.2e-10   39.3   1.2   165   240    73   151    67   155 0.84 transcript=SGUI1_4230.1 gene=SGUI1_4230
SGUI1_13880.1        -            221 563426at33208        -            246     3e-10   40.1   1.2   1   1   9.1e-13   5.2e-10   39.3   1.2   165   240    73   151    67   155 0.84 transcript=SGUI1_13880.1 gene=SGUI1_13880
SGUI1_97100.1        -            518 563426at33208        -            246   1.2e-08   34.9   2.0   1   2       2.3   1.3e+03   -1.3   1.0    66    71    93    98    41   130 0.57 transcript=SGUI1_97100.1 gene=SGUI1_97100
SGUI1_97100.1        -            518 563426at33208        -            246   1.2e-08   34.9   2.0   2   2   2.8e-11   1.6e-08   34.4   0.0   154   241   418   515   414   518 0.81 transcript=SGUI1_97100.1 gene=SGUI1_97100
SGUI1_97080.1        -            518 563426at33208        -            246   1.6e-08   34.4   0.0   1   2       5.3     3e+03   -2.5   1.3    68    78    84    94    40   123 0.51 transcript=SGUI1_97080.1 gene=SGUI1_97080
SGUI1_97080.1        -            518 563426at33208        -            246   1.6e-08   34.4   0.0   2   2   2.8e-11   1.6e-08   34.4   0.0   154   241   418   515   414   518 0.81 transcript=SGUI1_97080.1 gene=SGUI1_97080
SGUI1_97080.2        -            518 563426at33208        -            246   1.6e-08   34.4   0.0   1   2       5.3     3e+03   -2.5   1.3    68    78    84    94    40   123 0.51 transcript=SGUI1_97080.2 gene=SGUI1_97080
SGUI1_97080.2        -            518 563426at33208        -            246   1.6e-08   34.4   0.0   2   2   2.8e-11   1.6e-08   34.4   0.0   154   241   418   515   414   518 0.81 transcript=SGUI1_97080.2 gene=SGUI1_97080
SGUI1_97080.3        -            518 563426at33208        -            246   1.6e-08   34.4   0.0   1   2       5.3     3e+03   -2.5   1.3    68    78    84    94    40   123 0.51 transcript=SGUI1_97080.3 gene=SGUI1_97080
SGUI1_97080.3        -            518 563426at33208        -            246   1.6e-08   34.4   0.0   2   2   2.8e-11   1.6e-08   34.4   0.0   154   241   418   515   414   518 0.81 transcript=SGUI1_97080.3 gene=SGUI1_97080
SGUI1_97090.1        -            518 563426at33208        -            246   1.6e-08   34.4   0.0   1   2       5.3     3e+03   -2.5   1.3    68    78    84    94    40   123 0.51 transcript=SGUI1_97090.1 gene=SGUI1_97090
SGUI1_97090.1        -            518 563426at33208        -            246   1.6e-08   34.4   0.0   2   2   2.8e-11   1.6e-08   34.4   0.0   154   241   418   515   414   518 0.81 transcript=SGUI1_97090.1 gene=SGUI1_97090
SGUI1_1530.1         -            463 563426at33208        -            246   1.2e-05   25.0   4.8   1   3       5.7   3.3e+03   -2.6   0.0   202   216   148   162   127   179 0.76 transcript=SGUI1_1530.1 gene=SGUI1_1530
SGUI1_1530.1         -            463 563426at33208        -            246   1.2e-05   25.0   4.8   2   3      0.48   2.8e+02    0.9   0.0   203   233   248   278   224   288 0.88 transcript=SGUI1_1530.1 gene=SGUI1_1530
SGUI1_1530.1         -            463 563426at33208        -            246   1.2e-05   25.0   4.8   3   3   5.2e-08     3e-05   23.7   0.0   157   241   360   447   347   449 0.83 transcript=SGUI1_1530.1 gene=SGUI1_1530
SGUI1_74360.2        -            892 563426at33208        -            246   4.4e-05   23.2   0.1   1   1   7.6e-08   4.4e-05   23.2   0.1    90   132   814   854   720   872 0.76 transcript=SGUI1_74360.2 gene=SGUI1_74360
SGUI1_74360.1        -            900 563426at33208        -            246   4.4e-05   23.2   0.1   1   1   7.6e-08   4.4e-05   23.2   0.1    90   132   822   862   728   880 0.76 transcript=SGUI1_74360.1 gene=SGUI1_74360
SGUI1_74360.3        -            900 563426at33208        -            246   4.4e-05   23.2   0.1   1   1   7.6e-08   4.4e-05   23.2   0.1    90   132   822   862   728   880 0.76 transcript=SGUI1_74360.3 gene=SGUI1_74360
SGUI1_63240.1        -            300 563426at33208        -            246    0.0012   18.5   1.9   1   2   3.5e-05      0.02   14.5   0.0   102   128    27    53    14    66 0.84 transcript=SGUI1_63240.1 gene=SGUI1_63240
SGUI1_63240.1        -            300 563426at33208        -            246    0.0012   18.5   1.9   2   2       0.2   1.2e+02    2.1   0.4    15    36   109   129    99   226 0.48 transcript=SGUI1_63240.1 gene=SGUI1_63240
SGUI1_43110.3        -            406 563426at33208        -            246    0.0014   18.3   0.7   1   3       2.8   1.6e+03   -1.6   0.0   178   212    42    73    35    82 0.71 transcript=SGUI1_43110.3 gene=SGUI1_43110
SGUI1_43110.3        -            406 563426at33208        -            246    0.0014   18.3   0.7   2   3   7.4e-05     0.043   13.4   0.0   169   222   130   182   124   203 0.79 transcript=SGUI1_43110.3 gene=SGUI1_43110
SGUI1_43110.3        -            406 563426at33208        -            246    0.0014   18.3   0.7   3   3       0.2   1.2e+02    2.1   0.1   184   230   318   362   308   374 0.86 transcript=SGUI1_43110.3 gene=SGUI1_43110
SGUI1_43110.1        -            522 563426at33208        -            246     0.003   17.2   0.7   1   3       4.5   2.6e+03   -2.3   0.0   180   212    44    73    36    81 0.71 transcript=SGUI1_43110.1 gene=SGUI1_43110
SGUI1_43110.1        -            522 563426at33208        -            246     0.003   17.2   0.7   2   3   0.00011     0.062   12.9   0.0   169   222   130   182   124   203 0.79 transcript=SGUI1_43110.1 gene=SGUI1_43110
SGUI1_43110.1        -            522 563426at33208        -            246     0.003   17.2   0.7   3   3      0.29   1.7e+02    1.6   0.1   184   230   318   362   309   371 0.86 transcript=SGUI1_43110.1 gene=SGUI1_43110
SGUI1_43110.2        -            522 563426at33208        -            246     0.003   17.2   0.7   1   3       4.5   2.6e+03   -2.3   0.0   180   212    44    73    36    81 0.71 transcript=SGUI1_43110.2 gene=SGUI1_43110
SGUI1_43110.2        -            522 563426at33208        -            246     0.003   17.2   0.7   2   3   0.00011     0.062   12.9   0.0   169   222   130   182   124   203 0.79 transcript=SGUI1_43110.2 gene=SGUI1_43110
SGUI1_43110.2        -            522 563426at33208        -            246     0.003   17.2   0.7   3   3      0.29   1.7e+02    1.6   0.1   184   230   318   362   309   371 0.86 transcript=SGUI1_43110.2 gene=SGUI1_43110
SGUI1_43110.4        -            522 563426at33208        -            246     0.003   17.2   0.7   1   3       4.5   2.6e+03   -2.3   0.0   180   212    44    73    36    81 0.71 transcript=SGUI1_43110.4 gene=SGUI1_43110
SGUI1_43110.4        -            522 563426at33208        -            246     0.003   17.2   0.7   2   3   0.00011     0.062   12.9   0.0   169   222   130   182   124   203 0.79 transcript=SGUI1_43110.4 gene=SGUI1_43110
SGUI1_43110.4        -            522 563426at33208        -            246     0.003   17.2   0.7   3   3      0.29   1.7e+02    1.6   0.1   184   230   318   362   309   371 0.86 transcript=SGUI1_43110.4 gene=SGUI1_43110
SGUI1_43110.5        -            522 563426at33208        -            246     0.003   17.2   0.7   1   3       4.5   2.6e+03   -2.3   0.0   180   212    44    73    36    81 0.71 transcript=SGUI1_43110.5 gene=SGUI1_43110
SGUI1_43110.5        -            522 563426at33208        -            246     0.003   17.2   0.7   2   3   0.00011     0.062   12.9   0.0   169   222   130   182   124   203 0.79 transcript=SGUI1_43110.5 gene=SGUI1_43110
SGUI1_43110.5        -            522 563426at33208        -            246     0.003   17.2   0.7   3   3      0.29   1.7e+02    1.6   0.1   184   230   318   362   309   371 0.86 transcript=SGUI1_43110.5 gene=SGUI1_43110
SGUI1_43110.6        -            522 563426at33208        -            246     0.003   17.2   0.7   1   3       4.5   2.6e+03   -2.3   0.0   180   212    44    73    36    81 0.71 transcript=SGUI1_43110.6 gene=SGUI1_43110
SGUI1_43110.6        -            522 563426at33208        -            246     0.003   17.2   0.7   2   3   0.00011     0.062   12.9   0.0   169   222   130   182   124   203 0.79 transcript=SGUI1_43110.6 gene=SGUI1_43110
SGUI1_43110.6        -            522 563426at33208        -            246     0.003   17.2   0.7   3   3      0.29   1.7e+02    1.6   0.1   184   230   318   362   309   371 0.86 transcript=SGUI1_43110.6 gene=SGUI1_43110
SGUI1_66170.1        -            726 563426at33208        -            246    0.0041   16.7   0.0   1   5       8.2   4.7e+03   -3.1   0.1    16    57    35    77    28   114 0.56 transcript=SGUI1_66170.1 gene=SGUI1_66170
SGUI1_66170.1        -            726 563426at33208        -            246    0.0041   16.7   0.0   2   5       2.6   1.5e+03   -1.5   0.2    11    77   196   261   190   275 0.69 transcript=SGUI1_66170.1 gene=SGUI1_66170
SGUI1_66170.1        -            726 563426at33208        -            246    0.0041   16.7   0.0   3   5       1.5   8.8e+02   -0.7   0.9    59   102   348   392   298   396 0.64 transcript=SGUI1_66170.1 gene=SGUI1_66170
SGUI1_66170.1        -            726 563426at33208        -            246    0.0041   16.7   0.0   4   5         7     4e+03   -2.9   0.3    34    76   530   571   527   609 0.60 transcript=SGUI1_66170.1 gene=SGUI1_66170
SGUI1_66170.1        -            726 563426at33208        -            246    0.0041   16.7   0.0   5   5     7e-06    0.0041   16.7   0.0   103   131   652   680   625   685 0.84 transcript=SGUI1_66170.1 gene=SGUI1_66170
SGUI1_30440.2        -            434 563426at33208        -            246    0.0073   15.9   0.0   1   2    0.0001     0.058   13.0   0.0   182   231   117   169    76   174 0.65 transcript=SGUI1_30440.2 gene=SGUI1_30440
SGUI1_30440.2        -            434 563426at33208        -            246    0.0073   15.9   0.0   2   2      0.77   4.4e+02    0.3   0.0   184   231   216   267   200   271 0.77 transcript=SGUI1_30440.2 gene=SGUI1_30440
SGUI1_58960.2        -            603 563426at33208        -            246    0.0074   15.9   0.2   1   4       4.2   2.4e+03   -2.2   0.0   152   164    50    62    40    69 0.77 transcript=SGUI1_58960.2 gene=SGUI1_58960
SGUI1_58960.2        -            603 563426at33208        -            246    0.0074   15.9   0.2   2   4    0.0075       4.3    6.8   0.1   183   235   190   243   177   246 0.86 transcript=SGUI1_58960.2 gene=SGUI1_58960
SGUI1_58960.2        -            603 563426at33208        -            246    0.0074   15.9   0.2   3   4     0.053        30    4.1   0.0   184   231   434   479   431   490 0.80 transcript=SGUI1_58960.2 gene=SGUI1_58960
SGUI1_58960.2        -            603 563426at33208        -            246    0.0074   15.9   0.2   4   4       1.3   7.6e+02   -0.5   0.0   203   220   567   584   553   598 0.86 transcript=SGUI1_58960.2 gene=SGUI1_58960
SGUI1_17290.1        -            500 563426at33208        -            246     0.019   14.6   0.0   1   3       1.8   1.1e+03   -1.0   0.0   184   221    98   134    95   137 0.86 transcript=SGUI1_17290.1 gene=SGUI1_17290
SGUI1_17290.1        -            500 563426at33208        -            246     0.019   14.6   0.0   2   3     0.012         7    6.2   0.0   184   232   321   367   318   376 0.86 transcript=SGUI1_17290.1 gene=SGUI1_17290
SGUI1_17290.1        -            500 563426at33208        -            246     0.019   14.6   0.0   3   3     0.038        22    4.5   0.0   153   219   419   480   404   484 0.86 transcript=SGUI1_17290.1 gene=SGUI1_17290
SGUI1_17290.2        -            584 563426at33208        -            246     0.032   13.8   0.1   1   3       2.4   1.4e+03   -1.4   0.0   184   221   182   218   180   221 0.85 transcript=SGUI1_17290.2 gene=SGUI1_17290
SGUI1_17290.2        -            584 563426at33208        -            246     0.032   13.8   0.1   2   3     0.015       8.5    5.9   0.0   184   232   405   451   402   460 0.86 transcript=SGUI1_17290.2 gene=SGUI1_17290
SGUI1_17290.2        -            584 563426at33208        -            246     0.032   13.8   0.1   3   3     0.049        28    4.2   0.0   153   219   503   564   489   567 0.85 transcript=SGUI1_17290.2 gene=SGUI1_17290
SGUI1_52920.2        -            376 563426at33208        -            246     0.054   13.1   3.1   1   3       5.4   3.1e+03   -2.5   0.1    20    55    19    51    11    65 0.50 transcript=SGUI1_52920.2 gene=SGUI1_52920
SGUI1_52920.2        -            376 563426at33208        -            246     0.054   13.1   3.1   2   3       3.6   2.1e+03   -1.9   0.1    44    74   134   156   106   193 0.44 transcript=SGUI1_52920.2 gene=SGUI1_52920
SGUI1_52920.2        -            376 563426at33208        -            246     0.054   13.1   3.1   3   3   9.4e-05     0.055   13.1   0.1    99   126   344   371   340   375 0.88 transcript=SGUI1_52920.2 gene=SGUI1_52920
SGUI1_52920.1        -            427 563426at33208        -            246     0.059   12.9   0.1   1   3       6.7   3.9e+03   -2.8   0.1    20    55    19    51    12    65 0.49 transcript=SGUI1_52920.1 gene=SGUI1_52920
SGUI1_52920.1        -            427 563426at33208        -            246     0.059   12.9   0.1   2   3       4.5   2.6e+03   -2.3   0.1    45    73   135   155   106   192 0.44 transcript=SGUI1_52920.1 gene=SGUI1_52920
SGUI1_52920.1        -            427 563426at33208        -            246     0.059   12.9   0.1   3   3    0.0001     0.059   12.9   0.1    99   126   344   371   340   378 0.88 transcript=SGUI1_52920.1 gene=SGUI1_52920
SGUI1_34050.1        -            287 563426at33208        -            246      0.07   12.7   0.1   1   1   0.00019      0.11   12.0   0.1   105   139    71   105     4   123 0.77 transcript=SGUI1_34050.1 gene=SGUI1_34050
SGUI1_4960.2         -            605 563426at33208        -            246      0.13   11.8   0.1   1   2       3.5     2e+03   -1.9   0.0    75   104   239   268   160   276 0.63 transcript=SGUI1_4960.2 gene=SGUI1_4960
SGUI1_4960.2         -            605 563426at33208        -            246      0.13   11.8   0.1   2   2    0.0008      0.46   10.0   0.0   176   232   538   597   535   604 0.86 transcript=SGUI1_4960.2 gene=SGUI1_4960
SGUI1_1060.1         -            258 563426at33208        -            246      0.13   11.8   6.2   1   2   0.00029      0.17   11.5   0.1   182   234    58   113    42   121 0.84 transcript=SGUI1_1060.1 gene=SGUI1_1060
SGUI1_1060.1         -            258 563426at33208        -            246      0.13   11.8   6.2   2   2      0.27   1.6e+02    1.7   2.6    37    84   152   199   140   236 0.77 transcript=SGUI1_1060.1 gene=SGUI1_1060
#
# Program:         hmmsearch
# Version:         3.4 (Aug 2023)
# Pipeline mode:   SEARCH
# Query file:      /users/40483456/busco_datasets/busco_downloads/lineages/metazoa_odb10/hmms/563426at33208.hmm
# Target file:     /users/40483456/protein/schistosoma_guineensis.fa
# Option settings: hmmsearch --domtblout /users/40483456/busco/results_pro/schistosoma_guineensis_busco/run_metazoa_odb10/hmmer_output/initial_run_results/563426at33208.out --cpu 1 /users/40483456/busco_datasets/busco_downloads/lineages/metazoa_odb10/hmms/563426at33208.hmm /users/40483456/protein/schistosoma_guineensis.fa 
# Current dir:     /users/40483456
# Date:            Thu Jan 15 17:49:16 2026
# [ok]
