#                                                                            --- full sequence --- -------------- this domain -------------   hmm coord   ali coord   env coord
# target name        accession   tlen query name           accession   qlen   E-value  score  bias   #  of  c-Evalue  i-Evalue  score  bias  from    to  from    to  from    to  acc description of target
#------------------- ---------- ----- -------------------- ---------- ----- --------- ------ ----- --- --- --------- --------- ------ ----- ----- ----- ----- ----- ----- ----- ---- ---------------------
SGUI1_18400.1        -            313 568170at33208        -            186     4e-18   65.4   0.3   1   2   2.4e-11   4.7e-08   32.6   0.0     8    71    22    85    19    97 0.95 transcript=SGUI1_18400.1 gene=SGUI1_18400
SGUI1_18400.1        -            313 568170at33208        -            186     4e-18   65.4   0.3   2   2   1.2e-10   2.3e-07   30.4   0.1    91   148   172   229   156   274 0.87 transcript=SGUI1_18400.1 gene=SGUI1_18400
SGUI1_18400.2        -            259 568170at33208        -            186   8.7e-09   35.0   0.3   1   2     0.088   1.7e+02    1.4   0.0     8    44    22    57    19    65 0.83 transcript=SGUI1_18400.2 gene=SGUI1_18400
SGUI1_18400.2        -            259 568170at33208        -            186   8.7e-09   35.0   0.3   2   2   8.4e-11   1.7e-07   30.8   0.1    91   148   118   175   105   222 0.86 transcript=SGUI1_18400.2 gene=SGUI1_18400
SGUI1_25900.1        -            103 568170at33208        -            186   0.00024   20.5   0.0   1   1   1.5e-07    0.0003   20.2   0.0    12    73    38    99    29   101 0.88 transcript=SGUI1_25900.1 gene=SGUI1_25900
SGUI1_26010.1        -            103 568170at33208        -            186   0.00024   20.5   0.0   1   1   1.5e-07    0.0003   20.2   0.0    12    73    38    99    29   101 0.88 transcript=SGUI1_26010.1 gene=SGUI1_26010
SGUI1_83690.1        -            218 568170at33208        -            186   0.00093   18.6   0.0   1   1   6.2e-07    0.0012   18.2   0.0    22    75    30    83    17   127 0.89 transcript=SGUI1_83690.1 gene=SGUI1_83690
SGUI1_40240.1        -            265 568170at33208        -            186    0.0098   15.3   0.0   1   1   7.1e-06     0.014   14.7   0.0    17    83    67   133    52   145 0.87 transcript=SGUI1_40240.1 gene=SGUI1_40240
SGUI1_40230.1        -            265 568170at33208        -            186    0.0099   15.3   0.0   1   1   7.3e-06     0.014   14.7   0.0    17    83    67   133    52   144 0.86 transcript=SGUI1_40230.1 gene=SGUI1_40230
SGUI1_51080.2        -           1543 568170at33208        -            186     0.044   13.1   0.1   1   1   6.2e-05      0.12   11.7   0.1     4    70     8    72     5    84 0.87 transcript=SGUI1_51080.2 gene=SGUI1_51080
SGUI1_51080.1        -           1450 568170at33208        -            186     0.046   13.1   0.3   1   2   5.8e-05      0.12   11.8   0.1     4    70     8    72     5    84 0.87 transcript=SGUI1_51080.1 gene=SGUI1_51080
SGUI1_51080.1        -           1450 568170at33208        -            186     0.046   13.1   0.3   2   2       4.7   9.3e+03   -4.2   0.0    83   106   277   300   274   302 0.85 transcript=SGUI1_51080.1 gene=SGUI1_51080
#
# Program:         hmmsearch
# Version:         3.4 (Aug 2023)
# Pipeline mode:   SEARCH
# Query file:      /users/40483456/busco_datasets/busco_downloads/lineages/metazoa_odb10/hmms/568170at33208.hmm
# Target file:     /users/40483456/protein/schistosoma_guineensis.fa
# Option settings: hmmsearch --domtblout /users/40483456/busco/results_pro/schistosoma_guineensis_busco/run_metazoa_odb10/hmmer_output/initial_run_results/568170at33208.out --cpu 1 /users/40483456/busco_datasets/busco_downloads/lineages/metazoa_odb10/hmms/568170at33208.hmm /users/40483456/protein/schistosoma_guineensis.fa 
# Current dir:     /users/40483456
# Date:            Thu Jan 15 17:49:13 2026
# [ok]
