#                                                                            --- full sequence --- -------------- this domain -------------   hmm coord   ali coord   env coord
# target name        accession   tlen query name           accession   qlen   E-value  score  bias   #  of  c-Evalue  i-Evalue  score  bias  from    to  from    to  from    to  acc description of target
#------------------- ---------- ----- -------------------- ---------- ----- --------- ------ ----- --- --- --------- --------- ------ ----- ----- ----- ----- ----- ----- ----- ---- ---------------------
SGUI1_82210.1        -            247 570262at33208        -            176   1.3e-60  203.9   0.0   1   1   5.5e-64   1.7e-60  203.6   0.0     1   175    25   220    25   221 0.92 transcript=SGUI1_82210.1 gene=SGUI1_82210
SGUI1_20320.1        -            281 570262at33208        -            176     2e-08   34.0   0.0   1   1   1.5e-11   4.4e-08   32.9   0.0     3   175    35   216    33   217 0.81 transcript=SGUI1_20320.1 gene=SGUI1_20320
SGUI1_16870.1        -            201 570262at33208        -            176   4.6e-08   32.8   0.1   1   1     2e-11     6e-08   32.4   0.1     8   176     3   184     1   184 0.81 transcript=SGUI1_16870.1 gene=SGUI1_16870
SGUI1_33490.1        -            212 570262at33208        -            176   0.00011   21.8   0.0   1   1   4.4e-08   0.00013   21.5   0.0    13   139    19   152     5   182 0.70 transcript=SGUI1_33490.1 gene=SGUI1_33490
SGUI1_36510.1        -            205 570262at33208        -            176   0.00042   19.9   0.0   1   1   1.7e-07   0.00049   19.7   0.0    36   166    40   181     6   190 0.72 transcript=SGUI1_36510.1 gene=SGUI1_36510
SGUI1_29450.1        -            218 570262at33208        -            176    0.0017   17.9   0.0   1   2   2.9e-06    0.0088   15.6   0.0     3    79    15    93    13   122 0.83 transcript=SGUI1_29450.1 gene=SGUI1_29450
SGUI1_29450.1        -            218 570262at33208        -            176    0.0017   17.9   0.0   2   2      0.16   4.9e+02    0.2   0.0    42    73   140   171   136   198 0.66 transcript=SGUI1_29450.1 gene=SGUI1_29450
#
# Program:         hmmsearch
# Version:         3.4 (Aug 2023)
# Pipeline mode:   SEARCH
# Query file:      /users/40483456/busco_datasets/busco_downloads/lineages/metazoa_odb10/hmms/570262at33208.hmm
# Target file:     /users/40483456/protein/schistosoma_guineensis.fa
# Option settings: hmmsearch --domtblout /users/40483456/busco/results_pro/schistosoma_guineensis_busco/run_metazoa_odb10/hmmer_output/initial_run_results/570262at33208.out --cpu 1 /users/40483456/busco_datasets/busco_downloads/lineages/metazoa_odb10/hmms/570262at33208.hmm /users/40483456/protein/schistosoma_guineensis.fa 
# Current dir:     /users/40483456
# Date:            Thu Jan 15 17:49:16 2026
# [ok]
