#                                                                            --- full sequence --- -------------- this domain -------------   hmm coord   ali coord   env coord
# target name        accession   tlen query name           accession   qlen   E-value  score  bias   #  of  c-Evalue  i-Evalue  score  bias  from    to  from    to  from    to  acc description of target
#------------------- ---------- ----- -------------------- ---------- ----- --------- ------ ----- --- --- --------- --------- ------ ----- ----- ----- ----- ----- ----- ----- ---- ---------------------
SGUI1_78020.1        -            681 580062at33208        -            161   3.5e-28   98.5   3.9   1   2   1.7e-27   6.2e-24   84.7   5.1     2   120   473   603   472   645 0.85 transcript=SGUI1_78020.1 gene=SGUI1_78020
SGUI1_78020.1        -            681 580062at33208        -            161   3.5e-28   98.5   3.9   2   2    0.0012       4.3    7.2   0.0   134   156   653   675   648   681 0.83 transcript=SGUI1_78020.1 gene=SGUI1_78020
SGUI1_78020.5        -            646 580062at33208        -            161   8.3e-25   87.5   3.0   1   1     5e-28   1.8e-24   86.4   3.0     2   120   473   603   472   633 0.88 transcript=SGUI1_78020.5 gene=SGUI1_78020
SGUI1_78020.3        -            588 580062at33208        -            161   1.5e-23   83.4   1.5   1   1   7.7e-27   2.8e-23   82.6   1.5     2    96   473   568   472   588 0.91 transcript=SGUI1_78020.3 gene=SGUI1_78020
SGUI1_78020.2        -            632 580062at33208        -            161     7e-12   45.5   4.3   1   2   4.6e-11   1.6e-07   31.3   5.5    65   120   488   554   473   596 0.78 transcript=SGUI1_78020.2 gene=SGUI1_78020
SGUI1_78020.2        -            632 580062at33208        -            161     7e-12   45.5   4.3   2   2    0.0011         4    7.3   0.0   134   156   604   626   599   632 0.83 transcript=SGUI1_78020.2 gene=SGUI1_78020
SGUI1_78020.4        -            539 580062at33208        -            161   1.8e-07   31.1   1.0   1   1   1.1e-10   3.8e-07   30.1   1.0    65    96   488   519   473   539 0.83 transcript=SGUI1_78020.4 gene=SGUI1_78020
#
# Program:         hmmsearch
# Version:         3.4 (Aug 2023)
# Pipeline mode:   SEARCH
# Query file:      /users/40483456/busco_datasets/busco_downloads/lineages/metazoa_odb10/hmms/580062at33208.hmm
# Target file:     /users/40483456/protein/schistosoma_guineensis.fa
# Option settings: hmmsearch --domtblout /users/40483456/busco/results_pro/schistosoma_guineensis_busco/run_metazoa_odb10/hmmer_output/initial_run_results/580062at33208.out --cpu 1 /users/40483456/busco_datasets/busco_downloads/lineages/metazoa_odb10/hmms/580062at33208.hmm /users/40483456/protein/schistosoma_guineensis.fa 
# Current dir:     /users/40483456
# Date:            Thu Jan 15 17:49:17 2026
# [ok]
