#                                                                            --- full sequence --- -------------- this domain -------------   hmm coord   ali coord   env coord
# target name        accession   tlen query name           accession   qlen   E-value  score  bias   #  of  c-Evalue  i-Evalue  score  bias  from    to  from    to  from    to  acc description of target
#------------------- ---------- ----- -------------------- ---------- ----- --------- ------ ----- --- --- --------- --------- ------ ----- ----- ----- ----- ----- ----- ----- ---- ---------------------
SGUI1_63000.1        -            250 586310at33208        -            145   1.6e-33  115.4   5.0   1   2   1.9e-22   6.7e-19   68.0   1.1     2    71    44   120    43   130 0.90 transcript=SGUI1_63000.1 gene=SGUI1_63000
SGUI1_63000.1        -            250 586310at33208        -            145   1.6e-33  115.4   5.0   2   2   1.3e-16   4.7e-13   49.0   0.2    67   121   149   205   135   215 0.88 transcript=SGUI1_63000.1 gene=SGUI1_63000
SGUI1_88980.2        -            426 586310at33208        -            145     0.019   14.6   0.0   1   2    0.0034        12    5.5   0.0   119   142    76   100    20   103 0.86 transcript=SGUI1_88980.2 gene=SGUI1_88980
SGUI1_88980.2        -            426 586310at33208        -            145     0.019   14.6   0.0   2   2    0.0012       4.2    7.0   0.0   125   142   176   194   110   196 0.78 transcript=SGUI1_88980.2 gene=SGUI1_88980
SGUI1_88980.1        -            464 586310at33208        -            145     0.024   14.3   0.0   1   2    0.0038        14    5.3   0.0   119   142    76   100    20   103 0.86 transcript=SGUI1_88980.1 gene=SGUI1_88980
SGUI1_88980.1        -            464 586310at33208        -            145     0.024   14.3   0.0   2   2    0.0013       4.7    6.8   0.0   125   142   176   194   110   196 0.78 transcript=SGUI1_88980.1 gene=SGUI1_88980
SGUI1_29200.1        -            416 586310at33208        -            145       0.1   12.3   0.4   1   2    0.0002      0.73    9.5   0.0    35    82   217   268   204   291 0.74 transcript=SGUI1_29200.1 gene=SGUI1_29200
SGUI1_29200.1        -            416 586310at33208        -            145       0.1   12.3   0.4   2   2      0.16   5.7e+02    0.1   0.1    29    84   360   412   352   415 0.72 transcript=SGUI1_29200.1 gene=SGUI1_29200
SGUI1_52090.1        -            615 586310at33208        -            145      0.92    9.1   9.2   1   4     0.051   1.8e+02    1.7   0.1    45    68    85   108    69   132 0.86 transcript=SGUI1_52090.1 gene=SGUI1_52090
SGUI1_52090.1        -            615 586310at33208        -            145      0.92    9.1   9.2   2   4   7.2e-05      0.26   10.9   0.4    41    75   309   343   306   355 0.91 transcript=SGUI1_52090.1 gene=SGUI1_52090
SGUI1_52090.1        -            615 586310at33208        -            145      0.92    9.1   9.2   3   4      0.52   1.9e+03   -1.6   0.2    47    93   450   499   443   504 0.56 transcript=SGUI1_52090.1 gene=SGUI1_52090
SGUI1_52090.1        -            615 586310at33208        -            145      0.92    9.1   9.2   4   4      0.52   1.9e+03   -1.6   0.1    27    44   502   519   475   555 0.52 transcript=SGUI1_52090.1 gene=SGUI1_52090
#
# Program:         hmmsearch
# Version:         3.4 (Aug 2023)
# Pipeline mode:   SEARCH
# Query file:      /users/40483456/busco_datasets/busco_downloads/lineages/metazoa_odb10/hmms/586310at33208.hmm
# Target file:     /users/40483456/protein/schistosoma_guineensis.fa
# Option settings: hmmsearch --domtblout /users/40483456/busco/results_pro/schistosoma_guineensis_busco/run_metazoa_odb10/hmmer_output/initial_run_results/586310at33208.out --cpu 1 /users/40483456/busco_datasets/busco_downloads/lineages/metazoa_odb10/hmms/586310at33208.hmm /users/40483456/protein/schistosoma_guineensis.fa 
# Current dir:     /users/40483456
# Date:            Thu Jan 15 17:49:17 2026
# [ok]
