#                                                                            --- full sequence --- -------------- this domain -------------   hmm coord   ali coord   env coord
# target name        accession   tlen query name           accession   qlen   E-value  score  bias   #  of  c-Evalue  i-Evalue  score  bias  from    to  from    to  from    to  acc description of target
#------------------- ---------- ----- -------------------- ---------- ----- --------- ------ ----- --- --- --------- --------- ------ ----- ----- ----- ----- ----- ----- ----- ---- ---------------------
SGUI1_26450.5        -            927 84980at33208         -            521    1e-224  747.0  29.1   1   4   6.6e-41   1.7e-37  129.3   4.8     1   100     3   111     3   136 0.90 transcript=SGUI1_26450.5 gene=SGUI1_26450
SGUI1_26450.5        -            927 84980at33208         -            521    1e-224  747.0  29.1   2   4   7.1e-48   1.8e-44  152.3   3.9   102   246   144   301   127   312 0.87 transcript=SGUI1_26450.5 gene=SGUI1_26450
SGUI1_26450.5        -            927 84980at33208         -            521    1e-224  747.0  29.1   3   4  1.4e-145  3.7e-142  474.6   2.4   223   521   369   679   362   679 0.96 transcript=SGUI1_26450.5 gene=SGUI1_26450
SGUI1_26450.5        -            927 84980at33208         -            521    1e-224  747.0  29.1   4   4    0.0076        20    3.7   0.0   361   423   691   753   682   787 0.62 transcript=SGUI1_26450.5 gene=SGUI1_26450
SGUI1_26450.6        -            927 84980at33208         -            521    1e-224  747.0  29.1   1   4   6.6e-41   1.7e-37  129.3   4.8     1   100     3   111     3   136 0.90 transcript=SGUI1_26450.6 gene=SGUI1_26450
SGUI1_26450.6        -            927 84980at33208         -            521    1e-224  747.0  29.1   2   4   7.1e-48   1.8e-44  152.3   3.9   102   246   144   301   127   312 0.87 transcript=SGUI1_26450.6 gene=SGUI1_26450
SGUI1_26450.6        -            927 84980at33208         -            521    1e-224  747.0  29.1   3   4  1.4e-145  3.7e-142  474.6   2.4   223   521   369   679   362   679 0.96 transcript=SGUI1_26450.6 gene=SGUI1_26450
SGUI1_26450.6        -            927 84980at33208         -            521    1e-224  747.0  29.1   4   4    0.0076        20    3.7   0.0   361   423   691   753   682   787 0.62 transcript=SGUI1_26450.6 gene=SGUI1_26450
SGUI1_26450.1        -           1235 84980at33208         -            521  5.2e-224  744.7  29.0   1   4   9.6e-41   2.5e-37  128.8   4.8     1   100     3   111     3   136 0.90 transcript=SGUI1_26450.1 gene=SGUI1_26450
SGUI1_26450.1        -           1235 84980at33208         -            521  5.2e-224  744.7  29.0   2   4   1.2e-47     3e-44  151.6   3.7   102   245   144   300   139   310 0.86 transcript=SGUI1_26450.1 gene=SGUI1_26450
SGUI1_26450.1        -           1235 84980at33208         -            521  5.2e-224  744.7  29.0   3   4  2.5e-145  6.4e-142  473.9   2.4   223   521   369   679   362   679 0.96 transcript=SGUI1_26450.1 gene=SGUI1_26450
SGUI1_26450.1        -           1235 84980at33208         -            521  5.2e-224  744.7  29.0   4   4     0.011        28    3.2   0.0   361   423   691   753   682   787 0.62 transcript=SGUI1_26450.1 gene=SGUI1_26450
SGUI1_26450.2        -           1248 84980at33208         -            521  4.7e-219  728.4  30.1   1   4   9.8e-36   2.5e-32  112.2   5.7     2   100     4   124     3   142 0.79 transcript=SGUI1_26450.2 gene=SGUI1_26450
SGUI1_26450.2        -           1248 84980at33208         -            521  4.7e-219  728.4  30.1   2   4   1.1e-47   2.9e-44  151.6   3.7   102   245   157   313   149   324 0.86 transcript=SGUI1_26450.2 gene=SGUI1_26450
SGUI1_26450.2        -           1248 84980at33208         -            521  4.7e-219  728.4  30.1   3   4  2.5e-145  6.5e-142  473.8   2.4   223   521   382   692   375   692 0.96 transcript=SGUI1_26450.2 gene=SGUI1_26450
SGUI1_26450.2        -           1248 84980at33208         -            521  4.7e-219  728.4  30.1   4   4     0.011        28    3.2   0.0   361   423   704   766   695   800 0.62 transcript=SGUI1_26450.2 gene=SGUI1_26450
SGUI1_26450.4        -           1222 84980at33208         -            521  7.2e-213  708.0  28.0   1   4   9.5e-41   2.4e-37  128.8   4.8     1   100     3   111     3   136 0.90 transcript=SGUI1_26450.4 gene=SGUI1_26450
SGUI1_26450.4        -           1222 84980at33208         -            521  7.2e-213  708.0  28.0   2   4   1.2e-47     3e-44  151.6   3.7   102   245   144   300   139   310 0.86 transcript=SGUI1_26450.4 gene=SGUI1_26450
SGUI1_26450.4        -           1222 84980at33208         -            521  7.2e-213  708.0  28.0   3   4  4.5e-134  1.2e-130  436.7   1.6   223   521   369   666   362   666 0.96 transcript=SGUI1_26450.4 gene=SGUI1_26450
SGUI1_26450.4        -           1222 84980at33208         -            521  7.2e-213  708.0  28.0   4   4     0.011        27    3.2   0.0   361   423   678   740   669   774 0.62 transcript=SGUI1_26450.4 gene=SGUI1_26450
SGUI1_26450.3        -           1083 84980at33208         -            521  6.1e-183  609.2  14.8   1   3   1.7e-43   4.4e-40  137.8   2.4   111   246     1   149     1   160 0.86 transcript=SGUI1_26450.3 gene=SGUI1_26450
SGUI1_26450.3        -           1083 84980at33208         -            521  6.1e-183  609.2  14.8   2   3    2e-145    5e-142  474.2   2.4   223   521   217   527   210   527 0.96 transcript=SGUI1_26450.3 gene=SGUI1_26450
SGUI1_26450.3        -           1083 84980at33208         -            521  6.1e-183  609.2  14.8   3   3    0.0093        24    3.4   0.0   361   423   539   601   530   635 0.62 transcript=SGUI1_26450.3 gene=SGUI1_26450
SGUI1_36130.1        -            998 84980at33208         -            521   3.8e-10   39.0   5.2   1   3     0.049   1.3e+02    1.0   0.2   107   201   183   278   177   287 0.84 transcript=SGUI1_36130.1 gene=SGUI1_36130
SGUI1_36130.1        -            998 84980at33208         -            521   3.8e-10   39.0   5.2   2   3   3.8e-13   9.8e-10   37.7   0.2   271   499   377   623   356   635 0.79 transcript=SGUI1_36130.1 gene=SGUI1_36130
SGUI1_36130.1        -            998 84980at33208         -            521   3.8e-10   39.0   5.2   3   3     0.064   1.6e+02    0.7   0.0   370   421   773   824   732   859 0.70 transcript=SGUI1_36130.1 gene=SGUI1_36130
#
# Program:         hmmsearch
# Version:         3.4 (Aug 2023)
# Pipeline mode:   SEARCH
# Query file:      /users/40483456/busco_datasets/busco_downloads/lineages/metazoa_odb10/hmms/84980at33208.hmm
# Target file:     /users/40483456/protein/schistosoma_guineensis.fa
# Option settings: hmmsearch --domtblout /users/40483456/busco/results_pro/schistosoma_guineensis_busco/run_metazoa_odb10/hmmer_output/initial_run_results/84980at33208.out --cpu 1 /users/40483456/busco_datasets/busco_downloads/lineages/metazoa_odb10/hmms/84980at33208.hmm /users/40483456/protein/schistosoma_guineensis.fa 
# Current dir:     /users/40483456
# Date:            Thu Jan 15 17:49:27 2026
# [ok]
