#                                                                            --- full sequence --- -------------- this domain -------------   hmm coord   ali coord   env coord
# target name        accession   tlen query name           accession   qlen   E-value  score  bias   #  of  c-Evalue  i-Evalue  score  bias  from    to  from    to  from    to  acc description of target
#------------------- ---------- ----- -------------------- ---------- ----- --------- ------ ----- --- --- --------- --------- ------ ----- ----- ----- ----- ----- ----- ----- ---- ---------------------
STRK1_1130.1         -           1251 227453at33208        -            458   1.8e-36  125.8  12.4   1   4   2.4e-20   8.7e-17   60.9   1.2    11   214    20   257    14   278 0.76 transcript=STRK1_1130.1 gene=STRK1_1130
STRK1_1130.1         -           1251 227453at33208        -            458   1.8e-36  125.8  12.4   2   4   5.4e-18     2e-14   53.1   1.7   205   260   319   374   314   384 0.91 transcript=STRK1_1130.1 gene=STRK1_1130
STRK1_1130.1         -           1251 227453at33208        -            458   1.8e-36  125.8  12.4   3   4     4e-06     0.015   14.0   0.1   272   316   455   505   442   515 0.87 transcript=STRK1_1130.1 gene=STRK1_1130
STRK1_1130.1         -           1251 227453at33208        -            458   1.8e-36  125.8  12.4   4   4      0.55     2e+03   -2.9   0.0   319   366   734   782   732   786 0.79 transcript=STRK1_1130.1 gene=STRK1_1130
STRK1_1130.2         -           1251 227453at33208        -            458   1.8e-36  125.8  12.4   1   4   2.4e-20   8.7e-17   60.9   1.2    11   214    20   257    14   278 0.76 transcript=STRK1_1130.2 gene=STRK1_1130
STRK1_1130.2         -           1251 227453at33208        -            458   1.8e-36  125.8  12.4   2   4   5.4e-18     2e-14   53.1   1.7   205   260   319   374   314   384 0.91 transcript=STRK1_1130.2 gene=STRK1_1130
STRK1_1130.2         -           1251 227453at33208        -            458   1.8e-36  125.8  12.4   3   4     4e-06     0.015   14.0   0.1   272   316   455   505   442   515 0.87 transcript=STRK1_1130.2 gene=STRK1_1130
STRK1_1130.2         -           1251 227453at33208        -            458   1.8e-36  125.8  12.4   4   4      0.55     2e+03   -2.9   0.0   319   366   734   782   732   786 0.79 transcript=STRK1_1130.2 gene=STRK1_1130
STRK1_101720.1       -            129 227453at33208        -            458     0.099   11.3   0.0   1   1   3.3e-05      0.12   11.0   0.0   264   315    72   124    60   128 0.88 transcript=STRK1_101720.1 gene=STRK1_101720
STRK1_21350.1        -            152 227453at33208        -            458      0.12   11.0   0.4   1   2     0.011        39    2.7   0.2   400   438    10    49     4    65 0.76 transcript=STRK1_21350.1 gene=STRK1_21350
STRK1_21350.1        -            152 227453at33208        -            458      0.12   11.0   0.4   2   2   0.00057       2.1    6.9   0.0   389   445    82   138    55   146 0.80 transcript=STRK1_21350.1 gene=STRK1_21350
#
# Program:         hmmsearch
# Version:         3.4 (Aug 2023)
# Pipeline mode:   SEARCH
# Query file:      /users/40483456/busco_datasets/busco_downloads/lineages/metazoa_odb10/hmms/227453at33208.hmm
# Target file:     /users/40483456/protein/schistosoma_turkestanicum.fa
# Option settings: hmmsearch --domtblout /users/40483456/busco/results_pro/schistosoma_turkestanicum_busco/run_metazoa_odb10/hmmer_output/initial_run_results/227453at33208.out --cpu 1 /users/40483456/busco_datasets/busco_downloads/lineages/metazoa_odb10/hmms/227453at33208.hmm /users/40483456/protein/schistosoma_turkestanicum.fa 
# Current dir:     /users/40483456
# Date:            Thu Jan 15 18:00:08 2026
# [ok]
