#                                                                            --- full sequence --- -------------- this domain -------------   hmm coord   ali coord   env coord
# target name        accession   tlen query name           accession   qlen   E-value  score  bias   #  of  c-Evalue  i-Evalue  score  bias  from    to  from    to  from    to  acc description of target
#------------------- ---------- ----- -------------------- ---------- ----- --------- ------ ----- --- --- --------- --------- ------ ----- ----- ----- ----- ----- ----- ----- ---- ---------------------
STRK1_55940.1        -           1162 367596at33208        -            524  2.7e-124  415.4  10.3   1   4   1.7e-63   5.2e-61  206.7   0.1     1   169   393   570   393   577 0.94 transcript=STRK1_55940.1 gene=STRK1_55940
STRK1_55940.1        -           1162 367596at33208        -            524  2.7e-124  415.4  10.3   2   4   9.4e-53   2.9e-50  171.2   1.1   164   332   593   790   583   852 0.76 transcript=STRK1_55940.1 gene=STRK1_55940
STRK1_55940.1        -           1162 367596at33208        -            524  2.7e-124  415.4  10.3   3   4      0.57   1.8e+02    0.3   0.1   410   452   948   994   887  1011 0.65 transcript=STRK1_55940.1 gene=STRK1_55940
STRK1_55940.1        -           1162 367596at33208        -            524  2.7e-124  415.4  10.3   4   4   8.1e-11   2.5e-08   32.8   0.2   405   523  1034  1155   968  1156 0.68 transcript=STRK1_55940.1 gene=STRK1_55940
STRK1_64400.1        -           1115 367596at33208        -            524   2.5e-68  230.8   0.1   1   1   1.7e-70   5.2e-68  229.7   0.1     1   311   385   726   385   734 0.81 transcript=STRK1_64400.1 gene=STRK1_64400
STRK1_64400.2        -           1124 367596at33208        -            524   2.6e-68  230.8   0.1   1   1   1.7e-70   5.3e-68  229.7   0.1     1   311   394   735   394   743 0.81 transcript=STRK1_64400.2 gene=STRK1_64400
STRK1_64270.1        -           1116 367596at33208        -            524   5.3e-60  203.3   0.4   1   2   1.7e-29   5.2e-27   94.5   0.2     6   161    27   196    21   207 0.78 transcript=STRK1_64270.1 gene=STRK1_64270
STRK1_64270.1        -           1116 367596at33208        -            524   5.3e-60  203.3   0.4   2   2   3.7e-33   1.2e-30  106.5   0.0   200   300   279   381   274   454 0.89 transcript=STRK1_64270.1 gene=STRK1_64270
STRK1_76440.1        -            654 367596at33208        -            524   3.3e-59  200.7   0.7   1   1   2.9e-60     9e-58  196.0   0.7     1   325    93   471    93   481 0.74 transcript=STRK1_76440.1 gene=STRK1_76440
STRK1_58530.1        -            520 367596at33208        -            524   4.3e-17   61.7   0.0   1   2    0.0025      0.78    8.1   0.0     6    44   208   246   205   253 0.87 transcript=STRK1_58530.1 gene=STRK1_58530
STRK1_58530.1        -            520 367596at33208        -            524   4.3e-17   61.7   0.0   2   2   1.8e-16   5.7e-14   51.4   0.0   182   301   318   439   310   445 0.90 transcript=STRK1_58530.1 gene=STRK1_58530
STRK1_52920.1        -            389 367596at33208        -            524   9.1e-15   54.1   0.3   1   2      0.66     2e+02    0.1   0.0   311   339    16    45     1   147 0.56 transcript=STRK1_52920.1 gene=STRK1_52920
STRK1_52920.1        -            389 367596at33208        -            524   9.1e-15   54.1   0.3   2   2   1.5e-16   4.7e-14   51.7   0.1   183   292   241   353   231   368 0.86 transcript=STRK1_52920.1 gene=STRK1_52920
STRK1_12540.1        -            817 367596at33208        -            524   1.2e-14   53.6   0.0   1   2     0.057        18    3.6   0.0     6    38   150   182   146   192 0.87 transcript=STRK1_12540.1 gene=STRK1_12540
STRK1_12540.1        -            817 367596at33208        -            524   1.2e-14   53.6   0.0   2   2   2.5e-15   7.9e-13   47.7   0.0   179   303   351   479   345   482 0.89 transcript=STRK1_12540.1 gene=STRK1_12540
STRK1_100980.1       -            878 367596at33208        -            524     2e-14   53.0   0.2   1   2     0.018       5.7    5.2   0.0    14    48   112   146   104   206 0.69 transcript=STRK1_100980.1 gene=STRK1_100980
STRK1_100980.1       -            878 367596at33208        -            524     2e-14   53.0   0.2   2   2   1.1e-14   3.5e-12   45.5   0.1   180   301   304   428   292   441 0.89 transcript=STRK1_100980.1 gene=STRK1_100980
STRK1_12540.2        -           1044 367596at33208        -            524   2.3e-14   52.8   0.0   1   2     0.076        24    3.2   0.0     6    38   377   409   373   419 0.87 transcript=STRK1_12540.2 gene=STRK1_12540
STRK1_12540.2        -           1044 367596at33208        -            524   2.3e-14   52.8   0.0   2   2   3.6e-15   1.1e-12   47.2   0.0   179   303   578   706   572   709 0.89 transcript=STRK1_12540.2 gene=STRK1_12540
STRK1_48850.1        -            402 367596at33208        -            524     3e-14   52.3   1.0   1   2     0.023         7    4.9   0.2     6    64    56   115    53   141 0.77 transcript=STRK1_48850.1 gene=STRK1_48850
STRK1_48850.1        -            402 367596at33208        -            524     3e-14   52.3   1.0   2   2   7.5e-15   2.3e-12   46.1   0.0   198   300   271   374   244   396 0.82 transcript=STRK1_48850.1 gene=STRK1_48850
STRK1_49040.1        -            768 367596at33208        -            524   2.9e-13   49.1   0.2   1   2     0.015       4.8    5.5   0.0    13    71   126   191   117   220 0.71 transcript=STRK1_49040.1 gene=STRK1_49040
STRK1_49040.1        -            768 367596at33208        -            524   2.9e-13   49.1   0.2   2   2   1.9e-13   5.9e-11   41.5   0.1   183   300   322   442   304   453 0.87 transcript=STRK1_49040.1 gene=STRK1_49040
STRK1_52940.1        -            389 367596at33208        -            524   3.5e-13   48.8   0.4   1   2       0.6   1.9e+02    0.2   0.0     6    55    43    94     1   160 0.59 transcript=STRK1_52940.1 gene=STRK1_52940
STRK1_52940.1        -            389 367596at33208        -            524   3.5e-13   48.8   0.4   2   2   5.6e-15   1.8e-12   46.5   0.1   183   292   241   353   231   368 0.86 transcript=STRK1_52940.1 gene=STRK1_52940
STRK1_99110.1        -            426 367596at33208        -            524     1e-12   47.3   0.4   1   1   6.6e-15     2e-12   46.3   0.4   178   302   267   394   262   408 0.90 transcript=STRK1_99110.1 gene=STRK1_99110
STRK1_38600.2        -            606 367596at33208        -            524     2e-12   46.4   0.1   1   1     1e-14   3.1e-12   45.7   0.1   175   293   426   547   423   557 0.86 transcript=STRK1_38600.2 gene=STRK1_38600
STRK1_48370.1        -            947 367596at33208        -            524   2.5e-12   46.0   0.0   1   1   1.4e-14   4.4e-12   45.2   0.0   176   302   393   523   384   532 0.86 transcript=STRK1_48370.1 gene=STRK1_48370
STRK1_38600.1        -            793 367596at33208        -            524   2.9e-12   45.8   0.1   1   1   1.5e-14   4.8e-12   45.1   0.1   175   293   613   734   610   744 0.86 transcript=STRK1_38600.1 gene=STRK1_38600
STRK1_24000.1        -            392 367596at33208        -            524   5.4e-12   44.9   3.2   1   1   3.2e-14     1e-11   44.0   3.2   180   303   241   368    43   386 0.70 transcript=STRK1_24000.1 gene=STRK1_24000
STRK1_31440.1        -            636 367596at33208        -            524   1.7e-11   43.3   0.0   1   2      0.32     1e+02    1.1   0.0     5    36   198   229   196   239 0.90 transcript=STRK1_31440.1 gene=STRK1_31440
STRK1_31440.1        -            636 367596at33208        -            524   1.7e-11   43.3   0.0   2   2   6.8e-13   2.1e-10   39.6   0.0   177   301   409   537   400   543 0.85 transcript=STRK1_31440.1 gene=STRK1_31440
STRK1_77150.1        -            612 367596at33208        -            524     2e-11   43.0   0.1   1   2     0.034        11    4.3   0.0    21    72   106   160    99   216 0.68 transcript=STRK1_77150.1 gene=STRK1_77150
STRK1_77150.1        -            612 367596at33208        -            524     2e-11   43.0   0.1   2   2   5.6e-12   1.7e-09   36.6   0.1   187   318   399   534   366   558 0.77 transcript=STRK1_77150.1 gene=STRK1_77150
STRK1_16290.1        -            465 367596at33208        -            524   2.1e-11   43.0   0.6   1   2       1.3     4e+02   -0.9   0.2     6    90    52   141    50   156 0.67 transcript=STRK1_16290.1 gene=STRK1_16290
STRK1_16290.1        -            465 367596at33208        -            524   2.1e-11   43.0   0.6   2   2   2.2e-13   6.8e-11   41.3   0.0   180   305   258   386   250   393 0.89 transcript=STRK1_16290.1 gene=STRK1_16290
STRK1_16290.2        -            465 367596at33208        -            524   2.1e-11   43.0   0.6   1   2       1.3     4e+02   -0.9   0.2     6    90    52   141    50   156 0.67 transcript=STRK1_16290.2 gene=STRK1_16290
STRK1_16290.2        -            465 367596at33208        -            524   2.1e-11   43.0   0.6   2   2   2.2e-13   6.8e-11   41.3   0.0   180   305   258   386   250   393 0.89 transcript=STRK1_16290.2 gene=STRK1_16290
STRK1_16290.3        -            465 367596at33208        -            524   2.1e-11   43.0   0.6   1   2       1.3     4e+02   -0.9   0.2     6    90    52   141    50   156 0.67 transcript=STRK1_16290.3 gene=STRK1_16290
STRK1_16290.3        -            465 367596at33208        -            524   2.1e-11   43.0   0.6   2   2   2.2e-13   6.8e-11   41.3   0.0   180   305   258   386   250   393 0.89 transcript=STRK1_16290.3 gene=STRK1_16290
STRK1_7550.1         -            621 367596at33208        -            524   6.1e-11   41.4   0.2   1   2     0.012       3.8    5.8   0.0     9    54    39    90    33   127 0.70 transcript=STRK1_7550.1 gene=STRK1_7550
STRK1_7550.1         -            621 367596at33208        -            524   6.1e-11   41.4   0.2   2   2   4.6e-11   1.4e-08   33.6   0.1   193   294   258   360   227   386 0.83 transcript=STRK1_7550.1 gene=STRK1_7550
STRK1_52740.1        -            655 367596at33208        -            524   6.2e-10   38.1   0.1   1   2       2.8   8.6e+02   -2.0   0.0    21    37   179   195   170   197 0.79 transcript=STRK1_52740.1 gene=STRK1_52740
STRK1_52740.1        -            655 367596at33208        -            524   6.2e-10   38.1   0.1   2   2   5.7e-12   1.8e-09   36.6   0.0   192   311   444   564   424   589 0.83 transcript=STRK1_52740.1 gene=STRK1_52740
STRK1_49220.2        -            387 367596at33208        -            524     1e-09   37.4   0.2   1   1   5.9e-12   1.8e-09   36.5   0.2   182   290   263   374   254   380 0.86 transcript=STRK1_49220.2 gene=STRK1_49220
STRK1_49220.1        -            449 367596at33208        -            524   1.3e-09   37.0   0.2   1   1   7.1e-12   2.2e-09   36.3   0.2   182   290   263   374   254   390 0.87 transcript=STRK1_49220.1 gene=STRK1_49220
STRK1_42350.1        -           1308 367596at33208        -            524   1.8e-09   36.6   0.0   1   1     1e-11   3.2e-09   35.8   0.0   196   295   995  1096   980  1106 0.88 transcript=STRK1_42350.1 gene=STRK1_42350
STRK1_16780.1        -           2205 367596at33208        -            524   2.6e-09   36.1   0.1   1   2   3.6e-06    0.0011   17.4   0.1   223   296   251   333   212   337 0.83 transcript=STRK1_16780.1 gene=STRK1_16780
STRK1_16780.1        -           2205 367596at33208        -            524   2.6e-09   36.1   0.1   2   2   1.2e-05    0.0038   15.7   0.0   223   308  1382  1475  1332  1502 0.79 transcript=STRK1_16780.1 gene=STRK1_16780
STRK1_51730.1        -            461 367596at33208        -            524   2.6e-08   32.7   0.6   1   2     0.061        19    3.5   0.0     6    57    28    81    25    96 0.82 transcript=STRK1_51730.1 gene=STRK1_51730
STRK1_51730.1        -            461 367596at33208        -            524   2.6e-08   32.7   0.6   2   2   3.3e-09     1e-06   27.5   0.1   190   297   266   380   251   429 0.74 transcript=STRK1_51730.1 gene=STRK1_51730
STRK1_51730.2        -            461 367596at33208        -            524   2.6e-08   32.7   0.6   1   2     0.061        19    3.5   0.0     6    57    28    81    25    96 0.82 transcript=STRK1_51730.2 gene=STRK1_51730
STRK1_51730.2        -            461 367596at33208        -            524   2.6e-08   32.7   0.6   2   2   3.3e-09     1e-06   27.5   0.1   190   297   266   380   251   429 0.74 transcript=STRK1_51730.2 gene=STRK1_51730
STRK1_10730.1        -            589 367596at33208        -            524   3.4e-07   29.1   0.1   1   2       1.7   5.3e+02   -1.3   0.0     6    37    70   101    68   108 0.82 transcript=STRK1_10730.1 gene=STRK1_10730
STRK1_10730.1        -            589 367596at33208        -            524   3.4e-07   29.1   0.1   2   2     5e-09   1.6e-06   26.9   0.0   222   292   396   467   352   477 0.81 transcript=STRK1_10730.1 gene=STRK1_10730
STRK1_53580.1        -            461 367596at33208        -            524   3.1e-06   25.9   0.0   1   1   1.7e-08   5.4e-06   25.1   0.0   199   300   324   433   307   446 0.79 transcript=STRK1_53580.1 gene=STRK1_53580
STRK1_50510.1        -            745 367596at33208        -            524   6.1e-06   24.9   0.0   1   1   3.5e-08   1.1e-05   24.1   0.0   182   297   310   428   295   505 0.83 transcript=STRK1_50510.1 gene=STRK1_50510
STRK1_7850.1         -            566 367596at33208        -            524   9.2e-06   24.3   0.1   1   2      0.64     2e+02    0.1   0.0    13    57    39    85    30   106 0.75 transcript=STRK1_7850.1 gene=STRK1_7850
STRK1_7850.1         -            566 367596at33208        -            524   9.2e-06   24.3   0.1   2   2   2.2e-07   6.8e-05   21.5   0.1   197   298   280   383   274   549 0.86 transcript=STRK1_7850.1 gene=STRK1_7850
STRK1_7850.2         -            447 367596at33208        -            524   2.5e-05   22.9   0.1   1   1   1.3e-07     4e-05   22.2   0.1   197   298   161   264   151   430 0.85 transcript=STRK1_7850.2 gene=STRK1_7850
STRK1_7850.3         -            447 367596at33208        -            524   2.5e-05   22.9   0.1   1   1   1.3e-07     4e-05   22.2   0.1   197   298   161   264   151   430 0.85 transcript=STRK1_7850.3 gene=STRK1_7850
STRK1_7850.4         -            447 367596at33208        -            524   2.5e-05   22.9   0.1   1   1   1.3e-07     4e-05   22.2   0.1   197   298   161   264   151   430 0.85 transcript=STRK1_7850.4 gene=STRK1_7850
STRK1_34110.1        -            712 367596at33208        -            524   3.4e-05   22.5   0.0   1   2     0.048        15    3.8   0.0     6    37   133   164   129   244 0.92 transcript=STRK1_34110.1 gene=STRK1_34110
STRK1_34110.1        -            712 367596at33208        -            524   3.4e-05   22.5   0.0   2   2   8.5e-06    0.0026   16.2   0.0   219   302   437   521   421   593 0.78 transcript=STRK1_34110.1 gene=STRK1_34110
STRK1_88820.1        -            717 367596at33208        -            524   3.9e-05   22.3   0.6   1   3        10   3.1e+03   -3.8   0.0    20    36    43    59    28    62 0.68 transcript=STRK1_88820.1 gene=STRK1_88820
STRK1_88820.1        -            717 367596at33208        -            524   3.9e-05   22.3   0.6   2   3      0.05        16    3.8   0.0    62   110   466   514   454   529 0.86 transcript=STRK1_88820.1 gene=STRK1_88820
STRK1_88820.1        -            717 367596at33208        -            524   3.9e-05   22.3   0.6   3   3     1e-05    0.0032   16.0   0.1   260   316   525   581   520   619 0.78 transcript=STRK1_88820.1 gene=STRK1_88820
STRK1_7430.1         -            928 367596at33208        -            524   0.00011   20.8   0.6   1   3      0.29        90    1.3   0.0    15   166    53   211    46   216 0.64 transcript=STRK1_7430.1 gene=STRK1_7430
STRK1_7430.1         -            928 367596at33208        -            524   0.00011   20.8   0.6   2   3      0.96     3e+02   -0.4   0.1   194   220   312   338   308   344 0.86 transcript=STRK1_7430.1 gene=STRK1_7430
STRK1_7430.1         -            928 367596at33208        -            524   0.00011   20.8   0.6   3   3   1.2e-05    0.0036   15.8   0.0   225   292   403   475   394   498 0.83 transcript=STRK1_7430.1 gene=STRK1_7430
STRK1_36910.1        -            828 367596at33208        -            524   0.00016   20.2   0.0   1   2     0.045        14    3.9   0.0     6    36    57    87    54   107 0.91 transcript=STRK1_36910.1 gene=STRK1_36910
STRK1_36910.1        -            828 367596at33208        -            524   0.00016   20.2   0.0   2   2   5.1e-05     0.016   13.7   0.0   194   300   270   377   244   381 0.72 transcript=STRK1_36910.1 gene=STRK1_36910
STRK1_17670.1        -            742 367596at33208        -            524   0.00017   20.1   0.1   1   2     0.095        30    2.9   0.0     6    38    31    63    28    74 0.87 transcript=STRK1_17670.1 gene=STRK1_17670
STRK1_17670.1        -            742 367596at33208        -            524   0.00017   20.1   0.1   2   2   6.3e-05      0.02   13.4   0.0   226   291   550   616   544   634 0.84 transcript=STRK1_17670.1 gene=STRK1_17670
STRK1_51830.1        -            603 367596at33208        -            524   0.00026   19.6   1.2   1   3       4.3   1.3e+03   -2.6   0.0    24    57   151   191   146   207 0.57 transcript=STRK1_51830.1 gene=STRK1_51830
STRK1_51830.1        -            603 367596at33208        -            524   0.00026   19.6   1.2   2   3       1.1   3.3e+02   -0.6   0.1   186   241   342   400   318   406 0.65 transcript=STRK1_51830.1 gene=STRK1_51830
STRK1_51830.1        -            603 367596at33208        -            524   0.00026   19.6   1.2   3   3   3.1e-06   0.00098   17.7   0.0   238   288   422   472   412   498 0.85 transcript=STRK1_51830.1 gene=STRK1_51830
STRK1_43570.1        -            459 367596at33208        -            524   0.00028   19.5   0.0   1   1   7.1e-06    0.0022   16.5   0.0   197   292   250   356    29   364 0.74 transcript=STRK1_43570.1 gene=STRK1_43570
STRK1_94140.1        -           2313 367596at33208        -            524   0.00043   18.8   0.0   1   3     0.005       1.5    7.1   0.0   224   266   806   849   801   919 0.70 transcript=STRK1_94140.1 gene=STRK1_94140
STRK1_94140.1        -           2313 367596at33208        -            524   0.00043   18.8   0.0   2   3         3   9.5e+02   -2.1   0.0    20    63  1376  1420  1371  1430 0.84 transcript=STRK1_94140.1 gene=STRK1_94140
STRK1_94140.1        -           2313 367596at33208        -            524   0.00043   18.8   0.0   3   3    0.0035       1.1    7.6   0.0   221   288  1665  1743  1649  1803 0.69 transcript=STRK1_94140.1 gene=STRK1_94140
STRK1_34300.1        -            527 367596at33208        -            524    0.0035   15.8   0.1   1   2      0.32     1e+02    1.1   0.0     6    57    77   134    73   251 0.71 transcript=STRK1_34300.1 gene=STRK1_34300
STRK1_34300.1        -            527 367596at33208        -            524    0.0035   15.8   0.1   2   2   0.00011     0.035   12.5   0.0   230   301   330   402   279   430 0.81 transcript=STRK1_34300.1 gene=STRK1_34300
#
# Program:         hmmsearch
# Version:         3.4 (Aug 2023)
# Pipeline mode:   SEARCH
# Query file:      /users/40483456/busco_datasets/busco_downloads/lineages/metazoa_odb10/hmms/367596at33208.hmm
# Target file:     /users/40483456/protein/schistosoma_turkestanicum.fa
# Option settings: hmmsearch --domtblout /users/40483456/busco/results_pro/schistosoma_turkestanicum_busco/run_metazoa_odb10/hmmer_output/initial_run_results/367596at33208.out --cpu 1 /users/40483456/busco_datasets/busco_downloads/lineages/metazoa_odb10/hmms/367596at33208.hmm /users/40483456/protein/schistosoma_turkestanicum.fa 
# Current dir:     /users/40483456
# Date:            Thu Jan 15 18:00:30 2026
# [ok]
