#                                                                            --- full sequence --- -------------- this domain -------------   hmm coord   ali coord   env coord
# target name        accession   tlen query name           accession   qlen   E-value  score  bias   #  of  c-Evalue  i-Evalue  score  bias  from    to  from    to  from    to  acc description of target
#------------------- ---------- ----- -------------------- ---------- ----- --------- ------ ----- --- --- --------- --------- ------ ----- ----- ----- ----- ----- ----- ----- ---- ---------------------
STRK1_12920.1        -           2307 411664at33208        -            252   1.9e-05   24.0   4.2   1   2       4.3   2.6e+03   -2.7   0.1    52   108  1098  1154  1090  1158 0.83 transcript=STRK1_12920.1 gene=STRK1_12920
STRK1_12920.1        -           2307 411664at33208        -            252   1.9e-05   24.0   4.2   2   2   3.1e-08   1.9e-05   24.0   4.2   187   231  2242  2286  2214  2295 0.82 transcript=STRK1_12920.1 gene=STRK1_12920
STRK1_54560.1        -            576 411664at33208        -            252   0.00022   20.5   5.1   1   4       9.9     6e+03   -3.9   0.0    45    80    39    74    23    78 0.75 transcript=STRK1_54560.1 gene=STRK1_54560
STRK1_54560.1        -            576 411664at33208        -            252   0.00022   20.5   5.1   2   4   3.6e-07   0.00022   20.5   5.1   149   250   106   207    95   209 0.75 transcript=STRK1_54560.1 gene=STRK1_54560
STRK1_54560.1        -            576 411664at33208        -            252   0.00022   20.5   5.1   3   4         2   1.2e+03   -1.6   3.1   134   209   230   300   217   303 0.67 transcript=STRK1_54560.1 gene=STRK1_54560
STRK1_54560.1        -            576 411664at33208        -            252   0.00022   20.5   5.1   4   4   0.00097      0.59    9.2   0.3   188   232   442   484   398   491 0.73 transcript=STRK1_54560.1 gene=STRK1_54560
STRK1_54560.2        -            576 411664at33208        -            252   0.00022   20.5   5.1   1   4       9.9     6e+03   -3.9   0.0    45    80    39    74    23    78 0.75 transcript=STRK1_54560.2 gene=STRK1_54560
STRK1_54560.2        -            576 411664at33208        -            252   0.00022   20.5   5.1   2   4   3.6e-07   0.00022   20.5   5.1   149   250   106   207    95   209 0.75 transcript=STRK1_54560.2 gene=STRK1_54560
STRK1_54560.2        -            576 411664at33208        -            252   0.00022   20.5   5.1   3   4         2   1.2e+03   -1.6   3.1   134   209   230   300   217   303 0.67 transcript=STRK1_54560.2 gene=STRK1_54560
STRK1_54560.2        -            576 411664at33208        -            252   0.00022   20.5   5.1   4   4   0.00097      0.59    9.2   0.3   188   232   442   484   398   491 0.73 transcript=STRK1_54560.2 gene=STRK1_54560
STRK1_50240.3        -            553 411664at33208        -            252    0.0099   15.1   1.1   1   1   2.7e-05     0.016   14.3   1.1   184   232   283   336   273   345 0.79 transcript=STRK1_50240.3 gene=STRK1_50240
STRK1_50240.1        -            587 411664at33208        -            252      0.01   15.0   1.1   1   1   2.9e-05     0.018   14.2   1.1   184   232   283   336   273   345 0.79 transcript=STRK1_50240.1 gene=STRK1_50240
STRK1_50240.2        -            587 411664at33208        -            252      0.01   15.0   1.1   1   1   2.9e-05     0.018   14.2   1.1   184   232   283   336   273   345 0.79 transcript=STRK1_50240.2 gene=STRK1_50240
STRK1_50240.4        -            587 411664at33208        -            252      0.01   15.0   1.1   1   1   2.9e-05     0.018   14.2   1.1   184   232   283   336   273   345 0.79 transcript=STRK1_50240.4 gene=STRK1_50240
STRK1_63180.1        -            270 411664at33208        -            252     0.022   13.9   4.7   1   1   6.7e-05     0.041   13.0   4.7   187   248     3    65     1    69 0.71 transcript=STRK1_63180.1 gene=STRK1_63180
STRK1_63180.2        -            237 411664at33208        -            252     0.022   13.9   4.7   1   1   5.3e-05     0.033   13.4   4.7   187   248     3    65     1    69 0.71 transcript=STRK1_63180.2 gene=STRK1_63180
STRK1_63180.3        -            237 411664at33208        -            252     0.022   13.9   4.7   1   1   5.3e-05     0.033   13.4   4.7   187   248     3    65     1    69 0.71 transcript=STRK1_63180.3 gene=STRK1_63180
STRK1_63180.4        -            237 411664at33208        -            252     0.022   13.9   4.7   1   1   5.3e-05     0.033   13.4   4.7   187   248     3    65     1    69 0.71 transcript=STRK1_63180.4 gene=STRK1_63180
STRK1_63180.5        -            237 411664at33208        -            252     0.022   13.9   4.7   1   1   5.3e-05     0.033   13.4   4.7   187   248     3    65     1    69 0.71 transcript=STRK1_63180.5 gene=STRK1_63180
STRK1_63180.7        -            237 411664at33208        -            252     0.022   13.9   4.7   1   1   5.3e-05     0.033   13.4   4.7   187   248     3    65     1    69 0.71 transcript=STRK1_63180.7 gene=STRK1_63180
STRK1_63180.8        -            237 411664at33208        -            252     0.022   13.9   4.7   1   1   5.3e-05     0.033   13.4   4.7   187   248     3    65     1    69 0.71 transcript=STRK1_63180.8 gene=STRK1_63180
STRK1_63180.6        -            237 411664at33208        -            252     0.022   13.9   4.7   1   1   5.3e-05     0.033   13.4   4.7   187   248     3    65     1    69 0.71 transcript=STRK1_63180.6 gene=STRK1_63180
STRK1_29520.1        -            339 411664at33208        -            252     0.022   13.9   9.0   1   1   6.2e-05     0.038   13.2   9.0   189   251    50   107    18   108 0.84 transcript=STRK1_29520.1 gene=STRK1_29520
STRK1_93860.1        -            389 411664at33208        -            252     0.026   13.7   0.1   1   1   6.5e-05      0.04   13.1   0.1    49   127   270   350   233   373 0.88 transcript=STRK1_93860.1 gene=STRK1_93860
STRK1_64020.1        -            840 411664at33208        -            252     0.057   12.6   3.0   1   1   0.00017      0.11   11.7   3.0   170   232   397   451   371   458 0.80 transcript=STRK1_64020.1 gene=STRK1_64020
STRK1_69170.1        -            275 411664at33208        -            252      0.11   11.7   3.1   1   1   0.00037      0.22   10.6   3.1   192   249   204   246   191   249 0.74 transcript=STRK1_69170.1 gene=STRK1_69170
STRK1_44760.1        -           1253 411664at33208        -            252      0.16   11.1   8.1   1   1   0.00049       0.3   10.2   8.1   159   232  1165  1234  1158  1242 0.81 transcript=STRK1_44760.1 gene=STRK1_44760
STRK1_45990.2        -            531 411664at33208        -            252      0.36    9.9   9.0   1   1    0.0011       0.7    9.0   9.0   168   232   300   356   271   366 0.74 transcript=STRK1_45990.2 gene=STRK1_45990
STRK1_75790.1        -            890 411664at33208        -            252      0.53    9.4  17.3   1   3      0.03        19    4.3   2.5   174   226   203   256   199   280 0.72 transcript=STRK1_75790.1 gene=STRK1_75790
STRK1_75790.1        -            890 411664at33208        -            252      0.53    9.4  17.3   2   3       5.9   3.6e+03   -3.2   0.1    51    72   448   469   423   495 0.53 transcript=STRK1_75790.1 gene=STRK1_75790
STRK1_75790.1        -            890 411664at33208        -            252      0.53    9.4  17.3   3   3   4.6e-05     0.028   13.6   3.1   189   251   586   641   554   642 0.84 transcript=STRK1_75790.1 gene=STRK1_75790
STRK1_64100.1        -            222 411664at33208        -            252      0.84    8.8   4.4   1   1    0.0022       1.3    8.1   4.4   158   251    17    93     6    94 0.80 transcript=STRK1_64100.1 gene=STRK1_64100
STRK1_16840.1        -             98 411664at33208        -            252       1.2    8.2  17.2   1   1    0.0022       1.4    8.1  17.2   188   249    33    92    17    95 0.81 transcript=STRK1_16840.1 gene=STRK1_16840
#
# Program:         hmmsearch
# Version:         3.4 (Aug 2023)
# Pipeline mode:   SEARCH
# Query file:      /users/40483456/busco_datasets/busco_downloads/lineages/metazoa_odb10/hmms/411664at33208.hmm
# Target file:     /users/40483456/protein/schistosoma_turkestanicum.fa
# Option settings: hmmsearch --domtblout /users/40483456/busco/results_pro/schistosoma_turkestanicum_busco/run_metazoa_odb10/hmmer_output/initial_run_results/411664at33208.out --cpu 1 /users/40483456/busco_datasets/busco_downloads/lineages/metazoa_odb10/hmms/411664at33208.hmm /users/40483456/protein/schistosoma_turkestanicum.fa 
# Current dir:     /users/40483456
# Date:            Thu Jan 15 18:00:33 2026
# [ok]
