#                                                                            --- full sequence --- -------------- this domain -------------   hmm coord   ali coord   env coord
# target name        accession   tlen query name           accession   qlen   E-value  score  bias   #  of  c-Evalue  i-Evalue  score  bias  from    to  from    to  from    to  acc description of target
#------------------- ---------- ----- -------------------- ---------- ----- --------- ------ ----- --- --- --------- --------- ------ ----- ----- ----- ----- ----- ----- ----- ---- ---------------------
STRK1_65340.1        -            450 435253at33208        -            329     5e-16   58.4   9.2   1   6   0.00071      0.16   10.8   0.0    83   115   138   170   121   177 0.81 transcript=STRK1_65340.1 gene=STRK1_65340
STRK1_65340.1        -            450 435253at33208        -            329     5e-16   58.4   9.2   2   6   6.5e-05     0.014   14.2   0.0    83   114   180   211   172   219 0.86 transcript=STRK1_65340.1 gene=STRK1_65340
STRK1_65340.1        -            450 435253at33208        -            329     5e-16   58.4   9.2   3   6   9.2e-06     0.002   17.0   0.2    84   133   221   279   216   292 0.78 transcript=STRK1_65340.1 gene=STRK1_65340
STRK1_65340.1        -            450 435253at33208        -            329     5e-16   58.4   9.2   4   6     0.067        15    4.3   0.1    87   113   268   294   259   312 0.64 transcript=STRK1_65340.1 gene=STRK1_65340
STRK1_65340.1        -            450 435253at33208        -            329     5e-16   58.4   9.2   5   6    0.0084       1.9    7.2   0.0    78   116   345   385   337   389 0.84 transcript=STRK1_65340.1 gene=STRK1_65340
STRK1_65340.1        -            450 435253at33208        -            329     5e-16   58.4   9.2   6   6    0.0011      0.25   10.1   0.1    83   114   392   425   388   449 0.78 transcript=STRK1_65340.1 gene=STRK1_65340
STRK1_71760.1        -            442 435253at33208        -            329   4.7e-13   48.7   3.9   1   5   9.4e-05     0.021   13.7   0.0    86   119   151   184   140   189 0.92 transcript=STRK1_71760.1 gene=STRK1_71760
STRK1_71760.1        -            442 435253at33208        -            329   4.7e-13   48.7   3.9   2   5    0.0001     0.023   13.5   0.1    88   112   195   219   187   224 0.90 transcript=STRK1_71760.1 gene=STRK1_71760
STRK1_71760.1        -            442 435253at33208        -            329   4.7e-13   48.7   3.9   3   5   0.00062      0.14   11.0   0.1    81   114   228   263   222   273 0.85 transcript=STRK1_71760.1 gene=STRK1_71760
STRK1_71760.1        -            442 435253at33208        -            329   4.7e-13   48.7   3.9   4   5     0.044       9.8    4.9   0.0    88   117   279   308   271   316 0.84 transcript=STRK1_71760.1 gene=STRK1_71760
STRK1_71760.1        -            442 435253at33208        -            329   4.7e-13   48.7   3.9   5   5      0.23        50    2.5   0.0    89   115   321   347   313   371 0.80 transcript=STRK1_71760.1 gene=STRK1_71760
STRK1_71760.2        -            442 435253at33208        -            329   4.7e-13   48.7   3.9   1   5   9.4e-05     0.021   13.7   0.0    86   119   151   184   140   189 0.92 transcript=STRK1_71760.2 gene=STRK1_71760
STRK1_71760.2        -            442 435253at33208        -            329   4.7e-13   48.7   3.9   2   5    0.0001     0.023   13.5   0.1    88   112   195   219   187   224 0.90 transcript=STRK1_71760.2 gene=STRK1_71760
STRK1_71760.2        -            442 435253at33208        -            329   4.7e-13   48.7   3.9   3   5   0.00062      0.14   11.0   0.1    81   114   228   263   222   273 0.85 transcript=STRK1_71760.2 gene=STRK1_71760
STRK1_71760.2        -            442 435253at33208        -            329   4.7e-13   48.7   3.9   4   5     0.044       9.8    4.9   0.0    88   117   279   308   271   316 0.84 transcript=STRK1_71760.2 gene=STRK1_71760
STRK1_71760.2        -            442 435253at33208        -            329   4.7e-13   48.7   3.9   5   5      0.23        50    2.5   0.0    89   115   321   347   313   371 0.80 transcript=STRK1_71760.2 gene=STRK1_71760
STRK1_71760.3        -            442 435253at33208        -            329   4.7e-13   48.7   3.9   1   5   9.4e-05     0.021   13.7   0.0    86   119   151   184   140   189 0.92 transcript=STRK1_71760.3 gene=STRK1_71760
STRK1_71760.3        -            442 435253at33208        -            329   4.7e-13   48.7   3.9   2   5    0.0001     0.023   13.5   0.1    88   112   195   219   187   224 0.90 transcript=STRK1_71760.3 gene=STRK1_71760
STRK1_71760.3        -            442 435253at33208        -            329   4.7e-13   48.7   3.9   3   5   0.00062      0.14   11.0   0.1    81   114   228   263   222   273 0.85 transcript=STRK1_71760.3 gene=STRK1_71760
STRK1_71760.3        -            442 435253at33208        -            329   4.7e-13   48.7   3.9   4   5     0.044       9.8    4.9   0.0    88   117   279   308   271   316 0.84 transcript=STRK1_71760.3 gene=STRK1_71760
STRK1_71760.3        -            442 435253at33208        -            329   4.7e-13   48.7   3.9   5   5      0.23        50    2.5   0.0    89   115   321   347   313   371 0.80 transcript=STRK1_71760.3 gene=STRK1_71760
STRK1_71760.4        -            442 435253at33208        -            329   4.7e-13   48.7   3.9   1   5   9.4e-05     0.021   13.7   0.0    86   119   151   184   140   189 0.92 transcript=STRK1_71760.4 gene=STRK1_71760
STRK1_71760.4        -            442 435253at33208        -            329   4.7e-13   48.7   3.9   2   5    0.0001     0.023   13.5   0.1    88   112   195   219   187   224 0.90 transcript=STRK1_71760.4 gene=STRK1_71760
STRK1_71760.4        -            442 435253at33208        -            329   4.7e-13   48.7   3.9   3   5   0.00062      0.14   11.0   0.1    81   114   228   263   222   273 0.85 transcript=STRK1_71760.4 gene=STRK1_71760
STRK1_71760.4        -            442 435253at33208        -            329   4.7e-13   48.7   3.9   4   5     0.044       9.8    4.9   0.0    88   117   279   308   271   316 0.84 transcript=STRK1_71760.4 gene=STRK1_71760
STRK1_71760.4        -            442 435253at33208        -            329   4.7e-13   48.7   3.9   5   5      0.23        50    2.5   0.0    89   115   321   347   313   371 0.80 transcript=STRK1_71760.4 gene=STRK1_71760
STRK1_71760.5        -            442 435253at33208        -            329   4.7e-13   48.7   3.9   1   5   9.4e-05     0.021   13.7   0.0    86   119   151   184   140   189 0.92 transcript=STRK1_71760.5 gene=STRK1_71760
STRK1_71760.5        -            442 435253at33208        -            329   4.7e-13   48.7   3.9   2   5    0.0001     0.023   13.5   0.1    88   112   195   219   187   224 0.90 transcript=STRK1_71760.5 gene=STRK1_71760
STRK1_71760.5        -            442 435253at33208        -            329   4.7e-13   48.7   3.9   3   5   0.00062      0.14   11.0   0.1    81   114   228   263   222   273 0.85 transcript=STRK1_71760.5 gene=STRK1_71760
STRK1_71760.5        -            442 435253at33208        -            329   4.7e-13   48.7   3.9   4   5     0.044       9.8    4.9   0.0    88   117   279   308   271   316 0.84 transcript=STRK1_71760.5 gene=STRK1_71760
STRK1_71760.5        -            442 435253at33208        -            329   4.7e-13   48.7   3.9   5   5      0.23        50    2.5   0.0    89   115   321   347   313   371 0.80 transcript=STRK1_71760.5 gene=STRK1_71760
STRK1_49810.1        -            307 435253at33208        -            329   2.7e-11   42.9   2.9   1   6       0.5   1.1e+02    1.4   0.0   104   130    13    46     6    50 0.69 transcript=STRK1_49810.1 gene=STRK1_49810
STRK1_49810.1        -            307 435253at33208        -            329   2.7e-11   42.9   2.9   2   6   0.00072      0.16   10.7   0.3    86   136    37    94    17    97 0.81 transcript=STRK1_49810.1 gene=STRK1_49810
STRK1_49810.1        -            307 435253at33208        -            329   2.7e-11   42.9   2.9   3   6    0.0012      0.26   10.0   0.0    86   112    79   105    65   107 0.85 transcript=STRK1_49810.1 gene=STRK1_49810
STRK1_49810.1        -            307 435253at33208        -            329   2.7e-11   42.9   2.9   4   6    0.0015      0.34    9.7   0.0    79   114   114   149   106   181 0.77 transcript=STRK1_49810.1 gene=STRK1_49810
STRK1_49810.1        -            307 435253at33208        -            329   2.7e-11   42.9   2.9   5   6     0.081        18    4.0   0.0    89   111   209   231   200   242 0.82 transcript=STRK1_49810.1 gene=STRK1_49810
STRK1_49810.1        -            307 435253at33208        -            329   2.7e-11   42.9   2.9   6   6   0.00042     0.092   11.5   0.0    89   112   254   277   240   305 0.82 transcript=STRK1_49810.1 gene=STRK1_49810
STRK1_49810.2        -            307 435253at33208        -            329   2.7e-11   42.9   2.9   1   6       0.5   1.1e+02    1.4   0.0   104   130    13    46     6    50 0.69 transcript=STRK1_49810.2 gene=STRK1_49810
STRK1_49810.2        -            307 435253at33208        -            329   2.7e-11   42.9   2.9   2   6   0.00072      0.16   10.7   0.3    86   136    37    94    17    97 0.81 transcript=STRK1_49810.2 gene=STRK1_49810
STRK1_49810.2        -            307 435253at33208        -            329   2.7e-11   42.9   2.9   3   6    0.0012      0.26   10.0   0.0    86   112    79   105    65   107 0.85 transcript=STRK1_49810.2 gene=STRK1_49810
STRK1_49810.2        -            307 435253at33208        -            329   2.7e-11   42.9   2.9   4   6    0.0015      0.34    9.7   0.0    79   114   114   149   106   181 0.77 transcript=STRK1_49810.2 gene=STRK1_49810
STRK1_49810.2        -            307 435253at33208        -            329   2.7e-11   42.9   2.9   5   6     0.081        18    4.0   0.0    89   111   209   231   200   242 0.82 transcript=STRK1_49810.2 gene=STRK1_49810
STRK1_49810.2        -            307 435253at33208        -            329   2.7e-11   42.9   2.9   6   6   0.00042     0.092   11.5   0.0    89   112   254   277   240   305 0.82 transcript=STRK1_49810.2 gene=STRK1_49810
STRK1_8300.1         -            367 435253at33208        -            329   1.2e-10   40.7   0.3   1   4       4.5     1e+03   -1.7   0.0    89   119    94   125    85   131 0.79 transcript=STRK1_8300.1 gene=STRK1_8300
STRK1_8300.1         -            367 435253at33208        -            329   1.2e-10   40.7   0.3   2   4   3.7e-05    0.0081   15.0   0.0    80   114   128   162   123   169 0.87 transcript=STRK1_8300.1 gene=STRK1_8300
STRK1_8300.1         -            367 435253at33208        -            329   1.2e-10   40.7   0.3   3   4     0.014         3    6.5   0.0    49   120   210   298   177   307 0.59 transcript=STRK1_8300.1 gene=STRK1_8300
STRK1_8300.1         -            367 435253at33208        -            329   1.2e-10   40.7   0.3   4   4   0.00016     0.036   12.9   0.1    70   114   294   338   286   345 0.78 transcript=STRK1_8300.1 gene=STRK1_8300
STRK1_8300.2         -            367 435253at33208        -            329   1.2e-10   40.7   0.3   1   4       4.5     1e+03   -1.7   0.0    89   119    94   125    85   131 0.79 transcript=STRK1_8300.2 gene=STRK1_8300
STRK1_8300.2         -            367 435253at33208        -            329   1.2e-10   40.7   0.3   2   4   3.7e-05    0.0081   15.0   0.0    80   114   128   162   123   169 0.87 transcript=STRK1_8300.2 gene=STRK1_8300
STRK1_8300.2         -            367 435253at33208        -            329   1.2e-10   40.7   0.3   3   4     0.014         3    6.5   0.0    49   120   210   298   177   307 0.59 transcript=STRK1_8300.2 gene=STRK1_8300
STRK1_8300.2         -            367 435253at33208        -            329   1.2e-10   40.7   0.3   4   4   0.00016     0.036   12.9   0.1    70   114   294   338   286   345 0.78 transcript=STRK1_8300.2 gene=STRK1_8300
STRK1_8300.3         -            367 435253at33208        -            329   1.2e-10   40.7   0.3   1   4       4.5     1e+03   -1.7   0.0    89   119    94   125    85   131 0.79 transcript=STRK1_8300.3 gene=STRK1_8300
STRK1_8300.3         -            367 435253at33208        -            329   1.2e-10   40.7   0.3   2   4   3.7e-05    0.0081   15.0   0.0    80   114   128   162   123   169 0.87 transcript=STRK1_8300.3 gene=STRK1_8300
STRK1_8300.3         -            367 435253at33208        -            329   1.2e-10   40.7   0.3   3   4     0.014         3    6.5   0.0    49   120   210   298   177   307 0.59 transcript=STRK1_8300.3 gene=STRK1_8300
STRK1_8300.3         -            367 435253at33208        -            329   1.2e-10   40.7   0.3   4   4   0.00016     0.036   12.9   0.1    70   114   294   338   286   345 0.78 transcript=STRK1_8300.3 gene=STRK1_8300
STRK1_8300.4         -            367 435253at33208        -            329   1.2e-10   40.7   0.3   1   4       4.5     1e+03   -1.7   0.0    89   119    94   125    85   131 0.79 transcript=STRK1_8300.4 gene=STRK1_8300
STRK1_8300.4         -            367 435253at33208        -            329   1.2e-10   40.7   0.3   2   4   3.7e-05    0.0081   15.0   0.0    80   114   128   162   123   169 0.87 transcript=STRK1_8300.4 gene=STRK1_8300
STRK1_8300.4         -            367 435253at33208        -            329   1.2e-10   40.7   0.3   3   4     0.014         3    6.5   0.0    49   120   210   298   177   307 0.59 transcript=STRK1_8300.4 gene=STRK1_8300
STRK1_8300.4         -            367 435253at33208        -            329   1.2e-10   40.7   0.3   4   4   0.00016     0.036   12.9   0.1    70   114   294   338   286   345 0.78 transcript=STRK1_8300.4 gene=STRK1_8300
STRK1_8300.5         -            367 435253at33208        -            329   1.2e-10   40.7   0.3   1   4       4.5     1e+03   -1.7   0.0    89   119    94   125    85   131 0.79 transcript=STRK1_8300.5 gene=STRK1_8300
STRK1_8300.5         -            367 435253at33208        -            329   1.2e-10   40.7   0.3   2   4   3.7e-05    0.0081   15.0   0.0    80   114   128   162   123   169 0.87 transcript=STRK1_8300.5 gene=STRK1_8300
STRK1_8300.5         -            367 435253at33208        -            329   1.2e-10   40.7   0.3   3   4     0.014         3    6.5   0.0    49   120   210   298   177   307 0.59 transcript=STRK1_8300.5 gene=STRK1_8300
STRK1_8300.5         -            367 435253at33208        -            329   1.2e-10   40.7   0.3   4   4   0.00016     0.036   12.9   0.1    70   114   294   338   286   345 0.78 transcript=STRK1_8300.5 gene=STRK1_8300
STRK1_25640.1        -            446 435253at33208        -            329   3.3e-10   39.3   4.6   1   5      0.11        24    3.6   0.0    88   118   113   143   102   152 0.84 transcript=STRK1_25640.1 gene=STRK1_25640
STRK1_25640.1        -            446 435253at33208        -            329   3.3e-10   39.3   4.6   2   5    0.0043      0.95    8.2   0.1    70   118   180   228   147   233 0.73 transcript=STRK1_25640.1 gene=STRK1_25640
STRK1_25640.1        -            446 435253at33208        -            329   3.3e-10   39.3   4.6   3   5     0.014         3    6.6   0.1    88   114   265   291   257   297 0.82 transcript=STRK1_25640.1 gene=STRK1_25640
STRK1_25640.1        -            446 435253at33208        -            329   3.3e-10   39.3   4.6   4   5    0.0024      0.53    9.0   0.0    79   114   298   333   292   360 0.80 transcript=STRK1_25640.1 gene=STRK1_25640
STRK1_25640.1        -            446 435253at33208        -            329   3.3e-10   39.3   4.6   5   5    0.0043      0.96    8.2   0.0    75   113   384   422   375   435 0.84 transcript=STRK1_25640.1 gene=STRK1_25640
STRK1_69270.1        -            354 435253at33208        -            329     4e-09   35.7   0.1   1   3   0.00018      0.04   12.7   0.0    81   113    40    72    23    80 0.85 transcript=STRK1_69270.1 gene=STRK1_69270
STRK1_69270.1        -            354 435253at33208        -            329     4e-09   35.7   0.1   2   3     0.041       9.1    5.0   0.0    89   147    90   149    87   162 0.74 transcript=STRK1_69270.1 gene=STRK1_69270
STRK1_69270.1        -            354 435253at33208        -            329     4e-09   35.7   0.1   3   3   7.3e-05     0.016   14.0   0.0    31   132   174   276   138   280 0.59 transcript=STRK1_69270.1 gene=STRK1_69270
STRK1_28690.1        -            464 435253at33208        -            329   2.2e-08   33.3   3.2   1   5      0.88     2e+02    0.6   0.0    92   112    39    59    24   117 0.53 transcript=STRK1_28690.1 gene=STRK1_28690
STRK1_28690.1        -            464 435253at33208        -            329   2.2e-08   33.3   3.2   2   5     0.011       2.5    6.8   0.0    85   113   116   144   111   153 0.88 transcript=STRK1_28690.1 gene=STRK1_28690
STRK1_28690.1        -            464 435253at33208        -            329   2.2e-08   33.3   3.2   3   5    0.0085       1.9    7.2   0.0    84   106   157   179   145   190 0.74 transcript=STRK1_28690.1 gene=STRK1_28690
STRK1_28690.1        -            464 435253at33208        -            329   2.2e-08   33.3   3.2   4   5     0.006       1.3    7.7   0.0    86   114   201   229   195   237 0.87 transcript=STRK1_28690.1 gene=STRK1_28690
STRK1_28690.1        -            464 435253at33208        -            329   2.2e-08   33.3   3.2   5   5     0.013       2.8    6.7   0.0    83   120   238   277   233   284 0.87 transcript=STRK1_28690.1 gene=STRK1_28690
STRK1_9960.1         -            376 435253at33208        -            329   2.6e-08   33.1   0.2   1   3   1.4e-05     0.003   16.4   0.2    85   119   192   226   106   235 0.77 transcript=STRK1_9960.1 gene=STRK1_9960
STRK1_9960.1         -            376 435253at33208        -            329   2.6e-08   33.1   0.2   2   3   0.00098      0.22   10.3   0.0    79   114   229   264   225   291 0.72 transcript=STRK1_9960.1 gene=STRK1_9960
STRK1_9960.1         -            376 435253at33208        -            329   2.6e-08   33.1   0.2   3   3       2.3   5.1e+02   -0.8   0.0    90   120   327   357   312   366 0.84 transcript=STRK1_9960.1 gene=STRK1_9960
STRK1_69270.2        -            260 435253at33208        -            329   2.6e-08   33.1   0.0   1   3   0.00011     0.025   13.4   0.0    81   113    40    72    23    80 0.85 transcript=STRK1_69270.2 gene=STRK1_69270
STRK1_69270.2        -            260 435253at33208        -            329   2.6e-08   33.1   0.0   2   3     0.024       5.4    5.7   0.0    89   147    90   149    87   164 0.75 transcript=STRK1_69270.2 gene=STRK1_69270
STRK1_69270.2        -            260 435253at33208        -            329   2.6e-08   33.1   0.0   3   3    0.0006      0.13   11.0   0.0    31   111   174   245   138   251 0.60 transcript=STRK1_69270.2 gene=STRK1_69270
STRK1_12550.1        -            763 435253at33208        -            329   3.3e-08   32.7   3.8   1   5     0.026       5.7    5.7   0.0    88   118    36    66    28    74 0.85 transcript=STRK1_12550.1 gene=STRK1_12550
STRK1_12550.1        -            763 435253at33208        -            329   3.3e-08   32.7   3.8   2   5    0.0052       1.2    7.9   0.0    89   114    79   104    72   107 0.89 transcript=STRK1_12550.1 gene=STRK1_12550
STRK1_12550.1        -            763 435253at33208        -            329   3.3e-08   32.7   3.8   3   5    0.0034      0.75    8.5   0.0    89   115   121   147   113   152 0.86 transcript=STRK1_12550.1 gene=STRK1_12550
STRK1_12550.1        -            763 435253at33208        -            329   3.3e-08   32.7   3.8   4   5     0.026       5.8    5.6   0.0    85   114   157   188   154   220 0.72 transcript=STRK1_12550.1 gene=STRK1_12550
STRK1_12550.1        -            763 435253at33208        -            329   3.3e-08   32.7   3.8   5   5      0.82   1.8e+02    0.7   0.5   209   275   626   688   596   704 0.84 transcript=STRK1_12550.1 gene=STRK1_12550
STRK1_7980.1         -           1012 435253at33208        -            329   1.3e-07   30.8   2.4   1   4      0.21        47    2.6   0.0    24    85    77   140    56   148 0.78 transcript=STRK1_7980.1 gene=STRK1_7980
STRK1_7980.1         -           1012 435253at33208        -            329   1.3e-07   30.8   2.4   2   4   1.8e-05     0.004   16.0   0.0    78   134   160   225   147   259 0.73 transcript=STRK1_7980.1 gene=STRK1_7980
STRK1_7980.1         -           1012 435253at33208        -            329   1.3e-07   30.8   2.4   3   4      0.22        48    2.6   0.0    83   113   633   663   598   668 0.86 transcript=STRK1_7980.1 gene=STRK1_7980
STRK1_7980.1         -           1012 435253at33208        -            329   1.3e-07   30.8   2.4   4   4     0.048        11    4.8   0.0    82   114   674   706   664   719 0.78 transcript=STRK1_7980.1 gene=STRK1_7980
STRK1_66340.1        -            901 435253at33208        -            329   1.4e-07   30.6   0.7   1   4     0.003      0.66    8.7   0.1    85   131   502   553   489   554 0.81 transcript=STRK1_66340.1 gene=STRK1_66340
STRK1_66340.1        -            901 435253at33208        -            329   1.4e-07   30.6   0.7   2   4    0.0025      0.56    9.0   0.0    86   111   587   612   581   618 0.85 transcript=STRK1_66340.1 gene=STRK1_66340
STRK1_66340.1        -            901 435253at33208        -            329   1.4e-07   30.6   0.7   3   4    0.0041      0.92    8.3   0.0    86   134   627   680   620   697 0.75 transcript=STRK1_66340.1 gene=STRK1_66340
STRK1_66340.1        -            901 435253at33208        -            329   1.4e-07   30.6   0.7   4   4       1.5   3.3e+02   -0.1   0.0     3    66   669   726   667   731 0.68 transcript=STRK1_66340.1 gene=STRK1_66340
STRK1_42240.1        -            382 435253at33208        -            329     1e-06   27.8  10.1   1   5    0.0064       1.4    7.6   1.2    32   127    44   143    24   144 0.70 transcript=STRK1_42240.1 gene=STRK1_42240
STRK1_42240.1        -            382 435253at33208        -            329     1e-06   27.8  10.1   2   5   0.00097      0.22   10.3   1.0    52   114    92   164    79   174 0.65 transcript=STRK1_42240.1 gene=STRK1_42240
STRK1_42240.1        -            382 435253at33208        -            329     1e-06   27.8  10.1   3   5   0.00072      0.16   10.7   0.0    86   114   198   226   193   256 0.79 transcript=STRK1_42240.1 gene=STRK1_42240
STRK1_42240.1        -            382 435253at33208        -            329     1e-06   27.8  10.1   4   5      0.25        57    2.4   0.1    50   108   273   302   229   312 0.51 transcript=STRK1_42240.1 gene=STRK1_42240
STRK1_42240.1        -            382 435253at33208        -            329     1e-06   27.8  10.1   5   5     0.087        19    3.9   0.0     2    52   321   376   320   379 0.79 transcript=STRK1_42240.1 gene=STRK1_42240
STRK1_27390.1        -            860 435253at33208        -            329   4.6e-06   25.7   1.8   1   3       1.3   2.8e+02    0.1   0.0    80    99   524   543   516   572 0.55 transcript=STRK1_27390.1 gene=STRK1_27390
STRK1_27390.1        -            860 435253at33208        -            329   4.6e-06   25.7   1.8   2   3   0.00072      0.16   10.8   0.2    25   117   697   794   682   804 0.73 transcript=STRK1_27390.1 gene=STRK1_27390
STRK1_27390.1        -            860 435253at33208        -            329   4.6e-06   25.7   1.8   3   3   0.00033     0.074   11.9   0.0    84   114   801   833   797   842 0.85 transcript=STRK1_27390.1 gene=STRK1_27390
STRK1_52620.1        -            340 435253at33208        -            329     7e-06   25.1   0.0   1   4       1.8     4e+02   -0.4   0.0     1    25    74    98    74   134 0.66 transcript=STRK1_52620.1 gene=STRK1_52620
STRK1_52620.1        -            340 435253at33208        -            329     7e-06   25.1   0.0   2   4   0.00021     0.048   12.5   0.0    85   114   160   189   148   197 0.84 transcript=STRK1_52620.1 gene=STRK1_52620
STRK1_52620.1        -            340 435253at33208        -            329     7e-06   25.1   0.0   3   4    0.0078       1.7    7.3   0.0    89   114   206   231   194   236 0.86 transcript=STRK1_52620.1 gene=STRK1_52620
STRK1_52620.1        -            340 435253at33208        -            329     7e-06   25.1   0.0   4   4       3.1   6.9e+02   -1.2   0.0    91   114   294   317   284   331 0.80 transcript=STRK1_52620.1 gene=STRK1_52620
STRK1_31130.1        -            952 435253at33208        -            329   1.2e-05   24.3   0.1   1   3       9.4   2.1e+03   -2.8   0.0     1    24   686   709   686   739 0.77 transcript=STRK1_31130.1 gene=STRK1_31130
STRK1_31130.1        -            952 435253at33208        -            329   1.2e-05   24.3   0.1   2   3   0.00063      0.14   10.9   0.0    86   114   773   801   766   812 0.84 transcript=STRK1_31130.1 gene=STRK1_31130
STRK1_31130.1        -            952 435253at33208        -            329   1.2e-05   24.3   0.1   3   3    0.0013      0.29    9.9   0.0    89   116   818   845   808   850 0.86 transcript=STRK1_31130.1 gene=STRK1_31130
STRK1_65000.1        -            581 435253at33208        -            329   2.1e-05   23.5   6.5   1   4   0.00021     0.047   12.5   0.3    84   141   268   334   166   346 0.61 transcript=STRK1_65000.1 gene=STRK1_65000
STRK1_65000.1        -            581 435253at33208        -            329   2.1e-05   23.5   6.5   2   4       3.1     7e+02   -1.2   0.0    87   114   403   432   362   442 0.72 transcript=STRK1_65000.1 gene=STRK1_65000
STRK1_65000.1        -            581 435253at33208        -            329   2.1e-05   23.5   6.5   3   4     0.002      0.44    9.3   1.1    85   134   443   501   433   526 0.71 transcript=STRK1_65000.1 gene=STRK1_65000
STRK1_65000.1        -            581 435253at33208        -            329   2.1e-05   23.5   6.5   4   4       3.1     7e+02   -1.2   0.0    98   130   541   580   503   581 0.71 transcript=STRK1_65000.1 gene=STRK1_65000
STRK1_64610.1        -            795 435253at33208        -            329   2.8e-05   23.1   7.1   1   5      0.13        29    3.3   0.1    34   112   297   383   277   389 0.53 transcript=STRK1_64610.1 gene=STRK1_64610
STRK1_64610.1        -            795 435253at33208        -            329   2.8e-05   23.1   7.1   2   5    0.0027      0.61    8.8   0.0    83   115   516   550   497   576 0.73 transcript=STRK1_64610.1 gene=STRK1_64610
STRK1_64610.1        -            795 435253at33208        -            329   2.8e-05   23.1   7.1   3   5         1   2.3e+02    0.4   0.0    89   117   564   592   555   596 0.83 transcript=STRK1_64610.1 gene=STRK1_64610
STRK1_64610.1        -            795 435253at33208        -            329   2.8e-05   23.1   7.1   4   5     0.002      0.44    9.3   0.4    88   133   603   655   595   685 0.77 transcript=STRK1_64610.1 gene=STRK1_64610
STRK1_64610.1        -            795 435253at33208        -            329   2.8e-05   23.1   7.1   5   5      0.18        40    2.9   0.1    82   129   639   694   632   704 0.66 transcript=STRK1_64610.1 gene=STRK1_64610
STRK1_64610.3        -            795 435253at33208        -            329   2.8e-05   23.1   7.1   1   5      0.13        29    3.3   0.1    34   112   297   383   277   389 0.53 transcript=STRK1_64610.3 gene=STRK1_64610
STRK1_64610.3        -            795 435253at33208        -            329   2.8e-05   23.1   7.1   2   5    0.0027      0.61    8.8   0.0    83   115   516   550   497   576 0.73 transcript=STRK1_64610.3 gene=STRK1_64610
STRK1_64610.3        -            795 435253at33208        -            329   2.8e-05   23.1   7.1   3   5         1   2.3e+02    0.4   0.0    89   117   564   592   555   596 0.83 transcript=STRK1_64610.3 gene=STRK1_64610
STRK1_64610.3        -            795 435253at33208        -            329   2.8e-05   23.1   7.1   4   5     0.002      0.44    9.3   0.4    88   133   603   655   595   685 0.77 transcript=STRK1_64610.3 gene=STRK1_64610
STRK1_64610.3        -            795 435253at33208        -            329   2.8e-05   23.1   7.1   5   5      0.18        40    2.9   0.1    82   129   639   694   632   704 0.66 transcript=STRK1_64610.3 gene=STRK1_64610
STRK1_1650.1         -           1307 435253at33208        -            329   2.9e-05   23.0   5.1   1   4     0.039       8.7    5.1   0.0    90   113    34    57    24    65 0.87 transcript=STRK1_1650.1 gene=STRK1_1650
STRK1_1650.1         -           1307 435253at33208        -            329   2.9e-05   23.0   5.1   2   4      0.29        64    2.2   0.0    89   117    75   103    66   108 0.87 transcript=STRK1_1650.1 gene=STRK1_1650
STRK1_1650.1         -           1307 435253at33208        -            329   2.9e-05   23.0   5.1   3   4   0.00076      0.17   10.7   0.3    84   131   110   166   108   173 0.77 transcript=STRK1_1650.1 gene=STRK1_1650
STRK1_1650.1         -           1307 435253at33208        -            329   2.9e-05   23.0   5.1   4   4     0.095        21    3.8   0.1    61   132   217   300   205   309 0.61 transcript=STRK1_1650.1 gene=STRK1_1650
STRK1_60790.1        -            249 435253at33208        -            329     4e-05   22.6   0.3   1   4       3.4   7.5e+02   -1.3   0.0   272   287    42    57    40    64 0.85 transcript=STRK1_60790.1 gene=STRK1_60790
STRK1_60790.1        -            249 435253at33208        -            329     4e-05   22.6   0.3   2   4     6e-05     0.013   14.3   0.0    86   123    68   105    59   111 0.86 transcript=STRK1_60790.1 gene=STRK1_60790
STRK1_60790.1        -            249 435253at33208        -            329     4e-05   22.6   0.3   3   4     0.088        19    3.9   0.0    91   114   117   140   108   151 0.87 transcript=STRK1_60790.1 gene=STRK1_60790
STRK1_60790.1        -            249 435253at33208        -            329     4e-05   22.6   0.3   4   4       2.4   5.3e+02   -0.8   0.0   121   132   198   209   187   230 0.56 transcript=STRK1_60790.1 gene=STRK1_60790
STRK1_60790.2        -            249 435253at33208        -            329     4e-05   22.6   0.3   1   4       3.4   7.5e+02   -1.3   0.0   272   287    42    57    40    64 0.85 transcript=STRK1_60790.2 gene=STRK1_60790
STRK1_60790.2        -            249 435253at33208        -            329     4e-05   22.6   0.3   2   4     6e-05     0.013   14.3   0.0    86   123    68   105    59   111 0.86 transcript=STRK1_60790.2 gene=STRK1_60790
STRK1_60790.2        -            249 435253at33208        -            329     4e-05   22.6   0.3   3   4     0.088        19    3.9   0.0    91   114   117   140   108   151 0.87 transcript=STRK1_60790.2 gene=STRK1_60790
STRK1_60790.2        -            249 435253at33208        -            329     4e-05   22.6   0.3   4   4       2.4   5.3e+02   -0.8   0.0   121   132   198   209   187   230 0.56 transcript=STRK1_60790.2 gene=STRK1_60790
STRK1_60790.3        -            249 435253at33208        -            329     4e-05   22.6   0.3   1   4       3.4   7.5e+02   -1.3   0.0   272   287    42    57    40    64 0.85 transcript=STRK1_60790.3 gene=STRK1_60790
STRK1_60790.3        -            249 435253at33208        -            329     4e-05   22.6   0.3   2   4     6e-05     0.013   14.3   0.0    86   123    68   105    59   111 0.86 transcript=STRK1_60790.3 gene=STRK1_60790
STRK1_60790.3        -            249 435253at33208        -            329     4e-05   22.6   0.3   3   4     0.088        19    3.9   0.0    91   114   117   140   108   151 0.87 transcript=STRK1_60790.3 gene=STRK1_60790
STRK1_60790.3        -            249 435253at33208        -            329     4e-05   22.6   0.3   4   4       2.4   5.3e+02   -0.8   0.0   121   132   198   209   187   230 0.56 transcript=STRK1_60790.3 gene=STRK1_60790
STRK1_35420.1        -            683 435253at33208        -            329   5.5e-05   22.1   0.5   1   3     0.016       3.5    6.3   0.1     3   113   415   522   413   525 0.80 transcript=STRK1_35420.1 gene=STRK1_35420
STRK1_35420.1        -            683 435253at33208        -            329   5.5e-05   22.1   0.5   2   3    0.0096       2.1    7.1   0.0    74   112   525   563   523   569 0.88 transcript=STRK1_35420.1 gene=STRK1_35420
STRK1_35420.1        -            683 435253at33208        -            329   5.5e-05   22.1   0.5   3   3     0.045        10    4.8   0.0    84   118   584   620   578   642 0.70 transcript=STRK1_35420.1 gene=STRK1_35420
STRK1_75200.1        -            935 435253at33208        -            329   7.2e-05   21.7   0.4   1   3     0.036       7.9    5.2   0.0    61   118   322   389   312   413 0.71 transcript=STRK1_75200.1 gene=STRK1_75200
STRK1_75200.1        -            935 435253at33208        -            329   7.2e-05   21.7   0.4   2   3    0.0039      0.87    8.3   0.0    93   121   452   480   443   498 0.89 transcript=STRK1_75200.1 gene=STRK1_75200
STRK1_75200.1        -            935 435253at33208        -            329   7.2e-05   21.7   0.4   3   3      0.11        24    3.6   0.1   224   282   770   836   750   859 0.71 transcript=STRK1_75200.1 gene=STRK1_75200
STRK1_79490.1        -            315 435253at33208        -            329   8.2e-05   21.6   2.5   1   5       1.8   4.1e+02   -0.5   0.0    83   118    30    72    25    77 0.67 transcript=STRK1_79490.1 gene=STRK1_79490
STRK1_79490.1        -            315 435253at33208        -            329   8.2e-05   21.6   2.5   2   5   0.00088      0.19   10.5   0.0    88   120    84   116    74   137 0.83 transcript=STRK1_79490.1 gene=STRK1_79490
STRK1_79490.1        -            315 435253at33208        -            329   8.2e-05   21.6   2.5   3   5       1.2   2.6e+02    0.2   0.0    88   115   171   198   159   205 0.81 transcript=STRK1_79490.1 gene=STRK1_79490
STRK1_79490.1        -            315 435253at33208        -            329   8.2e-05   21.6   2.5   4   5      0.13        30    3.3   0.4    34   101   208   266   171   271 0.65 transcript=STRK1_79490.1 gene=STRK1_79490
STRK1_79490.1        -            315 435253at33208        -            329   8.2e-05   21.6   2.5   5   5      0.39        88    1.7   0.0    18    32   280   294   276   314 0.88 transcript=STRK1_79490.1 gene=STRK1_79490
STRK1_63530.1        -            421 435253at33208        -            329   0.00013   20.9   2.2   1   3     0.031         7    5.4   0.0     2    49    45   100    44   105 0.82 transcript=STRK1_63530.1 gene=STRK1_63530
STRK1_63530.1        -            421 435253at33208        -            329   0.00013   20.9   2.2   2   3   7.9e-05     0.018   13.9   0.5     2   114   135   252   134   261 0.87 transcript=STRK1_63530.1 gene=STRK1_63530
STRK1_63530.1        -            421 435253at33208        -            329   0.00013   20.9   2.2   3   3       3.8   8.5e+02   -1.5   0.0    81    97   395   413   385   416 0.63 transcript=STRK1_63530.1 gene=STRK1_63530
STRK1_47960.2        -            388 435253at33208        -            329   0.00018   20.4   2.1   1   2    0.0048       1.1    8.0   0.2    86   142   210   268   182   281 0.76 transcript=STRK1_47960.2 gene=STRK1_47960
STRK1_47960.2        -            388 435253at33208        -            329   0.00018   20.4   2.1   2   2   0.00045       0.1   11.4   0.2    53   120   301   369   292   376 0.80 transcript=STRK1_47960.2 gene=STRK1_47960
STRK1_77960.1        -            579 435253at33208        -            329    0.0002   20.3   0.4   1   2   7.7e-06    0.0017   17.2   0.2    71   138    40   114    35   119 0.83 transcript=STRK1_77960.1 gene=STRK1_77960
STRK1_77960.1        -            579 435253at33208        -            329    0.0002   20.3   0.4   2   2         1   2.3e+02    0.4   0.0    32    57   177   202   175   241 0.77 transcript=STRK1_77960.1 gene=STRK1_77960
STRK1_83520.1        -            561 435253at33208        -            329   0.00023   20.1   1.1   1   4   0.00027     0.059   12.2   0.1    83   131   285   343   260   351 0.75 transcript=STRK1_83520.1 gene=STRK1_83520
STRK1_83520.1        -            561 435253at33208        -            329   0.00023   20.1   1.1   2   4    0.0059       1.3    7.7   0.0     3    53   335   393   333   397 0.87 transcript=STRK1_83520.1 gene=STRK1_83520
STRK1_83520.1        -            561 435253at33208        -            329   0.00023   20.1   1.1   3   4     0.047        10    4.8   0.0    81   116   372   407   367   429 0.69 transcript=STRK1_83520.1 gene=STRK1_83520
STRK1_83520.1        -            561 435253at33208        -            329   0.00023   20.1   1.1   4   4       8.9     2e+03   -2.7   0.1    61    82   514   535   504   537 0.64 transcript=STRK1_83520.1 gene=STRK1_83520
STRK1_91610.1        -           1037 435253at33208        -            329   0.00046   19.1   2.0   1   2      0.13        28    3.4   0.8    85   130   117   171    34   178 0.73 transcript=STRK1_91610.1 gene=STRK1_91610
STRK1_91610.1        -           1037 435253at33208        -            329   0.00046   19.1   2.0   2   2   0.00013     0.029   13.2   0.0    88   116   208   236   201   268 0.86 transcript=STRK1_91610.1 gene=STRK1_91610
STRK1_53200.1        -            514 435253at33208        -            329    0.0014   17.5   0.8   1   2   0.00013     0.029   13.2   0.2    32   114   278   354   233   362 0.54 transcript=STRK1_53200.1 gene=STRK1_53200
STRK1_53200.1        -            514 435253at33208        -            329    0.0014   17.5   0.8   2   2      0.63   1.4e+02    1.1   0.0    86   105   368   387   363   435 0.57 transcript=STRK1_53200.1 gene=STRK1_53200
STRK1_47960.1        -            410 435253at33208        -            329    0.0023   16.8   5.9   1   2    0.0052       1.2    7.9   0.1    86   142   232   290   204   303 0.76 transcript=STRK1_47960.1 gene=STRK1_47960
STRK1_47960.1        -            410 435253at33208        -            329    0.0023   16.8   5.9   2   2   0.00049      0.11   11.3   0.2    53   120   323   391   314   398 0.80 transcript=STRK1_47960.1 gene=STRK1_47960
STRK1_29530.1        -            758 435253at33208        -            329    0.0038   16.1   0.5   1   3      0.23        52    2.5   0.1   212   236   153   177   129   184 0.84 transcript=STRK1_29530.1 gene=STRK1_29530
STRK1_29530.1        -            758 435253at33208        -            329    0.0038   16.1   0.5   2   3       5.4   1.2e+03   -2.0   0.0    87   117   492   523   491   529 0.80 transcript=STRK1_29530.1 gene=STRK1_29530
STRK1_29530.1        -            758 435253at33208        -            329    0.0038   16.1   0.5   3   3    0.0018      0.39    9.5   0.0    86   118   534   566   524   573 0.90 transcript=STRK1_29530.1 gene=STRK1_29530
STRK1_31960.1        -            764 435253at33208        -            329    0.0048   15.8   0.1   1   2   6.8e-05     0.015   14.1   0.0    38   143    71   165    63   176 0.72 transcript=STRK1_31960.1 gene=STRK1_31960
STRK1_31960.1        -            764 435253at33208        -            329    0.0048   15.8   0.1   2   2       7.2   1.6e+03   -2.4   0.0   116   134   232   250   229   259 0.63 transcript=STRK1_31960.1 gene=STRK1_31960
STRK1_26820.1        -            318 435253at33208        -            329    0.0066   15.3   0.3   1   3       2.7     6e+02   -1.0   0.0    89   114    19    44    10    55 0.81 transcript=STRK1_26820.1 gene=STRK1_26820
STRK1_26820.1        -            318 435253at33208        -            329    0.0066   15.3   0.3   2   3     0.017       3.9    6.2   0.1    31   113   138   214   117   228 0.67 transcript=STRK1_26820.1 gene=STRK1_26820
STRK1_26820.1        -            318 435253at33208        -            329    0.0066   15.3   0.3   3   3     0.017       3.7    6.3   0.0    82   113   275   306   200   314 0.72 transcript=STRK1_26820.1 gene=STRK1_26820
STRK1_26820.2        -            318 435253at33208        -            329    0.0066   15.3   0.3   1   3       2.7     6e+02   -1.0   0.0    89   114    19    44    10    55 0.81 transcript=STRK1_26820.2 gene=STRK1_26820
STRK1_26820.2        -            318 435253at33208        -            329    0.0066   15.3   0.3   2   3     0.017       3.9    6.2   0.1    31   113   138   214   117   228 0.67 transcript=STRK1_26820.2 gene=STRK1_26820
STRK1_26820.2        -            318 435253at33208        -            329    0.0066   15.3   0.3   3   3     0.017       3.7    6.3   0.0    82   113   275   306   200   314 0.72 transcript=STRK1_26820.2 gene=STRK1_26820
STRK1_83410.1        -            386 435253at33208        -            329     0.012   14.5   1.7   1   3      0.37        82    1.8   0.0    83   113   157   196   148   206 0.63 transcript=STRK1_83410.1 gene=STRK1_83410
STRK1_83410.1        -            386 435253at33208        -            329     0.012   14.5   1.7   2   3    0.0045         1    8.1   0.3     3    62   214   286   212   314 0.50 transcript=STRK1_83410.1 gene=STRK1_83410
STRK1_83410.1        -            386 435253at33208        -            329     0.012   14.5   1.7   3   3      0.84   1.9e+02    0.7   0.0   114   139   352   377   332   381 0.77 transcript=STRK1_83410.1 gene=STRK1_83410
STRK1_53180.1        -            254 435253at33208        -            329     0.014   14.2   0.2   1   2   0.00084      0.19   10.5   0.2    33   129    19   116     2   125 0.56 transcript=STRK1_53180.1 gene=STRK1_53180
STRK1_53180.1        -            254 435253at33208        -            329     0.014   14.2   0.2   2   2      0.62   1.4e+02    1.1   0.0     2    21   109   128   108   134 0.72 transcript=STRK1_53180.1 gene=STRK1_53180
STRK1_58290.1        -            620 435253at33208        -            329     0.015   14.1   1.6   1   4      0.18        40    2.9   0.0     2    20    77    95    76   110 0.82 transcript=STRK1_58290.1 gene=STRK1_58290
STRK1_58290.1        -            620 435253at33208        -            329     0.015   14.1   1.6   2   4    0.0051       1.1    7.9   0.1    75   149   240   309   203   336 0.73 transcript=STRK1_58290.1 gene=STRK1_58290
STRK1_58290.1        -            620 435253at33208        -            329     0.015   14.1   1.6   3   4         1   2.2e+02    0.4   0.0   132   152   292   312   271   396 0.54 transcript=STRK1_58290.1 gene=STRK1_58290
STRK1_58290.1        -            620 435253at33208        -            329     0.015   14.1   1.6   4   4       5.3   1.2e+03   -2.0   0.0    23    48   548   578   541   581 0.81 transcript=STRK1_58290.1 gene=STRK1_58290
STRK1_58290.2        -            620 435253at33208        -            329     0.015   14.1   1.6   1   4      0.18        40    2.9   0.0     2    20    77    95    76   110 0.82 transcript=STRK1_58290.2 gene=STRK1_58290
STRK1_58290.2        -            620 435253at33208        -            329     0.015   14.1   1.6   2   4    0.0051       1.1    7.9   0.1    75   149   240   309   203   336 0.73 transcript=STRK1_58290.2 gene=STRK1_58290
STRK1_58290.2        -            620 435253at33208        -            329     0.015   14.1   1.6   3   4         1   2.2e+02    0.4   0.0   132   152   292   312   271   396 0.54 transcript=STRK1_58290.2 gene=STRK1_58290
STRK1_58290.2        -            620 435253at33208        -            329     0.015   14.1   1.6   4   4       5.3   1.2e+03   -2.0   0.0    23    48   548   578   541   581 0.81 transcript=STRK1_58290.2 gene=STRK1_58290
STRK1_83390.1        -            421 435253at33208        -            329     0.016   14.1   1.6   1   3      0.42        93    1.7   0.0    83   113   192   231   183   241 0.62 transcript=STRK1_83390.1 gene=STRK1_83390
STRK1_83390.1        -            421 435253at33208        -            329     0.016   14.1   1.6   2   3    0.0051       1.1    7.9   0.3     3    62   249   321   247   349 0.50 transcript=STRK1_83390.1 gene=STRK1_83390
STRK1_83390.1        -            421 435253at33208        -            329     0.016   14.1   1.6   3   3      0.93   2.1e+02    0.5   0.0   114   139   387   412   367   416 0.77 transcript=STRK1_83390.1 gene=STRK1_83390
STRK1_52080.1        -            492 435253at33208        -            329     0.016   14.0   0.0   1   5       9.8   2.2e+03   -2.8   0.0    92   111   224   243   220   248 0.88 transcript=STRK1_52080.1 gene=STRK1_52080
STRK1_52080.1        -            492 435253at33208        -            329     0.016   14.0   0.0   2   5      0.13        29    3.3   0.0    86   109   266   290   253   299 0.81 transcript=STRK1_52080.1 gene=STRK1_52080
STRK1_52080.1        -            492 435253at33208        -            329     0.016   14.0   0.0   3   5       2.1   4.6e+02   -0.6   0.0    92   115   316   339   310   343 0.85 transcript=STRK1_52080.1 gene=STRK1_52080
STRK1_52080.1        -            492 435253at33208        -            329     0.016   14.0   0.0   4   5      0.04       8.9    5.0   0.0    86   115   394   423   390   445 0.88 transcript=STRK1_52080.1 gene=STRK1_52080
STRK1_52080.1        -            492 435253at33208        -            329     0.016   14.0   0.0   5   5       8.6   1.9e+03   -2.6   0.0    89   113   440   464   430   469 0.80 transcript=STRK1_52080.1 gene=STRK1_52080
STRK1_52080.2        -            492 435253at33208        -            329     0.016   14.0   0.0   1   5       9.8   2.2e+03   -2.8   0.0    92   111   224   243   220   248 0.88 transcript=STRK1_52080.2 gene=STRK1_52080
STRK1_52080.2        -            492 435253at33208        -            329     0.016   14.0   0.0   2   5      0.13        29    3.3   0.0    86   109   266   290   253   299 0.81 transcript=STRK1_52080.2 gene=STRK1_52080
STRK1_52080.2        -            492 435253at33208        -            329     0.016   14.0   0.0   3   5       2.1   4.6e+02   -0.6   0.0    92   115   316   339   310   343 0.85 transcript=STRK1_52080.2 gene=STRK1_52080
STRK1_52080.2        -            492 435253at33208        -            329     0.016   14.0   0.0   4   5      0.04       8.9    5.0   0.0    86   115   394   423   390   445 0.88 transcript=STRK1_52080.2 gene=STRK1_52080
STRK1_52080.2        -            492 435253at33208        -            329     0.016   14.0   0.0   5   5       8.6   1.9e+03   -2.6   0.0    89   113   440   464   430   469 0.80 transcript=STRK1_52080.2 gene=STRK1_52080
STRK1_31860.1        -           1031 435253at33208        -            329     0.024   13.5   0.1   1   2      0.53   1.2e+02    1.3   0.0   215   277   445   505   437   514 0.87 transcript=STRK1_31860.1 gene=STRK1_31860
STRK1_31860.1        -           1031 435253at33208        -            329     0.024   13.5   0.1   2   2    0.0028      0.62    8.8   0.0     6    50   866   910   860   915 0.82 transcript=STRK1_31860.1 gene=STRK1_31860
STRK1_37590.1        -            446 435253at33208        -            329     0.027   13.3   0.9   1   2    0.0016      0.36    9.6   0.8     3    32   120   149   118   185 0.80 transcript=STRK1_37590.1 gene=STRK1_37590
STRK1_37590.1        -            446 435253at33208        -            329     0.027   13.3   0.9   2   2       1.8   4.1e+02   -0.4   0.0    88   113   384   410   373   412 0.83 transcript=STRK1_37590.1 gene=STRK1_37590
STRK1_7770.1         -            869 435253at33208        -            329     0.035   12.9   1.7   1   3       6.7   1.5e+03   -2.3   0.0   104   136    10    40     3    42 0.84 transcript=STRK1_7770.1 gene=STRK1_7770
STRK1_7770.1         -            869 435253at33208        -            329     0.035   12.9   1.7   2   3      0.11        24    3.6   0.4    70   129   125   178    71   183 0.61 transcript=STRK1_7770.1 gene=STRK1_7770
STRK1_7770.1         -            869 435253at33208        -            329     0.035   12.9   1.7   3   3    0.0095       2.1    7.1   0.0    85   114   217   248   199   283 0.76 transcript=STRK1_7770.1 gene=STRK1_7770
STRK1_7770.2         -            869 435253at33208        -            329     0.035   12.9   1.7   1   3       6.7   1.5e+03   -2.3   0.0   104   136    10    40     3    42 0.84 transcript=STRK1_7770.2 gene=STRK1_7770
STRK1_7770.2         -            869 435253at33208        -            329     0.035   12.9   1.7   2   3      0.11        24    3.6   0.4    70   129   125   178    71   183 0.61 transcript=STRK1_7770.2 gene=STRK1_7770
STRK1_7770.2         -            869 435253at33208        -            329     0.035   12.9   1.7   3   3    0.0095       2.1    7.1   0.0    85   114   217   248   199   283 0.76 transcript=STRK1_7770.2 gene=STRK1_7770
STRK1_7770.3         -            869 435253at33208        -            329     0.035   12.9   1.7   1   3       6.7   1.5e+03   -2.3   0.0   104   136    10    40     3    42 0.84 transcript=STRK1_7770.3 gene=STRK1_7770
STRK1_7770.3         -            869 435253at33208        -            329     0.035   12.9   1.7   2   3      0.11        24    3.6   0.4    70   129   125   178    71   183 0.61 transcript=STRK1_7770.3 gene=STRK1_7770
STRK1_7770.3         -            869 435253at33208        -            329     0.035   12.9   1.7   3   3    0.0095       2.1    7.1   0.0    85   114   217   248   199   283 0.76 transcript=STRK1_7770.3 gene=STRK1_7770
STRK1_30010.3        -            400 435253at33208        -            329     0.051   12.4   0.1   1   3   0.00023     0.051   12.4   0.1    86   141   177   239   169   259 0.72 transcript=STRK1_30010.3 gene=STRK1_30010
STRK1_30010.3        -            400 435253at33208        -            329     0.051   12.4   0.1   2   3      0.51   1.1e+02    1.4   0.0     3    29   262   288   260   318 0.89 transcript=STRK1_30010.3 gene=STRK1_30010
STRK1_30010.3        -            400 435253at33208        -            329     0.051   12.4   0.1   3   3       5.4   1.2e+03   -2.0   0.0    34    52   344   362   342   378 0.79 transcript=STRK1_30010.3 gene=STRK1_30010
STRK1_14570.1        -            712 435253at33208        -            329     0.063   12.1   0.1   1   3       6.7   1.5e+03   -2.3   0.0    85   110   102   126    92   138 0.65 transcript=STRK1_14570.1 gene=STRK1_14570
STRK1_14570.1        -            712 435253at33208        -            329     0.063   12.1   0.1   2   3    0.0052       1.2    7.9   0.0     3    56   148   204   146   235 0.86 transcript=STRK1_14570.1 gene=STRK1_14570
STRK1_14570.1        -            712 435253at33208        -            329     0.063   12.1   0.1   3   3       1.9   4.2e+02   -0.5   0.1    86   100   260   274   256   323 0.58 transcript=STRK1_14570.1 gene=STRK1_14570
STRK1_19360.1        -            198 435253at33208        -            329     0.083   11.7   0.1   1   2    0.0025      0.55    9.0   0.0    88   112    84   108    62   125 0.80 transcript=STRK1_19360.1 gene=STRK1_19360
STRK1_19360.1        -            198 435253at33208        -            329     0.083   11.7   0.1   2   2         1   2.2e+02    0.4   0.0    33    51   123   141   111   148 0.87 transcript=STRK1_19360.1 gene=STRK1_19360
STRK1_5540.1         -            652 435253at33208        -            329      0.13   11.0   0.7   1   2    0.0047         1    8.1   0.0    89   128   283   327   243   339 0.74 transcript=STRK1_5540.1 gene=STRK1_5540
STRK1_5540.1         -            652 435253at33208        -            329      0.13   11.0   0.7   2   2         1   2.3e+02    0.4   0.1    87   115   580   608   535   637 0.62 transcript=STRK1_5540.1 gene=STRK1_5540
STRK1_5540.2         -            652 435253at33208        -            329      0.13   11.0   0.7   1   2    0.0047         1    8.1   0.0    89   128   283   327   243   339 0.74 transcript=STRK1_5540.2 gene=STRK1_5540
STRK1_5540.2         -            652 435253at33208        -            329      0.13   11.0   0.7   2   2         1   2.3e+02    0.4   0.1    87   115   580   608   535   637 0.62 transcript=STRK1_5540.2 gene=STRK1_5540
STRK1_5540.3         -            652 435253at33208        -            329      0.13   11.0   0.7   1   2    0.0047         1    8.1   0.0    89   128   283   327   243   339 0.74 transcript=STRK1_5540.3 gene=STRK1_5540
STRK1_5540.3         -            652 435253at33208        -            329      0.13   11.0   0.7   2   2         1   2.3e+02    0.4   0.1    87   115   580   608   535   637 0.62 transcript=STRK1_5540.3 gene=STRK1_5540
STRK1_34170.1        -            708 435253at33208        -            329      0.15   10.9   1.7   1   2       0.6   1.3e+02    1.1   0.1    33    59    33    59    16    70 0.78 transcript=STRK1_34170.1 gene=STRK1_34170
STRK1_34170.1        -            708 435253at33208        -            329      0.15   10.9   1.7   2   2     0.005       1.1    8.0   0.1    21    57   476   512   464   519 0.81 transcript=STRK1_34170.1 gene=STRK1_34170
STRK1_20610.1        -            633 435253at33208        -            329       0.2   10.4   0.2   1   2       6.3   1.4e+03   -2.2   0.0    34    53   447   466   443   467 0.90 transcript=STRK1_20610.1 gene=STRK1_20610
STRK1_20610.1        -            633 435253at33208        -            329       0.2   10.4   0.2   2   2    0.0026      0.58    8.9   0.0    83   121   570   610   552   618 0.84 transcript=STRK1_20610.1 gene=STRK1_20610
#
# Program:         hmmsearch
# Version:         3.4 (Aug 2023)
# Pipeline mode:   SEARCH
# Query file:      /users/40483456/busco_datasets/busco_downloads/lineages/metazoa_odb10/hmms/435253at33208.hmm
# Target file:     /users/40483456/protein/schistosoma_turkestanicum.fa
# Option settings: hmmsearch --domtblout /users/40483456/busco/results_pro/schistosoma_turkestanicum_busco/run_metazoa_odb10/hmmer_output/initial_run_results/435253at33208.out --cpu 1 /users/40483456/busco_datasets/busco_downloads/lineages/metazoa_odb10/hmms/435253at33208.hmm /users/40483456/protein/schistosoma_turkestanicum.fa 
# Current dir:     /users/40483456
# Date:            Thu Jan 15 18:00:26 2026
# [ok]
