#                                                                            --- full sequence --- -------------- this domain -------------   hmm coord   ali coord   env coord
# target name        accession   tlen query name           accession   qlen   E-value  score  bias   #  of  c-Evalue  i-Evalue  score  bias  from    to  from    to  from    to  acc description of target
#------------------- ---------- ----- -------------------- ---------- ----- --------- ------ ----- --- --- --------- --------- ------ ----- ----- ----- ----- ----- ----- ----- ---- ---------------------
STRK1_93950.1        -           1039 441575at33208        -            626   5.2e-76  256.2   4.4   1   5   1.1e-62   1.7e-59  201.7   0.0   161   318     2   172     1   181 0.95 transcript=STRK1_93950.1 gene=STRK1_93950
STRK1_93950.1        -           1039 441575at33208        -            626   5.2e-76  256.2   4.4   2   5   2.8e-10   4.2e-07   28.6   0.2   477   519   667   709   635   725 0.80 transcript=STRK1_93950.1 gene=STRK1_93950
STRK1_93950.1        -           1039 441575at33208        -            626   5.2e-76  256.2   4.4   3   5    0.0069        10    4.2   0.0   513   545   784   816   781   823 0.87 transcript=STRK1_93950.1 gene=STRK1_93950
STRK1_93950.1        -           1039 441575at33208        -            626   5.2e-76  256.2   4.4   4   5   0.00047      0.69    8.0   0.0   548   582   913   947   908   962 0.87 transcript=STRK1_93950.1 gene=STRK1_93950
STRK1_93950.1        -           1039 441575at33208        -            626   5.2e-76  256.2   4.4   5   5   0.00012      0.17   10.0   0.0   574   623   971  1021   964  1024 0.78 transcript=STRK1_93950.1 gene=STRK1_93950
STRK1_80380.1        -            721 441575at33208        -            626   3.5e-09   35.5   0.5   1   4     0.031        45    2.0   0.0   130   199     2    72     1    74 0.74 transcript=STRK1_80380.1 gene=STRK1_80380
STRK1_80380.1        -            721 441575at33208        -            626   3.5e-09   35.5   0.5   2   4   1.5e-05     0.022   13.0   0.1   133   230   168   266   158   274 0.81 transcript=STRK1_80380.1 gene=STRK1_80380
STRK1_80380.1        -            721 441575at33208        -            626   3.5e-09   35.5   0.5   3   4    0.0048         7    4.7   0.0   172   235   342   404   329   409 0.71 transcript=STRK1_80380.1 gene=STRK1_80380
STRK1_80380.1        -            721 441575at33208        -            626   3.5e-09   35.5   0.5   4   4     2e-05     0.029   12.6   0.1    64   249   385   575   384   579 0.80 transcript=STRK1_80380.1 gene=STRK1_80380
STRK1_14750.1        -            879 441575at33208        -            626   8.6e-08   30.8   0.2   1   4       1.4   2.1e+03   -3.5   0.0   178   219    97   136    93   146 0.77 transcript=STRK1_14750.1 gene=STRK1_14750
STRK1_14750.1        -            879 441575at33208        -            626   8.6e-08   30.8   0.2   2   4    0.0013       1.9    6.6   0.0   138   234   179   279   170   285 0.56 transcript=STRK1_14750.1 gene=STRK1_14750
STRK1_14750.1        -            879 441575at33208        -            626   8.6e-08   30.8   0.2   3   4    0.0001      0.15   10.2   0.0   513   589   423   510   412   537 0.82 transcript=STRK1_14750.1 gene=STRK1_14750
STRK1_14750.1        -            879 441575at33208        -            626   8.6e-08   30.8   0.2   4   4   0.00016      0.24    9.6   0.0    93   160   657   726   648   738 0.90 transcript=STRK1_14750.1 gene=STRK1_14750
STRK1_14750.2        -            879 441575at33208        -            626   8.6e-08   30.8   0.2   1   4       1.4   2.1e+03   -3.5   0.0   178   219    97   136    93   146 0.77 transcript=STRK1_14750.2 gene=STRK1_14750
STRK1_14750.2        -            879 441575at33208        -            626   8.6e-08   30.8   0.2   2   4    0.0013       1.9    6.6   0.0   138   234   179   279   170   285 0.56 transcript=STRK1_14750.2 gene=STRK1_14750
STRK1_14750.2        -            879 441575at33208        -            626   8.6e-08   30.8   0.2   3   4    0.0001      0.15   10.2   0.0   513   589   423   510   412   537 0.82 transcript=STRK1_14750.2 gene=STRK1_14750
STRK1_14750.2        -            879 441575at33208        -            626   8.6e-08   30.8   0.2   4   4   0.00016      0.24    9.6   0.0    93   160   657   726   648   738 0.90 transcript=STRK1_14750.2 gene=STRK1_14750
STRK1_90910.1        -            413 441575at33208        -            626   2.8e-06   25.9   0.0   1   3      0.39   5.7e+02   -1.6   0.0   138   194    16    72    11   106 0.64 transcript=STRK1_90910.1 gene=STRK1_90910
STRK1_90910.1        -            413 441575at33208        -            626   2.8e-06   25.9   0.0   2   3   0.00036      0.53    8.4   0.0   114   199   107   193    53   196 0.86 transcript=STRK1_90910.1 gene=STRK1_90910
STRK1_90910.1        -            413 441575at33208        -            626   2.8e-06   25.9   0.0   3   3   6.2e-06    0.0091   14.3   0.1   133   230   289   387   279   395 0.81 transcript=STRK1_90910.1 gene=STRK1_90910
STRK1_18580.1        -           1121 441575at33208        -            626   8.5e-06   24.3   0.3   1   4   4.7e-07   0.00069   17.9   0.0   136   230   355   454   349   463 0.82 transcript=STRK1_18580.1 gene=STRK1_18580
STRK1_18580.1        -           1121 441575at33208        -            626   8.5e-06   24.3   0.3   2   4     0.081   1.2e+02    0.6   0.1    80   121   463   504   456   511 0.87 transcript=STRK1_18580.1 gene=STRK1_18580
STRK1_18580.1        -           1121 441575at33208        -            626   8.5e-06   24.3   0.3   3   4      0.41     6e+02   -1.7   0.0   211   231   720   740   692   800 0.73 transcript=STRK1_18580.1 gene=STRK1_18580
STRK1_18580.1        -           1121 441575at33208        -            626   8.5e-06   24.3   0.3   4   4      0.18   2.6e+02   -0.5   0.0   130   163   897   930   887   948 0.75 transcript=STRK1_18580.1 gene=STRK1_18580
STRK1_84460.1        -            948 441575at33208        -            626    0.0045   15.3   8.8   1   4       0.1   1.5e+02    0.3   0.0   165   196   123   154    67   158 0.75 transcript=STRK1_84460.1 gene=STRK1_84460
STRK1_84460.1        -            948 441575at33208        -            626    0.0045   15.3   8.8   2   4   3.4e-05     0.049   11.8   1.5   546   620   191   265   181   270 0.87 transcript=STRK1_84460.1 gene=STRK1_84460
STRK1_84460.1        -            948 441575at33208        -            626    0.0045   15.3   8.8   3   4    0.0071        10    4.2   0.1   521   573   300   358   277   365 0.77 transcript=STRK1_84460.1 gene=STRK1_84460
STRK1_84460.1        -            948 441575at33208        -            626    0.0045   15.3   8.8   4   4      0.26   3.8e+02   -1.0   0.0   504   537   397   430   394   448 0.88 transcript=STRK1_84460.1 gene=STRK1_84460
STRK1_9270.1         -            199 441575at33208        -            626    0.0073   14.6   0.0   1   2   0.00074       1.1    7.4   0.0   128   191     6    70     3    80 0.81 transcript=STRK1_9270.1 gene=STRK1_9270
STRK1_9270.1         -            199 441575at33208        -            626    0.0073   14.6   0.0   2   2    0.0034       4.9    5.2   0.0   129   196    85   155    72   162 0.69 transcript=STRK1_9270.1 gene=STRK1_9270
STRK1_25030.1        -            538 441575at33208        -            626     0.088   11.0   0.0   1   2   0.00021       0.3    9.2   0.0   135   198   390   454   379   460 0.84 transcript=STRK1_25030.1 gene=STRK1_25030
STRK1_25030.1        -            538 441575at33208        -            626     0.088   11.0   0.0   2   2      0.27   3.9e+02   -1.1   0.0   496   522   474   500   449   502 0.74 transcript=STRK1_25030.1 gene=STRK1_25030
STRK1_25040.1        -            751 441575at33208        -            626      0.13   10.4   0.0   1   2   0.00032      0.47    8.6   0.0   135   198   243   307   231   313 0.84 transcript=STRK1_25040.1 gene=STRK1_25040
STRK1_25040.1        -            751 441575at33208        -            626      0.13   10.4   0.0   2   2      0.41     6e+02   -1.7   0.0   498   522   329   353   304   356 0.77 transcript=STRK1_25040.1 gene=STRK1_25040
#
# Program:         hmmsearch
# Version:         3.4 (Aug 2023)
# Pipeline mode:   SEARCH
# Query file:      /users/40483456/busco_datasets/busco_downloads/lineages/metazoa_odb10/hmms/441575at33208.hmm
# Target file:     /users/40483456/protein/schistosoma_turkestanicum.fa
# Option settings: hmmsearch --domtblout /users/40483456/busco/results_pro/schistosoma_turkestanicum_busco/run_metazoa_odb10/hmmer_output/initial_run_results/441575at33208.out --cpu 1 /users/40483456/busco_datasets/busco_downloads/lineages/metazoa_odb10/hmms/441575at33208.hmm /users/40483456/protein/schistosoma_turkestanicum.fa 
# Current dir:     /users/40483456
# Date:            Thu Jan 15 18:00:32 2026
# [ok]
