#                                                                            --- full sequence --- -------------- this domain -------------   hmm coord   ali coord   env coord
# target name        accession   tlen query name           accession   qlen   E-value  score  bias   #  of  c-Evalue  i-Evalue  score  bias  from    to  from    to  from    to  acc description of target
#------------------- ---------- ----- -------------------- ---------- ----- --------- ------ ----- --- --- --------- --------- ------ ----- ----- ----- ----- ----- ----- ----- ---- ---------------------
STRK1_49840.1        -            442 463071at33208        -            272   1.2e-37  129.3   1.2   1   2   2.8e-38     5e-36  124.1   1.1    33   268   135   425   111   429 0.77 transcript=STRK1_49840.1 gene=STRK1_49840
STRK1_49840.1        -            442 463071at33208        -            272   1.2e-37  129.3   1.2   2   2       1.5   2.6e+02    0.4   0.0   183   206   411   434   405   437 0.79 transcript=STRK1_49840.1 gene=STRK1_49840
STRK1_49810.1        -            307 463071at33208        -            272   6.8e-13   48.2   0.3   1   5   0.00095      0.17   10.8   0.0   182   245    21    89     7    96 0.78 transcript=STRK1_49810.1 gene=STRK1_49810
STRK1_49810.1        -            307 463071at33208        -            272   6.8e-13   48.2   0.3   2   5    0.0078       1.4    7.8   0.0   124   173    86   139    81   143 0.77 transcript=STRK1_49810.1 gene=STRK1_49810
STRK1_49810.1        -            307 463071at33208        -            272   6.8e-13   48.2   0.3   3   5     2e-08   3.5e-06   26.2   0.0   119   196   123   204   109   224 0.84 transcript=STRK1_49810.1 gene=STRK1_49810
STRK1_49810.1        -            307 463071at33208        -            272   6.8e-13   48.2   0.3   4   5      0.82   1.5e+02    1.2   0.0    75    95   231   251   204   255 0.89 transcript=STRK1_49810.1 gene=STRK1_49810
STRK1_49810.1        -            307 463071at33208        -            272   6.8e-13   48.2   0.3   5   5     0.078        14    4.6   0.1   144   201   237   296   227   301 0.66 transcript=STRK1_49810.1 gene=STRK1_49810
STRK1_49810.2        -            307 463071at33208        -            272   6.8e-13   48.2   0.3   1   5   0.00095      0.17   10.8   0.0   182   245    21    89     7    96 0.78 transcript=STRK1_49810.2 gene=STRK1_49810
STRK1_49810.2        -            307 463071at33208        -            272   6.8e-13   48.2   0.3   2   5    0.0078       1.4    7.8   0.0   124   173    86   139    81   143 0.77 transcript=STRK1_49810.2 gene=STRK1_49810
STRK1_49810.2        -            307 463071at33208        -            272   6.8e-13   48.2   0.3   3   5     2e-08   3.5e-06   26.2   0.0   119   196   123   204   109   224 0.84 transcript=STRK1_49810.2 gene=STRK1_49810
STRK1_49810.2        -            307 463071at33208        -            272   6.8e-13   48.2   0.3   4   5      0.82   1.5e+02    1.2   0.0    75    95   231   251   204   255 0.89 transcript=STRK1_49810.2 gene=STRK1_49810
STRK1_49810.2        -            307 463071at33208        -            272   6.8e-13   48.2   0.3   5   5     0.078        14    4.6   0.1   144   201   237   296   227   301 0.66 transcript=STRK1_49810.2 gene=STRK1_49810
STRK1_65340.1        -            450 463071at33208        -            272   1.7e-11   43.6   0.1   1   3      0.37        66    2.3   0.0    34    58   123   146   111   154 0.83 transcript=STRK1_65340.1 gene=STRK1_65340
STRK1_65340.1        -            450 463071at33208        -            272   1.7e-11   43.6   0.1   2   3   8.7e-07   0.00015   20.8   0.1   120   246   144   278   138   283 0.79 transcript=STRK1_65340.1 gene=STRK1_65340
STRK1_65340.1        -            450 463071at33208        -            272   1.7e-11   43.6   0.1   3   3   1.5e-05    0.0026   16.8   0.0   138   207   378   448   369   450 0.84 transcript=STRK1_65340.1 gene=STRK1_65340
STRK1_28690.1        -            464 463071at33208        -            272   5.5e-11   41.9   1.4   1   3     0.022       3.9    6.3   0.0   139   199    15    76     7    89 0.69 transcript=STRK1_28690.1 gene=STRK1_28690
STRK1_28690.1        -            464 463071at33208        -            272   5.5e-11   41.9   1.4   2   3   1.6e-07   2.8e-05   23.2   0.0   102   237   100   243    90   244 0.74 transcript=STRK1_28690.1 gene=STRK1_28690
STRK1_28690.1        -            464 463071at33208        -            272   5.5e-11   41.9   1.4   3   3     0.001      0.18   10.7   0.4    95   262   219   395   214   398 0.77 transcript=STRK1_28690.1 gene=STRK1_28690
STRK1_53200.1        -            514 463071at33208        -            272   8.5e-11   41.3   0.3   1   3    0.0029      0.51    9.3   0.0   183   228   218   263   210   270 0.81 transcript=STRK1_53200.1 gene=STRK1_53200
STRK1_53200.1        -            514 463071at33208        -            272   8.5e-11   41.3   0.3   2   3   7.8e-05     0.014   14.4   0.1    98   214   262   342   252   347 0.48 transcript=STRK1_53200.1 gene=STRK1_53200
STRK1_53200.1        -            514 463071at33208        -            272   8.5e-11   41.3   0.3   3   3   3.2e-05    0.0057   15.7   0.1   122   187   331   400   325   430 0.79 transcript=STRK1_53200.1 gene=STRK1_53200
STRK1_67850.1        -           1371 463071at33208        -            272   9.3e-11   41.2   7.5   1   6    0.0014      0.25   10.3   0.0   143   237    20   123     5   125 0.79 transcript=STRK1_67850.1 gene=STRK1_67850
STRK1_67850.1        -           1371 463071at33208        -            272   9.3e-11   41.2   7.5   2   6      0.31        55    2.6   0.0    97   148   101   159    96   187 0.58 transcript=STRK1_67850.1 gene=STRK1_67850
STRK1_67850.1        -           1371 463071at33208        -            272   9.3e-11   41.2   7.5   3   6       4.9   8.7e+02   -1.3   0.0    24    91   139   208   136   211 0.55 transcript=STRK1_67850.1 gene=STRK1_67850
STRK1_67850.1        -           1371 463071at33208        -            272   9.3e-11   41.2   7.5   4   6       1.8   3.3e+02    0.1   0.0   216   245   342   371   336   377 0.80 transcript=STRK1_67850.1 gene=STRK1_67850
STRK1_67850.1        -           1371 463071at33208        -            272   9.3e-11   41.2   7.5   5   6   0.00033     0.058   12.4   0.1   106   167   497   563   491   571 0.80 transcript=STRK1_67850.1 gene=STRK1_67850
STRK1_67850.1        -           1371 463071at33208        -            272   9.3e-11   41.2   7.5   6   6   4.1e-05    0.0073   15.3   0.7   136   213   572   648   565   687 0.81 transcript=STRK1_67850.1 gene=STRK1_67850
STRK1_8300.1         -            367 463071at33208        -            272   9.4e-11   41.2   0.5   1   3   1.3e-07   2.2e-05   23.6   0.1   107   233    79   214    67   216 0.79 transcript=STRK1_8300.1 gene=STRK1_8300
STRK1_8300.1         -            367 463071at33208        -            272   9.4e-11   41.2   0.5   2   3   0.00021     0.036   13.0   0.0   120   210   180   272   179   285 0.77 transcript=STRK1_8300.1 gene=STRK1_8300
STRK1_8300.1         -            367 463071at33208        -            272   9.4e-11   41.2   0.5   3   3    0.0047      0.84    8.5   0.0   143   175   296   330   287   357 0.82 transcript=STRK1_8300.1 gene=STRK1_8300
STRK1_8300.2         -            367 463071at33208        -            272   9.4e-11   41.2   0.5   1   3   1.3e-07   2.2e-05   23.6   0.1   107   233    79   214    67   216 0.79 transcript=STRK1_8300.2 gene=STRK1_8300
STRK1_8300.2         -            367 463071at33208        -            272   9.4e-11   41.2   0.5   2   3   0.00021     0.036   13.0   0.0   120   210   180   272   179   285 0.77 transcript=STRK1_8300.2 gene=STRK1_8300
STRK1_8300.2         -            367 463071at33208        -            272   9.4e-11   41.2   0.5   3   3    0.0047      0.84    8.5   0.0   143   175   296   330   287   357 0.82 transcript=STRK1_8300.2 gene=STRK1_8300
STRK1_8300.3         -            367 463071at33208        -            272   9.4e-11   41.2   0.5   1   3   1.3e-07   2.2e-05   23.6   0.1   107   233    79   214    67   216 0.79 transcript=STRK1_8300.3 gene=STRK1_8300
STRK1_8300.3         -            367 463071at33208        -            272   9.4e-11   41.2   0.5   2   3   0.00021     0.036   13.0   0.0   120   210   180   272   179   285 0.77 transcript=STRK1_8300.3 gene=STRK1_8300
STRK1_8300.3         -            367 463071at33208        -            272   9.4e-11   41.2   0.5   3   3    0.0047      0.84    8.5   0.0   143   175   296   330   287   357 0.82 transcript=STRK1_8300.3 gene=STRK1_8300
STRK1_8300.4         -            367 463071at33208        -            272   9.4e-11   41.2   0.5   1   3   1.3e-07   2.2e-05   23.6   0.1   107   233    79   214    67   216 0.79 transcript=STRK1_8300.4 gene=STRK1_8300
STRK1_8300.4         -            367 463071at33208        -            272   9.4e-11   41.2   0.5   2   3   0.00021     0.036   13.0   0.0   120   210   180   272   179   285 0.77 transcript=STRK1_8300.4 gene=STRK1_8300
STRK1_8300.4         -            367 463071at33208        -            272   9.4e-11   41.2   0.5   3   3    0.0047      0.84    8.5   0.0   143   175   296   330   287   357 0.82 transcript=STRK1_8300.4 gene=STRK1_8300
STRK1_8300.5         -            367 463071at33208        -            272   9.4e-11   41.2   0.5   1   3   1.3e-07   2.2e-05   23.6   0.1   107   233    79   214    67   216 0.79 transcript=STRK1_8300.5 gene=STRK1_8300
STRK1_8300.5         -            367 463071at33208        -            272   9.4e-11   41.2   0.5   2   3   0.00021     0.036   13.0   0.0   120   210   180   272   179   285 0.77 transcript=STRK1_8300.5 gene=STRK1_8300
STRK1_8300.5         -            367 463071at33208        -            272   9.4e-11   41.2   0.5   3   3    0.0047      0.84    8.5   0.0   143   175   296   330   287   357 0.82 transcript=STRK1_8300.5 gene=STRK1_8300
STRK1_12550.1        -            763 463071at33208        -            272   1.7e-10   40.3   0.0   1   3   0.00033     0.059   12.3   0.0   143   234    19   115    12   120 0.70 transcript=STRK1_12550.1 gene=STRK1_12550
STRK1_12550.1        -            763 463071at33208        -            272   1.7e-10   40.3   0.0   2   3   2.8e-07     5e-05   22.4   0.0   140   249   101   216    98   220 0.81 transcript=STRK1_12550.1 gene=STRK1_12550
STRK1_12550.1        -            763 463071at33208        -            272   1.7e-10   40.3   0.0   3   3     0.089        16    4.4   0.0   136   173   225   263   221   300 0.85 transcript=STRK1_12550.1 gene=STRK1_12550
STRK1_49790.1        -           1572 463071at33208        -            272   2.6e-09   36.4   0.2   1   5    0.0024      0.43    9.5   0.1   129   199    24    94    14   110 0.81 transcript=STRK1_49790.1 gene=STRK1_49790
STRK1_49790.1        -           1572 463071at33208        -            272   2.6e-09   36.4   0.2   2   5      0.36        63    2.4   0.0   106   158   124   181   112   197 0.61 transcript=STRK1_49790.1 gene=STRK1_49790
STRK1_49790.1        -           1572 463071at33208        -            272   2.6e-09   36.4   0.2   3   5      0.66   1.2e+02    1.5   0.0   180   217   339   374   312   379 0.81 transcript=STRK1_49790.1 gene=STRK1_49790
STRK1_49790.1        -           1572 463071at33208        -            272   2.6e-09   36.4   0.2   4   5   0.00038     0.068   12.1   0.0   176   244   630   705   615   714 0.72 transcript=STRK1_49790.1 gene=STRK1_49790
STRK1_49790.1        -           1572 463071at33208        -            272   2.6e-09   36.4   0.2   5   5      0.35        61    2.4   0.0   107   167   841   907   833   921 0.80 transcript=STRK1_49790.1 gene=STRK1_49790
STRK1_35390.1        -            534 463071at33208        -            272   3.2e-09   36.2   0.0   1   2    0.0072       1.3    8.0   0.0   122   198   267   346   246   354 0.71 transcript=STRK1_35390.1 gene=STRK1_35390
STRK1_35390.1        -            534 463071at33208        -            272   3.2e-09   36.2   0.0   2   2   3.1e-08   5.4e-06   25.6   0.0   141   244   377   491   361   511 0.79 transcript=STRK1_35390.1 gene=STRK1_35390
STRK1_80760.1        -            322 463071at33208        -            272   3.3e-09   36.1   0.0   1   3      0.27        48    2.8   0.0   189   209    36    56    28    63 0.82 transcript=STRK1_80760.1 gene=STRK1_80760
STRK1_80760.1        -            322 463071at33208        -            272   3.3e-09   36.1   0.0   2   3   4.4e-05    0.0077   15.2   0.0   138   234    70   170    61   185 0.77 transcript=STRK1_80760.1 gene=STRK1_80760
STRK1_80760.1        -            322 463071at33208        -            272   3.3e-09   36.1   0.0   3   3   2.3e-05     0.004   16.2   0.0   141   238   157   260   154   272 0.80 transcript=STRK1_80760.1 gene=STRK1_80760
STRK1_80760.2        -            322 463071at33208        -            272   3.3e-09   36.1   0.0   1   3      0.27        48    2.8   0.0   189   209    36    56    28    63 0.82 transcript=STRK1_80760.2 gene=STRK1_80760
STRK1_80760.2        -            322 463071at33208        -            272   3.3e-09   36.1   0.0   2   3   4.4e-05    0.0077   15.2   0.0   138   234    70   170    61   185 0.77 transcript=STRK1_80760.2 gene=STRK1_80760
STRK1_80760.2        -            322 463071at33208        -            272   3.3e-09   36.1   0.0   3   3   2.3e-05     0.004   16.2   0.0   141   238   157   260   154   272 0.80 transcript=STRK1_80760.2 gene=STRK1_80760
STRK1_49790.2        -           1820 463071at33208        -            272   5.6e-09   35.4   0.1   1   5    0.0029      0.52    9.2   0.0   129   199    24    94    14   108 0.81 transcript=STRK1_49790.2 gene=STRK1_49790
STRK1_49790.2        -           1820 463071at33208        -            272   5.6e-09   35.4   0.1   2   5      0.45        79    2.1   0.0   106   158   124   181   117   197 0.59 transcript=STRK1_49790.2 gene=STRK1_49790
STRK1_49790.2        -           1820 463071at33208        -            272   5.6e-09   35.4   0.1   3   5      0.78   1.4e+02    1.3   0.0   181   217   340   374   313   379 0.81 transcript=STRK1_49790.2 gene=STRK1_49790
STRK1_49790.2        -           1820 463071at33208        -            272   5.6e-09   35.4   0.1   4   5   0.00046     0.081   11.9   0.0   176   244   630   705   615   713 0.72 transcript=STRK1_49790.2 gene=STRK1_49790
STRK1_49790.2        -           1820 463071at33208        -            272   5.6e-09   35.4   0.1   5   5      0.41        72    2.2   0.0   107   167   841   907   833   921 0.80 transcript=STRK1_49790.2 gene=STRK1_49790
STRK1_49790.4        -           1834 463071at33208        -            272   5.8e-09   35.3   0.1   1   5    0.0029      0.52    9.2   0.0   129   199    24    94    14   108 0.81 transcript=STRK1_49790.4 gene=STRK1_49790
STRK1_49790.4        -           1834 463071at33208        -            272   5.8e-09   35.3   0.1   2   5      0.45        80    2.1   0.0   106   158   124   181   117   197 0.59 transcript=STRK1_49790.4 gene=STRK1_49790
STRK1_49790.4        -           1834 463071at33208        -            272   5.8e-09   35.3   0.1   3   5      0.78   1.4e+02    1.3   0.0   181   217   340   374   313   379 0.81 transcript=STRK1_49790.4 gene=STRK1_49790
STRK1_49790.4        -           1834 463071at33208        -            272   5.8e-09   35.3   0.1   4   5   0.00046     0.082   11.9   0.0   176   244   630   705   615   713 0.72 transcript=STRK1_49790.4 gene=STRK1_49790
STRK1_49790.4        -           1834 463071at33208        -            272   5.8e-09   35.3   0.1   5   5      0.41        73    2.2   0.0   107   167   841   907   833   921 0.80 transcript=STRK1_49790.4 gene=STRK1_49790
STRK1_49790.3        -           1841 463071at33208        -            272   5.9e-09   35.3   0.1   1   5     0.003      0.52    9.2   0.0   129   199    24    94    14   108 0.81 transcript=STRK1_49790.3 gene=STRK1_49790
STRK1_49790.3        -           1841 463071at33208        -            272   5.9e-09   35.3   0.1   2   5      0.45        80    2.1   0.0   106   158   124   181   117   197 0.59 transcript=STRK1_49790.3 gene=STRK1_49790
STRK1_49790.3        -           1841 463071at33208        -            272   5.9e-09   35.3   0.1   3   5      0.79   1.4e+02    1.3   0.0   181   217   340   374   313   379 0.81 transcript=STRK1_49790.3 gene=STRK1_49790
STRK1_49790.3        -           1841 463071at33208        -            272   5.9e-09   35.3   0.1   4   5   0.00047     0.082   11.9   0.0   176   244   630   705   615   713 0.72 transcript=STRK1_49790.3 gene=STRK1_49790
STRK1_49790.3        -           1841 463071at33208        -            272   5.9e-09   35.3   0.1   5   5      0.41        73    2.2   0.0   107   167   841   907   833   921 0.80 transcript=STRK1_49790.3 gene=STRK1_49790
STRK1_75200.1        -            935 463071at33208        -            272   5.3e-08   32.2   0.1   1   4       0.2        36    3.2   0.0   140   171    16    48    12    77 0.85 transcript=STRK1_75200.1 gene=STRK1_75200
STRK1_75200.1        -            935 463071at33208        -            272   5.3e-08   32.2   0.1   2   4     0.019       3.4    6.5   0.0   183   218   100   135    80   156 0.87 transcript=STRK1_75200.1 gene=STRK1_75200
STRK1_75200.1        -            935 463071at33208        -            272   5.3e-08   32.2   0.1   3   4   7.6e-05     0.013   14.4   0.1   137   230   294   392   287   424 0.77 transcript=STRK1_75200.1 gene=STRK1_75200
STRK1_75200.1        -            935 463071at33208        -            272   5.3e-08   32.2   0.1   4   4         2   3.5e+02   -0.0   0.0   139   175   588   626   568   640 0.78 transcript=STRK1_75200.1 gene=STRK1_75200
STRK1_52620.1        -            340 463071at33208        -            272   6.5e-08   31.9   1.9   1   4   8.4e-06    0.0015   17.6   0.0   139   209    56   127    41   134 0.88 transcript=STRK1_52620.1 gene=STRK1_52620
STRK1_52620.1        -            340 463071at33208        -            272   6.5e-08   31.9   1.9   2   4   0.00089      0.16   10.9   0.1   111   233   154   285   143   287 0.75 transcript=STRK1_52620.1 gene=STRK1_52620
STRK1_52620.1        -            340 463071at33208        -            272   6.5e-08   31.9   1.9   3   4     0.036       6.4    5.7   0.0   140   207   228   298   217   306 0.83 transcript=STRK1_52620.1 gene=STRK1_52620
STRK1_52620.1        -            340 463071at33208        -            272   6.5e-08   31.9   1.9   4   4      0.35        61    2.4   0.1   140   203   272   336   266   340 0.73 transcript=STRK1_52620.1 gene=STRK1_52620
STRK1_35420.1        -            683 463071at33208        -            272   7.1e-08   31.7   0.0   1   3       0.3        53    2.6   0.0   183   208   398   423   393   453 0.78 transcript=STRK1_35420.1 gene=STRK1_35420
STRK1_35420.1        -            683 463071at33208        -            272   7.1e-08   31.7   0.0   2   3   0.00018     0.031   13.2   0.0   120   174   498   556   492   572 0.83 transcript=STRK1_35420.1 gene=STRK1_35420
STRK1_35420.1        -            683 463071at33208        -            272   7.1e-08   31.7   0.0   3   3    0.0017      0.31   10.0   0.0   157   208   590   640   560   651 0.74 transcript=STRK1_35420.1 gene=STRK1_35420
STRK1_65910.1        -            469 463071at33208        -            272   7.6e-08   31.6   1.5   1   2   6.1e-07   0.00011   21.3   0.2   100   235    81   228    69   232 0.75 transcript=STRK1_65910.1 gene=STRK1_65910
STRK1_65910.1        -            469 463071at33208        -            272   7.6e-08   31.6   1.5   2   2   8.3e-06    0.0015   17.6   0.1    96   172   165   247   161   273 0.72 transcript=STRK1_65910.1 gene=STRK1_65910
STRK1_7980.1         -           1012 463071at33208        -            272     9e-08   31.4   0.4   1   5   0.00083      0.15   11.0   0.0   153   210    41   102    23   141 0.76 transcript=STRK1_7980.1 gene=STRK1_7980
STRK1_7980.1         -           1012 463071at33208        -            272     9e-08   31.4   0.4   2   5       9.1   1.6e+03   -2.2   0.0   156   175   171   190   140   221 0.72 transcript=STRK1_7980.1 gene=STRK1_7980
STRK1_7980.1         -           1012 463071at33208        -            272     9e-08   31.4   0.4   3   5      0.43        76    2.1   0.0   107   164   486   550   473   559 0.58 transcript=STRK1_7980.1 gene=STRK1_7980
STRK1_7980.1         -           1012 463071at33208        -            272     9e-08   31.4   0.4   4   5   0.00066      0.12   11.4   0.0   102   176   577   657   571   679 0.80 transcript=STRK1_7980.1 gene=STRK1_7980
STRK1_7980.1         -           1012 463071at33208        -            272     9e-08   31.4   0.4   5   5       1.8   3.2e+02    0.1   0.0    37   182   662   706   657   718 0.54 transcript=STRK1_7980.1 gene=STRK1_7980
STRK1_53180.1        -            254 463071at33208        -            272   2.8e-07   29.8   0.1   1   3   0.00029     0.052   12.5   0.0   184   236     9    66     4    85 0.54 transcript=STRK1_53180.1 gene=STRK1_53180
STRK1_53180.1        -            254 463071at33208        -            272   2.8e-07   29.8   0.1   2   3   1.7e-05    0.0031   16.5   0.2   133   219    42   129    37   134 0.84 transcript=STRK1_53180.1 gene=STRK1_53180
STRK1_53180.1        -            254 463071at33208        -            272   2.8e-07   29.8   0.1   3   3   0.00039     0.069   12.1   0.0   141   187    92   140    88   178 0.72 transcript=STRK1_53180.1 gene=STRK1_53180
STRK1_1650.1         -           1307 463071at33208        -            272   3.3e-07   29.5   0.0   1   5     0.025       4.5    6.2   0.0    98   218     9    92     3   129 0.58 transcript=STRK1_1650.1 gene=STRK1_1650
STRK1_1650.1         -           1307 463071at33208        -            272   3.3e-07   29.5   0.0   2   5       1.8   3.2e+02    0.1   0.0    24    56   127   159   111   175 0.67 transcript=STRK1_1650.1 gene=STRK1_1650
STRK1_1650.1         -           1307 463071at33208        -            272   3.3e-07   29.5   0.0   3   5       5.7     1e+03   -1.5   0.0    35    55   227   247   219   266 0.78 transcript=STRK1_1650.1 gene=STRK1_1650
STRK1_1650.1         -           1307 463071at33208        -            272   3.3e-07   29.5   0.0   4   5     0.015       2.7    6.9   0.0   137   202   269   335   255   340 0.76 transcript=STRK1_1650.1 gene=STRK1_1650
STRK1_1650.1         -           1307 463071at33208        -            272   3.3e-07   29.5   0.0   5   5    0.0037      0.66    8.9   0.1   119   197   467   542   456   590 0.79 transcript=STRK1_1650.1 gene=STRK1_1650
STRK1_33840.1        -            371 463071at33208        -            272   9.5e-07   28.0   0.0   1   3       1.8   3.2e+02    0.1   0.0   158   209    83   132    34   162 0.60 transcript=STRK1_33840.1 gene=STRK1_33840
STRK1_33840.1        -            371 463071at33208        -            272   9.5e-07   28.0   0.0   2   3     0.045         8    5.3   0.0   155   211   171   230   150   244 0.75 transcript=STRK1_33840.1 gene=STRK1_33840
STRK1_33840.1        -            371 463071at33208        -            272   9.5e-07   28.0   0.0   3   3   4.9e-06   0.00087   18.3   0.0   185   238   257   313   239   316 0.82 transcript=STRK1_33840.1 gene=STRK1_33840
STRK1_77960.1        -            579 463071at33208        -            272   2.6e-06   26.6   0.7   1   3      0.81   1.4e+02    1.2   0.0   176   214    32    71    29    81 0.72 transcript=STRK1_77960.1 gene=STRK1_77960
STRK1_77960.1        -            579 463071at33208        -            272   2.6e-06   26.6   0.7   2   3   3.7e-05    0.0065   15.5   0.0   117   205    55   147    42   158 0.75 transcript=STRK1_77960.1 gene=STRK1_77960
STRK1_77960.1        -            579 463071at33208        -            272   2.6e-06   26.6   0.7   3   3     0.026       4.6    6.1   0.1   146   207   171   237   164   266 0.61 transcript=STRK1_77960.1 gene=STRK1_77960
STRK1_60790.1        -            249 463071at33208        -            272   2.8e-06   26.5   1.3   1   3      0.28        49    2.8   0.1   184   230     8    61     4    69 0.72 transcript=STRK1_60790.1 gene=STRK1_60790
STRK1_60790.1        -            249 463071at33208        -            272   2.8e-06   26.5   1.3   2   3   0.00013     0.023   13.6   0.1   141   239    52   156    39   164 0.68 transcript=STRK1_60790.1 gene=STRK1_60790
STRK1_60790.1        -            249 463071at33208        -            272   2.8e-06   26.5   1.3   3   3     0.017       3.1    6.7   0.0   141   199   182   241   169   248 0.76 transcript=STRK1_60790.1 gene=STRK1_60790
STRK1_60790.2        -            249 463071at33208        -            272   2.8e-06   26.5   1.3   1   3      0.28        49    2.8   0.1   184   230     8    61     4    69 0.72 transcript=STRK1_60790.2 gene=STRK1_60790
STRK1_60790.2        -            249 463071at33208        -            272   2.8e-06   26.5   1.3   2   3   0.00013     0.023   13.6   0.1   141   239    52   156    39   164 0.68 transcript=STRK1_60790.2 gene=STRK1_60790
STRK1_60790.2        -            249 463071at33208        -            272   2.8e-06   26.5   1.3   3   3     0.017       3.1    6.7   0.0   141   199   182   241   169   248 0.76 transcript=STRK1_60790.2 gene=STRK1_60790
STRK1_60790.3        -            249 463071at33208        -            272   2.8e-06   26.5   1.3   1   3      0.28        49    2.8   0.1   184   230     8    61     4    69 0.72 transcript=STRK1_60790.3 gene=STRK1_60790
STRK1_60790.3        -            249 463071at33208        -            272   2.8e-06   26.5   1.3   2   3   0.00013     0.023   13.6   0.1   141   239    52   156    39   164 0.68 transcript=STRK1_60790.3 gene=STRK1_60790
STRK1_60790.3        -            249 463071at33208        -            272   2.8e-06   26.5   1.3   3   3     0.017       3.1    6.7   0.0   141   199   182   241   169   248 0.76 transcript=STRK1_60790.3 gene=STRK1_60790
STRK1_31130.1        -            952 463071at33208        -            272   3.2e-06   26.3   0.4   1   3   3.3e-05    0.0058   15.6   0.0   139   209   668   739   654   746 0.88 transcript=STRK1_31130.1 gene=STRK1_31130
STRK1_31130.1        -            952 463071at33208        -            272   3.2e-06   26.3   0.4   2   3      0.16        28    3.5   0.0   149   226   765   846   757   858 0.48 transcript=STRK1_31130.1 gene=STRK1_31130
STRK1_31130.1        -            952 463071at33208        -            272   3.2e-06   26.3   0.4   3   3     0.087        15    4.4   0.0   139   205   839   908   795   922 0.63 transcript=STRK1_31130.1 gene=STRK1_31130
STRK1_26820.1        -            318 463071at33208        -            272   3.2e-06   26.3   0.0   1   3    0.0003     0.053   12.5   0.0   160   230    21    93     6   110 0.56 transcript=STRK1_26820.1 gene=STRK1_26820
STRK1_26820.1        -            318 463071at33208        -            272   3.2e-06   26.3   0.0   2   3     0.062        11    4.9   0.0   142   196   129   185   115   198 0.69 transcript=STRK1_26820.1 gene=STRK1_26820
STRK1_26820.1        -            318 463071at33208        -            272   3.2e-06   26.3   0.0   3   3      0.05       8.8    5.2   0.0   105   168   220   292   211   307 0.71 transcript=STRK1_26820.1 gene=STRK1_26820
STRK1_26820.2        -            318 463071at33208        -            272   3.2e-06   26.3   0.0   1   3    0.0003     0.053   12.5   0.0   160   230    21    93     6   110 0.56 transcript=STRK1_26820.2 gene=STRK1_26820
STRK1_26820.2        -            318 463071at33208        -            272   3.2e-06   26.3   0.0   2   3     0.062        11    4.9   0.0   142   196   129   185   115   198 0.69 transcript=STRK1_26820.2 gene=STRK1_26820
STRK1_26820.2        -            318 463071at33208        -            272   3.2e-06   26.3   0.0   3   3      0.05       8.8    5.2   0.0   105   168   220   292   211   307 0.71 transcript=STRK1_26820.2 gene=STRK1_26820
STRK1_86040.1        -            174 463071at33208        -            272   3.5e-06   26.2   0.0   1   2       1.6   2.8e+02    0.3   0.1   186   199    30    43     8    86 0.69 transcript=STRK1_86040.1 gene=STRK1_86040
STRK1_86040.1        -            174 463071at33208        -            272   3.5e-06   26.2   0.0   2   2     8e-08   1.4e-05   24.2   0.0   156   209    87   139    53   149 0.79 transcript=STRK1_86040.1 gene=STRK1_86040
STRK1_83520.1        -            561 463071at33208        -            272   4.1e-06   26.0   0.0   1   3     0.009       1.6    7.6   0.0   137   175   313   353   270   372 0.78 transcript=STRK1_83520.1 gene=STRK1_83520
STRK1_83520.1        -            561 463071at33208        -            272   4.1e-06   26.0   0.0   2   3    0.0038      0.67    8.9   0.0   120   199   380   463   357   474 0.75 transcript=STRK1_83520.1 gene=STRK1_83520
STRK1_83520.1        -            561 463071at33208        -            272   4.1e-06   26.0   0.0   3   3     0.025       4.3    6.2   0.0    76   164   469   561   465   561 0.73 transcript=STRK1_83520.1 gene=STRK1_83520
STRK1_9960.1         -            376 463071at33208        -            272   4.6e-06   25.8   3.2   1   3    0.0028       0.5    9.3   0.0    36   198    89   148    52   159 0.64 transcript=STRK1_9960.1 gene=STRK1_9960
STRK1_9960.1         -            376 463071at33208        -            272   4.6e-06   25.8   3.2   2   3     0.074        13    4.6   0.1   141   190   178   227   160   240 0.66 transcript=STRK1_9960.1 gene=STRK1_9960
STRK1_9960.1         -            376 463071at33208        -            272   4.6e-06   25.8   3.2   3   3    0.0012       0.2   10.6   0.1   140   199   261   324   235   333 0.76 transcript=STRK1_9960.1 gene=STRK1_9960
STRK1_16420.1        -            653 463071at33208        -            272   5.5e-06   25.6   6.6   1   5    0.0017       0.3   10.0   0.4   102   207    22   138    19   146 0.65 transcript=STRK1_16420.1 gene=STRK1_16420
STRK1_16420.1        -            653 463071at33208        -            272   5.5e-06   25.6   6.6   2   5     0.016       2.8    6.8   0.1   136   170   106   144    75   180 0.69 transcript=STRK1_16420.1 gene=STRK1_16420
STRK1_16420.1        -            653 463071at33208        -            272   5.5e-06   25.6   6.6   3   5       1.5   2.6e+02    0.4   0.0   101   158   299   360   288   403 0.78 transcript=STRK1_16420.1 gene=STRK1_16420
STRK1_16420.1        -            653 463071at33208        -            272   5.5e-06   25.6   6.6   4   5    0.0038      0.67    8.9   0.0   133   173   420   462   413   473 0.87 transcript=STRK1_16420.1 gene=STRK1_16420
STRK1_16420.1        -            653 463071at33208        -            272   5.5e-06   25.6   6.6   5   5     0.081        14    4.5   0.1   141   207   578   645   544   651 0.72 transcript=STRK1_16420.1 gene=STRK1_16420
STRK1_65000.1        -            581 463071at33208        -            272   1.4e-05   24.3   0.0   1   3   0.00031     0.055   12.4   0.0   141   207   150   218   145   222 0.88 transcript=STRK1_65000.1 gene=STRK1_65000
STRK1_65000.1        -            581 463071at33208        -            272   1.4e-05   24.3   0.0   2   3    0.0071       1.3    8.0   0.1   101   169   428   502   425   510 0.83 transcript=STRK1_65000.1 gene=STRK1_65000
STRK1_65000.1        -            581 463071at33208        -            272   1.4e-05   24.3   0.0   3   3         5   8.8e+02   -1.4   0.0   184   203   557   576   548   580 0.74 transcript=STRK1_65000.1 gene=STRK1_65000
STRK1_38420.1        -            149 463071at33208        -            272   1.4e-05   24.2   0.0   1   2    0.0018      0.32    9.9   0.0   149   207     4    62     1    71 0.55 transcript=STRK1_38420.1 gene=STRK1_38420
STRK1_38420.1        -            149 463071at33208        -            272   1.4e-05   24.2   0.0   2   2   3.8e-06   0.00068   18.7   0.0   103   176    37   117    28   147 0.78 transcript=STRK1_38420.1 gene=STRK1_38420
STRK1_42240.1        -            382 463071at33208        -            272   1.9e-05   23.8   0.4   1   3    0.0049      0.86    8.5   0.0   179   219    30    71    15   102 0.77 transcript=STRK1_42240.1 gene=STRK1_42240
STRK1_42240.1        -            382 463071at33208        -            272   1.9e-05   23.8   0.4   2   3       2.4   4.2e+02   -0.3   0.0   218   218   221   221   147   282 0.61 transcript=STRK1_42240.1 gene=STRK1_42240
STRK1_42240.1        -            382 463071at33208        -            272   1.9e-05   23.8   0.4   3   3   0.00052     0.091   11.7   0.0   116   173   319   379   302   382 0.79 transcript=STRK1_42240.1 gene=STRK1_42240
STRK1_110560.1       -             69 463071at33208        -            272   2.7e-05   23.3   0.0   1   1   1.6e-07   2.9e-05   23.2   0.0   160   209     1    49     1    59 0.85 transcript=STRK1_110560.1 gene=STRK1_110560
STRK1_91610.1        -           1037 463071at33208        -            272   4.2e-05   22.7   0.0   1   2     0.036       6.3    5.7   0.0   116   200    33   120    17   131 0.61 transcript=STRK1_91610.1 gene=STRK1_91610
STRK1_91610.1        -           1037 463071at33208        -            272   4.2e-05   22.7   0.0   2   2   6.6e-05     0.012   14.6   0.0   135   244   139   257   103   267 0.73 transcript=STRK1_91610.1 gene=STRK1_91610
STRK1_2000.1         -            320 463071at33208        -            272   5.1e-05   22.4   0.0   1   3      0.22        39    3.1   0.0   131   242    12    45     6    62 0.55 transcript=STRK1_2000.1 gene=STRK1_2000
STRK1_2000.1         -            320 463071at33208        -            272   5.1e-05   22.4   0.0   2   3     0.092        16    4.3   0.0   106   207    71   175    64   181 0.66 transcript=STRK1_2000.1 gene=STRK1_2000
STRK1_2000.1         -            320 463071at33208        -            272   5.1e-05   22.4   0.0   3   3   0.00091      0.16   10.9   0.0   143   239   200   310   191   315 0.75 transcript=STRK1_2000.1 gene=STRK1_2000
STRK1_54790.1        -            536 463071at33208        -            272   7.2e-05   21.9   0.0   1   2     8e-05     0.014   14.4   0.0    99   178   265   352   259   368 0.78 transcript=STRK1_54790.1 gene=STRK1_54790
STRK1_54790.1        -            536 463071at33208        -            272   7.2e-05   21.9   0.0   2   2      0.14        24    3.7   0.0   100   131   415   446   409   458 0.84 transcript=STRK1_54790.1 gene=STRK1_54790
STRK1_24070.2        -            954 463071at33208        -            272   8.4e-05   21.7   0.2   1   3     0.078        14    4.6   0.0   133   201   424   491   417   496 0.77 transcript=STRK1_24070.2 gene=STRK1_24070
STRK1_24070.2        -            954 463071at33208        -            272   8.4e-05   21.7   0.2   2   3    0.0023       0.4    9.6   0.1   155   207   740   792   715   796 0.82 transcript=STRK1_24070.2 gene=STRK1_24070
STRK1_24070.2        -            954 463071at33208        -            272   8.4e-05   21.7   0.2   3   3      0.37        66    2.3   0.0   137   159   921   943   881   953 0.79 transcript=STRK1_24070.2 gene=STRK1_24070
STRK1_24070.1        -            969 463071at33208        -            272   8.6e-05   21.6   0.2   1   3     0.079        14    4.5   0.0   133   201   439   506   432   511 0.77 transcript=STRK1_24070.1 gene=STRK1_24070
STRK1_24070.1        -            969 463071at33208        -            272   8.6e-05   21.6   0.2   2   3    0.0023      0.41    9.6   0.1   155   207   755   807   730   811 0.82 transcript=STRK1_24070.1 gene=STRK1_24070
STRK1_24070.1        -            969 463071at33208        -            272   8.6e-05   21.6   0.2   3   3      0.38        67    2.3   0.0   137   159   936   958   896   968 0.79 transcript=STRK1_24070.1 gene=STRK1_24070
STRK1_79490.1        -            315 463071at33208        -            272   9.8e-05   21.4   0.0   1   2      0.24        42    3.0   0.0   141   201    66   127    56   174 0.69 transcript=STRK1_79490.1 gene=STRK1_79490
STRK1_79490.1        -            315 463071at33208        -            272   9.8e-05   21.4   0.0   2   2     5e-05    0.0088   15.0   0.0   100   174   192   270   186   315 0.76 transcript=STRK1_79490.1 gene=STRK1_79490
STRK1_52080.1        -            492 463071at33208        -            272   0.00012   21.1   0.0   1   3      0.71   1.3e+02    1.4   0.0   186   218   206   238   195   267 0.82 transcript=STRK1_52080.1 gene=STRK1_52080
STRK1_52080.1        -            492 463071at33208        -            272   0.00012   21.1   0.0   2   3   0.00012     0.021   13.8   0.0   109   230   300   429   290   444 0.70 transcript=STRK1_52080.1 gene=STRK1_52080
STRK1_52080.1        -            492 463071at33208        -            272   0.00012   21.1   0.0   3   3      0.04         7    5.5   0.1   156   236   395   478   384   484 0.74 transcript=STRK1_52080.1 gene=STRK1_52080
STRK1_52080.2        -            492 463071at33208        -            272   0.00012   21.1   0.0   1   3      0.71   1.3e+02    1.4   0.0   186   218   206   238   195   267 0.82 transcript=STRK1_52080.2 gene=STRK1_52080
STRK1_52080.2        -            492 463071at33208        -            272   0.00012   21.1   0.0   2   3   0.00012     0.021   13.8   0.0   109   230   300   429   290   444 0.70 transcript=STRK1_52080.2 gene=STRK1_52080
STRK1_52080.2        -            492 463071at33208        -            272   0.00012   21.1   0.0   3   3      0.04         7    5.5   0.1   156   236   395   478   384   484 0.74 transcript=STRK1_52080.2 gene=STRK1_52080
STRK1_30010.3        -            400 463071at33208        -            272   0.00016   20.7   0.7   1   5       2.4   4.2e+02   -0.3   0.0   127   153    66    92    56    94 0.89 transcript=STRK1_30010.3 gene=STRK1_30010
STRK1_30010.3        -            400 463071at33208        -            272   0.00016   20.7   0.7   2   5       3.2   5.6e+02   -0.7   0.0    26    55   107   135    98   141 0.76 transcript=STRK1_30010.3 gene=STRK1_30010
STRK1_30010.3        -            400 463071at33208        -            272   0.00016   20.7   0.7   3   5       2.2   3.9e+02   -0.2   0.0    36    58   160   182   153   220 0.58 transcript=STRK1_30010.3 gene=STRK1_30010
STRK1_30010.3        -            400 463071at33208        -            272   0.00016   20.7   0.7   4   5       0.3        52    2.7   0.2   139   196   201   258   194   272 0.69 transcript=STRK1_30010.3 gene=STRK1_30010
STRK1_30010.3        -            400 463071at33208        -            272   0.00016   20.7   0.7   5   5    0.0005     0.088   11.8   0.0    98   180   280   372   275   390 0.75 transcript=STRK1_30010.3 gene=STRK1_30010
STRK1_106320.1       -            216 463071at33208        -            272   0.00018   20.6   0.1   1   2       0.8   1.4e+02    1.2   0.0    37    62     5    32     1    39 0.66 transcript=STRK1_106320.1 gene=STRK1_106320
STRK1_106320.1       -            216 463071at33208        -            272   0.00018   20.6   0.1   2   2   6.1e-05     0.011   14.7   0.1   108   181    55   136    50   153 0.77 transcript=STRK1_106320.1 gene=STRK1_106320
STRK1_5540.1         -            652 463071at33208        -            272   0.00042   19.4   0.1   1   3    0.0005     0.088   11.8   0.1   138   198   261   320   224   329 0.56 transcript=STRK1_5540.1 gene=STRK1_5540
STRK1_5540.1         -            652 463071at33208        -            272   0.00042   19.4   0.1   2   3       2.9     5e+02   -0.6   0.0   185   199   475   489   462   502 0.64 transcript=STRK1_5540.1 gene=STRK1_5540
STRK1_5540.1         -            652 463071at33208        -            272   0.00042   19.4   0.1   3   3      0.15        26    3.7   0.0   101   199   515   622   507   636 0.76 transcript=STRK1_5540.1 gene=STRK1_5540
STRK1_5540.2         -            652 463071at33208        -            272   0.00042   19.4   0.1   1   3    0.0005     0.088   11.8   0.1   138   198   261   320   224   329 0.56 transcript=STRK1_5540.2 gene=STRK1_5540
STRK1_5540.2         -            652 463071at33208        -            272   0.00042   19.4   0.1   2   3       2.9     5e+02   -0.6   0.0   185   199   475   489   462   502 0.64 transcript=STRK1_5540.2 gene=STRK1_5540
STRK1_5540.2         -            652 463071at33208        -            272   0.00042   19.4   0.1   3   3      0.15        26    3.7   0.0   101   199   515   622   507   636 0.76 transcript=STRK1_5540.2 gene=STRK1_5540
STRK1_5540.3         -            652 463071at33208        -            272   0.00042   19.4   0.1   1   3    0.0005     0.088   11.8   0.1   138   198   261   320   224   329 0.56 transcript=STRK1_5540.3 gene=STRK1_5540
STRK1_5540.3         -            652 463071at33208        -            272   0.00042   19.4   0.1   2   3       2.9     5e+02   -0.6   0.0   185   199   475   489   462   502 0.64 transcript=STRK1_5540.3 gene=STRK1_5540
STRK1_5540.3         -            652 463071at33208        -            272   0.00042   19.4   0.1   3   3      0.15        26    3.7   0.0   101   199   515   622   507   636 0.76 transcript=STRK1_5540.3 gene=STRK1_5540
STRK1_30330.1        -            612 463071at33208        -            272   0.00047   19.2   0.0   1   2     0.017         3    6.7   0.0   139   219   276   364   262   384 0.75 transcript=STRK1_30330.1 gene=STRK1_30330
STRK1_30330.1        -            612 463071at33208        -            272   0.00047   19.2   0.0   2   2     0.002      0.35    9.8   0.0   184   210   424   451   394   465 0.75 transcript=STRK1_30330.1 gene=STRK1_30330
STRK1_29530.1        -            758 463071at33208        -            272   0.00051   19.1   0.0   1   3      0.12        21    4.0   0.0   127   168   342   385   324   393 0.80 transcript=STRK1_29530.1 gene=STRK1_29530
STRK1_29530.1        -            758 463071at33208        -            272   0.00051   19.1   0.0   2   3       6.4   1.1e+03   -1.7   0.0   185   206   434   455   428   457 0.79 transcript=STRK1_29530.1 gene=STRK1_29530
STRK1_29530.1        -            758 463071at33208        -            272   0.00051   19.1   0.0   3   3   0.00063      0.11   11.4   0.0   140   203   517   581   501   601 0.83 transcript=STRK1_29530.1 gene=STRK1_29530
STRK1_54790.2        -            468 463071at33208        -            272   0.00091   18.3   0.0   1   3       9.7   1.7e+03   -2.3   0.0   192   207   167   182   158   187 0.79 transcript=STRK1_54790.2 gene=STRK1_54790
STRK1_54790.2        -            468 463071at33208        -            272   0.00091   18.3   0.0   2   3    0.0011       0.2   10.6   0.0   133   178   237   284   232   300 0.84 transcript=STRK1_54790.2 gene=STRK1_54790
STRK1_54790.2        -            468 463071at33208        -            272   0.00091   18.3   0.0   3   3      0.12        21    4.0   0.0   100   131   347   378   341   390 0.84 transcript=STRK1_54790.2 gene=STRK1_54790
STRK1_63490.1        -            872 463071at33208        -            272     0.001   18.1   0.0   1   2   0.00012     0.021   13.8   0.0   137   197   580   641   541   666 0.84 transcript=STRK1_63490.1 gene=STRK1_63490
STRK1_63490.1        -            872 463071at33208        -            272     0.001   18.1   0.0   2   2      0.61   1.1e+02    1.6   0.0   142   207   800   865   791   868 0.69 transcript=STRK1_63490.1 gene=STRK1_63490
STRK1_5390.1         -            376 463071at33208        -            272    0.0011   18.0   0.0   1   2   7.3e-05     0.013   14.5   0.0   131   218    46   132    14   152 0.76 transcript=STRK1_5390.1 gene=STRK1_5390
STRK1_5390.1         -            376 463071at33208        -            272    0.0011   18.0   0.0   2   2      0.96   1.7e+02    1.0   0.0   183   207   309   333   307   348 0.84 transcript=STRK1_5390.1 gene=STRK1_5390
STRK1_63490.4        -            909 463071at33208        -            272    0.0011   18.0   0.0   1   2   0.00012     0.022   13.7   0.0   137   197   617   678   578   703 0.84 transcript=STRK1_63490.4 gene=STRK1_63490
STRK1_63490.4        -            909 463071at33208        -            272    0.0011   18.0   0.0   2   2      0.64   1.1e+02    1.6   0.0   142   207   837   902   828   905 0.69 transcript=STRK1_63490.4 gene=STRK1_63490
STRK1_92320.1        -            425 463071at33208        -            272    0.0012   17.9   0.9   1   3      0.01       1.8    7.5   0.1   104   232    19   157    13   170 0.71 transcript=STRK1_92320.1 gene=STRK1_92320
STRK1_92320.1        -            425 463071at33208        -            272    0.0012   17.9   0.9   2   3    0.0049      0.86    8.5   0.2   140   207   156   223   132   231 0.74 transcript=STRK1_92320.1 gene=STRK1_92320
STRK1_92320.1        -            425 463071at33208        -            272    0.0012   17.9   0.9   3   3       2.4   4.3e+02   -0.3   0.0   190   230   264   304   251   326 0.79 transcript=STRK1_92320.1 gene=STRK1_92320
STRK1_92320.2        -            425 463071at33208        -            272    0.0012   17.9   0.9   1   3      0.01       1.8    7.5   0.1   104   232    19   157    13   170 0.71 transcript=STRK1_92320.2 gene=STRK1_92320
STRK1_92320.2        -            425 463071at33208        -            272    0.0012   17.9   0.9   2   3    0.0049      0.86    8.5   0.2   140   207   156   223   132   231 0.74 transcript=STRK1_92320.2 gene=STRK1_92320
STRK1_92320.2        -            425 463071at33208        -            272    0.0012   17.9   0.9   3   3       2.4   4.3e+02   -0.3   0.0   190   230   264   304   251   326 0.79 transcript=STRK1_92320.2 gene=STRK1_92320
STRK1_63490.3        -            931 463071at33208        -            272    0.0012   17.9   0.0   1   2   0.00013     0.023   13.7   0.0   137   197   639   700   600   725 0.84 transcript=STRK1_63490.3 gene=STRK1_63490
STRK1_63490.3        -            931 463071at33208        -            272    0.0012   17.9   0.0   2   2      0.66   1.2e+02    1.5   0.0   142   207   859   924   850   927 0.69 transcript=STRK1_63490.3 gene=STRK1_63490
STRK1_63490.2        -            985 463071at33208        -            272    0.0013   17.7   0.0   1   2   0.00014     0.024   13.6   0.0   137   197   693   754   654   779 0.84 transcript=STRK1_63490.2 gene=STRK1_63490
STRK1_63490.2        -            985 463071at33208        -            272    0.0013   17.7   0.0   2   2      0.71   1.2e+02    1.4   0.0   142   207   913   978   904   981 0.69 transcript=STRK1_63490.2 gene=STRK1_63490
STRK1_20610.1        -            633 463071at33208        -            272    0.0015   17.6   0.0   1   2      0.51        91    1.9   0.0    37    55   238   256   231   322 0.83 transcript=STRK1_20610.1 gene=STRK1_20610
STRK1_20610.1        -            633 463071at33208        -            272    0.0015   17.6   0.0   2   2   0.00023     0.041   12.9   0.0   137   178   555   598   545   629 0.85 transcript=STRK1_20610.1 gene=STRK1_20610
STRK1_14570.1        -            712 463071at33208        -            272    0.0015   17.5   0.1   1   2   0.00012     0.022   13.8   0.0   134   199    80   147    72   167 0.86 transcript=STRK1_14570.1 gene=STRK1_14570
STRK1_14570.1        -            712 463071at33208        -            272    0.0015   17.5   0.1   2   2       1.3   2.4e+02    0.5   0.0   130   170   233   275   211   308 0.74 transcript=STRK1_14570.1 gene=STRK1_14570
STRK1_11720.1        -            671 463071at33208        -            272    0.0017   17.4   0.0   1   2     0.049       8.6    5.2   0.0   128   234   210   326   186   335 0.66 transcript=STRK1_11720.1 gene=STRK1_11720
STRK1_11720.1        -            671 463071at33208        -            272    0.0017   17.4   0.0   2   2    0.0021      0.37    9.7   0.0    65   158   431   529   414   535 0.85 transcript=STRK1_11720.1 gene=STRK1_11720
STRK1_55610.1        -            606 463071at33208        -            272    0.0026   16.8   0.0   1   3       1.7     3e+02    0.2   0.0   140   161   145   166   138   186 0.54 transcript=STRK1_55610.1 gene=STRK1_55610
STRK1_55610.1        -            606 463071at33208        -            272    0.0026   16.8   0.0   2   3   0.00028      0.05   12.6   0.0   180   259   256   351   150   371 0.64 transcript=STRK1_55610.1 gene=STRK1_55610
STRK1_55610.1        -            606 463071at33208        -            272    0.0026   16.8   0.0   3   3      0.61   1.1e+02    1.6   0.0   141   198   305   368   289   427 0.71 transcript=STRK1_55610.1 gene=STRK1_55610
STRK1_35040.1        -            924 463071at33208        -            272    0.0089   15.0   0.0   1   3      0.46        81    2.0   0.0    22    54   381   411   366   445 0.70 transcript=STRK1_35040.1 gene=STRK1_35040
STRK1_35040.1        -            924 463071at33208        -            272    0.0089   15.0   0.0   2   3       7.9   1.4e+03   -2.0   0.0   192   213   466   485   453   526 0.58 transcript=STRK1_35040.1 gene=STRK1_35040
STRK1_35040.1        -            924 463071at33208        -            272    0.0089   15.0   0.0   3   3    0.0032      0.56    9.1   0.0   157   206   775   827   758   841 0.82 transcript=STRK1_35040.1 gene=STRK1_35040
STRK1_31960.1        -            764 463071at33208        -            272     0.012   14.6   0.7   1   3      0.32        57    2.5   0.0   109   168   106   171    67   185 0.73 transcript=STRK1_31960.1 gene=STRK1_31960
STRK1_31960.1        -            764 463071at33208        -            272     0.012   14.6   0.7   2   3       2.8   4.9e+02   -0.5   0.0   139   170   219   252   213   256 0.66 transcript=STRK1_31960.1 gene=STRK1_31960
STRK1_31960.1        -            764 463071at33208        -            272     0.012   14.6   0.7   3   3    0.0063       1.1    8.1   0.0   137   206   273   347   270   356 0.81 transcript=STRK1_31960.1 gene=STRK1_31960
STRK1_71760.1        -            442 463071at33208        -            272     0.014   14.4   0.1   1   3       0.8   1.4e+02    1.2   0.0   141   174   177   212   134   237 0.63 transcript=STRK1_71760.1 gene=STRK1_71760
STRK1_71760.1        -            442 463071at33208        -            272     0.014   14.4   0.1   2   3    0.0047      0.84    8.5   0.1   140   223   218   302   175   338 0.67 transcript=STRK1_71760.1 gene=STRK1_71760
STRK1_71760.1        -            442 463071at33208        -            272     0.014   14.4   0.1   3   3      0.61   1.1e+02    1.6   0.0   163   237   326   398   299   419 0.69 transcript=STRK1_71760.1 gene=STRK1_71760
STRK1_71760.2        -            442 463071at33208        -            272     0.014   14.4   0.1   1   3       0.8   1.4e+02    1.2   0.0   141   174   177   212   134   237 0.63 transcript=STRK1_71760.2 gene=STRK1_71760
STRK1_71760.2        -            442 463071at33208        -            272     0.014   14.4   0.1   2   3    0.0047      0.84    8.5   0.1   140   223   218   302   175   338 0.67 transcript=STRK1_71760.2 gene=STRK1_71760
STRK1_71760.2        -            442 463071at33208        -            272     0.014   14.4   0.1   3   3      0.61   1.1e+02    1.6   0.0   163   237   326   398   299   419 0.69 transcript=STRK1_71760.2 gene=STRK1_71760
STRK1_71760.3        -            442 463071at33208        -            272     0.014   14.4   0.1   1   3       0.8   1.4e+02    1.2   0.0   141   174   177   212   134   237 0.63 transcript=STRK1_71760.3 gene=STRK1_71760
STRK1_71760.3        -            442 463071at33208        -            272     0.014   14.4   0.1   2   3    0.0047      0.84    8.5   0.1   140   223   218   302   175   338 0.67 transcript=STRK1_71760.3 gene=STRK1_71760
STRK1_71760.3        -            442 463071at33208        -            272     0.014   14.4   0.1   3   3      0.61   1.1e+02    1.6   0.0   163   237   326   398   299   419 0.69 transcript=STRK1_71760.3 gene=STRK1_71760
STRK1_71760.4        -            442 463071at33208        -            272     0.014   14.4   0.1   1   3       0.8   1.4e+02    1.2   0.0   141   174   177   212   134   237 0.63 transcript=STRK1_71760.4 gene=STRK1_71760
STRK1_71760.4        -            442 463071at33208        -            272     0.014   14.4   0.1   2   3    0.0047      0.84    8.5   0.1   140   223   218   302   175   338 0.67 transcript=STRK1_71760.4 gene=STRK1_71760
STRK1_71760.4        -            442 463071at33208        -            272     0.014   14.4   0.1   3   3      0.61   1.1e+02    1.6   0.0   163   237   326   398   299   419 0.69 transcript=STRK1_71760.4 gene=STRK1_71760
STRK1_71760.5        -            442 463071at33208        -            272     0.014   14.4   0.1   1   3       0.8   1.4e+02    1.2   0.0   141   174   177   212   134   237 0.63 transcript=STRK1_71760.5 gene=STRK1_71760
STRK1_71760.5        -            442 463071at33208        -            272     0.014   14.4   0.1   2   3    0.0047      0.84    8.5   0.1   140   223   218   302   175   338 0.67 transcript=STRK1_71760.5 gene=STRK1_71760
STRK1_71760.5        -            442 463071at33208        -            272     0.014   14.4   0.1   3   3      0.61   1.1e+02    1.6   0.0   163   237   326   398   299   419 0.69 transcript=STRK1_71760.5 gene=STRK1_71760
STRK1_74230.1        -            513 463071at33208        -            272     0.024   13.6   0.2   1   3      0.11        20    4.1   0.0   145   198    93   146    62   152 0.70 transcript=STRK1_74230.1 gene=STRK1_74230
STRK1_74230.1        -            513 463071at33208        -            272     0.024   13.6   0.2   2   3    0.0022      0.38    9.7   0.0   124   198   112   191    88   195 0.71 transcript=STRK1_74230.1 gene=STRK1_74230
STRK1_74230.1        -            513 463071at33208        -            272     0.024   13.6   0.2   3   3       5.2   9.2e+02   -1.4   0.0   191   210   458   477   448   500 0.78 transcript=STRK1_74230.1 gene=STRK1_74230
STRK1_51380.1        -            374 463071at33208        -            272     0.025   13.6   0.1   1   3       1.1     2e+02    0.8   0.0   157   207    40    93    24   102 0.75 transcript=STRK1_51380.1 gene=STRK1_51380
STRK1_51380.1        -            374 463071at33208        -            272     0.025   13.6   0.1   2   3      0.12        21    4.0   0.0   194   213   132   151   121   170 0.83 transcript=STRK1_51380.1 gene=STRK1_51380
STRK1_51380.1        -            374 463071at33208        -            272     0.025   13.6   0.1   3   3      0.11        19    4.1   0.0   120   174   198   258   186   292 0.69 transcript=STRK1_51380.1 gene=STRK1_51380
STRK1_85120.1        -            600 463071at33208        -            272     0.025   13.5   0.1   1   2   0.00099      0.17   10.8   0.0   189   230   125   165   112   170 0.74 transcript=STRK1_85120.1 gene=STRK1_85120
STRK1_85120.1        -            600 463071at33208        -            272     0.025   13.5   0.1   2   2       4.7   8.3e+02   -1.3   0.0   184   209   336   361   304   378 0.83 transcript=STRK1_85120.1 gene=STRK1_85120
STRK1_85120.2        -            600 463071at33208        -            272     0.025   13.5   0.1   1   2   0.00099      0.17   10.8   0.0   189   230   125   165   112   170 0.74 transcript=STRK1_85120.2 gene=STRK1_85120
STRK1_85120.2        -            600 463071at33208        -            272     0.025   13.5   0.1   2   2       4.7   8.3e+02   -1.3   0.0   184   209   336   361   304   378 0.83 transcript=STRK1_85120.2 gene=STRK1_85120
STRK1_7370.1         -            602 463071at33208        -            272     0.067   12.2   0.1   1   2    0.0029      0.52    9.2   0.0   136   212   208   289   203   301 0.83 transcript=STRK1_7370.1 gene=STRK1_7370
STRK1_7370.1         -            602 463071at33208        -            272     0.067   12.2   0.1   2   2       2.3   4.1e+02   -0.3   0.1   173   207   318   351   312   374 0.83 transcript=STRK1_7370.1 gene=STRK1_7370
STRK1_29200.1        -            536 463071at33208        -            272      0.11   11.4   0.0   1   2       5.2   9.2e+02   -1.4   0.0   189   224    89   126    79   135 0.71 transcript=STRK1_29200.1 gene=STRK1_29200
STRK1_29200.1        -            536 463071at33208        -            272      0.11   11.4   0.0   2   2    0.0021      0.36    9.7   0.0    34    94   131   191   113   193 0.86 transcript=STRK1_29200.1 gene=STRK1_29200
#
# Program:         hmmsearch
# Version:         3.4 (Aug 2023)
# Pipeline mode:   SEARCH
# Query file:      /users/40483456/busco_datasets/busco_downloads/lineages/metazoa_odb10/hmms/463071at33208.hmm
# Target file:     /users/40483456/protein/schistosoma_turkestanicum.fa
# Option settings: hmmsearch --domtblout /users/40483456/busco/results_pro/schistosoma_turkestanicum_busco/run_metazoa_odb10/hmmer_output/initial_run_results/463071at33208.out --cpu 1 /users/40483456/busco_datasets/busco_downloads/lineages/metazoa_odb10/hmms/463071at33208.hmm /users/40483456/protein/schistosoma_turkestanicum.fa 
# Current dir:     /users/40483456
# Date:            Thu Jan 15 18:00:29 2026
# [ok]
