#                                                                            --- full sequence --- -------------- this domain -------------   hmm coord   ali coord   env coord
# target name        accession   tlen query name           accession   qlen   E-value  score  bias   #  of  c-Evalue  i-Evalue  score  bias  from    to  from    to  from    to  acc description of target
#------------------- ---------- ----- -------------------- ---------- ----- --------- ------ ----- --- --- --------- --------- ------ ----- ----- ----- ----- ----- ----- ----- ---- ---------------------
STRK1_88710.1        -            298 502429at33208        -            202   3.3e-43  146.9   0.1   1   2   2.2e-31   1.9e-28   98.8   0.0    13   124     9   123     1   132 0.89 transcript=STRK1_88710.1 gene=STRK1_88710
STRK1_88710.1        -            298 502429at33208        -            202   3.3e-43  146.9   0.1   2   2   2.9e-15   2.5e-12   46.1   0.1   118   180   189   254   185   263 0.84 transcript=STRK1_88710.1 gene=STRK1_88710
STRK1_88710.2        -            382 502429at33208        -            202   3.6e-43  146.8   0.5   1   2   4.1e-31   3.5e-28   97.9   0.0    13   124     9   123     2   131 0.89 transcript=STRK1_88710.2 gene=STRK1_88710
STRK1_88710.2        -            382 502429at33208        -            202   3.6e-43  146.8   0.5   2   2   2.8e-15   2.4e-12   46.2   0.5   118   187   189   261   185   271 0.82 transcript=STRK1_88710.2 gene=STRK1_88710
STRK1_88710.3        -            319 502429at33208        -            202   6.2e-27   93.8   1.2   1   2   6.7e-15   5.8e-12   44.9   0.0    76   124    13    60     7    68 0.92 transcript=STRK1_88710.3 gene=STRK1_88710
STRK1_88710.3        -            319 502429at33208        -            202   6.2e-27   93.8   1.2   2   2   2.1e-15   1.8e-12   46.6   0.5   118   187   126   198   122   209 0.82 transcript=STRK1_88710.3 gene=STRK1_88710
STRK1_41320.1        -            206 502429at33208        -            202   1.3e-19   69.9   0.4   1   1     2e-22   1.7e-19   69.5   0.4     7   170    22   187    16   199 0.78 transcript=STRK1_41320.1 gene=STRK1_41320
STRK1_41310.1        -            206 502429at33208        -            202   1.4e-19   69.8   0.5   1   1   2.1e-22   1.8e-19   69.5   0.5     7   170    22   187    16   199 0.78 transcript=STRK1_41310.1 gene=STRK1_41310
STRK1_77070.1        -            174 502429at33208        -            202   5.5e-12   45.0   1.4   1   1   4.5e-14   3.9e-11   42.2   1.4    89   168    66   143     1   152 0.84 transcript=STRK1_77070.1 gene=STRK1_77070
STRK1_52580.1        -            227 502429at33208        -            202   1.9e-11   43.3   0.1   1   1   5.2e-14   4.5e-11   42.1   0.1    87   172   133   214    94   221 0.89 transcript=STRK1_52580.1 gene=STRK1_52580
STRK1_65760.1        -            218 502429at33208        -            202   1.1e-05   24.4   0.1   1   1   2.1e-08   1.8e-05   23.8   0.1    89   160   131   199   117   205 0.88 transcript=STRK1_65760.1 gene=STRK1_65760
STRK1_65760.2        -            218 502429at33208        -            202   1.1e-05   24.4   0.1   1   1   2.1e-08   1.8e-05   23.8   0.1    89   160   131   199   117   205 0.88 transcript=STRK1_65760.2 gene=STRK1_65760
STRK1_65760.3        -            218 502429at33208        -            202   1.1e-05   24.4   0.1   1   1   2.1e-08   1.8e-05   23.8   0.1    89   160   131   199   117   205 0.88 transcript=STRK1_65760.3 gene=STRK1_65760
STRK1_37980.1        -            210 502429at33208        -            202   3.4e-05   22.8   0.0   1   1   6.7e-08   5.8e-05   22.1   0.0    93   170   104   180    83   193 0.86 transcript=STRK1_37980.1 gene=STRK1_37980
STRK1_52580.4        -            176 502429at33208        -            202   0.00046   19.1   0.2   1   1   1.4e-06    0.0012   17.8   0.2    87   124   133   170    94   176 0.86 transcript=STRK1_52580.4 gene=STRK1_52580
STRK1_52580.3        -            180 502429at33208        -            202    0.0005   19.0   0.2   1   1   1.6e-06    0.0013   17.6   0.2    87   124   133   170    93   177 0.86 transcript=STRK1_52580.3 gene=STRK1_52580
STRK1_50160.1        -            267 502429at33208        -            202     0.033   13.1   0.1   1   2       3.1   2.7e+03   -2.9   0.0   145   189    88   131    80   138 0.64 transcript=STRK1_50160.1 gene=STRK1_50160
STRK1_50160.1        -            267 502429at33208        -            202     0.033   13.1   0.1   2   2   9.7e-05     0.083   11.8   0.0    99   121   209   231   193   235 0.88 transcript=STRK1_50160.1 gene=STRK1_50160
STRK1_50160.2        -            267 502429at33208        -            202     0.033   13.1   0.1   1   2       3.1   2.7e+03   -2.9   0.0   145   189    88   131    80   138 0.64 transcript=STRK1_50160.2 gene=STRK1_50160
STRK1_50160.2        -            267 502429at33208        -            202     0.033   13.1   0.1   2   2   9.7e-05     0.083   11.8   0.0    99   121   209   231   193   235 0.88 transcript=STRK1_50160.2 gene=STRK1_50160
STRK1_50160.3        -            267 502429at33208        -            202     0.033   13.1   0.1   1   2       3.1   2.7e+03   -2.9   0.0   145   189    88   131    80   138 0.64 transcript=STRK1_50160.3 gene=STRK1_50160
STRK1_50160.3        -            267 502429at33208        -            202     0.033   13.1   0.1   2   2   9.7e-05     0.083   11.8   0.0    99   121   209   231   193   235 0.88 transcript=STRK1_50160.3 gene=STRK1_50160
STRK1_52580.2        -            163 502429at33208        -            202     0.068   12.1   0.3   1   1   0.00024       0.2   10.5   0.3    87   112   133   158    93   161 0.87 transcript=STRK1_52580.2 gene=STRK1_52580
#
# Program:         hmmsearch
# Version:         3.4 (Aug 2023)
# Pipeline mode:   SEARCH
# Query file:      /users/40483456/busco_datasets/busco_downloads/lineages/metazoa_odb10/hmms/502429at33208.hmm
# Target file:     /users/40483456/protein/schistosoma_turkestanicum.fa
# Option settings: hmmsearch --domtblout /users/40483456/busco/results_pro/schistosoma_turkestanicum_busco/run_metazoa_odb10/hmmer_output/initial_run_results/502429at33208.out --cpu 1 /users/40483456/busco_datasets/busco_downloads/lineages/metazoa_odb10/hmms/502429at33208.hmm /users/40483456/protein/schistosoma_turkestanicum.fa 
# Current dir:     /users/40483456
# Date:            Thu Jan 15 18:00:36 2026
# [ok]
