#                                                                            --- full sequence --- -------------- this domain -------------   hmm coord   ali coord   env coord
# target name        accession   tlen query name           accession   qlen   E-value  score  bias   #  of  c-Evalue  i-Evalue  score  bias  from    to  from    to  from    to  acc description of target
#------------------- ---------- ----- -------------------- ---------- ----- --------- ------ ----- --- --- --------- --------- ------ ----- ----- ----- ----- ----- ----- ----- ---- ---------------------
STRK1_64100.1        -            222 545063at33208        -            202   9.7e-05   22.2   1.5   1   1   3.6e-08   0.00013   21.8   1.5   160   202    55   102    48   102 0.84 transcript=STRK1_64100.1 gene=STRK1_64100
STRK1_51150.1        -            295 545063at33208        -            202      0.27   10.9   4.2   1   2   0.00033       1.2    8.9   3.1   169   191    23    47    12    54 0.81 transcript=STRK1_51150.1 gene=STRK1_51150
STRK1_51150.1        -            295 545063at33208        -            202      0.27   10.9   4.2   2   2      0.11   3.9e+02    0.7   0.0   146   173   105   137    72   140 0.70 transcript=STRK1_51150.1 gene=STRK1_51150
STRK1_51150.2        -            295 545063at33208        -            202      0.27   10.9   4.2   1   2   0.00033       1.2    8.9   3.1   169   191    23    47    12    54 0.81 transcript=STRK1_51150.2 gene=STRK1_51150
STRK1_51150.2        -            295 545063at33208        -            202      0.27   10.9   4.2   2   2      0.11   3.9e+02    0.7   0.0   146   173   105   137    72   140 0.70 transcript=STRK1_51150.2 gene=STRK1_51150
STRK1_51150.3        -            295 545063at33208        -            202      0.27   10.9   4.2   1   2   0.00033       1.2    8.9   3.1   169   191    23    47    12    54 0.81 transcript=STRK1_51150.3 gene=STRK1_51150
STRK1_51150.3        -            295 545063at33208        -            202      0.27   10.9   4.2   2   2      0.11   3.9e+02    0.7   0.0   146   173   105   137    72   140 0.70 transcript=STRK1_51150.3 gene=STRK1_51150
#
# Program:         hmmsearch
# Version:         3.4 (Aug 2023)
# Pipeline mode:   SEARCH
# Query file:      /users/40483456/busco_datasets/busco_downloads/lineages/metazoa_odb10/hmms/545063at33208.hmm
# Target file:     /users/40483456/protein/schistosoma_turkestanicum.fa
# Option settings: hmmsearch --domtblout /users/40483456/busco/results_pro/schistosoma_turkestanicum_busco/run_metazoa_odb10/hmmer_output/initial_run_results/545063at33208.out --cpu 1 /users/40483456/busco_datasets/busco_downloads/lineages/metazoa_odb10/hmms/545063at33208.hmm /users/40483456/protein/schistosoma_turkestanicum.fa 
# Current dir:     /users/40483456
# Date:            Thu Jan 15 18:00:38 2026
# [ok]
