#                                                                            --- full sequence --- -------------- this domain -------------   hmm coord   ali coord   env coord
# target name        accession   tlen query name           accession   qlen   E-value  score  bias   #  of  c-Evalue  i-Evalue  score  bias  from    to  from    to  from    to  acc description of target
#------------------- ---------- ----- -------------------- ---------- ----- --------- ------ ----- --- --- --------- --------- ------ ----- ----- ----- ----- ----- ----- ----- ---- ---------------------
STRK1_109230.3       -            353 572074at33208        -            191     4e-39  134.0  17.8   1   4   2.2e-23   2.5e-20   72.6   7.4     1    78    26   112    26   122 0.84 transcript=STRK1_109230.3 gene=STRK1_109230
STRK1_109230.3       -            353 572074at33208        -            191     4e-39  134.0  17.8   2   4   4.4e-06     0.005   16.2   0.0    71   100   134   163   117   178 0.88 transcript=STRK1_109230.3 gene=STRK1_109230
STRK1_109230.3       -            353 572074at33208        -            191     4e-39  134.0  17.8   3   4   2.5e-05     0.029   13.7   0.0    97   127   187   219   179   241 0.87 transcript=STRK1_109230.3 gene=STRK1_109230
STRK1_109230.3       -            353 572074at33208        -            191     4e-39  134.0  17.8   4   4   3.2e-12   3.7e-09   36.2   0.5    97   191   247   352   244   352 0.79 transcript=STRK1_109230.3 gene=STRK1_109230
STRK1_109230.6       -            353 572074at33208        -            191     4e-39  134.0  17.8   1   4   2.2e-23   2.5e-20   72.6   7.4     1    78    26   112    26   122 0.84 transcript=STRK1_109230.6 gene=STRK1_109230
STRK1_109230.6       -            353 572074at33208        -            191     4e-39  134.0  17.8   2   4   4.4e-06     0.005   16.2   0.0    71   100   134   163   117   178 0.88 transcript=STRK1_109230.6 gene=STRK1_109230
STRK1_109230.6       -            353 572074at33208        -            191     4e-39  134.0  17.8   3   4   2.5e-05     0.029   13.7   0.0    97   127   187   219   179   241 0.87 transcript=STRK1_109230.6 gene=STRK1_109230
STRK1_109230.6       -            353 572074at33208        -            191     4e-39  134.0  17.8   4   4   3.2e-12   3.7e-09   36.2   0.5    97   191   247   352   244   352 0.79 transcript=STRK1_109230.6 gene=STRK1_109230
STRK1_109230.1       -            350 572074at33208        -            191   4.4e-39  133.8  18.0   1   4   2.2e-23   2.4e-20   72.7   7.4     1    78    23   109    23   119 0.84 transcript=STRK1_109230.1 gene=STRK1_109230
STRK1_109230.1       -            350 572074at33208        -            191   4.4e-39  133.8  18.0   2   4   4.5e-06     0.005   16.2   0.0    71   100   131   160   114   173 0.88 transcript=STRK1_109230.1 gene=STRK1_109230
STRK1_109230.1       -            350 572074at33208        -            191   4.4e-39  133.8  18.0   3   4   2.5e-05     0.028   13.8   0.0    97   127   184   216   176   238 0.87 transcript=STRK1_109230.1 gene=STRK1_109230
STRK1_109230.1       -            350 572074at33208        -            191   4.4e-39  133.8  18.0   4   4   3.1e-12   3.5e-09   36.3   0.5    97   191   244   349   240   349 0.79 transcript=STRK1_109230.1 gene=STRK1_109230
STRK1_109230.5       -            350 572074at33208        -            191   4.4e-39  133.8  18.0   1   4   2.2e-23   2.4e-20   72.7   7.4     1    78    23   109    23   119 0.84 transcript=STRK1_109230.5 gene=STRK1_109230
STRK1_109230.5       -            350 572074at33208        -            191   4.4e-39  133.8  18.0   2   4   4.5e-06     0.005   16.2   0.0    71   100   131   160   114   173 0.88 transcript=STRK1_109230.5 gene=STRK1_109230
STRK1_109230.5       -            350 572074at33208        -            191   4.4e-39  133.8  18.0   3   4   2.5e-05     0.028   13.8   0.0    97   127   184   216   176   238 0.87 transcript=STRK1_109230.5 gene=STRK1_109230
STRK1_109230.5       -            350 572074at33208        -            191   4.4e-39  133.8  18.0   4   4   3.1e-12   3.5e-09   36.3   0.5    97   191   244   349   240   349 0.79 transcript=STRK1_109230.5 gene=STRK1_109230
STRK1_109230.2       -            284 572074at33208        -            191   1.7e-28   99.3  12.6   1   4   2.5e-12   2.9e-09   36.6   2.1    39    78     1    43     1    51 0.88 transcript=STRK1_109230.2 gene=STRK1_109230
STRK1_109230.2       -            284 572074at33208        -            191   1.7e-28   99.3  12.6   2   4   2.8e-06    0.0032   16.9   0.0    71   100    65    94    48   117 0.86 transcript=STRK1_109230.2 gene=STRK1_109230
STRK1_109230.2       -            284 572074at33208        -            191   1.7e-28   99.3  12.6   3   4   1.8e-05     0.021   14.2   0.0    97   127   118   150   109   171 0.87 transcript=STRK1_109230.2 gene=STRK1_109230
STRK1_109230.2       -            284 572074at33208        -            191   1.7e-28   99.3  12.6   4   4   2.1e-12   2.4e-09   36.8   0.6    97   191   178   283   175   283 0.79 transcript=STRK1_109230.2 gene=STRK1_109230
STRK1_109230.4       -            284 572074at33208        -            191   1.7e-28   99.3  12.6   1   4   2.5e-12   2.9e-09   36.6   2.1    39    78     1    43     1    51 0.88 transcript=STRK1_109230.4 gene=STRK1_109230
STRK1_109230.4       -            284 572074at33208        -            191   1.7e-28   99.3  12.6   2   4   2.8e-06    0.0032   16.9   0.0    71   100    65    94    48   117 0.86 transcript=STRK1_109230.4 gene=STRK1_109230
STRK1_109230.4       -            284 572074at33208        -            191   1.7e-28   99.3  12.6   3   4   1.8e-05     0.021   14.2   0.0    97   127   118   150   109   171 0.87 transcript=STRK1_109230.4 gene=STRK1_109230
STRK1_109230.4       -            284 572074at33208        -            191   1.7e-28   99.3  12.6   4   4   2.1e-12   2.4e-09   36.8   0.6    97   191   178   283   175   283 0.79 transcript=STRK1_109230.4 gene=STRK1_109230
STRK1_109230.7       -            284 572074at33208        -            191   1.7e-28   99.3  12.6   1   4   2.5e-12   2.9e-09   36.6   2.1    39    78     1    43     1    51 0.88 transcript=STRK1_109230.7 gene=STRK1_109230
STRK1_109230.7       -            284 572074at33208        -            191   1.7e-28   99.3  12.6   2   4   2.8e-06    0.0032   16.9   0.0    71   100    65    94    48   117 0.86 transcript=STRK1_109230.7 gene=STRK1_109230
STRK1_109230.7       -            284 572074at33208        -            191   1.7e-28   99.3  12.6   3   4   1.8e-05     0.021   14.2   0.0    97   127   118   150   109   171 0.87 transcript=STRK1_109230.7 gene=STRK1_109230
STRK1_109230.7       -            284 572074at33208        -            191   1.7e-28   99.3  12.6   4   4   2.1e-12   2.4e-09   36.8   0.6    97   191   178   283   175   283 0.79 transcript=STRK1_109230.7 gene=STRK1_109230
STRK1_109230.8       -            284 572074at33208        -            191   1.7e-28   99.3  12.6   1   4   2.5e-12   2.9e-09   36.6   2.1    39    78     1    43     1    51 0.88 transcript=STRK1_109230.8 gene=STRK1_109230
STRK1_109230.8       -            284 572074at33208        -            191   1.7e-28   99.3  12.6   2   4   2.8e-06    0.0032   16.9   0.0    71   100    65    94    48   117 0.86 transcript=STRK1_109230.8 gene=STRK1_109230
STRK1_109230.8       -            284 572074at33208        -            191   1.7e-28   99.3  12.6   3   4   1.8e-05     0.021   14.2   0.0    97   127   118   150   109   171 0.87 transcript=STRK1_109230.8 gene=STRK1_109230
STRK1_109230.8       -            284 572074at33208        -            191   1.7e-28   99.3  12.6   4   4   2.1e-12   2.4e-09   36.8   0.6    97   191   178   283   175   283 0.79 transcript=STRK1_109230.8 gene=STRK1_109230
STRK1_66240.1        -            184 572074at33208        -            191   2.1e-26   92.5   9.0   1   2   5.1e-24   5.8e-21   74.7   7.3     1    78    23   109    23   119 0.84 transcript=STRK1_66240.1 gene=STRK1_66240
STRK1_66240.1        -            184 572074at33208        -            191   2.1e-26   92.5   9.0   2   2   1.7e-06    0.0019   17.6   0.0    71   100   131   160   117   177 0.88 transcript=STRK1_66240.1 gene=STRK1_66240
STRK1_66240.2        -            187 572074at33208        -            191   2.2e-26   92.4   9.0   1   2   5.4e-24   6.1e-21   74.6   7.3     1    78    26   112    26   122 0.84 transcript=STRK1_66240.2 gene=STRK1_66240
STRK1_66240.2        -            187 572074at33208        -            191   2.2e-26   92.4   9.0   2   2   1.7e-06    0.0019   17.6   0.0    71   100   134   163   120   184 0.88 transcript=STRK1_66240.2 gene=STRK1_66240
STRK1_109220.1       -            166 572074at33208        -            191   6.1e-15   55.1   1.7   1   2   1.6e-05     0.018   14.4   0.0    98   127     2    33     1    54 0.86 transcript=STRK1_109220.1 gene=STRK1_109220
STRK1_109220.1       -            166 572074at33208        -            191   6.1e-15   55.1   1.7   2   2   2.4e-13   2.7e-10   39.9   0.6    97   191    61   165    58   165 0.80 transcript=STRK1_109220.1 gene=STRK1_109220
STRK1_109000.1       -             80 572074at33208        -            191    0.0014   18.0   0.1   1   1   1.3e-06    0.0014   18.0   0.1    97   127    17    49     9    77 0.85 transcript=STRK1_109000.1 gene=STRK1_109000
STRK1_15530.1        -            902 572074at33208        -            191     0.049   13.0   0.1   1   1   0.00011      0.12   11.7   0.1    61   107   356   402   349   411 0.86 transcript=STRK1_15530.1 gene=STRK1_15530
#
# Program:         hmmsearch
# Version:         3.4 (Aug 2023)
# Pipeline mode:   SEARCH
# Query file:      /users/40483456/busco_datasets/busco_downloads/lineages/metazoa_odb10/hmms/572074at33208.hmm
# Target file:     /users/40483456/protein/schistosoma_turkestanicum.fa
# Option settings: hmmsearch --domtblout /users/40483456/busco/results_pro/schistosoma_turkestanicum_busco/run_metazoa_odb10/hmmer_output/initial_run_results/572074at33208.out --cpu 1 /users/40483456/busco_datasets/busco_downloads/lineages/metazoa_odb10/hmms/572074at33208.hmm /users/40483456/protein/schistosoma_turkestanicum.fa 
# Current dir:     /users/40483456
# Date:            Thu Jan 15 18:00:44 2026
# [ok]
