#                                                                            --- full sequence --- -------------- this domain -------------   hmm coord   ali coord   env coord
# target name        accession   tlen query name           accession   qlen   E-value  score  bias   #  of  c-Evalue  i-Evalue  score  bias  from    to  from    to  from    to  acc description of target
#------------------- ---------- ----- -------------------- ---------- ----- --------- ------ ----- --- --- --------- --------- ------ ----- ----- ----- ----- ----- ----- ----- ---- ---------------------
STRK1_62770.1        -            294 598944at33208        -            225   8.1e-42  143.2  33.7   1   1   1.2e-43   7.6e-41  140.0  33.7     9   223    13   253     5   293 0.86 transcript=STRK1_62770.1 gene=STRK1_62770
STRK1_62770.2        -            294 598944at33208        -            225   8.1e-42  143.2  33.7   1   1   1.2e-43   7.6e-41  140.0  33.7     9   223    13   253     5   293 0.86 transcript=STRK1_62770.2 gene=STRK1_62770
STRK1_41390.1        -            429 598944at33208        -            225   2.4e-06   27.1   5.2   1   2   0.00018      0.12   11.8   0.1    36    98     5    72     2    94 0.71 transcript=STRK1_41390.1 gene=STRK1_41390
STRK1_41390.1        -            429 598944at33208        -            225   2.4e-06   27.1   5.2   2   2   1.4e-05    0.0087   15.5   2.1    20    92    99   167    92   208 0.76 transcript=STRK1_41390.1 gene=STRK1_41390
STRK1_41390.2        -            429 598944at33208        -            225   2.4e-06   27.1   5.2   1   2   0.00018      0.12   11.8   0.1    36    98     5    72     2    94 0.71 transcript=STRK1_41390.2 gene=STRK1_41390
STRK1_41390.2        -            429 598944at33208        -            225   2.4e-06   27.1   5.2   2   2   1.4e-05    0.0087   15.5   2.1    20    92    99   167    92   208 0.76 transcript=STRK1_41390.2 gene=STRK1_41390
STRK1_41390.3        -            429 598944at33208        -            225   2.4e-06   27.1   5.2   1   2   0.00018      0.12   11.8   0.1    36    98     5    72     2    94 0.71 transcript=STRK1_41390.3 gene=STRK1_41390
STRK1_41390.3        -            429 598944at33208        -            225   2.4e-06   27.1   5.2   2   2   1.4e-05    0.0087   15.5   2.1    20    92    99   167    92   208 0.76 transcript=STRK1_41390.3 gene=STRK1_41390
STRK1_90450.1        -           1053 598944at33208        -            225    0.0014   18.1   6.1   1   3     0.008       5.1    6.4   0.2    30    79   258   307   243   322 0.80 transcript=STRK1_90450.1 gene=STRK1_90450
STRK1_90450.1        -           1053 598944at33208        -            225    0.0014   18.1   6.1   2   3    0.0017       1.1    8.7   0.0    36   100   322   382   311   413 0.64 transcript=STRK1_90450.1 gene=STRK1_90450
STRK1_90450.1        -           1053 598944at33208        -            225    0.0014   18.1   6.1   3   3      0.04        25    4.2   0.8    36    98   446   501   431   530 0.66 transcript=STRK1_90450.1 gene=STRK1_90450
STRK1_59660.1        -           1001 598944at33208        -            225    0.0015   18.0   2.2   1   4      0.33   2.1e+02    1.2   0.0    35    70   112   147   103   165 0.85 transcript=STRK1_59660.1 gene=STRK1_59660
STRK1_59660.1        -           1001 598944at33208        -            225    0.0015   18.0   2.2   2   4   0.00014     0.089   12.2   0.0    27    74   175   222   162   240 0.83 transcript=STRK1_59660.1 gene=STRK1_59660
STRK1_59660.1        -           1001 598944at33208        -            225    0.0015   18.0   2.2   3   4      0.97   6.2e+02   -0.4   0.5    63   118   364   414   337   421 0.51 transcript=STRK1_59660.1 gene=STRK1_59660
STRK1_59660.1        -           1001 598944at33208        -            225    0.0015   18.0   2.2   4   4       5.3   3.4e+03   -2.8   0.0   160   189   679   709   653   712 0.67 transcript=STRK1_59660.1 gene=STRK1_59660
STRK1_19920.3        -            222 598944at33208        -            225    0.0047   16.4   2.0   1   1   1.5e-05    0.0094   15.4   2.0   159   213    62   116    59   125 0.86 transcript=STRK1_19920.3 gene=STRK1_19920
STRK1_25330.1        -            354 598944at33208        -            225    0.0084   15.6   0.2   1   1     2e-05     0.013   15.0   0.2    12   101    29   116    19   140 0.73 transcript=STRK1_25330.1 gene=STRK1_25330
STRK1_30730.1        -            286 598944at33208        -            225      0.03   13.7   9.1   1   3     0.083        53    3.1   0.0    34    69    63    98    47   106 0.82 transcript=STRK1_30730.1 gene=STRK1_30730
STRK1_30730.1        -            286 598944at33208        -            225      0.03   13.7   9.1   2   3   4.5e-05     0.029   13.8   3.6    32   123   108   198    95   206 0.73 transcript=STRK1_30730.1 gene=STRK1_30730
STRK1_30730.1        -            286 598944at33208        -            225      0.03   13.7   9.1   3   3       3.9   2.5e+03   -2.3   0.0    95   101   240   246   216   284 0.53 transcript=STRK1_30730.1 gene=STRK1_30730
STRK1_72830.1        -            193 598944at33208        -            225     0.044   13.2  18.0   1   2      0.98   6.3e+02   -0.4   0.2    11    33    28    50    18    77 0.64 transcript=STRK1_72830.1 gene=STRK1_72830
STRK1_72830.1        -            193 598944at33208        -            225     0.044   13.2  18.0   2   2   2.1e-05     0.014   14.9  13.3    37   121    79   169    56   182 0.65 transcript=STRK1_72830.1 gene=STRK1_72830
STRK1_25550.1        -            379 598944at33208        -            225     0.058   12.8   0.8   1   1   0.00016       0.1   12.0   0.8    27    78    55   104    43   155 0.78 transcript=STRK1_25550.1 gene=STRK1_25550
STRK1_36600.1        -            289 598944at33208        -            225     0.096   12.1   1.2   1   1    0.0044       2.8    7.3   1.3    36    70    52    86    35   158 0.78 transcript=STRK1_36600.1 gene=STRK1_36600
STRK1_59660.2        -           1192 598944at33208        -            225       0.1   12.0   7.7   1   4      0.42   2.7e+02    0.8   0.0    36    70   304   338   296   356 0.85 transcript=STRK1_59660.2 gene=STRK1_59660
STRK1_59660.2        -           1192 598944at33208        -            225       0.1   12.0   7.7   2   4   0.00018      0.11   11.9   0.0    27    74   366   413   354   431 0.83 transcript=STRK1_59660.2 gene=STRK1_59660
STRK1_59660.2        -           1192 598944at33208        -            225       0.1   12.0   7.7   3   4       1.2   7.8e+02   -0.7   0.5    63   117   555   604   529   612 0.52 transcript=STRK1_59660.2 gene=STRK1_59660
STRK1_59660.2        -           1192 598944at33208        -            225       0.1   12.0   7.7   4   4       6.8   4.3e+03   -3.1   0.0   160   189   870   900   846   903 0.69 transcript=STRK1_59660.2 gene=STRK1_59660
STRK1_94310.3        -            889 598944at33208        -            225      0.15   11.5  13.3   1   4       1.8   1.2e+03   -1.3   0.0   114   153   437   476   431   480 0.83 transcript=STRK1_94310.3 gene=STRK1_94310
STRK1_94310.3        -            889 598944at33208        -            225      0.15   11.5  13.3   2   4     0.053        34    3.7   0.4    36    78   482   524   461   542 0.77 transcript=STRK1_94310.3 gene=STRK1_94310
STRK1_94310.3        -            889 598944at33208        -            225      0.15   11.5  13.3   3   4   0.00033      0.21   11.0   1.2    36   111   542   636   522   649 0.65 transcript=STRK1_94310.3 gene=STRK1_94310
STRK1_94310.3        -            889 598944at33208        -            225      0.15   11.5  13.3   4   4     0.065        42    3.5   0.4    29    70   685   726   676   788 0.76 transcript=STRK1_94310.3 gene=STRK1_94310
STRK1_36590.1        -            305 598944at33208        -            225      0.16   11.3   8.1   1   3    0.0058       3.7    6.9   0.2    35    67    51    83    34    87 0.84 transcript=STRK1_36590.1 gene=STRK1_36590
STRK1_36590.1        -            305 598944at33208        -            225      0.16   11.3   8.1   2   3     0.054        34    3.7   0.0    37    70    86   119    82   140 0.73 transcript=STRK1_36590.1 gene=STRK1_36590
STRK1_36590.1        -            305 598944at33208        -            225      0.16   11.3   8.1   3   3     0.018        11    5.3   1.0    23    76   125   179   112   203 0.75 transcript=STRK1_36590.1 gene=STRK1_36590
STRK1_69380.1        -            272 598944at33208        -            225      0.18   11.2  12.8   1   2   0.00075      0.48    9.8   5.9   145   213    44   112    38   123 0.87 transcript=STRK1_69380.1 gene=STRK1_69380
STRK1_69380.1        -            272 598944at33208        -            225      0.18   11.2  12.8   2   2     0.019        12    5.2   0.6    10    81   193   264   186   268 0.77 transcript=STRK1_69380.1 gene=STRK1_69380
STRK1_69380.5        -            295 598944at33208        -            225      0.19   11.1  13.1   1   2   0.00087      0.56    9.6   5.9   145   213    44   112    38   123 0.87 transcript=STRK1_69380.5 gene=STRK1_69380
STRK1_69380.5        -            295 598944at33208        -            225      0.19   11.1  13.1   2   2     0.014       9.2    5.6   0.7    10    81   193   264   186   272 0.77 transcript=STRK1_69380.5 gene=STRK1_69380
STRK1_69380.2        -            271 598944at33208        -            225       0.2   11.0  12.8   1   2   0.00075      0.48    9.8   5.9   145   213    44   112    38   123 0.87 transcript=STRK1_69380.2 gene=STRK1_69380
STRK1_69380.2        -            271 598944at33208        -            225       0.2   11.0  12.8   2   2      0.02        13    5.1   0.6    10    81   193   264   186   268 0.77 transcript=STRK1_69380.2 gene=STRK1_69380
STRK1_69380.3        -            295 598944at33208        -            225      0.23   10.8  13.6   1   2   0.00087      0.56    9.6   5.9   145   213    44   112    38   123 0.87 transcript=STRK1_69380.3 gene=STRK1_69380
STRK1_69380.3        -            295 598944at33208        -            225      0.23   10.8  13.6   2   2     0.014       8.8    5.7   0.9    10    82   193   265   186   271 0.76 transcript=STRK1_69380.3 gene=STRK1_69380
STRK1_69380.4        -            295 598944at33208        -            225       1.5    8.2  16.5   1   3   0.00087      0.56    9.6   5.9   145   213    44   112    38   123 0.87 transcript=STRK1_69380.4 gene=STRK1_69380
STRK1_69380.4        -            295 598944at33208        -            225       1.5    8.2  16.5   2   3       7.5   4.8e+03   -3.3   0.0    68    76   149   157   127   178 0.48 transcript=STRK1_69380.4 gene=STRK1_69380
STRK1_69380.4        -            295 598944at33208        -            225       1.5    8.2  16.5   3   3     0.013       8.1    5.8   0.8    10    82   193   265   185   271 0.76 transcript=STRK1_69380.4 gene=STRK1_69380
STRK1_46390.1        -            119 598944at33208        -            225       3.4    7.0   5.0   1   1    0.0069       4.4    6.7   5.0    45   118     9    93     2   105 0.33 transcript=STRK1_46390.1 gene=STRK1_46390
STRK1_89200.1        -            116 598944at33208        -            225       6.1    6.2   7.2   1   1     0.011       7.1    6.0   7.2    24   110    10    96     3   114 0.49 transcript=STRK1_89200.1 gene=STRK1_89200
#
# Program:         hmmsearch
# Version:         3.4 (Aug 2023)
# Pipeline mode:   SEARCH
# Query file:      /users/40483456/busco_datasets/busco_downloads/lineages/metazoa_odb10/hmms/598944at33208.hmm
# Target file:     /users/40483456/protein/schistosoma_turkestanicum.fa
# Option settings: hmmsearch --domtblout /users/40483456/busco/results_pro/schistosoma_turkestanicum_busco/run_metazoa_odb10/hmmer_output/initial_run_results/598944at33208.out --cpu 1 /users/40483456/busco_datasets/busco_downloads/lineages/metazoa_odb10/hmms/598944at33208.hmm /users/40483456/protein/schistosoma_turkestanicum.fa 
# Current dir:     /users/40483456
# Date:            Thu Jan 15 18:00:46 2026
# [ok]
