#                                                                            --- full sequence --- -------------- this domain -------------   hmm coord   ali coord   env coord
# target name        accession   tlen query name           accession   qlen   E-value  score  bias   #  of  c-Evalue  i-Evalue  score  bias  from    to  from    to  from    to  acc description of target
#------------------- ---------- ----- -------------------- ---------- ----- --------- ------ ----- --- --- --------- --------- ------ ----- ----- ----- ----- ----- ----- ----- ---- ---------------------
STRK1_11390.2        -           5001 616149at33208        -             81       5.8    6.9  15.9   1   5      0.49   3.6e+03   -2.1   0.1    18    63   824   873   819   882 0.68 transcript=STRK1_11390.2 gene=STRK1_11390
STRK1_11390.2        -           5001 616149at33208        -             81       5.8    6.9  15.9   2   5       0.4   2.9e+03   -1.8   0.0    39    54  1106  1121  1101  1131 0.83 transcript=STRK1_11390.2 gene=STRK1_11390
STRK1_11390.2        -           5001 616149at33208        -             81       5.8    6.9  15.9   3   5   2.6e-05      0.19   11.7   0.7    20    65  1452  1498  1443  1506 0.86 transcript=STRK1_11390.2 gene=STRK1_11390
STRK1_11390.2        -           5001 616149at33208        -             81       5.8    6.9  15.9   4   5       1.5   1.1e+04   -3.6   0.3    45    63  1674  1692  1670  1705 0.72 transcript=STRK1_11390.2 gene=STRK1_11390
STRK1_11390.2        -           5001 616149at33208        -             81       5.8    6.9  15.9   5   5     0.033   2.4e+02    1.7   0.2    33    53  2497  2517  2494  2522 0.91 transcript=STRK1_11390.2 gene=STRK1_11390
STRK1_11390.1        -           5009 616149at33208        -             81       5.9    6.9  15.9   1   5      0.49   3.6e+03   -2.1   0.1    18    63   824   873   819   882 0.68 transcript=STRK1_11390.1 gene=STRK1_11390
STRK1_11390.1        -           5009 616149at33208        -             81       5.9    6.9  15.9   2   5       0.4   2.9e+03   -1.8   0.0    39    54  1106  1121  1101  1131 0.83 transcript=STRK1_11390.1 gene=STRK1_11390
STRK1_11390.1        -           5009 616149at33208        -             81       5.9    6.9  15.9   3   5   2.6e-05      0.19   11.6   0.7    20    65  1452  1498  1443  1506 0.86 transcript=STRK1_11390.1 gene=STRK1_11390
STRK1_11390.1        -           5009 616149at33208        -             81       5.9    6.9  15.9   4   5       1.5   1.1e+04   -3.6   0.3    45    63  1674  1692  1670  1705 0.72 transcript=STRK1_11390.1 gene=STRK1_11390
STRK1_11390.1        -           5009 616149at33208        -             81       5.9    6.9  15.9   5   5     0.033   2.4e+02    1.7   0.2    33    53  2505  2525  2502  2530 0.91 transcript=STRK1_11390.1 gene=STRK1_11390
#
# Program:         hmmsearch
# Version:         3.4 (Aug 2023)
# Pipeline mode:   SEARCH
# Query file:      /users/40483456/busco_datasets/busco_downloads/lineages/metazoa_odb10/hmms/616149at33208.hmm
# Target file:     /users/40483456/protein/schistosoma_turkestanicum.fa
# Option settings: hmmsearch --domtblout /users/40483456/busco/results_pro/schistosoma_turkestanicum_busco/run_metazoa_odb10/hmmer_output/initial_run_results/616149at33208.out --cpu 1 /users/40483456/busco_datasets/busco_downloads/lineages/metazoa_odb10/hmms/616149at33208.hmm /users/40483456/protein/schistosoma_turkestanicum.fa 
# Current dir:     /users/40483456
# Date:            Thu Jan 15 18:00:43 2026
# [ok]
