#                                                                            --- full sequence --- -------------- this domain -------------   hmm coord   ali coord   env coord
# target name        accession   tlen query name           accession   qlen   E-value  score  bias   #  of  c-Evalue  i-Evalue  score  bias  from    to  from    to  from    to  acc description of target
#------------------- ---------- ----- -------------------- ---------- ----- --------- ------ ----- --- --- --------- --------- ------ ----- ----- ----- ----- ----- ----- ----- ---- ---------------------
STRK1_92580.1        -           1451 92367at33208         -            530     5e-27   94.3  12.9   1   5   4.3e-09   5.4e-07   28.2   0.1    64    99   690   725   681   729 0.90 transcript=STRK1_92580.1 gene=STRK1_92580
STRK1_92580.1        -           1451 92367at33208         -            530     5e-27   94.3  12.9   2   5   1.5e-16   1.9e-14   52.7   0.0    84   154   762   840   750   876 0.79 transcript=STRK1_92580.1 gene=STRK1_92580
STRK1_92580.1        -           1451 92367at33208         -            530     5e-27   94.3  12.9   3   5     0.026       3.2    5.8   0.1   196   236   914   955   888   969 0.82 transcript=STRK1_92580.1 gene=STRK1_92580
STRK1_92580.1        -           1451 92367at33208         -            530     5e-27   94.3  12.9   4   5      0.14        18    3.3   0.0   431   467  1051  1087  1035  1093 0.84 transcript=STRK1_92580.1 gene=STRK1_92580
STRK1_92580.1        -           1451 92367at33208         -            530     5e-27   94.3  12.9   5   5    0.0038      0.47    8.5   0.0    59   106  1236  1283  1211  1287 0.76 transcript=STRK1_92580.1 gene=STRK1_92580
STRK1_28690.1        -            464 92367at33208         -            530     1e-16   60.3   6.1   1   5     0.021       2.6    6.1   0.0   104   137    12    45     4    50 0.88 transcript=STRK1_28690.1 gene=STRK1_28690
STRK1_28690.1        -            464 92367at33208         -            530     1e-16   60.3   6.1   2   5    0.0034      0.42    8.7   0.0   280   323    54    99    50   103 0.81 transcript=STRK1_28690.1 gene=STRK1_28690
STRK1_28690.1        -            464 92367at33208         -            530     1e-16   60.3   6.1   3   5   1.1e-05    0.0013   16.9   2.3   281   364    97   186    92   191 0.78 transcript=STRK1_28690.1 gene=STRK1_28690
STRK1_28690.1        -            464 92367at33208         -            530     1e-16   60.3   6.1   4   5   9.7e-06    0.0012   17.1   0.0    71   130   189   248   185   257 0.94 transcript=STRK1_28690.1 gene=STRK1_28690
STRK1_28690.1        -            464 92367at33208         -            530     1e-16   60.3   6.1   5   5   3.2e-07   4.1e-05   21.9   0.0    69   136   229   296   226   300 0.94 transcript=STRK1_28690.1 gene=STRK1_28690
STRK1_24070.2        -            954 92367at33208         -            530   3.9e-16   58.3   1.0   1   5    0.0028      0.35    9.0   0.1    52    86   457   491   443   502 0.89 transcript=STRK1_24070.2 gene=STRK1_24070
STRK1_24070.2        -            954 92367at33208         -            530   3.9e-16   58.3   1.0   2   5   0.00061     0.076   11.1   0.0    75   169   517   616   493   631 0.81 transcript=STRK1_24070.2 gene=STRK1_24070
STRK1_24070.2        -            954 92367at33208         -            530   3.9e-16   58.3   1.0   3   5      0.23        29    2.6   0.0    66    98   635   667   624   693 0.84 transcript=STRK1_24070.2 gene=STRK1_24070
STRK1_24070.2        -            954 92367at33208         -            530   3.9e-16   58.3   1.0   4   5      0.37        46    2.0   0.0    63    93   763   793   725   845 0.61 transcript=STRK1_24070.2 gene=STRK1_24070
STRK1_24070.2        -            954 92367at33208         -            530   3.9e-16   58.3   1.0   5   5   9.7e-09   1.2e-06   27.0   0.0    70   135   883   952   878   953 0.83 transcript=STRK1_24070.2 gene=STRK1_24070
STRK1_24070.1        -            969 92367at33208         -            530   4.1e-16   58.3   1.0   1   5    0.0029      0.36    8.9   0.1    52    86   472   506   458   517 0.89 transcript=STRK1_24070.1 gene=STRK1_24070
STRK1_24070.1        -            969 92367at33208         -            530   4.1e-16   58.3   1.0   2   5   0.00062     0.078   11.1   0.0    75   169   532   631   508   646 0.81 transcript=STRK1_24070.1 gene=STRK1_24070
STRK1_24070.1        -            969 92367at33208         -            530   4.1e-16   58.3   1.0   3   5      0.24        30    2.6   0.0    66    98   650   682   639   708 0.84 transcript=STRK1_24070.1 gene=STRK1_24070
STRK1_24070.1        -            969 92367at33208         -            530   4.1e-16   58.3   1.0   4   5      0.38        47    1.9   0.0    63    93   778   808   740   860 0.61 transcript=STRK1_24070.1 gene=STRK1_24070
STRK1_24070.1        -            969 92367at33208         -            530   4.1e-16   58.3   1.0   5   5   9.8e-09   1.2e-06   27.0   0.0    70   135   898   967   893   968 0.83 transcript=STRK1_24070.1 gene=STRK1_24070
STRK1_58290.1        -            620 92367at33208         -            530   6.3e-15   54.3   0.0   1   5   0.00017     0.021   13.0   0.0    65   126    58   121    32   123 0.83 transcript=STRK1_58290.1 gene=STRK1_58290
STRK1_58290.1        -            620 92367at33208         -            530   6.3e-15   54.3   0.0   2   5    0.0024       0.3    9.2   0.0    63   127   144   209   128   214 0.83 transcript=STRK1_58290.1 gene=STRK1_58290
STRK1_58290.1        -            620 92367at33208         -            530   6.3e-15   54.3   0.0   3   5   5.4e-05    0.0067   14.6   0.0   279   314   229   267   225   279 0.84 transcript=STRK1_58290.1 gene=STRK1_58290
STRK1_58290.1        -            620 92367at33208         -            530   6.3e-15   54.3   0.0   4   5       1.3   1.7e+02    0.1   0.0   288   334   333   377   320   402 0.67 transcript=STRK1_58290.1 gene=STRK1_58290
STRK1_58290.1        -            620 92367at33208         -            530   6.3e-15   54.3   0.0   5   5    0.0017      0.22    9.6   0.0   105   139   547   581   474   591 0.92 transcript=STRK1_58290.1 gene=STRK1_58290
STRK1_58290.2        -            620 92367at33208         -            530   6.3e-15   54.3   0.0   1   5   0.00017     0.021   13.0   0.0    65   126    58   121    32   123 0.83 transcript=STRK1_58290.2 gene=STRK1_58290
STRK1_58290.2        -            620 92367at33208         -            530   6.3e-15   54.3   0.0   2   5    0.0024       0.3    9.2   0.0    63   127   144   209   128   214 0.83 transcript=STRK1_58290.2 gene=STRK1_58290
STRK1_58290.2        -            620 92367at33208         -            530   6.3e-15   54.3   0.0   3   5   5.4e-05    0.0067   14.6   0.0   279   314   229   267   225   279 0.84 transcript=STRK1_58290.2 gene=STRK1_58290
STRK1_58290.2        -            620 92367at33208         -            530   6.3e-15   54.3   0.0   4   5       1.3   1.7e+02    0.1   0.0   288   334   333   377   320   402 0.67 transcript=STRK1_58290.2 gene=STRK1_58290
STRK1_58290.2        -            620 92367at33208         -            530   6.3e-15   54.3   0.0   5   5    0.0017      0.22    9.6   0.0   105   139   547   581   474   591 0.92 transcript=STRK1_58290.2 gene=STRK1_58290
STRK1_35390.1        -            534 92367at33208         -            530   1.5e-13   49.8   0.1   1   2   8.5e-06    0.0011   17.3   0.1    65   127   286   348   264   358 0.93 transcript=STRK1_35390.1 gene=STRK1_35390
STRK1_35390.1        -            534 92367at33208         -            530   1.5e-13   49.8   0.1   2   2   9.7e-10   1.2e-07   30.3   0.0    63   179   373   499   366   525 0.78 transcript=STRK1_35390.1 gene=STRK1_35390
STRK1_25640.1        -            446 92367at33208         -            530   3.6e-13   48.5   6.1   1   5    0.0097       1.2    7.2   0.1   101   137    87   123    79   128 0.87 transcript=STRK1_25640.1 gene=STRK1_25640
STRK1_25640.1        -            446 92367at33208         -            530   3.6e-13   48.5   6.1   2   5   6.1e-06   0.00077   17.7   0.8    15   120   115   233   112   242 0.73 transcript=STRK1_25640.1 gene=STRK1_25640
STRK1_25640.1        -            446 92367at33208         -            530   3.6e-13   48.5   6.1   3   5    0.0026      0.32    9.1   0.0   333   382   259   314   242   317 0.77 transcript=STRK1_25640.1 gene=STRK1_25640
STRK1_25640.1        -            446 92367at33208         -            530   3.6e-13   48.5   6.1   4   5    0.0012      0.15   10.1   0.0    78   135   300   357   292   372 0.90 transcript=STRK1_25640.1 gene=STRK1_25640
STRK1_25640.1        -            446 92367at33208         -            530   3.6e-13   48.5   6.1   5   5    0.0055      0.69    8.0   0.0   280   313   374   410   361   446 0.71 transcript=STRK1_25640.1 gene=STRK1_25640
STRK1_29530.1        -            758 92367at33208         -            530   7.5e-13   47.5   2.2   1   4     0.067       8.4    4.4   0.0    68   346   357   381   310   393 0.70 transcript=STRK1_29530.1 gene=STRK1_29530
STRK1_29530.1        -            758 92367at33208         -            530   7.5e-13   47.5   2.2   2   4     0.002      0.25    9.5   0.2    47   127   411   493   404   503 0.83 transcript=STRK1_29530.1 gene=STRK1_29530
STRK1_29530.1        -            758 92367at33208         -            530   7.5e-13   47.5   2.2   3   4   3.7e-09   4.6e-07   28.4   0.0    61   139   512   590   492   592 0.88 transcript=STRK1_29530.1 gene=STRK1_29530
STRK1_29530.1        -            758 92367at33208         -            530   7.5e-13   47.5   2.2   4   4      0.41        51    1.8   0.0    94   135   614   656   612   661 0.81 transcript=STRK1_29530.1 gene=STRK1_29530
STRK1_65340.1        -            450 92367at33208         -            530   1.3e-11   43.4  12.0   1   5   1.2e-06   0.00015   20.1   0.0    66   125   124   183   117   188 0.93 transcript=STRK1_65340.1 gene=STRK1_65340
STRK1_65340.1        -            450 92367at33208         -            530   1.3e-11   43.4  12.0   2   5   0.00074     0.093   10.9   0.2   256   309   185   236   181   244 0.60 transcript=STRK1_65340.1 gene=STRK1_65340
STRK1_65340.1        -            450 92367at33208         -            530   1.3e-11   43.4  12.0   3   5    0.0012      0.14   10.2   0.7    53   120   237   304   235   312 0.88 transcript=STRK1_65340.1 gene=STRK1_65340
STRK1_65340.1        -            450 92367at33208         -            530   1.3e-11   43.4  12.0   4   5    0.0098       1.2    7.2   0.1   280   312   376   411   351   425 0.64 transcript=STRK1_65340.1 gene=STRK1_65340
STRK1_65340.1        -            450 92367at33208         -            530   1.3e-11   43.4  12.0   5   5       1.2   1.5e+02    0.3   0.0   280   307   418   448   416   450 0.76 transcript=STRK1_65340.1 gene=STRK1_65340
STRK1_53200.1        -            514 92367at33208         -            530   2.2e-11   42.7   3.1   1   3   2.4e-07     3e-05   22.4   0.0    56   125   256   326   250   331 0.88 transcript=STRK1_53200.1 gene=STRK1_53200
STRK1_53200.1        -            514 92367at33208         -            530   2.2e-11   42.7   3.1   2   3    0.0046      0.57    8.3   0.2    97   183   340   436   328   442 0.58 transcript=STRK1_53200.1 gene=STRK1_53200
STRK1_53200.1        -            514 92367at33208         -            530   2.2e-11   42.7   3.1   3   3     0.017       2.1    6.4   0.0    45    92   466   513   449   514 0.81 transcript=STRK1_53200.1 gene=STRK1_53200
STRK1_71760.1        -            442 92367at33208         -            530   2.3e-11   42.5   4.4   1   3   5.9e-07   7.4e-05   21.1   0.1    67   139   135   207   127   234 0.94 transcript=STRK1_71760.1 gene=STRK1_71760
STRK1_71760.1        -            442 92367at33208         -            530   2.3e-11   42.5   4.4   2   3       1.5   1.9e+02   -0.1   0.1   281   311   215   248   210   257 0.71 transcript=STRK1_71760.1 gene=STRK1_71760
STRK1_71760.1        -            442 92367at33208         -            530   2.3e-11   42.5   4.4   3   3     6e-07   7.5e-05   21.1   0.5    64   186   258   382   248   387 0.86 transcript=STRK1_71760.1 gene=STRK1_71760
STRK1_71760.2        -            442 92367at33208         -            530   2.3e-11   42.5   4.4   1   3   5.9e-07   7.4e-05   21.1   0.1    67   139   135   207   127   234 0.94 transcript=STRK1_71760.2 gene=STRK1_71760
STRK1_71760.2        -            442 92367at33208         -            530   2.3e-11   42.5   4.4   2   3       1.5   1.9e+02   -0.1   0.1   281   311   215   248   210   257 0.71 transcript=STRK1_71760.2 gene=STRK1_71760
STRK1_71760.2        -            442 92367at33208         -            530   2.3e-11   42.5   4.4   3   3     6e-07   7.5e-05   21.1   0.5    64   186   258   382   248   387 0.86 transcript=STRK1_71760.2 gene=STRK1_71760
STRK1_71760.3        -            442 92367at33208         -            530   2.3e-11   42.5   4.4   1   3   5.9e-07   7.4e-05   21.1   0.1    67   139   135   207   127   234 0.94 transcript=STRK1_71760.3 gene=STRK1_71760
STRK1_71760.3        -            442 92367at33208         -            530   2.3e-11   42.5   4.4   2   3       1.5   1.9e+02   -0.1   0.1   281   311   215   248   210   257 0.71 transcript=STRK1_71760.3 gene=STRK1_71760
STRK1_71760.3        -            442 92367at33208         -            530   2.3e-11   42.5   4.4   3   3     6e-07   7.5e-05   21.1   0.5    64   186   258   382   248   387 0.86 transcript=STRK1_71760.3 gene=STRK1_71760
STRK1_71760.4        -            442 92367at33208         -            530   2.3e-11   42.5   4.4   1   3   5.9e-07   7.4e-05   21.1   0.1    67   139   135   207   127   234 0.94 transcript=STRK1_71760.4 gene=STRK1_71760
STRK1_71760.4        -            442 92367at33208         -            530   2.3e-11   42.5   4.4   2   3       1.5   1.9e+02   -0.1   0.1   281   311   215   248   210   257 0.71 transcript=STRK1_71760.4 gene=STRK1_71760
STRK1_71760.4        -            442 92367at33208         -            530   2.3e-11   42.5   4.4   3   3     6e-07   7.5e-05   21.1   0.5    64   186   258   382   248   387 0.86 transcript=STRK1_71760.4 gene=STRK1_71760
STRK1_71760.5        -            442 92367at33208         -            530   2.3e-11   42.5   4.4   1   3   5.9e-07   7.4e-05   21.1   0.1    67   139   135   207   127   234 0.94 transcript=STRK1_71760.5 gene=STRK1_71760
STRK1_71760.5        -            442 92367at33208         -            530   2.3e-11   42.5   4.4   2   3       1.5   1.9e+02   -0.1   0.1   281   311   215   248   210   257 0.71 transcript=STRK1_71760.5 gene=STRK1_71760
STRK1_71760.5        -            442 92367at33208         -            530   2.3e-11   42.5   4.4   3   3     6e-07   7.5e-05   21.1   0.5    64   186   258   382   248   387 0.86 transcript=STRK1_71760.5 gene=STRK1_71760
STRK1_91610.1        -           1037 92367at33208         -            530   3.8e-11   41.9   3.9   1   4   0.00019     0.024   12.8   0.1    56   128     7    79     3    92 0.90 transcript=STRK1_91610.1 gene=STRK1_91610
STRK1_91610.1        -           1037 92367at33208         -            530   3.8e-11   41.9   3.9   2   4   0.00043     0.054   11.6   0.9    65   134   100   171    87   175 0.77 transcript=STRK1_91610.1 gene=STRK1_91610
STRK1_91610.1        -           1037 92367at33208         -            530   3.8e-11   41.9   3.9   3   4     0.031       3.8    5.5   0.0   249   312   157   220   155   227 0.69 transcript=STRK1_91610.1 gene=STRK1_91610
STRK1_91610.1        -           1037 92367at33208         -            530   3.8e-11   41.9   3.9   4   4   0.00041     0.051   11.7   0.0    64   102   229   267   222   291 0.85 transcript=STRK1_91610.1 gene=STRK1_91610
STRK1_65000.1        -            581 92367at33208         -            530   5.3e-11   41.4   3.2   1   5      0.12        15    3.6   0.0   100   138   141   179   130   206 0.86 transcript=STRK1_65000.1 gene=STRK1_65000
STRK1_65000.1        -            581 92367at33208         -            530   5.3e-11   41.4   3.2   2   5    0.0094       1.2    7.2   0.0    72   136   155   220   147   224 0.81 transcript=STRK1_65000.1 gene=STRK1_65000
STRK1_65000.1        -            581 92367at33208         -            530   5.3e-11   41.4   3.2   3   5      0.31        39    2.2   0.0    16   131   277   319   259   333 0.54 transcript=STRK1_65000.1 gene=STRK1_65000
STRK1_65000.1        -            581 92367at33208         -            530   5.3e-11   41.4   3.2   4   5   2.6e-06   0.00032   19.0   0.4   294   392   398   506   395   525 0.80 transcript=STRK1_65000.1 gene=STRK1_65000
STRK1_65000.1        -            581 92367at33208         -            530   5.3e-11   41.4   3.2   5   5   3.7e-05    0.0046   15.2   1.4    23   134   458   580   458   581 0.73 transcript=STRK1_65000.1 gene=STRK1_65000
STRK1_83520.1        -            561 92367at33208         -            530   6.6e-11   41.1   0.4   1   3   2.1e-06   0.00027   19.3   0.0   281   356   269   352   265   362 0.76 transcript=STRK1_83520.1 gene=STRK1_83520
STRK1_83520.1        -            561 92367at33208         -            530   6.6e-11   41.1   0.4   2   3   7.5e-06   0.00094   17.5   0.0    66   173   357   471   349   486 0.82 transcript=STRK1_83520.1 gene=STRK1_83520
STRK1_83520.1        -            561 92367at33208         -            530   6.6e-11   41.1   0.4   3   3      0.61        77    1.2   0.1    69   100   495   526   481   552 0.79 transcript=STRK1_83520.1 gene=STRK1_83520
STRK1_12550.1        -            763 92367at33208         -            530   7.1e-11   41.0   0.1   1   3     0.023       2.8    6.0   0.0   293   356    29    95    25   100 0.74 transcript=STRK1_12550.1 gene=STRK1_12550
STRK1_12550.1        -            763 92367at33208         -            530   7.1e-11   41.0   0.1   2   3   3.6e-08   4.5e-06   25.1   0.0    66   140   101   175    97   181 0.94 transcript=STRK1_12550.1 gene=STRK1_12550
STRK1_12550.1        -            763 92367at33208         -            530   7.1e-11   41.0   0.1   3   3     0.023       2.9    6.0   0.0   281   350   182   258   177   267 0.53 transcript=STRK1_12550.1 gene=STRK1_12550
STRK1_49810.1        -            307 92367at33208         -            530   8.8e-11   40.7   7.9   1   4    0.0009      0.11   10.6   0.4   102   167    14    81     6    86 0.76 transcript=STRK1_49810.1 gene=STRK1_49810
STRK1_49810.1        -            307 92367at33208         -            530   8.8e-11   40.7   7.9   2   4   6.9e-07   8.6e-05   20.9   0.1   280   359   100   185    83   215 0.71 transcript=STRK1_49810.1 gene=STRK1_49810
STRK1_49810.1        -            307 92367at33208         -            530   8.8e-11   40.7   7.9   3   4      0.11        14    3.7   0.1    71   136   194   262   186   274 0.36 transcript=STRK1_49810.1 gene=STRK1_49810
STRK1_49810.1        -            307 92367at33208         -            530   8.8e-11   40.7   7.9   4   4     0.028       3.5    5.7   0.1    67    91   277   303   268   306 0.82 transcript=STRK1_49810.1 gene=STRK1_49810
STRK1_49810.2        -            307 92367at33208         -            530   8.8e-11   40.7   7.9   1   4    0.0009      0.11   10.6   0.4   102   167    14    81     6    86 0.76 transcript=STRK1_49810.2 gene=STRK1_49810
STRK1_49810.2        -            307 92367at33208         -            530   8.8e-11   40.7   7.9   2   4   6.9e-07   8.6e-05   20.9   0.1   280   359   100   185    83   215 0.71 transcript=STRK1_49810.2 gene=STRK1_49810
STRK1_49810.2        -            307 92367at33208         -            530   8.8e-11   40.7   7.9   3   4      0.11        14    3.7   0.1    71   136   194   262   186   274 0.36 transcript=STRK1_49810.2 gene=STRK1_49810
STRK1_49810.2        -            307 92367at33208         -            530   8.8e-11   40.7   7.9   4   4     0.028       3.5    5.7   0.1    67    91   277   303   268   306 0.82 transcript=STRK1_49810.2 gene=STRK1_49810
STRK1_53180.1        -            254 92367at33208         -            530   9.4e-11   40.5   0.4   1   4   6.7e-06   0.00084   17.6   0.0    65   126     5    67     1    81 0.86 transcript=STRK1_53180.1 gene=STRK1_53180
STRK1_53180.1        -            254 92367at33208         -            530   9.4e-11   40.5   0.4   2   4    0.0025      0.31    9.1   0.0    16    57    71   114    67   124 0.57 transcript=STRK1_53180.1 gene=STRK1_53180
STRK1_53180.1        -            254 92367at33208         -            530   9.4e-11   40.5   0.4   3   4    0.0017      0.21    9.7   0.1   105   184    88   177    80   187 0.70 transcript=STRK1_53180.1 gene=STRK1_53180
STRK1_53180.1        -            254 92367at33208         -            530   9.4e-11   40.5   0.4   4   4    0.0037      0.47    8.5   0.0    39    92   200   253   188   254 0.90 transcript=STRK1_53180.1 gene=STRK1_53180
STRK1_16420.1        -            653 92367at33208         -            530   1.3e-10   40.1  12.0   1   6    0.0015      0.19    9.8   0.1    65   137    62   141    39   147 0.80 transcript=STRK1_16420.1 gene=STRK1_16420
STRK1_16420.1        -            653 92367at33208         -            530   1.3e-10   40.1  12.0   2   6       1.5   1.8e+02   -0.0   0.0    64   126   202   267   194   280 0.76 transcript=STRK1_16420.1 gene=STRK1_16420
STRK1_16420.1        -            653 92367at33208         -            530   1.3e-10   40.1  12.0   3   6       4.1   5.2e+02   -1.5   0.0   357   387   343   373   325   397 0.68 transcript=STRK1_16420.1 gene=STRK1_16420
STRK1_16420.1        -            653 92367at33208         -            530   1.3e-10   40.1  12.0   4   6     0.029       3.7    5.6   0.0    96   138   415   457   382   461 0.60 transcript=STRK1_16420.1 gene=STRK1_16420
STRK1_16420.1        -            653 92367at33208         -            530   1.3e-10   40.1  12.0   5   6     0.039       4.8    5.2   0.0   276   312   419   458   411   483 0.77 transcript=STRK1_16420.1 gene=STRK1_16420
STRK1_16420.1        -            653 92367at33208         -            530   1.3e-10   40.1  12.0   6   6     6e-08   7.5e-06   24.4   2.1    41   172   509   644   477   652 0.78 transcript=STRK1_16420.1 gene=STRK1_16420
STRK1_8300.1         -            367 92367at33208         -            530   1.4e-10   40.0   0.7   1   3    0.0035      0.44    8.6   0.0   281   351    71   148    61   156 0.55 transcript=STRK1_8300.1 gene=STRK1_8300
STRK1_8300.1         -            367 92367at33208         -            530   1.4e-10   40.0   0.7   2   3   1.1e-07   1.4e-05   23.5   0.0    77   170   171   266   159   271 0.82 transcript=STRK1_8300.1 gene=STRK1_8300
STRK1_8300.1         -            367 92367at33208         -            530   1.4e-10   40.0   0.7   3   3      0.18        22    3.0   0.0    79   127   306   354   294   358 0.85 transcript=STRK1_8300.1 gene=STRK1_8300
STRK1_8300.2         -            367 92367at33208         -            530   1.4e-10   40.0   0.7   1   3    0.0035      0.44    8.6   0.0   281   351    71   148    61   156 0.55 transcript=STRK1_8300.2 gene=STRK1_8300
STRK1_8300.2         -            367 92367at33208         -            530   1.4e-10   40.0   0.7   2   3   1.1e-07   1.4e-05   23.5   0.0    77   170   171   266   159   271 0.82 transcript=STRK1_8300.2 gene=STRK1_8300
STRK1_8300.2         -            367 92367at33208         -            530   1.4e-10   40.0   0.7   3   3      0.18        22    3.0   0.0    79   127   306   354   294   358 0.85 transcript=STRK1_8300.2 gene=STRK1_8300
STRK1_8300.3         -            367 92367at33208         -            530   1.4e-10   40.0   0.7   1   3    0.0035      0.44    8.6   0.0   281   351    71   148    61   156 0.55 transcript=STRK1_8300.3 gene=STRK1_8300
STRK1_8300.3         -            367 92367at33208         -            530   1.4e-10   40.0   0.7   2   3   1.1e-07   1.4e-05   23.5   0.0    77   170   171   266   159   271 0.82 transcript=STRK1_8300.3 gene=STRK1_8300
STRK1_8300.3         -            367 92367at33208         -            530   1.4e-10   40.0   0.7   3   3      0.18        22    3.0   0.0    79   127   306   354   294   358 0.85 transcript=STRK1_8300.3 gene=STRK1_8300
STRK1_8300.4         -            367 92367at33208         -            530   1.4e-10   40.0   0.7   1   3    0.0035      0.44    8.6   0.0   281   351    71   148    61   156 0.55 transcript=STRK1_8300.4 gene=STRK1_8300
STRK1_8300.4         -            367 92367at33208         -            530   1.4e-10   40.0   0.7   2   3   1.1e-07   1.4e-05   23.5   0.0    77   170   171   266   159   271 0.82 transcript=STRK1_8300.4 gene=STRK1_8300
STRK1_8300.4         -            367 92367at33208         -            530   1.4e-10   40.0   0.7   3   3      0.18        22    3.0   0.0    79   127   306   354   294   358 0.85 transcript=STRK1_8300.4 gene=STRK1_8300
STRK1_8300.5         -            367 92367at33208         -            530   1.4e-10   40.0   0.7   1   3    0.0035      0.44    8.6   0.0   281   351    71   148    61   156 0.55 transcript=STRK1_8300.5 gene=STRK1_8300
STRK1_8300.5         -            367 92367at33208         -            530   1.4e-10   40.0   0.7   2   3   1.1e-07   1.4e-05   23.5   0.0    77   170   171   266   159   271 0.82 transcript=STRK1_8300.5 gene=STRK1_8300
STRK1_8300.5         -            367 92367at33208         -            530   1.4e-10   40.0   0.7   3   3      0.18        22    3.0   0.0    79   127   306   354   294   358 0.85 transcript=STRK1_8300.5 gene=STRK1_8300
STRK1_7980.1         -           1012 92367at33208         -            530   8.6e-10   37.4   2.6   1   4   1.9e-05    0.0023   16.1   0.1    16   194    95   279    93   292 0.71 transcript=STRK1_7980.1 gene=STRK1_7980
STRK1_7980.1         -           1012 92367at33208         -            530   8.6e-10   37.4   2.6   2   4     0.018       2.2    6.3   0.0    67   129   482   545   477   597 0.69 transcript=STRK1_7980.1 gene=STRK1_7980
STRK1_7980.1         -           1012 92367at33208         -            530   8.6e-10   37.4   2.6   3   4     0.064         8    4.5   0.0    65   135   576   646   571   650 0.81 transcript=STRK1_7980.1 gene=STRK1_7980
STRK1_7980.1         -           1012 92367at33208         -            530   8.6e-10   37.4   2.6   4   4    0.0012      0.14   10.2   0.2    15   122   598   717   594   727 0.66 transcript=STRK1_7980.1 gene=STRK1_7980
STRK1_35420.1        -            683 92367at33208         -            530     1e-09   37.1   2.6   1   2   2.1e-05    0.0026   16.0   1.0    56   221   386   555   355   565 0.80 transcript=STRK1_35420.1 gene=STRK1_35420
STRK1_35420.1        -            683 92367at33208         -            530     1e-09   37.1   2.6   2   2   1.3e-05    0.0016   16.7   0.0   293   352   583   645   572   650 0.63 transcript=STRK1_35420.1 gene=STRK1_35420
STRK1_1650.1         -           1307 92367at33208         -            530   1.7e-09   36.4   5.9   1   5   4.5e-05    0.0056   14.9   0.0    68   139    15    86     7   100 0.92 transcript=STRK1_1650.1 gene=STRK1_1650
STRK1_1650.1         -           1307 92367at33208         -            530   1.7e-09   36.4   5.9   2   5      0.01       1.3    7.1   0.9   258   353    76   172    74   180 0.67 transcript=STRK1_1650.1 gene=STRK1_1650
STRK1_1650.1         -           1307 92367at33208         -            530   1.7e-09   36.4   5.9   3   5    0.0004      0.05   11.8   0.1   238   310   229   301   216   308 0.49 transcript=STRK1_1650.1 gene=STRK1_1650
STRK1_1650.1         -           1307 92367at33208         -            530   1.7e-09   36.4   5.9   4   5      0.84     1e+02    0.8   0.0    67    90   315   338   311   350 0.87 transcript=STRK1_1650.1 gene=STRK1_1650
STRK1_1650.1         -           1307 92367at33208         -            530   1.7e-09   36.4   5.9   5   5       2.9   3.6e+02   -1.0   0.0   148   170   526   548   514   565 0.83 transcript=STRK1_1650.1 gene=STRK1_1650
STRK1_27390.1        -            860 92367at33208         -            530   1.8e-09   36.3   3.1   1   3    0.0016       0.2    9.7   0.1   280   312   509   544   504   571 0.85 transcript=STRK1_27390.1 gene=STRK1_27390
STRK1_27390.1        -            860 92367at33208         -            530   1.8e-09   36.3   3.1   2   3       1.6   2.1e+02   -0.2   0.0   281   312   631   664   628   676 0.77 transcript=STRK1_27390.1 gene=STRK1_27390
STRK1_27390.1        -            860 92367at33208         -            530   1.8e-09   36.3   3.1   3   3   5.5e-08   6.8e-06   24.5   0.4    26   138   714   818   691   855 0.81 transcript=STRK1_27390.1 gene=STRK1_27390
STRK1_52620.1        -            340 92367at33208         -            530   3.6e-09   35.3   0.2   1   3   8.2e-05      0.01   14.0   0.0    23   130    11   121     5   132 0.78 transcript=STRK1_52620.1 gene=STRK1_52620
STRK1_52620.1        -            340 92367at33208         -            530   3.6e-09   35.3   0.2   2   3   0.00052     0.066   11.4   0.0    76   168   154   248   145   259 0.90 transcript=STRK1_52620.1 gene=STRK1_52620
STRK1_52620.1        -            340 92367at33208         -            530   3.6e-09   35.3   0.2   3   3     0.013       1.7    6.7   0.0    65   133   271   339   250   340 0.89 transcript=STRK1_52620.1 gene=STRK1_52620
STRK1_26820.1        -            318 92367at33208         -            530   7.5e-09   34.3   1.0   1   4   0.00093      0.12   10.5   0.0    78   129    11    62     6    69 0.67 transcript=STRK1_26820.1 gene=STRK1_26820
STRK1_26820.1        -            318 92367at33208         -            530   7.5e-09   34.3   1.0   2   4      0.44        55    1.7   0.0   105   134    80   111    59   116 0.80 transcript=STRK1_26820.1 gene=STRK1_26820
STRK1_26820.1        -            318 92367at33208         -            530   7.5e-09   34.3   1.0   3   4    0.0013      0.16   10.1   0.1    66   141   127   203   119   214 0.84 transcript=STRK1_26820.1 gene=STRK1_26820
STRK1_26820.1        -            318 92367at33208         -            530   7.5e-09   34.3   1.0   4   4     0.011       1.3    7.1   0.0    70   137   221   291   211   294 0.77 transcript=STRK1_26820.1 gene=STRK1_26820
STRK1_26820.2        -            318 92367at33208         -            530   7.5e-09   34.3   1.0   1   4   0.00093      0.12   10.5   0.0    78   129    11    62     6    69 0.67 transcript=STRK1_26820.2 gene=STRK1_26820
STRK1_26820.2        -            318 92367at33208         -            530   7.5e-09   34.3   1.0   2   4      0.44        55    1.7   0.0   105   134    80   111    59   116 0.80 transcript=STRK1_26820.2 gene=STRK1_26820
STRK1_26820.2        -            318 92367at33208         -            530   7.5e-09   34.3   1.0   3   4    0.0013      0.16   10.1   0.1    66   141   127   203   119   214 0.84 transcript=STRK1_26820.2 gene=STRK1_26820
STRK1_26820.2        -            318 92367at33208         -            530   7.5e-09   34.3   1.0   4   4     0.011       1.3    7.1   0.0    70   137   221   291   211   294 0.77 transcript=STRK1_26820.2 gene=STRK1_26820
STRK1_53810.1        -            447 92367at33208         -            530   1.5e-08   33.3   0.1   1   2   2.1e-05    0.0026   16.0   0.1    65   137    67   140    57   154 0.89 transcript=STRK1_53810.1 gene=STRK1_53810
STRK1_53810.1        -            447 92367at33208         -            530   1.5e-08   33.3   0.1   2   2   5.5e-05    0.0068   14.6   0.0    38   172   217   355   203   376 0.70 transcript=STRK1_53810.1 gene=STRK1_53810
STRK1_81850.1        -            473 92367at33208         -            530   1.6e-08   33.2   0.2   1   2   4.3e-05    0.0054   14.9   0.0    96   137    16    57    11    65 0.91 transcript=STRK1_81850.1 gene=STRK1_81850
STRK1_81850.1        -            473 92367at33208         -            530   1.6e-08   33.2   0.2   2   2   2.7e-05    0.0034   15.6   0.0    66   107    70   111    59   124 0.84 transcript=STRK1_81850.1 gene=STRK1_81850
STRK1_64610.1        -            795 92367at33208         -            530   2.1e-08   32.8   6.7   1   4      0.44        55    1.7   0.1   279   311   280   313   276   323 0.76 transcript=STRK1_64610.1 gene=STRK1_64610
STRK1_64610.1        -            795 92367at33208         -            530   2.1e-08   32.8   6.7   2   4       0.8     1e+02    0.9   0.0   286   311   343   368   339   373 0.89 transcript=STRK1_64610.1 gene=STRK1_64610
STRK1_64610.1        -            795 92367at33208         -            530   2.1e-08   32.8   6.7   3   4     9e-08   1.1e-05   23.8   0.8    16   139   526   657   524   660 0.89 transcript=STRK1_64610.1 gene=STRK1_64610
STRK1_64610.1        -            795 92367at33208         -            530   2.1e-08   32.8   6.7   4   4     0.034       4.3    5.4   0.0   281   309   668   697   662   703 0.84 transcript=STRK1_64610.1 gene=STRK1_64610
STRK1_64610.3        -            795 92367at33208         -            530   2.1e-08   32.8   6.7   1   4      0.44        55    1.7   0.1   279   311   280   313   276   323 0.76 transcript=STRK1_64610.3 gene=STRK1_64610
STRK1_64610.3        -            795 92367at33208         -            530   2.1e-08   32.8   6.7   2   4       0.8     1e+02    0.9   0.0   286   311   343   368   339   373 0.89 transcript=STRK1_64610.3 gene=STRK1_64610
STRK1_64610.3        -            795 92367at33208         -            530   2.1e-08   32.8   6.7   3   4     9e-08   1.1e-05   23.8   0.8    16   139   526   657   524   660 0.89 transcript=STRK1_64610.3 gene=STRK1_64610
STRK1_64610.3        -            795 92367at33208         -            530   2.1e-08   32.8   6.7   4   4     0.034       4.3    5.4   0.0   281   309   668   697   662   703 0.84 transcript=STRK1_64610.3 gene=STRK1_64610
STRK1_42240.1        -            382 92367at33208         -            530   2.6e-08   32.5   9.2   1   5   0.00032      0.04   12.1   0.4    65   136    31   107     3   111 0.72 transcript=STRK1_42240.1 gene=STRK1_42240
STRK1_42240.1        -            382 92367at33208         -            530   2.6e-08   32.5   9.2   2   5      0.62        77    1.2   0.1   280   313   117   151   111   175 0.68 transcript=STRK1_42240.1 gene=STRK1_42240
STRK1_42240.1        -            382 92367at33208         -            530   2.6e-08   32.5   9.2   3   5     0.075       9.4    4.2   1.5    79   138   194   253   139   285 0.55 transcript=STRK1_42240.1 gene=STRK1_42240
STRK1_42240.1        -            382 92367at33208         -            530   2.6e-08   32.5   9.2   4   5   0.00032      0.04   12.1   0.6    17   130   204   326   199   327 0.81 transcript=STRK1_42240.1 gene=STRK1_42240
STRK1_42240.1        -            382 92367at33208         -            530   2.6e-08   32.5   9.2   5   5   9.1e-06    0.0011   17.2   0.0    16   100   285   378   267   380 0.78 transcript=STRK1_42240.1 gene=STRK1_42240
STRK1_79490.1        -            315 92367at33208         -            530   2.6e-08   32.5   2.5   1   5     0.091        11    4.0   0.1   293   351    30    96    13   104 0.55 transcript=STRK1_79490.1 gene=STRK1_79490
STRK1_79490.1        -            315 92367at33208         -            530   2.6e-08   32.5   2.5   2   5      0.13        16    3.5   0.0   101   140    58    97    52   126 0.67 transcript=STRK1_79490.1 gene=STRK1_79490
STRK1_79490.1        -            315 92367at33208         -            530   2.6e-08   32.5   2.5   3   5      0.19        24    2.9   0.0    97   134    96   133    86   142 0.65 transcript=STRK1_79490.1 gene=STRK1_79490
STRK1_79490.1        -            315 92367at33208         -            530   2.6e-08   32.5   2.5   4   5   1.1e-07   1.4e-05   23.5   0.1   281   383   147   261   143   278 0.77 transcript=STRK1_79490.1 gene=STRK1_79490
STRK1_79490.1        -            315 92367at33208         -            530   2.6e-08   32.5   2.5   5   5       7.5   9.3e+02   -2.3   0.0   110   134   289   313   285   315 0.67 transcript=STRK1_79490.1 gene=STRK1_79490
STRK1_9960.1         -            376 92367at33208         -            530   7.1e-08   31.0   5.6   1   5   1.3e-05    0.0017   16.6   0.1    64   137    87   160    75   166 0.91 transcript=STRK1_9960.1 gene=STRK1_9960
STRK1_9960.1         -            376 92367at33208         -            530   7.1e-08   31.0   5.6   2   5      0.27        34    2.4   0.0   320   355   176   211   162   213 0.67 transcript=STRK1_9960.1 gene=STRK1_9960
STRK1_9960.1         -            376 92367at33208         -            530   7.1e-08   31.0   5.6   3   5      0.03       3.8    5.6   0.0   280   314   214   251   208   263 0.75 transcript=STRK1_9960.1 gene=STRK1_9960
STRK1_9960.1         -            376 92367at33208         -            530   7.1e-08   31.0   5.6   4   5      0.17        22    3.1   0.0   281   339   258   324   251   332 0.68 transcript=STRK1_9960.1 gene=STRK1_9960
STRK1_9960.1         -            376 92367at33208         -            530   7.1e-08   31.0   5.6   5   5     0.052       6.5    4.8   0.1    68   134   308   374   302   376 0.91 transcript=STRK1_9960.1 gene=STRK1_9960
STRK1_38410.3        -            797 92367at33208         -            530   7.7e-08   30.9  11.0   1   3   2.1e-05    0.0026   16.0   1.3    67   171    24   130     5   135 0.87 transcript=STRK1_38410.3 gene=STRK1_38410
STRK1_38410.3        -            797 92367at33208         -            530   7.7e-08   30.9  11.0   2   3     0.003      0.38    8.8   0.1    67   129   149   213   144   226 0.88 transcript=STRK1_38410.3 gene=STRK1_38410
STRK1_38410.3        -            797 92367at33208         -            530   7.7e-08   30.9  11.0   3   3     0.001      0.13   10.4   0.4    67   135   236   306   225   314 0.82 transcript=STRK1_38410.3 gene=STRK1_38410
STRK1_30010.3        -            400 92367at33208         -            530   7.7e-08   30.9   7.8   1   5      0.55        70    1.4   0.0   108   135   116   143   109   150 0.66 transcript=STRK1_30010.3 gene=STRK1_30010
STRK1_30010.3        -            400 92367at33208         -            530   7.7e-08   30.9   7.8   2   5      0.76        96    0.9   0.0   282   313   158   192   131   196 0.66 transcript=STRK1_30010.3 gene=STRK1_30010
STRK1_30010.3        -            400 92367at33208         -            530   7.7e-08   30.9   7.8   3   5   0.00034     0.043   12.0   0.3   280   351   198   274   156   282 0.64 transcript=STRK1_30010.3 gene=STRK1_30010
STRK1_30010.3        -            400 92367at33208         -            530   7.7e-08   30.9   7.8   4   5     0.076       9.5    4.2   0.1   145   190   281   329   279   334 0.75 transcript=STRK1_30010.3 gene=STRK1_30010
STRK1_30010.3        -            400 92367at33208         -            530   7.7e-08   30.9   7.8   5   5   0.00012     0.015   13.5   0.2    73   126   337   390   333   399 0.90 transcript=STRK1_30010.3 gene=STRK1_30010
STRK1_75200.1        -            935 92367at33208         -            530   1.1e-07   30.4   1.7   1   6      0.46        58    1.6   0.0   313   345    90   122    44   132 0.69 transcript=STRK1_75200.1 gene=STRK1_75200
STRK1_75200.1        -            935 92367at33208         -            530   1.1e-07   30.4   1.7   2   6      0.16        20    3.1   0.0    61   121   250   310   239   316 0.83 transcript=STRK1_75200.1 gene=STRK1_75200
STRK1_75200.1        -            935 92367at33208         -            530   1.1e-07   30.4   1.7   3   6   2.7e-05    0.0034   15.6   0.3    74   138   305   370   287   374 0.80 transcript=STRK1_75200.1 gene=STRK1_75200
STRK1_75200.1        -            935 92367at33208         -            530   1.1e-07   30.4   1.7   4   6     0.018       2.2    6.3   0.1    15   161   361   530   358   545 0.64 transcript=STRK1_75200.1 gene=STRK1_75200
STRK1_75200.1        -            935 92367at33208         -            530   1.1e-07   30.4   1.7   5   6       8.8   1.1e+03   -2.6   0.0   109   127   590   608   587   613 0.86 transcript=STRK1_75200.1 gene=STRK1_75200
STRK1_75200.1        -            935 92367at33208         -            530   1.1e-07   30.4   1.7   6   6       0.9   1.1e+02    0.7   0.0   103   131   679   708   664   711 0.82 transcript=STRK1_75200.1 gene=STRK1_75200
STRK1_38410.2        -            879 92367at33208         -            530   1.2e-07   30.3  11.1   1   3   2.3e-05    0.0029   15.9   1.3    67   171   106   212    86   219 0.87 transcript=STRK1_38410.2 gene=STRK1_38410
STRK1_38410.2        -            879 92367at33208         -            530   1.2e-07   30.3  11.1   2   3    0.0034      0.43    8.7   0.1    67   129   231   295   226   308 0.88 transcript=STRK1_38410.2 gene=STRK1_38410
STRK1_38410.2        -            879 92367at33208         -            530   1.2e-07   30.3  11.1   3   3    0.0011      0.14   10.3   0.4    67   135   318   388   307   396 0.82 transcript=STRK1_38410.2 gene=STRK1_38410
STRK1_30010.2        -            482 92367at33208         -            530   1.7e-07   29.8   7.8   1   3   0.00065     0.081   11.1   0.4   280   352   280   357   242   364 0.69 transcript=STRK1_30010.2 gene=STRK1_30010
STRK1_30010.2        -            482 92367at33208         -            530   1.7e-07   29.8   7.8   2   3     0.097        12    3.9   0.1   145   190   363   411   361   416 0.75 transcript=STRK1_30010.2 gene=STRK1_30010
STRK1_30010.2        -            482 92367at33208         -            530   1.7e-07   29.8   7.8   3   3   0.00015     0.019   13.2   0.2    73   126   419   472   413   481 0.90 transcript=STRK1_30010.2 gene=STRK1_30010
STRK1_77960.1        -            579 92367at33208         -            530   1.8e-07   29.7   0.0   1   3     2e-07   2.5e-05   22.7   0.0    78   136    50   108    36   130 0.91 transcript=STRK1_77960.1 gene=STRK1_77960
STRK1_77960.1        -            579 92367at33208         -            530   1.8e-07   29.7   0.0   2   3      0.11        14    3.7   0.0    77   130   176   233   163   242 0.77 transcript=STRK1_77960.1 gene=STRK1_77960
STRK1_77960.1        -            579 92367at33208         -            530   1.8e-07   29.7   0.0   3   3       6.4     8e+02   -2.1   0.0     3   354   268   298   264   337 0.56 transcript=STRK1_77960.1 gene=STRK1_77960
STRK1_106690.1       -            240 92367at33208         -            530   2.2e-07   29.4   3.2   1   3      0.49        62    1.5   0.0   105   143    68   106    66   120 0.79 transcript=STRK1_106690.1 gene=STRK1_106690
STRK1_106690.1       -            240 92367at33208         -            530   2.2e-07   29.4   3.2   2   3   2.8e-05    0.0035   15.6   0.3   273   312   122   164   118   169 0.86 transcript=STRK1_106690.1 gene=STRK1_106690
STRK1_106690.1       -            240 92367at33208         -            530   2.2e-07   29.4   3.2   3   3   0.00045     0.057   11.6   0.1   273   313   175   217   172   237 0.73 transcript=STRK1_106690.1 gene=STRK1_106690
STRK1_30010.1        -            543 92367at33208         -            530   2.5e-07   29.3   7.5   1   5       0.9   1.1e+02    0.7   0.0   108   135   259   286   252   291 0.69 transcript=STRK1_30010.1 gene=STRK1_30010
STRK1_30010.1        -            543 92367at33208         -            530   2.5e-07   29.3   7.5   2   5       1.3   1.6e+02    0.2   0.0   282   313   301   335   275   339 0.68 transcript=STRK1_30010.1 gene=STRK1_30010
STRK1_30010.1        -            543 92367at33208         -            530   2.5e-07   29.3   7.5   3   5   0.00057     0.072   11.2   0.3   280   351   341   417   299   425 0.64 transcript=STRK1_30010.1 gene=STRK1_30010
STRK1_30010.1        -            543 92367at33208         -            530   2.5e-07   29.3   7.5   4   5      0.11        14    3.7   0.1   145   190   424   472   422   478 0.76 transcript=STRK1_30010.1 gene=STRK1_30010
STRK1_30010.1        -            543 92367at33208         -            530   2.5e-07   29.3   7.5   5   5   0.00018     0.022   12.9   0.2    73   126   480   533   474   542 0.90 transcript=STRK1_30010.1 gene=STRK1_30010
STRK1_65910.1        -            469 92367at33208         -            530     7e-07   27.8   1.1   1   3   0.00056      0.07   11.3   0.0   105   141   117   153   111   159 0.93 transcript=STRK1_65910.1 gene=STRK1_65910
STRK1_65910.1        -            469 92367at33208         -            530     7e-07   27.8   1.1   2   3    0.0012      0.15   10.1   0.2   323   383   173   240   160   250 0.65 transcript=STRK1_65910.1 gene=STRK1_65910
STRK1_65910.1        -            469 92367at33208         -            530     7e-07   27.8   1.1   3   3      0.42        53    1.8   0.0    76    99   371   394   358   400 0.82 transcript=STRK1_65910.1 gene=STRK1_65910
STRK1_38420.1        -            149 92367at33208         -            530   1.3e-06   26.8   0.0   1   2   0.00093      0.12   10.5   0.0    80   162     9    93     4    98 0.70 transcript=STRK1_38420.1 gene=STRK1_38420
STRK1_38420.1        -            149 92367at33208         -            530   1.3e-06   26.8   0.0   2   2   1.5e-05    0.0019   16.5   0.1    71   128    84   141    78   148 0.89 transcript=STRK1_38420.1 gene=STRK1_38420
STRK1_98030.1        -            228 92367at33208         -            530   1.6e-06   26.6   8.0   1   4      0.11        14    3.6   0.1   280   312    40    75    24    83 0.79 transcript=STRK1_98030.1 gene=STRK1_98030
STRK1_98030.1        -            228 92367at33208         -            530   1.6e-06   26.6   8.0   2   4   1.2e-05    0.0015   16.8   2.1    65   137    86   168    78   173 0.75 transcript=STRK1_98030.1 gene=STRK1_98030
STRK1_98030.1        -            228 92367at33208         -            530   1.6e-06   26.6   8.0   3   4      0.43        55    1.7   1.5   105   312   136   170   122   188 0.61 transcript=STRK1_98030.1 gene=STRK1_98030
STRK1_98030.1        -            228 92367at33208         -            530   1.6e-06   26.6   8.0   4   4    0.0048       0.6    8.2   0.0    99   133   190   224   179   228 0.61 transcript=STRK1_98030.1 gene=STRK1_98030
STRK1_49490.1        -            678 92367at33208         -            530   1.7e-06   26.5   1.2   1   4    0.0039      0.49    8.5   0.0   264   318   214   268   212   291 0.80 transcript=STRK1_49490.1 gene=STRK1_49490
STRK1_49490.1        -            678 92367at33208         -            530   1.7e-06   26.5   1.2   2   4     0.024         3    5.9   0.0   281   313   466   502   445   524 0.73 transcript=STRK1_49490.1 gene=STRK1_49490
STRK1_49490.1        -            678 92367at33208         -            530   1.7e-06   26.5   1.2   3   4      0.31        39    2.2   0.0   276   315   505   549   501   558 0.78 transcript=STRK1_49490.1 gene=STRK1_49490
STRK1_49490.1        -            678 92367at33208         -            530   1.7e-06   26.5   1.2   4   4     0.026       3.3    5.8   0.1    99   136   636   674   628   677 0.88 transcript=STRK1_49490.1 gene=STRK1_49490
STRK1_49490.2        -            678 92367at33208         -            530   1.7e-06   26.5   1.2   1   4    0.0039      0.49    8.5   0.0   264   318   214   268   212   291 0.80 transcript=STRK1_49490.2 gene=STRK1_49490
STRK1_49490.2        -            678 92367at33208         -            530   1.7e-06   26.5   1.2   2   4     0.024         3    5.9   0.0   281   313   466   502   445   524 0.73 transcript=STRK1_49490.2 gene=STRK1_49490
STRK1_49490.2        -            678 92367at33208         -            530   1.7e-06   26.5   1.2   3   4      0.31        39    2.2   0.0   276   315   505   549   501   558 0.78 transcript=STRK1_49490.2 gene=STRK1_49490
STRK1_49490.2        -            678 92367at33208         -            530   1.7e-06   26.5   1.2   4   4     0.026       3.3    5.8   0.1    99   136   636   674   628   677 0.88 transcript=STRK1_49490.2 gene=STRK1_49490
STRK1_49490.3        -            678 92367at33208         -            530   1.7e-06   26.5   1.2   1   4    0.0039      0.49    8.5   0.0   264   318   214   268   212   291 0.80 transcript=STRK1_49490.3 gene=STRK1_49490
STRK1_49490.3        -            678 92367at33208         -            530   1.7e-06   26.5   1.2   2   4     0.024         3    5.9   0.0   281   313   466   502   445   524 0.73 transcript=STRK1_49490.3 gene=STRK1_49490
STRK1_49490.3        -            678 92367at33208         -            530   1.7e-06   26.5   1.2   3   4      0.31        39    2.2   0.0   276   315   505   549   501   558 0.78 transcript=STRK1_49490.3 gene=STRK1_49490
STRK1_49490.3        -            678 92367at33208         -            530   1.7e-06   26.5   1.2   4   4     0.026       3.3    5.8   0.1    99   136   636   674   628   677 0.88 transcript=STRK1_49490.3 gene=STRK1_49490
STRK1_49490.4        -            678 92367at33208         -            530   1.7e-06   26.5   1.2   1   4    0.0039      0.49    8.5   0.0   264   318   214   268   212   291 0.80 transcript=STRK1_49490.4 gene=STRK1_49490
STRK1_49490.4        -            678 92367at33208         -            530   1.7e-06   26.5   1.2   2   4     0.024         3    5.9   0.0   281   313   466   502   445   524 0.73 transcript=STRK1_49490.4 gene=STRK1_49490
STRK1_49490.4        -            678 92367at33208         -            530   1.7e-06   26.5   1.2   3   4      0.31        39    2.2   0.0   276   315   505   549   501   558 0.78 transcript=STRK1_49490.4 gene=STRK1_49490
STRK1_49490.4        -            678 92367at33208         -            530   1.7e-06   26.5   1.2   4   4     0.026       3.3    5.8   0.1    99   136   636   674   628   677 0.88 transcript=STRK1_49490.4 gene=STRK1_49490
STRK1_17340.1        -            537 92367at33208         -            530   2.4e-06   26.0   0.0   1   2      0.35        43    2.1   0.0   196   257    88   150    65   156 0.75 transcript=STRK1_17340.1 gene=STRK1_17340
STRK1_17340.1        -            537 92367at33208         -            530   2.4e-06   26.0   0.0   2   2     4e-07     5e-05   21.7   0.0    54   174   188   309   170   323 0.82 transcript=STRK1_17340.1 gene=STRK1_17340
STRK1_60110.1        -            332 92367at33208         -            530   3.6e-06   25.4  11.7   1   4      0.27        34    2.4   0.0   112   140    20    48    14    56 0.73 transcript=STRK1_60110.1 gene=STRK1_60110
STRK1_60110.1        -            332 92367at33208         -            530   3.6e-06   25.4  11.7   2   4   2.7e-06   0.00033   18.9   3.6    64   172    60   180    56   185 0.79 transcript=STRK1_60110.1 gene=STRK1_60110
STRK1_60110.1        -            332 92367at33208         -            530   3.6e-06   25.4  11.7   3   4    0.0027      0.34    9.0   1.2    66   130   155   221   143   234 0.66 transcript=STRK1_60110.1 gene=STRK1_60110
STRK1_60110.1        -            332 92367at33208         -            530   3.6e-06   25.4  11.7   4   4      0.58        72    1.3   0.0   101   131   242   272   234   280 0.79 transcript=STRK1_60110.1 gene=STRK1_60110
STRK1_50710.1        -            706 92367at33208         -            530   5.3e-06   24.9   0.1   1   4   0.00077     0.096   10.8   0.0   274   312   107   148   100   180 0.83 transcript=STRK1_50710.1 gene=STRK1_50710
STRK1_50710.1        -            706 92367at33208         -            530   5.3e-06   24.9   0.1   2   4     0.042       5.2    5.1   0.0    65    95   355   386   309   399 0.46 transcript=STRK1_50710.1 gene=STRK1_50710
STRK1_50710.1        -            706 92367at33208         -            530   5.3e-06   24.9   0.1   3   4       2.5   3.1e+02   -0.8   0.0    63    93   449   479   406   487 0.70 transcript=STRK1_50710.1 gene=STRK1_50710
STRK1_50710.1        -            706 92367at33208         -            530   5.3e-06   24.9   0.1   4   4      0.38        48    1.9   0.0    67   135   501   572   452   585 0.77 transcript=STRK1_50710.1 gene=STRK1_50710
STRK1_80760.1        -            322 92367at33208         -            530   5.6e-06   24.8   0.0   1   2    0.0012      0.15   10.2   0.0   281   346    69   139    60   159 0.81 transcript=STRK1_80760.1 gene=STRK1_80760
STRK1_80760.1        -            322 92367at33208         -            530   5.6e-06   24.8   0.0   2   2   0.00021     0.027   12.6   0.0    73   180   163   277   152   303 0.70 transcript=STRK1_80760.1 gene=STRK1_80760
STRK1_80760.2        -            322 92367at33208         -            530   5.6e-06   24.8   0.0   1   2    0.0012      0.15   10.2   0.0   281   346    69   139    60   159 0.81 transcript=STRK1_80760.2 gene=STRK1_80760
STRK1_80760.2        -            322 92367at33208         -            530   5.6e-06   24.8   0.0   2   2   0.00021     0.027   12.6   0.0    73   180   163   277   152   303 0.70 transcript=STRK1_80760.2 gene=STRK1_80760
STRK1_60790.1        -            249 92367at33208         -            530   5.8e-06   24.8   0.5   1   3   0.00092      0.12   10.6   0.1    58   136    42   123    22   128 0.84 transcript=STRK1_60790.1 gene=STRK1_60790
STRK1_60790.1        -            249 92367at33208         -            530   5.8e-06   24.8   0.5   2   3    0.0025      0.32    9.1   0.0   277   349   130   210   127   218 0.76 transcript=STRK1_60790.1 gene=STRK1_60790
STRK1_60790.1        -            249 92367at33208         -            530   5.8e-06   24.8   0.5   3   3      0.41        52    1.8   0.0   276   306   215   248   211   249 0.77 transcript=STRK1_60790.1 gene=STRK1_60790
STRK1_60790.2        -            249 92367at33208         -            530   5.8e-06   24.8   0.5   1   3   0.00092      0.12   10.6   0.1    58   136    42   123    22   128 0.84 transcript=STRK1_60790.2 gene=STRK1_60790
STRK1_60790.2        -            249 92367at33208         -            530   5.8e-06   24.8   0.5   2   3    0.0025      0.32    9.1   0.0   277   349   130   210   127   218 0.76 transcript=STRK1_60790.2 gene=STRK1_60790
STRK1_60790.2        -            249 92367at33208         -            530   5.8e-06   24.8   0.5   3   3      0.41        52    1.8   0.0   276   306   215   248   211   249 0.77 transcript=STRK1_60790.2 gene=STRK1_60790
STRK1_60790.3        -            249 92367at33208         -            530   5.8e-06   24.8   0.5   1   3   0.00092      0.12   10.6   0.1    58   136    42   123    22   128 0.84 transcript=STRK1_60790.3 gene=STRK1_60790
STRK1_60790.3        -            249 92367at33208         -            530   5.8e-06   24.8   0.5   2   3    0.0025      0.32    9.1   0.0   277   349   130   210   127   218 0.76 transcript=STRK1_60790.3 gene=STRK1_60790
STRK1_60790.3        -            249 92367at33208         -            530   5.8e-06   24.8   0.5   3   3      0.41        52    1.8   0.0   276   306   215   248   211   249 0.77 transcript=STRK1_60790.3 gene=STRK1_60790
STRK1_33840.1        -            371 92367at33208         -            530   7.2e-06   24.4   0.2   1   4      0.27        34    2.4   0.1    14    57    43    86    41   131 0.78 transcript=STRK1_33840.1 gene=STRK1_33840
STRK1_33840.1        -            371 92367at33208         -            530   7.2e-06   24.4   0.2   2   4       9.2   1.2e+03   -2.6   0.0   293   310   116   133   104   139 0.79 transcript=STRK1_33840.1 gene=STRK1_33840
STRK1_33840.1        -            371 92367at33208         -            530   7.2e-06   24.4   0.2   3   4       1.3   1.6e+02    0.2   0.0    66    90   198   222   193   228 0.91 transcript=STRK1_33840.1 gene=STRK1_33840
STRK1_33840.1        -            371 92367at33208         -            530   7.2e-06   24.4   0.2   4   4   1.1e-05    0.0014   16.9   0.0    65   121   252   308   228   314 0.85 transcript=STRK1_33840.1 gene=STRK1_33840
STRK1_45060.1        -           1232 92367at33208         -            530   1.8e-05   23.1   2.0   1   3      0.01       1.3    7.1   0.2   298   356    13    68     8    86 0.81 transcript=STRK1_45060.1 gene=STRK1_45060
STRK1_45060.1        -           1232 92367at33208         -            530   1.8e-05   23.1   2.0   2   3       1.2   1.5e+02    0.3   0.0   105   137    71   103    64   108 0.85 transcript=STRK1_45060.1 gene=STRK1_45060
STRK1_45060.1        -           1232 92367at33208         -            530   1.8e-05   23.1   2.0   3   3     8e-05      0.01   14.1   0.1   273   342   104   176    99   188 0.81 transcript=STRK1_45060.1 gene=STRK1_45060
STRK1_85220.1        -            892 92367at33208         -            530   2.1e-05   22.9   0.3   1   3      0.37        46    2.0   0.0   270   309    11    53     6    61 0.80 transcript=STRK1_85220.1 gene=STRK1_85220
STRK1_85220.1        -            892 92367at33208         -            530   2.1e-05   22.9   0.3   2   3     0.095        12    3.9   0.0    80   143    83   146    68   175 0.74 transcript=STRK1_85220.1 gene=STRK1_85220
STRK1_85220.1        -            892 92367at33208         -            530   2.1e-05   22.9   0.3   3   3   0.00019     0.024   12.8   0.0    69   139   165   235   141   269 0.71 transcript=STRK1_85220.1 gene=STRK1_85220
STRK1_32200.1        -            967 92367at33208         -            530   2.6e-05   22.6   0.0   1   1   3.5e-07   4.4e-05   21.8   0.0    61   158    39   136    30   160 0.80 transcript=STRK1_32200.1 gene=STRK1_32200
STRK1_6850.1         -            366 92367at33208         -            530   2.7e-05   22.5   0.2   1   2      0.17        21    3.1   0.0   291   311   159   179   140   187 0.77 transcript=STRK1_6850.1 gene=STRK1_6850
STRK1_6850.1         -            366 92367at33208         -            530   2.7e-05   22.5   0.2   2   2   1.2e-05    0.0016   16.7   0.0    68   136   250   318   240   341 0.79 transcript=STRK1_6850.1 gene=STRK1_6850
STRK1_6850.2         -            366 92367at33208         -            530   2.7e-05   22.5   0.2   1   2      0.17        21    3.1   0.0   291   311   159   179   140   187 0.77 transcript=STRK1_6850.2 gene=STRK1_6850
STRK1_6850.2         -            366 92367at33208         -            530   2.7e-05   22.5   0.2   2   2   1.2e-05    0.0016   16.7   0.0    68   136   250   318   240   341 0.79 transcript=STRK1_6850.2 gene=STRK1_6850
STRK1_38410.4        -            729 92367at33208         -            530     3e-05   22.4   7.7   1   3     0.025       3.1    5.8   0.2    76   134     7    64     3    74 0.61 transcript=STRK1_38410.4 gene=STRK1_38410
STRK1_38410.4        -            729 92367at33208         -            530     3e-05   22.4   7.7   2   3    0.0027      0.34    9.0   0.1    67   129    81   145    76   158 0.88 transcript=STRK1_38410.4 gene=STRK1_38410
STRK1_38410.4        -            729 92367at33208         -            530     3e-05   22.4   7.7   3   3   0.00089      0.11   10.6   0.4    67   135   168   238   157   246 0.82 transcript=STRK1_38410.4 gene=STRK1_38410
STRK1_69270.2        -            260 92367at33208         -            530   3.8e-05   22.1   0.1   1   4     0.017       2.1    6.4   0.0   280   306    24    53    14    54 0.61 transcript=STRK1_69270.2 gene=STRK1_69270
STRK1_69270.2        -            260 92367at33208         -            530   3.8e-05   22.1   0.1   2   4    0.0002     0.026   12.7   0.0    86   139    48   101    40   105 0.88 transcript=STRK1_69270.2 gene=STRK1_69270
STRK1_69270.2        -            260 92367at33208         -            530   3.8e-05   22.1   0.1   3   4      0.51        64    1.5   0.0   284   323   165   204   123   232 0.64 transcript=STRK1_69270.2 gene=STRK1_69270
STRK1_69270.2        -            260 92367at33208         -            530   3.8e-05   22.1   0.1   4   4      0.37        47    1.9   0.0    52   108   191   245   166   254 0.67 transcript=STRK1_69270.2 gene=STRK1_69270
STRK1_69270.1        -            354 92367at33208         -            530   4.5e-05   21.8   0.1   1   3     0.015       1.8    6.6   0.0   280   307    24    54    14    58 0.66 transcript=STRK1_69270.1 gene=STRK1_69270
STRK1_69270.1        -            354 92367at33208         -            530   4.5e-05   21.8   0.1   2   3   0.00026     0.033   12.3   0.0    84   139    46   101    39   105 0.87 transcript=STRK1_69270.1 gene=STRK1_69270
STRK1_69270.1        -            354 92367at33208         -            530   4.5e-05   21.8   0.1   3   3      0.11        13    3.8   0.0    44   131   184   270   161   278 0.73 transcript=STRK1_69270.1 gene=STRK1_69270
STRK1_74230.1        -            513 92367at33208         -            530   4.7e-05   21.7   4.7   1   4       2.9   3.6e+02   -1.0   0.1    30   136    51   159    45   164 0.64 transcript=STRK1_74230.1 gene=STRK1_74230
STRK1_74230.1        -            513 92367at33208         -            530   4.7e-05   21.7   4.7   2   4      0.51        64    1.5   0.1   276   327   166   223   156   228 0.70 transcript=STRK1_74230.1 gene=STRK1_74230
STRK1_74230.1        -            513 92367at33208         -            530   4.7e-05   21.7   4.7   3   4     0.019       2.4    6.2   0.0    35    93   244   302   223   310 0.81 transcript=STRK1_74230.1 gene=STRK1_74230
STRK1_74230.1        -            513 92367at33208         -            530   4.7e-05   21.7   4.7   4   4   0.00025     0.031   12.4   0.0    66   105   332   367   327   388 0.68 transcript=STRK1_74230.1 gene=STRK1_74230
STRK1_106320.1       -            216 92367at33208         -            530   5.4e-05   21.5   0.3   1   2      0.88   1.1e+02    0.7   0.0   108   138     4    34     2    43 0.77 transcript=STRK1_106320.1 gene=STRK1_106320
STRK1_106320.1       -            216 92367at33208         -            530   5.4e-05   21.5   0.3   2   2   8.3e-06     0.001   17.3   0.1    66   139    49   124    39   132 0.86 transcript=STRK1_106320.1 gene=STRK1_106320
STRK1_63530.1        -            421 92367at33208         -            530   0.00012   20.5   1.1   1   3    0.0074      0.93    7.6   0.0    74   138    35   101    13   140 0.69 transcript=STRK1_63530.1 gene=STRK1_63530
STRK1_63530.1        -            421 92367at33208         -            530   0.00012   20.5   1.1   2   3     0.016         2    6.5   0.1    65   138   157   236   127   251 0.79 transcript=STRK1_63530.1 gene=STRK1_63530
STRK1_63530.1        -            421 92367at33208         -            530   0.00012   20.5   1.1   3   3      0.14        18    3.3   0.0   292   310   396   414   378   420 0.81 transcript=STRK1_63530.1 gene=STRK1_63530
STRK1_5540.1         -            652 92367at33208         -            530   0.00014   20.2   5.3   1   3      0.14        18    3.3   0.3   105   136   260   291   227   325 0.53 transcript=STRK1_5540.1 gene=STRK1_5540
STRK1_5540.1         -            652 92367at33208         -            530   0.00014   20.2   5.3   2   3     0.069       8.7    4.4   0.1   105   141   468   504   461   537 0.54 transcript=STRK1_5540.1 gene=STRK1_5540
STRK1_5540.1         -            652 92367at33208         -            530   0.00014   20.2   5.3   3   3   0.00013     0.017   13.3   0.1    72   144   568   639   540   646 0.90 transcript=STRK1_5540.1 gene=STRK1_5540
STRK1_5540.2         -            652 92367at33208         -            530   0.00014   20.2   5.3   1   3      0.14        18    3.3   0.3   105   136   260   291   227   325 0.53 transcript=STRK1_5540.2 gene=STRK1_5540
STRK1_5540.2         -            652 92367at33208         -            530   0.00014   20.2   5.3   2   3     0.069       8.7    4.4   0.1   105   141   468   504   461   537 0.54 transcript=STRK1_5540.2 gene=STRK1_5540
STRK1_5540.2         -            652 92367at33208         -            530   0.00014   20.2   5.3   3   3   0.00013     0.017   13.3   0.1    72   144   568   639   540   646 0.90 transcript=STRK1_5540.2 gene=STRK1_5540
STRK1_5540.3         -            652 92367at33208         -            530   0.00014   20.2   5.3   1   3      0.14        18    3.3   0.3   105   136   260   291   227   325 0.53 transcript=STRK1_5540.3 gene=STRK1_5540
STRK1_5540.3         -            652 92367at33208         -            530   0.00014   20.2   5.3   2   3     0.069       8.7    4.4   0.1   105   141   468   504   461   537 0.54 transcript=STRK1_5540.3 gene=STRK1_5540
STRK1_5540.3         -            652 92367at33208         -            530   0.00014   20.2   5.3   3   3   0.00013     0.017   13.3   0.1    72   144   568   639   540   646 0.90 transcript=STRK1_5540.3 gene=STRK1_5540
STRK1_20610.1        -            633 92367at33208         -            530    0.0002   19.7   0.1   1   3   0.00084      0.11   10.7   0.0    67    93   238   264   232   269 0.89 transcript=STRK1_20610.1 gene=STRK1_20610
STRK1_20610.1        -            633 92367at33208         -            530    0.0002   19.7   0.1   2   3      0.75        94    0.9   0.0    69    95   369   395   361   400 0.87 transcript=STRK1_20610.1 gene=STRK1_20610
STRK1_20610.1        -            633 92367at33208         -            530    0.0002   19.7   0.1   3   3      0.12        15    3.6   0.0    63   308   555   585   532   631 0.63 transcript=STRK1_20610.1 gene=STRK1_20610
STRK1_3720.3         -           1116 92367at33208         -            530   0.00023   19.5   0.0   1   3      0.94   1.2e+02    0.6   0.0    65    85   767   787   758   814 0.83 transcript=STRK1_3720.3 gene=STRK1_3720
STRK1_3720.3         -           1116 92367at33208         -            530   0.00023   19.5   0.0   2   3       1.2   1.4e+02    0.3   0.0    67    90   824   847   816   851 0.89 transcript=STRK1_3720.3 gene=STRK1_3720
STRK1_3720.3         -           1116 92367at33208         -            530   0.00023   19.5   0.0   3   3   0.00012     0.015   13.5   0.0    66   127   997  1058   993  1107 0.91 transcript=STRK1_3720.3 gene=STRK1_3720
STRK1_70720.1        -           1234 92367at33208         -            530   0.00024   19.4   0.5   1   3      0.56        70    1.4   0.0   108   137   996  1025   993  1034 0.90 transcript=STRK1_70720.1 gene=STRK1_70720
STRK1_70720.1        -           1234 92367at33208         -            530   0.00024   19.4   0.5   2   3     0.002      0.25    9.5   0.0    66   138  1040  1112  1029  1116 0.90 transcript=STRK1_70720.1 gene=STRK1_70720
STRK1_70720.1        -           1234 92367at33208         -            530   0.00024   19.4   0.5   3   3     0.056         7    4.7   0.0    74   135  1131  1191  1120  1220 0.84 transcript=STRK1_70720.1 gene=STRK1_70720
STRK1_45330.1        -            420 92367at33208         -            530   0.00028   19.2   4.6   1   3       1.7   2.1e+02   -0.2   0.1   294   313     6    25     3    30 0.81 transcript=STRK1_45330.1 gene=STRK1_45330
STRK1_45330.1        -            420 92367at33208         -            530   0.00028   19.2   4.6   2   3     0.019       2.4    6.2   0.0    78   168    60   150    52   159 0.65 transcript=STRK1_45330.1 gene=STRK1_45330
STRK1_45330.1        -            420 92367at33208         -            530   0.00028   19.2   4.6   3   3   0.00033     0.041   12.0   0.1   289   346   179   237   166   246 0.79 transcript=STRK1_45330.1 gene=STRK1_45330
STRK1_52080.1        -            492 92367at33208         -            530   0.00054   18.2   4.2   1   4       4.7   5.9e+02   -1.7   0.0    65   114   200   249   185   256 0.69 transcript=STRK1_52080.1 gene=STRK1_52080
STRK1_52080.1        -            492 92367at33208         -            530   0.00054   18.2   4.2   2   4     0.017       2.2    6.4   0.1   293   351   262   324   249   328 0.76 transcript=STRK1_52080.1 gene=STRK1_52080
STRK1_52080.1        -            492 92367at33208         -            530   0.00054   18.2   4.2   3   4    0.0013      0.17   10.0   0.1    68   177   295   408   289   413 0.72 transcript=STRK1_52080.1 gene=STRK1_52080
STRK1_52080.1        -            492 92367at33208         -            530   0.00054   18.2   4.2   4   4      0.21        26    2.8   0.9   277   307   412   446   393   491 0.69 transcript=STRK1_52080.1 gene=STRK1_52080
STRK1_52080.2        -            492 92367at33208         -            530   0.00054   18.2   4.2   1   4       4.7   5.9e+02   -1.7   0.0    65   114   200   249   185   256 0.69 transcript=STRK1_52080.2 gene=STRK1_52080
STRK1_52080.2        -            492 92367at33208         -            530   0.00054   18.2   4.2   2   4     0.017       2.2    6.4   0.1   293   351   262   324   249   328 0.76 transcript=STRK1_52080.2 gene=STRK1_52080
STRK1_52080.2        -            492 92367at33208         -            530   0.00054   18.2   4.2   3   4    0.0013      0.17   10.0   0.1    68   177   295   408   289   413 0.72 transcript=STRK1_52080.2 gene=STRK1_52080
STRK1_52080.2        -            492 92367at33208         -            530   0.00054   18.2   4.2   4   4      0.21        26    2.8   0.9   277   307   412   446   393   491 0.69 transcript=STRK1_52080.2 gene=STRK1_52080
STRK1_93240.1        -            263 92367at33208         -            530   0.00062   18.0   3.9   1   3      0.51        63    1.5   0.0   294   316     2    24     1    63 0.58 transcript=STRK1_93240.1 gene=STRK1_93240
STRK1_93240.1        -            263 92367at33208         -            530   0.00062   18.0   3.9   2   3     0.082        10    4.1   0.1   279   318   121   162   115   189 0.78 transcript=STRK1_93240.1 gene=STRK1_93240
STRK1_93240.1        -            263 92367at33208         -            530   0.00062   18.0   3.9   3   3   0.00026     0.032   12.4   0.0    79   128   194   243   186   252 0.89 transcript=STRK1_93240.1 gene=STRK1_93240
STRK1_45330.3        -            442 92367at33208         -            530   0.00069   17.9   6.3   1   4         1   1.3e+02    0.5   0.1   294   313    28    47    10    52 0.77 transcript=STRK1_45330.3 gene=STRK1_45330
STRK1_45330.3        -            442 92367at33208         -            530   0.00069   17.9   6.3   2   4      0.02       2.5    6.2   0.0    78   168    82   172    73   181 0.66 transcript=STRK1_45330.3 gene=STRK1_45330
STRK1_45330.3        -            442 92367at33208         -            530   0.00069   17.9   6.3   3   4   0.00034     0.043   12.0   0.1   289   347   201   260   188   272 0.80 transcript=STRK1_45330.3 gene=STRK1_45330
STRK1_45330.3        -            442 92367at33208         -            530   0.00069   17.9   6.3   4   4       7.4   9.3e+02   -2.3   0.0   366   386   346   366   325   401 0.68 transcript=STRK1_45330.3 gene=STRK1_45330
STRK1_1830.1         -           1095 92367at33208         -            530   0.00077   17.7   0.6   1   4       7.7   9.6e+02   -2.4   0.0   110   137   403   430   398   433 0.79 transcript=STRK1_1830.1 gene=STRK1_1830
STRK1_1830.1         -           1095 92367at33208         -            530   0.00077   17.7   0.6   2   4       1.6     2e+02   -0.1   0.0    78   100   503   525   492   532 0.76 transcript=STRK1_1830.1 gene=STRK1_1830
STRK1_1830.1         -           1095 92367at33208         -            530   0.00077   17.7   0.6   3   4   0.00012     0.015   13.5   0.0    75   138   604   670   595   675 0.84 transcript=STRK1_1830.1 gene=STRK1_1830
STRK1_1830.1         -           1095 92367at33208         -            530   0.00077   17.7   0.6   4   4       4.5   5.7e+02   -1.6   0.0   293   321   753   780   746   798 0.78 transcript=STRK1_1830.1 gene=STRK1_1830
STRK1_8580.1         -            184 92367at33208         -            530   0.00084   17.6   0.0   1   1   1.1e-05    0.0013   17.0   0.0    65   138    56   128     2   132 0.81 transcript=STRK1_8580.1 gene=STRK1_8580
STRK1_8580.2         -            184 92367at33208         -            530   0.00084   17.6   0.0   1   1   1.1e-05    0.0013   17.0   0.0    65   138    56   128     2   132 0.81 transcript=STRK1_8580.2 gene=STRK1_8580
STRK1_14570.1        -            712 92367at33208         -            530   0.00088   17.5   7.0   1   3   0.00025     0.032   12.4   0.1   277   353    32   119    29   165 0.78 transcript=STRK1_14570.1 gene=STRK1_14570
STRK1_14570.1        -            712 92367at33208         -            530   0.00088   17.5   7.0   2   3     0.023       2.9    6.0   0.4   275   316   234   278   227   322 0.72 transcript=STRK1_14570.1 gene=STRK1_14570
STRK1_14570.1        -            712 92367at33208         -            530   0.00088   17.5   7.0   3   3      0.68        85    1.1   0.2   101   143   569   611   560   614 0.78 transcript=STRK1_14570.1 gene=STRK1_14570
STRK1_8500.2         -            652 92367at33208         -            530   0.00099   17.4   0.9   1   3      0.01       1.3    7.1   0.1    64   136   338   416   324   437 0.76 transcript=STRK1_8500.2 gene=STRK1_8500
STRK1_8500.2         -            652 92367at33208         -            530   0.00099   17.4   0.9   2   3     0.044       5.5    5.0   0.0   287   312   493   518   486   530 0.86 transcript=STRK1_8500.2 gene=STRK1_8500
STRK1_8500.2         -            652 92367at33208         -            530   0.00099   17.4   0.9   3   3      0.43        53    1.8   0.0    71    92   580   601   567   616 0.87 transcript=STRK1_8500.2 gene=STRK1_8500
STRK1_8500.1         -            659 92367at33208         -            530     0.001   17.3   0.9   1   3      0.01       1.3    7.1   0.1    64   136   345   423   331   444 0.76 transcript=STRK1_8500.1 gene=STRK1_8500
STRK1_8500.1         -            659 92367at33208         -            530     0.001   17.3   0.9   2   3     0.044       5.6    5.0   0.0   287   312   500   525   493   537 0.86 transcript=STRK1_8500.1 gene=STRK1_8500
STRK1_8500.1         -            659 92367at33208         -            530     0.001   17.3   0.9   3   3      0.43        54    1.7   0.0    71    92   587   608   574   623 0.87 transcript=STRK1_8500.1 gene=STRK1_8500
STRK1_2000.1         -            320 92367at33208         -            530    0.0011   17.2   0.0   1   3      0.48        60    1.6   0.0   107   136    22    51    15    58 0.88 transcript=STRK1_2000.1 gene=STRK1_2000
STRK1_2000.1         -            320 92367at33208         -            530    0.0011   17.2   0.0   2   3    0.0014      0.18    9.9   0.0   280   349   105   178    97   182 0.87 transcript=STRK1_2000.1 gene=STRK1_2000
STRK1_2000.1         -            320 92367at33208         -            530    0.0011   17.2   0.0   3   3      0.64        81    1.2   0.0     3    38   247   286   245   301 0.79 transcript=STRK1_2000.1 gene=STRK1_2000
STRK1_31130.1        -            952 92367at33208         -            530    0.0012   17.1   0.6   1   3    0.0058      0.73    7.9   0.1    77   135   680   738   665   744 0.86 transcript=STRK1_31130.1 gene=STRK1_31130
STRK1_31130.1        -            952 92367at33208         -            530    0.0012   17.1   0.6   2   3       0.8     1e+02    0.8   0.0    71   126   803   858   783   863 0.77 transcript=STRK1_31130.1 gene=STRK1_31130
STRK1_31130.1        -            952 92367at33208         -            530    0.0012   17.1   0.6   3   3     0.088        11    4.0   0.0    65   133   883   951   867   952 0.90 transcript=STRK1_31130.1 gene=STRK1_31130
STRK1_5390.1         -            376 92367at33208         -            530    0.0013   17.0   0.3   1   2   0.00015     0.019   13.2   0.1   280   350    11    85     6    88 0.83 transcript=STRK1_5390.1 gene=STRK1_5390
STRK1_5390.1         -            376 92367at33208         -            530    0.0013   17.0   0.3   2   2      0.35        44    2.1   0.0    59   130    88   161    83   168 0.79 transcript=STRK1_5390.1 gene=STRK1_5390
STRK1_101960.1       -            331 92367at33208         -            530    0.0044   15.2   0.5   1   3   0.00016      0.02   13.1   0.0    64   123    23    82     9   104 0.83 transcript=STRK1_101960.1 gene=STRK1_101960
STRK1_101960.1       -            331 92367at33208         -            530    0.0044   15.2   0.5   2   3       7.3   9.2e+02   -2.3   0.0   297   314   106   123    99   140 0.71 transcript=STRK1_101960.1 gene=STRK1_101960
STRK1_101960.1       -            331 92367at33208         -            530    0.0044   15.2   0.5   3   3       6.6   8.3e+02   -2.2   0.0   299   314   218   233   197   269 0.63 transcript=STRK1_101960.1 gene=STRK1_101960
STRK1_1440.3         -            638 92367at33208         -            530     0.005   15.1   1.5   1   2    0.0016      0.21    9.7   0.0    73   152   324   407   313   421 0.77 transcript=STRK1_1440.3 gene=STRK1_1440
STRK1_1440.3         -            638 92367at33208         -            530     0.005   15.1   1.5   2   2      0.12        15    3.6   0.1   287   328   479   522   474   543 0.84 transcript=STRK1_1440.3 gene=STRK1_1440
STRK1_1440.4         -            638 92367at33208         -            530     0.005   15.1   1.5   1   2    0.0016      0.21    9.7   0.0    73   152   324   407   313   421 0.77 transcript=STRK1_1440.4 gene=STRK1_1440
STRK1_1440.4         -            638 92367at33208         -            530     0.005   15.1   1.5   2   2      0.12        15    3.6   0.1   287   328   479   522   474   543 0.84 transcript=STRK1_1440.4 gene=STRK1_1440
STRK1_1440.1         -            646 92367at33208         -            530     0.005   15.0   1.6   1   2    0.0017      0.21    9.7   0.0    73   152   332   415   321   429 0.77 transcript=STRK1_1440.1 gene=STRK1_1440
STRK1_1440.1         -            646 92367at33208         -            530     0.005   15.0   1.6   2   2      0.12        15    3.6   0.1   287   328   487   530   482   551 0.84 transcript=STRK1_1440.1 gene=STRK1_1440
STRK1_1440.2         -            646 92367at33208         -            530     0.005   15.0   1.6   1   2    0.0017      0.21    9.7   0.0    73   152   332   415   321   429 0.77 transcript=STRK1_1440.2 gene=STRK1_1440
STRK1_1440.2         -            646 92367at33208         -            530     0.005   15.0   1.6   2   2      0.12        15    3.6   0.1   287   328   487   530   482   551 0.84 transcript=STRK1_1440.2 gene=STRK1_1440
STRK1_45330.2        -            278 92367at33208         -            530    0.0067   14.6   0.9   1   2   0.00016      0.02   13.0   0.1   289   347    37    96    24   106 0.80 transcript=STRK1_45330.2 gene=STRK1_45330
STRK1_45330.2        -            278 92367at33208         -            530    0.0067   14.6   0.9   2   2       3.7   4.7e+02   -1.4   0.1   366   386   182   202   159   237 0.68 transcript=STRK1_45330.2 gene=STRK1_45330
STRK1_76710.1        -            318 92367at33208         -            530    0.0075   14.5   3.8   1   3    0.0024       0.3    9.2   0.1    69   135    26   107    15   112 0.65 transcript=STRK1_76710.1 gene=STRK1_76710
STRK1_76710.1        -            318 92367at33208         -            530    0.0075   14.5   3.8   2   3       1.4   1.8e+02    0.0   0.2   101   134   135   168   125   174 0.74 transcript=STRK1_76710.1 gene=STRK1_76710
STRK1_76710.1        -            318 92367at33208         -            530    0.0075   14.5   3.8   3   3      0.07       8.8    4.3   0.0   269   335   181   257   177   261 0.61 transcript=STRK1_76710.1 gene=STRK1_76710
STRK1_50720.1        -            221 92367at33208         -            530    0.0078   14.4   0.0   1   1    0.0001     0.013   13.7   0.0   273   313   107   150   101   194 0.78 transcript=STRK1_50720.1 gene=STRK1_50720
STRK1_95760.1        -            347 92367at33208         -            530     0.025   12.7   0.1   1   3       7.2   9.1e+02   -2.3   0.0   294   309    66    81    64    84 0.86 transcript=STRK1_95760.1 gene=STRK1_95760
STRK1_95760.1        -            347 92367at33208         -            530     0.025   12.7   0.1   2   3    0.0031      0.39    8.8   0.0   102   138   139   175   127   182 0.88 transcript=STRK1_95760.1 gene=STRK1_95760
STRK1_95760.1        -            347 92367at33208         -            530     0.025   12.7   0.1   3   3      0.98   1.2e+02    0.6   0.0   105   136   214   245   208   256 0.85 transcript=STRK1_95760.1 gene=STRK1_95760
STRK1_95790.1        -            360 92367at33208         -            530     0.026   12.7   0.0   1   3       7.8   9.8e+02   -2.4   0.0   294   309    76    91    74    93 0.86 transcript=STRK1_95790.1 gene=STRK1_95790
STRK1_95790.1        -            360 92367at33208         -            530     0.026   12.7   0.0   2   3    0.0032      0.41    8.8   0.0   102   138   149   185   137   192 0.88 transcript=STRK1_95790.1 gene=STRK1_95790
STRK1_95790.1        -            360 92367at33208         -            530     0.026   12.7   0.0   3   3         1   1.3e+02    0.5   0.0   105   136   224   255   218   266 0.85 transcript=STRK1_95790.1 gene=STRK1_95790
STRK1_63950.1        -            788 92367at33208         -            530      0.03   12.5   0.3   1   2    0.0015      0.18    9.9   0.0    65    94    28    57    10    63 0.86 transcript=STRK1_63950.1 gene=STRK1_63950
STRK1_63950.1        -            788 92367at33208         -            530      0.03   12.5   0.3   2   2       3.5   4.4e+02   -1.3   0.0   297   318   105   126   100   132 0.82 transcript=STRK1_63950.1 gene=STRK1_63950
STRK1_95560.1        -            301 92367at33208         -            530     0.032   12.4   0.1   1   1    0.0004      0.05   11.8   0.1    73   153   179   263   144   277 0.80 transcript=STRK1_95560.1 gene=STRK1_95560
STRK1_102380.1       -            110 92367at33208         -            530     0.043   12.0   0.1   1   2      0.03       3.7    5.6   0.1   280   311    40    74    23    86 0.79 transcript=STRK1_102380.1 gene=STRK1_102380
STRK1_102380.1       -            110 92367at33208         -            530     0.043   12.0   0.1   2   2     0.041       5.1    5.1   0.0    65    88    86   109    77   110 0.84 transcript=STRK1_102380.1 gene=STRK1_102380
STRK1_100730.1       -            323 92367at33208         -            530     0.043   12.0   0.7   1   2      0.04         5    5.2   0.2    68   117   124   174   114   185 0.79 transcript=STRK1_100730.1 gene=STRK1_100730
STRK1_100730.1       -            323 92367at33208         -            530     0.043   12.0   0.7   2   2    0.0053      0.66    8.1   0.2   275   315   156   200   153   302 0.76 transcript=STRK1_100730.1 gene=STRK1_100730
STRK1_107320.1       -            169 92367at33208         -            530      0.12   10.5   0.0   1   1    0.0012      0.15   10.2   0.0   277   312    81   118    78   159 0.75 transcript=STRK1_107320.1 gene=STRK1_107320
STRK1_63490.1        -            872 92367at33208         -            530      0.14   10.3   1.0   1   2    0.0049      0.61    8.2   0.1    83   134   600   651   580   657 0.90 transcript=STRK1_63490.1 gene=STRK1_63490
STRK1_63490.1        -            872 92367at33208         -            530      0.14   10.3   1.0   2   2       1.3   1.6e+02    0.2   0.1   281   307   795   824   790   834 0.81 transcript=STRK1_63490.1 gene=STRK1_63490
STRK1_63490.4        -            909 92367at33208         -            530      0.14   10.2   1.0   1   2    0.0052      0.65    8.1   0.1    83   134   637   688   617   694 0.90 transcript=STRK1_63490.4 gene=STRK1_63490
STRK1_63490.4        -            909 92367at33208         -            530      0.14   10.2   1.0   2   2       1.3   1.7e+02    0.1   0.1   281   307   832   861   827   871 0.81 transcript=STRK1_63490.4 gene=STRK1_63490
STRK1_63490.3        -            931 92367at33208         -            530      0.15   10.2   1.0   1   2    0.0053      0.67    8.0   0.1    83   134   659   710   639   716 0.90 transcript=STRK1_63490.3 gene=STRK1_63490
STRK1_63490.3        -            931 92367at33208         -            530      0.15   10.2   1.0   2   2       1.4   1.7e+02    0.1   0.1   281   307   854   883   850   893 0.81 transcript=STRK1_63490.3 gene=STRK1_63490
STRK1_63490.2        -            985 92367at33208         -            530      0.17   10.0   1.0   1   2    0.0057      0.71    7.9   0.1    83   134   713   764   693   770 0.90 transcript=STRK1_63490.2 gene=STRK1_63490
STRK1_63490.2        -            985 92367at33208         -            530      0.17   10.0   1.0   2   2       1.5   1.8e+02   -0.0   0.1   281   307   908   937   904   947 0.81 transcript=STRK1_63490.2 gene=STRK1_63490
#
# Program:         hmmsearch
# Version:         3.4 (Aug 2023)
# Pipeline mode:   SEARCH
# Query file:      /users/40483456/busco_datasets/busco_downloads/lineages/metazoa_odb10/hmms/92367at33208.hmm
# Target file:     /users/40483456/protein/schistosoma_turkestanicum.fa
# Option settings: hmmsearch --domtblout /users/40483456/busco/results_pro/schistosoma_turkestanicum_busco/run_metazoa_odb10/hmmer_output/initial_run_results/92367at33208.out --cpu 1 /users/40483456/busco_datasets/busco_downloads/lineages/metazoa_odb10/hmms/92367at33208.hmm /users/40483456/protein/schistosoma_turkestanicum.fa 
# Current dir:     /users/40483456
# Date:            Thu Jan 15 18:00:50 2026
# [ok]
