#                                                                            --- full sequence --- -------------- this domain -------------   hmm coord   ali coord   env coord
# target name        accession   tlen query name           accession   qlen   E-value  score  bias   #  of  c-Evalue  i-Evalue  score  bias  from    to  from    to  from    to  acc description of target
#------------------- ---------- ----- -------------------- ---------- ----- --------- ------ ----- --- --- --------- --------- ------ ----- ----- ----- ----- ----- ----- ----- ---- ---------------------
SBOV2_22070.2        -            776 139188at33208        -            617  4.9e-105  352.3  30.5   1   5     0.039   2.6e+02   -0.2   0.1    17    65     1    53     1    59 0.77 transcript=SBOV2_22070.2 gene=SBOV2_22070
SBOV2_22070.2        -            776 139188at33208        -            617  4.9e-105  352.3  30.5   2   5     4e-33   2.7e-29  102.2   0.8     2   236    31   292    30   313 0.81 transcript=SBOV2_22070.2 gene=SBOV2_22070
SBOV2_22070.2        -            776 139188at33208        -            617  4.9e-105  352.3  30.5   3   5    0.0011       7.2    5.0   0.2   251   279   342   370   302   381 0.83 transcript=SBOV2_22070.2 gene=SBOV2_22070
SBOV2_22070.2        -            776 139188at33208        -            617  4.9e-105  352.3  30.5   4   5   1.8e-27   1.2e-23   83.5   0.9   278   382   392   504   381   524 0.88 transcript=SBOV2_22070.2 gene=SBOV2_22070
SBOV2_22070.2        -            776 139188at33208        -            617  4.9e-105  352.3  30.5   5   5   2.4e-55   1.6e-51  175.6   9.3   383   617   541   775   519   775 0.93 transcript=SBOV2_22070.2 gene=SBOV2_22070
SBOV2_22060.1        -            776 139188at33208        -            617  7.3e-105  351.8  30.3   1   5     0.039   2.6e+02   -0.2   0.1    17    65     1    53     1    59 0.77 transcript=SBOV2_22060.1 gene=SBOV2_22060
SBOV2_22060.1        -            776 139188at33208        -            617  7.3e-105  351.8  30.3   2   5     4e-33   2.7e-29  102.2   0.8     2   236    31   292    30   313 0.81 transcript=SBOV2_22060.1 gene=SBOV2_22060
SBOV2_22060.1        -            776 139188at33208        -            617  7.3e-105  351.8  30.3   3   5    0.0011       7.2    5.0   0.2   251   279   342   370   302   381 0.83 transcript=SBOV2_22060.1 gene=SBOV2_22060
SBOV2_22060.1        -            776 139188at33208        -            617  7.3e-105  351.8  30.3   4   5   1.8e-27   1.2e-23   83.5   0.9   278   382   392   504   381   524 0.88 transcript=SBOV2_22060.1 gene=SBOV2_22060
SBOV2_22060.1        -            776 139188at33208        -            617  7.3e-105  351.8  30.3   5   5   3.5e-55   2.4e-51  175.0   9.2   383   617   541   775   519   775 0.93 transcript=SBOV2_22060.1 gene=SBOV2_22060
SBOV2_22070.1        -            607 139188at33208        -            617   6.9e-90  302.3  25.5   1   4   2.4e-16   1.6e-12   46.8   0.1   127   236     5   123     1   145 0.81 transcript=SBOV2_22070.1 gene=SBOV2_22070
SBOV2_22070.1        -            607 139188at33208        -            617   6.9e-90  302.3  25.5   2   4   0.00082       5.5    5.4   0.2   251   279   173   201   132   210 0.82 transcript=SBOV2_22070.1 gene=SBOV2_22070
SBOV2_22070.1        -            607 139188at33208        -            617   6.9e-90  302.3  25.5   3   4   1.2e-27   8.2e-24   84.1   0.9   278   382   223   335   210   355 0.88 transcript=SBOV2_22070.1 gene=SBOV2_22070
SBOV2_22070.1        -            607 139188at33208        -            617   6.9e-90  302.3  25.5   4   4   1.4e-55   9.2e-52  176.4   9.2   383   617   372   606   357   606 0.93 transcript=SBOV2_22070.1 gene=SBOV2_22070
#
# Program:         hmmsearch
# Version:         3.4 (Aug 2023)
# Pipeline mode:   SEARCH
# Query file:      /users/40483456/busco_datasets/busco_downloads/lineages/metazoa_odb10/hmms/139188at33208.hmm
# Target file:     /users/40483456/protein/schistosoma_bovis.fa
# Option settings: hmmsearch --domtblout /users/40483456/busco/results_pro/schistosoma_bovis_busco/run_metazoa_odb10/hmmer_output/initial_run_results/139188at33208.out --cpu 1 /users/40483456/busco_datasets/busco_downloads/lineages/metazoa_odb10/hmms/139188at33208.hmm /users/40483456/protein/schistosoma_bovis.fa 
# Current dir:     /users/40483456
# Date:            Thu Jan 15 17:46:00 2026
# [ok]
