#                                                                            --- full sequence --- -------------- this domain -------------   hmm coord   ali coord   env coord
# target name        accession   tlen query name           accession   qlen   E-value  score  bias   #  of  c-Evalue  i-Evalue  score  bias  from    to  from    to  from    to  acc description of target
#------------------- ---------- ----- -------------------- ---------- ----- --------- ------ ----- --- --- --------- --------- ------ ----- ----- ----- ----- ----- ----- ----- ---- ---------------------
SBOV2_28170.1        -            706 235149at33208        -            464   2.6e-84  283.8  38.3   1   3     1e-74   5.2e-71  239.9  16.5     2   291    12   356    11   367 0.84 transcript=SBOV2_28170.1 gene=SBOV2_28170
SBOV2_28170.1        -            706 235149at33208        -            464   2.6e-84  283.8  38.3   2   3   5.4e-09   2.7e-05   23.3   1.3   323   418   454   566   419   592 0.67 transcript=SBOV2_28170.1 gene=SBOV2_28170
SBOV2_28170.1        -            706 235149at33208        -            464   2.6e-84  283.8  38.3   3   3   2.5e-11   1.2e-07   31.0   6.3   410   461   602   661   579   664 0.79 transcript=SBOV2_28170.1 gene=SBOV2_28170
SBOV2_28170.2        -            593 235149at33208        -            464   8.7e-77  259.0  25.4   1   2   5.1e-74   2.6e-70  237.6  19.4     2   291    12   356    11   363 0.84 transcript=SBOV2_28170.2 gene=SBOV2_28170
SBOV2_28170.2        -            593 235149at33208        -            464   8.7e-77  259.0  25.4   2   2   2.3e-09   1.2e-05   24.5   0.3   323   418   454   566   419   584 0.66 transcript=SBOV2_28170.2 gene=SBOV2_28170
SBOV2_48900.1        -           1063 235149at33208        -            464   0.00028   19.9   4.6   1   5      0.41   2.1e+03   -2.7   0.0   353   398    49    94    43   115 0.81 transcript=SBOV2_48900.1 gene=SBOV2_48900
SBOV2_48900.1        -           1063 235149at33208        -            464   0.00028   19.9   4.6   2   5     0.075   3.8e+02   -0.3   0.0   176   203   105   132    96   137 0.90 transcript=SBOV2_48900.1 gene=SBOV2_48900
SBOV2_48900.1        -           1063 235149at33208        -            464   0.00028   19.9   4.6   3   5     0.014        71    2.1   0.0   167   210   164   204   156   220 0.79 transcript=SBOV2_48900.1 gene=SBOV2_48900
SBOV2_48900.1        -           1063 235149at33208        -            464   0.00028   19.9   4.6   4   5     5e-05      0.25   10.2   2.0    82   202   278   403   272   421 0.72 transcript=SBOV2_48900.1 gene=SBOV2_48900
SBOV2_48900.1        -           1063 235149at33208        -            464   0.00028   19.9   4.6   5   5    0.0092        46    2.7   0.0   172   271   441   540   431   551 0.77 transcript=SBOV2_48900.1 gene=SBOV2_48900
SBOV2_48900.2        -            904 235149at33208        -            464      0.01   14.8   3.9   1   2   4.3e-05      0.22   10.4   2.2    82   202   119   244   112   263 0.72 transcript=SBOV2_48900.2 gene=SBOV2_48900
SBOV2_48900.2        -            904 235149at33208        -            464      0.01   14.8   3.9   2   2    0.0069        35    3.1   0.0   171   271   281   381   268   392 0.77 transcript=SBOV2_48900.2 gene=SBOV2_48900
#
# Program:         hmmsearch
# Version:         3.4 (Aug 2023)
# Pipeline mode:   SEARCH
# Query file:      /users/40483456/busco_datasets/busco_downloads/lineages/metazoa_odb10/hmms/235149at33208.hmm
# Target file:     /users/40483456/protein/schistosoma_bovis.fa
# Option settings: hmmsearch --domtblout /users/40483456/busco/results_pro/schistosoma_bovis_busco/run_metazoa_odb10/hmmer_output/initial_run_results/235149at33208.out --cpu 1 /users/40483456/busco_datasets/busco_downloads/lineages/metazoa_odb10/hmms/235149at33208.hmm /users/40483456/protein/schistosoma_bovis.fa 
# Current dir:     /users/40483456
# Date:            Thu Jan 15 17:45:38 2026
# [ok]
