#                                                                            --- full sequence --- -------------- this domain -------------   hmm coord   ali coord   env coord
# target name        accession   tlen query name           accession   qlen   E-value  score  bias   #  of  c-Evalue  i-Evalue  score  bias  from    to  from    to  from    to  acc description of target
#------------------- ---------- ----- -------------------- ---------- ----- --------- ------ ----- --- --- --------- --------- ------ ----- ----- ----- ----- ----- ----- ----- ---- ---------------------
SBOV2_8090.1         -            539 281304at33208        -            328   3.5e-59  200.7  47.0   1   5   4.6e-21   3.1e-17   62.9   3.9     1    94    49   162    49   167 0.82 transcript=SBOV2_8090.1 gene=SBOV2_8090
SBOV2_8090.1         -            539 281304at33208        -            328   3.5e-59  200.7  47.0   2   5   2.4e-11   1.6e-07   30.9   2.9    81   128   170   217   162   228 0.79 transcript=SBOV2_8090.1 gene=SBOV2_8090
SBOV2_8090.1         -            539 281304at33208        -            328   3.5e-59  200.7  47.0   3   5   1.1e-16   7.3e-13   48.5   5.1   121   192   250   324   238   332 0.83 transcript=SBOV2_8090.1 gene=SBOV2_8090
SBOV2_8090.1         -            539 281304at33208        -            328   3.5e-59  200.7  47.0   4   5   2.8e-08   0.00019   20.9   2.6   191   226   362   399   352   417 0.77 transcript=SBOV2_8090.1 gene=SBOV2_8090
SBOV2_8090.1         -            539 281304at33208        -            328   3.5e-59  200.7  47.0   5   5   2.7e-20   1.8e-16   60.3   2.0   219   301   421   525   409   532 0.82 transcript=SBOV2_8090.1 gene=SBOV2_8090
SBOV2_57180.1        -            528 281304at33208        -            328   6.4e-09   35.5  31.0   1   2   1.4e-09   9.3e-06   25.1  20.4    52   195   122   286    85   318 0.66 transcript=SBOV2_57180.1 gene=SBOV2_57180
SBOV2_57180.1        -            528 281304at33208        -            328   6.4e-09   35.5  31.0   2   2   8.7e-06     0.059   12.7   4.0   190   259   309   383   288   390 0.69 transcript=SBOV2_57180.1 gene=SBOV2_57180
SBOV2_57180.2        -            528 281304at33208        -            328   6.4e-09   35.5  31.0   1   2   1.4e-09   9.3e-06   25.1  20.4    52   195   122   286    85   318 0.66 transcript=SBOV2_57180.2 gene=SBOV2_57180
SBOV2_57180.2        -            528 281304at33208        -            328   6.4e-09   35.5  31.0   2   2   8.7e-06     0.059   12.7   4.0   190   259   309   383   288   390 0.69 transcript=SBOV2_57180.2 gene=SBOV2_57180
#
# Program:         hmmsearch
# Version:         3.4 (Aug 2023)
# Pipeline mode:   SEARCH
# Query file:      /users/40483456/busco_datasets/busco_downloads/lineages/metazoa_odb10/hmms/281304at33208.hmm
# Target file:     /users/40483456/protein/schistosoma_bovis.fa
# Option settings: hmmsearch --domtblout /users/40483456/busco/results_pro/schistosoma_bovis_busco/run_metazoa_odb10/hmmer_output/initial_run_results/281304at33208.out --cpu 1 /users/40483456/busco_datasets/busco_downloads/lineages/metazoa_odb10/hmms/281304at33208.hmm /users/40483456/protein/schistosoma_bovis.fa 
# Current dir:     /users/40483456
# Date:            Thu Jan 15 17:45:53 2026
# [ok]
