#                                                                            --- full sequence --- -------------- this domain -------------   hmm coord   ali coord   env coord
# target name        accession   tlen query name           accession   qlen   E-value  score  bias   #  of  c-Evalue  i-Evalue  score  bias  from    to  from    to  from    to  acc description of target
#------------------- ---------- ----- -------------------- ---------- ----- --------- ------ ----- --- --- --------- --------- ------ ----- ----- ----- ----- ----- ----- ----- ---- ---------------------
SBOV2_69970.3        -            378 319574at33208        -            253   1.3e-77  260.6   0.0   1   1   1.1e-80   4.5e-77  258.8   0.0     3   247    51   336    49   342 0.83 transcript=SBOV2_69970.3 gene=SBOV2_69970
SBOV2_69970.4        -            428 319574at33208        -            253   1.3e-77  260.6   0.1   1   2   1.6e-80   6.6e-77  258.2   0.0     3   247    51   336    49   342 0.83 transcript=SBOV2_69970.4 gene=SBOV2_69970
SBOV2_69970.4        -            428 319574at33208        -            253   1.3e-77  260.6   0.1   2   2      0.58   2.4e+03   -2.4   0.1    48   100   356   409   349   412 0.72 transcript=SBOV2_69970.4 gene=SBOV2_69970
SBOV2_69970.1        -            430 319574at33208        -            253   1.3e-77  260.6   0.1   1   2   1.7e-80   6.7e-77  258.2   0.0     3   247    51   336    49   342 0.83 transcript=SBOV2_69970.1 gene=SBOV2_69970
SBOV2_69970.1        -            430 319574at33208        -            253   1.3e-77  260.6   0.1   2   2      0.59   2.4e+03   -2.4   0.1    48   100   356   409   349   412 0.72 transcript=SBOV2_69970.1 gene=SBOV2_69970
SBOV2_69970.2        -            430 319574at33208        -            253   1.3e-77  260.6   0.1   1   2   1.7e-80   6.7e-77  258.2   0.0     3   247    51   336    49   342 0.83 transcript=SBOV2_69970.2 gene=SBOV2_69970
SBOV2_69970.2        -            430 319574at33208        -            253   1.3e-77  260.6   0.1   2   2      0.59   2.4e+03   -2.4   0.1    48   100   356   409   349   412 0.72 transcript=SBOV2_69970.2 gene=SBOV2_69970
SBOV2_28350.1        -            456 319574at33208        -            253   7.6e-25   87.7   0.0   1   2   9.6e-13   3.9e-09   36.2   0.0     2    74    69   145    68   150 0.87 transcript=SBOV2_28350.1 gene=SBOV2_28350
SBOV2_28350.1        -            456 319574at33208        -            253   7.6e-25   87.7   0.0   2   2   1.1e-16   4.5e-13   49.1   0.0    69   211   171   316   160   321 0.82 transcript=SBOV2_28350.1 gene=SBOV2_28350
#
# Program:         hmmsearch
# Version:         3.4 (Aug 2023)
# Pipeline mode:   SEARCH
# Query file:      /users/40483456/busco_datasets/busco_downloads/lineages/metazoa_odb10/hmms/319574at33208.hmm
# Target file:     /users/40483456/protein/schistosoma_bovis.fa
# Option settings: hmmsearch --domtblout /users/40483456/busco/results_pro/schistosoma_bovis_busco/run_metazoa_odb10/hmmer_output/initial_run_results/319574at33208.out --cpu 1 /users/40483456/busco_datasets/busco_downloads/lineages/metazoa_odb10/hmms/319574at33208.hmm /users/40483456/protein/schistosoma_bovis.fa 
# Current dir:     /users/40483456
# Date:            Thu Jan 15 17:45:28 2026
# [ok]
