#                                                                            --- full sequence --- -------------- this domain -------------   hmm coord   ali coord   env coord
# target name        accession   tlen query name           accession   qlen   E-value  score  bias   #  of  c-Evalue  i-Evalue  score  bias  from    to  from    to  from    to  acc description of target
#------------------- ---------- ----- -------------------- ---------- ----- --------- ------ ----- --- --- --------- --------- ------ ----- ----- ----- ----- ----- ----- ----- ---- ---------------------
SBOV2_44970.1        -            436 348544at33208        -            320  1.5e-107  359.7  11.2   1   2   8.5e-75   1.4e-71  241.5   2.0     2   153     3   161     2   189 0.87 transcript=SBOV2_44970.1 gene=SBOV2_44970
SBOV2_44970.1        -            436 348544at33208        -            320  1.5e-107  359.7  11.2   2   2   6.1e-39     1e-35  123.6   1.9   138   308   192   396   183   407 0.83 transcript=SBOV2_44970.1 gene=SBOV2_44970
SBOV2_9280.1         -            281 348544at33208        -            320   5.4e-12   45.7   0.2   1   1   5.7e-15   9.6e-12   44.9   0.2    31   120   163   255   142   262 0.89 transcript=SBOV2_9280.1 gene=SBOV2_9280
SBOV2_9280.2         -            284 348544at33208        -            320   5.5e-12   45.7   0.2   1   1   5.9e-15   9.9e-12   44.8   0.2    31   120   166   258   145   265 0.89 transcript=SBOV2_9280.2 gene=SBOV2_9280
SBOV2_31740.1        -            756 348544at33208        -            320   1.9e-07   30.8   0.2   1   1   1.8e-10     3e-07   30.1   0.2   246   307   690   755   644   756 0.80 transcript=SBOV2_31740.1 gene=SBOV2_31740
SBOV2_31740.5        -            756 348544at33208        -            320   1.9e-07   30.8   0.2   1   1   1.8e-10     3e-07   30.1   0.2   246   307   690   755   644   756 0.80 transcript=SBOV2_31740.5 gene=SBOV2_31740
SBOV2_31740.2        -            766 348544at33208        -            320   1.9e-07   30.7   0.2   1   1   1.8e-10   3.1e-07   30.1   0.2   246   307   700   765   655   766 0.80 transcript=SBOV2_31740.2 gene=SBOV2_31740
SBOV2_31740.3        -            766 348544at33208        -            320   1.9e-07   30.7   0.2   1   1   1.8e-10   3.1e-07   30.1   0.2   246   307   700   765   655   766 0.80 transcript=SBOV2_31740.3 gene=SBOV2_31740
SBOV2_31740.4        -            766 348544at33208        -            320   1.9e-07   30.7   0.2   1   1   1.8e-10   3.1e-07   30.1   0.2   246   307   700   765   655   766 0.80 transcript=SBOV2_31740.4 gene=SBOV2_31740
SBOV2_31740.6        -            766 348544at33208        -            320   1.9e-07   30.7   0.2   1   1   1.8e-10   3.1e-07   30.1   0.2   246   307   700   765   655   766 0.80 transcript=SBOV2_31740.6 gene=SBOV2_31740
SBOV2_9280.4         -            232 348544at33208        -            320    0.0023   17.4   0.0   1   1   2.6e-06    0.0043   16.5   0.0    31    91   166   225   145   230 0.83 transcript=SBOV2_9280.4 gene=SBOV2_9280
SBOV2_9280.3         -            246 348544at33208        -            320    0.0031   16.9   0.0   1   1   3.5e-06    0.0058   16.0   0.0    31    89   166   223   145   233 0.83 transcript=SBOV2_9280.3 gene=SBOV2_9280
SBOV2_73070.1        -           1192 348544at33208        -            320     0.018   14.4   0.7   1   2      0.16   2.7e+02    0.7   0.0   150   219    48   120    34   140 0.76 transcript=SBOV2_73070.1 gene=SBOV2_73070
SBOV2_73070.1        -           1192 348544at33208        -            320     0.018   14.4   0.7   2   2   8.1e-05      0.14   11.5   0.1   253   309  1086  1141  1061  1149 0.82 transcript=SBOV2_73070.1 gene=SBOV2_73070
#
# Program:         hmmsearch
# Version:         3.4 (Aug 2023)
# Pipeline mode:   SEARCH
# Query file:      /users/40483456/busco_datasets/busco_downloads/lineages/metazoa_odb10/hmms/348544at33208.hmm
# Target file:     /users/40483456/protein/schistosoma_bovis.fa
# Option settings: hmmsearch --domtblout /users/40483456/busco/results_pro/schistosoma_bovis_busco/run_metazoa_odb10/hmmer_output/initial_run_results/348544at33208.out --cpu 1 /users/40483456/busco_datasets/busco_downloads/lineages/metazoa_odb10/hmms/348544at33208.hmm /users/40483456/protein/schistosoma_bovis.fa 
# Current dir:     /users/40483456
# Date:            Thu Jan 15 17:45:33 2026
# [ok]
