#                                                                            --- full sequence --- -------------- this domain -------------   hmm coord   ali coord   env coord
# target name        accession   tlen query name           accession   qlen   E-value  score  bias   #  of  c-Evalue  i-Evalue  score  bias  from    to  from    to  from    to  acc description of target
#------------------- ---------- ----- -------------------- ---------- ----- --------- ------ ----- --- --- --------- --------- ------ ----- ----- ----- ----- ----- ----- ----- ---- ---------------------
SBOV2_51650.5        -            574 367551at33208        -            388  2.9e-144  481.1   7.7   1   2  2.2e-115  4.3e-113  378.5   2.6     3   271   178   466   176   475 0.93 transcript=SBOV2_51650.5 gene=SBOV2_51650
SBOV2_51650.5        -            574 367551at33208        -            388  2.9e-144  481.1   7.7   2   2   1.9e-32   3.7e-30  105.5   0.2   270   347   492   572   472   573 0.89 transcript=SBOV2_51650.5 gene=SBOV2_51650
SBOV2_51650.1        -            477 367551at33208        -            388  2.2e-134  448.7   6.5   1   2  1.4e-115  2.9e-113  379.1   2.6     3   271   113   401   111   406 0.93 transcript=SBOV2_51650.1 gene=SBOV2_51650
SBOV2_51650.1        -            477 367551at33208        -            388  2.2e-134  448.7   6.5   2   2   4.2e-22   8.4e-20   71.4   0.1   269   320   426   477   403   477 0.86 transcript=SBOV2_51650.1 gene=SBOV2_51650
SBOV2_51650.2        -            477 367551at33208        -            388  2.2e-134  448.7   6.5   1   2  1.4e-115  2.9e-113  379.1   2.6     3   271   113   401   111   406 0.93 transcript=SBOV2_51650.2 gene=SBOV2_51650
SBOV2_51650.2        -            477 367551at33208        -            388  2.2e-134  448.7   6.5   2   2   4.2e-22   8.4e-20   71.4   0.1   269   320   426   477   403   477 0.86 transcript=SBOV2_51650.2 gene=SBOV2_51650
SBOV2_51650.3        -            477 367551at33208        -            388  2.2e-134  448.7   6.5   1   2  1.4e-115  2.9e-113  379.1   2.6     3   271   113   401   111   406 0.93 transcript=SBOV2_51650.3 gene=SBOV2_51650
SBOV2_51650.3        -            477 367551at33208        -            388  2.2e-134  448.7   6.5   2   2   4.2e-22   8.4e-20   71.4   0.1   269   320   426   477   403   477 0.86 transcript=SBOV2_51650.3 gene=SBOV2_51650
SBOV2_51650.4        -            542 367551at33208        -            388  3.7e-134  447.9   6.6   1   2  2.1e-115  4.2e-113  378.6   2.7     3   271   178   466   176   471 0.93 transcript=SBOV2_51650.4 gene=SBOV2_51650
SBOV2_51650.4        -            542 367551at33208        -            388  3.7e-134  447.9   6.6   2   2     5e-22     1e-19   71.2   0.1   269   320   491   542   468   542 0.86 transcript=SBOV2_51650.4 gene=SBOV2_51650
SBOV2_12290.1        -            568 367551at33208        -            388   1.6e-78  264.8   1.0   1   2     5e-50     1e-47  163.3   0.1    12   211    26   238    13   249 0.84 transcript=SBOV2_12290.1 gene=SBOV2_12290
SBOV2_12290.1        -            568 367551at33208        -            388   1.6e-78  264.8   1.0   2   2   8.2e-31   1.6e-28  100.1   0.1   224   337   279   397   272   454 0.84 transcript=SBOV2_12290.1 gene=SBOV2_12290
SBOV2_44950.1        -            455 367551at33208        -            388   1.2e-75  255.3   0.1   1   1   7.7e-78   1.5e-75  254.9   0.1    12   346    25   382    19   430 0.83 transcript=SBOV2_44950.1 gene=SBOV2_44950
SBOV2_38640.1        -            829 367551at33208        -            388   1.4e-74  251.7   0.0   1   1   1.1e-76   2.3e-74  251.1   0.0     7   336    46   386    41   398 0.91 transcript=SBOV2_38640.1 gene=SBOV2_38640
SBOV2_38590.1        -            880 367551at33208        -            388   6.4e-73  246.3   0.0   1   1   4.6e-75   9.2e-73  245.8   0.0    12   344    98   444    89   458 0.90 transcript=SBOV2_38590.1 gene=SBOV2_38590
SBOV2_34590.1        -            527 367551at33208        -            388   8.1e-73  246.0   0.1   1   1   7.7e-75   1.5e-72  245.1   0.1    10   363    69   433    55   450 0.86 transcript=SBOV2_34590.1 gene=SBOV2_34590
SBOV2_49530.1        -            770 367551at33208        -            388     1e-72  245.7   0.1   1   1   6.8e-75   1.4e-72  245.2   0.1    11   338   112   453   103   485 0.88 transcript=SBOV2_49530.1 gene=SBOV2_49530
SBOV2_51750.5        -            458 367551at33208        -            388   1.1e-72  245.6   1.8   1   1   1.3e-74   2.6e-72  244.3   1.8     9   358    19   407    13   448 0.75 transcript=SBOV2_51750.5 gene=SBOV2_51750
SBOV2_51750.9        -            458 367551at33208        -            388   1.1e-72  245.6   1.8   1   1   1.3e-74   2.6e-72  244.3   1.8     9   358    19   407    13   448 0.75 transcript=SBOV2_51750.9 gene=SBOV2_51750
SBOV2_51750.6        -            394 367551at33208        -            388   2.4e-72  244.4   0.3   1   1   3.1e-74   6.2e-72  243.0   0.3     9   336    19   388    13   392 0.80 transcript=SBOV2_51750.6 gene=SBOV2_51750
SBOV2_51750.7        -            394 367551at33208        -            388   2.4e-72  244.4   0.3   1   1   3.1e-74   6.2e-72  243.0   0.3     9   336    19   388    13   392 0.80 transcript=SBOV2_51750.7 gene=SBOV2_51750
SBOV2_38590.2        -            876 367551at33208        -            388   4.2e-72  243.6   0.0   1   1   3.1e-74   6.1e-72  243.1   0.0    12   344    98   440    89   454 0.90 transcript=SBOV2_38590.2 gene=SBOV2_38590
SBOV2_50610.1        -            943 367551at33208        -            388   1.8e-71  241.5   0.0   1   1   1.8e-73   3.7e-71  240.5   0.0    12   338   181   533   171   543 0.86 transcript=SBOV2_50610.1 gene=SBOV2_50610
SBOV2_35290.3        -            582 367551at33208        -            388   3.4e-71  240.6   0.0   1   1   5.8e-73   1.2e-70  238.9   0.0    11   337   194   548   185   556 0.89 transcript=SBOV2_35290.3 gene=SBOV2_35290
SBOV2_35290.1        -            622 367551at33208        -            388   4.2e-71  240.3   0.0   1   1   7.2e-73   1.4e-70  238.6   0.0    11   337   178   532   170   540 0.89 transcript=SBOV2_35290.1 gene=SBOV2_35290
SBOV2_35290.5        -            631 367551at33208        -            388   4.4e-71  240.2   0.0   1   1   7.5e-73   1.5e-70  238.5   0.0    11   337   187   541   179   549 0.89 transcript=SBOV2_35290.5 gene=SBOV2_35290
SBOV2_35290.2        -            637 367551at33208        -            388   4.6e-71  240.2   0.0   1   1   7.7e-73   1.5e-70  238.5   0.0    11   337   193   547   185   555 0.89 transcript=SBOV2_35290.2 gene=SBOV2_35290
SBOV2_35290.4        -            638 367551at33208        -            388   4.6e-71  240.2   0.0   1   1   7.7e-73   1.5e-70  238.5   0.0    11   337   194   548   186   556 0.89 transcript=SBOV2_35290.4 gene=SBOV2_35290
SBOV2_27400.1        -            622 367551at33208        -            388   4.6e-68  230.3   0.1   1   2   4.3e-33   8.7e-31  107.6   0.1    12   154   213   369   199   373 0.80 transcript=SBOV2_27400.1 gene=SBOV2_27400
SBOV2_27400.1        -            622 367551at33208        -            388   4.6e-68  230.3   0.1   2   2   7.2e-37   1.4e-34  120.1   0.0   155   334   398   577   386   590 0.89 transcript=SBOV2_27400.1 gene=SBOV2_27400
SBOV2_27400.4        -            622 367551at33208        -            388   4.6e-68  230.3   0.1   1   2   4.3e-33   8.7e-31  107.6   0.1    12   154   213   369   199   373 0.80 transcript=SBOV2_27400.4 gene=SBOV2_27400
SBOV2_27400.4        -            622 367551at33208        -            388   4.6e-68  230.3   0.1   2   2   7.2e-37   1.4e-34  120.1   0.0   155   334   398   577   386   590 0.89 transcript=SBOV2_27400.4 gene=SBOV2_27400
SBOV2_27400.5        -            605 367551at33208        -            388   6.1e-68  229.9   0.7   1   2   4.1e-33   8.2e-31  107.7   0.1    12   154   196   352   182   356 0.80 transcript=SBOV2_27400.5 gene=SBOV2_27400
SBOV2_27400.5        -            605 367551at33208        -            388   6.1e-68  229.9   0.7   2   2   6.8e-37   1.4e-34  120.1   0.0   155   334   381   560   369   573 0.89 transcript=SBOV2_27400.5 gene=SBOV2_27400
SBOV2_27400.2        -            729 367551at33208        -            388   7.3e-68  229.6   0.1   1   2   5.7e-33   1.1e-30  107.2   0.0    12   154   320   476   307   480 0.80 transcript=SBOV2_27400.2 gene=SBOV2_27400
SBOV2_27400.2        -            729 367551at33208        -            388   7.3e-68  229.6   0.1   2   2   9.6e-37   1.9e-34  119.6   0.0   155   334   505   684   493   697 0.89 transcript=SBOV2_27400.2 gene=SBOV2_27400
SBOV2_27400.3        -            793 367551at33208        -            388   9.3e-68  229.3   0.1   1   2   6.6e-33   1.3e-30  107.0   0.0    12   154   384   540   371   544 0.80 transcript=SBOV2_27400.3 gene=SBOV2_27400
SBOV2_27400.3        -            793 367551at33208        -            388   9.3e-68  229.3   0.1   2   2   1.1e-36   2.2e-34  119.4   0.0   155   334   569   748   557   761 0.89 transcript=SBOV2_27400.3 gene=SBOV2_27400
SBOV2_90850.1        -            752 367551at33208        -            388   2.3e-67  228.0   0.1   1   2   1.1e-69   2.3e-67  228.0   0.1     8   358    41   422    31   441 0.83 transcript=SBOV2_90850.1 gene=SBOV2_90850
SBOV2_90850.1        -            752 367551at33208        -            388   2.3e-67  228.0   0.1   2   2       1.6   3.2e+02    0.4   1.0   323   369   684   730   678   739 0.87 transcript=SBOV2_90850.1 gene=SBOV2_90850
SBOV2_44150.1        -            840 367551at33208        -            388   2.7e-67  227.8   0.0   1   1   1.8e-69   3.5e-67  227.4   0.0     4   326   305   647   302   654 0.90 transcript=SBOV2_44150.1 gene=SBOV2_44150
SBOV2_39970.1        -            392 367551at33208        -            388     7e-67  226.4   1.5   1   1   4.2e-69   8.3e-67  226.2   1.5    12   336    40   373    24   384 0.92 transcript=SBOV2_39970.1 gene=SBOV2_39970
SBOV2_63900.2        -            553 367551at33208        -            388   1.2e-66  225.7   0.3   1   1   9.5e-69   1.9e-66  225.0   0.3     8   327   130   471   124   489 0.85 transcript=SBOV2_63900.2 gene=SBOV2_63900
SBOV2_63900.3        -            553 367551at33208        -            388   1.2e-66  225.7   0.3   1   1   9.5e-69   1.9e-66  225.0   0.3     8   327   130   471   124   489 0.85 transcript=SBOV2_63900.3 gene=SBOV2_63900
SBOV2_63900.1        -            622 367551at33208        -            388   1.7e-66  225.2   0.3   1   1   1.3e-68   2.6e-66  224.5   0.3     8   327   199   540   193   558 0.85 transcript=SBOV2_63900.1 gene=SBOV2_63900
SBOV2_8290.1         -           1530 367551at33208        -            388   3.5e-66  224.1   0.0   1   1   2.8e-68   5.5e-66  223.5   0.0    11   340   106   452    97   483 0.86 transcript=SBOV2_8290.1 gene=SBOV2_8290
SBOV2_8290.2         -           1530 367551at33208        -            388   3.5e-66  224.1   0.0   1   1   2.8e-68   5.5e-66  223.5   0.0    11   340   106   452    97   483 0.86 transcript=SBOV2_8290.2 gene=SBOV2_8290
SBOV2_56210.1        -            389 367551at33208        -            388   8.1e-66  222.9   1.5   1   1   4.9e-68   9.9e-66  222.6   1.5     1   338    21   372    21   381 0.92 transcript=SBOV2_56210.1 gene=SBOV2_56210
SBOV2_50930.1        -            402 367551at33208        -            388   9.2e-64  216.2   0.6   1   1   5.5e-66   1.1e-63  215.9   0.6    10   336    48   383    34   392 0.92 transcript=SBOV2_50930.1 gene=SBOV2_50930
SBOV2_50930.2        -            402 367551at33208        -            388   9.2e-64  216.2   0.6   1   1   5.5e-66   1.1e-63  215.9   0.6    10   336    48   383    34   392 0.92 transcript=SBOV2_50930.2 gene=SBOV2_50930
SBOV2_80100.1        -            700 367551at33208        -            388   2.7e-62  211.3   2.6   1   3   2.1e-35   4.3e-33  115.2   0.0    13   155    23   182    16   185 0.84 transcript=SBOV2_80100.1 gene=SBOV2_80100
SBOV2_80100.1        -            700 367551at33208        -            388   2.7e-62  211.3   2.6   2   3    0.0044      0.89    8.8   0.2   157   194   237   273   212   283 0.80 transcript=SBOV2_80100.1 gene=SBOV2_80100
SBOV2_80100.1        -            700 367551at33208        -            388   2.7e-62  211.3   2.6   3   3     2e-26     4e-24   85.6   0.2   224   328   352   459   345   467 0.90 transcript=SBOV2_80100.1 gene=SBOV2_80100
SBOV2_24590.1        -            426 367551at33208        -            388   4.9e-62  210.5   2.5   1   1   3.2e-64   6.3e-62  210.1   2.5    10   349    62   416    50   424 0.85 transcript=SBOV2_24590.1 gene=SBOV2_24590
SBOV2_3980.2         -            449 367551at33208        -            388     3e-61  207.9   0.1   1   1   2.4e-63   4.7e-61  207.2   0.1     4   337    27   386    24   391 0.88 transcript=SBOV2_3980.2 gene=SBOV2_3980
SBOV2_3980.1         -            459 367551at33208        -            388   3.1e-61  207.8   0.1   1   1   2.5e-63   5.1e-61  207.1   0.1     4   337    27   386    24   391 0.88 transcript=SBOV2_3980.1 gene=SBOV2_3980
SBOV2_49330.2        -            421 367551at33208        -            388   9.7e-60  202.9   0.6   1   1   5.5e-62   1.1e-59  202.7   0.6     3   330    82   421    80   421 0.88 transcript=SBOV2_49330.2 gene=SBOV2_49330
SBOV2_54110.1        -            621 367551at33208        -            388   9.4e-56  189.8   0.1   1   2     1e-29     2e-27   96.5   0.0    30   254   171   428   165   432 0.75 transcript=SBOV2_54110.1 gene=SBOV2_54110
SBOV2_54110.1        -            621 367551at33208        -            388   9.4e-56  189.8   0.1   2   2   8.8e-28   1.8e-25   90.1   0.0   226   328   433   538   429   576 0.91 transcript=SBOV2_54110.1 gene=SBOV2_54110
SBOV2_54110.2        -            621 367551at33208        -            388   9.4e-56  189.8   0.1   1   2     1e-29     2e-27   96.5   0.0    30   254   171   428   165   432 0.75 transcript=SBOV2_54110.2 gene=SBOV2_54110
SBOV2_54110.2        -            621 367551at33208        -            388   9.4e-56  189.8   0.1   2   2   8.8e-28   1.8e-25   90.1   0.0   226   328   433   538   429   576 0.91 transcript=SBOV2_54110.2 gene=SBOV2_54110
SBOV2_54110.3        -            621 367551at33208        -            388   9.4e-56  189.8   0.1   1   2     1e-29     2e-27   96.5   0.0    30   254   171   428   165   432 0.75 transcript=SBOV2_54110.3 gene=SBOV2_54110
SBOV2_54110.3        -            621 367551at33208        -            388   9.4e-56  189.8   0.1   2   2   8.8e-28   1.8e-25   90.1   0.0   226   328   433   538   429   576 0.91 transcript=SBOV2_54110.3 gene=SBOV2_54110
SBOV2_34800.2        -            587 367551at33208        -            388     1e-55  189.7   0.2   1   2   2.8e-37   5.6e-35  121.4   0.2    13   199     3   218     1   241 0.84 transcript=SBOV2_34800.2 gene=SBOV2_34800
SBOV2_34800.2        -            587 367551at33208        -            388     1e-55  189.7   0.2   2   2   1.7e-19   3.4e-17   62.9   0.0   245   351   309   421   300   432 0.82 transcript=SBOV2_34800.2 gene=SBOV2_34800
SBOV2_34800.1        -            712 367551at33208        -            388   1.6e-55  189.1   0.2   1   2   2.4e-37   4.8e-35  121.6   0.2    12   201   127   345   122   401 0.83 transcript=SBOV2_34800.1 gene=SBOV2_34800
SBOV2_34800.1        -            712 367551at33208        -            388   1.6e-55  189.1   0.2   2   2   2.3e-19   4.6e-17   62.4   0.0   245   351   434   546   425   557 0.82 transcript=SBOV2_34800.1 gene=SBOV2_34800
SBOV2_12090.1        -            623 367551at33208        -            388     2e-55  188.7   0.0   1   1   1.3e-57   2.7e-55  188.3   0.0     7   342    25   382    19   413 0.81 transcript=SBOV2_12090.1 gene=SBOV2_12090
SBOV2_78360.2        -            601 367551at33208        -            388   1.2e-54  186.2   2.9   1   3   5.5e-29   1.1e-26   94.1   0.1    27   144   100   232    66   243 0.76 transcript=SBOV2_78360.2 gene=SBOV2_78360
SBOV2_78360.2        -            601 367551at33208        -            388   1.2e-54  186.2   2.9   2   3      0.38        76    2.5   0.0   154   190   280   316   274   364 0.79 transcript=SBOV2_78360.2 gene=SBOV2_78360
SBOV2_78360.2        -            601 367551at33208        -            388   1.2e-54  186.2   2.9   3   3   2.9e-27   5.8e-25   88.4   0.1   212   359   391   540   375   561 0.87 transcript=SBOV2_78360.2 gene=SBOV2_78360
SBOV2_78360.4        -            601 367551at33208        -            388   1.2e-54  186.2   2.9   1   3   5.5e-29   1.1e-26   94.1   0.1    27   144   100   232    66   243 0.76 transcript=SBOV2_78360.4 gene=SBOV2_78360
SBOV2_78360.4        -            601 367551at33208        -            388   1.2e-54  186.2   2.9   2   3      0.38        76    2.5   0.0   154   190   280   316   274   364 0.79 transcript=SBOV2_78360.4 gene=SBOV2_78360
SBOV2_78360.4        -            601 367551at33208        -            388   1.2e-54  186.2   2.9   3   3   2.9e-27   5.8e-25   88.4   0.1   212   359   391   540   375   561 0.87 transcript=SBOV2_78360.4 gene=SBOV2_78360
SBOV2_78360.5        -            601 367551at33208        -            388   1.2e-54  186.2   2.9   1   3   5.5e-29   1.1e-26   94.1   0.1    27   144   100   232    66   243 0.76 transcript=SBOV2_78360.5 gene=SBOV2_78360
SBOV2_78360.5        -            601 367551at33208        -            388   1.2e-54  186.2   2.9   2   3      0.38        76    2.5   0.0   154   190   280   316   274   364 0.79 transcript=SBOV2_78360.5 gene=SBOV2_78360
SBOV2_78360.5        -            601 367551at33208        -            388   1.2e-54  186.2   2.9   3   3   2.9e-27   5.8e-25   88.4   0.1   212   359   391   540   375   561 0.87 transcript=SBOV2_78360.5 gene=SBOV2_78360
SBOV2_78360.3        -            516 367551at33208        -            388   1.3e-54  186.1   2.9   1   3   9.1e-29   1.8e-26   93.4   0.1    29   144    17   147    11   158 0.80 transcript=SBOV2_78360.3 gene=SBOV2_78360
SBOV2_78360.3        -            516 367551at33208        -            388   1.3e-54  186.1   2.9   2   3       0.3        61    2.8   0.0   154   190   195   231   189   280 0.79 transcript=SBOV2_78360.3 gene=SBOV2_78360
SBOV2_78360.3        -            516 367551at33208        -            388   1.3e-54  186.1   2.9   3   3   2.2e-27   4.4e-25   88.8   0.1   212   359   306   455   290   476 0.87 transcript=SBOV2_78360.3 gene=SBOV2_78360
SBOV2_94320.1        -            628 367551at33208        -            388   3.4e-53  181.4   1.8   1   1   1.1e-54   2.2e-52  178.7   1.8     2   334    11   407    10   458 0.73 transcript=SBOV2_94320.1 gene=SBOV2_94320
SBOV2_94320.2        -            628 367551at33208        -            388   3.4e-53  181.4   1.8   1   1   1.1e-54   2.2e-52  178.7   1.8     2   334    11   407    10   458 0.73 transcript=SBOV2_94320.2 gene=SBOV2_94320
SBOV2_94320.4        -            628 367551at33208        -            388   3.4e-53  181.4   1.8   1   1   1.1e-54   2.2e-52  178.7   1.8     2   334    11   407    10   458 0.73 transcript=SBOV2_94320.4 gene=SBOV2_94320
SBOV2_94320.3        -            642 367551at33208        -            388   3.7e-53  181.2   1.8   1   1   1.2e-54   2.4e-52  178.6   1.8     2   334    11   407    10   458 0.73 transcript=SBOV2_94320.3 gene=SBOV2_94320
SBOV2_50930.4        -            313 367551at33208        -            388   6.8e-53  180.4   0.4   1   1   4.3e-55   8.7e-53  180.0   0.4    58   336     8   294     4   303 0.93 transcript=SBOV2_50930.4 gene=SBOV2_50930
SBOV2_51750.1        -            395 367551at33208        -            388   5.4e-52  177.4   1.1   1   1   6.7e-54   1.3e-51  176.1   1.1    61   359     9   345     4   385 0.72 transcript=SBOV2_51750.1 gene=SBOV2_51750
SBOV2_51750.10       -            395 367551at33208        -            388   5.4e-52  177.4   1.1   1   1   6.7e-54   1.3e-51  176.1   1.1    61   359     9   345     4   385 0.72 transcript=SBOV2_51750.10 gene=SBOV2_51750
SBOV2_51750.2        -            395 367551at33208        -            388   5.4e-52  177.4   1.1   1   1   6.7e-54   1.3e-51  176.1   1.1    61   359     9   345     4   385 0.72 transcript=SBOV2_51750.2 gene=SBOV2_51750
SBOV2_51750.3        -            395 367551at33208        -            388   5.4e-52  177.4   1.1   1   1   6.7e-54   1.3e-51  176.1   1.1    61   359     9   345     4   385 0.72 transcript=SBOV2_51750.3 gene=SBOV2_51750
SBOV2_51750.4        -            395 367551at33208        -            388   5.4e-52  177.4   1.1   1   1   6.7e-54   1.3e-51  176.1   1.1    61   359     9   345     4   385 0.72 transcript=SBOV2_51750.4 gene=SBOV2_51750
SBOV2_51750.8        -            395 367551at33208        -            388   5.4e-52  177.4   1.1   1   1   6.7e-54   1.3e-51  176.1   1.1    61   359     9   345     4   385 0.72 transcript=SBOV2_51750.8 gene=SBOV2_51750
SBOV2_90620.1        -            722 367551at33208        -            388   5.4e-51  174.1   0.7   1   4   4.6e-10   9.3e-08   31.8   0.0    10    54    20    65     6    71 0.83 transcript=SBOV2_90620.1 gene=SBOV2_90620
SBOV2_90620.1        -            722 367551at33208        -            388   5.4e-51  174.1   0.7   2   4   7.7e-20   1.5e-17   64.0   0.0    60   154   164   266   153   277 0.84 transcript=SBOV2_90620.1 gene=SBOV2_90620
SBOV2_90620.1        -            722 367551at33208        -            388   5.4e-51  174.1   0.7   3   4     0.032       6.4    6.0   0.0   145   167   312   334   301   365 0.90 transcript=SBOV2_90620.1 gene=SBOV2_90620
SBOV2_90620.1        -            722 367551at33208        -            388   5.4e-51  174.1   0.7   4   4   6.7e-21   1.3e-18   67.5   0.0   251   337   483   581   440   637 0.76 transcript=SBOV2_90620.1 gene=SBOV2_90620
SBOV2_45710.1        -            580 367551at33208        -            388   1.5e-47  162.8   0.2   1   2   1.1e-35   2.3e-33  116.1   0.3     1   279    10   313    10   318 0.82 transcript=SBOV2_45710.1 gene=SBOV2_45710
SBOV2_45710.1        -            580 367551at33208        -            388   1.5e-47  162.8   0.2   2   2     7e-14   1.4e-11   44.4   0.0   281   336   343   398   337   405 0.94 transcript=SBOV2_45710.1 gene=SBOV2_45710
SBOV2_54990.1        -            522 367551at33208        -            388   1.3e-46  159.7   0.0   1   1   8.5e-49   1.7e-46  159.3   0.0     1   336   142   503   142   509 0.83 transcript=SBOV2_54990.1 gene=SBOV2_54990
SBOV2_19000.1        -            734 367551at33208        -            388   5.5e-45  154.4   0.0   1   3   9.3e-11   1.9e-08   34.1   0.0    13    52    18    57     5    65 0.87 transcript=SBOV2_19000.1 gene=SBOV2_19000
SBOV2_19000.1        -            734 367551at33208        -            388   5.5e-45  154.4   0.0   2   3   1.3e-14   2.5e-12   46.8   0.0    61   208   283   447   273   457 0.81 transcript=SBOV2_19000.1 gene=SBOV2_19000
SBOV2_19000.1        -            734 367551at33208        -            388   5.5e-45  154.4   0.0   3   3   1.7e-21   3.5e-19   69.4   0.0   219   331   497   621   488   625 0.81 transcript=SBOV2_19000.1 gene=SBOV2_19000
SBOV2_19000.2        -            742 367551at33208        -            388   5.7e-45  154.3   0.0   1   3   9.5e-11   1.9e-08   34.1   0.0    13    52    26    65    13    73 0.87 transcript=SBOV2_19000.2 gene=SBOV2_19000
SBOV2_19000.2        -            742 367551at33208        -            388   5.7e-45  154.3   0.0   2   3   1.3e-14   2.6e-12   46.8   0.0    61   208   291   455   281   465 0.81 transcript=SBOV2_19000.2 gene=SBOV2_19000
SBOV2_19000.2        -            742 367551at33208        -            388   5.7e-45  154.3   0.0   3   3   1.8e-21   3.5e-19   69.4   0.0   219   331   505   629   496   633 0.81 transcript=SBOV2_19000.2 gene=SBOV2_19000
SBOV2_48100.2        -            749 367551at33208        -            388   2.9e-43  148.7   0.0   1   1   3.3e-45   6.6e-43  147.5   0.0    11   336    81   439    66   455 0.84 transcript=SBOV2_48100.2 gene=SBOV2_48100
SBOV2_50930.3        -            324 367551at33208        -            388     3e-42  145.4   0.2   1   1   1.8e-44   3.6e-42  145.1   0.2    10   271    48   315    34   319 0.92 transcript=SBOV2_50930.3 gene=SBOV2_50930
SBOV2_11180.1        -            607 367551at33208        -            388   4.5e-42  144.8   0.6   1   3   2.1e-14   4.2e-12   46.1   0.0    12    55    80   123    70   130 0.93 transcript=SBOV2_11180.1 gene=SBOV2_11180
SBOV2_11180.1        -            607 367551at33208        -            388   4.5e-42  144.8   0.6   2   3   0.00014     0.029   13.7   0.0    94   147   210   267   193   271 0.78 transcript=SBOV2_11180.1 gene=SBOV2_11180
SBOV2_11180.1        -            607 367551at33208        -            388   4.5e-42  144.8   0.6   3   3   4.2e-25   8.5e-23   81.3   0.0   159   361   312   525   298   552 0.80 transcript=SBOV2_11180.1 gene=SBOV2_11180
SBOV2_49330.1        -            331 367551at33208        -            388   4.8e-37  128.2   0.3   1   1   2.9e-39   5.9e-37  127.9   0.3     3   188    82   280    80   305 0.87 transcript=SBOV2_49330.1 gene=SBOV2_49330
SBOV2_78360.1        -            393 367551at33208        -            388   4.1e-32  112.0   3.7   1   3   5.3e-29   1.1e-26   94.2   0.1    29   144    17   147    11   159 0.80 transcript=SBOV2_78360.1 gene=SBOV2_78360
SBOV2_78360.1        -            393 367551at33208        -            388   4.1e-32  112.0   3.7   2   3       0.2        39    3.4   0.0   154   190   195   231   189   285 0.78 transcript=SBOV2_78360.1 gene=SBOV2_78360
SBOV2_78360.1        -            393 367551at33208        -            388   4.1e-32  112.0   3.7   3   3    0.0001      0.02   14.2   0.2   211   282   305   377   286   380 0.90 transcript=SBOV2_78360.1 gene=SBOV2_78360
SBOV2_78200.1        -            392 367551at33208        -            388   1.4e-28  100.3   0.5   1   2   2.2e-29   4.5e-27   95.4   0.1    27   144    97   229    62   241 0.76 transcript=SBOV2_78200.1 gene=SBOV2_78200
SBOV2_78200.1        -            392 367551at33208        -            388   1.4e-28  100.3   0.5   2   2      0.23        46    3.2   0.0   154   189   277   312   271   366 0.79 transcript=SBOV2_78200.1 gene=SBOV2_78200
SBOV2_45710.2        -            461 367551at33208        -            388   6.8e-28   98.1   0.0   1   2   7.1e-16   1.4e-13   50.9   0.0   103   279    10   194     4   199 0.82 transcript=SBOV2_45710.2 gene=SBOV2_45710
SBOV2_45710.2        -            461 367551at33208        -            388   6.8e-28   98.1   0.0   2   2   5.1e-14     1e-11   44.8   0.0   281   336   224   279   218   286 0.94 transcript=SBOV2_45710.2 gene=SBOV2_45710
SBOV2_48100.1        -            603 367551at33208        -            388     1e-25   90.9   0.0   1   1   1.5e-27     3e-25   89.4   0.0    87   336    17   293     6   309 0.84 transcript=SBOV2_48100.1 gene=SBOV2_48100
SBOV2_48100.3        -            591 367551at33208        -            388   1.5e-24   87.1   0.0   1   1     2e-26     4e-24   85.6   0.0   103   336    20   281     9   297 0.84 transcript=SBOV2_48100.3 gene=SBOV2_48100
SBOV2_77870.1        -            659 367551at33208        -            388   6.2e-10   38.9   0.2   1   2   0.00022     0.043   13.1   0.0    10    50    89   129    80   166 0.86 transcript=SBOV2_77870.1 gene=SBOV2_77870
SBOV2_77870.1        -            659 367551at33208        -            388   6.2e-10   38.9   0.2   2   2   2.4e-07   4.8e-05   22.9   0.0   215   320   329   438   314   455 0.86 transcript=SBOV2_77870.1 gene=SBOV2_77870
SBOV2_30260.1        -           1380 367551at33208        -            388   3.1e-08   33.4   0.8   1   2   5.7e-06    0.0011   18.3   0.0    29   155   128   257   113   310 0.78 transcript=SBOV2_30260.1 gene=SBOV2_30260
SBOV2_30260.1        -           1380 367551at33208        -            388   3.1e-08   33.4   0.8   2   2   0.00021     0.042   13.2   0.1   255   339   569   657   560   666 0.81 transcript=SBOV2_30260.1 gene=SBOV2_30260
SBOV2_30260.2        -           1380 367551at33208        -            388   3.1e-08   33.4   0.8   1   2   5.7e-06    0.0011   18.3   0.0    29   155   128   257   113   310 0.78 transcript=SBOV2_30260.2 gene=SBOV2_30260
SBOV2_30260.2        -           1380 367551at33208        -            388   3.1e-08   33.4   0.8   2   2   0.00021     0.042   13.2   0.1   255   339   569   657   560   666 0.81 transcript=SBOV2_30260.2 gene=SBOV2_30260
SBOV2_62650.3        -           1017 367551at33208        -            388   1.8e-07   30.8   0.1   1   1   9.1e-09   1.8e-06   27.5   0.1    18   320   390   706   378   733 0.75 transcript=SBOV2_62650.3 gene=SBOV2_62650
SBOV2_62650.1        -           1086 367551at33208        -            388   2.1e-07   30.6   0.1   1   1     1e-08   2.1e-06   27.3   0.1    18   320   358   674   346   701 0.75 transcript=SBOV2_62650.1 gene=SBOV2_62650
SBOV2_62650.4        -           1115 367551at33208        -            388   2.3e-07   30.5   0.1   1   1   1.1e-08   2.2e-06   27.3   0.1    18   320   390   706   378   733 0.75 transcript=SBOV2_62650.4 gene=SBOV2_62650
SBOV2_62650.2        -           1118 367551at33208        -            388   2.3e-07   30.5   0.1   1   1   1.1e-08   2.2e-06   27.3   0.1    18   320   390   706   378   733 0.75 transcript=SBOV2_62650.2 gene=SBOV2_62650
SBOV2_62650.5        -           1118 367551at33208        -            388   2.3e-07   30.5   0.1   1   1   1.1e-08   2.2e-06   27.3   0.1    18   320   390   706   378   733 0.75 transcript=SBOV2_62650.5 gene=SBOV2_62650
SBOV2_57340.1        -           1135 367551at33208        -            388   1.8e-05   24.3   0.0   1   3       7.2   1.4e+03   -1.8   0.0    66   141    19    94    16    99 0.67 transcript=SBOV2_57340.1 gene=SBOV2_57340
SBOV2_57340.1        -           1135 367551at33208        -            388   1.8e-05   24.3   0.0   2   3      0.81   1.6e+02    1.4   0.0    18    64   377   422   369   541 0.90 transcript=SBOV2_57340.1 gene=SBOV2_57340
SBOV2_57340.1        -           1135 367551at33208        -            388   1.8e-05   24.3   0.0   3   3   2.7e-06   0.00053   19.4   0.0   221   317   620   719   598   730 0.80 transcript=SBOV2_57340.1 gene=SBOV2_57340
SBOV2_57340.2        -           1135 367551at33208        -            388   1.8e-05   24.3   0.0   1   3       7.2   1.4e+03   -1.8   0.0    66   141    19    94    16    99 0.67 transcript=SBOV2_57340.2 gene=SBOV2_57340
SBOV2_57340.2        -           1135 367551at33208        -            388   1.8e-05   24.3   0.0   2   3      0.81   1.6e+02    1.4   0.0    18    64   377   422   369   541 0.90 transcript=SBOV2_57340.2 gene=SBOV2_57340
SBOV2_57340.2        -           1135 367551at33208        -            388   1.8e-05   24.3   0.0   3   3   2.7e-06   0.00053   19.4   0.0   221   317   620   719   598   730 0.80 transcript=SBOV2_57340.2 gene=SBOV2_57340
SBOV2_62760.9        -           1056 367551at33208        -            388   0.00047   19.6   0.0   1   2       2.5   4.9e+02   -0.2   0.0    18    50    31    64    20    83 0.76 transcript=SBOV2_62760.9 gene=SBOV2_62760
SBOV2_62760.9        -           1056 367551at33208        -            388   0.00047   19.6   0.0   2   2   1.9e-05    0.0039   16.6   0.0   228   333   283   391   275   443 0.83 transcript=SBOV2_62760.9 gene=SBOV2_62760
SBOV2_62760.8        -           1074 367551at33208        -            388   0.00048   19.6   0.0   1   2       2.5     5e+02   -0.3   0.0    18    50    31    64    20    83 0.76 transcript=SBOV2_62760.8 gene=SBOV2_62760
SBOV2_62760.8        -           1074 367551at33208        -            388   0.00048   19.6   0.0   2   2     2e-05     0.004   16.5   0.0   228   333   283   391   275   443 0.83 transcript=SBOV2_62760.8 gene=SBOV2_62760
SBOV2_62760.5        -           1095 367551at33208        -            388   0.00049   19.5   0.0   1   2       2.6   5.2e+02   -0.3   0.0    18    50    31    64    20    82 0.76 transcript=SBOV2_62760.5 gene=SBOV2_62760
SBOV2_62760.5        -           1095 367551at33208        -            388   0.00049   19.5   0.0   2   2     2e-05    0.0041   16.5   0.0   228   333   283   391   275   443 0.83 transcript=SBOV2_62760.5 gene=SBOV2_62760
SBOV2_62760.6        -           1100 367551at33208        -            388    0.0005   19.5   0.0   1   2       2.6   5.2e+02   -0.3   0.0    18    50    31    64    20    82 0.76 transcript=SBOV2_62760.6 gene=SBOV2_62760
SBOV2_62760.6        -           1100 367551at33208        -            388    0.0005   19.5   0.0   2   2   2.1e-05    0.0041   16.5   0.0   228   333   283   391   275   443 0.83 transcript=SBOV2_62760.6 gene=SBOV2_62760
SBOV2_62760.3        -           1095 367551at33208        -            388    0.0005   19.5   0.0   1   2       2.6   5.2e+02   -0.3   0.0    18    50    31    64    20    82 0.76 transcript=SBOV2_62760.3 gene=SBOV2_62760
SBOV2_62760.3        -           1095 367551at33208        -            388    0.0005   19.5   0.0   2   2     2e-05    0.0041   16.5   0.0   228   333   283   391   275   443 0.83 transcript=SBOV2_62760.3 gene=SBOV2_62760
SBOV2_62760.1        -           1098 367551at33208        -            388   0.00051   19.5   0.0   1   2       2.6   5.2e+02   -0.3   0.0    18    50    31    64    20    82 0.76 transcript=SBOV2_62760.1 gene=SBOV2_62760
SBOV2_62760.1        -           1098 367551at33208        -            388   0.00051   19.5   0.0   2   2     2e-05    0.0041   16.5   0.0   228   333   283   391   275   443 0.83 transcript=SBOV2_62760.1 gene=SBOV2_62760
SBOV2_62760.7        -           1099 367551at33208        -            388   0.00051   19.5   0.0   1   2       2.6   5.2e+02   -0.3   0.0    18    50    31    64    20    82 0.76 transcript=SBOV2_62760.7 gene=SBOV2_62760
SBOV2_62760.7        -           1099 367551at33208        -            388   0.00051   19.5   0.0   2   2   2.1e-05    0.0041   16.5   0.0   228   333   283   391   275   443 0.83 transcript=SBOV2_62760.7 gene=SBOV2_62760
SBOV2_62760.2        -           1129 367551at33208        -            388   0.00052   19.5   0.0   1   2       2.7   5.4e+02   -0.4   0.0    18    50    31    64    20    82 0.76 transcript=SBOV2_62760.2 gene=SBOV2_62760
SBOV2_62760.2        -           1129 367551at33208        -            388   0.00052   19.5   0.0   2   2   2.1e-05    0.0043   16.4   0.0   228   333   283   391   275   443 0.83 transcript=SBOV2_62760.2 gene=SBOV2_62760
SBOV2_34180.1        -            770 367551at33208        -            388     0.036   13.4   0.0   1   1   0.00035     0.069   12.5   0.0   222   296   314   391   299   399 0.84 transcript=SBOV2_34180.1 gene=SBOV2_34180
SBOV2_86380.2        -           1129 367551at33208        -            388     0.071   12.4   0.1   1   1   0.00062      0.12   11.6   0.1   225   335   370   484   365   516 0.81 transcript=SBOV2_86380.2 gene=SBOV2_86380
SBOV2_86380.1        -           1130 367551at33208        -            388     0.072   12.4   0.1   1   1   0.00062      0.12   11.6   0.1   225   335   371   485   366   517 0.81 transcript=SBOV2_86380.1 gene=SBOV2_86380
SBOV2_47070.1        -            404 367551at33208        -            388      0.12   11.7   0.0   1   2    0.0024      0.48    9.7   0.0    27   136    32   152    18   176 0.66 transcript=SBOV2_47070.1 gene=SBOV2_47070
SBOV2_47070.1        -            404 367551at33208        -            388      0.12   11.7   0.0   2   2       5.7   1.1e+03   -1.4   0.0    33    50   255   272   221   350 0.77 transcript=SBOV2_47070.1 gene=SBOV2_47070
SBOV2_47070.2        -            404 367551at33208        -            388      0.12   11.7   0.0   1   2    0.0024      0.48    9.7   0.0    27   136    32   152    18   176 0.66 transcript=SBOV2_47070.2 gene=SBOV2_47070
SBOV2_47070.2        -            404 367551at33208        -            388      0.12   11.7   0.0   2   2       5.7   1.1e+03   -1.4   0.0    33    50   255   272   221   350 0.77 transcript=SBOV2_47070.2 gene=SBOV2_47070
#
# Program:         hmmsearch
# Version:         3.4 (Aug 2023)
# Pipeline mode:   SEARCH
# Query file:      /users/40483456/busco_datasets/busco_downloads/lineages/metazoa_odb10/hmms/367551at33208.hmm
# Target file:     /users/40483456/protein/schistosoma_bovis.fa
# Option settings: hmmsearch --domtblout /users/40483456/busco/results_pro/schistosoma_bovis_busco/run_metazoa_odb10/hmmer_output/initial_run_results/367551at33208.out --cpu 1 /users/40483456/busco_datasets/busco_downloads/lineages/metazoa_odb10/hmms/367551at33208.hmm /users/40483456/protein/schistosoma_bovis.fa 
# Current dir:     /users/40483456
# Date:            Thu Jan 15 17:46:04 2026
# [ok]
