#                                                                            --- full sequence --- -------------- this domain -------------   hmm coord   ali coord   env coord
# target name        accession   tlen query name           accession   qlen   E-value  score  bias   #  of  c-Evalue  i-Evalue  score  bias  from    to  from    to  from    to  acc description of target
#------------------- ---------- ----- -------------------- ---------- ----- --------- ------ ----- --- --- --------- --------- ------ ----- ----- ----- ----- ----- ----- ----- ---- ---------------------
SBOV2_90580.1        -            584 383313at33208        -            294   1.6e-59  201.5  11.3   1   7   0.00035         7    5.8   0.0     2    18    10    26     9    39 0.87 transcript=SBOV2_90580.1 gene=SBOV2_90580
SBOV2_90580.1        -            584 383313at33208        -            294   1.6e-59  201.5  11.3   2   7   2.1e-13   4.3e-09   36.0   0.1    22    72   102   153    98   167 0.88 transcript=SBOV2_90580.1 gene=SBOV2_90580
SBOV2_90580.1        -            584 383313at33208        -            294   1.6e-59  201.5  11.3   3   7   1.2e-10   2.5e-06   26.9   0.0    70   106   198   234   179   239 0.88 transcript=SBOV2_90580.1 gene=SBOV2_90580
SBOV2_90580.1        -            584 383313at33208        -            294   1.6e-59  201.5  11.3   4   7     1e-14   2.1e-10   40.3   0.3   105   156   269   322   262   334 0.89 transcript=SBOV2_90580.1 gene=SBOV2_90580
SBOV2_90580.1        -            584 383313at33208        -            294   1.6e-59  201.5  11.3   5   7   0.00065        13    4.9   0.1   157   175   348   366   338   372 0.86 transcript=SBOV2_90580.1 gene=SBOV2_90580
SBOV2_90580.1        -            584 383313at33208        -            294   1.6e-59  201.5  11.3   6   7   6.8e-25   1.4e-20   73.7   0.0   176   258   398   480   390   492 0.87 transcript=SBOV2_90580.1 gene=SBOV2_90580
SBOV2_90580.1        -            584 383313at33208        -            294   1.6e-59  201.5  11.3   7   7   8.9e-07     0.018   14.3   0.0   260   294   542   576   535   576 0.91 transcript=SBOV2_90580.1 gene=SBOV2_90580
#
# Program:         hmmsearch
# Version:         3.4 (Aug 2023)
# Pipeline mode:   SEARCH
# Query file:      /users/40483456/busco_datasets/busco_downloads/lineages/metazoa_odb10/hmms/383313at33208.hmm
# Target file:     /users/40483456/protein/schistosoma_bovis.fa
# Option settings: hmmsearch --domtblout /users/40483456/busco/results_pro/schistosoma_bovis_busco/run_metazoa_odb10/hmmer_output/initial_run_results/383313at33208.out --cpu 1 /users/40483456/busco_datasets/busco_downloads/lineages/metazoa_odb10/hmms/383313at33208.hmm /users/40483456/protein/schistosoma_bovis.fa 
# Current dir:     /users/40483456
# Date:            Thu Jan 15 17:45:56 2026
# [ok]
