#                                                                            --- full sequence --- -------------- this domain -------------   hmm coord   ali coord   env coord
# target name        accession   tlen query name           accession   qlen   E-value  score  bias   #  of  c-Evalue  i-Evalue  score  bias  from    to  from    to  from    to  acc description of target
#------------------- ---------- ----- -------------------- ---------- ----- --------- ------ ----- --- --- --------- --------- ------ ----- ----- ----- ----- ----- ----- ----- ---- ---------------------
SBOV2_14670.1        -            436 397019at33208        -            323  3.1e-146  486.9   2.7   1   3  2.5e-148  2.1e-145  484.2   0.1    13   291    37   322    19   327 0.94 transcript=SBOV2_14670.1 gene=SBOV2_14670
SBOV2_14670.1        -            436 397019at33208        -            323  3.1e-146  486.9   2.7   2   3      0.34   2.7e+02    0.8   0.0   287   304   355   372   335   388 0.77 transcript=SBOV2_14670.1 gene=SBOV2_14670
SBOV2_14670.1        -            436 397019at33208        -            323  3.1e-146  486.9   2.7   3   3      0.52   4.2e+02    0.2   0.1   302   323   415   436   396   436 0.82 transcript=SBOV2_14670.1 gene=SBOV2_14670
SBOV2_39240.1        -            459 397019at33208        -            323   3.5e-15   56.2   0.0   1   1   7.5e-18     6e-15   55.5   0.0    32   172    13   145     4   163 0.87 transcript=SBOV2_39240.1 gene=SBOV2_39240
SBOV2_21630.1        -           1370 397019at33208        -            323     2e-12   47.2   0.6   1   4     5e-05      0.04   13.3   0.0    49   134    23   111     4   116 0.83 transcript=SBOV2_21630.1 gene=SBOV2_21630
SBOV2_21630.1        -           1370 397019at33208        -            323     2e-12   47.2   0.6   2   4     0.026        21    4.4   0.0    33    73   426   466   412   502 0.84 transcript=SBOV2_21630.1 gene=SBOV2_21630
SBOV2_21630.1        -           1370 397019at33208        -            323     2e-12   47.2   0.6   3   4   3.6e-08   2.9e-05   23.7   0.1    64   199   580   731   556   745 0.72 transcript=SBOV2_21630.1 gene=SBOV2_21630
SBOV2_21630.1        -           1370 397019at33208        -            323     2e-12   47.2   0.6   4   4      0.69   5.6e+02   -0.3   0.0   225   249  1163  1187  1152  1227 0.86 transcript=SBOV2_21630.1 gene=SBOV2_21630
SBOV2_61050.9        -            991 397019at33208        -            323   2.4e-09   37.1   0.1   1   3   0.00043      0.35   10.3   0.0    50   145    63   159    44   171 0.87 transcript=SBOV2_61050.9 gene=SBOV2_61050
SBOV2_61050.9        -            991 397019at33208        -            323   2.4e-09   37.1   0.1   2   3   4.6e-08   3.7e-05   23.3   0.0    49   200   463   617   459   624 0.74 transcript=SBOV2_61050.9 gene=SBOV2_61050
SBOV2_61050.9        -            991 397019at33208        -            323   2.4e-09   37.1   0.1   3   3       2.5   2.1e+03   -2.1   0.1   226   249   895   918   889   932 0.79 transcript=SBOV2_61050.9 gene=SBOV2_61050
SBOV2_61050.2        -           1003 397019at33208        -            323   2.5e-09   37.0   0.1   1   3   0.00044      0.35   10.2   0.0    50   145    63   159    44   171 0.87 transcript=SBOV2_61050.2 gene=SBOV2_61050
SBOV2_61050.2        -           1003 397019at33208        -            323   2.5e-09   37.0   0.1   2   3   4.6e-08   3.8e-05   23.3   0.0    49   200   463   617   459   624 0.74 transcript=SBOV2_61050.2 gene=SBOV2_61050
SBOV2_61050.2        -           1003 397019at33208        -            323   2.5e-09   37.0   0.1   3   3       2.6   2.1e+03   -2.1   0.1   226   249   895   918   889   932 0.79 transcript=SBOV2_61050.2 gene=SBOV2_61050
SBOV2_61050.7        -           1010 397019at33208        -            323   2.6e-09   37.0   0.1   1   3   0.00044      0.36   10.2   0.0    50   145    63   159    44   171 0.87 transcript=SBOV2_61050.7 gene=SBOV2_61050
SBOV2_61050.7        -           1010 397019at33208        -            323   2.6e-09   37.0   0.1   2   3   4.7e-08   3.8e-05   23.3   0.0    49   200   463   617   459   624 0.74 transcript=SBOV2_61050.7 gene=SBOV2_61050
SBOV2_61050.7        -           1010 397019at33208        -            323   2.6e-09   37.0   0.1   3   3       2.6   2.1e+03   -2.2   0.1   226   249   895   918   889   932 0.79 transcript=SBOV2_61050.7 gene=SBOV2_61050
SBOV2_61050.14       -            931 397019at33208        -            323   2.6e-09   37.0   0.0   1   3    0.0004      0.32   10.4   0.0    50   145    63   159    44   171 0.87 transcript=SBOV2_61050.14 gene=SBOV2_61050
SBOV2_61050.14       -            931 397019at33208        -            323   2.6e-09   37.0   0.0   2   3   4.2e-08   3.4e-05   23.5   0.0    49   200   463   617   459   624 0.74 transcript=SBOV2_61050.14 gene=SBOV2_61050
SBOV2_61050.14       -            931 397019at33208        -            323   2.6e-09   37.0   0.0   3   3       5.8   4.7e+03   -3.3   0.0   226   245   895   914   890   919 0.84 transcript=SBOV2_61050.14 gene=SBOV2_61050
SBOV2_61050.6        -           1022 397019at33208        -            323   2.7e-09   36.9   0.1   1   3   0.00045      0.36   10.2   0.0    50   145    63   159    44   171 0.87 transcript=SBOV2_61050.6 gene=SBOV2_61050
SBOV2_61050.6        -           1022 397019at33208        -            323   2.7e-09   36.9   0.1   2   3   4.8e-08   3.9e-05   23.3   0.0    49   200   475   629   471   636 0.74 transcript=SBOV2_61050.6 gene=SBOV2_61050
SBOV2_61050.6        -           1022 397019at33208        -            323   2.7e-09   36.9   0.1   3   3       2.6   2.1e+03   -2.2   0.1   226   249   907   930   901   944 0.79 transcript=SBOV2_61050.6 gene=SBOV2_61050
SBOV2_61050.10       -           1023 397019at33208        -            323   2.9e-09   36.8   0.1   1   3   0.00048      0.39   10.1   0.0    50   145    29   125    14   137 0.87 transcript=SBOV2_61050.10 gene=SBOV2_61050
SBOV2_61050.10       -           1023 397019at33208        -            323   2.9e-09   36.8   0.1   2   3   4.8e-08   3.9e-05   23.3   0.0    49   200   429   583   425   590 0.74 transcript=SBOV2_61050.10 gene=SBOV2_61050
SBOV2_61050.10       -           1023 397019at33208        -            323   2.9e-09   36.8   0.1   3   3       2.6   2.1e+03   -2.2   0.1   226   249   861   884   855   898 0.79 transcript=SBOV2_61050.10 gene=SBOV2_61050
SBOV2_61050.5        -            840 397019at33208        -            323   2.9e-09   36.8   0.0   1   2   0.00034      0.27   10.6   0.0    50   145    63   159    44   172 0.87 transcript=SBOV2_61050.5 gene=SBOV2_61050
SBOV2_61050.5        -            840 397019at33208        -            323   2.9e-09   36.8   0.0   2   2   3.6e-08   2.9e-05   23.7   0.0    49   200   463   617   459   624 0.74 transcript=SBOV2_61050.5 gene=SBOV2_61050
SBOV2_61050.1        -           1057 397019at33208        -            323     3e-09   36.8   0.1   1   3   0.00047      0.38   10.1   0.0    50   145    63   159    44   171 0.87 transcript=SBOV2_61050.1 gene=SBOV2_61050
SBOV2_61050.1        -           1057 397019at33208        -            323     3e-09   36.8   0.1   2   3     5e-08   4.1e-05   23.2   0.0    49   200   463   617   459   624 0.74 transcript=SBOV2_61050.1 gene=SBOV2_61050
SBOV2_61050.1        -           1057 397019at33208        -            323     3e-09   36.8   0.1   3   3       2.7   2.2e+03   -2.2   0.1   226   249   895   918   889   932 0.79 transcript=SBOV2_61050.1 gene=SBOV2_61050
SBOV2_61050.12       -           1057 397019at33208        -            323     3e-09   36.8   0.1   1   3   0.00047      0.38   10.1   0.0    50   145    63   159    44   171 0.87 transcript=SBOV2_61050.12 gene=SBOV2_61050
SBOV2_61050.12       -           1057 397019at33208        -            323     3e-09   36.8   0.1   2   3     5e-08   4.1e-05   23.2   0.0    49   200   463   617   459   624 0.74 transcript=SBOV2_61050.12 gene=SBOV2_61050
SBOV2_61050.12       -           1057 397019at33208        -            323     3e-09   36.8   0.1   3   3       2.7   2.2e+03   -2.2   0.1   226   249   895   918   889   932 0.79 transcript=SBOV2_61050.12 gene=SBOV2_61050
SBOV2_61050.4        -            920 397019at33208        -            323     3e-09   36.8   0.1   1   2   0.00039      0.31   10.4   0.0    50   145    63   159    44   171 0.87 transcript=SBOV2_61050.4 gene=SBOV2_61050
SBOV2_61050.4        -            920 397019at33208        -            323     3e-09   36.8   0.1   2   2   4.1e-08   3.3e-05   23.5   0.0    49   200   463   617   459   624 0.74 transcript=SBOV2_61050.4 gene=SBOV2_61050
SBOV2_61050.8        -           1069 397019at33208        -            323   3.1e-09   36.7   0.1   1   3   0.00048      0.39   10.1   0.0    50   145    63   159    44   171 0.87 transcript=SBOV2_61050.8 gene=SBOV2_61050
SBOV2_61050.8        -           1069 397019at33208        -            323   3.1e-09   36.7   0.1   2   3   5.1e-08   4.1e-05   23.2   0.0    49   200   475   629   471   636 0.74 transcript=SBOV2_61050.8 gene=SBOV2_61050
SBOV2_61050.8        -           1069 397019at33208        -            323   3.1e-09   36.7   0.1   3   3       2.8   2.2e+03   -2.2   0.1   226   249   907   930   901   944 0.79 transcript=SBOV2_61050.8 gene=SBOV2_61050
SBOV2_61050.15       -            865 397019at33208        -            323   3.2e-09   36.7   0.0   1   2   0.00036      0.29   10.5   0.0    50   145    63   159    44   171 0.87 transcript=SBOV2_61050.15 gene=SBOV2_61050
SBOV2_61050.15       -            865 397019at33208        -            323   3.2e-09   36.7   0.0   2   2   3.7e-08     3e-05   23.6   0.0    49   200   463   617   459   624 0.74 transcript=SBOV2_61050.15 gene=SBOV2_61050
SBOV2_21630.2        -            983 397019at33208        -            323   1.8e-08   34.2   0.2   1   3     0.017        14    5.0   0.0    33    73    39    79    25   120 0.84 transcript=SBOV2_21630.2 gene=SBOV2_21630
SBOV2_21630.2        -            983 397019at33208        -            323   1.8e-08   34.2   0.2   2   3   2.2e-08   1.8e-05   24.3   0.1    64   199   193   344   168   358 0.72 transcript=SBOV2_21630.2 gene=SBOV2_21630
SBOV2_21630.2        -            983 397019at33208        -            323   1.8e-08   34.2   0.2   3   3      0.44   3.6e+02    0.4   0.0   225   249   776   800   764   842 0.85 transcript=SBOV2_21630.2 gene=SBOV2_21630
SBOV2_61050.3        -           1043 397019at33208        -            323   2.3e-08   33.9   0.3   1   3   0.00046      0.37   10.2   0.0    50   145    63   159    44   171 0.87 transcript=SBOV2_61050.3 gene=SBOV2_61050
SBOV2_61050.3        -           1043 397019at33208        -            323   2.3e-08   33.9   0.3   2   3   3.5e-07   0.00028   20.4   0.0    49   171   463   587   459   599 0.72 transcript=SBOV2_61050.3 gene=SBOV2_61050
SBOV2_61050.3        -           1043 397019at33208        -            323   2.3e-08   33.9   0.3   3   3       2.7   2.2e+03   -2.2   0.1   226   249   881   904   875   918 0.79 transcript=SBOV2_61050.3 gene=SBOV2_61050
SBOV2_84730.1        -            773 397019at33208        -            323   8.3e-08   32.0   0.2   1   2   3.8e-10   3.1e-07   30.2   0.0    55   173     8   120     3   140 0.85 transcript=SBOV2_84730.1 gene=SBOV2_84730
SBOV2_84730.1        -            773 397019at33208        -            323   8.3e-08   32.0   0.2   2   2       3.3   2.7e+03   -2.5   0.0   228   247   440   459   433   470 0.70 transcript=SBOV2_84730.1 gene=SBOV2_84730
SBOV2_61050.13       -            807 397019at33208        -            323   6.5e-06   25.8   0.0   1   2   3.3e-08   2.7e-05   23.8   0.0    49   200   213   367   209   374 0.74 transcript=SBOV2_61050.13 gene=SBOV2_61050
SBOV2_61050.13       -            807 397019at33208        -            323   6.5e-06   25.8   0.0   2   2       1.9   1.6e+03   -1.7   0.1   226   249   645   668   638   683 0.79 transcript=SBOV2_61050.13 gene=SBOV2_61050
SBOV2_61050.11       -            843 397019at33208        -            323   7.2e-06   25.7   0.0   1   2   3.6e-08   2.9e-05   23.7   0.0    49   200   249   403   245   410 0.74 transcript=SBOV2_61050.11 gene=SBOV2_61050
SBOV2_61050.11       -            843 397019at33208        -            323   7.2e-06   25.7   0.0   2   2         2   1.7e+03   -1.8   0.1   226   249   681   704   674   719 0.79 transcript=SBOV2_61050.11 gene=SBOV2_61050
SBOV2_57540.2        -            426 397019at33208        -            323   1.9e-05   24.3   0.1   1   2     9e-08   7.3e-05   22.4   0.0    54   125    22    94    12   137 0.81 transcript=SBOV2_57540.2 gene=SBOV2_57540
SBOV2_57540.2        -            426 397019at33208        -            323   1.9e-05   24.3   0.1   2   2       1.9   1.5e+03   -1.7   0.0   185   203   159   177   152   181 0.87 transcript=SBOV2_57540.2 gene=SBOV2_57540
SBOV2_57540.1        -            456 397019at33208        -            323   2.3e-05   24.0   0.1   1   2     1e-07   8.4e-05   22.2   0.0    54   125    52   124    43   167 0.81 transcript=SBOV2_57540.1 gene=SBOV2_57540
SBOV2_57540.1        -            456 397019at33208        -            323   2.3e-05   24.0   0.1   2   2       2.1   1.7e+03   -1.8   0.0   185   203   189   207   182   211 0.87 transcript=SBOV2_57540.1 gene=SBOV2_57540
SBOV2_57540.4        -           1179 397019at33208        -            323   0.00033   20.2   0.0   1   3       4.1   3.3e+03   -2.8   0.2   118   177   241   302   226   325 0.71 transcript=SBOV2_57540.4 gene=SBOV2_57540
SBOV2_57540.4        -           1179 397019at33208        -            323   0.00033   20.2   0.0   2   3   4.1e-07   0.00033   20.2   0.0    54   124   811   882   802   924 0.82 transcript=SBOV2_57540.4 gene=SBOV2_57540
SBOV2_57540.4        -           1179 397019at33208        -            323   0.00033   20.2   0.0   3   3       7.1   5.7e+03   -3.6   0.0   186   203   949   966   943   969 0.88 transcript=SBOV2_57540.4 gene=SBOV2_57540
SBOV2_57540.3        -           1182 397019at33208        -            323   0.00033   20.2   0.0   1   3       4.1   3.4e+03   -2.8   0.2   118   177   241   302   226   325 0.71 transcript=SBOV2_57540.3 gene=SBOV2_57540
SBOV2_57540.3        -           1182 397019at33208        -            323   0.00033   20.2   0.0   2   3   4.1e-07   0.00033   20.2   0.0    54   124   811   882   802   924 0.82 transcript=SBOV2_57540.3 gene=SBOV2_57540
SBOV2_57540.3        -           1182 397019at33208        -            323   0.00033   20.2   0.0   3   3       7.1   5.7e+03   -3.6   0.0   186   203   949   966   943   969 0.88 transcript=SBOV2_57540.3 gene=SBOV2_57540
SBOV2_53010.1        -            352 397019at33208        -            323    0.0053   16.2   0.0   1   1   1.1e-05    0.0091   15.5   0.0    45   141    28   125    12   150 0.89 transcript=SBOV2_53010.1 gene=SBOV2_53010
#
# Program:         hmmsearch
# Version:         3.4 (Aug 2023)
# Pipeline mode:   SEARCH
# Query file:      /users/40483456/busco_datasets/busco_downloads/lineages/metazoa_odb10/hmms/397019at33208.hmm
# Target file:     /users/40483456/protein/schistosoma_bovis.fa
# Option settings: hmmsearch --domtblout /users/40483456/busco/results_pro/schistosoma_bovis_busco/run_metazoa_odb10/hmmer_output/initial_run_results/397019at33208.out --cpu 1 /users/40483456/busco_datasets/busco_downloads/lineages/metazoa_odb10/hmms/397019at33208.hmm /users/40483456/protein/schistosoma_bovis.fa 
# Current dir:     /users/40483456
# Date:            Thu Jan 15 17:45:54 2026
# [ok]
