#                                                                            --- full sequence --- -------------- this domain -------------   hmm coord   ali coord   env coord
# target name        accession   tlen query name           accession   qlen   E-value  score  bias   #  of  c-Evalue  i-Evalue  score  bias  from    to  from    to  from    to  acc description of target
#------------------- ---------- ----- -------------------- ---------- ----- --------- ------ ----- --- --- --------- --------- ------ ----- ----- ----- ----- ----- ----- ----- ---- ---------------------
SBOV2_40590.2        -           1202 454911at33208        -            647  1.2e-102  344.5  26.0   1   7   4.2e-20   4.2e-16   58.5   0.0     1    66   124   193   124   223 0.88 transcript=SBOV2_40590.2 gene=SBOV2_40590
SBOV2_40590.2        -           1202 454911at33208        -            647  1.2e-102  344.5  26.0   2   7   3.8e-05      0.39    9.1   0.1    58    93   226   261   201   275 0.80 transcript=SBOV2_40590.2 gene=SBOV2_40590
SBOV2_40590.2        -           1202 454911at33208        -            647  1.2e-102  344.5  26.0   3   7   8.1e-27   8.2e-23   80.7  11.1    87   201   298   432   282   443 0.77 transcript=SBOV2_40590.2 gene=SBOV2_40590
SBOV2_40590.2        -           1202 454911at33208        -            647  1.2e-102  344.5  26.0   4   7   1.3e-10   1.3e-06   27.2   0.0   201   286   463   551   455   560 0.88 transcript=SBOV2_40590.2 gene=SBOV2_40590
SBOV2_40590.2        -           1202 454911at33208        -            647  1.2e-102  344.5  26.0   5   7   1.5e-06     0.015   13.7   0.0   392   426   854   889   837   897 0.92 transcript=SBOV2_40590.2 gene=SBOV2_40590
SBOV2_40590.2        -           1202 454911at33208        -            647  1.2e-102  344.5  26.0   6   7   4.7e-26   4.7e-22   78.2   0.2   430   523   933  1031   917  1041 0.86 transcript=SBOV2_40590.2 gene=SBOV2_40590
SBOV2_40590.2        -           1202 454911at33208        -            647  1.2e-102  344.5  26.0   7   7   2.7e-25   2.8e-21   75.7   0.1   525   641  1067  1187  1063  1193 0.92 transcript=SBOV2_40590.2 gene=SBOV2_40590
SBOV2_40590.1        -            900 454911at33208        -            647   2.6e-57  194.7  21.6   1   6   2.8e-20   2.8e-16   59.1   0.0     1    66   124   193   124   227 0.87 transcript=SBOV2_40590.1 gene=SBOV2_40590
SBOV2_40590.1        -            900 454911at33208        -            647   2.6e-57  194.7  21.6   2   6   2.8e-05      0.28    9.6   0.1    58    93   226   261   202   275 0.80 transcript=SBOV2_40590.1 gene=SBOV2_40590
SBOV2_40590.1        -            900 454911at33208        -            647   2.6e-57  194.7  21.6   3   6   5.4e-27   5.4e-23   81.3  11.1    87   201   298   432   282   443 0.77 transcript=SBOV2_40590.1 gene=SBOV2_40590
SBOV2_40590.1        -            900 454911at33208        -            647   2.6e-57  194.7  21.6   4   6   8.9e-11     9e-07   27.7   0.0   201   286   463   551   455   560 0.88 transcript=SBOV2_40590.1 gene=SBOV2_40590
SBOV2_40590.1        -            900 454911at33208        -            647   2.6e-57  194.7  21.6   5   6      0.32   3.3e+03   -3.9   0.1   318   349   646   677   632   687 0.67 transcript=SBOV2_40590.1 gene=SBOV2_40590
SBOV2_40590.1        -            900 454911at33208        -            647   2.6e-57  194.7  21.6   6   6     1e-06      0.01   14.3   0.0   392   427   854   890   836   899 0.91 transcript=SBOV2_40590.1 gene=SBOV2_40590
#
# Program:         hmmsearch
# Version:         3.4 (Aug 2023)
# Pipeline mode:   SEARCH
# Query file:      /users/40483456/busco_datasets/busco_downloads/lineages/metazoa_odb10/hmms/454911at33208.hmm
# Target file:     /users/40483456/protein/schistosoma_bovis.fa
# Option settings: hmmsearch --domtblout /users/40483456/busco/results_pro/schistosoma_bovis_busco/run_metazoa_odb10/hmmer_output/initial_run_results/454911at33208.out --cpu 1 /users/40483456/busco_datasets/busco_downloads/lineages/metazoa_odb10/hmms/454911at33208.hmm /users/40483456/protein/schistosoma_bovis.fa 
# Current dir:     /users/40483456
# Date:            Thu Jan 15 17:46:12 2026
# [ok]
