#                                                                            --- full sequence --- -------------- this domain -------------   hmm coord   ali coord   env coord
# target name        accession   tlen query name           accession   qlen   E-value  score  bias   #  of  c-Evalue  i-Evalue  score  bias  from    to  from    to  from    to  acc description of target
#------------------- ---------- ----- -------------------- ---------- ----- --------- ------ ----- --- --- --------- --------- ------ ----- ----- ----- ----- ----- ----- ----- ---- ---------------------
SBOV2_48730.2        -            395 463071at33208        -            272   8.8e-38  130.3   2.3   1   2   8.4e-38   1.2e-35  123.3   2.2    31   258    85   357    57   382 0.77 transcript=SBOV2_48730.2 gene=SBOV2_48730
SBOV2_48730.2        -            395 463071at33208        -            272   8.8e-38  130.3   2.3   2   2       4.4   6.1e+02   -0.4   0.0   183   206   364   387   357   390 0.79 transcript=SBOV2_48730.2 gene=SBOV2_48730
SBOV2_48730.1        -            442 463071at33208        -            272   1.5e-37  129.5   2.4   1   2   1.3e-37   1.8e-35  122.7   2.3    31   258   132   404   104   429 0.77 transcript=SBOV2_48730.1 gene=SBOV2_48730
SBOV2_48730.1        -            442 463071at33208        -            272   1.5e-37  129.5   2.4   2   2       5.2   7.2e+02   -0.6   0.0   183   206   411   434   405   437 0.79 transcript=SBOV2_48730.1 gene=SBOV2_48730
SBOV2_48730.3        -            337 463071at33208        -            272   2.5e-22   79.6   0.5   1   1   1.3e-22   1.8e-20   73.5   0.5    31   203   132   336   100   337 0.76 transcript=SBOV2_48730.3 gene=SBOV2_48730
SBOV2_48800.1        -            307 463071at33208        -            272   9.2e-13   48.2   0.3   1   5    0.0016      0.22   10.9   0.0   182   246    21    90     7    97 0.78 transcript=SBOV2_48800.1 gene=SBOV2_48800
SBOV2_48800.1        -            307 463071at33208        -            272   9.2e-13   48.2   0.3   2   5     0.012       1.7    8.0   0.0   124   173    86   139    81   145 0.77 transcript=SBOV2_48800.1 gene=SBOV2_48800
SBOV2_48800.1        -            307 463071at33208        -            272   9.2e-13   48.2   0.3   3   5   3.5e-08   4.8e-06   26.2   0.0   119   196   123   204   109   224 0.84 transcript=SBOV2_48800.1 gene=SBOV2_48800
SBOV2_48800.1        -            307 463071at33208        -            272   9.2e-13   48.2   0.3   4   5       1.5     2e+02    1.2   0.0    75    95   231   251   204   255 0.89 transcript=SBOV2_48800.1 gene=SBOV2_48800
SBOV2_48800.1        -            307 463071at33208        -            272   9.2e-13   48.2   0.3   5   5      0.13        18    4.6   0.1   144   201   237   296   227   302 0.66 transcript=SBOV2_48800.1 gene=SBOV2_48800
SBOV2_48800.2        -            307 463071at33208        -            272   9.2e-13   48.2   0.3   1   5    0.0016      0.22   10.9   0.0   182   246    21    90     7    97 0.78 transcript=SBOV2_48800.2 gene=SBOV2_48800
SBOV2_48800.2        -            307 463071at33208        -            272   9.2e-13   48.2   0.3   2   5     0.012       1.7    8.0   0.0   124   173    86   139    81   145 0.77 transcript=SBOV2_48800.2 gene=SBOV2_48800
SBOV2_48800.2        -            307 463071at33208        -            272   9.2e-13   48.2   0.3   3   5   3.5e-08   4.8e-06   26.2   0.0   119   196   123   204   109   224 0.84 transcript=SBOV2_48800.2 gene=SBOV2_48800
SBOV2_48800.2        -            307 463071at33208        -            272   9.2e-13   48.2   0.3   4   5       1.5     2e+02    1.2   0.0    75    95   231   251   204   255 0.89 transcript=SBOV2_48800.2 gene=SBOV2_48800
SBOV2_48800.2        -            307 463071at33208        -            272   9.2e-13   48.2   0.3   5   5      0.13        18    4.6   0.1   144   201   237   296   227   302 0.66 transcript=SBOV2_48800.2 gene=SBOV2_48800
SBOV2_27700.1        -            303 463071at33208        -            272   9.7e-13   48.2   0.4   1   3   4.1e-07   5.6e-05   22.7   0.0   156   209    83   135    62   140 0.79 transcript=SBOV2_27700.1 gene=SBOV2_27700
SBOV2_27700.1        -            303 463071at33208        -            272   9.7e-13   48.2   0.4   2   3   0.00038     0.052   13.0   0.0   129   207   138   216   132   224 0.77 transcript=SBOV2_27700.1 gene=SBOV2_27700
SBOV2_27700.1        -            303 463071at33208        -            272   9.7e-13   48.2   0.4   3   3   1.6e-05    0.0022   17.5   0.0   103   176   191   271   185   300 0.80 transcript=SBOV2_27700.1 gene=SBOV2_27700
SBOV2_61540.2        -            387 463071at33208        -            272   7.4e-12   45.2   0.2   1   4      0.46        63    2.9   0.0    33    58    59    83    49    88 0.84 transcript=SBOV2_61540.2 gene=SBOV2_61540
SBOV2_61540.2        -            387 463071at33208        -            272   7.4e-12   45.2   0.2   2   4   1.9e-06   0.00027   20.5   0.1   121   244    82   213    78   219 0.77 transcript=SBOV2_61540.2 gene=SBOV2_61540
SBOV2_61540.2        -            387 463071at33208        -            272   7.4e-12   45.2   0.2   3   4   6.4e-05    0.0088   15.5   0.1   110   239   111   249   111   251 0.72 transcript=SBOV2_61540.2 gene=SBOV2_61540
SBOV2_61540.2        -            387 463071at33208        -            272   7.4e-12   45.2   0.2   4   4   2.1e-05    0.0029   17.1   0.0   138   207   315   385   309   387 0.83 transcript=SBOV2_61540.2 gene=SBOV2_61540
SBOV2_29000.1        -            463 463071at33208        -            272     9e-12   45.0   0.3   1   3     0.032       4.3    6.7   0.0   139   206    15    83     7    90 0.73 transcript=SBOV2_29000.1 gene=SBOV2_29000
SBOV2_29000.1        -            463 463071at33208        -            272     9e-12   45.0   0.3   2   3     6e-10   8.2e-08   32.0   0.0   101   238    99   244    91   251 0.80 transcript=SBOV2_29000.1 gene=SBOV2_29000
SBOV2_29000.1        -            463 463071at33208        -            272     9e-12   45.0   0.3   3   3      0.22        31    3.9   0.0    33    93   224   284   211   290 0.80 transcript=SBOV2_29000.1 gene=SBOV2_29000
SBOV2_29000.2        -            481 463071at33208        -            272   1.1e-11   44.7   0.3   1   3     0.034       4.7    6.6   0.0   139   206    15    83     7    89 0.73 transcript=SBOV2_29000.2 gene=SBOV2_29000
SBOV2_29000.2        -            481 463071at33208        -            272   1.1e-11   44.7   0.3   2   3   1.3e-09   1.8e-07   30.9   0.0   101   215    99   218    91   244 0.77 transcript=SBOV2_29000.2 gene=SBOV2_29000
SBOV2_29000.2        -            481 463071at33208        -            272   1.1e-11   44.7   0.3   3   3      0.27        38    3.6   0.0    33    93   224   284   213   288 0.80 transcript=SBOV2_29000.2 gene=SBOV2_29000
SBOV2_61540.1        -            450 463071at33208        -            272   1.6e-11   44.2   0.2   1   3      0.44        60    2.9   0.0    33    58   122   146   112   156 0.83 transcript=SBOV2_61540.1 gene=SBOV2_61540
SBOV2_61540.1        -            450 463071at33208        -            272   1.6e-11   44.2   0.2   2   3   2.1e-06   0.00029   20.4   0.1   121   244   145   276   139   282 0.78 transcript=SBOV2_61540.1 gene=SBOV2_61540
SBOV2_61540.1        -            450 463071at33208        -            272   1.6e-11   44.2   0.2   3   3   2.7e-05    0.0037   16.7   0.0   138   207   378   448   372   450 0.83 transcript=SBOV2_61540.1 gene=SBOV2_61540
SBOV2_56000.1        -            514 463071at33208        -            272   1.9e-11   43.9   0.4   1   3     0.005      0.68    9.3   0.0   183   228   218   263   208   270 0.81 transcript=SBOV2_56000.1 gene=SBOV2_56000
SBOV2_56000.1        -            514 463071at33208        -            272   1.9e-11   43.9   0.4   2   3   5.1e-05     0.007   15.8   0.1   136   217   262   345   252   349 0.63 transcript=SBOV2_56000.1 gene=SBOV2_56000
SBOV2_56000.1        -            514 463071at33208        -            272   1.9e-11   43.9   0.4   3   3   1.8e-05    0.0025   17.3   0.2   124   187   333   400   328   431 0.78 transcript=SBOV2_56000.1 gene=SBOV2_56000
SBOV2_12720.1        -            367 463071at33208        -            272   1.4e-10   41.1   0.2   1   3   1.4e-07   1.9e-05   24.3   0.1   107   233    79   214    67   216 0.80 transcript=SBOV2_12720.1 gene=SBOV2_12720
SBOV2_12720.1        -            367 463071at33208        -            272   1.4e-10   41.1   0.2   2   3   0.00087      0.12   11.8   0.0   120   210   180   272   179   280 0.76 transcript=SBOV2_12720.1 gene=SBOV2_12720
SBOV2_12720.1        -            367 463071at33208        -            272   1.4e-10   41.1   0.2   3   3     0.017       2.3    7.6   0.0   143   175   296   330   287   358 0.77 transcript=SBOV2_12720.1 gene=SBOV2_12720
SBOV2_8280.1         -            764 463071at33208        -            272   2.3e-10   40.4   0.0   1   3   0.00033     0.045   13.2   0.0   141   234    17   115     7   120 0.76 transcript=SBOV2_8280.1 gene=SBOV2_8280
SBOV2_8280.1         -            764 463071at33208        -            272   2.3e-10   40.4   0.0   2   3   5.2e-07   7.2e-05   22.3   0.0   140   249   101   216    98   222 0.82 transcript=SBOV2_8280.1 gene=SBOV2_8280
SBOV2_8280.1         -            764 463071at33208        -            272   2.3e-10   40.4   0.0   3   3      0.21        28    4.0   0.0   136   173   225   263   223   294 0.88 transcript=SBOV2_8280.1 gene=SBOV2_8280
SBOV2_8280.3         -            735 463071at33208        -            272   1.5e-09   37.6   0.0   1   3    0.0023      0.32   10.4   0.0   140   235    30    87     5    92 0.53 transcript=SBOV2_8280.3 gene=SBOV2_8280
SBOV2_8280.3         -            735 463071at33208        -            272   1.5e-09   37.6   0.0   2   3   4.8e-07   6.6e-05   22.5   0.0   140   249    72   187    69   194 0.82 transcript=SBOV2_8280.3 gene=SBOV2_8280
SBOV2_8280.3         -            735 463071at33208        -            272   1.5e-09   37.6   0.0   3   3      0.22        30    3.9   0.0   136   173   196   234   191   238 0.85 transcript=SBOV2_8280.3 gene=SBOV2_8280
SBOV2_33250.1        -            534 463071at33208        -            272   2.1e-09   37.2   0.0   1   2     0.008       1.1    8.6   0.0   122   199   267   347   246   354 0.73 transcript=SBOV2_33250.1 gene=SBOV2_33250
SBOV2_33250.1        -            534 463071at33208        -            272   2.1e-09   37.2   0.0   2   2   4.2e-08   5.8e-06   25.9   0.0   141   246   377   493   368   517 0.79 transcript=SBOV2_33250.1 gene=SBOV2_33250
SBOV2_48780.7        -           1631 463071at33208        -            272   2.5e-09   36.9   1.2   1   5    0.0055      0.75    9.2   0.1   128   199    23    94    10   113 0.80 transcript=SBOV2_48780.7 gene=SBOV2_48780
SBOV2_48780.7        -           1631 463071at33208        -            272   2.5e-09   36.9   1.2   2   5   0.00092      0.13   11.7   0.1   109   200    42   140    35   180 0.75 transcript=SBOV2_48780.7 gene=SBOV2_48780
SBOV2_48780.7        -           1631 463071at33208        -            272   2.5e-09   36.9   1.2   3   5       1.2   1.6e+02    1.5   0.0   179   217   324   360   289   364 0.80 transcript=SBOV2_48780.7 gene=SBOV2_48780
SBOV2_48780.7        -           1631 463071at33208        -            272   2.5e-09   36.9   1.2   4   5   0.00029      0.04   13.3   0.0   166   229   619   685   607   711 0.75 transcript=SBOV2_48780.7 gene=SBOV2_48780
SBOV2_48780.7        -           1631 463071at33208        -            272   2.5e-09   36.9   1.2   5   5      0.42        58    3.0   0.0   107   168   840   907   832   926 0.77 transcript=SBOV2_48780.7 gene=SBOV2_48780
SBOV2_48780.12       -           1552 463071at33208        -            272   2.9e-09   36.7   1.3   1   4    0.0059      0.81    9.1   0.1   128   199    23    94    11   106 0.80 transcript=SBOV2_48780.12 gene=SBOV2_48780
SBOV2_48780.12       -           1552 463071at33208        -            272   2.9e-09   36.7   1.3   2   4       1.1   1.5e+02    1.6   0.0   179   217   324   360   289   364 0.80 transcript=SBOV2_48780.12 gene=SBOV2_48780
SBOV2_48780.12       -           1552 463071at33208        -            272   2.9e-09   36.7   1.3   3   4   0.00027     0.037   13.4   0.0   166   229   610   676   598   703 0.75 transcript=SBOV2_48780.12 gene=SBOV2_48780
SBOV2_48780.12       -           1552 463071at33208        -            272   2.9e-09   36.7   1.3   4   4       0.4        55    3.0   0.0   107   168   831   898   823   917 0.77 transcript=SBOV2_48780.12 gene=SBOV2_48780
SBOV2_48780.6        -           1625 463071at33208        -            272   2.9e-09   36.7   1.2   1   5    0.0055      0.75    9.2   0.1   128   199    23    94    10   113 0.80 transcript=SBOV2_48780.6 gene=SBOV2_48780
SBOV2_48780.6        -           1625 463071at33208        -            272   2.9e-09   36.7   1.2   2   5   0.00092      0.13   11.7   0.1   109   200    42   140    35   180 0.75 transcript=SBOV2_48780.6 gene=SBOV2_48780
SBOV2_48780.6        -           1625 463071at33208        -            272   2.9e-09   36.7   1.2   3   5       1.2   1.6e+02    1.5   0.0   179   217   324   360   289   364 0.80 transcript=SBOV2_48780.6 gene=SBOV2_48780
SBOV2_48780.6        -           1625 463071at33208        -            272   2.9e-09   36.7   1.2   4   5   0.00029      0.04   13.3   0.0   166   229   619   685   607   711 0.75 transcript=SBOV2_48780.6 gene=SBOV2_48780
SBOV2_48780.6        -           1625 463071at33208        -            272   2.9e-09   36.7   1.2   5   5      0.42        58    3.0   0.0   107   168   840   907   832   926 0.77 transcript=SBOV2_48780.6 gene=SBOV2_48780
SBOV2_48780.1        -           1561 463071at33208        -            272     3e-09   36.7   1.3   1   4    0.0059      0.81    9.0   0.1   128   199    23    94    11   106 0.80 transcript=SBOV2_48780.1 gene=SBOV2_48780
SBOV2_48780.1        -           1561 463071at33208        -            272     3e-09   36.7   1.3   2   4       1.1   1.5e+02    1.6   0.0   179   217   324   360   289   364 0.80 transcript=SBOV2_48780.1 gene=SBOV2_48780
SBOV2_48780.1        -           1561 463071at33208        -            272     3e-09   36.7   1.3   3   4   0.00027     0.038   13.4   0.0   166   229   619   685   607   712 0.75 transcript=SBOV2_48780.1 gene=SBOV2_48780
SBOV2_48780.1        -           1561 463071at33208        -            272     3e-09   36.7   1.3   4   4       0.4        55    3.0   0.0   107   168   840   907   832   926 0.77 transcript=SBOV2_48780.1 gene=SBOV2_48780
SBOV2_48780.10       -           1561 463071at33208        -            272     3e-09   36.7   1.3   1   4    0.0059      0.81    9.0   0.1   128   199    23    94    11   106 0.80 transcript=SBOV2_48780.10 gene=SBOV2_48780
SBOV2_48780.10       -           1561 463071at33208        -            272     3e-09   36.7   1.3   2   4       1.1   1.5e+02    1.6   0.0   179   217   324   360   289   364 0.80 transcript=SBOV2_48780.10 gene=SBOV2_48780
SBOV2_48780.10       -           1561 463071at33208        -            272     3e-09   36.7   1.3   3   4   0.00027     0.038   13.4   0.0   166   229   619   685   607   712 0.75 transcript=SBOV2_48780.10 gene=SBOV2_48780
SBOV2_48780.10       -           1561 463071at33208        -            272     3e-09   36.7   1.3   4   4       0.4        55    3.0   0.0   107   168   840   907   832   926 0.77 transcript=SBOV2_48780.10 gene=SBOV2_48780
SBOV2_48780.8        -           1545 463071at33208        -            272   3.2e-09   36.6   1.4   1   4    0.0058       0.8    9.1   0.1   128   199    23    94    11   106 0.80 transcript=SBOV2_48780.8 gene=SBOV2_48780
SBOV2_48780.8        -           1545 463071at33208        -            272   3.2e-09   36.6   1.4   2   4         1   1.4e+02    1.7   0.0   179   217   324   360   289   365 0.81 transcript=SBOV2_48780.8 gene=SBOV2_48780
SBOV2_48780.8        -           1545 463071at33208        -            272   3.2e-09   36.6   1.4   3   4   0.00027     0.037   13.4   0.0   166   229   619   685   607   712 0.75 transcript=SBOV2_48780.8 gene=SBOV2_48780
SBOV2_48780.8        -           1545 463071at33208        -            272   3.2e-09   36.6   1.4   4   4       0.4        55    3.1   0.0   107   168   840   907   832   926 0.77 transcript=SBOV2_48780.8 gene=SBOV2_48780
SBOV2_48780.5        -           1824 463071at33208        -            272   5.2e-09   35.9   1.2   1   4   0.00079      0.11   11.9   0.1   109   200    42   140    20   181 0.72 transcript=SBOV2_48780.5 gene=SBOV2_48780
SBOV2_48780.5        -           1824 463071at33208        -            272   5.2e-09   35.9   1.2   2   4       1.3   1.8e+02    1.3   0.0   179   217   324   360   290   364 0.81 transcript=SBOV2_48780.5 gene=SBOV2_48780
SBOV2_48780.5        -           1824 463071at33208        -            272   5.2e-09   35.9   1.2   3   4   0.00033     0.045   13.2   0.0   166   229   610   676   598   702 0.75 transcript=SBOV2_48780.5 gene=SBOV2_48780
SBOV2_48780.5        -           1824 463071at33208        -            272   5.2e-09   35.9   1.2   4   4      0.48        66    2.8   0.0   107   168   831   898   823   917 0.77 transcript=SBOV2_48780.5 gene=SBOV2_48780
SBOV2_48780.11       -           1829 463071at33208        -            272   5.3e-09   35.9   1.2   1   4    0.0008      0.11   11.9   0.1   109   200    42   140    20   181 0.72 transcript=SBOV2_48780.11 gene=SBOV2_48780
SBOV2_48780.11       -           1829 463071at33208        -            272   5.3e-09   35.9   1.2   2   4       1.3   1.9e+02    1.3   0.0   179   217   324   360   290   364 0.81 transcript=SBOV2_48780.11 gene=SBOV2_48780
SBOV2_48780.11       -           1829 463071at33208        -            272   5.3e-09   35.9   1.2   3   4   0.00033     0.045   13.2   0.0   166   229   610   676   598   702 0.75 transcript=SBOV2_48780.11 gene=SBOV2_48780
SBOV2_48780.11       -           1829 463071at33208        -            272   5.3e-09   35.9   1.2   4   4      0.48        66    2.8   0.0   107   168   831   898   823   917 0.77 transcript=SBOV2_48780.11 gene=SBOV2_48780
SBOV2_48780.3        -           1833 463071at33208        -            272   5.3e-09   35.9   1.1   1   4    0.0008      0.11   11.9   0.1   109   200    42   140    20   181 0.72 transcript=SBOV2_48780.3 gene=SBOV2_48780
SBOV2_48780.3        -           1833 463071at33208        -            272   5.3e-09   35.9   1.1   2   4       1.3   1.9e+02    1.3   0.0   179   217   324   360   290   364 0.81 transcript=SBOV2_48780.3 gene=SBOV2_48780
SBOV2_48780.3        -           1833 463071at33208        -            272   5.3e-09   35.9   1.1   3   4   0.00033     0.046   13.1   0.0   166   229   619   685   607   711 0.75 transcript=SBOV2_48780.3 gene=SBOV2_48780
SBOV2_48780.3        -           1833 463071at33208        -            272   5.3e-09   35.9   1.1   4   4      0.48        67    2.8   0.0   107   168   840   907   832   926 0.77 transcript=SBOV2_48780.3 gene=SBOV2_48780
SBOV2_48780.4        -           1833 463071at33208        -            272   5.3e-09   35.9   1.1   1   4    0.0008      0.11   11.9   0.1   109   200    42   140    20   181 0.72 transcript=SBOV2_48780.4 gene=SBOV2_48780
SBOV2_48780.4        -           1833 463071at33208        -            272   5.3e-09   35.9   1.1   2   4       1.3   1.9e+02    1.3   0.0   179   217   324   360   290   364 0.81 transcript=SBOV2_48780.4 gene=SBOV2_48780
SBOV2_48780.4        -           1833 463071at33208        -            272   5.3e-09   35.9   1.1   3   4   0.00033     0.046   13.1   0.0   166   229   619   685   607   711 0.75 transcript=SBOV2_48780.4 gene=SBOV2_48780
SBOV2_48780.4        -           1833 463071at33208        -            272   5.3e-09   35.9   1.1   4   4      0.48        67    2.8   0.0   107   168   840   907   832   926 0.77 transcript=SBOV2_48780.4 gene=SBOV2_48780
SBOV2_48780.9        -           1838 463071at33208        -            272   5.4e-09   35.9   1.1   1   4    0.0008      0.11   11.9   0.1   109   200    42   140    20   181 0.72 transcript=SBOV2_48780.9 gene=SBOV2_48780
SBOV2_48780.9        -           1838 463071at33208        -            272   5.4e-09   35.9   1.1   2   4       1.4   1.9e+02    1.3   0.0   179   217   324   360   290   364 0.81 transcript=SBOV2_48780.9 gene=SBOV2_48780
SBOV2_48780.9        -           1838 463071at33208        -            272   5.4e-09   35.9   1.1   3   4   0.00033     0.046   13.1   0.0   166   229   619   685   607   711 0.75 transcript=SBOV2_48780.9 gene=SBOV2_48780
SBOV2_48780.9        -           1838 463071at33208        -            272   5.4e-09   35.9   1.1   4   4      0.49        67    2.8   0.0   107   168   840   907   832   926 0.77 transcript=SBOV2_48780.9 gene=SBOV2_48780
SBOV2_48780.2        -           1854 463071at33208        -            272   5.6e-09   35.8   1.1   1   4   0.00081      0.11   11.9   0.1   109   200    42   140    20   181 0.72 transcript=SBOV2_48780.2 gene=SBOV2_48780
SBOV2_48780.2        -           1854 463071at33208        -            272   5.6e-09   35.8   1.1   2   4       1.4   1.9e+02    1.3   0.0   179   217   324   360   290   364 0.81 transcript=SBOV2_48780.2 gene=SBOV2_48780
SBOV2_48780.2        -           1854 463071at33208        -            272   5.6e-09   35.8   1.1   3   4   0.00034     0.046   13.1   0.0   166   229   619   685   607   711 0.75 transcript=SBOV2_48780.2 gene=SBOV2_48780
SBOV2_48780.2        -           1854 463071at33208        -            272   5.6e-09   35.8   1.1   4   4      0.49        67    2.8   0.0   107   168   840   907   832   926 0.77 transcript=SBOV2_48780.2 gene=SBOV2_48780
SBOV2_56020.1        -            514 463071at33208        -            272   7.9e-09   35.3   0.1   1   4     0.022         3    7.2   0.0   183   223   218   258   212   268 0.82 transcript=SBOV2_56020.1 gene=SBOV2_56020
SBOV2_56020.1        -            514 463071at33208        -            272   7.9e-09   35.3   0.1   2   4   0.00026     0.036   13.5   0.0   136   215   262   343   242   354 0.80 transcript=SBOV2_56020.1 gene=SBOV2_56020
SBOV2_56020.1        -            514 463071at33208        -            272   7.9e-09   35.3   0.1   3   4   0.00022      0.03   13.7   0.2   133   219   302   389   297   393 0.82 transcript=SBOV2_56020.1 gene=SBOV2_56020
SBOV2_56020.1        -            514 463071at33208        -            272   7.9e-09   35.3   0.1   4   4    0.0019      0.26   10.7   0.0   141   206   352   425   347   439 0.73 transcript=SBOV2_56020.1 gene=SBOV2_56020
SBOV2_82290.1        -            322 463071at33208        -            272   1.6e-08   34.3   0.0   1   3       0.2        27    4.1   0.0   189   210    36    57    18    67 0.83 transcript=SBOV2_82290.1 gene=SBOV2_82290
SBOV2_82290.1        -            322 463071at33208        -            272   1.6e-08   34.3   0.0   2   3   0.00053     0.073   12.5   0.0   138   233    70   169    60   174 0.73 transcript=SBOV2_82290.1 gene=SBOV2_82290
SBOV2_82290.1        -            322 463071at33208        -            272   1.6e-08   34.3   0.0   3   3   4.7e-05    0.0065   15.9   0.0   141   238   157   260   154   273 0.79 transcript=SBOV2_82290.1 gene=SBOV2_82290
SBOV2_69430.1        -           1348 463071at33208        -            272   6.7e-08   32.3  20.4   1   6     2e-05    0.0028   17.1   0.0   142   238    19   124     4   126 0.82 transcript=SBOV2_69430.1 gene=SBOV2_69430
SBOV2_69430.1        -           1348 463071at33208        -            272   6.7e-08   32.3  20.4   2   6      0.31        43    3.4   0.0   138   206   104   176    99   186 0.64 transcript=SBOV2_69430.1 gene=SBOV2_69430
SBOV2_69430.1        -           1348 463071at33208        -            272   6.7e-08   32.3  20.4   3   6       4.5   6.2e+02   -0.4   0.2   215   246   354   385   336   394 0.83 transcript=SBOV2_69430.1 gene=SBOV2_69430
SBOV2_69430.1        -           1348 463071at33208        -            272   6.7e-08   32.3  20.4   4   6   1.6e-06   0.00022   20.8   0.7   105   215   509   624   498   634 0.82 transcript=SBOV2_69430.1 gene=SBOV2_69430
SBOV2_69430.1        -           1348 463071at33208        -            272   6.7e-08   32.3  20.4   5   6   0.00043     0.059   12.8   0.9   136   206   585   654   583   698 0.85 transcript=SBOV2_69430.1 gene=SBOV2_69430
SBOV2_69430.1        -           1348 463071at33208        -            272   6.7e-08   32.3  20.4   6   6       8.4   1.1e+03   -1.3   0.0   144   189   677   724   662   726 0.72 transcript=SBOV2_69430.1 gene=SBOV2_69430
SBOV2_23960.3        -            844 463071at33208        -            272   7.7e-08   32.1   0.1   1   5      0.12        16    4.8   0.0   132   201   206   274   200   281 0.78 transcript=SBOV2_23960.3 gene=SBOV2_23960
SBOV2_23960.3        -            844 463071at33208        -            272   7.7e-08   32.1   0.1   2   5     0.098        14    5.0   0.0    25    65   342   383   325   398 0.77 transcript=SBOV2_23960.3 gene=SBOV2_23960
SBOV2_23960.3        -            844 463071at33208        -            272   7.7e-08   32.1   0.1   3   5       7.9   1.1e+03   -1.2   0.0    19    62   554   593   547   609 0.78 transcript=SBOV2_23960.3 gene=SBOV2_23960
SBOV2_23960.3        -            844 463071at33208        -            272   7.7e-08   32.1   0.1   4   5   0.00061     0.084   12.3   0.1   155   207   630   682   606   686 0.89 transcript=SBOV2_23960.3 gene=SBOV2_23960
SBOV2_23960.3        -            844 463071at33208        -            272   7.7e-08   32.1   0.1   5   5      0.62        86    2.4   0.0   137   159   811   833   767   843 0.68 transcript=SBOV2_23960.3 gene=SBOV2_23960
SBOV2_54230.1        -            340 463071at33208        -            272   9.4e-08   31.8   2.0   1   4   1.4e-05    0.0019   17.7   0.1   139   209    56   127    35   134 0.88 transcript=SBOV2_54230.1 gene=SBOV2_54230
SBOV2_54230.1        -            340 463071at33208        -            272   9.4e-08   31.8   2.0   2   4    0.0013      0.18   11.2   0.1   110   233   153   285   142   286 0.75 transcript=SBOV2_54230.1 gene=SBOV2_54230
SBOV2_54230.1        -            340 463071at33208        -            272   9.4e-08   31.8   2.0   3   4      0.06       8.2    5.8   0.0   140   207   228   298   225   311 0.82 transcript=SBOV2_54230.1 gene=SBOV2_54230
SBOV2_54230.1        -            340 463071at33208        -            272   9.4e-08   31.8   2.0   4   4      0.29        40    3.5   0.1   140   198   272   331   251   340 0.50 transcript=SBOV2_54230.1 gene=SBOV2_54230
SBOV2_33220.1        -            689 463071at33208        -            272   1.1e-07   31.6   0.0   1   3      0.54        74    2.6   0.0   183   208   404   429   399   459 0.78 transcript=SBOV2_33220.1 gene=SBOV2_33220
SBOV2_33220.1        -            689 463071at33208        -            272   1.1e-07   31.6   0.0   2   3   0.00029     0.039   13.4   0.0   120   174   504   562   495   579 0.83 transcript=SBOV2_33220.1 gene=SBOV2_33220
SBOV2_33220.1        -            689 463071at33208        -            272   1.1e-07   31.6   0.0   3   3    0.0018      0.25   10.7   0.0   133   177   612   658   580   685 0.59 transcript=SBOV2_33220.1 gene=SBOV2_33220
SBOV2_33220.2        -            689 463071at33208        -            272   1.1e-07   31.6   0.0   1   3      0.54        74    2.6   0.0   183   208   404   429   399   459 0.78 transcript=SBOV2_33220.2 gene=SBOV2_33220
SBOV2_33220.2        -            689 463071at33208        -            272   1.1e-07   31.6   0.0   2   3   0.00029     0.039   13.4   0.0   120   174   504   562   495   579 0.83 transcript=SBOV2_33220.2 gene=SBOV2_33220
SBOV2_33220.2        -            689 463071at33208        -            272   1.1e-07   31.6   0.0   3   3    0.0018      0.25   10.7   0.0   133   177   612   658   580   685 0.59 transcript=SBOV2_33220.2 gene=SBOV2_33220
SBOV2_33220.3        -            689 463071at33208        -            272   1.1e-07   31.6   0.0   1   3      0.54        74    2.6   0.0   183   208   404   429   399   459 0.78 transcript=SBOV2_33220.3 gene=SBOV2_33220
SBOV2_33220.3        -            689 463071at33208        -            272   1.1e-07   31.6   0.0   2   3   0.00029     0.039   13.4   0.0   120   174   504   562   495   579 0.83 transcript=SBOV2_33220.3 gene=SBOV2_33220
SBOV2_33220.3        -            689 463071at33208        -            272   1.1e-07   31.6   0.0   3   3    0.0018      0.25   10.7   0.0   133   177   612   658   580   685 0.59 transcript=SBOV2_33220.3 gene=SBOV2_33220
SBOV2_73050.1        -            942 463071at33208        -            272   1.2e-07   31.4   0.1   1   5      0.34        47    3.3   0.0   140   171    16    48    12    66 0.86 transcript=SBOV2_73050.1 gene=SBOV2_73050
SBOV2_73050.1        -            942 463071at33208        -            272   1.2e-07   31.4   0.1   2   5       0.1        14    5.0   0.0   138   217    95   134    54   186 0.59 transcript=SBOV2_73050.1 gene=SBOV2_73050
SBOV2_73050.1        -            942 463071at33208        -            272   1.2e-07   31.4   0.1   3   5   0.00011     0.015   14.7   0.0    93   214   288   416   278   432 0.56 transcript=SBOV2_73050.1 gene=SBOV2_73050
SBOV2_73050.1        -            942 463071at33208        -            272   1.2e-07   31.4   0.1   4   5       1.2   1.7e+02    1.5   0.0   138   228   380   478   372   483 0.72 transcript=SBOV2_73050.1 gene=SBOV2_73050
SBOV2_73050.1        -            942 463071at33208        -            272   1.2e-07   31.4   0.1   5   5       2.9     4e+02    0.2   0.0   139   175   588   626   572   645 0.79 transcript=SBOV2_73050.1 gene=SBOV2_73050
SBOV2_23960.2        -           1040 463071at33208        -            272     2e-07   30.7   0.1   1   4      0.15        21    4.4   0.0   133   201   403   470   396   477 0.77 transcript=SBOV2_23960.2 gene=SBOV2_23960
SBOV2_23960.2        -           1040 463071at33208        -            272     2e-07   30.7   0.1   2   4      0.13        17    4.7   0.0    25    65   538   579   521   594 0.77 transcript=SBOV2_23960.2 gene=SBOV2_23960
SBOV2_23960.2        -           1040 463071at33208        -            272     2e-07   30.7   0.1   3   4   0.00074       0.1   12.0   0.1   155   207   826   878   776   882 0.89 transcript=SBOV2_23960.2 gene=SBOV2_23960
SBOV2_23960.2        -           1040 463071at33208        -            272     2e-07   30.7   0.1   4   4       0.8   1.1e+02    2.1   0.0   137   159  1007  1029   963  1039 0.68 transcript=SBOV2_23960.2 gene=SBOV2_23960
SBOV2_23960.1        -           1056 463071at33208        -            272   2.2e-07   30.6   0.1   1   4      0.15        21    4.4   0.0   133   201   419   486   412   493 0.77 transcript=SBOV2_23960.1 gene=SBOV2_23960
SBOV2_23960.1        -           1056 463071at33208        -            272   2.2e-07   30.6   0.1   2   4      0.13        18    4.7   0.0    25    65   554   595   537   610 0.77 transcript=SBOV2_23960.1 gene=SBOV2_23960
SBOV2_23960.1        -           1056 463071at33208        -            272   2.2e-07   30.6   0.1   3   4   0.00075       0.1   12.0   0.1   155   207   842   894   792   898 0.89 transcript=SBOV2_23960.1 gene=SBOV2_23960
SBOV2_23960.1        -           1056 463071at33208        -            272   2.2e-07   30.6   0.1   4   4      0.81   1.1e+02    2.0   0.0   137   159  1023  1045   979  1055 0.68 transcript=SBOV2_23960.1 gene=SBOV2_23960
SBOV2_12410.2        -           1011 463071at33208        -            272   2.8e-07   30.3   1.7   1   3    0.0032      0.44    9.9   0.1   145   209    33   101    21   136 0.74 transcript=SBOV2_12410.2 gene=SBOV2_12410
SBOV2_12410.2        -           1011 463071at33208        -            272   2.8e-07   30.3   1.7   2   3      0.18        25    4.2   0.0   105   165   484   551   473   569 0.67 transcript=SBOV2_12410.2 gene=SBOV2_12410
SBOV2_12410.2        -           1011 463071at33208        -            272   2.8e-07   30.3   1.7   3   3   0.00068     0.094   12.1   0.0   102   178   577   659   572   680 0.77 transcript=SBOV2_12410.2 gene=SBOV2_12410
SBOV2_78850.1        -            390 463071at33208        -            272   3.8e-07   29.8   0.6   1   3      0.86   1.2e+02    1.9   0.0   176   215    32    72    29    81 0.72 transcript=SBOV2_78850.1 gene=SBOV2_78850
SBOV2_78850.1        -            390 463071at33208        -            272   3.8e-07   29.8   0.6   2   3     2e-05    0.0028   17.1   0.0   117   201    55   143    43   159 0.75 transcript=SBOV2_78850.1 gene=SBOV2_78850
SBOV2_78850.1        -            390 463071at33208        -            272   3.8e-07   29.8   0.6   3   3    0.0087       1.2    8.5   0.1   145   207   170   236   161   264 0.68 transcript=SBOV2_78850.1 gene=SBOV2_78850
SBOV2_67510.1        -            433 463071at33208        -            272   4.2e-07   29.7   1.2   1   2   6.6e-08   9.1e-06   25.3   0.2    96   235    42   193    39   199 0.74 transcript=SBOV2_67510.1 gene=SBOV2_67510
SBOV2_67510.1        -            433 463071at33208        -            272   4.2e-07   29.7   1.2   2   2     0.037       5.1    6.4   0.0   141   173   179   213   173   238 0.82 transcript=SBOV2_67510.1 gene=SBOV2_67510
SBOV2_8280.2         -            686 463071at33208        -            272   4.9e-07   29.4   0.0   1   2   3.6e-07   4.9e-05   22.9   0.0   139   249    22   138    15   143 0.82 transcript=SBOV2_8280.2 gene=SBOV2_8280
SBOV2_8280.2         -            686 463071at33208        -            272   4.9e-07   29.4   0.0   2   2      0.18        24    4.2   0.0   136   173   147   185   142   208 0.88 transcript=SBOV2_8280.2 gene=SBOV2_8280
SBOV2_25450.1        -            317 463071at33208        -            272   7.3e-07   28.9   0.0   1   3   0.00013     0.018   14.4   0.0   160   233    20    95     6   108 0.76 transcript=SBOV2_25450.1 gene=SBOV2_25450
SBOV2_25450.1        -            317 463071at33208        -            272   7.3e-07   28.9   0.0   2   3     0.076        10    5.4   0.0   142   189   128   177   113   200 0.65 transcript=SBOV2_25450.1 gene=SBOV2_25450
SBOV2_25450.1        -            317 463071at33208        -            272   7.3e-07   28.9   0.0   3   3      0.07       9.7    5.5   0.0   105   167   219   290   210   306 0.71 transcript=SBOV2_25450.1 gene=SBOV2_25450
SBOV2_79160.1        -            565 463071at33208        -            272   7.8e-07   28.8   0.6   1   3       1.5   2.1e+02    1.1   0.0   176   212    32    69    28    79 0.72 transcript=SBOV2_79160.1 gene=SBOV2_79160
SBOV2_79160.1        -            565 463071at33208        -            272   7.8e-07   28.8   0.6   2   3   3.6e-05    0.0049   16.3   0.0   117   201    55   143    41   158 0.75 transcript=SBOV2_79160.1 gene=SBOV2_79160
SBOV2_79160.1        -            565 463071at33208        -            272   7.8e-07   28.8   0.6   3   3     0.013       1.8    7.9   0.1   145   207   170   236   161   279 0.71 transcript=SBOV2_79160.1 gene=SBOV2_79160
SBOV2_35090.1        -            368 463071at33208        -            272   1.4e-06   27.9   0.0   1   3       4.3   5.9e+02   -0.3   0.0   159   209    84   132    35   147 0.57 transcript=SBOV2_35090.1 gene=SBOV2_35090
SBOV2_35090.1        -            368 463071at33208        -            272   1.4e-06   27.9   0.0   2   3     0.058         8    5.8   0.0   154   211   170   230   140   251 0.75 transcript=SBOV2_35090.1 gene=SBOV2_35090
SBOV2_35090.1        -            368 463071at33208        -            272   1.4e-06   27.9   0.0   3   3   9.6e-06    0.0013   18.2   0.0   185   238   257   313   247   316 0.81 transcript=SBOV2_35090.1 gene=SBOV2_35090
SBOV2_1970.1         -           1306 463071at33208        -            272   1.7e-06   27.7   0.0   1   4     0.032       4.4    6.7   0.0   137   219    10    93     3   131 0.63 transcript=SBOV2_1970.1 gene=SBOV2_1970
SBOV2_1970.1         -           1306 463071at33208        -            272   1.7e-06   27.7   0.0   2   4       3.4   4.7e+02   -0.0   0.0    24    56   127   159   111   174 0.68 transcript=SBOV2_1970.1 gene=SBOV2_1970
SBOV2_1970.1         -           1306 463071at33208        -            272   1.7e-06   27.7   0.0   3   4     0.035       4.9    6.5   0.0   137   202   269   335   255   342 0.76 transcript=SBOV2_1970.1 gene=SBOV2_1970
SBOV2_1970.1         -           1306 463071at33208        -            272   1.7e-06   27.7   0.0   4   4     0.024       3.3    7.1   0.1   119   195   467   540   456   588 0.81 transcript=SBOV2_1970.1 gene=SBOV2_1970
SBOV2_3840.1         -            656 463071at33208        -            272   2.2e-06   27.3   8.4   1   5    0.0008      0.11   11.9   0.4   101   207    20   137    14   147 0.67 transcript=SBOV2_3840.1 gene=SBOV2_3840
SBOV2_3840.1         -            656 463071at33208        -            272   2.2e-06   27.3   8.4   2   5       3.4   4.7e+02    0.0   0.0   155   201   173   223   152   233 0.72 transcript=SBOV2_3840.1 gene=SBOV2_3840
SBOV2_3840.1         -            656 463071at33208        -            272   2.2e-06   27.3   8.4   3   5      0.42        57    3.0   0.0   101   197   298   399   291   416 0.72 transcript=SBOV2_3840.1 gene=SBOV2_3840
SBOV2_3840.1         -            656 463071at33208        -            272   2.2e-06   27.3   8.4   4   5    0.0098       1.4    8.3   0.0   132   176   418   464   411   489 0.82 transcript=SBOV2_3840.1 gene=SBOV2_3840
SBOV2_3840.1         -            656 463071at33208        -            272   2.2e-06   27.3   8.4   5   5      0.42        57    3.0   0.0   141   207   581   648   567   653 0.65 transcript=SBOV2_3840.1 gene=SBOV2_3840
SBOV2_85550.1        -            561 463071at33208        -            272     3e-06   26.9   0.0   1   3     0.015       2.1    7.7   0.0   137   175   313   353   270   372 0.77 transcript=SBOV2_85550.1 gene=SBOV2_85550
SBOV2_85550.1        -            561 463071at33208        -            272     3e-06   26.9   0.0   2   3     0.003      0.41   10.0   0.0   120   199   380   463   357   474 0.75 transcript=SBOV2_85550.1 gene=SBOV2_85550
SBOV2_85550.1        -            561 463071at33208        -            272     3e-06   26.9   0.0   3   3     0.041       5.6    6.3   0.0    76   164   469   561   463   561 0.73 transcript=SBOV2_85550.1 gene=SBOV2_85550
SBOV2_53670.1        -            405 463071at33208        -            272   3.4e-06   26.7   0.3   1   2       2.9     4e+02    0.2   0.0   221   246    83   110    73   125 0.57 transcript=SBOV2_53670.1 gene=SBOV2_53670
SBOV2_53670.1        -            405 463071at33208        -            272   3.4e-06   26.7   0.3   2   2   7.3e-06     0.001   18.6   0.1    32   181   143   325   124   342 0.74 transcript=SBOV2_53670.1 gene=SBOV2_53670
SBOV2_61180.2        -            351 463071at33208        -            272   3.7e-06   26.6   2.4   1   3      0.11        15    4.9   0.1   138   199    63   125    53   136 0.76 transcript=SBOV2_61180.2 gene=SBOV2_61180
SBOV2_61180.2        -            351 463071at33208        -            272   3.7e-06   26.6   2.4   2   3   0.00035     0.047   13.1   0.1   142   239   155   258   140   268 0.67 transcript=SBOV2_61180.2 gene=SBOV2_61180
SBOV2_61180.2        -            351 463071at33208        -            272   3.7e-06   26.6   2.4   3   3     0.083        11    5.3   0.0   141   199   284   343   262   350 0.71 transcript=SBOV2_61180.2 gene=SBOV2_61180
SBOV2_31320.1        -            946 463071at33208        -            272   5.1e-06   26.1   0.3   1   3   5.7e-05    0.0079   15.6   0.0   139   209   694   765   680   772 0.88 transcript=SBOV2_31320.1 gene=SBOV2_31320
SBOV2_31320.1        -            946 463071at33208        -            272   5.1e-06   26.1   0.3   2   3      0.33        46    3.3   0.0   149   219   791   865   782   883 0.51 transcript=SBOV2_31320.1 gene=SBOV2_31320
SBOV2_31320.1        -            946 463071at33208        -            272   5.1e-06   26.1   0.3   3   3      0.45        61    2.9   0.0   141   207   867   936   862   940 0.79 transcript=SBOV2_31320.1 gene=SBOV2_31320
SBOV2_10420.1        -            376 463071at33208        -            272   6.6e-06   25.8   4.0   1   3    0.0069      0.95    8.8   0.0   140   203    89   153    83   162 0.52 transcript=SBOV2_10420.1 gene=SBOV2_10420
SBOV2_10420.1        -            376 463071at33208        -            272   6.6e-06   25.8   4.0   2   3     0.068       9.4    5.6   0.1   141   190   178   227   161   241 0.67 transcript=SBOV2_10420.1 gene=SBOV2_10420
SBOV2_10420.1        -            376 463071at33208        -            272   6.6e-06   25.8   4.0   3   3    0.0029       0.4   10.0   0.1   142   199   263   324   251   333 0.74 transcript=SBOV2_10420.1 gene=SBOV2_10420
SBOV2_48780.13       -           1756 463071at33208        -            272   7.8e-06   25.5   0.3   1   4       1.2   1.7e+02    1.5   0.0   141   196    23    80    18    97 0.66 transcript=SBOV2_48780.13 gene=SBOV2_48780
SBOV2_48780.13       -           1756 463071at33208        -            272   7.8e-06   25.5   0.3   2   4       1.3   1.8e+02    1.4   0.0   179   217   226   262   192   266 0.81 transcript=SBOV2_48780.13 gene=SBOV2_48780
SBOV2_48780.13       -           1756 463071at33208        -            272   7.8e-06   25.5   0.3   3   4   0.00032     0.043   13.2   0.0   166   229   521   587   509   613 0.75 transcript=SBOV2_48780.13 gene=SBOV2_48780
SBOV2_48780.13       -           1756 463071at33208        -            272   7.8e-06   25.5   0.3   4   4      0.46        63    2.8   0.0   107   168   742   809   734   828 0.77 transcript=SBOV2_48780.13 gene=SBOV2_48780
SBOV2_3840.2         -            612 463071at33208        -            272   8.8e-06   25.3   7.5   1   5   0.00072     0.099   12.0   0.4   101   207    20   137    14   147 0.67 transcript=SBOV2_3840.2 gene=SBOV2_3840
SBOV2_3840.2         -            612 463071at33208        -            272   8.8e-06   25.3   7.5   2   5       3.1   4.2e+02    0.1   0.0   155   201   173   223   152   233 0.72 transcript=SBOV2_3840.2 gene=SBOV2_3840
SBOV2_3840.2         -            612 463071at33208        -            272   8.8e-06   25.3   7.5   3   5      0.37        51    3.1   0.0   101   197   298   399   292   417 0.72 transcript=SBOV2_3840.2 gene=SBOV2_3840
SBOV2_3840.2         -            612 463071at33208        -            272   8.8e-06   25.3   7.5   4   5     0.012       1.6    8.1   0.0   132   173   418   461   412   479 0.85 transcript=SBOV2_3840.2 gene=SBOV2_3840
SBOV2_3840.2         -            612 463071at33208        -            272   8.8e-06   25.3   7.5   5   5       2.6   3.6e+02    0.4   0.1   103   207   497   606   478   610 0.54 transcript=SBOV2_3840.2 gene=SBOV2_3840
SBOV2_66730.1        -            567 463071at33208        -            272   1.4e-05   24.7   0.0   1   3   0.00084      0.12   11.8   0.0   141   209   135   205   130   208 0.89 transcript=SBOV2_66730.1 gene=SBOV2_66730
SBOV2_66730.1        -            567 463071at33208        -            272   1.4e-05   24.7   0.0   2   3    0.0061      0.84    9.0   0.1   101   169   413   487   410   496 0.84 transcript=SBOV2_66730.1 gene=SBOV2_66730
SBOV2_66730.1        -            567 463071at33208        -            272   1.4e-05   24.7   0.0   3   3       8.9   1.2e+03   -1.4   0.0   184   203   543   562   537   566 0.73 transcript=SBOV2_66730.1 gene=SBOV2_66730
SBOV2_66730.2        -            587 463071at33208        -            272   1.6e-05   24.5   0.0   1   3   0.00088      0.12   11.8   0.0   141   209   155   225   150   228 0.89 transcript=SBOV2_66730.2 gene=SBOV2_66730
SBOV2_66730.2        -            587 463071at33208        -            272   1.6e-05   24.5   0.0   2   3    0.0064      0.88    8.9   0.1   101   169   433   507   430   516 0.84 transcript=SBOV2_66730.2 gene=SBOV2_66730
SBOV2_66730.2        -            587 463071at33208        -            272   1.6e-05   24.5   0.0   3   3       9.3   1.3e+03   -1.4   0.0   184   203   563   582   557   586 0.73 transcript=SBOV2_66730.2 gene=SBOV2_66730
SBOV2_61180.1        -            249 463071at33208        -            272   2.1e-05   24.1   1.8   1   3       6.6     9e+02   -0.9   0.0   186   198    10    22     6    32 0.69 transcript=SBOV2_61180.1 gene=SBOV2_61180
SBOV2_61180.1        -            249 463071at33208        -            272   2.1e-05   24.1   1.8   2   3   0.00021     0.029   13.8   0.2   141   239    52   156    39   164 0.67 transcript=SBOV2_61180.1 gene=SBOV2_61180
SBOV2_61180.1        -            249 463071at33208        -            272   2.1e-05   24.1   1.8   3   3      0.07       9.6    5.5   0.0   141   199   182   241   179   248 0.73 transcript=SBOV2_61180.1 gene=SBOV2_61180
SBOV2_73990.1        -           1044 463071at33208        -            272   2.2e-05   24.0   0.2   1   2     2e-05    0.0028   17.1   0.0   107   196    93   189    86   198 0.80 transcript=SBOV2_73990.1 gene=SBOV2_73990
SBOV2_73990.1        -           1044 463071at33208        -            272   2.2e-05   24.0   0.2   2   2      0.22        30    3.9   0.0   193   235   460   506   444   554 0.66 transcript=SBOV2_73990.1 gene=SBOV2_73990
SBOV2_14140.1        -            357 463071at33208        -            272   2.3e-05   23.9   1.1   1   3      0.22        30    3.9   0.2   128   172     5    51     1    78 0.79 transcript=SBOV2_14140.1 gene=SBOV2_14140
SBOV2_14140.1        -            357 463071at33208        -            272   2.3e-05   23.9   1.1   2   3     0.013       1.7    8.0   0.1   139   218    99   181    56   183 0.87 transcript=SBOV2_14140.1 gene=SBOV2_14140
SBOV2_14140.1        -            357 463071at33208        -            272   2.3e-05   23.9   1.1   3   3     0.002      0.27   10.6   0.0   137   219   183   273   162   317 0.64 transcript=SBOV2_14140.1 gene=SBOV2_14140
SBOV2_91920.1        -           1020 463071at33208        -            272   3.9e-05   23.2   0.0   1   3     0.093        13    5.1   0.0   116   200    33   120    14   135 0.65 transcript=SBOV2_91920.1 gene=SBOV2_91920
SBOV2_91920.1        -           1020 463071at33208        -            272   3.9e-05   23.2   0.0   2   3   0.00019     0.026   14.0   0.0   133   244   137   257   102   269 0.71 transcript=SBOV2_91920.1 gene=SBOV2_91920
SBOV2_91920.1        -           1020 463071at33208        -            272   3.9e-05   23.2   0.0   3   3       3.7   5.1e+02   -0.1   0.0   136   175   322   363   302   384 0.67 transcript=SBOV2_91920.1 gene=SBOV2_91920
SBOV2_81020.1        -            315 463071at33208        -            272   5.7e-05   22.7   0.0   1   2      0.23        32    3.8   0.0   141   200    66   126    56   174 0.67 transcript=SBOV2_81020.1 gene=SBOV2_81020
SBOV2_81020.1        -            315 463071at33208        -            272   5.7e-05   22.7   0.0   2   2   5.1e-05    0.0071   15.8   0.0   101   206   193   312   189   315 0.76 transcript=SBOV2_81020.1 gene=SBOV2_81020
SBOV2_18680.2        -            320 463071at33208        -            272     6e-05   22.6   0.0   1   3      0.39        54    3.1   0.0   131   242    12    45     6    62 0.55 transcript=SBOV2_18680.2 gene=SBOV2_18680
SBOV2_18680.2        -            320 463071at33208        -            272     6e-05   22.6   0.0   2   3      0.16        22    4.3   0.0   106   207    71   175    64   181 0.66 transcript=SBOV2_18680.2 gene=SBOV2_18680
SBOV2_18680.2        -            320 463071at33208        -            272     6e-05   22.6   0.0   3   3    0.0014      0.19   11.1   0.0   143   239   200   310   189   315 0.75 transcript=SBOV2_18680.2 gene=SBOV2_18680
SBOV2_48780.14       -           1683 463071at33208        -            272   6.2e-05   22.6   0.1   1   3       1.2   1.7e+02    1.5   0.0   179   217   153   189   118   193 0.80 transcript=SBOV2_48780.14 gene=SBOV2_48780
SBOV2_48780.14       -           1683 463071at33208        -            272   6.2e-05   22.6   0.1   2   3    0.0003     0.041   13.3   0.0   166   229   448   514   436   540 0.75 transcript=SBOV2_48780.14 gene=SBOV2_48780
SBOV2_48780.14       -           1683 463071at33208        -            272   6.2e-05   22.6   0.1   3   3      0.44        60    2.9   0.0   107   168   669   736   661   755 0.77 transcript=SBOV2_48780.14 gene=SBOV2_48780
SBOV2_44630.1        -            377 463071at33208        -            272   0.00013   21.5   2.8   1   5     0.023       3.2    7.1   0.1   176   226    23    70    12    82 0.80 transcript=SBOV2_44630.1 gene=SBOV2_44630
SBOV2_44630.1        -            377 463071at33208        -            272   0.00013   21.5   2.8   2   5       7.6     1e+03   -1.2   0.0   141   199    77   132    66   161 0.78 transcript=SBOV2_44630.1 gene=SBOV2_44630
SBOV2_44630.1        -            377 463071at33208        -            272   0.00013   21.5   2.8   3   5       1.7   2.3e+02    1.0   0.1   132   194   165   230   138   274 0.53 transcript=SBOV2_44630.1 gene=SBOV2_44630
SBOV2_44630.1        -            377 463071at33208        -            272   0.00013   21.5   2.8   4   5       3.3   4.5e+02    0.1   0.1   139   198   216   274   199   312 0.72 transcript=SBOV2_44630.1 gene=SBOV2_44630
SBOV2_44630.1        -            377 463071at33208        -            272   0.00013   21.5   2.8   5   5    0.0015      0.21   11.0   0.0   115   170   312   370   296   377 0.78 transcript=SBOV2_44630.1 gene=SBOV2_44630
SBOV2_54790.1        -            492 463071at33208        -            272   0.00017   21.1   0.0   1   3       1.3   1.8e+02    1.4   0.0   186   218   206   238   196   268 0.83 transcript=SBOV2_54790.1 gene=SBOV2_54790
SBOV2_54790.1        -            492 463071at33208        -            272   0.00017   21.1   0.0   2   3   0.00019     0.026   14.0   0.0   109   230   300   429   290   444 0.70 transcript=SBOV2_54790.1 gene=SBOV2_54790
SBOV2_54790.1        -            492 463071at33208        -            272   0.00017   21.1   0.0   3   3     0.056       7.6    5.9   0.0   155   237   394   479   375   486 0.75 transcript=SBOV2_54790.1 gene=SBOV2_54790
SBOV2_11680.7        -            470 463071at33208        -            272   0.00017   21.1   0.1   1   3   0.00054     0.075   12.4   0.1   138   198    80   139    43   148 0.55 transcript=SBOV2_11680.7 gene=SBOV2_11680
SBOV2_11680.7        -            470 463071at33208        -            272   0.00017   21.1   0.1   2   3       3.4   4.6e+02    0.0   0.0   185   199   293   307   280   321 0.64 transcript=SBOV2_11680.7 gene=SBOV2_11680
SBOV2_11680.7        -            470 463071at33208        -            272   0.00017   21.1   0.1   3   3      0.15        20    4.5   0.0   101   199   333   440   324   455 0.77 transcript=SBOV2_11680.7 gene=SBOV2_11680
SBOV2_11680.8        -            470 463071at33208        -            272   0.00017   21.1   0.1   1   3   0.00054     0.075   12.4   0.1   138   198    80   139    43   148 0.55 transcript=SBOV2_11680.8 gene=SBOV2_11680
SBOV2_11680.8        -            470 463071at33208        -            272   0.00017   21.1   0.1   2   3       3.4   4.6e+02    0.0   0.0   185   199   293   307   280   321 0.64 transcript=SBOV2_11680.8 gene=SBOV2_11680
SBOV2_11680.8        -            470 463071at33208        -            272   0.00017   21.1   0.1   3   3      0.15        20    4.5   0.0   101   199   333   440   324   455 0.77 transcript=SBOV2_11680.8 gene=SBOV2_11680
SBOV2_81510.1        -            430 463071at33208        -            272   0.00017   21.1   0.4   1   2   0.00063     0.087   12.2   0.0   153   247   109   210    68   213 0.78 transcript=SBOV2_81510.1 gene=SBOV2_81510
SBOV2_81510.1        -            430 463071at33208        -            272   0.00017   21.1   0.4   2   2     0.024       3.3    7.1   0.1    36    94   229   290   211   295 0.62 transcript=SBOV2_81510.1 gene=SBOV2_81510
SBOV2_81510.2        -            430 463071at33208        -            272   0.00017   21.1   0.4   1   2   0.00063     0.087   12.2   0.0   153   247   109   210    68   213 0.78 transcript=SBOV2_81510.2 gene=SBOV2_81510
SBOV2_81510.2        -            430 463071at33208        -            272   0.00017   21.1   0.4   2   2     0.024       3.3    7.1   0.1    36    94   229   290   211   295 0.62 transcript=SBOV2_81510.2 gene=SBOV2_81510
SBOV2_81510.3        -            430 463071at33208        -            272   0.00017   21.1   0.4   1   2   0.00063     0.087   12.2   0.0   153   247   109   210    68   213 0.78 transcript=SBOV2_81510.3 gene=SBOV2_81510
SBOV2_81510.3        -            430 463071at33208        -            272   0.00017   21.1   0.4   2   2     0.024       3.3    7.1   0.1    36    94   229   290   211   295 0.62 transcript=SBOV2_81510.3 gene=SBOV2_81510
SBOV2_11680.6        -            490 463071at33208        -            272    0.0002   20.9   0.1   1   3   0.00058      0.08   12.4   0.1   138   198   100   159    63   168 0.55 transcript=SBOV2_11680.6 gene=SBOV2_11680
SBOV2_11680.6        -            490 463071at33208        -            272    0.0002   20.9   0.1   2   3       3.5   4.8e+02   -0.1   0.0   185   199   313   327   300   341 0.64 transcript=SBOV2_11680.6 gene=SBOV2_11680
SBOV2_11680.6        -            490 463071at33208        -            272    0.0002   20.9   0.1   3   3      0.16        22    4.4   0.0   101   199   353   460   344   475 0.77 transcript=SBOV2_11680.6 gene=SBOV2_11680
SBOV2_12410.1        -            865 463071at33208        -            272   0.00021   20.8   0.3   1   2      0.15        20    4.5   0.0   105   165   338   405   327   424 0.67 transcript=SBOV2_12410.1 gene=SBOV2_12410
SBOV2_12410.1        -            865 463071at33208        -            272   0.00021   20.8   0.3   2   2   0.00051     0.071   12.5   0.0   101   178   430   513   422   535 0.78 transcript=SBOV2_12410.1 gene=SBOV2_12410
SBOV2_46400.1        -           1154 463071at33208        -            272   0.00024   20.6   0.3   1   2   6.5e-05    0.0089   15.5   0.1   139   235    19   117    15   135 0.75 transcript=SBOV2_46400.1 gene=SBOV2_46400
SBOV2_46400.1        -           1154 463071at33208        -            272   0.00024   20.6   0.3   2   2      0.06       8.2    5.8   0.0   133   216    95   176    92   210 0.74 transcript=SBOV2_46400.1 gene=SBOV2_46400
SBOV2_37150.1        -            693 463071at33208        -            272   0.00027   20.4   0.0   1   3      0.11        15    4.9   0.0   124   168   274   320   255   328 0.80 transcript=SBOV2_37150.1 gene=SBOV2_37150
SBOV2_37150.1        -            693 463071at33208        -            272   0.00027   20.4   0.0   2   3       8.6   1.2e+03   -1.3   0.0   185   206   369   390   362   394 0.80 transcript=SBOV2_37150.1 gene=SBOV2_37150
SBOV2_37150.1        -            693 463071at33208        -            272   0.00027   20.4   0.0   3   3   0.00092      0.13   11.7   0.0   139   203   451   516   419   535 0.85 transcript=SBOV2_37150.1 gene=SBOV2_37150
SBOV2_37150.4        -            693 463071at33208        -            272   0.00027   20.4   0.0   1   3      0.11        15    4.9   0.0   124   168   274   320   255   328 0.80 transcript=SBOV2_37150.4 gene=SBOV2_37150
SBOV2_37150.4        -            693 463071at33208        -            272   0.00027   20.4   0.0   2   3       8.6   1.2e+03   -1.3   0.0   185   206   369   390   362   394 0.80 transcript=SBOV2_37150.4 gene=SBOV2_37150
SBOV2_37150.4        -            693 463071at33208        -            272   0.00027   20.4   0.0   3   3   0.00092      0.13   11.7   0.0   139   203   451   516   419   535 0.85 transcript=SBOV2_37150.4 gene=SBOV2_37150
SBOV2_37150.5        -            693 463071at33208        -            272   0.00027   20.4   0.0   1   3      0.11        15    4.9   0.0   124   168   274   320   255   328 0.80 transcript=SBOV2_37150.5 gene=SBOV2_37150
SBOV2_37150.5        -            693 463071at33208        -            272   0.00027   20.4   0.0   2   3       8.6   1.2e+03   -1.3   0.0   185   206   369   390   362   394 0.80 transcript=SBOV2_37150.5 gene=SBOV2_37150
SBOV2_37150.5        -            693 463071at33208        -            272   0.00027   20.4   0.0   3   3   0.00092      0.13   11.7   0.0   139   203   451   516   419   535 0.85 transcript=SBOV2_37150.5 gene=SBOV2_37150
SBOV2_37150.6        -            693 463071at33208        -            272   0.00027   20.4   0.0   1   3      0.11        15    4.9   0.0   124   168   274   320   255   328 0.80 transcript=SBOV2_37150.6 gene=SBOV2_37150
SBOV2_37150.6        -            693 463071at33208        -            272   0.00027   20.4   0.0   2   3       8.6   1.2e+03   -1.3   0.0   185   206   369   390   362   394 0.80 transcript=SBOV2_37150.6 gene=SBOV2_37150
SBOV2_37150.6        -            693 463071at33208        -            272   0.00027   20.4   0.0   3   3   0.00092      0.13   11.7   0.0   139   203   451   516   419   535 0.85 transcript=SBOV2_37150.6 gene=SBOV2_37150
SBOV2_81510.8        -            541 463071at33208        -            272   0.00028   20.4   0.4   1   2   0.00089      0.12   11.7   0.0   153   247    55   156    15   166 0.79 transcript=SBOV2_81510.8 gene=SBOV2_81510
SBOV2_81510.8        -            541 463071at33208        -            272   0.00028   20.4   0.4   2   2     0.035       4.8    6.5   0.1    36    94   175   236   159   241 0.61 transcript=SBOV2_81510.8 gene=SBOV2_81510
SBOV2_37150.2        -            703 463071at33208        -            272   0.00028   20.4   0.0   1   3      0.11        15    4.9   0.0   124   168   284   330   265   338 0.80 transcript=SBOV2_37150.2 gene=SBOV2_37150
SBOV2_37150.2        -            703 463071at33208        -            272   0.00028   20.4   0.0   2   3       8.7   1.2e+03   -1.3   0.0   185   206   379   400   372   404 0.80 transcript=SBOV2_37150.2 gene=SBOV2_37150
SBOV2_37150.2        -            703 463071at33208        -            272   0.00028   20.4   0.0   3   3   0.00093      0.13   11.7   0.0   139   203   461   526   429   545 0.85 transcript=SBOV2_37150.2 gene=SBOV2_37150
SBOV2_35100.1        -            499 463071at33208        -            272   0.00034   20.1   0.0   1   1   3.9e-06   0.00054   19.5   0.0   138   240     5   113     1   133 0.81 transcript=SBOV2_35100.1 gene=SBOV2_35100
SBOV2_35100.2        -            499 463071at33208        -            272   0.00034   20.1   0.0   1   1   3.9e-06   0.00054   19.5   0.0   138   240     5   113     1   133 0.81 transcript=SBOV2_35100.2 gene=SBOV2_35100
SBOV2_35100.3        -            499 463071at33208        -            272   0.00034   20.1   0.0   1   1   3.9e-06   0.00054   19.5   0.0   138   240     5   113     1   133 0.81 transcript=SBOV2_35100.3 gene=SBOV2_35100
SBOV2_81510.5        -            583 463071at33208        -            272   0.00034   20.1   0.4   1   2    0.0011      0.15   11.4   0.0   153   247    97   198    65   208 0.80 transcript=SBOV2_81510.5 gene=SBOV2_81510
SBOV2_81510.5        -            583 463071at33208        -            272   0.00034   20.1   0.4   2   2     0.039       5.3    6.4   0.1    36    93   217   277   201   283 0.61 transcript=SBOV2_81510.5 gene=SBOV2_81510
SBOV2_81510.6        -            583 463071at33208        -            272   0.00034   20.1   0.4   1   2    0.0011      0.15   11.4   0.0   153   247    97   198    65   208 0.80 transcript=SBOV2_81510.6 gene=SBOV2_81510
SBOV2_81510.6        -            583 463071at33208        -            272   0.00034   20.1   0.4   2   2     0.039       5.3    6.4   0.1    36    93   217   277   201   283 0.61 transcript=SBOV2_81510.6 gene=SBOV2_81510
SBOV2_81510.7        -            583 463071at33208        -            272   0.00034   20.1   0.4   1   2    0.0011      0.15   11.4   0.0   153   247    97   198    65   208 0.80 transcript=SBOV2_81510.7 gene=SBOV2_81510
SBOV2_81510.7        -            583 463071at33208        -            272   0.00034   20.1   0.4   2   2     0.039       5.3    6.4   0.1    36    93   217   277   201   283 0.61 transcript=SBOV2_81510.7 gene=SBOV2_81510
SBOV2_81510.4        -            595 463071at33208        -            272   0.00037   20.0   0.3   1   2    0.0012      0.16   11.4   0.0   153   247   109   210    77   220 0.80 transcript=SBOV2_81510.4 gene=SBOV2_81510
SBOV2_81510.4        -            595 463071at33208        -            272   0.00037   20.0   0.3   2   2      0.04       5.4    6.3   0.1    36    93   229   289   213   295 0.61 transcript=SBOV2_81510.4 gene=SBOV2_81510
SBOV2_50340.1        -            391 463071at33208        -            272   0.00039   19.9   0.0   1   2   6.3e-05    0.0087   15.5   0.0   100   178   137   223   135   254 0.82 transcript=SBOV2_50340.1 gene=SBOV2_50340
SBOV2_50340.1        -            391 463071at33208        -            272   0.00039   19.9   0.0   2   2       2.1     3e+02    0.7   0.0   102   130   287   315   277   327 0.77 transcript=SBOV2_50340.1 gene=SBOV2_50340
SBOV2_50340.2        -            391 463071at33208        -            272   0.00039   19.9   0.0   1   2   6.3e-05    0.0087   15.5   0.0   100   178   137   223   135   254 0.82 transcript=SBOV2_50340.2 gene=SBOV2_50340
SBOV2_50340.2        -            391 463071at33208        -            272   0.00039   19.9   0.0   2   2       2.1     3e+02    0.7   0.0   102   130   287   315   277   327 0.77 transcript=SBOV2_50340.2 gene=SBOV2_50340
SBOV2_50340.3        -            391 463071at33208        -            272   0.00039   19.9   0.0   1   2   6.3e-05    0.0087   15.5   0.0   100   178   137   223   135   254 0.82 transcript=SBOV2_50340.3 gene=SBOV2_50340
SBOV2_50340.3        -            391 463071at33208        -            272   0.00039   19.9   0.0   2   2       2.1     3e+02    0.7   0.0   102   130   287   315   277   327 0.77 transcript=SBOV2_50340.3 gene=SBOV2_50340
SBOV2_50340.4        -            391 463071at33208        -            272   0.00039   19.9   0.0   1   2   6.3e-05    0.0087   15.5   0.0   100   178   137   223   135   254 0.82 transcript=SBOV2_50340.4 gene=SBOV2_50340
SBOV2_50340.4        -            391 463071at33208        -            272   0.00039   19.9   0.0   2   2       2.1     3e+02    0.7   0.0   102   130   287   315   277   327 0.77 transcript=SBOV2_50340.4 gene=SBOV2_50340
SBOV2_50340.6        -            391 463071at33208        -            272   0.00039   19.9   0.0   1   2   6.3e-05    0.0087   15.5   0.0   100   178   137   223   135   254 0.82 transcript=SBOV2_50340.6 gene=SBOV2_50340
SBOV2_50340.6        -            391 463071at33208        -            272   0.00039   19.9   0.0   2   2       2.1     3e+02    0.7   0.0   102   130   287   315   277   327 0.77 transcript=SBOV2_50340.6 gene=SBOV2_50340
SBOV2_37150.3        -            785 463071at33208        -            272    0.0004   19.9   0.0   1   2      0.13        17    4.7   0.0   124   168   366   412   347   420 0.80 transcript=SBOV2_37150.3 gene=SBOV2_37150
SBOV2_37150.3        -            785 463071at33208        -            272    0.0004   19.9   0.0   2   2    0.0011      0.15   11.4   0.0   139   203   543   608   512   627 0.85 transcript=SBOV2_37150.3 gene=SBOV2_37150
SBOV2_48780.15       -           1366 463071at33208        -            272   0.00041   19.9   0.1   1   2   0.00023     0.032   13.7   0.0   166   229   147   213   135   240 0.75 transcript=SBOV2_48780.15 gene=SBOV2_48780
SBOV2_48780.15       -           1366 463071at33208        -            272   0.00041   19.9   0.1   2   2      0.34        47    3.3   0.0   107   168   368   435   360   454 0.77 transcript=SBOV2_48780.15 gene=SBOV2_48780
SBOV2_16040.1        -            343 463071at33208        -            272   0.00043   19.8   0.0   1   3   0.00017     0.024   14.1   0.0   134   200    58   126    17   145 0.87 transcript=SBOV2_16040.1 gene=SBOV2_16040
SBOV2_16040.1        -            343 463071at33208        -            272   0.00043   19.8   0.0   2   3       1.9   2.6e+02    0.8   0.0   190   250   204   266   162   274 0.67 transcript=SBOV2_16040.1 gene=SBOV2_16040
SBOV2_16040.1        -            343 463071at33208        -            272   0.00043   19.8   0.0   3   3      0.58        80    2.5   0.0    37   101   251   316   245   320 0.83 transcript=SBOV2_16040.1 gene=SBOV2_16040
SBOV2_54950.1        -            704 463071at33208        -            272   0.00045   19.7   0.0   1   1   6.9e-06   0.00095   18.7   0.0    91   173   262   350   255   358 0.85 transcript=SBOV2_54950.1 gene=SBOV2_54950
SBOV2_11680.2        -            618 463071at33208        -            272   0.00048   19.6   0.1   1   3   0.00081      0.11   11.9   0.1   138   198   228   287   191   296 0.56 transcript=SBOV2_11680.2 gene=SBOV2_11680
SBOV2_11680.2        -            618 463071at33208        -            272   0.00048   19.6   0.1   2   3       4.8   6.5e+02   -0.5   0.0   185   199   441   455   428   468 0.64 transcript=SBOV2_11680.2 gene=SBOV2_11680
SBOV2_11680.2        -            618 463071at33208        -            272   0.00048   19.6   0.1   3   3      0.24        33    3.8   0.0   101   199   481   588   473   602 0.76 transcript=SBOV2_11680.2 gene=SBOV2_11680
SBOV2_16040.2        -            365 463071at33208        -            272    0.0005   19.6   0.0   1   3   0.00021     0.028   13.8   0.0   134   200    80   148    49   167 0.87 transcript=SBOV2_16040.2 gene=SBOV2_16040
SBOV2_16040.2        -            365 463071at33208        -            272    0.0005   19.6   0.0   2   3       2.1   2.9e+02    0.7   0.0   190   250   226   288   184   297 0.67 transcript=SBOV2_16040.2 gene=SBOV2_16040
SBOV2_16040.2        -            365 463071at33208        -            272    0.0005   19.6   0.0   3   3      0.64        88    2.4   0.0    37   101   273   338   267   342 0.83 transcript=SBOV2_16040.2 gene=SBOV2_16040
SBOV2_11680.3        -            629 463071at33208        -            272   0.00052   19.5   0.1   1   3   0.00083      0.11   11.8   0.1   138   198   239   298   202   307 0.56 transcript=SBOV2_11680.3 gene=SBOV2_11680
SBOV2_11680.3        -            629 463071at33208        -            272   0.00052   19.5   0.1   2   3       4.8   6.7e+02   -0.5   0.0   185   199   452   466   439   479 0.64 transcript=SBOV2_11680.3 gene=SBOV2_11680
SBOV2_11680.3        -            629 463071at33208        -            272   0.00052   19.5   0.1   3   3      0.24        33    3.8   0.0   101   199   492   599   484   613 0.76 transcript=SBOV2_11680.3 gene=SBOV2_11680
SBOV2_11680.5        -            660 463071at33208        -            272   0.00054   19.5   0.2   1   3   0.00089      0.12   11.7   0.1   138   198   262   321   225   330 0.56 transcript=SBOV2_11680.5 gene=SBOV2_11680
SBOV2_11680.5        -            660 463071at33208        -            272   0.00054   19.5   0.2   2   3       5.1     7e+02   -0.6   0.0   185   199   475   489   462   502 0.64 transcript=SBOV2_11680.5 gene=SBOV2_11680
SBOV2_11680.5        -            660 463071at33208        -            272   0.00054   19.5   0.2   3   3      0.22        30    3.9   0.0   101   199   515   622   507   648 0.76 transcript=SBOV2_11680.5 gene=SBOV2_11680
SBOV2_11680.1        -            652 463071at33208        -            272   0.00058   19.4   0.1   1   3   0.00088      0.12   11.8   0.1   138   198   262   321   225   330 0.56 transcript=SBOV2_11680.1 gene=SBOV2_11680
SBOV2_11680.1        -            652 463071at33208        -            272   0.00058   19.4   0.1   2   3       5.1   6.9e+02   -0.6   0.0   185   199   475   489   462   502 0.64 transcript=SBOV2_11680.1 gene=SBOV2_11680
SBOV2_11680.1        -            652 463071at33208        -            272   0.00058   19.4   0.1   3   3      0.26        35    3.7   0.0   101   199   515   622   507   636 0.76 transcript=SBOV2_11680.1 gene=SBOV2_11680
SBOV2_61180.3        -            196 463071at33208        -            272   0.00072   19.1   0.7   1   2       4.8   6.7e+02   -0.5   0.0   186   198    10    22     6    32 0.69 transcript=SBOV2_61180.3 gene=SBOV2_61180
SBOV2_61180.3        -            196 463071at33208        -            272   0.00072   19.1   0.7   2   2   8.6e-05     0.012   15.1   0.1   141   239    52   156    34   166 0.68 transcript=SBOV2_61180.3 gene=SBOV2_61180
SBOV2_61180.4        -            196 463071at33208        -            272   0.00072   19.1   0.7   1   2       4.8   6.7e+02   -0.5   0.0   186   198    10    22     6    32 0.69 transcript=SBOV2_61180.4 gene=SBOV2_61180
SBOV2_61180.4        -            196 463071at33208        -            272   0.00072   19.1   0.7   2   2   8.6e-05     0.012   15.1   0.1   141   239    52   156    34   166 0.68 transcript=SBOV2_61180.4 gene=SBOV2_61180
SBOV2_61180.5        -            196 463071at33208        -            272   0.00072   19.1   0.7   1   2       4.8   6.7e+02   -0.5   0.0   186   198    10    22     6    32 0.69 transcript=SBOV2_61180.5 gene=SBOV2_61180
SBOV2_61180.5        -            196 463071at33208        -            272   0.00072   19.1   0.7   2   2   8.6e-05     0.012   15.1   0.1   141   239    52   156    34   166 0.68 transcript=SBOV2_61180.5 gene=SBOV2_61180
SBOV2_50340.7        -            498 463071at33208        -            272   0.00075   19.0   0.0   1   2   9.6e-05     0.013   14.9   0.0   100   178   244   330   242   358 0.81 transcript=SBOV2_50340.7 gene=SBOV2_50340
SBOV2_50340.7        -            498 463071at33208        -            272   0.00075   19.0   0.0   2   2         3   4.1e+02    0.2   0.0   102   129   394   421   385   433 0.77 transcript=SBOV2_50340.7 gene=SBOV2_50340
SBOV2_50340.5        -            509 463071at33208        -            272   0.00081   18.9   0.0   1   2   9.9e-05     0.014   14.9   0.0   100   178   255   341   253   369 0.81 transcript=SBOV2_50340.5 gene=SBOV2_50340
SBOV2_50340.5        -            509 463071at33208        -            272   0.00081   18.9   0.0   2   2       3.1   4.2e+02    0.1   0.0   102   129   405   432   396   444 0.77 transcript=SBOV2_50340.5 gene=SBOV2_50340
SBOV2_37990.1        -            634 463071at33208        -            272   0.00084   18.8   0.1   1   3       6.2   8.6e+02   -0.9   0.0   101   147   129   175   117   181 0.87 transcript=SBOV2_37990.1 gene=SBOV2_37990
SBOV2_37990.1        -            634 463071at33208        -            272   0.00084   18.8   0.1   2   3      0.06       8.3    5.7   0.0   141   217   299   383   290   398 0.74 transcript=SBOV2_37990.1 gene=SBOV2_37990
SBOV2_37990.1        -            634 463071at33208        -            272   0.00084   18.8   0.1   3   3    0.0055      0.76    9.2   0.0   185   211   446   473   415   493 0.78 transcript=SBOV2_37990.1 gene=SBOV2_37990
SBOV2_21240.1        -            837 463071at33208        -            272    0.0013   18.2   0.0   1   2       1.1   1.5e+02    1.6   0.0    37    55   443   461   436   527 0.67 transcript=SBOV2_21240.1 gene=SBOV2_21240
SBOV2_21240.1        -            837 463071at33208        -            272    0.0013   18.2   0.0   2   2   0.00022     0.031   13.7   0.0   137   179   759   803   746   834 0.82 transcript=SBOV2_21240.1 gene=SBOV2_21240
SBOV2_57820.3        -            531 463071at33208        -            272    0.0013   18.2   0.2   1   3     0.006      0.82    9.0   0.0   180   213   181   215    67   231 0.66 transcript=SBOV2_57820.3 gene=SBOV2_57820
SBOV2_57820.3        -            531 463071at33208        -            272    0.0013   18.2   0.2   2   3       0.5        69    2.7   0.0   141   196   230   291   224   296 0.78 transcript=SBOV2_57820.3 gene=SBOV2_57820
SBOV2_57820.3        -            531 463071at33208        -            272    0.0013   18.2   0.2   3   3       7.5     1e+03   -1.1   0.0   193   208   337   352   301   363 0.73 transcript=SBOV2_57820.3 gene=SBOV2_57820
SBOV2_21240.3        -            928 463071at33208        -            272    0.0016   17.9   0.0   1   2       1.3   1.8e+02    1.4   0.0    37    55   534   552   527   618 0.68 transcript=SBOV2_21240.3 gene=SBOV2_21240
SBOV2_21240.3        -            928 463071at33208        -            272    0.0016   17.9   0.0   2   2   0.00025     0.035   13.5   0.0   137   179   850   894   837   925 0.82 transcript=SBOV2_21240.3 gene=SBOV2_21240
SBOV2_21240.2        -            932 463071at33208        -            272    0.0016   17.9   0.0   1   2       1.3   1.8e+02    1.4   0.0    37    55   538   556   531   622 0.68 transcript=SBOV2_21240.2 gene=SBOV2_21240
SBOV2_21240.2        -            932 463071at33208        -            272    0.0016   17.9   0.0   2   2   0.00026     0.036   13.5   0.0   137   179   854   898   841   928 0.83 transcript=SBOV2_21240.2 gene=SBOV2_21240
SBOV2_65330.1        -            984 463071at33208        -            272    0.0018   17.7   0.0   1   2   0.00024     0.034   13.6   0.0   137   197   693   754   654   779 0.84 transcript=SBOV2_65330.1 gene=SBOV2_65330
SBOV2_65330.1        -            984 463071at33208        -            272    0.0018   17.7   0.0   2   2       1.2   1.7e+02    1.5   0.0   142   207   912   977   901   980 0.70 transcript=SBOV2_65330.1 gene=SBOV2_65330
SBOV2_57820.2        -            605 463071at33208        -            272    0.0023   17.4   0.2   1   3    0.0083       1.1    8.6   0.0   180   212   255   288   142   303 0.67 transcript=SBOV2_57820.2 gene=SBOV2_57820
SBOV2_57820.2        -            605 463071at33208        -            272    0.0023   17.4   0.2   2   3      0.43        59    2.9   0.0   140   196   303   365   288   382 0.81 transcript=SBOV2_57820.2 gene=SBOV2_57820
SBOV2_57820.2        -            605 463071at33208        -            272    0.0023   17.4   0.2   3   3       8.8   1.2e+03   -1.3   0.0   193   208   411   426   375   437 0.73 transcript=SBOV2_57820.2 gene=SBOV2_57820
SBOV2_57820.4        -            605 463071at33208        -            272    0.0023   17.4   0.2   1   3    0.0083       1.1    8.6   0.0   180   212   255   288   142   303 0.67 transcript=SBOV2_57820.4 gene=SBOV2_57820
SBOV2_57820.4        -            605 463071at33208        -            272    0.0023   17.4   0.2   2   3      0.43        59    2.9   0.0   140   196   303   365   288   382 0.81 transcript=SBOV2_57820.4 gene=SBOV2_57820
SBOV2_57820.4        -            605 463071at33208        -            272    0.0023   17.4   0.2   3   3       8.8   1.2e+03   -1.3   0.0   193   208   411   426   375   437 0.73 transcript=SBOV2_57820.4 gene=SBOV2_57820
SBOV2_57820.1        -            605 463071at33208        -            272    0.0023   17.4   0.2   1   3    0.0083       1.1    8.6   0.0   180   212   255   288   142   303 0.67 transcript=SBOV2_57820.1 gene=SBOV2_57820
SBOV2_57820.1        -            605 463071at33208        -            272    0.0023   17.4   0.2   2   3      0.43        59    2.9   0.0   140   196   303   365   288   382 0.81 transcript=SBOV2_57820.1 gene=SBOV2_57820
SBOV2_57820.1        -            605 463071at33208        -            272    0.0023   17.4   0.2   3   3       8.8   1.2e+03   -1.3   0.0   193   208   411   426   375   437 0.73 transcript=SBOV2_57820.1 gene=SBOV2_57820
SBOV2_57820.5        -            403 463071at33208        -            272    0.0034   16.8   0.3   1   3    0.0063      0.86    9.0   0.1   181   214    54    88     2   106 0.71 transcript=SBOV2_57820.5 gene=SBOV2_57820
SBOV2_57820.5        -            403 463071at33208        -            272    0.0034   16.8   0.3   2   3      0.21        29    4.0   0.0   140   197   101   164    87   192 0.80 transcript=SBOV2_57820.5 gene=SBOV2_57820
SBOV2_57820.5        -            403 463071at33208        -            272    0.0034   16.8   0.3   3   3       5.1     7e+02   -0.6   0.0   193   208   209   224   173   236 0.73 transcript=SBOV2_57820.5 gene=SBOV2_57820
SBOV2_57820.6        -            403 463071at33208        -            272    0.0034   16.8   0.3   1   3    0.0063      0.86    9.0   0.1   181   214    54    88     2   106 0.71 transcript=SBOV2_57820.6 gene=SBOV2_57820
SBOV2_57820.6        -            403 463071at33208        -            272    0.0034   16.8   0.3   2   3      0.21        29    4.0   0.0   140   197   101   164    87   192 0.80 transcript=SBOV2_57820.6 gene=SBOV2_57820
SBOV2_57820.6        -            403 463071at33208        -            272    0.0034   16.8   0.3   3   3       5.1     7e+02   -0.6   0.0   193   208   209   224   173   236 0.73 transcript=SBOV2_57820.6 gene=SBOV2_57820
SBOV2_91920.2        -            900 463071at33208        -            272    0.0043   16.5   0.0   1   2    0.0003     0.041   13.3   0.0   138   244    22   137    12   149 0.75 transcript=SBOV2_91920.2 gene=SBOV2_91920
SBOV2_91920.2        -            900 463071at33208        -            272    0.0043   16.5   0.0   2   2       3.2   4.4e+02    0.1   0.0   136   175   202   243   182   264 0.67 transcript=SBOV2_91920.2 gene=SBOV2_91920
SBOV2_95450.1        -            414 463071at33208        -            272    0.0043   16.5   0.1   1   2     0.016       2.2    7.6   0.0   117   238    35   163    16   167 0.74 transcript=SBOV2_95450.1 gene=SBOV2_95450
SBOV2_95450.1        -            414 463071at33208        -            272    0.0043   16.5   0.1   2   2     0.016       2.1    7.7   0.1   148   207   165   224   152   232 0.76 transcript=SBOV2_95450.1 gene=SBOV2_95450
SBOV2_7190.4         -            779 463071at33208        -            272    0.0046   16.4   0.0   1   4      0.11        16    4.8   0.0   178   226    48    98    30   135 0.75 transcript=SBOV2_7190.4 gene=SBOV2_7190
SBOV2_7190.4         -            779 463071at33208        -            272    0.0046   16.4   0.0   2   4       6.3   8.6e+02   -0.9   0.0   173   209   183   220   178   236 0.85 transcript=SBOV2_7190.4 gene=SBOV2_7190
SBOV2_7190.4         -            779 463071at33208        -            272    0.0046   16.4   0.0   3   4     0.055       7.6    5.9   0.0   140   186   283   329   277   335 0.74 transcript=SBOV2_7190.4 gene=SBOV2_7190
SBOV2_7190.4         -            779 463071at33208        -            272    0.0046   16.4   0.0   4   4       4.9   6.8e+02   -0.5   0.0   196   224   711   739   698   767 0.51 transcript=SBOV2_7190.4 gene=SBOV2_7190
SBOV2_35890.2        -            673 463071at33208        -            272    0.0087   15.5   0.7   1   3      0.62        85    2.4   0.0   109   167   106   170    70   184 0.77 transcript=SBOV2_35890.2 gene=SBOV2_35890
SBOV2_35890.2        -            673 463071at33208        -            272    0.0087   15.5   0.7   2   3         4   5.5e+02   -0.2   0.0   139   170   219   252   213   257 0.67 transcript=SBOV2_35890.2 gene=SBOV2_35890
SBOV2_35890.2        -            673 463071at33208        -            272    0.0087   15.5   0.7   3   3    0.0073         1    8.7   0.0   137   206   273   347   270   356 0.79 transcript=SBOV2_35890.2 gene=SBOV2_35890
SBOV2_47250.1        -            374 463071at33208        -            272    0.0088   15.5   0.1   1   3         2   2.7e+02    0.8   0.0   157   207    40    93    22   102 0.75 transcript=SBOV2_47250.1 gene=SBOV2_47250
SBOV2_47250.1        -            374 463071at33208        -            272    0.0088   15.5   0.1   2   3     0.031       4.3    6.7   0.0   194   213   132   151   121   162 0.84 transcript=SBOV2_47250.1 gene=SBOV2_47250
SBOV2_47250.1        -            374 463071at33208        -            272    0.0088   15.5   0.1   3   3      0.21        29    3.9   0.0   120   174   198   258   186   289 0.70 transcript=SBOV2_47250.1 gene=SBOV2_47250
SBOV2_47270.1        -            374 463071at33208        -            272    0.0088   15.5   0.1   1   3         2   2.7e+02    0.8   0.0   157   207    40    93    22   102 0.75 transcript=SBOV2_47270.1 gene=SBOV2_47270
SBOV2_47270.1        -            374 463071at33208        -            272    0.0088   15.5   0.1   2   3     0.031       4.3    6.7   0.0   194   213   132   151   121   162 0.84 transcript=SBOV2_47270.1 gene=SBOV2_47270
SBOV2_47270.1        -            374 463071at33208        -            272    0.0088   15.5   0.1   3   3      0.21        29    3.9   0.0   120   174   198   258   186   289 0.70 transcript=SBOV2_47270.1 gene=SBOV2_47270
SBOV2_7190.3         -           1072 463071at33208        -            272     0.013   15.0   0.0   1   4      0.17        24    4.3   0.0   178   226    48    98    30   135 0.75 transcript=SBOV2_7190.3 gene=SBOV2_7190
SBOV2_7190.3         -           1072 463071at33208        -            272     0.013   15.0   0.0   2   4       9.8   1.3e+03   -1.5   0.0   173   209   183   220   179   233 0.85 transcript=SBOV2_7190.3 gene=SBOV2_7190
SBOV2_7190.3         -           1072 463071at33208        -            272     0.013   15.0   0.0   3   4      0.08        11    5.3   0.0   140   186   283   329   277   335 0.74 transcript=SBOV2_7190.3 gene=SBOV2_7190
SBOV2_7190.3         -           1072 463071at33208        -            272     0.013   15.0   0.0   4   4       7.4     1e+03   -1.1   0.0   198   224   713   739   699   767 0.50 transcript=SBOV2_7190.3 gene=SBOV2_7190
SBOV2_7190.1         -           1074 463071at33208        -            272     0.013   15.0   0.0   1   4      0.17        24    4.2   0.0   178   226    48    98    30   135 0.75 transcript=SBOV2_7190.1 gene=SBOV2_7190
SBOV2_7190.1         -           1074 463071at33208        -            272     0.013   15.0   0.0   2   4       9.8   1.4e+03   -1.5   0.0   173   209   183   220   179   233 0.85 transcript=SBOV2_7190.1 gene=SBOV2_7190
SBOV2_7190.1         -           1074 463071at33208        -            272     0.013   15.0   0.0   3   4      0.08        11    5.3   0.0   140   186   283   329   277   335 0.74 transcript=SBOV2_7190.1 gene=SBOV2_7190
SBOV2_7190.1         -           1074 463071at33208        -            272     0.013   15.0   0.0   4   4       7.4     1e+03   -1.1   0.0   198   224   713   739   699   767 0.50 transcript=SBOV2_7190.1 gene=SBOV2_7190
SBOV2_60430.1        -            352 463071at33208        -            272     0.013   14.9   0.1   1   3      0.34        47    3.3   0.0   183   207    64    88    15   103 0.77 transcript=SBOV2_60430.1 gene=SBOV2_60430
SBOV2_60430.1        -            352 463071at33208        -            272     0.013   14.9   0.1   2   3    0.0072      0.99    8.8   0.0   109   238    69   217    63   225 0.61 transcript=SBOV2_60430.1 gene=SBOV2_60430
SBOV2_60430.1        -            352 463071at33208        -            272     0.013   14.9   0.1   3   3       2.5   3.4e+02    0.4   0.0   136   171   245   282   215   285 0.76 transcript=SBOV2_60430.1 gene=SBOV2_60430
SBOV2_7190.2         -           1088 463071at33208        -            272     0.013   14.9   0.0   1   3      0.17        24    4.2   0.0   178   226    48    98    30   135 0.75 transcript=SBOV2_7190.2 gene=SBOV2_7190
SBOV2_7190.2         -           1088 463071at33208        -            272     0.013   14.9   0.0   2   3     0.082        11    5.3   0.0   140   186   283   329   277   335 0.74 transcript=SBOV2_7190.2 gene=SBOV2_7190
SBOV2_7190.2         -           1088 463071at33208        -            272     0.013   14.9   0.0   3   3       7.5     1e+03   -1.1   0.0   198   224   713   739   699   767 0.50 transcript=SBOV2_7190.2 gene=SBOV2_7190
SBOV2_35890.1        -            762 463071at33208        -            272     0.016   14.7   1.0   1   3      0.74     1e+02    2.2   0.0   109   167   106   170    71   184 0.76 transcript=SBOV2_35890.1 gene=SBOV2_35890
SBOV2_35890.1        -            762 463071at33208        -            272     0.016   14.7   1.0   2   3       4.9   6.7e+02   -0.5   0.0   139   170   219   252   213   256 0.66 transcript=SBOV2_35890.1 gene=SBOV2_35890
SBOV2_35890.1        -            762 463071at33208        -            272     0.016   14.7   1.0   3   3     0.009       1.2    8.4   0.1   137   206   273   347   270   355 0.79 transcript=SBOV2_35890.1 gene=SBOV2_35890
SBOV2_72290.1        -            442 463071at33208        -            272     0.018   14.5   0.1   1   3       1.4     2e+02    1.2   0.0   141   174   177   212   134   237 0.63 transcript=SBOV2_72290.1 gene=SBOV2_72290
SBOV2_72290.1        -            442 463071at33208        -            272     0.018   14.5   0.1   2   3     0.011       1.5    8.2   0.0   159   223   239   302   202   338 0.62 transcript=SBOV2_72290.1 gene=SBOV2_72290
SBOV2_72290.1        -            442 463071at33208        -            272     0.018   14.5   0.1   3   3       1.1   1.5e+02    1.6   0.0   163   237   326   398   299   419 0.69 transcript=SBOV2_72290.1 gene=SBOV2_72290
SBOV2_72290.2        -            442 463071at33208        -            272     0.018   14.5   0.1   1   3       1.4     2e+02    1.2   0.0   141   174   177   212   134   237 0.63 transcript=SBOV2_72290.2 gene=SBOV2_72290
SBOV2_72290.2        -            442 463071at33208        -            272     0.018   14.5   0.1   2   3     0.011       1.5    8.2   0.0   159   223   239   302   202   338 0.62 transcript=SBOV2_72290.2 gene=SBOV2_72290
SBOV2_72290.2        -            442 463071at33208        -            272     0.018   14.5   0.1   3   3       1.1   1.5e+02    1.6   0.0   163   237   326   398   299   419 0.69 transcript=SBOV2_72290.2 gene=SBOV2_72290
SBOV2_13160.1        -            671 463071at33208        -            272     0.043   13.2   0.0   1   2       0.1        14    5.0   0.0   109   234   190   326   186   333 0.68 transcript=SBOV2_13160.1 gene=SBOV2_13160
SBOV2_13160.1        -            671 463071at33208        -            272     0.043   13.2   0.0   2   2     0.067       9.2    5.6   0.0    67   157   433   528   417   535 0.87 transcript=SBOV2_13160.1 gene=SBOV2_13160
SBOV2_13160.2        -            705 463071at33208        -            272     0.049   13.0   0.0   1   2      0.11        15    4.9   0.0   109   234   190   326   186   333 0.68 transcript=SBOV2_13160.2 gene=SBOV2_13160
SBOV2_13160.2        -            705 463071at33208        -            272     0.049   13.0   0.0   2   2     0.072       9.9    5.5   0.0    67   157   433   528   417   535 0.87 transcript=SBOV2_13160.2 gene=SBOV2_13160
SBOV2_33810.1        -            778 463071at33208        -            272      0.05   13.0   0.0   1   2       1.9   2.6e+02    0.9   0.0    15    53   304   340   296   362 0.72 transcript=SBOV2_33810.1 gene=SBOV2_33810
SBOV2_33810.1        -            778 463071at33208        -            272      0.05   13.0   0.0   2   2    0.0092       1.3    8.4   0.0   157   206   705   757   691   768 0.81 transcript=SBOV2_33810.1 gene=SBOV2_33810
SBOV2_11680.4        -            491 463071at33208        -            272     0.051   13.0   0.1   1   1   0.00058      0.08   12.4   0.1   138   198   262   321   225   330 0.55 transcript=SBOV2_11680.4 gene=SBOV2_11680
SBOV2_7810.1         -            600 463071at33208        -            272     0.054   12.9   0.1   1   2     0.006      0.83    9.0   0.0   136   213   208   290   203   302 0.82 transcript=SBOV2_7810.1 gene=SBOV2_7810
SBOV2_7810.1         -            600 463071at33208        -            272     0.054   12.9   0.1   2   2       2.3   3.2e+02    0.6   0.0   177   213   322   357   311   375 0.77 transcript=SBOV2_7810.1 gene=SBOV2_7810
SBOV2_7810.2         -            600 463071at33208        -            272     0.054   12.9   0.1   1   2     0.006      0.83    9.0   0.0   136   213   208   290   203   302 0.82 transcript=SBOV2_7810.2 gene=SBOV2_7810
SBOV2_7810.2         -            600 463071at33208        -            272     0.054   12.9   0.1   2   2       2.3   3.2e+02    0.6   0.0   177   213   322   357   311   375 0.77 transcript=SBOV2_7810.2 gene=SBOV2_7810
SBOV2_7810.3         -            600 463071at33208        -            272     0.054   12.9   0.1   1   2     0.006      0.83    9.0   0.0   136   213   208   290   203   302 0.82 transcript=SBOV2_7810.3 gene=SBOV2_7810
SBOV2_7810.3         -            600 463071at33208        -            272     0.054   12.9   0.1   2   2       2.3   3.2e+02    0.6   0.0   177   213   322   357   311   375 0.77 transcript=SBOV2_7810.3 gene=SBOV2_7810
SBOV2_7810.4         -            600 463071at33208        -            272     0.054   12.9   0.1   1   2     0.006      0.83    9.0   0.0   136   213   208   290   203   302 0.82 transcript=SBOV2_7810.4 gene=SBOV2_7810
SBOV2_7810.4         -            600 463071at33208        -            272     0.054   12.9   0.1   2   2       2.3   3.2e+02    0.6   0.0   177   213   322   357   311   375 0.77 transcript=SBOV2_7810.4 gene=SBOV2_7810
SBOV2_7810.5         -            600 463071at33208        -            272     0.054   12.9   0.1   1   2     0.006      0.83    9.0   0.0   136   213   208   290   203   302 0.82 transcript=SBOV2_7810.5 gene=SBOV2_7810
SBOV2_7810.5         -            600 463071at33208        -            272     0.054   12.9   0.1   2   2       2.3   3.2e+02    0.6   0.0   177   213   322   357   311   375 0.77 transcript=SBOV2_7810.5 gene=SBOV2_7810
SBOV2_7810.6         -            600 463071at33208        -            272     0.054   12.9   0.1   1   2     0.006      0.83    9.0   0.0   136   213   208   290   203   302 0.82 transcript=SBOV2_7810.6 gene=SBOV2_7810
SBOV2_7810.6         -            600 463071at33208        -            272     0.054   12.9   0.1   2   2       2.3   3.2e+02    0.6   0.0   177   213   322   357   311   375 0.77 transcript=SBOV2_7810.6 gene=SBOV2_7810
SBOV2_33810.2        -            852 463071at33208        -            272     0.065   12.6   0.0   1   2       2.1   2.9e+02    0.7   0.0    15    53   378   414   370   435 0.72 transcript=SBOV2_33810.2 gene=SBOV2_33810
SBOV2_33810.2        -            852 463071at33208        -            272     0.065   12.6   0.0   2   2      0.01       1.4    8.3   0.0   157   206   779   831   765   842 0.81 transcript=SBOV2_33810.2 gene=SBOV2_33810
SBOV2_33810.3        -            852 463071at33208        -            272     0.065   12.6   0.0   1   2       2.1   2.9e+02    0.7   0.0    15    53   378   414   370   435 0.72 transcript=SBOV2_33810.3 gene=SBOV2_33810
SBOV2_33810.3        -            852 463071at33208        -            272     0.065   12.6   0.0   2   2      0.01       1.4    8.3   0.0   157   206   779   831   765   842 0.81 transcript=SBOV2_33810.3 gene=SBOV2_33810
SBOV2_22980.1        -            189 463071at33208        -            272     0.087   12.2   0.1   1   2      0.12        17    4.8   0.0   184   207     4    27     1    32 0.87 transcript=SBOV2_22980.1 gene=SBOV2_22980
SBOV2_22980.1        -            189 463071at33208        -            272     0.087   12.2   0.1   2   2      0.11        15    4.9   0.0   137   165   156   187   115   188 0.73 transcript=SBOV2_22980.1 gene=SBOV2_22980
SBOV2_36780.4        -            478 463071at33208        -            272      0.11   11.9   0.0   1   1    0.0023      0.32   10.4   0.0    36    94   132   191   117   193 0.86 transcript=SBOV2_36780.4 gene=SBOV2_36780
SBOV2_24190.1        -            500 463071at33208        -            272      0.12   11.8   0.0   1   2     0.032       4.3    6.7   0.0   139   182   229   275   194   304 0.63 transcript=SBOV2_24190.1 gene=SBOV2_24190
SBOV2_24190.1        -            500 463071at33208        -            272      0.12   11.8   0.0   2   2    0.0035      0.48    9.8   0.0   107   206   235   343   221   369 0.73 transcript=SBOV2_24190.1 gene=SBOV2_24190
SBOV2_36780.1        -            536 463071at33208        -            272      0.13   11.6   0.0   1   1    0.0025      0.34   10.3   0.0    34    94   131   191   114   193 0.85 transcript=SBOV2_36780.1 gene=SBOV2_36780
SBOV2_36780.2        -            536 463071at33208        -            272      0.13   11.6   0.0   1   1    0.0025      0.34   10.3   0.0    34    94   131   191   114   193 0.85 transcript=SBOV2_36780.2 gene=SBOV2_36780
SBOV2_36780.3        -            536 463071at33208        -            272      0.13   11.6   0.0   1   1    0.0025      0.34   10.3   0.0    34    94   131   191   114   193 0.85 transcript=SBOV2_36780.3 gene=SBOV2_36780
#
# Program:         hmmsearch
# Version:         3.4 (Aug 2023)
# Pipeline mode:   SEARCH
# Query file:      /users/40483456/busco_datasets/busco_downloads/lineages/metazoa_odb10/hmms/463071at33208.hmm
# Target file:     /users/40483456/protein/schistosoma_bovis.fa
# Option settings: hmmsearch --domtblout /users/40483456/busco/results_pro/schistosoma_bovis_busco/run_metazoa_odb10/hmmer_output/initial_run_results/463071at33208.out --cpu 1 /users/40483456/busco_datasets/busco_downloads/lineages/metazoa_odb10/hmms/463071at33208.hmm /users/40483456/protein/schistosoma_bovis.fa 
# Current dir:     /users/40483456
# Date:            Thu Jan 15 17:46:07 2026
# [ok]
