#                                                                            --- full sequence --- -------------- this domain -------------   hmm coord   ali coord   env coord
# target name        accession   tlen query name           accession   qlen   E-value  score  bias   #  of  c-Evalue  i-Evalue  score  bias  from    to  from    to  from    to  acc description of target
#------------------- ---------- ----- -------------------- ---------- ----- --------- ------ ----- --- --- --------- --------- ------ ----- ----- ----- ----- ----- ----- ----- ---- ---------------------
SBOV2_57450.1        -            254 515410at33208        -            164     3e-51  173.5   0.3   1   2   1.1e-39   5.8e-36  123.8   0.1     7   111    27   152    20   158 0.81 transcript=SBOV2_57450.1 gene=SBOV2_57450
SBOV2_57450.1        -            254 515410at33208        -            164     3e-51  173.5   0.3   2   2   5.9e-16     3e-12   46.7   0.0   108   154   179   225   169   236 0.91 transcript=SBOV2_57450.1 gene=SBOV2_57450
SBOV2_57450.2        -            297 515410at33208        -            164     6e-51  172.5   0.3   1   2   1.7e-39   8.4e-36  123.3   0.1     7   111    70   195    63   201 0.81 transcript=SBOV2_57450.2 gene=SBOV2_57450
SBOV2_57450.2        -            297 515410at33208        -            164     6e-51  172.5   0.3   2   2   8.1e-16   4.1e-12   46.2   0.0   108   154   222   268   213   278 0.91 transcript=SBOV2_57450.2 gene=SBOV2_57450
SBOV2_57470.1        -            246 515410at33208        -            164   9.6e-30  103.6   0.1   1   1   7.7e-33   3.9e-29  101.6   0.1    30   111   109   203   104   208 0.84 transcript=SBOV2_57470.1 gene=SBOV2_57470
SBOV2_79940.1        -            290 515410at33208        -            164   5.3e-06   26.3   0.6   1   3     0.005        25    4.6   0.0     6    36    52    82    47   103 0.85 transcript=SBOV2_79940.1 gene=SBOV2_79940
SBOV2_79940.1        -            290 515410at33208        -            164   5.3e-06   26.3   0.6   2   3   0.00013      0.65    9.8   0.0    81   112   153   184   146   199 0.90 transcript=SBOV2_79940.1 gene=SBOV2_79940
SBOV2_79940.1        -            290 515410at33208        -            164   5.3e-06   26.3   0.6   3   3   0.00029       1.5    8.6   0.0   111   139   212   240   199   260 0.85 transcript=SBOV2_79940.1 gene=SBOV2_79940
#
# Program:         hmmsearch
# Version:         3.4 (Aug 2023)
# Pipeline mode:   SEARCH
# Query file:      /users/40483456/busco_datasets/busco_downloads/lineages/metazoa_odb10/hmms/515410at33208.hmm
# Target file:     /users/40483456/protein/schistosoma_bovis.fa
# Option settings: hmmsearch --domtblout /users/40483456/busco/results_pro/schistosoma_bovis_busco/run_metazoa_odb10/hmmer_output/initial_run_results/515410at33208.out --cpu 1 /users/40483456/busco_datasets/busco_downloads/lineages/metazoa_odb10/hmms/515410at33208.hmm /users/40483456/protein/schistosoma_bovis.fa 
# Current dir:     /users/40483456
# Date:            Thu Jan 15 17:46:18 2026
# [ok]
