#                                                                            --- full sequence --- -------------- this domain -------------   hmm coord   ali coord   env coord
# target name        accession   tlen query name           accession   qlen   E-value  score  bias   #  of  c-Evalue  i-Evalue  score  bias  from    to  from    to  from    to  acc description of target
#------------------- ---------- ----- -------------------- ---------- ----- --------- ------ ----- --- --- --------- --------- ------ ----- ----- ----- ----- ----- ----- ----- ---- ---------------------
SBOV2_81260.1        -            214 552764at33208        -            179   4.8e-42  143.8   2.2   1   1   3.8e-44   5.8e-42  143.5   2.2     4   167    10   176     7   186 0.93 transcript=SBOV2_81260.1 gene=SBOV2_81260
SBOV2_42570.1        -            211 552764at33208        -            179   7.6e-41  139.9   0.8   1   1   6.7e-43     1e-40  139.5   0.8     7   174    12   182     8   186 0.92 transcript=SBOV2_42570.1 gene=SBOV2_42570
SBOV2_26770.1        -            199 552764at33208        -            179     2e-40  138.5   0.3   1   1   1.6e-42   2.4e-40  138.3   0.3     5   169     4   171     1   179 0.93 transcript=SBOV2_26770.1 gene=SBOV2_26770
SBOV2_40180.2        -            203 552764at33208        -            179   8.6e-40  136.5   0.1   1   1   7.1e-42   1.1e-39  136.1   0.1    10   171    11   175     5   182 0.94 transcript=SBOV2_40180.2 gene=SBOV2_40180
SBOV2_40180.1        -            205 552764at33208        -            179   8.6e-40  136.5   0.1   1   1   7.3e-42   1.1e-39  136.1   0.1    10   171    11   175     5   182 0.94 transcript=SBOV2_40180.1 gene=SBOV2_40180
SBOV2_94820.1        -            218 552764at33208        -            179   1.3e-37  129.4   0.0   1   1   1.1e-39   1.6e-37  129.0   0.0     4   168    11   178     8   186 0.93 transcript=SBOV2_94820.1 gene=SBOV2_94820
SBOV2_410.1          -            236 552764at33208        -            179   2.9e-37  128.2   0.2   1   1   2.5e-39   3.8e-37  127.8   0.2    10   172    13   182     7   188 0.91 transcript=SBOV2_410.1 gene=SBOV2_410
SBOV2_92080.1        -            213 552764at33208        -            179   2.7e-36  125.1   0.1   1   1   2.3e-38   3.5e-36  124.7   0.1     3   171     5   176     3   183 0.91 transcript=SBOV2_92080.1 gene=SBOV2_92080
SBOV2_92080.2        -            213 552764at33208        -            179   2.7e-36  125.1   0.1   1   1   2.3e-38   3.5e-36  124.7   0.1     3   171     5   176     3   183 0.91 transcript=SBOV2_92080.2 gene=SBOV2_92080
SBOV2_60550.1        -            214 552764at33208        -            179     3e-36  124.9   2.4   1   1   2.4e-38   3.6e-36  124.7   2.4     4   177    10   186     6   189 0.91 transcript=SBOV2_60550.1 gene=SBOV2_60550
SBOV2_53210.1        -            205 552764at33208        -            179     3e-36  124.9   0.2   1   1   2.3e-38   3.5e-36  124.7   0.2     3   171     3   174     1   182 0.90 transcript=SBOV2_53210.1 gene=SBOV2_53210
SBOV2_4730.1         -            216 552764at33208        -            179     3e-36  124.9   0.1   1   1   2.5e-38   3.9e-36  124.6   0.1    10   167     7   167     2   173 0.92 transcript=SBOV2_4730.1 gene=SBOV2_4730
SBOV2_18580.1        -            225 552764at33208        -            179   3.3e-36  124.8   0.1   1   1   2.8e-38   4.2e-36  124.4   0.1     9   169    12   175     7   182 0.93 transcript=SBOV2_18580.1 gene=SBOV2_18580
SBOV2_30050.3        -            205 552764at33208        -            179   3.4e-36  124.7   0.2   1   1   2.8e-38   4.2e-36  124.4   0.2     7   169     6   175     2   184 0.89 transcript=SBOV2_30050.3 gene=SBOV2_30050
SBOV2_30050.4        -            205 552764at33208        -            179   3.4e-36  124.7   0.2   1   1   2.8e-38   4.2e-36  124.4   0.2     7   169     6   175     2   184 0.89 transcript=SBOV2_30050.4 gene=SBOV2_30050
SBOV2_94850.1        -            217 552764at33208        -            179   3.5e-36  124.7   0.0   1   1     3e-38   4.5e-36  124.3   0.0     4   167    11   177     8   185 0.92 transcript=SBOV2_94850.1 gene=SBOV2_94850
SBOV2_57920.1        -            215 552764at33208        -            179   4.3e-36  124.4   0.1   1   1   3.4e-38   5.2e-36  124.1   0.1     8   168     6   171     1   181 0.84 transcript=SBOV2_57920.1 gene=SBOV2_57920
SBOV2_94860.1        -            218 552764at33208        -            179   7.8e-35  120.3   0.0   1   1   6.7e-37     1e-34  119.9   0.0     6   167    13   177     9   185 0.92 transcript=SBOV2_94860.1 gene=SBOV2_94860
SBOV2_50040.1        -            183 552764at33208        -            179   4.1e-34  118.0   0.6   1   1   3.4e-36   5.1e-34  117.6   0.6    10   175     4   172     2   178 0.91 transcript=SBOV2_50040.1 gene=SBOV2_50040
SBOV2_18300.1        -            213 552764at33208        -            179   5.9e-34  117.4   0.1   1   1     5e-36   7.6e-34  117.1   0.1    10   166     7   166     2   174 0.92 transcript=SBOV2_18300.1 gene=SBOV2_18300
SBOV2_74790.1        -            674 552764at33208        -            179   1.2e-33  116.5   1.8   1   1   7.6e-36   1.2e-33  116.5   1.8     8   168   481   648   477   658 0.88 transcript=SBOV2_74790.1 gene=SBOV2_74790
SBOV2_41920.3        -            201 552764at33208        -            179   1.5e-33  116.1   0.1   1   1   1.2e-35   1.8e-33  115.9   0.1     9   165     6   167     2   180 0.90 transcript=SBOV2_41920.3 gene=SBOV2_41920
SBOV2_41920.4        -            201 552764at33208        -            179   1.5e-33  116.1   0.1   1   1   1.2e-35   1.8e-33  115.9   0.1     9   165     6   167     2   180 0.90 transcript=SBOV2_41920.4 gene=SBOV2_41920
SBOV2_41920.1        -            172 552764at33208        -            179   1.5e-33  116.1   0.1   1   1   1.2e-35   1.9e-33  115.8   0.1     9   163     6   165     2   170 0.92 transcript=SBOV2_41920.1 gene=SBOV2_41920
SBOV2_21760.1        -            225 552764at33208        -            179   1.8e-33  115.9   1.3   1   1   1.5e-35   2.3e-33  115.5   1.3     8   175    12   182     5   186 0.89 transcript=SBOV2_21760.1 gene=SBOV2_21760
SBOV2_82410.1        -            224 552764at33208        -            179   2.7e-33  115.3   0.2   1   1   2.4e-35   3.6e-33  114.9   0.2     9   167     8   172     4   181 0.90 transcript=SBOV2_82410.1 gene=SBOV2_82410
SBOV2_25470.2        -            216 552764at33208        -            179     8e-33  113.8   0.0   1   1   6.4e-35   9.7e-33  113.5   0.0     6   167     6   167     1   173 0.96 transcript=SBOV2_25470.2 gene=SBOV2_25470
SBOV2_30720.1        -            211 552764at33208        -            179   9.5e-33  113.5   0.0   1   1   7.8e-35   1.2e-32  113.2   0.0     4   169     6   175     3   186 0.89 transcript=SBOV2_30720.1 gene=SBOV2_30720
SBOV2_69460.1        -            212 552764at33208        -            179   1.2e-31  109.9   0.1   1   1     1e-33   1.6e-31  109.5   0.1     6   174    17   188    13   193 0.93 transcript=SBOV2_69460.1 gene=SBOV2_69460
SBOV2_69460.2        -            212 552764at33208        -            179   1.2e-31  109.9   0.1   1   1     1e-33   1.6e-31  109.5   0.1     6   174    17   188    13   193 0.93 transcript=SBOV2_69460.2 gene=SBOV2_69460
SBOV2_69460.3        -            212 552764at33208        -            179   1.2e-31  109.9   0.1   1   1     1e-33   1.6e-31  109.5   0.1     6   174    17   188    13   193 0.93 transcript=SBOV2_69460.3 gene=SBOV2_69460
SBOV2_65680.1        -            199 552764at33208        -            179     2e-31  109.2   0.0   1   1   1.6e-33   2.4e-31  108.9   0.0    10   168    16   178    12   188 0.90 transcript=SBOV2_65680.1 gene=SBOV2_65680
SBOV2_30050.1        -            162 552764at33208        -            179     2e-31  109.2   0.2   1   1   1.6e-33   2.5e-31  108.9   0.2     7   145     6   149     2   154 0.89 transcript=SBOV2_30050.1 gene=SBOV2_30050
SBOV2_30050.2        -            162 552764at33208        -            179     2e-31  109.2   0.2   1   1   1.6e-33   2.5e-31  108.9   0.2     7   145     6   149     2   154 0.89 transcript=SBOV2_30050.2 gene=SBOV2_30050
SBOV2_37240.1        -            184 552764at33208        -            179   2.3e-31  109.0   0.1   1   1   1.9e-33   2.9e-31  108.7   0.1    10   171     4   168     2   177 0.92 transcript=SBOV2_37240.1 gene=SBOV2_37240
SBOV2_60890.1        -            184 552764at33208        -            179   2.4e-31  108.9   0.8   1   1   1.9e-33   2.9e-31  108.7   0.8    10   176     4   172     1   176 0.92 transcript=SBOV2_60890.1 gene=SBOV2_60890
SBOV2_78660.2        -            224 552764at33208        -            179   3.6e-31  108.4   0.0   1   1   3.8e-33   5.8e-31  107.7   0.0     7   168     8   173     3   181 0.91 transcript=SBOV2_78660.2 gene=SBOV2_78660
SBOV2_88860.1        -            291 552764at33208        -            179   3.9e-31  108.2   0.3   1   1   3.8e-33   5.7e-31  107.7   0.3     4   169    70   240    68   247 0.89 transcript=SBOV2_88860.1 gene=SBOV2_88860
SBOV2_61560.1        -            739 552764at33208        -            179   1.1e-30  106.8   0.9   1   2   5.5e-31   8.4e-29  100.7   0.1    10   135   533   660   528   671 0.93 transcript=SBOV2_61560.1 gene=SBOV2_61560
SBOV2_61560.1        -            739 552764at33208        -            179   1.1e-30  106.8   0.9   2   2      0.33        50    3.6   0.1   131   168   679   716   669   722 0.87 transcript=SBOV2_61560.1 gene=SBOV2_61560
SBOV2_61560.2        -            739 552764at33208        -            179   1.1e-30  106.8   0.9   1   2   5.5e-31   8.4e-29  100.7   0.1    10   135   533   660   528   671 0.93 transcript=SBOV2_61560.2 gene=SBOV2_61560
SBOV2_61560.2        -            739 552764at33208        -            179   1.1e-30  106.8   0.9   2   2      0.33        50    3.6   0.1   131   168   679   716   669   722 0.87 transcript=SBOV2_61560.2 gene=SBOV2_61560
SBOV2_61560.3        -            753 552764at33208        -            179   1.2e-30  106.7   0.7   1   2   6.3e-31   9.6e-29  100.5   0.1    10   134   533   659   530   669 0.93 transcript=SBOV2_61560.3 gene=SBOV2_61560
SBOV2_61560.3        -            753 552764at33208        -            179   1.2e-30  106.7   0.7   2   2       0.4        60    3.4   0.1   131   167   679   715   669   725 0.82 transcript=SBOV2_61560.3 gene=SBOV2_61560
SBOV2_69450.1        -            203 552764at33208        -            179   3.6e-30  105.1   0.0   1   1   2.8e-32   4.3e-30  104.9   0.0     6   169     5   171     1   179 0.93 transcript=SBOV2_69450.1 gene=SBOV2_69450
SBOV2_69450.2        -            203 552764at33208        -            179   3.6e-30  105.1   0.0   1   1   2.8e-32   4.3e-30  104.9   0.0     6   169     5   171     1   179 0.93 transcript=SBOV2_69450.2 gene=SBOV2_69450
SBOV2_71560.1        -            194 552764at33208        -            179   7.9e-30  104.0   0.4   1   1   6.5e-32   9.9e-30  103.7   0.4    12   175    10   176     5   180 0.91 transcript=SBOV2_71560.1 gene=SBOV2_71560
SBOV2_60550.3        -            143 552764at33208        -            179   1.5e-28   99.8   0.7   1   1   1.1e-30   1.7e-28   99.7   0.7     4   122    10   129     6   137 0.92 transcript=SBOV2_60550.3 gene=SBOV2_60550
SBOV2_41920.2        -            140 552764at33208        -            179   3.1e-28   98.8   0.0   1   1   2.5e-30   3.8e-28   98.5   0.0     9   131     6   131     2   138 0.91 transcript=SBOV2_41920.2 gene=SBOV2_41920
SBOV2_60550.2        -            167 552764at33208        -            179   7.8e-28   97.5   0.9   1   1   9.8e-30   1.5e-27   96.6   0.9     4   108    10   114     6   155 0.93 transcript=SBOV2_60550.2 gene=SBOV2_60550
SBOV2_14490.2        -            281 552764at33208        -            179   1.6e-27   96.5   0.0   1   1   1.7e-29   2.6e-27   95.8   0.0    10   166     8   169     3   180 0.90 transcript=SBOV2_14490.2 gene=SBOV2_14490
SBOV2_21760.4        -            134 552764at33208        -            179   3.9e-27   95.2   0.0   1   1   2.8e-29   4.3e-27   95.1   0.0     8   128    12   133     5   134 0.93 transcript=SBOV2_21760.4 gene=SBOV2_21760
SBOV2_21760.2        -            172 552764at33208        -            179   4.4e-27   95.1   1.6   1   1   3.3e-29     5e-27   94.9   1.6    33   175     4   149     1   153 0.88 transcript=SBOV2_21760.2 gene=SBOV2_21760
SBOV2_64270.1        -            856 552764at33208        -            179   4.7e-27   95.0   0.7   1   1   9.6e-29   1.5e-26   93.4   0.7    10   166   660   825   652   835 0.89 transcript=SBOV2_64270.1 gene=SBOV2_64270
SBOV2_21760.3        -            192 552764at33208        -            179   6.2e-27   94.6   1.7   1   1     5e-29   7.6e-27   94.3   1.7    33   175     4   149     1   153 0.88 transcript=SBOV2_21760.3 gene=SBOV2_21760
SBOV2_60550.4        -            170 552764at33208        -            179   7.6e-27   94.3   2.2   1   1   6.1e-29   9.2e-27   94.0   2.2    40   177     2   142     1   145 0.90 transcript=SBOV2_60550.4 gene=SBOV2_60550
SBOV2_60550.5        -            170 552764at33208        -            179   7.6e-27   94.3   2.2   1   1   6.1e-29   9.2e-27   94.0   2.2    40   177     2   142     1   145 0.90 transcript=SBOV2_60550.5 gene=SBOV2_60550
SBOV2_36400.1        -            192 552764at33208        -            179   1.2e-26   93.7   0.0   1   1   6.1e-28   9.3e-26   90.7   0.0    10   173     7   185     2   190 0.79 transcript=SBOV2_36400.1 gene=SBOV2_36400
SBOV2_36400.2        -            192 552764at33208        -            179   1.2e-26   93.7   0.0   1   1   6.1e-28   9.3e-26   90.7   0.0    10   173     7   185     2   190 0.79 transcript=SBOV2_36400.2 gene=SBOV2_36400
SBOV2_36950.1        -            186 552764at33208        -            179   1.4e-24   86.9   0.0   1   1   1.1e-26   1.6e-24   86.7   0.0    10   175     5   180     1   183 0.89 transcript=SBOV2_36950.1 gene=SBOV2_36950
SBOV2_78660.1        -            186 552764at33208        -            179   9.5e-24   84.2   0.0   1   1   9.7e-26   1.5e-23   83.6   0.0    40   168     3   135     1   144 0.90 transcript=SBOV2_78660.1 gene=SBOV2_78660
SBOV2_36430.1        -            193 552764at33208        -            179   1.3e-23   83.7   0.0   1   1   7.3e-25   1.1e-22   80.7   0.0     8   161     5   173     1   190 0.75 transcript=SBOV2_36430.1 gene=SBOV2_36430
SBOV2_36430.2        -            193 552764at33208        -            179   1.3e-23   83.7   0.0   1   1   7.3e-25   1.1e-22   80.7   0.0     8   161     5   173     1   190 0.75 transcript=SBOV2_36430.2 gene=SBOV2_36430
SBOV2_36420.1        -            173 552764at33208        -            179   1.8e-23   83.3   0.0   1   1   1.3e-25     2e-23   83.1   0.0     8   160     5   158     1   167 0.88 transcript=SBOV2_36420.1 gene=SBOV2_36420
SBOV2_36420.2        -            173 552764at33208        -            179   1.8e-23   83.3   0.0   1   1   1.3e-25     2e-23   83.1   0.0     8   160     5   158     1   167 0.88 transcript=SBOV2_36420.2 gene=SBOV2_36420
SBOV2_95530.1        -            226 552764at33208        -            179   1.8e-23   83.3   0.0   1   1   1.9e-25   2.8e-23   82.6   0.0     4   168    15   193    13   204 0.83 transcript=SBOV2_95530.1 gene=SBOV2_95530
SBOV2_26650.1        -            192 552764at33208        -            179   1.2e-22   80.6   0.0   1   1   2.2e-24   3.4e-22   79.1   0.0     9   131     5   127     2   189 0.81 transcript=SBOV2_26650.1 gene=SBOV2_26650
SBOV2_25470.1        -            186 552764at33208        -            179   3.4e-22   79.1   0.0   1   1   2.9e-24   4.5e-22   78.7   0.0    40   167    10   137     3   143 0.94 transcript=SBOV2_25470.1 gene=SBOV2_25470
SBOV2_91690.1        -            188 552764at33208        -            179     4e-22   78.9   0.0   1   1   3.5e-24   5.4e-22   78.5   0.0     9   165     3   170     1   184 0.79 transcript=SBOV2_91690.1 gene=SBOV2_91690
SBOV2_91700.1        -            188 552764at33208        -            179   1.3e-21   77.2   0.0   1   1   1.1e-23   1.7e-21   76.8   0.0     9   168     3   173     1   184 0.80 transcript=SBOV2_91700.1 gene=SBOV2_91700
SBOV2_94550.1        -            330 552764at33208        -            179   2.2e-21   76.5   0.0   1   1   2.4e-23   3.6e-21   75.8   0.0     1   169     1   176     1   183 0.91 transcript=SBOV2_94550.1 gene=SBOV2_94550
SBOV2_53560.1        -            209 552764at33208        -            179   4.8e-21   75.4   0.0   1   1   1.7e-22   2.6e-20   73.0   0.0     8   140    22   155    16   207 0.81 transcript=SBOV2_53560.1 gene=SBOV2_53560
SBOV2_81310.1        -            186 552764at33208        -            179   2.1e-20   73.3   0.0   1   1   1.7e-22   2.6e-20   73.0   0.0    11   171     8   175     2   182 0.87 transcript=SBOV2_81310.1 gene=SBOV2_81310
SBOV2_37440.1        -            242 552764at33208        -            179   6.6e-20   71.7   0.2   1   1   6.4e-21   9.8e-19   67.9   0.0     7   124     3   121     1   195 0.82 transcript=SBOV2_37440.1 gene=SBOV2_37440
SBOV2_81300.1        -            197 552764at33208        -            179   9.2e-20   71.2   0.0   1   1   7.5e-22   1.1e-19   70.9   0.0    15   171    23   186    14   193 0.87 transcript=SBOV2_81300.1 gene=SBOV2_81300
SBOV2_52240.1        -            195 552764at33208        -            179   1.6e-18   67.2   0.0   1   1   1.3e-20     2e-18   66.8   0.0     9   129     7   127     2   176 0.92 transcript=SBOV2_52240.1 gene=SBOV2_52240
SBOV2_7310.1         -            688 552764at33208        -            179   4.8e-16   59.1   0.1   1   1   5.2e-18   7.8e-16   58.4   0.1    10   166     9   178     1   186 0.85 transcript=SBOV2_7310.1 gene=SBOV2_7310
SBOV2_81300.4        -            173 552764at33208        -            179   7.7e-16   58.4   0.0   1   1     6e-18   9.1e-16   58.2   0.0    11   150     8   154     2   171 0.87 transcript=SBOV2_81300.4 gene=SBOV2_81300
SBOV2_81300.5        -            137 552764at33208        -            179   5.1e-14   52.5   0.0   1   1   4.2e-16   6.4e-14   52.2   0.0    55   172     7   127     2   133 0.88 transcript=SBOV2_81300.5 gene=SBOV2_81300
SBOV2_81300.6        -            137 552764at33208        -            179   5.1e-14   52.5   0.0   1   1   4.2e-16   6.4e-14   52.2   0.0    55   172     7   127     2   133 0.88 transcript=SBOV2_81300.6 gene=SBOV2_81300
SBOV2_76260.1        -            199 552764at33208        -            179   2.1e-13   50.5   0.1   1   1   1.7e-15   2.6e-13   50.2   0.1    10   128     7   127     2   176 0.82 transcript=SBOV2_76260.1 gene=SBOV2_76260
SBOV2_14490.1        -            211 552764at33208        -            179   5.5e-13   49.1   0.0   1   1     6e-15   9.2e-13   48.4   0.0    81   166     8    99     2   110 0.85 transcript=SBOV2_14490.1 gene=SBOV2_14490
SBOV2_6470.1         -            365 552764at33208        -            179   2.9e-11   43.5   0.0   1   1   4.6e-13   6.9e-11   42.3   0.0     7    97    49   138    44   156 0.87 transcript=SBOV2_6470.1 gene=SBOV2_6470
SBOV2_81300.2        -            105 552764at33208        -            179   1.9e-10   40.8   0.0   1   1   1.5e-12   2.3e-10   40.6   0.0    85   172     5    95     2   101 0.86 transcript=SBOV2_81300.2 gene=SBOV2_81300
SBOV2_33950.1        -            336 552764at33208        -            179   3.3e-10   40.1   0.0   1   1   3.7e-12   5.6e-10   39.3   0.0     4   104    31   130    28   146 0.89 transcript=SBOV2_33950.1 gene=SBOV2_33950
SBOV2_81300.3        -            119 552764at33208        -            179   1.3e-09   38.1   0.0   1   1   1.1e-11   1.7e-09   37.8   0.0    55   151     7   106     2   115 0.87 transcript=SBOV2_81300.3 gene=SBOV2_81300
SBOV2_6890.1         -            202 552764at33208        -            179   2.8e-09   37.1   0.0   1   1   2.3e-11   3.5e-09   36.7   0.0    12   167    20   187    15   198 0.69 transcript=SBOV2_6890.1 gene=SBOV2_6890
SBOV2_6890.2         -            182 552764at33208        -            179   7.8e-09   35.6   0.0   1   1   6.2e-11   9.4e-09   35.3   0.0    12   137    20   150    14   178 0.72 transcript=SBOV2_6890.2 gene=SBOV2_6890
SBOV2_6890.3         -            215 552764at33208        -            179   1.5e-08   34.7   0.0   1   1   1.2e-10   1.9e-08   34.3   0.0    12   137    20   150    15   183 0.74 transcript=SBOV2_6890.3 gene=SBOV2_6890
SBOV2_48820.1        -            513 552764at33208        -            179     3e-08   33.7   1.4   1   2   1.8e-09   2.7e-07   30.6   0.0    67   129   339   401   266   408 0.85 transcript=SBOV2_48820.1 gene=SBOV2_48820
SBOV2_48820.1        -            513 552764at33208        -            179     3e-08   33.7   1.4   2   2       4.5   6.8e+02   -0.0   0.0   143   166   462   485   448   497 0.72 transcript=SBOV2_48820.1 gene=SBOV2_48820
SBOV2_54000.1        -            185 552764at33208        -            179   6.5e-08   32.6   0.0   1   1   5.3e-10   8.1e-08   32.3   0.0    11   166    22   180    17   185 0.79 transcript=SBOV2_54000.1 gene=SBOV2_54000
SBOV2_66610.2        -            142 552764at33208        -            179   1.7e-07   31.3   0.0   1   1   1.5e-09   2.3e-07   30.8   0.0    11   128    15   129    11   139 0.74 transcript=SBOV2_66610.2 gene=SBOV2_66610
SBOV2_42970.1        -            464 552764at33208        -            179   1.8e-07   31.1   0.3   1   2     4e-06   0.00061   19.7   0.1     9   111    14   113     8   153 0.86 transcript=SBOV2_42970.1 gene=SBOV2_42970
SBOV2_42970.1        -            464 552764at33208        -            179   1.8e-07   31.1   0.3   2   2    0.0046       0.7    9.7   0.0   111   169   180   241   147   251 0.78 transcript=SBOV2_42970.1 gene=SBOV2_42970
SBOV2_66610.3        -            176 552764at33208        -            179   2.9e-07   30.5   0.0   1   1   2.5e-09   3.9e-07   30.1   0.0    11   129    15   130    11   157 0.71 transcript=SBOV2_66610.3 gene=SBOV2_66610
SBOV2_56100.1        -            181 552764at33208        -            179   2.9e-07   30.5   0.0   1   1   2.8e-09   4.3e-07   29.9   0.0    10   142    18   144    14   152 0.74 transcript=SBOV2_56100.1 gene=SBOV2_56100
SBOV2_61230.1        -            186 552764at33208        -            179   3.1e-07   30.4   0.0   1   1   2.5e-09   3.8e-07   30.1   0.0    10   110     4   110     2   150 0.83 transcript=SBOV2_61230.1 gene=SBOV2_61230
SBOV2_61230.3        -            186 552764at33208        -            179   3.1e-07   30.4   0.0   1   1   2.5e-09   3.8e-07   30.1   0.0    10   110     4   110     2   150 0.83 transcript=SBOV2_61230.3 gene=SBOV2_61230
SBOV2_66610.1        -            147 552764at33208        -            179   4.9e-07   29.8   0.0   1   1   4.3e-09   6.6e-07   29.3   0.0    11   125    15   126    11   139 0.75 transcript=SBOV2_66610.1 gene=SBOV2_66610
SBOV2_82920.1        -            390 552764at33208        -            179   1.7e-06   28.0   0.0   1   1   1.9e-08   2.9e-06   27.2   0.0    10   107     6   108     1   113 0.83 transcript=SBOV2_82920.1 gene=SBOV2_82920
SBOV2_42560.2        -            178 552764at33208        -            179   2.5e-06   27.4   0.1   1   1   2.5e-08   3.8e-06   26.8   0.1    10   133    17   137    14   149 0.80 transcript=SBOV2_42560.2 gene=SBOV2_42560
SBOV2_88490.1        -            631 552764at33208        -            179   3.8e-06   26.8   0.2   1   1   4.5e-08   6.9e-06   26.0   0.2    10   172     5   173     1   178 0.81 transcript=SBOV2_88490.1 gene=SBOV2_88490
SBOV2_42560.1        -            177 552764at33208        -            179   5.5e-06   26.3   0.1   1   1   5.5e-08   8.3e-06   25.7   0.1    10   133    17   136    14   148 0.81 transcript=SBOV2_42560.1 gene=SBOV2_42560
SBOV2_90320.1        -            583 552764at33208        -            179   8.1e-06   25.8   0.7   1   1   8.7e-08   1.3e-05   25.1   0.7    10   160   356   513   352   533 0.78 transcript=SBOV2_90320.1 gene=SBOV2_90320
SBOV2_69550.1        -            180 552764at33208        -            179   1.9e-05   24.6   0.1   1   1   1.5e-07   2.3e-05   24.3   0.1    12   166    19   175    15   180 0.75 transcript=SBOV2_69550.1 gene=SBOV2_69550
SBOV2_52560.1        -            186 552764at33208        -            179   3.4e-05   23.7   0.1   1   1   2.9e-07   4.5e-05   23.4   0.1     9   136    17   145    13   168 0.79 transcript=SBOV2_52560.1 gene=SBOV2_52560
SBOV2_52560.2        -            186 552764at33208        -            179   3.4e-05   23.7   0.1   1   1   2.9e-07   4.5e-05   23.4   0.1     9   136    17   145    13   168 0.79 transcript=SBOV2_52560.2 gene=SBOV2_52560
SBOV2_18510.1        -            527 552764at33208        -            179   8.7e-05   22.4   0.4   1   2    0.0027       0.4   10.5   0.0     6    65    38    99    34   104 0.76 transcript=SBOV2_18510.1 gene=SBOV2_18510
SBOV2_18510.1        -            527 552764at33208        -            179   8.7e-05   22.4   0.4   2   2    0.0069         1    9.1   0.1    72   171   140   234   131   242 0.79 transcript=SBOV2_18510.1 gene=SBOV2_18510
SBOV2_18510.2        -            527 552764at33208        -            179   8.7e-05   22.4   0.4   1   2    0.0027       0.4   10.5   0.0     6    65    38    99    34   104 0.76 transcript=SBOV2_18510.2 gene=SBOV2_18510
SBOV2_18510.2        -            527 552764at33208        -            179   8.7e-05   22.4   0.4   2   2    0.0069         1    9.1   0.1    72   171   140   234   131   242 0.79 transcript=SBOV2_18510.2 gene=SBOV2_18510
SBOV2_32750.1        -            181 552764at33208        -            179   9.8e-05   22.2   0.0   1   1   9.4e-07   0.00014   21.7   0.0    10   128    18   133    15   152 0.80 transcript=SBOV2_32750.1 gene=SBOV2_32750
SBOV2_18510.3        -            566 552764at33208        -            179   0.00011   22.1   0.4   1   2    0.0029      0.45   10.3   0.0     6    65    38    99    34   104 0.76 transcript=SBOV2_18510.3 gene=SBOV2_18510
SBOV2_18510.3        -            566 552764at33208        -            179   0.00011   22.1   0.4   2   2    0.0077       1.2    9.0   0.1    72   171   140   234   131   242 0.79 transcript=SBOV2_18510.3 gene=SBOV2_18510
SBOV2_18510.4        -            566 552764at33208        -            179   0.00011   22.1   0.4   1   2    0.0029      0.45   10.3   0.0     6    65    38    99    34   104 0.76 transcript=SBOV2_18510.4 gene=SBOV2_18510
SBOV2_18510.4        -            566 552764at33208        -            179   0.00011   22.1   0.4   2   2    0.0077       1.2    9.0   0.1    72   171   140   234   131   242 0.79 transcript=SBOV2_18510.4 gene=SBOV2_18510
SBOV2_18510.5        -            566 552764at33208        -            179   0.00011   22.1   0.4   1   2    0.0029      0.45   10.3   0.0     6    65    38    99    34   104 0.76 transcript=SBOV2_18510.5 gene=SBOV2_18510
SBOV2_18510.5        -            566 552764at33208        -            179   0.00011   22.1   0.4   2   2    0.0077       1.2    9.0   0.1    72   171   140   234   131   242 0.79 transcript=SBOV2_18510.5 gene=SBOV2_18510
SBOV2_18510.6        -            566 552764at33208        -            179   0.00011   22.1   0.4   1   2    0.0029      0.45   10.3   0.0     6    65    38    99    34   104 0.76 transcript=SBOV2_18510.6 gene=SBOV2_18510
SBOV2_18510.6        -            566 552764at33208        -            179   0.00011   22.1   0.4   2   2    0.0077       1.2    9.0   0.1    72   171   140   234   131   242 0.79 transcript=SBOV2_18510.6 gene=SBOV2_18510
SBOV2_18510.7        -            566 552764at33208        -            179   0.00011   22.1   0.4   1   2    0.0029      0.45   10.3   0.0     6    65    38    99    34   104 0.76 transcript=SBOV2_18510.7 gene=SBOV2_18510
SBOV2_18510.7        -            566 552764at33208        -            179   0.00011   22.1   0.4   2   2    0.0077       1.2    9.0   0.1    72   171   140   234   131   242 0.79 transcript=SBOV2_18510.7 gene=SBOV2_18510
SBOV2_18510.8        -            566 552764at33208        -            179   0.00011   22.1   0.4   1   2    0.0029      0.45   10.3   0.0     6    65    38    99    34   104 0.76 transcript=SBOV2_18510.8 gene=SBOV2_18510
SBOV2_18510.8        -            566 552764at33208        -            179   0.00011   22.1   0.4   2   2    0.0077       1.2    9.0   0.1    72   171   140   234   131   242 0.79 transcript=SBOV2_18510.8 gene=SBOV2_18510
SBOV2_89110.1        -            821 552764at33208        -            179   0.00012   22.0   0.1   1   2   7.4e-06    0.0011   18.8   0.0    10   166     8   169     3   179 0.66 transcript=SBOV2_89110.1 gene=SBOV2_89110
SBOV2_89110.1        -            821 552764at33208        -            179   0.00012   22.0   0.1   2   2       4.6     7e+02   -0.1   0.1    57    95   572   613   562   623 0.68 transcript=SBOV2_89110.1 gene=SBOV2_89110
SBOV2_69550.2        -            173 552764at33208        -            179   0.00012   22.0   0.1   1   1     1e-06   0.00015   21.6   0.1    12   150    21   161    17   172 0.72 transcript=SBOV2_69550.2 gene=SBOV2_69550
SBOV2_78990.4        -           1017 552764at33208        -            179   0.00027   20.8   0.0   1   1   3.5e-06   0.00053   19.8   0.0    10   173    73   236    69   240 0.83 transcript=SBOV2_78990.4 gene=SBOV2_78990
SBOV2_78990.2        -           1060 552764at33208        -            179   0.00029   20.7   0.0   1   1   3.7e-06   0.00057   19.8   0.0    10   173   116   279   112   283 0.83 transcript=SBOV2_78990.2 gene=SBOV2_78990
SBOV2_78990.5        -           1091 552764at33208        -            179    0.0003   20.7   0.0   1   1   3.9e-06   0.00059   19.7   0.0    10   173    73   236    69   240 0.83 transcript=SBOV2_78990.5 gene=SBOV2_78990
SBOV2_78990.1        -           1134 552764at33208        -            179   0.00032   20.6   0.0   1   1   4.1e-06   0.00063   19.6   0.0    10   173   116   279   112   283 0.83 transcript=SBOV2_78990.1 gene=SBOV2_78990
SBOV2_78990.6        -           1175 552764at33208        -            179   0.00034   20.5   0.0   1   1   4.3e-06   0.00066   19.5   0.0    10   173    73   236    69   240 0.83 transcript=SBOV2_78990.6 gene=SBOV2_78990
SBOV2_78990.7        -           1175 552764at33208        -            179   0.00034   20.5   0.0   1   1   4.3e-06   0.00066   19.5   0.0    10   173    73   236    69   240 0.83 transcript=SBOV2_78990.7 gene=SBOV2_78990
SBOV2_78990.8        -           1247 552764at33208        -            179   0.00038   20.3   0.0   1   1   4.7e-06   0.00072   19.4   0.0    10   173   116   279   112   283 0.83 transcript=SBOV2_78990.8 gene=SBOV2_78990
SBOV2_78990.9        -           1292 552764at33208        -            179    0.0004   20.3   0.0   1   1     5e-06   0.00076   19.4   0.0    10   173   116   279   112   283 0.83 transcript=SBOV2_78990.9 gene=SBOV2_78990
SBOV2_21890.1        -            184 552764at33208        -            179   0.00071   19.4   0.0   1   1   8.1e-06    0.0012   18.7   0.0     6   127    13   131     9   149 0.80 transcript=SBOV2_21890.1 gene=SBOV2_21890
SBOV2_57290.1        -            184 552764at33208        -            179   0.00071   19.4   0.0   1   1   6.4e-06   0.00097   19.0   0.0    10   127    18   132     9   149 0.73 transcript=SBOV2_57290.1 gene=SBOV2_57290
SBOV2_95700.1        -            224 552764at33208        -            179   0.00095   19.0   0.1   1   2    0.0055      0.84    9.4   0.0     6    64    38    98    34   104 0.72 transcript=SBOV2_95700.1 gene=SBOV2_95700
SBOV2_95700.1        -            224 552764at33208        -            179   0.00095   19.0   0.1   2   2      0.02         3    7.6   0.0    71   133   139   198   127   219 0.80 transcript=SBOV2_95700.1 gene=SBOV2_95700
SBOV2_61230.2        -            167 552764at33208        -            179    0.0023   17.8   0.0   1   1   1.7e-05    0.0026   17.6   0.0    50   110    31    91    14   134 0.85 transcript=SBOV2_61230.2 gene=SBOV2_61230
SBOV2_18510.10       -            465 552764at33208        -            179     0.033   14.0   0.1   1   2    0.0022      0.34   10.7   0.0     6    65    38    99    34   104 0.76 transcript=SBOV2_18510.10 gene=SBOV2_18510
SBOV2_18510.10       -            465 552764at33208        -            179     0.033   14.0   0.1   2   2       7.5   1.1e+03   -0.8   0.0    72    96   140   164   131   174 0.81 transcript=SBOV2_18510.10 gene=SBOV2_18510
SBOV2_18510.9        -            495 552764at33208        -            179     0.039   13.8   0.1   1   2    0.0024      0.37   10.6   0.0     6    65    38    99    34   104 0.76 transcript=SBOV2_18510.9 gene=SBOV2_18510
SBOV2_18510.9        -            495 552764at33208        -            179     0.039   13.8   0.1   2   2       8.6   1.3e+03   -1.0   0.0    72    96   140   164   131   171 0.80 transcript=SBOV2_18510.9 gene=SBOV2_18510
SBOV2_69550.5        -            112 552764at33208        -            179     0.041   13.7   0.1   1   1   0.00036     0.055   13.3   0.1    12    96    19    98    15   104 0.78 transcript=SBOV2_69550.5 gene=SBOV2_69550
SBOV2_69550.4        -            126 552764at33208        -            179     0.051   13.4   0.0   1   1   0.00045     0.068   13.0   0.0    12    96    19    98    15   111 0.79 transcript=SBOV2_69550.4 gene=SBOV2_69550
SBOV2_69550.3        -            127 552764at33208        -            179     0.053   13.4   0.0   1   1   0.00046     0.069   13.0   0.0    12    96    19    98    15   111 0.79 transcript=SBOV2_69550.3 gene=SBOV2_69550
SBOV2_58060.1        -           1068 552764at33208        -            179     0.082   12.7   0.2   1   1    0.0015      0.23   11.3   0.0   105   159   882   936   839   951 0.87 transcript=SBOV2_58060.1 gene=SBOV2_58060
SBOV2_24630.2        -            440 552764at33208        -            179      0.14   12.0   0.0   1   2     0.014       2.1    8.2   0.0    10    38    96   125    91   162 0.89 transcript=SBOV2_24630.2 gene=SBOV2_24630
SBOV2_24630.2        -            440 552764at33208        -            179      0.14   12.0   0.0   2   2       1.7   2.6e+02    1.3   0.0    76   141   326   391   324   409 0.84 transcript=SBOV2_24630.2 gene=SBOV2_24630
#
# Program:         hmmsearch
# Version:         3.4 (Aug 2023)
# Pipeline mode:   SEARCH
# Query file:      /users/40483456/busco_datasets/busco_downloads/lineages/metazoa_odb10/hmms/552764at33208.hmm
# Target file:     /users/40483456/protein/schistosoma_bovis.fa
# Option settings: hmmsearch --domtblout /users/40483456/busco/results_pro/schistosoma_bovis_busco/run_metazoa_odb10/hmmer_output/initial_run_results/552764at33208.out --cpu 1 /users/40483456/busco_datasets/busco_downloads/lineages/metazoa_odb10/hmms/552764at33208.hmm /users/40483456/protein/schistosoma_bovis.fa 
# Current dir:     /users/40483456
# Date:            Thu Jan 15 17:46:26 2026
# [ok]
