#                                                                            --- full sequence --- -------------- this domain -------------   hmm coord   ali coord   env coord
# target name        accession   tlen query name           accession   qlen   E-value  score  bias   #  of  c-Evalue  i-Evalue  score  bias  from    to  from    to  from    to  acc description of target
#------------------- ---------- ----- -------------------- ---------- ----- --------- ------ ----- --- --- --------- --------- ------ ----- ----- ----- ----- ----- ----- ----- ---- ---------------------
SBOV2_51290.1        -            218 566916at33208        -            114   1.7e-11   44.2   0.2   1   2   0.00046       2.3    8.3   0.1     3    31    10    40     8    51 0.79 transcript=SBOV2_51290.1 gene=SBOV2_51290
SBOV2_51290.1        -            218 566916at33208        -            114   1.7e-11   44.2   0.2   2   2   6.1e-12   3.1e-08   33.7   0.0    55   109   109   162   104   167 0.89 transcript=SBOV2_51290.1 gene=SBOV2_51290
SBOV2_6780.2         -             73 566916at33208        -            114    0.0048   17.0   0.0   1   2   2.8e-05      0.14   12.2   0.0    57    84    10    37     2    47 0.85 transcript=SBOV2_6780.2 gene=SBOV2_6780
SBOV2_6780.2         -             73 566916at33208        -            114    0.0048   17.0   0.0   2   2     0.011        55    3.9   0.0    56    80    45    69    36    73 0.78 transcript=SBOV2_6780.2 gene=SBOV2_6780
SBOV2_6780.1         -             65 566916at33208        -            114    0.0051   16.9   0.0   1   2   3.9e-05       0.2   11.8   0.0    57    83     2    28     1    36 0.84 transcript=SBOV2_6780.1 gene=SBOV2_6780
SBOV2_6780.1         -             65 566916at33208        -            114    0.0051   16.9   0.0   2   2    0.0083        42    4.3   0.0    56    80    37    61    28    65 0.78 transcript=SBOV2_6780.1 gene=SBOV2_6780
SBOV2_6780.3         -             65 566916at33208        -            114    0.0051   16.9   0.0   1   2   3.9e-05       0.2   11.8   0.0    57    83     2    28     1    36 0.84 transcript=SBOV2_6780.3 gene=SBOV2_6780
SBOV2_6780.3         -             65 566916at33208        -            114    0.0051   16.9   0.0   2   2    0.0083        42    4.3   0.0    56    80    37    61    28    65 0.78 transcript=SBOV2_6780.3 gene=SBOV2_6780
#
# Program:         hmmsearch
# Version:         3.4 (Aug 2023)
# Pipeline mode:   SEARCH
# Query file:      /users/40483456/busco_datasets/busco_downloads/lineages/metazoa_odb10/hmms/566916at33208.hmm
# Target file:     /users/40483456/protein/schistosoma_bovis.fa
# Option settings: hmmsearch --domtblout /users/40483456/busco/results_pro/schistosoma_bovis_busco/run_metazoa_odb10/hmmer_output/initial_run_results/566916at33208.out --cpu 1 /users/40483456/busco_datasets/busco_downloads/lineages/metazoa_odb10/hmms/566916at33208.hmm /users/40483456/protein/schistosoma_bovis.fa 
# Current dir:     /users/40483456
# Date:            Thu Jan 15 17:46:30 2026
# [ok]
