#                                                                            --- full sequence --- -------------- this domain -------------   hmm coord   ali coord   env coord
# target name        accession   tlen query name           accession   qlen   E-value  score  bias   #  of  c-Evalue  i-Evalue  score  bias  from    to  from    to  from    to  acc description of target
#------------------- ---------- ----- -------------------- ---------- ----- --------- ------ ----- --- --- --------- --------- ------ ----- ----- ----- ----- ----- ----- ----- ---- ---------------------
SBOV2_18190.1        -            313 568170at33208        -            186   3.9e-18   65.6   0.3   1   2   2.1e-11   5.3e-08   32.6   0.0     8    71    22    85    19    97 0.95 transcript=SBOV2_18190.1 gene=SBOV2_18190
SBOV2_18190.1        -            313 568170at33208        -            186   3.9e-18   65.6   0.3   2   2     8e-11     2e-07   30.7   0.1    88   148   169   229   148   275 0.87 transcript=SBOV2_18190.1 gene=SBOV2_18190
SBOV2_41280.1        -            103 568170at33208        -            186   0.00028   20.5   0.0   1   1   1.3e-07   0.00034   20.2   0.0    12    73    38    99    29   101 0.88 transcript=SBOV2_41280.1 gene=SBOV2_41280
SBOV2_41310.1        -            103 568170at33208        -            186   0.00028   20.5   0.0   1   1   1.3e-07   0.00034   20.2   0.0    12    73    38    99    29   101 0.88 transcript=SBOV2_41310.1 gene=SBOV2_41310
SBOV2_41370.1        -            103 568170at33208        -            186   0.00028   20.5   0.0   1   1   1.3e-07   0.00034   20.2   0.0    12    73    38    99    29   101 0.88 transcript=SBOV2_41370.1 gene=SBOV2_41370
SBOV2_82350.1        -            218 568170at33208        -            186    0.0011   18.5   0.0   1   1   6.4e-07    0.0016   18.0   0.0    22    75    30    83    17   106 0.88 transcript=SBOV2_82350.1 gene=SBOV2_82350
SBOV2_27520.1        -            265 568170at33208        -            186     0.011   15.3   0.0   1   1   6.3e-06     0.016   14.7   0.0    17    83    67   133    52   145 0.87 transcript=SBOV2_27520.1 gene=SBOV2_27520
SBOV2_54530.1        -           1543 568170at33208        -            186     0.055   13.0   0.1   1   1   5.5e-05      0.14   11.7   0.1     4    70     8    72     5    84 0.87 transcript=SBOV2_54530.1 gene=SBOV2_54530
SBOV2_53920.1        -            252 568170at33208        -            186     0.082   12.4   0.0   1   1   5.1e-05      0.13   11.8   0.0     6    66    28    88    25   105 0.95 transcript=SBOV2_53920.1 gene=SBOV2_53920
#
# Program:         hmmsearch
# Version:         3.4 (Aug 2023)
# Pipeline mode:   SEARCH
# Query file:      /users/40483456/busco_datasets/busco_downloads/lineages/metazoa_odb10/hmms/568170at33208.hmm
# Target file:     /users/40483456/protein/schistosoma_bovis.fa
# Option settings: hmmsearch --domtblout /users/40483456/busco/results_pro/schistosoma_bovis_busco/run_metazoa_odb10/hmmer_output/initial_run_results/568170at33208.out --cpu 1 /users/40483456/busco_datasets/busco_downloads/lineages/metazoa_odb10/hmms/568170at33208.hmm /users/40483456/protein/schistosoma_bovis.fa 
# Current dir:     /users/40483456
# Date:            Thu Jan 15 17:46:20 2026
# [ok]
