#                                                                            --- full sequence --- -------------- this domain -------------   hmm coord   ali coord   env coord
# target name        accession   tlen query name           accession   qlen   E-value  score  bias   #  of  c-Evalue  i-Evalue  score  bias  from    to  from    to  from    to  acc description of target
#------------------- ---------- ----- -------------------- ---------- ----- --------- ------ ----- --- --- --------- --------- ------ ----- ----- ----- ----- ----- ----- ----- ---- ---------------------
SBOV2_71580.1        -             76 629763at33208        -             63   1.8e-25   88.7   1.9   1   1   2.2e-27   5.4e-24   84.0   1.9     1    63     1    76     1    76 0.89 transcript=SBOV2_71580.1 gene=SBOV2_71580
SBOV2_37600.1        -            157 629763at33208        -             63   1.9e-07   31.0   0.1   1   2   2.6e-10   6.6e-07   29.3   0.1     7    43    69   107    63   112 0.85 transcript=SBOV2_37600.1 gene=SBOV2_37600
SBOV2_37600.1        -            157 629763at33208        -             63   1.9e-07   31.0   0.1   2   2       1.8   4.6e+03   -2.3   0.0    45    55   128   138   125   141 0.79 transcript=SBOV2_37600.1 gene=SBOV2_37600
SBOV2_43590.1        -             96 629763at33208        -             63   1.7e-05   24.7   0.5   1   1   2.9e-08   7.3e-05   22.7   0.5    21    47    19    45     2    76 0.85 transcript=SBOV2_43590.1 gene=SBOV2_43590
SBOV2_60780.1        -             94 629763at33208        -             63     6e-05   23.0   0.0   1   1   1.8e-07   0.00046   20.2   0.0    16    47    36    67    17    94 0.83 transcript=SBOV2_60780.1 gene=SBOV2_60780
SBOV2_54380.1        -            105 629763at33208        -             63   0.00065   19.7   0.0   1   2   8.1e-06      0.02   14.9   0.0    17    42    35    60    24    73 0.80 transcript=SBOV2_54380.1 gene=SBOV2_54380
SBOV2_54380.1        -            105 629763at33208        -             63   0.00065   19.7   0.0   2   2     0.046   1.2e+02    2.8   0.0    43    57    85    99    82   104 0.87 transcript=SBOV2_54380.1 gene=SBOV2_54380
SBOV2_90370.1        -            199 629763at33208        -             63    0.0042   17.1   0.1   1   2   1.8e-05     0.045   13.8   0.0    18    43    20    45     3    56 0.81 transcript=SBOV2_90370.1 gene=SBOV2_90370
SBOV2_90370.1        -            199 629763at33208        -             63    0.0042   17.1   0.1   2   2      0.18   4.6e+02    0.9   0.0    43    58    67    82    65    84 0.87 transcript=SBOV2_90370.1 gene=SBOV2_90370
SBOV2_13100.1        -            138 629763at33208        -             63     0.028   14.4   1.9   1   1   3.1e-05     0.078   13.0   1.9    19    49    26    56    12    82 0.88 transcript=SBOV2_13100.1 gene=SBOV2_13100
SBOV2_13100.2        -            138 629763at33208        -             63     0.028   14.4   1.9   1   1   3.1e-05     0.078   13.0   1.9    19    49    26    56    12    82 0.88 transcript=SBOV2_13100.2 gene=SBOV2_13100
#
# Program:         hmmsearch
# Version:         3.4 (Aug 2023)
# Pipeline mode:   SEARCH
# Query file:      /users/40483456/busco_datasets/busco_downloads/lineages/metazoa_odb10/hmms/629763at33208.hmm
# Target file:     /users/40483456/protein/schistosoma_bovis.fa
# Option settings: hmmsearch --domtblout /users/40483456/busco/results_pro/schistosoma_bovis_busco/run_metazoa_odb10/hmmer_output/initial_run_results/629763at33208.out --cpu 1 /users/40483456/busco_datasets/busco_downloads/lineages/metazoa_odb10/hmms/629763at33208.hmm /users/40483456/protein/schistosoma_bovis.fa 
# Current dir:     /users/40483456
# Date:            Thu Jan 15 17:46:28 2026
# [ok]
