#                                                                            --- full sequence --- -------------- this domain -------------   hmm coord   ali coord   env coord
# target name        accession   tlen query name           accession   qlen   E-value  score  bias   #  of  c-Evalue  i-Evalue  score  bias  from    to  from    to  from    to  acc description of target
#------------------- ---------- ----- -------------------- ---------- ----- --------- ------ ----- --- --- --------- --------- ------ ----- ----- ----- ----- ----- ----- ----- ---- ---------------------
SBOV2_29480.10       -           1236 63697at33208         -            947         0 1895.8  27.3   1   5      0.17        90    0.9   0.7    18    53    85   121    69   131 0.81 transcript=SBOV2_29480.10 gene=SBOV2_29480
SBOV2_29480.10       -           1236 63697at33208         -            947         0 1895.8  27.3   2   5   4.5e-05     0.023   12.7   1.1    17    53   136   171   123   188 0.80 transcript=SBOV2_29480.10 gene=SBOV2_29480
SBOV2_29480.10       -           1236 63697at33208         -            947         0 1895.8  27.3   3   5   0.00082      0.42    8.6   0.1    27    65   193   230   179   235 0.81 transcript=SBOV2_29480.10 gene=SBOV2_29480
SBOV2_29480.10       -           1236 63697at33208         -            947         0 1895.8  27.3   4   5   1.8e-27   9.5e-25   86.8   0.5    59   121   291   354   264   360 0.89 transcript=SBOV2_29480.10 gene=SBOV2_29480
SBOV2_29480.10       -           1236 63697at33208         -            947         0 1895.8  27.3   5   5         0         0 1802.4   2.5   119   942   394  1224   379  1232 0.99 transcript=SBOV2_29480.10 gene=SBOV2_29480
SBOV2_29480.3        -           1236 63697at33208         -            947         0 1895.8  27.3   1   5      0.17        90    0.9   0.7    18    53    85   121    69   131 0.81 transcript=SBOV2_29480.3 gene=SBOV2_29480
SBOV2_29480.3        -           1236 63697at33208         -            947         0 1895.8  27.3   2   5   4.5e-05     0.023   12.7   1.1    17    53   136   171   123   188 0.80 transcript=SBOV2_29480.3 gene=SBOV2_29480
SBOV2_29480.3        -           1236 63697at33208         -            947         0 1895.8  27.3   3   5   0.00082      0.42    8.6   0.1    27    65   193   230   179   235 0.81 transcript=SBOV2_29480.3 gene=SBOV2_29480
SBOV2_29480.3        -           1236 63697at33208         -            947         0 1895.8  27.3   4   5   1.8e-27   9.5e-25   86.8   0.5    59   121   291   354   264   360 0.89 transcript=SBOV2_29480.3 gene=SBOV2_29480
SBOV2_29480.3        -           1236 63697at33208         -            947         0 1895.8  27.3   5   5         0         0 1802.4   2.5   119   942   394  1224   379  1232 0.99 transcript=SBOV2_29480.3 gene=SBOV2_29480
SBOV2_29480.5        -           1236 63697at33208         -            947         0 1895.8  27.3   1   5      0.17        90    0.9   0.7    18    53    85   121    69   131 0.81 transcript=SBOV2_29480.5 gene=SBOV2_29480
SBOV2_29480.5        -           1236 63697at33208         -            947         0 1895.8  27.3   2   5   4.5e-05     0.023   12.7   1.1    17    53   136   171   123   188 0.80 transcript=SBOV2_29480.5 gene=SBOV2_29480
SBOV2_29480.5        -           1236 63697at33208         -            947         0 1895.8  27.3   3   5   0.00082      0.42    8.6   0.1    27    65   193   230   179   235 0.81 transcript=SBOV2_29480.5 gene=SBOV2_29480
SBOV2_29480.5        -           1236 63697at33208         -            947         0 1895.8  27.3   4   5   1.8e-27   9.5e-25   86.8   0.5    59   121   291   354   264   360 0.89 transcript=SBOV2_29480.5 gene=SBOV2_29480
SBOV2_29480.5        -           1236 63697at33208         -            947         0 1895.8  27.3   5   5         0         0 1802.4   2.5   119   942   394  1224   379  1232 0.99 transcript=SBOV2_29480.5 gene=SBOV2_29480
SBOV2_29480.6        -           1236 63697at33208         -            947         0 1895.8  27.3   1   5      0.17        90    0.9   0.7    18    53    85   121    69   131 0.81 transcript=SBOV2_29480.6 gene=SBOV2_29480
SBOV2_29480.6        -           1236 63697at33208         -            947         0 1895.8  27.3   2   5   4.5e-05     0.023   12.7   1.1    17    53   136   171   123   188 0.80 transcript=SBOV2_29480.6 gene=SBOV2_29480
SBOV2_29480.6        -           1236 63697at33208         -            947         0 1895.8  27.3   3   5   0.00082      0.42    8.6   0.1    27    65   193   230   179   235 0.81 transcript=SBOV2_29480.6 gene=SBOV2_29480
SBOV2_29480.6        -           1236 63697at33208         -            947         0 1895.8  27.3   4   5   1.8e-27   9.5e-25   86.8   0.5    59   121   291   354   264   360 0.89 transcript=SBOV2_29480.6 gene=SBOV2_29480
SBOV2_29480.6        -           1236 63697at33208         -            947         0 1895.8  27.3   5   5         0         0 1802.4   2.5   119   942   394  1224   379  1232 0.99 transcript=SBOV2_29480.6 gene=SBOV2_29480
SBOV2_29480.7        -           1236 63697at33208         -            947         0 1895.8  27.3   1   5      0.17        90    0.9   0.7    18    53    85   121    69   131 0.81 transcript=SBOV2_29480.7 gene=SBOV2_29480
SBOV2_29480.7        -           1236 63697at33208         -            947         0 1895.8  27.3   2   5   4.5e-05     0.023   12.7   1.1    17    53   136   171   123   188 0.80 transcript=SBOV2_29480.7 gene=SBOV2_29480
SBOV2_29480.7        -           1236 63697at33208         -            947         0 1895.8  27.3   3   5   0.00082      0.42    8.6   0.1    27    65   193   230   179   235 0.81 transcript=SBOV2_29480.7 gene=SBOV2_29480
SBOV2_29480.7        -           1236 63697at33208         -            947         0 1895.8  27.3   4   5   1.8e-27   9.5e-25   86.8   0.5    59   121   291   354   264   360 0.89 transcript=SBOV2_29480.7 gene=SBOV2_29480
SBOV2_29480.7        -           1236 63697at33208         -            947         0 1895.8  27.3   5   5         0         0 1802.4   2.5   119   942   394  1224   379  1232 0.99 transcript=SBOV2_29480.7 gene=SBOV2_29480
SBOV2_29480.8        -           1236 63697at33208         -            947         0 1895.8  27.3   1   5      0.17        90    0.9   0.7    18    53    85   121    69   131 0.81 transcript=SBOV2_29480.8 gene=SBOV2_29480
SBOV2_29480.8        -           1236 63697at33208         -            947         0 1895.8  27.3   2   5   4.5e-05     0.023   12.7   1.1    17    53   136   171   123   188 0.80 transcript=SBOV2_29480.8 gene=SBOV2_29480
SBOV2_29480.8        -           1236 63697at33208         -            947         0 1895.8  27.3   3   5   0.00082      0.42    8.6   0.1    27    65   193   230   179   235 0.81 transcript=SBOV2_29480.8 gene=SBOV2_29480
SBOV2_29480.8        -           1236 63697at33208         -            947         0 1895.8  27.3   4   5   1.8e-27   9.5e-25   86.8   0.5    59   121   291   354   264   360 0.89 transcript=SBOV2_29480.8 gene=SBOV2_29480
SBOV2_29480.8        -           1236 63697at33208         -            947         0 1895.8  27.3   5   5         0         0 1802.4   2.5   119   942   394  1224   379  1232 0.99 transcript=SBOV2_29480.8 gene=SBOV2_29480
SBOV2_29480.2        -           1279 63697at33208         -            947         0 1895.3  27.8   1   5      0.18        94    0.8   0.7    18    53   128   164   112   174 0.81 transcript=SBOV2_29480.2 gene=SBOV2_29480
SBOV2_29480.2        -           1279 63697at33208         -            947         0 1895.3  27.8   2   5   4.7e-05     0.024   12.7   1.1    17    53   179   214   166   231 0.80 transcript=SBOV2_29480.2 gene=SBOV2_29480
SBOV2_29480.2        -           1279 63697at33208         -            947         0 1895.3  27.8   3   5   0.00085      0.44    8.5   0.1    27    65   236   273   222   278 0.81 transcript=SBOV2_29480.2 gene=SBOV2_29480
SBOV2_29480.2        -           1279 63697at33208         -            947         0 1895.3  27.8   4   5   2.1e-27   1.1e-24   86.6   0.7    59   121   334   397   307   402 0.89 transcript=SBOV2_29480.2 gene=SBOV2_29480
SBOV2_29480.2        -           1279 63697at33208         -            947         0 1895.3  27.8   5   5         0         0 1802.3   2.5   119   942   437  1267   422  1275 0.99 transcript=SBOV2_29480.2 gene=SBOV2_29480
SBOV2_29480.4        -           1290 63697at33208         -            947         0 1895.0  27.8   1   5      0.18        95    0.8   0.7    18    53   139   175   123   185 0.81 transcript=SBOV2_29480.4 gene=SBOV2_29480
SBOV2_29480.4        -           1290 63697at33208         -            947         0 1895.0  27.8   2   5   4.7e-05     0.025   12.7   1.1    17    53   190   225   177   242 0.80 transcript=SBOV2_29480.4 gene=SBOV2_29480
SBOV2_29480.4        -           1290 63697at33208         -            947         0 1895.0  27.8   3   5   0.00086      0.45    8.5   0.1    27    65   247   284   233   289 0.81 transcript=SBOV2_29480.4 gene=SBOV2_29480
SBOV2_29480.4        -           1290 63697at33208         -            947         0 1895.0  27.8   4   5   2.2e-27   1.1e-24   86.6   0.7    59   121   345   408   318   413 0.89 transcript=SBOV2_29480.4 gene=SBOV2_29480
SBOV2_29480.4        -           1290 63697at33208         -            947         0 1895.0  27.8   5   5         0         0 1802.2   2.5   119   942   448  1278   433  1286 0.99 transcript=SBOV2_29480.4 gene=SBOV2_29480
SBOV2_29480.1        -           1050 63697at33208         -            947         0 1892.9  12.4   1   3    0.0011      0.57    8.1   0.1    28    65     8    44     6    49 0.82 transcript=SBOV2_29480.1 gene=SBOV2_29480
SBOV2_29480.1        -           1050 63697at33208         -            947         0 1892.9  12.4   2   3   1.5e-27   7.8e-25   87.1   0.5    59   121   105   168    78   174 0.89 transcript=SBOV2_29480.1 gene=SBOV2_29480
SBOV2_29480.1        -           1050 63697at33208         -            947         0 1892.9  12.4   3   3         0         0 1803.1   2.6   119   942   208  1038   192  1046 0.99 transcript=SBOV2_29480.1 gene=SBOV2_29480
SBOV2_29480.12       -           1050 63697at33208         -            947         0 1892.9  12.4   1   3    0.0011      0.57    8.1   0.1    28    65     8    44     6    49 0.82 transcript=SBOV2_29480.12 gene=SBOV2_29480
SBOV2_29480.12       -           1050 63697at33208         -            947         0 1892.9  12.4   2   3   1.5e-27   7.8e-25   87.1   0.5    59   121   105   168    78   174 0.89 transcript=SBOV2_29480.12 gene=SBOV2_29480
SBOV2_29480.12       -           1050 63697at33208         -            947         0 1892.9  12.4   3   3         0         0 1803.1   2.6   119   942   208  1038   192  1046 0.99 transcript=SBOV2_29480.12 gene=SBOV2_29480
SBOV2_29480.9        -           1050 63697at33208         -            947         0 1892.9  12.4   1   3    0.0011      0.57    8.1   0.1    28    65     8    44     6    49 0.82 transcript=SBOV2_29480.9 gene=SBOV2_29480
SBOV2_29480.9        -           1050 63697at33208         -            947         0 1892.9  12.4   2   3   1.5e-27   7.8e-25   87.1   0.5    59   121   105   168    78   174 0.89 transcript=SBOV2_29480.9 gene=SBOV2_29480
SBOV2_29480.9        -           1050 63697at33208         -            947         0 1892.9  12.4   3   3         0         0 1803.1   2.6   119   942   208  1038   192  1046 0.99 transcript=SBOV2_29480.9 gene=SBOV2_29480
SBOV2_29480.26       -           1259 63697at33208         -            947         0 1830.4  28.9   1   5      0.18        92    0.8   0.7    18    53   139   175   123   185 0.81 transcript=SBOV2_29480.26 gene=SBOV2_29480
SBOV2_29480.26       -           1259 63697at33208         -            947         0 1830.4  28.9   2   5   4.6e-05     0.024   12.7   1.1    17    53   190   225   177   242 0.80 transcript=SBOV2_29480.26 gene=SBOV2_29480
SBOV2_29480.26       -           1259 63697at33208         -            947         0 1830.4  28.9   3   5   0.00084      0.43    8.5   0.1    27    65   247   284   233   289 0.81 transcript=SBOV2_29480.26 gene=SBOV2_29480
SBOV2_29480.26       -           1259 63697at33208         -            947         0 1830.4  28.9   4   5   1.9e-27   9.7e-25   86.8   0.5    59   121   345   408   318   414 0.89 transcript=SBOV2_29480.26 gene=SBOV2_29480
SBOV2_29480.26       -           1259 63697at33208         -            947         0 1830.4  28.9   5   5         0         0 1737.3   3.9   119   906   448  1242   433  1247 0.99 transcript=SBOV2_29480.26 gene=SBOV2_29480
SBOV2_29480.21       -           1112 63697at33208         -            947         0 1704.1  28.4   1   5      0.16        82    1.0   0.7    18    53    85   121    69   131 0.81 transcript=SBOV2_29480.21 gene=SBOV2_29480
SBOV2_29480.21       -           1112 63697at33208         -            947         0 1704.1  28.4   2   5   4.2e-05     0.022   12.8   1.1    17    53   136   171   126   188 0.80 transcript=SBOV2_29480.21 gene=SBOV2_29480
SBOV2_29480.21       -           1112 63697at33208         -            947         0 1704.1  28.4   3   5   0.00069      0.36    8.8   0.1    27    65   193   230   177   235 0.81 transcript=SBOV2_29480.21 gene=SBOV2_29480
SBOV2_29480.21       -           1112 63697at33208         -            947         0 1704.1  28.4   4   5   1.6e-27   8.3e-25   87.0   0.5    59   121   291   354   264   360 0.89 transcript=SBOV2_29480.21 gene=SBOV2_29480
SBOV2_29480.21       -           1112 63697at33208         -            947         0 1704.1  28.4   5   5         0         0 1610.4   3.3   119   837   394  1112   379  1112 1.00 transcript=SBOV2_29480.21 gene=SBOV2_29480
SBOV2_29480.22       -           1112 63697at33208         -            947         0 1704.1  28.4   1   5      0.16        82    1.0   0.7    18    53    85   121    69   131 0.81 transcript=SBOV2_29480.22 gene=SBOV2_29480
SBOV2_29480.22       -           1112 63697at33208         -            947         0 1704.1  28.4   2   5   4.2e-05     0.022   12.8   1.1    17    53   136   171   126   188 0.80 transcript=SBOV2_29480.22 gene=SBOV2_29480
SBOV2_29480.22       -           1112 63697at33208         -            947         0 1704.1  28.4   3   5   0.00069      0.36    8.8   0.1    27    65   193   230   177   235 0.81 transcript=SBOV2_29480.22 gene=SBOV2_29480
SBOV2_29480.22       -           1112 63697at33208         -            947         0 1704.1  28.4   4   5   1.6e-27   8.3e-25   87.0   0.5    59   121   291   354   264   360 0.89 transcript=SBOV2_29480.22 gene=SBOV2_29480
SBOV2_29480.22       -           1112 63697at33208         -            947         0 1704.1  28.4   5   5         0         0 1610.4   3.3   119   837   394  1112   379  1112 1.00 transcript=SBOV2_29480.22 gene=SBOV2_29480
SBOV2_29480.23       -           1112 63697at33208         -            947         0 1704.1  28.4   1   5      0.16        82    1.0   0.7    18    53    85   121    69   131 0.81 transcript=SBOV2_29480.23 gene=SBOV2_29480
SBOV2_29480.23       -           1112 63697at33208         -            947         0 1704.1  28.4   2   5   4.2e-05     0.022   12.8   1.1    17    53   136   171   126   188 0.80 transcript=SBOV2_29480.23 gene=SBOV2_29480
SBOV2_29480.23       -           1112 63697at33208         -            947         0 1704.1  28.4   3   5   0.00069      0.36    8.8   0.1    27    65   193   230   177   235 0.81 transcript=SBOV2_29480.23 gene=SBOV2_29480
SBOV2_29480.23       -           1112 63697at33208         -            947         0 1704.1  28.4   4   5   1.6e-27   8.3e-25   87.0   0.5    59   121   291   354   264   360 0.89 transcript=SBOV2_29480.23 gene=SBOV2_29480
SBOV2_29480.23       -           1112 63697at33208         -            947         0 1704.1  28.4   5   5         0         0 1610.4   3.3   119   837   394  1112   379  1112 1.00 transcript=SBOV2_29480.23 gene=SBOV2_29480
SBOV2_29480.24       -           1112 63697at33208         -            947         0 1704.1  28.4   1   5      0.16        82    1.0   0.7    18    53    85   121    69   131 0.81 transcript=SBOV2_29480.24 gene=SBOV2_29480
SBOV2_29480.24       -           1112 63697at33208         -            947         0 1704.1  28.4   2   5   4.2e-05     0.022   12.8   1.1    17    53   136   171   126   188 0.80 transcript=SBOV2_29480.24 gene=SBOV2_29480
SBOV2_29480.24       -           1112 63697at33208         -            947         0 1704.1  28.4   3   5   0.00069      0.36    8.8   0.1    27    65   193   230   177   235 0.81 transcript=SBOV2_29480.24 gene=SBOV2_29480
SBOV2_29480.24       -           1112 63697at33208         -            947         0 1704.1  28.4   4   5   1.6e-27   8.3e-25   87.0   0.5    59   121   291   354   264   360 0.89 transcript=SBOV2_29480.24 gene=SBOV2_29480
SBOV2_29480.24       -           1112 63697at33208         -            947         0 1704.1  28.4   5   5         0         0 1610.4   3.3   119   837   394  1112   379  1112 1.00 transcript=SBOV2_29480.24 gene=SBOV2_29480
SBOV2_29480.25       -           1112 63697at33208         -            947         0 1704.1  28.4   1   5      0.16        82    1.0   0.7    18    53    85   121    69   131 0.81 transcript=SBOV2_29480.25 gene=SBOV2_29480
SBOV2_29480.25       -           1112 63697at33208         -            947         0 1704.1  28.4   2   5   4.2e-05     0.022   12.8   1.1    17    53   136   171   126   188 0.80 transcript=SBOV2_29480.25 gene=SBOV2_29480
SBOV2_29480.25       -           1112 63697at33208         -            947         0 1704.1  28.4   3   5   0.00069      0.36    8.8   0.1    27    65   193   230   177   235 0.81 transcript=SBOV2_29480.25 gene=SBOV2_29480
SBOV2_29480.25       -           1112 63697at33208         -            947         0 1704.1  28.4   4   5   1.6e-27   8.3e-25   87.0   0.5    59   121   291   354   264   360 0.89 transcript=SBOV2_29480.25 gene=SBOV2_29480
SBOV2_29480.25       -           1112 63697at33208         -            947         0 1704.1  28.4   5   5         0         0 1610.4   3.3   119   837   394  1112   379  1112 1.00 transcript=SBOV2_29480.25 gene=SBOV2_29480
SBOV2_29480.18       -           1166 63697at33208         -            947         0 1703.8  28.3   1   5      0.16        85    1.0   0.7    18    53   139   175   123   185 0.81 transcript=SBOV2_29480.18 gene=SBOV2_29480
SBOV2_29480.18       -           1166 63697at33208         -            947         0 1703.8  28.3   2   5   4.2e-05     0.022   12.8   1.1    17    53   190   225   177   242 0.80 transcript=SBOV2_29480.18 gene=SBOV2_29480
SBOV2_29480.18       -           1166 63697at33208         -            947         0 1703.8  28.3   3   5   0.00077       0.4    8.7   0.1    27    65   247   284   233   289 0.81 transcript=SBOV2_29480.18 gene=SBOV2_29480
SBOV2_29480.18       -           1166 63697at33208         -            947         0 1703.8  28.3   4   5   1.7e-27   8.8e-25   86.9   0.5    59   121   345   408   318   414 0.89 transcript=SBOV2_29480.18 gene=SBOV2_29480
SBOV2_29480.18       -           1166 63697at33208         -            947         0 1703.8  28.3   5   5         0         0 1610.2   3.3   119   837   448  1166   433  1166 1.00 transcript=SBOV2_29480.18 gene=SBOV2_29480
SBOV2_29480.11       -            926 63697at33208         -            947         0 1701.1  13.3   1   3   0.00096       0.5    8.3   0.1    28    65     8    44     6    49 0.82 transcript=SBOV2_29480.11 gene=SBOV2_29480
SBOV2_29480.11       -            926 63697at33208         -            947         0 1701.1  13.3   2   3   1.3e-27   6.6e-25   87.4   0.5    59   121   105   168    78   174 0.89 transcript=SBOV2_29480.11 gene=SBOV2_29480
SBOV2_29480.11       -            926 63697at33208         -            947         0 1701.1  13.3   3   3         0         0 1611.2   3.4   119   837   208   926   192   926 0.99 transcript=SBOV2_29480.11 gene=SBOV2_29480
SBOV2_29480.13       -            926 63697at33208         -            947         0 1701.1  13.3   1   3   0.00096       0.5    8.3   0.1    28    65     8    44     6    49 0.82 transcript=SBOV2_29480.13 gene=SBOV2_29480
SBOV2_29480.13       -            926 63697at33208         -            947         0 1701.1  13.3   2   3   1.3e-27   6.6e-25   87.4   0.5    59   121   105   168    78   174 0.89 transcript=SBOV2_29480.13 gene=SBOV2_29480
SBOV2_29480.13       -            926 63697at33208         -            947         0 1701.1  13.3   3   3         0         0 1611.2   3.4   119   837   208   926   192   926 0.99 transcript=SBOV2_29480.13 gene=SBOV2_29480
SBOV2_29480.28       -            872 63697at33208         -            947         0 1694.7  10.0   1   2   1.2e-27   6.2e-25   87.5   0.5    59   121    51   114    24   120 0.89 transcript=SBOV2_29480.28 gene=SBOV2_29480
SBOV2_29480.28       -            872 63697at33208         -            947         0 1694.7  10.0   2   2         0         0 1611.5   3.4   119   837   154   872   138   872 0.99 transcript=SBOV2_29480.28 gene=SBOV2_29480
SBOV2_29480.27       -            783 63697at33208         -            947         0 1625.5  12.2   1   2   5.9e-07    0.0003   19.0   1.6    97   121     1    25     1    31 0.92 transcript=SBOV2_29480.27 gene=SBOV2_29480
SBOV2_29480.27       -            783 63697at33208         -            947         0 1625.5  12.2   2   2         0         0 1612.0   3.4   119   837    65   783    49   783 0.99 transcript=SBOV2_29480.27 gene=SBOV2_29480
SBOV2_29480.29       -            783 63697at33208         -            947         0 1625.5  12.2   1   2   5.9e-07    0.0003   19.0   1.6    97   121     1    25     1    31 0.92 transcript=SBOV2_29480.29 gene=SBOV2_29480
SBOV2_29480.29       -            783 63697at33208         -            947         0 1625.5  12.2   2   2         0         0 1612.0   3.4   119   837    65   783    49   783 0.99 transcript=SBOV2_29480.29 gene=SBOV2_29480
SBOV2_29480.16       -           1058 63697at33208         -            947         0 1570.8  28.0   1   5      0.15        77    1.1   0.7    18    53    85   121    69   131 0.81 transcript=SBOV2_29480.16 gene=SBOV2_29480
SBOV2_29480.16       -           1058 63697at33208         -            947         0 1570.8  28.0   2   5     4e-05     0.021   12.9   1.1    17    53   136   171   126   188 0.80 transcript=SBOV2_29480.16 gene=SBOV2_29480
SBOV2_29480.16       -           1058 63697at33208         -            947         0 1570.8  28.0   3   5   0.00066      0.34    8.9   0.1    27    65   193   230   177   235 0.81 transcript=SBOV2_29480.16 gene=SBOV2_29480
SBOV2_29480.16       -           1058 63697at33208         -            947         0 1570.8  28.0   4   5   1.5e-27   7.8e-25   87.1   0.5    59   121   291   354   264   360 0.89 transcript=SBOV2_29480.16 gene=SBOV2_29480
SBOV2_29480.16       -           1058 63697at33208         -            947         0 1570.8  28.0   5   5         0         0 1476.6   3.0   119   781   394  1056   378  1057 0.99 transcript=SBOV2_29480.16 gene=SBOV2_29480
SBOV2_29480.20       -           1058 63697at33208         -            947         0 1570.8  28.0   1   5      0.15        77    1.1   0.7    18    53    85   121    69   131 0.81 transcript=SBOV2_29480.20 gene=SBOV2_29480
SBOV2_29480.20       -           1058 63697at33208         -            947         0 1570.8  28.0   2   5     4e-05     0.021   12.9   1.1    17    53   136   171   126   188 0.80 transcript=SBOV2_29480.20 gene=SBOV2_29480
SBOV2_29480.20       -           1058 63697at33208         -            947         0 1570.8  28.0   3   5   0.00066      0.34    8.9   0.1    27    65   193   230   177   235 0.81 transcript=SBOV2_29480.20 gene=SBOV2_29480
SBOV2_29480.20       -           1058 63697at33208         -            947         0 1570.8  28.0   4   5   1.5e-27   7.8e-25   87.1   0.5    59   121   291   354   264   360 0.89 transcript=SBOV2_29480.20 gene=SBOV2_29480
SBOV2_29480.20       -           1058 63697at33208         -            947         0 1570.8  28.0   5   5         0         0 1476.6   3.0   119   781   394  1056   378  1057 0.99 transcript=SBOV2_29480.20 gene=SBOV2_29480
SBOV2_29480.15       -           1112 63697at33208         -            947         0 1570.4  28.0   1   5      0.16        82    1.0   0.7    18    53   139   175   123   185 0.81 transcript=SBOV2_29480.15 gene=SBOV2_29480
SBOV2_29480.15       -           1112 63697at33208         -            947         0 1570.4  28.0   2   5   4.2e-05     0.022   12.8   1.1    17    53   190   225   180   242 0.80 transcript=SBOV2_29480.15 gene=SBOV2_29480
SBOV2_29480.15       -           1112 63697at33208         -            947         0 1570.4  28.0   3   5   0.00069      0.36    8.8   0.1    27    65   247   284   231   289 0.81 transcript=SBOV2_29480.15 gene=SBOV2_29480
SBOV2_29480.15       -           1112 63697at33208         -            947         0 1570.4  28.0   4   5   1.6e-27   8.3e-25   87.0   0.5    59   121   345   408   318   414 0.89 transcript=SBOV2_29480.15 gene=SBOV2_29480
SBOV2_29480.15       -           1112 63697at33208         -            947         0 1570.4  28.0   5   5         0         0 1476.5   2.9   119   781   448  1110   433  1111 0.99 transcript=SBOV2_29480.15 gene=SBOV2_29480
SBOV2_29480.19       -           1112 63697at33208         -            947         0 1570.4  28.0   1   5      0.16        82    1.0   0.7    18    53   139   175   123   185 0.81 transcript=SBOV2_29480.19 gene=SBOV2_29480
SBOV2_29480.19       -           1112 63697at33208         -            947         0 1570.4  28.0   2   5   4.2e-05     0.022   12.8   1.1    17    53   190   225   180   242 0.80 transcript=SBOV2_29480.19 gene=SBOV2_29480
SBOV2_29480.19       -           1112 63697at33208         -            947         0 1570.4  28.0   3   5   0.00069      0.36    8.8   0.1    27    65   247   284   231   289 0.81 transcript=SBOV2_29480.19 gene=SBOV2_29480
SBOV2_29480.19       -           1112 63697at33208         -            947         0 1570.4  28.0   4   5   1.6e-27   8.3e-25   87.0   0.5    59   121   345   408   318   414 0.89 transcript=SBOV2_29480.19 gene=SBOV2_29480
SBOV2_29480.19       -           1112 63697at33208         -            947         0 1570.4  28.0   5   5         0         0 1476.5   2.9   119   781   448  1110   433  1111 0.99 transcript=SBOV2_29480.19 gene=SBOV2_29480
SBOV2_29480.14       -           1062 63697at33208         -            947         0 1525.4  27.4   1   5      0.15        77    1.1   0.7    18    53    85   121    69   131 0.81 transcript=SBOV2_29480.14 gene=SBOV2_29480
SBOV2_29480.14       -           1062 63697at33208         -            947         0 1525.4  27.4   2   5     4e-05     0.021   12.9   1.1    17    53   136   171   126   188 0.80 transcript=SBOV2_29480.14 gene=SBOV2_29480
SBOV2_29480.14       -           1062 63697at33208         -            947         0 1525.4  27.4   3   5   0.00066      0.34    8.9   0.1    27    65   193   230   177   235 0.81 transcript=SBOV2_29480.14 gene=SBOV2_29480
SBOV2_29480.14       -           1062 63697at33208         -            947         0 1525.4  27.4   4   5   1.5e-27   7.9e-25   87.1   0.5    59   121   291   354   264   360 0.89 transcript=SBOV2_29480.14 gene=SBOV2_29480
SBOV2_29480.14       -           1062 63697at33208         -            947         0 1525.4  27.4   5   5         0         0 1431.2   2.4   119   761   394  1036   378  1052 0.99 transcript=SBOV2_29480.14 gene=SBOV2_29480
SBOV2_29480.31       -           1062 63697at33208         -            947         0 1525.4  27.4   1   5      0.15        77    1.1   0.7    18    53    85   121    69   131 0.81 transcript=SBOV2_29480.31 gene=SBOV2_29480
SBOV2_29480.31       -           1062 63697at33208         -            947         0 1525.4  27.4   2   5     4e-05     0.021   12.9   1.1    17    53   136   171   126   188 0.80 transcript=SBOV2_29480.31 gene=SBOV2_29480
SBOV2_29480.31       -           1062 63697at33208         -            947         0 1525.4  27.4   3   5   0.00066      0.34    8.9   0.1    27    65   193   230   177   235 0.81 transcript=SBOV2_29480.31 gene=SBOV2_29480
SBOV2_29480.31       -           1062 63697at33208         -            947         0 1525.4  27.4   4   5   1.5e-27   7.9e-25   87.1   0.5    59   121   291   354   264   360 0.89 transcript=SBOV2_29480.31 gene=SBOV2_29480
SBOV2_29480.31       -           1062 63697at33208         -            947         0 1525.4  27.4   5   5         0         0 1431.2   2.4   119   761   394  1036   378  1052 0.99 transcript=SBOV2_29480.31 gene=SBOV2_29480
SBOV2_29480.32       -           1062 63697at33208         -            947         0 1525.4  27.4   1   5      0.15        77    1.1   0.7    18    53    85   121    69   131 0.81 transcript=SBOV2_29480.32 gene=SBOV2_29480
SBOV2_29480.32       -           1062 63697at33208         -            947         0 1525.4  27.4   2   5     4e-05     0.021   12.9   1.1    17    53   136   171   126   188 0.80 transcript=SBOV2_29480.32 gene=SBOV2_29480
SBOV2_29480.32       -           1062 63697at33208         -            947         0 1525.4  27.4   3   5   0.00066      0.34    8.9   0.1    27    65   193   230   177   235 0.81 transcript=SBOV2_29480.32 gene=SBOV2_29480
SBOV2_29480.32       -           1062 63697at33208         -            947         0 1525.4  27.4   4   5   1.5e-27   7.9e-25   87.1   0.5    59   121   291   354   264   360 0.89 transcript=SBOV2_29480.32 gene=SBOV2_29480
SBOV2_29480.32       -           1062 63697at33208         -            947         0 1525.4  27.4   5   5         0         0 1431.2   2.4   119   761   394  1036   378  1052 0.99 transcript=SBOV2_29480.32 gene=SBOV2_29480
SBOV2_29480.33       -           1062 63697at33208         -            947         0 1525.4  27.4   1   5      0.15        77    1.1   0.7    18    53    85   121    69   131 0.81 transcript=SBOV2_29480.33 gene=SBOV2_29480
SBOV2_29480.33       -           1062 63697at33208         -            947         0 1525.4  27.4   2   5     4e-05     0.021   12.9   1.1    17    53   136   171   126   188 0.80 transcript=SBOV2_29480.33 gene=SBOV2_29480
SBOV2_29480.33       -           1062 63697at33208         -            947         0 1525.4  27.4   3   5   0.00066      0.34    8.9   0.1    27    65   193   230   177   235 0.81 transcript=SBOV2_29480.33 gene=SBOV2_29480
SBOV2_29480.33       -           1062 63697at33208         -            947         0 1525.4  27.4   4   5   1.5e-27   7.9e-25   87.1   0.5    59   121   291   354   264   360 0.89 transcript=SBOV2_29480.33 gene=SBOV2_29480
SBOV2_29480.33       -           1062 63697at33208         -            947         0 1525.4  27.4   5   5         0         0 1431.2   2.4   119   761   394  1036   378  1052 0.99 transcript=SBOV2_29480.33 gene=SBOV2_29480
SBOV2_29480.17       -           1116 63697at33208         -            947         0 1525.0  27.3   1   5      0.16        82    1.0   0.7    18    53   139   175   123   185 0.81 transcript=SBOV2_29480.17 gene=SBOV2_29480
SBOV2_29480.17       -           1116 63697at33208         -            947         0 1525.0  27.3   2   5   4.2e-05     0.022   12.8   1.1    17    53   190   225   180   242 0.80 transcript=SBOV2_29480.17 gene=SBOV2_29480
SBOV2_29480.17       -           1116 63697at33208         -            947         0 1525.0  27.3   3   5    0.0007      0.36    8.8   0.1    27    65   247   284   231   289 0.81 transcript=SBOV2_29480.17 gene=SBOV2_29480
SBOV2_29480.17       -           1116 63697at33208         -            947         0 1525.0  27.3   4   5   1.6e-27   8.4e-25   87.0   0.5    59   121   345   408   318   414 0.89 transcript=SBOV2_29480.17 gene=SBOV2_29480
SBOV2_29480.17       -           1116 63697at33208         -            947         0 1525.0  27.3   5   5         0         0 1431.0   2.4   119   761   448  1090   433  1106 0.99 transcript=SBOV2_29480.17 gene=SBOV2_29480
SBOV2_29480.30       -           1116 63697at33208         -            947         0 1525.0  27.3   1   5      0.16        82    1.0   0.7    18    53   139   175   123   185 0.81 transcript=SBOV2_29480.30 gene=SBOV2_29480
SBOV2_29480.30       -           1116 63697at33208         -            947         0 1525.0  27.3   2   5   4.2e-05     0.022   12.8   1.1    17    53   190   225   180   242 0.80 transcript=SBOV2_29480.30 gene=SBOV2_29480
SBOV2_29480.30       -           1116 63697at33208         -            947         0 1525.0  27.3   3   5    0.0007      0.36    8.8   0.1    27    65   247   284   231   289 0.81 transcript=SBOV2_29480.30 gene=SBOV2_29480
SBOV2_29480.30       -           1116 63697at33208         -            947         0 1525.0  27.3   4   5   1.6e-27   8.4e-25   87.0   0.5    59   121   345   408   318   414 0.89 transcript=SBOV2_29480.30 gene=SBOV2_29480
SBOV2_29480.30       -           1116 63697at33208         -            947         0 1525.0  27.3   5   5         0         0 1431.0   2.4   119   761   448  1090   433  1106 0.99 transcript=SBOV2_29480.30 gene=SBOV2_29480
SBOV2_29480.34       -           1023 63697at33208         -            947         0 1346.9  27.2   1   5      0.14        72    1.2   0.6    18    53   139   175   123   184 0.81 transcript=SBOV2_29480.34 gene=SBOV2_29480
SBOV2_29480.34       -           1023 63697at33208         -            947         0 1346.9  27.2   2   5   3.7e-05     0.019   13.0   1.0    18    53   191   225   181   242 0.80 transcript=SBOV2_29480.34 gene=SBOV2_29480
SBOV2_29480.34       -           1023 63697at33208         -            947         0 1346.9  27.2   3   5   0.00063      0.33    8.9   0.1    27    65   247   284   231   289 0.81 transcript=SBOV2_29480.34 gene=SBOV2_29480
SBOV2_29480.34       -           1023 63697at33208         -            947         0 1346.9  27.2   4   5   1.5e-27   7.5e-25   87.2   0.5    59   121   345   408   318   414 0.89 transcript=SBOV2_29480.34 gene=SBOV2_29480
SBOV2_29480.34       -           1023 63697at33208         -            947         0 1346.9  27.2   5   5         0         0 1252.0   2.5   119   684   448  1013   432  1018 0.99 transcript=SBOV2_29480.34 gene=SBOV2_29480
SBOV2_15880.3        -            777 63697at33208         -            947    0.0034   15.5   0.0   1   2   0.00072      0.37    8.8   0.0   273   367   249   350   239   364 0.80 transcript=SBOV2_15880.3 gene=SBOV2_15880
SBOV2_15880.3        -            777 63697at33208         -            947    0.0034   15.5   0.0   2   2     0.013       6.9    4.5   0.0   344   411   370   436   356   445 0.88 transcript=SBOV2_15880.3 gene=SBOV2_15880
SBOV2_15880.1        -            879 63697at33208         -            947    0.0047   15.0   0.0   1   2   0.00094      0.48    8.4   0.0   273   366   351   451   341   458 0.79 transcript=SBOV2_15880.1 gene=SBOV2_15880
SBOV2_15880.1        -            879 63697at33208         -            947    0.0047   15.0   0.0   2   2     0.016       8.5    4.3   0.0   344   411   472   538   460   547 0.89 transcript=SBOV2_15880.1 gene=SBOV2_15880
SBOV2_15880.2        -            879 63697at33208         -            947    0.0047   15.0   0.0   1   2   0.00094      0.48    8.4   0.0   273   366   351   451   341   458 0.79 transcript=SBOV2_15880.2 gene=SBOV2_15880
SBOV2_15880.2        -            879 63697at33208         -            947    0.0047   15.0   0.0   2   2     0.016       8.5    4.3   0.0   344   411   472   538   460   547 0.89 transcript=SBOV2_15880.2 gene=SBOV2_15880
SBOV2_64640.1        -           3096 63697at33208         -            947      0.55    8.2   2.6   1   4      0.31   1.6e+02    0.0   0.0   783   897  1727  1842  1666  1856 0.79 transcript=SBOV2_64640.1 gene=SBOV2_64640
SBOV2_64640.1        -           3096 63697at33208         -            947      0.55    8.2   2.6   2   4     0.032        16    3.3   0.3   284   367  1871  1954  1859  1972 0.80 transcript=SBOV2_64640.1 gene=SBOV2_64640
SBOV2_64640.1        -           3096 63697at33208         -            947      0.55    8.2   2.6   3   4      0.61   3.2e+02   -0.9   0.0   228   325  2004  2111  1994  2136 0.66 transcript=SBOV2_64640.1 gene=SBOV2_64640
SBOV2_64640.1        -           3096 63697at33208         -            947      0.55    8.2   2.6   4   4      0.44   2.3e+02   -0.5   0.1   166   265  2331  2432  2306  2484 0.72 transcript=SBOV2_64640.1 gene=SBOV2_64640
SBOV2_64640.2        -           3304 63697at33208         -            947      0.78    7.7   2.8   1   4      0.33   1.7e+02   -0.1   0.0   783   897  1727  1842  1666  1856 0.79 transcript=SBOV2_64640.2 gene=SBOV2_64640
SBOV2_64640.2        -           3304 63697at33208         -            947      0.78    7.7   2.8   2   4     0.036        19    3.1   0.4   285   367  1872  1954  1864  1990 0.77 transcript=SBOV2_64640.2 gene=SBOV2_64640
SBOV2_64640.2        -           3304 63697at33208         -            947      0.78    7.7   2.8   3   4      0.68   3.5e+02   -1.1   0.0   228   324  2004  2110  1995  2135 0.66 transcript=SBOV2_64640.2 gene=SBOV2_64640
SBOV2_64640.2        -           3304 63697at33208         -            947      0.78    7.7   2.8   4   4      0.48   2.5e+02   -0.6   0.1   166   265  2331  2432  2307  2484 0.72 transcript=SBOV2_64640.2 gene=SBOV2_64640
#
# Program:         hmmsearch
# Version:         3.4 (Aug 2023)
# Pipeline mode:   SEARCH
# Query file:      /users/40483456/busco_datasets/busco_downloads/lineages/metazoa_odb10/hmms/63697at33208.hmm
# Target file:     /users/40483456/protein/schistosoma_bovis.fa
# Option settings: hmmsearch --domtblout /users/40483456/busco/results_pro/schistosoma_bovis_busco/run_metazoa_odb10/hmmer_output/initial_run_results/63697at33208.out --cpu 1 /users/40483456/busco_datasets/busco_downloads/lineages/metazoa_odb10/hmms/63697at33208.hmm /users/40483456/protein/schistosoma_bovis.fa 
# Current dir:     /users/40483456
# Date:            Thu Jan 15 17:46:36 2026
# [ok]
