#                                                                            --- full sequence --- -------------- this domain -------------   hmm coord   ali coord   env coord
# target name        accession   tlen query name           accession   qlen   E-value  score  bias   #  of  c-Evalue  i-Evalue  score  bias  from    to  from    to  from    to  acc description of target
#------------------- ---------- ----- -------------------- ---------- ----- --------- ------ ----- --- --- --------- --------- ------ ----- ----- ----- ----- ----- ----- ----- ---- ---------------------
SBOV2_46020.1        -            119 643883at33208        -             64   2.6e-17   63.3   1.1   1   2      0.46   1.9e+03   -0.4   0.3     5    32    13    23    10    36 0.47 transcript=SBOV2_46020.1 gene=SBOV2_46020
SBOV2_46020.1        -            119 643883at33208        -             64   2.6e-17   63.3   1.1   2   2   6.3e-21   2.6e-17   63.3   1.1    11    64    65   119    61   119 0.94 transcript=SBOV2_46020.1 gene=SBOV2_46020
SBOV2_46020.2        -            119 643883at33208        -             64   2.6e-17   63.3   1.1   1   2      0.46   1.9e+03   -0.4   0.3     5    32    13    23    10    36 0.47 transcript=SBOV2_46020.2 gene=SBOV2_46020
SBOV2_46020.2        -            119 643883at33208        -             64   2.6e-17   63.3   1.1   2   2   6.3e-21   2.6e-17   63.3   1.1    11    64    65   119    61   119 0.94 transcript=SBOV2_46020.2 gene=SBOV2_46020
SBOV2_46020.3        -            119 643883at33208        -             64   2.6e-17   63.3   1.1   1   2      0.46   1.9e+03   -0.4   0.3     5    32    13    23    10    36 0.47 transcript=SBOV2_46020.3 gene=SBOV2_46020
SBOV2_46020.3        -            119 643883at33208        -             64   2.6e-17   63.3   1.1   2   2   6.3e-21   2.6e-17   63.3   1.1    11    64    65   119    61   119 0.94 transcript=SBOV2_46020.3 gene=SBOV2_46020
SBOV2_46020.4        -            119 643883at33208        -             64   2.6e-17   63.3   1.1   1   2      0.46   1.9e+03   -0.4   0.3     5    32    13    23    10    36 0.47 transcript=SBOV2_46020.4 gene=SBOV2_46020
SBOV2_46020.4        -            119 643883at33208        -             64   2.6e-17   63.3   1.1   2   2   6.3e-21   2.6e-17   63.3   1.1    11    64    65   119    61   119 0.94 transcript=SBOV2_46020.4 gene=SBOV2_46020
SBOV2_46020.5        -            119 643883at33208        -             64   2.6e-17   63.3   1.1   1   2      0.46   1.9e+03   -0.4   0.3     5    32    13    23    10    36 0.47 transcript=SBOV2_46020.5 gene=SBOV2_46020
SBOV2_46020.5        -            119 643883at33208        -             64   2.6e-17   63.3   1.1   2   2   6.3e-21   2.6e-17   63.3   1.1    11    64    65   119    61   119 0.94 transcript=SBOV2_46020.5 gene=SBOV2_46020
#
# Program:         hmmsearch
# Version:         3.4 (Aug 2023)
# Pipeline mode:   SEARCH
# Query file:      /users/40483456/busco_datasets/busco_downloads/lineages/metazoa_odb10/hmms/643883at33208.hmm
# Target file:     /users/40483456/protein/schistosoma_bovis.fa
# Option settings: hmmsearch --domtblout /users/40483456/busco/results_pro/schistosoma_bovis_busco/run_metazoa_odb10/hmmer_output/initial_run_results/643883at33208.out --cpu 1 /users/40483456/busco_datasets/busco_downloads/lineages/metazoa_odb10/hmms/643883at33208.hmm /users/40483456/protein/schistosoma_bovis.fa 
# Current dir:     /users/40483456
# Date:            Thu Jan 15 17:46:34 2026
# [ok]
