#                                                                            --- full sequence --- -------------- this domain -------------   hmm coord   ali coord   env coord
# target name        accession   tlen query name           accession   qlen   E-value  score  bias   #  of  c-Evalue  i-Evalue  score  bias  from    to  from    to  from    to  acc description of target
#------------------- ---------- ----- -------------------- ---------- ----- --------- ------ ----- --- --- --------- --------- ------ ----- ----- ----- ----- ----- ----- ----- ---- ---------------------
SBOV2_11850.2        -            602 88053at33208         -            541   1.5e-69  235.3   5.0   1   5   7.7e-26   5.2e-22   78.4   0.1     1    93     8   107     8   114 0.85 transcript=SBOV2_11850.2 gene=SBOV2_11850
SBOV2_11850.2        -            602 88053at33208         -            541   1.5e-69  235.3   5.0   2   5   1.7e-08   0.00011   21.1   0.0   114   188   174   251   162   256 0.88 transcript=SBOV2_11850.2 gene=SBOV2_11850
SBOV2_11850.2        -            602 88053at33208         -            541   1.5e-69  235.3   5.0   3   5   1.1e-40   7.3e-37  127.4   0.1   178   315   261   404   252   427 0.89 transcript=SBOV2_11850.2 gene=SBOV2_11850
SBOV2_11850.2        -            602 88053at33208         -            541   1.5e-69  235.3   5.0   4   5    0.0037        25    3.5   0.0   304   340   459   497   457   506 0.87 transcript=SBOV2_11850.2 gene=SBOV2_11850
SBOV2_11850.2        -            602 88053at33208         -            541   1.5e-69  235.3   5.0   5   5      0.01        68    2.1   0.0   346   396   546   597   526   600 0.77 transcript=SBOV2_11850.2 gene=SBOV2_11850
SBOV2_11850.1        -            989 88053at33208         -            541   4.6e-69  233.7   9.3   1   5   1.5e-25     1e-21   77.4   0.1     1    93     8   107     8   114 0.85 transcript=SBOV2_11850.1 gene=SBOV2_11850
SBOV2_11850.1        -            989 88053at33208         -            541   4.6e-69  233.7   9.3   2   5   1.1e-44   7.3e-41  140.6   0.2   114   315   174   404   161   426 0.83 transcript=SBOV2_11850.1 gene=SBOV2_11850
SBOV2_11850.1        -            989 88053at33208         -            541   4.6e-69  233.7   9.3   3   5    0.0062        42    2.8   0.0   304   340   459   497   457   509 0.86 transcript=SBOV2_11850.1 gene=SBOV2_11850
SBOV2_11850.1        -            989 88053at33208         -            541   4.6e-69  233.7   9.3   4   5    0.0018        12    4.5   0.1   345   403   545   604   517   611 0.80 transcript=SBOV2_11850.1 gene=SBOV2_11850
SBOV2_11850.1        -            989 88053at33208         -            541   4.6e-69  233.7   9.3   5   5    0.0083        56    2.4   0.0   491   538   867   916   862   919 0.83 transcript=SBOV2_11850.1 gene=SBOV2_11850
SBOV2_12430.1        -            842 88053at33208         -            541   5.5e-06   25.5   1.9   1   3   8.2e-10   5.5e-06   25.5   1.9   114   279    34   215    22   240 0.76 transcript=SBOV2_12430.1 gene=SBOV2_12430
SBOV2_12430.1        -            842 88053at33208         -            541   5.5e-06   25.5   1.9   2   3      0.04   2.7e+02    0.1   0.4   363   411   438   486   420   530 0.75 transcript=SBOV2_12430.1 gene=SBOV2_12430
SBOV2_12430.1        -            842 88053at33208         -            541   5.5e-06   25.5   1.9   3   3      0.28   1.9e+03   -2.7   0.0   493   523   683   714   668   722 0.70 transcript=SBOV2_12430.1 gene=SBOV2_12430
#
# Program:         hmmsearch
# Version:         3.4 (Aug 2023)
# Pipeline mode:   SEARCH
# Query file:      /users/40483456/busco_datasets/busco_downloads/lineages/metazoa_odb10/hmms/88053at33208.hmm
# Target file:     /users/40483456/protein/schistosoma_bovis.fa
# Option settings: hmmsearch --domtblout /users/40483456/busco/results_pro/schistosoma_bovis_busco/run_metazoa_odb10/hmmer_output/initial_run_results/88053at33208.out --cpu 1 /users/40483456/busco_datasets/busco_downloads/lineages/metazoa_odb10/hmms/88053at33208.hmm /users/40483456/protein/schistosoma_bovis.fa 
# Current dir:     /users/40483456
# Date:            Thu Jan 15 17:46:40 2026
# [ok]
