#                                                                            --- full sequence --- -------------- this domain -------------   hmm coord   ali coord   env coord
# target name        accession   tlen query name           accession   qlen   E-value  score  bias   #  of  c-Evalue  i-Evalue  score  bias  from    to  from    to  from    to  acc description of target
#------------------- ---------- ----- -------------------- ---------- ----- --------- ------ ----- --- --- --------- --------- ------ ----- ----- ----- ----- ----- ----- ----- ---- ---------------------
FGIG_04627           -            592 247905at33208        -            362   5.5e-47  159.8   1.6   1   4   2.9e-23   7.3e-20   70.5   1.6     2   146     6   201     5   205 0.76 transcript=FGIG_04627 gene=FGIG_04627
FGIG_04627           -            592 247905at33208        -            362   5.5e-47  159.8   1.6   2   4   2.3e-19   5.7e-16   57.7   0.0   147   235   257   350   251   357 0.89 transcript=FGIG_04627 gene=FGIG_04627
FGIG_04627           -            592 247905at33208        -            362   5.5e-47  159.8   1.6   3   4    0.0022       5.6    5.1   0.0   237   263   402   428   389   443 0.85 transcript=FGIG_04627 gene=FGIG_04627
FGIG_04627           -            592 247905at33208        -            362   5.5e-47  159.8   1.6   4   4   1.1e-06    0.0027   16.0   0.0   295   361   499   573   467   574 0.79 transcript=FGIG_04627 gene=FGIG_04627
FGIG_11841           -            107 247905at33208        -            362   0.00014   20.3   0.1   1   1   6.1e-08   0.00016   20.1   0.1   295   357    23    91    12    95 0.82 transcript=FGIG_11841 gene=FGIG_11841
FGIG_04760           -            179 247905at33208        -            362    0.0045   15.3   0.1   1   1     2e-06    0.0051   15.1   0.1   291   360    89   162    58   164 0.82 transcript=FGIG_04760 gene=FGIG_04760
FGIG_03046           -            446 247905at33208        -            362    0.0056   15.0   0.1   1   1   3.7e-06    0.0093   14.2   0.1    74   126   289   345   280   361 0.70 transcript=FGIG_03046 gene=FGIG_03046
FGIG_03744           -           1237 247905at33208        -            362      0.17   10.1   0.4   1   2    0.0013       3.2    5.9   0.1   258   309   164   217   155   247 0.84 transcript=FGIG_03744 gene=FGIG_03744
FGIG_03744           -           1237 247905at33208        -            362      0.17   10.1   0.4   2   2     0.021        53    1.9   0.0   285   309   327   351   313   379 0.86 transcript=FGIG_03744 gene=FGIG_03744
#
# Program:         hmmsearch
# Version:         3.4 (Aug 2023)
# Pipeline mode:   SEARCH
# Query file:      /users/40483456/busco_datasets/busco_downloads/lineages/metazoa_odb10/hmms/247905at33208.hmm
# Target file:     /users/40483456/protein/fasciola_gigantica.fa
# Option settings: hmmsearch --domtblout /users/40483456/busco/results_pro/fasciola_gigantica_busco/run_metazoa_odb10/hmmer_output/initial_run_results/247905at33208.out --cpu 1 /users/40483456/busco_datasets/busco_downloads/lineages/metazoa_odb10/hmms/247905at33208.hmm /users/40483456/protein/fasciola_gigantica.fa 
# Current dir:     /users/40483456
# Date:            Thu Jan 15 17:40:59 2026
# [ok]
