#                                                                            --- full sequence --- -------------- this domain -------------   hmm coord   ali coord   env coord
# target name        accession   tlen query name           accession   qlen   E-value  score  bias   #  of  c-Evalue  i-Evalue  score  bias  from    to  from    to  from    to  acc description of target
#------------------- ---------- ----- -------------------- ---------- ----- --------- ------ ----- --- --- --------- --------- ------ ----- ----- ----- ----- ----- ----- ----- ---- ---------------------
FGIG_07292           -            469 251076at33208        -            316  2.9e-144  479.5   1.5   1   1    1e-146  4.9e-144  478.8   1.5     1   316    24   349    24   349 0.90 transcript=FGIG_07292 gene=FGIG_07292
FGIG_10246           -            748 251076at33208        -            316   3.6e-12   45.6   0.1   1   5    0.0045       2.1    6.9   0.0    32    68     8    44     1    58 0.90 transcript=FGIG_10246 gene=FGIG_10246
FGIG_10246           -            748 251076at33208        -            316   3.6e-12   45.6   0.1   2   5      0.35   1.6e+02    0.7   0.0    38    67   203   232   197   237 0.89 transcript=FGIG_10246 gene=FGIG_10246
FGIG_10246           -            748 251076at33208        -            316   3.6e-12   45.6   0.1   3   5    0.0012      0.57    8.8   0.0     7    69   432   494   427   518 0.86 transcript=FGIG_10246 gene=FGIG_10246
FGIG_10246           -            748 251076at33208        -            316   3.6e-12   45.6   0.1   4   5     0.014       6.7    5.2   0.0    27    70   561   604   550   611 0.86 transcript=FGIG_10246 gene=FGIG_10246
FGIG_10246           -            748 251076at33208        -            316   3.6e-12   45.6   0.1   5   5   4.8e-06    0.0022   16.7   0.0    10    71   648   710   644   723 0.89 transcript=FGIG_10246 gene=FGIG_10246
FGIG_00212           -           1153 251076at33208        -            316   7.3e-12   44.5   0.0   1   4   0.00029      0.14   10.8   0.0    23    95   265   338   248   349 0.84 transcript=FGIG_00212 gene=FGIG_00212
FGIG_00212           -           1153 251076at33208        -            316   7.3e-12   44.5   0.0   2   4       5.4   2.5e+03   -3.2   0.0    23    52   425   453   420   456 0.80 transcript=FGIG_00212 gene=FGIG_00212
FGIG_00212           -           1153 251076at33208        -            316   7.3e-12   44.5   0.0   3   4   4.1e-05     0.019   13.6   0.0     6    69   530   594   525   606 0.80 transcript=FGIG_00212 gene=FGIG_00212
FGIG_00212           -           1153 251076at33208        -            316   7.3e-12   44.5   0.0   4   4   1.1e-05    0.0053   15.5   0.0     9    68   631   690   624   703 0.84 transcript=FGIG_00212 gene=FGIG_00212
FGIG_03645           -            987 251076at33208        -            316   6.3e-11   41.5   0.0   1   4   4.7e-07   0.00022   20.0   0.0     4    68   490   555   487   577 0.85 transcript=FGIG_03645 gene=FGIG_03645
FGIG_03645           -            987 251076at33208        -            316   6.3e-11   41.5   0.0   2   4   1.8e-05    0.0085   14.8   0.0     3    74   599   670   597   681 0.87 transcript=FGIG_03645 gene=FGIG_03645
FGIG_03645           -            987 251076at33208        -            316   6.3e-11   41.5   0.0   3   4      0.12        58    2.2   0.0     7    61   765   822   759   842 0.76 transcript=FGIG_03645 gene=FGIG_03645
FGIG_03645           -            987 251076at33208        -            316   6.3e-11   41.5   0.0   4   4       3.9   1.8e+03   -2.8   0.0    28    58   930   960   924   978 0.72 transcript=FGIG_03645 gene=FGIG_03645
FGIG_04714           -            343 251076at33208        -            316   4.8e-08   32.0   0.0   1   2   0.00012     0.058   12.0   0.0    26    74   136   184   112   196 0.87 transcript=FGIG_04714 gene=FGIG_04714
FGIG_04714           -            343 251076at33208        -            316   4.8e-08   32.0   0.0   2   2   2.1e-06   0.00098   17.8   0.0    10    71   263   325   260   336 0.84 transcript=FGIG_04714 gene=FGIG_04714
FGIG_11582           -            148 251076at33208        -            316   7.6e-08   31.3   0.0   1   1     2e-10   9.4e-08   31.0   0.0     1    72    60   131    60   143 0.90 transcript=FGIG_11582 gene=FGIG_11582
FGIG_05932           -            834 251076at33208        -            316   1.6e-06   27.0   0.0   1   3       0.3   1.4e+02    0.9   0.0    22    58   108   144   105   167 0.84 transcript=FGIG_05932 gene=FGIG_05932
FGIG_05932           -            834 251076at33208        -            316   1.6e-06   27.0   0.0   2   3   0.00012     0.054   12.1   0.0    21    68   263   310   249   336 0.82 transcript=FGIG_05932 gene=FGIG_05932
FGIG_05932           -            834 251076at33208        -            316   1.6e-06   27.0   0.0   3   3   0.00064       0.3    9.7   0.0    21    67   441   487   422   511 0.91 transcript=FGIG_05932 gene=FGIG_05932
FGIG_01268           -           1316 251076at33208        -            316   2.3e-06   26.5   0.5   1   3   0.00015     0.072   11.7   0.0    16    69   289   342   269   352 0.81 transcript=FGIG_01268 gene=FGIG_01268
FGIG_01268           -           1316 251076at33208        -            316   2.3e-06   26.5   0.5   2   3     0.004       1.9    7.1   0.0    10    74   606   676   599   686 0.74 transcript=FGIG_01268 gene=FGIG_01268
FGIG_01268           -           1316 251076at33208        -            316   2.3e-06   26.5   0.5   3   3     0.034        16    4.0   0.0    10    67   835   891   828   943 0.79 transcript=FGIG_01268 gene=FGIG_01268
FGIG_09486           -            358 251076at33208        -            316   5.4e-06   25.3   0.0   1   2   2.9e-05     0.014   14.1   0.0     9    67   125   188   115   197 0.79 transcript=FGIG_09486 gene=FGIG_09486
FGIG_09486           -            358 251076at33208        -            316   5.4e-06   25.3   0.0   2   2   0.00088      0.41    9.2   0.0    21    73   278   330   253   350 0.78 transcript=FGIG_09486 gene=FGIG_09486
FGIG_03935           -            400 251076at33208        -            316     3e-05   22.8   2.8   1   1   1.6e-07   7.4e-05   21.5   2.7   122   299   138   315   114   326 0.68 transcript=FGIG_03935 gene=FGIG_03935
FGIG_09365           -            427 251076at33208        -            316   4.6e-05   22.2   0.0   1   2   0.00059      0.28    9.8   0.0     2    71   183   255   182   272 0.84 transcript=FGIG_09365 gene=FGIG_09365
FGIG_09365           -            427 251076at33208        -            316   4.6e-05   22.2   0.0   2   2   0.00044       0.2   10.2   0.0    14    66   355   408   353   420 0.73 transcript=FGIG_09365 gene=FGIG_09365
FGIG_05933           -            604 251076at33208        -            316     6e-05   21.8   0.0   1   3     0.018       8.4    4.9   0.0    24    68    65   109    46   137 0.84 transcript=FGIG_05933 gene=FGIG_05933
FGIG_05933           -            604 251076at33208        -            316     6e-05   21.8   0.0   2   3       1.1   5.4e+02   -1.0   0.0    35    69   214   248   209   264 0.82 transcript=FGIG_05933 gene=FGIG_05933
FGIG_05933           -            604 251076at33208        -            316     6e-05   21.8   0.0   3   3   5.3e-05     0.025   13.2   0.0     7    82   429   505   423   511 0.74 transcript=FGIG_05933 gene=FGIG_05933
FGIG_05424           -            639 251076at33208        -            316   0.00022   20.0   2.6   1   1   8.5e-07    0.0004   19.1   2.6   162   309   101   240    34   243 0.79 transcript=FGIG_05424 gene=FGIG_05424
FGIG_04405           -           1577 251076at33208        -            316   0.00035   19.3   0.0   1   5      0.64     3e+02   -0.2   0.0    36    77   170   214   164   230 0.78 transcript=FGIG_04405 gene=FGIG_04405
FGIG_04405           -           1577 251076at33208        -            316   0.00035   19.3   0.0   2   5      0.48   2.2e+02    0.2   0.0    32    62   500   530   492   535 0.85 transcript=FGIG_04405 gene=FGIG_04405
FGIG_04405           -           1577 251076at33208        -            316   0.00035   19.3   0.0   3   5    0.0055       2.6    6.6   0.0    23    79   594   652   578   659 0.83 transcript=FGIG_04405 gene=FGIG_04405
FGIG_04405           -           1577 251076at33208        -            316   0.00035   19.3   0.0   4   5     0.046        21    3.6   0.0    24    75   883   936   864   960 0.74 transcript=FGIG_04405 gene=FGIG_04405
FGIG_04405           -           1577 251076at33208        -            316   0.00035   19.3   0.0   5   5      0.67   3.1e+02   -0.2   0.0    22    70  1456  1504  1440  1515 0.84 transcript=FGIG_04405 gene=FGIG_04405
FGIG_02172           -           1618 251076at33208        -            316   0.00036   19.3   0.0   1   1   1.1e-06   0.00053   18.7   0.0     5    73   722   794   719   801 0.85 transcript=FGIG_02172 gene=FGIG_02172
FGIG_08995           -            204 251076at33208        -            316   0.00091   18.0   0.0   1   1   3.1e-06    0.0015   17.3   0.0     9    73   112   179   106   190 0.79 transcript=FGIG_08995 gene=FGIG_08995
FGIG_04712           -           1285 251076at33208        -            316    0.0011   17.7   0.1   1   3    0.0056       2.6    6.6   0.0    10    55   714   759   705   765 0.86 transcript=FGIG_04712 gene=FGIG_04712
FGIG_04712           -           1285 251076at33208        -            316    0.0011   17.7   0.1   2   3       0.1        47    2.5   0.0    25    60   954   989   944  1006 0.78 transcript=FGIG_04712 gene=FGIG_04712
FGIG_04712           -           1285 251076at33208        -            316    0.0011   17.7   0.1   3   3     0.023        11    4.6   0.0    23    60  1161  1198  1156  1215 0.83 transcript=FGIG_04712 gene=FGIG_04712
FGIG_01772           -            995 251076at33208        -            316    0.0036   16.0   0.1   1   1   1.1e-05    0.0051   15.5   0.1     2    67   213   280   212   290 0.86 transcript=FGIG_01772 gene=FGIG_01772
FGIG_10961           -            608 251076at33208        -            316    0.0039   15.9   0.0   1   1   1.2e-05    0.0056   15.4   0.0    12    66   508   563   499   583 0.85 transcript=FGIG_10961 gene=FGIG_10961
FGIG_04992           -           1575 251076at33208        -            316    0.0048   15.6   0.0   1   3     0.013       6.2    5.4   0.1    23    65  1089  1131  1067  1142 0.79 transcript=FGIG_04992 gene=FGIG_04992
FGIG_04992           -           1575 251076at33208        -            316    0.0048   15.6   0.0   2   3      0.11        52    2.3   0.0    22    72  1249  1299  1228  1308 0.77 transcript=FGIG_04992 gene=FGIG_04992
FGIG_04992           -           1575 251076at33208        -            316    0.0048   15.6   0.0   3   3     0.054        25    3.4   0.0    28    72  1366  1410  1359  1414 0.83 transcript=FGIG_04992 gene=FGIG_04992
FGIG_04177           -           1018 251076at33208        -            316     0.011   14.5   0.1   1   1   3.3e-05     0.016   13.9   0.1     2    67   270   337   269   344 0.87 transcript=FGIG_04177 gene=FGIG_04177
FGIG_00731           -           1607 251076at33208        -            316     0.012   14.3   0.1   1   2    0.0063         3    6.4   0.0    26    69  1008  1051   995  1062 0.87 transcript=FGIG_00731 gene=FGIG_00731
FGIG_00731           -           1607 251076at33208        -            316     0.012   14.3   0.1   2   2     0.012       5.6    5.5   0.0    27    54  1346  1373  1334  1380 0.85 transcript=FGIG_00731 gene=FGIG_00731
FGIG_04936           -            173 251076at33208        -            316      0.02   13.6   0.0   1   1   5.2e-05     0.024   13.3   0.0     6    70    76   140    71   152 0.89 transcript=FGIG_04936 gene=FGIG_04936
FGIG_07437           -            327 251076at33208        -            316     0.022   13.4   0.0   1   1   6.9e-05     0.032   12.9   0.0    18    71   160   213   149   224 0.82 transcript=FGIG_07437 gene=FGIG_07437
FGIG_05322           -           2335 251076at33208        -            316     0.049   12.3   0.0   1   1   0.00017     0.078   11.6   0.0     6    92  1083  1174  1079  1191 0.77 transcript=FGIG_05322 gene=FGIG_05322
FGIG_05237           -           1381 251076at33208        -            316     0.091   11.4   0.0   1   2    0.0083       3.9    6.0   0.0    26    73   235   282   226   294 0.87 transcript=FGIG_05237 gene=FGIG_05237
FGIG_05237           -           1381 251076at33208        -            316     0.091   11.4   0.0   2   2     0.075        35    2.9   0.0    11    70   515   571   507   583 0.72 transcript=FGIG_05237 gene=FGIG_05237
FGIG_00892           -            291 251076at33208        -            316      0.11   11.1   0.2   1   2    0.0011      0.51    8.9   0.0    24    68   130   173   109   181 0.87 transcript=FGIG_00892 gene=FGIG_00892
FGIG_00892           -            291 251076at33208        -            316      0.11   11.1   0.2   2   2       0.7   3.3e+02   -0.3   0.1    28    66   214   251   198   260 0.79 transcript=FGIG_00892 gene=FGIG_00892
#
# Program:         hmmsearch
# Version:         3.4 (Aug 2023)
# Pipeline mode:   SEARCH
# Query file:      /users/40483456/busco_datasets/busco_downloads/lineages/metazoa_odb10/hmms/251076at33208.hmm
# Target file:     /users/40483456/protein/fasciola_gigantica.fa
# Option settings: hmmsearch --domtblout /users/40483456/busco/results_pro/fasciola_gigantica_busco/run_metazoa_odb10/hmmer_output/initial_run_results/251076at33208.out --cpu 1 /users/40483456/busco_datasets/busco_downloads/lineages/metazoa_odb10/hmms/251076at33208.hmm /users/40483456/protein/fasciola_gigantica.fa 
# Current dir:     /users/40483456
# Date:            Thu Jan 15 17:40:59 2026
# [ok]
