#                                                                            --- full sequence --- -------------- this domain -------------   hmm coord   ali coord   env coord
# target name        accession   tlen query name           accession   qlen   E-value  score  bias   #  of  c-Evalue  i-Evalue  score  bias  from    to  from    to  from    to  acc description of target
#------------------- ---------- ----- -------------------- ---------- ----- --------- ------ ----- --- --- --------- --------- ------ ----- ----- ----- ----- ----- ----- ----- ---- ---------------------
FGIG_08308           -            298 366936at33208        -            236  2.3e-124  412.9   0.0   1   1  7.8e-126  4.7e-124  411.9   0.0     2   220     8   236     7   241 0.97 transcript=FGIG_08308 gene=FGIG_08308
FGIG_03647           -           1034 366936at33208        -            236     5e-86  287.4   0.0   1   1   1.2e-87   7.3e-86  286.9   0.0     2   219   493   718   492   729 0.95 transcript=FGIG_03647 gene=FGIG_03647
FGIG_05126           -            319 366936at33208        -            236     6e-64  215.2   1.1   1   1     7e-64   4.2e-62  209.2   1.1     2   219     9   249     8   257 0.88 transcript=FGIG_05126 gene=FGIG_05126
FGIG_10578           -            600 366936at33208        -            236   1.3e-58  197.7   0.2   1   1   3.2e-60   1.9e-58  197.2   0.2     1   210     2   220     2   232 0.90 transcript=FGIG_10578 gene=FGIG_10578
FGIG_00619           -            381 366936at33208        -            236   1.9e-57  193.9   0.0   1   1   4.1e-59   2.5e-57  193.5   0.0     2   216    38   262    37   283 0.87 transcript=FGIG_00619 gene=FGIG_00619
FGIG_04722           -            766 366936at33208        -            236   3.2e-57  193.2   0.0   1   2       7.9   4.7e+02   -0.5   0.0   214   230   123   139   119   143 0.89 transcript=FGIG_04722 gene=FGIG_04722
FGIG_04722           -            766 366936at33208        -            236   3.2e-57  193.2   0.0   2   2   3.1e-58   1.8e-56  190.7   0.0     3   206   208   430   206   448 0.86 transcript=FGIG_04722 gene=FGIG_04722
FGIG_10308           -            437 366936at33208        -            236   2.9e-56  190.0   0.0   1   1   7.9e-58   4.7e-56  189.3   0.0     2   207    60   283    59   302 0.85 transcript=FGIG_10308 gene=FGIG_10308
FGIG_12082           -            374 366936at33208        -            236   8.3e-54  182.0   0.0   1   1   1.9e-55   1.1e-53  181.5   0.0     2   216     3   229     2   238 0.89 transcript=FGIG_12082 gene=FGIG_12082
FGIG_04734           -            371 366936at33208        -            236   2.8e-48  163.9   0.1   1   1   6.4e-50   3.8e-48  163.5   0.1     3   231    26   268    24   271 0.87 transcript=FGIG_04734 gene=FGIG_04734
FGIG_02161           -            351 366936at33208        -            236   5.2e-46  156.5   0.2   1   1   1.3e-47   7.8e-46  155.9   0.2     2   229    16   258    15   262 0.85 transcript=FGIG_02161 gene=FGIG_02161
FGIG_11442           -            293 366936at33208        -            236   1.8e-43  148.1   0.7   1   1   1.3e-44   7.8e-43  146.1   0.7    13   219     2   233     1   247 0.82 transcript=FGIG_11442 gene=FGIG_11442
FGIG_04479           -            626 366936at33208        -            236   7.6e-43  146.1   0.0   1   1     2e-44   1.2e-42  145.5   0.0     2   216     3   232     2   238 0.84 transcript=FGIG_04479 gene=FGIG_04479
FGIG_11593           -            804 366936at33208        -            236   9.5e-43  145.8   0.0   1   1   8.7e-44   5.2e-42  143.4   0.0     8   195    27   236    22   271 0.80 transcript=FGIG_11593 gene=FGIG_11593
FGIG_04763           -            842 366936at33208        -            236   6.7e-41  139.8   0.0   1   1   1.8e-42   1.1e-40  139.0   0.0    41   214   502   685   472   697 0.89 transcript=FGIG_04763 gene=FGIG_04763
FGIG_07234           -            512 366936at33208        -            236   2.5e-39  134.6   0.0   1   1   6.4e-41   3.8e-39  134.0   0.0     9   220    78   303    72   317 0.86 transcript=FGIG_07234 gene=FGIG_07234
FGIG_00449           -            860 366936at33208        -            236   3.7e-39  134.0   0.0   1   1   1.9e-40   1.1e-38  132.5   0.0     7   206    24   236    19   258 0.80 transcript=FGIG_00449 gene=FGIG_00449
FGIG_06611           -            485 366936at33208        -            236   9.2e-38  129.5   0.0   1   1   2.3e-39   1.3e-37  128.9   0.0    57   206     2   158     1   174 0.91 transcript=FGIG_06611 gene=FGIG_06611
FGIG_05219           -            370 366936at33208        -            236   1.2e-36  125.8   0.0   1   1     3e-38   1.8e-36  125.3   0.0     1   225    23   257    23   264 0.87 transcript=FGIG_05219 gene=FGIG_05219
FGIG_07389           -            207 366936at33208        -            236   2.4e-34  118.3   0.0   1   1   5.4e-36   3.2e-34  117.9   0.0    58   222     2   185     1   191 0.79 transcript=FGIG_07389 gene=FGIG_07389
FGIG_11589           -            351 366936at33208        -            236   2.9e-34  118.0   0.4   1   1   6.6e-36   3.9e-34  117.6   0.4     4   211    38   250    35   264 0.86 transcript=FGIG_11589 gene=FGIG_11589
FGIG_10096           -            529 366936at33208        -            236   8.3e-33  113.3   0.8   1   1   6.6e-33   3.9e-31  107.8   0.8     2   206     3   185     2   202 0.87 transcript=FGIG_10096 gene=FGIG_10096
FGIG_03039           -            380 366936at33208        -            236   1.3e-32  112.7   0.3   1   1   2.9e-34   1.7e-32  112.2   0.3     2   212    36   251    35   263 0.87 transcript=FGIG_03039 gene=FGIG_03039
FGIG_03170           -            624 366936at33208        -            236     2e-31  108.7   0.1   1   1     1e-32   6.1e-31  107.1   0.1    75   224   208   357   194   363 0.87 transcript=FGIG_03170 gene=FGIG_03170
FGIG_05093           -            347 366936at33208        -            236   5.6e-29  100.7   0.0   1   1   1.3e-30   7.6e-29  100.3   0.0    98   222     1   126     1   132 0.88 transcript=FGIG_05093 gene=FGIG_05093
FGIG_01903           -            748 366936at33208        -            236     8e-28   96.9   0.1   1   1     2e-29   1.2e-27   96.4   0.1     2   211   258   478   257   489 0.81 transcript=FGIG_01903 gene=FGIG_01903
FGIG_05419           -            480 366936at33208        -            236   6.4e-27   94.0   0.0   1   1   1.8e-28   1.1e-26   93.3   0.0     2   194   204   403   203   435 0.86 transcript=FGIG_05419 gene=FGIG_05419
FGIG_00887           -            374 366936at33208        -            236     2e-26   92.3   0.1   1   1   5.5e-28   3.3e-26   91.7   0.1     5   217    34   254    31   270 0.85 transcript=FGIG_00887 gene=FGIG_00887
FGIG_10720           -            302 366936at33208        -            236   3.4e-26   91.6   0.1   1   1     8e-28   4.8e-26   91.1   0.1     8   230    39   263    33   269 0.85 transcript=FGIG_10720 gene=FGIG_10720
FGIG_12541           -            226 366936at33208        -            236     1e-25   90.0   0.0   1   1   2.4e-27   1.4e-25   89.6   0.0   104   222    84   200    57   206 0.89 transcript=FGIG_12541 gene=FGIG_12541
FGIG_03950           -            522 366936at33208        -            236   1.9e-25   89.2   0.2   1   1   4.5e-27   2.7e-25   88.7   0.2     3   216   240   459   238   472 0.87 transcript=FGIG_03950 gene=FGIG_03950
FGIG_06700           -           1878 366936at33208        -            236   1.4e-24   86.3   0.0   1   1     4e-26   2.4e-24   85.6   0.0     2   194    27   228    26   237 0.87 transcript=FGIG_06700 gene=FGIG_06700
FGIG_03065           -           1102 366936at33208        -            236   1.8e-24   86.0   0.0   1   1   4.8e-26   2.9e-24   85.3   0.0     2   194    21   223    20   239 0.85 transcript=FGIG_03065 gene=FGIG_03065
FGIG_01934           -            912 366936at33208        -            236   2.7e-24   85.4   0.0   1   1   7.7e-26   4.6e-24   84.7   0.0     6   208    47   255    43   281 0.85 transcript=FGIG_01934 gene=FGIG_01934
FGIG_06464           -            422 366936at33208        -            236   4.5e-24   84.7   0.0   1   1   1.1e-25   6.7e-24   84.1   0.0     7   206    19   228    13   255 0.76 transcript=FGIG_06464 gene=FGIG_06464
FGIG_01693           -           1157 366936at33208        -            236   5.1e-24   84.5   0.0   1   1   1.3e-25   7.6e-24   83.9   0.0     2   210    48   262    47   281 0.84 transcript=FGIG_01693 gene=FGIG_01693
FGIG_11595           -            272 366936at33208        -            236   8.2e-24   83.8   0.0   1   1   2.2e-25   1.3e-23   83.2   0.0     2   194    24   231    23   267 0.79 transcript=FGIG_11595 gene=FGIG_11595
FGIG_11229           -            576 366936at33208        -            236   8.6e-24   83.8   0.0   1   1   2.2e-25   1.3e-23   83.1   0.0     2   189    13   209    12   253 0.84 transcript=FGIG_11229 gene=FGIG_11229
FGIG_10532           -            678 366936at33208        -            236     1e-23   83.5   0.0   1   1   2.7e-25   1.6e-23   82.8   0.0     7   188    24   213    19   251 0.82 transcript=FGIG_10532 gene=FGIG_10532
FGIG_06325           -            645 366936at33208        -            236   1.2e-22   80.0   0.0   1   1   2.9e-24   1.8e-22   79.5   0.0     3   191    20   213    18   229 0.90 transcript=FGIG_06325 gene=FGIG_06325
FGIG_04407           -           1183 366936at33208        -            236   2.3e-22   79.1   0.0   1   1   7.2e-24   4.3e-22   78.2   0.0     4   198    29   232    26   246 0.84 transcript=FGIG_04407 gene=FGIG_04407
FGIG_01248           -            267 366936at33208        -            236   7.7e-22   77.4   0.1   1   1   2.2e-23   1.3e-21   76.6   0.1    47   194    10   168     3   182 0.84 transcript=FGIG_01248 gene=FGIG_01248
FGIG_00651           -           1027 366936at33208        -            236   8.2e-22   77.3   0.5   1   2   4.1e-08   2.5e-06   26.6   0.3     3    85    77   159    75   175 0.90 transcript=FGIG_00651 gene=FGIG_00651
FGIG_00651           -           1027 366936at33208        -            236   8.2e-22   77.3   0.5   2   2   8.5e-15   5.1e-13   48.5   0.0    92   207   197   310   184   334 0.81 transcript=FGIG_00651 gene=FGIG_00651
FGIG_07695           -           1465 366936at33208        -            236     2e-21   76.0   0.0   1   1   5.6e-23   3.3e-21   75.3   0.0     2   207   199   417   198   427 0.80 transcript=FGIG_07695 gene=FGIG_07695
FGIG_07707           -            843 366936at33208        -            236   3.7e-21   75.1   0.2   1   1   1.7e-22     1e-20   73.7   0.3     5   186     9   209     5   221 0.81 transcript=FGIG_07707 gene=FGIG_07707
FGIG_00786           -           1722 366936at33208        -            236   9.1e-21   73.9   0.1   1   1   4.2e-22   2.5e-20   72.4   0.1     9   207  1099  1318  1092  1327 0.74 transcript=FGIG_00786 gene=FGIG_00786
FGIG_11622           -            322 366936at33208        -            236   1.8e-20   72.9   0.2   1   1   3.9e-22   2.3e-20   72.5   0.2     2    93   181   271   180   314 0.94 transcript=FGIG_11622 gene=FGIG_11622
FGIG_10736           -            164 366936at33208        -            236   2.1e-20   72.7   1.4   1   1   4.4e-22   2.6e-20   72.3   1.4     2   122    13   143    12   149 0.84 transcript=FGIG_10736 gene=FGIG_10736
FGIG_07505           -            224 366936at33208        -            236   6.8e-20   71.0   0.0   1   1   1.5e-21   9.1e-20   70.6   0.0    96   230    13   145     7   149 0.86 transcript=FGIG_07505 gene=FGIG_07505
FGIG_05361           -           1337 366936at33208        -            236   7.6e-20   70.8   0.0   1   1     2e-21   1.2e-19   70.2   0.0     7   212   296   509   290   525 0.83 transcript=FGIG_05361 gene=FGIG_05361
FGIG_06324           -            375 366936at33208        -            236   7.8e-20   70.8   0.0   1   1   1.8e-21     1e-19   70.4   0.0     2   196    97   296    96   323 0.83 transcript=FGIG_06324 gene=FGIG_06324
FGIG_04063           -            523 366936at33208        -            236     1e-19   70.4   0.0   1   1   2.7e-21   1.6e-19   69.8   0.0    45   210    55   229    11   250 0.73 transcript=FGIG_04063 gene=FGIG_04063
FGIG_08349           -            390 366936at33208        -            236   1.3e-19   70.1   0.1   1   1   3.4e-21     2e-19   69.4   0.1    77   221    34   186     1   192 0.71 transcript=FGIG_08349 gene=FGIG_08349
FGIG_02085           -           1160 366936at33208        -            236   1.5e-19   69.9   0.1   1   1   3.9e-21   2.3e-19   69.2   0.1     2   207   657   880   656   898 0.78 transcript=FGIG_02085 gene=FGIG_02085
FGIG_05526           -            957 366936at33208        -            236   2.1e-19   69.4   0.0   1   1   5.5e-21   3.3e-19   68.8   0.0     6   207   487   696   482   718 0.82 transcript=FGIG_05526 gene=FGIG_05526
FGIG_05823           -            620 366936at33208        -            236   2.3e-19   69.3   0.0   1   1   6.1e-21   3.7e-19   68.6   0.0    47   138   226   323   191   330 0.84 transcript=FGIG_05823 gene=FGIG_05823
FGIG_09549           -            461 366936at33208        -            236   2.3e-19   69.2   0.0   1   1   7.2e-21   4.3e-19   68.4   0.0   109   211     3   104     1   111 0.84 transcript=FGIG_09549 gene=FGIG_09549
FGIG_05975           -            644 366936at33208        -            236   2.4e-19   69.2   0.1   1   1   6.2e-21   3.7e-19   68.6   0.1     9   206   319   527   311   539 0.81 transcript=FGIG_05975 gene=FGIG_05975
FGIG_03595           -            477 366936at33208        -            236   3.2e-19   68.8   0.0   1   1   8.2e-21   4.9e-19   68.2   0.0     6   193    24   227    20   238 0.80 transcript=FGIG_03595 gene=FGIG_03595
FGIG_02101           -            359 366936at33208        -            236   4.8e-19   68.2   0.0   1   1   1.3e-20   7.6e-19   67.6   0.0     2   208    24   251    23   272 0.76 transcript=FGIG_02101 gene=FGIG_02101
FGIG_11286           -            479 366936at33208        -            236   9.8e-19   67.2   0.0   1   1   2.7e-20   1.6e-18   66.5   0.0     5   188    57   262    53   279 0.80 transcript=FGIG_11286 gene=FGIG_11286
FGIG_06176           -            614 366936at33208        -            236   1.4e-18   66.7   0.5   1   1   7.3e-20   4.3e-18   65.1   0.5     3   207    19   238    17   257 0.80 transcript=FGIG_06176 gene=FGIG_06176
FGIG_02682           -           1041 366936at33208        -            236     2e-18   66.2   0.0   1   1   8.8e-20   5.2e-18   64.8   0.0     9   229    17   257    10   261 0.79 transcript=FGIG_02682 gene=FGIG_02682
FGIG_04318           -            706 366936at33208        -            236   2.4e-18   65.9   0.0   1   1   5.9e-20   3.5e-18   65.4   0.0     3   192    16   222    14   260 0.74 transcript=FGIG_04318 gene=FGIG_04318
FGIG_05606           -            665 366936at33208        -            236   3.2e-18   65.5   0.0   1   1   8.8e-20   5.2e-18   64.8   0.0     7   207   358   564   353   573 0.81 transcript=FGIG_05606 gene=FGIG_05606
FGIG_06925           -           2215 366936at33208        -            236   5.2e-18   64.8   0.0   1   1   1.4e-19   8.6e-18   64.1   0.0     9   206   378   581   372   604 0.82 transcript=FGIG_06925 gene=FGIG_06925
FGIG_03036           -            604 366936at33208        -            236   5.3e-18   64.8   0.1   1   1   2.6e-19   1.6e-17   63.3   0.1     7   192    30   240    24   272 0.80 transcript=FGIG_03036 gene=FGIG_03036
FGIG_08717           -            401 366936at33208        -            236     9e-18   64.1   0.0   1   1   2.4e-19   1.4e-17   63.4   0.0     6   206    82   289    77   299 0.81 transcript=FGIG_08717 gene=FGIG_08717
FGIG_07718           -            350 366936at33208        -            236   7.4e-17   61.1   0.1   1   1   1.7e-18   9.9e-17   60.6   0.1     3   213    43   257    41   282 0.81 transcript=FGIG_07718 gene=FGIG_07718
FGIG_01338           -            345 366936at33208        -            236   8.7e-17   60.8   0.0   1   1     2e-18   1.2e-16   60.4   0.0     2   229    35   269    34   276 0.83 transcript=FGIG_01338 gene=FGIG_01338
FGIG_08197           -           1122 366936at33208        -            236   1.4e-16   60.2   0.0   1   2   0.00032     0.019   13.9   0.0     2    67   826   889   825   896 0.90 transcript=FGIG_08197 gene=FGIG_08197
FGIG_08197           -           1122 366936at33208        -            236   1.4e-16   60.2   0.0   2   2   2.1e-13   1.2e-11   44.0   0.0    95   195   947  1046   920  1069 0.89 transcript=FGIG_08197 gene=FGIG_08197
FGIG_03236           -            690 366936at33208        -            236   2.7e-16   59.2   0.0   1   1   9.9e-18   5.9e-16   58.1   0.0    10   198   356   563   352   577 0.77 transcript=FGIG_03236 gene=FGIG_03236
FGIG_03374           -            550 366936at33208        -            236   3.6e-16   58.8   0.0   1   1   9.3e-18   5.5e-16   58.2   0.0     2   207    24   236    23   262 0.82 transcript=FGIG_03374 gene=FGIG_03374
FGIG_00095           -           1094 366936at33208        -            236     6e-16   58.1   0.0   1   1   1.6e-17   9.7e-16   57.4   0.0     4   199   785   987   782  1017 0.84 transcript=FGIG_00095 gene=FGIG_00095
FGIG_10964           -            504 366936at33208        -            236   7.2e-16   57.8   0.0   1   1   3.1e-17   1.9e-15   56.5   0.0     8   141    26   168    21   194 0.82 transcript=FGIG_10964 gene=FGIG_10964
FGIG_05175           -            380 366936at33208        -            236   7.5e-16   57.8   0.1   1   2   1.5e-16   8.8e-15   54.3   0.2     2   141    63   210    62   217 0.82 transcript=FGIG_05175 gene=FGIG_05175
FGIG_05175           -            380 366936at33208        -            236   7.5e-16   57.8   0.1   2   2         3   1.8e+02    0.9   0.0   160   186   265   290   246   303 0.80 transcript=FGIG_05175 gene=FGIG_05175
FGIG_12477           -            247 366936at33208        -            236   8.3e-16   57.6   0.0   1   1   1.8e-17   1.1e-15   57.3   0.0    48   198    13   169     5   200 0.84 transcript=FGIG_12477 gene=FGIG_12477
FGIG_02765           -           1291 366936at33208        -            236     1e-15   57.4   0.0   1   1   9.3e-17   5.5e-15   54.9   0.0    91   193   256   360   238   370 0.87 transcript=FGIG_02765 gene=FGIG_02765
FGIG_00574           -            659 366936at33208        -            236     1e-15   57.4   0.0   1   1   2.6e-17   1.5e-15   56.7   0.0     3   192   317   515   315   545 0.80 transcript=FGIG_00574 gene=FGIG_00574
FGIG_06125           -            321 366936at33208        -            236   1.9e-15   56.4   0.1   1   1   4.5e-17   2.7e-15   56.0   0.1     3   207    43   251    41   280 0.79 transcript=FGIG_06125 gene=FGIG_06125
FGIG_00113           -           1674 366936at33208        -            236     2e-15   56.4   0.0   1   1   3.2e-16   1.9e-14   53.2   0.0     8   201  1010  1225  1005  1255 0.79 transcript=FGIG_00113 gene=FGIG_00113
FGIG_02050           -            336 366936at33208        -            236   2.4e-15   56.1   0.0   1   1   5.3e-17   3.2e-15   55.7   0.0     2   187    30   226    29   260 0.81 transcript=FGIG_02050 gene=FGIG_02050
FGIG_03827           -           1391 366936at33208        -            236   2.7e-15   56.0   0.2   1   1   8.5e-17   5.1e-15   55.0   0.2     2   210     6   223     5   246 0.69 transcript=FGIG_03827 gene=FGIG_03827
FGIG_06634           -            211 366936at33208        -            236   3.4e-15   55.6   0.0   1   1   8.3e-17   4.9e-15   55.1   0.0    50   181     4   147     2   157 0.79 transcript=FGIG_06634 gene=FGIG_06634
FGIG_11563           -            434 366936at33208        -            236   3.5e-15   55.6   0.0   1   1   9.7e-17   5.8e-15   54.9   0.0     6   207    85   293    81   305 0.78 transcript=FGIG_11563 gene=FGIG_11563
FGIG_10563           -            550 366936at33208        -            236   6.8e-15   54.6   0.0   1   1   1.7e-16     1e-14   54.0   0.0     9   229   246   472   238   476 0.79 transcript=FGIG_10563 gene=FGIG_10563
FGIG_10057           -           1049 366936at33208        -            236   8.2e-15   54.4   0.0   1   1   2.6e-16   1.5e-14   53.5   0.0     7   140   857  1001   851  1024 0.82 transcript=FGIG_10057 gene=FGIG_10057
FGIG_04921           -            506 366936at33208        -            236   8.3e-15   54.3   0.1   1   1     4e-16   2.4e-14   52.9   0.1     3   195     9   223     7   241 0.74 transcript=FGIG_04921 gene=FGIG_04921
FGIG_00128           -            222 366936at33208        -            236   8.7e-15   54.3   0.0   1   1   1.8e-16   1.1e-14   54.0   0.0    89   207     7   122     2   146 0.84 transcript=FGIG_00128 gene=FGIG_00128
FGIG_07602           -            381 366936at33208        -            236     2e-14   53.1   2.0   1   1   5.5e-16   3.3e-14   52.4   2.0     2   120   123   249   122   258 0.89 transcript=FGIG_07602 gene=FGIG_07602
FGIG_00971           -            546 366936at33208        -            236   2.7e-14   52.7   0.0   1   2   1.3e-10   7.6e-09   34.8   0.0     8   127    53   184    46   191 0.80 transcript=FGIG_00971 gene=FGIG_00971
FGIG_00971           -            546 366936at33208        -            236   2.7e-14   52.7   0.0   2   2   0.00011    0.0065   15.4   0.0   131   209   335   414   316   423 0.86 transcript=FGIG_00971 gene=FGIG_00971
FGIG_06861           -            934 366936at33208        -            236   3.3e-14   52.4   0.4   1   2   0.00015    0.0091   14.9   0.2    92   125    70   103    28   116 0.68 transcript=FGIG_06861 gene=FGIG_06861
FGIG_06861           -            934 366936at33208        -            236   3.3e-14   52.4   0.4   2   2   8.5e-11     5e-09   35.4   0.0   132   207   142   212   115   237 0.76 transcript=FGIG_06861 gene=FGIG_06861
FGIG_11024           -            224 366936at33208        -            236   3.3e-14   52.4   0.0   1   1   6.8e-16   4.1e-14   52.1   0.0    55   192     4   146     1   161 0.80 transcript=FGIG_11024 gene=FGIG_11024
FGIG_01837           -            531 366936at33208        -            236   4.1e-14   52.1   0.1   1   2     6e-11   3.6e-09   35.9   0.1     6   140    25   165    20   170 0.78 transcript=FGIG_01837 gene=FGIG_01837
FGIG_01837           -            531 366936at33208        -            236   4.1e-14   52.1   0.1   2   2    0.0003     0.018   14.0   0.0   155   205   303   350   293   377 0.75 transcript=FGIG_01837 gene=FGIG_01837
FGIG_07918           -            636 366936at33208        -            236   4.5e-14   52.0   0.0   1   1   1.3e-15   7.5e-14   51.2   0.0     8   193   196   391   189   436 0.82 transcript=FGIG_07918 gene=FGIG_07918
FGIG_02306           -            837 366936at33208        -            236   4.5e-14   51.9   0.0   1   1   1.4e-15   8.6e-14   51.0   0.0    32   192   220   377   194   386 0.78 transcript=FGIG_02306 gene=FGIG_02306
FGIG_05044           -            489 366936at33208        -            236   8.8e-14   51.0   0.0   1   1   2.6e-15   1.5e-13   50.2   0.0    89   213    33   156    23   187 0.84 transcript=FGIG_05044 gene=FGIG_05044
FGIG_05757           -            308 366936at33208        -            236   9.4e-14   50.9   0.0   1   1     2e-15   1.2e-13   50.5   0.0    91   197    53   157     6   187 0.80 transcript=FGIG_05757 gene=FGIG_05757
FGIG_03148           -            634 366936at33208        -            236   1.7e-13   50.1   0.0   1   1   5.6e-15   3.3e-13   49.1   0.0    47   193   390   545   346   553 0.77 transcript=FGIG_03148 gene=FGIG_03148
FGIG_03624           -           2397 366936at33208        -            236   2.3e-13   49.6   0.4   1   1   3.3e-14     2e-12   46.6   0.4     3   210   995  1227   993  1248 0.70 transcript=FGIG_03624 gene=FGIG_03624
FGIG_06880           -            579 366936at33208        -            236   2.8e-13   49.4   0.0   1   1   8.1e-15   4.8e-13   48.6   0.0     6   229   181   407   177   412 0.80 transcript=FGIG_06880 gene=FGIG_06880
FGIG_03692           -           1108 366936at33208        -            236   2.9e-13   49.3   0.0   1   1   7.7e-15   4.6e-13   48.7   0.0    95   192    25   121     9   156 0.84 transcript=FGIG_03692 gene=FGIG_03692
FGIG_01782           -           1321 366936at33208        -            236   4.9e-13   48.6   0.0   1   1   1.5e-14   9.2e-13   47.7   0.0     8   216   999  1216   993  1233 0.78 transcript=FGIG_01782 gene=FGIG_01782
FGIG_10605           -            501 366936at33208        -            236   6.2e-13   48.2   0.0   1   1     2e-14   1.2e-12   47.3   0.0     8   187   227   423   221   444 0.78 transcript=FGIG_10605 gene=FGIG_10605
FGIG_10090           -            335 366936at33208        -            236   9.2e-13   47.7   0.0   1   2   3.1e-05    0.0019   17.2   0.0     8    82    87   161    82   176 0.84 transcript=FGIG_10090 gene=FGIG_10090
FGIG_10090           -            335 366936at33208        -            236   9.2e-13   47.7   0.0   2   2   1.2e-08   7.4e-07   28.3   0.0    99   186   203   292   191   303 0.85 transcript=FGIG_10090 gene=FGIG_10090
FGIG_07936           -            235 366936at33208        -            236   1.5e-12   47.0   0.0   1   1   3.8e-14   2.2e-12   46.4   0.0   149   210    12    73     8    92 0.83 transcript=FGIG_07936 gene=FGIG_07936
FGIG_12170           -            437 366936at33208        -            236   1.6e-12   46.9   0.1   1   1   4.6e-14   2.8e-12   46.1   0.1    22   187   259   431   237   436 0.73 transcript=FGIG_12170 gene=FGIG_12170
FGIG_09959           -            476 366936at33208        -            236   1.6e-12   46.9   0.0   1   2   1.3e-11   7.8e-10   38.1   0.0    96   140   222   266   201   279 0.92 transcript=FGIG_09959 gene=FGIG_09959
FGIG_09959           -            476 366936at33208        -            236   1.6e-12   46.9   0.0   2   2     0.057       3.4    6.5   0.0   153   190   326   366   315   409 0.84 transcript=FGIG_09959 gene=FGIG_09959
FGIG_03075           -           1123 366936at33208        -            236   1.7e-12   46.8   0.1   1   1   5.8e-14   3.4e-12   45.8   0.1     9   138   830   968   826   978 0.79 transcript=FGIG_03075 gene=FGIG_03075
FGIG_08585           -            217 366936at33208        -            236     3e-12   46.0   0.1   1   1   1.5e-13   9.1e-12   44.4   0.0    98   147     1    51     1    63 0.93 transcript=FGIG_08585 gene=FGIG_08585
FGIG_10596           -            328 366936at33208        -            236   4.4e-12   45.4   0.0   1   1     1e-13   6.2e-12   44.9   0.0     4   202    84   295    81   323 0.81 transcript=FGIG_10596 gene=FGIG_10596
FGIG_03229           -           3073 366936at33208        -            236   5.7e-12   45.1   1.7   1   1   1.5e-12   8.7e-11   41.2   1.7     2   204  2687  2915  2686  2923 0.73 transcript=FGIG_03229 gene=FGIG_03229
FGIG_03348           -           1071 366936at33208        -            236   6.8e-12   44.8   0.5   1   3     0.016      0.93    8.4   0.0     8    89   194   280   190   305 0.76 transcript=FGIG_03348 gene=FGIG_03348
FGIG_03348           -           1071 366936at33208        -            236   6.8e-12   44.8   0.5   2   3     1e-08     6e-07   28.6   0.1    82   126   398   442   367   450 0.83 transcript=FGIG_03348 gene=FGIG_03348
FGIG_03348           -           1071 366936at33208        -            236   6.8e-12   44.8   0.5   3   3      0.35        21    3.9   0.0   130   194   492   560   480   592 0.77 transcript=FGIG_03348 gene=FGIG_03348
FGIG_02714           -            529 366936at33208        -            236   7.6e-12   44.7   0.0   1   1   2.3e-13   1.4e-11   43.8   0.0    90   190   366   467   356   487 0.84 transcript=FGIG_02714 gene=FGIG_02714
FGIG_02712           -            278 366936at33208        -            236   7.8e-12   44.6   0.0   1   1   1.7e-13     1e-11   44.2   0.0    98   195    45   141    12   154 0.83 transcript=FGIG_02712 gene=FGIG_02712
FGIG_08435           -            699 366936at33208        -            236   8.7e-12   44.5   0.1   1   2   2.8e-07   1.7e-05   23.9   0.0     3    94   467   558   465   562 0.88 transcript=FGIG_08435 gene=FGIG_08435
FGIG_08435           -            699 366936at33208        -            236   8.7e-12   44.5   0.1   2   2   1.4e-05   0.00082   18.4   0.0    97   141   582   625   576   657 0.83 transcript=FGIG_08435 gene=FGIG_08435
FGIG_06918           -           1274 366936at33208        -            236   1.3e-11   43.9   0.0   1   1   1.8e-12   1.1e-10   40.9   0.0     8   190   382   589   378   607 0.72 transcript=FGIG_06918 gene=FGIG_06918
FGIG_00344           -           1019 366936at33208        -            236   2.1e-11   43.2   0.0   1   1     9e-13   5.4e-11   41.9   0.0    97   192   791   885   785   899 0.92 transcript=FGIG_00344 gene=FGIG_00344
FGIG_01273           -            789 366936at33208        -            236   5.3e-11   41.9   0.0   1   1   1.6e-12   9.3e-11   41.1   0.0     9   187   501   689   496   712 0.73 transcript=FGIG_01273 gene=FGIG_01273
FGIG_03273           -            293 366936at33208        -            236   6.3e-11   41.6   0.6   1   1   1.6e-12   9.3e-11   41.1   0.6     2   141    81   229    80   238 0.86 transcript=FGIG_03273 gene=FGIG_03273
FGIG_10749           -            617 366936at33208        -            236   9.1e-11   41.1   0.1   1   1   8.8e-12   5.3e-10   38.6   0.1     8   192    51   260    46   266 0.65 transcript=FGIG_10749 gene=FGIG_10749
FGIG_08442           -            101 366936at33208        -            236     1e-10   40.9   0.1   1   1   1.9e-12   1.1e-10   40.8   0.1    97   140    27    70    12    87 0.87 transcript=FGIG_08442 gene=FGIG_08442
FGIG_06184           -            548 366936at33208        -            236   1.4e-10   40.5   0.0   1   1   8.2e-12   4.9e-10   38.7   0.0     6   197   283   480   278   493 0.74 transcript=FGIG_06184 gene=FGIG_06184
FGIG_06701           -            683 366936at33208        -            236   1.9e-10   40.1   0.0   1   1   4.7e-12   2.8e-10   39.5   0.0     4   195   250   446   247   463 0.78 transcript=FGIG_06701 gene=FGIG_06701
FGIG_03973           -            539 366936at33208        -            236   2.1e-10   39.9   0.0   1   1   5.9e-12   3.5e-10   39.2   0.0    91   207    27   141    13   162 0.73 transcript=FGIG_03973 gene=FGIG_03973
FGIG_08418           -            619 366936at33208        -            236   2.6e-10   39.7   0.1   1   1   2.3e-10   1.4e-08   34.0   0.1    13   140    14   144     5   233 0.65 transcript=FGIG_08418 gene=FGIG_08418
FGIG_12612           -            316 366936at33208        -            236   3.1e-10   39.4   0.0   1   1   8.1e-12   4.8e-10   38.8   0.0    96   142   148   194   126   199 0.91 transcript=FGIG_12612 gene=FGIG_12612
FGIG_08254           -           1026 366936at33208        -            236   4.2e-10   39.0   0.0   1   1   1.3e-11   7.5e-10   38.1   0.0     8   145   593   738   587   740 0.83 transcript=FGIG_08254 gene=FGIG_08254
FGIG_02853           -            866 366936at33208        -            236   4.4e-10   38.9   0.0   1   1   1.2e-11   7.4e-10   38.1   0.0     9   186   608   794   602   817 0.72 transcript=FGIG_02853 gene=FGIG_02853
FGIG_08957           -            912 366936at33208        -            236   5.3e-10   38.6   0.0   1   1   1.6e-11   9.6e-10   37.8   0.0    16   192   103   288    90   303 0.68 transcript=FGIG_08957 gene=FGIG_08957
FGIG_11454           -            357 366936at33208        -            236   6.3e-10   38.4   0.0   1   2   2.6e-10   1.5e-08   33.8   0.0    68   140     5    82     1    89 0.75 transcript=FGIG_11454 gene=FGIG_11454
FGIG_11454           -            357 366936at33208        -            236   6.3e-10   38.4   0.0   2   2       1.3        77    2.1   0.0   170   200   131   161   117   191 0.75 transcript=FGIG_11454 gene=FGIG_11454
FGIG_05899           -            248 366936at33208        -            236   1.1e-09   37.6   0.0   1   1     3e-11   1.8e-09   36.9   0.0   101   228    68   197    57   206 0.76 transcript=FGIG_05899 gene=FGIG_05899
FGIG_10234           -            426 366936at33208        -            236   1.2e-09   37.4   0.2   1   2     0.057       3.4    6.5   0.0     3    38    18    53    16    69 0.88 transcript=FGIG_10234 gene=FGIG_10234
FGIG_10234           -            426 366936at33208        -            236   1.2e-09   37.4   0.2   2   2   8.1e-09   4.8e-07   28.9   0.2    88   145   111   172    85   182 0.81 transcript=FGIG_10234 gene=FGIG_10234
FGIG_08095           -            219 366936at33208        -            236   1.3e-09   37.4   0.0   1   1   2.7e-11   1.6e-09   37.0   0.0    91   210    21   145     9   168 0.74 transcript=FGIG_08095 gene=FGIG_08095
FGIG_10288           -            555 366936at33208        -            236   1.4e-09   37.3   0.0   1   1   1.8e-09   1.1e-07   31.1   0.0     6   203   237   460   232   473 0.70 transcript=FGIG_10288 gene=FGIG_10288
FGIG_10033           -            952 366936at33208        -            236   1.7e-09   37.0   0.4   1   2    0.0093      0.55    9.1   0.1    48    83   282   319   278   329 0.83 transcript=FGIG_10033 gene=FGIG_10033
FGIG_10033           -            952 366936at33208        -            236   1.7e-09   37.0   0.4   2   2     8e-08   4.7e-06   25.7   0.0   100   200   384   483   373   501 0.79 transcript=FGIG_10033 gene=FGIG_10033
FGIG_09085           -            353 366936at33208        -            236   2.6e-09   36.4   0.0   1   1   6.3e-11   3.7e-09   35.8   0.0    61   141    23   120     7   133 0.67 transcript=FGIG_09085 gene=FGIG_09085
FGIG_07533           -            170 366936at33208        -            236   3.2e-09   36.1   1.1   1   1   7.3e-11   4.4e-09   35.6   1.1     8   114    21   135    15   169 0.85 transcript=FGIG_07533 gene=FGIG_07533
FGIG_02572           -           1292 366936at33208        -            236   4.1e-09   35.7   0.3   1   3    0.0024      0.14   11.0   0.1    53   125   786   869   778   885 0.76 transcript=FGIG_02572 gene=FGIG_02572
FGIG_02572           -           1292 366936at33208        -            236   4.1e-09   35.7   0.3   2   3     0.024       1.5    7.7   0.0   128   188   898   968   882   992 0.74 transcript=FGIG_02572 gene=FGIG_02572
FGIG_02572           -           1292 366936at33208        -            236   4.1e-09   35.7   0.3   3   3   0.00081     0.048   12.6   0.0     6    73  1148  1220  1143  1225 0.79 transcript=FGIG_02572 gene=FGIG_02572
FGIG_00327           -            379 366936at33208        -            236   4.8e-09   35.5   0.0   1   2   0.00067      0.04   12.8   0.0     8    65    41    97    36   111 0.82 transcript=FGIG_00327 gene=FGIG_00327
FGIG_00327           -            379 366936at33208        -            236   4.8e-09   35.5   0.0   2   2   3.1e-06   0.00018   20.5   0.0    93   141   144   194   135   202 0.87 transcript=FGIG_00327 gene=FGIG_00327
FGIG_08734           -           1286 366936at33208        -            236   4.9e-09   35.5   0.0   1   1   1.9e-10   1.1e-08   34.3   0.0     3   206    74   288    72   311 0.77 transcript=FGIG_08734 gene=FGIG_08734
FGIG_00942           -            321 366936at33208        -            236   6.5e-09   35.1   0.0   1   1   1.7e-10   9.9e-09   34.5   0.0     4   142    28   178    25   186 0.77 transcript=FGIG_00942 gene=FGIG_00942
FGIG_09449           -            756 366936at33208        -            236   7.3e-09   34.9   0.0   1   1     2e-10   1.2e-08   34.2   0.0    96   189   155   247    52   258 0.89 transcript=FGIG_09449 gene=FGIG_09449
FGIG_06469           -           1416 366936at33208        -            236   1.1e-08   34.3   0.0   1   2   7.9e-06   0.00047   19.1   0.0    50   122  1085  1167  1080  1179 0.73 transcript=FGIG_06469 gene=FGIG_06469
FGIG_06469           -           1416 366936at33208        -            236   1.1e-08   34.3   0.0   2   2    0.0019      0.11   11.4   0.0   120   191  1189  1264  1166  1286 0.77 transcript=FGIG_06469 gene=FGIG_06469
FGIG_05120           -           1930 366936at33208        -            236   2.1e-08   33.4   0.0   1   1   6.2e-10   3.7e-08   32.6   0.0     2   201    81   298    80   329 0.76 transcript=FGIG_05120 gene=FGIG_05120
FGIG_11852           -            210 366936at33208        -            236   2.4e-08   33.2   0.2   1   1   6.9e-10   4.1e-08   32.4   0.2     4   134    58   199    55   207 0.81 transcript=FGIG_11852 gene=FGIG_11852
FGIG_03749           -           1124 366936at33208        -            236   2.5e-08   33.2   0.1   1   2   3.8e-05    0.0023   16.9   0.1    93   126    26    60     9    74 0.89 transcript=FGIG_03749 gene=FGIG_03749
FGIG_03749           -           1124 366936at33208        -            236   2.5e-08   33.2   0.1   2   2   0.00039     0.023   13.6   0.0   128   194   551   612   543   634 0.84 transcript=FGIG_03749 gene=FGIG_03749
FGIG_03518           -            283 366936at33208        -            236   3.5e-08   32.6   0.0   1   1   8.2e-10   4.9e-08   32.2   0.0   109   197    37   121    18   153 0.78 transcript=FGIG_03518 gene=FGIG_03518
FGIG_08892           -            564 366936at33208        -            236   3.8e-08   32.5   0.0   1   2   3.3e-07   1.9e-05   23.7   0.0     9   142   236   378   231   390 0.71 transcript=FGIG_08892 gene=FGIG_08892
FGIG_08892           -            564 366936at33208        -            236   3.8e-08   32.5   0.0   2   2     0.061       3.6    6.4   0.0   167   211   453   497   438   508 0.87 transcript=FGIG_08892 gene=FGIG_08892
FGIG_00821           -            235 366936at33208        -            236   4.2e-08   32.4   0.1   1   1   1.2e-09   7.1e-08   31.7   0.1     6   140    42   185    37   192 0.72 transcript=FGIG_00821 gene=FGIG_00821
FGIG_06326           -            622 366936at33208        -            236     7e-08   31.7   0.0   1   1   1.8e-09   1.1e-07   31.0   0.0    95   189   360   459   344   476 0.76 transcript=FGIG_06326 gene=FGIG_06326
FGIG_11020           -            573 366936at33208        -            236     8e-08   31.5   0.0   1   1   3.7e-09   2.2e-07   30.0   0.0     9   181    67   259    61   272 0.66 transcript=FGIG_11020 gene=FGIG_11020
FGIG_03863           -            603 366936at33208        -            236   1.5e-07   30.6   0.0   1   1   4.2e-09   2.5e-07   29.9   0.0    96   190    23   118    16   134 0.72 transcript=FGIG_03863 gene=FGIG_03863
FGIG_02339           -           4605 366936at33208        -            236   1.6e-07   30.5   0.1   1   1   5.9e-09   3.5e-07   29.4   0.1    32   128  3853  3955  3822  3963 0.76 transcript=FGIG_02339 gene=FGIG_02339
FGIG_10132           -           1242 366936at33208        -            236     2e-07   30.2   0.0   1   1   1.1e-08   6.5e-07   28.5   0.0     8   183   968  1149   965  1163 0.70 transcript=FGIG_10132 gene=FGIG_10132
FGIG_05439           -            477 366936at33208        -            236   4.1e-07   29.2   0.0   1   1     1e-08   5.9e-07   28.6   0.0   114   193     4    82     1    93 0.92 transcript=FGIG_05439 gene=FGIG_05439
FGIG_05679           -           1696 366936at33208        -            236   6.4e-07   28.5   0.0   1   1   1.8e-08   1.1e-06   27.8   0.0     5   141  1507  1652  1503  1659 0.80 transcript=FGIG_05679 gene=FGIG_05679
FGIG_06840           -            811 366936at33208        -            236   6.8e-07   28.4   0.0   1   1   2.2e-08   1.3e-06   27.5   0.0    99   206   526   634   519   657 0.78 transcript=FGIG_06840 gene=FGIG_06840
FGIG_06669           -            490 366936at33208        -            236     1e-06   27.9   0.0   1   1   2.7e-08   1.6e-06   27.2   0.0    96   192    51   148    33   166 0.79 transcript=FGIG_06669 gene=FGIG_06669
FGIG_00783           -            588 366936at33208        -            236   1.2e-06   27.7   0.0   1   1     4e-08   2.4e-06   26.7   0.0    79   142   147   212   120   219 0.81 transcript=FGIG_00783 gene=FGIG_00783
FGIG_06944           -            929 366936at33208        -            236     2e-06   26.9   0.0   1   2     0.031       1.9    7.4   0.0    44    90   252   300   211   305 0.74 transcript=FGIG_06944 gene=FGIG_06944
FGIG_06944           -            929 366936at33208        -            236     2e-06   26.9   0.0   2   2   3.9e-05    0.0023   16.9   0.0    97   198   377   483   372   518 0.72 transcript=FGIG_06944 gene=FGIG_06944
FGIG_04890           -           2508 366936at33208        -            236     4e-06   25.9   0.0   1   2      0.23        14    4.5   0.0    12    40  2147  2175  2143  2181 0.89 transcript=FGIG_04890 gene=FGIG_04890
FGIG_04890           -           2508 366936at33208        -            236     4e-06   25.9   0.0   2   2   1.1e-05   0.00066   18.7   0.0    49   125  2212  2295  2194  2300 0.72 transcript=FGIG_04890 gene=FGIG_04890
FGIG_01339           -            618 366936at33208        -            236   4.6e-06   25.7   0.0   1   1   1.4e-07   8.1e-06   24.9   0.0    27   139   343   462   326   515 0.83 transcript=FGIG_01339 gene=FGIG_01339
FGIG_03641           -            182 366936at33208        -            236   6.3e-06   25.3   0.0   1   2      0.37        22    3.9   0.0    48    76    10    38     5    44 0.81 transcript=FGIG_03641 gene=FGIG_03641
FGIG_03641           -            182 366936at33208        -            236   6.3e-06   25.3   0.0   2   2   6.4e-06   0.00038   19.5   0.0    99   142    84   132    70   143 0.82 transcript=FGIG_03641 gene=FGIG_03641
FGIG_00882           -           1511 366936at33208        -            236   6.3e-06   25.3   0.8   1   1   6.1e-07   3.6e-05   22.8   0.8     9   142  1197  1351  1190  1358 0.71 transcript=FGIG_00882 gene=FGIG_00882
FGIG_00739           -           1259 366936at33208        -            236     1e-05   24.6   0.0   1   1   2.8e-07   1.7e-05   23.9   0.0   115   188    11    83     2   108 0.84 transcript=FGIG_00739 gene=FGIG_00739
FGIG_06073           -            196 366936at33208        -            236     1e-05   24.6   0.0   1   1   2.4e-07   1.4e-05   24.1   0.0   117   203     2    89     1   103 0.82 transcript=FGIG_06073 gene=FGIG_06073
FGIG_01296           -           1226 366936at33208        -            236   1.3e-05   24.2   0.0   1   1   1.5e-06     9e-05   21.5   0.0    95   213   898  1023   783  1034 0.67 transcript=FGIG_01296 gene=FGIG_01296
FGIG_08670           -            611 366936at33208        -            236   2.2e-05   23.5   0.1   1   1   6.7e-07     4e-05   22.7   0.1    95   142   108   158    90   170 0.81 transcript=FGIG_08670 gene=FGIG_08670
FGIG_00232           -            207 366936at33208        -            236   3.2e-05   23.0   0.1   1   1   7.7e-07   4.6e-05   22.5   0.1     3   117    54   178    52   193 0.74 transcript=FGIG_00232 gene=FGIG_00232
FGIG_07534           -            381 366936at33208        -            236     4e-05   22.7   0.2   1   2      0.58        35    3.2   0.0    40    75    91   126    68   133 0.76 transcript=FGIG_07534 gene=FGIG_07534
FGIG_07534           -            381 366936at33208        -            236     4e-05   22.7   0.2   2   2   5.8e-05    0.0034   16.3   0.0    99   142   173   221   163   232 0.82 transcript=FGIG_07534 gene=FGIG_07534
FGIG_09179           -            137 366936at33208        -            236   4.1e-05   22.6   0.1   1   1   7.9e-07   4.7e-05   22.4   0.1    83   162    28   106    10   119 0.77 transcript=FGIG_09179 gene=FGIG_09179
FGIG_00539           -            209 366936at33208        -            236   4.3e-05   22.5   0.0   1   1     1e-06     6e-05   22.1   0.0    72   137     3    76     1    91 0.80 transcript=FGIG_00539 gene=FGIG_00539
FGIG_06290           -            294 366936at33208        -            236     6e-05   22.1   0.1   1   2   0.00031     0.018   13.9   0.0    91   138   144   192   130   196 0.86 transcript=FGIG_06290 gene=FGIG_06290
FGIG_06290           -            294 366936at33208        -            236     6e-05   22.1   0.1   2   2       0.1         6    5.7   0.0   160   198   240   278   230   286 0.79 transcript=FGIG_06290 gene=FGIG_06290
FGIG_12622           -            124 366936at33208        -            236   6.9e-05   21.9   0.0   1   1   1.2e-06   7.3e-05   21.8   0.0   121   206     2    87     1   114 0.86 transcript=FGIG_12622 gene=FGIG_12622
FGIG_02450           -            717 366936at33208        -            236   8.3e-05   21.6   0.0   1   1   3.2e-06   0.00019   20.4   0.0   112   188   433   519   407   559 0.80 transcript=FGIG_02450 gene=FGIG_02450
FGIG_05129           -            618 366936at33208        -            236   8.4e-05   21.6   0.0   1   1   2.5e-06   0.00015   20.8   0.0   112   187   330   411   324   417 0.82 transcript=FGIG_05129 gene=FGIG_05129
FGIG_07529           -            449 366936at33208        -            236    0.0001   21.3   0.0   1   1   4.3e-06   0.00026   20.0   0.0    92   188   112   208     8   230 0.69 transcript=FGIG_07529 gene=FGIG_07529
FGIG_12057           -            127 366936at33208        -            236   0.00011   21.3   0.0   1   2     2e-05    0.0012   17.9   0.0    93   138    35    80    29    84 0.86 transcript=FGIG_12057 gene=FGIG_12057
FGIG_12057           -            127 366936at33208        -            236   0.00011   21.3   0.0   2   2       1.9   1.2e+02    1.5   0.0   129   141    92   104    77   115 0.85 transcript=FGIG_12057 gene=FGIG_12057
FGIG_06620           -            312 366936at33208        -            236   0.00012   21.1   0.1   1   1     3e-06   0.00018   20.5   0.1    88   143    61   119    41   134 0.80 transcript=FGIG_06620 gene=FGIG_06620
FGIG_02699           -           1486 366936at33208        -            236   0.00013   21.0   0.0   1   1     5e-06    0.0003   19.8   0.0    93   153   313   373   257   434 0.70 transcript=FGIG_02699 gene=FGIG_02699
FGIG_11923           -            112 366936at33208        -            236   0.00028   19.9   0.0   1   1   5.2e-06   0.00031   19.8   0.0    12    83    35   105    20   111 0.80 transcript=FGIG_11923 gene=FGIG_11923
FGIG_07030           -            452 366936at33208        -            236   0.00029   19.9   0.0   1   2       2.4   1.4e+02    1.2   0.0     4    32    18    46    15    53 0.89 transcript=FGIG_07030 gene=FGIG_07030
FGIG_07030           -            452 366936at33208        -            236   0.00029   19.9   0.0   2   2   7.9e-05    0.0047   15.9   0.0    89   142   111   167    99   177 0.80 transcript=FGIG_07030 gene=FGIG_07030
FGIG_11561           -             98 366936at33208        -            236   0.00041   19.3   0.0   1   2    0.0033       0.2   10.6   0.0     7    33    15    41    11    46 0.90 transcript=FGIG_11561 gene=FGIG_11561
FGIG_11561           -             98 366936at33208        -            236   0.00041   19.3   0.0   2   2     0.033       1.9    7.3   0.0    58    84    47    73    41    86 0.86 transcript=FGIG_11561 gene=FGIG_11561
FGIG_01202           -           1486 366936at33208        -            236   0.00042   19.3   0.0   1   1   1.2e-05   0.00071   18.6   0.0     9   186    24   214    18   223 0.64 transcript=FGIG_01202 gene=FGIG_01202
FGIG_04834           -            592 366936at33208        -            236    0.0005   19.1   0.0   1   1   3.6e-05    0.0021   17.0   0.0    99   126   167   194   162   207 0.88 transcript=FGIG_04834 gene=FGIG_04834
FGIG_04944           -            833 366936at33208        -            236   0.00052   19.0   0.0   1   1   1.6e-05   0.00098   18.1   0.0    99   204   612   717   601   733 0.79 transcript=FGIG_04944 gene=FGIG_04944
FGIG_02603           -            328 366936at33208        -            236   0.00055   18.9   0.0   1   1   1.8e-05     0.001   18.0   0.0    93   185   134   239   121   248 0.77 transcript=FGIG_02603 gene=FGIG_02603
FGIG_12408           -            197 366936at33208        -            236   0.00064   18.7   0.0   1   1   1.8e-05    0.0011   18.0   0.0   117   142     1    26     1    32 0.94 transcript=FGIG_12408 gene=FGIG_12408
FGIG_04782           -           1214 366936at33208        -            236   0.00083   18.3   0.0   1   1   2.5e-05    0.0015   17.5   0.0    27   164   610   755   595   787 0.72 transcript=FGIG_04782 gene=FGIG_04782
FGIG_13989           -            652 366936at33208        -            236   0.00085   18.3   0.1   1   1   3.2e-05    0.0019   17.2   0.1    94   139   602   648   552   651 0.92 transcript=FGIG_13989 gene=FGIG_13989
FGIG_02883           -            433 366936at33208        -            236   0.00086   18.3   0.1   1   1   2.7e-05    0.0016   17.4   0.1     7    66   370   427   364   431 0.87 transcript=FGIG_02883 gene=FGIG_02883
FGIG_00808           -           1490 366936at33208        -            236   0.00091   18.2   0.0   1   1   2.8e-05    0.0016   17.4   0.0    92   144   364   421   291   425 0.63 transcript=FGIG_00808 gene=FGIG_00808
FGIG_06128           -            299 366936at33208        -            236    0.0012   17.8   0.0   1   1   2.8e-05    0.0017   17.4   0.0   152   188     2    38     1    84 0.69 transcript=FGIG_06128 gene=FGIG_06128
FGIG_03972           -            192 366936at33208        -            236    0.0015   17.5   0.0   1   1   3.7e-05    0.0022   17.0   0.0     8    80   121   191   115   192 0.92 transcript=FGIG_03972 gene=FGIG_03972
FGIG_11463           -            108 366936at33208        -            236    0.0016   17.4   0.0   1   1   3.1e-05    0.0018   17.2   0.0     2    63    35    96    34   104 0.94 transcript=FGIG_11463 gene=FGIG_11463
FGIG_08121           -           1196 366936at33208        -            236    0.0018   17.2   0.0   1   1   5.4e-05    0.0032   16.4   0.0    97   145    14    66     5    75 0.83 transcript=FGIG_08121 gene=FGIG_08121
FGIG_05267           -            472 366936at33208        -            236     0.002   17.1   0.0   1   2       1.1        65    2.3   0.0     8    84    86   172    79   188 0.65 transcript=FGIG_05267 gene=FGIG_05267
FGIG_05267           -            472 366936at33208        -            236     0.002   17.1   0.0   2   2    0.0008     0.047   12.6   0.0    98   140   256   298   241   400 0.89 transcript=FGIG_05267 gene=FGIG_05267
FGIG_05715           -           1432 366936at33208        -            236    0.0022   17.0   0.0   1   2      0.03       1.8    7.4   0.0    35    69  1145  1179  1128  1196 0.74 transcript=FGIG_05715 gene=FGIG_05715
FGIG_05715           -           1432 366936at33208        -            236    0.0022   17.0   0.0   2   2     0.038       2.3    7.1   0.0   105   142  1283  1320  1270  1374 0.83 transcript=FGIG_05715 gene=FGIG_05715
FGIG_06666           -            397 366936at33208        -            236    0.0029   16.6   0.1   1   1   7.4e-05    0.0044   16.0   0.1     5   120   224   349   220   357 0.70 transcript=FGIG_06666 gene=FGIG_06666
FGIG_09295           -            185 366936at33208        -            236    0.0049   15.8   0.0   1   1   0.00011    0.0063   15.5   0.0   167   211    29    72    15    94 0.79 transcript=FGIG_09295 gene=FGIG_09295
FGIG_01167           -           1057 366936at33208        -            236    0.0077   15.2   0.0   1   1   0.00043     0.026   13.5   0.0    51   165    40   159    16   188 0.73 transcript=FGIG_01167 gene=FGIG_01167
FGIG_01999           -           1331 366936at33208        -            236    0.0077   15.2   0.0   1   1   0.00048     0.028   13.3   0.0   118   171     1    53     1    71 0.79 transcript=FGIG_01999 gene=FGIG_01999
FGIG_06072           -            184 366936at33208        -            236    0.0089   15.0   0.0   1   1   0.00021     0.012   14.5   0.0     8    95    55   142    50   151 0.87 transcript=FGIG_06072 gene=FGIG_06072
FGIG_08106           -            586 366936at33208        -            236     0.011   14.7   0.0   1   1   0.00031     0.018   14.0   0.0    97   141   149   194   132   218 0.78 transcript=FGIG_08106 gene=FGIG_08106
FGIG_08970           -            182 366936at33208        -            236     0.011   14.6   0.0   1   1   0.00028     0.016   14.1   0.0   166   207    35    76    15    83 0.84 transcript=FGIG_08970 gene=FGIG_08970
FGIG_07463           -            560 366936at33208        -            236     0.013   14.4   0.0   1   1    0.0004     0.024   13.6   0.0   112   139   312   339   272   351 0.86 transcript=FGIG_07463 gene=FGIG_07463
FGIG_05137           -           1165 366936at33208        -            236     0.013   14.4   0.0   1   1   0.00045     0.027   13.4   0.0     6   142    25   175    20   180 0.67 transcript=FGIG_05137 gene=FGIG_05137
FGIG_03674           -           1294 366936at33208        -            236     0.019   13.9   0.0   1   1   0.00063     0.037   12.9   0.0    97   140   655   705   558   710 0.79 transcript=FGIG_03674 gene=FGIG_03674
FGIG_02148           -            333 366936at33208        -            236     0.044   12.7   0.2   1   1    0.0027      0.16   10.8   0.1    94   135   129   170   111   191 0.77 transcript=FGIG_02148 gene=FGIG_02148
FGIG_10461           -            185 366936at33208        -            236     0.048   12.6   0.0   1   1    0.0012     0.072   12.0   0.0   157   213    15    69     7    92 0.73 transcript=FGIG_10461 gene=FGIG_10461
FGIG_06177           -            611 366936at33208        -            236       0.1   11.5   0.3   1   1    0.0042      0.25   10.2   0.0    89   140   139   191   130   204 0.83 transcript=FGIG_06177 gene=FGIG_06177
FGIG_05786           -            962 366936at33208        -            236      0.11   11.4   0.0   1   1    0.0033       0.2   10.6   0.0    80   164   334   418   313   434 0.84 transcript=FGIG_05786 gene=FGIG_05786
FGIG_06667           -            181 366936at33208        -            236      0.12   11.3   0.0   1   1    0.0028      0.17   10.8   0.0   116   140    27    51     2    58 0.79 transcript=FGIG_06667 gene=FGIG_06667
#
# Program:         hmmsearch
# Version:         3.4 (Aug 2023)
# Pipeline mode:   SEARCH
# Query file:      /users/40483456/busco_datasets/busco_downloads/lineages/metazoa_odb10/hmms/366936at33208.hmm
# Target file:     /users/40483456/protein/fasciola_gigantica.fa
# Option settings: hmmsearch --domtblout /users/40483456/busco/results_pro/fasciola_gigantica_busco/run_metazoa_odb10/hmmer_output/initial_run_results/366936at33208.out --cpu 1 /users/40483456/busco_datasets/busco_downloads/lineages/metazoa_odb10/hmms/366936at33208.hmm /users/40483456/protein/fasciola_gigantica.fa 
# Current dir:     /users/40483456
# Date:            Thu Jan 15 17:41:04 2026
# [ok]
