#                                                                            --- full sequence --- -------------- this domain -------------   hmm coord   ali coord   env coord
# target name        accession   tlen query name           accession   qlen   E-value  score  bias   #  of  c-Evalue  i-Evalue  score  bias  from    to  from    to  from    to  acc description of target
#------------------- ---------- ----- -------------------- ---------- ----- --------- ------ ----- --- --- --------- --------- ------ ----- ----- ----- ----- ----- ----- ----- ---- ---------------------
FGIG_08342           -            633 367551at33208        -            388  5.6e-139  463.1  11.8   1   1  1.1e-137  3.4e-135  450.7  11.8     2   378   117   571   116   582 0.88 transcript=FGIG_08342 gene=FGIG_08342
FGIG_05981           -            598 367551at33208        -            388   1.1e-78  264.7   2.5   1   2   7.9e-51   2.3e-48  164.8   0.2    12   211    26   238    15   249 0.85 transcript=FGIG_05981 gene=FGIG_05981
FGIG_05981           -            598 367551at33208        -            388   1.1e-78  264.7   2.5   2   2   4.1e-31   1.2e-28   99.9   0.2   226   329   281   388   276   403 0.89 transcript=FGIG_05981 gene=FGIG_05981
FGIG_08448           -            449 367551at33208        -            388   3.9e-76  256.2   0.0   1   1   1.7e-78   5.1e-76  255.8   0.0    12   386    22   427    12   429 0.81 transcript=FGIG_08448 gene=FGIG_08448
FGIG_09638           -            860 367551at33208        -            388   9.7e-74  248.3   0.1   1   1   5.4e-76   1.6e-73  247.6   0.1     9   333    49   384    39   391 0.90 transcript=FGIG_09638 gene=FGIG_09638
FGIG_02105           -           1036 367551at33208        -            388   4.4e-73  246.2   0.0   1   1   2.1e-75   6.2e-73  245.7   0.0    12   351   104   455    93   472 0.88 transcript=FGIG_02105 gene=FGIG_02105
FGIG_00641           -            522 367551at33208        -            388   1.5e-72  244.4   0.7   1   1     7e-75   2.1e-72  244.0   0.7    11   343    65   412    51   443 0.87 transcript=FGIG_00641 gene=FGIG_00641
FGIG_06845           -            584 367551at33208        -            388   1.1e-71  241.5   0.0   1   1   1.3e-73   3.9e-71  239.7   0.0    11   338   196   551   182   565 0.88 transcript=FGIG_06845 gene=FGIG_06845
FGIG_08208           -            778 367551at33208        -            388   2.2e-71  240.6   0.1   1   1     1e-73     3e-71  240.1   0.1    10   337   107   460   100   474 0.84 transcript=FGIG_08208 gene=FGIG_08208
FGIG_08710           -            465 367551at33208        -            388   2.2e-69  234.0   0.7   1   1   1.6e-71   4.8e-69  232.9   0.7     9   367    19   427    12   442 0.76 transcript=FGIG_08710 gene=FGIG_08710
FGIG_02504           -            629 367551at33208        -            388   3.5e-66  223.4   0.3   1   1   1.8e-68   5.2e-66  222.9   0.3     8   328   206   548   200   573 0.84 transcript=FGIG_02504 gene=FGIG_02504
FGIG_02516           -            390 367551at33208        -            388   3.9e-65  220.0   0.5   1   1   1.6e-67   4.7e-65  219.7   0.5    12   338    38   373    22   381 0.92 transcript=FGIG_02516 gene=FGIG_02516
FGIG_02070           -            369 367551at33208        -            388   4.2e-65  219.9   2.0   1   1   1.7e-67     5e-65  219.6   2.0     1   336     1   350     1   359 0.92 transcript=FGIG_02070 gene=FGIG_02070
FGIG_04482           -            402 367551at33208        -            388   1.9e-64  217.7   0.6   1   1   7.7e-67   2.3e-64  217.5   0.6    10   336    48   383    34   392 0.93 transcript=FGIG_04482 gene=FGIG_04482
FGIG_05102           -            432 367551at33208        -            388   3.9e-62  210.1   2.3   1   1   1.7e-64   5.1e-62  209.7   2.3    10   337    67   408    55   425 0.85 transcript=FGIG_05102 gene=FGIG_05102
FGIG_02604           -            494 367551at33208        -            388     5e-57  193.3   0.0   1   1     3e-59   8.7e-57  192.5   0.0    11   296   181   493   171   494 0.85 transcript=FGIG_02604 gene=FGIG_02604
FGIG_08766           -            998 367551at33208        -            388   1.1e-56  192.2   1.2   1   4   1.5e-27   4.5e-25   88.1   0.1    11   137   465   605   456   625 0.79 transcript=FGIG_08766 gene=FGIG_08766
FGIG_08766           -            998 367551at33208        -            388   1.1e-56  192.2   1.2   2   4       4.3   1.3e+03   -2.3   0.0   136   154   631   649   623   651 0.89 transcript=FGIG_08766 gene=FGIG_08766
FGIG_08766           -            998 367551at33208        -            388   1.1e-56  192.2   1.2   3   4   5.7e-23   1.7e-20   73.1   0.0   155   306   678   829   666   835 0.89 transcript=FGIG_08766 gene=FGIG_08766
FGIG_08766           -            998 367551at33208        -            388   1.1e-56  192.2   1.2   4   4   5.6e-09   1.7e-06   27.0   0.0   281   332   900   951   884   965 0.86 transcript=FGIG_08766 gene=FGIG_08766
FGIG_05026           -            710 367551at33208        -            388     2e-56  191.3   0.2   1   3   3.5e-34     1e-31  110.0   0.0    12   157    28   193    20   197 0.80 transcript=FGIG_05026 gene=FGIG_05026
FGIG_05026           -            710 367551at33208        -            388     2e-56  191.3   0.2   2   3     0.078        23    3.5   0.0   158   179   249   270   246   286 0.84 transcript=FGIG_05026 gene=FGIG_05026
FGIG_05026           -            710 367551at33208        -            388     2e-56  191.3   0.2   3   3   3.7e-23   1.1e-20   73.7   0.0   226   327   362   466   357   474 0.84 transcript=FGIG_05026 gene=FGIG_05026
FGIG_03461           -            646 367551at33208        -            388   8.8e-56  189.2   0.0   1   1   3.9e-58   1.1e-55  188.8   0.0     5   340     6   364     1   385 0.83 transcript=FGIG_03461 gene=FGIG_03461
FGIG_05217           -            499 367551at33208        -            388   3.2e-55  187.4   0.1   1   1   4.7e-57   1.4e-54  185.3   0.1    10   329    39   381    25   396 0.85 transcript=FGIG_05217 gene=FGIG_05217
FGIG_05085           -            588 367551at33208        -            388   6.5e-51  173.2   1.4   1   2   3.9e-37   1.1e-34  119.7   1.2     1   279     8   312     8   315 0.79 transcript=FGIG_05085 gene=FGIG_05085
FGIG_05085           -            588 367551at33208        -            388   6.5e-51  173.2   1.4   2   2   1.9e-16   5.5e-14   51.6   0.0   281   336   339   394   335   398 0.96 transcript=FGIG_05085 gene=FGIG_05085
FGIG_09269           -            735 367551at33208        -            388   7.5e-50  169.7   3.0   1   2   1.9e-34   5.5e-32  110.9   1.0    11   184   149   351   144   356 0.84 transcript=FGIG_09269 gene=FGIG_09269
FGIG_09269           -            735 367551at33208        -            388   7.5e-50  169.7   3.0   2   2   9.5e-18   2.8e-15   55.9   0.0   252   330   460   541   454   565 0.88 transcript=FGIG_09269 gene=FGIG_09269
FGIG_08975           -            432 367551at33208        -            388   6.3e-49  166.7   0.0   1   1   4.4e-51   1.3e-48  165.6   0.0    32   292     1   288     1   293 0.84 transcript=FGIG_08975 gene=FGIG_08975
FGIG_08113           -            506 367551at33208        -            388   3.9e-45  154.2   0.0   1   2   2.3e-14   6.7e-12   44.8   0.1    12    92   111   195    95   214 0.78 transcript=FGIG_08113 gene=FGIG_08113
FGIG_08113           -            506 367551at33208        -            388   3.9e-45  154.2   0.0   2   2   2.2e-33   6.4e-31  107.4   0.0   106   336   243   487   238   495 0.87 transcript=FGIG_08113 gene=FGIG_08113
FGIG_07269           -            749 367551at33208        -            388     4e-44  150.8   0.1   1   3     4e-11   1.2e-08   34.1   0.0    13    51    26    64    10    72 0.87 transcript=FGIG_07269 gene=FGIG_07269
FGIG_07269           -            749 367551at33208        -            388     4e-44  150.8   0.1   2   3     2e-14     6e-12   44.9   0.0    60   197   289   443   279   461 0.78 transcript=FGIG_07269 gene=FGIG_07269
FGIG_07269           -            749 367551at33208        -            388     4e-44  150.8   0.1   3   3   3.4e-21   9.9e-19   67.2   0.0   214   331   500   636   491   640 0.77 transcript=FGIG_07269 gene=FGIG_07269
FGIG_07647           -            453 367551at33208        -            388   2.6e-43  148.2   0.0   1   2   8.4e-18   2.5e-15   56.1   0.0    62   175    11   139     7   155 0.81 transcript=FGIG_07647 gene=FGIG_07647
FGIG_07647           -            453 367551at33208        -            388   2.6e-43  148.2   0.0   2   2   6.5e-28   1.9e-25   89.3   0.1   225   328   250   356   244   381 0.89 transcript=FGIG_07647 gene=FGIG_07647
FGIG_05705           -            681 367551at33208        -            388   2.7e-41  141.5   4.0   1   6   3.2e-14   9.4e-12   44.3   0.1    12    53    88   129    77   134 0.90 transcript=FGIG_05705 gene=FGIG_05705
FGIG_05705           -            681 367551at33208        -            388   2.7e-41  141.5   4.0   2   6       7.9   2.3e+03   -3.1   0.0    62    75   162   175   155   180 0.83 transcript=FGIG_05705 gene=FGIG_05705
FGIG_05705           -            681 367551at33208        -            388   2.7e-41  141.5   4.0   3   6    0.0011      0.32    9.6   0.0    95   158   228   295   220   324 0.76 transcript=FGIG_05705 gene=FGIG_05705
FGIG_05705           -            681 367551at33208        -            388   2.7e-41  141.5   4.0   4   6         1     3e+02   -0.2   0.0   158   180   325   347   299   356 0.84 transcript=FGIG_05705 gene=FGIG_05705
FGIG_05705           -            681 367551at33208        -            388   2.7e-41  141.5   4.0   5   6   2.7e-26     8e-24   84.0   0.0   211   340   422   556   402   582 0.88 transcript=FGIG_05705 gene=FGIG_05705
FGIG_05705           -            681 367551at33208        -            388   2.7e-41  141.5   4.0   6   6       3.3   9.8e+02   -1.9   0.0   327   350   606   629   578   639 0.72 transcript=FGIG_05705 gene=FGIG_05705
FGIG_08774           -            942 367551at33208        -            388   5.5e-41  140.5   0.0   1   1   3.7e-43   1.1e-40  139.5   0.0    11   198   377   580   368   586 0.85 transcript=FGIG_08774 gene=FGIG_08774
FGIG_07795           -            719 367551at33208        -            388   3.5e-40  137.9   0.0   1   1   3.3e-42   9.6e-40  136.4   0.0    10   328    82   431    68   453 0.82 transcript=FGIG_07795 gene=FGIG_07795
FGIG_10072           -            615 367551at33208        -            388   2.1e-36  125.4   0.0   1   2   7.4e-18   2.2e-15   56.2   0.1     4    82    37   126    34   154 0.76 transcript=FGIG_10072 gene=FGIG_10072
FGIG_10072           -            615 367551at33208        -            388   2.1e-36  125.4   0.0   2   2   4.2e-21   1.2e-18   66.9   0.0   250   333   157   244   139   257 0.90 transcript=FGIG_10072 gene=FGIG_10072
FGIG_11544           -            322 367551at33208        -            388   2.2e-35  122.1   1.8   1   2   2.2e-36   6.5e-34  117.2   0.5     3   187    45   242    43   249 0.88 transcript=FGIG_11544 gene=FGIG_11544
FGIG_11544           -            322 367551at33208        -            388   2.2e-35  122.1   1.8   2   2     0.043        13    4.4   0.0   224   283   260   322   248   322 0.84 transcript=FGIG_11544 gene=FGIG_11544
FGIG_08982           -            589 367551at33208        -            388   3.9e-31  108.1   0.1   1   3   2.3e-16   6.7e-14   51.3   0.0    60   152   120   221   114   228 0.81 transcript=FGIG_08982 gene=FGIG_08982
FGIG_08982           -            589 367551at33208        -            388   3.9e-31  108.1   0.1   2   3       3.3   9.8e+02   -1.9   0.0   156   167   247   258   234   260 0.84 transcript=FGIG_08982 gene=FGIG_08982
FGIG_08982           -            589 367551at33208        -            388   3.9e-31  108.1   0.1   3   3   4.9e-17   1.4e-14   53.5   0.0   251   331   416   508   374   522 0.78 transcript=FGIG_08982 gene=FGIG_08982
FGIG_03425           -            345 367551at33208        -            388     6e-29  100.9   5.5   1   3      0.93   2.7e+02   -0.1   0.0   145   192     3    50     1    69 0.76 transcript=FGIG_03425 gene=FGIG_03425
FGIG_03425           -            345 367551at33208        -            388     6e-29  100.9   5.5   2   3     7e-30   2.1e-27   95.8   2.2   211   365   114   281   101   290 0.82 transcript=FGIG_03425 gene=FGIG_03425
FGIG_03425           -            345 367551at33208        -            388     6e-29  100.9   5.5   3   3     0.042        12    4.4   0.0   250   278   292   320   287   328 0.85 transcript=FGIG_03425 gene=FGIG_03425
FGIG_08902           -            185 367551at33208        -            388   1.8e-24   86.1   1.5   1   1   6.6e-27     2e-24   86.0   1.5    32   204     2   182     1   185 0.90 transcript=FGIG_08902 gene=FGIG_08902
FGIG_10290           -            168 367551at33208        -            388   3.2e-21   75.4   0.3   1   1   1.3e-23   3.8e-21   75.2   0.3     1   121    21   151    21   154 0.87 transcript=FGIG_10290 gene=FGIG_10290
FGIG_04539           -            272 367551at33208        -            388   8.8e-14   51.0   0.0   1   2       1.3   3.9e+02   -0.6   0.0    64   118     3    63     1    73 0.66 transcript=FGIG_04539 gene=FGIG_04539
FGIG_04539           -            272 367551at33208        -            388   8.8e-14   51.0   0.0   2   2   1.1e-15   3.3e-13   49.1   0.0   279   339    84   144    80   180 0.93 transcript=FGIG_04539 gene=FGIG_04539
FGIG_04803           -            527 367551at33208        -            388   8.8e-13   47.7   0.1   1   1   4.5e-15   1.3e-12   47.1   0.1    10    57   308   355   299   368 0.85 transcript=FGIG_04803 gene=FGIG_04803
FGIG_02292           -           1477 367551at33208        -            388   1.4e-07   30.5   1.7   1   2   2.9e-05    0.0086   14.8   0.2    29   153   174   301   159   391 0.77 transcript=FGIG_02292 gene=FGIG_02292
FGIG_02292           -           1477 367551at33208        -            388   1.4e-07   30.5   1.7   2   2   2.8e-05    0.0082   14.8   0.1   259   336   616   694   601   706 0.78 transcript=FGIG_02292 gene=FGIG_02292
FGIG_01643           -           1079 367551at33208        -            388   1.4e-05   24.0   0.4   1   2     0.019       5.6    5.5   0.1    18    50   355   387   347   413 0.85 transcript=FGIG_01643 gene=FGIG_01643
FGIG_01643           -           1079 367551at33208        -            388   1.4e-05   24.0   0.4   2   2   1.1e-05    0.0033   16.2   0.0   227   317   574   668   508   689 0.77 transcript=FGIG_01643 gene=FGIG_01643
FGIG_02752           -            376 367551at33208        -            388   8.1e-05   21.4   0.0   1   1   4.1e-07   0.00012   20.9   0.0   219   319    43   147    31   161 0.86 transcript=FGIG_02752 gene=FGIG_02752
FGIG_04292           -            201 367551at33208        -            388   0.00036   19.3   0.1   1   1   2.1e-06   0.00062   18.5   0.1   236   295     9    67     2    73 0.89 transcript=FGIG_04292 gene=FGIG_04292
FGIG_04877           -           1406 367551at33208        -            388     0.016   13.9   0.0   1   1   0.00014     0.042   12.5   0.0    30   169    20   175    14   193 0.67 transcript=FGIG_04877 gene=FGIG_04877
FGIG_09676           -           1126 367551at33208        -            388      0.02   13.5   0.0   1   1   0.00014     0.042   12.5   0.0   214   315   611   717   601   726 0.84 transcript=FGIG_09676 gene=FGIG_09676
FGIG_10056           -            259 367551at33208        -            388     0.022   13.4   0.0   1   1   0.00013     0.039   12.6   0.0   303   332     8    37     1    50 0.81 transcript=FGIG_10056 gene=FGIG_10056
#
# Program:         hmmsearch
# Version:         3.4 (Aug 2023)
# Pipeline mode:   SEARCH
# Query file:      /users/40483456/busco_datasets/busco_downloads/lineages/metazoa_odb10/hmms/367551at33208.hmm
# Target file:     /users/40483456/protein/fasciola_gigantica.fa
# Option settings: hmmsearch --domtblout /users/40483456/busco/results_pro/fasciola_gigantica_busco/run_metazoa_odb10/hmmer_output/initial_run_results/367551at33208.out --cpu 1 /users/40483456/busco_datasets/busco_downloads/lineages/metazoa_odb10/hmms/367551at33208.hmm /users/40483456/protein/fasciola_gigantica.fa 
# Current dir:     /users/40483456
# Date:            Thu Jan 15 17:41:05 2026
# [ok]
