#                                                                            --- full sequence --- -------------- this domain -------------   hmm coord   ali coord   env coord
# target name        accession   tlen query name           accession   qlen   E-value  score  bias   #  of  c-Evalue  i-Evalue  score  bias  from    to  from    to  from    to  acc description of target
#------------------- ---------- ----- -------------------- ---------- ----- --------- ------ ----- --- --- --------- --------- ------ ----- ----- ----- ----- ----- ----- ----- ---- ---------------------
FGIG_05445           -            658 405257at33208        -            356   2.3e-51  174.1  11.1   1   6   9.3e-07    0.0059   14.9   0.2     4    65    58   117    55   128 0.88 transcript=FGIG_05445 gene=FGIG_05445
FGIG_05445           -            658 405257at33208        -            356   2.3e-51  174.1  11.1   2   6     0.017   1.1e+02    0.8   0.0    43    66   126   149   117   161 0.80 transcript=FGIG_05445 gene=FGIG_05445
FGIG_05445           -            658 405257at33208        -            356   2.3e-51  174.1  11.1   3   6   5.3e-23   3.3e-19   68.3   0.0    66   146   172   254   151   262 0.89 transcript=FGIG_05445 gene=FGIG_05445
FGIG_05445           -            658 405257at33208        -            356   2.3e-51  174.1  11.1   4   6   3.4e-11   2.2e-07   29.5   0.1   151   182   288   319   280   323 0.91 transcript=FGIG_05445 gene=FGIG_05445
FGIG_05445           -            658 405257at33208        -            356   2.3e-51  174.1  11.1   5   6    0.0013       8.4    4.5   0.0   185   210   361   386   351   393 0.85 transcript=FGIG_05445 gene=FGIG_05445
FGIG_05445           -            658 405257at33208        -            356   2.3e-51  174.1  11.1   6   6   4.1e-18   2.6e-14   52.2   0.1   210   324   428   564   420   597 0.70 transcript=FGIG_05445 gene=FGIG_05445
FGIG_09805           -            324 405257at33208        -            356    0.0072   14.6   0.0   1   1   2.7e-06     0.017   13.3   0.0   223   300   221   298   205   302 0.94 transcript=FGIG_09805 gene=FGIG_09805
#
# Program:         hmmsearch
# Version:         3.4 (Aug 2023)
# Pipeline mode:   SEARCH
# Query file:      /users/40483456/busco_datasets/busco_downloads/lineages/metazoa_odb10/hmms/405257at33208.hmm
# Target file:     /users/40483456/protein/fasciola_gigantica.fa
# Option settings: hmmsearch --domtblout /users/40483456/busco/results_pro/fasciola_gigantica_busco/run_metazoa_odb10/hmmer_output/initial_run_results/405257at33208.out --cpu 1 /users/40483456/busco_datasets/busco_downloads/lineages/metazoa_odb10/hmms/405257at33208.hmm /users/40483456/protein/fasciola_gigantica.fa 
# Current dir:     /users/40483456
# Date:            Thu Jan 15 17:41:07 2026
# [ok]
