#                                                                            --- full sequence --- -------------- this domain -------------   hmm coord   ali coord   env coord
# target name        accession   tlen query name           accession   qlen   E-value  score  bias   #  of  c-Evalue  i-Evalue  score  bias  from    to  from    to  from    to  acc description of target
#------------------- ---------- ----- -------------------- ---------- ----- --------- ------ ----- --- --- --------- --------- ------ ----- ----- ----- ----- ----- ----- ----- ---- ---------------------
FGIG_09717           -            682 436007at33208        -            410  3.9e-118  394.4   1.6   1   4   3.4e-56   5.4e-53  179.9   0.1     1   117    10   138    10   142 0.94 transcript=FGIG_09717 gene=FGIG_09717
FGIG_09717           -            682 436007at33208        -            410  3.9e-118  394.4   1.6   2   4   8.7e-30   1.4e-26   92.9   0.3   123   184   176   240   170   247 0.90 transcript=FGIG_09717 gene=FGIG_09717
FGIG_09717           -            682 436007at33208        -            410  3.9e-118  394.4   1.6   3   4   3.6e-05     0.057   11.8   0.0   201   243   305   350   289   360 0.80 transcript=FGIG_09717 gene=FGIG_09717
FGIG_09717           -            682 436007at33208        -            410  3.9e-118  394.4   1.6   4   4   1.3e-33   2.1e-30  105.5   0.0   252   393   401   576   382   591 0.76 transcript=FGIG_09717 gene=FGIG_09717
FGIG_01883           -           1077 436007at33208        -            410   3.7e-62  210.1   0.2   1   3   3.4e-09   5.4e-06   25.1   0.1     1   116    71   194    71   204 0.87 transcript=FGIG_01883 gene=FGIG_01883
FGIG_01883           -           1077 436007at33208        -            410   3.7e-62  210.1   0.2   2   3   4.1e-42   6.5e-39  133.5   0.0     2   279   493   797   492   819 0.81 transcript=FGIG_01883 gene=FGIG_01883
FGIG_01883           -           1077 436007at33208        -            410   3.7e-62  210.1   0.2   3   3   5.9e-16   9.4e-13   47.4   0.1   243   323   858   947   832   955 0.75 transcript=FGIG_01883 gene=FGIG_01883
FGIG_07076           -            749 436007at33208        -            410   2.1e-34  118.7   3.1   1   3   2.8e-23   4.5e-20   71.5   0.0     1    57    45   106    45   115 0.94 transcript=FGIG_07076 gene=FGIG_07076
FGIG_07076           -            749 436007at33208        -            410   2.1e-34  118.7   3.1   2   3   5.6e-13   8.9e-10   37.6   0.1   102   161   130   191   127   220 0.86 transcript=FGIG_07076 gene=FGIG_07076
FGIG_07076           -            749 436007at33208        -            410   2.1e-34  118.7   3.1   3   3   0.00035      0.56    8.6   0.1   283   309   238   264   231   309 0.79 transcript=FGIG_07076 gene=FGIG_07076
FGIG_00623           -            434 436007at33208        -            410   1.3e-07   30.4   0.2   1   1   2.2e-09   3.5e-06   25.7   0.2     2   131    81   234    80   240 0.75 transcript=FGIG_00623 gene=FGIG_00623
FGIG_02355           -            423 436007at33208        -            410   1.3e-07   30.4   0.1   1   2   2.5e-05      0.04   12.4   0.1     2    28     1    27     1    35 0.85 transcript=FGIG_02355 gene=FGIG_02355
FGIG_02355           -            423 436007at33208        -            410   1.3e-07   30.4   0.1   2   2   2.3e-06    0.0037   15.8   0.0    22    44   282   304   272   310 0.88 transcript=FGIG_02355 gene=FGIG_02355
FGIG_01486           -            371 436007at33208        -            410   0.00032   19.3   0.1   1   2   3.5e-07   0.00056   18.5   0.0    52   120    17    86     1    95 0.76 transcript=FGIG_01486 gene=FGIG_01486
FGIG_01486           -            371 436007at33208        -            410   0.00032   19.3   0.1   2   2       2.3   3.7e+03   -4.0   0.0   324   344   173   193   165   196 0.79 transcript=FGIG_01486 gene=FGIG_01486
FGIG_11644           -            279 436007at33208        -            410     0.018   13.5   1.0   1   1   1.7e-05     0.027   12.9   1.0   315   407   172   266   162   270 0.88 transcript=FGIG_11644 gene=FGIG_11644
FGIG_02352           -            103 436007at33208        -            410     0.019   13.4   0.1   1   1   1.4e-05     0.023   13.2   0.1     3    50    33    86    31    93 0.74 transcript=FGIG_02352 gene=FGIG_02352
#
# Program:         hmmsearch
# Version:         3.4 (Aug 2023)
# Pipeline mode:   SEARCH
# Query file:      /users/40483456/busco_datasets/busco_downloads/lineages/metazoa_odb10/hmms/436007at33208.hmm
# Target file:     /users/40483456/protein/fasciola_gigantica.fa
# Option settings: hmmsearch --domtblout /users/40483456/busco/results_pro/fasciola_gigantica_busco/run_metazoa_odb10/hmmer_output/initial_run_results/436007at33208.out --cpu 1 /users/40483456/busco_datasets/busco_downloads/lineages/metazoa_odb10/hmms/436007at33208.hmm /users/40483456/protein/fasciola_gigantica.fa 
# Current dir:     /users/40483456
# Date:            Thu Jan 15 17:41:05 2026
# [ok]
