#                                                                            --- full sequence --- -------------- this domain -------------   hmm coord   ali coord   env coord
# target name        accession   tlen query name           accession   qlen   E-value  score  bias   #  of  c-Evalue  i-Evalue  score  bias  from    to  from    to  from    to  acc description of target
#------------------- ---------- ----- -------------------- ---------- ----- --------- ------ ----- --- --- --------- --------- ------ ----- ----- ----- ----- ----- ----- ----- ---- ---------------------
FGIG_07380           -            291 456998at33208        -            219   5.1e-36  123.9  15.1   1   2   3.7e-28   1.3e-25   89.8  18.7     4   128     2   134     1   146 0.81 transcript=FGIG_07380 gene=FGIG_07380
FGIG_07380           -            291 456998at33208        -            219   5.1e-36  123.9  15.1   2   2   4.1e-10   1.5e-07   30.8   0.0    92   200   126   242   118   250 0.70 transcript=FGIG_07380 gene=FGIG_07380
FGIG_09566           -            207 456998at33208        -            219     1e-20   73.8   1.1   1   1   3.4e-23   1.2e-20   73.5   1.1     3    67    20    87    18   101 0.89 transcript=FGIG_09566 gene=FGIG_09566
FGIG_06585           -            343 456998at33208        -            219   3.4e-18   65.6   0.4   1   1   1.6e-20   5.8e-18   64.8   0.4     6    67     4    67     1    70 0.89 transcript=FGIG_06585 gene=FGIG_06585
FGIG_06441           -            210 456998at33208        -            219   3.5e-18   65.5   0.0   1   1   1.3e-20   4.7e-18   65.1   0.0     7    67    17    80    12    90 0.89 transcript=FGIG_06441 gene=FGIG_06441
FGIG_09708           -            290 456998at33208        -            219   8.8e-18   64.2   0.1   1   1   3.4e-20   1.2e-17   63.7   0.1    11    69    14    73     4   100 0.82 transcript=FGIG_09708 gene=FGIG_09708
FGIG_06136           -            281 456998at33208        -            219   1.1e-17   63.9   0.2   1   1   4.3e-20   1.5e-17   63.4   0.2     4    67     3    70     1    74 0.85 transcript=FGIG_06136 gene=FGIG_06136
FGIG_09686           -            445 456998at33208        -            219   2.1e-15   56.5   0.9   1   1   9.4e-18   3.4e-15   55.8   0.9     4    66    31    96    29   104 0.90 transcript=FGIG_09686 gene=FGIG_09686
FGIG_06283           -            184 456998at33208        -            219   3.3e-15   55.8   0.1   1   1   1.2e-17   4.5e-15   55.4   0.1     4    66    25    89    23    96 0.89 transcript=FGIG_06283 gene=FGIG_06283
FGIG_11970           -            350 456998at33208        -            219   6.3e-15   54.9   0.0   1   1   3.2e-17   1.2e-14   54.0   0.0     5    68   101   166    98   180 0.88 transcript=FGIG_11970 gene=FGIG_11970
FGIG_00995           -            365 456998at33208        -            219   2.1e-13   49.9   0.3   1   1   9.5e-16   3.4e-13   49.2   0.3     4    66    19    83    17    86 0.91 transcript=FGIG_00995 gene=FGIG_00995
FGIG_04609           -            402 456998at33208        -            219   2.6e-13   49.6   0.1   1   1     1e-15   3.6e-13   49.1   0.1     4    66     4    66     1    73 0.86 transcript=FGIG_04609 gene=FGIG_04609
FGIG_09918           -            427 456998at33208        -            219   5.3e-13   48.6   3.3   1   2   4.4e-15   1.6e-12   47.0   0.0     5    68    36   102    32   108 0.87 transcript=FGIG_09918 gene=FGIG_09918
FGIG_09918           -            427 456998at33208        -            219   5.3e-13   48.6   3.3   2   2       3.1   1.1e+03   -1.5   3.8    78   107   225   257   216   271 0.59 transcript=FGIG_09918 gene=FGIG_09918
FGIG_11251           -            181 456998at33208        -            219   2.4e-12   46.4   0.8   1   1   6.7e-15   2.4e-12   46.4   0.8     3    66    72   140    69   143 0.86 transcript=FGIG_11251 gene=FGIG_11251
FGIG_08738           -            959 456998at33208        -            219   4.4e-11   42.3   0.1   1   1   2.1e-13   7.6e-11   41.5   0.1     5    66    21    84    18    90 0.87 transcript=FGIG_08738 gene=FGIG_08738
FGIG_07889           -            348 456998at33208        -            219   1.5e-10   40.5   1.0   1   1   4.3e-13   1.5e-10   40.5   1.0     6    69    41   110    37   126 0.80 transcript=FGIG_07889 gene=FGIG_07889
FGIG_10233           -            467 456998at33208        -            219   2.4e-10   39.9   1.5   1   2         3   1.1e+03   -1.5   0.2    28    70   217   262   210   298 0.63 transcript=FGIG_10233 gene=FGIG_10233
FGIG_10233           -            467 456998at33208        -            219   2.4e-10   39.9   1.5   2   2   6.7e-13   2.4e-10   39.9   1.5     3    66   358   429   356   435 0.82 transcript=FGIG_10233 gene=FGIG_10233
FGIG_05428           -            539 456998at33208        -            219   1.3e-09   37.5   0.0   1   1   3.6e-12   1.3e-09   37.5   0.0    13    67    13    68     3    78 0.81 transcript=FGIG_05428 gene=FGIG_05428
FGIG_10187           -            313 456998at33208        -            219   2.4e-09   36.7   0.0   1   1   8.9e-12   3.2e-09   36.2   0.0     5    67     3    68     1    77 0.90 transcript=FGIG_10187 gene=FGIG_10187
FGIG_06232           -            200 456998at33208        -            219   8.2e-09   34.9   0.0   1   1   3.5e-11   1.3e-08   34.3   0.0     7    66    37    95    29   101 0.85 transcript=FGIG_06232 gene=FGIG_06232
FGIG_09746           -            254 456998at33208        -            219   3.9e-07   29.4   0.0   1   1   1.7e-09     6e-07   28.8   0.0     8    71    80   149    76   152 0.80 transcript=FGIG_09746 gene=FGIG_09746
FGIG_07129           -            189 456998at33208        -            219   1.2e-06   27.8   0.1   1   1   4.6e-09   1.7e-06   27.3   0.1     6    69    27    87    21    94 0.87 transcript=FGIG_07129 gene=FGIG_07129
FGIG_10006           -            246 456998at33208        -            219   7.9e-06   25.1  21.9   1   1   5.8e-08   2.1e-05   23.7  21.9    18   131    66   196    49   226 0.74 transcript=FGIG_10006 gene=FGIG_10006
FGIG_02068           -            541 456998at33208        -            219   1.6e-05   24.1   0.0   1   2   0.00016     0.059   12.5   0.0   145   180    33    68    26    87 0.82 transcript=FGIG_02068 gene=FGIG_02068
FGIG_02068           -            541 456998at33208        -            219   1.6e-05   24.1   0.0   2   2    0.0027      0.98    8.5   0.0   148   188   136   178   126   193 0.81 transcript=FGIG_02068 gene=FGIG_02068
FGIG_05621           -            512 456998at33208        -            219   6.6e-05   22.1   0.0   1   2   0.00012     0.045   12.9   0.0   146   183    34    71    28   101 0.83 transcript=FGIG_05621 gene=FGIG_05621
FGIG_05621           -            512 456998at33208        -            219   6.6e-05   22.1   0.0   2   2    0.0099       3.6    6.6   0.0   149   188   136   177   124   193 0.77 transcript=FGIG_05621 gene=FGIG_05621
FGIG_11432           -            496 456998at33208        -            219    0.0005   19.2   0.0   1   3     0.016       5.8    6.0   0.0   153   176    86   109    75   119 0.81 transcript=FGIG_11432 gene=FGIG_11432
FGIG_11432           -            496 456998at33208        -            219    0.0005   19.2   0.0   2   3     0.031        11    5.0   0.0   147   190   192   238   187   266 0.83 transcript=FGIG_11432 gene=FGIG_11432
FGIG_11432           -            496 456998at33208        -            219    0.0005   19.2   0.0   3   3     0.054        19    4.2   0.0   145   179   429   464   417   478 0.83 transcript=FGIG_11432 gene=FGIG_11432
FGIG_09186           -            160 456998at33208        -            219    0.0024   17.0   0.0   1   1   2.5e-05    0.0089   15.2   0.0    14    64    28    89    13    95 0.71 transcript=FGIG_09186 gene=FGIG_09186
FGIG_11657           -            561 456998at33208        -            219    0.0034   16.5   0.2   1   3         4   1.5e+03   -1.9   0.0   157   211     5    59     3    67 0.83 transcript=FGIG_11657 gene=FGIG_11657
FGIG_11657           -            561 456998at33208        -            219    0.0034   16.5   0.2   2   3    0.0075       2.7    7.0   0.0   154   179    75   100    57   116 0.80 transcript=FGIG_11657 gene=FGIG_11657
FGIG_11657           -            561 456998at33208        -            219    0.0034   16.5   0.2   3   3     0.012       4.2    6.4   0.0   147   179   182   216   172   240 0.77 transcript=FGIG_11657 gene=FGIG_11657
FGIG_09793           -           1112 456998at33208        -            219    0.0044   16.2   0.1   1   1   1.2e-05    0.0044   16.2   0.1     6    66   485   565   480   569 0.71 transcript=FGIG_09793 gene=FGIG_09793
FGIG_00328           -            892 456998at33208        -            219    0.0047   16.1   0.0   1   1   2.1e-05    0.0074   15.4   0.0    10    52   834   879   829   884 0.81 transcript=FGIG_00328 gene=FGIG_00328
FGIG_04770           -            320 456998at33208        -            219    0.0052   15.9   0.0   1   2   0.00014     0.049   12.7   0.0   138   201    63   132    52   144 0.76 transcript=FGIG_04770 gene=FGIG_04770
FGIG_04770           -            320 456998at33208        -            219    0.0052   15.9   0.0   2   2      0.65   2.4e+02    0.7   0.0   143   185   260   300   251   314 0.73 transcript=FGIG_04770 gene=FGIG_04770
FGIG_04726           -            256 456998at33208        -            219     0.011   14.9   0.0   1   1   4.7e-05     0.017   14.2   0.0   139   188   114   165   107   188 0.78 transcript=FGIG_04726 gene=FGIG_04726
FGIG_08313           -            274 456998at33208        -            219     0.025   13.7   0.0   1   1   0.00012     0.042   13.0   0.0   145   190    25    72    20    83 0.82 transcript=FGIG_08313 gene=FGIG_08313
FGIG_06854           -            231 456998at33208        -            219     0.049   12.8   0.1   1   2    0.0077       2.8    7.0   0.0   154   176    74    96    58   119 0.81 transcript=FGIG_06854 gene=FGIG_06854
FGIG_06854           -            231 456998at33208        -            219     0.049   12.8   0.1   2   2     0.098        36    3.4   0.0   148   177   182   213   171   224 0.78 transcript=FGIG_06854 gene=FGIG_06854
FGIG_07314           -            373 456998at33208        -            219      0.91    8.6   4.6   1   2      0.28     1e+02    1.9   2.6    83   114    35    66    26    82 0.80 transcript=FGIG_07314 gene=FGIG_07314
FGIG_07314           -            373 456998at33208        -            219      0.91    8.6   4.6   2   2     0.011         4    6.5   0.0    37    62   281   306   277   344 0.72 transcript=FGIG_07314 gene=FGIG_07314
FGIG_08484           -            494 456998at33208        -            219         7    5.7  14.9   1   2    0.0054         2    7.5   4.6    59   111    92   146    85   150 0.84 transcript=FGIG_08484 gene=FGIG_08484
FGIG_08484           -            494 456998at33208        -            219         7    5.7  14.9   2   2      0.09        32    3.5   2.6    78   132   294   346   272   353 0.78 transcript=FGIG_08484 gene=FGIG_08484
#
# Program:         hmmsearch
# Version:         3.4 (Aug 2023)
# Pipeline mode:   SEARCH
# Query file:      /users/40483456/busco_datasets/busco_downloads/lineages/metazoa_odb10/hmms/456998at33208.hmm
# Target file:     /users/40483456/protein/fasciola_gigantica.fa
# Option settings: hmmsearch --domtblout /users/40483456/busco/results_pro/fasciola_gigantica_busco/run_metazoa_odb10/hmmer_output/initial_run_results/456998at33208.out --cpu 1 /users/40483456/busco_datasets/busco_downloads/lineages/metazoa_odb10/hmms/456998at33208.hmm /users/40483456/protein/fasciola_gigantica.fa 
# Current dir:     /users/40483456
# Date:            Thu Jan 15 17:41:04 2026
# [ok]
