#                                                                            --- full sequence --- -------------- this domain -------------   hmm coord   ali coord   env coord
# target name        accession   tlen query name           accession   qlen   E-value  score  bias   #  of  c-Evalue  i-Evalue  score  bias  from    to  from    to  from    to  acc description of target
#------------------- ---------- ----- -------------------- ---------- ----- --------- ------ ----- --- --- --------- --------- ------ ----- ----- ----- ----- ----- ----- ----- ---- ---------------------
FGIG_03321           -            382 470197at33208        -            328   3.6e-22   78.5   6.2   1   6   0.00042      0.07   11.8   0.0   154   192    39    75    27    81 0.81 transcript=FGIG_03321 gene=FGIG_03321
FGIG_03321           -            382 470197at33208        -            328   3.6e-22   78.5   6.2   2   6   3.9e-05    0.0064   15.3   0.0   159   195    85   120    76   124 0.86 transcript=FGIG_03321 gene=FGIG_03321
FGIG_03321           -            382 470197at33208        -            328   3.6e-22   78.5   6.2   3   6   2.2e-06   0.00036   19.4   0.1   159   205   127   172   119   176 0.85 transcript=FGIG_03321 gene=FGIG_03321
FGIG_03321           -            382 470197at33208        -            328   3.6e-22   78.5   6.2   4   6   5.5e-05     0.009   14.8   0.1   161   197   171   206   164   231 0.82 transcript=FGIG_03321 gene=FGIG_03321
FGIG_03321           -            382 470197at33208        -            328   3.6e-22   78.5   6.2   5   6       1.1   1.8e+02    0.7   0.0   171   204   278   312   270   315 0.71 transcript=FGIG_03321 gene=FGIG_03321
FGIG_03321           -            382 470197at33208        -            328   3.6e-22   78.5   6.2   6   6   1.3e-05    0.0021   16.9   0.2   153   224   306   381   280   382 0.69 transcript=FGIG_03321 gene=FGIG_03321
FGIG_08521           -            345 470197at33208        -            328     4e-20   71.8   1.5   1   3   4.5e-06   0.00073   18.3   0.0   159   217    49   111    36   128 0.81 transcript=FGIG_08521 gene=FGIG_08521
FGIG_08521           -            345 470197at33208        -            328     4e-20   71.8   1.5   2   3   1.4e-07   2.3e-05   23.3   0.0   157   207   178   233   161   236 0.74 transcript=FGIG_08521 gene=FGIG_08521
FGIG_08521           -            345 470197at33208        -            328     4e-20   71.8   1.5   3   3     2e-08   3.2e-06   26.1   0.1   131   215   251   333   218   340 0.71 transcript=FGIG_08521 gene=FGIG_08521
FGIG_10688           -            421 470197at33208        -            328   2.9e-17   62.4   0.4   1   3   8.6e-08   1.4e-05   24.0   0.0   110   191   176   259   167   271 0.83 transcript=FGIG_10688 gene=FGIG_10688
FGIG_10688           -            421 470197at33208        -            328   2.9e-17   62.4   0.4   2   3   2.4e-09     4e-07   29.1   0.0   112   191   274   349   263   356 0.83 transcript=FGIG_10688 gene=FGIG_10688
FGIG_10688           -            421 470197at33208        -            328   2.9e-17   62.4   0.4   3   3     0.024       3.9    6.1   0.0   158   191   373   406   362   415 0.84 transcript=FGIG_10688 gene=FGIG_10688
FGIG_01997           -            364 470197at33208        -            328   7.5e-16   57.7  18.4   1   3    0.0018      0.29    9.8   0.7   158   191    13    45     3    49 0.84 transcript=FGIG_01997 gene=FGIG_01997
FGIG_01997           -            364 470197at33208        -            328   7.5e-16   57.7  18.4   2   3   4.9e-12   8.1e-10   37.9   0.8   107   202    56   150    47   155 0.79 transcript=FGIG_01997 gene=FGIG_01997
FGIG_01997           -            364 470197at33208        -            328   7.5e-16   57.7  18.4   3   3   1.1e-06   0.00018   20.4   1.3    73   186   153   275   146   287 0.72 transcript=FGIG_01997 gene=FGIG_01997
FGIG_03044           -            448 470197at33208        -            328   9.9e-14   50.8   0.4   1   3   6.5e-06    0.0011   17.8   0.0   110   193   199   284   192   292 0.81 transcript=FGIG_03044 gene=FGIG_03044
FGIG_03044           -            448 470197at33208        -            328   9.9e-14   50.8   0.4   2   3   3.8e-09   6.3e-07   28.4   0.0   112   191   297   372   289   377 0.85 transcript=FGIG_03044 gene=FGIG_03044
FGIG_03044           -            448 470197at33208        -            328   9.9e-14   50.8   0.4   3   3      0.88   1.5e+02    0.9   0.0   155   191   393   429   383   434 0.84 transcript=FGIG_03044 gene=FGIG_03044
FGIG_10215           -            667 470197at33208        -            328     2e-13   49.8   9.5   1   3   1.8e-07     3e-05   22.9   2.5   123   196   229   297   223   316 0.84 transcript=FGIG_10215 gene=FGIG_10215
FGIG_10215           -            667 470197at33208        -            328     2e-13   49.8   9.5   2   3    0.0028      0.47    9.1   0.0   150   189   476   513   463   518 0.78 transcript=FGIG_10215 gene=FGIG_10215
FGIG_10215           -            667 470197at33208        -            328     2e-13   49.8   9.5   3   3   1.8e-06    0.0003   19.6   0.2   111   227   529   649   520   655 0.78 transcript=FGIG_10215 gene=FGIG_10215
FGIG_07385           -            307 470197at33208        -            328   2.8e-13   49.3   0.1   1   3   2.1e-08   3.5e-06   26.0   0.0   111   235    14   145     2   147 0.74 transcript=FGIG_07385 gene=FGIG_07385
FGIG_07385           -            307 470197at33208        -            328   2.8e-13   49.3   0.1   2   3   3.1e-09     5e-07   28.7   0.0    66   195    53   184    49   189 0.77 transcript=FGIG_07385 gene=FGIG_07385
FGIG_07385           -            307 470197at33208        -            328   2.8e-13   49.3   0.1   3   3       5.1   8.4e+02   -1.6   0.0    71    97   271   297   255   305 0.68 transcript=FGIG_07385 gene=FGIG_07385
FGIG_04178           -            301 470197at33208        -            328   5.6e-12   45.0   1.6   1   4    0.0077       1.3    7.7   0.0   161   195    56    89    49    98 0.81 transcript=FGIG_04178 gene=FGIG_04178
FGIG_04178           -            301 470197at33208        -            328   5.6e-12   45.0   1.6   2   4   1.3e-09   2.1e-07   30.0   0.0   115   224   100   210    89   252 0.81 transcript=FGIG_04178 gene=FGIG_04178
FGIG_04178           -            301 470197at33208        -            328   5.6e-12   45.0   1.6   3   4       1.2   1.9e+02    0.5   0.0   167   195   233   261   209   267 0.65 transcript=FGIG_04178 gene=FGIG_04178
FGIG_04178           -            301 470197at33208        -            328   5.6e-12   45.0   1.6   4   4       0.6        98    1.5   0.1    72    99   267   296   247   300 0.64 transcript=FGIG_04178 gene=FGIG_04178
FGIG_03140           -            583 470197at33208        -            328   1.1e-11   44.1   9.8   1   4   0.00033     0.054   12.2   0.1   152   180   181   209   147   222 0.70 transcript=FGIG_03140 gene=FGIG_03140
FGIG_03140           -            583 470197at33208        -            328   1.1e-11   44.1   9.8   2   4    0.0021      0.34    9.6   1.4   110   190   246   323   237   340 0.72 transcript=FGIG_03140 gene=FGIG_03140
FGIG_03140           -            583 470197at33208        -            328   1.1e-11   44.1   9.8   3   4     4e-06   0.00065   18.5   0.2   123   247   394   520   370   523 0.73 transcript=FGIG_03140 gene=FGIG_03140
FGIG_03140           -            583 470197at33208        -            328   1.1e-11   44.1   9.8   4   4      0.21        35    3.0   0.0   161   187   556   581   536   583 0.64 transcript=FGIG_03140 gene=FGIG_03140
FGIG_11059           -            282 470197at33208        -            328   4.4e-11   42.1   1.1   1   3   1.3e-07   2.2e-05   23.4   0.3   114   215    17   117    17   143 0.73 transcript=FGIG_11059 gene=FGIG_11059
FGIG_11059           -            282 470197at33208        -            328   4.4e-11   42.1   1.1   2   3   0.00093      0.15   10.7   0.2   151   196   144   187   120   192 0.74 transcript=FGIG_11059 gene=FGIG_11059
FGIG_11059           -            282 470197at33208        -            328   4.4e-11   42.1   1.1   3   3      0.87   1.4e+02    1.0   0.0   164   193   198   226   189   230 0.82 transcript=FGIG_11059 gene=FGIG_11059
FGIG_01480           -            301 470197at33208        -            328   3.7e-10   39.0   8.2   1   4      0.17        27    3.3   0.0   159   188    21    52     9    64 0.80 transcript=FGIG_01480 gene=FGIG_01480
FGIG_01480           -            301 470197at33208        -            328   3.7e-10   39.0   8.2   2   4   2.8e-05    0.0046   15.7   0.9   151   192    69   110    46   121 0.69 transcript=FGIG_01480 gene=FGIG_01480
FGIG_01480           -            301 470197at33208        -            328   3.7e-10   39.0   8.2   3   4   0.00033     0.054   12.2   0.1   157   187   138   167   120   182 0.79 transcript=FGIG_01480 gene=FGIG_01480
FGIG_01480           -            301 470197at33208        -            328   3.7e-10   39.0   8.2   4   4    0.0022      0.35    9.5   0.2   114   176   194   256   181   263 0.79 transcript=FGIG_01480 gene=FGIG_01480
FGIG_10460           -            319 470197at33208        -            328   4.8e-10   38.7   8.0   1   3    0.0038      0.62    8.7   0.2   130   225    35   135    13   145 0.69 transcript=FGIG_10460 gene=FGIG_10460
FGIG_10460           -            319 470197at33208        -            328   4.8e-10   38.7   8.0   2   3   2.9e-07   4.8e-05   22.2   0.9   112   223   149   260   139   264 0.83 transcript=FGIG_10460 gene=FGIG_10460
FGIG_10460           -            319 470197at33208        -            328   4.8e-10   38.7   8.0   3   3    0.0033      0.54    8.9   0.0   195   224   284   314   274   318 0.77 transcript=FGIG_10460 gene=FGIG_10460
FGIG_04151           -            380 470197at33208        -            328   6.3e-10   38.3   0.4   1   4   6.4e-05     0.011   14.5   0.0   111   142    61    92    44   114 0.83 transcript=FGIG_04151 gene=FGIG_04151
FGIG_04151           -            380 470197at33208        -            328   6.3e-10   38.3   0.4   2   4    0.0043       0.7    8.5   0.0   125   191   166   226   137   231 0.82 transcript=FGIG_04151 gene=FGIG_04151
FGIG_04151           -            380 470197at33208        -            328   6.3e-10   38.3   0.4   3   4    0.0024      0.39    9.4   0.0   149   191   228   269   225   277 0.85 transcript=FGIG_04151 gene=FGIG_04151
FGIG_04151           -            380 470197at33208        -            328   6.3e-10   38.3   0.4   4   4      0.62     1e+02    1.5   0.0   154   188   301   334   287   369 0.81 transcript=FGIG_04151 gene=FGIG_04151
FGIG_02204           -            310 470197at33208        -            328   2.4e-09   36.4   0.1   1   3      0.21        35    3.0   0.0   160   193    72   104    45   133 0.75 transcript=FGIG_02204 gene=FGIG_02204
FGIG_02204           -            310 470197at33208        -            328   2.4e-09   36.4   0.1   2   3      0.14        23    3.5   0.0   160   188   156   183   118   195 0.57 transcript=FGIG_02204 gene=FGIG_02204
FGIG_02204           -            310 470197at33208        -            328   2.4e-09   36.4   0.1   3   3     1e-08   1.7e-06   27.0   0.0   157   254   194   305   158   310 0.68 transcript=FGIG_02204 gene=FGIG_02204
FGIG_05594           -            808 470197at33208        -            328   2.8e-09   36.1   1.1   1   3    0.0019      0.32    9.7   0.1   111   195    22   101    17   110 0.83 transcript=FGIG_05594 gene=FGIG_05594
FGIG_05594           -            808 470197at33208        -            328   2.8e-09   36.1   1.1   2   3   7.2e-06    0.0012   17.7   0.0   114   189   111   188   101   191 0.76 transcript=FGIG_05594 gene=FGIG_05594
FGIG_05594           -            808 470197at33208        -            328   2.8e-09   36.1   1.1   3   3      0.03       4.9    5.8   0.0   157   195   198   236   189   245 0.79 transcript=FGIG_05594 gene=FGIG_05594
FGIG_06162           -            534 470197at33208        -            328   5.2e-09   35.3   0.0   1   3   0.00015     0.025   13.3   0.1   109   179   281   345   272   351 0.66 transcript=FGIG_06162 gene=FGIG_06162
FGIG_06162           -            534 470197at33208        -            328   5.2e-09   35.3   0.0   2   3   0.00021     0.034   12.9   0.0   107   193   368   450   358   456 0.77 transcript=FGIG_06162 gene=FGIG_06162
FGIG_06162           -            534 470197at33208        -            328   5.2e-09   35.3   0.0   3   3       0.3        50    2.5   0.0   270   306   466   502   464   510 0.87 transcript=FGIG_06162 gene=FGIG_06162
FGIG_08028           -           1321 470197at33208        -            328   1.2e-08   34.1   5.0   1   5     0.015       2.5    6.7   0.1   154   193    50    88    38    95 0.84 transcript=FGIG_08028 gene=FGIG_08028
FGIG_08028           -           1321 470197at33208        -            328   1.2e-08   34.1   5.0   2   5   6.2e-05      0.01   14.6   0.0   110   199    97   187    93   193 0.89 transcript=FGIG_08028 gene=FGIG_08028
FGIG_08028           -           1321 470197at33208        -            328   1.2e-08   34.1   5.0   3   5     7e-05     0.011   14.4   0.8   117   211   153   248   152   253 0.82 transcript=FGIG_08028 gene=FGIG_08028
FGIG_08028           -           1321 470197at33208        -            328   1.2e-08   34.1   5.0   4   5    0.0088       1.5    7.5   0.1   109   169   243   302   237   308 0.71 transcript=FGIG_08028 gene=FGIG_08028
FGIG_08028           -           1321 470197at33208        -            328   1.2e-08   34.1   5.0   5   5       0.5        83    1.7   0.0   229   262   291   324   285   326 0.82 transcript=FGIG_08028 gene=FGIG_08028
FGIG_10891           -            781 470197at33208        -            328   1.7e-08   33.6   1.8   1   4   9.5e-05     0.016   14.0   0.0   155   195   168   206   152   212 0.79 transcript=FGIG_10891 gene=FGIG_10891
FGIG_10891           -            781 470197at33208        -            328   1.7e-08   33.6   1.8   2   4   0.00024     0.039   12.7   0.1   160   193   245   277   228   286 0.83 transcript=FGIG_10891 gene=FGIG_10891
FGIG_10891           -            781 470197at33208        -            328   1.7e-08   33.6   1.8   3   4       1.4   2.3e+02    0.3   0.0   155   193   339   376   325   383 0.68 transcript=FGIG_10891 gene=FGIG_10891
FGIG_10891           -            781 470197at33208        -            328   1.7e-08   33.6   1.8   4   4      0.59        96    1.5   0.0   160   179   545   564   525   571 0.73 transcript=FGIG_10891 gene=FGIG_10891
FGIG_04876           -            525 470197at33208        -            328   1.9e-08   33.4   0.1   1   3     0.016       2.6    6.7   0.0   152   192   218   257   209   261 0.84 transcript=FGIG_04876 gene=FGIG_04876
FGIG_04876           -            525 470197at33208        -            328   1.9e-08   33.4   0.1   2   3   0.00048     0.079   11.7   0.0   160   216   276   338   265   345 0.80 transcript=FGIG_04876 gene=FGIG_04876
FGIG_04876           -            525 470197at33208        -            328   1.9e-08   33.4   0.1   3   3    0.0015      0.24   10.1   0.0   159   196   360   396   351   401 0.88 transcript=FGIG_04876 gene=FGIG_04876
FGIG_02066           -            346 470197at33208        -            328   6.8e-08   31.6   0.9   1   4    0.0018       0.3    9.8   0.3   153   201    53   102    39   118 0.67 transcript=FGIG_02066 gene=FGIG_02066
FGIG_02066           -            346 470197at33208        -            328   6.8e-08   31.6   0.9   2   4       2.9   4.8e+02   -0.8   0.0   154   195   141   181   131   205 0.78 transcript=FGIG_02066 gene=FGIG_02066
FGIG_02066           -            346 470197at33208        -            328   6.8e-08   31.6   0.9   3   4   4.1e-05    0.0067   15.2   0.0   128   225   207   306   185   310 0.72 transcript=FGIG_02066 gene=FGIG_02066
FGIG_02066           -            346 470197at33208        -            328   6.8e-08   31.6   0.9   4   4     0.038       6.3    5.4   0.0   164   222   281   345   269   346 0.71 transcript=FGIG_02066 gene=FGIG_02066
FGIG_03167           -            363 470197at33208        -            328   7.8e-08   31.4   0.1   1   3     0.036       5.9    5.5   0.0   153   189    63    98    49   127 0.84 transcript=FGIG_03167 gene=FGIG_03167
FGIG_03167           -            363 470197at33208        -            328   7.8e-08   31.4   0.1   2   3      0.11        18    3.9   0.0   157   196   151   191   125   223 0.82 transcript=FGIG_03167 gene=FGIG_03167
FGIG_03167           -            363 470197at33208        -            328   7.8e-08   31.4   0.1   3   3   0.00037      0.06   12.1   0.1   114   195   241   323   240   332 0.78 transcript=FGIG_03167 gene=FGIG_03167
FGIG_04428           -            394 470197at33208        -            328   2.5e-07   29.7  13.9   1   5     0.093        15    4.2   0.0   158   199    11    51     3    55 0.78 transcript=FGIG_04428 gene=FGIG_04428
FGIG_04428           -            394 470197at33208        -            328   2.5e-07   29.7  13.9   2   5     0.012       1.9    7.1   0.1   156   187    53    85    49    88 0.76 transcript=FGIG_04428 gene=FGIG_04428
FGIG_04428           -            394 470197at33208        -            328   2.5e-07   29.7  13.9   3   5    0.0046      0.75    8.5   0.1    68   103    97   134    89   168 0.57 transcript=FGIG_04428 gene=FGIG_04428
FGIG_04428           -            394 470197at33208        -            328   2.5e-07   29.7  13.9   4   5   0.00011     0.019   13.7   0.5   120   189   177   249   171   261 0.84 transcript=FGIG_04428 gene=FGIG_04428
FGIG_04428           -            394 470197at33208        -            328   2.5e-07   29.7  13.9   5   5      0.28        46    2.6   0.3   161   191   325   354   312   374 0.82 transcript=FGIG_04428 gene=FGIG_04428
FGIG_04140           -            599 470197at33208        -            328   3.7e-07   29.2   7.7   1   3      0.11        18    3.9   0.2   155   192   372   408   350   414 0.74 transcript=FGIG_04140 gene=FGIG_04140
FGIG_04140           -            599 470197at33208        -            328   3.7e-07   29.2   7.7   2   3   5.7e-05    0.0094   14.7   0.4   147   195   433   481   427   489 0.76 transcript=FGIG_04140 gene=FGIG_04140
FGIG_04140           -            599 470197at33208        -            328   3.7e-07   29.2   7.7   3   3   0.00012      0.02   13.6   0.1   157   214   496   558   482   578 0.67 transcript=FGIG_04140 gene=FGIG_04140
FGIG_12414           -            229 470197at33208        -            328   4.2e-07   29.0   1.3   1   2    0.0011      0.18   10.5   0.3   158   192    55    88    40   124 0.65 transcript=FGIG_12414 gene=FGIG_12414
FGIG_12414           -            229 470197at33208        -            328   4.2e-07   29.0   1.3   2   2   1.2e-05     0.002   16.9   0.0    69   102   143   176   135   184 0.91 transcript=FGIG_12414 gene=FGIG_12414
FGIG_01671           -            541 470197at33208        -            328   4.2e-07   29.0   2.3   1   3      0.17        29    3.3   0.0   157   195   253   290   240   297 0.82 transcript=FGIG_01671 gene=FGIG_01671
FGIG_01671           -            541 470197at33208        -            328   4.2e-07   29.0   2.3   2   3     0.017       2.8    6.6   0.4   113   195   301   376   296   414 0.78 transcript=FGIG_01671 gene=FGIG_01671
FGIG_01671           -            541 470197at33208        -            328   4.2e-07   29.0   2.3   3   3   1.5e-05    0.0024   16.7   0.2   127   185   485   537   474   540 0.77 transcript=FGIG_01671 gene=FGIG_01671
FGIG_04061           -            360 470197at33208        -            328   5.2e-07   28.7   1.0   1   5     0.013       2.2    6.9   0.0   159   199    17    56    11    65 0.77 transcript=FGIG_04061 gene=FGIG_04061
FGIG_04061           -            360 470197at33208        -            328   5.2e-07   28.7   1.0   2   5      0.06       9.9    4.8   0.0   151   195    93   136    71   165 0.77 transcript=FGIG_04061 gene=FGIG_04061
FGIG_04061           -            360 470197at33208        -            328   5.2e-07   28.7   1.0   3   5      0.23        38    2.9   0.0   147   202   175   228   166   235 0.74 transcript=FGIG_04061 gene=FGIG_04061
FGIG_04061           -            360 470197at33208        -            328   5.2e-07   28.7   1.0   4   5   0.00088      0.14   10.8   0.0   139   229   214   309   207   316 0.73 transcript=FGIG_04061 gene=FGIG_04061
FGIG_04061           -            360 470197at33208        -            328   5.2e-07   28.7   1.0   5   5     0.081        13    4.3   0.0   152   198   267   313   252   335 0.78 transcript=FGIG_04061 gene=FGIG_04061
FGIG_07195           -            375 470197at33208        -            328   5.6e-07   28.6   1.7   1   5    0.0041      0.68    8.6   0.0   138   193    94   142    56   170 0.66 transcript=FGIG_07195 gene=FGIG_07195
FGIG_07195           -            375 470197at33208        -            328   5.6e-07   28.6   1.7   2   5     0.064        11    4.7   0.1   171   226   185   246   182   254 0.54 transcript=FGIG_07195 gene=FGIG_07195
FGIG_07195           -            375 470197at33208        -            328   5.6e-07   28.6   1.7   3   5     0.013       2.1    7.0   0.0   158   191   256   288   244   299 0.78 transcript=FGIG_07195 gene=FGIG_07195
FGIG_07195           -            375 470197at33208        -            328   5.6e-07   28.6   1.7   4   5    0.0012       0.2   10.3   0.1   123   191   268   336   259   344 0.77 transcript=FGIG_07195 gene=FGIG_07195
FGIG_07195           -            375 470197at33208        -            328   5.6e-07   28.6   1.7   5   5      0.45        74    1.9   0.0   162   192   308   337   306   375 0.48 transcript=FGIG_07195 gene=FGIG_07195
FGIG_01482           -            363 470197at33208        -            328   6.1e-07   28.5   0.2   1   2   5.2e-06   0.00086   18.1   0.5   106   198    31   121    22   137 0.81 transcript=FGIG_01482 gene=FGIG_01482
FGIG_01482           -            363 470197at33208        -            328   6.1e-07   28.5   0.2   2   2    0.0065       1.1    7.9   0.0   113   181   271   333   266   335 0.91 transcript=FGIG_01482 gene=FGIG_01482
FGIG_05472           -            520 470197at33208        -            328   8.4e-07   28.0   0.5   1   1   2.5e-08   4.1e-06   25.7   0.5   108   215    75   191    62   206 0.71 transcript=FGIG_05472 gene=FGIG_05472
FGIG_07174           -            779 470197at33208        -            328     1e-06   27.7   2.5   1   2   2.3e-06   0.00038   19.3   0.0   131   193   180   240   153   260 0.83 transcript=FGIG_07174 gene=FGIG_07174
FGIG_07174           -            779 470197at33208        -            328     1e-06   27.7   2.5   2   2    0.0094       1.5    7.4   0.5   128   192   708   773   702   778 0.81 transcript=FGIG_07174 gene=FGIG_07174
FGIG_05783           -            744 470197at33208        -            328   1.2e-06   27.5   1.9   1   2   2.6e-06   0.00042   19.1   0.1   125   192   114   180   101   189 0.82 transcript=FGIG_05783 gene=FGIG_05783
FGIG_05783           -            744 470197at33208        -            328   1.2e-06   27.5   1.9   2   2     0.011       1.7    7.2   0.3   127   189   663   729   658   733 0.83 transcript=FGIG_05783 gene=FGIG_05783
FGIG_09297           -            167 470197at33208        -            328   1.3e-06   27.4   0.7   1   2     0.035       5.7    5.6   0.0   159   193     7    40     2    50 0.76 transcript=FGIG_09297 gene=FGIG_09297
FGIG_09297           -            167 470197at33208        -            328   1.3e-06   27.4   0.7   2   2   1.6e-06   0.00026   19.8   0.3   157   195    88   125    71   147 0.83 transcript=FGIG_09297 gene=FGIG_09297
FGIG_09641           -            573 470197at33208        -            328   1.6e-06   27.1   0.5   1   3     0.002      0.34    9.6   0.0   135   214    39   111     8   127 0.71 transcript=FGIG_09641 gene=FGIG_09641
FGIG_09641           -            573 470197at33208        -            328   1.6e-06   27.1   0.5   2   3      0.64     1e+02    1.4   0.0   196   213   206   223   134   237 0.60 transcript=FGIG_09641 gene=FGIG_09641
FGIG_09641           -            573 470197at33208        -            328   1.6e-06   27.1   0.5   3   3    0.0032      0.53    9.0   0.0   160   224   249   320   241   377 0.66 transcript=FGIG_09641 gene=FGIG_09641
FGIG_08876           -            721 470197at33208        -            328   1.8e-06   26.9   1.1   1   3      0.58        96    1.5   0.1   199   228   463   493   455   507 0.75 transcript=FGIG_08876 gene=FGIG_08876
FGIG_08876           -            721 470197at33208        -            328   1.8e-06   26.9   1.1   2   3     3e-06   0.00049   18.9   0.2    79   195   508   629   504   664 0.65 transcript=FGIG_08876 gene=FGIG_08876
FGIG_08876           -            721 470197at33208        -            328   1.8e-06   26.9   1.1   3   3       4.7   7.8e+02   -1.5   0.0   175   195   651   671   643   677 0.80 transcript=FGIG_08876 gene=FGIG_08876
FGIG_06327           -            547 470197at33208        -            328   1.9e-06   26.9   1.7   1   2     2e-07   3.4e-05   22.7   0.1   124   194    47   111    35   124 0.77 transcript=FGIG_06327 gene=FGIG_06327
FGIG_06327           -            547 470197at33208        -            328   1.9e-06   26.9   1.7   2   2       0.3        49    2.5   0.1   114   187   255   331   186   340 0.52 transcript=FGIG_06327 gene=FGIG_06327
FGIG_04033           -            607 470197at33208        -            328     3e-06   26.2   0.8   1   4      0.48        78    1.8   0.0   148   181   138   169    94   177 0.58 transcript=FGIG_04033 gene=FGIG_04033
FGIG_04033           -            607 470197at33208        -            328     3e-06   26.2   0.8   2   4    0.0077       1.3    7.7   0.1   118   190   208   289   202   293 0.77 transcript=FGIG_04033 gene=FGIG_04033
FGIG_04033           -            607 470197at33208        -            328     3e-06   26.2   0.8   3   4   0.00018      0.03   13.1   0.6   125   191   272   337   268   345 0.78 transcript=FGIG_04033 gene=FGIG_04033
FGIG_04033           -            607 470197at33208        -            328     3e-06   26.2   0.8   4   4      0.27        44    2.6   0.0   156   210   398   452   391   459 0.85 transcript=FGIG_04033 gene=FGIG_04033
FGIG_04951           -           1030 470197at33208        -            328   3.3e-06   26.1   2.0   1   6      0.11        18    3.9   0.0   127   193   111   177    93   206 0.68 transcript=FGIG_04951 gene=FGIG_04951
FGIG_04951           -           1030 470197at33208        -            328   3.3e-06   26.1   2.0   2   6   0.00045     0.075   11.7   0.2   102   213   245   356   239   366 0.73 transcript=FGIG_04951 gene=FGIG_04951
FGIG_04951           -           1030 470197at33208        -            328   3.3e-06   26.1   2.0   3   6    0.0065       1.1    7.9   0.0   150   194   329   373   326   397 0.84 transcript=FGIG_04951 gene=FGIG_04951
FGIG_04951           -           1030 470197at33208        -            328   3.3e-06   26.1   2.0   4   6       4.6   7.6e+02   -1.4   0.0   153   190   464   503   437   551 0.72 transcript=FGIG_04951 gene=FGIG_04951
FGIG_04951           -           1030 470197at33208        -            328   3.3e-06   26.1   2.0   5   6       4.9   8.1e+02   -1.5   0.0   232   252   590   610   584   619 0.65 transcript=FGIG_04951 gene=FGIG_04951
FGIG_04951           -           1030 470197at33208        -            328   3.3e-06   26.1   2.0   6   6       1.7   2.7e+02    0.0   0.0   232   259   686   713   678   722 0.74 transcript=FGIG_04951 gene=FGIG_04951
FGIG_08754           -            330 470197at33208        -            328   3.4e-06   26.0   6.7   1   3      0.03       4.9    5.8   0.1   142   196    23    73     3    89 0.73 transcript=FGIG_08754 gene=FGIG_08754
FGIG_08754           -            330 470197at33208        -            328   3.4e-06   26.0   6.7   2   3       1.9   3.1e+02   -0.1   0.1   166   204   213   251   172   253 0.72 transcript=FGIG_08754 gene=FGIG_08754
FGIG_08754           -            330 470197at33208        -            328   3.4e-06   26.0   6.7   3   3   7.9e-07   0.00013   20.8   2.8   145   222   242   326   218   329 0.63 transcript=FGIG_08754 gene=FGIG_08754
FGIG_11735           -            468 470197at33208        -            328   4.4e-06   25.7   3.5   1   2   6.4e-08   1.1e-05   24.4   1.8   117   196   202   274   196   303 0.81 transcript=FGIG_11735 gene=FGIG_11735
FGIG_11735           -            468 470197at33208        -            328   4.4e-06   25.7   3.5   2   2       1.3   2.1e+02    0.4   0.0   100   123   439   461   412   464 0.65 transcript=FGIG_11735 gene=FGIG_11735
FGIG_04176           -            341 470197at33208        -            328   8.8e-06   24.7   0.1   1   4     0.001      0.17   10.6   0.0   160   197    57    93    39   131 0.81 transcript=FGIG_04176 gene=FGIG_04176
FGIG_04176           -            341 470197at33208        -            328   8.8e-06   24.7   0.1   2   4       1.5   2.5e+02    0.2   0.0   160   195   186   220   168   226 0.77 transcript=FGIG_04176 gene=FGIG_04176
FGIG_04176           -            341 470197at33208        -            328   8.8e-06   24.7   0.1   3   4       1.1   1.8e+02    0.6   0.0   114   178   188   246   182   264 0.53 transcript=FGIG_04176 gene=FGIG_04176
FGIG_04176           -            341 470197at33208        -            328   8.8e-06   24.7   0.1   4   4    0.0029      0.48    9.1   0.0   155   223   266   341   255   341 0.70 transcript=FGIG_04176 gene=FGIG_04176
FGIG_01783           -           1441 470197at33208        -            328   1.5e-05   23.9   1.2   1   2   0.00061       0.1   11.3   0.3   114   191    59   136    46   179 0.65 transcript=FGIG_01783 gene=FGIG_01783
FGIG_01783           -           1441 470197at33208        -            328   1.5e-05   23.9   1.2   2   2   0.00053     0.088   11.5   0.2   118   213   154   251   148   285 0.55 transcript=FGIG_01783 gene=FGIG_01783
FGIG_02340           -            373 470197at33208        -            328   1.8e-05   23.6   1.7   1   2   8.9e-06    0.0015   17.4   0.1   160   204    85   128    73   133 0.84 transcript=FGIG_02340 gene=FGIG_02340
FGIG_02340           -            373 470197at33208        -            328   1.8e-05   23.6   1.7   2   2       0.6        99    1.5   0.1   156   195   209   249   192   255 0.80 transcript=FGIG_02340 gene=FGIG_02340
FGIG_10881           -            268 470197at33208        -            328     2e-05   23.5   2.4   1   1   1.9e-07   3.1e-05   22.9   2.4   112   216   102   201    98   212 0.75 transcript=FGIG_10881 gene=FGIG_10881
FGIG_00093           -            685 470197at33208        -            328   2.4e-05   23.2   1.0   1   5       1.2     2e+02    0.5   0.0   165   187   187   209   177   247 0.57 transcript=FGIG_00093 gene=FGIG_00093
FGIG_00093           -            685 470197at33208        -            328   2.4e-05   23.2   1.0   2   5     0.035       5.7    5.6   0.0   235   284   281   333   255   338 0.86 transcript=FGIG_00093 gene=FGIG_00093
FGIG_00093           -            685 470197at33208        -            328   2.4e-05   23.2   1.0   3   5       5.5     9e+02   -1.7   0.0   165   285   370   381   349   397 0.71 transcript=FGIG_00093 gene=FGIG_00093
FGIG_00093           -            685 470197at33208        -            328   2.4e-05   23.2   1.0   4   5     0.018         3    6.5   0.0   112   178   432   499   416   506 0.61 transcript=FGIG_00093 gene=FGIG_00093
FGIG_00093           -            685 470197at33208        -            328   2.4e-05   23.2   1.0   5   5     0.079        13    4.4   0.0   154   178   518   542   507   584 0.77 transcript=FGIG_00093 gene=FGIG_00093
FGIG_06664           -            340 470197at33208        -            328   3.1e-05   22.8   0.2   1   4    0.0018       0.3    9.7   0.1   160   197    56    92    37   124 0.81 transcript=FGIG_06664 gene=FGIG_06664
FGIG_06664           -            340 470197at33208        -            328   3.1e-05   22.8   0.2   2   4      0.84   1.4e+02    1.0   0.0   137   194   168   218   160   225 0.72 transcript=FGIG_06664 gene=FGIG_06664
FGIG_06664           -            340 470197at33208        -            328   3.1e-05   22.8   0.2   3   4     0.017       2.8    6.6   0.0   160   193   271   303   182   306 0.82 transcript=FGIG_06664 gene=FGIG_06664
FGIG_06664           -            340 470197at33208        -            328   3.1e-05   22.8   0.2   4   4     0.008       1.3    7.7   0.0   160   196   271   306   252   340 0.73 transcript=FGIG_06664 gene=FGIG_06664
FGIG_00781           -            283 470197at33208        -            328   3.4e-05   22.7   1.2   1   2     0.064        10    4.7   0.0   149   189   152   193   134   204 0.76 transcript=FGIG_00781 gene=FGIG_00781
FGIG_00781           -            283 470197at33208        -            328   3.4e-05   22.7   1.2   2   2   2.4e-05     0.004   15.9   0.8   111   177   207   273   197   282 0.78 transcript=FGIG_00781 gene=FGIG_00781
FGIG_09573           -            267 470197at33208        -            328   5.2e-05   22.1   0.8   1   2    0.0058      0.95    8.1   0.1   114   190    72   147    61   152 0.71 transcript=FGIG_09573 gene=FGIG_09573
FGIG_09573           -            267 470197at33208        -            328   5.2e-05   22.1   0.8   2   2   0.00032     0.053   12.2   0.1   157   194   172   209   159   257 0.89 transcript=FGIG_09573 gene=FGIG_09573
FGIG_04040           -           1849 470197at33208        -            328   6.1e-05   21.9   3.5   1   3    0.0096       1.6    7.4   0.0    72   103    15    46     3    56 0.84 transcript=FGIG_04040 gene=FGIG_04040
FGIG_04040           -           1849 470197at33208        -            328   6.1e-05   21.9   3.5   2   3    0.0055       0.9    8.2   0.0    75   122    68   123    60   176 0.71 transcript=FGIG_04040 gene=FGIG_04040
FGIG_04040           -           1849 470197at33208        -            328   6.1e-05   21.9   3.5   3   3     0.088        14    4.2   0.3   158   224   484   551   471   562 0.75 transcript=FGIG_04040 gene=FGIG_04040
FGIG_05815           -             88 470197at33208        -            328   6.2e-05   21.9   0.2   1   2   7.8e-06    0.0013   17.6   0.0   160   196    15    50     4    56 0.88 transcript=FGIG_05815 gene=FGIG_05815
FGIG_05815           -             88 470197at33208        -            328   6.2e-05   21.9   0.2   2   2      0.18        30    3.2   0.0    67   100    54    87    50    88 0.81 transcript=FGIG_05815 gene=FGIG_05815
FGIG_02160           -            698 470197at33208        -            328   0.00017   20.5   0.1   1   2   0.00025     0.042   12.6   0.0   158   223   454   525   406   535 0.52 transcript=FGIG_02160 gene=FGIG_02160
FGIG_02160           -            698 470197at33208        -            328   0.00017   20.5   0.1   2   2     0.086        14    4.3   0.0   114   146   569   602   564   612 0.85 transcript=FGIG_02160 gene=FGIG_02160
FGIG_08424           -            447 470197at33208        -            328   0.00019   20.3   5.8   1   2   1.4e-05    0.0024   16.7   1.6   113   215   243   348   234   356 0.80 transcript=FGIG_08424 gene=FGIG_08424
FGIG_08424           -            447 470197at33208        -            328   0.00019   20.3   5.8   2   2    0.0024      0.39    9.4   0.5   110   196   328   417   311   427 0.73 transcript=FGIG_08424 gene=FGIG_08424
FGIG_10397           -            963 470197at33208        -            328   0.00035   19.4   0.0   1   3      0.92   1.5e+02    0.9   0.0    73    99   610   636   600   642 0.83 transcript=FGIG_10397 gene=FGIG_10397
FGIG_10397           -            963 470197at33208        -            328   0.00035   19.4   0.0   2   3      0.02       3.3    6.3   0.0   159   195   665   700   649   705 0.75 transcript=FGIG_10397 gene=FGIG_10397
FGIG_10397           -            963 470197at33208        -            328   0.00035   19.4   0.0   3   3     0.017       2.9    6.5   0.0   156   202   882   927   872   937 0.87 transcript=FGIG_10397 gene=FGIG_10397
FGIG_06432           -            799 470197at33208        -            328   0.00058   18.7   0.3   1   4    0.0025      0.41    9.3   0.0   148   196   373   421   368   484 0.79 transcript=FGIG_06432 gene=FGIG_06432
FGIG_06432           -            799 470197at33208        -            328   0.00058   18.7   0.3   2   4       7.3   1.2e+03   -2.1   0.0   162   188   456   482   449   501 0.59 transcript=FGIG_06432 gene=FGIG_06432
FGIG_06432           -            799 470197at33208        -            328   0.00058   18.7   0.3   3   4      0.12        19    3.8   0.0   159   179   571   591   548   612 0.79 transcript=FGIG_06432 gene=FGIG_06432
FGIG_06432           -            799 470197at33208        -            328   0.00058   18.7   0.3   4   4       1.2   1.9e+02    0.5   0.0    73   102   713   742   705   745 0.86 transcript=FGIG_06432 gene=FGIG_06432
FGIG_08971           -            508 470197at33208        -            328   0.00081   18.2   0.2   1   2     0.061        10    4.8   0.1   118   189   247   313   234   318 0.61 transcript=FGIG_08971 gene=FGIG_08971
FGIG_08971           -            508 470197at33208        -            328   0.00081   18.2   0.2   2   2   0.00079      0.13   11.0   0.0   130   191   358   419   343   442 0.81 transcript=FGIG_08971 gene=FGIG_08971
FGIG_09373           -            371 470197at33208        -            328   0.00086   18.1   0.2   1   2   5.2e-05    0.0086   14.8   0.0   157   222    18    89     2    93 0.77 transcript=FGIG_09373 gene=FGIG_09373
FGIG_09373           -            371 470197at33208        -            328   0.00086   18.1   0.2   2   2       1.1   1.9e+02    0.6   0.0   175   194   279   298   258   315 0.72 transcript=FGIG_09373 gene=FGIG_09373
FGIG_09634           -           1852 470197at33208        -            328    0.0011   17.7   0.5   1   2     0.097        16    4.1   0.1   102   145   166   209   153   249 0.88 transcript=FGIG_09634 gene=FGIG_09634
FGIG_09634           -           1852 470197at33208        -            328    0.0011   17.7   0.5   2   2    0.0017      0.28    9.9   0.0   157   197  1736  1776  1729  1783 0.84 transcript=FGIG_09634 gene=FGIG_09634
FGIG_09556           -           1328 470197at33208        -            328    0.0012   17.6   3.5   1   2   0.00011     0.017   13.8   1.5    78   216    58   214    42   215 0.71 transcript=FGIG_09556 gene=FGIG_09556
FGIG_09556           -           1328 470197at33208        -            328    0.0012   17.6   3.5   2   2     0.029       4.7    5.8   0.0   157   184   192   219   180   230 0.86 transcript=FGIG_09556 gene=FGIG_09556
FGIG_08694           -            493 470197at33208        -            328    0.0016   17.3   1.4   1   3      0.05       8.2    5.0   0.0   268   286    93   111    87   122 0.88 transcript=FGIG_08694 gene=FGIG_08694
FGIG_08694           -            493 470197at33208        -            328    0.0016   17.3   1.4   2   3     0.022       3.7    6.2   0.1    73   119   136   186   114   201 0.56 transcript=FGIG_08694 gene=FGIG_08694
FGIG_08694           -            493 470197at33208        -            328    0.0016   17.3   1.4   3   3      0.22        36    2.9   0.0    78   118   380   421   348   432 0.71 transcript=FGIG_08694 gene=FGIG_08694
FGIG_09859           -            336 470197at33208        -            328    0.0016   17.2   0.0   1   2      0.54        89    1.6   0.0   153   189   124   160   114   167 0.72 transcript=FGIG_09859 gene=FGIG_09859
FGIG_09859           -            336 470197at33208        -            328    0.0016   17.2   0.0   2   2   0.00026     0.043   12.5   0.0   158   234   173   256   166   262 0.79 transcript=FGIG_09859 gene=FGIG_09859
FGIG_11676           -            267 470197at33208        -            328    0.0018   17.1   0.0   1   2   0.00067      0.11   11.2   0.0   159   195    47    82    28   151 0.73 transcript=FGIG_11676 gene=FGIG_11676
FGIG_11676           -            267 470197at33208        -            328    0.0018   17.1   0.0   2   2      0.16        26    3.4   0.0    70   103   185   219   151   237 0.65 transcript=FGIG_11676 gene=FGIG_11676
FGIG_01553           -           1037 470197at33208        -            328     0.002   16.9   0.0   1   1   0.00021     0.034   12.9   0.0   126   232   585   692   540   701 0.78 transcript=FGIG_01553 gene=FGIG_01553
FGIG_01213           -            597 470197at33208        -            328    0.0023   16.7   0.1   1   2     0.039       6.5    5.4   0.0   147   186   256   293   249   310 0.81 transcript=FGIG_01213 gene=FGIG_01213
FGIG_01213           -            597 470197at33208        -            328    0.0023   16.7   0.1   2   2    0.0035      0.58    8.8   0.1   164   221   323   387   317   400 0.71 transcript=FGIG_01213 gene=FGIG_01213
FGIG_09369           -            270 470197at33208        -            328    0.0024   16.7   1.4   1   2   0.00067      0.11   11.2   0.2   189   226    43    78    25    89 0.74 transcript=FGIG_09369 gene=FGIG_09369
FGIG_09369           -            270 470197at33208        -            328    0.0024   16.7   1.4   2   2      0.11        19    3.9   0.0   159   199   109   150    99   168 0.69 transcript=FGIG_09369 gene=FGIG_09369
FGIG_05904           -            571 470197at33208        -            328    0.0027   16.5   1.6   1   3     0.029       4.7    5.8   0.0    94   130    25    61    22    89 0.81 transcript=FGIG_05904 gene=FGIG_05904
FGIG_05904           -            571 470197at33208        -            328    0.0027   16.5   1.6   2   3    0.0078       1.3    7.7   0.0   112   165   104   158    95   227 0.87 transcript=FGIG_05904 gene=FGIG_05904
FGIG_05904           -            571 470197at33208        -            328    0.0027   16.5   1.6   3   3       1.4   2.4e+02    0.2   0.1   119   156   414   451   361   521 0.62 transcript=FGIG_05904 gene=FGIG_05904
FGIG_06771           -            499 470197at33208        -            328    0.0034   16.2   2.0   1   4    0.0002     0.032   12.9   0.0   157   222    58   129    41   142 0.76 transcript=FGIG_06771 gene=FGIG_06771
FGIG_06771           -            499 470197at33208        -            328    0.0034   16.2   2.0   2   4       5.1   8.3e+02   -1.6   0.0   126   193   177   252   173   258 0.50 transcript=FGIG_06771 gene=FGIG_06771
FGIG_06771           -            499 470197at33208        -            328    0.0034   16.2   2.0   3   4       1.4   2.3e+02    0.3   0.1   196   217   393   414   381   428 0.64 transcript=FGIG_06771 gene=FGIG_06771
FGIG_06771           -            499 470197at33208        -            328    0.0034   16.2   2.0   4   4       6.8   1.1e+03   -2.0   0.1    86   104   476   494   474   496 0.85 transcript=FGIG_06771 gene=FGIG_06771
FGIG_12532           -            114 470197at33208        -            328    0.0069   15.2   0.0   1   1   5.6e-05    0.0092   14.7   0.0   153   197    42    85    28   108 0.76 transcript=FGIG_12532 gene=FGIG_12532
FGIG_09246           -            602 470197at33208        -            328    0.0073   15.1   0.2   1   1     6e-05    0.0099   14.6   0.2   117   179     3    61     1    69 0.83 transcript=FGIG_09246 gene=FGIG_09246
FGIG_05321           -            430 470197at33208        -            328    0.0085   14.8   0.1   1   2    0.0096       1.6    7.4   0.0   155   190   337   371   327   391 0.78 transcript=FGIG_05321 gene=FGIG_05321
FGIG_05321           -            430 470197at33208        -            328    0.0085   14.8   0.1   2   2     0.057       9.3    4.9   0.0   160   178   400   418   394   423 0.83 transcript=FGIG_05321 gene=FGIG_05321
FGIG_08755           -            191 470197at33208        -            328    0.0098   14.6   0.0   1   2    0.0007      0.11   11.1   0.0   155   222     9    84     4    86 0.72 transcript=FGIG_08755 gene=FGIG_08755
FGIG_08755           -            191 470197at33208        -            328    0.0098   14.6   0.0   2   2     0.034       5.6    5.6   0.0   161   196    59    93    50   111 0.81 transcript=FGIG_08755 gene=FGIG_08755
FGIG_05681           -           1200 470197at33208        -            328     0.011   14.5   3.6   1   3      0.36        60    2.2   0.1   120   188   164   230   133   241 0.74 transcript=FGIG_05681 gene=FGIG_05681
FGIG_05681           -           1200 470197at33208        -            328     0.011   14.5   3.6   2   3       2.3   3.8e+02   -0.4   0.0   111   134   256   281   247   302 0.67 transcript=FGIG_05681 gene=FGIG_05681
FGIG_05681           -           1200 470197at33208        -            328     0.011   14.5   3.6   3   3     0.002      0.33    9.6   0.3   151   213   540   603   488   608 0.70 transcript=FGIG_05681 gene=FGIG_05681
FGIG_01593           -           1111 470197at33208        -            328     0.011   14.5   0.8   1   3       1.1   1.8e+02    0.7   0.0   166   194     4    31     1    40 0.77 transcript=FGIG_01593 gene=FGIG_01593
FGIG_01593           -           1111 470197at33208        -            328     0.011   14.5   0.8   2   3    0.0059      0.97    8.1   0.1   137   196   109   163    76   182 0.74 transcript=FGIG_01593 gene=FGIG_01593
FGIG_01593           -           1111 470197at33208        -            328     0.011   14.5   0.8   3   3      0.42        69    2.0   0.0   161   285   382   397   363   441 0.68 transcript=FGIG_01593 gene=FGIG_01593
FGIG_02407           -           1860 470197at33208        -            328     0.015   14.1   3.6   1   2   0.00036      0.06   12.1   0.2    75   188    15   129     6   158 0.69 transcript=FGIG_02407 gene=FGIG_02407
FGIG_02407           -           1860 470197at33208        -            328     0.015   14.1   3.6   2   2         1   1.7e+02    0.7   0.0   267   287   463   483   456   486 0.87 transcript=FGIG_02407 gene=FGIG_02407
FGIG_10046           -             98 470197at33208        -            328     0.025   13.3   0.0   1   2    0.0062         1    8.0   0.0   160   195    22    56     6    59 0.86 transcript=FGIG_10046 gene=FGIG_10046
FGIG_10046           -             98 470197at33208        -            328     0.025   13.3   0.0   2   2      0.11        19    3.9   0.0    68   102    62    96    55    98 0.84 transcript=FGIG_10046 gene=FGIG_10046
FGIG_05061           -            295 470197at33208        -            328     0.028   13.1   0.1   1   3       4.1   6.8e+02   -1.3   0.0   165   175    20    30    11    32 0.61 transcript=FGIG_05061 gene=FGIG_05061
FGIG_05061           -            295 470197at33208        -            328     0.028   13.1   0.1   2   3    0.0049       0.8    8.4   0.0   161   183    66    88    45   100 0.80 transcript=FGIG_05061 gene=FGIG_05061
FGIG_05061           -            295 470197at33208        -            328     0.028   13.1   0.1   3   3      0.68   1.1e+02    1.3   0.0   160   178   125   143   110   174 0.73 transcript=FGIG_05061 gene=FGIG_05061
FGIG_09868           -            360 470197at33208        -            328     0.028   13.1   1.9   1   3    0.0081       1.3    7.6   0.1   123   215   100   187    91   193 0.82 transcript=FGIG_09868 gene=FGIG_09868
FGIG_09868           -            360 470197at33208        -            328     0.028   13.1   1.9   2   3      0.18        30    3.2   0.1   157   192   210   246   197   262 0.79 transcript=FGIG_09868 gene=FGIG_09868
FGIG_09868           -            360 470197at33208        -            328     0.028   13.1   1.9   3   3       2.1   3.5e+02   -0.3   0.0   145   190   295   339   290   349 0.76 transcript=FGIG_09868 gene=FGIG_09868
FGIG_08919           -             89 470197at33208        -            328     0.063   12.0   0.0   1   1   0.00045     0.074   11.8   0.0   157   189    55    87    41    89 0.83 transcript=FGIG_08919 gene=FGIG_08919
FGIG_01747           -            794 470197at33208        -            328      0.44    9.2   3.2   1   3       6.4   1.1e+03   -1.9   0.0   109   145   180   216   132   253 0.73 transcript=FGIG_01747 gene=FGIG_01747
FGIG_01747           -            794 470197at33208        -            328      0.44    9.2   3.2   2   3       7.8   1.3e+03   -2.2   0.0   167   190   521   544   506   547 0.84 transcript=FGIG_01747 gene=FGIG_01747
FGIG_01747           -            794 470197at33208        -            328      0.44    9.2   3.2   3   3    0.0033      0.55    8.9   0.1   154   248   667   764   650   773 0.71 transcript=FGIG_01747 gene=FGIG_01747
#
# Program:         hmmsearch
# Version:         3.4 (Aug 2023)
# Pipeline mode:   SEARCH
# Query file:      /users/40483456/busco_datasets/busco_downloads/lineages/metazoa_odb10/hmms/470197at33208.hmm
# Target file:     /users/40483456/protein/fasciola_gigantica.fa
# Option settings: hmmsearch --domtblout /users/40483456/busco/results_pro/fasciola_gigantica_busco/run_metazoa_odb10/hmmer_output/initial_run_results/470197at33208.out --cpu 1 /users/40483456/busco_datasets/busco_downloads/lineages/metazoa_odb10/hmms/470197at33208.hmm /users/40483456/protein/fasciola_gigantica.fa 
# Current dir:     /users/40483456
# Date:            Thu Jan 15 17:41:06 2026
# [ok]
