#                                                                            --- full sequence --- -------------- this domain -------------   hmm coord   ali coord   env coord
# target name        accession   tlen query name           accession   qlen   E-value  score  bias   #  of  c-Evalue  i-Evalue  score  bias  from    to  from    to  from    to  acc description of target
#------------------- ---------- ----- -------------------- ---------- ----- --------- ------ ----- --- --- --------- --------- ------ ----- ----- ----- ----- ----- ----- ----- ---- ---------------------
FGIG_06773           -            249 470523at33208        -            196   7.9e-40  136.0   0.2   1   2   2.8e-13   5.1e-10   38.7   0.1    15    61     2    49     1    54 0.89 transcript=FGIG_06773 gene=FGIG_06773
FGIG_06773           -            249 470523at33208        -            196   7.9e-40  136.0   0.2   2   2   1.1e-30     2e-27   95.5   0.0    57   196    73   236    59   236 0.81 transcript=FGIG_06773 gene=FGIG_06773
FGIG_01820           -            346 470523at33208        -            196   7.9e-39  132.7   3.1   1   2       2.3   4.2e+03   -3.4   0.0    68    83    59    73    55    94 0.61 transcript=FGIG_01820 gene=FGIG_01820
FGIG_01820           -            346 470523at33208        -            196   7.9e-39  132.7   3.1   2   2   5.3e-42   9.5e-39  132.5   1.8     4   159   114   285   111   317 0.83 transcript=FGIG_01820 gene=FGIG_01820
FGIG_07783           -            259 470523at33208        -            196   1.8e-38  131.6   0.8   1   1   1.4e-41   2.5e-38  131.1   0.8     2   159    39   210    38   225 0.83 transcript=FGIG_07783 gene=FGIG_07783
FGIG_02121           -            419 470523at33208        -            196   2.3e-32  111.6   0.0   1   1   2.4e-35   4.3e-32  110.8   0.0     2   155   121   293   120   330 0.83 transcript=FGIG_02121 gene=FGIG_02121
FGIG_07953           -            340 470523at33208        -            196   3.4e-32  111.1   0.0   1   1   3.2e-35   5.7e-32  110.4   0.0     5   151   134   298   130   302 0.86 transcript=FGIG_07953 gene=FGIG_07953
FGIG_04354           -            449 470523at33208        -            196   1.3e-23   83.1   6.8   1   2   2.9e-14   5.2e-11   42.0   0.7     2    58   199   256   198   261 0.93 transcript=FGIG_04354 gene=FGIG_04354
FGIG_04354           -            449 470523at33208        -            196   1.3e-23   83.1   6.8   2   2   1.6e-13   2.9e-10   39.6   0.8    59   145   282   390   258   409 0.65 transcript=FGIG_04354 gene=FGIG_04354
FGIG_01821           -            284 470523at33208        -            196   2.5e-19   69.1   1.4   1   1   3.7e-22   6.7e-19   67.7   1.4     4    91   179   278   177   283 0.86 transcript=FGIG_01821 gene=FGIG_01821
#
# Program:         hmmsearch
# Version:         3.4 (Aug 2023)
# Pipeline mode:   SEARCH
# Query file:      /users/40483456/busco_datasets/busco_downloads/lineages/metazoa_odb10/hmms/470523at33208.hmm
# Target file:     /users/40483456/protein/fasciola_gigantica.fa
# Option settings: hmmsearch --domtblout /users/40483456/busco/results_pro/fasciola_gigantica_busco/run_metazoa_odb10/hmmer_output/initial_run_results/470523at33208.out --cpu 1 /users/40483456/busco_datasets/busco_downloads/lineages/metazoa_odb10/hmms/470523at33208.hmm /users/40483456/protein/fasciola_gigantica.fa 
# Current dir:     /users/40483456
# Date:            Thu Jan 15 17:41:06 2026
# [ok]
