#                                                                            --- full sequence --- -------------- this domain -------------   hmm coord   ali coord   env coord
# target name        accession   tlen query name           accession   qlen   E-value  score  bias   #  of  c-Evalue  i-Evalue  score  bias  from    to  from    to  from    to  acc description of target
#------------------- ---------- ----- -------------------- ---------- ----- --------- ------ ----- --- --- --------- --------- ------ ----- ----- ----- ----- ----- ----- ----- ---- ---------------------
FGIG_00974           -            422 511272at33208        -            217   2.1e-35  121.6   3.2   1   3   7.9e-13   6.2e-10   38.4   0.1     1    55    62   120    62   140 0.79 transcript=FGIG_00974 gene=FGIG_00974
FGIG_00974           -            422 511272at33208        -            217   2.1e-35  121.6   3.2   2   3   2.7e-24   2.1e-21   75.9   0.1    76   200   191   347   156   357 0.77 transcript=FGIG_00974 gene=FGIG_00974
FGIG_00974           -            422 511272at33208        -            217   2.1e-35  121.6   3.2   3   3       1.2   9.2e+02   -1.4   0.0   196   214   385   403   383   405 0.87 transcript=FGIG_00974 gene=FGIG_00974
FGIG_11233           -            422 511272at33208        -            217   2.9e-14   52.5   0.2   1   2   0.00076       0.6    9.0   0.1     7    44   105   148   101   158 0.67 transcript=FGIG_11233 gene=FGIG_11233
FGIG_11233           -            422 511272at33208        -            217   2.9e-14   52.5   0.2   2   2   1.1e-13   8.4e-11   41.2   0.0    69   190   231   348   195   357 0.69 transcript=FGIG_11233 gene=FGIG_11233
FGIG_05032           -            685 511272at33208        -            217   5.2e-12   45.1   0.2   1   2     0.006       4.8    6.1   0.0     8    50   206   256   201   301 0.73 transcript=FGIG_05032 gene=FGIG_05032
FGIG_05032           -            685 511272at33208        -            217   5.2e-12   45.1   0.2   2   2   2.6e-12   2.1e-09   36.7   0.1    73   142   303   365   286   377 0.85 transcript=FGIG_05032 gene=FGIG_05032
FGIG_08980           -            654 511272at33208        -            217   2.3e-08   33.2   0.0   1   2      0.86   6.8e+02   -1.0   0.0     5    26    44    65    42    76 0.85 transcript=FGIG_08980 gene=FGIG_08980
FGIG_08980           -            654 511272at33208        -            217   2.3e-08   33.2   0.0   2   2   1.3e-10   1.1e-07   31.1   0.0    71   141   283   346   257   360 0.80 transcript=FGIG_08980 gene=FGIG_08980
FGIG_08488           -            632 511272at33208        -            217   2.6e-07   29.8   0.2   1   2   9.4e-10   7.4e-07   28.3   0.1    73   142    82   147    55   176 0.82 transcript=FGIG_08488 gene=FGIG_08488
FGIG_08488           -            632 511272at33208        -            217   2.6e-07   29.8   0.2   2   2       1.7   1.4e+03   -2.0   0.0    32    46   196   210   166   213 0.70 transcript=FGIG_08488 gene=FGIG_08488
FGIG_00519           -            685 511272at33208        -            217   4.8e-05   22.4   0.0   1   1   1.3e-07    0.0001   21.3   0.0    76   139   169   227   156   249 0.84 transcript=FGIG_00519 gene=FGIG_00519
FGIG_08124           -            277 511272at33208        -            217   5.7e-05   22.1   0.0   1   1   1.5e-07   0.00012   21.1   0.0    71   139    58   121     7   127 0.85 transcript=FGIG_08124 gene=FGIG_08124
FGIG_10746           -            104 511272at33208        -            217    0.0014   17.6   0.0   1   1     2e-06    0.0016   17.4   0.0    64    95    57    88    41    99 0.87 transcript=FGIG_10746 gene=FGIG_10746
FGIG_05397           -            626 511272at33208        -            217    0.0018   17.2   0.0   1   1   4.3e-06    0.0034   16.3   0.0    65   136   240   317   235   323 0.69 transcript=FGIG_05397 gene=FGIG_05397
FGIG_02326           -            496 511272at33208        -            217    0.0018   17.2   0.0   1   1     4e-06    0.0032   16.4   0.0    65   136    75   151    69   156 0.81 transcript=FGIG_02326 gene=FGIG_02326
FGIG_03536           -            353 511272at33208        -            217     0.027   13.4   0.0   1   1   7.3e-05     0.058   12.3   0.0    73   139    47   108    41   112 0.76 transcript=FGIG_03536 gene=FGIG_03536
FGIG_00271           -            185 511272at33208        -            217     0.033   13.1   0.0   1   1   7.7e-05     0.061   12.2   0.0    74    98    16    40     6    66 0.89 transcript=FGIG_00271 gene=FGIG_00271
FGIG_12431           -            472 511272at33208        -            217     0.045   12.7   0.0   1   1   9.4e-05     0.075   12.0   0.0    66   123   267   324   224   350 0.73 transcript=FGIG_12431 gene=FGIG_12431
FGIG_06263           -            184 511272at33208        -            217      0.06   12.3   0.1   1   2   0.00094      0.74    8.7   0.0    68    96     9    37     3    46 0.82 transcript=FGIG_06263 gene=FGIG_06263
FGIG_06263           -            184 511272at33208        -            217      0.06   12.3   0.1   2   2      0.16   1.3e+02    1.4   0.0   177   204    95   122    85   133 0.81 transcript=FGIG_06263 gene=FGIG_06263
FGIG_04571           -            379 511272at33208        -            217     0.092   11.7   0.1   1   1   0.00021      0.16   10.8   0.1    59   101    23    65    16    94 0.91 transcript=FGIG_04571 gene=FGIG_04571
FGIG_10235           -            389 511272at33208        -            217       0.1   11.5   0.0   1   1   0.00022      0.17   10.8   0.0    64    95   322   353   315   365 0.82 transcript=FGIG_10235 gene=FGIG_10235
#
# Program:         hmmsearch
# Version:         3.4 (Aug 2023)
# Pipeline mode:   SEARCH
# Query file:      /users/40483456/busco_datasets/busco_downloads/lineages/metazoa_odb10/hmms/511272at33208.hmm
# Target file:     /users/40483456/protein/fasciola_gigantica.fa
# Option settings: hmmsearch --domtblout /users/40483456/busco/results_pro/fasciola_gigantica_busco/run_metazoa_odb10/hmmer_output/initial_run_results/511272at33208.out --cpu 1 /users/40483456/busco_datasets/busco_downloads/lineages/metazoa_odb10/hmms/511272at33208.hmm /users/40483456/protein/fasciola_gigantica.fa 
# Current dir:     /users/40483456
# Date:            Thu Jan 15 17:41:09 2026
# [ok]
