#                                                                            --- full sequence --- -------------- this domain -------------   hmm coord   ali coord   env coord
# target name        accession   tlen query name           accession   qlen   E-value  score  bias   #  of  c-Evalue  i-Evalue  score  bias  from    to  from    to  from    to  acc description of target
#------------------- ---------- ----- -------------------- ---------- ----- --------- ------ ----- --- --- --------- --------- ------ ----- ----- ----- ----- ----- ----- ----- ---- ---------------------
FGIG_00263           -            968 561248at33208        -            174   2.2e-19   69.3   4.9   1   3   7.7e-09   3.2e-05   23.1   0.0     5    30   182   207   178   211 0.91 transcript=FGIG_00263 gene=FGIG_00263
FGIG_00263           -            968 561248at33208        -            174   2.2e-19   69.3   4.9   2   3      0.14   5.9e+02   -0.5   0.0    51    73   293   315   283   322 0.88 transcript=FGIG_00263 gene=FGIG_00263
FGIG_00263           -            968 561248at33208        -            174   2.2e-19   69.3   4.9   3   3   1.3e-15   5.6e-12   45.1   1.7    93   174   870   961   868   961 0.87 transcript=FGIG_00263 gene=FGIG_00263
FGIG_06402           -            152 561248at33208        -            174     0.017   14.3   0.1   1   1   5.9e-06     0.025   13.7   0.1    52    95    28    71    17    76 0.91 transcript=FGIG_06402 gene=FGIG_06402
FGIG_07281           -            807 561248at33208        -            174       4.4    6.4  12.4   1   4       1.2     5e+03   -3.5   0.3   120   145    49    74    39    93 0.53 transcript=FGIG_07281 gene=FGIG_07281
FGIG_07281           -            807 561248at33208        -            174       4.4    6.4  12.4   2   4      0.13   5.5e+02   -0.4   0.0    13    31   191   209   189   213 0.90 transcript=FGIG_07281 gene=FGIG_07281
FGIG_07281           -            807 561248at33208        -            174       4.4    6.4  12.4   3   4   1.6e-05     0.068   12.3   2.6    61   118   250   303   231   310 0.90 transcript=FGIG_07281 gene=FGIG_07281
FGIG_07281           -            807 561248at33208        -            174       4.4    6.4  12.4   4   4       1.3   5.6e+03   -3.7   0.1    89   100   424   435   403   441 0.59 transcript=FGIG_07281 gene=FGIG_07281
#
# Program:         hmmsearch
# Version:         3.4 (Aug 2023)
# Pipeline mode:   SEARCH
# Query file:      /users/40483456/busco_datasets/busco_downloads/lineages/metazoa_odb10/hmms/561248at33208.hmm
# Target file:     /users/40483456/protein/fasciola_gigantica.fa
# Option settings: hmmsearch --domtblout /users/40483456/busco/results_pro/fasciola_gigantica_busco/run_metazoa_odb10/hmmer_output/initial_run_results/561248at33208.out --cpu 1 /users/40483456/busco_datasets/busco_downloads/lineages/metazoa_odb10/hmms/561248at33208.hmm /users/40483456/protein/fasciola_gigantica.fa 
# Current dir:     /users/40483456
# Date:            Thu Jan 15 17:41:12 2026
# [ok]
