#                                                                            --- full sequence --- -------------- this domain -------------   hmm coord   ali coord   env coord
# target name        accession   tlen query name           accession   qlen   E-value  score  bias   #  of  c-Evalue  i-Evalue  score  bias  from    to  from    to  from    to  acc description of target
#------------------- ---------- ----- -------------------- ---------- ----- --------- ------ ----- --- --- --------- --------- ------ ----- ----- ----- ----- ----- ----- ----- ---- ---------------------
FGIG_04097           -            905 567650at33208        -            214   3.3e-45  153.3  46.7   1   7   8.5e-15   1.8e-12   46.3  15.3    74   194    78   214    34   222 0.79 transcript=FGIG_04097 gene=FGIG_04097
FGIG_04097           -            905 567650at33208        -            214   3.3e-45  153.3  46.7   2   7   5.7e-07   0.00013   20.7   2.7    92   208   188   298   187   303 0.76 transcript=FGIG_04097 gene=FGIG_04097
FGIG_04097           -            905 567650at33208        -            214   3.3e-45  153.3  46.7   3   7     5e-09   1.1e-06   27.4   0.2    82   185   248   342   239   344 0.84 transcript=FGIG_04097 gene=FGIG_04097
FGIG_04097           -            905 567650at33208        -            214   3.3e-45  153.3  46.7   4   7     1e-13   2.3e-11   42.7   2.3    90   203   279   409   274   417 0.56 transcript=FGIG_04097 gene=FGIG_04097
FGIG_04097           -            905 567650at33208        -            214   3.3e-45  153.3  46.7   5   7   4.8e-17   1.1e-14   53.6   5.2    66   204   347   504   346   514 0.84 transcript=FGIG_04097 gene=FGIG_04097
FGIG_04097           -            905 567650at33208        -            214   3.3e-45  153.3  46.7   6   7   1.9e-07     4e-05   22.3   1.5   148   200   593   648   584   649 0.81 transcript=FGIG_04097 gene=FGIG_04097
FGIG_04097           -            905 567650at33208        -            214   3.3e-45  153.3  46.7   7   7    0.0004     0.087   11.4   0.8    91   123   638   673   632   680 0.63 transcript=FGIG_04097 gene=FGIG_04097
FGIG_04992           -           1575 567650at33208        -            214     3e-38  130.6  48.5   1   4   4.5e-18   9.8e-16   57.0   4.4    77   202    46   187    13   190 0.87 transcript=FGIG_04992 gene=FGIG_04992
FGIG_04992           -           1575 567650at33208        -            214     3e-38  130.6  48.5   2   4   3.8e-10   8.3e-08   31.1   0.5   127   186   176   238   172   242 0.92 transcript=FGIG_04992 gene=FGIG_04992
FGIG_04992           -           1575 567650at33208        -            214     3e-38  130.6  48.5   3   4   6.4e-13   1.4e-10   40.2   9.0    86   186   193   307   187   314 0.79 transcript=FGIG_04992 gene=FGIG_04992
FGIG_04992           -           1575 567650at33208        -            214     3e-38  130.6  48.5   4   4     3e-15   6.6e-13   47.8  12.3    85   203   238   372   236   379 0.82 transcript=FGIG_04992 gene=FGIG_04992
FGIG_05640           -            414 567650at33208        -            214   2.3e-28   98.3  34.5   1   3   2.5e-16   5.6e-14   51.3   8.2    78   196    33   167    20   182 0.79 transcript=FGIG_05640 gene=FGIG_05640
FGIG_05640           -            414 567650at33208        -            214   2.3e-28   98.3  34.5   2   3   2.6e-11   5.6e-09   34.9   7.6    80   202   129   270   126   276 0.65 transcript=FGIG_05640 gene=FGIG_05640
FGIG_05640           -            414 567650at33208        -            214   2.3e-28   98.3  34.5   3   3   1.1e-08   2.4e-06   26.3  12.7    91   200   258   360   255   392 0.51 transcript=FGIG_05640 gene=FGIG_05640
FGIG_07206           -            591 567650at33208        -            214   1.6e-25   89.0  34.6   1   5   1.2e-07   2.6e-05   22.9   5.0    75   181   105   225   100   226 0.72 transcript=FGIG_07206 gene=FGIG_07206
FGIG_07206           -            591 567650at33208        -            214   1.6e-25   89.0  34.6   2   5   1.6e-09   3.5e-07   29.1   4.3    85   174   185   288   181   292 0.80 transcript=FGIG_07206 gene=FGIG_07206
FGIG_07206           -            591 567650at33208        -            214   1.6e-25   89.0  34.6   3   5   0.00036     0.079   11.6   0.1   151   187   350   387   347   393 0.86 transcript=FGIG_07206 gene=FGIG_07206
FGIG_07206           -            591 567650at33208        -            214   1.6e-25   89.0  34.6   4   5   1.5e-11   3.3e-09   35.7  12.5    80   185   405   502   402   517 0.84 transcript=FGIG_07206 gene=FGIG_07206
FGIG_07206           -            591 567650at33208        -            214   1.6e-25   89.0  34.6   5   5     0.099        22    3.6   0.3    74   110   492   528   488   531 0.85 transcript=FGIG_07206 gene=FGIG_07206
FGIG_06863           -            408 567650at33208        -            214   1.7e-24   85.7  11.9   1   1   1.4e-23     3e-21   75.0  11.9     2   203    54   297    53   308 0.80 transcript=FGIG_06863 gene=FGIG_06863
FGIG_05845           -            560 567650at33208        -            214   9.2e-23   80.0  23.2   1   5   2.8e-13   6.1e-11   41.3   9.5    84   202    96   205    71   216 0.68 transcript=FGIG_05845 gene=FGIG_05845
FGIG_05845           -            560 567650at33208        -            214   9.2e-23   80.0  23.2   2   5   1.3e-07   2.7e-05   22.9   2.9    75   133   156   215   151   247 0.83 transcript=FGIG_05845 gene=FGIG_05845
FGIG_05845           -            560 567650at33208        -            214   9.2e-23   80.0  23.2   3   5       1.1   2.3e+02    0.2   0.0   163   186   369   392   365   395 0.82 transcript=FGIG_05845 gene=FGIG_05845
FGIG_05845           -            560 567650at33208        -            214   9.2e-23   80.0  23.2   4   5   7.4e-08   1.6e-05   23.6   0.8    67   123   397   457   390   495 0.85 transcript=FGIG_05845 gene=FGIG_05845
FGIG_05845           -            560 567650at33208        -            214   9.2e-23   80.0  23.2   5   5   2.6e-05    0.0058   15.3   0.2    89   123   498   535   472   539 0.84 transcript=FGIG_05845 gene=FGIG_05845
FGIG_07260           -            359 567650at33208        -            214   1.9e-22   78.9  22.4   1   3   3.9e-07   8.5e-05   21.3   0.8    70   109   106   146   102   162 0.78 transcript=FGIG_07260 gene=FGIG_07260
FGIG_07260           -            359 567650at33208        -            214   1.9e-22   78.9  22.4   2   3   2.8e-05     0.006   15.2   0.2    74   116   179   221   172   222 0.83 transcript=FGIG_07260 gene=FGIG_07260
FGIG_07260           -            359 567650at33208        -            214   1.9e-22   78.9  22.4   3   3   2.7e-10   5.9e-08   31.6   1.0    89   167   217   299   214   334 0.84 transcript=FGIG_07260 gene=FGIG_07260
FGIG_06914           -           2595 567650at33208        -            214   1.1e-20   73.2  30.3   1   4    0.0081       1.8    7.2   0.8   141   191  1291  1342  1288  1369 0.64 transcript=FGIG_06914 gene=FGIG_06914
FGIG_06914           -           2595 567650at33208        -            214   1.1e-20   73.2  30.3   2   4   3.7e-12   8.2e-10   37.7   9.5    80   210  1309  1462  1305  1466 0.82 transcript=FGIG_06914 gene=FGIG_06914
FGIG_06914           -           2595 567650at33208        -            214   1.1e-20   73.2  30.3   3   4   1.3e-10   2.9e-08   32.6   7.6    78   185  1478  1601  1458  1601 0.75 transcript=FGIG_06914 gene=FGIG_06914
FGIG_06914           -           2595 567650at33208        -            214   1.1e-20   73.2  30.3   4   4   6.2e-06    0.0014   17.3   0.3    82   125  1576  1622  1571  1650 0.73 transcript=FGIG_06914 gene=FGIG_06914
FGIG_05853           -            608 567650at33208        -            214   6.8e-18   64.1  16.8   1   2   1.8e-15   3.9e-13   48.5   8.1    82   203    56   193    47   198 0.63 transcript=FGIG_05853 gene=FGIG_05853
FGIG_05853           -            608 567650at33208        -            214   6.8e-18   64.1  16.8   2   2   3.6e-05    0.0078   14.9   2.4    80   131   192   246   191   250 0.84 transcript=FGIG_05853 gene=FGIG_05853
FGIG_10158           -            361 567650at33208        -            214     2e-16   59.2   5.8   1   3   0.00014     0.031   12.9   0.1    92   123    31    65    24    70 0.59 transcript=FGIG_10158 gene=FGIG_10158
FGIG_10158           -            361 567650at33208        -            214     2e-16   59.2   5.8   2   3   7.3e-08   1.6e-05   23.6   0.0    71   117   117   164    97   166 0.85 transcript=FGIG_10158 gene=FGIG_10158
FGIG_10158           -            361 567650at33208        -            214     2e-16   59.2   5.8   3   3   5.1e-08   1.1e-05   24.1   0.9    74   117   166   210   161   256 0.87 transcript=FGIG_10158 gene=FGIG_10158
FGIG_00664           -            276 567650at33208        -            214     1e-15   57.0   9.9   1   1   3.9e-15   8.5e-13   47.4   9.9    82   204    59   199    47   211 0.76 transcript=FGIG_00664 gene=FGIG_00664
FGIG_11658           -            352 567650at33208        -            214   3.4e-15   55.3  12.9   1   3   2.1e-07   4.5e-05   22.2   0.7   127   201   157   239   152   241 0.79 transcript=FGIG_11658 gene=FGIG_11658
FGIG_11658           -            352 567650at33208        -            214   3.4e-15   55.3  12.9   2   3   6.6e-08   1.4e-05   23.8   0.0    83   124   290   334   287   335 0.88 transcript=FGIG_11658 gene=FGIG_11658
FGIG_11658           -            352 567650at33208        -            214   3.4e-15   55.3  12.9   3   3   0.00055      0.12   11.0   0.1    92   116   322   346   316   350 0.88 transcript=FGIG_11658 gene=FGIG_11658
FGIG_10741           -            356 567650at33208        -            214   3.5e-13   48.7  28.4   1   4     8e-05     0.017   13.7   3.5   131   201    21    93    14    95 0.73 transcript=FGIG_10741 gene=FGIG_10741
FGIG_10741           -            356 567650at33208        -            214   3.5e-13   48.7  28.4   2   4   3.5e-09   7.7e-07   27.9   6.1    72   159    85   185    77   188 0.47 transcript=FGIG_10741 gene=FGIG_10741
FGIG_10741           -            356 567650at33208        -            214   3.5e-13   48.7  28.4   3   4   3.3e-10   7.2e-08   31.3   8.1    88   202   148   280   144   281 0.78 transcript=FGIG_10741 gene=FGIG_10741
FGIG_10741           -            356 567650at33208        -            214   3.5e-13   48.7  28.4   4   4     0.096        21    3.6   0.1   110   151   267   308   259   347 0.88 transcript=FGIG_10741 gene=FGIG_10741
FGIG_11659           -            246 567650at33208        -            214   9.8e-13   47.2   6.7   1   1   1.1e-12   2.3e-10   39.5   6.9    81   206    78   199    72   205 0.72 transcript=FGIG_11659 gene=FGIG_11659
FGIG_05641           -            250 567650at33208        -            214   2.4e-12   46.0  12.3   1   2    0.0018       0.4    9.3   0.0   144   186    58   102    48   103 0.76 transcript=FGIG_05641 gene=FGIG_05641
FGIG_05641           -            250 567650at33208        -            214   2.4e-12   46.0  12.3   2   2   9.1e-10     2e-07   29.9   9.2    82   188   108   206   103   226 0.62 transcript=FGIG_05641 gene=FGIG_05641
FGIG_10344           -           1490 567650at33208        -            214     5e-12   44.9  58.4   1   5   0.00062      0.13   10.8   9.0    91   187    72   179    46   200 0.55 transcript=FGIG_10344 gene=FGIG_10344
FGIG_10344           -           1490 567650at33208        -            214     5e-12   44.9  58.4   2   5   0.00069      0.15   10.6   3.6   125   191   673   740   653   754 0.82 transcript=FGIG_10344 gene=FGIG_10344
FGIG_10344           -           1490 567650at33208        -            214     5e-12   44.9  58.4   3   5     9e-05      0.02   13.5  13.6    77   203   855   996   841  1008 0.81 transcript=FGIG_10344 gene=FGIG_10344
FGIG_10344           -           1490 567650at33208        -            214     5e-12   44.9  58.4   4   5     0.002      0.44    9.1   0.6   126   169  1076  1121  1074  1139 0.84 transcript=FGIG_10344 gene=FGIG_10344
FGIG_10344           -           1490 567650at33208        -            214     5e-12   44.9  58.4   5   5   5.8e-07   0.00013   20.7   2.1    92   197  1150  1269  1114  1288 0.77 transcript=FGIG_10344 gene=FGIG_10344
FGIG_11238           -            346 567650at33208        -            214   2.8e-11   42.4  26.6   1   2   1.8e-07   3.8e-05   22.4   4.9   127   200    20    95    17    95 0.88 transcript=FGIG_11238 gene=FGIG_11238
FGIG_11238           -            346 567650at33208        -            214   2.8e-11   42.4  26.6   2   2   6.7e-11   1.5e-08   33.6  13.7    87   202    37   163    35   173 0.89 transcript=FGIG_11238 gene=FGIG_11238
FGIG_11614           -            201 567650at33208        -            214   6.4e-11   41.3  12.4   1   1   1.6e-11   3.5e-09   35.6  12.4    76   187    41   172    23   189 0.64 transcript=FGIG_11614 gene=FGIG_11614
FGIG_07659           -            127 567650at33208        -            214   8.5e-11   40.9   0.2   1   2   3.3e-08   7.1e-06   24.8   0.2    80   123     7    53     4    55 0.80 transcript=FGIG_07659 gene=FGIG_07659
FGIG_07659           -            127 567650at33208        -            214   8.5e-11   40.9   0.2   2   2   1.4e-05    0.0031   16.2   0.0   156   186    50    81    45    93 0.51 transcript=FGIG_07659 gene=FGIG_07659
FGIG_02420           -            278 567650at33208        -            214   3.3e-10   39.0  16.8   1   2   2.7e-12   5.9e-10   38.1  15.9    92   211    40   170    22   173 0.91 transcript=FGIG_02420 gene=FGIG_02420
FGIG_02420           -            278 567650at33208        -            214   3.3e-10   39.0  16.8   2   2   0.00052      0.11   11.0   0.5    86   123   144   185   139   199 0.79 transcript=FGIG_02420 gene=FGIG_02420
FGIG_12669           -            415 567650at33208        -            214   3.7e-10   38.8  16.3   1   4       2.4   5.3e+02   -1.0   0.2    96   123    37    69    14    78 0.52 transcript=FGIG_12669 gene=FGIG_12669
FGIG_12669           -            415 567650at33208        -            214   3.7e-10   38.8  16.3   2   4   2.2e-05    0.0047   15.6   3.9   127   181   130   186   101   187 0.70 transcript=FGIG_12669 gene=FGIG_12669
FGIG_12669           -            415 567650at33208        -            214   3.7e-10   38.8  16.3   3   4   1.2e-10   2.6e-08   32.8   3.9    89   164   149   239   144   266 0.79 transcript=FGIG_12669 gene=FGIG_12669
FGIG_12669           -            415 567650at33208        -            214   3.7e-10   38.8  16.3   4   4    0.0012      0.25    9.9   0.1    87   140   268   319   252   325 0.80 transcript=FGIG_12669 gene=FGIG_12669
FGIG_09664           -            701 567650at33208        -            214   2.3e-09   36.2  10.5   1   3   9.5e-06    0.0021   16.7   2.5    86   121    72   110    47   114 0.75 transcript=FGIG_09664 gene=FGIG_09664
FGIG_09664           -            701 567650at33208        -            214   2.3e-09   36.2  10.5   2   3   8.8e-06    0.0019   16.8   0.5    79   116   111   148   105   149 0.87 transcript=FGIG_09664 gene=FGIG_09664
FGIG_09664           -            701 567650at33208        -            214   2.3e-09   36.2  10.5   3   3    0.0023      0.51    8.9   0.2    90   117   145   172   144   176 0.92 transcript=FGIG_09664 gene=FGIG_09664
FGIG_00706           -            349 567650at33208        -            214   7.2e-09   34.6  18.5   1   2   4.4e-07   9.7e-05   21.1  10.6    60   156    21   128     8   131 0.74 transcript=FGIG_00706 gene=FGIG_00706
FGIG_00706           -            349 567650at33208        -            214   7.2e-09   34.6  18.5   2   2   4.1e-05    0.0089   14.7   8.7    86   180    92   208    88   220 0.68 transcript=FGIG_00706 gene=FGIG_00706
FGIG_04332           -            457 567650at33208        -            214   2.1e-08   33.0  10.0   1   1   3.3e-10   7.2e-08   31.3  10.0    69   183    34   141    24   147 0.83 transcript=FGIG_04332 gene=FGIG_04332
FGIG_08878           -            190 567650at33208        -            214   2.7e-08   32.7   8.7   1   1   1.8e-09   3.9e-07   28.9   8.7    80   182    47   140    41   149 0.84 transcript=FGIG_08878 gene=FGIG_08878
FGIG_06084           -            385 567650at33208        -            214   2.8e-08   32.6   0.0   1   2   9.2e-06     0.002   16.8   0.0    72   144   182   258   163   262 0.84 transcript=FGIG_06084 gene=FGIG_06084
FGIG_06084           -            385 567650at33208        -            214   2.8e-08   32.6   0.0   2   2   9.7e-05     0.021   13.4   0.0   151   185   308   343   293   355 0.78 transcript=FGIG_06084 gene=FGIG_06084
FGIG_07287           -            370 567650at33208        -            214   5.3e-08   31.7   8.0   1   3   2.7e-07   5.9e-05   21.8   2.8    92   200    81   206    61   210 0.75 transcript=FGIG_07287 gene=FGIG_07287
FGIG_07287           -            370 567650at33208        -            214   5.3e-08   31.7   8.0   2   3   0.00022     0.049   12.2   0.2    91   149   196   264   192   278 0.48 transcript=FGIG_07287 gene=FGIG_07287
FGIG_07287           -            370 567650at33208        -            214   5.3e-08   31.7   8.0   3   3      0.53   1.2e+02    1.2   0.1    85   105   260   280   251   295 0.81 transcript=FGIG_07287 gene=FGIG_07287
FGIG_04523           -            181 567650at33208        -            214     7e-08   31.3  14.9   1   2   1.1e-06   0.00025   19.8   2.8   131   202     2    75     1    79 0.88 transcript=FGIG_04523 gene=FGIG_04523
FGIG_04523           -            181 567650at33208        -            214     7e-08   31.3  14.9   2   2   5.9e-08   1.3e-05   23.9   4.3    87   182    37   145    33   152 0.80 transcript=FGIG_04523 gene=FGIG_04523
FGIG_11066           -            129 567650at33208        -            214   3.5e-07   29.0   3.2   1   3      0.12        27    3.3   0.1    89   106    29    46    24    49 0.75 transcript=FGIG_11066 gene=FGIG_11066
FGIG_11066           -            129 567650at33208        -            214   3.5e-07   29.0   3.2   2   3   2.7e-05    0.0059   15.3   0.5    89   125    51    90    47    94 0.75 transcript=FGIG_11066 gene=FGIG_11066
FGIG_11066           -            129 567650at33208        -            214   3.5e-07   29.0   3.2   3   3    0.0015      0.33    9.5   0.0    88   113    99   124    90   128 0.87 transcript=FGIG_11066 gene=FGIG_11066
FGIG_12463           -            157 567650at33208        -            214   6.7e-07   28.1   6.5   1   2     0.011       2.5    6.7   0.2   130   171    35    78    29    82 0.77 transcript=FGIG_12463 gene=FGIG_12463
FGIG_12463           -            157 567650at33208        -            214   6.7e-07   28.1   6.5   2   2   3.5e-09   7.6e-07   28.0   3.2    96   186    59   150    57   156 0.87 transcript=FGIG_12463 gene=FGIG_12463
FGIG_02253           -            252 567650at33208        -            214   2.9e-06   26.0   1.8   1   1   2.2e-08   4.8e-06   25.3   1.8   128   206    99   185    72   192 0.87 transcript=FGIG_02253 gene=FGIG_02253
FGIG_11121           -            159 567650at33208        -            214   3.7e-06   25.7   4.0   1   2   1.1e-06   0.00024   19.8   0.4    78   116    16    54     3    55 0.93 transcript=FGIG_11121 gene=FGIG_11121
FGIG_11121           -            159 567650at33208        -            214   3.7e-06   25.7   4.0   2   2   3.5e-05    0.0076   14.9   0.9    86   119    47    80    46   142 0.72 transcript=FGIG_11121 gene=FGIG_11121
FGIG_04143           -            994 567650at33208        -            214   4.7e-06   25.4   3.8   1   4     4e-05    0.0088   14.7   0.0    88   167    89   180    59   191 0.77 transcript=FGIG_04143 gene=FGIG_04143
FGIG_04143           -            994 567650at33208        -            214   4.7e-06   25.4   3.8   2   4   0.00014      0.03   12.9   0.3    90   163   159   236   153   238 0.82 transcript=FGIG_04143 gene=FGIG_04143
FGIG_04143           -            994 567650at33208        -            214   4.7e-06   25.4   3.8   3   4    0.0082       1.8    7.1   0.5    92   183   196   234   188   260 0.53 transcript=FGIG_04143 gene=FGIG_04143
FGIG_04143           -            994 567650at33208        -            214   4.7e-06   25.4   3.8   4   4      0.79   1.7e+02    0.6   0.0    92   124   465   502   438   506 0.73 transcript=FGIG_04143 gene=FGIG_04143
FGIG_11538           -            266 567650at33208        -            214     5e-06   25.3   3.4   1   1   5.9e-08   1.3e-05   23.9   3.2    89   191    24   140    15   157 0.77 transcript=FGIG_11538 gene=FGIG_11538
FGIG_08558           -            226 567650at33208        -            214   1.6e-05   23.6   3.2   1   1     2e-06   0.00045   18.9   0.8   151   185    78   113    69   121 0.67 transcript=FGIG_08558 gene=FGIG_08558
FGIG_04504           -            752 567650at33208        -            214   2.6e-05   23.0   2.2   1   2    0.0039      0.85    8.2   0.5    82   133   232   287   208   293 0.77 transcript=FGIG_04504 gene=FGIG_04504
FGIG_04504           -            752 567650at33208        -            214   2.6e-05   23.0   2.2   2   2   8.8e-05     0.019   13.6   0.0    92   150   301   364   293   393 0.77 transcript=FGIG_04504 gene=FGIG_04504
FGIG_10819           -            777 567650at33208        -            214     3e-05   22.8  17.6   1   5       1.9   4.1e+02   -0.6   0.5    83   122    98   141    82   146 0.64 transcript=FGIG_10819 gene=FGIG_10819
FGIG_10819           -            777 567650at33208        -            214     3e-05   22.8  17.6   2   5   9.9e-05     0.022   13.4   0.3    67   143   154   247   151   270 0.69 transcript=FGIG_10819 gene=FGIG_10819
FGIG_10819           -            777 567650at33208        -            214     3e-05   22.8  17.6   3   5   0.00074      0.16   10.5   5.5    92   185   207   325   204   326 0.66 transcript=FGIG_10819 gene=FGIG_10819
FGIG_10819           -            777 567650at33208        -            214     3e-05   22.8  17.6   4   5   0.00038     0.084   11.5   3.1    86   125   304   347   284   348 0.77 transcript=FGIG_10819 gene=FGIG_10819
FGIG_10819           -            777 567650at33208        -            214     3e-05   22.8  17.6   5   5    0.0019      0.41    9.2   0.3    90   145   332   383   328   390 0.87 transcript=FGIG_10819 gene=FGIG_10819
FGIG_05500           -            762 567650at33208        -            214   3.1e-05   22.7   1.3   1   2   6.4e-05     0.014   14.0   0.9    74   200   101   226    80   228 0.55 transcript=FGIG_05500 gene=FGIG_05500
FGIG_05500           -            762 567650at33208        -            214   3.1e-05   22.7   1.3   2   2       5.6   1.2e+03   -2.1   0.0    77   109   596   628   590   630 0.83 transcript=FGIG_05500 gene=FGIG_05500
FGIG_05745           -            819 567650at33208        -            214   4.6e-05   22.1   6.1   1   2      0.42        92    1.5   0.1   156   184    39    66    27    70 0.56 transcript=FGIG_05745 gene=FGIG_05745
FGIG_05745           -            819 567650at33208        -            214   4.6e-05   22.1   6.1   2   2   4.9e-06    0.0011   17.7   6.1    84   202    68   191    36   195 0.61 transcript=FGIG_05745 gene=FGIG_05745
FGIG_08158           -            222 567650at33208        -            214   0.00023   19.9   9.1   1   1   5.1e-06    0.0011   17.6   8.2    80   159    72   161    60   164 0.81 transcript=FGIG_08158 gene=FGIG_08158
FGIG_08446           -            573 567650at33208        -            214   0.00023   19.9   1.2   1   1   3.9e-06   0.00086   18.0   1.2   129   202   465   544   462   555 0.62 transcript=FGIG_08446 gene=FGIG_08446
FGIG_05539           -           1106 567650at33208        -            214   0.00052   18.7  11.8   1   3      0.01       2.2    6.8   2.4   113   203   323   412   314   418 0.75 transcript=FGIG_05539 gene=FGIG_05539
FGIG_05539           -           1106 567650at33208        -            214   0.00052   18.7  11.8   2   3   1.3e-05    0.0028   16.3   0.3    82   124   499   545   484   548 0.85 transcript=FGIG_05539 gene=FGIG_05539
FGIG_05539           -           1106 567650at33208        -            214   0.00052   18.7  11.8   3   3       4.8   1.1e+03   -1.9   0.0   126   143   566   583   563   592 0.63 transcript=FGIG_05539 gene=FGIG_05539
FGIG_04138           -           1418 567650at33208        -            214   0.00057   18.6   0.2   1   1   6.5e-06    0.0014   17.3   0.0    93   189    61   174    59   196 0.66 transcript=FGIG_04138 gene=FGIG_04138
FGIG_09660           -            727 567650at33208        -            214    0.0006   18.5   1.8   1   1   4.9e-06    0.0011   17.7   1.8   101   191    63   161    56   180 0.71 transcript=FGIG_09660 gene=FGIG_09660
FGIG_05718           -            292 567650at33208        -            214   0.00086   18.0   2.4   1   1   8.1e-06    0.0018   17.0   2.3    91   151    43   113    17   126 0.56 transcript=FGIG_05718 gene=FGIG_05718
FGIG_10709           -            813 567650at33208        -            214   0.00088   17.9   7.0   1   1   0.00014      0.03   12.9   6.8    64   201    91   259    87   261 0.73 transcript=FGIG_10709 gene=FGIG_10709
FGIG_02580           -            165 567650at33208        -            214    0.0011   17.6   2.0   1   1   8.3e-05     0.018   13.7   0.6    39   108    92   164    87   165 0.79 transcript=FGIG_02580 gene=FGIG_02580
FGIG_09831           -            131 567650at33208        -            214    0.0012   17.6   3.8   1   1   7.3e-06    0.0016   17.1   3.8   128   209     2    90     1    95 0.82 transcript=FGIG_09831 gene=FGIG_09831
FGIG_09644           -            307 567650at33208        -            214    0.0016   17.1   9.9   1   1   2.6e-05    0.0058   15.3   9.9    96   200    59   177    55   182 0.75 transcript=FGIG_09644 gene=FGIG_09644
FGIG_07794           -           1605 567650at33208        -            214    0.0017   17.0   0.1   1   1   1.5e-05    0.0032   16.1   0.1   149   198   585   636   561   647 0.80 transcript=FGIG_07794 gene=FGIG_07794
FGIG_07027           -            377 567650at33208        -            214    0.0019   16.9   4.0   1   4   8.6e-06    0.0019   16.9   4.0    93   157    14    86     8    92 0.81 transcript=FGIG_07027 gene=FGIG_07027
FGIG_07027           -            377 567650at33208        -            214    0.0019   16.9   4.0   2   4       1.5   3.3e+02   -0.3   0.1   111   123   184   196   179   202 0.60 transcript=FGIG_07027 gene=FGIG_07027
FGIG_07027           -            377 567650at33208        -            214    0.0019   16.9   4.0   3   4       3.7     8e+02   -1.5   0.0    89   106   215   232   209   239 0.73 transcript=FGIG_07027 gene=FGIG_07027
FGIG_07027           -            377 567650at33208        -            214    0.0019   16.9   4.0   4   4      0.35        77    1.8   0.1    90   118   276   308   251   344 0.73 transcript=FGIG_07027 gene=FGIG_07027
FGIG_01840           -            755 567650at33208        -            214    0.0023   16.6   4.6   1   2   1.2e-05    0.0026   16.4   1.7   128   205   217   306   212   315 0.76 transcript=FGIG_01840 gene=FGIG_01840
FGIG_01840           -            755 567650at33208        -            214    0.0023   16.6   4.6   2   2     0.002      0.45    9.1   2.5    91   129   267   309   264   370 0.72 transcript=FGIG_01840 gene=FGIG_01840
FGIG_04844           -            707 567650at33208        -            214    0.0076   14.9   0.0   1   1   6.1e-05     0.013   14.1   0.0     6    51    71   116    69   128 0.92 transcript=FGIG_04844 gene=FGIG_04844
FGIG_04892           -            780 567650at33208        -            214     0.011   14.4   3.1   1   1   0.00062      0.14   10.8   3.2    75   180   105   233    96   240 0.52 transcript=FGIG_04892 gene=FGIG_04892
FGIG_03607           -           1073 567650at33208        -            214     0.016   13.8   3.0   1   2     0.014         3    6.4   1.9    63   124    89   156    82   192 0.61 transcript=FGIG_03607 gene=FGIG_03607
FGIG_03607           -           1073 567650at33208        -            214     0.016   13.8   3.0   2   2     0.039       8.5    4.9   0.0    88   111   223   246   208   274 0.71 transcript=FGIG_03607 gene=FGIG_03607
FGIG_09491           -           1122 567650at33208        -            214      0.05   12.2   1.9   1   3       2.4   5.2e+02   -0.9   0.0    89   111   821   844   818   871 0.78 transcript=FGIG_09491 gene=FGIG_09491
FGIG_09491           -           1122 567650at33208        -            214      0.05   12.2   1.9   2   3   0.00061      0.13   10.8   0.3   118   156   893   931   855   958 0.84 transcript=FGIG_09491 gene=FGIG_09491
FGIG_09491           -           1122 567650at33208        -            214      0.05   12.2   1.9   3   3       8.8   1.9e+03   -2.8   0.0   110   127   987  1005   982  1020 0.57 transcript=FGIG_09491 gene=FGIG_09491
FGIG_06092           -            176 567650at33208        -            214      0.12   10.9   3.4   1   1     0.003      0.65    8.6   3.3    95   160    61   122    57   135 0.68 transcript=FGIG_06092 gene=FGIG_06092
FGIG_08594           -            426 567650at33208        -            214      0.66    8.5  19.0   1   2     0.047        10    4.6  11.9    80   159   152   224   145   252 0.82 transcript=FGIG_08594 gene=FGIG_08594
FGIG_08594           -            426 567650at33208        -            214      0.66    8.5  19.0   2   2     0.073        16    4.0   0.6    92   126   304   346   294   378 0.57 transcript=FGIG_08594 gene=FGIG_08594
#
# Program:         hmmsearch
# Version:         3.4 (Aug 2023)
# Pipeline mode:   SEARCH
# Query file:      /users/40483456/busco_datasets/busco_downloads/lineages/metazoa_odb10/hmms/567650at33208.hmm
# Target file:     /users/40483456/protein/fasciola_gigantica.fa
# Option settings: hmmsearch --domtblout /users/40483456/busco/results_pro/fasciola_gigantica_busco/run_metazoa_odb10/hmmer_output/initial_run_results/567650at33208.out --cpu 1 /users/40483456/busco_datasets/busco_downloads/lineages/metazoa_odb10/hmms/567650at33208.hmm /users/40483456/protein/fasciola_gigantica.fa 
# Current dir:     /users/40483456
# Date:            Thu Jan 15 17:41:15 2026
# [ok]
